
Linux 2.6.32-431.el6.x86_64 (slave2) 	2019年07月24日 	_x86_64_	(8 CPU)

04时56分35秒  CPU    %usr   %nice    %sys %iowait    %irq   %soft  %steal  %guest   %idle
04时56分36秒  all    0.25    0.00    0.13    0.00    0.00    0.00    0.00    0.00   99.62
平均时间:  all    0.25    0.00    0.13    0.00    0.00    0.00    0.00    0.00   99.62

Linux 2.6.32-431.el6.x86_64 (slave2) 	2019年07月24日 	_x86_64_	(8 CPU)

04时56分39秒  CPU    %usr   %nice    %sys %iowait    %irq   %soft  %steal  %guest   %idle
04时56分40秒  all    0.00    0.00    0.00    0.00    0.00    0.00    0.00    0.00  100.00
平均时间:  all    0.00    0.00    0.00    0.00    0.00    0.00    0.00    0.00  100.00

Linux 2.6.32-431.el6.x86_64 (slave2) 	2019年07月24日 	_x86_64_	(8 CPU)

04时56分43秒  CPU    %usr   %nice    %sys %iowait    %irq   %soft  %steal  %guest   %idle
04时56分44秒  all    0.00    0.00    0.00    0.00    0.00    0.00    0.00    0.00  100.00
平均时间:  all    0.00    0.00    0.00    0.00    0.00    0.00    0.00    0.00  100.00

Linux 2.6.32-431.el6.x86_64 (slave2) 	2019年07月24日 	_x86_64_	(8 CPU)

04时56分47秒  CPU    %usr   %nice    %sys %iowait    %irq   %soft  %steal  %guest   %idle
04时56分48秒  all    0.00    0.00    0.00    0.00    0.00    0.00    0.00    0.00  100.00
平均时间:  all    0.00    0.00    0.00    0.00    0.00    0.00    0.00    0.00  100.00

Linux 2.6.32-431.el6.x86_64 (slave2) 	2019年07月24日 	_x86_64_	(8 CPU)

04时56分51秒  CPU    %usr   %nice    %sys %iowait    %irq   %soft  %steal  %guest   %idle
04时56分52秒  all    0.26    0.00    3.08    0.00    0.00    1.15    0.00    0.00   95.51
平均时间:  all    0.26    0.00    3.08    0.00    0.00    1.15    0.00    0.00   95.51

Linux 2.6.32-431.el6.x86_64 (slave2) 	2019年07月24日 	_x86_64_	(8 CPU)

04时56分55秒  CPU    %usr   %nice    %sys %iowait    %irq   %soft  %steal  %guest   %idle
04时56分56秒  all    6.86    0.00   10.90    0.00    0.27    4.44    0.00    0.00   77.52
平均时间:  all    6.86    0.00   10.90    0.00    0.27    4.44    0.00    0.00   77.52

Linux 2.6.32-431.el6.x86_64 (slave2) 	2019年07月24日 	_x86_64_	(8 CPU)

04时56分59秒  CPU    %usr   %nice    %sys %iowait    %irq   %soft  %steal  %guest   %idle
04时57分00秒  all   36.06    0.00   15.72    0.00    0.40    6.61    0.00    0.00   41.22
平均时间:  all   36.06    0.00   15.72    0.00    0.40    6.61    0.00    0.00   41.22

Linux 2.6.32-431.el6.x86_64 (slave2) 	2019年07月24日 	_x86_64_	(8 CPU)

04时57分03秒  CPU    %usr   %nice    %sys %iowait    %irq   %soft  %steal  %guest   %idle
04时57分04秒  all   71.34    0.00   19.52    0.00    0.13    8.76    0.00    0.00    0.25
平均时间:  all   71.34    0.00   19.52    0.00    0.13    8.76    0.00    0.00    0.25

Linux 2.6.32-431.el6.x86_64 (slave2) 	2019年07月24日 	_x86_64_	(8 CPU)

04时57分07秒  CPU    %usr   %nice    %sys %iowait    %irq   %soft  %steal  %guest   %idle
04时57分08秒  all   80.22    0.00   14.46    0.00    0.25    5.07    0.00    0.00    0.00
平均时间:  all   80.22    0.00   14.46    0.00    0.25    5.07    0.00    0.00    0.00

Linux 2.6.32-431.el6.x86_64 (slave2) 	2019年07月24日 	_x86_64_	(8 CPU)

04时57分11秒  CPU    %usr   %nice    %sys %iowait    %irq   %soft  %steal  %guest   %idle
04时57分12秒  all   78.77    0.00   12.44    0.00    0.25    8.42    0.00    0.00    0.13
平均时间:  all   78.77    0.00   12.44    0.00    0.25    8.42    0.00    0.00    0.13

Linux 2.6.32-431.el6.x86_64 (slave2) 	2019年07月24日 	_x86_64_	(8 CPU)

04时57分15秒  CPU    %usr   %nice    %sys %iowait    %irq   %soft  %steal  %guest   %idle
04时57分16秒  all   79.62    0.00   14.84    0.00    0.13    5.41    0.00    0.00    0.00
平均时间:  all   79.62    0.00   14.84    0.00    0.13    5.41    0.00    0.00    0.00

Linux 2.6.32-431.el6.x86_64 (slave2) 	2019年07月24日 	_x86_64_	(8 CPU)

04时57分20秒  CPU    %usr   %nice    %sys %iowait    %irq   %soft  %steal  %guest   %idle
04时57分21秒  all   94.76    0.00    5.24    0.00    0.00    0.00    0.00    0.00    0.00
平均时间:  all   94.76    0.00    5.24    0.00    0.00    0.00    0.00    0.00    0.00

Linux 2.6.32-431.el6.x86_64 (slave2) 	2019年07月24日 	_x86_64_	(8 CPU)

04时57分24秒  CPU    %usr   %nice    %sys %iowait    %irq   %soft  %steal  %guest   %idle
04时57分25秒  all   84.25    0.00   15.12    0.00    0.00    0.50    0.00    0.00    0.12
平均时间:  all   84.25    0.00   15.12    0.00    0.00    0.50    0.00    0.00    0.12

Linux 2.6.32-431.el6.x86_64 (slave2) 	2019年07月24日 	_x86_64_	(8 CPU)

04时57分28秒  CPU    %usr   %nice    %sys %iowait    %irq   %soft  %steal  %guest   %idle
04时57分29秒  all   24.52    0.00    6.93    0.00    0.00    0.00    0.00    0.00   68.55
平均时间:  all   24.52    0.00    6.93    0.00    0.00    0.00    0.00    0.00   68.55

Linux 2.6.32-431.el6.x86_64 (slave2) 	2019年07月24日 	_x86_64_	(8 CPU)

04时57分32秒  CPU    %usr   %nice    %sys %iowait    %irq   %soft  %steal  %guest   %idle
04时57分33秒  all   45.71    0.00    7.68    0.00    0.00    0.00    0.00    0.00   46.61
平均时间:  all   45.71    0.00    7.68    0.00    0.00    0.00    0.00    0.00   46.61

Linux 2.6.32-431.el6.x86_64 (slave2) 	2019年07月24日 	_x86_64_	(8 CPU)

04时57分36秒  CPU    %usr   %nice    %sys %iowait    %irq   %soft  %steal  %guest   %idle
04时57分37秒  all   54.74    0.00    7.31    0.00    0.00    0.00    0.00    0.00   37.95
平均时间:  all   54.74    0.00    7.31    0.00    0.00    0.00    0.00    0.00   37.95

Linux 2.6.32-431.el6.x86_64 (slave2) 	2019年07月24日 	_x86_64_	(8 CPU)

04时57分40秒  CPU    %usr   %nice    %sys %iowait    %irq   %soft  %steal  %guest   %idle
04时57分41秒  all   72.24    0.00    8.11    0.00    0.00    0.00    0.00    0.00   19.65
平均时间:  all   72.24    0.00    8.11    0.00    0.00    0.00    0.00    0.00   19.65

Linux 2.6.32-431.el6.x86_64 (slave2) 	2019年07月24日 	_x86_64_	(8 CPU)

04时57分44秒  CPU    %usr   %nice    %sys %iowait    %irq   %soft  %steal  %guest   %idle
04时57分45秒  all   67.81    0.00    5.58    0.00    0.00    0.13    0.00    0.00   26.49
平均时间:  all   67.81    0.00    5.58    0.00    0.00    0.13    0.00    0.00   26.49

Linux 2.6.32-431.el6.x86_64 (slave2) 	2019年07月24日 	_x86_64_	(8 CPU)

04时57分48秒  CPU    %usr   %nice    %sys %iowait    %irq   %soft  %steal  %guest   %idle
04时57分49秒  all   69.09    0.00   10.22    0.00    0.00    0.00    0.00    0.00   20.69
平均时间:  all   69.09    0.00   10.22    0.00    0.00    0.00    0.00    0.00   20.69

Linux 2.6.32-431.el6.x86_64 (slave2) 	2019年07月24日 	_x86_64_	(8 CPU)

04时57分52秒  CPU    %usr   %nice    %sys %iowait    %irq   %soft  %steal  %guest   %idle
04时57分53秒  all   80.00    0.00    7.72    0.00    0.00    0.13    0.00    0.00   12.15
平均时间:  all   80.00    0.00    7.72    0.00    0.00    0.13    0.00    0.00   12.15

Linux 2.6.32-431.el6.x86_64 (slave2) 	2019年07月24日 	_x86_64_	(8 CPU)

04时57分56秒  CPU    %usr   %nice    %sys %iowait    %irq   %soft  %steal  %guest   %idle
04时57分57秒  all   90.97    0.00    7.78    0.00    0.00    0.13    0.00    0.00    1.13
平均时间:  all   90.97    0.00    7.78    0.00    0.00    0.13    0.00    0.00    1.13

Linux 2.6.32-431.el6.x86_64 (slave2) 	2019年07月24日 	_x86_64_	(8 CPU)

04时58分00秒  CPU    %usr   %nice    %sys %iowait    %irq   %soft  %steal  %guest   %idle
04时58分01秒  all   65.90    0.00   13.28    0.00    0.00    0.26    0.00    0.00   20.56
平均时间:  all   65.90    0.00   13.28    0.00    0.00    0.26    0.00    0.00   20.56

Linux 2.6.32-431.el6.x86_64 (slave2) 	2019年07月24日 	_x86_64_	(8 CPU)

04时58分04秒  CPU    %usr   %nice    %sys %iowait    %irq   %soft  %steal  %guest   %idle
04时58分05秒  all   70.25    0.00    7.09    0.00    0.13    0.13    0.00    0.00   22.41
平均时间:  all   70.25    0.00    7.09    0.00    0.13    0.13    0.00    0.00   22.41

Linux 2.6.32-431.el6.x86_64 (slave2) 	2019年07月24日 	_x86_64_	(8 CPU)

04时58分08秒  CPU    %usr   %nice    %sys %iowait    %irq   %soft  %steal  %guest   %idle
04时58分09秒  all   65.31    0.00   14.54    0.00    0.13    1.28    0.00    0.00   18.75
平均时间:  all   65.31    0.00   14.54    0.00    0.13    1.28    0.00    0.00   18.75

Linux 2.6.32-431.el6.x86_64 (slave2) 	2019年07月24日 	_x86_64_	(8 CPU)

04时58分12秒  CPU    %usr   %nice    %sys %iowait    %irq   %soft  %steal  %guest   %idle
04时58分13秒  all   71.16    0.00    7.37    0.00    0.13    0.25    0.00    0.00   21.09
平均时间:  all   71.16    0.00    7.37    0.00    0.13    0.25    0.00    0.00   21.09

Linux 2.6.32-431.el6.x86_64 (slave2) 	2019年07月24日 	_x86_64_	(8 CPU)

04时58分16秒  CPU    %usr   %nice    %sys %iowait    %irq   %soft  %steal  %guest   %idle
04时58分17秒  all   60.18    0.00   15.49    0.00    0.00    1.79    0.00    0.00   22.54
平均时间:  all   60.18    0.00   15.49    0.00    0.00    1.79    0.00    0.00   22.54

Linux 2.6.32-431.el6.x86_64 (slave2) 	2019年07月24日 	_x86_64_	(8 CPU)

04时58分20秒  CPU    %usr   %nice    %sys %iowait    %irq   %soft  %steal  %guest   %idle
04时58分21秒  all   42.21    0.00    5.79    0.00    0.00    0.51    0.00    0.00   51.48
平均时间:  all   42.21    0.00    5.79    0.00    0.00    0.51    0.00    0.00   51.48

Linux 2.6.32-431.el6.x86_64 (slave2) 	2019年07月24日 	_x86_64_	(8 CPU)

04时58分24秒  CPU    %usr   %nice    %sys %iowait    %irq   %soft  %steal  %guest   %idle
04时58分25秒  all   82.55    0.00    5.82    0.00    0.00    0.25    0.00    0.00   11.38
平均时间:  all   82.55    0.00    5.82    0.00    0.00    0.25    0.00    0.00   11.38

Linux 2.6.32-431.el6.x86_64 (slave2) 	2019年07月24日 	_x86_64_	(8 CPU)

04时58分28秒  CPU    %usr   %nice    %sys %iowait    %irq   %soft  %steal  %guest   %idle
04时58分29秒  all   69.17    0.00   12.99    0.00    0.00    0.76    0.00    0.00   17.07
平均时间:  all   69.17    0.00   12.99    0.00    0.00    0.76    0.00    0.00   17.07

Linux 2.6.32-431.el6.x86_64 (slave2) 	2019年07月24日 	_x86_64_	(8 CPU)

04时58分32秒  CPU    %usr   %nice    %sys %iowait    %irq   %soft  %steal  %guest   %idle
04时58分33秒  all   83.54    0.00   10.25    0.00    0.00    0.89    0.00    0.00    5.32
平均时间:  all   83.54    0.00   10.25    0.00    0.00    0.89    0.00    0.00    5.32

Linux 2.6.32-431.el6.x86_64 (slave2) 	2019年07月24日 	_x86_64_	(8 CPU)

04时58分36秒  CPU    %usr   %nice    %sys %iowait    %irq   %soft  %steal  %guest   %idle
04时58分37秒  all   84.30    0.00   12.03    0.00    0.13    3.42    0.00    0.00    0.13
平均时间:  all   84.30    0.00   12.03    0.00    0.13    3.42    0.00    0.00    0.13

Linux 2.6.32-431.el6.x86_64 (slave2) 	2019年07月24日 	_x86_64_	(8 CPU)

04时58分40秒  CPU    %usr   %nice    %sys %iowait    %irq   %soft  %steal  %guest   %idle
04时58分41秒  all   62.94    0.00   20.69    0.00    0.38   15.99    0.00    0.00    0.00
平均时间:  all   62.94    0.00   20.69    0.00    0.38   15.99    0.00    0.00    0.00

Linux 2.6.32-431.el6.x86_64 (slave2) 	2019年07月24日 	_x86_64_	(8 CPU)

04时58分44秒  CPU    %usr   %nice    %sys %iowait    %irq   %soft  %steal  %guest   %idle
04时58分45秒  all   71.85    0.00   17.71    0.00    0.25   10.19    0.00    0.00    0.00
平均时间:  all   71.85    0.00   17.71    0.00    0.25   10.19    0.00    0.00    0.00

Linux 2.6.32-431.el6.x86_64 (slave2) 	2019年07月24日 	_x86_64_	(8 CPU)

04时58分48秒  CPU    %usr   %nice    %sys %iowait    %irq   %soft  %steal  %guest   %idle
04时58分49秒  all   64.59    0.00   19.62    0.00    0.38   15.41    0.00    0.00    0.00
平均时间:  all   64.59    0.00   19.62    0.00    0.38   15.41    0.00    0.00    0.00

Linux 2.6.32-431.el6.x86_64 (slave2) 	2019年07月24日 	_x86_64_	(8 CPU)

04时58分52秒  CPU    %usr   %nice    %sys %iowait    %irq   %soft  %steal  %guest   %idle
04时58分53秒  all   73.33    0.00   16.54    0.00    0.38    9.10    0.00    0.00    0.64
平均时间:  all   73.33    0.00   16.54    0.00    0.38    9.10    0.00    0.00    0.64

Linux 2.6.32-431.el6.x86_64 (slave2) 	2019年07月24日 	_x86_64_	(8 CPU)

04时58分56秒  CPU    %usr   %nice    %sys %iowait    %irq   %soft  %steal  %guest   %idle
04时58分57秒  all   67.40    0.00    9.87    0.00    0.00    4.16    0.00    0.00   18.57
平均时间:  all   67.40    0.00    9.87    0.00    0.00    4.16    0.00    0.00   18.57

Linux 2.6.32-431.el6.x86_64 (slave2) 	2019年07月24日 	_x86_64_	(8 CPU)

04时59分00秒  CPU    %usr   %nice    %sys %iowait    %irq   %soft  %steal  %guest   %idle
04时59分01秒  all   92.12    0.00    7.13    0.00    0.00    0.50    0.00    0.00    0.25
平均时间:  all   92.12    0.00    7.13    0.00    0.00    0.50    0.00    0.00    0.25

Linux 2.6.32-431.el6.x86_64 (slave2) 	2019年07月24日 	_x86_64_	(8 CPU)

04时59分04秒  CPU    %usr   %nice    %sys %iowait    %irq   %soft  %steal  %guest   %idle
04时59分05秒  all   81.23    0.00    8.94    3.27    0.00    0.76    0.00    0.00    5.79
平均时间:  all   81.23    0.00    8.94    3.27    0.00    0.76    0.00    0.00    5.79

Linux 2.6.32-431.el6.x86_64 (slave2) 	2019年07月24日 	_x86_64_	(8 CPU)

04时59分08秒  CPU    %usr   %nice    %sys %iowait    %irq   %soft  %steal  %guest   %idle
04时59分09秒  all   90.30    0.00    7.93    0.00    0.00    1.26    0.00    0.00    0.50
平均时间:  all   90.30    0.00    7.93    0.00    0.00    1.26    0.00    0.00    0.50

Linux 2.6.32-431.el6.x86_64 (slave2) 	2019年07月24日 	_x86_64_	(8 CPU)

04时59分12秒  CPU    %usr   %nice    %sys %iowait    %irq   %soft  %steal  %guest   %idle
04时59分13秒  all   83.94    0.00    8.60    0.00    0.00    1.01    0.00    0.00    6.45
平均时间:  all   83.94    0.00    8.60    0.00    0.00    1.01    0.00    0.00    6.45

Linux 2.6.32-431.el6.x86_64 (slave2) 	2019年07月24日 	_x86_64_	(8 CPU)

04时59分16秒  CPU    %usr   %nice    %sys %iowait    %irq   %soft  %steal  %guest   %idle
04时59分17秒  all   85.14    0.00   10.83    0.00    0.13    2.64    0.00    0.00    1.26
平均时间:  all   85.14    0.00   10.83    0.00    0.13    2.64    0.00    0.00    1.26

Linux 2.6.32-431.el6.x86_64 (slave2) 	2019年07月24日 	_x86_64_	(8 CPU)

04时59分20秒  CPU    %usr   %nice    %sys %iowait    %irq   %soft  %steal  %guest   %idle
04时59分21秒  all   86.14    0.00   12.11    0.00    0.00    1.37    0.00    0.00    0.37
平均时间:  all   86.14    0.00   12.11    0.00    0.00    1.37    0.00    0.00    0.37

Linux 2.6.32-431.el6.x86_64 (slave2) 	2019年07月24日 	_x86_64_	(8 CPU)

04时59分25秒  CPU    %usr   %nice    %sys %iowait    %irq   %soft  %steal  %guest   %idle
04时59分26秒  all   81.28    0.00    9.92    0.00    0.00    0.38    0.00    0.00    8.42
平均时间:  all   81.28    0.00    9.92    0.00    0.00    0.38    0.00    0.00    8.42

Linux 2.6.32-431.el6.x86_64 (slave2) 	2019年07月24日 	_x86_64_	(8 CPU)

04时59分29秒  CPU    %usr   %nice    %sys %iowait    %irq   %soft  %steal  %guest   %idle
04时59分30秒  all   89.08    0.00    8.78    0.00    0.00    0.00    0.00    0.00    2.13
平均时间:  all   89.08    0.00    8.78    0.00    0.00    0.00    0.00    0.00    2.13

Linux 2.6.32-431.el6.x86_64 (slave2) 	2019年07月24日 	_x86_64_	(8 CPU)

04时59分33秒  CPU    %usr   %nice    %sys %iowait    %irq   %soft  %steal  %guest   %idle
04时59分34秒  all   76.82    0.00   10.24    0.00    0.00    0.00    0.00    0.00   12.93
平均时间:  all   76.82    0.00   10.24    0.00    0.00    0.00    0.00    0.00   12.93

Linux 2.6.32-431.el6.x86_64 (slave2) 	2019年07月24日 	_x86_64_	(8 CPU)

04时59分37秒  CPU    %usr   %nice    %sys %iowait    %irq   %soft  %steal  %guest   %idle
04时59分38秒  all   35.91    0.00    6.69    0.00    0.00    0.00    0.00    0.00   57.40
平均时间:  all   35.91    0.00    6.69    0.00    0.00    0.00    0.00    0.00   57.40

Linux 2.6.32-431.el6.x86_64 (slave2) 	2019年07月24日 	_x86_64_	(8 CPU)

04时59分41秒  CPU    %usr   %nice    %sys %iowait    %irq   %soft  %steal  %guest   %idle
04时59分42秒  all   52.89    0.00    7.57    0.00    0.00    0.13    0.00    0.00   39.41
平均时间:  all   52.89    0.00    7.57    0.00    0.00    0.13    0.00    0.00   39.41

Linux 2.6.32-431.el6.x86_64 (slave2) 	2019年07月24日 	_x86_64_	(8 CPU)

04时59分45秒  CPU    %usr   %nice    %sys %iowait    %irq   %soft  %steal  %guest   %idle
04时59分46秒  all   63.38    0.00   12.42    0.00    0.13    0.13    0.00    0.00   23.94
平均时间:  all   63.38    0.00   12.42    0.00    0.13    0.13    0.00    0.00   23.94

Linux 2.6.32-431.el6.x86_64 (slave2) 	2019年07月24日 	_x86_64_	(8 CPU)

04时59分49秒  CPU    %usr   %nice    %sys %iowait    %irq   %soft  %steal  %guest   %idle
04时59分50秒  all   62.77    0.00    7.50    0.00    0.00    0.13    0.00    0.00   29.61
平均时间:  all   62.77    0.00    7.50    0.00    0.00    0.13    0.00    0.00   29.61

Linux 2.6.32-431.el6.x86_64 (slave2) 	2019年07月24日 	_x86_64_	(8 CPU)

04时59分53秒  CPU    %usr   %nice    %sys %iowait    %irq   %soft  %steal  %guest   %idle
04时59分54秒  all   80.78    0.00    6.95    0.00    0.00    0.00    0.00    0.00   12.26
平均时间:  all   80.78    0.00    6.95    0.00    0.00    0.00    0.00    0.00   12.26

Linux 2.6.32-431.el6.x86_64 (slave2) 	2019年07月24日 	_x86_64_	(8 CPU)

04时59分57秒  CPU    %usr   %nice    %sys %iowait    %irq   %soft  %steal  %guest   %idle
04时59分58秒  all   45.81    0.00   15.87    0.00    0.00    2.71    0.00    0.00   35.61
平均时间:  all   45.81    0.00   15.87    0.00    0.00    2.71    0.00    0.00   35.61

Linux 2.6.32-431.el6.x86_64 (slave2) 	2019年07月24日 	_x86_64_	(8 CPU)

05时00分01秒  CPU    %usr   %nice    %sys %iowait    %irq   %soft  %steal  %guest   %idle
05时00分02秒  all   39.44    0.00    5.09    0.13    0.00    0.00    0.00    0.00   55.34
平均时间:  all   39.44    0.00    5.09    0.13    0.00    0.00    0.00    0.00   55.34

Linux 2.6.32-431.el6.x86_64 (slave2) 	2019年07月24日 	_x86_64_	(8 CPU)

05时00分05秒  CPU    %usr   %nice    %sys %iowait    %irq   %soft  %steal  %guest   %idle
05时00分06秒  all   79.62    0.00   13.21    0.00    0.00    0.13    0.00    0.00    7.04
平均时间:  all   79.62    0.00   13.21    0.00    0.00    0.13    0.00    0.00    7.04

Linux 2.6.32-431.el6.x86_64 (slave2) 	2019年07月24日 	_x86_64_	(8 CPU)

05时00分09秒  CPU    %usr   %nice    %sys %iowait    %irq   %soft  %steal  %guest   %idle
05时00分10秒  all   89.44    0.00    8.32    0.00    0.00    1.12    0.00    0.00    1.12
平均时间:  all   89.44    0.00    8.32    0.00    0.00    1.12    0.00    0.00    1.12

Linux 2.6.32-431.el6.x86_64 (slave2) 	2019年07月24日 	_x86_64_	(8 CPU)

05时00分14秒  CPU    %usr   %nice    %sys %iowait    %irq   %soft  %steal  %guest   %idle
05时00分15秒  all   91.26    0.00    8.61    0.00    0.00    0.12    0.00    0.00    0.00
平均时间:  all   91.26    0.00    8.61    0.00    0.00    0.12    0.00    0.00    0.00

Linux 2.6.32-431.el6.x86_64 (slave2) 	2019年07月24日 	_x86_64_	(8 CPU)

05时00分18秒  CPU    %usr   %nice    %sys %iowait    %irq   %soft  %steal  %guest   %idle
05时00分19秒  all   91.51    0.00    8.11    0.00    0.00    0.37    0.00    0.00    0.00
平均时间:  all   91.51    0.00    8.11    0.00    0.00    0.37    0.00    0.00    0.00

Linux 2.6.32-431.el6.x86_64 (slave2) 	2019年07月24日 	_x86_64_	(8 CPU)

05时00分23秒  CPU    %usr   %nice    %sys %iowait    %irq   %soft  %steal  %guest   %idle
05时00分24秒  all   93.51    0.00    6.37    0.00    0.00    0.12    0.00    0.00    0.00
平均时间:  all   93.51    0.00    6.37    0.00    0.00    0.12    0.00    0.00    0.00

Linux 2.6.32-431.el6.x86_64 (slave2) 	2019年07月24日 	_x86_64_	(8 CPU)

05时00分27秒  CPU    %usr   %nice    %sys %iowait    %irq   %soft  %steal  %guest   %idle
05时00分28秒  all   63.37    0.00   10.80    0.00    0.00    1.16    0.00    0.00   24.68
平均时间:  all   63.37    0.00   10.80    0.00    0.00    1.16    0.00    0.00   24.68

Linux 2.6.32-431.el6.x86_64 (slave2) 	2019年07月24日 	_x86_64_	(8 CPU)

05时00分31秒  CPU    %usr   %nice    %sys %iowait    %irq   %soft  %steal  %guest   %idle
05时00分32秒  all   66.79    0.00    9.62    0.00    0.00    0.26    0.00    0.00   23.33
平均时间:  all   66.79    0.00    9.62    0.00    0.00    0.26    0.00    0.00   23.33

Linux 2.6.32-431.el6.x86_64 (slave2) 	2019年07月24日 	_x86_64_	(8 CPU)

05时00分35秒  CPU    %usr   %nice    %sys %iowait    %irq   %soft  %steal  %guest   %idle
05时00分36秒  all   49.42    0.00    6.19    0.00    0.00    0.65    0.00    0.00   43.74
平均时间:  all   49.42    0.00    6.19    0.00    0.00    0.65    0.00    0.00   43.74

Linux 2.6.32-431.el6.x86_64 (slave2) 	2019年07月24日 	_x86_64_	(8 CPU)

05时00分39秒  CPU    %usr   %nice    %sys %iowait    %irq   %soft  %steal  %guest   %idle
05时00分40秒  all   48.84    0.00   15.81    0.00    0.00    0.26    0.00    0.00   35.09
平均时间:  all   48.84    0.00   15.81    0.00    0.00    0.26    0.00    0.00   35.09

Linux 2.6.32-431.el6.x86_64 (slave2) 	2019年07月24日 	_x86_64_	(8 CPU)

05时00分43秒  CPU    %usr   %nice    %sys %iowait    %irq   %soft  %steal  %guest   %idle
05时00分44秒  all   71.18    0.00   12.64    0.00    0.00    0.25    0.00    0.00   15.93
平均时间:  all   71.18    0.00   12.64    0.00    0.00    0.25    0.00    0.00   15.93

Linux 2.6.32-431.el6.x86_64 (slave2) 	2019年07月24日 	_x86_64_	(8 CPU)

05时00分47秒  CPU    %usr   %nice    %sys %iowait    %irq   %soft  %steal  %guest   %idle
05时00分48秒  all   32.70    0.00    7.51    0.00    0.00    0.00    0.00    0.00   59.80
平均时间:  all   32.70    0.00    7.51    0.00    0.00    0.00    0.00    0.00   59.80

Linux 2.6.32-431.el6.x86_64 (slave2) 	2019年07月24日 	_x86_64_	(8 CPU)

05时00分51秒  CPU    %usr   %nice    %sys %iowait    %irq   %soft  %steal  %guest   %idle
05时00分52秒  all   89.76    0.00    9.61    0.00    0.12    0.25    0.00    0.00    0.25
平均时间:  all   89.76    0.00    9.61    0.00    0.12    0.25    0.00    0.00    0.25

Linux 2.6.32-431.el6.x86_64 (slave2) 	2019年07月24日 	_x86_64_	(8 CPU)

05时00分55秒  CPU    %usr   %nice    %sys %iowait    %irq   %soft  %steal  %guest   %idle
05时00分56秒  all   43.65    0.00    9.50    0.00    0.00    0.13    0.00    0.00   46.73
平均时间:  all   43.65    0.00    9.50    0.00    0.00    0.13    0.00    0.00   46.73

Linux 2.6.32-431.el6.x86_64 (slave2) 	2019年07月24日 	_x86_64_	(8 CPU)

05时00分59秒  CPU    %usr   %nice    %sys %iowait    %irq   %soft  %steal  %guest   %idle
05时01分00秒  all   88.66    0.00   10.20    0.00    0.00    0.50    0.00    0.00    0.63
平均时间:  all   88.66    0.00   10.20    0.00    0.00    0.50    0.00    0.00    0.63

Linux 2.6.32-431.el6.x86_64 (slave2) 	2019年07月24日 	_x86_64_	(8 CPU)

05时01分03秒  CPU    %usr   %nice    %sys %iowait    %irq   %soft  %steal  %guest   %idle
05时01分04秒  all   76.34    0.00    9.67    0.00    0.00    1.27    0.00    0.00   12.72
平均时间:  all   76.34    0.00    9.67    0.00    0.00    1.27    0.00    0.00   12.72

Linux 2.6.32-431.el6.x86_64 (slave2) 	2019年07月24日 	_x86_64_	(8 CPU)

05时01分07秒  CPU    %usr   %nice    %sys %iowait    %irq   %soft  %steal  %guest   %idle
05时01分08秒  all   96.75    0.00    2.87    0.00    0.00    0.37    0.00    0.00    0.00
平均时间:  all   96.75    0.00    2.87    0.00    0.00    0.37    0.00    0.00    0.00

Linux 2.6.32-431.el6.x86_64 (slave2) 	2019年07月24日 	_x86_64_	(8 CPU)

05时01分11秒  CPU    %usr   %nice    %sys %iowait    %irq   %soft  %steal  %guest   %idle
05时01分12秒  all   76.99    0.00    4.68    0.00    0.00    2.28    0.00    0.00   16.06
平均时间:  all   76.99    0.00    4.68    0.00    0.00    2.28    0.00    0.00   16.06

Linux 2.6.32-431.el6.x86_64 (slave2) 	2019年07月24日 	_x86_64_	(8 CPU)

05时01分15秒  CPU    %usr   %nice    %sys %iowait    %irq   %soft  %steal  %guest   %idle
05时01分16秒  all   80.98    0.00    4.16    0.00    0.00    1.89    0.00    0.00   12.97
平均时间:  all   80.98    0.00    4.16    0.00    0.00    1.89    0.00    0.00   12.97

Linux 2.6.32-431.el6.x86_64 (slave2) 	2019年07月24日 	_x86_64_	(8 CPU)

05时01分19秒  CPU    %usr   %nice    %sys %iowait    %irq   %soft  %steal  %guest   %idle
05时01分20秒  all   71.25    0.00    3.66    0.00    0.00    2.90    0.00    0.00   22.19
平均时间:  all   71.25    0.00    3.66    0.00    0.00    2.90    0.00    0.00   22.19

Linux 2.6.32-431.el6.x86_64 (slave2) 	2019年07月24日 	_x86_64_	(8 CPU)

05时01分23秒  CPU    %usr   %nice    %sys %iowait    %irq   %soft  %steal  %guest   %idle
05时01分24秒  all   71.72    0.00    2.65    0.00    0.00    2.02    0.00    0.00   23.61
平均时间:  all   71.72    0.00    2.65    0.00    0.00    2.02    0.00    0.00   23.61

Linux 2.6.32-431.el6.x86_64 (slave2) 	2019年07月24日 	_x86_64_	(8 CPU)

05时01分27秒  CPU    %usr   %nice    %sys %iowait    %irq   %soft  %steal  %guest   %idle
05时01分28秒  all   96.50    0.00    2.75    0.00    0.00    0.25    0.00    0.00    0.50
平均时间:  all   96.50    0.00    2.75    0.00    0.00    0.25    0.00    0.00    0.50

Linux 2.6.32-431.el6.x86_64 (slave2) 	2019年07月24日 	_x86_64_	(8 CPU)

05时01分31秒  CPU    %usr   %nice    %sys %iowait    %irq   %soft  %steal  %guest   %idle
05时01分32秒  all   49.49    0.00    4.68    0.00    0.13    1.90    0.00    0.00   43.80
平均时间:  all   49.49    0.00    4.68    0.00    0.13    1.90    0.00    0.00   43.80

Linux 2.6.32-431.el6.x86_64 (slave2) 	2019年07月24日 	_x86_64_	(8 CPU)

05时01分35秒  CPU    %usr   %nice    %sys %iowait    %irq   %soft  %steal  %guest   %idle
05时01分36秒  all   79.42    0.00    9.78    0.00    0.00    0.89    0.00    0.00    9.91
平均时间:  all   79.42    0.00    9.78    0.00    0.00    0.89    0.00    0.00    9.91

Linux 2.6.32-431.el6.x86_64 (slave2) 	2019年07月24日 	_x86_64_	(8 CPU)

05时01分39秒  CPU    %usr   %nice    %sys %iowait    %irq   %soft  %steal  %guest   %idle
05时01分40秒  all    0.76    0.00    1.27    0.00    0.00    0.13    0.00    0.00   97.85
平均时间:  all    0.76    0.00    1.27    0.00    0.00    0.13    0.00    0.00   97.85

Linux 2.6.32-431.el6.x86_64 (slave2) 	2019年07月24日 	_x86_64_	(8 CPU)

05时01分43秒  CPU    %usr   %nice    %sys %iowait    %irq   %soft  %steal  %guest   %idle
05时01分44秒  all    0.13    0.00    1.52    0.00    0.00    0.13    0.00    0.00   98.23
平均时间:  all    0.13    0.00    1.52    0.00    0.00    0.13    0.00    0.00   98.23

Linux 2.6.32-431.el6.x86_64 (slave2) 	2019年07月24日 	_x86_64_	(8 CPU)

05时01分47秒  CPU    %usr   %nice    %sys %iowait    %irq   %soft  %steal  %guest   %idle
05时01分48秒  all    0.00    0.00    0.00    0.00    0.00    0.00    0.00    0.00  100.00
平均时间:  all    0.00    0.00    0.00    0.00    0.00    0.00    0.00    0.00  100.00

Linux 2.6.32-431.el6.x86_64 (slave2) 	2019年07月24日 	_x86_64_	(8 CPU)

05时01分51秒  CPU    %usr   %nice    %sys %iowait    %irq   %soft  %steal  %guest   %idle
05时01分52秒  all    0.00    0.00    0.13    0.00    0.00    0.00    0.00    0.00   99.87
平均时间:  all    0.00    0.00    0.13    0.00    0.00    0.00    0.00    0.00   99.87

Linux 2.6.32-431.el6.x86_64 (slave2) 	2019年07月24日 	_x86_64_	(8 CPU)

05时01分55秒  CPU    %usr   %nice    %sys %iowait    %irq   %soft  %steal  %guest   %idle
05时01分56秒  all    0.00    0.00    0.00    0.00    0.00    0.00    0.00    0.00  100.00
平均时间:  all    0.00    0.00    0.00    0.00    0.00    0.00    0.00    0.00  100.00

Linux 2.6.32-431.el6.x86_64 (slave2) 	2019年07月24日 	_x86_64_	(8 CPU)

05时01分59秒  CPU    %usr   %nice    %sys %iowait    %irq   %soft  %steal  %guest   %idle
05时02分00秒  all    0.00    0.00    0.00    0.00    0.00    0.00    0.00    0.00  100.00
平均时间:  all    0.00    0.00    0.00    0.00    0.00    0.00    0.00    0.00  100.00

Linux 2.6.32-431.el6.x86_64 (slave2) 	2019年07月24日 	_x86_64_	(8 CPU)

05时02分03秒  CPU    %usr   %nice    %sys %iowait    %irq   %soft  %steal  %guest   %idle
05时02分04秒  all    0.00    0.00    0.25    0.00    0.00    0.50    0.00    0.00   99.25
平均时间:  all    0.00    0.00    0.25    0.00    0.00    0.50    0.00    0.00   99.25

Linux 2.6.32-431.el6.x86_64 (slave2) 	2019年07月24日 	_x86_64_	(8 CPU)

05时02分07秒  CPU    %usr   %nice    %sys %iowait    %irq   %soft  %steal  %guest   %idle
05时02分08秒  all    1.76    0.00    1.26    0.00    0.00    0.00    0.00    0.00   96.98
平均时间:  all    1.76    0.00    1.26    0.00    0.00    0.00    0.00    0.00   96.98

