
2019年 07月 24日 星期三 04:56:36 CST
             total       used       free     shared    buffers     cached
Mem:         15945      10916       5029          0         50       8920
-/+ buffers/cache:       1945      14000
Swap:         8039          0       8039

2019年 07月 24日 星期三 04:56:40 CST
             total       used       free     shared    buffers     cached
Mem:         15945      10915       5029          0         50       8920
-/+ buffers/cache:       1945      14000
Swap:         8039          0       8039

2019年 07月 24日 星期三 04:56:44 CST
             total       used       free     shared    buffers     cached
Mem:         15945      10916       5029          0         50       8920
-/+ buffers/cache:       1945      14000
Swap:         8039          0       8039

2019年 07月 24日 星期三 04:56:48 CST
             total       used       free     shared    buffers     cached
Mem:         15945      10916       5029          0         50       8920
-/+ buffers/cache:       1945      14000
Swap:         8039          0       8039

2019年 07月 24日 星期三 04:56:52 CST
             total       used       free     shared    buffers     cached
Mem:         15945      10957       4987          0         50       8962
-/+ buffers/cache:       1945      14000
Swap:         8039          0       8039

2019年 07月 24日 星期三 04:56:56 CST
             total       used       free     shared    buffers     cached
Mem:         15945      11200       4744          0         50       9188
-/+ buffers/cache:       1961      13984
Swap:         8039          0       8039

2019年 07月 24日 星期三 04:57:00 CST
             total       used       free     shared    buffers     cached
Mem:         15945      11621       4323          0         50       9441
-/+ buffers/cache:       2129      13816
Swap:         8039          0       8039

2019年 07月 24日 星期三 04:57:04 CST
             total       used       free     shared    buffers     cached
Mem:         15945      12375       3570          0         50       9748
-/+ buffers/cache:       2576      13369
Swap:         8039          0       8039

2019年 07月 24日 星期三 04:57:08 CST
             total       used       free     shared    buffers     cached
Mem:         15945      13013       2931          0         50      10000
-/+ buffers/cache:       2962      12983
Swap:         8039          0       8039

2019年 07月 24日 星期三 04:57:12 CST
             total       used       free     shared    buffers     cached
Mem:         15945      13616       2328          0         50      10222
-/+ buffers/cache:       3343      12601
Swap:         8039          0       8039

2019年 07月 24日 星期三 04:57:16 CST
             total       used       free     shared    buffers     cached
Mem:         15945      14280       1665          0         50      10482
-/+ buffers/cache:       3747      12198
Swap:         8039          0       8039

2019年 07月 24日 星期三 04:57:21 CST
             total       used       free     shared    buffers     cached
Mem:         15945      14706       1239          0         50      10500
-/+ buffers/cache:       4154      11790
Swap:         8039          0       8039

2019年 07月 24日 星期三 04:57:25 CST
             total       used       free     shared    buffers     cached
Mem:         15945      15198        746          0         50      10501
-/+ buffers/cache:       4646      11299
Swap:         8039          0       8039

2019年 07月 24日 星期三 04:57:29 CST
             total       used       free     shared    buffers     cached
Mem:         15945      15023        922          0         50      10501
-/+ buffers/cache:       4471      11474
Swap:         8039          0       8039

2019年 07月 24日 星期三 04:57:33 CST
             total       used       free     shared    buffers     cached
Mem:         15945      15422        522          0         50      10502
-/+ buffers/cache:       4868      11076
Swap:         8039          0       8039

2019年 07月 24日 星期三 04:57:37 CST
             total       used       free     shared    buffers     cached
Mem:         15945      15294        651          0         50      10485
-/+ buffers/cache:       4758      11187
Swap:         8039          0       8039

2019年 07月 24日 星期三 04:57:41 CST
             total       used       free     shared    buffers     cached
Mem:         15945      14206       1739          0         50      10444
-/+ buffers/cache:       3711      12234
Swap:         8039          0       8039

2019年 07月 24日 星期三 04:57:45 CST
             total       used       free     shared    buffers     cached
Mem:         15945      14992        952          0         50      10426
-/+ buffers/cache:       4516      11429
Swap:         8039          0       8039

2019年 07月 24日 星期三 04:57:49 CST
             total       used       free     shared    buffers     cached
Mem:         15945      14375       1569          0         50      10611
-/+ buffers/cache:       3713      12231
Swap:         8039          0       8039

2019年 07月 24日 星期三 04:57:53 CST
             total       used       free     shared    buffers     cached
Mem:         15945      14956        989          0         50      10614
-/+ buffers/cache:       4291      11653
Swap:         8039          0       8039

2019年 07月 24日 星期三 04:57:57 CST
             total       used       free     shared    buffers     cached
Mem:         15945      15188        757          0         50      10798
-/+ buffers/cache:       4338      11606
Swap:         8039          0       8039

2019年 07月 24日 星期三 04:58:01 CST
             total       used       free     shared    buffers     cached
Mem:         15945      15778        166          0         50      10992
-/+ buffers/cache:       4735      11210
Swap:         8039          0       8039

2019年 07月 24日 星期三 04:58:05 CST
             total       used       free     shared    buffers     cached
Mem:         15945      15776        169          0         50      10293
-/+ buffers/cache:       5432      10512
Swap:         8039          0       8039

2019年 07月 24日 星期三 04:58:09 CST
             total       used       free     shared    buffers     cached
Mem:         15945      15052        892          0         50      10237
-/+ buffers/cache:       4765      11180
Swap:         8039          0       8039

2019年 07月 24日 星期三 04:58:13 CST
             total       used       free     shared    buffers     cached
Mem:         15945      15465        479          0         50      10099
-/+ buffers/cache:       5315      10630
Swap:         8039          0       8039

2019年 07月 24日 星期三 04:58:17 CST
             total       used       free     shared    buffers     cached
Mem:         15945      15315        629          0         50      10226
-/+ buffers/cache:       5038      10906
Swap:         8039          0       8039

2019年 07月 24日 星期三 04:58:21 CST
             total       used       free     shared    buffers     cached
Mem:         15945      15490        455          0         50      10099
-/+ buffers/cache:       5340      10605
Swap:         8039          0       8039

2019年 07月 24日 星期三 04:58:25 CST
             total       used       free     shared    buffers     cached
Mem:         15945      15781        163          0         50       9922
-/+ buffers/cache:       5808      10136
Swap:         8039          0       8039

2019年 07月 24日 星期三 04:58:29 CST
             total       used       free     shared    buffers     cached
Mem:         15945      14600       1345          0         50       9653
-/+ buffers/cache:       4895      11049
Swap:         8039          0       8039

2019年 07月 24日 星期三 04:58:33 CST
             total       used       free     shared    buffers     cached
Mem:         15945      14606       1339          0         50       9903
-/+ buffers/cache:       4652      11293
Swap:         8039          0       8039

2019年 07月 24日 星期三 04:58:37 CST
             total       used       free     shared    buffers     cached
Mem:         15945      15135        810          0         50      10013
-/+ buffers/cache:       5070      10874
Swap:         8039          0       8039

2019年 07月 24日 星期三 04:58:41 CST
             total       used       free     shared    buffers     cached
Mem:         15945      15785        159          0         50      10191
-/+ buffers/cache:       5543      10401
Swap:         8039          0       8039

2019年 07月 24日 星期三 04:58:45 CST
             total       used       free     shared    buffers     cached
Mem:         15945      15774        170          0         50       9848
-/+ buffers/cache:       5876      10069
Swap:         8039          0       8039

2019年 07月 24日 星期三 04:58:49 CST
             total       used       free     shared    buffers     cached
Mem:         15945      15769        175          0         49       9576
-/+ buffers/cache:       6143       9802
Swap:         8039          0       8039

2019年 07月 24日 星期三 04:58:53 CST
             total       used       free     shared    buffers     cached
Mem:         15945      15795        150          0         49       9416
-/+ buffers/cache:       6328       9616
Swap:         8039          0       8039

2019年 07月 24日 星期三 04:58:57 CST
             total       used       free     shared    buffers     cached
Mem:         15945      15767        177          0         49       9291
-/+ buffers/cache:       6426       9518
Swap:         8039          0       8039

2019年 07月 24日 星期三 04:59:01 CST
             total       used       free     shared    buffers     cached
Mem:         15945      15221        723          0         49       9432
-/+ buffers/cache:       5739      10206
Swap:         8039          0       8039

2019年 07月 24日 星期三 04:59:05 CST
             total       used       free     shared    buffers     cached
Mem:         15945      15397        547          0         49       9345
-/+ buffers/cache:       6002       9943
Swap:         8039          0       8039

2019年 07月 24日 星期三 04:59:09 CST
             total       used       free     shared    buffers     cached
Mem:         15945      15782        163          0         49       9438
-/+ buffers/cache:       6293       9651
Swap:         8039          0       8039

2019年 07月 24日 星期三 04:59:13 CST
             total       used       free     shared    buffers     cached
Mem:         15945      15770        174          0         49       9221
-/+ buffers/cache:       6500       9445
Swap:         8039          0       8039

2019年 07月 24日 星期三 04:59:17 CST
             total       used       free     shared    buffers     cached
Mem:         15945      15773        172          0         49       9061
-/+ buffers/cache:       6662       9283
Swap:         8039          0       8039

2019年 07月 24日 星期三 04:59:21 CST
             total       used       free     shared    buffers     cached
Mem:         15945      13701       2244          0         49       9013
-/+ buffers/cache:       4638      11306
Swap:         8039          0       8039

2019年 07月 24日 星期三 04:59:26 CST
             total       used       free     shared    buffers     cached
Mem:         15945      14116       1828          0         49       9053
-/+ buffers/cache:       5014      10931
Swap:         8039          0       8039

2019年 07月 24日 星期三 04:59:30 CST
             total       used       free     shared    buffers     cached
Mem:         15945      12805       3140          0         49       8699
-/+ buffers/cache:       4056      11889
Swap:         8039          0       8039

2019年 07月 24日 星期三 04:59:34 CST
             total       used       free     shared    buffers     cached
Mem:         15945      13150       2795          0         49       8544
-/+ buffers/cache:       4555      11389
Swap:         8039          0       8039

2019年 07月 24日 星期三 04:59:38 CST
             total       used       free     shared    buffers     cached
Mem:         15945      13463       2482          0         49       8544
-/+ buffers/cache:       4868      11076
Swap:         8039          0       8039

2019年 07月 24日 星期三 04:59:42 CST
             total       used       free     shared    buffers     cached
Mem:         15945      14112       1832          0         49       8547
-/+ buffers/cache:       5515      10430
Swap:         8039          0       8039

2019年 07月 24日 星期三 04:59:46 CST
             total       used       free     shared    buffers     cached
Mem:         15945      12003       3942          0         49       8544
-/+ buffers/cache:       3408      12536
Swap:         8039          0       8039

2019年 07月 24日 星期三 04:59:50 CST
             total       used       free     shared    buffers     cached
Mem:         15945      12582       3363          0         49       8546
-/+ buffers/cache:       3986      11958
Swap:         8039          0       8039

2019年 07月 24日 星期三 04:59:54 CST
             total       used       free     shared    buffers     cached
Mem:         15945      12520       3425          0         49       8546
-/+ buffers/cache:       3923      12021
Swap:         8039          0       8039

2019年 07月 24日 星期三 04:59:58 CST
             total       used       free     shared    buffers     cached
Mem:         15945      11882       4063          0         49       8621
-/+ buffers/cache:       3210      12734
Swap:         8039          0       8039

2019年 07月 24日 星期三 05:00:02 CST
             total       used       free     shared    buffers     cached
Mem:         15945      12374       3571          0         49       8673
-/+ buffers/cache:       3651      12294
Swap:         8039          0       8039

2019年 07月 24日 星期三 05:00:06 CST
             total       used       free     shared    buffers     cached
Mem:         15945      12960       2985          0         49       8673
-/+ buffers/cache:       4236      11708
Swap:         8039          0       8039

2019年 07月 24日 星期三 05:00:10 CST
             total       used       free     shared    buffers     cached
Mem:         15945      13736       2209          0         49       8717
-/+ buffers/cache:       4968      10976
Swap:         8039          0       8039

2019年 07月 24日 星期三 05:00:15 CST
             total       used       free     shared    buffers     cached
Mem:         15945      14477       1467          0         49       8745
-/+ buffers/cache:       5682      10262
Swap:         8039          0       8039

2019年 07月 24日 星期三 05:00:19 CST
             total       used       free     shared    buffers     cached
Mem:         15945      14253       1692          0         49       8707
-/+ buffers/cache:       5495      10449
Swap:         8039          0       8039

2019年 07月 24日 星期三 05:00:24 CST
             total       used       free     shared    buffers     cached
Mem:         15945      14666       1278          0         49       8792
-/+ buffers/cache:       5825      10120
Swap:         8039          0       8039

2019年 07月 24日 星期三 05:00:28 CST
             total       used       free     shared    buffers     cached
Mem:         15945      14427       1518          0         49       8792
-/+ buffers/cache:       5585      10360
Swap:         8039          0       8039

2019年 07月 24日 星期三 05:00:32 CST
             total       used       free     shared    buffers     cached
Mem:         15945      14794       1151          0         49       8793
-/+ buffers/cache:       5951       9994
Swap:         8039          0       8039

2019年 07月 24日 星期三 05:00:36 CST
             total       used       free     shared    buffers     cached
Mem:         15945      14887       1057          0         49       8775
-/+ buffers/cache:       6062       9883
Swap:         8039          0       8039

2019年 07月 24日 星期三 05:00:40 CST
             total       used       free     shared    buffers     cached
Mem:         15945      11829       4116          0         49       8752
-/+ buffers/cache:       3027      12918
Swap:         8039          0       8039

2019年 07月 24日 星期三 05:00:44 CST
             total       used       free     shared    buffers     cached
Mem:         15945      12459       3485          0         49       8939
-/+ buffers/cache:       3470      12474
Swap:         8039          0       8039

2019年 07月 24日 星期三 05:00:48 CST
             total       used       free     shared    buffers     cached
Mem:         15945      11892       4053          0         49       8900
-/+ buffers/cache:       2942      13003
Swap:         8039          0       8039

2019年 07月 24日 星期三 05:00:52 CST
             total       used       free     shared    buffers     cached
Mem:         15945      12904       3040          0         49       9086
-/+ buffers/cache:       3769      12176
Swap:         8039          0       8039

2019年 07月 24日 星期三 05:00:56 CST
             total       used       free     shared    buffers     cached
Mem:         15945      12590       3354          0         49       8902
-/+ buffers/cache:       3638      12307
Swap:         8039          0       8039

2019年 07月 24日 星期三 05:01:00 CST
             total       used       free     shared    buffers     cached
Mem:         15945      13469       2476          0         49       8749
-/+ buffers/cache:       4670      11275
Swap:         8039          0       8039

2019年 07月 24日 星期三 05:01:04 CST
             total       used       free     shared    buffers     cached
Mem:         15945      13930       2015          0         49       8876
-/+ buffers/cache:       5003      10941
Swap:         8039          0       8039

2019年 07月 24日 星期三 05:01:08 CST
             total       used       free     shared    buffers     cached
Mem:         15945      14474       1471          0         49       8961
-/+ buffers/cache:       5462      10482
Swap:         8039          0       8039

2019年 07月 24日 星期三 05:01:12 CST
             total       used       free     shared    buffers     cached
Mem:         15945      14716       1229          0         49       9001
-/+ buffers/cache:       5664      10280
Swap:         8039          0       8039

2019年 07月 24日 星期三 05:01:16 CST
             total       used       free     shared    buffers     cached
Mem:         15945      14944       1001          0         49       9073
-/+ buffers/cache:       5820      10124
Swap:         8039          0       8039

2019年 07月 24日 星期三 05:01:20 CST
             total       used       free     shared    buffers     cached
Mem:         15945      15058        886          0         49       9117
-/+ buffers/cache:       5891      10053
Swap:         8039          0       8039

2019年 07月 24日 星期三 05:01:24 CST
             total       used       free     shared    buffers     cached
Mem:         15945      15158        787          0         49       9117
-/+ buffers/cache:       5990       9954
Swap:         8039          0       8039

2019年 07月 24日 星期三 05:01:28 CST
             total       used       free     shared    buffers     cached
Mem:         15945      15314        631          0         49       9137
-/+ buffers/cache:       6127       9818
Swap:         8039          0       8039

2019年 07月 24日 星期三 05:01:32 CST
             total       used       free     shared    buffers     cached
Mem:         15945      15511        434          0         49       9181
-/+ buffers/cache:       6280       9665
Swap:         8039          0       8039

2019年 07月 24日 星期三 05:01:36 CST
             total       used       free     shared    buffers     cached
Mem:         15945      13362       2582          0         49       9168
-/+ buffers/cache:       4145      11800
Swap:         8039          0       8039

2019年 07月 24日 星期三 05:01:40 CST
             total       used       free     shared    buffers     cached
Mem:         15945      11150       4794          0         49       9166
-/+ buffers/cache:       1934      14011
Swap:         8039          0       8039

2019年 07月 24日 星期三 05:01:44 CST
             total       used       free     shared    buffers     cached
Mem:         15945      10814       5131          0         49       8831
-/+ buffers/cache:       1932      14013
Swap:         8039          0       8039

2019年 07月 24日 星期三 05:01:48 CST
             total       used       free     shared    buffers     cached
Mem:         15945      10826       5119          0         49       8845
-/+ buffers/cache:       1931      14014
Swap:         8039          0       8039

2019年 07月 24日 星期三 05:01:52 CST
             total       used       free     shared    buffers     cached
Mem:         15945      10639       5306          0         49       8660
-/+ buffers/cache:       1929      14016
Swap:         8039          0       8039

2019年 07月 24日 星期三 05:01:56 CST
             total       used       free     shared    buffers     cached
Mem:         15945      10638       5307          0         49       8660
-/+ buffers/cache:       1928      14017
Swap:         8039          0       8039

2019年 07月 24日 星期三 05:02:00 CST
             total       used       free     shared    buffers     cached
Mem:         15945      10637       5307          0         49       8660
-/+ buffers/cache:       1927      14017
Swap:         8039          0       8039

2019年 07月 24日 星期三 05:02:04 CST
             total       used       free     shared    buffers     cached
Mem:         15945      10637       5308          0         49       8660
-/+ buffers/cache:       1927      14017
Swap:         8039          0       8039

2019年 07月 24日 星期三 05:02:08 CST
             total       used       free     shared    buffers     cached
Mem:         15945      10635       5310          0         49       8660
-/+ buffers/cache:       1925      14019
Swap:         8039          0       8039

