
2019年 07月 24日 星期三 04:56:35 CST
             total       used       free     shared    buffers     cached
Mem:         15945       9787       6157          0         50       7793
-/+ buffers/cache:       1944      14001
Swap:         8039          0       8039

2019年 07月 24日 星期三 04:56:39 CST
             total       used       free     shared    buffers     cached
Mem:         15945       9787       6158          0         50       7793
-/+ buffers/cache:       1943      14001
Swap:         8039          0       8039

2019年 07月 24日 星期三 04:56:43 CST
             total       used       free     shared    buffers     cached
Mem:         15945       9787       6158          0         50       7793
-/+ buffers/cache:       1943      14001
Swap:         8039          0       8039

2019年 07月 24日 星期三 04:56:47 CST
             total       used       free     shared    buffers     cached
Mem:         15945       9787       6157          0         50       7793
-/+ buffers/cache:       1944      14001
Swap:         8039          0       8039

2019年 07月 24日 星期三 04:56:51 CST
             total       used       free     shared    buffers     cached
Mem:         15945       9808       6137          0         50       7813
-/+ buffers/cache:       1944      14001
Swap:         8039          0       8039

2019年 07月 24日 星期三 04:56:55 CST
             total       used       free     shared    buffers     cached
Mem:         15945       9987       5958          0         50       7991
-/+ buffers/cache:       1945      14000
Swap:         8039          0       8039

2019年 07月 24日 星期三 04:56:59 CST
             total       used       free     shared    buffers     cached
Mem:         15945      10227       5718          0         50       8215
-/+ buffers/cache:       1961      13983
Swap:         8039          0       8039

2019年 07月 24日 星期三 04:57:03 CST
             total       used       free     shared    buffers     cached
Mem:         15945      10434       5510          0         50       8435
-/+ buffers/cache:       1948      13996
Swap:         8039          0       8039

2019年 07月 24日 星期三 04:57:07 CST
             total       used       free     shared    buffers     cached
Mem:         15945      10675       5270          0         50       8673
-/+ buffers/cache:       1951      13994
Swap:         8039          0       8039

2019年 07月 24日 星期三 04:57:11 CST
             total       used       free     shared    buffers     cached
Mem:         15945      10895       5049          0         50       8896
-/+ buffers/cache:       1949      13996
Swap:         8039          0       8039

2019年 07月 24日 星期三 04:57:15 CST
             total       used       free     shared    buffers     cached
Mem:         15945      11111       4833          0         50       9111
-/+ buffers/cache:       1950      13995
Swap:         8039          0       8039

2019年 07月 24日 星期三 04:57:19 CST
             total       used       free     shared    buffers     cached
Mem:         15945      11522       4423          0         50       9261
-/+ buffers/cache:       2210      13734
Swap:         8039          0       8039

2019年 07月 24日 星期三 04:57:23 CST
             total       used       free     shared    buffers     cached
Mem:         15945      12074       3871          0         50       9281
-/+ buffers/cache:       2742      13202
Swap:         8039          0       8039

2019年 07月 24日 星期三 04:57:27 CST
             total       used       free     shared    buffers     cached
Mem:         15945      12852       3093          0         50       9303
-/+ buffers/cache:       3498      12447
Swap:         8039          0       8039

2019年 07月 24日 星期三 04:57:31 CST
             total       used       free     shared    buffers     cached
Mem:         15945      13209       2736          0         50       9506
-/+ buffers/cache:       3652      12293
Swap:         8039          0       8039

2019年 07月 24日 星期三 04:57:35 CST
             total       used       free     shared    buffers     cached
Mem:         15945      12844       3100          0         50       9488
-/+ buffers/cache:       3305      12640
Swap:         8039          0       8039

2019年 07月 24日 星期三 04:57:39 CST
             total       used       free     shared    buffers     cached
Mem:         15945      12580       3365          0         50       9713
-/+ buffers/cache:       2815      13129
Swap:         8039          0       8039

2019年 07月 24日 星期三 04:57:43 CST
             total       used       free     shared    buffers     cached
Mem:         15945      13389       2556          0         50      10081
-/+ buffers/cache:       3257      12687
Swap:         8039          0       8039

2019年 07月 24日 星期三 04:57:47 CST
             total       used       free     shared    buffers     cached
Mem:         15945      13666       2278          0         50      10024
-/+ buffers/cache:       3591      12354
Swap:         8039          0       8039

2019年 07月 24日 星期三 04:57:51 CST
             total       used       free     shared    buffers     cached
Mem:         15945      14466       1478          0         50      10211
-/+ buffers/cache:       4205      11740
Swap:         8039          0       8039

2019年 07月 24日 星期三 04:57:55 CST
             total       used       free     shared    buffers     cached
Mem:         15945      14840       1105          0         50      10375
-/+ buffers/cache:       4413      11532
Swap:         8039          0       8039

2019年 07月 24日 星期三 04:57:59 CST
             total       used       free     shared    buffers     cached
Mem:         15945      15349        595          0         50      10358
-/+ buffers/cache:       4940      11004
Swap:         8039          0       8039

2019年 07月 24日 星期三 04:58:03 CST
             total       used       free     shared    buffers     cached
Mem:         15945      15779        166          0         50      10359
-/+ buffers/cache:       5369      10576
Swap:         8039          0       8039

2019年 07月 24日 星期三 04:58:08 CST
             total       used       free     shared    buffers     cached
Mem:         15945      14615       1329          0         50      10018
-/+ buffers/cache:       4546      11398
Swap:         8039          0       8039

2019年 07月 24日 星期三 04:58:12 CST
             total       used       free     shared    buffers     cached
Mem:         15945      14939       1006          0         50      10018
-/+ buffers/cache:       4870      11075
Swap:         8039          0       8039

2019年 07月 24日 星期三 04:58:16 CST
             total       used       free     shared    buffers     cached
Mem:         15945      14716       1229          0         50       9834
-/+ buffers/cache:       4831      11114
Swap:         8039          0       8039

2019年 07月 24日 星期三 04:58:20 CST
             total       used       free     shared    buffers     cached
Mem:         15945      15034        911          0         50       9834
-/+ buffers/cache:       5149      10796
Swap:         8039          0       8039

2019年 07月 24日 星期三 04:58:24 CST
             total       used       free     shared    buffers     cached
Mem:         15945      15159        785          0         50       9649
-/+ buffers/cache:       5459      10486
Swap:         8039          0       8039

2019年 07月 24日 星期三 04:58:28 CST
             total       used       free     shared    buffers     cached
Mem:         15945      15460        485          0         50       9651
-/+ buffers/cache:       5758      10187
Swap:         8039          0       8039

2019年 07月 24日 星期三 04:58:32 CST
             total       used       free     shared    buffers     cached
Mem:         15945      15010        935          0         50       9652
-/+ buffers/cache:       5307      10638
Swap:         8039          0       8039

2019年 07月 24日 星期三 04:58:36 CST
             total       used       free     shared    buffers     cached
Mem:         15945      15290        655          0         50       9647
-/+ buffers/cache:       5592      10353
Swap:         8039          0       8039

2019年 07月 24日 星期三 04:58:40 CST
             total       used       free     shared    buffers     cached
Mem:         15945      15788        157          0         50       9533
-/+ buffers/cache:       6204       9740
Swap:         8039          0       8039

2019年 07月 24日 星期三 04:58:44 CST
             total       used       free     shared    buffers     cached
Mem:         15945      15778        167          0         50       9075
-/+ buffers/cache:       6652       9293
Swap:         8039          0       8039

2019年 07月 24日 星期三 04:58:48 CST
             total       used       free     shared    buffers     cached
Mem:         15945      15782        162          0         50       8921
-/+ buffers/cache:       6810       9134
Swap:         8039          0       8039

2019年 07月 24日 星期三 04:58:52 CST
             total       used       free     shared    buffers     cached
Mem:         15945      15767        177          0         50       8840
-/+ buffers/cache:       6877       9068
Swap:         8039          0       8039

2019年 07月 24日 星期三 04:58:56 CST
             total       used       free     shared    buffers     cached
Mem:         15945      15769        175          0         50       8789
-/+ buffers/cache:       6930       9015
Swap:         8039          0       8039

2019年 07月 24日 星期三 04:59:00 CST
             total       used       free     shared    buffers     cached
Mem:         15945      14906       1039          0         50       8937
-/+ buffers/cache:       5918      10026
Swap:         8039          0       8039

2019年 07月 24日 星期三 04:59:04 CST
             total       used       free     shared    buffers     cached
Mem:         15945      15121        824          0         50       8820
-/+ buffers/cache:       6250       9694
Swap:         8039          0       8039

2019年 07月 24日 星期三 04:59:08 CST
             total       used       free     shared    buffers     cached
Mem:         15945      15607        337          0         50       8829
-/+ buffers/cache:       6727       9217
Swap:         8039          0       8039

2019年 07月 24日 星期三 04:59:12 CST
             total       used       free     shared    buffers     cached
Mem:         15945      15793        152          0         50       8834
-/+ buffers/cache:       6908       9036
Swap:         8039          0       8039

2019年 07月 24日 星期三 04:59:16 CST
             total       used       free     shared    buffers     cached
Mem:         15945      15789        155          0         50       8667
-/+ buffers/cache:       7071       8873
Swap:         8039          0       8039

2019年 07月 24日 星期三 04:59:20 CST
             total       used       free     shared    buffers     cached
Mem:         15945      13520       2425          0         50       8588
-/+ buffers/cache:       4881      11063
Swap:         8039          0       8039

2019年 07月 24日 星期三 04:59:24 CST
             total       used       free     shared    buffers     cached
Mem:         15945      12425       3520          0         50       8483
-/+ buffers/cache:       3891      12054
Swap:         8039          0       8039

2019年 07月 24日 星期三 04:59:28 CST
             total       used       free     shared    buffers     cached
Mem:         15945      13063       2881          0         50       8342
-/+ buffers/cache:       4670      11274
Swap:         8039          0       8039

2019年 07月 24日 星期三 04:59:32 CST
             total       used       free     shared    buffers     cached
Mem:         15945      13227       2717          0         50       8181
-/+ buffers/cache:       4996      10949
Swap:         8039          0       8039

2019年 07月 24日 星期三 04:59:36 CST
             total       used       free     shared    buffers     cached
Mem:         15945      13826       2119          0         50       8199
-/+ buffers/cache:       5576      10368
Swap:         8039          0       8039

2019年 07月 24日 星期三 04:59:40 CST
             total       used       free     shared    buffers     cached
Mem:         15945      13156       2788          0         50       8288
-/+ buffers/cache:       4818      11127
Swap:         8039          0       8039

2019年 07月 24日 星期三 04:59:44 CST
             total       used       free     shared    buffers     cached
Mem:         15945      12925       3020          0         50       8332
-/+ buffers/cache:       4542      11403
Swap:         8039          0       8039

2019年 07月 24日 星期三 04:59:48 CST
             total       used       free     shared    buffers     cached
Mem:         15945      13746       2199          0         50       8401
-/+ buffers/cache:       5294      10651
Swap:         8039          0       8039

2019年 07月 24日 星期三 04:59:52 CST
             total       used       free     shared    buffers     cached
Mem:         15945      14087       1858          0         50       8476
-/+ buffers/cache:       5560      10384
Swap:         8039          0       8039

2019年 07月 24日 星期三 04:59:56 CST
             total       used       free     shared    buffers     cached
Mem:         15945      14356       1588          0         50       8664
-/+ buffers/cache:       5642      10303
Swap:         8039          0       8039

2019年 07月 24日 星期三 05:00:00 CST
             total       used       free     shared    buffers     cached
Mem:         15945      14143       1801          0         50       8871
-/+ buffers/cache:       5222      10723
Swap:         8039          0       8039

2019年 07月 24日 星期三 05:00:04 CST
             total       used       free     shared    buffers     cached
Mem:         15945      14452       1492          0         50       8875
-/+ buffers/cache:       5527      10418
Swap:         8039          0       8039

2019年 07月 24日 星期三 05:00:08 CST
             total       used       free     shared    buffers     cached
Mem:         15945      14776       1169          0         50       8823
-/+ buffers/cache:       5902      10043
Swap:         8039          0       8039

2019年 07月 24日 星期三 05:00:12 CST
             total       used       free     shared    buffers     cached
Mem:         15945      15078        867          0         50       8865
-/+ buffers/cache:       6162       9783
Swap:         8039          0       8039

2019年 07月 24日 星期三 05:00:16 CST
             total       used       free     shared    buffers     cached
Mem:         15945      13602       2343          0         50       8832
-/+ buffers/cache:       4719      11226
Swap:         8039          0       8039

2019年 07月 24日 星期三 05:00:20 CST
             total       used       free     shared    buffers     cached
Mem:         15945      13889       2056          0         50       8833
-/+ buffers/cache:       5005      10939
Swap:         8039          0       8039

2019年 07月 24日 星期三 05:00:24 CST
             total       used       free     shared    buffers     cached
Mem:         15945      14187       1758          0         50       8649
-/+ buffers/cache:       5487      10457
Swap:         8039          0       8039

2019年 07月 24日 星期三 05:00:28 CST
             total       used       free     shared    buffers     cached
Mem:         15945      13706       2239          0         50       8775
-/+ buffers/cache:       4880      11064
Swap:         8039          0       8039

2019年 07月 24日 星期三 05:00:32 CST
             total       used       free     shared    buffers     cached
Mem:         15945      14229       1716          0         50       8817
-/+ buffers/cache:       5361      10584
Swap:         8039          0       8039

2019年 07月 24日 星期三 05:00:36 CST
             total       used       free     shared    buffers     cached
Mem:         15945      13685       2260          0         50       9023
-/+ buffers/cache:       4610      11334
Swap:         8039          0       8039

2019年 07月 24日 星期三 05:00:40 CST
             total       used       free     shared    buffers     cached
Mem:         15945      13533       2412          0         50       9098
-/+ buffers/cache:       4384      11560
Swap:         8039          0       8039

2019年 07月 24日 星期三 05:00:44 CST
             total       used       free     shared    buffers     cached
Mem:         15945      14098       1846          0         50       9077
-/+ buffers/cache:       4971      10974
Swap:         8039          0       8039

2019年 07月 24日 星期三 05:00:48 CST
             total       used       free     shared    buffers     cached
Mem:         15945      14701       1244          0         50       9151
-/+ buffers/cache:       5499      10446
Swap:         8039          0       8039

2019年 07月 24日 星期三 05:00:52 CST
             total       used       free     shared    buffers     cached
Mem:         15945      13014       2931          0         50       9018
-/+ buffers/cache:       3945      12000
Swap:         8039          0       8039

2019年 07月 24日 星期三 05:00:56 CST
             total       used       free     shared    buffers     cached
Mem:         15945      13104       2840          0         50       8912
-/+ buffers/cache:       4142      11803
Swap:         8039          0       8039

2019年 07月 24日 星期三 05:01:00 CST
             total       used       free     shared    buffers     cached
Mem:         15945      13418       2527          0         50       8970
-/+ buffers/cache:       4397      11548
Swap:         8039          0       8039

2019年 07月 24日 星期三 05:01:04 CST
             total       used       free     shared    buffers     cached
Mem:         15945      13581       2364          0         50       9049
-/+ buffers/cache:       4481      11464
Swap:         8039          0       8039

2019年 07月 24日 星期三 05:01:08 CST
             total       used       free     shared    buffers     cached
Mem:         15945      13663       2281          0         50       9112
-/+ buffers/cache:       4501      11444
Swap:         8039          0       8039

2019年 07月 24日 星期三 05:01:12 CST
             total       used       free     shared    buffers     cached
Mem:         15945      13761       2184          0         50       9188
-/+ buffers/cache:       4522      11423
Swap:         8039          0       8039

2019年 07月 24日 星期三 05:01:16 CST
             total       used       free     shared    buffers     cached
Mem:         15945      13840       2105          0         50       9251
-/+ buffers/cache:       4538      11407
Swap:         8039          0       8039

2019年 07月 24日 星期三 05:01:21 CST
             total       used       free     shared    buffers     cached
Mem:         15945      14011       1933          0         50       9331
-/+ buffers/cache:       4629      11316
Swap:         8039          0       8039

2019年 07月 24日 星期三 05:01:25 CST
             total       used       free     shared    buffers     cached
Mem:         15945      14085       1859          0         50       9392
-/+ buffers/cache:       4642      11302
Swap:         8039          0       8039

2019年 07月 24日 星期三 05:01:29 CST
             total       used       free     shared    buffers     cached
Mem:         15945      14180       1765          0         50       9463
-/+ buffers/cache:       4665      11279
Swap:         8039          0       8039

2019年 07月 24日 星期三 05:01:33 CST
             total       used       free     shared    buffers     cached
Mem:         15945      14315       1630          0         50       9580
-/+ buffers/cache:       4684      11261
Swap:         8039          0       8039

2019年 07月 24日 星期三 05:01:37 CST
             total       used       free     shared    buffers     cached
Mem:         15945      13695       2250          0         50       9654
-/+ buffers/cache:       3990      11955
Swap:         8039          0       8039

2019年 07月 24日 星期三 05:01:41 CST
             total       used       free     shared    buffers     cached
Mem:         15945      12902       3043          0         50       9514
-/+ buffers/cache:       3337      12608
Swap:         8039          0       8039

2019年 07月 24日 星期三 05:01:45 CST
             total       used       free     shared    buffers     cached
Mem:         15945      12931       3014          0         50       9540
-/+ buffers/cache:       3340      12605
Swap:         8039          0       8039

2019年 07月 24日 星期三 05:01:49 CST
             total       used       free     shared    buffers     cached
Mem:         15945      11325       4620          0         50       9328
-/+ buffers/cache:       1946      13999
Swap:         8039          0       8039

2019年 07月 24日 星期三 05:01:53 CST
             total       used       free     shared    buffers     cached
Mem:         15945      11323       4622          0         50       9328
-/+ buffers/cache:       1944      14001
Swap:         8039          0       8039

2019年 07月 24日 星期三 05:01:57 CST
             total       used       free     shared    buffers     cached
Mem:         15945      11136       4809          0         50       9143
-/+ buffers/cache:       1942      14003
Swap:         8039          0       8039

2019年 07月 24日 星期三 05:02:01 CST
             total       used       free     shared    buffers     cached
Mem:         15945      11136       4809          0         50       9143
-/+ buffers/cache:       1942      14003
Swap:         8039          0       8039

2019年 07月 24日 星期三 05:02:05 CST
             total       used       free     shared    buffers     cached
Mem:         15945      11134       4811          0         50       9143
-/+ buffers/cache:       1940      14005
Swap:         8039          0       8039

2019年 07月 24日 星期三 05:02:09 CST
             total       used       free     shared    buffers     cached
Mem:         15945      11133       4812          0         50       9143
-/+ buffers/cache:       1939      14006
Swap:         8039          0       8039

