
Linux 2.6.32-431.el6.x86_64 (slave1) 	2019年07月26日 	_x86_64_	(8 CPU)

21时28分09秒  CPU    %usr   %nice    %sys %iowait    %irq   %soft  %steal  %guest   %idle
21时28分10秒  all    1.38    0.00    0.50    0.00    0.00    0.00    0.00    0.00   98.12
平均时间:  all    1.38    0.00    0.50    0.00    0.00    0.00    0.00    0.00   98.12

Linux 2.6.32-431.el6.x86_64 (slave1) 	2019年07月26日 	_x86_64_	(8 CPU)

21时28分13秒  CPU    %usr   %nice    %sys %iowait    %irq   %soft  %steal  %guest   %idle
21时28分14秒  all    0.00    0.00    0.00    0.00    0.00    0.00    0.00    0.00  100.00
平均时间:  all    0.00    0.00    0.00    0.00    0.00    0.00    0.00    0.00  100.00

Linux 2.6.32-431.el6.x86_64 (slave1) 	2019年07月26日 	_x86_64_	(8 CPU)

21时28分17秒  CPU    %usr   %nice    %sys %iowait    %irq   %soft  %steal  %guest   %idle
21时28分18秒  all    0.00    0.00    0.00    0.00    0.00    0.00    0.00    0.00  100.00
平均时间:  all    0.00    0.00    0.00    0.00    0.00    0.00    0.00    0.00  100.00

Linux 2.6.32-431.el6.x86_64 (slave1) 	2019年07月26日 	_x86_64_	(8 CPU)

21时28分21秒  CPU    %usr   %nice    %sys %iowait    %irq   %soft  %steal  %guest   %idle
21时28分22秒  all    0.50    0.00    0.13    0.00    0.00    0.00    0.00    0.00   99.37
平均时间:  all    0.50    0.00    0.13    0.00    0.00    0.00    0.00    0.00   99.37

Linux 2.6.32-431.el6.x86_64 (slave1) 	2019年07月26日 	_x86_64_	(8 CPU)

21时28分25秒  CPU    %usr   %nice    %sys %iowait    %irq   %soft  %steal  %guest   %idle
21时28分26秒  all    0.00    0.00    0.00    0.00    0.00    0.00    0.00    0.00  100.00
平均时间:  all    0.00    0.00    0.00    0.00    0.00    0.00    0.00    0.00  100.00

Linux 2.6.32-431.el6.x86_64 (slave1) 	2019年07月26日 	_x86_64_	(8 CPU)

21时28分29秒  CPU    %usr   %nice    %sys %iowait    %irq   %soft  %steal  %guest   %idle
21时28分30秒  all    0.39    0.00    4.27    0.00    0.39    1.68    0.00    0.00   93.27
平均时间:  all    0.39    0.00    4.27    0.00    0.39    1.68    0.00    0.00   93.27

Linux 2.6.32-431.el6.x86_64 (slave1) 	2019年07月26日 	_x86_64_	(8 CPU)

21时28分33秒  CPU    %usr   %nice    %sys %iowait    %irq   %soft  %steal  %guest   %idle
21时28分34秒  all    7.89    0.00   15.92    0.00    0.53   11.84    0.00    0.00   63.82
平均时间:  all    7.89    0.00   15.92    0.00    0.53   11.84    0.00    0.00   63.82

Linux 2.6.32-431.el6.x86_64 (slave1) 	2019年07月26日 	_x86_64_	(8 CPU)

21时28分37秒  CPU    %usr   %nice    %sys %iowait    %irq   %soft  %steal  %guest   %idle
21时28分38秒  all   73.84    0.00   15.39    0.00    0.25    9.64    0.00    0.00    0.88
平均时间:  all   73.84    0.00   15.39    0.00    0.25    9.64    0.00    0.00    0.88

Linux 2.6.32-431.el6.x86_64 (slave1) 	2019年07月26日 	_x86_64_	(8 CPU)

21时28分41秒  CPU    %usr   %nice    %sys %iowait    %irq   %soft  %steal  %guest   %idle
21时28分42秒  all   70.32    0.00   18.45    0.00    0.37   10.85    0.00    0.00    0.00
平均时间:  all   70.32    0.00   18.45    0.00    0.37   10.85    0.00    0.00    0.00

Linux 2.6.32-431.el6.x86_64 (slave1) 	2019年07月26日 	_x86_64_	(8 CPU)

21时28分45秒  CPU    %usr   %nice    %sys %iowait    %irq   %soft  %steal  %guest   %idle
21时28分46秒  all   77.31    0.00   14.71    0.00    0.25    7.73    0.00    0.00    0.00
平均时间:  all   77.31    0.00   14.71    0.00    0.25    7.73    0.00    0.00    0.00

Linux 2.6.32-431.el6.x86_64 (slave1) 	2019年07月26日 	_x86_64_	(8 CPU)

21时28分49秒  CPU    %usr   %nice    %sys %iowait    %irq   %soft  %steal  %guest   %idle
21时28分50秒  all   73.50    0.00   17.88    0.00    0.25    8.38    0.00    0.00    0.00
平均时间:  all   73.50    0.00   17.88    0.00    0.25    8.38    0.00    0.00    0.00

Linux 2.6.32-431.el6.x86_64 (slave1) 	2019年07月26日 	_x86_64_	(8 CPU)

21时28分53秒  CPU    %usr   %nice    %sys %iowait    %irq   %soft  %steal  %guest   %idle
21时28分54秒  all   88.38    0.00    8.88    0.00    0.12    2.62    0.00    0.00    0.00
平均时间:  all   88.38    0.00    8.88    0.00    0.12    2.62    0.00    0.00    0.00

Linux 2.6.32-431.el6.x86_64 (slave1) 	2019年07月26日 	_x86_64_	(8 CPU)

21时28分57秒  CPU    %usr   %nice    %sys %iowait    %irq   %soft  %steal  %guest   %idle
21时28分58秒  all   90.85    0.00    6.14    0.00    0.00    0.00    0.00    0.00    3.01
平均时间:  all   90.85    0.00    6.14    0.00    0.00    0.00    0.00    0.00    3.01

Linux 2.6.32-431.el6.x86_64 (slave1) 	2019年07月26日 	_x86_64_	(8 CPU)

21时29分01秒  CPU    %usr   %nice    %sys %iowait    %irq   %soft  %steal  %guest   %idle
21时29分02秒  all   45.25    0.00    2.41    0.00    0.00    0.00    0.00    0.00   52.34
平均时间:  all   45.25    0.00    2.41    0.00    0.00    0.00    0.00    0.00   52.34

Linux 2.6.32-431.el6.x86_64 (slave1) 	2019年07月26日 	_x86_64_	(8 CPU)

21时29分05秒  CPU    %usr   %nice    %sys %iowait    %irq   %soft  %steal  %guest   %idle
21时29分06秒  all    0.38    0.00    0.25    0.00    0.00    0.00    0.00    0.00   99.37
平均时间:  all    0.38    0.00    0.25    0.00    0.00    0.00    0.00    0.00   99.37

Linux 2.6.32-431.el6.x86_64 (slave1) 	2019年07月26日 	_x86_64_	(8 CPU)

21时29分09秒  CPU    %usr   %nice    %sys %iowait    %irq   %soft  %steal  %guest   %idle
21时29分10秒  all    0.89    0.00    0.25    0.00    0.00    0.00    0.00    0.00   98.86
平均时间:  all    0.89    0.00    0.25    0.00    0.00    0.00    0.00    0.00   98.86

Linux 2.6.32-431.el6.x86_64 (slave1) 	2019年07月26日 	_x86_64_	(8 CPU)

21时29分13秒  CPU    %usr   %nice    %sys %iowait    %irq   %soft  %steal  %guest   %idle
21时29分14秒  all    4.83    0.00    1.52    0.00    0.00    0.00    0.00    0.00   93.65
平均时间:  all    4.83    0.00    1.52    0.00    0.00    0.00    0.00    0.00   93.65

Linux 2.6.32-431.el6.x86_64 (slave1) 	2019年07月26日 	_x86_64_	(8 CPU)

21时29分17秒  CPU    %usr   %nice    %sys %iowait    %irq   %soft  %steal  %guest   %idle
21时29分18秒  all   54.20    0.00    4.20    0.00    0.00    0.00    0.00    0.00   41.60
平均时间:  all   54.20    0.00    4.20    0.00    0.00    0.00    0.00    0.00   41.60

Linux 2.6.32-431.el6.x86_64 (slave1) 	2019年07月26日 	_x86_64_	(8 CPU)

21时29分21秒  CPU    %usr   %nice    %sys %iowait    %irq   %soft  %steal  %guest   %idle
21时29分22秒  all   35.99    0.00    3.47    0.00    0.00    0.13    0.00    0.00   60.41
平均时间:  all   35.99    0.00    3.47    0.00    0.00    0.13    0.00    0.00   60.41

Linux 2.6.32-431.el6.x86_64 (slave1) 	2019年07月26日 	_x86_64_	(8 CPU)

21时29分25秒  CPU    %usr   %nice    %sys %iowait    %irq   %soft  %steal  %guest   %idle
21时29分26秒  all   46.55    0.00    4.48    0.00    0.13    0.13    0.00    0.00   48.72
平均时间:  all   46.55    0.00    4.48    0.00    0.13    0.13    0.00    0.00   48.72

Linux 2.6.32-431.el6.x86_64 (slave1) 	2019年07月26日 	_x86_64_	(8 CPU)

21时29分29秒  CPU    %usr   %nice    %sys %iowait    %irq   %soft  %steal  %guest   %idle
21时29分30秒  all   17.35    0.00    3.60    0.00    0.13    0.00    0.00    0.00   78.92
平均时间:  all   17.35    0.00    3.60    0.00    0.13    0.00    0.00    0.00   78.92

Linux 2.6.32-431.el6.x86_64 (slave1) 	2019年07月26日 	_x86_64_	(8 CPU)

21时29分33秒  CPU    %usr   %nice    %sys %iowait    %irq   %soft  %steal  %guest   %idle
21时29分34秒  all   35.39    0.00    6.44    0.00    0.13    0.13    0.00    0.00   57.92
平均时间:  all   35.39    0.00    6.44    0.00    0.13    0.13    0.00    0.00   57.92

Linux 2.6.32-431.el6.x86_64 (slave1) 	2019年07月26日 	_x86_64_	(8 CPU)

21时29分37秒  CPU    %usr   %nice    %sys %iowait    %irq   %soft  %steal  %guest   %idle
21时29分38秒  all    1.01    0.00    1.77    0.00    0.00    0.00    0.00    0.00   97.21
平均时间:  all    1.01    0.00    1.77    0.00    0.00    0.00    0.00    0.00   97.21

Linux 2.6.32-431.el6.x86_64 (slave1) 	2019年07月26日 	_x86_64_	(8 CPU)

21时29分41秒  CPU    %usr   %nice    %sys %iowait    %irq   %soft  %steal  %guest   %idle
21时29分42秒  all   23.34    0.00    3.95    0.00    0.00    0.00    0.00    0.00   72.70
平均时间:  all   23.34    0.00    3.95    0.00    0.00    0.00    0.00    0.00   72.70

Linux 2.6.32-431.el6.x86_64 (slave1) 	2019年07月26日 	_x86_64_	(8 CPU)

21时29分45秒  CPU    %usr   %nice    %sys %iowait    %irq   %soft  %steal  %guest   %idle
21时29分46秒  all   31.25    0.00    4.08    0.00    0.00    0.00    0.00    0.00   64.67
平均时间:  all   31.25    0.00    4.08    0.00    0.00    0.00    0.00    0.00   64.67

Linux 2.6.32-431.el6.x86_64 (slave1) 	2019年07月26日 	_x86_64_	(8 CPU)

21时29分49秒  CPU    %usr   %nice    %sys %iowait    %irq   %soft  %steal  %guest   %idle
21时29分50秒  all   12.90    0.00    6.58    0.00    0.00    6.84    0.00    0.00   73.68
平均时间:  all   12.90    0.00    6.58    0.00    0.00    6.84    0.00    0.00   73.68

Linux 2.6.32-431.el6.x86_64 (slave1) 	2019年07月26日 	_x86_64_	(8 CPU)

21时29分53秒  CPU    %usr   %nice    %sys %iowait    %irq   %soft  %steal  %guest   %idle
21时29分54秒  all   45.78    0.00    6.39    0.00    0.00    0.13    0.00    0.00   47.70
平均时间:  all   45.78    0.00    6.39    0.00    0.00    0.13    0.00    0.00   47.70

Linux 2.6.32-431.el6.x86_64 (slave1) 	2019年07月26日 	_x86_64_	(8 CPU)

21时29分57秒  CPU    %usr   %nice    %sys %iowait    %irq   %soft  %steal  %guest   %idle
21时29分58秒  all   59.06    0.00    3.30    0.00    0.00    0.00    0.00    0.00   37.64
平均时间:  all   59.06    0.00    3.30    0.00    0.00    0.00    0.00    0.00   37.64

Linux 2.6.32-431.el6.x86_64 (slave1) 	2019年07月26日 	_x86_64_	(8 CPU)

21时30分01秒  CPU    %usr   %nice    %sys %iowait    %irq   %soft  %steal  %guest   %idle
21时30分02秒  all   57.83    0.00    4.08    0.00    0.00    1.02    0.00    0.00   37.07
平均时间:  all   57.83    0.00    4.08    0.00    0.00    1.02    0.00    0.00   37.07

Linux 2.6.32-431.el6.x86_64 (slave1) 	2019年07月26日 	_x86_64_	(8 CPU)

21时30分05秒  CPU    %usr   %nice    %sys %iowait    %irq   %soft  %steal  %guest   %idle
21时30分06秒  all   51.60    0.00   12.13    0.00    0.00    0.51    0.00    0.00   35.76
平均时间:  all   51.60    0.00   12.13    0.00    0.00    0.51    0.00    0.00   35.76

Linux 2.6.32-431.el6.x86_64 (slave1) 	2019年07月26日 	_x86_64_	(8 CPU)

21时30分09秒  CPU    %usr   %nice    %sys %iowait    %irq   %soft  %steal  %guest   %idle
21时30分10秒  all   37.03    0.00    9.16    0.00    0.00    1.94    0.00    0.00   51.87
平均时间:  all   37.03    0.00    9.16    0.00    0.00    1.94    0.00    0.00   51.87

Linux 2.6.32-431.el6.x86_64 (slave1) 	2019年07月26日 	_x86_64_	(8 CPU)

21时30分13秒  CPU    %usr   %nice    %sys %iowait    %irq   %soft  %steal  %guest   %idle
21时30分14秒  all   38.71    0.00   18.36    0.00    0.40    9.51    0.00    0.00   33.03
平均时间:  all   38.71    0.00   18.36    0.00    0.40    9.51    0.00    0.00   33.03

Linux 2.6.32-431.el6.x86_64 (slave1) 	2019年07月26日 	_x86_64_	(8 CPU)

21时30分18秒  CPU    %usr   %nice    %sys %iowait    %irq   %soft  %steal  %guest   %idle
21时30分19秒  all   36.36    0.00   11.86    0.00    0.66   18.18    0.00    0.00   32.94
平均时间:  all   36.36    0.00   11.86    0.00    0.66   18.18    0.00    0.00   32.94

Linux 2.6.32-431.el6.x86_64 (slave1) 	2019年07月26日 	_x86_64_	(8 CPU)

21时30分22秒  CPU    %usr   %nice    %sys %iowait    %irq   %soft  %steal  %guest   %idle
21时30分23秒  all   29.84    0.00   18.19    0.00    0.79   20.16    0.00    0.00   31.02
平均时间:  all   29.84    0.00   18.19    0.00    0.79   20.16    0.00    0.00   31.02

Linux 2.6.32-431.el6.x86_64 (slave1) 	2019年07月26日 	_x86_64_	(8 CPU)

21时30分26秒  CPU    %usr   %nice    %sys %iowait    %irq   %soft  %steal  %guest   %idle
21时30分27秒  all   32.62    0.00   10.39    0.00    0.53   19.44    0.00    0.00   37.02
平均时间:  all   32.62    0.00   10.39    0.00    0.53   19.44    0.00    0.00   37.02

Linux 2.6.32-431.el6.x86_64 (slave1) 	2019年07月26日 	_x86_64_	(8 CPU)

21时30分30秒  CPU    %usr   %nice    %sys %iowait    %irq   %soft  %steal  %guest   %idle
21时30分31秒  all   31.73    0.00   13.65    0.00    0.54   18.88    0.00    0.00   35.21
平均时间:  all   31.73    0.00   13.65    0.00    0.54   18.88    0.00    0.00   35.21

Linux 2.6.32-431.el6.x86_64 (slave1) 	2019年07月26日 	_x86_64_	(8 CPU)

21时30分34秒  CPU    %usr   %nice    %sys %iowait    %irq   %soft  %steal  %guest   %idle
21时30分35秒  all   43.21    0.00   14.40    0.00    0.41    9.92    0.00    0.00   32.07
平均时间:  all   43.21    0.00   14.40    0.00    0.41    9.92    0.00    0.00   32.07

Linux 2.6.32-431.el6.x86_64 (slave1) 	2019年07月26日 	_x86_64_	(8 CPU)

21时30分38秒  CPU    %usr   %nice    %sys %iowait    %irq   %soft  %steal  %guest   %idle
21时30分39秒  all   87.58    0.00    8.91    0.00    0.13    2.63    0.00    0.00    0.75
平均时间:  all   87.58    0.00    8.91    0.00    0.13    2.63    0.00    0.00    0.75

Linux 2.6.32-431.el6.x86_64 (slave1) 	2019年07月26日 	_x86_64_	(8 CPU)

21时30分42秒  CPU    %usr   %nice    %sys %iowait    %irq   %soft  %steal  %guest   %idle
21时30分43秒  all   54.06    0.00   10.19    0.00    0.00    1.03    0.00    0.00   34.71
平均时间:  all   54.06    0.00   10.19    0.00    0.00    1.03    0.00    0.00   34.71

Linux 2.6.32-431.el6.x86_64 (slave1) 	2019年07月26日 	_x86_64_	(8 CPU)

21时30分46秒  CPU    %usr   %nice    %sys %iowait    %irq   %soft  %steal  %guest   %idle
21时30分47秒  all   35.44    0.00   15.08    0.00    0.00    8.25    0.00    0.00   41.24
平均时间:  all   35.44    0.00   15.08    0.00    0.00    8.25    0.00    0.00   41.24

Linux 2.6.32-431.el6.x86_64 (slave1) 	2019年07月26日 	_x86_64_	(8 CPU)

21时30分50秒  CPU    %usr   %nice    %sys %iowait    %irq   %soft  %steal  %guest   %idle
21时30分51秒  all   83.54    0.00   10.93    0.00    0.00    0.00    0.00    0.00    5.53
平均时间:  all   83.54    0.00   10.93    0.00    0.00    0.00    0.00    0.00    5.53

Linux 2.6.32-431.el6.x86_64 (slave1) 	2019年07月26日 	_x86_64_	(8 CPU)

21时30分54秒  CPU    %usr   %nice    %sys %iowait    %irq   %soft  %steal  %guest   %idle
21时30分55秒  all   52.97    0.00    7.84    0.00    0.00    0.00    0.00    0.00   39.19
平均时间:  all   52.97    0.00    7.84    0.00    0.00    0.00    0.00    0.00   39.19

Linux 2.6.32-431.el6.x86_64 (slave1) 	2019年07月26日 	_x86_64_	(8 CPU)

21时30分58秒  CPU    %usr   %nice    %sys %iowait    %irq   %soft  %steal  %guest   %idle
21时30分59秒  all   43.66    0.00   11.91    0.00    0.00    0.38    0.00    0.00   44.05
平均时间:  all   43.66    0.00   11.91    0.00    0.00    0.38    0.00    0.00   44.05

Linux 2.6.32-431.el6.x86_64 (slave1) 	2019年07月26日 	_x86_64_	(8 CPU)

21时31分02秒  CPU    %usr   %nice    %sys %iowait    %irq   %soft  %steal  %guest   %idle
21时31分03秒  all   71.01    0.00   12.39    0.00    0.00    0.26    0.00    0.00   16.35
平均时间:  all   71.01    0.00   12.39    0.00    0.00    0.26    0.00    0.00   16.35

Linux 2.6.32-431.el6.x86_64 (slave1) 	2019年07月26日 	_x86_64_	(8 CPU)

21时31分06秒  CPU    %usr   %nice    %sys %iowait    %irq   %soft  %steal  %guest   %idle
21时31分07秒  all   70.25    0.00    6.54    0.00    0.00    0.47    0.00    0.00   22.74
平均时间:  all   70.25    0.00    6.54    0.00    0.00    0.47    0.00    0.00   22.74

Linux 2.6.32-431.el6.x86_64 (slave1) 	2019年07月26日 	_x86_64_	(8 CPU)

21时31分10秒  CPU    %usr   %nice    %sys %iowait    %irq   %soft  %steal  %guest   %idle
21时31分11秒  all   76.24    0.00   13.34    0.00    0.00    0.51    0.00    0.00    9.91
平均时间:  all   76.24    0.00   13.34    0.00    0.00    0.51    0.00    0.00    9.91

Linux 2.6.32-431.el6.x86_64 (slave1) 	2019年07月26日 	_x86_64_	(8 CPU)

21时31分14秒  CPU    %usr   %nice    %sys %iowait    %irq   %soft  %steal  %guest   %idle
21时31分15秒  all   83.08    0.00   14.41    0.00    0.00    1.00    0.00    0.00    1.50
平均时间:  all   83.08    0.00   14.41    0.00    0.00    1.00    0.00    0.00    1.50

Linux 2.6.32-431.el6.x86_64 (slave1) 	2019年07月26日 	_x86_64_	(8 CPU)

21时31分18秒  CPU    %usr   %nice    %sys %iowait    %irq   %soft  %steal  %guest   %idle
21时31分19秒  all   87.61    0.00    9.54    0.00    0.00    0.12    0.00    0.00    2.73
平均时间:  all   87.61    0.00    9.54    0.00    0.00    0.12    0.00    0.00    2.73

Linux 2.6.32-431.el6.x86_64 (slave1) 	2019年07月26日 	_x86_64_	(8 CPU)

21时31分22秒  CPU    %usr   %nice    %sys %iowait    %irq   %soft  %steal  %guest   %idle
21时31分23秒  all   91.00    0.00    8.62    0.00    0.00    0.38    0.00    0.00    0.00
平均时间:  all   91.00    0.00    8.62    0.00    0.00    0.38    0.00    0.00    0.00

Linux 2.6.32-431.el6.x86_64 (slave1) 	2019年07月26日 	_x86_64_	(8 CPU)

21时31分26秒  CPU    %usr   %nice    %sys %iowait    %irq   %soft  %steal  %guest   %idle
21时31分27秒  all   89.14    0.00    9.49    0.00    0.12    1.25    0.00    0.00    0.00
平均时间:  all   89.14    0.00    9.49    0.00    0.12    1.25    0.00    0.00    0.00

Linux 2.6.32-431.el6.x86_64 (slave1) 	2019年07月26日 	_x86_64_	(8 CPU)

21时31分30秒  CPU    %usr   %nice    %sys %iowait    %irq   %soft  %steal  %guest   %idle
21时31分31秒  all   95.01    0.00    4.37    0.00    0.12    0.50    0.00    0.00    0.00
平均时间:  all   95.01    0.00    4.37    0.00    0.12    0.50    0.00    0.00    0.00

Linux 2.6.32-431.el6.x86_64 (slave1) 	2019年07月26日 	_x86_64_	(8 CPU)

21时31分34秒  CPU    %usr   %nice    %sys %iowait    %irq   %soft  %steal  %guest   %idle
21时31分35秒  all   95.13    0.00    4.62    0.00    0.12    0.12    0.00    0.00    0.00
平均时间:  all   95.13    0.00    4.62    0.00    0.12    0.12    0.00    0.00    0.00

Linux 2.6.32-431.el6.x86_64 (slave1) 	2019年07月26日 	_x86_64_	(8 CPU)

21时31分38秒  CPU    %usr   %nice    %sys %iowait    %irq   %soft  %steal  %guest   %idle
21时31分39秒  all   90.19    0.00    6.16    0.00    0.00    0.25    0.00    0.00    3.40
平均时间:  all   90.19    0.00    6.16    0.00    0.00    0.25    0.00    0.00    3.40

Linux 2.6.32-431.el6.x86_64 (slave1) 	2019年07月26日 	_x86_64_	(8 CPU)

21时31分42秒  CPU    %usr   %nice    %sys %iowait    %irq   %soft  %steal  %guest   %idle
21时31分43秒  all   83.77    0.00    6.42    0.00    0.00    0.63    0.00    0.00    9.18
平均时间:  all   83.77    0.00    6.42    0.00    0.00    0.63    0.00    0.00    9.18

Linux 2.6.32-431.el6.x86_64 (slave1) 	2019年07月26日 	_x86_64_	(8 CPU)

21时31分46秒  CPU    %usr   %nice    %sys %iowait    %irq   %soft  %steal  %guest   %idle
21时31分47秒  all   79.75    0.00    4.40    0.00    0.00    0.38    0.00    0.00   15.47
平均时间:  all   79.75    0.00    4.40    0.00    0.00    0.38    0.00    0.00   15.47

Linux 2.6.32-431.el6.x86_64 (slave1) 	2019年07月26日 	_x86_64_	(8 CPU)

21时31分50秒  CPU    %usr   %nice    %sys %iowait    %irq   %soft  %steal  %guest   %idle
21时31分51秒  all   74.62    0.00   13.94    0.00    0.13    9.67    0.00    0.00    1.63
平均时间:  all   74.62    0.00   13.94    0.00    0.13    9.67    0.00    0.00    1.63

Linux 2.6.32-431.el6.x86_64 (slave1) 	2019年07月26日 	_x86_64_	(8 CPU)

21时31分54秒  CPU    %usr   %nice    %sys %iowait    %irq   %soft  %steal  %guest   %idle
21时31分55秒  all   73.22    0.00   15.14    0.00    0.25    9.51    0.00    0.00    1.88
平均时间:  all   73.22    0.00   15.14    0.00    0.25    9.51    0.00    0.00    1.88

Linux 2.6.32-431.el6.x86_64 (slave1) 	2019年07月26日 	_x86_64_	(8 CPU)

21时31分58秒  CPU    %usr   %nice    %sys %iowait    %irq   %soft  %steal  %guest   %idle
21时31分59秒  all   35.76    0.00   15.60    0.00    0.78   21.59    0.00    0.00   26.27
平均时间:  all   35.76    0.00   15.60    0.00    0.78   21.59    0.00    0.00   26.27

Linux 2.6.32-431.el6.x86_64 (slave1) 	2019年07月26日 	_x86_64_	(8 CPU)

21时32分02秒  CPU    %usr   %nice    %sys %iowait    %irq   %soft  %steal  %guest   %idle
21时32分03秒  all   61.93    0.00   18.34    0.00    0.25   17.09    0.00    0.00    2.39
平均时间:  all   61.93    0.00   18.34    0.00    0.25   17.09    0.00    0.00    2.39

Linux 2.6.32-431.el6.x86_64 (slave1) 	2019年07月26日 	_x86_64_	(8 CPU)

21时32分06秒  CPU    %usr   %nice    %sys %iowait    %irq   %soft  %steal  %guest   %idle
21时32分07秒  all   64.12    0.00   18.75    0.00    0.25   16.75    0.00    0.00    0.12
平均时间:  all   64.12    0.00   18.75    0.00    0.25   16.75    0.00    0.00    0.12

Linux 2.6.32-431.el6.x86_64 (slave1) 	2019年07月26日 	_x86_64_	(8 CPU)

21时32分10秒  CPU    %usr   %nice    %sys %iowait    %irq   %soft  %steal  %guest   %idle
21时32分11秒  all   67.80    0.00   20.75    0.00    0.25    9.81    0.00    0.00    1.38
平均时间:  all   67.80    0.00   20.75    0.00    0.25    9.81    0.00    0.00    1.38

Linux 2.6.32-431.el6.x86_64 (slave1) 	2019年07月26日 	_x86_64_	(8 CPU)

21时32分15秒  CPU    %usr   %nice    %sys %iowait    %irq   %soft  %steal  %guest   %idle
21时32分16秒  all   76.54    0.00   15.18    0.00    0.38    7.90    0.00    0.00    0.00
平均时间:  all   76.54    0.00   15.18    0.00    0.38    7.90    0.00    0.00    0.00

Linux 2.6.32-431.el6.x86_64 (slave1) 	2019年07月26日 	_x86_64_	(8 CPU)

21时32分19秒  CPU    %usr   %nice    %sys %iowait    %irq   %soft  %steal  %guest   %idle
21时32分20秒  all   59.22    0.00   25.51    0.00    0.38   14.90    0.00    0.00    0.00
平均时间:  all   59.22    0.00   25.51    0.00    0.38   14.90    0.00    0.00    0.00

Linux 2.6.32-431.el6.x86_64 (slave1) 	2019年07月26日 	_x86_64_	(8 CPU)

21时32分23秒  CPU    %usr   %nice    %sys %iowait    %irq   %soft  %steal  %guest   %idle
21时32分24秒  all   88.10    0.00   10.90    0.00    0.00    1.00    0.00    0.00    0.00
平均时间:  all   88.10    0.00   10.90    0.00    0.00    1.00    0.00    0.00    0.00

Linux 2.6.32-431.el6.x86_64 (slave1) 	2019年07月26日 	_x86_64_	(8 CPU)

21时32分27秒  CPU    %usr   %nice    %sys %iowait    %irq   %soft  %steal  %guest   %idle
21时32分28秒  all   85.93    0.00    8.49    0.00    0.13    1.01    0.00    0.00    4.44
平均时间:  all   85.93    0.00    8.49    0.00    0.13    1.01    0.00    0.00    4.44

Linux 2.6.32-431.el6.x86_64 (slave1) 	2019年07月26日 	_x86_64_	(8 CPU)

21时32分31秒  CPU    %usr   %nice    %sys %iowait    %irq   %soft  %steal  %guest   %idle
21时32分32秒  all   85.86    0.00    7.72    0.00    0.13    0.65    0.00    0.00    5.63
平均时间:  all   85.86    0.00    7.72    0.00    0.13    0.65    0.00    0.00    5.63

Linux 2.6.32-431.el6.x86_64 (slave1) 	2019年07月26日 	_x86_64_	(8 CPU)

21时32分35秒  CPU    %usr   %nice    %sys %iowait    %irq   %soft  %steal  %guest   %idle
21时32分36秒  all   94.62    0.00    5.26    0.00    0.00    0.13    0.00    0.00    0.00
平均时间:  all   94.62    0.00    5.26    0.00    0.00    0.13    0.00    0.00    0.00

Linux 2.6.32-431.el6.x86_64 (slave1) 	2019年07月26日 	_x86_64_	(8 CPU)

21时32分39秒  CPU    %usr   %nice    %sys %iowait    %irq   %soft  %steal  %guest   %idle
21时32分40秒  all   93.23    0.00    6.52    0.00    0.00    0.25    0.00    0.00    0.00
平均时间:  all   93.23    0.00    6.52    0.00    0.00    0.25    0.00    0.00    0.00

Linux 2.6.32-431.el6.x86_64 (slave1) 	2019年07月26日 	_x86_64_	(8 CPU)

21时32分43秒  CPU    %usr   %nice    %sys %iowait    %irq   %soft  %steal  %guest   %idle
21时32分44秒  all   82.51    0.00    8.87    0.00    0.00    0.89    0.00    0.00    7.73
平均时间:  all   82.51    0.00    8.87    0.00    0.00    0.89    0.00    0.00    7.73

Linux 2.6.32-431.el6.x86_64 (slave1) 	2019年07月26日 	_x86_64_	(8 CPU)

21时32分47秒  CPU    %usr   %nice    %sys %iowait    %irq   %soft  %steal  %guest   %idle
21时32分48秒  all   61.41    0.00    3.28    0.00    0.00    0.63    0.00    0.00   34.68
平均时间:  all   61.41    0.00    3.28    0.00    0.00    0.63    0.00    0.00   34.68

Linux 2.6.32-431.el6.x86_64 (slave1) 	2019年07月26日 	_x86_64_	(8 CPU)

21时32分51秒  CPU    %usr   %nice    %sys %iowait    %irq   %soft  %steal  %guest   %idle
21时32分52秒  all   51.67    0.00    9.38    0.00    0.00    2.57    0.00    0.00   36.38
平均时间:  all   51.67    0.00    9.38    0.00    0.00    2.57    0.00    0.00   36.38

Linux 2.6.32-431.el6.x86_64 (slave1) 	2019年07月26日 	_x86_64_	(8 CPU)

21时32分55秒  CPU    %usr   %nice    %sys %iowait    %irq   %soft  %steal  %guest   %idle
21时32分56秒  all   65.17    0.00    9.77    0.00    0.00    1.16    0.00    0.00   23.91
平均时间:  all   65.17    0.00    9.77    0.00    0.00    1.16    0.00    0.00   23.91

Linux 2.6.32-431.el6.x86_64 (slave1) 	2019年07月26日 	_x86_64_	(8 CPU)

21时32分59秒  CPU    %usr   %nice    %sys %iowait    %irq   %soft  %steal  %guest   %idle
21时33分00秒  all   79.06    0.00   10.53    0.00    0.00    0.63    0.00    0.00    9.77
平均时间:  all   79.06    0.00   10.53    0.00    0.00    0.63    0.00    0.00    9.77

Linux 2.6.32-431.el6.x86_64 (slave1) 	2019年07月26日 	_x86_64_	(8 CPU)

21时33分03秒  CPU    %usr   %nice    %sys %iowait    %irq   %soft  %steal  %guest   %idle
21时33分04秒  all   64.32    0.00    7.16    0.00    0.00    0.38    0.00    0.00   28.13
平均时间:  all   64.32    0.00    7.16    0.00    0.00    0.38    0.00    0.00   28.13

Linux 2.6.32-431.el6.x86_64 (slave1) 	2019年07月26日 	_x86_64_	(8 CPU)

21时33分07秒  CPU    %usr   %nice    %sys %iowait    %irq   %soft  %steal  %guest   %idle
21时33分08秒  all   95.86    0.00    4.14    0.00    0.00    0.00    0.00    0.00    0.00
平均时间:  all   95.86    0.00    4.14    0.00    0.00    0.00    0.00    0.00    0.00

Linux 2.6.32-431.el6.x86_64 (slave1) 	2019年07月26日 	_x86_64_	(8 CPU)

21时33分11秒  CPU    %usr   %nice    %sys %iowait    %irq   %soft  %steal  %guest   %idle
21时33分12秒  all   82.85    0.00   12.61    0.00    0.00    0.88    0.00    0.00    3.66
平均时间:  all   82.85    0.00   12.61    0.00    0.00    0.88    0.00    0.00    3.66

Linux 2.6.32-431.el6.x86_64 (slave1) 	2019年07月26日 	_x86_64_	(8 CPU)

21时33分15秒  CPU    %usr   %nice    %sys %iowait    %irq   %soft  %steal  %guest   %idle
21时33分16秒  all   67.09    0.00   17.97    0.00    0.00    2.15    0.00    0.00   12.78
平均时间:  all   67.09    0.00   17.97    0.00    0.00    2.15    0.00    0.00   12.78

Linux 2.6.32-431.el6.x86_64 (slave1) 	2019年07月26日 	_x86_64_	(8 CPU)

21时33分19秒  CPU    %usr   %nice    %sys %iowait    %irq   %soft  %steal  %guest   %idle
21时33分20秒  all   85.21    0.00   12.03    0.00    0.00    0.13    0.00    0.00    2.63
平均时间:  all   85.21    0.00   12.03    0.00    0.00    0.13    0.00    0.00    2.63

Linux 2.6.32-431.el6.x86_64 (slave1) 	2019年07月26日 	_x86_64_	(8 CPU)

21时33分24秒  CPU    %usr   %nice    %sys %iowait    %irq   %soft  %steal  %guest   %idle
21时33分25秒  all   49.30    0.00    5.62    0.00    0.00    0.26    0.00    0.00   44.83
平均时间:  all   49.30    0.00    5.62    0.00    0.00    0.26    0.00    0.00   44.83

Linux 2.6.32-431.el6.x86_64 (slave1) 	2019年07月26日 	_x86_64_	(8 CPU)

21时33分28秒  CPU    %usr   %nice    %sys %iowait    %irq   %soft  %steal  %guest   %idle
21时33分29秒  all   65.74    0.00   11.29    0.00    0.13    0.38    0.00    0.00   22.46
平均时间:  all   65.74    0.00   11.29    0.00    0.13    0.38    0.00    0.00   22.46

Linux 2.6.32-431.el6.x86_64 (slave1) 	2019年07月26日 	_x86_64_	(8 CPU)

21时33分32秒  CPU    %usr   %nice    %sys %iowait    %irq   %soft  %steal  %guest   %idle
21时33分33秒  all   87.95    0.00    9.54    0.00    0.00    0.38    0.00    0.00    2.13
平均时间:  all   87.95    0.00    9.54    0.00    0.00    0.38    0.00    0.00    2.13

Linux 2.6.32-431.el6.x86_64 (slave1) 	2019年07月26日 	_x86_64_	(8 CPU)

21时33分36秒  CPU    %usr   %nice    %sys %iowait    %irq   %soft  %steal  %guest   %idle
21时33分37秒  all   84.82    0.00   12.55    0.00    0.00    0.50    0.00    0.00    2.13
平均时间:  all   84.82    0.00   12.55    0.00    0.00    0.50    0.00    0.00    2.13

Linux 2.6.32-431.el6.x86_64 (slave1) 	2019年07月26日 	_x86_64_	(8 CPU)

21时33分40秒  CPU    %usr   %nice    %sys %iowait    %irq   %soft  %steal  %guest   %idle
21时33分41秒  all   86.77    0.00   11.49    0.00    0.00    0.62    0.00    0.00    1.12
平均时间:  all   86.77    0.00   11.49    0.00    0.00    0.62    0.00    0.00    1.12

Linux 2.6.32-431.el6.x86_64 (slave1) 	2019年07月26日 	_x86_64_	(8 CPU)

21时33分44秒  CPU    %usr   %nice    %sys %iowait    %irq   %soft  %steal  %guest   %idle
21时33分45秒  all   91.51    0.00    7.74    0.00    0.00    0.12    0.00    0.00    0.62
平均时间:  all   91.51    0.00    7.74    0.00    0.00    0.12    0.00    0.00    0.62

Linux 2.6.32-431.el6.x86_64 (slave1) 	2019年07月26日 	_x86_64_	(8 CPU)

21时33分48秒  CPU    %usr   %nice    %sys %iowait    %irq   %soft  %steal  %guest   %idle
21时33分49秒  all   85.64    0.00    6.55    0.00    0.00    1.01    0.00    0.00    6.80
平均时间:  all   85.64    0.00    6.55    0.00    0.00    1.01    0.00    0.00    6.80

Linux 2.6.32-431.el6.x86_64 (slave1) 	2019年07月26日 	_x86_64_	(8 CPU)

21时33分52秒  CPU    %usr   %nice    %sys %iowait    %irq   %soft  %steal  %guest   %idle
21时33分53秒  all   74.84    0.00    7.28    0.00    0.00    0.38    0.00    0.00   17.50
平均时间:  all   74.84    0.00    7.28    0.00    0.00    0.38    0.00    0.00   17.50

Linux 2.6.32-431.el6.x86_64 (slave1) 	2019年07月26日 	_x86_64_	(8 CPU)

21时33分56秒  CPU    %usr   %nice    %sys %iowait    %irq   %soft  %steal  %guest   %idle
21时33分57秒  all   14.36    0.00    2.31    0.00    0.00    1.03    0.00    0.00   82.31
平均时间:  all   14.36    0.00    2.31    0.00    0.00    1.03    0.00    0.00   82.31

Linux 2.6.32-431.el6.x86_64 (slave1) 	2019年07月26日 	_x86_64_	(8 CPU)

21时34分00秒  CPU    %usr   %nice    %sys %iowait    %irq   %soft  %steal  %guest   %idle
21时34分01秒  all   42.78    0.00    4.60    0.00    0.00    0.00    0.00    0.00   52.62
平均时间:  all   42.78    0.00    4.60    0.00    0.00    0.00    0.00    0.00   52.62

Linux 2.6.32-431.el6.x86_64 (slave1) 	2019年07月26日 	_x86_64_	(8 CPU)

21时34分04秒  CPU    %usr   %nice    %sys %iowait    %irq   %soft  %steal  %guest   %idle
21时34分05秒  all   10.50    0.00    2.82    0.00    0.00    0.00    0.00    0.00   86.68
平均时间:  all   10.50    0.00    2.82    0.00    0.00    0.00    0.00    0.00   86.68

Linux 2.6.32-431.el6.x86_64 (slave1) 	2019年07月26日 	_x86_64_	(8 CPU)

21时34分08秒  CPU    %usr   %nice    %sys %iowait    %irq   %soft  %steal  %guest   %idle
21时34分09秒  all   22.90    0.00    6.47    0.00    0.13    2.20    0.00    0.00   68.31
平均时间:  all   22.90    0.00    6.47    0.00    0.13    2.20    0.00    0.00   68.31

Linux 2.6.32-431.el6.x86_64 (slave1) 	2019年07月26日 	_x86_64_	(8 CPU)

21时34分12秒  CPU    %usr   %nice    %sys %iowait    %irq   %soft  %steal  %guest   %idle
21时34分13秒  all   37.87    0.00   13.61    0.00    0.00    1.67    0.00    0.00   46.85
平均时间:  all   37.87    0.00   13.61    0.00    0.00    1.67    0.00    0.00   46.85

Linux 2.6.32-431.el6.x86_64 (slave1) 	2019年07月26日 	_x86_64_	(8 CPU)

21时34分16秒  CPU    %usr   %nice    %sys %iowait    %irq   %soft  %steal  %guest   %idle
21时34分17秒  all   28.06    0.00    4.12    0.00    0.00    0.26    0.00    0.00   67.57
平均时间:  all   28.06    0.00    4.12    0.00    0.00    0.26    0.00    0.00   67.57

Linux 2.6.32-431.el6.x86_64 (slave1) 	2019年07月26日 	_x86_64_	(8 CPU)

21时34分20秒  CPU    %usr   %nice    %sys %iowait    %irq   %soft  %steal  %guest   %idle
21时34分21秒  all   75.35    0.00   11.63    0.00    0.00    0.00    0.00    0.00   13.02
平均时间:  all   75.35    0.00   11.63    0.00    0.00    0.00    0.00    0.00   13.02

Linux 2.6.32-431.el6.x86_64 (slave1) 	2019年07月26日 	_x86_64_	(8 CPU)

21时34分24秒  CPU    %usr   %nice    %sys %iowait    %irq   %soft  %steal  %guest   %idle
21时34分25秒  all   75.00    0.00    8.63    0.00    0.00    0.00    0.00    0.00   16.37
平均时间:  all   75.00    0.00    8.63    0.00    0.00    0.00    0.00    0.00   16.37

Linux 2.6.32-431.el6.x86_64 (slave1) 	2019年07月26日 	_x86_64_	(8 CPU)

21时34分28秒  CPU    %usr   %nice    %sys %iowait    %irq   %soft  %steal  %guest   %idle
21时34分29秒  all   94.49    0.00    3.13    0.00    0.13    0.50    0.00    0.00    1.75
平均时间:  all   94.49    0.00    3.13    0.00    0.13    0.50    0.00    0.00    1.75

Linux 2.6.32-431.el6.x86_64 (slave1) 	2019年07月26日 	_x86_64_	(8 CPU)

21时34分32秒  CPU    %usr   %nice    %sys %iowait    %irq   %soft  %steal  %guest   %idle
21时34分33秒  all   38.64    0.00    3.72    0.00    0.13    0.90    0.00    0.00   56.61
平均时间:  all   38.64    0.00    3.72    0.00    0.13    0.90    0.00    0.00   56.61

Linux 2.6.32-431.el6.x86_64 (slave1) 	2019年07月26日 	_x86_64_	(8 CPU)

21时34分36秒  CPU    %usr   %nice    %sys %iowait    %irq   %soft  %steal  %guest   %idle
21时34分37秒  all   39.51    0.00    4.12    0.00    0.00    0.77    0.00    0.00   55.60
平均时间:  all   39.51    0.00    4.12    0.00    0.00    0.77    0.00    0.00   55.60

Linux 2.6.32-431.el6.x86_64 (slave1) 	2019年07月26日 	_x86_64_	(8 CPU)

21时34分40秒  CPU    %usr   %nice    %sys %iowait    %irq   %soft  %steal  %guest   %idle
21时34分41秒  all   40.69    0.00    4.49    0.00    0.13    0.90    0.00    0.00   53.79
平均时间:  all   40.69    0.00    4.49    0.00    0.13    0.90    0.00    0.00   53.79

Linux 2.6.32-431.el6.x86_64 (slave1) 	2019年07月26日 	_x86_64_	(8 CPU)

21时34分44秒  CPU    %usr   %nice    %sys %iowait    %irq   %soft  %steal  %guest   %idle
21时34分45秒  all   47.64    0.00    7.54    0.00    0.00    2.43    0.00    0.00   42.40
平均时间:  all   47.64    0.00    7.54    0.00    0.00    2.43    0.00    0.00   42.40

Linux 2.6.32-431.el6.x86_64 (slave1) 	2019年07月26日 	_x86_64_	(8 CPU)

21时34分48秒  CPU    %usr   %nice    %sys %iowait    %irq   %soft  %steal  %guest   %idle
21时34分49秒  all   45.95    0.00    4.63    0.00    0.00    0.64    0.00    0.00   48.78
平均时间:  all   45.95    0.00    4.63    0.00    0.00    0.64    0.00    0.00   48.78

Linux 2.6.32-431.el6.x86_64 (slave1) 	2019年07月26日 	_x86_64_	(8 CPU)

21时34分52秒  CPU    %usr   %nice    %sys %iowait    %irq   %soft  %steal  %guest   %idle
21时34分53秒  all   72.46    0.00    6.09    0.00    0.00    0.76    0.00    0.00   20.69
平均时间:  all   72.46    0.00    6.09    0.00    0.00    0.76    0.00    0.00   20.69

Linux 2.6.32-431.el6.x86_64 (slave1) 	2019年07月26日 	_x86_64_	(8 CPU)

21时34分56秒  CPU    %usr   %nice    %sys %iowait    %irq   %soft  %steal  %guest   %idle
21时34分57秒  all   60.21    0.00   10.65    0.00    0.13    1.16    0.00    0.00   27.86
平均时间:  all   60.21    0.00   10.65    0.00    0.13    1.16    0.00    0.00   27.86

Linux 2.6.32-431.el6.x86_64 (slave1) 	2019年07月26日 	_x86_64_	(8 CPU)

21时35分00秒  CPU    %usr   %nice    %sys %iowait    %irq   %soft  %steal  %guest   %idle
21时35分01秒  all   81.43    0.00   13.30    0.00    0.13    0.75    0.00    0.00    4.39
平均时间:  all   81.43    0.00   13.30    0.00    0.13    0.75    0.00    0.00    4.39

Linux 2.6.32-431.el6.x86_64 (slave1) 	2019年07月26日 	_x86_64_	(8 CPU)

21时35分04秒  CPU    %usr   %nice    %sys %iowait    %irq   %soft  %steal  %guest   %idle
21时35分05秒  all   80.08    0.00   12.23    0.13    0.00    0.25    0.00    0.00    7.31
平均时间:  all   80.08    0.00   12.23    0.13    0.00    0.25    0.00    0.00    7.31

Linux 2.6.32-431.el6.x86_64 (slave1) 	2019年07月26日 	_x86_64_	(8 CPU)

21时35分08秒  CPU    %usr   %nice    %sys %iowait    %irq   %soft  %steal  %guest   %idle
21时35分09秒  all   84.86    0.00   13.27    0.00    0.00    0.38    0.00    0.00    1.50
平均时间:  all   84.86    0.00   13.27    0.00    0.00    0.38    0.00    0.00    1.50

Linux 2.6.32-431.el6.x86_64 (slave1) 	2019年07月26日 	_x86_64_	(8 CPU)

21时35分12秒  CPU    %usr   %nice    %sys %iowait    %irq   %soft  %steal  %guest   %idle
21时35分13秒  all   87.77    0.00   11.49    0.00    0.00    0.50    0.00    0.00    0.25
平均时间:  all   87.77    0.00   11.49    0.00    0.00    0.50    0.00    0.00    0.25

Linux 2.6.32-431.el6.x86_64 (slave1) 	2019年07月26日 	_x86_64_	(8 CPU)

21时35分16秒  CPU    %usr   %nice    %sys %iowait    %irq   %soft  %steal  %guest   %idle
21时35分17秒  all   91.25    0.00    8.25    0.00    0.12    0.12    0.00    0.00    0.25
平均时间:  all   91.25    0.00    8.25    0.00    0.12    0.12    0.00    0.00    0.25

Linux 2.6.32-431.el6.x86_64 (slave1) 	2019年07月26日 	_x86_64_	(8 CPU)

21时35分20秒  CPU    %usr   %nice    %sys %iowait    %irq   %soft  %steal  %guest   %idle
21时35分21秒  all   88.85    0.00    7.89    0.00    0.00    0.38    0.00    0.00    2.88
平均时间:  all   88.85    0.00    7.89    0.00    0.00    0.38    0.00    0.00    2.88

Linux 2.6.32-431.el6.x86_64 (slave1) 	2019年07月26日 	_x86_64_	(8 CPU)

21时35分24秒  CPU    %usr   %nice    %sys %iowait    %irq   %soft  %steal  %guest   %idle
21时35分25秒  all   73.92    0.00   14.81    0.00    0.13    1.77    0.00    0.00    9.37
平均时间:  all   73.92    0.00   14.81    0.00    0.13    1.77    0.00    0.00    9.37

Linux 2.6.32-431.el6.x86_64 (slave1) 	2019年07月26日 	_x86_64_	(8 CPU)

21时35分28秒  CPU    %usr   %nice    %sys %iowait    %irq   %soft  %steal  %guest   %idle
21时35分29秒  all   86.07    0.00    9.79    0.00    0.00    0.13    0.00    0.00    4.02
平均时间:  all   86.07    0.00    9.79    0.00    0.00    0.13    0.00    0.00    4.02

Linux 2.6.32-431.el6.x86_64 (slave1) 	2019年07月26日 	_x86_64_	(8 CPU)

21时35分32秒  CPU    %usr   %nice    %sys %iowait    %irq   %soft  %steal  %guest   %idle
21时35分33秒  all   70.72    0.00    6.46    0.00    0.00    0.38    0.00    0.00   22.43
平均时间:  all   70.72    0.00    6.46    0.00    0.00    0.38    0.00    0.00   22.43

Linux 2.6.32-431.el6.x86_64 (slave1) 	2019年07月26日 	_x86_64_	(8 CPU)

21时35分36秒  CPU    %usr   %nice    %sys %iowait    %irq   %soft  %steal  %guest   %idle
21时35分37秒  all   84.07    0.00    9.61    0.00    0.00    0.25    0.00    0.00    6.07
平均时间:  all   84.07    0.00    9.61    0.00    0.00    0.25    0.00    0.00    6.07

Linux 2.6.32-431.el6.x86_64 (slave1) 	2019年07月26日 	_x86_64_	(8 CPU)

21时35分40秒  CPU    %usr   %nice    %sys %iowait    %irq   %soft  %steal  %guest   %idle
21时35分41秒  all   56.51    0.00    6.76    0.00    0.00    0.64    0.00    0.00   36.10
平均时间:  all   56.51    0.00    6.76    0.00    0.00    0.64    0.00    0.00   36.10

Linux 2.6.32-431.el6.x86_64 (slave1) 	2019年07月26日 	_x86_64_	(8 CPU)

21时35分44秒  CPU    %usr   %nice    %sys %iowait    %irq   %soft  %steal  %guest   %idle
21时35分45秒  all   49.30    0.00    6.62    0.00    0.00    1.66    0.00    0.00   42.42
平均时间:  all   49.30    0.00    6.62    0.00    0.00    1.66    0.00    0.00   42.42

Linux 2.6.32-431.el6.x86_64 (slave1) 	2019年07月26日 	_x86_64_	(8 CPU)

21时35分48秒  CPU    %usr   %nice    %sys %iowait    %irq   %soft  %steal  %guest   %idle
21时35分49秒  all   78.13    0.00   11.76    0.00    0.00    0.25    0.00    0.00    9.86
平均时间:  all   78.13    0.00   11.76    0.00    0.00    0.25    0.00    0.00    9.86

Linux 2.6.32-431.el6.x86_64 (slave1) 	2019年07月26日 	_x86_64_	(8 CPU)

21时35分52秒  CPU    %usr   %nice    %sys %iowait    %irq   %soft  %steal  %guest   %idle
21时35分53秒  all   63.47    0.00   10.47    0.00    0.00    0.00    0.00    0.00   26.05
平均时间:  all   63.47    0.00   10.47    0.00    0.00    0.00    0.00    0.00   26.05

Linux 2.6.32-431.el6.x86_64 (slave1) 	2019年07月26日 	_x86_64_	(8 CPU)

21时35分56秒  CPU    %usr   %nice    %sys %iowait    %irq   %soft  %steal  %guest   %idle
21时35分57秒  all   89.24    0.00    8.76    0.00    0.13    1.13    0.00    0.00    0.75
平均时间:  all   89.24    0.00    8.76    0.00    0.13    1.13    0.00    0.00    0.75

Linux 2.6.32-431.el6.x86_64 (slave1) 	2019年07月26日 	_x86_64_	(8 CPU)

21时36分00秒  CPU    %usr   %nice    %sys %iowait    %irq   %soft  %steal  %guest   %idle
21时36分01秒  all   88.89    0.00    9.11    0.00    0.12    1.75    0.00    0.00    0.12
平均时间:  all   88.89    0.00    9.11    0.00    0.12    1.75    0.00    0.00    0.12

Linux 2.6.32-431.el6.x86_64 (slave1) 	2019年07月26日 	_x86_64_	(8 CPU)

21时36分04秒  CPU    %usr   %nice    %sys %iowait    %irq   %soft  %steal  %guest   %idle
21时36分05秒  all   85.55    0.00   11.43    0.00    0.00    0.38    0.00    0.00    2.64
平均时间:  all   85.55    0.00   11.43    0.00    0.00    0.38    0.00    0.00    2.64

Linux 2.6.32-431.el6.x86_64 (slave1) 	2019年07月26日 	_x86_64_	(8 CPU)

21时36分08秒  CPU    %usr   %nice    %sys %iowait    %irq   %soft  %steal  %guest   %idle
21时36分09秒  all   51.93    0.00    7.97    0.00    0.00    0.51    0.00    0.00   39.59
平均时间:  all   51.93    0.00    7.97    0.00    0.00    0.51    0.00    0.00   39.59

Linux 2.6.32-431.el6.x86_64 (slave1) 	2019年07月26日 	_x86_64_	(8 CPU)

21时36分13秒  CPU    %usr   %nice    %sys %iowait    %irq   %soft  %steal  %guest   %idle
21时36分14秒  all   38.11    0.00    1.51    0.00    0.00    0.13    0.00    0.00   60.25
平均时间:  all   38.11    0.00    1.51    0.00    0.00    0.13    0.00    0.00   60.25

Linux 2.6.32-431.el6.x86_64 (slave1) 	2019年07月26日 	_x86_64_	(8 CPU)

21时36分17秒  CPU    %usr   %nice    %sys %iowait    %irq   %soft  %steal  %guest   %idle
21时36分18秒  all   65.78    0.00    3.55    0.00    0.00    0.25    0.00    0.00   30.42
平均时间:  all   65.78    0.00    3.55    0.00    0.00    0.25    0.00    0.00   30.42

Linux 2.6.32-431.el6.x86_64 (slave1) 	2019年07月26日 	_x86_64_	(8 CPU)

21时36分21秒  CPU    %usr   %nice    %sys %iowait    %irq   %soft  %steal  %guest   %idle
21时36分23秒  all    3.06    0.00    0.54    0.00    0.00    0.32    0.00    0.00   96.09
平均时间:  all    3.06    0.00    0.54    0.00    0.00    0.32    0.00    0.00   96.09

Linux 2.6.32-431.el6.x86_64 (slave1) 	2019年07月26日 	_x86_64_	(8 CPU)

21时36分26秒  CPU    %usr   %nice    %sys %iowait    %irq   %soft  %steal  %guest   %idle
21时36分27秒  all   18.77    0.00    2.52    0.00    0.00    0.63    0.00    0.00   78.09
平均时间:  all   18.77    0.00    2.52    0.00    0.00    0.63    0.00    0.00   78.09

Linux 2.6.32-431.el6.x86_64 (slave1) 	2019年07月26日 	_x86_64_	(8 CPU)

21时36分30秒  CPU    %usr   %nice    %sys %iowait    %irq   %soft  %steal  %guest   %idle
21时36分31秒  all   15.04    0.00    0.63    0.00    0.00    1.26    0.00    0.00   83.06
平均时间:  all   15.04    0.00    0.63    0.00    0.00    1.26    0.00    0.00   83.06

Linux 2.6.32-431.el6.x86_64 (slave1) 	2019年07月26日 	_x86_64_	(8 CPU)

21时36分34秒  CPU    %usr   %nice    %sys %iowait    %irq   %soft  %steal  %guest   %idle
21时36分35秒  all   13.71    0.00    0.25    0.00    0.00    1.26    0.00    0.00   84.78
平均时间:  all   13.71    0.00    0.25    0.00    0.00    1.26    0.00    0.00   84.78

Linux 2.6.32-431.el6.x86_64 (slave1) 	2019年07月26日 	_x86_64_	(8 CPU)

21时36分38秒  CPU    %usr   %nice    %sys %iowait    %irq   %soft  %steal  %guest   %idle
21时36分39秒  all   50.06    0.00    1.38    0.00    0.00    0.00    0.00    0.00   48.55
平均时间:  all   50.06    0.00    1.38    0.00    0.00    0.00    0.00    0.00   48.55

Linux 2.6.32-431.el6.x86_64 (slave1) 	2019年07月26日 	_x86_64_	(8 CPU)

21时36分42秒  CPU    %usr   %nice    %sys %iowait    %irq   %soft  %steal  %guest   %idle
21时36分43秒  all   18.54    0.00    2.94    0.00    0.13    0.51    0.00    0.00   77.88
平均时间:  all   18.54    0.00    2.94    0.00    0.13    0.51    0.00    0.00   77.88

Linux 2.6.32-431.el6.x86_64 (slave1) 	2019年07月26日 	_x86_64_	(8 CPU)

21时36分46秒  CPU    %usr   %nice    %sys %iowait    %irq   %soft  %steal  %guest   %idle
21时36分47秒  all    0.12    0.00    0.12    0.00    0.00    0.00    0.00    0.00   99.75
平均时间:  all    0.12    0.00    0.12    0.00    0.00    0.00    0.00    0.00   99.75

Linux 2.6.32-431.el6.x86_64 (slave1) 	2019年07月26日 	_x86_64_	(8 CPU)

21时36分50秒  CPU    %usr   %nice    %sys %iowait    %irq   %soft  %steal  %guest   %idle
21时36分51秒  all    0.13    0.00    0.00    0.00    0.00    0.00    0.00    0.00   99.87
平均时间:  all    0.13    0.00    0.00    0.00    0.00    0.00    0.00    0.00   99.87

Linux 2.6.32-431.el6.x86_64 (slave1) 	2019年07月26日 	_x86_64_	(8 CPU)

21时36分54秒  CPU    %usr   %nice    %sys %iowait    %irq   %soft  %steal  %guest   %idle
21时36分55秒  all    0.13    0.00    0.13    0.00    0.00    0.00    0.00    0.00   99.75
平均时间:  all    0.13    0.00    0.13    0.00    0.00    0.00    0.00    0.00   99.75

Linux 2.6.32-431.el6.x86_64 (slave1) 	2019年07月26日 	_x86_64_	(8 CPU)

21时36分58秒  CPU    %usr   %nice    %sys %iowait    %irq   %soft  %steal  %guest   %idle
21时36分59秒  all    0.00    0.00    0.00    0.00    0.00    0.13    0.00    0.00   99.87
平均时间:  all    0.00    0.00    0.00    0.00    0.00    0.13    0.00    0.00   99.87

