
Linux 2.6.32-431.el6.x86_64 (slave2) 	2019年07月26日 	_x86_64_	(8 CPU)

21时28分09秒  CPU    %usr   %nice    %sys %iowait    %irq   %soft  %steal  %guest   %idle
21时28分10秒  all    0.00    0.00    0.00    0.00    0.00    0.00    0.00    0.00  100.00
平均时间:  all    0.00    0.00    0.00    0.00    0.00    0.00    0.00    0.00  100.00

Linux 2.6.32-431.el6.x86_64 (slave2) 	2019年07月26日 	_x86_64_	(8 CPU)

21时28分13秒  CPU    %usr   %nice    %sys %iowait    %irq   %soft  %steal  %guest   %idle
21时28分14秒  all    0.00    0.00    0.00    0.00    0.00    0.00    0.00    0.00  100.00
平均时间:  all    0.00    0.00    0.00    0.00    0.00    0.00    0.00    0.00  100.00

Linux 2.6.32-431.el6.x86_64 (slave2) 	2019年07月26日 	_x86_64_	(8 CPU)

21时28分17秒  CPU    %usr   %nice    %sys %iowait    %irq   %soft  %steal  %guest   %idle
21时28分18秒  all    0.00    0.00    0.00    0.00    0.00    0.00    0.00    0.00  100.00
平均时间:  all    0.00    0.00    0.00    0.00    0.00    0.00    0.00    0.00  100.00

Linux 2.6.32-431.el6.x86_64 (slave2) 	2019年07月26日 	_x86_64_	(8 CPU)

21时28分21秒  CPU    %usr   %nice    %sys %iowait    %irq   %soft  %steal  %guest   %idle
21时28分22秒  all    0.00    0.00    0.00    0.00    0.00    0.00    0.00    0.00  100.00
平均时间:  all    0.00    0.00    0.00    0.00    0.00    0.00    0.00    0.00  100.00

Linux 2.6.32-431.el6.x86_64 (slave2) 	2019年07月26日 	_x86_64_	(8 CPU)

21时28分25秒  CPU    %usr   %nice    %sys %iowait    %irq   %soft  %steal  %guest   %idle
21时28分26秒  all    0.38    0.00    1.13    0.00    0.00    0.50    0.00    0.00   97.98
平均时间:  all    0.38    0.00    1.13    0.00    0.00    0.50    0.00    0.00   97.98

Linux 2.6.32-431.el6.x86_64 (slave2) 	2019年07月26日 	_x86_64_	(8 CPU)

21时28分29秒  CPU    %usr   %nice    %sys %iowait    %irq   %soft  %steal  %guest   %idle
21时28分30秒  all    0.66    0.00    8.79    0.00    0.52   13.25    0.00    0.00   76.77
平均时间:  all    0.66    0.00    8.79    0.00    0.52   13.25    0.00    0.00   76.77

Linux 2.6.32-431.el6.x86_64 (slave2) 	2019年07月26日 	_x86_64_	(8 CPU)

21时28分33秒  CPU    %usr   %nice    %sys %iowait    %irq   %soft  %steal  %guest   %idle
21时28分34秒  all    0.82    0.00    6.83    0.00    0.68   19.95    0.00    0.00   71.72
平均时间:  all    0.82    0.00    6.83    0.00    0.68   19.95    0.00    0.00   71.72

Linux 2.6.32-431.el6.x86_64 (slave2) 	2019年07月26日 	_x86_64_	(8 CPU)

21时28分37秒  CPU    %usr   %nice    %sys %iowait    %irq   %soft  %steal  %guest   %idle
21时28分38秒  all   12.84    0.00   12.57    0.00    0.55   19.95    0.00    0.00   54.10
平均时间:  all   12.84    0.00   12.57    0.00    0.55   19.95    0.00    0.00   54.10

Linux 2.6.32-431.el6.x86_64 (slave2) 	2019年07月26日 	_x86_64_	(8 CPU)

21时28分41秒  CPU    %usr   %nice    %sys %iowait    %irq   %soft  %steal  %guest   %idle
21时28分42秒  all   25.13    0.00   12.96    0.00    0.66    9.79    0.00    0.00   51.46
平均时间:  all   25.13    0.00   12.96    0.00    0.66    9.79    0.00    0.00   51.46

Linux 2.6.32-431.el6.x86_64 (slave2) 	2019年07月26日 	_x86_64_	(8 CPU)

21时28分45秒  CPU    %usr   %nice    %sys %iowait    %irq   %soft  %steal  %guest   %idle
21时28分46秒  all   19.52    0.00   11.90    0.00    0.27   14.71    0.00    0.00   53.61
平均时间:  all   19.52    0.00   11.90    0.00    0.27   14.71    0.00    0.00   53.61

Linux 2.6.32-431.el6.x86_64 (slave2) 	2019年07月26日 	_x86_64_	(8 CPU)

21时28分49秒  CPU    %usr   %nice    %sys %iowait    %irq   %soft  %steal  %guest   %idle
21时28分50秒  all   34.71    0.00   32.65    0.00    0.00    7.87    0.00    0.00   24.77
平均时间:  all   34.71    0.00   32.65    0.00    0.00    7.87    0.00    0.00   24.77

Linux 2.6.32-431.el6.x86_64 (slave2) 	2019年07月26日 	_x86_64_	(8 CPU)

21时28分53秒  CPU    %usr   %nice    %sys %iowait    %irq   %soft  %steal  %guest   %idle
21时28分54秒  all   81.20    0.00   17.29    0.00    0.00    0.63    0.00    0.00    0.88
平均时间:  all   81.20    0.00   17.29    0.00    0.00    0.63    0.00    0.00    0.88

Linux 2.6.32-431.el6.x86_64 (slave2) 	2019年07月26日 	_x86_64_	(8 CPU)

21时28分57秒  CPU    %usr   %nice    %sys %iowait    %irq   %soft  %steal  %guest   %idle
21时28分58秒  all   89.51    0.00    9.99    0.00    0.00    0.12    0.00    0.00    0.37
平均时间:  all   89.51    0.00    9.99    0.00    0.00    0.12    0.00    0.00    0.37

Linux 2.6.32-431.el6.x86_64 (slave2) 	2019年07月26日 	_x86_64_	(8 CPU)

21时29分01秒  CPU    %usr   %nice    %sys %iowait    %irq   %soft  %steal  %guest   %idle
21时29分02秒  all   91.51    0.00    8.11    0.00    0.00    0.00    0.00    0.00    0.37
平均时间:  all   91.51    0.00    8.11    0.00    0.00    0.00    0.00    0.00    0.37

Linux 2.6.32-431.el6.x86_64 (slave2) 	2019年07月26日 	_x86_64_	(8 CPU)

21时29分05秒  CPU    %usr   %nice    %sys %iowait    %irq   %soft  %steal  %guest   %idle
21时29分06秒  all   83.88    0.00    9.07    0.00    0.00    0.25    0.00    0.00    6.80
平均时间:  all   83.88    0.00    9.07    0.00    0.00    0.25    0.00    0.00    6.80

Linux 2.6.32-431.el6.x86_64 (slave2) 	2019年07月26日 	_x86_64_	(8 CPU)

21时29分09秒  CPU    %usr   %nice    %sys %iowait    %irq   %soft  %steal  %guest   %idle
21时29分10秒  all   76.32    0.00    8.31    0.13    0.00    0.00    0.00    0.00   15.24
平均时间:  all   76.32    0.00    8.31    0.13    0.00    0.00    0.00    0.00   15.24

Linux 2.6.32-431.el6.x86_64 (slave2) 	2019年07月26日 	_x86_64_	(8 CPU)

21时29分13秒  CPU    %usr   %nice    %sys %iowait    %irq   %soft  %steal  %guest   %idle
21时29分14秒  all   31.75    0.00    6.53    0.00    0.00    0.00    0.00    0.00   61.72
平均时间:  all   31.75    0.00    6.53    0.00    0.00    0.00    0.00    0.00   61.72

Linux 2.6.32-431.el6.x86_64 (slave2) 	2019年07月26日 	_x86_64_	(8 CPU)

21时29分17秒  CPU    %usr   %nice    %sys %iowait    %irq   %soft  %steal  %guest   %idle
21时29分18秒  all   31.28    0.00    7.18    0.00    0.00    0.00    0.00    0.00   61.54
平均时间:  all   31.28    0.00    7.18    0.00    0.00    0.00    0.00    0.00   61.54

Linux 2.6.32-431.el6.x86_64 (slave2) 	2019年07月26日 	_x86_64_	(8 CPU)

21时29分21秒  CPU    %usr   %nice    %sys %iowait    %irq   %soft  %steal  %guest   %idle
21时29分22秒  all   43.37    0.00    6.38    0.00    0.00    0.00    0.00    0.00   50.26
平均时间:  all   43.37    0.00    6.38    0.00    0.00    0.00    0.00    0.00   50.26

Linux 2.6.32-431.el6.x86_64 (slave2) 	2019年07月26日 	_x86_64_	(8 CPU)

21时29分25秒  CPU    %usr   %nice    %sys %iowait    %irq   %soft  %steal  %guest   %idle
21时29分26秒  all   29.41    0.00    3.96    0.00    0.00    0.00    0.00    0.00   66.62
平均时间:  all   29.41    0.00    3.96    0.00    0.00    0.00    0.00    0.00   66.62

Linux 2.6.32-431.el6.x86_64 (slave2) 	2019年07月26日 	_x86_64_	(8 CPU)

21时29分29秒  CPU    %usr   %nice    %sys %iowait    %irq   %soft  %steal  %guest   %idle
21时29分30秒  all   31.38    0.00    2.68    0.00    0.00    0.00    0.00    0.00   65.94
平均时间:  all   31.38    0.00    2.68    0.00    0.00    0.00    0.00    0.00   65.94

Linux 2.6.32-431.el6.x86_64 (slave2) 	2019年07月26日 	_x86_64_	(8 CPU)

21时29分33秒  CPU    %usr   %nice    %sys %iowait    %irq   %soft  %steal  %guest   %idle
21时29分34秒  all   47.82    0.00   18.46    0.00    0.00    0.00    0.00    0.00   33.72
平均时间:  all   47.82    0.00   18.46    0.00    0.00    0.00    0.00    0.00   33.72

Linux 2.6.32-431.el6.x86_64 (slave2) 	2019年07月26日 	_x86_64_	(8 CPU)

21时29分37秒  CPU    %usr   %nice    %sys %iowait    %irq   %soft  %steal  %guest   %idle
21时29分38秒  all   68.96    0.00    7.25    0.00    0.00    0.25    0.00    0.00   23.54
平均时间:  all   68.96    0.00    7.25    0.00    0.00    0.25    0.00    0.00   23.54

Linux 2.6.32-431.el6.x86_64 (slave2) 	2019年07月26日 	_x86_64_	(8 CPU)

21时29分41秒  CPU    %usr   %nice    %sys %iowait    %irq   %soft  %steal  %guest   %idle
21时29分42秒  all   66.37    0.00    9.63    0.00    0.00    0.00    0.00    0.00   24.01
平均时间:  all   66.37    0.00    9.63    0.00    0.00    0.00    0.00    0.00   24.01

Linux 2.6.32-431.el6.x86_64 (slave2) 	2019年07月26日 	_x86_64_	(8 CPU)

21时29分45秒  CPU    %usr   %nice    %sys %iowait    %irq   %soft  %steal  %guest   %idle
21时29分46秒  all   12.42    0.00    2.66    0.00    0.00    0.13    0.00    0.00   84.79
平均时间:  all   12.42    0.00    2.66    0.00    0.00    0.13    0.00    0.00   84.79

Linux 2.6.32-431.el6.x86_64 (slave2) 	2019年07月26日 	_x86_64_	(8 CPU)

21时29分50秒  CPU    %usr   %nice    %sys %iowait    %irq   %soft  %steal  %guest   %idle
21时29分51秒  all    0.63    0.00    0.13    0.00    0.00    0.00    0.00    0.00   99.24
平均时间:  all    0.63    0.00    0.13    0.00    0.00    0.00    0.00    0.00   99.24

Linux 2.6.32-431.el6.x86_64 (slave2) 	2019年07月26日 	_x86_64_	(8 CPU)

21时29分54秒  CPU    %usr   %nice    %sys %iowait    %irq   %soft  %steal  %guest   %idle
21时29分55秒  all   58.65    0.00    7.51    0.00    0.00    0.00    0.00    0.00   33.84
平均时间:  all   58.65    0.00    7.51    0.00    0.00    0.00    0.00    0.00   33.84

Linux 2.6.32-431.el6.x86_64 (slave2) 	2019年07月26日 	_x86_64_	(8 CPU)

21时29分58秒  CPU    %usr   %nice    %sys %iowait    %irq   %soft  %steal  %guest   %idle
21时29分59秒  all   51.66    0.00    9.08    0.00    0.00    0.13    0.00    0.00   39.13
平均时间:  all   51.66    0.00    9.08    0.00    0.00    0.13    0.00    0.00   39.13

Linux 2.6.32-431.el6.x86_64 (slave2) 	2019年07月26日 	_x86_64_	(8 CPU)

21时30分02秒  CPU    %usr   %nice    %sys %iowait    %irq   %soft  %steal  %guest   %idle
21时30分03秒  all   50.77    0.00   13.43    0.00    0.00    0.00    0.00    0.00   35.81
平均时间:  all   50.77    0.00   13.43    0.00    0.00    0.00    0.00    0.00   35.81

Linux 2.6.32-431.el6.x86_64 (slave2) 	2019年07月26日 	_x86_64_	(8 CPU)

21时30分06秒  CPU    %usr   %nice    %sys %iowait    %irq   %soft  %steal  %guest   %idle
21时30分07秒  all   39.85    0.00    3.45    0.00    0.00    0.00    0.00    0.00   56.70
平均时间:  all   39.85    0.00    3.45    0.00    0.00    0.00    0.00    0.00   56.70

Linux 2.6.32-431.el6.x86_64 (slave2) 	2019年07月26日 	_x86_64_	(8 CPU)

21时30分10秒  CPU    %usr   %nice    %sys %iowait    %irq   %soft  %steal  %guest   %idle
21时30分11秒  all   23.30    0.00   10.99    0.00    0.26    7.07    0.00    0.00   58.38
平均时间:  all   23.30    0.00   10.99    0.00    0.26    7.07    0.00    0.00   58.38

Linux 2.6.32-431.el6.x86_64 (slave2) 	2019年07月26日 	_x86_64_	(8 CPU)

21时30分14秒  CPU    %usr   %nice    %sys %iowait    %irq   %soft  %steal  %guest   %idle
21时30分15秒  all   22.03    0.00   18.34    0.00    0.26   15.44    0.00    0.00   43.93
平均时间:  all   22.03    0.00   18.34    0.00    0.26   15.44    0.00    0.00   43.93

Linux 2.6.32-431.el6.x86_64 (slave2) 	2019年07月26日 	_x86_64_	(8 CPU)

21时30分18秒  CPU    %usr   %nice    %sys %iowait    %irq   %soft  %steal  %guest   %idle
21时30分19秒  all   17.64    0.00   15.65    0.00    0.27   17.37    0.00    0.00   49.07
平均时间:  all   17.64    0.00   15.65    0.00    0.27   17.37    0.00    0.00   49.07

Linux 2.6.32-431.el6.x86_64 (slave2) 	2019年07月26日 	_x86_64_	(8 CPU)

21时30分22秒  CPU    %usr   %nice    %sys %iowait    %irq   %soft  %steal  %guest   %idle
21时30分23秒  all   20.00    0.00   15.26    0.00    0.66   11.58    0.00    0.00   52.50
平均时间:  all   20.00    0.00   15.26    0.00    0.66   11.58    0.00    0.00   52.50

Linux 2.6.32-431.el6.x86_64 (slave2) 	2019年07月26日 	_x86_64_	(8 CPU)

21时30分26秒  CPU    %usr   %nice    %sys %iowait    %irq   %soft  %steal  %guest   %idle
21时30分27秒  all   15.73    0.00   12.77    0.00    0.81   10.35    0.00    0.00   60.35
平均时间:  all   15.73    0.00   12.77    0.00    0.81   10.35    0.00    0.00   60.35

Linux 2.6.32-431.el6.x86_64 (slave2) 	2019年07月26日 	_x86_64_	(8 CPU)

21时30分30秒  CPU    %usr   %nice    %sys %iowait    %irq   %soft  %steal  %guest   %idle
21时30分31秒  all   11.47    0.00   13.47    0.00    0.40   10.67    0.00    0.00   64.00
平均时间:  all   11.47    0.00   13.47    0.00    0.40   10.67    0.00    0.00   64.00

Linux 2.6.32-431.el6.x86_64 (slave2) 	2019年07月26日 	_x86_64_	(8 CPU)

21时30分34秒  CPU    %usr   %nice    %sys %iowait    %irq   %soft  %steal  %guest   %idle
21时30分35秒  all   37.72    0.00   18.46    0.00    0.53   17.93    0.00    0.00   25.37
平均时间:  all   37.72    0.00   18.46    0.00    0.53   17.93    0.00    0.00   25.37

Linux 2.6.32-431.el6.x86_64 (slave2) 	2019年07月26日 	_x86_64_	(8 CPU)

21时30分38秒  CPU    %usr   %nice    %sys %iowait    %irq   %soft  %steal  %guest   %idle
21时30分39秒  all   50.13    0.00   10.47    0.00    0.26    1.81    0.00    0.00   37.34
平均时间:  all   50.13    0.00   10.47    0.00    0.26    1.81    0.00    0.00   37.34

Linux 2.6.32-431.el6.x86_64 (slave2) 	2019年07月26日 	_x86_64_	(8 CPU)

21时30分42秒  CPU    %usr   %nice    %sys %iowait    %irq   %soft  %steal  %guest   %idle
21时30分43秒  all   47.96    0.00    8.52    0.00    0.00    3.18    0.00    0.00   40.33
平均时间:  all   47.96    0.00    8.52    0.00    0.00    3.18    0.00    0.00   40.33

Linux 2.6.32-431.el6.x86_64 (slave2) 	2019年07月26日 	_x86_64_	(8 CPU)

21时30分46秒  CPU    %usr   %nice    %sys %iowait    %irq   %soft  %steal  %guest   %idle
21时30分47秒  all   31.41    0.00    1.92    0.00    0.00    1.92    0.00    0.00   64.74
平均时间:  all   31.41    0.00    1.92    0.00    0.00    1.92    0.00    0.00   64.74

Linux 2.6.32-431.el6.x86_64 (slave2) 	2019年07月26日 	_x86_64_	(8 CPU)

21时30分50秒  CPU    %usr   %nice    %sys %iowait    %irq   %soft  %steal  %guest   %idle
21时30分51秒  all   55.99    0.00    5.61    0.00    0.00    0.89    0.00    0.00   37.50
平均时间:  all   55.99    0.00    5.61    0.00    0.00    0.89    0.00    0.00   37.50

Linux 2.6.32-431.el6.x86_64 (slave2) 	2019年07月26日 	_x86_64_	(8 CPU)

21时30分54秒  CPU    %usr   %nice    %sys %iowait    %irq   %soft  %steal  %guest   %idle
21时30分55秒  all   59.77    0.00    5.96    0.00    0.00    0.89    0.00    0.00   33.38
平均时间:  all   59.77    0.00    5.96    0.00    0.00    0.89    0.00    0.00   33.38

Linux 2.6.32-431.el6.x86_64 (slave2) 	2019年07月26日 	_x86_64_	(8 CPU)

21时30分58秒  CPU    %usr   %nice    %sys %iowait    %irq   %soft  %steal  %guest   %idle
21时30分59秒  all   53.86    0.00    8.48    0.00    0.00    1.80    0.00    0.00   35.86
平均时间:  all   53.86    0.00    8.48    0.00    0.00    1.80    0.00    0.00   35.86

Linux 2.6.32-431.el6.x86_64 (slave2) 	2019年07月26日 	_x86_64_	(8 CPU)

21时31分02秒  CPU    %usr   %nice    %sys %iowait    %irq   %soft  %steal  %guest   %idle
21时31分03秒  all   71.37    0.00    6.49    0.00    0.00    0.89    0.00    0.00   21.25
平均时间:  all   71.37    0.00    6.49    0.00    0.00    0.89    0.00    0.00   21.25

Linux 2.6.32-431.el6.x86_64 (slave2) 	2019年07月26日 	_x86_64_	(8 CPU)

21时31分06秒  CPU    %usr   %nice    %sys %iowait    %irq   %soft  %steal  %guest   %idle
21时31分07秒  all   71.45    0.00    5.58    0.00    0.00    0.51    0.00    0.00   22.46
平均时间:  all   71.45    0.00    5.58    0.00    0.00    0.51    0.00    0.00   22.46

Linux 2.6.32-431.el6.x86_64 (slave2) 	2019年07月26日 	_x86_64_	(8 CPU)

21时31分10秒  CPU    %usr   %nice    %sys %iowait    %irq   %soft  %steal  %guest   %idle
21时31分11秒  all   74.46    0.00    6.57    0.00    0.00    0.88    0.00    0.00   18.08
平均时间:  all   74.46    0.00    6.57    0.00    0.00    0.88    0.00    0.00   18.08

Linux 2.6.32-431.el6.x86_64 (slave2) 	2019年07月26日 	_x86_64_	(8 CPU)

21时31分14秒  CPU    %usr   %nice    %sys %iowait    %irq   %soft  %steal  %guest   %idle
21时31分15秒  all   65.90    0.00    5.87    0.00    0.00    1.02    0.00    0.00   27.20
平均时间:  all   65.90    0.00    5.87    0.00    0.00    1.02    0.00    0.00   27.20

Linux 2.6.32-431.el6.x86_64 (slave2) 	2019年07月26日 	_x86_64_	(8 CPU)

21时31分19秒  CPU    %usr   %nice    %sys %iowait    %irq   %soft  %steal  %guest   %idle
21时31分20秒  all   68.31    0.00    8.49    0.00    0.00    0.76    0.00    0.00   22.43
平均时间:  all   68.31    0.00    8.49    0.00    0.00    0.76    0.00    0.00   22.43

Linux 2.6.32-431.el6.x86_64 (slave2) 	2019年07月26日 	_x86_64_	(8 CPU)

21时31分23秒  CPU    %usr   %nice    %sys %iowait    %irq   %soft  %steal  %guest   %idle
21时31分24秒  all   91.89    0.00    7.49    0.00    0.00    0.37    0.00    0.00    0.25
平均时间:  all   91.89    0.00    7.49    0.00    0.00    0.37    0.00    0.00    0.25

Linux 2.6.32-431.el6.x86_64 (slave2) 	2019年07月26日 	_x86_64_	(8 CPU)

21时31分27秒  CPU    %usr   %nice    %sys %iowait    %irq   %soft  %steal  %guest   %idle
21时31分28秒  all   70.96    0.00    8.03    0.00    0.13    1.78    0.00    0.00   19.11
平均时间:  all   70.96    0.00    8.03    0.00    0.13    1.78    0.00    0.00   19.11

Linux 2.6.32-431.el6.x86_64 (slave2) 	2019年07月26日 	_x86_64_	(8 CPU)

21时31分31秒  CPU    %usr   %nice    %sys %iowait    %irq   %soft  %steal  %guest   %idle
21时31分32秒  all   57.54    0.00   12.66    0.00    0.00    0.51    0.00    0.00   29.28
平均时间:  all   57.54    0.00   12.66    0.00    0.00    0.51    0.00    0.00   29.28

Linux 2.6.32-431.el6.x86_64 (slave2) 	2019年07月26日 	_x86_64_	(8 CPU)

21时31分35秒  CPU    %usr   %nice    %sys %iowait    %irq   %soft  %steal  %guest   %idle
21时31分36秒  all   67.47    0.00   11.87    0.00    0.00    0.00    0.00    0.00   20.67
平均时间:  all   67.47    0.00   11.87    0.00    0.00    0.00    0.00    0.00   20.67

Linux 2.6.32-431.el6.x86_64 (slave2) 	2019年07月26日 	_x86_64_	(8 CPU)

21时31分39秒  CPU    %usr   %nice    %sys %iowait    %irq   %soft  %steal  %guest   %idle
21时31分40秒  all   70.63    0.00   10.09    0.00    0.00    0.26    0.00    0.00   19.03
平均时间:  all   70.63    0.00   10.09    0.00    0.00    0.26    0.00    0.00   19.03

Linux 2.6.32-431.el6.x86_64 (slave2) 	2019年07月26日 	_x86_64_	(8 CPU)

21时31分44秒  CPU    %usr   %nice    %sys %iowait    %irq   %soft  %steal  %guest   %idle
21时31分45秒  all   52.75    0.00    8.81    0.00    0.00    0.00    0.00    0.00   38.44
平均时间:  all   52.75    0.00    8.81    0.00    0.00    0.00    0.00    0.00   38.44

Linux 2.6.32-431.el6.x86_64 (slave2) 	2019年07月26日 	_x86_64_	(8 CPU)

21时31分48秒  CPU    %usr   %nice    %sys %iowait    %irq   %soft  %steal  %guest   %idle
21时31分49秒  all   65.48    0.00   11.46    0.00    0.13    0.25    0.00    0.00   22.68
平均时间:  all   65.48    0.00   11.46    0.00    0.13    0.25    0.00    0.00   22.68

Linux 2.6.32-431.el6.x86_64 (slave2) 	2019年07月26日 	_x86_64_	(8 CPU)

21时31分52秒  CPU    %usr   %nice    %sys %iowait    %irq   %soft  %steal  %guest   %idle
21时31分53秒  all   84.86    0.00    9.76    0.00    0.13    4.26    0.00    0.00    1.00
平均时间:  all   84.86    0.00    9.76    0.00    0.13    4.26    0.00    0.00    1.00

Linux 2.6.32-431.el6.x86_64 (slave2) 	2019年07月26日 	_x86_64_	(8 CPU)

21时31分56秒  CPU    %usr   %nice    %sys %iowait    %irq   %soft  %steal  %guest   %idle
21时31分57秒  all   63.46    0.00   19.85    0.00    0.38   13.40    0.00    0.00    2.91
平均时间:  all   63.46    0.00   19.85    0.00    0.38   13.40    0.00    0.00    2.91

Linux 2.6.32-431.el6.x86_64 (slave2) 	2019年07月26日 	_x86_64_	(8 CPU)

21时32分00秒  CPU    %usr   %nice    %sys %iowait    %irq   %soft  %steal  %guest   %idle
21时32分01秒  all   41.78    0.00   15.40    0.00    0.52   15.54    0.00    0.00   26.76
平均时间:  all   41.78    0.00   15.40    0.00    0.52   15.54    0.00    0.00   26.76

Linux 2.6.32-431.el6.x86_64 (slave2) 	2019年07月26日 	_x86_64_	(8 CPU)

21时32分04秒  CPU    %usr   %nice    %sys %iowait    %irq   %soft  %steal  %guest   %idle
21时32分05秒  all   40.52    0.00   18.57    0.00    0.52   17.01    0.00    0.00   23.38
平均时间:  all   40.52    0.00   18.57    0.00    0.52   17.01    0.00    0.00   23.38

Linux 2.6.32-431.el6.x86_64 (slave2) 	2019年07月26日 	_x86_64_	(8 CPU)

21时32分08秒  CPU    %usr   %nice    %sys %iowait    %irq   %soft  %steal  %guest   %idle
21时32分09秒  all   55.53    0.00   20.97    0.00    0.13   18.17    0.00    0.00    5.21
平均时间:  all   55.53    0.00   20.97    0.00    0.13   18.17    0.00    0.00    5.21

Linux 2.6.32-431.el6.x86_64 (slave2) 	2019年07月26日 	_x86_64_	(8 CPU)

21时32分12秒  CPU    %usr   %nice    %sys %iowait    %irq   %soft  %steal  %guest   %idle
21时32分13秒  all   52.12    0.00   20.03    2.18    0.51   16.17    0.00    0.00    8.99
平均时间:  all   52.12    0.00   20.03    2.18    0.51   16.17    0.00    0.00    8.99

Linux 2.6.32-431.el6.x86_64 (slave2) 	2019年07月26日 	_x86_64_	(8 CPU)

21时32分16秒  CPU    %usr   %nice    %sys %iowait    %irq   %soft  %steal  %guest   %idle
21时32分17秒  all   59.82    0.00   22.92    0.00    0.25   11.96    0.00    0.00    5.04
平均时间:  all   59.82    0.00   22.92    0.00    0.25   11.96    0.00    0.00    5.04

Linux 2.6.32-431.el6.x86_64 (slave2) 	2019年07月26日 	_x86_64_	(8 CPU)

21时32分20秒  CPU    %usr   %nice    %sys %iowait    %irq   %soft  %steal  %guest   %idle
21时32分21秒  all   69.34    0.00   21.78    0.00    0.13    7.88    0.00    0.00    0.88
平均时间:  all   69.34    0.00   21.78    0.00    0.13    7.88    0.00    0.00    0.88

Linux 2.6.32-431.el6.x86_64 (slave2) 	2019年07月26日 	_x86_64_	(8 CPU)

21时32分24秒  CPU    %usr   %nice    %sys %iowait    %irq   %soft  %steal  %guest   %idle
21时32分25秒  all   85.39    0.00    8.06    0.00    0.13    0.00    0.00    0.00    6.42
平均时间:  all   85.39    0.00    8.06    0.00    0.13    0.00    0.00    0.00    6.42

Linux 2.6.32-431.el6.x86_64 (slave2) 	2019年07月26日 	_x86_64_	(8 CPU)

21时32分28秒  CPU    %usr   %nice    %sys %iowait    %irq   %soft  %steal  %guest   %idle
21时32分29秒  all   77.37    0.00   12.90    0.00    0.00    0.76    0.00    0.00    8.98
平均时间:  all   77.37    0.00   12.90    0.00    0.00    0.76    0.00    0.00    8.98

Linux 2.6.32-431.el6.x86_64 (slave2) 	2019年07月26日 	_x86_64_	(8 CPU)

21时32分32秒  CPU    %usr   %nice    %sys %iowait    %irq   %soft  %steal  %guest   %idle
21时32分33秒  all   90.11    0.00    9.14    0.00    0.00    0.00    0.00    0.00    0.75
平均时间:  all   90.11    0.00    9.14    0.00    0.00    0.00    0.00    0.00    0.75

Linux 2.6.32-431.el6.x86_64 (slave2) 	2019年07月26日 	_x86_64_	(8 CPU)

21时32分36秒  CPU    %usr   %nice    %sys %iowait    %irq   %soft  %steal  %guest   %idle
21时32分37秒  all   24.97    0.00    7.17    0.00    0.00    4.61    0.00    0.00   63.25
平均时间:  all   24.97    0.00    7.17    0.00    0.00    4.61    0.00    0.00   63.25

Linux 2.6.32-431.el6.x86_64 (slave2) 	2019年07月26日 	_x86_64_	(8 CPU)

21时32分40秒  CPU    %usr   %nice    %sys %iowait    %irq   %soft  %steal  %guest   %idle
21时32分41秒  all   81.80    0.00   11.88    0.00    0.00    0.76    0.00    0.00    5.56
平均时间:  all   81.80    0.00   11.88    0.00    0.00    0.76    0.00    0.00    5.56

Linux 2.6.32-431.el6.x86_64 (slave2) 	2019年07月26日 	_x86_64_	(8 CPU)

21时32分44秒  CPU    %usr   %nice    %sys %iowait    %irq   %soft  %steal  %guest   %idle
21时32分45秒  all   64.75    0.00    6.90    0.00    0.00    0.38    0.00    0.00   27.97
平均时间:  all   64.75    0.00    6.90    0.00    0.00    0.38    0.00    0.00   27.97

Linux 2.6.32-431.el6.x86_64 (slave2) 	2019年07月26日 	_x86_64_	(8 CPU)

21时32分48秒  CPU    %usr   %nice    %sys %iowait    %irq   %soft  %steal  %guest   %idle
21时32分49秒  all   42.68    0.00    2.93    0.00    0.13    0.64    0.00    0.00   53.63
平均时间:  all   42.68    0.00    2.93    0.00    0.13    0.64    0.00    0.00   53.63

Linux 2.6.32-431.el6.x86_64 (slave2) 	2019年07月26日 	_x86_64_	(8 CPU)

21时32分52秒  CPU    %usr   %nice    %sys %iowait    %irq   %soft  %steal  %guest   %idle
21时32分53秒  all   46.49    0.00    6.77    0.00    0.00    1.40    0.00    0.00   45.34
平均时间:  all   46.49    0.00    6.77    0.00    0.00    1.40    0.00    0.00   45.34

Linux 2.6.32-431.el6.x86_64 (slave2) 	2019年07月26日 	_x86_64_	(8 CPU)

21时32分56秒  CPU    %usr   %nice    %sys %iowait    %irq   %soft  %steal  %guest   %idle
21时32分57秒  all   20.99    0.00    2.42    0.00    0.00    0.13    0.00    0.00   76.46
平均时间:  all   20.99    0.00    2.42    0.00    0.00    0.13    0.00    0.00   76.46

Linux 2.6.32-431.el6.x86_64 (slave2) 	2019年07月26日 	_x86_64_	(8 CPU)

21时33分00秒  CPU    %usr   %nice    %sys %iowait    %irq   %soft  %steal  %guest   %idle
21时33分01秒  all   79.72    0.00    7.05    0.00    0.00    0.25    0.00    0.00   12.97
平均时间:  all   79.72    0.00    7.05    0.00    0.00    0.25    0.00    0.00   12.97

Linux 2.6.32-431.el6.x86_64 (slave2) 	2019年07月26日 	_x86_64_	(8 CPU)

21时33分04秒  CPU    %usr   %nice    %sys %iowait    %irq   %soft  %steal  %guest   %idle
21时33分05秒  all   61.73    0.00    8.04    0.00    0.00    0.13    0.00    0.00   30.10
平均时间:  all   61.73    0.00    8.04    0.00    0.00    0.13    0.00    0.00   30.10

Linux 2.6.32-431.el6.x86_64 (slave2) 	2019年07月26日 	_x86_64_	(8 CPU)

21时33分08秒  CPU    %usr   %nice    %sys %iowait    %irq   %soft  %steal  %guest   %idle
21时33分09秒  all   52.12    0.00   10.14    0.00    0.00    1.03    0.00    0.00   36.71
平均时间:  all   52.12    0.00   10.14    0.00    0.00    1.03    0.00    0.00   36.71

Linux 2.6.32-431.el6.x86_64 (slave2) 	2019年07月26日 	_x86_64_	(8 CPU)

21时33分12秒  CPU    %usr   %nice    %sys %iowait    %irq   %soft  %steal  %guest   %idle
21时33分13秒  all   51.73    0.00   15.28    0.00    0.13    2.05    0.00    0.00   30.81
平均时间:  all   51.73    0.00   15.28    0.00    0.13    2.05    0.00    0.00   30.81

Linux 2.6.32-431.el6.x86_64 (slave2) 	2019年07月26日 	_x86_64_	(8 CPU)

21时33分16秒  CPU    %usr   %nice    %sys %iowait    %irq   %soft  %steal  %guest   %idle
21时33分17秒  all   88.85    0.00    8.24    0.00    0.00    0.00    0.00    0.00    2.92
平均时间:  all   88.85    0.00    8.24    0.00    0.00    0.00    0.00    0.00    2.92

Linux 2.6.32-431.el6.x86_64 (slave2) 	2019年07月26日 	_x86_64_	(8 CPU)

21时33分20秒  CPU    %usr   %nice    %sys %iowait    %irq   %soft  %steal  %guest   %idle
21时33分21秒  all   87.08    0.00   10.66    0.00    0.00    0.13    0.00    0.00    2.13
平均时间:  all   87.08    0.00   10.66    0.00    0.00    0.13    0.00    0.00    2.13

Linux 2.6.32-431.el6.x86_64 (slave2) 	2019年07月26日 	_x86_64_	(8 CPU)

21时33分24秒  CPU    %usr   %nice    %sys %iowait    %irq   %soft  %steal  %guest   %idle
21时33分25秒  all   87.47    0.00    8.90    0.00    0.00    0.25    0.00    0.00    3.38
平均时间:  all   87.47    0.00    8.90    0.00    0.00    0.25    0.00    0.00    3.38

Linux 2.6.32-431.el6.x86_64 (slave2) 	2019年07月26日 	_x86_64_	(8 CPU)

21时33分28秒  CPU    %usr   %nice    %sys %iowait    %irq   %soft  %steal  %guest   %idle
21时33分29秒  all   87.04    0.00   10.19    0.00    0.00    0.88    0.00    0.00    1.89
平均时间:  all   87.04    0.00   10.19    0.00    0.00    0.88    0.00    0.00    1.89

Linux 2.6.32-431.el6.x86_64 (slave2) 	2019年07月26日 	_x86_64_	(8 CPU)

21时33分32秒  CPU    %usr   %nice    %sys %iowait    %irq   %soft  %steal  %guest   %idle
21时33分33秒  all   88.07    0.00    8.92    0.00    0.00    0.63    0.00    0.00    2.39
平均时间:  all   88.07    0.00    8.92    0.00    0.00    0.63    0.00    0.00    2.39

Linux 2.6.32-431.el6.x86_64 (slave2) 	2019年07月26日 	_x86_64_	(8 CPU)

21时33分37秒  CPU    %usr   %nice    %sys %iowait    %irq   %soft  %steal  %guest   %idle
21时33分38秒  all   84.75    0.00   11.88    0.00    0.00    0.38    0.00    0.00    3.00
平均时间:  all   84.75    0.00   11.88    0.00    0.00    0.38    0.00    0.00    3.00

Linux 2.6.32-431.el6.x86_64 (slave2) 	2019年07月26日 	_x86_64_	(8 CPU)

21时33分41秒  CPU    %usr   %nice    %sys %iowait    %irq   %soft  %steal  %guest   %idle
21时33分42秒  all   90.33    0.00    8.79    0.00    0.00    0.63    0.00    0.00    0.25
平均时间:  all   90.33    0.00    8.79    0.00    0.00    0.63    0.00    0.00    0.25

Linux 2.6.32-431.el6.x86_64 (slave2) 	2019年07月26日 	_x86_64_	(8 CPU)

21时33分45秒  CPU    %usr   %nice    %sys %iowait    %irq   %soft  %steal  %guest   %idle
21时33分46秒  all   89.91    0.00    8.58    0.00    0.00    0.88    0.00    0.00    0.63
平均时间:  all   89.91    0.00    8.58    0.00    0.00    0.88    0.00    0.00    0.63

Linux 2.6.32-431.el6.x86_64 (slave2) 	2019年07月26日 	_x86_64_	(8 CPU)

21时33分49秒  CPU    %usr   %nice    %sys %iowait    %irq   %soft  %steal  %guest   %idle
21时33分50秒  all   93.23    0.00    5.76    0.00    0.00    0.38    0.00    0.00    0.63
平均时间:  all   93.23    0.00    5.76    0.00    0.00    0.38    0.00    0.00    0.63

Linux 2.6.32-431.el6.x86_64 (slave2) 	2019年07月26日 	_x86_64_	(8 CPU)

21时33分53秒  CPU    %usr   %nice    %sys %iowait    %irq   %soft  %steal  %guest   %idle
21时33分54秒  all   71.89    0.00    8.09    0.00    0.13    1.28    0.00    0.00   18.61
平均时间:  all   71.89    0.00    8.09    0.00    0.13    1.28    0.00    0.00   18.61

Linux 2.6.32-431.el6.x86_64 (slave2) 	2019年07月26日 	_x86_64_	(8 CPU)

21时33分57秒  CPU    %usr   %nice    %sys %iowait    %irq   %soft  %steal  %guest   %idle
21时33分58秒  all   59.90    0.00    7.66    0.00    0.00    0.26    0.00    0.00   32.18
平均时间:  all   59.90    0.00    7.66    0.00    0.00    0.26    0.00    0.00   32.18

Linux 2.6.32-431.el6.x86_64 (slave2) 	2019年07月26日 	_x86_64_	(8 CPU)

21时34分01秒  CPU    %usr   %nice    %sys %iowait    %irq   %soft  %steal  %guest   %idle
21时34分02秒  all   81.44    0.00    6.94    0.00    0.00    0.63    0.00    0.00   10.98
平均时间:  all   81.44    0.00    6.94    0.00    0.00    0.63    0.00    0.00   10.98

Linux 2.6.32-431.el6.x86_64 (slave2) 	2019年07月26日 	_x86_64_	(8 CPU)

21时34分05秒  CPU    %usr   %nice    %sys %iowait    %irq   %soft  %steal  %guest   %idle
21时34分06秒  all   70.71    0.00    6.82    0.00    0.00    3.41    0.00    0.00   19.07
平均时间:  all   70.71    0.00    6.82    0.00    0.00    3.41    0.00    0.00   19.07

Linux 2.6.32-431.el6.x86_64 (slave2) 	2019年07月26日 	_x86_64_	(8 CPU)

21时34分09秒  CPU    %usr   %nice    %sys %iowait    %irq   %soft  %steal  %guest   %idle
21时34分10秒  all   29.32    0.00    4.35    0.00    0.00    0.51    0.00    0.00   65.81
平均时间:  all   29.32    0.00    4.35    0.00    0.00    0.51    0.00    0.00   65.81

Linux 2.6.32-431.el6.x86_64 (slave2) 	2019年07月26日 	_x86_64_	(8 CPU)

21时34分13秒  CPU    %usr   %nice    %sys %iowait    %irq   %soft  %steal  %guest   %idle
21时34分14秒  all   69.87    0.00    5.57    0.00    0.00    0.25    0.00    0.00   24.30
平均时间:  all   69.87    0.00    5.57    0.00    0.00    0.25    0.00    0.00   24.30

Linux 2.6.32-431.el6.x86_64 (slave2) 	2019年07月26日 	_x86_64_	(8 CPU)

21时34分17秒  CPU    %usr   %nice    %sys %iowait    %irq   %soft  %steal  %guest   %idle
21时34分18秒  all   74.87    0.00    9.97    0.00    0.00    0.51    0.00    0.00   14.65
平均时间:  all   74.87    0.00    9.97    0.00    0.00    0.51    0.00    0.00   14.65

Linux 2.6.32-431.el6.x86_64 (slave2) 	2019年07月26日 	_x86_64_	(8 CPU)

21时34分21秒  CPU    %usr   %nice    %sys %iowait    %irq   %soft  %steal  %guest   %idle
21时34分22秒  all   81.36    0.00    8.69    0.00    0.00    1.13    0.00    0.00    8.82
平均时间:  all   81.36    0.00    8.69    0.00    0.00    1.13    0.00    0.00    8.82

Linux 2.6.32-431.el6.x86_64 (slave2) 	2019年07月26日 	_x86_64_	(8 CPU)

21时34分25秒  CPU    %usr   %nice    %sys %iowait    %irq   %soft  %steal  %guest   %idle
21时34分26秒  all   61.72    0.00    5.76    0.00    0.00    1.92    0.00    0.00   30.60
平均时间:  all   61.72    0.00    5.76    0.00    0.00    1.92    0.00    0.00   30.60

Linux 2.6.32-431.el6.x86_64 (slave2) 	2019年07月26日 	_x86_64_	(8 CPU)

21时34分29秒  CPU    %usr   %nice    %sys %iowait    %irq   %soft  %steal  %guest   %idle
21时34分30秒  all   68.32    0.00    4.96    0.00    0.00    0.76    0.00    0.00   25.95
平均时间:  all   68.32    0.00    4.96    0.00    0.00    0.76    0.00    0.00   25.95

Linux 2.6.32-431.el6.x86_64 (slave2) 	2019年07月26日 	_x86_64_	(8 CPU)

21时34分33秒  CPU    %usr   %nice    %sys %iowait    %irq   %soft  %steal  %guest   %idle
21时34分34秒  all   69.65    0.00    9.60    0.00    0.00    2.05    0.00    0.00   18.69
平均时间:  all   69.65    0.00    9.60    0.00    0.00    2.05    0.00    0.00   18.69

Linux 2.6.32-431.el6.x86_64 (slave2) 	2019年07月26日 	_x86_64_	(8 CPU)

21时34分37秒  CPU    %usr   %nice    %sys %iowait    %irq   %soft  %steal  %guest   %idle
21时34分38秒  all   79.18    0.00    8.35    0.00    0.00    1.03    0.00    0.00   11.44
平均时间:  all   79.18    0.00    8.35    0.00    0.00    1.03    0.00    0.00   11.44

Linux 2.6.32-431.el6.x86_64 (slave2) 	2019年07月26日 	_x86_64_	(8 CPU)

21时34分41秒  CPU    %usr   %nice    %sys %iowait    %irq   %soft  %steal  %guest   %idle
21时34分42秒  all   75.80    0.00    9.94    0.00    0.00    0.76    0.00    0.00   13.50
平均时间:  all   75.80    0.00    9.94    0.00    0.00    0.76    0.00    0.00   13.50

Linux 2.6.32-431.el6.x86_64 (slave2) 	2019年07月26日 	_x86_64_	(8 CPU)

21时34分45秒  CPU    %usr   %nice    %sys %iowait    %irq   %soft  %steal  %guest   %idle
21时34分46秒  all   90.64    0.00    5.94    0.00    0.00    1.01    0.00    0.00    2.40
平均时间:  all   90.64    0.00    5.94    0.00    0.00    1.01    0.00    0.00    2.40

Linux 2.6.32-431.el6.x86_64 (slave2) 	2019年07月26日 	_x86_64_	(8 CPU)

21时34分49秒  CPU    %usr   %nice    %sys %iowait    %irq   %soft  %steal  %guest   %idle
21时34分50秒  all   61.17    0.00    5.84    0.00    0.00    0.63    0.00    0.00   32.36
平均时间:  all   61.17    0.00    5.84    0.00    0.00    0.63    0.00    0.00   32.36

Linux 2.6.32-431.el6.x86_64 (slave2) 	2019年07月26日 	_x86_64_	(8 CPU)

21时34分53秒  CPU    %usr   %nice    %sys %iowait    %irq   %soft  %steal  %guest   %idle
21时34分54秒  all   81.99    0.00    9.82    0.00    0.13    2.39    0.00    0.00    5.67
平均时间:  all   81.99    0.00    9.82    0.00    0.13    2.39    0.00    0.00    5.67

Linux 2.6.32-431.el6.x86_64 (slave2) 	2019年07月26日 	_x86_64_	(8 CPU)

21时34分57秒  CPU    %usr   %nice    %sys %iowait    %irq   %soft  %steal  %guest   %idle
21时34分58秒  all   52.85    0.00   14.32    0.00    0.00    0.13    0.00    0.00   32.70
平均时间:  all   52.85    0.00   14.32    0.00    0.00    0.13    0.00    0.00   32.70

Linux 2.6.32-431.el6.x86_64 (slave2) 	2019年07月26日 	_x86_64_	(8 CPU)

21时35分01秒  CPU    %usr   %nice    %sys %iowait    %irq   %soft  %steal  %guest   %idle
21时35分02秒  all   72.69    0.00   19.97    0.00    0.00    1.26    0.00    0.00    6.07
平均时间:  all   72.69    0.00   19.97    0.00    0.00    1.26    0.00    0.00    6.07

Linux 2.6.32-431.el6.x86_64 (slave2) 	2019年07月26日 	_x86_64_	(8 CPU)

21时35分05秒  CPU    %usr   %nice    %sys %iowait    %irq   %soft  %steal  %guest   %idle
21时35分06秒  all   89.12    0.00    9.75    0.00    0.00    0.88    0.00    0.00    0.25
平均时间:  all   89.12    0.00    9.75    0.00    0.00    0.88    0.00    0.00    0.25

Linux 2.6.32-431.el6.x86_64 (slave2) 	2019年07月26日 	_x86_64_	(8 CPU)

21时35分09秒  CPU    %usr   %nice    %sys %iowait    %irq   %soft  %steal  %guest   %idle
21时35分10秒  all   92.12    0.00    7.50    0.00    0.00    0.12    0.00    0.00    0.25
平均时间:  all   92.12    0.00    7.50    0.00    0.00    0.12    0.00    0.00    0.25

Linux 2.6.32-431.el6.x86_64 (slave2) 	2019年07月26日 	_x86_64_	(8 CPU)

21时35分13秒  CPU    %usr   %nice    %sys %iowait    %irq   %soft  %steal  %guest   %idle
21时35分14秒  all   92.88    0.00    6.25    0.00    0.00    0.12    0.00    0.00    0.75
平均时间:  all   92.88    0.00    6.25    0.00    0.00    0.12    0.00    0.00    0.75

Linux 2.6.32-431.el6.x86_64 (slave2) 	2019年07月26日 	_x86_64_	(8 CPU)

21时35分17秒  CPU    %usr   %nice    %sys %iowait    %irq   %soft  %steal  %guest   %idle
21时35分18秒  all   86.31    0.00    5.78    0.00    0.00    0.13    0.00    0.00    7.79
平均时间:  all   86.31    0.00    5.78    0.00    0.00    0.13    0.00    0.00    7.79

Linux 2.6.32-431.el6.x86_64 (slave2) 	2019年07月26日 	_x86_64_	(8 CPU)

21时35分21秒  CPU    %usr   %nice    %sys %iowait    %irq   %soft  %steal  %guest   %idle
21时35分22秒  all   45.72    0.00    7.92    0.13    0.00    0.89    0.00    0.00   45.34
平均时间:  all   45.72    0.00    7.92    0.13    0.00    0.89    0.00    0.00   45.34

Linux 2.6.32-431.el6.x86_64 (slave2) 	2019年07月26日 	_x86_64_	(8 CPU)

21时35分25秒  CPU    %usr   %nice    %sys %iowait    %irq   %soft  %steal  %guest   %idle
21时35分26秒  all   74.24    0.00    6.31    0.00    0.00    0.25    0.00    0.00   19.19
平均时间:  all   74.24    0.00    6.31    0.00    0.00    0.25    0.00    0.00   19.19

Linux 2.6.32-431.el6.x86_64 (slave2) 	2019年07月26日 	_x86_64_	(8 CPU)

21时35分29秒  CPU    %usr   %nice    %sys %iowait    %irq   %soft  %steal  %guest   %idle
21时35分30秒  all   50.25    0.00    4.20    0.00    0.00    0.76    0.00    0.00   44.78
平均时间:  all   50.25    0.00    4.20    0.00    0.00    0.76    0.00    0.00   44.78

Linux 2.6.32-431.el6.x86_64 (slave2) 	2019年07月26日 	_x86_64_	(8 CPU)

21时35分33秒  CPU    %usr   %nice    %sys %iowait    %irq   %soft  %steal  %guest   %idle
21时35分34秒  all   69.00    0.00    6.23    0.00    0.00    0.51    0.00    0.00   24.27
平均时间:  all   69.00    0.00    6.23    0.00    0.00    0.51    0.00    0.00   24.27

Linux 2.6.32-431.el6.x86_64 (slave2) 	2019年07月26日 	_x86_64_	(8 CPU)

21时35分37秒  CPU    %usr   %nice    %sys %iowait    %irq   %soft  %steal  %guest   %idle
21时35分38秒  all   74.47    0.00   15.69    0.00    0.12    3.24    0.00    0.00    6.48
平均时间:  all   74.47    0.00   15.69    0.00    0.12    3.24    0.00    0.00    6.48

Linux 2.6.32-431.el6.x86_64 (slave2) 	2019年07月26日 	_x86_64_	(8 CPU)

21时35分42秒  CPU    %usr   %nice    %sys %iowait    %irq   %soft  %steal  %guest   %idle
21时35分43秒  all   38.27    0.00   13.14    0.00    0.00    0.64    0.00    0.00   47.94
平均时间:  all   38.27    0.00   13.14    0.00    0.00    0.64    0.00    0.00   47.94

Linux 2.6.32-431.el6.x86_64 (slave2) 	2019年07月26日 	_x86_64_	(8 CPU)

21时35分46秒  CPU    %usr   %nice    %sys %iowait    %irq   %soft  %steal  %guest   %idle
21时35分47秒  all   83.21    0.00   13.41    0.00    0.00    0.75    0.00    0.00    2.63
平均时间:  all   83.21    0.00   13.41    0.00    0.00    0.75    0.00    0.00    2.63

Linux 2.6.32-431.el6.x86_64 (slave2) 	2019年07月26日 	_x86_64_	(8 CPU)

21时35分50秒  CPU    %usr   %nice    %sys %iowait    %irq   %soft  %steal  %guest   %idle
21时35分51秒  all   76.57    0.00    7.56    0.00    0.00    0.13    0.00    0.00   15.74
平均时间:  all   76.57    0.00    7.56    0.00    0.00    0.13    0.00    0.00   15.74

Linux 2.6.32-431.el6.x86_64 (slave2) 	2019年07月26日 	_x86_64_	(8 CPU)

21时35分54秒  CPU    %usr   %nice    %sys %iowait    %irq   %soft  %steal  %guest   %idle
21时35分55秒  all   92.38    0.00    6.87    0.00    0.00    0.12    0.00    0.00    0.62
平均时间:  all   92.38    0.00    6.87    0.00    0.00    0.12    0.00    0.00    0.62

Linux 2.6.32-431.el6.x86_64 (slave2) 	2019年07月26日 	_x86_64_	(8 CPU)

21时35分58秒  CPU    %usr   %nice    %sys %iowait    %irq   %soft  %steal  %guest   %idle
21时35分59秒  all   88.88    0.00    7.38    0.00    0.12    1.12    0.00    0.00    2.50
平均时间:  all   88.88    0.00    7.38    0.00    0.12    1.12    0.00    0.00    2.50

Linux 2.6.32-431.el6.x86_64 (slave2) 	2019年07月26日 	_x86_64_	(8 CPU)

21时36分02秒  CPU    %usr   %nice    %sys %iowait    %irq   %soft  %steal  %guest   %idle
21时36分03秒  all   73.48    0.00    5.56    0.00    0.13    0.63    0.00    0.00   20.20
平均时间:  all   73.48    0.00    5.56    0.00    0.13    0.63    0.00    0.00   20.20

Linux 2.6.32-431.el6.x86_64 (slave2) 	2019年07月26日 	_x86_64_	(8 CPU)

21时36分06秒  CPU    %usr   %nice    %sys %iowait    %irq   %soft  %steal  %guest   %idle
21时36分07秒  all   63.29    0.00    3.42    0.00    0.00    0.13    0.00    0.00   33.16
平均时间:  all   63.29    0.00    3.42    0.00    0.00    0.13    0.00    0.00   33.16

Linux 2.6.32-431.el6.x86_64 (slave2) 	2019年07月26日 	_x86_64_	(8 CPU)

21时36分10秒  CPU    %usr   %nice    %sys %iowait    %irq   %soft  %steal  %guest   %idle
21时36分11秒  all   58.60    0.00    6.24    0.00    0.00    0.25    0.00    0.00   34.90
平均时间:  all   58.60    0.00    6.24    0.00    0.00    0.25    0.00    0.00   34.90

Linux 2.6.32-431.el6.x86_64 (slave2) 	2019年07月26日 	_x86_64_	(8 CPU)

21时36分14秒  CPU    %usr   %nice    %sys %iowait    %irq   %soft  %steal  %guest   %idle
21时36分15秒  all   41.62    0.00    9.77    0.00    0.00    2.28    0.00    0.00   46.32
平均时间:  all   41.62    0.00    9.77    0.00    0.00    2.28    0.00    0.00   46.32

Linux 2.6.32-431.el6.x86_64 (slave2) 	2019年07月26日 	_x86_64_	(8 CPU)

21时36分18秒  CPU    %usr   %nice    %sys %iowait    %irq   %soft  %steal  %guest   %idle
21时36分19秒  all   26.37    0.00    3.44    0.00    0.00    0.38    0.00    0.00   69.81
平均时间:  all   26.37    0.00    3.44    0.00    0.00    0.38    0.00    0.00   69.81

Linux 2.6.32-431.el6.x86_64 (slave2) 	2019年07月26日 	_x86_64_	(8 CPU)

21时36分22秒  CPU    %usr   %nice    %sys %iowait    %irq   %soft  %steal  %guest   %idle
21时36分23秒  all   35.48    0.00    6.06    0.00    0.00    2.15    0.00    0.00   56.31
平均时间:  all   35.48    0.00    6.06    0.00    0.00    2.15    0.00    0.00   56.31

Linux 2.6.32-431.el6.x86_64 (slave2) 	2019年07月26日 	_x86_64_	(8 CPU)

21时36分27秒  CPU    %usr   %nice    %sys %iowait    %irq   %soft  %steal  %guest   %idle
21时36分28秒  all   31.69    0.00    2.66    0.00    0.13    0.38    0.00    0.00   65.15
平均时间:  all   31.69    0.00    2.66    0.00    0.13    0.38    0.00    0.00   65.15

Linux 2.6.32-431.el6.x86_64 (slave2) 	2019年07月26日 	_x86_64_	(8 CPU)

21时36分31秒  CPU    %usr   %nice    %sys %iowait    %irq   %soft  %steal  %guest   %idle
21时36分32秒  all    6.54    0.00    0.25    0.00    0.00    0.00    0.00    0.00   93.21
平均时间:  all    6.54    0.00    0.25    0.00    0.00    0.00    0.00    0.00   93.21

Linux 2.6.32-431.el6.x86_64 (slave2) 	2019年07月26日 	_x86_64_	(8 CPU)

21时36分35秒  CPU    %usr   %nice    %sys %iowait    %irq   %soft  %steal  %guest   %idle
21时36分36秒  all    0.88    0.00    0.88    0.00    0.00    0.00    0.00    0.00   98.24
平均时间:  all    0.88    0.00    0.88    0.00    0.00    0.00    0.00    0.00   98.24

Linux 2.6.32-431.el6.x86_64 (slave2) 	2019年07月26日 	_x86_64_	(8 CPU)

21时36分39秒  CPU    %usr   %nice    %sys %iowait    %irq   %soft  %steal  %guest   %idle
21时36分40秒  all   28.44    0.00    4.59    0.00    0.13    0.77    0.00    0.00   66.07
平均时间:  all   28.44    0.00    4.59    0.00    0.13    0.77    0.00    0.00   66.07

Linux 2.6.32-431.el6.x86_64 (slave2) 	2019年07月26日 	_x86_64_	(8 CPU)

21时36分43秒  CPU    %usr   %nice    %sys %iowait    %irq   %soft  %steal  %guest   %idle
21时36分44秒  all   10.59    0.00    3.70    0.00    0.13    0.38    0.00    0.00   85.20
平均时间:  all   10.59    0.00    3.70    0.00    0.13    0.38    0.00    0.00   85.20

Linux 2.6.32-431.el6.x86_64 (slave2) 	2019年07月26日 	_x86_64_	(8 CPU)

21时36分47秒  CPU    %usr   %nice    %sys %iowait    %irq   %soft  %steal  %guest   %idle
21时36分48秒  all    0.13    0.00    0.25    0.00    0.00    0.00    0.00    0.00   99.62
平均时间:  all    0.13    0.00    0.25    0.00    0.00    0.00    0.00    0.00   99.62

Linux 2.6.32-431.el6.x86_64 (slave2) 	2019年07月26日 	_x86_64_	(8 CPU)

21时36分51秒  CPU    %usr   %nice    %sys %iowait    %irq   %soft  %steal  %guest   %idle
21时36分52秒  all    0.00    0.00    0.00    0.00    0.00    0.00    0.00    0.00  100.00
平均时间:  all    0.00    0.00    0.00    0.00    0.00    0.00    0.00    0.00  100.00

Linux 2.6.32-431.el6.x86_64 (slave2) 	2019年07月26日 	_x86_64_	(8 CPU)

21时36分55秒  CPU    %usr   %nice    %sys %iowait    %irq   %soft  %steal  %guest   %idle
21时36分56秒  all    0.12    0.00    0.12    0.00    0.00    0.00    0.00    0.00   99.75
平均时间:  all    0.12    0.00    0.12    0.00    0.00    0.00    0.00    0.00   99.75

Linux 2.6.32-431.el6.x86_64 (slave2) 	2019年07月26日 	_x86_64_	(8 CPU)
