
2019年 07月 26日 星期五 21:28:10 CST
             total       used       free     shared    buffers     cached
Mem:         15945      10095       5849          0        185       7902
-/+ buffers/cache:       2007      13938
Swap:         8039          0       8039

2019年 07月 26日 星期五 21:28:14 CST
             total       used       free     shared    buffers     cached
Mem:         15945      10095       5849          0        185       7902
-/+ buffers/cache:       2007      13938
Swap:         8039          0       8039

2019年 07月 26日 星期五 21:28:18 CST
             total       used       free     shared    buffers     cached
Mem:         15945      10096       5849          0        185       7902
-/+ buffers/cache:       2007      13937
Swap:         8039          0       8039

2019年 07月 26日 星期五 21:28:22 CST
             total       used       free     shared    buffers     cached
Mem:         15945      10096       5849          0        185       7902
-/+ buffers/cache:       2007      13937
Swap:         8039          0       8039

2019年 07月 26日 星期五 21:28:26 CST
             total       used       free     shared    buffers     cached
Mem:         15945      10101       5843          0        185       7908
-/+ buffers/cache:       2007      13937
Swap:         8039          0       8039

2019年 07月 26日 星期五 21:28:30 CST
             total       used       free     shared    buffers     cached
Mem:         15945      10277       5667          0        185       8083
-/+ buffers/cache:       2008      13937
Swap:         8039          0       8039

2019年 07月 26日 星期五 21:28:34 CST
             total       used       free     shared    buffers     cached
Mem:         15945      10531       5414          0        185       8336
-/+ buffers/cache:       2009      13936
Swap:         8039          0       8039

2019年 07月 26日 星期五 21:28:38 CST
             total       used       free     shared    buffers     cached
Mem:         15945      10814       5131          0        185       8593
-/+ buffers/cache:       2035      13910
Swap:         8039          0       8039

2019年 07月 26日 星期五 21:28:42 CST
             total       used       free     shared    buffers     cached
Mem:         15945      11236       4709          0        185       8888
-/+ buffers/cache:       2162      13783
Swap:         8039          0       8039

2019年 07月 26日 星期五 21:28:46 CST
             total       used       free     shared    buffers     cached
Mem:         15945      11640       4305          0        185       9161
-/+ buffers/cache:       2292      13652
Swap:         8039          0       8039

2019年 07月 26日 星期五 21:28:50 CST
             total       used       free     shared    buffers     cached
Mem:         15945      12312       3632          0        185       9733
-/+ buffers/cache:       2393      13552
Swap:         8039          0       8039

2019年 07月 26日 星期五 21:28:54 CST
             total       used       free     shared    buffers     cached
Mem:         15945      13456       2489          0        185      10399
-/+ buffers/cache:       2870      13074
Swap:         8039          0       8039

2019年 07月 26日 星期五 21:28:58 CST
             total       used       free     shared    buffers     cached
Mem:         15945      14247       1698          0        185      10483
-/+ buffers/cache:       3578      12367
Swap:         8039          0       8039

2019年 07月 26日 星期五 21:29:02 CST
             total       used       free     shared    buffers     cached
Mem:         15945      14787       1158          0        185      10485
-/+ buffers/cache:       4116      11829
Swap:         8039          0       8039

2019年 07月 26日 星期五 21:29:06 CST
             total       used       free     shared    buffers     cached
Mem:         15945      14296       1648          0        185      10502
-/+ buffers/cache:       3608      12337
Swap:         8039          0       8039

2019年 07月 26日 星期五 21:29:10 CST
             total       used       free     shared    buffers     cached
Mem:         15945      14889       1056          0        185      10503
-/+ buffers/cache:       4199      11745
Swap:         8039          0       8039

2019年 07月 26日 星期五 21:29:14 CST
             total       used       free     shared    buffers     cached
Mem:         15945      15169        776          0        185      10484
-/+ buffers/cache:       4498      11447
Swap:         8039          0       8039

2019年 07月 26日 星期五 21:29:18 CST
             total       used       free     shared    buffers     cached
Mem:         15945      15537        407          0        185      10486
-/+ buffers/cache:       4865      11080
Swap:         8039          0       8039

2019年 07月 26日 星期五 21:29:22 CST
             total       used       free     shared    buffers     cached
Mem:         15945      15773        171          0        185      10434
-/+ buffers/cache:       5153      10791
Swap:         8039          0       8039

2019年 07月 26日 星期五 21:29:26 CST
             total       used       free     shared    buffers     cached
Mem:         15945      15788        157          0        185      10391
-/+ buffers/cache:       5210      10735
Swap:         8039          0       8039

2019年 07月 26日 星期五 21:29:30 CST
             total       used       free     shared    buffers     cached
Mem:         15945      15778        167          0        185      10392
-/+ buffers/cache:       5199      10745
Swap:         8039          0       8039

2019年 07月 26日 星期五 21:29:34 CST
             total       used       free     shared    buffers     cached
Mem:         15945      15788        157          0        185      10311
-/+ buffers/cache:       5291      10654
Swap:         8039          0       8039

2019年 07月 26日 星期五 21:29:38 CST
             total       used       free     shared    buffers     cached
Mem:         15945      14608       1337          0        185      10223
-/+ buffers/cache:       4199      11746
Swap:         8039          0       8039

2019年 07月 26日 星期五 21:29:42 CST
             total       used       free     shared    buffers     cached
Mem:         15945      14964        980          0        185      10245
-/+ buffers/cache:       4533      11411
Swap:         8039          0       8039

2019年 07月 26日 星期五 21:29:46 CST
             total       used       free     shared    buffers     cached
Mem:         15945      15092        853          0        185      10225
-/+ buffers/cache:       4680      11265
Swap:         8039          0       8039

2019年 07月 26日 星期五 21:29:51 CST
             total       used       free     shared    buffers     cached
Mem:         15945      14727       1217          0        185      10225
-/+ buffers/cache:       4316      11629
Swap:         8039          0       8039

2019年 07月 26日 星期五 21:29:55 CST
             total       used       free     shared    buffers     cached
Mem:         15945      15073        871          0        185      10226
-/+ buffers/cache:       4661      11283
Swap:         8039          0       8039

2019年 07月 26日 星期五 21:29:59 CST
             total       used       free     shared    buffers     cached
Mem:         15945      15393        551          0        186      10226
-/+ buffers/cache:       4981      10964
Swap:         8039          0       8039

2019年 07月 26日 星期五 21:30:03 CST
             total       used       free     shared    buffers     cached
Mem:         15945      15780        164          0        186      10041
-/+ buffers/cache:       5553      10392
Swap:         8039          0       8039

2019年 07月 26日 星期五 21:30:07 CST
             total       used       free     shared    buffers     cached
Mem:         15945      15786        159          0        186       9937
-/+ buffers/cache:       5662      10283
Swap:         8039          0       8039

2019年 07月 26日 星期五 21:30:11 CST
             total       used       free     shared    buffers     cached
Mem:         15945      15778        167          0        186       9907
-/+ buffers/cache:       5684      10261
Swap:         8039          0       8039

2019年 07月 26日 星期五 21:30:15 CST
             total       used       free     shared    buffers     cached
Mem:         15945      15783        162          0        186       9913
-/+ buffers/cache:       5683      10262
Swap:         8039          0       8039

2019年 07月 26日 星期五 21:30:19 CST
             total       used       free     shared    buffers     cached
Mem:         15945      15527        417          0        186       9652
-/+ buffers/cache:       5688      10256
Swap:         8039          0       8039

2019年 07月 26日 星期五 21:30:23 CST
             total       used       free     shared    buffers     cached
Mem:         15945      15762        183          0        186       9884
-/+ buffers/cache:       5691      10253
Swap:         8039          0       8039

2019年 07月 26日 星期五 21:30:27 CST
             total       used       free     shared    buffers     cached
Mem:         15945      15769        175          0        185       9891
-/+ buffers/cache:       5692      10253
Swap:         8039          0       8039

2019年 07月 26日 星期五 21:30:31 CST
             total       used       free     shared    buffers     cached
Mem:         15945      15781        164          0        176       9912
-/+ buffers/cache:       5692      10253
Swap:         8039          0       8039

2019年 07月 26日 星期五 21:30:35 CST
             total       used       free     shared    buffers     cached
Mem:         15945      14888       1057          0        144      10158
-/+ buffers/cache:       4585      11360
Swap:         8039          0       8039

2019年 07月 26日 星期五 21:30:39 CST
             total       used       free     shared    buffers     cached
Mem:         15945      15656        288          0        144      10343
-/+ buffers/cache:       5168      10776
Swap:         8039          0       8039

2019年 07月 26日 星期五 21:30:43 CST
             total       used       free     shared    buffers     cached
Mem:         15945      15783        161          0        118       9910
-/+ buffers/cache:       5754      10190
Swap:         8039          0       8039

2019年 07月 26日 星期五 21:30:47 CST
             total       used       free     shared    buffers     cached
Mem:         15945      15320        625          0        118       9905
-/+ buffers/cache:       5296      10649
Swap:         8039          0       8039

2019年 07月 26日 星期五 21:30:51 CST
             total       used       free     shared    buffers     cached
Mem:         15945      15452        493          0        118       9765
-/+ buffers/cache:       5568      10377
Swap:         8039          0       8039

2019年 07月 26日 星期五 21:30:55 CST
             total       used       free     shared    buffers     cached
Mem:         15945      15784        160          0        118       9683
-/+ buffers/cache:       5982       9962
Swap:         8039          0       8039

2019年 07月 26日 星期五 21:30:59 CST
             total       used       free     shared    buffers     cached
Mem:         15945      15214        731          0        118       9349
-/+ buffers/cache:       5745      10200
Swap:         8039          0       8039

2019年 07月 26日 星期五 21:31:03 CST
             total       used       free     shared    buffers     cached
Mem:         15945      15229        716          0        118       9288
-/+ buffers/cache:       5822      10123
Swap:         8039          0       8039

2019年 07月 26日 星期五 21:31:07 CST
             total       used       free     shared    buffers     cached
Mem:         15945      15605        339          0        118       9338
-/+ buffers/cache:       6148       9796
Swap:         8039          0       8039

2019年 07月 26日 星期五 21:31:11 CST
             total       used       free     shared    buffers     cached
Mem:         15945      15776        168          0        118       9210
-/+ buffers/cache:       6447       9497
Swap:         8039          0       8039

2019年 07月 26日 星期五 21:31:15 CST
             total       used       free     shared    buffers     cached
Mem:         15945      15448        497          0        118       9177
-/+ buffers/cache:       6152       9793
Swap:         8039          0       8039

2019年 07月 26日 星期五 21:31:20 CST
             total       used       free     shared    buffers     cached
Mem:         15945      15448        497          0        118       9023
-/+ buffers/cache:       6306       9639
Swap:         8039          0       8039

2019年 07月 26日 星期五 21:31:24 CST
             total       used       free     shared    buffers     cached
Mem:         15945      15362        582          0        118       9211
-/+ buffers/cache:       6032       9913
Swap:         8039          0       8039

2019年 07月 26日 星期五 21:31:28 CST
             total       used       free     shared    buffers     cached
Mem:         15945      15528        417          0        118       9060
-/+ buffers/cache:       6349       9596
Swap:         8039          0       8039

2019年 07月 26日 星期五 21:31:32 CST
             total       used       free     shared    buffers     cached
Mem:         15945      13440       2505          0        118       9052
-/+ buffers/cache:       4268      11676
Swap:         8039          0       8039

2019年 07月 26日 星期五 21:31:36 CST
             total       used       free     shared    buffers     cached
Mem:         15945      13733       2211          0        118       9074
-/+ buffers/cache:       4540      11405
Swap:         8039          0       8039

2019年 07月 26日 星期五 21:31:41 CST
             total       used       free     shared    buffers     cached
Mem:         15945      14310       1635          0        118       8892
-/+ buffers/cache:       5299      10646
Swap:         8039          0       8039

2019年 07月 26日 星期五 21:31:45 CST
             total       used       free     shared    buffers     cached
Mem:         15945      13770       2174          0        118       8894
-/+ buffers/cache:       4757      11188
Swap:         8039          0       8039

2019年 07月 26日 星期五 21:31:49 CST
             total       used       free     shared    buffers     cached
Mem:         15945      14459       1486          0        118       9085
-/+ buffers/cache:       5255      10690
Swap:         8039          0       8039

2019年 07月 26日 星期五 21:31:53 CST
             total       used       free     shared    buffers     cached
Mem:         15945      14844       1100          0        118       9217
-/+ buffers/cache:       5508      10436
Swap:         8039          0       8039

2019年 07月 26日 星期五 21:31:57 CST
             total       used       free     shared    buffers     cached
Mem:         15945      15395        550          0        118       9432
-/+ buffers/cache:       5844      10101
Swap:         8039          0       8039

2019年 07月 26日 星期五 21:32:01 CST
             total       used       free     shared    buffers     cached
Mem:         15945      15771        173          0        118       9586
-/+ buffers/cache:       6066       9879
Swap:         8039          0       8039

2019年 07月 26日 星期五 21:32:05 CST
             total       used       free     shared    buffers     cached
Mem:         15945      15790        155          0        118       9514
-/+ buffers/cache:       6157       9788
Swap:         8039          0       8039

2019年 07月 26日 星期五 21:32:09 CST
             total       used       free     shared    buffers     cached
Mem:         15945      14898       1046          0        118       9753
-/+ buffers/cache:       5026      10918
Swap:         8039          0       8039

2019年 07月 26日 星期五 21:32:13 CST
             total       used       free     shared    buffers     cached
Mem:         15945      15553        392          0        118       9984
-/+ buffers/cache:       5450      10495
Swap:         8039          0       8039

2019年 07月 26日 星期五 21:32:17 CST
             total       used       free     shared    buffers     cached
Mem:         15945      15772        172          0        118      10010
-/+ buffers/cache:       5643      10302
Swap:         8039          0       8039

2019年 07月 26日 星期五 21:32:21 CST
             total       used       free     shared    buffers     cached
Mem:         15945      14852       1092          0        118      10044
-/+ buffers/cache:       4689      11255
Swap:         8039          0       8039

2019年 07月 26日 星期五 21:32:25 CST
             total       used       free     shared    buffers     cached
Mem:         15945      15267        677          0        118       9979
-/+ buffers/cache:       5169      10775
Swap:         8039          0       8039

2019年 07月 26日 星期五 21:32:29 CST
             total       used       free     shared    buffers     cached
Mem:         15945      14461       1483          0        118      10106
-/+ buffers/cache:       4236      11708
Swap:         8039          0       8039

2019年 07月 26日 星期五 21:32:33 CST
             total       used       free     shared    buffers     cached
Mem:         15945      14313       1631          0        118      10142
-/+ buffers/cache:       4051      11893
Swap:         8039          0       8039

2019年 07月 26日 星期五 21:32:37 CST
             total       used       free     shared    buffers     cached
Mem:         15945      14707       1237          0        118      10295
-/+ buffers/cache:       4293      11652
Swap:         8039          0       8039

2019年 07月 26日 星期五 21:32:41 CST
             total       used       free     shared    buffers     cached
Mem:         15945      15110        835          0        118      10149
-/+ buffers/cache:       4841      11104
Swap:         8039          0       8039

2019年 07月 26日 星期五 21:32:45 CST
             total       used       free     shared    buffers     cached
Mem:         15945      15549        396          0        118      10168
-/+ buffers/cache:       5262      10683
Swap:         8039          0       8039

2019年 07月 26日 星期五 21:32:49 CST
             total       used       free     shared    buffers     cached
Mem:         15945      15739        206          0        118      10189
-/+ buffers/cache:       5430      10515
Swap:         8039          0       8039

2019年 07月 26日 星期五 21:32:53 CST
             total       used       free     shared    buffers     cached
Mem:         15945      15512        432          0        118      10175
-/+ buffers/cache:       5218      10727
Swap:         8039          0       8039

2019年 07月 26日 星期五 21:32:57 CST
             total       used       free     shared    buffers     cached
Mem:         15945      14961        983          0        118       9989
-/+ buffers/cache:       4852      11092
Swap:         8039          0       8039

2019年 07月 26日 星期五 21:33:01 CST
             total       used       free     shared    buffers     cached
Mem:         15945      15409        536          0        118       9991
-/+ buffers/cache:       5299      10646
Swap:         8039          0       8039

2019年 07月 26日 星期五 21:33:05 CST
             total       used       free     shared    buffers     cached
Mem:         15945      15780        164          0        118       9697
-/+ buffers/cache:       5964       9981
Swap:         8039          0       8039

2019年 07月 26日 星期五 21:33:09 CST
             total       used       free     shared    buffers     cached
Mem:         15945      14687       1257          0        118       9302
-/+ buffers/cache:       5265      10679
Swap:         8039          0       8039

2019年 07月 26日 星期五 21:33:13 CST
             total       used       free     shared    buffers     cached
Mem:         15945      15305        640          0        118       9719
-/+ buffers/cache:       5467      10478
Swap:         8039          0       8039

2019年 07月 26日 星期五 21:33:17 CST
             total       used       free     shared    buffers     cached
Mem:         15945      15134        810          0        118       9727
-/+ buffers/cache:       5288      10657
Swap:         8039          0       8039

2019年 07月 26日 星期五 21:33:21 CST
             total       used       free     shared    buffers     cached
Mem:         15945      15782        162          0        118       9628
-/+ buffers/cache:       6035       9910
Swap:         8039          0       8039

2019年 07月 26日 星期五 21:33:25 CST
             total       used       free     shared    buffers     cached
Mem:         15945      14978        967          0        119       9421
-/+ buffers/cache:       5437      10507
Swap:         8039          0       8039

2019年 07月 26日 星期五 21:33:29 CST
             total       used       free     shared    buffers     cached
Mem:         15945      14823       1122          0        119       9318
-/+ buffers/cache:       5386      10559
Swap:         8039          0       8039

2019年 07月 26日 星期五 21:33:33 CST
             total       used       free     shared    buffers     cached
Mem:         15945      15515        429          0        119       9518
-/+ buffers/cache:       5878      10067
Swap:         8039          0       8039

2019年 07月 26日 星期五 21:33:38 CST
             total       used       free     shared    buffers     cached
Mem:         15945      14372       1573          0        119       9755
-/+ buffers/cache:       4497      11447
Swap:         8039          0       8039

2019年 07月 26日 星期五 21:33:42 CST
             total       used       free     shared    buffers     cached
Mem:         15945      14680       1264          0        119       9655
-/+ buffers/cache:       4906      11039
Swap:         8039          0       8039

2019年 07月 26日 星期五 21:33:46 CST
             total       used       free     shared    buffers     cached
Mem:         15945      15183        761          0        119       9744
-/+ buffers/cache:       5320      10624
Swap:         8039          0       8039

2019年 07月 26日 星期五 21:33:50 CST
             total       used       free     shared    buffers     cached
Mem:         15945      15641        303          0        119       9809
-/+ buffers/cache:       5712      10232
Swap:         8039          0       8039

2019年 07月 26日 星期五 21:33:54 CST
             total       used       free     shared    buffers     cached
Mem:         15945      15773        172          0        119       9535
-/+ buffers/cache:       6118       9826
Swap:         8039          0       8039

2019年 07月 26日 星期五 21:33:58 CST
             total       used       free     shared    buffers     cached
Mem:         15945      14433       1512          0        119       9475
-/+ buffers/cache:       4838      11106
Swap:         8039          0       8039

2019年 07月 26日 星期五 21:34:02 CST
             total       used       free     shared    buffers     cached
Mem:         15945      14670       1274          0        119       9386
-/+ buffers/cache:       5164      10780
Swap:         8039          0       8039

2019年 07月 26日 星期五 21:34:06 CST
             total       used       free     shared    buffers     cached
Mem:         15945      15275        669          0        119       9447
-/+ buffers/cache:       5708      10236
Swap:         8039          0       8039

2019年 07月 26日 星期五 21:34:10 CST
             total       used       free     shared    buffers     cached
Mem:         15945      15001        944          0        119       9519
-/+ buffers/cache:       5362      10582
Swap:         8039          0       8039

2019年 07月 26日 星期五 21:34:14 CST
             total       used       free     shared    buffers     cached
Mem:         15945      15287        657          0        119       9575
-/+ buffers/cache:       5593      10352
Swap:         8039          0       8039

2019年 07月 26日 星期五 21:34:18 CST
             total       used       free     shared    buffers     cached
Mem:         15945      15780        164          0        119       9460
-/+ buffers/cache:       6201       9743
Swap:         8039          0       8039

2019年 07月 26日 星期五 21:34:22 CST
             total       used       free     shared    buffers     cached
Mem:         15945      15766        178          0        118       9074
-/+ buffers/cache:       6573       9372
Swap:         8039          0       8039

2019年 07月 26日 星期五 21:34:26 CST
             total       used       free     shared    buffers     cached
Mem:         15945      15772        173          0        119       8914
-/+ buffers/cache:       6738       9207
Swap:         8039          0       8039

2019年 07月 26日 星期五 21:34:30 CST
             total       used       free     shared    buffers     cached
Mem:         15945      15789        155          0        118       8859
-/+ buffers/cache:       6811       9133
Swap:         8039          0       8039

2019年 07月 26日 星期五 21:34:34 CST
             total       used       free     shared    buffers     cached
Mem:         15945      15027        918          0        119       9207
-/+ buffers/cache:       5700      10244
Swap:         8039          0       8039

2019年 07月 26日 星期五 21:34:38 CST
             total       used       free     shared    buffers     cached
Mem:         15945      15649        296          0        119       9385
-/+ buffers/cache:       6144       9801
Swap:         8039          0       8039

2019年 07月 26日 星期五 21:34:42 CST
             total       used       free     shared    buffers     cached
Mem:         15945      15794        150          0        119       8991
-/+ buffers/cache:       6684       9261
Swap:         8039          0       8039

2019年 07月 26日 星期五 21:34:46 CST
             total       used       free     shared    buffers     cached
Mem:         15945      15765        180          0        119       8721
-/+ buffers/cache:       6924       9020
Swap:         8039          0       8039

2019年 07月 26日 星期五 21:34:50 CST
             total       used       free     shared    buffers     cached
Mem:         15945      15207        737          0        118       8632
-/+ buffers/cache:       6456       9489
Swap:         8039          0       8039

2019年 07月 26日 星期五 21:34:54 CST
             total       used       free     shared    buffers     cached
Mem:         15945      15379        565          0        118       8670
-/+ buffers/cache:       6590       9354
Swap:         8039          0       8039

2019年 07月 26日 星期五 21:34:58 CST
             total       used       free     shared    buffers     cached
Mem:         15945      12488       3457          0        118       8485
-/+ buffers/cache:       3884      12061
Swap:         8039          0       8039

2019年 07月 26日 星期五 21:35:02 CST
             total       used       free     shared    buffers     cached
Mem:         15945      12345       3599          0        118       8409
-/+ buffers/cache:       3817      12127
Swap:         8039          0       8039

2019年 07月 26日 星期五 21:35:06 CST
             total       used       free     shared    buffers     cached
Mem:         15945      12919       3026          0        118       8807
-/+ buffers/cache:       3993      11952
Swap:         8039          0       8039

2019年 07月 26日 星期五 21:35:10 CST
             total       used       free     shared    buffers     cached
Mem:         15945      13804       2141          0        118       8809
-/+ buffers/cache:       4875      11069
Swap:         8039          0       8039

2019年 07月 26日 星期五 21:35:14 CST
             total       used       free     shared    buffers     cached
Mem:         15945      14557       1387          0        118       8793
-/+ buffers/cache:       5645      10300
Swap:         8039          0       8039

2019年 07月 26日 星期五 21:35:18 CST
             total       used       free     shared    buffers     cached
Mem:         15945      14845       1099          0        118       8794
-/+ buffers/cache:       5932      10012
Swap:         8039          0       8039

2019年 07月 26日 星期五 21:35:22 CST
             total       used       free     shared    buffers     cached
Mem:         15945      13986       1959          0        118       8814
-/+ buffers/cache:       5052      10892
Swap:         8039          0       8039

2019年 07月 26日 星期五 21:35:26 CST
             total       used       free     shared    buffers     cached
Mem:         15945      14011       1933          0        118       8671
-/+ buffers/cache:       5221      10724
Swap:         8039          0       8039

2019年 07月 26日 星期五 21:35:30 CST
             total       used       free     shared    buffers     cached
Mem:         15945      13999       1945          0        118       8684
-/+ buffers/cache:       5195      10749
Swap:         8039          0       8039

2019年 07月 26日 星期五 21:35:34 CST
             total       used       free     shared    buffers     cached
Mem:         15945      14519       1426          0        118       8711
-/+ buffers/cache:       5689      10256
Swap:         8039          0       8039

2019年 07月 26日 星期五 21:35:38 CST
             total       used       free     shared    buffers     cached
Mem:         15945      15196        749          0        118       8757
-/+ buffers/cache:       6320       9625
Swap:         8039          0       8039

2019年 07月 26日 星期五 21:35:43 CST
             total       used       free     shared    buffers     cached
Mem:         15945      12738       3206          0        118       8830
-/+ buffers/cache:       3789      12156
Swap:         8039          0       8039

2019年 07月 26日 星期五 21:35:47 CST
             total       used       free     shared    buffers     cached
Mem:         15945      13578       2366          0        119       9049
-/+ buffers/cache:       4409      11535
Swap:         8039          0       8039

2019年 07月 26日 星期五 21:35:51 CST
             total       used       free     shared    buffers     cached
Mem:         15945      14467       1478          0        119       9055
-/+ buffers/cache:       5293      10652
Swap:         8039          0       8039

2019年 07月 26日 星期五 21:35:55 CST
             total       used       free     shared    buffers     cached
Mem:         15945      15256        689          0        119       9058
-/+ buffers/cache:       6079       9866
Swap:         8039          0       8039

2019年 07月 26日 星期五 21:35:59 CST
             total       used       free     shared    buffers     cached
Mem:         15945      15655        289          0        119       9080
-/+ buffers/cache:       6456       9489
Swap:         8039          0       8039

2019年 07月 26日 星期五 21:36:03 CST
             total       used       free     shared    buffers     cached
Mem:         15945      15794        150          0        119       9038
-/+ buffers/cache:       6637       9308
Swap:         8039          0       8039

2019年 07月 26日 星期五 21:36:07 CST
             total       used       free     shared    buffers     cached
Mem:         15945      14549       1395          0        119       8974
-/+ buffers/cache:       5456      10489
Swap:         8039          0       8039

2019年 07月 26日 星期五 21:36:11 CST
             total       used       free     shared    buffers     cached
Mem:         15945      14182       1763          0        119       8986
-/+ buffers/cache:       5076      10869
Swap:         8039          0       8039

2019年 07月 26日 星期五 21:36:15 CST
             total       used       free     shared    buffers     cached
Mem:         15945      12911       3033          0        119       8788
-/+ buffers/cache:       4004      11941
Swap:         8039          0       8039

2019年 07月 26日 星期五 21:36:19 CST
             total       used       free     shared    buffers     cached
Mem:         15945      13097       2848          0        119       8788
-/+ buffers/cache:       4189      11756
Swap:         8039          0       8039

2019年 07月 26日 星期五 21:36:23 CST
             total       used       free     shared    buffers     cached
Mem:         15945      12584       3360          0        119       8610
-/+ buffers/cache:       3855      12090
Swap:         8039          0       8039

2019年 07月 26日 星期五 21:36:28 CST
             total       used       free     shared    buffers     cached
Mem:         15945      12686       3259          0        119       8618
-/+ buffers/cache:       3949      11996
Swap:         8039          0       8039

2019年 07月 26日 星期五 21:36:32 CST
             total       used       free     shared    buffers     cached
Mem:         15945      12148       3797          0        119       8629
-/+ buffers/cache:       3399      12546
Swap:         8039          0       8039

2019年 07月 26日 星期五 21:36:36 CST
             total       used       free     shared    buffers     cached
Mem:         15945      11960       3984          0        119       8444
-/+ buffers/cache:       3397      12548
Swap:         8039          0       8039

2019年 07月 26日 星期五 21:36:40 CST
             total       used       free     shared    buffers     cached
Mem:         15945      12016       3929          0        119       8456
-/+ buffers/cache:       3440      12505
Swap:         8039          0       8039

2019年 07月 26日 星期五 21:36:44 CST
             total       used       free     shared    buffers     cached
Mem:         15945      11864       4081          0        119       8475
-/+ buffers/cache:       3269      12676
Swap:         8039          0       8039

2019年 07月 26日 星期五 21:36:48 CST
             total       used       free     shared    buffers     cached
Mem:         15945      10435       5509          0        119       8288
-/+ buffers/cache:       2027      13917
Swap:         8039          0       8039

2019年 07月 26日 星期五 21:36:52 CST
             total       used       free     shared    buffers     cached
Mem:         15945      10434       5510          0        119       8288
-/+ buffers/cache:       2026      13918
Swap:         8039          0       8039

2019年 07月 26日 星期五 21:36:56 CST
             total       used       free     shared    buffers     cached
Mem:         15945      10433       5511          0        119       8288
-/+ buffers/cache:       2025      13919
Swap:         8039          0       8039

