
2019年 07月 26日 星期五 21:28:10 CST
             total       used       free     shared    buffers     cached
Mem:         15945      10316       5629          0        166       8137
-/+ buffers/cache:       2012      13932
Swap:         8039          0       8039

2019年 07月 26日 星期五 21:28:14 CST
             total       used       free     shared    buffers     cached
Mem:         15945      10317       5628          0        166       8137
-/+ buffers/cache:       2013      13932
Swap:         8039          0       8039

2019年 07月 26日 星期五 21:28:18 CST
             total       used       free     shared    buffers     cached
Mem:         15945      10317       5628          0        166       8137
-/+ buffers/cache:       2013      13931
Swap:         8039          0       8039

2019年 07月 26日 星期五 21:28:22 CST
             total       used       free     shared    buffers     cached
Mem:         15945      10317       5628          0        166       8137
-/+ buffers/cache:       2013      13932
Swap:         8039          0       8039

2019年 07月 26日 星期五 21:28:26 CST
             total       used       free     shared    buffers     cached
Mem:         15945      10317       5627          0        166       8137
-/+ buffers/cache:       2013      13931
Swap:         8039          0       8039

2019年 07月 26日 星期五 21:28:30 CST
             total       used       free     shared    buffers     cached
Mem:         15945      10433       5512          0        166       8253
-/+ buffers/cache:       2013      13932
Swap:         8039          0       8039

2019年 07月 26日 星期五 21:28:34 CST
             total       used       free     shared    buffers     cached
Mem:         15945      10778       5167          0        166       8590
-/+ buffers/cache:       2021      13923
Swap:         8039          0       8039

2019年 07月 26日 星期五 21:28:38 CST
             total       used       free     shared    buffers     cached
Mem:         15945      11587       4358          0        166       8847
-/+ buffers/cache:       2573      13372
Swap:         8039          0       8039

2019年 07月 26日 星期五 21:28:42 CST
             total       used       free     shared    buffers     cached
Mem:         15945      12297       3648          0        166       9173
-/+ buffers/cache:       2957      12988
Swap:         8039          0       8039

2019年 07月 26日 星期五 21:28:46 CST
             total       used       free     shared    buffers     cached
Mem:         15945      13040       2905          0        166       9479
-/+ buffers/cache:       3394      12550
Swap:         8039          0       8039

2019年 07月 26日 星期五 21:28:50 CST
             total       used       free     shared    buffers     cached
Mem:         15945      13703       2242          0        166       9875
-/+ buffers/cache:       3661      12284
Swap:         8039          0       8039

2019年 07月 26日 星期五 21:28:54 CST
             total       used       free     shared    buffers     cached
Mem:         15945      14073       1871          0        166       9908
-/+ buffers/cache:       3999      11946
Swap:         8039          0       8039

2019年 07月 26日 星期五 21:28:58 CST
             total       used       free     shared    buffers     cached
Mem:         15945      14475       1470          0        166       9908
-/+ buffers/cache:       4400      11545
Swap:         8039          0       8039

2019年 07月 26日 星期五 21:29:02 CST
             total       used       free     shared    buffers     cached
Mem:         15945      14720       1224          0        166       9908
-/+ buffers/cache:       4645      11300
Swap:         8039          0       8039

2019年 07月 26日 星期五 21:29:06 CST
             total       used       free     shared    buffers     cached
Mem:         15945      14771       1174          0        166       9909
-/+ buffers/cache:       4695      11249
Swap:         8039          0       8039

2019年 07月 26日 星期五 21:29:10 CST
             total       used       free     shared    buffers     cached
Mem:         15945      14765       1180          0        166       9890
-/+ buffers/cache:       4708      11237
Swap:         8039          0       8039

2019年 07月 26日 星期五 21:29:14 CST
             total       used       free     shared    buffers     cached
Mem:         15945      14799       1146          0        166       9890
-/+ buffers/cache:       4742      11203
Swap:         8039          0       8039

2019年 07月 26日 星期五 21:29:18 CST
             total       used       free     shared    buffers     cached
Mem:         15945      14993        951          0        166       9891
-/+ buffers/cache:       4936      11009
Swap:         8039          0       8039

2019年 07月 26日 星期五 21:29:22 CST
             total       used       free     shared    buffers     cached
Mem:         15945      15100        845          0        166       9893
-/+ buffers/cache:       5040      10905
Swap:         8039          0       8039

2019年 07月 26日 星期五 21:29:26 CST
             total       used       free     shared    buffers     cached
Mem:         15945      15211        733          0        166       9895
-/+ buffers/cache:       5150      10795
Swap:         8039          0       8039

2019年 07月 26日 星期五 21:29:30 CST
             total       used       free     shared    buffers     cached
Mem:         15945      15349        596          0        166       9897
-/+ buffers/cache:       5285      10660
Swap:         8039          0       8039

2019年 07月 26日 星期五 21:29:34 CST
             total       used       free     shared    buffers     cached
Mem:         15945      15396        549          0        166       9898
-/+ buffers/cache:       5331      10614
Swap:         8039          0       8039

2019年 07月 26日 星期五 21:29:38 CST
             total       used       free     shared    buffers     cached
Mem:         15945      14634       1310          0        166       9898
-/+ buffers/cache:       4570      11375
Swap:         8039          0       8039

2019年 07月 26日 星期五 21:29:42 CST
             total       used       free     shared    buffers     cached
Mem:         15945      14717       1228          0        166       9879
-/+ buffers/cache:       4671      11274
Swap:         8039          0       8039

2019年 07月 26日 星期五 21:29:46 CST
             total       used       free     shared    buffers     cached
Mem:         15945      15133        811          0        166       9880
-/+ buffers/cache:       5087      10858
Swap:         8039          0       8039

2019年 07月 26日 星期五 21:29:50 CST
             total       used       free     shared    buffers     cached
Mem:         15945      14491       1454          0        166      10063
-/+ buffers/cache:       4261      11684
Swap:         8039          0       8039

2019年 07月 26日 星期五 21:29:54 CST
             total       used       free     shared    buffers     cached
Mem:         15945      15023        922          0        166      10044
-/+ buffers/cache:       4812      11133
Swap:         8039          0       8039

2019年 07月 26日 星期五 21:29:58 CST
             total       used       free     shared    buffers     cached
Mem:         15945      15639        305          0        166      10046
-/+ buffers/cache:       5426      10518
Swap:         8039          0       8039

2019年 07月 26日 星期五 21:30:02 CST
             total       used       free     shared    buffers     cached
Mem:         15945      15782        163          0        166      10031
-/+ buffers/cache:       5584      10360
Swap:         8039          0       8039

2019年 07月 26日 星期五 21:30:06 CST
             total       used       free     shared    buffers     cached
Mem:         15945      15784        160          0        166       9948
-/+ buffers/cache:       5669      10275
Swap:         8039          0       8039

2019年 07月 26日 星期五 21:30:10 CST
             total       used       free     shared    buffers     cached
Mem:         15945      15787        158          0        166       9789
-/+ buffers/cache:       5830      10114
Swap:         8039          0       8039

2019年 07月 26日 星期五 21:30:14 CST
             total       used       free     shared    buffers     cached
Mem:         15945      15781        163          0        159       9720
-/+ buffers/cache:       5901      10044
Swap:         8039          0       8039

2019年 07月 26日 星期五 21:30:19 CST
             total       used       free     shared    buffers     cached
Mem:         15945      15743        201          0         99       9722
-/+ buffers/cache:       5922      10023
Swap:         8039          0       8039

2019年 07月 26日 星期五 21:30:23 CST
             total       used       free     shared    buffers     cached
Mem:         15945      15787        157          0         99       9736
-/+ buffers/cache:       5951       9993
Swap:         8039          0       8039

2019年 07月 26日 星期五 21:30:27 CST
             total       used       free     shared    buffers     cached
Mem:         15945      15765        180          0         99       9677
-/+ buffers/cache:       5988       9956
Swap:         8039          0       8039

2019年 07月 26日 星期五 21:30:31 CST
             total       used       free     shared    buffers     cached
Mem:         15945      15764        180          0         99       9649
-/+ buffers/cache:       6016       9929
Swap:         8039          0       8039

2019年 07月 26日 星期五 21:30:35 CST
             total       used       free     shared    buffers     cached
Mem:         15945      15271        674          0         99       9803
-/+ buffers/cache:       5368      10577
Swap:         8039          0       8039

2019年 07月 26日 星期五 21:30:39 CST
             total       used       free     shared    buffers     cached
Mem:         15945      15704        241          0         99      10039
-/+ buffers/cache:       5565      10380
Swap:         8039          0       8039

2019年 07月 26日 星期五 21:30:43 CST
             total       used       free     shared    buffers     cached
Mem:         15945      15780        164          0         99       9676
-/+ buffers/cache:       6004       9940
Swap:         8039          0       8039

2019年 07月 26日 星期五 21:30:47 CST
             total       used       free     shared    buffers     cached
Mem:         15945      13574       2371          0         99       9819
-/+ buffers/cache:       3654      12290
Swap:         8039          0       8039

2019年 07月 26日 星期五 21:30:51 CST
             total       used       free     shared    buffers     cached
Mem:         15945      14232       1713          0         99       9669
-/+ buffers/cache:       4464      11481
Swap:         8039          0       8039

2019年 07月 26日 星期五 21:30:55 CST
             total       used       free     shared    buffers     cached
Mem:         15945      14199       1745          0         99       9669
-/+ buffers/cache:       4430      11514
Swap:         8039          0       8039

2019年 07月 26日 星期五 21:30:59 CST
             total       used       free     shared    buffers     cached
Mem:         15945      14173       1771          0         99       9837
-/+ buffers/cache:       4237      11708
Swap:         8039          0       8039

2019年 07月 26日 星期五 21:31:03 CST
             total       used       free     shared    buffers     cached
Mem:         15945      14493       1452          0         99      10020
-/+ buffers/cache:       4373      11571
Swap:         8039          0       8039

2019年 07月 26日 星期五 21:31:07 CST
             total       used       free     shared    buffers     cached
Mem:         15945      15027        918          0         99       9837
-/+ buffers/cache:       5090      10854
Swap:         8039          0       8039

2019年 07月 26日 星期五 21:31:11 CST
             total       used       free     shared    buffers     cached
Mem:         15945      14331       1613          0         99       9852
-/+ buffers/cache:       4380      11565
Swap:         8039          0       8039

2019年 07月 26日 星期五 21:31:15 CST
             total       used       free     shared    buffers     cached
Mem:         15945      14297       1648          0         99       9796
-/+ buffers/cache:       4402      11543
Swap:         8039          0       8039

2019年 07月 26日 星期五 21:31:19 CST
             total       used       free     shared    buffers     cached
Mem:         15945      14991        954          0         99       9900
-/+ buffers/cache:       4991      10953
Swap:         8039          0       8039

2019年 07月 26日 星期五 21:31:23 CST
             total       used       free     shared    buffers     cached
Mem:         15945      14945        999          0         99       9902
-/+ buffers/cache:       4944      11001
Swap:         8039          0       8039

2019年 07月 26日 星期五 21:31:27 CST
             total       used       free     shared    buffers     cached
Mem:         15945      15786        159          0         99      10076
-/+ buffers/cache:       5611      10334
Swap:         8039          0       8039

2019年 07月 26日 星期五 21:31:31 CST
             total       used       free     shared    buffers     cached
Mem:         15945      15772        173          0         99       9875
-/+ buffers/cache:       5797      10147
Swap:         8039          0       8039

2019年 07月 26日 星期五 21:31:35 CST
             total       used       free     shared    buffers     cached
Mem:         15945      15782        162          0         99       9636
-/+ buffers/cache:       6047       9898
Swap:         8039          0       8039

2019年 07月 26日 星期五 21:31:39 CST
             total       used       free     shared    buffers     cached
Mem:         15945      15769        175          0         99       9480
-/+ buffers/cache:       6190       9755
Swap:         8039          0       8039

2019年 07月 26日 星期五 21:31:43 CST
             total       used       free     shared    buffers     cached
Mem:         15945      15714        231          0         99       9224
-/+ buffers/cache:       6390       9555
Swap:         8039          0       8039

2019年 07月 26日 星期五 21:31:47 CST
             total       used       free     shared    buffers     cached
Mem:         15945      15794        151          0         99       9117
-/+ buffers/cache:       6577       9368
Swap:         8039          0       8039

2019年 07月 26日 星期五 21:31:51 CST
             total       used       free     shared    buffers     cached
Mem:         15945      15778        167          0         99       9018
-/+ buffers/cache:       6661       9284
Swap:         8039          0       8039

2019年 07月 26日 星期五 21:31:55 CST
             total       used       free     shared    buffers     cached
Mem:         15945      15772        173          0         99       8902
-/+ buffers/cache:       6770       9175
Swap:         8039          0       8039

2019年 07月 26日 星期五 21:31:59 CST
             total       used       free     shared    buffers     cached
Mem:         15945      14156       1789          0         99       8998
-/+ buffers/cache:       5059      10886
Swap:         8039          0       8039

2019年 07月 26日 星期五 21:32:03 CST
             total       used       free     shared    buffers     cached
Mem:         15945      14901       1044          0         99       9458
-/+ buffers/cache:       5343      10602
Swap:         8039          0       8039

2019年 07月 26日 星期五 21:32:07 CST
             total       used       free     shared    buffers     cached
Mem:         15945      14814       1130          0         99       9701
-/+ buffers/cache:       5013      10931
Swap:         8039          0       8039

2019年 07月 26日 星期五 21:32:12 CST
             total       used       free     shared    buffers     cached
Mem:         15945      15775        169          0         99       9981
-/+ buffers/cache:       5694      10250
Swap:         8039          0       8039

2019年 07月 26日 星期五 21:32:16 CST
             total       used       free     shared    buffers     cached
Mem:         15945      15725        220          0         99       9687
-/+ buffers/cache:       5939      10006
Swap:         8039          0       8039

2019年 07月 26日 星期五 21:32:20 CST
             total       used       free     shared    buffers     cached
Mem:         15945      15682        263          0         99       9215
-/+ buffers/cache:       6367       9577
Swap:         8039          0       8039

2019年 07月 26日 星期五 21:32:24 CST
             total       used       free     shared    buffers     cached
Mem:         15945      15256        689          0         99       9760
-/+ buffers/cache:       5397      10548
Swap:         8039          0       8039

2019年 07月 26日 星期五 21:32:28 CST
             total       used       free     shared    buffers     cached
Mem:         15945      15535        410          0         99       9660
-/+ buffers/cache:       5775      10169
Swap:         8039          0       8039

2019年 07月 26日 星期五 21:32:32 CST
             total       used       free     shared    buffers     cached
Mem:         15945      15224        720          0         99       9767
-/+ buffers/cache:       5358      10587
Swap:         8039          0       8039

2019年 07月 26日 星期五 21:32:36 CST
             total       used       free     shared    buffers     cached
Mem:         15945      14887       1057          0         99       9581
-/+ buffers/cache:       5206      10738
Swap:         8039          0       8039

2019年 07月 26日 星期五 21:32:40 CST
             total       used       free     shared    buffers     cached
Mem:         15945      15251        694          0         99       9609
-/+ buffers/cache:       5543      10402
Swap:         8039          0       8039

2019年 07月 26日 星期五 21:32:44 CST
             total       used       free     shared    buffers     cached
Mem:         15945      15741        203          0         99       9724
-/+ buffers/cache:       5918      10027
Swap:         8039          0       8039

2019年 07月 26日 星期五 21:32:48 CST
             total       used       free     shared    buffers     cached
Mem:         15945      15793        152          0         99       9559
-/+ buffers/cache:       6134       9810
Swap:         8039          0       8039

2019年 07月 26日 星期五 21:32:52 CST
             total       used       free     shared    buffers     cached
Mem:         15945      14921       1023          0         99       9341
-/+ buffers/cache:       5481      10464
Swap:         8039          0       8039

2019年 07月 26日 星期五 21:32:56 CST
             total       used       free     shared    buffers     cached
Mem:         15945      15375        570          0         99       9593
-/+ buffers/cache:       5682      10263
Swap:         8039          0       8039

2019年 07月 26日 星期五 21:33:00 CST
             total       used       free     shared    buffers     cached
Mem:         15945      14563       1382          0         99       9491
-/+ buffers/cache:       4972      10973
Swap:         8039          0       8039

2019年 07月 26日 星期五 21:33:04 CST
             total       used       free     shared    buffers     cached
Mem:         15945      15046        898          0         99       9379
-/+ buffers/cache:       5567      10377
Swap:         8039          0       8039

2019年 07月 26日 星期五 21:33:08 CST
             total       used       free     shared    buffers     cached
Mem:         15945      15621        324          0         99       9386
-/+ buffers/cache:       6135       9810
Swap:         8039          0       8039

2019年 07月 26日 星期五 21:33:12 CST
             total       used       free     shared    buffers     cached
Mem:         15945      14941       1003          0         99       9422
-/+ buffers/cache:       5419      10525
Swap:         8039          0       8039

2019年 07月 26日 星期五 21:33:16 CST
             total       used       free     shared    buffers     cached
Mem:         15945      14046       1899          0         99       9554
-/+ buffers/cache:       4392      11552
Swap:         8039          0       8039

2019年 07月 26日 星期五 21:33:21 CST
             total       used       free     shared    buffers     cached
Mem:         15945      14922       1023          0         99       9389
-/+ buffers/cache:       5433      10511
Swap:         8039          0       8039

2019年 07月 26日 星期五 21:33:25 CST
             total       used       free     shared    buffers     cached
Mem:         15945      15305        640          0         99       9389
-/+ buffers/cache:       5816      10128
Swap:         8039          0       8039

2019年 07月 26日 星期五 21:33:29 CST
             total       used       free     shared    buffers     cached
Mem:         15945      13997       1948          0         99       9369
-/+ buffers/cache:       4528      11417
Swap:         8039          0       8039

2019年 07月 26日 星期五 21:33:33 CST
             total       used       free     shared    buffers     cached
Mem:         15945      14409       1535          0         99       9287
-/+ buffers/cache:       5023      10922
Swap:         8039          0       8039

2019年 07月 26日 星期五 21:33:37 CST
             total       used       free     shared    buffers     cached
Mem:         15945      13516       2428          0         99       9209
-/+ buffers/cache:       4207      11738
Swap:         8039          0       8039

2019年 07月 26日 星期五 21:33:41 CST
             total       used       free     shared    buffers     cached
Mem:         15945      13655       2290          0         99       9389
-/+ buffers/cache:       4166      11779
Swap:         8039          0       8039

2019年 07月 26日 星期五 21:33:45 CST
             total       used       free     shared    buffers     cached
Mem:         15945      14111       1834          0         99       9433
-/+ buffers/cache:       4578      11367
Swap:         8039          0       8039

2019年 07月 26日 星期五 21:33:49 CST
             total       used       free     shared    buffers     cached
Mem:         15945      14479       1466          0         99       9438
-/+ buffers/cache:       4941      11003
Swap:         8039          0       8039

2019年 07月 26日 星期五 21:33:53 CST
             total       used       free     shared    buffers     cached
Mem:         15945      14752       1192          0         99       9444
-/+ buffers/cache:       5209      10736
Swap:         8039          0       8039

2019年 07月 26日 星期五 21:33:57 CST
             total       used       free     shared    buffers     cached
Mem:         15945      14906       1038          0         99       9484
-/+ buffers/cache:       5322      10622
Swap:         8039          0       8039

2019年 07月 26日 星期五 21:34:01 CST
             total       used       free     shared    buffers     cached
Mem:         15945      14214       1731          0         99       9469
-/+ buffers/cache:       4645      11299
Swap:         8039          0       8039

2019年 07月 26日 星期五 21:34:05 CST
             total       used       free     shared    buffers     cached
Mem:         15945      14239       1705          0         99       9284
-/+ buffers/cache:       4856      11089
Swap:         8039          0       8039

2019年 07月 26日 星期五 21:34:09 CST
             total       used       free     shared    buffers     cached
Mem:         15945      14591       1354          0         99       9286
-/+ buffers/cache:       5205      10740
Swap:         8039          0       8039

2019年 07月 26日 星期五 21:34:13 CST
             total       used       free     shared    buffers     cached
Mem:         15945      13777       2168          0         99       9434
-/+ buffers/cache:       4243      11701
Swap:         8039          0       8039

2019年 07月 26日 星期五 21:34:17 CST
             total       used       free     shared    buffers     cached
Mem:         15945      14097       1847          0         99       9452
-/+ buffers/cache:       4545      11399
Swap:         8039          0       8039

2019年 07月 26日 星期五 21:34:21 CST
             total       used       free     shared    buffers     cached
Mem:         15945      14498       1447          0         99       9453
-/+ buffers/cache:       4945      11000
Swap:         8039          0       8039

2019年 07月 26日 星期五 21:34:25 CST
             total       used       free     shared    buffers     cached
Mem:         15945      14965        980          0         99       9456
-/+ buffers/cache:       5409      10536
Swap:         8039          0       8039

2019年 07月 26日 星期五 21:34:29 CST
             total       used       free     shared    buffers     cached
Mem:         15945      15231        713          0         99       9465
-/+ buffers/cache:       5666      10278
Swap:         8039          0       8039

2019年 07月 26日 星期五 21:34:33 CST
             total       used       free     shared    buffers     cached
Mem:         15945      15398        546          0         99       9518
-/+ buffers/cache:       5780      10164
Swap:         8039          0       8039

2019年 07月 26日 星期五 21:34:37 CST
             total       used       free     shared    buffers     cached
Mem:         15945      15481        464          0         99       9555
-/+ buffers/cache:       5826      10118
Swap:         8039          0       8039

2019年 07月 26日 星期五 21:34:41 CST
             total       used       free     shared    buffers     cached
Mem:         15945      15714        230          0         99       9587
-/+ buffers/cache:       6027       9917
Swap:         8039          0       8039

2019年 07月 26日 星期五 21:34:45 CST
             total       used       free     shared    buffers     cached
Mem:         15945      15780        164          0         99       9565
-/+ buffers/cache:       6115       9829
Swap:         8039          0       8039

2019年 07月 26日 星期五 21:34:49 CST
             total       used       free     shared    buffers     cached
Mem:         15945      15795        149          0         99       9546
-/+ buffers/cache:       6150       9795
Swap:         8039          0       8039

2019年 07月 26日 星期五 21:34:53 CST
             total       used       free     shared    buffers     cached
Mem:         15945      15306        639          0         99       9522
-/+ buffers/cache:       5684      10261
Swap:         8039          0       8039

2019年 07月 26日 星期五 21:34:57 CST
             total       used       free     shared    buffers     cached
Mem:         15945      14920       1024          0         99       9390
-/+ buffers/cache:       5431      10514
Swap:         8039          0       8039

2019年 07月 26日 星期五 21:35:01 CST
             total       used       free     shared    buffers     cached
Mem:         15945      14387       1557          0         99       9112
-/+ buffers/cache:       5176      10769
Swap:         8039          0       8039

2019年 07月 26日 星期五 21:35:05 CST
             total       used       free     shared    buffers     cached
Mem:         15945      14526       1419          0         99       9204
-/+ buffers/cache:       5222      10723
Swap:         8039          0       8039

2019年 07月 26日 星期五 21:35:09 CST
             total       used       free     shared    buffers     cached
Mem:         15945      13793       2152          0         99       9200
-/+ buffers/cache:       4493      11452
Swap:         8039          0       8039

2019年 07月 26日 星期五 21:35:13 CST
             total       used       free     shared    buffers     cached
Mem:         15945      14466       1478          0         99       9367
-/+ buffers/cache:       4999      10945
Swap:         8039          0       8039

2019年 07月 26日 星期五 21:35:17 CST
             total       used       free     shared    buffers     cached
Mem:         15945      15065        879          0         99       9369
-/+ buffers/cache:       5597      10348
Swap:         8039          0       8039

2019年 07月 26日 星期五 21:35:21 CST
             total       used       free     shared    buffers     cached
Mem:         15945      15433        511          0         99       9369
-/+ buffers/cache:       5964       9980
Swap:         8039          0       8039

2019年 07月 26日 星期五 21:35:25 CST
             total       used       free     shared    buffers     cached
Mem:         15945      14592       1353          0         99       9458
-/+ buffers/cache:       5034      10910
Swap:         8039          0       8039

2019年 07月 26日 星期五 21:35:29 CST
             total       used       free     shared    buffers     cached
Mem:         15945      14216       1729          0         99       9391
-/+ buffers/cache:       4725      11219
Swap:         8039          0       8039

2019年 07月 26日 星期五 21:35:33 CST
             total       used       free     shared    buffers     cached
Mem:         15945      14690       1254          0         99       9372
-/+ buffers/cache:       5218      10726
Swap:         8039          0       8039

2019年 07月 26日 星期五 21:35:37 CST
             total       used       free     shared    buffers     cached
Mem:         15945      15196        748          0         99       9373
-/+ buffers/cache:       5723      10222
Swap:         8039          0       8039

2019年 07月 26日 星期五 21:35:41 CST
             total       used       free     shared    buffers     cached
Mem:         15945      15558        386          0         99       9379
-/+ buffers/cache:       6079       9865
Swap:         8039          0       8039

2019年 07月 26日 星期五 21:35:45 CST
             total       used       free     shared    buffers     cached
Mem:         15945      14273       1671          0         99       9377
-/+ buffers/cache:       4796      11148
Swap:         8039          0       8039

2019年 07月 26日 星期五 21:35:49 CST
             total       used       free     shared    buffers     cached
Mem:         15945      14908       1036          0         99       9362
-/+ buffers/cache:       5447      10498
Swap:         8039          0       8039

2019年 07月 26日 星期五 21:35:53 CST
             total       used       free     shared    buffers     cached
Mem:         15945      14253       1692          0         99       9549
-/+ buffers/cache:       4604      11341
Swap:         8039          0       8039

2019年 07月 26日 星期五 21:35:57 CST
             total       used       free     shared    buffers     cached
Mem:         15945      14861       1083          0         99       9542
-/+ buffers/cache:       5219      10726
Swap:         8039          0       8039

2019年 07月 26日 星期五 21:36:01 CST
             total       used       free     shared    buffers     cached
Mem:         15945      15364        581          0         99       9569
-/+ buffers/cache:       5695      10250
Swap:         8039          0       8039

2019年 07月 26日 星期五 21:36:05 CST
             total       used       free     shared    buffers     cached
Mem:         15945      15167        778          0         99       9687
-/+ buffers/cache:       5379      10565
Swap:         8039          0       8039

2019年 07月 26日 星期五 21:36:09 CST
             total       used       free     shared    buffers     cached
Mem:         15945      15246        699          0         99       9503
-/+ buffers/cache:       5642      10302
Swap:         8039          0       8039

2019年 07月 26日 星期五 21:36:14 CST
             total       used       free     shared    buffers     cached
Mem:         15945      12777       3167          0         99       9317
-/+ buffers/cache:       3360      12585
Swap:         8039          0       8039

2019年 07月 26日 星期五 21:36:18 CST
             total       used       free     shared    buffers     cached
Mem:         15945      13024       2921          0         99       9319
-/+ buffers/cache:       3605      12340
Swap:         8039          0       8039

2019年 07月 26日 星期五 21:36:23 CST
             total       used       free     shared    buffers     cached
Mem:         15945      12551       3393          0         99       9303
-/+ buffers/cache:       3148      12797
Swap:         8039          0       8039

2019年 07月 26日 星期五 21:36:27 CST
             total       used       free     shared    buffers     cached
Mem:         15945      12392       3552          0         99       9119
-/+ buffers/cache:       3174      12771
Swap:         8039          0       8039

2019年 07月 26日 星期五 21:36:31 CST
             total       used       free     shared    buffers     cached
Mem:         15945      11789       4155          0         99       8937
-/+ buffers/cache:       2753      13192
Swap:         8039          0       8039

2019年 07月 26日 星期五 21:36:35 CST
             total       used       free     shared    buffers     cached
Mem:         15945      11808       4136          0         99       8937
-/+ buffers/cache:       2771      13173
Swap:         8039          0       8039

2019年 07月 26日 星期五 21:36:39 CST
             total       used       free     shared    buffers     cached
Mem:         15945      11857       4088          0         99       8940
-/+ buffers/cache:       2816      13128
Swap:         8039          0       8039

2019年 07月 26日 星期五 21:36:43 CST
             total       used       free     shared    buffers     cached
Mem:         15945      11946       3999          0         99       8983
-/+ buffers/cache:       2862      13082
Swap:         8039          0       8039

2019年 07月 26日 星期五 21:36:47 CST
             total       used       free     shared    buffers     cached
Mem:         15945      11097       4847          0         99       8971
-/+ buffers/cache:       2026      13918
Swap:         8039          0       8039

2019年 07月 26日 星期五 21:36:51 CST
             total       used       free     shared    buffers     cached
Mem:         15945      10910       5035          0         99       8786
-/+ buffers/cache:       2024      13921
Swap:         8039          0       8039

2019年 07月 26日 星期五 21:36:55 CST
             total       used       free     shared    buffers     cached
Mem:         15945      10909       5036          0         99       8786
-/+ buffers/cache:       2023      13922
Swap:         8039          0       8039

2019年 07月 26日 星期五 21:36:59 CST
             total       used       free     shared    buffers     cached
Mem:         15945      10908       5037          0         99       8786
-/+ buffers/cache:       2022      13923
Swap:         8039          0       8039

