
Linux 2.6.32-431.el6.x86_64 (slave1) 	2019年07月26日 	_x86_64_	(8 CPU)

22时41分19秒  CPU    %usr   %nice    %sys %iowait    %irq   %soft  %steal  %guest   %idle
22时41分20秒  all    0.13    0.00    0.00    0.00    0.00    0.00    0.00    0.00   99.87
平均时间:  all    0.13    0.00    0.00    0.00    0.00    0.00    0.00    0.00   99.87

Linux 2.6.32-431.el6.x86_64 (slave1) 	2019年07月26日 	_x86_64_	(8 CPU)

22时41分23秒  CPU    %usr   %nice    %sys %iowait    %irq   %soft  %steal  %guest   %idle
22时41分24秒  all    0.00    0.00    0.00    0.00    0.00    0.00    0.00    0.00  100.00
平均时间:  all    0.00    0.00    0.00    0.00    0.00    0.00    0.00    0.00  100.00

Linux 2.6.32-431.el6.x86_64 (slave1) 	2019年07月26日 	_x86_64_	(8 CPU)

22时41分27秒  CPU    %usr   %nice    %sys %iowait    %irq   %soft  %steal  %guest   %idle
22时41分28秒  all    0.00    0.00    0.00    0.00    0.00    0.00    0.00    0.00  100.00
平均时间:  all    0.00    0.00    0.00    0.00    0.00    0.00    0.00    0.00  100.00

Linux 2.6.32-431.el6.x86_64 (slave1) 	2019年07月26日 	_x86_64_	(8 CPU)

22时41分31秒  CPU    %usr   %nice    %sys %iowait    %irq   %soft  %steal  %guest   %idle
22时41分32秒  all    0.00    0.00    0.13    0.00    0.00    0.00    0.00    0.00   99.87
平均时间:  all    0.00    0.00    0.13    0.00    0.00    0.00    0.00    0.00   99.87

Linux 2.6.32-431.el6.x86_64 (slave1) 	2019年07月26日 	_x86_64_	(8 CPU)

22时41分35秒  CPU    %usr   %nice    %sys %iowait    %irq   %soft  %steal  %guest   %idle
22时41分36秒  all    0.13    0.00    0.13    0.00    0.00    0.00    0.00    0.00   99.75
平均时间:  all    0.13    0.00    0.13    0.00    0.00    0.00    0.00    0.00   99.75

Linux 2.6.32-431.el6.x86_64 (slave1) 	2019年07月26日 	_x86_64_	(8 CPU)

22时41分39秒  CPU    %usr   %nice    %sys %iowait    %irq   %soft  %steal  %guest   %idle
22时41分40秒  all    0.92    0.00    7.73    0.00    0.26    8.52    0.00    0.00   82.57
平均时间:  all    0.92    0.00    7.73    0.00    0.26    8.52    0.00    0.00   82.57

Linux 2.6.32-431.el6.x86_64 (slave1) 	2019年07月26日 	_x86_64_	(8 CPU)

22时41分43秒  CPU    %usr   %nice    %sys %iowait    %irq   %soft  %steal  %guest   %idle
22时41分44秒  all    6.63    0.00   10.27    0.00    0.78   17.04    0.00    0.00   65.28
平均时间:  all    6.63    0.00   10.27    0.00    0.78   17.04    0.00    0.00   65.28

Linux 2.6.32-431.el6.x86_64 (slave1) 	2019年07月26日 	_x86_64_	(8 CPU)

22时41分47秒  CPU    %usr   %nice    %sys %iowait    %irq   %soft  %steal  %guest   %idle
22时41分48秒  all   18.23    0.00    9.64    0.00    0.52   18.36    0.00    0.00   53.26
平均时间:  all   18.23    0.00    9.64    0.00    0.52   18.36    0.00    0.00   53.26

Linux 2.6.32-431.el6.x86_64 (slave1) 	2019年07月26日 	_x86_64_	(8 CPU)

22时41分51秒  CPU    %usr   %nice    %sys %iowait    %irq   %soft  %steal  %guest   %idle
22时41分52秒  all   39.66    0.00   12.70    0.00    0.39   12.70    0.00    0.00   34.55
平均时间:  all   39.66    0.00   12.70    0.00    0.39   12.70    0.00    0.00   34.55

Linux 2.6.32-431.el6.x86_64 (slave1) 	2019年07月26日 	_x86_64_	(8 CPU)

22时41分55秒  CPU    %usr   %nice    %sys %iowait    %irq   %soft  %steal  %guest   %idle
22时41分56秒  all    7.92    0.00    7.92    0.00    0.66    4.49    0.00    0.00   79.02
平均时间:  all    7.92    0.00    7.92    0.00    0.66    4.49    0.00    0.00   79.02

Linux 2.6.32-431.el6.x86_64 (slave1) 	2019年07月26日 	_x86_64_	(8 CPU)

22时41分59秒  CPU    %usr   %nice    %sys %iowait    %irq   %soft  %steal  %guest   %idle
22时42分00秒  all    5.21    0.00   10.29    0.00    0.27    8.42    0.00    0.00   75.80
平均时间:  all    5.21    0.00   10.29    0.00    0.27    8.42    0.00    0.00   75.80

Linux 2.6.32-431.el6.x86_64 (slave1) 	2019年07月26日 	_x86_64_	(8 CPU)

22时42分03秒  CPU    %usr   %nice    %sys %iowait    %irq   %soft  %steal  %guest   %idle
22时42分04秒  all   38.43    0.00   16.20    0.00    0.13    8.48    0.00    0.00   36.76
平均时间:  all   38.43    0.00   16.20    0.00    0.13    8.48    0.00    0.00   36.76

Linux 2.6.32-431.el6.x86_64 (slave1) 	2019年07月26日 	_x86_64_	(8 CPU)

22时42分07秒  CPU    %usr   %nice    %sys %iowait    %irq   %soft  %steal  %guest   %idle
22时42分08秒  all   86.48    0.00    8.89    0.00    0.00    0.13    0.00    0.00    4.51
平均时间:  all   86.48    0.00    8.89    0.00    0.00    0.13    0.00    0.00    4.51

Linux 2.6.32-431.el6.x86_64 (slave1) 	2019年07月26日 	_x86_64_	(8 CPU)

22时42分11秒  CPU    %usr   %nice    %sys %iowait    %irq   %soft  %steal  %guest   %idle
22时42分12秒  all   83.44    0.00   11.04    0.00    0.00    0.13    0.00    0.00    5.40
平均时间:  all   83.44    0.00   11.04    0.00    0.00    0.13    0.00    0.00    5.40

Linux 2.6.32-431.el6.x86_64 (slave1) 	2019年07月26日 	_x86_64_	(8 CPU)

22时42分15秒  CPU    %usr   %nice    %sys %iowait    %irq   %soft  %steal  %guest   %idle
22时42分16秒  all   88.47    0.00    8.02    0.00    0.00    0.13    0.00    0.00    3.38
平均时间:  all   88.47    0.00    8.02    0.00    0.00    0.13    0.00    0.00    3.38

Linux 2.6.32-431.el6.x86_64 (slave1) 	2019年07月26日 	_x86_64_	(8 CPU)

22时42分19秒  CPU    %usr   %nice    %sys %iowait    %irq   %soft  %steal  %guest   %idle
22时42分20秒  all   44.57    0.00    8.56    0.00    0.00    0.00    0.00    0.00   46.87
平均时间:  all   44.57    0.00    8.56    0.00    0.00    0.00    0.00    0.00   46.87

Linux 2.6.32-431.el6.x86_64 (slave1) 	2019年07月26日 	_x86_64_	(8 CPU)

22时42分23秒  CPU    %usr   %nice    %sys %iowait    %irq   %soft  %steal  %guest   %idle
22时42分24秒  all    2.40    0.00    1.26    0.00    0.00    0.00    0.00    0.00   96.34
平均时间:  all    2.40    0.00    1.26    0.00    0.00    0.00    0.00    0.00   96.34

Linux 2.6.32-431.el6.x86_64 (slave1) 	2019年07月26日 	_x86_64_	(8 CPU)

22时42分27秒  CPU    %usr   %nice    %sys %iowait    %irq   %soft  %steal  %guest   %idle
22时42分28秒  all   65.39    0.00   10.47    0.00    0.00    0.00    0.00    0.00   24.14
平均时间:  all   65.39    0.00   10.47    0.00    0.00    0.00    0.00    0.00   24.14

Linux 2.6.32-431.el6.x86_64 (slave1) 	2019年07月26日 	_x86_64_	(8 CPU)

22时42分31秒  CPU    %usr   %nice    %sys %iowait    %irq   %soft  %steal  %guest   %idle
22时42分32秒  all   80.40    0.00    7.79    0.00    0.00    0.00    0.00    0.00   11.81
平均时间:  all   80.40    0.00    7.79    0.00    0.00    0.00    0.00    0.00   11.81

Linux 2.6.32-431.el6.x86_64 (slave1) 	2019年07月26日 	_x86_64_	(8 CPU)

22时42分35秒  CPU    %usr   %nice    %sys %iowait    %irq   %soft  %steal  %guest   %idle
22时42分36秒  all   55.32    0.00    3.92    0.00    0.13    0.00    0.00    0.00   40.63
平均时间:  all   55.32    0.00    3.92    0.00    0.13    0.00    0.00    0.00   40.63

Linux 2.6.32-431.el6.x86_64 (slave1) 	2019年07月26日 	_x86_64_	(8 CPU)

22时42分39秒  CPU    %usr   %nice    %sys %iowait    %irq   %soft  %steal  %guest   %idle
22时42分40秒  all   56.23    0.00    7.25    0.00    0.00    1.40    0.00    0.00   35.11
平均时间:  all   56.23    0.00    7.25    0.00    0.00    1.40    0.00    0.00   35.11

Linux 2.6.32-431.el6.x86_64 (slave1) 	2019年07月26日 	_x86_64_	(8 CPU)

22时42分43秒  CPU    %usr   %nice    %sys %iowait    %irq   %soft  %steal  %guest   %idle
22时42分44秒  all   83.88    0.00    6.05    0.00    0.13    0.00    0.00    0.00    9.95
平均时间:  all   83.88    0.00    6.05    0.00    0.13    0.00    0.00    0.00    9.95

Linux 2.6.32-431.el6.x86_64 (slave1) 	2019年07月26日 	_x86_64_	(8 CPU)

22时42分47秒  CPU    %usr   %nice    %sys %iowait    %irq   %soft  %steal  %guest   %idle
22时42分48秒  all   84.30    0.00    9.17    0.00    0.00    0.00    0.00    0.00    6.53
平均时间:  all   84.30    0.00    9.17    0.00    0.00    0.00    0.00    0.00    6.53

Linux 2.6.32-431.el6.x86_64 (slave1) 	2019年07月26日 	_x86_64_	(8 CPU)

22时42分51秒  CPU    %usr   %nice    %sys %iowait    %irq   %soft  %steal  %guest   %idle
22时42分52秒  all   17.51    0.00    1.52    0.00    0.00    0.13    0.00    0.00   80.84
平均时间:  all   17.51    0.00    1.52    0.00    0.00    0.13    0.00    0.00   80.84

Linux 2.6.32-431.el6.x86_64 (slave1) 	2019年07月26日 	_x86_64_	(8 CPU)

22时42分55秒  CPU    %usr   %nice    %sys %iowait    %irq   %soft  %steal  %guest   %idle
22时42分56秒  all   79.85    0.00    8.62    0.00    0.13    0.00    0.00    0.00   11.41
平均时间:  all   79.85    0.00    8.62    0.00    0.13    0.00    0.00    0.00   11.41

Linux 2.6.32-431.el6.x86_64 (slave1) 	2019年07月26日 	_x86_64_	(8 CPU)

22时42分59秒  CPU    %usr   %nice    %sys %iowait    %irq   %soft  %steal  %guest   %idle
22时43分00秒  all   78.83    0.00    6.97    0.00    0.00    0.38    0.00    0.00   13.81
平均时间:  all   78.83    0.00    6.97    0.00    0.00    0.38    0.00    0.00   13.81

Linux 2.6.32-431.el6.x86_64 (slave1) 	2019年07月26日 	_x86_64_	(8 CPU)

22时43分03秒  CPU    %usr   %nice    %sys %iowait    %irq   %soft  %steal  %guest   %idle
22时43分04秒  all   20.28    0.00    4.56    0.00    0.00    1.14    0.00    0.00   74.02
平均时间:  all   20.28    0.00    4.56    0.00    0.00    1.14    0.00    0.00   74.02

Linux 2.6.32-431.el6.x86_64 (slave1) 	2019年07月26日 	_x86_64_	(8 CPU)

22时43分07秒  CPU    %usr   %nice    %sys %iowait    %irq   %soft  %steal  %guest   %idle
22时43分08秒  all   33.84    0.00    1.90    0.00    0.00    0.51    0.00    0.00   63.75
平均时间:  all   33.84    0.00    1.90    0.00    0.00    0.51    0.00    0.00   63.75

Linux 2.6.32-431.el6.x86_64 (slave1) 	2019年07月26日 	_x86_64_	(8 CPU)

22时43分11秒  CPU    %usr   %nice    %sys %iowait    %irq   %soft  %steal  %guest   %idle
22时43分12秒  all   57.20    0.00    9.55    0.00    0.00    0.38    0.00    0.00   32.87
平均时间:  all   57.20    0.00    9.55    0.00    0.00    0.38    0.00    0.00   32.87

Linux 2.6.32-431.el6.x86_64 (slave1) 	2019年07月26日 	_x86_64_	(8 CPU)

22时43分15秒  CPU    %usr   %nice    %sys %iowait    %irq   %soft  %steal  %guest   %idle
22时43分16秒  all   61.02    0.00    3.69    0.00    0.00    0.13    0.00    0.00   35.16
平均时间:  all   61.02    0.00    3.69    0.00    0.00    0.13    0.00    0.00   35.16

Linux 2.6.32-431.el6.x86_64 (slave1) 	2019年07月26日 	_x86_64_	(8 CPU)

22时43分19秒  CPU    %usr   %nice    %sys %iowait    %irq   %soft  %steal  %guest   %idle
22时43分20秒  all   46.03    0.00   13.59    0.00    0.00    4.62    0.00    0.00   35.77
平均时间:  all   46.03    0.00   13.59    0.00    0.00    4.62    0.00    0.00   35.77

Linux 2.6.32-431.el6.x86_64 (slave1) 	2019年07月26日 	_x86_64_	(8 CPU)

22时43分23秒  CPU    %usr   %nice    %sys %iowait    %irq   %soft  %steal  %guest   %idle
22时43分24秒  all   73.12    0.00   18.72    0.00    0.25    7.16    0.00    0.00    0.75
平均时间:  all   73.12    0.00   18.72    0.00    0.25    7.16    0.00    0.00    0.75

Linux 2.6.32-431.el6.x86_64 (slave1) 	2019年07月26日 	_x86_64_	(8 CPU)

22时43分28秒  CPU    %usr   %nice    %sys %iowait    %irq   %soft  %steal  %guest   %idle
22时43分29秒  all   51.94    0.00   16.97    0.00    0.39   11.79    0.00    0.00   18.91
平均时间:  all   51.94    0.00   16.97    0.00    0.39   11.79    0.00    0.00   18.91

Linux 2.6.32-431.el6.x86_64 (slave1) 	2019年07月26日 	_x86_64_	(8 CPU)

22时43分32秒  CPU    %usr   %nice    %sys %iowait    %irq   %soft  %steal  %guest   %idle
22时43分33秒  all   73.56    0.00   16.54    0.00    0.25    9.15    0.00    0.00    0.50
平均时间:  all   73.56    0.00   16.54    0.00    0.25    9.15    0.00    0.00    0.50

Linux 2.6.32-431.el6.x86_64 (slave1) 	2019年07月26日 	_x86_64_	(8 CPU)

22时43分36秒  CPU    %usr   %nice    %sys %iowait    %irq   %soft  %steal  %guest   %idle
22时43分37秒  all   72.86    0.00   16.46    0.00    0.25   10.18    0.00    0.00    0.25
平均时间:  all   72.86    0.00   16.46    0.00    0.25   10.18    0.00    0.00    0.25

Linux 2.6.32-431.el6.x86_64 (slave1) 	2019年07月26日 	_x86_64_	(8 CPU)

22时43分40秒  CPU    %usr   %nice    %sys %iowait    %irq   %soft  %steal  %guest   %idle
22时43分41秒  all   49.14    0.00   11.92    0.00    0.40    4.50    0.00    0.00   34.04
平均时间:  all   49.14    0.00   11.92    0.00    0.40    4.50    0.00    0.00   34.04

Linux 2.6.32-431.el6.x86_64 (slave1) 	2019年07月26日 	_x86_64_	(8 CPU)

22时43分44秒  CPU    %usr   %nice    %sys %iowait    %irq   %soft  %steal  %guest   %idle
22时43分45秒  all   65.37    0.00   21.20    0.00    0.25   13.17    0.00    0.00    0.00
平均时间:  all   65.37    0.00   21.20    0.00    0.25   13.17    0.00    0.00    0.00

Linux 2.6.32-431.el6.x86_64 (slave1) 	2019年07月26日 	_x86_64_	(8 CPU)

22时43分48秒  CPU    %usr   %nice    %sys %iowait    %irq   %soft  %steal  %guest   %idle
22时43分49秒  all   80.33    0.00   13.78    0.00    0.13    5.39    0.00    0.00    0.38
平均时间:  all   80.33    0.00   13.78    0.00    0.13    5.39    0.00    0.00    0.38

Linux 2.6.32-431.el6.x86_64 (slave1) 	2019年07月26日 	_x86_64_	(8 CPU)

22时43分52秒  CPU    %usr   %nice    %sys %iowait    %irq   %soft  %steal  %guest   %idle
22时43分53秒  all   45.29    0.00   10.31    0.00    0.00    5.09    0.00    0.00   39.31
平均时间:  all   45.29    0.00   10.31    0.00    0.00    5.09    0.00    0.00   39.31

Linux 2.6.32-431.el6.x86_64 (slave1) 	2019年07月26日 	_x86_64_	(8 CPU)

22时43分56秒  CPU    %usr   %nice    %sys %iowait    %irq   %soft  %steal  %guest   %idle
22时43分57秒  all   78.63    0.00    9.99    0.00    0.00    0.38    0.00    0.00   11.00
平均时间:  all   78.63    0.00    9.99    0.00    0.00    0.38    0.00    0.00   11.00

Linux 2.6.32-431.el6.x86_64 (slave1) 	2019年07月26日 	_x86_64_	(8 CPU)

22时44分00秒  CPU    %usr   %nice    %sys %iowait    %irq   %soft  %steal  %guest   %idle
22时44分01秒  all   82.62    0.00    9.19    0.00    0.00    0.38    0.00    0.00    7.81
平均时间:  all   82.62    0.00    9.19    0.00    0.00    0.38    0.00    0.00    7.81

Linux 2.6.32-431.el6.x86_64 (slave1) 	2019年07月26日 	_x86_64_	(8 CPU)

22时44分04秒  CPU    %usr   %nice    %sys %iowait    %irq   %soft  %steal  %guest   %idle
22时44分05秒  all   76.29    0.00    6.05    0.00    0.00    0.63    0.00    0.00   17.02
平均时间:  all   76.29    0.00    6.05    0.00    0.00    0.63    0.00    0.00   17.02

Linux 2.6.32-431.el6.x86_64 (slave1) 	2019年07月26日 	_x86_64_	(8 CPU)

22时44分08秒  CPU    %usr   %nice    %sys %iowait    %irq   %soft  %steal  %guest   %idle
22时44分09秒  all   82.89    0.00    6.16    0.00    0.00    0.25    0.00    0.00   10.69
平均时间:  all   82.89    0.00    6.16    0.00    0.00    0.25    0.00    0.00   10.69

Linux 2.6.32-431.el6.x86_64 (slave1) 	2019年07月26日 	_x86_64_	(8 CPU)

22时44分12秒  CPU    %usr   %nice    %sys %iowait    %irq   %soft  %steal  %guest   %idle
22时44分13秒  all   88.32    0.00    9.55    0.00    0.13    0.50    0.00    0.00    1.51
平均时间:  all   88.32    0.00    9.55    0.00    0.13    0.50    0.00    0.00    1.51

Linux 2.6.32-431.el6.x86_64 (slave1) 	2019年07月26日 	_x86_64_	(8 CPU)

22时44分16秒  CPU    %usr   %nice    %sys %iowait    %irq   %soft  %steal  %guest   %idle
22时44分17秒  all   51.60    0.00    3.89    0.00    0.14    0.70    0.00    0.00   43.67
平均时间:  all   51.60    0.00    3.89    0.00    0.14    0.70    0.00    0.00   43.67

Linux 2.6.32-431.el6.x86_64 (slave1) 	2019年07月26日 	_x86_64_	(8 CPU)

22时44分20秒  CPU    %usr   %nice    %sys %iowait    %irq   %soft  %steal  %guest   %idle
22时44分21秒  all   56.15    0.00    3.55    0.00    0.00    1.27    0.00    0.00   39.04
平均时间:  all   56.15    0.00    3.55    0.00    0.00    1.27    0.00    0.00   39.04

Linux 2.6.32-431.el6.x86_64 (slave1) 	2019年07月26日 	_x86_64_	(8 CPU)

22时44分24秒  CPU    %usr   %nice    %sys %iowait    %irq   %soft  %steal  %guest   %idle
22时44分25秒  all   79.77    0.00    4.55    0.00    0.13    0.76    0.00    0.00   14.79
平均时间:  all   79.77    0.00    4.55    0.00    0.13    0.76    0.00    0.00   14.79

Linux 2.6.32-431.el6.x86_64 (slave1) 	2019年07月26日 	_x86_64_	(8 CPU)

22时44分28秒  CPU    %usr   %nice    %sys %iowait    %irq   %soft  %steal  %guest   %idle
22时44分29秒  all   94.88    0.00    4.62    0.00    0.00    0.25    0.00    0.00    0.25
平均时间:  all   94.88    0.00    4.62    0.00    0.00    0.25    0.00    0.00    0.25

Linux 2.6.32-431.el6.x86_64 (slave1) 	2019年07月26日 	_x86_64_	(8 CPU)

22时44分32秒  CPU    %usr   %nice    %sys %iowait    %irq   %soft  %steal  %guest   %idle
22时44分33秒  all   63.44    0.00    7.52    0.00    0.13    1.27    0.00    0.00   27.64
平均时间:  all   63.44    0.00    7.52    0.00    0.13    1.27    0.00    0.00   27.64

Linux 2.6.32-431.el6.x86_64 (slave1) 	2019年07月26日 	_x86_64_	(8 CPU)

22时44分36秒  CPU    %usr   %nice    %sys %iowait    %irq   %soft  %steal  %guest   %idle
22时44分37秒  all   37.20    0.00    2.93    0.00    0.00    0.51    0.00    0.00   59.36
平均时间:  all   37.20    0.00    2.93    0.00    0.00    0.51    0.00    0.00   59.36

Linux 2.6.32-431.el6.x86_64 (slave1) 	2019年07月26日 	_x86_64_	(8 CPU)

22时44分40秒  CPU    %usr   %nice    %sys %iowait    %irq   %soft  %steal  %guest   %idle
22时44分41秒  all   68.10    0.00    3.28    0.00    0.13    0.50    0.00    0.00   27.99
平均时间:  all   68.10    0.00    3.28    0.00    0.13    0.50    0.00    0.00   27.99

Linux 2.6.32-431.el6.x86_64 (slave1) 	2019年07月26日 	_x86_64_	(8 CPU)

22时44分44秒  CPU    %usr   %nice    %sys %iowait    %irq   %soft  %steal  %guest   %idle
22时44分45秒  all   29.86    0.00    6.31    0.00    0.13    1.03    0.00    0.00   62.68
平均时间:  all   29.86    0.00    6.31    0.00    0.13    1.03    0.00    0.00   62.68

Linux 2.6.32-431.el6.x86_64 (slave1) 	2019年07月26日 	_x86_64_	(8 CPU)

22时44分48秒  CPU    %usr   %nice    %sys %iowait    %irq   %soft  %steal  %guest   %idle
22时44分49秒  all   38.47    0.00   14.01    0.00    0.00    0.38    0.00    0.00   47.13
平均时间:  all   38.47    0.00   14.01    0.00    0.00    0.38    0.00    0.00   47.13

Linux 2.6.32-431.el6.x86_64 (slave1) 	2019年07月26日 	_x86_64_	(8 CPU)

22时44分52秒  CPU    %usr   %nice    %sys %iowait    %irq   %soft  %steal  %guest   %idle
22时44分53秒  all   76.69    0.00   19.05    0.00    0.00    1.50    0.00    0.00    2.76
平均时间:  all   76.69    0.00   19.05    0.00    0.00    1.50    0.00    0.00    2.76

Linux 2.6.32-431.el6.x86_64 (slave1) 	2019年07月26日 	_x86_64_	(8 CPU)

22时44分56秒  CPU    %usr   %nice    %sys %iowait    %irq   %soft  %steal  %guest   %idle
22时44分57秒  all   93.87    0.00    6.01    0.00    0.00    0.00    0.00    0.00    0.13
平均时间:  all   93.87    0.00    6.01    0.00    0.00    0.00    0.00    0.00    0.13

Linux 2.6.32-431.el6.x86_64 (slave1) 	2019年07月26日 	_x86_64_	(8 CPU)

22时45分00秒  CPU    %usr   %nice    %sys %iowait    %irq   %soft  %steal  %guest   %idle
22时45分02秒  all   84.83    0.00   14.47    0.00    0.00    0.58    0.00    0.00    0.12
平均时间:  all   84.83    0.00   14.47    0.00    0.00    0.58    0.00    0.00    0.12

Linux 2.6.32-431.el6.x86_64 (slave1) 	2019年07月26日 	_x86_64_	(8 CPU)

22时45分05秒  CPU    %usr   %nice    %sys %iowait    %irq   %soft  %steal  %guest   %idle
22时45分06秒  all   76.32    0.00   13.28    0.00    0.13   10.28    0.00    0.00    0.00
平均时间:  all   76.32    0.00   13.28    0.00    0.13   10.28    0.00    0.00    0.00

Linux 2.6.32-431.el6.x86_64 (slave1) 	2019年07月26日 	_x86_64_	(8 CPU)

22时45分09秒  CPU    %usr   %nice    %sys %iowait    %irq   %soft  %steal  %guest   %idle
22时45分10秒  all   70.93    0.00   16.67    0.00    0.25   11.53    0.00    0.00    0.63
平均时间:  all   70.93    0.00   16.67    0.00    0.25   11.53    0.00    0.00    0.63

Linux 2.6.32-431.el6.x86_64 (slave1) 	2019年07月26日 	_x86_64_	(8 CPU)

22时45分13秒  CPU    %usr   %nice    %sys %iowait    %irq   %soft  %steal  %guest   %idle
22时45分14秒  all   61.18    0.00   23.52    0.00    0.39   13.11    0.00    0.00    1.80
平均时间:  all   61.18    0.00   23.52    0.00    0.39   13.11    0.00    0.00    1.80

Linux 2.6.32-431.el6.x86_64 (slave1) 	2019年07月26日 	_x86_64_	(8 CPU)

22时45分17秒  CPU    %usr   %nice    %sys %iowait    %irq   %soft  %steal  %guest   %idle
22时45分18秒  all   25.81    0.00   16.58    0.00    0.51   18.12    0.00    0.00   38.97
平均时间:  all   25.81    0.00   16.58    0.00    0.51   18.12    0.00    0.00   38.97

Linux 2.6.32-431.el6.x86_64 (slave1) 	2019年07月26日 	_x86_64_	(8 CPU)

22时45分21秒  CPU    %usr   %nice    %sys %iowait    %irq   %soft  %steal  %guest   %idle
22时45分22秒  all   10.81    0.00   13.89    0.00    0.80   13.62    0.00    0.00   60.88
平均时间:  all   10.81    0.00   13.89    0.00    0.80   13.62    0.00    0.00   60.88

Linux 2.6.32-431.el6.x86_64 (slave1) 	2019年07月26日 	_x86_64_	(8 CPU)

22时45分25秒  CPU    %usr   %nice    %sys %iowait    %irq   %soft  %steal  %guest   %idle
22时45分26秒  all    3.19    0.00   17.55    0.00    0.66   19.15    0.00    0.00   59.44
平均时间:  all    3.19    0.00   17.55    0.00    0.66   19.15    0.00    0.00   59.44

Linux 2.6.32-431.el6.x86_64 (slave1) 	2019年07月26日 	_x86_64_	(8 CPU)

22时45分29秒  CPU    %usr   %nice    %sys %iowait    %irq   %soft  %steal  %guest   %idle
22时45分30秒  all   39.40    0.00   15.58    0.13    0.52   10.47    0.00    0.00   33.90
平均时间:  all   39.40    0.00   15.58    0.13    0.52   10.47    0.00    0.00   33.90

Linux 2.6.32-431.el6.x86_64 (slave1) 	2019年07月26日 	_x86_64_	(8 CPU)

22时45分33秒  CPU    %usr   %nice    %sys %iowait    %irq   %soft  %steal  %guest   %idle
22时45分34秒  all   26.90    0.00   12.78    0.00    0.27   16.11    0.00    0.00   43.94
平均时间:  all   26.90    0.00   12.78    0.00    0.27   16.11    0.00    0.00   43.94

Linux 2.6.32-431.el6.x86_64 (slave1) 	2019年07月26日 	_x86_64_	(8 CPU)

22时45分37秒  CPU    %usr   %nice    %sys %iowait    %irq   %soft  %steal  %guest   %idle
22时45分38秒  all    6.69    0.00    3.60    0.00    0.13    0.51    0.00    0.00   89.06
平均时间:  all    6.69    0.00    3.60    0.00    0.13    0.51    0.00    0.00   89.06

Linux 2.6.32-431.el6.x86_64 (slave1) 	2019年07月26日 	_x86_64_	(8 CPU)

22时45分41秒  CPU    %usr   %nice    %sys %iowait    %irq   %soft  %steal  %guest   %idle
22时45分42秒  all   31.75    0.00    6.79    0.13    0.00    0.51    0.00    0.00   60.82
平均时间:  all   31.75    0.00    6.79    0.13    0.00    0.51    0.00    0.00   60.82

Linux 2.6.32-431.el6.x86_64 (slave1) 	2019年07月26日 	_x86_64_	(8 CPU)

22时45分45秒  CPU    %usr   %nice    %sys %iowait    %irq   %soft  %steal  %guest   %idle
22时45分46秒  all   24.01    0.00    4.22    0.00    0.00    0.00    0.00    0.00   71.77
平均时间:  all   24.01    0.00    4.22    0.00    0.00    0.00    0.00    0.00   71.77

Linux 2.6.32-431.el6.x86_64 (slave1) 	2019年07月26日 	_x86_64_	(8 CPU)

22时45分49秒  CPU    %usr   %nice    %sys %iowait    %irq   %soft  %steal  %guest   %idle
22时45分50秒  all   34.70    0.00    6.91    0.00    0.00    0.13    0.00    0.00   58.26
平均时间:  all   34.70    0.00    6.91    0.00    0.00    0.13    0.00    0.00   58.26

Linux 2.6.32-431.el6.x86_64 (slave1) 	2019年07月26日 	_x86_64_	(8 CPU)

22时45分53秒  CPU    %usr   %nice    %sys %iowait    %irq   %soft  %steal  %guest   %idle
22时45分54秒  all   59.32    0.00    9.13    0.00    0.00    0.00    0.00    0.00   31.56
平均时间:  all   59.32    0.00    9.13    0.00    0.00    0.00    0.00    0.00   31.56

Linux 2.6.32-431.el6.x86_64 (slave1) 	2019年07月26日 	_x86_64_	(8 CPU)

22时45分58秒  CPU    %usr   %nice    %sys %iowait    %irq   %soft  %steal  %guest   %idle
22时45分59秒  all   78.24    0.00   10.69    0.00    0.00    0.13    0.00    0.00   10.94
平均时间:  all   78.24    0.00   10.69    0.00    0.00    0.13    0.00    0.00   10.94

Linux 2.6.32-431.el6.x86_64 (slave1) 	2019年07月26日 	_x86_64_	(8 CPU)

22时46分02秒  CPU    %usr   %nice    %sys %iowait    %irq   %soft  %steal  %guest   %idle
22时46分03秒  all   59.57    0.00    9.69    0.00    0.13    4.85    0.00    0.00   25.77
平均时间:  all   59.57    0.00    9.69    0.00    0.13    4.85    0.00    0.00   25.77

Linux 2.6.32-431.el6.x86_64 (slave1) 	2019年07月26日 	_x86_64_	(8 CPU)

22时46分06秒  CPU    %usr   %nice    %sys %iowait    %irq   %soft  %steal  %guest   %idle
22时46分07秒  all   76.81    0.00    8.11    0.00    0.13    0.13    0.00    0.00   14.83
平均时间:  all   76.81    0.00    8.11    0.00    0.13    0.13    0.00    0.00   14.83

Linux 2.6.32-431.el6.x86_64 (slave1) 	2019年07月26日 	_x86_64_	(8 CPU)

22时46分10秒  CPU    %usr   %nice    %sys %iowait    %irq   %soft  %steal  %guest   %idle
22时46分11秒  all   86.34    0.00    8.90    0.00    0.00    0.25    0.00    0.00    4.51
平均时间:  all   86.34    0.00    8.90    0.00    0.00    0.25    0.00    0.00    4.51

Linux 2.6.32-431.el6.x86_64 (slave1) 	2019年07月26日 	_x86_64_	(8 CPU)

22时46分14秒  CPU    %usr   %nice    %sys %iowait    %irq   %soft  %steal  %guest   %idle
22时46分15秒  all   73.44    0.00    7.54    0.00    0.26    0.89    0.00    0.00   17.88
平均时间:  all   73.44    0.00    7.54    0.00    0.26    0.89    0.00    0.00   17.88

Linux 2.6.32-431.el6.x86_64 (slave1) 	2019年07月26日 	_x86_64_	(8 CPU)

22时46分18秒  CPU    %usr   %nice    %sys %iowait    %irq   %soft  %steal  %guest   %idle
22时46分19秒  all   59.03    0.00    4.71    0.00    0.13    0.76    0.00    0.00   35.37
平均时间:  all   59.03    0.00    4.71    0.00    0.13    0.76    0.00    0.00   35.37

Linux 2.6.32-431.el6.x86_64 (slave1) 	2019年07月26日 	_x86_64_	(8 CPU)

22时46分22秒  CPU    %usr   %nice    %sys %iowait    %irq   %soft  %steal  %guest   %idle
22时46分23秒  all   79.35    0.00    4.41    0.00    0.00    0.25    0.00    0.00   15.99
平均时间:  all   79.35    0.00    4.41    0.00    0.00    0.25    0.00    0.00   15.99

Linux 2.6.32-431.el6.x86_64 (slave1) 	2019年07月26日 	_x86_64_	(8 CPU)

22时46分26秒  CPU    %usr   %nice    %sys %iowait    %irq   %soft  %steal  %guest   %idle
22时46分27秒  all   33.03    0.00    7.81    0.00    0.00    2.82    0.00    0.00   56.34
平均时间:  all   33.03    0.00    7.81    0.00    0.00    2.82    0.00    0.00   56.34

Linux 2.6.32-431.el6.x86_64 (slave1) 	2019年07月26日 	_x86_64_	(8 CPU)

22时46分30秒  CPU    %usr   %nice    %sys %iowait    %irq   %soft  %steal  %guest   %idle
22时46分31秒  all   71.90    0.00   10.00    0.00    0.13    0.89    0.00    0.00   17.09
平均时间:  all   71.90    0.00   10.00    0.00    0.13    0.89    0.00    0.00   17.09

Linux 2.6.32-431.el6.x86_64 (slave1) 	2019年07月26日 	_x86_64_	(8 CPU)

22时46分34秒  CPU    %usr   %nice    %sys %iowait    %irq   %soft  %steal  %guest   %idle
22时46分35秒  all   90.84    0.00    7.65    0.00    0.13    0.50    0.00    0.00    0.88
平均时间:  all   90.84    0.00    7.65    0.00    0.13    0.50    0.00    0.00    0.88

Linux 2.6.32-431.el6.x86_64 (slave1) 	2019年07月26日 	_x86_64_	(8 CPU)

22时46分38秒  CPU    %usr   %nice    %sys %iowait    %irq   %soft  %steal  %guest   %idle
22时46分39秒  all   91.72    0.00    7.65    0.00    0.13    0.25    0.00    0.00    0.25
平均时间:  all   91.72    0.00    7.65    0.00    0.13    0.25    0.00    0.00    0.25

Linux 2.6.32-431.el6.x86_64 (slave1) 	2019年07月26日 	_x86_64_	(8 CPU)

22时46分42秒  CPU    %usr   %nice    %sys %iowait    %irq   %soft  %steal  %guest   %idle
22时46分43秒  all   54.80    0.00    6.02    0.00    0.13    0.51    0.00    0.00   38.54
平均时间:  all   54.80    0.00    6.02    0.00    0.13    0.51    0.00    0.00   38.54

Linux 2.6.32-431.el6.x86_64 (slave1) 	2019年07月26日 	_x86_64_	(8 CPU)

22时46分46秒  CPU    %usr   %nice    %sys %iowait    %irq   %soft  %steal  %guest   %idle
22时46分47秒  all   34.79    0.00    4.88    0.00    0.00    0.64    0.00    0.00   59.69
平均时间:  all   34.79    0.00    4.88    0.00    0.00    0.64    0.00    0.00   59.69

Linux 2.6.32-431.el6.x86_64 (slave1) 	2019年07月26日 	_x86_64_	(8 CPU)

22时46分50秒  CPU    %usr   %nice    %sys %iowait    %irq   %soft  %steal  %guest   %idle
22时46分51秒  all   90.21    0.00    7.15    0.00    0.00    0.38    0.00    0.00    2.26
平均时间:  all   90.21    0.00    7.15    0.00    0.00    0.38    0.00    0.00    2.26

Linux 2.6.32-431.el6.x86_64 (slave1) 	2019年07月26日 	_x86_64_	(8 CPU)

22时46分54秒  CPU    %usr   %nice    %sys %iowait    %irq   %soft  %steal  %guest   %idle
22时46分55秒  all   29.18    0.00    8.17    0.00    0.13    1.43    0.00    0.00   61.09
平均时间:  all   29.18    0.00    8.17    0.00    0.13    1.43    0.00    0.00   61.09

Linux 2.6.32-431.el6.x86_64 (slave1) 	2019年07月26日 	_x86_64_	(8 CPU)

22时46分58秒  CPU    %usr   %nice    %sys %iowait    %irq   %soft  %steal  %guest   %idle
22时46分59秒  all   66.03    0.00   16.22    0.00    0.00    2.30    0.00    0.00   15.45
平均时间:  all   66.03    0.00   16.22    0.00    0.00    2.30    0.00    0.00   15.45

Linux 2.6.32-431.el6.x86_64 (slave1) 	2019年07月26日 	_x86_64_	(8 CPU)

22时47分02秒  CPU    %usr   %nice    %sys %iowait    %irq   %soft  %steal  %guest   %idle
22时47分03秒  all   83.63    0.00   12.34    0.00    0.00    0.00    0.00    0.00    4.03
平均时间:  all   83.63    0.00   12.34    0.00    0.00    0.00    0.00    0.00    4.03

Linux 2.6.32-431.el6.x86_64 (slave1) 	2019年07月26日 	_x86_64_	(8 CPU)

22时47分06秒  CPU    %usr   %nice    %sys %iowait    %irq   %soft  %steal  %guest   %idle
22时47分07秒  all   80.18    0.00   10.10    0.00    0.00    0.13    0.00    0.00    9.60
平均时间:  all   80.18    0.00   10.10    0.00    0.00    0.13    0.00    0.00    9.60

Linux 2.6.32-431.el6.x86_64 (slave1) 	2019年07月26日 	_x86_64_	(8 CPU)

22时47分10秒  CPU    %usr   %nice    %sys %iowait    %irq   %soft  %steal  %guest   %idle
22时47分11秒  all   89.38    0.00   10.12    0.00    0.00    0.00    0.00    0.00    0.50
平均时间:  all   89.38    0.00   10.12    0.00    0.00    0.00    0.00    0.00    0.50

Linux 2.6.32-431.el6.x86_64 (slave1) 	2019年07月26日 	_x86_64_	(8 CPU)

22时47分14秒  CPU    %usr   %nice    %sys %iowait    %irq   %soft  %steal  %guest   %idle
22时47分15秒  all   90.62    0.00    7.62    0.00    0.00    0.25    0.00    0.00    1.50
平均时间:  all   90.62    0.00    7.62    0.00    0.00    0.25    0.00    0.00    1.50

Linux 2.6.32-431.el6.x86_64 (slave1) 	2019年07月26日 	_x86_64_	(8 CPU)

22时47分18秒  CPU    %usr   %nice    %sys %iowait    %irq   %soft  %steal  %guest   %idle
22时47分19秒  all   61.79    0.00   12.69    0.00    0.00    0.13    0.00    0.00   25.38
平均时间:  all   61.79    0.00   12.69    0.00    0.00    0.13    0.00    0.00   25.38

Linux 2.6.32-431.el6.x86_64 (slave1) 	2019年07月26日 	_x86_64_	(8 CPU)

22时47分22秒  CPU    %usr   %nice    %sys %iowait    %irq   %soft  %steal  %guest   %idle
22时47分23秒  all   43.32    0.00    3.65    0.00    0.00    0.00    0.00    0.00   53.02
平均时间:  all   43.32    0.00    3.65    0.00    0.00    0.00    0.00    0.00   53.02

Linux 2.6.32-431.el6.x86_64 (slave1) 	2019年07月26日 	_x86_64_	(8 CPU)

22时47分26秒  CPU    %usr   %nice    %sys %iowait    %irq   %soft  %steal  %guest   %idle
22时47分27秒  all   83.75    0.00   12.09    0.00    0.00    0.00    0.00    0.00    4.16
平均时间:  all   83.75    0.00   12.09    0.00    0.00    0.00    0.00    0.00    4.16

Linux 2.6.32-431.el6.x86_64 (slave1) 	2019年07月26日 	_x86_64_	(8 CPU)

22时47分30秒  CPU    %usr   %nice    %sys %iowait    %irq   %soft  %steal  %guest   %idle
22时47分31秒  all   92.26    0.00    7.37    0.00    0.00    0.37    0.00    0.00    0.00
平均时间:  all   92.26    0.00    7.37    0.00    0.00    0.37    0.00    0.00    0.00

Linux 2.6.32-431.el6.x86_64 (slave1) 	2019年07月26日 	_x86_64_	(8 CPU)

22时47分34秒  CPU    %usr   %nice    %sys %iowait    %irq   %soft  %steal  %guest   %idle
22时47分35秒  all   83.38    0.00   12.22    0.00    0.13    0.38    0.00    0.00    3.90
平均时间:  all   83.38    0.00   12.22    0.00    0.13    0.38    0.00    0.00    3.90

Linux 2.6.32-431.el6.x86_64 (slave1) 	2019年07月26日 	_x86_64_	(8 CPU)

22时47分38秒  CPU    %usr   %nice    %sys %iowait    %irq   %soft  %steal  %guest   %idle
22时47分39秒  all   93.61    0.00    5.39    0.00    0.00    0.63    0.00    0.00    0.38
平均时间:  all   93.61    0.00    5.39    0.00    0.00    0.63    0.00    0.00    0.38

Linux 2.6.32-431.el6.x86_64 (slave1) 	2019年07月26日 	_x86_64_	(8 CPU)

22时47分42秒  CPU    %usr   %nice    %sys %iowait    %irq   %soft  %steal  %guest   %idle
22时47分43秒  all   80.99    0.00   10.52    0.00    0.38    1.52    0.00    0.00    6.59
平均时间:  all   80.99    0.00   10.52    0.00    0.38    1.52    0.00    0.00    6.59

Linux 2.6.32-431.el6.x86_64 (slave1) 	2019年07月26日 	_x86_64_	(8 CPU)

22时47分46秒  CPU    %usr   %nice    %sys %iowait    %irq   %soft  %steal  %guest   %idle
22时47分47秒  all   47.56    0.00    5.01    0.00    0.13    2.19    0.00    0.00   45.12
平均时间:  all   47.56    0.00    5.01    0.00    0.13    2.19    0.00    0.00   45.12

Linux 2.6.32-431.el6.x86_64 (slave1) 	2019年07月26日 	_x86_64_	(8 CPU)

22时47分50秒  CPU    %usr   %nice    %sys %iowait    %irq   %soft  %steal  %guest   %idle
22时47分51秒  all   49.04    0.00    5.13    0.00    0.39    1.80    0.00    0.00   43.65
平均时间:  all   49.04    0.00    5.13    0.00    0.39    1.80    0.00    0.00   43.65

Linux 2.6.32-431.el6.x86_64 (slave1) 	2019年07月26日 	_x86_64_	(8 CPU)

22时47分54秒  CPU    %usr   %nice    %sys %iowait    %irq   %soft  %steal  %guest   %idle
22时47分55秒  all   56.83    0.00    5.36    0.00    0.13    1.53    0.00    0.00   36.14
平均时间:  all   56.83    0.00    5.36    0.00    0.13    1.53    0.00    0.00   36.14

Linux 2.6.32-431.el6.x86_64 (slave1) 	2019年07月26日 	_x86_64_	(8 CPU)

22时47分58秒  CPU    %usr   %nice    %sys %iowait    %irq   %soft  %steal  %guest   %idle
22时47分59秒  all   66.71    0.00    7.91    0.00    0.13    1.79    0.00    0.00   23.47
平均时间:  all   66.71    0.00    7.91    0.00    0.13    1.79    0.00    0.00   23.47

Linux 2.6.32-431.el6.x86_64 (slave1) 	2019年07月26日 	_x86_64_	(8 CPU)

22时48分02秒  CPU    %usr   %nice    %sys %iowait    %irq   %soft  %steal  %guest   %idle
22时48分03秒  all   72.65    0.00    7.00    0.00    0.13    1.02    0.00    0.00   19.21
平均时间:  all   72.65    0.00    7.00    0.00    0.13    1.02    0.00    0.00   19.21

Linux 2.6.32-431.el6.x86_64 (slave1) 	2019年07月26日 	_x86_64_	(8 CPU)

22时48分06秒  CPU    %usr   %nice    %sys %iowait    %irq   %soft  %steal  %guest   %idle
22时48分07秒  all   89.10    0.00    8.15    0.00    0.13    0.75    0.00    0.00    1.88
平均时间:  all   89.10    0.00    8.15    0.00    0.13    0.75    0.00    0.00    1.88

Linux 2.6.32-431.el6.x86_64 (slave1) 	2019年07月26日 	_x86_64_	(8 CPU)

22时48分10秒  CPU    %usr   %nice    %sys %iowait    %irq   %soft  %steal  %guest   %idle
22时48分11秒  all   87.09    0.00   11.78    0.00    0.13    0.75    0.00    0.00    0.25
平均时间:  all   87.09    0.00   11.78    0.00    0.13    0.75    0.00    0.00    0.25

Linux 2.6.32-431.el6.x86_64 (slave1) 	2019年07月26日 	_x86_64_	(8 CPU)

22时48分14秒  CPU    %usr   %nice    %sys %iowait    %irq   %soft  %steal  %guest   %idle
22时48分15秒  all   81.44    0.00   13.64    0.00    0.00    0.25    0.00    0.00    4.67
平均时间:  all   81.44    0.00   13.64    0.00    0.00    0.25    0.00    0.00    4.67

Linux 2.6.32-431.el6.x86_64 (slave1) 	2019年07月26日 	_x86_64_	(8 CPU)

22时48分19秒  CPU    %usr   %nice    %sys %iowait    %irq   %soft  %steal  %guest   %idle
22时48分20秒  all   85.10    0.00    8.84    0.00    0.00    0.25    0.00    0.00    5.81
平均时间:  all   85.10    0.00    8.84    0.00    0.00    0.25    0.00    0.00    5.81

Linux 2.6.32-431.el6.x86_64 (slave1) 	2019年07月26日 	_x86_64_	(8 CPU)

22时48分23秒  CPU    %usr   %nice    %sys %iowait    %irq   %soft  %steal  %guest   %idle
22时48分24秒  all   45.47    0.00    7.02    0.00    0.00    0.77    0.00    0.00   46.74
平均时间:  all   45.47    0.00    7.02    0.00    0.00    0.77    0.00    0.00   46.74

Linux 2.6.32-431.el6.x86_64 (slave1) 	2019年07月26日 	_x86_64_	(8 CPU)

22时48分27秒  CPU    %usr   %nice    %sys %iowait    %irq   %soft  %steal  %guest   %idle
22时48分28秒  all   86.95    0.00    9.28    0.00    0.00    0.38    0.00    0.00    3.39
平均时间:  all   86.95    0.00    9.28    0.00    0.00    0.38    0.00    0.00    3.39

Linux 2.6.32-431.el6.x86_64 (slave1) 	2019年07月26日 	_x86_64_	(8 CPU)

22时48分31秒  CPU    %usr   %nice    %sys %iowait    %irq   %soft  %steal  %guest   %idle
22时48分32秒  all   86.90    0.00    9.82    0.00    0.00    0.38    0.00    0.00    2.90
平均时间:  all   86.90    0.00    9.82    0.00    0.00    0.38    0.00    0.00    2.90

Linux 2.6.32-431.el6.x86_64 (slave1) 	2019年07月26日 	_x86_64_	(8 CPU)

22时48分35秒  CPU    %usr   %nice    %sys %iowait    %irq   %soft  %steal  %guest   %idle
22时48分36秒  all   93.29    0.00    5.84    0.00    0.12    0.25    0.00    0.00    0.50
平均时间:  all   93.29    0.00    5.84    0.00    0.12    0.25    0.00    0.00    0.50

Linux 2.6.32-431.el6.x86_64 (slave1) 	2019年07月26日 	_x86_64_	(8 CPU)

22时48分39秒  CPU    %usr   %nice    %sys %iowait    %irq   %soft  %steal  %guest   %idle
22时48分40秒  all   82.91    0.00    8.54    0.00    0.13    0.88    0.00    0.00    7.54
平均时间:  all   82.91    0.00    8.54    0.00    0.13    0.88    0.00    0.00    7.54

Linux 2.6.32-431.el6.x86_64 (slave1) 	2019年07月26日 	_x86_64_	(8 CPU)

22时48分43秒  CPU    %usr   %nice    %sys %iowait    %irq   %soft  %steal  %guest   %idle
22时48分44秒  all   65.94    0.00    9.22    0.00    0.13    0.26    0.00    0.00   24.46
平均时间:  all   65.94    0.00    9.22    0.00    0.13    0.26    0.00    0.00   24.46

Linux 2.6.32-431.el6.x86_64 (slave1) 	2019年07月26日 	_x86_64_	(8 CPU)

22时48分47秒  CPU    %usr   %nice    %sys %iowait    %irq   %soft  %steal  %guest   %idle
22时48分48秒  all   42.82    0.00    3.94    0.00    0.00    0.13    0.00    0.00   53.11
平均时间:  all   42.82    0.00    3.94    0.00    0.00    0.13    0.00    0.00   53.11

Linux 2.6.32-431.el6.x86_64 (slave1) 	2019年07月26日 	_x86_64_	(8 CPU)

22时48分51秒  CPU    %usr   %nice    %sys %iowait    %irq   %soft  %steal  %guest   %idle
22时48分52秒  all   32.19    0.00    3.68    0.00    0.13    0.13    0.00    0.00   63.88
平均时间:  all   32.19    0.00    3.68    0.00    0.13    0.13    0.00    0.00   63.88

Linux 2.6.32-431.el6.x86_64 (slave1) 	2019年07月26日 	_x86_64_	(8 CPU)

22时48分55秒  CPU    %usr   %nice    %sys %iowait    %irq   %soft  %steal  %guest   %idle
22时48分56秒  all   25.10    0.00    4.06    0.00    0.00    1.90    0.00    0.00   68.95
平均时间:  all   25.10    0.00    4.06    0.00    0.00    1.90    0.00    0.00   68.95

Linux 2.6.32-431.el6.x86_64 (slave1) 	2019年07月26日 	_x86_64_	(8 CPU)

22时48分59秒  CPU    %usr   %nice    %sys %iowait    %irq   %soft  %steal  %guest   %idle
22时49分00秒  all   25.25    0.00    2.66    0.00    0.00    0.13    0.00    0.00   71.95
平均时间:  all   25.25    0.00    2.66    0.00    0.00    0.13    0.00    0.00   71.95

Linux 2.6.32-431.el6.x86_64 (slave1) 	2019年07月26日 	_x86_64_	(8 CPU)

22时49分03秒  CPU    %usr   %nice    %sys %iowait    %irq   %soft  %steal  %guest   %idle
22时49分04秒  all   25.06    0.00    2.53    0.00    0.00    0.13    0.00    0.00   72.28
平均时间:  all   25.06    0.00    2.53    0.00    0.00    0.13    0.00    0.00   72.28

Linux 2.6.32-431.el6.x86_64 (slave1) 	2019年07月26日 	_x86_64_	(8 CPU)

22时49分07秒  CPU    %usr   %nice    %sys %iowait    %irq   %soft  %steal  %guest   %idle
22时49分08秒  all   29.06    0.00    2.16    0.00    0.00    0.13    0.00    0.00   68.65
平均时间:  all   29.06    0.00    2.16    0.00    0.00    0.13    0.00    0.00   68.65

Linux 2.6.32-431.el6.x86_64 (slave1) 	2019年07月26日 	_x86_64_	(8 CPU)

22时49分11秒  CPU    %usr   %nice    %sys %iowait    %irq   %soft  %steal  %guest   %idle
22时49分12秒  all    1.26    0.00    1.51    0.00    0.00    0.00    0.00    0.00   97.23
平均时间:  all    1.26    0.00    1.51    0.00    0.00    0.00    0.00    0.00   97.23

Linux 2.6.32-431.el6.x86_64 (slave1) 	2019年07月26日 	_x86_64_	(8 CPU)

22时49分15秒  CPU    %usr   %nice    %sys %iowait    %irq   %soft  %steal  %guest   %idle
22时49分16秒  all    0.13    0.00    0.13    0.00    0.00    0.13    0.00    0.00   99.62
平均时间:  all    0.13    0.00    0.13    0.00    0.00    0.13    0.00    0.00   99.62

Linux 2.6.32-431.el6.x86_64 (slave1) 	2019年07月26日 	_x86_64_	(8 CPU)

22时49分19秒  CPU    %usr   %nice    %sys %iowait    %irq   %soft  %steal  %guest   %idle
22时49分20秒  all    0.00    0.00    0.00    0.00    0.00    0.00    0.00    0.00  100.00
平均时间:  all    0.00    0.00    0.00    0.00    0.00    0.00    0.00    0.00  100.00

Linux 2.6.32-431.el6.x86_64 (slave1) 	2019年07月26日 	_x86_64_	(8 CPU)

22时49分23秒  CPU    %usr   %nice    %sys %iowait    %irq   %soft  %steal  %guest   %idle
22时49分24秒  all    0.00    0.00    0.00    0.00    0.00    0.00    0.00    0.00  100.00
平均时间:  all    0.00    0.00    0.00    0.00    0.00    0.00    0.00    0.00  100.00

Linux 2.6.32-431.el6.x86_64 (slave1) 	2019年07月26日 	_x86_64_	(8 CPU)

22时49分27秒  CPU    %usr   %nice    %sys %iowait    %irq   %soft  %steal  %guest   %idle
22时49分28秒  all    0.38    0.00    0.00    0.00    0.00    0.00    0.00    0.00   99.62
平均时间:  all    0.38    0.00    0.00    0.00    0.00    0.00    0.00    0.00   99.62

Linux 2.6.32-431.el6.x86_64 (slave1) 	2019年07月26日 	_x86_64_	(8 CPU)

22时49分31秒  CPU    %usr   %nice    %sys %iowait    %irq   %soft  %steal  %guest   %idle
22时49分32秒  all    0.00    0.00    0.00    0.00    0.00    0.00    0.00    0.00  100.00
平均时间:  all    0.00    0.00    0.00    0.00    0.00    0.00    0.00    0.00  100.00

