
Linux 2.6.32-431.el6.x86_64 (slave2) 	2019年07月26日 	_x86_64_	(8 CPU)

22时41分19秒  CPU    %usr   %nice    %sys %iowait    %irq   %soft  %steal  %guest   %idle
22时41分20秒  all    0.00    0.00    0.00    0.00    0.00    0.00    0.00    0.00  100.00
平均时间:  all    0.00    0.00    0.00    0.00    0.00    0.00    0.00    0.00  100.00

Linux 2.6.32-431.el6.x86_64 (slave2) 	2019年07月26日 	_x86_64_	(8 CPU)

22时41分23秒  CPU    %usr   %nice    %sys %iowait    %irq   %soft  %steal  %guest   %idle
22时41分24秒  all    0.00    0.00    0.13    0.00    0.00    0.13    0.00    0.00   99.75
平均时间:  all    0.00    0.00    0.13    0.00    0.00    0.13    0.00    0.00   99.75

Linux 2.6.32-431.el6.x86_64 (slave2) 	2019年07月26日 	_x86_64_	(8 CPU)

22时41分27秒  CPU    %usr   %nice    %sys %iowait    %irq   %soft  %steal  %guest   %idle
22时41分28秒  all    0.13    0.00    0.13    0.00    0.00    0.00    0.00    0.00   99.75
平均时间:  all    0.13    0.00    0.13    0.00    0.00    0.00    0.00    0.00   99.75

Linux 2.6.32-431.el6.x86_64 (slave2) 	2019年07月26日 	_x86_64_	(8 CPU)

22时41分31秒  CPU    %usr   %nice    %sys %iowait    %irq   %soft  %steal  %guest   %idle
22时41分32秒  all    0.13    0.00    0.13    0.00    0.00    0.00    0.00    0.00   99.75
平均时间:  all    0.13    0.00    0.13    0.00    0.00    0.00    0.00    0.00   99.75

Linux 2.6.32-431.el6.x86_64 (slave2) 	2019年07月26日 	_x86_64_	(8 CPU)

22时41分35秒  CPU    %usr   %nice    %sys %iowait    %irq   %soft  %steal  %guest   %idle
22时41分36秒  all    0.13    0.00    1.51    0.00    0.13    0.50    0.00    0.00   97.73
平均时间:  all    0.13    0.00    1.51    0.00    0.13    0.50    0.00    0.00   97.73

Linux 2.6.32-431.el6.x86_64 (slave2) 	2019年07月26日 	_x86_64_	(8 CPU)

22时41分39秒  CPU    %usr   %nice    %sys %iowait    %irq   %soft  %steal  %guest   %idle
22时41分40秒  all    1.04    0.00    8.47    0.00    0.52   14.34    0.00    0.00   75.62
平均时间:  all    1.04    0.00    8.47    0.00    0.52   14.34    0.00    0.00   75.62

Linux 2.6.32-431.el6.x86_64 (slave2) 	2019年07月26日 	_x86_64_	(8 CPU)

22时41分43秒  CPU    %usr   %nice    %sys %iowait    %irq   %soft  %steal  %guest   %idle
22时41分44秒  all    8.98    0.00   11.53    0.00    0.80   20.64    0.00    0.00   58.04
平均时间:  all    8.98    0.00   11.53    0.00    0.80   20.64    0.00    0.00   58.04

Linux 2.6.32-431.el6.x86_64 (slave2) 	2019年07月26日 	_x86_64_	(8 CPU)

22时41分47秒  CPU    %usr   %nice    %sys %iowait    %irq   %soft  %steal  %guest   %idle
22时41分48秒  all   57.81    0.00   22.74    0.00    0.38   15.50    0.00    0.00    3.56
平均时间:  all   57.81    0.00   22.74    0.00    0.38   15.50    0.00    0.00    3.56

Linux 2.6.32-431.el6.x86_64 (slave2) 	2019年07月26日 	_x86_64_	(8 CPU)

22时41分51秒  CPU    %usr   %nice    %sys %iowait    %irq   %soft  %steal  %guest   %idle
22时41分52秒  all   67.09    0.00   18.22    0.00    0.25   14.45    0.00    0.00    0.00
平均时间:  all   67.09    0.00   18.22    0.00    0.25   14.45    0.00    0.00    0.00

Linux 2.6.32-431.el6.x86_64 (slave2) 	2019年07月26日 	_x86_64_	(8 CPU)

22时41分55秒  CPU    %usr   %nice    %sys %iowait    %irq   %soft  %steal  %guest   %idle
22时41分56秒  all   65.16    0.00   17.74    0.00    0.25   16.73    0.00    0.00    0.13
平均时间:  all   65.16    0.00   17.74    0.00    0.25   16.73    0.00    0.00    0.13

Linux 2.6.32-431.el6.x86_64 (slave2) 	2019年07月26日 	_x86_64_	(8 CPU)

22时41分59秒  CPU    %usr   %nice    %sys %iowait    %irq   %soft  %steal  %guest   %idle
22时42分00秒  all   78.77    0.00   16.33    0.00    0.38    4.52    0.00    0.00    0.00
平均时间:  all   78.77    0.00   16.33    0.00    0.38    4.52    0.00    0.00    0.00

Linux 2.6.32-431.el6.x86_64 (slave2) 	2019年07月26日 	_x86_64_	(8 CPU)

22时42分04秒  CPU    %usr   %nice    %sys %iowait    %irq   %soft  %steal  %guest   %idle
22时42分05秒  all   89.24    0.00    9.26    0.00    0.13    1.38    0.00    0.00    0.00
平均时间:  all   89.24    0.00    9.26    0.00    0.13    1.38    0.00    0.00    0.00

Linux 2.6.32-431.el6.x86_64 (slave2) 	2019年07月26日 	_x86_64_	(8 CPU)

22时42分08秒  CPU    %usr   %nice    %sys %iowait    %irq   %soft  %steal  %guest   %idle
22时42分09秒  all   90.01    0.00    8.49    0.00    0.00    1.50    0.00    0.00    0.00
平均时间:  all   90.01    0.00    8.49    0.00    0.00    1.50    0.00    0.00    0.00

Linux 2.6.32-431.el6.x86_64 (slave2) 	2019年07月26日 	_x86_64_	(8 CPU)

22时42分12秒  CPU    %usr   %nice    %sys %iowait    %irq   %soft  %steal  %guest   %idle
22时42分13秒  all   92.49    0.00    6.88    0.00    0.00    0.63    0.00    0.00    0.00
平均时间:  all   92.49    0.00    6.88    0.00    0.00    0.63    0.00    0.00    0.00

Linux 2.6.32-431.el6.x86_64 (slave2) 	2019年07月26日 	_x86_64_	(8 CPU)

22时42分16秒  CPU    %usr   %nice    %sys %iowait    %irq   %soft  %steal  %guest   %idle
22时42分17秒  all   40.08    0.00    7.12    0.00    0.13    0.13    0.00    0.00   52.54
平均时间:  all   40.08    0.00    7.12    0.00    0.13    0.13    0.00    0.00   52.54

Linux 2.6.32-431.el6.x86_64 (slave2) 	2019年07月26日 	_x86_64_	(8 CPU)

22时42分20秒  CPU    %usr   %nice    %sys %iowait    %irq   %soft  %steal  %guest   %idle
22时42分21秒  all   30.32    0.00    8.52    0.00    0.00    0.13    0.00    0.00   61.03
平均时间:  all   30.32    0.00    8.52    0.00    0.00    0.13    0.00    0.00   61.03

Linux 2.6.32-431.el6.x86_64 (slave2) 	2019年07月26日 	_x86_64_	(8 CPU)

22时42分24秒  CPU    %usr   %nice    %sys %iowait    %irq   %soft  %steal  %guest   %idle
22时42分25秒  all   68.25    0.00    7.58    0.00    0.00    0.13    0.00    0.00   24.04
平均时间:  all   68.25    0.00    7.58    0.00    0.00    0.13    0.00    0.00   24.04

Linux 2.6.32-431.el6.x86_64 (slave2) 	2019年07月26日 	_x86_64_	(8 CPU)

22时42分28秒  CPU    %usr   %nice    %sys %iowait    %irq   %soft  %steal  %guest   %idle
22时42分29秒  all   23.30    0.00    6.27    0.00    0.00    0.00    0.00    0.00   70.42
平均时间:  all   23.30    0.00    6.27    0.00    0.00    0.00    0.00    0.00   70.42

Linux 2.6.32-431.el6.x86_64 (slave2) 	2019年07月26日 	_x86_64_	(8 CPU)

22时42分32秒  CPU    %usr   %nice    %sys %iowait    %irq   %soft  %steal  %guest   %idle
22时42分33秒  all   90.60    0.00    8.40    0.00    0.00    0.00    0.00    0.00    1.00
平均时间:  all   90.60    0.00    8.40    0.00    0.00    0.00    0.00    0.00    1.00

Linux 2.6.32-431.el6.x86_64 (slave2) 	2019年07月26日 	_x86_64_	(8 CPU)

22时42分36秒  CPU    %usr   %nice    %sys %iowait    %irq   %soft  %steal  %guest   %idle
22时42分37秒  all   78.83    0.00   10.14    0.00    0.00    0.13    0.00    0.00   10.90
平均时间:  all   78.83    0.00   10.14    0.00    0.00    0.13    0.00    0.00   10.90

Linux 2.6.32-431.el6.x86_64 (slave2) 	2019年07月26日 	_x86_64_	(8 CPU)

22时42分40秒  CPU    %usr   %nice    %sys %iowait    %irq   %soft  %steal  %guest   %idle
22时42分41秒  all   58.04    0.00    9.01    0.00    0.00    0.26    0.00    0.00   32.69
平均时间:  all   58.04    0.00    9.01    0.00    0.00    0.26    0.00    0.00   32.69

Linux 2.6.32-431.el6.x86_64 (slave2) 	2019年07月26日 	_x86_64_	(8 CPU)

22时42分44秒  CPU    %usr   %nice    %sys %iowait    %irq   %soft  %steal  %guest   %idle
22时42分45秒  all   87.72    0.00   11.53    0.00    0.00    0.13    0.00    0.00    0.63
平均时间:  all   87.72    0.00   11.53    0.00    0.00    0.13    0.00    0.00    0.63

Linux 2.6.32-431.el6.x86_64 (slave2) 	2019年07月26日 	_x86_64_	(8 CPU)

22时42分48秒  CPU    %usr   %nice    %sys %iowait    %irq   %soft  %steal  %guest   %idle
22时42分49秒  all   82.94    0.00   12.55    0.00    0.00    1.00    0.00    0.00    3.51
平均时间:  all   82.94    0.00   12.55    0.00    0.00    1.00    0.00    0.00    3.51

Linux 2.6.32-431.el6.x86_64 (slave2) 	2019年07月26日 	_x86_64_	(8 CPU)

22时42分52秒  CPU    %usr   %nice    %sys %iowait    %irq   %soft  %steal  %guest   %idle
22时42分53秒  all   88.47    0.00    8.15    0.00    0.00    0.75    0.00    0.00    2.63
平均时间:  all   88.47    0.00    8.15    0.00    0.00    0.75    0.00    0.00    2.63

Linux 2.6.32-431.el6.x86_64 (slave2) 	2019年07月26日 	_x86_64_	(8 CPU)

22时42分56秒  CPU    %usr   %nice    %sys %iowait    %irq   %soft  %steal  %guest   %idle
22时42分57秒  all   86.97    0.00    9.02    0.00    0.00    1.00    0.00    0.00    3.01
平均时间:  all   86.97    0.00    9.02    0.00    0.00    1.00    0.00    0.00    3.01

Linux 2.6.32-431.el6.x86_64 (slave2) 	2019年07月26日 	_x86_64_	(8 CPU)

22时43分00秒  CPU    %usr   %nice    %sys %iowait    %irq   %soft  %steal  %guest   %idle
22时43分01秒  all   81.46    0.00   11.85    0.00    0.13    0.76    0.00    0.00    5.80
平均时间:  all   81.46    0.00   11.85    0.00    0.13    0.76    0.00    0.00    5.80

Linux 2.6.32-431.el6.x86_64 (slave2) 	2019年07月26日 	_x86_64_	(8 CPU)

22时43分04秒  CPU    %usr   %nice    %sys %iowait    %irq   %soft  %steal  %guest   %idle
22时43分05秒  all   82.69    0.00   12.55    0.00    0.00    0.75    0.00    0.00    4.02
平均时间:  all   82.69    0.00   12.55    0.00    0.00    0.75    0.00    0.00    4.02

Linux 2.6.32-431.el6.x86_64 (slave2) 	2019年07月26日 	_x86_64_	(8 CPU)

22时43分08秒  CPU    %usr   %nice    %sys %iowait    %irq   %soft  %steal  %guest   %idle
22时43分09秒  all   88.30    0.00    8.05    0.00    0.00    0.38    0.00    0.00    3.27
平均时间:  all   88.30    0.00    8.05    0.00    0.00    0.38    0.00    0.00    3.27

Linux 2.6.32-431.el6.x86_64 (slave2) 	2019年07月26日 	_x86_64_	(8 CPU)

22时43分12秒  CPU    %usr   %nice    %sys %iowait    %irq   %soft  %steal  %guest   %idle
22时43分13秒  all   87.52    0.00    9.21    0.00    0.00    0.38    0.00    0.00    2.90
平均时间:  all   87.52    0.00    9.21    0.00    0.00    0.38    0.00    0.00    2.90

Linux 2.6.32-431.el6.x86_64 (slave2) 	2019年07月26日 	_x86_64_	(8 CPU)

22时43分16秒  CPU    %usr   %nice    %sys %iowait    %irq   %soft  %steal  %guest   %idle
22时43分17秒  all   68.14    0.00   18.84    0.00    0.00    1.39    0.00    0.00   11.63
平均时间:  all   68.14    0.00   18.84    0.00    0.00    1.39    0.00    0.00   11.63

Linux 2.6.32-431.el6.x86_64 (slave2) 	2019年07月26日 	_x86_64_	(8 CPU)

22时43分20秒  CPU    %usr   %nice    %sys %iowait    %irq   %soft  %steal  %guest   %idle
22时43分21秒  all   38.21    0.00    7.31    0.00    0.13    1.67    0.00    0.00   52.69
平均时间:  all   38.21    0.00    7.31    0.00    0.13    1.67    0.00    0.00   52.69

Linux 2.6.32-431.el6.x86_64 (slave2) 	2019年07月26日 	_x86_64_	(8 CPU)

22时43分24秒  CPU    %usr   %nice    %sys %iowait    %irq   %soft  %steal  %guest   %idle
22时43分25秒  all   24.31    0.00   11.70    0.00    0.26   15.90    0.00    0.00   47.83
平均时间:  all   24.31    0.00   11.70    0.00    0.26   15.90    0.00    0.00   47.83

Linux 2.6.32-431.el6.x86_64 (slave2) 	2019年07月26日 	_x86_64_	(8 CPU)

22时43分28秒  CPU    %usr   %nice    %sys %iowait    %irq   %soft  %steal  %guest   %idle
22时43分29秒  all   14.81    0.00    8.73    0.00    0.79   20.11    0.00    0.00   55.56
平均时间:  all   14.81    0.00    8.73    0.00    0.79   20.11    0.00    0.00   55.56

Linux 2.6.32-431.el6.x86_64 (slave2) 	2019年07月26日 	_x86_64_	(8 CPU)

22时43分32秒  CPU    %usr   %nice    %sys %iowait    %irq   %soft  %steal  %guest   %idle
22时43分33秒  all   33.95    0.00   22.41    0.00    0.66   21.49    0.00    0.00   21.49
平均时间:  all   33.95    0.00   22.41    0.00    0.66   21.49    0.00    0.00   21.49

Linux 2.6.32-431.el6.x86_64 (slave2) 	2019年07月26日 	_x86_64_	(8 CPU)

22时43分36秒  CPU    %usr   %nice    %sys %iowait    %irq   %soft  %steal  %guest   %idle
22时43分37秒  all   55.29    0.00   18.22    0.00    0.64   18.22    0.00    0.00    7.64
平均时间:  all   55.29    0.00   18.22    0.00    0.64   18.22    0.00    0.00    7.64

Linux 2.6.32-431.el6.x86_64 (slave2) 	2019年07月26日 	_x86_64_	(8 CPU)

22时43分40秒  CPU    %usr   %nice    %sys %iowait    %irq   %soft  %steal  %guest   %idle
22时43分41秒  all   59.40    0.00   25.56    0.00    0.25   14.54    0.00    0.00    0.25
平均时间:  all   59.40    0.00   25.56    0.00    0.25   14.54    0.00    0.00    0.25

Linux 2.6.32-431.el6.x86_64 (slave2) 	2019年07月26日 	_x86_64_	(8 CPU)

22时43分44秒  CPU    %usr   %nice    %sys %iowait    %irq   %soft  %steal  %guest   %idle
22时43分45秒  all   74.65    0.00   15.81    0.00    0.38    9.16    0.00    0.00    0.00
平均时间:  all   74.65    0.00   15.81    0.00    0.38    9.16    0.00    0.00    0.00

Linux 2.6.32-431.el6.x86_64 (slave2) 	2019年07月26日 	_x86_64_	(8 CPU)

22时43分49秒  CPU    %usr   %nice    %sys %iowait    %irq   %soft  %steal  %guest   %idle
22时43分50秒  all   83.79    0.00   11.60    0.00    0.00    4.24    0.00    0.00    0.37
平均时间:  all   83.79    0.00   11.60    0.00    0.00    4.24    0.00    0.00    0.37

Linux 2.6.32-431.el6.x86_64 (slave2) 	2019年07月26日 	_x86_64_	(8 CPU)

22时43分53秒  CPU    %usr   %nice    %sys %iowait    %irq   %soft  %steal  %guest   %idle
22时43分54秒  all   83.00    0.00   12.47    0.00    0.00    0.50    0.00    0.00    4.03
平均时间:  all   83.00    0.00   12.47    0.00    0.00    0.50    0.00    0.00    4.03

Linux 2.6.32-431.el6.x86_64 (slave2) 	2019年07月26日 	_x86_64_	(8 CPU)

22时43分57秒  CPU    %usr   %nice    %sys %iowait    %irq   %soft  %steal  %guest   %idle
22时43分58秒  all   28.93    0.00    5.84    0.00    0.00    2.03    0.00    0.00   63.20
平均时间:  all   28.93    0.00    5.84    0.00    0.00    2.03    0.00    0.00   63.20

Linux 2.6.32-431.el6.x86_64 (slave2) 	2019年07月26日 	_x86_64_	(8 CPU)

22时44分01秒  CPU    %usr   %nice    %sys %iowait    %irq   %soft  %steal  %guest   %idle
22时44分02秒  all   56.69    0.00    5.68    0.00    0.00    0.00    0.00    0.00   37.63
平均时间:  all   56.69    0.00    5.68    0.00    0.00    0.00    0.00    0.00   37.63

Linux 2.6.32-431.el6.x86_64 (slave2) 	2019年07月26日 	_x86_64_	(8 CPU)

22时44分05秒  CPU    %usr   %nice    %sys %iowait    %irq   %soft  %steal  %guest   %idle
22时44分06秒  all   61.37    0.00    7.12    0.00    0.00    0.76    0.00    0.00   30.75
平均时间:  all   61.37    0.00    7.12    0.00    0.00    0.76    0.00    0.00   30.75

Linux 2.6.32-431.el6.x86_64 (slave2) 	2019年07月26日 	_x86_64_	(8 CPU)

22时44分09秒  CPU    %usr   %nice    %sys %iowait    %irq   %soft  %steal  %guest   %idle
22时44分10秒  all   95.86    0.00    3.26    0.00    0.00    0.50    0.00    0.00    0.38
平均时间:  all   95.86    0.00    3.26    0.00    0.00    0.50    0.00    0.00    0.38

Linux 2.6.32-431.el6.x86_64 (slave2) 	2019年07月26日 	_x86_64_	(8 CPU)

22时44分13秒  CPU    %usr   %nice    %sys %iowait    %irq   %soft  %steal  %guest   %idle
22时44分14秒  all   91.85    0.00    4.89    0.00    0.00    0.63    0.00    0.00    2.63
平均时间:  all   91.85    0.00    4.89    0.00    0.00    0.63    0.00    0.00    2.63

Linux 2.6.32-431.el6.x86_64 (slave2) 	2019年07月26日 	_x86_64_	(8 CPU)

22时44分17秒  CPU    %usr   %nice    %sys %iowait    %irq   %soft  %steal  %guest   %idle
22时44分18秒  all   68.96    0.00   10.31    0.00    0.00    0.89    0.00    0.00   19.85
平均时间:  all   68.96    0.00   10.31    0.00    0.00    0.89    0.00    0.00   19.85

Linux 2.6.32-431.el6.x86_64 (slave2) 	2019年07月26日 	_x86_64_	(8 CPU)

22时44分21秒  CPU    %usr   %nice    %sys %iowait    %irq   %soft  %steal  %guest   %idle
22时44分22秒  all   59.49    0.00    9.23    0.00    0.00    0.90    0.00    0.00   30.38
平均时间:  all   59.49    0.00    9.23    0.00    0.00    0.90    0.00    0.00   30.38

Linux 2.6.32-431.el6.x86_64 (slave2) 	2019年07月26日 	_x86_64_	(8 CPU)

22时44分25秒  CPU    %usr   %nice    %sys %iowait    %irq   %soft  %steal  %guest   %idle
22时44分26秒  all   92.69    0.00    6.43    0.00    0.00    0.25    0.00    0.00    0.63
平均时间:  all   92.69    0.00    6.43    0.00    0.00    0.25    0.00    0.00    0.63

Linux 2.6.32-431.el6.x86_64 (slave2) 	2019年07月26日 	_x86_64_	(8 CPU)

22时44分29秒  CPU    %usr   %nice    %sys %iowait    %irq   %soft  %steal  %guest   %idle
22时44分30秒  all   74.37    0.00    7.99    0.00    0.00    1.02    0.00    0.00   16.62
平均时间:  all   74.37    0.00    7.99    0.00    0.00    1.02    0.00    0.00   16.62

Linux 2.6.32-431.el6.x86_64 (slave2) 	2019年07月26日 	_x86_64_	(8 CPU)

22时44分33秒  CPU    %usr   %nice    %sys %iowait    %irq   %soft  %steal  %guest   %idle
22时44分34秒  all   64.97    0.00    9.41    0.00    0.13    2.22    0.00    0.00   23.27
平均时间:  all   64.97    0.00    9.41    0.00    0.13    2.22    0.00    0.00   23.27

Linux 2.6.32-431.el6.x86_64 (slave2) 	2019年07月26日 	_x86_64_	(8 CPU)

22时44分37秒  CPU    %usr   %nice    %sys %iowait    %irq   %soft  %steal  %guest   %idle
22时44分38秒  all   65.43    0.00    6.15    0.00    0.13    0.90    0.00    0.00   27.40
平均时间:  all   65.43    0.00    6.15    0.00    0.13    0.90    0.00    0.00   27.40

Linux 2.6.32-431.el6.x86_64 (slave2) 	2019年07月26日 	_x86_64_	(8 CPU)

22时44分41秒  CPU    %usr   %nice    %sys %iowait    %irq   %soft  %steal  %guest   %idle
22时44分42秒  all   71.59    0.00    8.66    0.00    0.13    1.15    0.00    0.00   18.47
平均时间:  all   71.59    0.00    8.66    0.00    0.13    1.15    0.00    0.00   18.47

Linux 2.6.32-431.el6.x86_64 (slave2) 	2019年07月26日 	_x86_64_	(8 CPU)

22时44分45秒  CPU    %usr   %nice    %sys %iowait    %irq   %soft  %steal  %guest   %idle
22时44分46秒  all   45.51    0.00    7.28    0.00    0.13    1.17    0.00    0.00   45.90
平均时间:  all   45.51    0.00    7.28    0.00    0.13    1.17    0.00    0.00   45.90

Linux 2.6.32-431.el6.x86_64 (slave2) 	2019年07月26日 	_x86_64_	(8 CPU)

22时44分49秒  CPU    %usr   %nice    %sys %iowait    %irq   %soft  %steal  %guest   %idle
22时44分50秒  all   26.97    0.00    4.71    0.00    0.00    0.89    0.00    0.00   67.43
平均时间:  all   26.97    0.00    4.71    0.00    0.00    0.89    0.00    0.00   67.43

Linux 2.6.32-431.el6.x86_64 (slave2) 	2019年07月26日 	_x86_64_	(8 CPU)

22时44分53秒  CPU    %usr   %nice    %sys %iowait    %irq   %soft  %steal  %guest   %idle
22时44分54秒  all   40.54    0.00    8.11    0.00    0.00    3.60    0.00    0.00   47.75
平均时间:  all   40.54    0.00    8.11    0.00    0.00    3.60    0.00    0.00   47.75

Linux 2.6.32-431.el6.x86_64 (slave2) 	2019年07月26日 	_x86_64_	(8 CPU)

22时44分57秒  CPU    %usr   %nice    %sys %iowait    %irq   %soft  %steal  %guest   %idle
22时44分58秒  all   76.40    0.00   11.93    0.00    0.13    1.78    0.00    0.00    9.77
平均时间:  all   76.40    0.00   11.93    0.00    0.13    1.78    0.00    0.00    9.77

Linux 2.6.32-431.el6.x86_64 (slave2) 	2019年07月26日 	_x86_64_	(8 CPU)

22时45分01秒  CPU    %usr   %nice    %sys %iowait    %irq   %soft  %steal  %guest   %idle
22时45分02秒  all   78.33    0.00   14.83    0.00    0.25    3.30    0.00    0.00    3.30
平均时间:  all   78.33    0.00   14.83    0.00    0.25    3.30    0.00    0.00    3.30

Linux 2.6.32-431.el6.x86_64 (slave2) 	2019年07月26日 	_x86_64_	(8 CPU)

22时45分05秒  CPU    %usr   %nice    %sys %iowait    %irq   %soft  %steal  %guest   %idle
22时45分06秒  all   66.46    0.00   17.96    0.00    0.38   15.20    0.00    0.00    0.00
平均时间:  all   66.46    0.00   17.96    0.00    0.38   15.20    0.00    0.00    0.00

Linux 2.6.32-431.el6.x86_64 (slave2) 	2019年07月26日 	_x86_64_	(8 CPU)

22时45分10秒  CPU    %usr   %nice    %sys %iowait    %irq   %soft  %steal  %guest   %idle
22时45分11秒  all   68.71    0.00   16.40    0.00    0.25   14.64    0.00    0.00    0.00
平均时间:  all   68.71    0.00   16.40    0.00    0.25   14.64    0.00    0.00    0.00

Linux 2.6.32-431.el6.x86_64 (slave2) 	2019年07月26日 	_x86_64_	(8 CPU)

22时45分14秒  CPU    %usr   %nice    %sys %iowait    %irq   %soft  %steal  %guest   %idle
22时45分15秒  all   79.12    0.00   11.50    0.00    0.12    9.25    0.00    0.00    0.00
平均时间:  all   79.12    0.00   11.50    0.00    0.12    9.25    0.00    0.00    0.00

Linux 2.6.32-431.el6.x86_64 (slave2) 	2019年07月26日 	_x86_64_	(8 CPU)

22时45分18秒  CPU    %usr   %nice    %sys %iowait    %irq   %soft  %steal  %guest   %idle
22时45分19秒  all   83.21    0.00   10.53    0.00    0.25    5.51    0.00    0.00    0.50
平均时间:  all   83.21    0.00   10.53    0.00    0.25    5.51    0.00    0.00    0.50

Linux 2.6.32-431.el6.x86_64 (slave2) 	2019年07月26日 	_x86_64_	(8 CPU)

22时45分22秒  CPU    %usr   %nice    %sys %iowait    %irq   %soft  %steal  %guest   %idle
22时45分23秒  all   46.61    0.00   13.97    0.00    0.26   11.88    0.00    0.00   27.28
平均时间:  all   46.61    0.00   13.97    0.00    0.26   11.88    0.00    0.00   27.28

Linux 2.6.32-431.el6.x86_64 (slave2) 	2019年07月26日 	_x86_64_	(8 CPU)

22时45分26秒  CPU    %usr   %nice    %sys %iowait    %irq   %soft  %steal  %guest   %idle
22时45分27秒  all   67.96    0.00   15.84    0.00    0.12   15.84    0.00    0.00    0.25
平均时间:  all   67.96    0.00   15.84    0.00    0.12   15.84    0.00    0.00    0.25

Linux 2.6.32-431.el6.x86_64 (slave2) 	2019年07月26日 	_x86_64_	(8 CPU)

22时45分30秒  CPU    %usr   %nice    %sys %iowait    %irq   %soft  %steal  %guest   %idle
22时45分31秒  all   37.47    0.00   18.93    0.00    0.39   16.71    0.00    0.00   26.50
平均时间:  all   37.47    0.00   18.93    0.00    0.39   16.71    0.00    0.00   26.50

Linux 2.6.32-431.el6.x86_64 (slave2) 	2019年07月26日 	_x86_64_	(8 CPU)

22时45分34秒  CPU    %usr   %nice    %sys %iowait    %irq   %soft  %steal  %guest   %idle
22时45分35秒  all   25.00    0.00   34.11    0.00    0.52   25.26    0.00    0.00   15.10
平均时间:  all   25.00    0.00   34.11    0.00    0.52   25.26    0.00    0.00   15.10

Linux 2.6.32-431.el6.x86_64 (slave2) 	2019年07月26日 	_x86_64_	(8 CPU)

22时45分38秒  CPU    %usr   %nice    %sys %iowait    %irq   %soft  %steal  %guest   %idle
22时45分39秒  all   85.19    0.00   10.41    0.00    0.00    1.63    0.00    0.00    2.76
平均时间:  all   85.19    0.00   10.41    0.00    0.00    1.63    0.00    0.00    2.76

Linux 2.6.32-431.el6.x86_64 (slave2) 	2019年07月26日 	_x86_64_	(8 CPU)

22时45分42秒  CPU    %usr   %nice    %sys %iowait    %irq   %soft  %steal  %guest   %idle
22时45分43秒  all   80.84    0.00   10.41    0.00    0.13    0.13    0.00    0.00    8.50
平均时间:  all   80.84    0.00   10.41    0.00    0.13    0.13    0.00    0.00    8.50

Linux 2.6.32-431.el6.x86_64 (slave2) 	2019年07月26日 	_x86_64_	(8 CPU)

22时45分46秒  CPU    %usr   %nice    %sys %iowait    %irq   %soft  %steal  %guest   %idle
22时45分47秒  all   91.76    0.00    7.49    0.00    0.00    0.00    0.00    0.00    0.75
平均时间:  all   91.76    0.00    7.49    0.00    0.00    0.00    0.00    0.00    0.75

Linux 2.6.32-431.el6.x86_64 (slave2) 	2019年07月26日 	_x86_64_	(8 CPU)

22时45分50秒  CPU    %usr   %nice    %sys %iowait    %irq   %soft  %steal  %guest   %idle
22时45分52秒  all   34.88    0.00    3.06    0.00    0.00    0.07    0.00    0.00   61.99
平均时间:  all   34.88    0.00    3.06    0.00    0.00    0.07    0.00    0.00   61.99

Linux 2.6.32-431.el6.x86_64 (slave2) 	2019年07月26日 	_x86_64_	(8 CPU)

22时45分55秒  CPU    %usr   %nice    %sys %iowait    %irq   %soft  %steal  %guest   %idle
22时45分56秒  all   17.09    0.00    7.53    0.00    0.00    3.83    0.00    0.00   71.56
平均时间:  all   17.09    0.00    7.53    0.00    0.00    3.83    0.00    0.00   71.56

Linux 2.6.32-431.el6.x86_64 (slave2) 	2019年07月26日 	_x86_64_	(8 CPU)

22时45分59秒  CPU    %usr   %nice    %sys %iowait    %irq   %soft  %steal  %guest   %idle
22时46分00秒  all   65.06    0.00    7.85    0.00    0.00    0.00    0.00    0.00   27.09
平均时间:  all   65.06    0.00    7.85    0.00    0.00    0.00    0.00    0.00   27.09

Linux 2.6.32-431.el6.x86_64 (slave2) 	2019年07月26日 	_x86_64_	(8 CPU)

22时46分03秒  CPU    %usr   %nice    %sys %iowait    %irq   %soft  %steal  %guest   %idle
22时46分04秒  all   85.18    0.00   10.93    0.00    0.00    0.00    0.00    0.00    3.89
平均时间:  all   85.18    0.00   10.93    0.00    0.00    0.00    0.00    0.00    3.89

Linux 2.6.32-431.el6.x86_64 (slave2) 	2019年07月26日 	_x86_64_	(8 CPU)

22时46分07秒  CPU    %usr   %nice    %sys %iowait    %irq   %soft  %steal  %guest   %idle
22时46分08秒  all   74.62    0.00    9.22    0.00    0.00    0.00    0.00    0.00   16.16
平均时间:  all   74.62    0.00    9.22    0.00    0.00    0.00    0.00    0.00   16.16

Linux 2.6.32-431.el6.x86_64 (slave2) 	2019年07月26日 	_x86_64_	(8 CPU)

22时46分11秒  CPU    %usr   %nice    %sys %iowait    %irq   %soft  %steal  %guest   %idle
22时46分12秒  all   88.16    0.00    8.69    0.00    0.00    0.38    0.00    0.00    2.77
平均时间:  all   88.16    0.00    8.69    0.00    0.00    0.38    0.00    0.00    2.77

Linux 2.6.32-431.el6.x86_64 (slave2) 	2019年07月26日 	_x86_64_	(8 CPU)

22时46分15秒  CPU    %usr   %nice    %sys %iowait    %irq   %soft  %steal  %guest   %idle
22时46分16秒  all   57.72    0.00    7.85    0.00    0.13    0.63    0.00    0.00   33.67
平均时间:  all   57.72    0.00    7.85    0.00    0.13    0.63    0.00    0.00   33.67

Linux 2.6.32-431.el6.x86_64 (slave2) 	2019年07月26日 	_x86_64_	(8 CPU)

22时46分19秒  CPU    %usr   %nice    %sys %iowait    %irq   %soft  %steal  %guest   %idle
22时46分20秒  all   90.88    0.00    4.75    0.00    0.00    0.12    0.00    0.00    4.25
平均时间:  all   90.88    0.00    4.75    0.00    0.00    0.12    0.00    0.00    4.25

Linux 2.6.32-431.el6.x86_64 (slave2) 	2019年07月26日 	_x86_64_	(8 CPU)

22时46分23秒  CPU    %usr   %nice    %sys %iowait    %irq   %soft  %steal  %guest   %idle
22时46分24秒  all   90.09    0.00    7.78    0.00    0.00    0.88    0.00    0.00    1.25
平均时间:  all   90.09    0.00    7.78    0.00    0.00    0.88    0.00    0.00    1.25

Linux 2.6.32-431.el6.x86_64 (slave2) 	2019年07月26日 	_x86_64_	(8 CPU)

22时46分27秒  CPU    %usr   %nice    %sys %iowait    %irq   %soft  %steal  %guest   %idle
22时46分28秒  all   89.66    0.00    6.43    0.00    0.00    0.50    0.00    0.00    3.40
平均时间:  all   89.66    0.00    6.43    0.00    0.00    0.50    0.00    0.00    3.40

Linux 2.6.32-431.el6.x86_64 (slave2) 	2019年07月26日 	_x86_64_	(8 CPU)

22时46分31秒  CPU    %usr   %nice    %sys %iowait    %irq   %soft  %steal  %guest   %idle
22时46分32秒  all   73.86    0.00    9.14    0.00    0.00    0.89    0.00    0.00   16.12
平均时间:  all   73.86    0.00    9.14    0.00    0.00    0.89    0.00    0.00   16.12

Linux 2.6.32-431.el6.x86_64 (slave2) 	2019年07月26日 	_x86_64_	(8 CPU)

22时46分35秒  CPU    %usr   %nice    %sys %iowait    %irq   %soft  %steal  %guest   %idle
22时46分36秒  all   89.03    0.00    7.57    0.00    0.00    0.50    0.00    0.00    2.90
平均时间:  all   89.03    0.00    7.57    0.00    0.00    0.50    0.00    0.00    2.90

Linux 2.6.32-431.el6.x86_64 (slave2) 	2019年07月26日 	_x86_64_	(8 CPU)

22时46分39秒  CPU    %usr   %nice    %sys %iowait    %irq   %soft  %steal  %guest   %idle
22时46分40秒  all   59.18    0.00    5.61    0.00    0.00    1.28    0.00    0.00   33.93
平均时间:  all   59.18    0.00    5.61    0.00    0.00    1.28    0.00    0.00   33.93

Linux 2.6.32-431.el6.x86_64 (slave2) 	2019年07月26日 	_x86_64_	(8 CPU)

22时46分43秒  CPU    %usr   %nice    %sys %iowait    %irq   %soft  %steal  %guest   %idle
22时46分44秒  all   43.02    0.00    6.47    0.00    0.13    1.14    0.00    0.00   49.24
平均时间:  all   43.02    0.00    6.47    0.00    0.13    1.14    0.00    0.00   49.24

Linux 2.6.32-431.el6.x86_64 (slave2) 	2019年07月26日 	_x86_64_	(8 CPU)

22时46分47秒  CPU    %usr   %nice    %sys %iowait    %irq   %soft  %steal  %guest   %idle
22时46分48秒  all   85.19    0.00   10.04    0.00    0.00    0.25    0.00    0.00    4.52
平均时间:  all   85.19    0.00   10.04    0.00    0.00    0.25    0.00    0.00    4.52

Linux 2.6.32-431.el6.x86_64 (slave2) 	2019年07月26日 	_x86_64_	(8 CPU)

22时46分51秒  CPU    %usr   %nice    %sys %iowait    %irq   %soft  %steal  %guest   %idle
22时46分52秒  all   84.51    0.00   12.86    0.00    0.13    0.92    0.00    0.00    1.57
平均时间:  all   84.51    0.00   12.86    0.00    0.13    0.92    0.00    0.00    1.57

Linux 2.6.32-431.el6.x86_64 (slave2) 	2019年07月26日 	_x86_64_	(8 CPU)

22时46分55秒  CPU    %usr   %nice    %sys %iowait    %irq   %soft  %steal  %guest   %idle
22时46分56秒  all   75.54    0.00    8.11    0.00    0.13    1.14    0.00    0.00   15.08
平均时间:  all   75.54    0.00    8.11    0.00    0.13    1.14    0.00    0.00   15.08

Linux 2.6.32-431.el6.x86_64 (slave2) 	2019年07月26日 	_x86_64_	(8 CPU)

22时46分59秒  CPU    %usr   %nice    %sys %iowait    %irq   %soft  %steal  %guest   %idle
22时47分00秒  all   14.77    0.00    0.51    0.00    0.00    0.63    0.00    0.00   84.09
平均时间:  all   14.77    0.00    0.51    0.00    0.00    0.63    0.00    0.00   84.09

Linux 2.6.32-431.el6.x86_64 (slave2) 	2019年07月26日 	_x86_64_	(8 CPU)

22时47分03秒  CPU    %usr   %nice    %sys %iowait    %irq   %soft  %steal  %guest   %idle
22时47分04秒  all   40.66    0.00    5.81    0.00    0.00    0.13    0.00    0.00   53.41
平均时间:  all   40.66    0.00    5.81    0.00    0.00    0.13    0.00    0.00   53.41

Linux 2.6.32-431.el6.x86_64 (slave2) 	2019年07月26日 	_x86_64_	(8 CPU)

22时47分07秒  CPU    %usr   %nice    %sys %iowait    %irq   %soft  %steal  %guest   %idle
22时47分08秒  all   84.67    0.00    7.16    0.00    0.00    0.13    0.00    0.00    8.04
平均时间:  all   84.67    0.00    7.16    0.00    0.00    0.13    0.00    0.00    8.04

Linux 2.6.32-431.el6.x86_64 (slave2) 	2019年07月26日 	_x86_64_	(8 CPU)

22时47分11秒  CPU    %usr   %nice    %sys %iowait    %irq   %soft  %steal  %guest   %idle
22时47分12秒  all   36.65    0.00    9.20    0.00    0.00    0.51    0.00    0.00   53.64
平均时间:  all   36.65    0.00    9.20    0.00    0.00    0.51    0.00    0.00   53.64

Linux 2.6.32-431.el6.x86_64 (slave2) 	2019年07月26日 	_x86_64_	(8 CPU)

22时47分15秒  CPU    %usr   %nice    %sys %iowait    %irq   %soft  %steal  %guest   %idle
22时47分16秒  all   84.48    0.00   13.14    0.00    0.00    0.13    0.00    0.00    2.25
平均时间:  all   84.48    0.00   13.14    0.00    0.00    0.13    0.00    0.00    2.25

Linux 2.6.32-431.el6.x86_64 (slave2) 	2019年07月26日 	_x86_64_	(8 CPU)

22时47分19秒  CPU    %usr   %nice    %sys %iowait    %irq   %soft  %steal  %guest   %idle
22时47分20秒  all   84.99    0.00    7.57    0.00    0.00    0.50    0.00    0.00    6.94
平均时间:  all   84.99    0.00    7.57    0.00    0.00    0.50    0.00    0.00    6.94

Linux 2.6.32-431.el6.x86_64 (slave2) 	2019年07月26日 	_x86_64_	(8 CPU)

22时47分23秒  CPU    %usr   %nice    %sys %iowait    %irq   %soft  %steal  %guest   %idle
22时47分24秒  all   87.69    0.00   10.30    0.00    0.00    0.38    0.00    0.00    1.63
平均时间:  all   87.69    0.00   10.30    0.00    0.00    0.38    0.00    0.00    1.63

Linux 2.6.32-431.el6.x86_64 (slave2) 	2019年07月26日 	_x86_64_	(8 CPU)

22时47分27秒  CPU    %usr   %nice    %sys %iowait    %irq   %soft  %steal  %guest   %idle
22时47分28秒  all   93.12    0.00    6.62    0.00    0.12    0.12    0.00    0.00    0.00
平均时间:  all   93.12    0.00    6.62    0.00    0.12    0.12    0.00    0.00    0.00

Linux 2.6.32-431.el6.x86_64 (slave2) 	2019年07月26日 	_x86_64_	(8 CPU)

22时47分31秒  CPU    %usr   %nice    %sys %iowait    %irq   %soft  %steal  %guest   %idle
22时47分32秒  all   89.85    0.00    6.02    0.00    0.00    0.63    0.00    0.00    3.51
平均时间:  all   89.85    0.00    6.02    0.00    0.00    0.63    0.00    0.00    3.51

Linux 2.6.32-431.el6.x86_64 (slave2) 	2019年07月26日 	_x86_64_	(8 CPU)

22时47分35秒  CPU    %usr   %nice    %sys %iowait    %irq   %soft  %steal  %guest   %idle
22时47分36秒  all   74.46    0.00    4.80    0.00    0.00    2.40    0.00    0.00   18.33
平均时间:  all   74.46    0.00    4.80    0.00    0.00    2.40    0.00    0.00   18.33

Linux 2.6.32-431.el6.x86_64 (slave2) 	2019年07月26日 	_x86_64_	(8 CPU)

22时47分39秒  CPU    %usr   %nice    %sys %iowait    %irq   %soft  %steal  %guest   %idle
22时47分40秒  all   68.46    0.00    5.64    0.00    0.00    0.90    0.00    0.00   25.00
平均时间:  all   68.46    0.00    5.64    0.00    0.00    0.90    0.00    0.00   25.00

Linux 2.6.32-431.el6.x86_64 (slave2) 	2019年07月26日 	_x86_64_	(8 CPU)

22时47分43秒  CPU    %usr   %nice    %sys %iowait    %irq   %soft  %steal  %guest   %idle
22时47分44秒  all   54.51    0.00   12.33    0.00    0.00    1.14    0.00    0.00   32.02
平均时间:  all   54.51    0.00   12.33    0.00    0.00    1.14    0.00    0.00   32.02

Linux 2.6.32-431.el6.x86_64 (slave2) 	2019年07月26日 	_x86_64_	(8 CPU)

22时47分47秒  CPU    %usr   %nice    %sys %iowait    %irq   %soft  %steal  %guest   %idle
22时47分48秒  all   86.70    0.00   10.04    0.00    0.00    0.38    0.00    0.00    2.89
平均时间:  all   86.70    0.00   10.04    0.00    0.00    0.38    0.00    0.00    2.89

Linux 2.6.32-431.el6.x86_64 (slave2) 	2019年07月26日 	_x86_64_	(8 CPU)

22时47分51秒  CPU    %usr   %nice    %sys %iowait    %irq   %soft  %steal  %guest   %idle
22时47分52秒  all   86.90    0.00    8.69    0.00    0.00    0.38    0.00    0.00    4.03
平均时间:  all   86.90    0.00    8.69    0.00    0.00    0.38    0.00    0.00    4.03

Linux 2.6.32-431.el6.x86_64 (slave2) 	2019年07月26日 	_x86_64_	(8 CPU)

22时47分55秒  CPU    %usr   %nice    %sys %iowait    %irq   %soft  %steal  %guest   %idle
22时47分56秒  all   81.53    0.00    4.77    0.00    0.00    0.38    0.00    0.00   13.32
平均时间:  all   81.53    0.00    4.77    0.00    0.00    0.38    0.00    0.00   13.32

Linux 2.6.32-431.el6.x86_64 (slave2) 	2019年07月26日 	_x86_64_	(8 CPU)

22时48分00秒  CPU    %usr   %nice    %sys %iowait    %irq   %soft  %steal  %guest   %idle
22时48分01秒  all   78.77    0.00    4.52    0.00    0.00    0.50    0.00    0.00   16.21
平均时间:  all   78.77    0.00    4.52    0.00    0.00    0.50    0.00    0.00   16.21

Linux 2.6.32-431.el6.x86_64 (slave2) 	2019年07月26日 	_x86_64_	(8 CPU)

22时48分04秒  CPU    %usr   %nice    %sys %iowait    %irq   %soft  %steal  %guest   %idle
22时48分05秒  all   90.88    0.00    8.75    0.00    0.00    0.12    0.00    0.00    0.25
平均时间:  all   90.88    0.00    8.75    0.00    0.00    0.12    0.00    0.00    0.25

Linux 2.6.32-431.el6.x86_64 (slave2) 	2019年07月26日 	_x86_64_	(8 CPU)

22时48分08秒  CPU    %usr   %nice    %sys %iowait    %irq   %soft  %steal  %guest   %idle
22时48分09秒  all   45.08    0.00    4.34    0.00    0.00    1.02    0.00    0.00   49.55
平均时间:  all   45.08    0.00    4.34    0.00    0.00    1.02    0.00    0.00   49.55

Linux 2.6.32-431.el6.x86_64 (slave2) 	2019年07月26日 	_x86_64_	(8 CPU)

22时48分12秒  CPU    %usr   %nice    %sys %iowait    %irq   %soft  %steal  %guest   %idle
22时48分13秒  all   45.23    0.00    6.70    0.00    0.13    3.87    0.00    0.00   44.07
平均时间:  all   45.23    0.00    6.70    0.00    0.13    3.87    0.00    0.00   44.07

Linux 2.6.32-431.el6.x86_64 (slave2) 	2019年07月26日 	_x86_64_	(8 CPU)

22时48分16秒  CPU    %usr   %nice    %sys %iowait    %irq   %soft  %steal  %guest   %idle
22时48分17秒  all   76.76    0.00   14.95    0.00    0.00    1.13    0.00    0.00    7.16
平均时间:  all   76.76    0.00   14.95    0.00    0.00    1.13    0.00    0.00    7.16

Linux 2.6.32-431.el6.x86_64 (slave2) 	2019年07月26日 	_x86_64_	(8 CPU)

22时48分20秒  CPU    %usr   %nice    %sys %iowait    %irq   %soft  %steal  %guest   %idle
22时48分21秒  all   90.21    0.00    6.27    0.00    0.00    0.13    0.00    0.00    3.39
平均时间:  all   90.21    0.00    6.27    0.00    0.00    0.13    0.00    0.00    3.39

Linux 2.6.32-431.el6.x86_64 (slave2) 	2019年07月26日 	_x86_64_	(8 CPU)

22时48分24秒  CPU    %usr   %nice    %sys %iowait    %irq   %soft  %steal  %guest   %idle
22时48分25秒  all   62.21    0.00    6.87    0.00    0.00    0.13    0.00    0.00   30.79
平均时间:  all   62.21    0.00    6.87    0.00    0.00    0.13    0.00    0.00   30.79

Linux 2.6.32-431.el6.x86_64 (slave2) 	2019年07月26日 	_x86_64_	(8 CPU)

22时48分28秒  CPU    %usr   %nice    %sys %iowait    %irq   %soft  %steal  %guest   %idle
22时48分29秒  all   40.43    0.00    4.59    0.00    0.00    0.00    0.00    0.00   54.97
平均时间:  all   40.43    0.00    4.59    0.00    0.00    0.00    0.00    0.00   54.97

Linux 2.6.32-431.el6.x86_64 (slave2) 	2019年07月26日 	_x86_64_	(8 CPU)

22时48分32秒  CPU    %usr   %nice    %sys %iowait    %irq   %soft  %steal  %guest   %idle
22时48分33秒  all   39.77    0.00    4.07    0.00    0.13    0.00    0.00    0.00   56.04
平均时间:  all   39.77    0.00    4.07    0.00    0.13    0.00    0.00    0.00   56.04

Linux 2.6.32-431.el6.x86_64 (slave2) 	2019年07月26日 	_x86_64_	(8 CPU)

22时48分36秒  CPU    %usr   %nice    %sys %iowait    %irq   %soft  %steal  %guest   %idle
22时48分37秒  all   77.53    0.00    7.58    0.00    0.00    0.38    0.00    0.00   14.52
平均时间:  all   77.53    0.00    7.58    0.00    0.00    0.38    0.00    0.00   14.52

Linux 2.6.32-431.el6.x86_64 (slave2) 	2019年07月26日 	_x86_64_	(8 CPU)

22时48分40秒  CPU    %usr   %nice    %sys %iowait    %irq   %soft  %steal  %guest   %idle
22时48分41秒  all   76.87    0.00    9.28    0.00    0.00    0.51    0.00    0.00   13.34
平均时间:  all   76.87    0.00    9.28    0.00    0.00    0.51    0.00    0.00   13.34

Linux 2.6.32-431.el6.x86_64 (slave2) 	2019年07月26日 	_x86_64_	(8 CPU)

22时48分44秒  CPU    %usr   %nice    %sys %iowait    %irq   %soft  %steal  %guest   %idle
22时48分45秒  all   47.10    0.00    5.66    0.00    0.00    0.13    0.00    0.00   47.10
平均时间:  all   47.10    0.00    5.66    0.00    0.00    0.13    0.00    0.00   47.10

Linux 2.6.32-431.el6.x86_64 (slave2) 	2019年07月26日 	_x86_64_	(8 CPU)

22时48分48秒  CPU    %usr   %nice    %sys %iowait    %irq   %soft  %steal  %guest   %idle
22时48分49秒  all    8.65    0.00    1.78    0.00    0.00    0.13    0.00    0.00   89.44
平均时间:  all    8.65    0.00    1.78    0.00    0.00    0.13    0.00    0.00   89.44

Linux 2.6.32-431.el6.x86_64 (slave2) 	2019年07月26日 	_x86_64_	(8 CPU)

22时48分52秒  CPU    %usr   %nice    %sys %iowait    %irq   %soft  %steal  %guest   %idle
22时48分53秒  all    6.69    0.00    2.53    0.00    0.00    0.88    0.00    0.00   89.90
平均时间:  all    6.69    0.00    2.53    0.00    0.00    0.88    0.00    0.00   89.90

Linux 2.6.32-431.el6.x86_64 (slave2) 	2019年07月26日 	_x86_64_	(8 CPU)

22时48分56秒  CPU    %usr   %nice    %sys %iowait    %irq   %soft  %steal  %guest   %idle
22时48分57秒  all    4.18    0.00    0.63    0.00    0.00    0.00    0.00    0.00   95.19
平均时间:  all    4.18    0.00    0.63    0.00    0.00    0.00    0.00    0.00   95.19

Linux 2.6.32-431.el6.x86_64 (slave2) 	2019年07月26日 	_x86_64_	(8 CPU)

22时49分00秒  CPU    %usr   %nice    %sys %iowait    %irq   %soft  %steal  %guest   %idle
22时49分01秒  all    5.69    0.00    1.01    0.13    0.00    0.00    0.00    0.00   93.17
平均时间:  all    5.69    0.00    1.01    0.13    0.00    0.00    0.00    0.00   93.17

Linux 2.6.32-431.el6.x86_64 (slave2) 	2019年07月26日 	_x86_64_	(8 CPU)

22时49分04秒  CPU    %usr   %nice    %sys %iowait    %irq   %soft  %steal  %guest   %idle
22时49分05秒  all    3.53    0.00    1.26    0.00    0.13    0.13    0.00    0.00   94.96
平均时间:  all    3.53    0.00    1.26    0.00    0.13    0.13    0.00    0.00   94.96

Linux 2.6.32-431.el6.x86_64 (slave2) 	2019年07月26日 	_x86_64_	(8 CPU)

22时49分08秒  CPU    %usr   %nice    %sys %iowait    %irq   %soft  %steal  %guest   %idle
22时49分09秒  all    3.41    0.00    1.14    0.00    0.00    0.13    0.00    0.00   95.32
平均时间:  all    3.41    0.00    1.14    0.00    0.00    0.13    0.00    0.00   95.32

Linux 2.6.32-431.el6.x86_64 (slave2) 	2019年07月26日 	_x86_64_	(8 CPU)

22时49分12秒  CPU    %usr   %nice    %sys %iowait    %irq   %soft  %steal  %guest   %idle
22时49分13秒  all    0.00    0.00    0.13    0.00    0.00    0.00    0.00    0.00   99.87
平均时间:  all    0.00    0.00    0.13    0.00    0.00    0.00    0.00    0.00   99.87

Linux 2.6.32-431.el6.x86_64 (slave2) 	2019年07月26日 	_x86_64_	(8 CPU)

22时49分16秒  CPU    %usr   %nice    %sys %iowait    %irq   %soft  %steal  %guest   %idle
22时49分17秒  all    1.76    0.00    1.51    0.00    0.00    0.00    0.00    0.00   96.73
平均时间:  all    1.76    0.00    1.51    0.00    0.00    0.00    0.00    0.00   96.73

Linux 2.6.32-431.el6.x86_64 (slave2) 	2019年07月26日 	_x86_64_	(8 CPU)

22时49分20秒  CPU    %usr   %nice    %sys %iowait    %irq   %soft  %steal  %guest   %idle
22时49分21秒  all    0.00    0.00    0.13    0.00    0.00    0.00    0.00    0.00   99.87
平均时间:  all    0.00    0.00    0.13    0.00    0.00    0.00    0.00    0.00   99.87

Linux 2.6.32-431.el6.x86_64 (slave2) 	2019年07月26日 	_x86_64_	(8 CPU)

22时49分24秒  CPU    %usr   %nice    %sys %iowait    %irq   %soft  %steal  %guest   %idle
22时49分25秒  all    0.00    0.00    0.00    0.00    0.00    0.00    0.00    0.00  100.00
平均时间:  all    0.00    0.00    0.00    0.00    0.00    0.00    0.00    0.00  100.00

Linux 2.6.32-431.el6.x86_64 (slave2) 	2019年07月26日 	_x86_64_	(8 CPU)

22时49分28秒  CPU    %usr   %nice    %sys %iowait    %irq   %soft  %steal  %guest   %idle
22时49分29秒  all    0.13    0.00    0.00    0.00    0.00    0.00    0.00    0.00   99.87
平均时间:  all    0.13    0.00    0.00    0.00    0.00    0.00    0.00    0.00   99.87

