
2019年 07月 26日 星期五 22:41:20 CST
             total       used       free     shared    buffers     cached
Mem:         15945      10035       5910          0        100       7909
-/+ buffers/cache:       2025      13919
Swap:         8039          0       8039

2019年 07月 26日 星期五 22:41:24 CST
             total       used       free     shared    buffers     cached
Mem:         15945       9558       6387          0        100       7434
-/+ buffers/cache:       2023      13922
Swap:         8039          0       8039

2019年 07月 26日 星期五 22:41:28 CST
             total       used       free     shared    buffers     cached
Mem:         15945       9558       6387          0        100       7434
-/+ buffers/cache:       2023      13922
Swap:         8039          0       8039

2019年 07月 26日 星期五 22:41:32 CST
             total       used       free     shared    buffers     cached
Mem:         15945       9558       6387          0        100       7434
-/+ buffers/cache:       2023      13922
Swap:         8039          0       8039

2019年 07月 26日 星期五 22:41:36 CST
             total       used       free     shared    buffers     cached
Mem:         15945       9558       6387          0        100       7434
-/+ buffers/cache:       2023      13922
Swap:         8039          0       8039

2019年 07月 26日 星期五 22:41:40 CST
             total       used       free     shared    buffers     cached
Mem:         15945       9687       6258          0        100       7562
-/+ buffers/cache:       2024      13921
Swap:         8039          0       8039

2019年 07月 26日 星期五 22:41:44 CST
             total       used       free     shared    buffers     cached
Mem:         15945       9975       5970          0        100       7831
-/+ buffers/cache:       2043      13902
Swap:         8039          0       8039

2019年 07月 26日 星期五 22:41:48 CST
             total       used       free     shared    buffers     cached
Mem:         15945      10330       5614          0        100       8061
-/+ buffers/cache:       2169      13776
Swap:         8039          0       8039

2019年 07月 26日 星期五 22:41:52 CST
             total       used       free     shared    buffers     cached
Mem:         15945      10694       5251          0        100       8300
-/+ buffers/cache:       2293      13651
Swap:         8039          0       8039

2019年 07月 26日 星期五 22:41:56 CST
             total       used       free     shared    buffers     cached
Mem:         15945      10989       4956          0        100       8536
-/+ buffers/cache:       2352      13593
Swap:         8039          0       8039

2019年 07月 26日 星期五 22:42:00 CST
             total       used       free     shared    buffers     cached
Mem:         15945      11285       4660          0        100       8823
-/+ buffers/cache:       2361      13583
Swap:         8039          0       8039

2019年 07月 26日 星期五 22:42:04 CST
             total       used       free     shared    buffers     cached
Mem:         15945      11923       4022          0        100       9299
-/+ buffers/cache:       2523      13422
Swap:         8039          0       8039

2019年 07月 26日 星期五 22:42:08 CST
             total       used       free     shared    buffers     cached
Mem:         15945      12652       3293          0        100       9530
-/+ buffers/cache:       3021      12923
Swap:         8039          0       8039

2019年 07月 26日 星期五 22:42:12 CST
             total       used       free     shared    buffers     cached
Mem:         15945      13263       2682          0        100       9549
-/+ buffers/cache:       3612      12332
Swap:         8039          0       8039

2019年 07月 26日 星期五 22:42:16 CST
             total       used       free     shared    buffers     cached
Mem:         15945      13944       2000          0        100       9551
-/+ buffers/cache:       4293      11652
Swap:         8039          0       8039

2019年 07月 26日 星期五 22:42:20 CST
             total       used       free     shared    buffers     cached
Mem:         15945      13603       2341          0        100       9550
-/+ buffers/cache:       3952      11992
Swap:         8039          0       8039

2019年 07月 26日 星期五 22:42:24 CST
             total       used       free     shared    buffers     cached
Mem:         15945      14086       1858          0        100       9532
-/+ buffers/cache:       4454      11491
Swap:         8039          0       8039

2019年 07月 26日 星期五 22:42:28 CST
             total       used       free     shared    buffers     cached
Mem:         15945      13715       2230          0        100       9533
-/+ buffers/cache:       4081      11863
Swap:         8039          0       8039

2019年 07月 26日 星期五 22:42:32 CST
             total       used       free     shared    buffers     cached
Mem:         15945      14358       1587          0        100       9553
-/+ buffers/cache:       4704      11240
Swap:         8039          0       8039

2019年 07月 26日 星期五 22:42:36 CST
             total       used       free     shared    buffers     cached
Mem:         15945      14557       1388          0        100       9534
-/+ buffers/cache:       4922      11022
Swap:         8039          0       8039

2019年 07月 26日 星期五 22:42:40 CST
             total       used       free     shared    buffers     cached
Mem:         15945      15029        916          0        100       9535
-/+ buffers/cache:       5393      10552
Swap:         8039          0       8039

2019年 07月 26日 星期五 22:42:44 CST
             total       used       free     shared    buffers     cached
Mem:         15945      15504        441          0        100       9538
-/+ buffers/cache:       5864      10080
Swap:         8039          0       8039

2019年 07月 26日 星期五 22:42:48 CST
             total       used       free     shared    buffers     cached
Mem:         15945      14594       1350          0        100       9538
-/+ buffers/cache:       4955      10990
Swap:         8039          0       8039

2019年 07月 26日 星期五 22:42:52 CST
             total       used       free     shared    buffers     cached
Mem:         15945      14821       1124          0        100       9501
-/+ buffers/cache:       5218      10726
Swap:         8039          0       8039

2019年 07月 26日 星期五 22:42:56 CST
             total       used       free     shared    buffers     cached
Mem:         15945      15440        505          0        100       9503
-/+ buffers/cache:       5836      10108
Swap:         8039          0       8039

2019年 07月 26日 星期五 22:43:00 CST
             total       used       free     shared    buffers     cached
Mem:         15945      15780        165          0        100       9431
-/+ buffers/cache:       6248       9697
Swap:         8039          0       8039

2019年 07月 26日 星期五 22:43:04 CST
             total       used       free     shared    buffers     cached
Mem:         15945      13625       2320          0        100       9407
-/+ buffers/cache:       4117      11828
Swap:         8039          0       8039

2019年 07月 26日 星期五 22:43:08 CST
             total       used       free     shared    buffers     cached
Mem:         15945      13608       2337          0        100       9207
-/+ buffers/cache:       4299      11645
Swap:         8039          0       8039

2019年 07月 26日 星期五 22:43:12 CST
             total       used       free     shared    buffers     cached
Mem:         15945      13924       2021          0        100       9208
-/+ buffers/cache:       4615      11330
Swap:         8039          0       8039

2019年 07月 26日 星期五 22:43:16 CST
             total       used       free     shared    buffers     cached
Mem:         15945      14184       1761          0        100       9213
-/+ buffers/cache:       4870      11075
Swap:         8039          0       8039

2019年 07月 26日 星期五 22:43:20 CST
             total       used       free     shared    buffers     cached
Mem:         15945      14034       1911          0        100       9494
-/+ buffers/cache:       4439      11506
Swap:         8039          0       8039

2019年 07月 26日 星期五 22:43:25 CST
             total       used       free     shared    buffers     cached
Mem:         15945      13286       2659          0        100       9533
-/+ buffers/cache:       3652      12292
Swap:         8039          0       8039

2019年 07月 26日 星期五 22:43:29 CST
             total       used       free     shared    buffers     cached
Mem:         15945      13868       2076          0        100       9764
-/+ buffers/cache:       4004      11941
Swap:         8039          0       8039

2019年 07月 26日 星期五 22:43:33 CST
             total       used       free     shared    buffers     cached
Mem:         15945      14421       1524          0        100      10002
-/+ buffers/cache:       4318      11626
Swap:         8039          0       8039

2019年 07月 26日 星期五 22:43:37 CST
             total       used       free     shared    buffers     cached
Mem:         15945      15174        771          0        100      10256
-/+ buffers/cache:       4817      11128
Swap:         8039          0       8039

2019年 07月 26日 星期五 22:43:41 CST
             total       used       free     shared    buffers     cached
Mem:         15945      15668        277          0        100      10521
-/+ buffers/cache:       5045      10899
Swap:         8039          0       8039

2019年 07月 26日 星期五 22:43:45 CST
             total       used       free     shared    buffers     cached
Mem:         15945      15781        163          0        100      10303
-/+ buffers/cache:       5377      10568
Swap:         8039          0       8039

2019年 07月 26日 星期五 22:43:49 CST
             total       used       free     shared    buffers     cached
Mem:         15945      15766        179          0        100       9826
-/+ buffers/cache:       5839      10105
Swap:         8039          0       8039

2019年 07月 26日 星期五 22:43:53 CST
             total       used       free     shared    buffers     cached
Mem:         15945      15782        162          0        100       9677
-/+ buffers/cache:       6004       9940
Swap:         8039          0       8039

2019年 07月 26日 星期五 22:43:57 CST
             total       used       free     shared    buffers     cached
Mem:         15945      14560       1385          0        100       9625
-/+ buffers/cache:       4834      11110
Swap:         8039          0       8039

2019年 07月 26日 星期五 22:44:01 CST
             total       used       free     shared    buffers     cached
Mem:         15945      14934       1010          0        100       9473
-/+ buffers/cache:       5361      10583
Swap:         8039          0       8039

2019年 07月 26日 星期五 22:44:05 CST
             total       used       free     shared    buffers     cached
Mem:         15945      15724        220          0        100       9482
-/+ buffers/cache:       6141       9803
Swap:         8039          0       8039

2019年 07月 26日 星期五 22:44:09 CST
             total       used       free     shared    buffers     cached
Mem:         15945      14772       1172          0         99       9156
-/+ buffers/cache:       5516      10429
Swap:         8039          0       8039

2019年 07月 26日 星期五 22:44:13 CST
             total       used       free     shared    buffers     cached
Mem:         15945      14963        981          0        100       9171
-/+ buffers/cache:       5691      10253
Swap:         8039          0       8039

2019年 07月 26日 星期五 22:44:17 CST
             total       used       free     shared    buffers     cached
Mem:         15945      15163        782          0        100       9200
-/+ buffers/cache:       5862      10083
Swap:         8039          0       8039

2019年 07月 26日 星期五 22:44:21 CST
             total       used       free     shared    buffers     cached
Mem:         15945      15469        475          0        100       9235
-/+ buffers/cache:       6134       9811
Swap:         8039          0       8039

2019年 07月 26日 星期五 22:44:25 CST
             total       used       free     shared    buffers     cached
Mem:         15945      15712        233          0        100       9253
-/+ buffers/cache:       6358       9587
Swap:         8039          0       8039

2019年 07月 26日 星期五 22:44:29 CST
             total       used       free     shared    buffers     cached
Mem:         15945      15779        165          0        100       9164
-/+ buffers/cache:       6515       9430
Swap:         8039          0       8039

2019年 07月 26日 星期五 22:44:33 CST
             total       used       free     shared    buffers     cached
Mem:         15945      15778        166          0         99       9095
-/+ buffers/cache:       6583       9361
Swap:         8039          0       8039

2019年 07月 26日 星期五 22:44:37 CST
             total       used       free     shared    buffers     cached
Mem:         15945      14167       1777          0         99       9080
-/+ buffers/cache:       4987      10958
Swap:         8039          0       8039

2019年 07月 26日 星期五 22:44:41 CST
             total       used       free     shared    buffers     cached
Mem:         15945      14217       1727          0        100       9084
-/+ buffers/cache:       5033      10912
Swap:         8039          0       8039

2019年 07月 26日 星期五 22:44:45 CST
             total       used       free     shared    buffers     cached
Mem:         15945      13492       2453          0        100       8933
-/+ buffers/cache:       4458      11487
Swap:         8039          0       8039

2019年 07月 26日 星期五 22:44:49 CST
             total       used       free     shared    buffers     cached
Mem:         15945      12010       3934          0        100       9317
-/+ buffers/cache:       2592      13352
Swap:         8039          0       8039

2019年 07月 26日 星期五 22:44:53 CST
             total       used       free     shared    buffers     cached
Mem:         15945      12769       3176          0        100       9654
-/+ buffers/cache:       3015      12930
Swap:         8039          0       8039

2019年 07月 26日 星期五 22:44:57 CST
             total       used       free     shared    buffers     cached
Mem:         15945      13485       2460          0        100       9817
-/+ buffers/cache:       3567      12377
Swap:         8039          0       8039

2019年 07月 26日 星期五 22:45:02 CST
             total       used       free     shared    buffers     cached
Mem:         15945      13884       2060          0        100       9854
-/+ buffers/cache:       3929      12015
Swap:         8039          0       8039

2019年 07月 26日 星期五 22:45:06 CST
             total       used       free     shared    buffers     cached
Mem:         15945      14392       1553          0        100      10027
-/+ buffers/cache:       4264      11681
Swap:         8039          0       8039

2019年 07月 26日 星期五 22:45:10 CST
             total       used       free     shared    buffers     cached
Mem:         15945      14863       1081          0        100      10248
-/+ buffers/cache:       4515      11430
Swap:         8039          0       8039

2019年 07月 26日 星期五 22:45:14 CST
             total       used       free     shared    buffers     cached
Mem:         15945      15242        703          0        100      10432
-/+ buffers/cache:       4710      11235
Swap:         8039          0       8039

2019年 07月 26日 星期五 22:45:18 CST
             total       used       free     shared    buffers     cached
Mem:         15945      15417        527          0        100      10555
-/+ buffers/cache:       4762      11183
Swap:         8039          0       8039

2019年 07月 26日 星期五 22:45:22 CST
             total       used       free     shared    buffers     cached
Mem:         15945      15642        302          0        100      10715
-/+ buffers/cache:       4827      11118
Swap:         8039          0       8039

2019年 07月 26日 星期五 22:45:26 CST
             total       used       free     shared    buffers     cached
Mem:         15945      15769        176          0        100      10836
-/+ buffers/cache:       4832      11112
Swap:         8039          0       8039

2019年 07月 26日 星期五 22:45:30 CST
             total       used       free     shared    buffers     cached
Mem:         15945      15764        181          0        100      10803
-/+ buffers/cache:       4860      11085
Swap:         8039          0       8039

2019年 07月 26日 星期五 22:45:34 CST
             total       used       free     shared    buffers     cached
Mem:         15945      15767        177          0         99      10740
-/+ buffers/cache:       4927      11018
Swap:         8039          0       8039

2019年 07月 26日 星期五 22:45:38 CST
             total       used       free     shared    buffers     cached
Mem:         15945      15629        315          0         99      10599
-/+ buffers/cache:       4929      11015
Swap:         8039          0       8039

2019年 07月 26日 星期五 22:45:42 CST
             total       used       free     shared    buffers     cached
Mem:         15945      15765        180          0         99      10546
-/+ buffers/cache:       5118      10826
Swap:         8039          0       8039

2019年 07月 26日 星期五 22:45:46 CST
             total       used       free     shared    buffers     cached
Mem:         15945      15629        315          0         99      10443
-/+ buffers/cache:       5085      10859
Swap:         8039          0       8039

2019年 07月 26日 星期五 22:45:50 CST
             total       used       free     shared    buffers     cached
Mem:         15945      15772        173          0        100      10138
-/+ buffers/cache:       5533      10412
Swap:         8039          0       8039

2019年 07月 26日 星期五 22:45:54 CST
             total       used       free     shared    buffers     cached
Mem:         15945      14551       1393          0        100      10137
-/+ buffers/cache:       4314      11631
Swap:         8039          0       8039

2019年 07月 26日 星期五 22:45:59 CST
             total       used       free     shared    buffers     cached
Mem:         15945      15169        776          0        100       9769
-/+ buffers/cache:       5300      10645
Swap:         8039          0       8039

2019年 07月 26日 星期五 22:46:03 CST
             total       used       free     shared    buffers     cached
Mem:         15945      14319       1625          0        100       9786
-/+ buffers/cache:       4433      11512
Swap:         8039          0       8039

2019年 07月 26日 星期五 22:46:07 CST
             total       used       free     shared    buffers     cached
Mem:         15945      15106        838          0        100       9824
-/+ buffers/cache:       5182      10763
Swap:         8039          0       8039

2019年 07月 26日 星期五 22:46:11 CST
             total       used       free     shared    buffers     cached
Mem:         15945      15788        157          0         99       9513
-/+ buffers/cache:       6174       9770
Swap:         8039          0       8039

2019年 07月 26日 星期五 22:46:15 CST
             total       used       free     shared    buffers     cached
Mem:         15945      14838       1107          0         99       9299
-/+ buffers/cache:       5439      10506
Swap:         8039          0       8039

2019年 07月 26日 星期五 22:46:19 CST
             total       used       free     shared    buffers     cached
Mem:         15945      13935       2010          0         99       9232
-/+ buffers/cache:       4602      11343
Swap:         8039          0       8039

2019年 07月 26日 星期五 22:46:23 CST
             total       used       free     shared    buffers     cached
Mem:         15945      14152       1792          0         99       9126
-/+ buffers/cache:       4926      11019
Swap:         8039          0       8039

2019年 07月 26日 星期五 22:46:27 CST
             total       used       free     shared    buffers     cached
Mem:         15945      13939       2006          0         99       9284
-/+ buffers/cache:       4554      11390
Swap:         8039          0       8039

2019年 07月 26日 星期五 22:46:31 CST
             total       used       free     shared    buffers     cached
Mem:         15945      14585       1360          0         99       9708
-/+ buffers/cache:       4777      11168
Swap:         8039          0       8039

2019年 07月 26日 星期五 22:46:35 CST
             total       used       free     shared    buffers     cached
Mem:         15945      15090        854          0         99       9797
-/+ buffers/cache:       5193      10752
Swap:         8039          0       8039

2019年 07月 26日 星期五 22:46:39 CST
             total       used       free     shared    buffers     cached
Mem:         15945      15796        148          0         99       9886
-/+ buffers/cache:       5810      10134
Swap:         8039          0       8039

2019年 07月 26日 星期五 22:46:43 CST
             total       used       free     shared    buffers     cached
Mem:         15945      15765        180          0         99       9460
-/+ buffers/cache:       6204       9741
Swap:         8039          0       8039

2019年 07月 26日 星期五 22:46:47 CST
             total       used       free     shared    buffers     cached
Mem:         15945      15450        494          0         99       9480
-/+ buffers/cache:       5870      10075
Swap:         8039          0       8039

2019年 07月 26日 星期五 22:46:51 CST
             total       used       free     shared    buffers     cached
Mem:         15945      15789        155          0         99       9437
-/+ buffers/cache:       6251       9693
Swap:         8039          0       8039

2019年 07月 26日 星期五 22:46:55 CST
             total       used       free     shared    buffers     cached
Mem:         15945      15776        168          0         99       9201
-/+ buffers/cache:       6475       9469
Swap:         8039          0       8039

2019年 07月 26日 星期五 22:46:59 CST
             total       used       free     shared    buffers     cached
Mem:         15945      12311       3633          0         99       9010
-/+ buffers/cache:       3201      12744
Swap:         8039          0       8039

2019年 07月 26日 星期五 22:47:03 CST
             total       used       free     shared    buffers     cached
Mem:         15945      13349       2596          0         99       9006
-/+ buffers/cache:       4242      11702
Swap:         8039          0       8039

2019年 07月 26日 星期五 22:47:07 CST
             total       used       free     shared    buffers     cached
Mem:         15945      14257       1688          0         99       9008
-/+ buffers/cache:       5148      10796
Swap:         8039          0       8039

2019年 07月 26日 星期五 22:47:11 CST
             total       used       free     shared    buffers     cached
Mem:         15945      14827       1118          0         99       9012
-/+ buffers/cache:       5715      10230
Swap:         8039          0       8039

2019年 07月 26日 星期五 22:47:15 CST
             total       used       free     shared    buffers     cached
Mem:         15945      14170       1774          0         99       9020
-/+ buffers/cache:       5050      10895
Swap:         8039          0       8039

2019年 07月 26日 星期五 22:47:19 CST
             total       used       free     shared    buffers     cached
Mem:         15945      12051       3893          0         99       8822
-/+ buffers/cache:       3128      12816
Swap:         8039          0       8039

2019年 07月 26日 星期五 22:47:23 CST
             total       used       free     shared    buffers     cached
Mem:         15945      12821       3124          0         99       8822
-/+ buffers/cache:       3898      12047
Swap:         8039          0       8039

2019年 07月 26日 星期五 22:47:27 CST
             total       used       free     shared    buffers     cached
Mem:         15945      13523       2422          0         99       8824
-/+ buffers/cache:       4598      11346
Swap:         8039          0       8039

2019年 07月 26日 星期五 22:47:31 CST
             total       used       free     shared    buffers     cached
Mem:         15945      14282       1662          0         99       8873
-/+ buffers/cache:       5309      10635
Swap:         8039          0       8039

2019年 07月 26日 星期五 22:47:35 CST
             total       used       free     shared    buffers     cached
Mem:         15945      14814       1131          0         99       9032
-/+ buffers/cache:       5682      10263
Swap:         8039          0       8039

2019年 07月 26日 星期五 22:47:39 CST
             total       used       free     shared    buffers     cached
Mem:         15945      15408        537          0         99       9074
-/+ buffers/cache:       6233       9712
Swap:         8039          0       8039

2019年 07月 26日 星期五 22:47:43 CST
             total       used       free     shared    buffers     cached
Mem:         15945      15776        168          0         99       9064
-/+ buffers/cache:       6611       9333
Swap:         8039          0       8039

2019年 07月 26日 星期五 22:47:47 CST
             total       used       free     shared    buffers     cached
Mem:         15945      14327       1618          0         99       8932
-/+ buffers/cache:       5294      10651
Swap:         8039          0       8039

2019年 07月 26日 星期五 22:47:51 CST
             total       used       free     shared    buffers     cached
Mem:         15945      14540       1404          0         99       9067
-/+ buffers/cache:       5373      10571
Swap:         8039          0       8039

2019年 07月 26日 星期五 22:47:55 CST
             total       used       free     shared    buffers     cached
Mem:         15945      14961        984          0         99       9239
-/+ buffers/cache:       5621      10324
Swap:         8039          0       8039

2019年 07月 26日 星期五 22:47:59 CST
             total       used       free     shared    buffers     cached
Mem:         15945      15476        469          0         99       9380
-/+ buffers/cache:       5995       9949
Swap:         8039          0       8039

2019年 07月 26日 星期五 22:48:03 CST
             total       used       free     shared    buffers     cached
Mem:         15945      15785        160          0         99       9380
-/+ buffers/cache:       6305       9640
Swap:         8039          0       8039

2019年 07月 26日 星期五 22:48:07 CST
             total       used       free     shared    buffers     cached
Mem:         15945      15346        598          0         99       9340
-/+ buffers/cache:       5906      10039
Swap:         8039          0       8039

2019年 07月 26日 星期五 22:48:11 CST
             total       used       free     shared    buffers     cached
Mem:         15945      15734        211          0         99       9386
-/+ buffers/cache:       6247       9697
Swap:         8039          0       8039

2019年 07月 26日 星期五 22:48:16 CST
             total       used       free     shared    buffers     cached
Mem:         15945      15777        168          0         99       9114
-/+ buffers/cache:       6562       9383
Swap:         8039          0       8039

2019年 07月 26日 星期五 22:48:20 CST
             total       used       free     shared    buffers     cached
Mem:         15945      12825       3119          0         99       8751
-/+ buffers/cache:       3974      11971
Swap:         8039          0       8039

2019年 07月 26日 星期五 22:48:24 CST
             total       used       free     shared    buffers     cached
Mem:         15945      13058       2887          0         99       8774
-/+ buffers/cache:       4184      11761
Swap:         8039          0       8039

2019年 07月 26日 星期五 22:48:28 CST
             total       used       free     shared    buffers     cached
Mem:         15945      13838       2106          0         99       8974
-/+ buffers/cache:       4764      11180
Swap:         8039          0       8039

2019年 07月 26日 星期五 22:48:32 CST
             total       used       free     shared    buffers     cached
Mem:         15945      14592       1353          0         99       8987
-/+ buffers/cache:       5504      10441
Swap:         8039          0       8039

2019年 07月 26日 星期五 22:48:36 CST
             total       used       free     shared    buffers     cached
Mem:         15945      15077        868          0         99       8993
-/+ buffers/cache:       5983       9962
Swap:         8039          0       8039

2019年 07月 26日 星期五 22:48:40 CST
             total       used       free     shared    buffers     cached
Mem:         15945      15403        542          0         99       9024
-/+ buffers/cache:       6279       9666
Swap:         8039          0       8039

2019年 07月 26日 星期五 22:48:44 CST
             total       used       free     shared    buffers     cached
Mem:         15945      14673       1271          0         99       9025
-/+ buffers/cache:       5547      10397
Swap:         8039          0       8039

2019年 07月 26日 星期五 22:48:48 CST
             total       used       free     shared    buffers     cached
Mem:         15945      13573       2372          0         99       9024
-/+ buffers/cache:       4448      11496
Swap:         8039          0       8039

2019年 07月 26日 星期五 22:48:52 CST
             total       used       free     shared    buffers     cached
Mem:         15945      12597       3347          0         99       8673
-/+ buffers/cache:       3824      12121
Swap:         8039          0       8039

2019年 07月 26日 星期五 22:48:56 CST
             total       used       free     shared    buffers     cached
Mem:         15945      12200       3745          0         99       8276
-/+ buffers/cache:       3824      12121
Swap:         8039          0       8039

2019年 07月 26日 星期五 22:49:00 CST
             total       used       free     shared    buffers     cached
Mem:         15945      12204       3740          0         99       8276
-/+ buffers/cache:       3828      12117
Swap:         8039          0       8039

2019年 07月 26日 星期五 22:49:04 CST
             total       used       free     shared    buffers     cached
Mem:         15945      12255       3689          0         99       8276
-/+ buffers/cache:       3878      12066
Swap:         8039          0       8039

2019年 07月 26日 星期五 22:49:08 CST
             total       used       free     shared    buffers     cached
Mem:         15945      12259       3685          0         99       8277
-/+ buffers/cache:       3882      12062
Swap:         8039          0       8039

2019年 07月 26日 星期五 22:49:12 CST
             total       used       free     shared    buffers     cached
Mem:         15945      10404       5541          0         99       8274
-/+ buffers/cache:       2029      13915
Swap:         8039          0       8039

2019年 07月 26日 星期五 22:49:16 CST
             total       used       free     shared    buffers     cached
Mem:         15945      10364       5580          0         99       8236
-/+ buffers/cache:       2028      13916
Swap:         8039          0       8039

2019年 07月 26日 星期五 22:49:20 CST
             total       used       free     shared    buffers     cached
Mem:         15945      10364       5581          0         99       8236
-/+ buffers/cache:       2028      13917
Swap:         8039          0       8039

2019年 07月 26日 星期五 22:49:24 CST
             total       used       free     shared    buffers     cached
Mem:         15945      10363       5582          0         99       8236
-/+ buffers/cache:       2027      13918
Swap:         8039          0       8039

2019年 07月 26日 星期五 22:49:28 CST
             total       used       free     shared    buffers     cached
Mem:         15945      10362       5583          0         99       8236
-/+ buffers/cache:       2026      13919
Swap:         8039          0       8039

2019年 07月 26日 星期五 22:49:32 CST
             total       used       free     shared    buffers     cached
Mem:         15945      10362       5583          0         99       8236
-/+ buffers/cache:       2026      13919
Swap:         8039          0       8039

