
2019年 07月 26日 星期五 22:41:20 CST
             total       used       free     shared    buffers     cached
Mem:         15945      10098       5846          0        120       7976
-/+ buffers/cache:       2000      13944
Swap:         8039          0       8039

2019年 07月 26日 星期五 22:41:24 CST
             total       used       free     shared    buffers     cached
Mem:         15945      10098       5847          0        120       7976
-/+ buffers/cache:       2000      13944
Swap:         8039          0       8039

2019年 07月 26日 星期五 22:41:28 CST
             total       used       free     shared    buffers     cached
Mem:         15945      10098       5847          0        120       7976
-/+ buffers/cache:       2000      13944
Swap:         8039          0       8039

2019年 07月 26日 星期五 22:41:32 CST
             total       used       free     shared    buffers     cached
Mem:         15945      10098       5847          0        120       7976
-/+ buffers/cache:       2000      13944
Swap:         8039          0       8039

2019年 07月 26日 星期五 22:41:36 CST
             total       used       free     shared    buffers     cached
Mem:         15945      10104       5840          0        121       7983
-/+ buffers/cache:       2000      13945
Swap:         8039          0       8039

2019年 07月 26日 星期五 22:41:40 CST
             total       used       free     shared    buffers     cached
Mem:         15945      10282       5662          0        121       8158
-/+ buffers/cache:       2003      13942
Swap:         8039          0       8039

2019年 07月 26日 星期五 22:41:44 CST
             total       used       free     shared    buffers     cached
Mem:         15945      10556       5388          0        121       8417
-/+ buffers/cache:       2018      13927
Swap:         8039          0       8039

2019年 07月 26日 星期五 22:41:48 CST
             total       used       free     shared    buffers     cached
Mem:         15945      11173       4771          0        121       8730
-/+ buffers/cache:       2322      13623
Swap:         8039          0       8039

2019年 07月 26日 星期五 22:41:52 CST
             total       used       free     shared    buffers     cached
Mem:         15945      11852       4092          0        121       9012
-/+ buffers/cache:       2719      13226
Swap:         8039          0       8039

2019年 07月 26日 星期五 22:41:56 CST
             total       used       free     shared    buffers     cached
Mem:         15945      12483       3462          0        121       9276
-/+ buffers/cache:       3085      12860
Swap:         8039          0       8039

2019年 07月 26日 星期五 22:42:01 CST
             total       used       free     shared    buffers     cached
Mem:         15945      12899       3045          0        121       9376
-/+ buffers/cache:       3401      12543
Swap:         8039          0       8039

2019年 07月 26日 星期五 22:42:05 CST
             total       used       free     shared    buffers     cached
Mem:         15945      13358       2586          0        121       9451
-/+ buffers/cache:       3786      12159
Swap:         8039          0       8039

2019年 07月 26日 星期五 22:42:09 CST
             total       used       free     shared    buffers     cached
Mem:         15945      13754       2191          0        121       9460
-/+ buffers/cache:       4172      11772
Swap:         8039          0       8039

2019年 07月 26日 星期五 22:42:13 CST
             total       used       free     shared    buffers     cached
Mem:         15945      14276       1668          0        121       9461
-/+ buffers/cache:       4694      11251
Swap:         8039          0       8039

2019年 07月 26日 星期五 22:42:17 CST
             total       used       free     shared    buffers     cached
Mem:         15945      14638       1306          0        121       9463
-/+ buffers/cache:       5054      10891
Swap:         8039          0       8039

2019年 07月 26日 星期五 22:42:21 CST
             total       used       free     shared    buffers     cached
Mem:         15945      13871       2074          0        121       9462
-/+ buffers/cache:       4288      11657
Swap:         8039          0       8039

2019年 07月 26日 星期五 22:42:25 CST
             total       used       free     shared    buffers     cached
Mem:         15945      14584       1361          0        121       9423
-/+ buffers/cache:       5039      10906
Swap:         8039          0       8039

2019年 07月 26日 星期五 22:42:29 CST
             total       used       free     shared    buffers     cached
Mem:         15945      13793       2152          0        121       9424
-/+ buffers/cache:       4247      11697
Swap:         8039          0       8039

2019年 07月 26日 星期五 22:42:33 CST
             total       used       free     shared    buffers     cached
Mem:         15945      14332       1612          0        121       9425
-/+ buffers/cache:       4785      11159
Swap:         8039          0       8039

2019年 07月 26日 星期五 22:42:37 CST
             total       used       free     shared    buffers     cached
Mem:         15945      14920       1025          0        121       9407
-/+ buffers/cache:       5391      10553
Swap:         8039          0       8039

2019年 07月 26日 星期五 22:42:41 CST
             total       used       free     shared    buffers     cached
Mem:         15945      15536        408          0        121       9410
-/+ buffers/cache:       6005       9940
Swap:         8039          0       8039

2019年 07月 26日 星期五 22:42:45 CST
             total       used       free     shared    buffers     cached
Mem:         15945      13498       2447          0        121       9409
-/+ buffers/cache:       3967      11978
Swap:         8039          0       8039

2019年 07月 26日 星期五 22:42:49 CST
             total       used       free     shared    buffers     cached
Mem:         15945      14348       1597          0        121       9652
-/+ buffers/cache:       4574      11371
Swap:         8039          0       8039

2019年 07月 26日 星期五 22:42:53 CST
             total       used       free     shared    buffers     cached
Mem:         15945      15190        755          0        121       9743
-/+ buffers/cache:       5325      10619
Swap:         8039          0       8039

2019年 07月 26日 星期五 22:42:57 CST
             total       used       free     shared    buffers     cached
Mem:         15945      15788        157          0        121       9681
-/+ buffers/cache:       5985       9960
Swap:         8039          0       8039

2019年 07月 26日 星期五 22:43:01 CST
             total       used       free     shared    buffers     cached
Mem:         15945      15137        808          0        121       9647
-/+ buffers/cache:       5369      10576
Swap:         8039          0       8039

2019年 07月 26日 星期五 22:43:05 CST
             total       used       free     shared    buffers     cached
Mem:         15945      15313        632          0        121       9939
-/+ buffers/cache:       5252      10692
Swap:         8039          0       8039

2019年 07月 26日 星期五 22:43:09 CST
             total       used       free     shared    buffers     cached
Mem:         15945      15783        161          0        121       9970
-/+ buffers/cache:       5691      10253
Swap:         8039          0       8039

2019年 07月 26日 星期五 22:43:13 CST
             total       used       free     shared    buffers     cached
Mem:         15945      15793        151          0        120       9522
-/+ buffers/cache:       6150       9795
Swap:         8039          0       8039

2019年 07月 26日 星期五 22:43:17 CST
             total       used       free     shared    buffers     cached
Mem:         15945      12702       3242          0        120       9227
-/+ buffers/cache:       3353      12591
Swap:         8039          0       8039

2019年 07月 26日 星期五 22:43:21 CST
             total       used       free     shared    buffers     cached
Mem:         15945      12940       3005          0        120       9244
-/+ buffers/cache:       3574      12370
Swap:         8039          0       8039

2019年 07月 26日 星期五 22:43:25 CST
             total       used       free     shared    buffers     cached
Mem:         15945      12401       3544          0        120       9258
-/+ buffers/cache:       3022      12923
Swap:         8039          0       8039

2019年 07月 26日 星期五 22:43:29 CST
             total       used       free     shared    buffers     cached
Mem:         15945      12466       3479          0        120       9298
-/+ buffers/cache:       3047      12898
Swap:         8039          0       8039

2019年 07月 26日 星期五 22:43:33 CST
             total       used       free     shared    buffers     cached
Mem:         15945      12835       3110          0        120       9554
-/+ buffers/cache:       3160      12785
Swap:         8039          0       8039

2019年 07月 26日 星期五 22:43:37 CST
             total       used       free     shared    buffers     cached
Mem:         15945      13454       2491          0        120       9840
-/+ buffers/cache:       3492      12452
Swap:         8039          0       8039

2019年 07月 26日 星期五 22:43:41 CST
             total       used       free     shared    buffers     cached
Mem:         15945      14302       1643          0        120      10371
-/+ buffers/cache:       3810      12135
Swap:         8039          0       8039

2019年 07月 26日 星期五 22:43:45 CST
             total       used       free     shared    buffers     cached
Mem:         15945      14989        955          0        120      10733
-/+ buffers/cache:       4135      11810
Swap:         8039          0       8039

2019年 07月 26日 星期五 22:43:50 CST
             total       used       free     shared    buffers     cached
Mem:         15945      15467        477          0        120      10908
-/+ buffers/cache:       4438      11507
Swap:         8039          0       8039

2019年 07月 26日 星期五 22:43:54 CST
             total       used       free     shared    buffers     cached
Mem:         15945      15785        160          0        120      10694
-/+ buffers/cache:       4969      10975
Swap:         8039          0       8039

2019年 07月 26日 星期五 22:43:58 CST
             total       used       free     shared    buffers     cached
Mem:         15945      15388        556          0        120      10622
-/+ buffers/cache:       4645      11299
Swap:         8039          0       8039

2019年 07月 26日 星期五 22:44:02 CST
             total       used       free     shared    buffers     cached
Mem:         15945      15771        173          0        120      10300
-/+ buffers/cache:       5350      10595
Swap:         8039          0       8039

2019年 07月 26日 星期五 22:44:06 CST
             total       used       free     shared    buffers     cached
Mem:         15945      15782        163          0        120       9710
-/+ buffers/cache:       5950       9994
Swap:         8039          0       8039

2019年 07月 26日 星期五 22:44:10 CST
             total       used       free     shared    buffers     cached
Mem:         15945      15445        499          0        120       9565
-/+ buffers/cache:       5759      10185
Swap:         8039          0       8039

2019年 07月 26日 星期五 22:44:14 CST
             total       used       free     shared    buffers     cached
Mem:         15945      15682        263          0        120       9609
-/+ buffers/cache:       5951       9993
Swap:         8039          0       8039

2019年 07月 26日 星期五 22:44:18 CST
             total       used       free     shared    buffers     cached
Mem:         15945      15782        162          0        120       9323
-/+ buffers/cache:       6338       9607
Swap:         8039          0       8039

2019年 07月 26日 星期五 22:44:22 CST
             total       used       free     shared    buffers     cached
Mem:         15945      15778        167          0        120       9031
-/+ buffers/cache:       6626       9319
Swap:         8039          0       8039

2019年 07月 26日 星期五 22:44:26 CST
             total       used       free     shared    buffers     cached
Mem:         15945      15787        157          0        120       8797
-/+ buffers/cache:       6870       9075
Swap:         8039          0       8039

2019年 07月 26日 星期五 22:44:30 CST
             total       used       free     shared    buffers     cached
Mem:         15945      15780        164          0        120       8521
-/+ buffers/cache:       7137       8807
Swap:         8039          0       8039

2019年 07月 26日 星期五 22:44:34 CST
             total       used       free     shared    buffers     cached
Mem:         15945      15785        160          0        120       8446
-/+ buffers/cache:       7218       8727
Swap:         8039          0       8039

2019年 07月 26日 星期五 22:44:38 CST
             total       used       free     shared    buffers     cached
Mem:         15945      15352        593          0        120       8523
-/+ buffers/cache:       6708       9237
Swap:         8039          0       8039

2019年 07月 26日 星期五 22:44:42 CST
             total       used       free     shared    buffers     cached
Mem:         15945      15245        699          0        120       8395
-/+ buffers/cache:       6729       9215
Swap:         8039          0       8039

2019年 07月 26日 星期五 22:44:46 CST
             total       used       free     shared    buffers     cached
Mem:         15945      13985       1959          0        120       8486
-/+ buffers/cache:       5378      10566
Swap:         8039          0       8039

2019年 07月 26日 星期五 22:44:50 CST
             total       used       free     shared    buffers     cached
Mem:         15945      11664       4280          0        120       8706
-/+ buffers/cache:       2837      13108
Swap:         8039          0       8039

2019年 07月 26日 星期五 22:44:54 CST
             total       used       free     shared    buffers     cached
Mem:         15945      11964       3981          0        120       8861
-/+ buffers/cache:       2981      12963
Swap:         8039          0       8039

2019年 07月 26日 星期五 22:44:58 CST
             total       used       free     shared    buffers     cached
Mem:         15945      12236       3709          0        120       8843
-/+ buffers/cache:       3272      12673
Swap:         8039          0       8039

2019年 07月 26日 星期五 22:45:02 CST
             total       used       free     shared    buffers     cached
Mem:         15945      12699       3246          0        120       8943
-/+ buffers/cache:       3634      12310
Swap:         8039          0       8039

2019年 07月 26日 星期五 22:45:06 CST
             total       used       free     shared    buffers     cached
Mem:         15945      13233       2712          0        120       9174
-/+ buffers/cache:       3938      12007
Swap:         8039          0       8039

2019年 07月 26日 星期五 22:45:11 CST
             total       used       free     shared    buffers     cached
Mem:         15945      13770       2174          0        120       9427
-/+ buffers/cache:       4223      11722
Swap:         8039          0       8039

2019年 07月 26日 星期五 22:45:15 CST
             total       used       free     shared    buffers     cached
Mem:         15945      14563       1382          0        120       9612
-/+ buffers/cache:       4830      11115
Swap:         8039          0       8039

2019年 07月 26日 星期五 22:45:19 CST
             total       used       free     shared    buffers     cached
Mem:         15945      15327        618          0        120       9714
-/+ buffers/cache:       5491      10453
Swap:         8039          0       8039

2019年 07月 26日 星期五 22:45:23 CST
             total       used       free     shared    buffers     cached
Mem:         15945      15723        222          0        120       9911
-/+ buffers/cache:       5691      10254
Swap:         8039          0       8039

2019年 07月 26日 星期五 22:45:27 CST
             total       used       free     shared    buffers     cached
Mem:         15945      15767        177          0        120       9493
-/+ buffers/cache:       6153       9791
Swap:         8039          0       8039

2019年 07月 26日 星期五 22:45:31 CST
             total       used       free     shared    buffers     cached
Mem:         15945      13755       2190          0        120       9320
-/+ buffers/cache:       4314      11631
Swap:         8039          0       8039

2019年 07月 26日 星期五 22:45:35 CST
             total       used       free     shared    buffers     cached
Mem:         15945      13784       2160          0        120       9739
-/+ buffers/cache:       3924      12021
Swap:         8039          0       8039

2019年 07月 26日 星期五 22:45:39 CST
             total       used       free     shared    buffers     cached
Mem:         15945      14353       1592          0        120       9876
-/+ buffers/cache:       4355      11589
Swap:         8039          0       8039

2019年 07月 26日 星期五 22:45:43 CST
             total       used       free     shared    buffers     cached
Mem:         15945      15003        942          0        120       9866
-/+ buffers/cache:       5016      10929
Swap:         8039          0       8039

2019年 07月 26日 星期五 22:45:47 CST
             total       used       free     shared    buffers     cached
Mem:         15945      14754       1191          0        120       9683
-/+ buffers/cache:       4950      10995
Swap:         8039          0       8039

2019年 07月 26日 星期五 22:45:52 CST
             total       used       free     shared    buffers     cached
Mem:         15945      14693       1251          0        120       9684
-/+ buffers/cache:       4888      11056
Swap:         8039          0       8039

2019年 07月 26日 星期五 22:45:56 CST
             total       used       free     shared    buffers     cached
Mem:         15945      13228       2717          0        120       9885
-/+ buffers/cache:       3221      12723
Swap:         8039          0       8039

2019年 07月 26日 星期五 22:46:00 CST
             total       used       free     shared    buffers     cached
Mem:         15945      13764       2180          0        120      10071
-/+ buffers/cache:       3572      12372
Swap:         8039          0       8039

2019年 07月 26日 星期五 22:46:04 CST
             total       used       free     shared    buffers     cached
Mem:         15945      14041       1904          0        120       9682
-/+ buffers/cache:       4238      11707
Swap:         8039          0       8039

2019年 07月 26日 星期五 22:46:08 CST
             total       used       free     shared    buffers     cached
Mem:         15945      15131        814          0        120       9686
-/+ buffers/cache:       5324      10621
Swap:         8039          0       8039

2019年 07月 26日 星期五 22:46:12 CST
             total       used       free     shared    buffers     cached
Mem:         15945      15601        344          0        120       9702
-/+ buffers/cache:       5777      10167
Swap:         8039          0       8039

2019年 07月 26日 星期五 22:46:16 CST
             total       used       free     shared    buffers     cached
Mem:         15945      14475       1469          0        120       9761
-/+ buffers/cache:       4593      11351
Swap:         8039          0       8039

2019年 07月 26日 星期五 22:46:20 CST
             total       used       free     shared    buffers     cached
Mem:         15945      14866       1079          0        120       9820
-/+ buffers/cache:       4925      11020
Swap:         8039          0       8039

2019年 07月 26日 星期五 22:46:24 CST
             total       used       free     shared    buffers     cached
Mem:         15945      14894       1051          0        120       9483
-/+ buffers/cache:       5290      10655
Swap:         8039          0       8039

2019年 07月 26日 星期五 22:46:28 CST
             total       used       free     shared    buffers     cached
Mem:         15945      14661       1284          0        120       9492
-/+ buffers/cache:       5047      10898
Swap:         8039          0       8039

2019年 07月 26日 星期五 22:46:32 CST
             total       used       free     shared    buffers     cached
Mem:         15945      14998        946          0        120       9543
-/+ buffers/cache:       5334      10611
Swap:         8039          0       8039

2019年 07月 26日 星期五 22:46:36 CST
             total       used       free     shared    buffers     cached
Mem:         15945      15682        263          0        120       9618
-/+ buffers/cache:       5943      10002
Swap:         8039          0       8039

2019年 07月 26日 星期五 22:46:40 CST
             total       used       free     shared    buffers     cached
Mem:         15945      15771        173          0        120       9374
-/+ buffers/cache:       6276       9668
Swap:         8039          0       8039

2019年 07月 26日 星期五 22:46:44 CST
             total       used       free     shared    buffers     cached
Mem:         15945      14273       1672          0        120       9135
-/+ buffers/cache:       5017      10928
Swap:         8039          0       8039

2019年 07月 26日 星期五 22:46:48 CST
             total       used       free     shared    buffers     cached
Mem:         15945      14879       1065          0        120       9365
-/+ buffers/cache:       5393      10551
Swap:         8039          0       8039

2019年 07月 26日 星期五 22:46:52 CST
             total       used       free     shared    buffers     cached
Mem:         15945      15561        384          0        120       9380
-/+ buffers/cache:       6059       9885
Swap:         8039          0       8039

2019年 07月 26日 星期五 22:46:56 CST
             total       used       free     shared    buffers     cached
Mem:         15945      15770        174          0        120       9107
-/+ buffers/cache:       6542       9402
Swap:         8039          0       8039

2019年 07月 26日 星期五 22:47:00 CST
             total       used       free     shared    buffers     cached
Mem:         15945      13094       2851          0        120       9054
-/+ buffers/cache:       3918      12026
Swap:         8039          0       8039

2019年 07月 26日 星期五 22:47:04 CST
             total       used       free     shared    buffers     cached
Mem:         15945      13028       2917          0        120       8855
-/+ buffers/cache:       4052      11893
Swap:         8039          0       8039

2019年 07月 26日 星期五 22:47:08 CST
             total       used       free     shared    buffers     cached
Mem:         15945      13574       2371          0        120       8856
-/+ buffers/cache:       4596      11348
Swap:         8039          0       8039

2019年 07月 26日 星期五 22:47:12 CST
             total       used       free     shared    buffers     cached
Mem:         15945      12618       3326          0        120       8859
-/+ buffers/cache:       3638      12306
Swap:         8039          0       8039

2019年 07月 26日 星期五 22:47:16 CST
             total       used       free     shared    buffers     cached
Mem:         15945      13425       2520          0        120       9061
-/+ buffers/cache:       4243      11702
Swap:         8039          0       8039

2019年 07月 26日 星期五 22:47:20 CST
             total       used       free     shared    buffers     cached
Mem:         15945      14130       1814          0        120       9091
-/+ buffers/cache:       4918      11026
Swap:         8039          0       8039

2019年 07月 26日 星期五 22:47:24 CST
             total       used       free     shared    buffers     cached
Mem:         15945      14648       1297          0        120       8784
-/+ buffers/cache:       5743      10202
Swap:         8039          0       8039

2019年 07月 26日 星期五 22:47:28 CST
             total       used       free     shared    buffers     cached
Mem:         15945      15358        587          0        120       8792
-/+ buffers/cache:       6444       9500
Swap:         8039          0       8039

2019年 07月 26日 星期五 22:47:32 CST
             total       used       free     shared    buffers     cached
Mem:         15945      15592        352          0        120       8806
-/+ buffers/cache:       6665       9280
Swap:         8039          0       8039

2019年 07月 26日 星期五 22:47:36 CST
             total       used       free     shared    buffers     cached
Mem:         15945      15730        214          0        120       8829
-/+ buffers/cache:       6780       9165
Swap:         8039          0       8039

2019年 07月 26日 星期五 22:47:40 CST
             total       used       free     shared    buffers     cached
Mem:         15945      15770        175          0        120       8791
-/+ buffers/cache:       6858       9087
Swap:         8039          0       8039

2019年 07月 26日 星期五 22:47:44 CST
             total       used       free     shared    buffers     cached
Mem:         15945      13331       2613          0        120       8829
-/+ buffers/cache:       4381      11564
Swap:         8039          0       8039

2019年 07月 26日 星期五 22:47:48 CST
             total       used       free     shared    buffers     cached
Mem:         15945      14082       1863          0        120       8986
-/+ buffers/cache:       4975      10970
Swap:         8039          0       8039

2019年 07月 26日 星期五 22:47:52 CST
             total       used       free     shared    buffers     cached
Mem:         15945      14572       1373          0        120       8826
-/+ buffers/cache:       5625      10320
Swap:         8039          0       8039

2019年 07月 26日 星期五 22:47:56 CST
             total       used       free     shared    buffers     cached
Mem:         15945      15153        791          0        120       8843
-/+ buffers/cache:       6189       9756
Swap:         8039          0       8039

2019年 07月 26日 星期五 22:48:01 CST
             total       used       free     shared    buffers     cached
Mem:         15945      15671        274          0        120       8847
-/+ buffers/cache:       6703       9242
Swap:         8039          0       8039

2019年 07月 26日 星期五 22:48:05 CST
             total       used       free     shared    buffers     cached
Mem:         15945      14643       1302          0        120       8753
-/+ buffers/cache:       5768      10176
Swap:         8039          0       8039

2019年 07月 26日 星期五 22:48:09 CST
             total       used       free     shared    buffers     cached
Mem:         15945      14641       1304          0        120       8623
-/+ buffers/cache:       5896      10048
Swap:         8039          0       8039

2019年 07月 26日 星期五 22:48:13 CST
             total       used       free     shared    buffers     cached
Mem:         15945      12712       3232          0        120       8806
-/+ buffers/cache:       3785      12160
Swap:         8039          0       8039

2019年 07月 26日 星期五 22:48:17 CST
             total       used       free     shared    buffers     cached
Mem:         15945      13072       2872          0        120       8842
-/+ buffers/cache:       4109      11835
Swap:         8039          0       8039

2019年 07月 26日 星期五 22:48:21 CST
             total       used       free     shared    buffers     cached
Mem:         15945      13460       2485          0        120       8844
-/+ buffers/cache:       4495      11450
Swap:         8039          0       8039

2019年 07月 26日 星期五 22:48:25 CST
             total       used       free     shared    buffers     cached
Mem:         15945      13786       2158          0        120       8849
-/+ buffers/cache:       4816      11128
Swap:         8039          0       8039

2019年 07月 26日 星期五 22:48:29 CST
             total       used       free     shared    buffers     cached
Mem:         15945      14081       1864          0        120       8851
-/+ buffers/cache:       5108      10836
Swap:         8039          0       8039

2019年 07月 26日 星期五 22:48:33 CST
             total       used       free     shared    buffers     cached
Mem:         15945      14598       1347          0        120       8854
-/+ buffers/cache:       5622      10323
Swap:         8039          0       8039

2019年 07月 26日 星期五 22:48:37 CST
             total       used       free     shared    buffers     cached
Mem:         15945      14972        973          0        120       8861
-/+ buffers/cache:       5989       9955
Swap:         8039          0       8039

2019年 07月 26日 星期五 22:48:41 CST
             total       used       free     shared    buffers     cached
Mem:         15945      15399        546          0        120       8900
-/+ buffers/cache:       6378       9567
Swap:         8039          0       8039

2019年 07月 26日 星期五 22:48:45 CST
             total       used       free     shared    buffers     cached
Mem:         15945      13109       2836          0        120       8886
-/+ buffers/cache:       4102      11843
Swap:         8039          0       8039

2019年 07月 26日 星期五 22:48:49 CST
             total       used       free     shared    buffers     cached
Mem:         15945      11530       4414          0        120       8323
-/+ buffers/cache:       3086      12859
Swap:         8039          0       8039

2019年 07月 26日 星期五 22:48:53 CST
             total       used       free     shared    buffers     cached
Mem:         15945      10828       5117          0        120       8143
-/+ buffers/cache:       2563      13382
Swap:         8039          0       8039

2019年 07月 26日 星期五 22:48:57 CST
             total       used       free     shared    buffers     cached
Mem:         15945      10878       5067          0        120       8144
-/+ buffers/cache:       2613      13332
Swap:         8039          0       8039

2019年 07月 26日 星期五 22:49:01 CST
             total       used       free     shared    buffers     cached
Mem:         15945      10859       5086          0        120       8125
-/+ buffers/cache:       2613      13332
Swap:         8039          0       8039

2019年 07月 26日 星期五 22:49:05 CST
             total       used       free     shared    buffers     cached
Mem:         15945      10877       5068          0        120       8125
-/+ buffers/cache:       2631      13314
Swap:         8039          0       8039

2019年 07月 26日 星期五 22:49:09 CST
             total       used       free     shared    buffers     cached
Mem:         15945      10877       5068          0        120       8125
-/+ buffers/cache:       2630      13314
Swap:         8039          0       8039

2019年 07月 26日 星期五 22:49:13 CST
             total       used       free     shared    buffers     cached
Mem:         15945      10260       5684          0        120       8125
-/+ buffers/cache:       2014      13931
Swap:         8039          0       8039

2019年 07月 26日 星期五 22:49:17 CST
             total       used       free     shared    buffers     cached
Mem:         15945      10221       5724          0        120       8087
-/+ buffers/cache:       2013      13932
Swap:         8039          0       8039

2019年 07月 26日 星期五 22:49:21 CST
             total       used       free     shared    buffers     cached
Mem:         15945      10220       5724          0        120       8087
-/+ buffers/cache:       2012      13932
Swap:         8039          0       8039

2019年 07月 26日 星期五 22:49:25 CST
             total       used       free     shared    buffers     cached
Mem:         15945      10220       5725          0        120       8087
-/+ buffers/cache:       2012      13933
Swap:         8039          0       8039

2019年 07月 26日 星期五 22:49:29 CST
             total       used       free     shared    buffers     cached
Mem:         15945      10220       5725          0        120       8087
-/+ buffers/cache:       2011      13933
Swap:         8039          0       8039

