
Linux 2.6.32-431.el6.x86_64 (slave1) 	2019年07月25日 	_x86_64_	(8 CPU)

03时00分06秒  CPU    %usr   %nice    %sys %iowait    %irq   %soft  %steal  %guest   %idle
03时00分07秒  all    0.00    0.00    0.00    0.00    0.00    0.00    0.00    0.00  100.00
平均时间:  all    0.00    0.00    0.00    0.00    0.00    0.00    0.00    0.00  100.00

Linux 2.6.32-431.el6.x86_64 (slave1) 	2019年07月25日 	_x86_64_	(8 CPU)

03时00分10秒  CPU    %usr   %nice    %sys %iowait    %irq   %soft  %steal  %guest   %idle
03时00分11秒  all    0.00    0.00    0.13    0.00    0.00    0.00    0.00    0.00   99.87
平均时间:  all    0.00    0.00    0.13    0.00    0.00    0.00    0.00    0.00   99.87

Linux 2.6.32-431.el6.x86_64 (slave1) 	2019年07月25日 	_x86_64_	(8 CPU)

03时00分14秒  CPU    %usr   %nice    %sys %iowait    %irq   %soft  %steal  %guest   %idle
03时00分15秒  all    0.00    0.00    0.00    0.00    0.00    0.00    0.00    0.00  100.00
平均时间:  all    0.00    0.00    0.00    0.00    0.00    0.00    0.00    0.00  100.00

Linux 2.6.32-431.el6.x86_64 (slave1) 	2019年07月25日 	_x86_64_	(8 CPU)

03时00分18秒  CPU    %usr   %nice    %sys %iowait    %irq   %soft  %steal  %guest   %idle
03时00分19秒  all    0.00    0.00    0.00    0.00    0.00    0.00    0.00    0.00  100.00
平均时间:  all    0.00    0.00    0.00    0.00    0.00    0.00    0.00    0.00  100.00

Linux 2.6.32-431.el6.x86_64 (slave1) 	2019年07月25日 	_x86_64_	(8 CPU)

03时00分22秒  CPU    %usr   %nice    %sys %iowait    %irq   %soft  %steal  %guest   %idle
03时00分23秒  all    0.25    0.00    2.80    0.00    0.13    0.89    0.00    0.00   95.93
平均时间:  all    0.25    0.00    2.80    0.00    0.13    0.89    0.00    0.00   95.93

Linux 2.6.32-431.el6.x86_64 (slave1) 	2019年07月25日 	_x86_64_	(8 CPU)

03时00分26秒  CPU    %usr   %nice    %sys %iowait    %irq   %soft  %steal  %guest   %idle
03时00分27秒  all    0.81    0.00    8.27    0.00    0.41   16.80    0.00    0.00   73.71
平均时间:  all    0.81    0.00    8.27    0.00    0.41   16.80    0.00    0.00   73.71

Linux 2.6.32-431.el6.x86_64 (slave1) 	2019年07月25日 	_x86_64_	(8 CPU)

03时00分30秒  CPU    %usr   %nice    %sys %iowait    %irq   %soft  %steal  %guest   %idle
03时00分31秒  all   48.51    0.00   24.06    0.00    0.26   18.76    0.00    0.00    8.41
平均时间:  all   48.51    0.00   24.06    0.00    0.26   18.76    0.00    0.00    8.41

Linux 2.6.32-431.el6.x86_64 (slave1) 	2019年07月25日 	_x86_64_	(8 CPU)

03时00分34秒  CPU    %usr   %nice    %sys %iowait    %irq   %soft  %steal  %guest   %idle
03时00分35秒  all   65.66    0.00   19.67    0.00    0.38   13.66    0.00    0.00    0.63
平均时间:  all   65.66    0.00   19.67    0.00    0.38   13.66    0.00    0.00    0.63

Linux 2.6.32-431.el6.x86_64 (slave1) 	2019年07月25日 	_x86_64_	(8 CPU)

03时00分38秒  CPU    %usr   %nice    %sys %iowait    %irq   %soft  %steal  %guest   %idle
03时00分39秒  all   66.83    0.00   20.60    0.00    0.13   10.80    0.00    0.00    1.63
平均时间:  all   66.83    0.00   20.60    0.00    0.13   10.80    0.00    0.00    1.63

Linux 2.6.32-431.el6.x86_64 (slave1) 	2019年07月25日 	_x86_64_	(8 CPU)

03时00分42秒  CPU    %usr   %nice    %sys %iowait    %irq   %soft  %steal  %guest   %idle
03时00分43秒  all   71.23    0.00   17.84    0.00    0.38    8.92    0.00    0.00    1.63
平均时间:  all   71.23    0.00   17.84    0.00    0.38    8.92    0.00    0.00    1.63

Linux 2.6.32-431.el6.x86_64 (slave1) 	2019年07月25日 	_x86_64_	(8 CPU)

03时00分46秒  CPU    %usr   %nice    %sys %iowait    %irq   %soft  %steal  %guest   %idle
03时00分47秒  all   71.14    0.00   20.83    0.00    0.25    7.78    0.00    0.00    0.00
平均时间:  all   71.14    0.00   20.83    0.00    0.25    7.78    0.00    0.00    0.00

Linux 2.6.32-431.el6.x86_64 (slave1) 	2019年07月25日 	_x86_64_	(8 CPU)

03时00分50秒  CPU    %usr   %nice    %sys %iowait    %irq   %soft  %steal  %guest   %idle
03时00分51秒  all   73.00    0.00   22.12    0.00    0.25    4.62    0.00    0.00    0.00
平均时间:  all   73.00    0.00   22.12    0.00    0.25    4.62    0.00    0.00    0.00

Linux 2.6.32-431.el6.x86_64 (slave1) 	2019年07月25日 	_x86_64_	(8 CPU)

03时00分54秒  CPU    %usr   %nice    %sys %iowait    %irq   %soft  %steal  %guest   %idle
03时00分55秒  all   57.00    0.00    8.40    0.00    0.13    0.13    0.00    0.00   34.35
平均时间:  all   57.00    0.00    8.40    0.00    0.13    0.13    0.00    0.00   34.35

Linux 2.6.32-431.el6.x86_64 (slave1) 	2019年07月25日 	_x86_64_	(8 CPU)

03时00分58秒  CPU    %usr   %nice    %sys %iowait    %irq   %soft  %steal  %guest   %idle
03时00分59秒  all   71.37    0.00    6.80    0.13    0.00    0.00    0.00    0.00   21.69
平均时间:  all   71.37    0.00    6.80    0.13    0.00    0.00    0.00    0.00   21.69

Linux 2.6.32-431.el6.x86_64 (slave1) 	2019年07月25日 	_x86_64_	(8 CPU)

03时01分03秒  CPU    %usr   %nice    %sys %iowait    %irq   %soft  %steal  %guest   %idle
03时01分04秒  all   12.45    0.00    4.07    0.00    0.00    0.00    0.00    0.00   83.48
平均时间:  all   12.45    0.00    4.07    0.00    0.00    0.00    0.00    0.00   83.48

Linux 2.6.32-431.el6.x86_64 (slave1) 	2019年07月25日 	_x86_64_	(8 CPU)

03时01分07秒  CPU    %usr   %nice    %sys %iowait    %irq   %soft  %steal  %guest   %idle
03时01分08秒  all   34.02    0.00    4.75    0.00    0.00    0.00    0.00    0.00   61.23
平均时间:  all   34.02    0.00    4.75    0.00    0.00    0.00    0.00    0.00   61.23

Linux 2.6.32-431.el6.x86_64 (slave1) 	2019年07月25日 	_x86_64_	(8 CPU)

03时01分11秒  CPU    %usr   %nice    %sys %iowait    %irq   %soft  %steal  %guest   %idle
03时01分12秒  all   56.20    0.00    4.30    0.00    0.00    0.00    0.00    0.00   39.49
平均时间:  all   56.20    0.00    4.30    0.00    0.00    0.00    0.00    0.00   39.49

Linux 2.6.32-431.el6.x86_64 (slave1) 	2019年07月25日 	_x86_64_	(8 CPU)

03时01分15秒  CPU    %usr   %nice    %sys %iowait    %irq   %soft  %steal  %guest   %idle
03时01分16秒  all   38.41    0.00    5.89    0.00    0.00    0.13    0.00    0.00   55.57
平均时间:  all   38.41    0.00    5.89    0.00    0.00    0.13    0.00    0.00   55.57

Linux 2.6.32-431.el6.x86_64 (slave1) 	2019年07月25日 	_x86_64_	(8 CPU)

03时01分19秒  CPU    %usr   %nice    %sys %iowait    %irq   %soft  %steal  %guest   %idle
03时01分20秒  all   61.51    0.00    9.72    0.00    0.00    0.00    0.00    0.00   28.77
平均时间:  all   61.51    0.00    9.72    0.00    0.00    0.00    0.00    0.00   28.77

Linux 2.6.32-431.el6.x86_64 (slave1) 	2019年07月25日 	_x86_64_	(8 CPU)

03时01分23秒  CPU    %usr   %nice    %sys %iowait    %irq   %soft  %steal  %guest   %idle
03时01分24秒  all   57.27    0.00   11.35    0.00    0.00    1.40    0.00    0.00   29.97
平均时间:  all   57.27    0.00   11.35    0.00    0.00    1.40    0.00    0.00   29.97

Linux 2.6.32-431.el6.x86_64 (slave1) 	2019年07月25日 	_x86_64_	(8 CPU)

03时01分27秒  CPU    %usr   %nice    %sys %iowait    %irq   %soft  %steal  %guest   %idle
03时01分28秒  all   19.95    0.00    3.45    0.00    0.00    0.13    0.00    0.00   76.47
平均时间:  all   19.95    0.00    3.45    0.00    0.00    0.13    0.00    0.00   76.47

Linux 2.6.32-431.el6.x86_64 (slave1) 	2019年07月25日 	_x86_64_	(8 CPU)

03时01分31秒  CPU    %usr   %nice    %sys %iowait    %irq   %soft  %steal  %guest   %idle
03时01分32秒  all   65.52    0.00    5.47    0.00    0.13    0.13    0.00    0.00   28.75
平均时间:  all   65.52    0.00    5.47    0.00    0.13    0.13    0.00    0.00   28.75

Linux 2.6.32-431.el6.x86_64 (slave1) 	2019年07月25日 	_x86_64_	(8 CPU)

03时01分35秒  CPU    %usr   %nice    %sys %iowait    %irq   %soft  %steal  %guest   %idle
03时01分36秒  all   44.76    0.00    8.06    0.00    0.00    0.13    0.00    0.00   47.06
平均时间:  all   44.76    0.00    8.06    0.00    0.00    0.13    0.00    0.00   47.06

Linux 2.6.32-431.el6.x86_64 (slave1) 	2019年07月25日 	_x86_64_	(8 CPU)

03时01分39秒  CPU    %usr   %nice    %sys %iowait    %irq   %soft  %steal  %guest   %idle
03时01分40秒  all   61.22    0.00    7.27    0.00    0.00    0.51    0.00    0.00   30.99
平均时间:  all   61.22    0.00    7.27    0.00    0.00    0.51    0.00    0.00   30.99

Linux 2.6.32-431.el6.x86_64 (slave1) 	2019年07月25日 	_x86_64_	(8 CPU)

03时01分43秒  CPU    %usr   %nice    %sys %iowait    %irq   %soft  %steal  %guest   %idle
03时01分44秒  all   40.46    0.00    4.83    0.00    0.00    1.15    0.00    0.00   53.56
平均时间:  all   40.46    0.00    4.83    0.00    0.00    1.15    0.00    0.00   53.56

Linux 2.6.32-431.el6.x86_64 (slave1) 	2019年07月25日 	_x86_64_	(8 CPU)

03时01分47秒  CPU    %usr   %nice    %sys %iowait    %irq   %soft  %steal  %guest   %idle
03时01分48秒  all   34.90    0.00    1.91    0.00    0.00    1.27    0.00    0.00   61.91
平均时间:  all   34.90    0.00    1.91    0.00    0.00    1.27    0.00    0.00   61.91

Linux 2.6.32-431.el6.x86_64 (slave1) 	2019年07月25日 	_x86_64_	(8 CPU)

03时01分51秒  CPU    %usr   %nice    %sys %iowait    %irq   %soft  %steal  %guest   %idle
03时01分52秒  all   49.11    0.00    4.33    0.00    0.13    0.76    0.00    0.00   45.67
平均时间:  all   49.11    0.00    4.33    0.00    0.13    0.76    0.00    0.00   45.67

Linux 2.6.32-431.el6.x86_64 (slave1) 	2019年07月25日 	_x86_64_	(8 CPU)

03时01分55秒  CPU    %usr   %nice    %sys %iowait    %irq   %soft  %steal  %guest   %idle
03时01分56秒  all   51.53    0.00    6.91    0.00    0.13    0.90    0.00    0.00   40.54
平均时间:  all   51.53    0.00    6.91    0.00    0.13    0.90    0.00    0.00   40.54

Linux 2.6.32-431.el6.x86_64 (slave1) 	2019年07月25日 	_x86_64_	(8 CPU)

03时01分59秒  CPU    %usr   %nice    %sys %iowait    %irq   %soft  %steal  %guest   %idle
03时02分00秒  all   79.62    0.00    7.97    0.00    0.00    1.77    0.00    0.00   10.63
平均时间:  all   79.62    0.00    7.97    0.00    0.00    1.77    0.00    0.00   10.63

Linux 2.6.32-431.el6.x86_64 (slave1) 	2019年07月25日 	_x86_64_	(8 CPU)

03时02分03秒  CPU    %usr   %nice    %sys %iowait    %irq   %soft  %steal  %guest   %idle
03时02分04秒  all   33.84    0.00    4.33    0.00    0.00    0.25    0.00    0.00   61.58
平均时间:  all   33.84    0.00    4.33    0.00    0.00    0.25    0.00    0.00   61.58

Linux 2.6.32-431.el6.x86_64 (slave1) 	2019年07月25日 	_x86_64_	(8 CPU)

03时02分07秒  CPU    %usr   %nice    %sys %iowait    %irq   %soft  %steal  %guest   %idle
03时02分08秒  all   70.51    0.00    6.84    0.00    0.00    0.13    0.00    0.00   22.53
平均时间:  all   70.51    0.00    6.84    0.00    0.00    0.13    0.00    0.00   22.53

Linux 2.6.32-431.el6.x86_64 (slave1) 	2019年07月25日 	_x86_64_	(8 CPU)

03时02分11秒  CPU    %usr   %nice    %sys %iowait    %irq   %soft  %steal  %guest   %idle
03时02分12秒  all   76.70    0.00    7.18    0.00    0.00    1.01    0.00    0.00   15.11
平均时间:  all   76.70    0.00    7.18    0.00    0.00    1.01    0.00    0.00   15.11

Linux 2.6.32-431.el6.x86_64 (slave1) 	2019年07月25日 	_x86_64_	(8 CPU)

03时02分15秒  CPU    %usr   %nice    %sys %iowait    %irq   %soft  %steal  %guest   %idle
03时02分16秒  all   57.41    0.00   11.41    0.00    0.00    0.00    0.00    0.00   31.18
平均时间:  all   57.41    0.00   11.41    0.00    0.00    0.00    0.00    0.00   31.18

Linux 2.6.32-431.el6.x86_64 (slave1) 	2019年07月25日 	_x86_64_	(8 CPU)

03时02分19秒  CPU    %usr   %nice    %sys %iowait    %irq   %soft  %steal  %guest   %idle
03时02分20秒  all   74.90    0.00   11.91    0.00    0.00    0.13    0.00    0.00   13.05
平均时间:  all   74.90    0.00   11.91    0.00    0.00    0.13    0.00    0.00   13.05

Linux 2.6.32-431.el6.x86_64 (slave1) 	2019年07月25日 	_x86_64_	(8 CPU)

03时02分23秒  CPU    %usr   %nice    %sys %iowait    %irq   %soft  %steal  %guest   %idle
03时02分24秒  all   86.23    0.00   10.51    0.00    0.00    2.00    0.00    0.00    1.25
平均时间:  all   86.23    0.00   10.51    0.00    0.00    2.00    0.00    0.00    1.25

Linux 2.6.32-431.el6.x86_64 (slave1) 	2019年07月25日 	_x86_64_	(8 CPU)

03时02分27秒  CPU    %usr   %nice    %sys %iowait    %irq   %soft  %steal  %guest   %idle
03时02分28秒  all   49.35    0.00   16.88    0.00    0.39   12.21    0.00    0.00   21.17
平均时间:  all   49.35    0.00   16.88    0.00    0.39   12.21    0.00    0.00   21.17

Linux 2.6.32-431.el6.x86_64 (slave1) 	2019年07月25日 	_x86_64_	(8 CPU)

03时02分31秒  CPU    %usr   %nice    %sys %iowait    %irq   %soft  %steal  %guest   %idle
03时02分32秒  all   64.91    0.00   18.55    0.00    0.13   15.54    0.00    0.00    0.88
平均时间:  all   64.91    0.00   18.55    0.00    0.13   15.54    0.00    0.00    0.88

Linux 2.6.32-431.el6.x86_64 (slave1) 	2019年07月25日 	_x86_64_	(8 CPU)

03时02分35秒  CPU    %usr   %nice    %sys %iowait    %irq   %soft  %steal  %guest   %idle
03时02分36秒  all   66.88    0.00   17.31    0.00    0.25   15.56    0.00    0.00    0.00
平均时间:  all   66.88    0.00   17.31    0.00    0.25   15.56    0.00    0.00    0.00

Linux 2.6.32-431.el6.x86_64 (slave1) 	2019年07月25日 	_x86_64_	(8 CPU)

03时02分39秒  CPU    %usr   %nice    %sys %iowait    %irq   %soft  %steal  %guest   %idle
03时02分40秒  all   67.92    0.00   19.55    0.00    0.50   11.28    0.00    0.00    0.75
平均时间:  all   67.92    0.00   19.55    0.00    0.50   11.28    0.00    0.00    0.75

Linux 2.6.32-431.el6.x86_64 (slave1) 	2019年07月25日 	_x86_64_	(8 CPU)

03时02分43秒  CPU    %usr   %nice    %sys %iowait    %irq   %soft  %steal  %guest   %idle
03时02分44秒  all   75.84    0.00   17.90    0.00    0.25    5.63    0.00    0.00    0.38
平均时间:  all   75.84    0.00   17.90    0.00    0.25    5.63    0.00    0.00    0.38

Linux 2.6.32-431.el6.x86_64 (slave1) 	2019年07月25日 	_x86_64_	(8 CPU)

03时02分47秒  CPU    %usr   %nice    %sys %iowait    %irq   %soft  %steal  %guest   %idle
03时02分48秒  all   66.54    0.00   19.55    0.00    0.25   13.66    0.00    0.00    0.00
平均时间:  all   66.54    0.00   19.55    0.00    0.25   13.66    0.00    0.00    0.00

Linux 2.6.32-431.el6.x86_64 (slave1) 	2019年07月25日 	_x86_64_	(8 CPU)

03时02分51秒  CPU    %usr   %nice    %sys %iowait    %irq   %soft  %steal  %guest   %idle
03时02分52秒  all   71.29    0.00   17.14    0.00    0.41   10.75    0.00    0.00    0.41
平均时间:  all   71.29    0.00   17.14    0.00    0.41   10.75    0.00    0.00    0.41

Linux 2.6.32-431.el6.x86_64 (slave1) 	2019年07月25日 	_x86_64_	(8 CPU)

03时02分55秒  CPU    %usr   %nice    %sys %iowait    %irq   %soft  %steal  %guest   %idle
03时02分56秒  all   92.58    0.00    6.16    0.00    0.13    0.75    0.00    0.00    0.38
平均时间:  all   92.58    0.00    6.16    0.00    0.13    0.75    0.00    0.00    0.38

Linux 2.6.32-431.el6.x86_64 (slave1) 	2019年07月25日 	_x86_64_	(8 CPU)

03时02分59秒  CPU    %usr   %nice    %sys %iowait    %irq   %soft  %steal  %guest   %idle
03时03分00秒  all   62.64    0.00    5.52    0.00    0.13    1.54    0.00    0.00   30.17
平均时间:  all   62.64    0.00    5.52    0.00    0.13    1.54    0.00    0.00   30.17

Linux 2.6.32-431.el6.x86_64 (slave1) 	2019年07月25日 	_x86_64_	(8 CPU)

03时03分03秒  CPU    %usr   %nice    %sys %iowait    %irq   %soft  %steal  %guest   %idle
03时03分04秒  all   72.14    0.00    8.14    0.00    0.38    2.04    0.00    0.00   17.30
平均时间:  all   72.14    0.00    8.14    0.00    0.38    2.04    0.00    0.00   17.30

Linux 2.6.32-431.el6.x86_64 (slave1) 	2019年07月25日 	_x86_64_	(8 CPU)

03时03分08秒  CPU    %usr   %nice    %sys %iowait    %irq   %soft  %steal  %guest   %idle
03时03分09秒  all   85.77    0.00   11.46    0.00    0.25    1.26    0.00    0.00    1.26
平均时间:  all   85.77    0.00   11.46    0.00    0.25    1.26    0.00    0.00    1.26

Linux 2.6.32-431.el6.x86_64 (slave1) 	2019年07月25日 	_x86_64_	(8 CPU)

03时03分12秒  CPU    %usr   %nice    %sys %iowait    %irq   %soft  %steal  %guest   %idle
03时03分13秒  all   87.26    0.00    9.71    0.00    0.13    0.88    0.00    0.00    2.02
平均时间:  all   87.26    0.00    9.71    0.00    0.13    0.88    0.00    0.00    2.02

Linux 2.6.32-431.el6.x86_64 (slave1) 	2019年07月25日 	_x86_64_	(8 CPU)

03时03分16秒  CPU    %usr   %nice    %sys %iowait    %irq   %soft  %steal  %guest   %idle
03时03分17秒  all   78.45    0.00    8.87    0.00    0.13    0.76    0.00    0.00   11.79
平均时间:  all   78.45    0.00    8.87    0.00    0.13    0.76    0.00    0.00   11.79

Linux 2.6.32-431.el6.x86_64 (slave1) 	2019年07月25日 	_x86_64_	(8 CPU)

03时03分21秒  CPU    %usr   %nice    %sys %iowait    %irq   %soft  %steal  %guest   %idle
03时03分22秒  all   94.00    0.00    5.62    0.00    0.00    0.38    0.00    0.00    0.00
平均时间:  all   94.00    0.00    5.62    0.00    0.00    0.38    0.00    0.00    0.00

Linux 2.6.32-431.el6.x86_64 (slave1) 	2019年07月25日 	_x86_64_	(8 CPU)

03时03分25秒  CPU    %usr   %nice    %sys %iowait    %irq   %soft  %steal  %guest   %idle
03时03分26秒  all   87.33    0.00    9.54    0.00    0.13    1.00    0.00    0.00    2.01
平均时间:  all   87.33    0.00    9.54    0.00    0.13    1.00    0.00    0.00    2.01

Linux 2.6.32-431.el6.x86_64 (slave1) 	2019年07月25日 	_x86_64_	(8 CPU)

03时03分29秒  CPU    %usr   %nice    %sys %iowait    %irq   %soft  %steal  %guest   %idle
03时03分30秒  all   54.72    0.00   20.08    0.00    0.26    2.49    0.00    0.00   22.44
平均时间:  all   54.72    0.00   20.08    0.00    0.26    2.49    0.00    0.00   22.44

Linux 2.6.32-431.el6.x86_64 (slave1) 	2019年07月25日 	_x86_64_	(8 CPU)

03时03分33秒  CPU    %usr   %nice    %sys %iowait    %irq   %soft  %steal  %guest   %idle
03时03分34秒  all   88.86    0.00    8.51    0.00    0.13    0.38    0.00    0.00    2.13
平均时间:  all   88.86    0.00    8.51    0.00    0.13    0.38    0.00    0.00    2.13

Linux 2.6.32-431.el6.x86_64 (slave1) 	2019年07月25日 	_x86_64_	(8 CPU)

03时03分37秒  CPU    %usr   %nice    %sys %iowait    %irq   %soft  %steal  %guest   %idle
03时03分38秒  all   86.97    0.00   11.03    0.00    0.00    0.25    0.00    0.00    1.75
平均时间:  all   86.97    0.00   11.03    0.00    0.00    0.25    0.00    0.00    1.75

Linux 2.6.32-431.el6.x86_64 (slave1) 	2019年07月25日 	_x86_64_	(8 CPU)

03时03分41秒  CPU    %usr   %nice    %sys %iowait    %irq   %soft  %steal  %guest   %idle
03时03分42秒  all   25.42    0.00    5.13    0.00    0.00    2.18    0.00    0.00   67.27
平均时间:  all   25.42    0.00    5.13    0.00    0.00    2.18    0.00    0.00   67.27

Linux 2.6.32-431.el6.x86_64 (slave1) 	2019年07月25日 	_x86_64_	(8 CPU)

03时03分45秒  CPU    %usr   %nice    %sys %iowait    %irq   %soft  %steal  %guest   %idle
03时03分46秒  all   89.64    0.00   10.11    0.00    0.00    0.25    0.00    0.00    0.00
平均时间:  all   89.64    0.00   10.11    0.00    0.00    0.25    0.00    0.00    0.00

Linux 2.6.32-431.el6.x86_64 (slave1) 	2019年07月25日 	_x86_64_	(8 CPU)

03时03分50秒  CPU    %usr   %nice    %sys %iowait    %irq   %soft  %steal  %guest   %idle
03时03分51秒  all   76.80    0.00   13.75    0.63    0.13    0.38    0.00    0.00    8.32
平均时间:  all   76.80    0.00   13.75    0.63    0.13    0.38    0.00    0.00    8.32

Linux 2.6.32-431.el6.x86_64 (slave1) 	2019年07月25日 	_x86_64_	(8 CPU)

03时03分54秒  CPU    %usr   %nice    %sys %iowait    %irq   %soft  %steal  %guest   %idle
03时03分55秒  all   80.05    0.00    9.22    0.00    0.00    0.63    0.00    0.00   10.10
平均时间:  all   80.05    0.00    9.22    0.00    0.00    0.63    0.00    0.00   10.10

Linux 2.6.32-431.el6.x86_64 (slave1) 	2019年07月25日 	_x86_64_	(8 CPU)

03时03分58秒  CPU    %usr   %nice    %sys %iowait    %irq   %soft  %steal  %guest   %idle
03时03分59秒  all   92.88    0.00    5.88    0.00    0.00    0.25    0.00    0.00    1.00
平均时间:  all   92.88    0.00    5.88    0.00    0.00    0.25    0.00    0.00    1.00

Linux 2.6.32-431.el6.x86_64 (slave1) 	2019年07月25日 	_x86_64_	(8 CPU)

03时04分02秒  CPU    %usr   %nice    %sys %iowait    %irq   %soft  %steal  %guest   %idle
03时04分03秒  all   86.07    0.00    8.03    0.00    0.13    1.13    0.00    0.00    4.64
平均时间:  all   86.07    0.00    8.03    0.00    0.13    1.13    0.00    0.00    4.64

Linux 2.6.32-431.el6.x86_64 (slave1) 	2019年07月25日 	_x86_64_	(8 CPU)

03时04分06秒  CPU    %usr   %nice    %sys %iowait    %irq   %soft  %steal  %guest   %idle
03时04分07秒  all   84.84    0.00   13.03    0.00    0.13    0.50    0.00    0.00    1.50
平均时间:  all   84.84    0.00   13.03    0.00    0.13    0.50    0.00    0.00    1.50

Linux 2.6.32-431.el6.x86_64 (slave1) 	2019年07月25日 	_x86_64_	(8 CPU)

03时04分10秒  CPU    %usr   %nice    %sys %iowait    %irq   %soft  %steal  %guest   %idle
03时04分11秒  all   95.23    0.00    4.14    0.00    0.00    0.63    0.00    0.00    0.00
平均时间:  all   95.23    0.00    4.14    0.00    0.00    0.63    0.00    0.00    0.00

Linux 2.6.32-431.el6.x86_64 (slave1) 	2019年07月25日 	_x86_64_	(8 CPU)

03时04分14秒  CPU    %usr   %nice    %sys %iowait    %irq   %soft  %steal  %guest   %idle
03时04分15秒  all   68.94    0.00    4.04    0.00    0.13    1.77    0.00    0.00   25.13
平均时间:  all   68.94    0.00    4.04    0.00    0.13    1.77    0.00    0.00   25.13

Linux 2.6.32-431.el6.x86_64 (slave1) 	2019年07月25日 	_x86_64_	(8 CPU)

03时04分18秒  CPU    %usr   %nice    %sys %iowait    %irq   %soft  %steal  %guest   %idle
03时04分19秒  all   81.21    0.00    9.71    0.00    0.13    2.14    0.00    0.00    6.81
平均时间:  all   81.21    0.00    9.71    0.00    0.13    2.14    0.00    0.00    6.81

Linux 2.6.32-431.el6.x86_64 (slave1) 	2019年07月25日 	_x86_64_	(8 CPU)

03时04分22秒  CPU    %usr   %nice    %sys %iowait    %irq   %soft  %steal  %guest   %idle
03时04分23秒  all   91.36    0.00    7.51    0.00    0.00    1.00    0.00    0.00    0.13
平均时间:  all   91.36    0.00    7.51    0.00    0.00    1.00    0.00    0.00    0.13

Linux 2.6.32-431.el6.x86_64 (slave1) 	2019年07月25日 	_x86_64_	(8 CPU)

03时04分26秒  CPU    %usr   %nice    %sys %iowait    %irq   %soft  %steal  %guest   %idle
03时04分27秒  all   69.81    0.00   10.57    0.00    0.00    1.91    0.00    0.00   17.71
平均时间:  all   69.81    0.00   10.57    0.00    0.00    1.91    0.00    0.00   17.71

Linux 2.6.32-431.el6.x86_64 (slave1) 	2019年07月25日 	_x86_64_	(8 CPU)

03时04分30秒  CPU    %usr   %nice    %sys %iowait    %irq   %soft  %steal  %guest   %idle
03时04分31秒  all   61.03    0.00   20.55    0.00    0.25   15.13    0.00    0.00    3.03
平均时间:  all   61.03    0.00   20.55    0.00    0.25   15.13    0.00    0.00    3.03

Linux 2.6.32-431.el6.x86_64 (slave1) 	2019年07月25日 	_x86_64_	(8 CPU)

03时04分34秒  CPU    %usr   %nice    %sys %iowait    %irq   %soft  %steal  %guest   %idle
03时04分35秒  all   61.70    0.00   22.26    0.00    0.38   15.39    0.00    0.00    0.25
平均时间:  all   61.70    0.00   22.26    0.00    0.38   15.39    0.00    0.00    0.25

Linux 2.6.32-431.el6.x86_64 (slave1) 	2019年07月25日 	_x86_64_	(8 CPU)

03时04分38秒  CPU    %usr   %nice    %sys %iowait    %irq   %soft  %steal  %guest   %idle
03时04分39秒  all   59.97    0.00   21.08    0.00    0.38   17.57    0.00    0.00    1.00
平均时间:  all   59.97    0.00   21.08    0.00    0.38   17.57    0.00    0.00    1.00

Linux 2.6.32-431.el6.x86_64 (slave1) 	2019年07月25日 	_x86_64_	(8 CPU)

03时04分42秒  CPU    %usr   %nice    %sys %iowait    %irq   %soft  %steal  %guest   %idle
03时04分43秒  all   60.60    0.00   22.21    0.00    0.25   16.81    0.00    0.00    0.13
平均时间:  all   60.60    0.00   22.21    0.00    0.25   16.81    0.00    0.00    0.13

Linux 2.6.32-431.el6.x86_64 (slave1) 	2019年07月25日 	_x86_64_	(8 CPU)

03时04分46秒  CPU    %usr   %nice    %sys %iowait    %irq   %soft  %steal  %guest   %idle
03时04分47秒  all   74.84    0.00   15.77    0.00    0.25    9.01    0.00    0.00    0.13
平均时间:  all   74.84    0.00   15.77    0.00    0.25    9.01    0.00    0.00    0.13

Linux 2.6.32-431.el6.x86_64 (slave1) 	2019年07月25日 	_x86_64_	(8 CPU)

03时04分50秒  CPU    %usr   %nice    %sys %iowait    %irq   %soft  %steal  %guest   %idle
03时04分51秒  all   80.03    0.00   14.32    0.00    0.25    5.40    0.00    0.00    0.00
平均时间:  all   80.03    0.00   14.32    0.00    0.25    5.40    0.00    0.00    0.00

Linux 2.6.32-431.el6.x86_64 (slave1) 	2019年07月25日 	_x86_64_	(8 CPU)

03时04分54秒  CPU    %usr   %nice    %sys %iowait    %irq   %soft  %steal  %guest   %idle
03时04分55秒  all   74.06    0.00   17.29    0.00    0.38    8.27    0.00    0.00    0.00
平均时间:  all   74.06    0.00   17.29    0.00    0.38    8.27    0.00    0.00    0.00

Linux 2.6.32-431.el6.x86_64 (slave1) 	2019年07月25日 	_x86_64_	(8 CPU)

03时04分58秒  CPU    %usr   %nice    %sys %iowait    %irq   %soft  %steal  %guest   %idle
03时04分59秒  all   53.85    0.00    6.15    0.00    0.13    0.00    0.00    0.00   39.87
平均时间:  all   53.85    0.00    6.15    0.00    0.13    0.00    0.00    0.00   39.87

Linux 2.6.32-431.el6.x86_64 (slave1) 	2019年07月25日 	_x86_64_	(8 CPU)

03时05分02秒  CPU    %usr   %nice    %sys %iowait    %irq   %soft  %steal  %guest   %idle
03时05分03秒  all   11.96    0.00    7.80    0.00    0.00    8.19    0.00    0.00   72.04
平均时间:  all   11.96    0.00    7.80    0.00    0.00    8.19    0.00    0.00   72.04

Linux 2.6.32-431.el6.x86_64 (slave1) 	2019年07月25日 	_x86_64_	(8 CPU)

03时05分06秒  CPU    %usr   %nice    %sys %iowait    %irq   %soft  %steal  %guest   %idle
03时05分07秒  all   31.82    0.00   33.54    0.00    0.00    0.00    0.00    0.00   34.64
平均时间:  all   31.82    0.00   33.54    0.00    0.00    0.00    0.00    0.00   34.64

Linux 2.6.32-431.el6.x86_64 (slave1) 	2019年07月25日 	_x86_64_	(8 CPU)

03时05分10秒  CPU    %usr   %nice    %sys %iowait    %irq   %soft  %steal  %guest   %idle
03时05分11秒  all   17.67    0.00    3.46    0.00    0.00    0.00    0.00    0.00   78.87
平均时间:  all   17.67    0.00    3.46    0.00    0.00    0.00    0.00    0.00   78.87

Linux 2.6.32-431.el6.x86_64 (slave1) 	2019年07月25日 	_x86_64_	(8 CPU)

03时05分14秒  CPU    %usr   %nice    %sys %iowait    %irq   %soft  %steal  %guest   %idle
03时05分15秒  all   68.69    0.00    8.37    0.00    0.00    0.00    0.00    0.00   22.94
平均时间:  all   68.69    0.00    8.37    0.00    0.00    0.00    0.00    0.00   22.94

Linux 2.6.32-431.el6.x86_64 (slave1) 	2019年07月25日 	_x86_64_	(8 CPU)

03时05分19秒  CPU    %usr   %nice    %sys %iowait    %irq   %soft  %steal  %guest   %idle
03时05分20秒  all   28.44    0.00    5.23    0.00    0.00    0.26    0.00    0.00   66.07
平均时间:  all   28.44    0.00    5.23    0.00    0.00    0.26    0.00    0.00   66.07

Linux 2.6.32-431.el6.x86_64 (slave1) 	2019年07月25日 	_x86_64_	(8 CPU)

03时05分23秒  CPU    %usr   %nice    %sys %iowait    %irq   %soft  %steal  %guest   %idle
03时05分24秒  all   82.70    0.00   11.87    0.00    0.00    0.00    0.00    0.00    5.43
平均时间:  all   82.70    0.00   11.87    0.00    0.00    0.00    0.00    0.00    5.43

Linux 2.6.32-431.el6.x86_64 (slave1) 	2019年07月25日 	_x86_64_	(8 CPU)

03时05分27秒  CPU    %usr   %nice    %sys %iowait    %irq   %soft  %steal  %guest   %idle
03时05分28秒  all   35.57    0.00    3.54    0.00    0.00    0.00    0.00    0.00   60.89
平均时间:  all   35.57    0.00    3.54    0.00    0.00    0.00    0.00    0.00   60.89

Linux 2.6.32-431.el6.x86_64 (slave1) 	2019年07月25日 	_x86_64_	(8 CPU)

03时05分31秒  CPU    %usr   %nice    %sys %iowait    %irq   %soft  %steal  %guest   %idle
03时05分32秒  all   58.16    0.00    8.04    0.00    0.00    0.13    0.00    0.00   33.67
平均时间:  all   58.16    0.00    8.04    0.00    0.00    0.13    0.00    0.00   33.67

Linux 2.6.32-431.el6.x86_64 (slave1) 	2019年07月25日 	_x86_64_	(8 CPU)

03时05分35秒  CPU    %usr   %nice    %sys %iowait    %irq   %soft  %steal  %guest   %idle
03时05分36秒  all   78.26    0.00    6.57    0.00    0.00    0.00    0.00    0.00   15.17
平均时间:  all   78.26    0.00    6.57    0.00    0.00    0.00    0.00    0.00   15.17

Linux 2.6.32-431.el6.x86_64 (slave1) 	2019年07月25日 	_x86_64_	(8 CPU)

03时05分39秒  CPU    %usr   %nice    %sys %iowait    %irq   %soft  %steal  %guest   %idle
03时05分40秒  all   38.90    0.00   10.71    0.00    0.00    4.46    0.00    0.00   45.92
平均时间:  all   38.90    0.00   10.71    0.00    0.00    4.46    0.00    0.00   45.92

Linux 2.6.32-431.el6.x86_64 (slave1) 	2019年07月25日 	_x86_64_	(8 CPU)

03时05分43秒  CPU    %usr   %nice    %sys %iowait    %irq   %soft  %steal  %guest   %idle
03时05分44秒  all   90.51    0.00    9.11    0.00    0.00    0.25    0.00    0.00    0.12
平均时间:  all   90.51    0.00    9.11    0.00    0.00    0.25    0.00    0.00    0.12

Linux 2.6.32-431.el6.x86_64 (slave1) 	2019年07月25日 	_x86_64_	(8 CPU)

03时05分47秒  CPU    %usr   %nice    %sys %iowait    %irq   %soft  %steal  %guest   %idle
03时05分48秒  all   89.67    0.00    7.18    0.00    0.13    0.38    0.00    0.00    2.64
平均时间:  all   89.67    0.00    7.18    0.00    0.13    0.38    0.00    0.00    2.64

Linux 2.6.32-431.el6.x86_64 (slave1) 	2019年07月25日 	_x86_64_	(8 CPU)

03时05分51秒  CPU    %usr   %nice    %sys %iowait    %irq   %soft  %steal  %guest   %idle
03时05分52秒  all   88.36    0.00    8.89    0.00    0.38    2.13    0.00    0.00    0.25
平均时间:  all   88.36    0.00    8.89    0.00    0.38    2.13    0.00    0.00    0.25

Linux 2.6.32-431.el6.x86_64 (slave1) 	2019年07月25日 	_x86_64_	(8 CPU)

03时05分55秒  CPU    %usr   %nice    %sys %iowait    %irq   %soft  %steal  %guest   %idle
03时05分56秒  all   87.25    0.00    9.85    0.00    0.13    0.63    0.00    0.00    2.15
平均时间:  all   87.25    0.00    9.85    0.00    0.13    0.63    0.00    0.00    2.15

Linux 2.6.32-431.el6.x86_64 (slave1) 	2019年07月25日 	_x86_64_	(8 CPU)

03时05分59秒  CPU    %usr   %nice    %sys %iowait    %irq   %soft  %steal  %guest   %idle
03时06分00秒  all   56.94    0.00   13.12    0.00    0.13    4.33    0.00    0.00   25.48
平均时间:  all   56.94    0.00   13.12    0.00    0.13    4.33    0.00    0.00   25.48

Linux 2.6.32-431.el6.x86_64 (slave1) 	2019年07月25日 	_x86_64_	(8 CPU)

03时06分03秒  CPU    %usr   %nice    %sys %iowait    %irq   %soft  %steal  %guest   %idle
03时06分04秒  all   87.58    0.00    9.41    0.00    0.00    0.50    0.00    0.00    2.51
平均时间:  all   87.58    0.00    9.41    0.00    0.00    0.50    0.00    0.00    2.51

Linux 2.6.32-431.el6.x86_64 (slave1) 	2019年07月25日 	_x86_64_	(8 CPU)

03时06分07秒  CPU    %usr   %nice    %sys %iowait    %irq   %soft  %steal  %guest   %idle
03时06分08秒  all   88.05    0.00    9.56    0.00    0.00    0.75    0.00    0.00    1.64
平均时间:  all   88.05    0.00    9.56    0.00    0.00    0.75    0.00    0.00    1.64

Linux 2.6.32-431.el6.x86_64 (slave1) 	2019年07月25日 	_x86_64_	(8 CPU)

03时06分11秒  CPU    %usr   %nice    %sys %iowait    %irq   %soft  %steal  %guest   %idle
03时06分12秒  all   41.92    0.00    2.95    0.00    0.13    0.38    0.00    0.00   54.62
平均时间:  all   41.92    0.00    2.95    0.00    0.13    0.38    0.00    0.00   54.62

Linux 2.6.32-431.el6.x86_64 (slave1) 	2019年07月25日 	_x86_64_	(8 CPU)

03时06分15秒  CPU    %usr   %nice    %sys %iowait    %irq   %soft  %steal  %guest   %idle
03时06分16秒  all   91.01    0.00    7.12    0.00    0.12    0.37    0.00    0.00    1.37
平均时间:  all   91.01    0.00    7.12    0.00    0.12    0.37    0.00    0.00    1.37

Linux 2.6.32-431.el6.x86_64 (slave1) 	2019年07月25日 	_x86_64_	(8 CPU)

03时06分19秒  CPU    %usr   %nice    %sys %iowait    %irq   %soft  %steal  %guest   %idle
03时06分20秒  all   92.75    0.00    6.62    0.00    0.00    0.12    0.00    0.00    0.50
平均时间:  all   92.75    0.00    6.62    0.00    0.00    0.12    0.00    0.00    0.50

Linux 2.6.32-431.el6.x86_64 (slave1) 	2019年07月25日 	_x86_64_	(8 CPU)

03时06分23秒  CPU    %usr   %nice    %sys %iowait    %irq   %soft  %steal  %guest   %idle
03时06分24秒  all   79.15    0.00   17.46    0.00    0.00    0.88    0.00    0.00    2.51
平均时间:  all   79.15    0.00   17.46    0.00    0.00    0.88    0.00    0.00    2.51

Linux 2.6.32-431.el6.x86_64 (slave1) 	2019年07月25日 	_x86_64_	(8 CPU)

03时06分27秒  CPU    %usr   %nice    %sys %iowait    %irq   %soft  %steal  %guest   %idle
03时06分28秒  all   80.98    0.00   10.08    0.00    0.13    1.64    0.00    0.00    7.18
平均时间:  all   80.98    0.00   10.08    0.00    0.13    1.64    0.00    0.00    7.18

Linux 2.6.32-431.el6.x86_64 (slave1) 	2019年07月25日 	_x86_64_	(8 CPU)

03时06分31秒  CPU    %usr   %nice    %sys %iowait    %irq   %soft  %steal  %guest   %idle
03时06分32秒  all   79.45    0.00   13.91    0.00    0.13    6.39    0.00    0.00    0.13
平均时间:  all   79.45    0.00   13.91    0.00    0.13    6.39    0.00    0.00    0.13

Linux 2.6.32-431.el6.x86_64 (slave1) 	2019年07月25日 	_x86_64_	(8 CPU)

03时06分35秒  CPU    %usr   %nice    %sys %iowait    %irq   %soft  %steal  %guest   %idle
03时06分36秒  all   66.71    0.00   18.70    0.00    0.12   14.34    0.00    0.00    0.12
平均时间:  all   66.71    0.00   18.70    0.00    0.12   14.34    0.00    0.00    0.12

Linux 2.6.32-431.el6.x86_64 (slave1) 	2019年07月25日 	_x86_64_	(8 CPU)

03时06分39秒  CPU    %usr   %nice    %sys %iowait    %irq   %soft  %steal  %guest   %idle
03时06分40秒  all   68.84    0.00   18.77    0.00    0.25   12.14    0.00    0.00    0.00
平均时间:  all   68.84    0.00   18.77    0.00    0.25   12.14    0.00    0.00    0.00

Linux 2.6.32-431.el6.x86_64 (slave1) 	2019年07月25日 	_x86_64_	(8 CPU)

03时06分43秒  CPU    %usr   %nice    %sys %iowait    %irq   %soft  %steal  %guest   %idle
03时06分44秒  all   70.40    0.00   17.51    0.00    0.13   11.84    0.00    0.00    0.13
平均时间:  all   70.40    0.00   17.51    0.00    0.13   11.84    0.00    0.00    0.13

Linux 2.6.32-431.el6.x86_64 (slave1) 	2019年07月25日 	_x86_64_	(8 CPU)

03时06分47秒  CPU    %usr   %nice    %sys %iowait    %irq   %soft  %steal  %guest   %idle
03时06分48秒  all   61.96    0.00   19.65    0.13    0.38   16.12    0.00    0.00    1.76
平均时间:  all   61.96    0.00   19.65    0.13    0.38   16.12    0.00    0.00    1.76

Linux 2.6.32-431.el6.x86_64 (slave1) 	2019年07月25日 	_x86_64_	(8 CPU)

03时06分52秒  CPU    %usr   %nice    %sys %iowait    %irq   %soft  %steal  %guest   %idle
03时06分53秒  all   66.58    0.00   22.57    0.00    0.50   10.21    0.00    0.00    0.13
平均时间:  all   66.58    0.00   22.57    0.00    0.50   10.21    0.00    0.00    0.13

Linux 2.6.32-431.el6.x86_64 (slave1) 	2019年07月25日 	_x86_64_	(8 CPU)

03时06分56秒  CPU    %usr   %nice    %sys %iowait    %irq   %soft  %steal  %guest   %idle
03时06分57秒  all   70.69    0.00    8.63    0.00    0.00    0.13    0.00    0.00   20.56
平均时间:  all   70.69    0.00    8.63    0.00    0.00    0.13    0.00    0.00   20.56

Linux 2.6.32-431.el6.x86_64 (slave1) 	2019年07月25日 	_x86_64_	(8 CPU)

03时07分00秒  CPU    %usr   %nice    %sys %iowait    %irq   %soft  %steal  %guest   %idle
03时07分01秒  all    2.29    0.00    1.27    0.00    0.13    0.13    0.00    0.00   96.19
平均时间:  all    2.29    0.00    1.27    0.00    0.13    0.13    0.00    0.00   96.19

Linux 2.6.32-431.el6.x86_64 (slave1) 	2019年07月25日 	_x86_64_	(8 CPU)

03时07分04秒  CPU    %usr   %nice    %sys %iowait    %irq   %soft  %steal  %guest   %idle
03时07分05秒  all   52.29    0.00    4.96    0.00    0.00    0.13    0.00    0.00   42.62
平均时间:  all   52.29    0.00    4.96    0.00    0.00    0.13    0.00    0.00   42.62

Linux 2.6.32-431.el6.x86_64 (slave1) 	2019年07月25日 	_x86_64_	(8 CPU)

03时07分08秒  CPU    %usr   %nice    %sys %iowait    %irq   %soft  %steal  %guest   %idle
03时07分09秒  all   34.05    0.00    1.39    0.00    0.00    0.00    0.00    0.00   64.56
平均时间:  all   34.05    0.00    1.39    0.00    0.00    0.00    0.00    0.00   64.56

Linux 2.6.32-431.el6.x86_64 (slave1) 	2019年07月25日 	_x86_64_	(8 CPU)

03时07分12秒  CPU    %usr   %nice    %sys %iowait    %irq   %soft  %steal  %guest   %idle
03时07分13秒  all   74.62    0.00    7.11    0.00    0.00    0.00    0.00    0.00   18.27
平均时间:  all   74.62    0.00    7.11    0.00    0.00    0.00    0.00    0.00   18.27

Linux 2.6.32-431.el6.x86_64 (slave1) 	2019年07月25日 	_x86_64_	(8 CPU)

03时07分16秒  CPU    %usr   %nice    %sys %iowait    %irq   %soft  %steal  %guest   %idle
03时07分17秒  all   26.92    0.00    6.92   10.90    0.00    0.13    0.00    0.00   55.13
平均时间:  all   26.92    0.00    6.92   10.90    0.00    0.13    0.00    0.00   55.13

Linux 2.6.32-431.el6.x86_64 (slave1) 	2019年07月25日 	_x86_64_	(8 CPU)

03时07分20秒  CPU    %usr   %nice    %sys %iowait    %irq   %soft  %steal  %guest   %idle
03时07分21秒  all   52.04    0.00    7.53    0.00    0.00    0.00    0.00    0.00   40.43
平均时间:  all   52.04    0.00    7.53    0.00    0.00    0.00    0.00    0.00   40.43

Linux 2.6.32-431.el6.x86_64 (slave1) 	2019年07月25日 	_x86_64_	(8 CPU)

03时07分24秒  CPU    %usr   %nice    %sys %iowait    %irq   %soft  %steal  %guest   %idle
03时07分25秒  all   40.13    0.00    4.30    0.00    0.00    0.63    0.00    0.00   54.94
平均时间:  all   40.13    0.00    4.30    0.00    0.00    0.63    0.00    0.00   54.94

Linux 2.6.32-431.el6.x86_64 (slave1) 	2019年07月25日 	_x86_64_	(8 CPU)

03时07分28秒  CPU    %usr   %nice    %sys %iowait    %irq   %soft  %steal  %guest   %idle
03时07分29秒  all   29.58    0.00    1.66    0.00    0.00    1.54    0.00    0.00   67.22
平均时间:  all   29.58    0.00    1.66    0.00    0.00    1.54    0.00    0.00   67.22

Linux 2.6.32-431.el6.x86_64 (slave1) 	2019年07月25日 	_x86_64_	(8 CPU)

03时07分32秒  CPU    %usr   %nice    %sys %iowait    %irq   %soft  %steal  %guest   %idle
03时07分33秒  all   41.12    0.00    2.43    0.00    0.00    1.40    0.00    0.00   55.04
平均时间:  all   41.12    0.00    2.43    0.00    0.00    1.40    0.00    0.00   55.04

Linux 2.6.32-431.el6.x86_64 (slave1) 	2019年07月25日 	_x86_64_	(8 CPU)

03时07分36秒  CPU    %usr   %nice    %sys %iowait    %irq   %soft  %steal  %guest   %idle
03时07分37秒  all   48.86    0.00    3.42    0.00    0.00    0.76    0.00    0.00   46.96
平均时间:  all   48.86    0.00    3.42    0.00    0.00    0.76    0.00    0.00   46.96

Linux 2.6.32-431.el6.x86_64 (slave1) 	2019年07月25日 	_x86_64_	(8 CPU)

03时07分40秒  CPU    %usr   %nice    %sys %iowait    %irq   %soft  %steal  %guest   %idle
03时07分41秒  all   29.73    0.00    1.02    0.00    0.00    1.52    0.00    0.00   67.73
平均时间:  all   29.73    0.00    1.02    0.00    0.00    1.52    0.00    0.00   67.73

Linux 2.6.32-431.el6.x86_64 (slave1) 	2019年07月25日 	_x86_64_	(8 CPU)

03时07分44秒  CPU    %usr   %nice    %sys %iowait    %irq   %soft  %steal  %guest   %idle
03时07分46秒  all   21.76    0.00   12.53    0.06    0.00    0.06    0.00    0.00   65.59
平均时间:  all   21.76    0.00   12.53    0.06    0.00    0.06    0.00    0.00   65.59

Linux 2.6.32-431.el6.x86_64 (slave1) 	2019年07月25日 	_x86_64_	(8 CPU)

03时07分49秒  CPU    %usr   %nice    %sys %iowait    %irq   %soft  %steal  %guest   %idle
03时07分50秒  all   16.52    0.00    1.52    0.00    0.00    1.27    0.00    0.00   80.69
平均时间:  all   16.52    0.00    1.52    0.00    0.00    1.27    0.00    0.00   80.69

Linux 2.6.32-431.el6.x86_64 (slave1) 	2019年07月25日 	_x86_64_	(8 CPU)

03时07分53秒  CPU    %usr   %nice    %sys %iowait    %irq   %soft  %steal  %guest   %idle
03时07分54秒  all   24.90    0.00    3.85    0.00    0.00    0.51    0.00    0.00   70.73
平均时间:  all   24.90    0.00    3.85    0.00    0.00    0.51    0.00    0.00   70.73

Linux 2.6.32-431.el6.x86_64 (slave1) 	2019年07月25日 	_x86_64_	(8 CPU)

03时07分58秒  CPU    %usr   %nice    %sys %iowait    %irq   %soft  %steal  %guest   %idle
03时07分59秒  all   29.50    0.00    5.43    0.00    0.13    1.16    0.00    0.00   63.78
平均时间:  all   29.50    0.00    5.43    0.00    0.13    1.16    0.00    0.00   63.78

Linux 2.6.32-431.el6.x86_64 (slave1) 	2019年07月25日 	_x86_64_	(8 CPU)

03时08分02秒  CPU    %usr   %nice    %sys %iowait    %irq   %soft  %steal  %guest   %idle
03时08分03秒  all   22.70    0.00   11.54    0.00    0.00    6.10    0.00    0.00   59.66
平均时间:  all   22.70    0.00   11.54    0.00    0.00    6.10    0.00    0.00   59.66

Linux 2.6.32-431.el6.x86_64 (slave1) 	2019年07月25日 	_x86_64_	(8 CPU)

03时08分06秒  CPU    %usr   %nice    %sys %iowait    %irq   %soft  %steal  %guest   %idle
03时08分07秒  all   73.89    0.00   11.15    0.00    0.00    0.00    0.00    0.00   14.96
平均时间:  all   73.89    0.00   11.15    0.00    0.00    0.00    0.00    0.00   14.96

Linux 2.6.32-431.el6.x86_64 (slave1) 	2019年07月25日 	_x86_64_	(8 CPU)

03时08分10秒  CPU    %usr   %nice    %sys %iowait    %irq   %soft  %steal  %guest   %idle
03时08分11秒  all   62.87    0.00    9.99    0.00    0.00    0.00    0.00    0.00   27.14
平均时间:  all   62.87    0.00    9.99    0.00    0.00    0.00    0.00    0.00   27.14

Linux 2.6.32-431.el6.x86_64 (slave1) 	2019年07月25日 	_x86_64_	(8 CPU)

03时08分14秒  CPU    %usr   %nice    %sys %iowait    %irq   %soft  %steal  %guest   %idle
03时08分15秒  all   52.67    0.00    4.58    0.00    0.00    1.15    0.00    0.00   41.60
平均时间:  all   52.67    0.00    4.58    0.00    0.00    1.15    0.00    0.00   41.60

Linux 2.6.32-431.el6.x86_64 (slave1) 	2019年07月25日 	_x86_64_	(8 CPU)

03时08分18秒  CPU    %usr   %nice    %sys %iowait    %irq   %soft  %steal  %guest   %idle
03时08分19秒  all   45.38    0.00    2.31    0.00    0.00    2.44    0.00    0.00   49.87
平均时间:  all   45.38    0.00    2.31    0.00    0.00    2.44    0.00    0.00   49.87

Linux 2.6.32-431.el6.x86_64 (slave1) 	2019年07月25日 	_x86_64_	(8 CPU)

03时08分22秒  CPU    %usr   %nice    %sys %iowait    %irq   %soft  %steal  %guest   %idle
03时08分23秒  all   62.91    0.00    3.04    0.00    0.00    0.76    0.00    0.00   33.29
平均时间:  all   62.91    0.00    3.04    0.00    0.00    0.76    0.00    0.00   33.29

Linux 2.6.32-431.el6.x86_64 (slave1) 	2019年07月25日 	_x86_64_	(8 CPU)

03时08分26秒  CPU    %usr   %nice    %sys %iowait    %irq   %soft  %steal  %guest   %idle
03时08分27秒  all   51.89    0.00    9.62    0.00    0.26    3.38    0.00    0.00   34.85
平均时间:  all   51.89    0.00    9.62    0.00    0.26    3.38    0.00    0.00   34.85

Linux 2.6.32-431.el6.x86_64 (slave1) 	2019年07月25日 	_x86_64_	(8 CPU)

03时08分30秒  CPU    %usr   %nice    %sys %iowait    %irq   %soft  %steal  %guest   %idle
03时08分31秒  all   46.11    0.00   13.04    0.00    0.13   13.57    0.00    0.00   27.14
平均时间:  all   46.11    0.00   13.04    0.00    0.13   13.57    0.00    0.00   27.14

Linux 2.6.32-431.el6.x86_64 (slave1) 	2019年07月25日 	_x86_64_	(8 CPU)

03时08分34秒  CPU    %usr   %nice    %sys %iowait    %irq   %soft  %steal  %guest   %idle
03时08分35秒  all   41.17    0.00    9.87    0.00    0.39    8.18    0.00    0.00   40.39
平均时间:  all   41.17    0.00    9.87    0.00    0.39    8.18    0.00    0.00   40.39

Linux 2.6.32-431.el6.x86_64 (slave1) 	2019年07月25日 	_x86_64_	(8 CPU)

03时08分38秒  CPU    %usr   %nice    %sys %iowait    %irq   %soft  %steal  %guest   %idle
03时08分39秒  all   32.76    0.00    9.91    0.00    0.53   10.70    0.00    0.00   46.10
平均时间:  all   32.76    0.00    9.91    0.00    0.53   10.70    0.00    0.00   46.10

Linux 2.6.32-431.el6.x86_64 (slave1) 	2019年07月25日 	_x86_64_	(8 CPU)

03时08分42秒  CPU    %usr   %nice    %sys %iowait    %irq   %soft  %steal  %guest   %idle
03时08分43秒  all   62.52    0.00   17.28    0.00    0.25   13.85    0.00    0.00    6.10
平均时间:  all   62.52    0.00   17.28    0.00    0.25   13.85    0.00    0.00    6.10

Linux 2.6.32-431.el6.x86_64 (slave1) 	2019年07月25日 	_x86_64_	(8 CPU)

03时08分46秒  CPU    %usr   %nice    %sys %iowait    %irq   %soft  %steal  %guest   %idle
03时08分47秒  all   35.07    0.00   12.99    0.00    0.40   18.74    0.00    0.00   32.80
平均时间:  all   35.07    0.00   12.99    0.00    0.40   18.74    0.00    0.00   32.80

Linux 2.6.32-431.el6.x86_64 (slave1) 	2019年07月25日 	_x86_64_	(8 CPU)

03时08分50秒  CPU    %usr   %nice    %sys %iowait    %irq   %soft  %steal  %guest   %idle
03时08分51秒  all   20.08    0.00   12.26    0.00    0.67   15.23    0.00    0.00   51.75
平均时间:  all   20.08    0.00   12.26    0.00    0.67   15.23    0.00    0.00   51.75

Linux 2.6.32-431.el6.x86_64 (slave1) 	2019年07月25日 	_x86_64_	(8 CPU)

03时08分54秒  CPU    %usr   %nice    %sys %iowait    %irq   %soft  %steal  %guest   %idle
03时08分55秒  all   46.55    0.00   15.21    0.00    0.26    8.06    0.00    0.00   29.91
平均时间:  all   46.55    0.00   15.21    0.00    0.26    8.06    0.00    0.00   29.91

Linux 2.6.32-431.el6.x86_64 (slave1) 	2019年07月25日 	_x86_64_	(8 CPU)

03时08分58秒  CPU    %usr   %nice    %sys %iowait    %irq   %soft  %steal  %guest   %idle
03时08分59秒  all   56.27    0.00   13.17    0.00    0.26    8.18    0.00    0.00   22.12
平均时间:  all   56.27    0.00   13.17    0.00    0.26    8.18    0.00    0.00   22.12

Linux 2.6.32-431.el6.x86_64 (slave1) 	2019年07月25日 	_x86_64_	(8 CPU)

03时09分02秒  CPU    %usr   %nice    %sys %iowait    %irq   %soft  %steal  %guest   %idle
03时09分03秒  all   58.75    0.00    7.79    0.00    0.26    0.51    0.00    0.00   32.69
平均时间:  all   58.75    0.00    7.79    0.00    0.26    0.51    0.00    0.00   32.69

Linux 2.6.32-431.el6.x86_64 (slave1) 	2019年07月25日 	_x86_64_	(8 CPU)

03时09分06秒  CPU    %usr   %nice    %sys %iowait    %irq   %soft  %steal  %guest   %idle
03时09分07秒  all   68.16    0.00   14.38    0.00    0.26    2.57    0.00    0.00   14.63
平均时间:  all   68.16    0.00   14.38    0.00    0.26    2.57    0.00    0.00   14.63

Linux 2.6.32-431.el6.x86_64 (slave1) 	2019年07月25日 	_x86_64_	(8 CPU)

03时09分10秒  CPU    %usr   %nice    %sys %iowait    %irq   %soft  %steal  %guest   %idle
03时09分11秒  all   65.40    0.00    7.35    0.00    0.00    0.38    0.00    0.00   26.87
平均时间:  all   65.40    0.00    7.35    0.00    0.00    0.38    0.00    0.00   26.87

Linux 2.6.32-431.el6.x86_64 (slave1) 	2019年07月25日 	_x86_64_	(8 CPU)

03时09分14秒  CPU    %usr   %nice    %sys %iowait    %irq   %soft  %steal  %guest   %idle
03时09分15秒  all   59.24    0.00    6.50    0.00    0.00    0.13    0.00    0.00   34.14
平均时间:  all   59.24    0.00    6.50    0.00    0.00    0.13    0.00    0.00   34.14

Linux 2.6.32-431.el6.x86_64 (slave1) 	2019年07月25日 	_x86_64_	(8 CPU)

03时09分18秒  CPU    %usr   %nice    %sys %iowait    %irq   %soft  %steal  %guest   %idle
03时09分19秒  all   83.67    0.00    8.86    0.00    0.13    0.63    0.00    0.00    6.71
平均时间:  all   83.67    0.00    8.86    0.00    0.13    0.63    0.00    0.00    6.71

Linux 2.6.32-431.el6.x86_64 (slave1) 	2019年07月25日 	_x86_64_	(8 CPU)

03时09分22秒  CPU    %usr   %nice    %sys %iowait    %irq   %soft  %steal  %guest   %idle
03时09分23秒  all    9.32    0.00    1.40    0.00    0.00    0.47    0.00    0.00   88.82
平均时间:  all    9.32    0.00    1.40    0.00    0.00    0.47    0.00    0.00   88.82

Linux 2.6.32-431.el6.x86_64 (slave1) 	2019年07月25日 	_x86_64_	(8 CPU)

03时09分26秒  CPU    %usr   %nice    %sys %iowait    %irq   %soft  %steal  %guest   %idle
03时09分27秒  all   41.28    0.00   12.82    0.00    0.13    2.18    0.00    0.00   43.59
平均时间:  all   41.28    0.00   12.82    0.00    0.13    2.18    0.00    0.00   43.59

Linux 2.6.32-431.el6.x86_64 (slave1) 	2019年07月25日 	_x86_64_	(8 CPU)

03时09分30秒  CPU    %usr   %nice    %sys %iowait    %irq   %soft  %steal  %guest   %idle
03时09分31秒  all   87.70    0.00    7.78    0.00    0.00    0.00    0.00    0.00    4.52
平均时间:  all   87.70    0.00    7.78    0.00    0.00    0.00    0.00    0.00    4.52

Linux 2.6.32-431.el6.x86_64 (slave1) 	2019年07月25日 	_x86_64_	(8 CPU)

03时09分34秒  CPU    %usr   %nice    %sys %iowait    %irq   %soft  %steal  %guest   %idle
03时09分35秒  all   88.18    0.00    9.06    0.00    0.13    0.38    0.00    0.00    2.26
平均时间:  all   88.18    0.00    9.06    0.00    0.13    0.38    0.00    0.00    2.26

Linux 2.6.32-431.el6.x86_64 (slave1) 	2019年07月25日 	_x86_64_	(8 CPU)

03时09分39秒  CPU    %usr   %nice    %sys %iowait    %irq   %soft  %steal  %guest   %idle
03时09分40秒  all   89.32    0.00    6.76    0.00    0.14    0.54    0.00    0.00    3.24
平均时间:  all   89.32    0.00    6.76    0.00    0.14    0.54    0.00    0.00    3.24

Linux 2.6.32-431.el6.x86_64 (slave1) 	2019年07月25日 	_x86_64_	(8 CPU)

03时09分43秒  CPU    %usr   %nice    %sys %iowait    %irq   %soft  %steal  %guest   %idle
03时09分44秒  all   83.65    0.00    5.70    0.00    0.00    0.89    0.00    0.00    9.76
平均时间:  all   83.65    0.00    5.70    0.00    0.00    0.89    0.00    0.00    9.76

Linux 2.6.32-431.el6.x86_64 (slave1) 	2019年07月25日 	_x86_64_	(8 CPU)

03时09分47秒  CPU    %usr   %nice    %sys %iowait    %irq   %soft  %steal  %guest   %idle
03时09分48秒  all   50.97    0.00    9.40    0.00    0.13    1.67    0.00    0.00   37.84
平均时间:  all   50.97    0.00    9.40    0.00    0.13    1.67    0.00    0.00   37.84

Linux 2.6.32-431.el6.x86_64 (slave1) 	2019年07月25日 	_x86_64_	(8 CPU)

03时09分51秒  CPU    %usr   %nice    %sys %iowait    %irq   %soft  %steal  %guest   %idle
03时09分52秒  all   58.40    0.00    8.14    0.00    0.00    0.13    0.00    0.00   33.33
平均时间:  all   58.40    0.00    8.14    0.00    0.00    0.13    0.00    0.00   33.33

Linux 2.6.32-431.el6.x86_64 (slave1) 	2019年07月25日 	_x86_64_	(8 CPU)

03时09分55秒  CPU    %usr   %nice    %sys %iowait    %irq   %soft  %steal  %guest   %idle
03时09分57秒  all   11.90    0.00    1.12    0.00    0.00    0.07    0.00    0.00   86.90
平均时间:  all   11.90    0.00    1.12    0.00    0.00    0.07    0.00    0.00   86.90

Linux 2.6.32-431.el6.x86_64 (slave1) 	2019年07月25日 	_x86_64_	(8 CPU)

03时10分00秒  CPU    %usr   %nice    %sys %iowait    %irq   %soft  %steal  %guest   %idle
03时10分01秒  all   80.65    0.00    9.17    0.00    0.00    1.01    0.00    0.00    9.17
平均时间:  all   80.65    0.00    9.17    0.00    0.00    1.01    0.00    0.00    9.17

Linux 2.6.32-431.el6.x86_64 (slave1) 	2019年07月25日 	_x86_64_	(8 CPU)

03时10分04秒  CPU    %usr   %nice    %sys %iowait    %irq   %soft  %steal  %guest   %idle
03时10分05秒  all   71.92    0.00   13.60    0.00    0.00    0.25    0.00    0.00   14.23
平均时间:  all   71.92    0.00   13.60    0.00    0.00    0.25    0.00    0.00   14.23

Linux 2.6.32-431.el6.x86_64 (slave1) 	2019年07月25日 	_x86_64_	(8 CPU)

03时10分08秒  CPU    %usr   %nice    %sys %iowait    %irq   %soft  %steal  %guest   %idle
03时10分09秒  all   73.73    0.00    8.63    0.00    0.00    0.00    0.00    0.00   17.64
平均时间:  all   73.73    0.00    8.63    0.00    0.00    0.00    0.00    0.00   17.64

Linux 2.6.32-431.el6.x86_64 (slave1) 	2019年07月25日 	_x86_64_	(8 CPU)

03时10分12秒  CPU    %usr   %nice    %sys %iowait    %irq   %soft  %steal  %guest   %idle
03时10分13秒  all   76.14    0.00    6.69    0.00    0.00    0.13    0.00    0.00   17.05
平均时间:  all   76.14    0.00    6.69    0.00    0.00    0.13    0.00    0.00   17.05

Linux 2.6.32-431.el6.x86_64 (slave1) 	2019年07月25日 	_x86_64_	(8 CPU)

03时10分16秒  CPU    %usr   %nice    %sys %iowait    %irq   %soft  %steal  %guest   %idle
03时10分17秒  all   89.34    0.00    8.16    0.00    0.00    0.13    0.00    0.00    2.38
平均时间:  all   89.34    0.00    8.16    0.00    0.00    0.13    0.00    0.00    2.38

Linux 2.6.32-431.el6.x86_64 (slave1) 	2019年07月25日 	_x86_64_	(8 CPU)

03时10分20秒  CPU    %usr   %nice    %sys %iowait    %irq   %soft  %steal  %guest   %idle
03时10分21秒  all   76.57    0.00   16.88    0.00    0.00    3.15    0.00    0.00    3.40
平均时间:  all   76.57    0.00   16.88    0.00    0.00    3.15    0.00    0.00    3.40

Linux 2.6.32-431.el6.x86_64 (slave1) 	2019年07月25日 	_x86_64_	(8 CPU)

03时10分24秒  CPU    %usr   %nice    %sys %iowait    %irq   %soft  %steal  %guest   %idle
03时10分25秒  all   80.40    0.00    9.30    0.00    0.00    0.13    0.00    0.00   10.18
平均时间:  all   80.40    0.00    9.30    0.00    0.00    0.13    0.00    0.00   10.18

Linux 2.6.32-431.el6.x86_64 (slave1) 	2019年07月25日 	_x86_64_	(8 CPU)

03时10分28秒  CPU    %usr   %nice    %sys %iowait    %irq   %soft  %steal  %guest   %idle
03时10分29秒  all   85.05    0.00   11.31    0.00    0.00    0.63    0.00    0.00    3.02
平均时间:  all   85.05    0.00   11.31    0.00    0.00    0.63    0.00    0.00    3.02

Linux 2.6.32-431.el6.x86_64 (slave1) 	2019年07月25日 	_x86_64_	(8 CPU)

03时10分32秒  CPU    %usr   %nice    %sys %iowait    %irq   %soft  %steal  %guest   %idle
03时10分33秒  all   87.59    0.00   10.40    0.00    0.00    0.88    0.00    0.00    1.13
平均时间:  all   87.59    0.00   10.40    0.00    0.00    0.88    0.00    0.00    1.13

Linux 2.6.32-431.el6.x86_64 (slave1) 	2019年07月25日 	_x86_64_	(8 CPU)

03时10分36秒  CPU    %usr   %nice    %sys %iowait    %irq   %soft  %steal  %guest   %idle
03时10分37秒  all   66.08    0.00    6.05    0.00    0.00    0.13    0.00    0.00   27.74
平均时间:  all   66.08    0.00    6.05    0.00    0.00    0.13    0.00    0.00   27.74

Linux 2.6.32-431.el6.x86_64 (slave1) 	2019年07月25日 	_x86_64_	(8 CPU)

03时10分40秒  CPU    %usr   %nice    %sys %iowait    %irq   %soft  %steal  %guest   %idle
03时10分41秒  all   46.43    0.00    6.12    0.00    0.00    0.64    0.00    0.00   46.81
平均时间:  all   46.43    0.00    6.12    0.00    0.00    0.64    0.00    0.00   46.81

Linux 2.6.32-431.el6.x86_64 (slave1) 	2019年07月25日 	_x86_64_	(8 CPU)

03时10分45秒  CPU    %usr   %nice    %sys %iowait    %irq   %soft  %steal  %guest   %idle
03时10分46秒  all   45.05    0.00   12.11    0.00    0.26    9.51    0.00    0.00   33.07
平均时间:  all   45.05    0.00   12.11    0.00    0.26    9.51    0.00    0.00   33.07

Linux 2.6.32-431.el6.x86_64 (slave1) 	2019年07月25日 	_x86_64_	(8 CPU)

03时10分49秒  CPU    %usr   %nice    %sys %iowait    %irq   %soft  %steal  %guest   %idle
03时10分50秒  all   51.68    0.00   10.70    0.00    0.26    8.51    0.00    0.00   28.87
平均时间:  all   51.68    0.00   10.70    0.00    0.26    8.51    0.00    0.00   28.87

Linux 2.6.32-431.el6.x86_64 (slave1) 	2019年07月25日 	_x86_64_	(8 CPU)

03时10分53秒  CPU    %usr   %nice    %sys %iowait    %irq   %soft  %steal  %guest   %idle
03时10分54秒  all   31.08    0.00   14.29    0.00    0.93   18.25    0.00    0.00   35.45
平均时间:  all   31.08    0.00   14.29    0.00    0.93   18.25    0.00    0.00   35.45

Linux 2.6.32-431.el6.x86_64 (slave1) 	2019年07月25日 	_x86_64_	(8 CPU)

03时10分57秒  CPU    %usr   %nice    %sys %iowait    %irq   %soft  %steal  %guest   %idle
03时10分58秒  all   41.96    0.00    5.48    0.00    0.13    1.53    0.00    0.00   50.89
平均时间:  all   41.96    0.00    5.48    0.00    0.13    1.53    0.00    0.00   50.89

Linux 2.6.32-431.el6.x86_64 (slave1) 	2019年07月25日 	_x86_64_	(8 CPU)

03时11分01秒  CPU    %usr   %nice    %sys %iowait    %irq   %soft  %steal  %guest   %idle
03时11分02秒  all   23.79    0.00    3.44    0.00    0.00    0.64    0.00    0.00   72.14
平均时间:  all   23.79    0.00    3.44    0.00    0.00    0.64    0.00    0.00   72.14

Linux 2.6.32-431.el6.x86_64 (slave1) 	2019年07月25日 	_x86_64_	(8 CPU)

03时11分05秒  CPU    %usr   %nice    %sys %iowait    %irq   %soft  %steal  %guest   %idle
03时11分06秒  all   65.78    0.00    9.80    0.00    0.13    2.42    0.00    0.00   21.88
平均时间:  all   65.78    0.00    9.80    0.00    0.13    2.42    0.00    0.00   21.88

Linux 2.6.32-431.el6.x86_64 (slave1) 	2019年07月25日 	_x86_64_	(8 CPU)

03时11分09秒  CPU    %usr   %nice    %sys %iowait    %irq   %soft  %steal  %guest   %idle
03时11分10秒  all   26.87    0.00    9.30    0.00    0.13    3.36    0.00    0.00   60.34
平均时间:  all   26.87    0.00    9.30    0.00    0.13    3.36    0.00    0.00   60.34

Linux 2.6.32-431.el6.x86_64 (slave1) 	2019年07月25日 	_x86_64_	(8 CPU)

03时11分13秒  CPU    %usr   %nice    %sys %iowait    %irq   %soft  %steal  %guest   %idle
03时11分14秒  all   31.74    0.00   12.26    0.00    0.26    7.87    0.00    0.00   47.87
平均时间:  all   31.74    0.00   12.26    0.00    0.26    7.87    0.00    0.00   47.87

Linux 2.6.32-431.el6.x86_64 (slave1) 	2019年07月25日 	_x86_64_	(8 CPU)

03时11分17秒  CPU    %usr   %nice    %sys %iowait    %irq   %soft  %steal  %guest   %idle
03时11分18秒  all   55.20    0.00   22.97    0.00    0.38   11.68    0.00    0.00    9.77
平均时间:  all   55.20    0.00   22.97    0.00    0.38   11.68    0.00    0.00    9.77

Linux 2.6.32-431.el6.x86_64 (slave1) 	2019年07月25日 	_x86_64_	(8 CPU)

03时11分21秒  CPU    %usr   %nice    %sys %iowait    %irq   %soft  %steal  %guest   %idle
03时11分22秒  all   72.30    0.00   16.15    0.00    0.25   10.68    0.00    0.00    0.62
平均时间:  all   72.30    0.00   16.15    0.00    0.25   10.68    0.00    0.00    0.62

Linux 2.6.32-431.el6.x86_64 (slave1) 	2019年07月25日 	_x86_64_	(8 CPU)

03时11分25秒  CPU    %usr   %nice    %sys %iowait    %irq   %soft  %steal  %guest   %idle
03时11分26秒  all   73.78    0.00   18.44    0.00    0.13    5.90    0.00    0.00    1.76
平均时间:  all   73.78    0.00   18.44    0.00    0.13    5.90    0.00    0.00    1.76

Linux 2.6.32-431.el6.x86_64 (slave1) 	2019年07月25日 	_x86_64_	(8 CPU)

03时11分29秒  CPU    %usr   %nice    %sys %iowait    %irq   %soft  %steal  %guest   %idle
03时11分30秒  all   62.82    0.00   22.34    0.00    0.38   12.56    0.00    0.00    1.90
平均时间:  all   62.82    0.00   22.34    0.00    0.38   12.56    0.00    0.00    1.90

Linux 2.6.32-431.el6.x86_64 (slave1) 	2019年07月25日 	_x86_64_	(8 CPU)

03时11分33秒  CPU    %usr   %nice    %sys %iowait    %irq   %soft  %steal  %guest   %idle
03时11分34秒  all   78.85    0.00    9.30    0.00    0.25    1.40    0.00    0.00   10.19
平均时间:  all   78.85    0.00    9.30    0.00    0.25    1.40    0.00    0.00   10.19

Linux 2.6.32-431.el6.x86_64 (slave1) 	2019年07月25日 	_x86_64_	(8 CPU)

03时11分37秒  CPU    %usr   %nice    %sys %iowait    %irq   %soft  %steal  %guest   %idle
03时11分38秒  all   84.45    0.00    5.56    0.00    0.00    0.63    0.00    0.00    9.36
平均时间:  all   84.45    0.00    5.56    0.00    0.00    0.63    0.00    0.00    9.36

Linux 2.6.32-431.el6.x86_64 (slave1) 	2019年07月25日 	_x86_64_	(8 CPU)

03时11分41秒  CPU    %usr   %nice    %sys %iowait    %irq   %soft  %steal  %guest   %idle
03时11分42秒  all   91.81    0.00    5.16    0.00    0.13    0.76    0.00    0.00    2.14
平均时间:  all   91.81    0.00    5.16    0.00    0.13    0.76    0.00    0.00    2.14

Linux 2.6.32-431.el6.x86_64 (slave1) 	2019年07月25日 	_x86_64_	(8 CPU)

03时11分45秒  CPU    %usr   %nice    %sys %iowait    %irq   %soft  %steal  %guest   %idle
03时11分46秒  all   75.32    0.00    6.74    0.00    0.00    1.02    0.00    0.00   16.92
平均时间:  all   75.32    0.00    6.74    0.00    0.00    1.02    0.00    0.00   16.92

Linux 2.6.32-431.el6.x86_64 (slave1) 	2019年07月25日 	_x86_64_	(8 CPU)

03时11分49秒  CPU    %usr   %nice    %sys %iowait    %irq   %soft  %steal  %guest   %idle
03时11分50秒  all   84.54    0.00    5.45    0.00    0.00    1.39    0.00    0.00    8.62
平均时间:  all   84.54    0.00    5.45    0.00    0.00    1.39    0.00    0.00    8.62

Linux 2.6.32-431.el6.x86_64 (slave1) 	2019年07月25日 	_x86_64_	(8 CPU)

03时11分53秒  CPU    %usr   %nice    %sys %iowait    %irq   %soft  %steal  %guest   %idle
03时11分54秒  all   59.06    0.00    3.44    0.13    0.00    2.30    0.00    0.00   35.08
平均时间:  all   59.06    0.00    3.44    0.13    0.00    2.30    0.00    0.00   35.08

Linux 2.6.32-431.el6.x86_64 (slave1) 	2019年07月25日 	_x86_64_	(8 CPU)

03时11分57秒  CPU    %usr   %nice    %sys %iowait    %irq   %soft  %steal  %guest   %idle
03时11分58秒  all   76.41    0.00    3.51    0.00    0.00    0.75    0.00    0.00   19.32
平均时间:  all   76.41    0.00    3.51    0.00    0.00    0.75    0.00    0.00   19.32

Linux 2.6.32-431.el6.x86_64 (slave1) 	2019年07月25日 	_x86_64_	(8 CPU)

03时12分01秒  CPU    %usr   %nice    %sys %iowait    %irq   %soft  %steal  %guest   %idle
03时12分02秒  all   44.10    0.00    6.03    0.00    0.00    3.33    0.00    0.00   46.54
平均时间:  all   44.10    0.00    6.03    0.00    0.00    3.33    0.00    0.00   46.54

Linux 2.6.32-431.el6.x86_64 (slave1) 	2019年07月25日 	_x86_64_	(8 CPU)

03时12分05秒  CPU    %usr   %nice    %sys %iowait    %irq   %soft  %steal  %guest   %idle
03时12分06秒  all   81.30    0.00    8.66    0.00    0.13    0.63    0.00    0.00    9.28
平均时间:  all   81.30    0.00    8.66    0.00    0.13    0.63    0.00    0.00    9.28

Linux 2.6.32-431.el6.x86_64 (slave1) 	2019年07月25日 	_x86_64_	(8 CPU)

03时12分09秒  CPU    %usr   %nice    %sys %iowait    %irq   %soft  %steal  %guest   %idle
03时12分10秒  all   77.28    0.00    8.25    0.00    0.00    1.14    0.00    0.00   13.32
平均时间:  all   77.28    0.00    8.25    0.00    0.00    1.14    0.00    0.00   13.32

Linux 2.6.32-431.el6.x86_64 (slave1) 	2019年07月25日 	_x86_64_	(8 CPU)

03时12分13秒  CPU    %usr   %nice    %sys %iowait    %irq   %soft  %steal  %guest   %idle
03时12分14秒  all   51.23    0.00   17.25    0.00    0.13    2.46    0.00    0.00   28.92
平均时间:  all   51.23    0.00   17.25    0.00    0.13    2.46    0.00    0.00   28.92

Linux 2.6.32-431.el6.x86_64 (slave1) 	2019年07月25日 	_x86_64_	(8 CPU)

03时12分17秒  CPU    %usr   %nice    %sys %iowait    %irq   %soft  %steal  %guest   %idle
03时12分18秒  all   74.90    0.00   17.49    0.00    0.00    0.76    0.00    0.00    6.84
平均时间:  all   74.90    0.00   17.49    0.00    0.00    0.76    0.00    0.00    6.84

Linux 2.6.32-431.el6.x86_64 (slave1) 	2019年07月25日 	_x86_64_	(8 CPU)

03时12分21秒  CPU    %usr   %nice    %sys %iowait    %irq   %soft  %steal  %guest   %idle
03时12分22秒  all   85.34    0.00   12.78    0.00    0.00    0.00    0.00    0.00    1.88
平均时间:  all   85.34    0.00   12.78    0.00    0.00    0.00    0.00    0.00    1.88

Linux 2.6.32-431.el6.x86_64 (slave1) 	2019年07月25日 	_x86_64_	(8 CPU)

03时12分25秒  CPU    %usr   %nice    %sys %iowait    %irq   %soft  %steal  %guest   %idle
03时12分26秒  all   76.14    0.00   12.82    0.00    0.00    0.25    0.00    0.00   10.79
平均时间:  all   76.14    0.00   12.82    0.00    0.00    0.25    0.00    0.00   10.79

Linux 2.6.32-431.el6.x86_64 (slave1) 	2019年07月25日 	_x86_64_	(8 CPU)

03时12分29秒  CPU    %usr   %nice    %sys %iowait    %irq   %soft  %steal  %guest   %idle
03时12分30秒  all   90.65    0.00    8.98    0.00    0.00    0.12    0.00    0.00    0.25
平均时间:  all   90.65    0.00    8.98    0.00    0.00    0.12    0.00    0.00    0.25

Linux 2.6.32-431.el6.x86_64 (slave1) 	2019年07月25日 	_x86_64_	(8 CPU)

03时12分33秒  CPU    %usr   %nice    %sys %iowait    %irq   %soft  %steal  %guest   %idle
03时12分34秒  all   92.38    0.00    7.50    0.00    0.00    0.00    0.00    0.00    0.12
平均时间:  all   92.38    0.00    7.50    0.00    0.00    0.00    0.00    0.00    0.12

Linux 2.6.32-431.el6.x86_64 (slave1) 	2019年07月25日 	_x86_64_	(8 CPU)

03时12分37秒  CPU    %usr   %nice    %sys %iowait    %irq   %soft  %steal  %guest   %idle
03时12分38秒  all   90.74    0.00    8.64    0.00    0.00    0.38    0.00    0.00    0.25
平均时间:  all   90.74    0.00    8.64    0.00    0.00    0.38    0.00    0.00    0.25

Linux 2.6.32-431.el6.x86_64 (slave1) 	2019年07月25日 	_x86_64_	(8 CPU)

03时12分41秒  CPU    %usr   %nice    %sys %iowait    %irq   %soft  %steal  %guest   %idle
03时12分42秒  all   88.69    0.00    9.92    0.00    0.00    0.88    0.00    0.00    0.50
平均时间:  all   88.69    0.00    9.92    0.00    0.00    0.88    0.00    0.00    0.50

Linux 2.6.32-431.el6.x86_64 (slave1) 	2019年07月25日 	_x86_64_	(8 CPU)

03时12分45秒  CPU    %usr   %nice    %sys %iowait    %irq   %soft  %steal  %guest   %idle
03时12分46秒  all   92.63    0.00    6.24    0.00    0.00    0.12    0.00    0.00    1.00
平均时间:  all   92.63    0.00    6.24    0.00    0.00    0.12    0.00    0.00    1.00

Linux 2.6.32-431.el6.x86_64 (slave1) 	2019年07月25日 	_x86_64_	(8 CPU)

03时12分50秒  CPU    %usr   %nice    %sys %iowait    %irq   %soft  %steal  %guest   %idle
03时12分51秒  all   93.38    0.00    5.88    0.00    0.00    0.25    0.00    0.00    0.50
平均时间:  all   93.38    0.00    5.88    0.00    0.00    0.25    0.00    0.00    0.50

Linux 2.6.32-431.el6.x86_64 (slave1) 	2019年07月25日 	_x86_64_	(8 CPU)

03时12分54秒  CPU    %usr   %nice    %sys %iowait    %irq   %soft  %steal  %guest   %idle
03时12分55秒  all   59.77    0.00    3.81    0.00    0.13    1.27    0.00    0.00   35.03
平均时间:  all   59.77    0.00    3.81    0.00    0.13    1.27    0.00    0.00   35.03

Linux 2.6.32-431.el6.x86_64 (slave1) 	2019年07月25日 	_x86_64_	(8 CPU)

03时12分58秒  CPU    %usr   %nice    %sys %iowait    %irq   %soft  %steal  %guest   %idle
03时12分59秒  all   40.64    0.00    5.61    0.00    0.00    1.53    0.00    0.00   52.23
平均时间:  all   40.64    0.00    5.61    0.00    0.00    1.53    0.00    0.00   52.23

Linux 2.6.32-431.el6.x86_64 (slave1) 	2019年07月25日 	_x86_64_	(8 CPU)

03时13分02秒  CPU    %usr   %nice    %sys %iowait    %irq   %soft  %steal  %guest   %idle
03时13分03秒  all   42.51    0.00    2.92    0.00    0.13    1.90    0.00    0.00   52.54
平均时间:  all   42.51    0.00    2.92    0.00    0.13    1.90    0.00    0.00   52.54

Linux 2.6.32-431.el6.x86_64 (slave1) 	2019年07月25日 	_x86_64_	(8 CPU)

03时13分06秒  CPU    %usr   %nice    %sys %iowait    %irq   %soft  %steal  %guest   %idle
03时13分07秒  all   92.87    0.00    7.13    0.00    0.00    0.00    0.00    0.00    0.00
平均时间:  all   92.87    0.00    7.13    0.00    0.00    0.00    0.00    0.00    0.00

Linux 2.6.32-431.el6.x86_64 (slave1) 	2019年07月25日 	_x86_64_	(8 CPU)

03时13分10秒  CPU    %usr   %nice    %sys %iowait    %irq   %soft  %steal  %guest   %idle
03时13分11秒  all   77.58    0.00   11.08    0.00    0.13    1.13    0.00    0.00   10.08
平均时间:  all   77.58    0.00   11.08    0.00    0.13    1.13    0.00    0.00   10.08

Linux 2.6.32-431.el6.x86_64 (slave1) 	2019年07月25日 	_x86_64_	(8 CPU)

03时13分14秒  CPU    %usr   %nice    %sys %iowait    %irq   %soft  %steal  %guest   %idle
03时13分15秒  all   61.23    0.00   12.71    0.00    0.00    0.90    0.00    0.00   25.16
平均时间:  all   61.23    0.00   12.71    0.00    0.00    0.90    0.00    0.00   25.16

Linux 2.6.32-431.el6.x86_64 (slave1) 	2019年07月25日 	_x86_64_	(8 CPU)

03时13分18秒  CPU    %usr   %nice    %sys %iowait    %irq   %soft  %steal  %guest   %idle
03时13分19秒  all   85.16    0.00    8.55    0.00    0.00    0.13    0.00    0.00    6.16
平均时间:  all   85.16    0.00    8.55    0.00    0.00    0.13    0.00    0.00    6.16

Linux 2.6.32-431.el6.x86_64 (slave1) 	2019年07月25日 	_x86_64_	(8 CPU)

03时13分22秒  CPU    %usr   %nice    %sys %iowait    %irq   %soft  %steal  %guest   %idle
03时13分23秒  all   89.35    0.00    9.90    0.00    0.00    0.00    0.00    0.00    0.75
平均时间:  all   89.35    0.00    9.90    0.00    0.00    0.00    0.00    0.00    0.75

Linux 2.6.32-431.el6.x86_64 (slave1) 	2019年07月25日 	_x86_64_	(8 CPU)

03时13分26秒  CPU    %usr   %nice    %sys %iowait    %irq   %soft  %steal  %guest   %idle
03时13分27秒  all   80.23    0.00    9.38    0.00    0.00    0.13    0.00    0.00   10.27
平均时间:  all   80.23    0.00    9.38    0.00    0.00    0.13    0.00    0.00   10.27

Linux 2.6.32-431.el6.x86_64 (slave1) 	2019年07月25日 	_x86_64_	(8 CPU)

03时13分30秒  CPU    %usr   %nice    %sys %iowait    %irq   %soft  %steal  %guest   %idle
03时13分31秒  all   84.13    0.00    7.93    0.00    0.00    0.25    0.00    0.00    7.68
平均时间:  all   84.13    0.00    7.93    0.00    0.00    0.25    0.00    0.00    7.68

Linux 2.6.32-431.el6.x86_64 (slave1) 	2019年07月25日 	_x86_64_	(8 CPU)

03时13分34秒  CPU    %usr   %nice    %sys %iowait    %irq   %soft  %steal  %guest   %idle
03时13分35秒  all   73.06    0.00    9.78    0.00    0.00    1.02    0.00    0.00   16.14
平均时间:  all   73.06    0.00    9.78    0.00    0.00    1.02    0.00    0.00   16.14

Linux 2.6.32-431.el6.x86_64 (slave1) 	2019年07月25日 	_x86_64_	(8 CPU)

03时13分38秒  CPU    %usr   %nice    %sys %iowait    %irq   %soft  %steal  %guest   %idle
03时13分39秒  all   85.68    0.00    6.66    0.00    0.00    0.50    0.00    0.00    7.16
平均时间:  all   85.68    0.00    6.66    0.00    0.00    0.50    0.00    0.00    7.16

Linux 2.6.32-431.el6.x86_64 (slave1) 	2019年07月25日 	_x86_64_	(8 CPU)

03时13分42秒  CPU    %usr   %nice    %sys %iowait    %irq   %soft  %steal  %guest   %idle
03时13分43秒  all   80.75    0.00    7.30    0.00    0.00    1.13    0.00    0.00   10.82
平均时间:  all   80.75    0.00    7.30    0.00    0.00    1.13    0.00    0.00   10.82

Linux 2.6.32-431.el6.x86_64 (slave1) 	2019年07月25日 	_x86_64_	(8 CPU)

03时13分46秒  CPU    %usr   %nice    %sys %iowait    %irq   %soft  %steal  %guest   %idle
03时13分47秒  all   78.36    0.00    5.16    0.00    0.00    0.38    0.00    0.00   16.10
平均时间:  all   78.36    0.00    5.16    0.00    0.00    0.38    0.00    0.00   16.10

Linux 2.6.32-431.el6.x86_64 (slave1) 	2019年07月25日 	_x86_64_	(8 CPU)

03时13分50秒  CPU    %usr   %nice    %sys %iowait    %irq   %soft  %steal  %guest   %idle
03时13分51秒  all   70.58    0.00    9.22    0.00    0.00    0.63    0.00    0.00   19.57
平均时间:  all   70.58    0.00    9.22    0.00    0.00    0.63    0.00    0.00   19.57

Linux 2.6.32-431.el6.x86_64 (slave1) 	2019年07月25日 	_x86_64_	(8 CPU)

03时13分54秒  CPU    %usr   %nice    %sys %iowait    %irq   %soft  %steal  %guest   %idle
03时13分55秒  all   85.28    0.00    7.42    0.00    0.00    0.38    0.00    0.00    6.92
平均时间:  all   85.28    0.00    7.42    0.00    0.00    0.38    0.00    0.00    6.92

Linux 2.6.32-431.el6.x86_64 (slave1) 	2019年07月25日 	_x86_64_	(8 CPU)

03时13分58秒  CPU    %usr   %nice    %sys %iowait    %irq   %soft  %steal  %guest   %idle
03时13分59秒  all   82.39    0.00   12.96    0.00    0.00    0.75    0.00    0.00    3.90
平均时间:  all   82.39    0.00   12.96    0.00    0.00    0.75    0.00    0.00    3.90

Linux 2.6.32-431.el6.x86_64 (slave1) 	2019年07月25日 	_x86_64_	(8 CPU)

03时14分02秒  CPU    %usr   %nice    %sys %iowait    %irq   %soft  %steal  %guest   %idle
03时14分03秒  all   89.75    0.00    8.50    0.00    0.00    0.25    0.00    0.00    1.50
平均时间:  all   89.75    0.00    8.50    0.00    0.00    0.25    0.00    0.00    1.50

Linux 2.6.32-431.el6.x86_64 (slave1) 	2019年07月25日 	_x86_64_	(8 CPU)

03时14分06秒  CPU    %usr   %nice    %sys %iowait    %irq   %soft  %steal  %guest   %idle
03时14分07秒  all   90.88    0.00    7.62    0.00    0.12    0.50    0.00    0.00    0.88
平均时间:  all   90.88    0.00    7.62    0.00    0.12    0.50    0.00    0.00    0.88

Linux 2.6.32-431.el6.x86_64 (slave1) 	2019年07月25日 	_x86_64_	(8 CPU)

03时14分10秒  CPU    %usr   %nice    %sys %iowait    %irq   %soft  %steal  %guest   %idle
03时14分11秒  all   26.44    0.00    9.24    0.00    0.00    0.26    0.00    0.00   64.06
平均时间:  all   26.44    0.00    9.24    0.00    0.00    0.26    0.00    0.00   64.06

Linux 2.6.32-431.el6.x86_64 (slave1) 	2019年07月25日 	_x86_64_	(8 CPU)

03时14分14秒  CPU    %usr   %nice    %sys %iowait    %irq   %soft  %steal  %guest   %idle
03时14分15秒  all   50.32    0.00    5.69    0.00    0.13    0.13    0.00    0.00   43.74
平均时间:  all   50.32    0.00    5.69    0.00    0.13    0.13    0.00    0.00   43.74

Linux 2.6.32-431.el6.x86_64 (slave1) 	2019年07月25日 	_x86_64_	(8 CPU)

03时14分18秒  CPU    %usr   %nice    %sys %iowait    %irq   %soft  %steal  %guest   %idle
03时14分19秒  all   63.42    0.00    7.97    0.00    0.00    0.13    0.00    0.00   28.48
平均时间:  all   63.42    0.00    7.97    0.00    0.00    0.13    0.00    0.00   28.48

Linux 2.6.32-431.el6.x86_64 (slave1) 	2019年07月25日 	_x86_64_	(8 CPU)

03时14分22秒  CPU    %usr   %nice    %sys %iowait    %irq   %soft  %steal  %guest   %idle
03时14分23秒  all   74.49    0.00   13.64    0.00    0.00    0.13    0.00    0.00   11.74
平均时间:  all   74.49    0.00   13.64    0.00    0.00    0.13    0.00    0.00   11.74

Linux 2.6.32-431.el6.x86_64 (slave1) 	2019年07月25日 	_x86_64_	(8 CPU)

03时14分26秒  CPU    %usr   %nice    %sys %iowait    %irq   %soft  %steal  %guest   %idle
03时14分27秒  all   86.28    0.00   12.34    0.00    0.00    1.37    0.00    0.00    0.00
平均时间:  all   86.28    0.00   12.34    0.00    0.00    1.37    0.00    0.00    0.00

Linux 2.6.32-431.el6.x86_64 (slave1) 	2019年07月25日 	_x86_64_	(8 CPU)

03时14分30秒  CPU    %usr   %nice    %sys %iowait    %irq   %soft  %steal  %guest   %idle
03时14分31秒  all   89.86    0.00    9.51    0.00    0.00    0.38    0.00    0.00    0.25
平均时间:  all   89.86    0.00    9.51    0.00    0.00    0.38    0.00    0.00    0.25

Linux 2.6.32-431.el6.x86_64 (slave1) 	2019年07月25日 	_x86_64_	(8 CPU)

03时14分34秒  CPU    %usr   %nice    %sys %iowait    %irq   %soft  %steal  %guest   %idle
03时14分35秒  all   91.00    0.00    7.88    0.00    0.00    0.50    0.00    0.00    0.62
平均时间:  all   91.00    0.00    7.88    0.00    0.00    0.50    0.00    0.00    0.62

Linux 2.6.32-431.el6.x86_64 (slave1) 	2019年07月25日 	_x86_64_	(8 CPU)

03时14分38秒  CPU    %usr   %nice    %sys %iowait    %irq   %soft  %steal  %guest   %idle
03时14分39秒  all   96.25    0.00    3.63    0.00    0.00    0.13    0.00    0.00    0.00
平均时间:  all   96.25    0.00    3.63    0.00    0.00    0.13    0.00    0.00    0.00

Linux 2.6.32-431.el6.x86_64 (slave1) 	2019年07月25日 	_x86_64_	(8 CPU)

03时14分42秒  CPU    %usr   %nice    %sys %iowait    %irq   %soft  %steal  %guest   %idle
03时14分43秒  all   94.38    0.00    5.38    0.00    0.00    0.25    0.00    0.00    0.00
平均时间:  all   94.38    0.00    5.38    0.00    0.00    0.25    0.00    0.00    0.00

Linux 2.6.32-431.el6.x86_64 (slave1) 	2019年07月25日 	_x86_64_	(8 CPU)

03时14分46秒  CPU    %usr   %nice    %sys %iowait    %irq   %soft  %steal  %guest   %idle
03时14分47秒  all   61.65    0.00    4.56    0.00    0.00    0.89    0.00    0.00   32.91
平均时间:  all   61.65    0.00    4.56    0.00    0.00    0.89    0.00    0.00   32.91

Linux 2.6.32-431.el6.x86_64 (slave1) 	2019年07月25日 	_x86_64_	(8 CPU)

03时14分50秒  CPU    %usr   %nice    %sys %iowait    %irq   %soft  %steal  %guest   %idle
03时14分51秒  all   41.27    0.00    2.29    0.00    0.00    0.89    0.00    0.00   55.54
平均时间:  all   41.27    0.00    2.29    0.00    0.00    0.89    0.00    0.00   55.54

Linux 2.6.32-431.el6.x86_64 (slave1) 	2019年07月25日 	_x86_64_	(8 CPU)

03时14分54秒  CPU    %usr   %nice    %sys %iowait    %irq   %soft  %steal  %guest   %idle
03时14分55秒  all   38.50    0.00    1.78    0.00    0.00    0.00    0.00    0.00   59.72
平均时间:  all   38.50    0.00    1.78    0.00    0.00    0.00    0.00    0.00   59.72

Linux 2.6.32-431.el6.x86_64 (slave1) 	2019年07月25日 	_x86_64_	(8 CPU)

03时14分58秒  CPU    %usr   %nice    %sys %iowait    %irq   %soft  %steal  %guest   %idle
03时14分59秒  all   74.71    0.00    6.61    0.00    0.00    0.64    0.00    0.00   18.04
平均时间:  all   74.71    0.00    6.61    0.00    0.00    0.64    0.00    0.00   18.04

Linux 2.6.32-431.el6.x86_64 (slave1) 	2019年07月25日 	_x86_64_	(8 CPU)

03时15分02秒  CPU    %usr   %nice    %sys %iowait    %irq   %soft  %steal  %guest   %idle
03时15分03秒  all   13.18    0.00    1.65    0.00    0.00    0.00    0.00    0.00   85.17
平均时间:  all   13.18    0.00    1.65    0.00    0.00    0.00    0.00    0.00   85.17

Linux 2.6.32-431.el6.x86_64 (slave1) 	2019年07月25日 	_x86_64_	(8 CPU)

03时15分06秒  CPU    %usr   %nice    %sys %iowait    %irq   %soft  %steal  %guest   %idle
03时15分07秒  all   73.74    0.00    7.58    0.00    0.00    0.13    0.00    0.00   18.56
平均时间:  all   73.74    0.00    7.58    0.00    0.00    0.13    0.00    0.00   18.56

Linux 2.6.32-431.el6.x86_64 (slave1) 	2019年07月25日 	_x86_64_	(8 CPU)

03时15分10秒  CPU    %usr   %nice    %sys %iowait    %irq   %soft  %steal  %guest   %idle
03时15分11秒  all   72.50    0.00    8.75    0.00    0.00    0.63    0.00    0.00   18.12
平均时间:  all   72.50    0.00    8.75    0.00    0.00    0.63    0.00    0.00   18.12

Linux 2.6.32-431.el6.x86_64 (slave1) 	2019年07月25日 	_x86_64_	(8 CPU)

03时15分14秒  CPU    %usr   %nice    %sys %iowait    %irq   %soft  %steal  %guest   %idle
03时15分15秒  all   67.31    0.00   11.49    0.00    0.13    0.13    0.00    0.00   20.95
平均时间:  all   67.31    0.00   11.49    0.00    0.13    0.13    0.00    0.00   20.95

Linux 2.6.32-431.el6.x86_64 (slave1) 	2019年07月25日 	_x86_64_	(8 CPU)

03时15分18秒  CPU    %usr   %nice    %sys %iowait    %irq   %soft  %steal  %guest   %idle
03时15分19秒  all   86.98    0.00    8.76    0.00    0.00    0.75    0.00    0.00    3.50
平均时间:  all   86.98    0.00    8.76    0.00    0.00    0.75    0.00    0.00    3.50

Linux 2.6.32-431.el6.x86_64 (slave1) 	2019年07月25日 	_x86_64_	(8 CPU)

03时15分23秒  CPU    %usr   %nice    %sys %iowait    %irq   %soft  %steal  %guest   %idle
03时15分24秒  all   68.15    0.00   11.93    0.00    0.00    2.03    0.00    0.00   17.89
平均时间:  all   68.15    0.00   11.93    0.00    0.00    2.03    0.00    0.00   17.89

Linux 2.6.32-431.el6.x86_64 (slave1) 	2019年07月25日 	_x86_64_	(8 CPU)

03时15分27秒  CPU    %usr   %nice    %sys %iowait    %irq   %soft  %steal  %guest   %idle
03时15分28秒  all   93.62    0.00    5.50    0.00    0.00    0.00    0.00    0.00    0.88
平均时间:  all   93.62    0.00    5.50    0.00    0.00    0.00    0.00    0.00    0.88

Linux 2.6.32-431.el6.x86_64 (slave1) 	2019年07月25日 	_x86_64_	(8 CPU)

03时15分31秒  CPU    %usr   %nice    %sys %iowait    %irq   %soft  %steal  %guest   %idle
03时15分32秒  all   84.01    0.00    7.68    0.00    0.00    0.88    0.00    0.00    7.43
平均时间:  all   84.01    0.00    7.68    0.00    0.00    0.88    0.00    0.00    7.43

Linux 2.6.32-431.el6.x86_64 (slave1) 	2019年07月25日 	_x86_64_	(8 CPU)

03时15分35秒  CPU    %usr   %nice    %sys %iowait    %irq   %soft  %steal  %guest   %idle
03时15分36秒  all   91.85    0.00    5.01    0.00    0.00    0.50    0.00    0.00    2.63
平均时间:  all   91.85    0.00    5.01    0.00    0.00    0.50    0.00    0.00    2.63

Linux 2.6.32-431.el6.x86_64 (slave1) 	2019年07月25日 	_x86_64_	(8 CPU)

03时15分39秒  CPU    %usr   %nice    %sys %iowait    %irq   %soft  %steal  %guest   %idle
03时15分40秒  all   44.78    0.00    2.29    0.00    0.00    1.15    0.00    0.00   51.78
平均时间:  all   44.78    0.00    2.29    0.00    0.00    1.15    0.00    0.00   51.78

Linux 2.6.32-431.el6.x86_64 (slave1) 	2019年07月25日 	_x86_64_	(8 CPU)

03时15分43秒  CPU    %usr   %nice    %sys %iowait    %irq   %soft  %steal  %guest   %idle
03时15分44秒  all   76.14    0.00    6.57    0.00    0.00    0.63    0.00    0.00   16.67
平均时间:  all   76.14    0.00    6.57    0.00    0.00    0.63    0.00    0.00   16.67

Linux 2.6.32-431.el6.x86_64 (slave1) 	2019年07月25日 	_x86_64_	(8 CPU)

03时15分47秒  CPU    %usr   %nice    %sys %iowait    %irq   %soft  %steal  %guest   %idle
03时15分48秒  all   93.38    0.00    5.99    0.00    0.12    0.12    0.00    0.00    0.37
平均时间:  all   93.38    0.00    5.99    0.00    0.12    0.12    0.00    0.00    0.37

Linux 2.6.32-431.el6.x86_64 (slave1) 	2019年07月25日 	_x86_64_	(8 CPU)

03时15分51秒  CPU    %usr   %nice    %sys %iowait    %irq   %soft  %steal  %guest   %idle
03时15分52秒  all   45.06    0.00    6.03    0.00    0.00    1.80    0.00    0.00   47.11
平均时间:  all   45.06    0.00    6.03    0.00    0.00    1.80    0.00    0.00   47.11

Linux 2.6.32-431.el6.x86_64 (slave1) 	2019年07月25日 	_x86_64_	(8 CPU)

03时15分55秒  CPU    %usr   %nice    %sys %iowait    %irq   %soft  %steal  %guest   %idle
03时15分56秒  all   81.99    0.00   13.10    0.00    0.00    0.50    0.00    0.00    4.41
平均时间:  all   81.99    0.00   13.10    0.00    0.00    0.50    0.00    0.00    4.41

Linux 2.6.32-431.el6.x86_64 (slave1) 	2019年07月25日 	_x86_64_	(8 CPU)

03时15分59秒  CPU    %usr   %nice    %sys %iowait    %irq   %soft  %steal  %guest   %idle
03时16分00秒  all   67.05    0.00    8.33    0.00    0.00    0.25    0.00    0.00   24.37
平均时间:  all   67.05    0.00    8.33    0.00    0.00    0.25    0.00    0.00   24.37

Linux 2.6.32-431.el6.x86_64 (slave1) 	2019年07月25日 	_x86_64_	(8 CPU)

03时16分03秒  CPU    %usr   %nice    %sys %iowait    %irq   %soft  %steal  %guest   %idle
03时16分04秒  all   61.73    0.00   14.29    0.00    0.00    0.00    0.00    0.00   23.98
平均时间:  all   61.73    0.00   14.29    0.00    0.00    0.00    0.00    0.00   23.98

Linux 2.6.32-431.el6.x86_64 (slave1) 	2019年07月25日 	_x86_64_	(8 CPU)

03时16分07秒  CPU    %usr   %nice    %sys %iowait    %irq   %soft  %steal  %guest   %idle
03时16分08秒  all   56.91    0.00    7.42    0.00    0.00    0.00    0.00    0.00   35.68
平均时间:  all   56.91    0.00    7.42    0.00    0.00    0.00    0.00    0.00   35.68

Linux 2.6.32-431.el6.x86_64 (slave1) 	2019年07月25日 	_x86_64_	(8 CPU)

03时16分11秒  CPU    %usr   %nice    %sys %iowait    %irq   %soft  %steal  %guest   %idle
03时16分12秒  all   36.75    0.00    3.97    0.00    0.13    0.38    0.00    0.00   58.77
平均时间:  all   36.75    0.00    3.97    0.00    0.13    0.38    0.00    0.00   58.77

Linux 2.6.32-431.el6.x86_64 (slave1) 	2019年07月25日 	_x86_64_	(8 CPU)

03时16分15秒  CPU    %usr   %nice    %sys %iowait    %irq   %soft  %steal  %guest   %idle
03时16分16秒  all   13.69    0.00    3.17    0.00    0.13    0.00    0.00    0.00   83.02
平均时间:  all   13.69    0.00    3.17    0.00    0.13    0.00    0.00    0.00   83.02

Linux 2.6.32-431.el6.x86_64 (slave1) 	2019年07月25日 	_x86_64_	(8 CPU)

03时16分19秒  CPU    %usr   %nice    %sys %iowait    %irq   %soft  %steal  %guest   %idle
03时16分20秒  all   17.28    0.00    2.27    0.00    0.00    0.00    0.00    0.00   80.45
平均时间:  all   17.28    0.00    2.27    0.00    0.00    0.00    0.00    0.00   80.45

Linux 2.6.32-431.el6.x86_64 (slave1) 	2019年07月25日 	_x86_64_	(8 CPU)

03时16分23秒  CPU    %usr   %nice    %sys %iowait    %irq   %soft  %steal  %guest   %idle
03时16分24秒  all    8.30    0.00    1.13    0.00    0.00    0.00    0.00    0.00   90.57
平均时间:  all    8.30    0.00    1.13    0.00    0.00    0.00    0.00    0.00   90.57

Linux 2.6.32-431.el6.x86_64 (slave1) 	2019年07月25日 	_x86_64_	(8 CPU)

03时16分27秒  CPU    %usr   %nice    %sys %iowait    %irq   %soft  %steal  %guest   %idle
03时16分28秒  all    9.57    0.00    2.14    0.00    0.00    0.50    0.00    0.00   87.78
平均时间:  all    9.57    0.00    2.14    0.00    0.00    0.50    0.00    0.00   87.78

Linux 2.6.32-431.el6.x86_64 (slave1) 	2019年07月25日 	_x86_64_	(8 CPU)

03时16分31秒  CPU    %usr   %nice    %sys %iowait    %irq   %soft  %steal  %guest   %idle
03时16分32秒  all   10.21    0.00    1.39    0.00    0.00    0.00    0.00    0.00   88.40
平均时间:  all   10.21    0.00    1.39    0.00    0.00    0.00    0.00    0.00   88.40

Linux 2.6.32-431.el6.x86_64 (slave1) 	2019年07月25日 	_x86_64_	(8 CPU)

03时16分35秒  CPU    %usr   %nice    %sys %iowait    %irq   %soft  %steal  %guest   %idle
03时16分36秒  all   10.57    0.00    1.01    0.00    0.00    0.00    0.00    0.00   88.43
平均时间:  all   10.57    0.00    1.01    0.00    0.00    0.00    0.00    0.00   88.43

Linux 2.6.32-431.el6.x86_64 (slave1) 	2019年07月25日 	_x86_64_	(8 CPU)

03时16分39秒  CPU    %usr   %nice    %sys %iowait    %irq   %soft  %steal  %guest   %idle
03时16分40秒  all    9.36    0.00    1.14    0.00    0.00    0.00    0.00    0.00   89.51
平均时间:  all    9.36    0.00    1.14    0.00    0.00    0.00    0.00    0.00   89.51

Linux 2.6.32-431.el6.x86_64 (slave1) 	2019年07月25日 	_x86_64_	(8 CPU)

03时16分43秒  CPU    %usr   %nice    %sys %iowait    %irq   %soft  %steal  %guest   %idle
03时16分44秒  all    0.00    0.00    0.13    0.00    0.00    0.00    0.00    0.00   99.87
平均时间:  all    0.00    0.00    0.13    0.00    0.00    0.00    0.00    0.00   99.87

Linux 2.6.32-431.el6.x86_64 (slave1) 	2019年07月25日 	_x86_64_	(8 CPU)

03时16分47秒  CPU    %usr   %nice    %sys %iowait    %irq   %soft  %steal  %guest   %idle
03时16分48秒  all    0.50    0.00    0.38    0.00    0.00    0.25    0.00    0.00   98.87
平均时间:  all    0.50    0.00    0.38    0.00    0.00    0.25    0.00    0.00   98.87

Linux 2.6.32-431.el6.x86_64 (slave1) 	2019年07月25日 	_x86_64_	(8 CPU)

03时16分51秒  CPU    %usr   %nice    %sys %iowait    %irq   %soft  %steal  %guest   %idle
03时16分52秒  all    0.00    0.00    0.13    0.00    0.00    0.00    0.00    0.00   99.87
平均时间:  all    0.00    0.00    0.13    0.00    0.00    0.00    0.00    0.00   99.87

Linux 2.6.32-431.el6.x86_64 (slave1) 	2019年07月25日 	_x86_64_	(8 CPU)

03时16分55秒  CPU    %usr   %nice    %sys %iowait    %irq   %soft  %steal  %guest   %idle
03时16分56秒  all    0.13    0.00    0.13    0.00    0.00    0.00    0.00    0.00   99.75
平均时间:  all    0.13    0.00    0.13    0.00    0.00    0.00    0.00    0.00   99.75

Linux 2.6.32-431.el6.x86_64 (slave1) 	2019年07月25日 	_x86_64_	(8 CPU)

03时16分59秒  CPU    %usr   %nice    %sys %iowait    %irq   %soft  %steal  %guest   %idle
03时17分00秒  all    0.00    0.00    0.00    0.00    0.00    0.00    0.00    0.00  100.00
平均时间:  all    0.00    0.00    0.00    0.00    0.00    0.00    0.00    0.00  100.00

Linux 2.6.32-431.el6.x86_64 (slave1) 	2019年07月25日 	_x86_64_	(8 CPU)

03时17分03秒  CPU    %usr   %nice    %sys %iowait    %irq   %soft  %steal  %guest   %idle
03时17分04秒  all    0.00    0.00    0.00    0.00    0.00    0.00    0.00    0.00  100.00
平均时间:  all    0.00    0.00    0.00    0.00    0.00    0.00    0.00    0.00  100.00

Linux 2.6.32-431.el6.x86_64 (slave1) 	2019年07月25日 	_x86_64_	(8 CPU)

03时17分07秒  CPU    %usr   %nice    %sys %iowait    %irq   %soft  %steal  %guest   %idle
03时17分08秒  all    0.00    0.00    0.13    0.00    0.00    0.00    0.00    0.00   99.87
平均时间:  all    0.00    0.00    0.13    0.00    0.00    0.00    0.00    0.00   99.87

Linux 2.6.32-431.el6.x86_64 (slave1) 	2019年07月25日 	_x86_64_	(8 CPU)

03时17分11秒  CPU    %usr   %nice    %sys %iowait    %irq   %soft  %steal  %guest   %idle
03时17分12秒  all    0.25    0.00    1.27    0.00    0.00    0.25    0.00    0.00   98.22
平均时间:  all    0.25    0.00    1.27    0.00    0.00    0.25    0.00    0.00   98.22

Linux 2.6.32-431.el6.x86_64 (slave1) 	2019年07月25日 	_x86_64_	(8 CPU)

03时17分15秒  CPU    %usr   %nice    %sys %iowait    %irq   %soft  %steal  %guest   %idle
03时17分16秒  all    0.00    0.00    0.25    0.00    0.00    0.00    0.00    0.00   99.75
平均时间:  all    0.00    0.00    0.25    0.00    0.00    0.00    0.00    0.00   99.75

