
Linux 2.6.32-431.el6.x86_64 (slave2) 	2019年07月25日 	_x86_64_	(8 CPU)

03时00分07秒  CPU    %usr   %nice    %sys %iowait    %irq   %soft  %steal  %guest   %idle
03时00分08秒  all    0.00    0.00    0.00    0.00    0.00    0.00    0.00    0.00  100.00
平均时间:  all    0.00    0.00    0.00    0.00    0.00    0.00    0.00    0.00  100.00

Linux 2.6.32-431.el6.x86_64 (slave2) 	2019年07月25日 	_x86_64_	(8 CPU)

03时00分11秒  CPU    %usr   %nice    %sys %iowait    %irq   %soft  %steal  %guest   %idle
03时00分12秒  all    0.00    0.00    0.00    0.00    0.00    0.00    0.00    0.00  100.00
平均时间:  all    0.00    0.00    0.00    0.00    0.00    0.00    0.00    0.00  100.00

Linux 2.6.32-431.el6.x86_64 (slave2) 	2019年07月25日 	_x86_64_	(8 CPU)

03时00分15秒  CPU    %usr   %nice    %sys %iowait    %irq   %soft  %steal  %guest   %idle
03时00分16秒  all    0.25    0.00    0.13    0.00    0.00    0.00    0.00    0.00   99.62
平均时间:  all    0.25    0.00    0.13    0.00    0.00    0.00    0.00    0.00   99.62

Linux 2.6.32-431.el6.x86_64 (slave2) 	2019年07月25日 	_x86_64_	(8 CPU)

03时00分19秒  CPU    %usr   %nice    %sys %iowait    %irq   %soft  %steal  %guest   %idle
03时00分20秒  all    0.00    0.00    0.00    0.00    0.00    0.00    0.00    0.00  100.00
平均时间:  all    0.00    0.00    0.00    0.00    0.00    0.00    0.00    0.00  100.00

Linux 2.6.32-431.el6.x86_64 (slave2) 	2019年07月25日 	_x86_64_	(8 CPU)

03时00分23秒  CPU    %usr   %nice    %sys %iowait    %irq   %soft  %steal  %guest   %idle
03时00分24秒  all    0.26    0.00    2.55    0.00    0.13    0.77    0.00    0.00   96.30
平均时间:  all    0.26    0.00    2.55    0.00    0.13    0.77    0.00    0.00   96.30

Linux 2.6.32-431.el6.x86_64 (slave2) 	2019年07月25日 	_x86_64_	(8 CPU)

03时00分27秒  CPU    %usr   %nice    %sys %iowait    %irq   %soft  %steal  %guest   %idle
03时00分28秒  all    0.79    0.00    8.96    0.00    0.53   11.99    0.00    0.00   77.73
平均时间:  all    0.79    0.00    8.96    0.00    0.53   11.99    0.00    0.00   77.73

Linux 2.6.32-431.el6.x86_64 (slave2) 	2019年07月25日 	_x86_64_	(8 CPU)

03时00分31秒  CPU    %usr   %nice    %sys %iowait    %irq   %soft  %steal  %guest   %idle
03时00分32秒  all   19.37    0.00   13.57    0.00    0.40   14.76    0.00    0.00   51.91
平均时间:  all   19.37    0.00   13.57    0.00    0.40   14.76    0.00    0.00   51.91

Linux 2.6.32-431.el6.x86_64 (slave2) 	2019年07月25日 	_x86_64_	(8 CPU)

03时00分35秒  CPU    %usr   %nice    %sys %iowait    %irq   %soft  %steal  %guest   %idle
03时00分36秒  all   45.31    0.00   13.99    0.00    0.39   15.28    0.00    0.00   25.03
平均时间:  all   45.31    0.00   13.99    0.00    0.39   15.28    0.00    0.00   25.03

Linux 2.6.32-431.el6.x86_64 (slave2) 	2019年07月25日 	_x86_64_	(8 CPU)

03时00分39秒  CPU    %usr   %nice    %sys %iowait    %irq   %soft  %steal  %guest   %idle
03时00分40秒  all   50.97    0.00   16.99    0.00    0.39   20.21    0.00    0.00   11.45
平均时间:  all   50.97    0.00   16.99    0.00    0.39   20.21    0.00    0.00   11.45

Linux 2.6.32-431.el6.x86_64 (slave2) 	2019年07月25日 	_x86_64_	(8 CPU)

03时00分43秒  CPU    %usr   %nice    %sys %iowait    %irq   %soft  %steal  %guest   %idle
03时00分44秒  all   23.65    0.00   13.08    0.00    0.26   19.55    0.00    0.00   43.46
平均时间:  all   23.65    0.00   13.08    0.00    0.26   19.55    0.00    0.00   43.46

Linux 2.6.32-431.el6.x86_64 (slave2) 	2019年07月25日 	_x86_64_	(8 CPU)

03时00分47秒  CPU    %usr   %nice    %sys %iowait    %irq   %soft  %steal  %guest   %idle
03时00分48秒  all   17.47    0.00   15.07    0.00    0.27   14.00    0.00    0.00   53.20
平均时间:  all   17.47    0.00   15.07    0.00    0.27   14.00    0.00    0.00   53.20

Linux 2.6.32-431.el6.x86_64 (slave2) 	2019年07月25日 	_x86_64_	(8 CPU)

03时00分51秒  CPU    %usr   %nice    %sys %iowait    %irq   %soft  %steal  %guest   %idle
03时00分52秒  all   49.05    0.00   31.64    0.00    0.13    9.15    0.00    0.00   10.04
平均时间:  all   49.05    0.00   31.64    0.00    0.13    9.15    0.00    0.00   10.04

Linux 2.6.32-431.el6.x86_64 (slave2) 	2019年07月25日 	_x86_64_	(8 CPU)

03时00分55秒  CPU    %usr   %nice    %sys %iowait    %irq   %soft  %steal  %guest   %idle
03时00分56秒  all   79.60    0.00   14.52    0.00    0.00    5.01    0.00    0.00    0.88
平均时间:  all   79.60    0.00   14.52    0.00    0.00    5.01    0.00    0.00    0.88

Linux 2.6.32-431.el6.x86_64 (slave2) 	2019年07月25日 	_x86_64_	(8 CPU)

03时00分59秒  CPU    %usr   %nice    %sys %iowait    %irq   %soft  %steal  %guest   %idle
03时01分00秒  all   93.49    0.00    6.51    0.00    0.00    0.00    0.00    0.00    0.00
平均时间:  all   93.49    0.00    6.51    0.00    0.00    0.00    0.00    0.00    0.00

Linux 2.6.32-431.el6.x86_64 (slave2) 	2019年07月25日 	_x86_64_	(8 CPU)

03时01分03秒  CPU    %usr   %nice    %sys %iowait    %irq   %soft  %steal  %guest   %idle
03时01分04秒  all   89.78    0.00   10.10    0.00    0.00    0.12    0.00    0.00    0.00
平均时间:  all   89.78    0.00   10.10    0.00    0.00    0.12    0.00    0.00    0.00

Linux 2.6.32-431.el6.x86_64 (slave2) 	2019年07月25日 	_x86_64_	(8 CPU)

03时01分07秒  CPU    %usr   %nice    %sys %iowait    %irq   %soft  %steal  %guest   %idle
03时01分08秒  all   87.38    0.00   11.75    0.00    0.00    0.38    0.00    0.00    0.50
平均时间:  all   87.38    0.00   11.75    0.00    0.00    0.38    0.00    0.00    0.50

Linux 2.6.32-431.el6.x86_64 (slave2) 	2019年07月25日 	_x86_64_	(8 CPU)

03时01分12秒  CPU    %usr   %nice    %sys %iowait    %irq   %soft  %steal  %guest   %idle
03时01分13秒  all   91.89    0.00    7.87    0.00    0.00    0.00    0.00    0.00    0.25
平均时间:  all   91.89    0.00    7.87    0.00    0.00    0.00    0.00    0.00    0.25

Linux 2.6.32-431.el6.x86_64 (slave2) 	2019年07月25日 	_x86_64_	(8 CPU)

03时01分16秒  CPU    %usr   %nice    %sys %iowait    %irq   %soft  %steal  %guest   %idle
03时01分17秒  all   33.21    0.00    2.67    0.00    0.00    0.00    0.00    0.00   64.12
平均时间:  all   33.21    0.00    2.67    0.00    0.00    0.00    0.00    0.00   64.12

Linux 2.6.32-431.el6.x86_64 (slave2) 	2019年07月25日 	_x86_64_	(8 CPU)

03时01分20秒  CPU    %usr   %nice    %sys %iowait    %irq   %soft  %steal  %guest   %idle
03时01分21秒  all   75.60    0.00    8.72    0.00    0.00    0.00    0.00    0.00   15.68
平均时间:  all   75.60    0.00    8.72    0.00    0.00    0.00    0.00    0.00   15.68

Linux 2.6.32-431.el6.x86_64 (slave2) 	2019年07月25日 	_x86_64_	(8 CPU)

03时01分24秒  CPU    %usr   %nice    %sys %iowait    %irq   %soft  %steal  %guest   %idle
03时01分25秒  all   55.67    0.00    6.50    0.00    0.00    0.00    0.00    0.00   37.83
平均时间:  all   55.67    0.00    6.50    0.00    0.00    0.00    0.00    0.00   37.83

Linux 2.6.32-431.el6.x86_64 (slave2) 	2019年07月25日 	_x86_64_	(8 CPU)

03时01分28秒  CPU    %usr   %nice    %sys %iowait    %irq   %soft  %steal  %guest   %idle
03时01分29秒  all   96.88    0.00    2.88    0.00    0.00    0.12    0.00    0.00    0.12
平均时间:  all   96.88    0.00    2.88    0.00    0.00    0.12    0.00    0.00    0.12

Linux 2.6.32-431.el6.x86_64 (slave2) 	2019年07月25日 	_x86_64_	(8 CPU)

03时01分32秒  CPU    %usr   %nice    %sys %iowait    %irq   %soft  %steal  %guest   %idle
03时01分33秒  all   57.16    0.00    5.70    0.00    0.13    1.01    0.00    0.00   35.99
平均时间:  all   57.16    0.00    5.70    0.00    0.13    1.01    0.00    0.00   35.99

Linux 2.6.32-431.el6.x86_64 (slave2) 	2019年07月25日 	_x86_64_	(8 CPU)

03时01分36秒  CPU    %usr   %nice    %sys %iowait    %irq   %soft  %steal  %guest   %idle
03时01分37秒  all   92.11    0.00    4.51    0.00    0.00    0.13    0.00    0.00    3.26
平均时间:  all   92.11    0.00    4.51    0.00    0.00    0.13    0.00    0.00    3.26

Linux 2.6.32-431.el6.x86_64 (slave2) 	2019年07月25日 	_x86_64_	(8 CPU)

03时01分40秒  CPU    %usr   %nice    %sys %iowait    %irq   %soft  %steal  %guest   %idle
03时01分41秒  all   79.39    0.00    8.47    0.00    0.00    0.51    0.00    0.00   11.63
平均时间:  all   79.39    0.00    8.47    0.00    0.00    0.51    0.00    0.00   11.63

Linux 2.6.32-431.el6.x86_64 (slave2) 	2019年07月25日 	_x86_64_	(8 CPU)

03时01分44秒  CPU    %usr   %nice    %sys %iowait    %irq   %soft  %steal  %guest   %idle
03时01分45秒  all   90.23    0.00    7.52    0.00    0.00    0.38    0.00    0.00    1.88
平均时间:  all   90.23    0.00    7.52    0.00    0.00    0.38    0.00    0.00    1.88

Linux 2.6.32-431.el6.x86_64 (slave2) 	2019年07月25日 	_x86_64_	(8 CPU)

03时01分48秒  CPU    %usr   %nice    %sys %iowait    %irq   %soft  %steal  %guest   %idle
03时01分49秒  all   68.97    0.00    4.90    0.00    0.00    0.75    0.00    0.00   25.38
平均时间:  all   68.97    0.00    4.90    0.00    0.00    0.75    0.00    0.00   25.38

Linux 2.6.32-431.el6.x86_64 (slave2) 	2019年07月25日 	_x86_64_	(8 CPU)

03时01分52秒  CPU    %usr   %nice    %sys %iowait    %irq   %soft  %steal  %guest   %idle
03时01分53秒  all   48.10    0.00    3.54    0.00    0.00    1.52    0.00    0.00   46.84
平均时间:  all   48.10    0.00    3.54    0.00    0.00    1.52    0.00    0.00   46.84

Linux 2.6.32-431.el6.x86_64 (slave2) 	2019年07月25日 	_x86_64_	(8 CPU)

03时01分56秒  CPU    %usr   %nice    %sys %iowait    %irq   %soft  %steal  %guest   %idle
03时01分57秒  all   97.25    0.00    2.62    0.00    0.00    0.00    0.00    0.00    0.12
平均时间:  all   97.25    0.00    2.62    0.00    0.00    0.00    0.00    0.00    0.12

Linux 2.6.32-431.el6.x86_64 (slave2) 	2019年07月25日 	_x86_64_	(8 CPU)

03时02分00秒  CPU    %usr   %nice    %sys %iowait    %irq   %soft  %steal  %guest   %idle
03时02分01秒  all   69.63    0.00    8.77    0.00    0.13    1.02    0.00    0.00   20.46
平均时间:  all   69.63    0.00    8.77    0.00    0.13    1.02    0.00    0.00   20.46

Linux 2.6.32-431.el6.x86_64 (slave2) 	2019年07月25日 	_x86_64_	(8 CPU)

03时02分04秒  CPU    %usr   %nice    %sys %iowait    %irq   %soft  %steal  %guest   %idle
03时02分05秒  all   50.38    0.00   14.29    0.00    0.00    2.93    0.00    0.00   32.40
平均时间:  all   50.38    0.00   14.29    0.00    0.00    2.93    0.00    0.00   32.40

Linux 2.6.32-431.el6.x86_64 (slave2) 	2019年07月25日 	_x86_64_	(8 CPU)

03时02分08秒  CPU    %usr   %nice    %sys %iowait    %irq   %soft  %steal  %guest   %idle
03时02分09秒  all   91.40    0.00    7.61    0.00    0.00    0.87    0.00    0.00    0.12
平均时间:  all   91.40    0.00    7.61    0.00    0.00    0.87    0.00    0.00    0.12

Linux 2.6.32-431.el6.x86_64 (slave2) 	2019年07月25日 	_x86_64_	(8 CPU)

03时02分12秒  CPU    %usr   %nice    %sys %iowait    %irq   %soft  %steal  %guest   %idle
03时02分13秒  all   84.65    0.00   10.06    0.00    0.00    0.75    0.00    0.00    4.53
平均时间:  all   84.65    0.00   10.06    0.00    0.00    0.75    0.00    0.00    4.53

Linux 2.6.32-431.el6.x86_64 (slave2) 	2019年07月25日 	_x86_64_	(8 CPU)

03时02分16秒  CPU    %usr   %nice    %sys %iowait    %irq   %soft  %steal  %guest   %idle
03时02分17秒  all   70.20    0.00    9.97    0.00    0.00    0.13    0.00    0.00   19.70
平均时间:  all   70.20    0.00    9.97    0.00    0.00    0.13    0.00    0.00   19.70

Linux 2.6.32-431.el6.x86_64 (slave2) 	2019年07月25日 	_x86_64_	(8 CPU)

03时02分20秒  CPU    %usr   %nice    %sys %iowait    %irq   %soft  %steal  %guest   %idle
03时02分21秒  all   64.97    0.00    6.68    0.00    0.00    0.13    0.00    0.00   28.21
平均时间:  all   64.97    0.00    6.68    0.00    0.00    0.13    0.00    0.00   28.21

Linux 2.6.32-431.el6.x86_64 (slave2) 	2019年07月25日 	_x86_64_	(8 CPU)

03时02分24秒  CPU    %usr   %nice    %sys %iowait    %irq   %soft  %steal  %guest   %idle
03时02分25秒  all   36.50    0.00    4.37    0.00    0.13    0.26    0.00    0.00   58.74
平均时间:  all   36.50    0.00    4.37    0.00    0.13    0.26    0.00    0.00   58.74

Linux 2.6.32-431.el6.x86_64 (slave2) 	2019年07月25日 	_x86_64_	(8 CPU)

03时02分28秒  CPU    %usr   %nice    %sys %iowait    %irq   %soft  %steal  %guest   %idle
03时02分29秒  all   63.06    0.00   18.40    0.00    0.26   10.17    0.00    0.00    8.11
平均时间:  all   63.06    0.00   18.40    0.00    0.26   10.17    0.00    0.00    8.11

Linux 2.6.32-431.el6.x86_64 (slave2) 	2019年07月25日 	_x86_64_	(8 CPU)

03时02分32秒  CPU    %usr   %nice    %sys %iowait    %irq   %soft  %steal  %guest   %idle
03时02分33秒  all   68.68    0.00   16.73    0.00    0.25   11.32    0.00    0.00    3.02
平均时间:  all   68.68    0.00   16.73    0.00    0.25   11.32    0.00    0.00    3.02

Linux 2.6.32-431.el6.x86_64 (slave2) 	2019年07月25日 	_x86_64_	(8 CPU)

03时02分36秒  CPU    %usr   %nice    %sys %iowait    %irq   %soft  %steal  %guest   %idle
03时02分37秒  all   62.30    0.00   21.06    0.00    0.63   12.61    0.00    0.00    3.40
平均时间:  all   62.30    0.00   21.06    0.00    0.63   12.61    0.00    0.00    3.40

Linux 2.6.32-431.el6.x86_64 (slave2) 	2019年07月25日 	_x86_64_	(8 CPU)

03时02分40秒  CPU    %usr   %nice    %sys %iowait    %irq   %soft  %steal  %guest   %idle
03时02分41秒  all   33.86    0.00   16.60    0.00    0.65   19.35    0.00    0.00   29.54
平均时间:  all   33.86    0.00   16.60    0.00    0.65   19.35    0.00    0.00   29.54

Linux 2.6.32-431.el6.x86_64 (slave2) 	2019年07月25日 	_x86_64_	(8 CPU)

03时02分44秒  CPU    %usr   %nice    %sys %iowait    %irq   %soft  %steal  %guest   %idle
03时02分45秒  all   38.55    0.00   15.00    0.00    0.26   18.82    0.00    0.00   27.37
平均时间:  all   38.55    0.00   15.00    0.00    0.26   18.82    0.00    0.00   27.37

Linux 2.6.32-431.el6.x86_64 (slave2) 	2019年07月25日 	_x86_64_	(8 CPU)

03时02分49秒  CPU    %usr   %nice    %sys %iowait    %irq   %soft  %steal  %guest   %idle
03时02分50秒  all   56.04    0.00   15.94    0.00    0.26   12.21    0.00    0.00   15.55
平均时间:  all   56.04    0.00   15.94    0.00    0.26   12.21    0.00    0.00   15.55

Linux 2.6.32-431.el6.x86_64 (slave2) 	2019年07月25日 	_x86_64_	(8 CPU)

03时02分53秒  CPU    %usr   %nice    %sys %iowait    %irq   %soft  %steal  %guest   %idle
03时02分54秒  all   52.70    0.00   13.88    0.00    0.26    7.84    0.00    0.00   25.32
平均时间:  all   52.70    0.00   13.88    0.00    0.26    7.84    0.00    0.00   25.32

Linux 2.6.32-431.el6.x86_64 (slave2) 	2019年07月25日 	_x86_64_	(8 CPU)

03时02分57秒  CPU    %usr   %nice    %sys %iowait    %irq   %soft  %steal  %guest   %idle
03时02分58秒  all   28.44    0.00    3.86    0.00    0.00    0.51    0.00    0.00   67.18
平均时间:  all   28.44    0.00    3.86    0.00    0.00    0.51    0.00    0.00   67.18

Linux 2.6.32-431.el6.x86_64 (slave2) 	2019年07月25日 	_x86_64_	(8 CPU)

03时03分01秒  CPU    %usr   %nice    %sys %iowait    %irq   %soft  %steal  %guest   %idle
03时03分02秒  all   40.91    0.00   10.71    0.00    0.00    5.74    0.00    0.00   42.64
平均时间:  all   40.91    0.00   10.71    0.00    0.00    5.74    0.00    0.00   42.64

Linux 2.6.32-431.el6.x86_64 (slave2) 	2019年07月25日 	_x86_64_	(8 CPU)

03时03分05秒  CPU    %usr   %nice    %sys %iowait    %irq   %soft  %steal  %guest   %idle
03时03分06秒  all   43.75    0.00   10.59    2.55    0.00    2.17    0.00    0.00   40.94
平均时间:  all   43.75    0.00   10.59    2.55    0.00    2.17    0.00    0.00   40.94

Linux 2.6.32-431.el6.x86_64 (slave2) 	2019年07月25日 	_x86_64_	(8 CPU)

03时03分09秒  CPU    %usr   %nice    %sys %iowait    %irq   %soft  %steal  %guest   %idle
03时03分10秒  all   80.43    0.00    6.69    0.00    0.00    0.25    0.00    0.00   12.63
平均时间:  all   80.43    0.00    6.69    0.00    0.00    0.25    0.00    0.00   12.63

Linux 2.6.32-431.el6.x86_64 (slave2) 	2019年07月25日 	_x86_64_	(8 CPU)

03时03分13秒  CPU    %usr   %nice    %sys %iowait    %irq   %soft  %steal  %guest   %idle
03时03分14秒  all   89.35    0.00    7.89    0.00    0.13    0.25    0.00    0.00    2.38
平均时间:  all   89.35    0.00    7.89    0.00    0.13    0.25    0.00    0.00    2.38

Linux 2.6.32-431.el6.x86_64 (slave2) 	2019年07月25日 	_x86_64_	(8 CPU)

03时03分17秒  CPU    %usr   %nice    %sys %iowait    %irq   %soft  %steal  %guest   %idle
03时03分18秒  all   92.25    0.00    6.38    0.00    0.00    0.12    0.00    0.00    1.25
平均时间:  all   92.25    0.00    6.38    0.00    0.00    0.12    0.00    0.00    1.25

Linux 2.6.32-431.el6.x86_64 (slave2) 	2019年07月25日 	_x86_64_	(8 CPU)

03时03分21秒  CPU    %usr   %nice    %sys %iowait    %irq   %soft  %steal  %guest   %idle
03时03分22秒  all   86.16    0.00    6.79    0.00    0.00    0.13    0.00    0.00    6.92
平均时间:  all   86.16    0.00    6.79    0.00    0.00    0.13    0.00    0.00    6.92

Linux 2.6.32-431.el6.x86_64 (slave2) 	2019年07月25日 	_x86_64_	(8 CPU)

03时03分25秒  CPU    %usr   %nice    %sys %iowait    %irq   %soft  %steal  %guest   %idle
03时03分26秒  all   39.12    0.00    6.61    0.00    0.13    1.17    0.00    0.00   52.98
平均时间:  all   39.12    0.00    6.61    0.00    0.13    1.17    0.00    0.00   52.98

Linux 2.6.32-431.el6.x86_64 (slave2) 	2019年07月25日 	_x86_64_	(8 CPU)

03时03分29秒  CPU    %usr   %nice    %sys %iowait    %irq   %soft  %steal  %guest   %idle
03时03分30秒  all   47.45    0.00    9.44    0.00    0.00    0.13    0.00    0.00   42.98
平均时间:  all   47.45    0.00    9.44    0.00    0.00    0.13    0.00    0.00   42.98

Linux 2.6.32-431.el6.x86_64 (slave2) 	2019年07月25日 	_x86_64_	(8 CPU)

03时03分33秒  CPU    %usr   %nice    %sys %iowait    %irq   %soft  %steal  %guest   %idle
03时03分34秒  all   73.72    0.00   12.63    0.00    0.13    1.40    0.00    0.00   12.12
平均时间:  all   73.72    0.00   12.63    0.00    0.13    1.40    0.00    0.00   12.12

Linux 2.6.32-431.el6.x86_64 (slave2) 	2019年07月25日 	_x86_64_	(8 CPU)

03时03分37秒  CPU    %usr   %nice    %sys %iowait    %irq   %soft  %steal  %guest   %idle
03时03分38秒  all   76.36    0.00    8.60    0.00    0.00    0.13    0.00    0.00   14.92
平均时间:  all   76.36    0.00    8.60    0.00    0.00    0.13    0.00    0.00   14.92

Linux 2.6.32-431.el6.x86_64 (slave2) 	2019年07月25日 	_x86_64_	(8 CPU)

03时03分42秒  CPU    %usr   %nice    %sys %iowait    %irq   %soft  %steal  %guest   %idle
03时03分43秒  all   38.25    0.00    5.72    0.00    0.00    0.13    0.00    0.00   55.91
平均时间:  all   38.25    0.00    5.72    0.00    0.00    0.13    0.00    0.00   55.91

Linux 2.6.32-431.el6.x86_64 (slave2) 	2019年07月25日 	_x86_64_	(8 CPU)

03时03分46秒  CPU    %usr   %nice    %sys %iowait    %irq   %soft  %steal  %guest   %idle
03时03分47秒  all   75.13    0.00    7.61    0.00    0.00    0.25    0.00    0.00   17.01
平均时间:  all   75.13    0.00    7.61    0.00    0.00    0.25    0.00    0.00   17.01

Linux 2.6.32-431.el6.x86_64 (slave2) 	2019年07月25日 	_x86_64_	(8 CPU)

03时03分50秒  CPU    %usr   %nice    %sys %iowait    %irq   %soft  %steal  %guest   %idle
03时03分51秒  all   88.10    0.00    8.77    0.00    0.00    0.25    0.00    0.00    2.88
平均时间:  all   88.10    0.00    8.77    0.00    0.00    0.25    0.00    0.00    2.88

Linux 2.6.32-431.el6.x86_64 (slave2) 	2019年07月25日 	_x86_64_	(8 CPU)

03时03分54秒  CPU    %usr   %nice    %sys %iowait    %irq   %soft  %steal  %guest   %idle
03时03分55秒  all   90.97    0.00    8.03    0.00    0.00    0.63    0.00    0.00    0.38
平均时间:  all   90.97    0.00    8.03    0.00    0.00    0.63    0.00    0.00    0.38

Linux 2.6.32-431.el6.x86_64 (slave2) 	2019年07月25日 	_x86_64_	(8 CPU)

03时03分58秒  CPU    %usr   %nice    %sys %iowait    %irq   %soft  %steal  %guest   %idle
03时03分59秒  all   87.53    0.00    6.30    0.00    0.00    0.76    0.00    0.00    5.42
平均时间:  all   87.53    0.00    6.30    0.00    0.00    0.76    0.00    0.00    5.42

Linux 2.6.32-431.el6.x86_64 (slave2) 	2019年07月25日 	_x86_64_	(8 CPU)

03时04分02秒  CPU    %usr   %nice    %sys %iowait    %irq   %soft  %steal  %guest   %idle
03时04分03秒  all   93.60    0.00    5.40    0.00    0.00    0.38    0.00    0.00    0.63
平均时间:  all   93.60    0.00    5.40    0.00    0.00    0.38    0.00    0.00    0.63

Linux 2.6.32-431.el6.x86_64 (slave2) 	2019年07月25日 	_x86_64_	(8 CPU)

03时04分06秒  CPU    %usr   %nice    %sys %iowait    %irq   %soft  %steal  %guest   %idle
03时04分07秒  all   83.31    0.00   10.11    0.13    0.00    2.53    0.00    0.00    3.92
平均时间:  all   83.31    0.00   10.11    0.13    0.00    2.53    0.00    0.00    3.92

Linux 2.6.32-431.el6.x86_64 (slave2) 	2019年07月25日 	_x86_64_	(8 CPU)

03时04分10秒  CPU    %usr   %nice    %sys %iowait    %irq   %soft  %steal  %guest   %idle
03时04分11秒  all   67.05    0.00    4.06    0.00    0.00    0.63    0.00    0.00   28.26
平均时间:  all   67.05    0.00    4.06    0.00    0.00    0.63    0.00    0.00   28.26

Linux 2.6.32-431.el6.x86_64 (slave2) 	2019年07月25日 	_x86_64_	(8 CPU)

03时04分14秒  CPU    %usr   %nice    %sys %iowait    %irq   %soft  %steal  %guest   %idle
03时04分15秒  all   50.13    0.00    2.44    0.00    0.00    0.90    0.00    0.00   46.54
平均时间:  all   50.13    0.00    2.44    0.00    0.00    0.90    0.00    0.00   46.54

Linux 2.6.32-431.el6.x86_64 (slave2) 	2019年07月25日 	_x86_64_	(8 CPU)

03时04分18秒  CPU    %usr   %nice    %sys %iowait    %irq   %soft  %steal  %guest   %idle
03时04分19秒  all   84.14    0.00    6.60    0.00    0.00    1.14    0.00    0.00    8.12
平均时间:  all   84.14    0.00    6.60    0.00    0.00    1.14    0.00    0.00    8.12

Linux 2.6.32-431.el6.x86_64 (slave2) 	2019年07月25日 	_x86_64_	(8 CPU)

03时04分22秒  CPU    %usr   %nice    %sys %iowait    %irq   %soft  %steal  %guest   %idle
03时04分23秒  all   77.23    0.00    9.94    0.00    0.00    4.03    0.00    0.00    8.81
平均时间:  all   77.23    0.00    9.94    0.00    0.00    4.03    0.00    0.00    8.81

Linux 2.6.32-431.el6.x86_64 (slave2) 	2019年07月25日 	_x86_64_	(8 CPU)

03时04分26秒  CPU    %usr   %nice    %sys %iowait    %irq   %soft  %steal  %guest   %idle
03时04分27秒  all   86.73    0.00   10.76    0.00    0.00    1.00    0.00    0.00    1.50
平均时间:  all   86.73    0.00   10.76    0.00    0.00    1.00    0.00    0.00    1.50

Linux 2.6.32-431.el6.x86_64 (slave2) 	2019年07月25日 	_x86_64_	(8 CPU)

03时04分30秒  CPU    %usr   %nice    %sys %iowait    %irq   %soft  %steal  %guest   %idle
03时04分31秒  all   55.53    0.00   25.41    0.00    0.25   10.67    0.00    0.00    8.13
平均时间:  all   55.53    0.00   25.41    0.00    0.25   10.67    0.00    0.00    8.13

Linux 2.6.32-431.el6.x86_64 (slave2) 	2019年07月25日 	_x86_64_	(8 CPU)

03时04分34秒  CPU    %usr   %nice    %sys %iowait    %irq   %soft  %steal  %guest   %idle
03时04分35秒  all   67.17    0.00   19.80    0.00    0.13   12.78    0.00    0.00    0.13
平均时间:  all   67.17    0.00   19.80    0.00    0.13   12.78    0.00    0.00    0.13

Linux 2.6.32-431.el6.x86_64 (slave2) 	2019年07月25日 	_x86_64_	(8 CPU)

03时04分38秒  CPU    %usr   %nice    %sys %iowait    %irq   %soft  %steal  %guest   %idle
03时04分39秒  all   72.47    0.00   17.65    0.00    0.25    9.51    0.00    0.00    0.13
平均时间:  all   72.47    0.00   17.65    0.00    0.25    9.51    0.00    0.00    0.13

Linux 2.6.32-431.el6.x86_64 (slave2) 	2019年07月25日 	_x86_64_	(8 CPU)

03时04分42秒  CPU    %usr   %nice    %sys %iowait    %irq   %soft  %steal  %guest   %idle
03时04分43秒  all   72.07    0.00   19.58    0.00    0.12    8.10    0.00    0.00    0.12
平均时间:  all   72.07    0.00   19.58    0.00    0.12    8.10    0.00    0.00    0.12

Linux 2.6.32-431.el6.x86_64 (slave2) 	2019年07月25日 	_x86_64_	(8 CPU)

03时04分46秒  CPU    %usr   %nice    %sys %iowait    %irq   %soft  %steal  %guest   %idle
03时04分47秒  all   77.25    0.00   13.89    0.00    0.13    8.73    0.00    0.00    0.00
平均时间:  all   77.25    0.00   13.89    0.00    0.13    8.73    0.00    0.00    0.00

Linux 2.6.32-431.el6.x86_64 (slave2) 	2019年07月25日 	_x86_64_	(8 CPU)

03时04分50秒  CPU    %usr   %nice    %sys %iowait    %irq   %soft  %steal  %guest   %idle
03时04分51秒  all   78.99    0.00   13.84    0.00    0.25    6.92    0.00    0.00    0.00
平均时间:  all   78.99    0.00   13.84    0.00    0.25    6.92    0.00    0.00    0.00

Linux 2.6.32-431.el6.x86_64 (slave2) 	2019年07月25日 	_x86_64_	(8 CPU)

03时04分54秒  CPU    %usr   %nice    %sys %iowait    %irq   %soft  %steal  %guest   %idle
03时04分55秒  all   75.51    0.00   17.17    0.00    0.25    7.07    0.00    0.00    0.00
平均时间:  all   75.51    0.00   17.17    0.00    0.25    7.07    0.00    0.00    0.00

Linux 2.6.32-431.el6.x86_64 (slave2) 	2019年07月25日 	_x86_64_	(8 CPU)

03时04分58秒  CPU    %usr   %nice    %sys %iowait    %irq   %soft  %steal  %guest   %idle
03时04分59秒  all   90.86    0.00    7.38    0.00    0.00    0.50    0.00    0.00    1.25
平均时间:  all   90.86    0.00    7.38    0.00    0.00    0.50    0.00    0.00    1.25

Linux 2.6.32-431.el6.x86_64 (slave2) 	2019年07月25日 	_x86_64_	(8 CPU)

03时05分02秒  CPU    %usr   %nice    %sys %iowait    %irq   %soft  %steal  %guest   %idle
03时05分03秒  all   85.01    0.00    8.19    0.00    0.00    0.00    0.00    0.00    6.80
平均时间:  all   85.01    0.00    8.19    0.00    0.00    0.00    0.00    0.00    6.80

Linux 2.6.32-431.el6.x86_64 (slave2) 	2019年07月25日 	_x86_64_	(8 CPU)

03时05分06秒  CPU    %usr   %nice    %sys %iowait    %irq   %soft  %steal  %guest   %idle
03时05分07秒  all   19.10    0.00    2.39    0.00    0.00    0.00    0.00    0.00   78.51
平均时间:  all   19.10    0.00    2.39    0.00    0.00    0.00    0.00    0.00   78.51

Linux 2.6.32-431.el6.x86_64 (slave2) 	2019年07月25日 	_x86_64_	(8 CPU)

03时05分10秒  CPU    %usr   %nice    %sys %iowait    %irq   %soft  %steal  %guest   %idle
03时05分11秒  all   54.07    0.00    6.49    0.00    0.00    0.00    0.00    0.00   39.44
平均时间:  all   54.07    0.00    6.49    0.00    0.00    0.00    0.00    0.00   39.44

Linux 2.6.32-431.el6.x86_64 (slave2) 	2019年07月25日 	_x86_64_	(8 CPU)

03时05分15秒  CPU    %usr   %nice    %sys %iowait    %irq   %soft  %steal  %guest   %idle
03时05分16秒  all   26.41    0.00    4.74    0.00    0.00    0.90    0.00    0.00   67.95
平均时间:  all   26.41    0.00    4.74    0.00    0.00    0.90    0.00    0.00   67.95

Linux 2.6.32-431.el6.x86_64 (slave2) 	2019年07月25日 	_x86_64_	(8 CPU)

03时05分19秒  CPU    %usr   %nice    %sys %iowait    %irq   %soft  %steal  %guest   %idle
03时05分20秒  all   18.82    0.00    2.94    0.00    0.00    0.26    0.00    0.00   77.98
平均时间:  all   18.82    0.00    2.94    0.00    0.00    0.26    0.00    0.00   77.98

Linux 2.6.32-431.el6.x86_64 (slave2) 	2019年07月25日 	_x86_64_	(8 CPU)

03时05分23秒  CPU    %usr   %nice    %sys %iowait    %irq   %soft  %steal  %guest   %idle
03时05分24秒  all   51.90    0.00    5.20    0.00    0.00    0.51    0.00    0.00   42.39
平均时间:  all   51.90    0.00    5.20    0.00    0.00    0.51    0.00    0.00   42.39

Linux 2.6.32-431.el6.x86_64 (slave2) 	2019年07月25日 	_x86_64_	(8 CPU)

03时05分27秒  CPU    %usr   %nice    %sys %iowait    %irq   %soft  %steal  %guest   %idle
03时05分28秒  all   42.64    0.00   12.14    0.00    0.00    2.71    0.00    0.00   42.51
平均时间:  all   42.64    0.00   12.14    0.00    0.00    2.71    0.00    0.00   42.51

Linux 2.6.32-431.el6.x86_64 (slave2) 	2019年07月25日 	_x86_64_	(8 CPU)

03时05分31秒  CPU    %usr   %nice    %sys %iowait    %irq   %soft  %steal  %guest   %idle
03时05分32秒  all   86.97    0.00    9.52    0.00    0.00    0.38    0.00    0.00    3.13
平均时间:  all   86.97    0.00    9.52    0.00    0.00    0.38    0.00    0.00    3.13

Linux 2.6.32-431.el6.x86_64 (slave2) 	2019年07月25日 	_x86_64_	(8 CPU)

03时05分35秒  CPU    %usr   %nice    %sys %iowait    %irq   %soft  %steal  %guest   %idle
03时05分36秒  all   64.97    0.00   13.07    0.00    0.00    0.76    0.00    0.00   21.19
平均时间:  all   64.97    0.00   13.07    0.00    0.00    0.76    0.00    0.00   21.19

Linux 2.6.32-431.el6.x86_64 (slave2) 	2019年07月25日 	_x86_64_	(8 CPU)

03时05分39秒  CPU    %usr   %nice    %sys %iowait    %irq   %soft  %steal  %guest   %idle
03时05分40秒  all   58.34    0.00   14.14    0.00    0.13    1.15    0.00    0.00   26.24
平均时间:  all   58.34    0.00   14.14    0.00    0.13    1.15    0.00    0.00   26.24

Linux 2.6.32-431.el6.x86_64 (slave2) 	2019年07月25日 	_x86_64_	(8 CPU)

03时05分43秒  CPU    %usr   %nice    %sys %iowait    %irq   %soft  %steal  %guest   %idle
03时05分44秒  all   92.22    0.00    5.27    0.00    0.00    0.00    0.00    0.00    2.51
平均时间:  all   92.22    0.00    5.27    0.00    0.00    0.00    0.00    0.00    2.51

Linux 2.6.32-431.el6.x86_64 (slave2) 	2019年07月25日 	_x86_64_	(8 CPU)

03时05分47秒  CPU    %usr   %nice    %sys %iowait    %irq   %soft  %steal  %guest   %idle
03时05分48秒  all   74.94    0.00    7.51    0.00    0.00    0.00    0.00    0.00   17.56
平均时间:  all   74.94    0.00    7.51    0.00    0.00    0.00    0.00    0.00   17.56

Linux 2.6.32-431.el6.x86_64 (slave2) 	2019年07月25日 	_x86_64_	(8 CPU)

03时05分51秒  CPU    %usr   %nice    %sys %iowait    %irq   %soft  %steal  %guest   %idle
03时05分52秒  all   43.08    0.00    4.36    0.00    0.00    0.13    0.00    0.00   52.44
平均时间:  all   43.08    0.00    4.36    0.00    0.00    0.13    0.00    0.00   52.44

Linux 2.6.32-431.el6.x86_64 (slave2) 	2019年07月25日 	_x86_64_	(8 CPU)

03时05分55秒  CPU    %usr   %nice    %sys %iowait    %irq   %soft  %steal  %guest   %idle
03时05分56秒  all   39.74    0.00    3.59    0.00    0.13    0.26    0.00    0.00   56.28
平均时间:  all   39.74    0.00    3.59    0.00    0.13    0.26    0.00    0.00   56.28

Linux 2.6.32-431.el6.x86_64 (slave2) 	2019年07月25日 	_x86_64_	(8 CPU)

03时05分59秒  CPU    %usr   %nice    %sys %iowait    %irq   %soft  %steal  %guest   %idle
03时06分00秒  all   33.33    0.00    9.21    0.00    0.13    7.00    0.00    0.00   50.32
平均时间:  all   33.33    0.00    9.21    0.00    0.13    7.00    0.00    0.00   50.32

Linux 2.6.32-431.el6.x86_64 (slave2) 	2019年07月25日 	_x86_64_	(8 CPU)

03时06分03秒  CPU    %usr   %nice    %sys %iowait    %irq   %soft  %steal  %guest   %idle
03时06分04秒  all   46.68    0.00    5.61    0.00    0.00    0.13    0.00    0.00   47.58
平均时间:  all   46.68    0.00    5.61    0.00    0.00    0.13    0.00    0.00   47.58

Linux 2.6.32-431.el6.x86_64 (slave2) 	2019年07月25日 	_x86_64_	(8 CPU)

03时06分07秒  CPU    %usr   %nice    %sys %iowait    %irq   %soft  %steal  %guest   %idle
03时06分08秒  all   75.73    0.00    9.73    0.00    0.00    0.00    0.00    0.00   14.54
平均时间:  all   75.73    0.00    9.73    0.00    0.00    0.00    0.00    0.00   14.54

Linux 2.6.32-431.el6.x86_64 (slave2) 	2019年07月25日 	_x86_64_	(8 CPU)

03时06分11秒  CPU    %usr   %nice    %sys %iowait    %irq   %soft  %steal  %guest   %idle
03时06分12秒  all   79.70    0.00   10.84    0.00    0.13    0.25    0.00    0.00    9.08
平均时间:  all   79.70    0.00   10.84    0.00    0.13    0.25    0.00    0.00    9.08

Linux 2.6.32-431.el6.x86_64 (slave2) 	2019年07月25日 	_x86_64_	(8 CPU)

03时06分15秒  CPU    %usr   %nice    %sys %iowait    %irq   %soft  %steal  %guest   %idle
03时06分16秒  all   15.11    0.00    2.05    0.00    0.00    0.13    0.00    0.00   82.71
平均时间:  all   15.11    0.00    2.05    0.00    0.00    0.13    0.00    0.00   82.71

Linux 2.6.32-431.el6.x86_64 (slave2) 	2019年07月25日 	_x86_64_	(8 CPU)

03时06分19秒  CPU    %usr   %nice    %sys %iowait    %irq   %soft  %steal  %guest   %idle
03时06分20秒  all   65.27    0.00   12.67    0.00    0.13    0.13    0.00    0.00   21.80
平均时间:  all   65.27    0.00   12.67    0.00    0.13    0.13    0.00    0.00   21.80

Linux 2.6.32-431.el6.x86_64 (slave2) 	2019年07月25日 	_x86_64_	(8 CPU)

03时06分23秒  CPU    %usr   %nice    %sys %iowait    %irq   %soft  %steal  %guest   %idle
03时06分24秒  all   70.18    0.00   18.53    0.00    0.00    0.76    0.00    0.00   10.53
平均时间:  all   70.18    0.00   18.53    0.00    0.00    0.76    0.00    0.00   10.53

Linux 2.6.32-431.el6.x86_64 (slave2) 	2019年07月25日 	_x86_64_	(8 CPU)

03时06分27秒  CPU    %usr   %nice    %sys %iowait    %irq   %soft  %steal  %guest   %idle
03时06分28秒  all   82.31    0.00   15.18    0.00    0.00    0.63    0.00    0.00    1.88
平均时间:  all   82.31    0.00   15.18    0.00    0.00    0.63    0.00    0.00    1.88

Linux 2.6.32-431.el6.x86_64 (slave2) 	2019年07月25日 	_x86_64_	(8 CPU)

03时06分31秒  CPU    %usr   %nice    %sys %iowait    %irq   %soft  %steal  %guest   %idle
03时06分32秒  all   70.54    0.00   19.48    0.00    0.25    9.61    0.00    0.00    0.12
平均时间:  all   70.54    0.00   19.48    0.00    0.25    9.61    0.00    0.00    0.12

Linux 2.6.32-431.el6.x86_64 (slave2) 	2019年07月25日 	_x86_64_	(8 CPU)

03时06分35秒  CPU    %usr   %nice    %sys %iowait    %irq   %soft  %steal  %guest   %idle
03时06分36秒  all   71.25    0.00   17.75    0.00    0.25   10.75    0.00    0.00    0.00
平均时间:  all   71.25    0.00   17.75    0.00    0.25   10.75    0.00    0.00    0.00

Linux 2.6.32-431.el6.x86_64 (slave2) 	2019年07月25日 	_x86_64_	(8 CPU)

03时06分39秒  CPU    %usr   %nice    %sys %iowait    %irq   %soft  %steal  %guest   %idle
03时06分40秒  all   71.00    0.00   17.00    0.00    0.12   11.88    0.00    0.00    0.00
平均时间:  all   71.00    0.00   17.00    0.00    0.12   11.88    0.00    0.00    0.00

Linux 2.6.32-431.el6.x86_64 (slave2) 	2019年07月25日 	_x86_64_	(8 CPU)

03时06分43秒  CPU    %usr   %nice    %sys %iowait    %irq   %soft  %steal  %guest   %idle
03时06分44秒  all   69.46    0.00   17.15    0.00    0.25   13.14    0.00    0.00    0.00
平均时间:  all   69.46    0.00   17.15    0.00    0.25   13.14    0.00    0.00    0.00

Linux 2.6.32-431.el6.x86_64 (slave2) 	2019年07月25日 	_x86_64_	(8 CPU)

03时06分47秒  CPU    %usr   %nice    %sys %iowait    %irq   %soft  %steal  %guest   %idle
03时06分48秒  all   65.20    0.00   20.48    0.00    0.25   13.82    0.00    0.00    0.25
平均时间:  all   65.20    0.00   20.48    0.00    0.25   13.82    0.00    0.00    0.25

Linux 2.6.32-431.el6.x86_64 (slave2) 	2019年07月25日 	_x86_64_	(8 CPU)

03时06分51秒  CPU    %usr   %nice    %sys %iowait    %irq   %soft  %steal  %guest   %idle
03时06分52秒  all   72.91    0.00   16.58    0.00    0.38    7.22    0.00    0.00    2.91
平均时间:  all   72.91    0.00   16.58    0.00    0.38    7.22    0.00    0.00    2.91

Linux 2.6.32-431.el6.x86_64 (slave2) 	2019年07月25日 	_x86_64_	(8 CPU)

03时06分55秒  CPU    %usr   %nice    %sys %iowait    %irq   %soft  %steal  %guest   %idle
03时06分56秒  all   40.97    0.00    3.44    0.00    0.00    0.00    0.00    0.00   55.60
平均时间:  all   40.97    0.00    3.44    0.00    0.00    0.00    0.00    0.00   55.60

Linux 2.6.32-431.el6.x86_64 (slave2) 	2019年07月25日 	_x86_64_	(8 CPU)

03时06分59秒  CPU    %usr   %nice    %sys %iowait    %irq   %soft  %steal  %guest   %idle
03时07分00秒  all    7.40    0.00    2.68    0.00    0.00    0.00    0.00    0.00   89.92
平均时间:  all    7.40    0.00    2.68    0.00    0.00    0.00    0.00    0.00   89.92

Linux 2.6.32-431.el6.x86_64 (slave2) 	2019年07月25日 	_x86_64_	(8 CPU)

03时07分03秒  CPU    %usr   %nice    %sys %iowait    %irq   %soft  %steal  %guest   %idle
03时07分04秒  all    0.89    0.00    0.51    0.00    0.00    0.13    0.00    0.00   98.48
平均时间:  all    0.89    0.00    0.51    0.00    0.00    0.13    0.00    0.00   98.48

Linux 2.6.32-431.el6.x86_64 (slave2) 	2019年07月25日 	_x86_64_	(8 CPU)

03时07分07秒  CPU    %usr   %nice    %sys %iowait    %irq   %soft  %steal  %guest   %idle
03时07分08秒  all   48.09    0.00    7.36    0.00    0.00    0.13    0.00    0.00   44.42
平均时间:  all   48.09    0.00    7.36    0.00    0.00    0.13    0.00    0.00   44.42

Linux 2.6.32-431.el6.x86_64 (slave2) 	2019年07月25日 	_x86_64_	(8 CPU)

03时07分11秒  CPU    %usr   %nice    %sys %iowait    %irq   %soft  %steal  %guest   %idle
03时07分12秒  all    0.76    0.00    0.38    0.00    0.00    0.00    0.00    0.00   98.86
平均时间:  all    0.76    0.00    0.38    0.00    0.00    0.00    0.00    0.00   98.86

Linux 2.6.32-431.el6.x86_64 (slave2) 	2019年07月25日 	_x86_64_	(8 CPU)

03时07分15秒  CPU    %usr   %nice    %sys %iowait    %irq   %soft  %steal  %guest   %idle
03时07分16秒  all   21.71    0.00    6.85    0.00    0.00    2.58    0.00    0.00   68.86
平均时间:  all   21.71    0.00    6.85    0.00    0.00    2.58    0.00    0.00   68.86

Linux 2.6.32-431.el6.x86_64 (slave2) 	2019年07月25日 	_x86_64_	(8 CPU)

03时07分19秒  CPU    %usr   %nice    %sys %iowait    %irq   %soft  %steal  %guest   %idle
03时07分20秒  all   32.19    0.00    3.56    0.00    0.00    0.00    0.00    0.00   64.25
平均时间:  all   32.19    0.00    3.56    0.00    0.00    0.00    0.00    0.00   64.25

Linux 2.6.32-431.el6.x86_64 (slave2) 	2019年07月25日 	_x86_64_	(8 CPU)

03时07分23秒  CPU    %usr   %nice    %sys %iowait    %irq   %soft  %steal  %guest   %idle
03时07分24秒  all   47.96    0.00    6.12    0.00    0.00    0.00    0.00    0.00   45.92
平均时间:  all   47.96    0.00    6.12    0.00    0.00    0.00    0.00    0.00   45.92

Linux 2.6.32-431.el6.x86_64 (slave2) 	2019年07月25日 	_x86_64_	(8 CPU)

03时07分27秒  CPU    %usr   %nice    %sys %iowait    %irq   %soft  %steal  %guest   %idle
03时07分28秒  all   15.90    0.00    0.89    0.00    0.00    0.76    0.00    0.00   82.44
平均时间:  all   15.90    0.00    0.89    0.00    0.00    0.76    0.00    0.00   82.44

Linux 2.6.32-431.el6.x86_64 (slave2) 	2019年07月25日 	_x86_64_	(8 CPU)

03时07分31秒  CPU    %usr   %nice    %sys %iowait    %irq   %soft  %steal  %guest   %idle
03时07分32秒  all   16.58    0.00    1.15    0.00    0.00    1.02    0.00    0.00   81.25
平均时间:  all   16.58    0.00    1.15    0.00    0.00    1.02    0.00    0.00   81.25

Linux 2.6.32-431.el6.x86_64 (slave2) 	2019年07月25日 	_x86_64_	(8 CPU)

03时07分35秒  CPU    %usr   %nice    %sys %iowait    %irq   %soft  %steal  %guest   %idle
03时07分36秒  all   27.61    0.00    2.80    0.00    0.00    0.89    0.00    0.00   68.70
平均时间:  all   27.61    0.00    2.80    0.00    0.00    0.89    0.00    0.00   68.70

Linux 2.6.32-431.el6.x86_64 (slave2) 	2019年07月25日 	_x86_64_	(8 CPU)

03时07分39秒  CPU    %usr   %nice    %sys %iowait    %irq   %soft  %steal  %guest   %idle
03时07分40秒  all   17.85    0.00    1.77    0.00    0.00    0.25    0.00    0.00   80.13
平均时间:  all   17.85    0.00    1.77    0.00    0.00    0.25    0.00    0.00   80.13

Linux 2.6.32-431.el6.x86_64 (slave2) 	2019年07月25日 	_x86_64_	(8 CPU)

03时07分43秒  CPU    %usr   %nice    %sys %iowait    %irq   %soft  %steal  %guest   %idle
03时07分44秒  all   23.32    0.00    1.01    0.00    0.00    0.13    0.00    0.00   75.54
平均时间:  all   23.32    0.00    1.01    0.00    0.00    0.13    0.00    0.00   75.54

Linux 2.6.32-431.el6.x86_64 (slave2) 	2019年07月25日 	_x86_64_	(8 CPU)

03时07分47秒  CPU    %usr   %nice    %sys %iowait    %irq   %soft  %steal  %guest   %idle
03时07分48秒  all   14.03    0.00    1.40    0.00    0.00    1.40    0.00    0.00   83.16
平均时间:  all   14.03    0.00    1.40    0.00    0.00    1.40    0.00    0.00   83.16

Linux 2.6.32-431.el6.x86_64 (slave2) 	2019年07月25日 	_x86_64_	(8 CPU)

03时07分52秒  CPU    %usr   %nice    %sys %iowait    %irq   %soft  %steal  %guest   %idle
03时07分53秒  all   19.24    0.00    1.53    0.00    0.00    0.51    0.00    0.00   78.73
平均时间:  all   19.24    0.00    1.53    0.00    0.00    0.51    0.00    0.00   78.73

Linux 2.6.32-431.el6.x86_64 (slave2) 	2019年07月25日 	_x86_64_	(8 CPU)

03时07分56秒  CPU    %usr   %nice    %sys %iowait    %irq   %soft  %steal  %guest   %idle
03时07分57秒  all   35.53    0.00    5.30    0.00    0.00    0.39    0.00    0.00   58.79
平均时间:  all   35.53    0.00    5.30    0.00    0.00    0.39    0.00    0.00   58.79

Linux 2.6.32-431.el6.x86_64 (slave2) 	2019年07月25日 	_x86_64_	(8 CPU)

03时08分00秒  CPU    %usr   %nice    %sys %iowait    %irq   %soft  %steal  %guest   %idle
03时08分01秒  all    4.06    0.00    3.55    0.00    0.00    0.00    0.00    0.00   92.40
平均时间:  all    4.06    0.00    3.55    0.00    0.00    0.00    0.00    0.00   92.40

Linux 2.6.32-431.el6.x86_64 (slave2) 	2019年07月25日 	_x86_64_	(8 CPU)

03时08分04秒  CPU    %usr   %nice    %sys %iowait    %irq   %soft  %steal  %guest   %idle
03时08分05秒  all   29.08    0.00    3.06    0.00    0.00    0.00    0.00    0.00   67.86
平均时间:  all   29.08    0.00    3.06    0.00    0.00    0.00    0.00    0.00   67.86

Linux 2.6.32-431.el6.x86_64 (slave2) 	2019年07月25日 	_x86_64_	(8 CPU)

03时08分08秒  CPU    %usr   %nice    %sys %iowait    %irq   %soft  %steal  %guest   %idle
03时08分09秒  all   33.55    0.00    7.53    0.00    0.00    0.13    0.00    0.00   58.80
平均时间:  all   33.55    0.00    7.53    0.00    0.00    0.13    0.00    0.00   58.80

Linux 2.6.32-431.el6.x86_64 (slave2) 	2019年07月25日 	_x86_64_	(8 CPU)

03时08分12秒  CPU    %usr   %nice    %sys %iowait    %irq   %soft  %steal  %guest   %idle
03时08分13秒  all   17.77    0.00    1.79    0.13    0.00    1.15    0.00    0.00   79.16
平均时间:  all   17.77    0.00    1.79    0.13    0.00    1.15    0.00    0.00   79.16

Linux 2.6.32-431.el6.x86_64 (slave2) 	2019年07月25日 	_x86_64_	(8 CPU)

03时08分16秒  CPU    %usr   %nice    %sys %iowait    %irq   %soft  %steal  %guest   %idle
03时08分17秒  all   19.26    0.00    2.44    0.00    0.00    0.77    0.00    0.00   77.54
平均时间:  all   19.26    0.00    2.44    0.00    0.00    0.77    0.00    0.00   77.54

Linux 2.6.32-431.el6.x86_64 (slave2) 	2019年07月25日 	_x86_64_	(8 CPU)

03时08分20秒  CPU    %usr   %nice    %sys %iowait    %irq   %soft  %steal  %guest   %idle
03时08分21秒  all   21.61    0.00    1.66    0.00    0.00    0.90    0.00    0.00   75.83
平均时间:  all   21.61    0.00    1.66    0.00    0.00    0.90    0.00    0.00   75.83

Linux 2.6.32-431.el6.x86_64 (slave2) 	2019年07月25日 	_x86_64_	(8 CPU)

03时08分24秒  CPU    %usr   %nice    %sys %iowait    %irq   %soft  %steal  %guest   %idle
03时08分25秒  all   14.92    0.00    2.33    0.00    0.00    1.56    0.00    0.00   81.19
平均时间:  all   14.92    0.00    2.33    0.00    0.00    1.56    0.00    0.00   81.19

Linux 2.6.32-431.el6.x86_64 (slave2) 	2019年07月25日 	_x86_64_	(8 CPU)

03时08分28秒  CPU    %usr   %nice    %sys %iowait    %irq   %soft  %steal  %guest   %idle
03时08分29秒  all   21.15    0.00    7.83    0.00    0.39    9.53    0.00    0.00   61.10
平均时间:  all   21.15    0.00    7.83    0.00    0.39    9.53    0.00    0.00   61.10

Linux 2.6.32-431.el6.x86_64 (slave2) 	2019年07月25日 	_x86_64_	(8 CPU)

03时08分32秒  CPU    %usr   %nice    %sys %iowait    %irq   %soft  %steal  %guest   %idle
03时08分33秒  all   15.87    0.00    8.93    0.00    0.40   13.33    0.00    0.00   61.47
平均时间:  all   15.87    0.00    8.93    0.00    0.40   13.33    0.00    0.00   61.47

Linux 2.6.32-431.el6.x86_64 (slave2) 	2019年07月25日 	_x86_64_	(8 CPU)

03时08分36秒  CPU    %usr   %nice    %sys %iowait    %irq   %soft  %steal  %guest   %idle
03时08分37秒  all    4.18    0.00    9.16    0.00    0.67   18.60    0.00    0.00   67.39
平均时间:  all    4.18    0.00    9.16    0.00    0.67   18.60    0.00    0.00   67.39

Linux 2.6.32-431.el6.x86_64 (slave2) 	2019年07月25日 	_x86_64_	(8 CPU)

03时08分40秒  CPU    %usr   %nice    %sys %iowait    %irq   %soft  %steal  %guest   %idle
03时08分41秒  all   30.50    0.00   11.94    0.00    0.40   19.36    0.00    0.00   37.80
平均时间:  all   30.50    0.00   11.94    0.00    0.40   19.36    0.00    0.00   37.80

Linux 2.6.32-431.el6.x86_64 (slave2) 	2019年07月25日 	_x86_64_	(8 CPU)

03时08分44秒  CPU    %usr   %nice    %sys %iowait    %irq   %soft  %steal  %guest   %idle
03时08分45秒  all   20.11    0.00    8.45    0.00    0.54   11.26    0.00    0.00   59.65
平均时间:  all   20.11    0.00    8.45    0.00    0.54   11.26    0.00    0.00   59.65

Linux 2.6.32-431.el6.x86_64 (slave2) 	2019年07月25日 	_x86_64_	(8 CPU)

03时08分48秒  CPU    %usr   %nice    %sys %iowait    %irq   %soft  %steal  %guest   %idle
03时08分49秒  all   10.80    0.00   11.07    0.00    0.27   18.27    0.00    0.00   59.60
平均时间:  all   10.80    0.00   11.07    0.00    0.27   18.27    0.00    0.00   59.60

Linux 2.6.32-431.el6.x86_64 (slave2) 	2019年07月25日 	_x86_64_	(8 CPU)

03时08分52秒  CPU    %usr   %nice    %sys %iowait    %irq   %soft  %steal  %guest   %idle
03时08分53秒  all    3.85    0.00    9.42    0.00    0.53   17.51    0.00    0.00   68.70
平均时间:  all    3.85    0.00    9.42    0.00    0.53   17.51    0.00    0.00   68.70

Linux 2.6.32-431.el6.x86_64 (slave2) 	2019年07月25日 	_x86_64_	(8 CPU)

03时08分56秒  CPU    %usr   %nice    %sys %iowait    %irq   %soft  %steal  %guest   %idle
03时08分57秒  all   52.39    0.00   15.78    0.00    0.26    7.50    0.00    0.00   24.06
平均时间:  all   52.39    0.00   15.78    0.00    0.26    7.50    0.00    0.00   24.06

Linux 2.6.32-431.el6.x86_64 (slave2) 	2019年07月25日 	_x86_64_	(8 CPU)

03时09分00秒  CPU    %usr   %nice    %sys %iowait    %irq   %soft  %steal  %guest   %idle
03时09分01秒  all   69.19    0.00    8.86    0.00    0.00    0.00    0.00    0.00   21.95
平均时间:  all   69.19    0.00    8.86    0.00    0.00    0.00    0.00    0.00   21.95

Linux 2.6.32-431.el6.x86_64 (slave2) 	2019年07月25日 	_x86_64_	(8 CPU)

03时09分04秒  CPU    %usr   %nice    %sys %iowait    %irq   %soft  %steal  %guest   %idle
03时09分05秒  all   77.94    0.00   11.77    0.00    0.12    4.96    0.00    0.00    5.20
平均时间:  all   77.94    0.00   11.77    0.00    0.12    4.96    0.00    0.00    5.20

Linux 2.6.32-431.el6.x86_64 (slave2) 	2019年07月25日 	_x86_64_	(8 CPU)

03时09分08秒  CPU    %usr   %nice    %sys %iowait    %irq   %soft  %steal  %guest   %idle
03时09分09秒  all   40.99    0.00    6.47    0.13    0.00    0.38    0.00    0.00   52.03
平均时间:  all   40.99    0.00    6.47    0.13    0.00    0.38    0.00    0.00   52.03

Linux 2.6.32-431.el6.x86_64 (slave2) 	2019年07月25日 	_x86_64_	(8 CPU)

03时09分12秒  CPU    %usr   %nice    %sys %iowait    %irq   %soft  %steal  %guest   %idle
03时09分13秒  all   57.36    0.00    5.96    0.00    0.00    0.25    0.00    0.00   36.42
平均时间:  all   57.36    0.00    5.96    0.00    0.00    0.25    0.00    0.00   36.42

Linux 2.6.32-431.el6.x86_64 (slave2) 	2019年07月25日 	_x86_64_	(8 CPU)

03时09分16秒  CPU    %usr   %nice    %sys %iowait    %irq   %soft  %steal  %guest   %idle
03时09分17秒  all   53.68    0.00    6.85    0.00    0.00    0.63    0.00    0.00   38.83
平均时间:  all   53.68    0.00    6.85    0.00    0.00    0.63    0.00    0.00   38.83

Linux 2.6.32-431.el6.x86_64 (slave2) 	2019年07月25日 	_x86_64_	(8 CPU)

03时09分20秒  CPU    %usr   %nice    %sys %iowait    %irq   %soft  %steal  %guest   %idle
03时09分21秒  all   40.49    0.00    4.09    0.00    0.00    1.92    0.00    0.00   53.51
平均时间:  all   40.49    0.00    4.09    0.00    0.00    1.92    0.00    0.00   53.51

Linux 2.6.32-431.el6.x86_64 (slave2) 	2019年07月25日 	_x86_64_	(8 CPU)

03时09分24秒  CPU    %usr   %nice    %sys %iowait    %irq   %soft  %steal  %guest   %idle
03时09分25秒  all   37.71    0.00    2.17    0.00    0.00    1.40    0.00    0.00   58.73
平均时间:  all   37.71    0.00    2.17    0.00    0.00    1.40    0.00    0.00   58.73

Linux 2.6.32-431.el6.x86_64 (slave2) 	2019年07月25日 	_x86_64_	(8 CPU)

03时09分28秒  CPU    %usr   %nice    %sys %iowait    %irq   %soft  %steal  %guest   %idle
03时09分29秒  all   52.65    0.00    2.15    0.00    0.00    0.76    0.00    0.00   44.44
平均时间:  all   52.65    0.00    2.15    0.00    0.00    0.76    0.00    0.00   44.44

Linux 2.6.32-431.el6.x86_64 (slave2) 	2019年07月25日 	_x86_64_	(8 CPU)

03时09分32秒  CPU    %usr   %nice    %sys %iowait    %irq   %soft  %steal  %guest   %idle
03时09分33秒  all   47.91    0.00    2.79    0.00    0.00    0.38    0.00    0.00   48.92
平均时间:  all   47.91    0.00    2.79    0.00    0.00    0.38    0.00    0.00   48.92

Linux 2.6.32-431.el6.x86_64 (slave2) 	2019年07月25日 	_x86_64_	(8 CPU)

03时09分36秒  CPU    %usr   %nice    %sys %iowait    %irq   %soft  %steal  %guest   %idle
03时09分37秒  all   42.01    0.00    4.31    0.00    0.00    0.89    0.00    0.00   52.79
平均时间:  all   42.01    0.00    4.31    0.00    0.00    0.89    0.00    0.00   52.79

Linux 2.6.32-431.el6.x86_64 (slave2) 	2019年07月25日 	_x86_64_	(8 CPU)

03时09分40秒  CPU    %usr   %nice    %sys %iowait    %irq   %soft  %steal  %guest   %idle
03时09分41秒  all   39.52    0.00    2.92    0.00    0.00    0.13    0.00    0.00   57.43
平均时间:  all   39.52    0.00    2.92    0.00    0.00    0.13    0.00    0.00   57.43

Linux 2.6.32-431.el6.x86_64 (slave2) 	2019年07月25日 	_x86_64_	(8 CPU)

03时09分44秒  CPU    %usr   %nice    %sys %iowait    %irq   %soft  %steal  %guest   %idle
03时09分45秒  all   94.37    0.00    4.13    0.00    0.00    0.00    0.00    0.00    1.50
平均时间:  all   94.37    0.00    4.13    0.00    0.00    0.00    0.00    0.00    1.50

Linux 2.6.32-431.el6.x86_64 (slave2) 	2019年07月25日 	_x86_64_	(8 CPU)

03时09分48秒  CPU    %usr   %nice    %sys %iowait    %irq   %soft  %steal  %guest   %idle
03时09分49秒  all   32.86    0.00    7.30    0.00    0.00    0.52    0.00    0.00   59.32
平均时间:  all   32.86    0.00    7.30    0.00    0.00    0.52    0.00    0.00   59.32

Linux 2.6.32-431.el6.x86_64 (slave2) 	2019年07月25日 	_x86_64_	(8 CPU)

03时09分52秒  CPU    %usr   %nice    %sys %iowait    %irq   %soft  %steal  %guest   %idle
03时09分53秒  all   70.57    0.00   14.01    0.00    0.00    0.51    0.00    0.00   14.90
平均时间:  all   70.57    0.00   14.01    0.00    0.00    0.51    0.00    0.00   14.90

Linux 2.6.32-431.el6.x86_64 (slave2) 	2019年07月25日 	_x86_64_	(8 CPU)

03时09分57秒  CPU    %usr   %nice    %sys %iowait    %irq   %soft  %steal  %guest   %idle
03时09分58秒  all   78.13    0.00   12.39    0.00    0.00    0.00    0.00    0.00    9.48
平均时间:  all   78.13    0.00   12.39    0.00    0.00    0.00    0.00    0.00    9.48

Linux 2.6.32-431.el6.x86_64 (slave2) 	2019年07月25日 	_x86_64_	(8 CPU)

03时10分01秒  CPU    %usr   %nice    %sys %iowait    %irq   %soft  %steal  %guest   %idle
03时10分02秒  all   88.25    0.00   10.12    0.00    0.12    0.12    0.00    0.00    1.38
平均时间:  all   88.25    0.00   10.12    0.00    0.12    0.12    0.00    0.00    1.38

Linux 2.6.32-431.el6.x86_64 (slave2) 	2019年07月25日 	_x86_64_	(8 CPU)

03时10分05秒  CPU    %usr   %nice    %sys %iowait    %irq   %soft  %steal  %guest   %idle
03时10分06秒  all   34.41    0.00   19.40    0.00    0.00    7.24    0.00    0.00   38.94
平均时间:  all   34.41    0.00   19.40    0.00    0.00    7.24    0.00    0.00   38.94

Linux 2.6.32-431.el6.x86_64 (slave2) 	2019年07月25日 	_x86_64_	(8 CPU)

03时10分10秒  CPU    %usr   %nice    %sys %iowait    %irq   %soft  %steal  %guest   %idle
03时10分11秒  all   87.32    0.00   11.40    0.00    0.00    0.64    0.00    0.00    0.64
平均时间:  all   87.32    0.00   11.40    0.00    0.00    0.64    0.00    0.00    0.64

Linux 2.6.32-431.el6.x86_64 (slave2) 	2019年07月25日 	_x86_64_	(8 CPU)

03时10分14秒  CPU    %usr   %nice    %sys %iowait    %irq   %soft  %steal  %guest   %idle
03时10分15秒  all   87.59    0.00   10.78    0.00    0.00    0.00    0.00    0.00    1.63
平均时间:  all   87.59    0.00   10.78    0.00    0.00    0.00    0.00    0.00    1.63

Linux 2.6.32-431.el6.x86_64 (slave2) 	2019年07月25日 	_x86_64_	(8 CPU)

03时10分18秒  CPU    %usr   %nice    %sys %iowait    %irq   %soft  %steal  %guest   %idle
03时10分19秒  all   76.04    0.00   11.98    0.00    0.00    1.26    0.00    0.00   10.72
平均时间:  all   76.04    0.00   11.98    0.00    0.00    1.26    0.00    0.00   10.72

Linux 2.6.32-431.el6.x86_64 (slave2) 	2019年07月25日 	_x86_64_	(8 CPU)

03时10分22秒  CPU    %usr   %nice    %sys %iowait    %irq   %soft  %steal  %guest   %idle
03时10分23秒  all   50.70    0.00   10.98    0.00    0.13    2.30    0.00    0.00   35.89
平均时间:  all   50.70    0.00   10.98    0.00    0.13    2.30    0.00    0.00   35.89

Linux 2.6.32-431.el6.x86_64 (slave2) 	2019年07月25日 	_x86_64_	(8 CPU)

03时10分26秒  CPU    %usr   %nice    %sys %iowait    %irq   %soft  %steal  %guest   %idle
03时10分27秒  all   75.86    0.00    8.13    0.00    0.00    0.25    0.00    0.00   15.76
平均时间:  all   75.86    0.00    8.13    0.00    0.00    0.25    0.00    0.00   15.76

Linux 2.6.32-431.el6.x86_64 (slave2) 	2019年07月25日 	_x86_64_	(8 CPU)

03时10分30秒  CPU    %usr   %nice    %sys %iowait    %irq   %soft  %steal  %guest   %idle
03时10分31秒  all   76.02    0.00    7.99    0.00    0.00    0.63    0.00    0.00   15.36
平均时间:  all   76.02    0.00    7.99    0.00    0.00    0.63    0.00    0.00   15.36

Linux 2.6.32-431.el6.x86_64 (slave2) 	2019年07月25日 	_x86_64_	(8 CPU)

03时10分34秒  CPU    %usr   %nice    %sys %iowait    %irq   %soft  %steal  %guest   %idle
03时10分35秒  all   61.70    0.00    5.60    0.00    0.00    1.15    0.00    0.00   31.55
平均时间:  all   61.70    0.00    5.60    0.00    0.00    1.15    0.00    0.00   31.55

Linux 2.6.32-431.el6.x86_64 (slave2) 	2019年07月25日 	_x86_64_	(8 CPU)

03时10分38秒  CPU    %usr   %nice    %sys %iowait    %irq   %soft  %steal  %guest   %idle
03时10分39秒  all   61.55    0.00   13.45    0.00    0.00    2.16    0.00    0.00   22.84
平均时间:  all   61.55    0.00   13.45    0.00    0.00    2.16    0.00    0.00   22.84

Linux 2.6.32-431.el6.x86_64 (slave2) 	2019年07月25日 	_x86_64_	(8 CPU)

03时10分42秒  CPU    %usr   %nice    %sys %iowait    %irq   %soft  %steal  %guest   %idle
03时10分43秒  all   50.00    0.00   10.36    0.00    0.26    4.15    0.00    0.00   35.23
平均时间:  all   50.00    0.00   10.36    0.00    0.26    4.15    0.00    0.00   35.23

Linux 2.6.32-431.el6.x86_64 (slave2) 	2019年07月25日 	_x86_64_	(8 CPU)

03时10分46秒  CPU    %usr   %nice    %sys %iowait    %irq   %soft  %steal  %guest   %idle
03时10分47秒  all   43.84    0.00    6.23    0.00    0.13    2.29    0.00    0.00   47.52
平均时间:  all   43.84    0.00    6.23    0.00    0.13    2.29    0.00    0.00   47.52

Linux 2.6.32-431.el6.x86_64 (slave2) 	2019年07月25日 	_x86_64_	(8 CPU)

03时10分50秒  CPU    %usr   %nice    %sys %iowait    %irq   %soft  %steal  %guest   %idle
03时10分51秒  all   52.09    0.00   17.41    0.00    0.39   12.43    0.00    0.00   17.67
平均时间:  all   52.09    0.00   17.41    0.00    0.39   12.43    0.00    0.00   17.67

Linux 2.6.32-431.el6.x86_64 (slave2) 	2019年07月25日 	_x86_64_	(8 CPU)

03时10分54秒  CPU    %usr   %nice    %sys %iowait    %irq   %soft  %steal  %guest   %idle
03时10分55秒  all   52.36    0.00   16.88    0.00    0.13    4.84    0.00    0.00   25.79
平均时间:  all   52.36    0.00   16.88    0.00    0.13    4.84    0.00    0.00   25.79

Linux 2.6.32-431.el6.x86_64 (slave2) 	2019年07月25日 	_x86_64_	(8 CPU)

03时10分58秒  CPU    %usr   %nice    %sys %iowait    %irq   %soft  %steal  %guest   %idle
03时10分59秒  all   38.23    0.00   10.14    0.00    0.13    3.38    0.00    0.00   48.11
平均时间:  all   38.23    0.00   10.14    0.00    0.13    3.38    0.00    0.00   48.11

Linux 2.6.32-431.el6.x86_64 (slave2) 	2019年07月25日 	_x86_64_	(8 CPU)

03时11分02秒  CPU    %usr   %nice    %sys %iowait    %irq   %soft  %steal  %guest   %idle
03时11分03秒  all   26.09    0.00    8.87    0.00    0.40    5.70    0.00    0.00   58.94
平均时间:  all   26.09    0.00    8.87    0.00    0.40    5.70    0.00    0.00   58.94

Linux 2.6.32-431.el6.x86_64 (slave2) 	2019年07月25日 	_x86_64_	(8 CPU)

03时11分06秒  CPU    %usr   %nice    %sys %iowait    %irq   %soft  %steal  %guest   %idle
03时11分07秒  all   23.56    0.00    2.43    0.00    0.00    0.64    0.00    0.00   73.37
平均时间:  all   23.56    0.00    2.43    0.00    0.00    0.64    0.00    0.00   73.37

Linux 2.6.32-431.el6.x86_64 (slave2) 	2019年07月25日 	_x86_64_	(8 CPU)

03时11分10秒  CPU    %usr   %nice    %sys %iowait    %irq   %soft  %steal  %guest   %idle
03时11分11秒  all   19.95    0.00    4.73    0.00    0.00    0.13    0.00    0.00   75.19
平均时间:  all   19.95    0.00    4.73    0.00    0.00    0.13    0.00    0.00   75.19

Linux 2.6.32-431.el6.x86_64 (slave2) 	2019年07月25日 	_x86_64_	(8 CPU)

03时11分14秒  CPU    %usr   %nice    %sys %iowait    %irq   %soft  %steal  %guest   %idle
03时11分15秒  all   53.93    0.00   26.78    0.00    0.13    9.39    0.00    0.00    9.77
平均时间:  all   53.93    0.00   26.78    0.00    0.13    9.39    0.00    0.00    9.77

Linux 2.6.32-431.el6.x86_64 (slave2) 	2019年07月25日 	_x86_64_	(8 CPU)

03时11分18秒  CPU    %usr   %nice    %sys %iowait    %irq   %soft  %steal  %guest   %idle
03时11分19秒  all   59.51    0.00   27.40    0.00    0.27    8.10    0.00    0.00    4.72
平均时间:  all   59.51    0.00   27.40    0.00    0.27    8.10    0.00    0.00    4.72

Linux 2.6.32-431.el6.x86_64 (slave2) 	2019年07月25日 	_x86_64_	(8 CPU)

03时11分22秒  CPU    %usr   %nice    %sys %iowait    %irq   %soft  %steal  %guest   %idle
03时11分23秒  all   77.88    0.00   15.12    0.00    0.12    6.62    0.00    0.00    0.25
平均时间:  all   77.88    0.00   15.12    0.00    0.12    6.62    0.00    0.00    0.25

Linux 2.6.32-431.el6.x86_64 (slave2) 	2019年07月25日 	_x86_64_	(8 CPU)

03时11分26秒  CPU    %usr   %nice    %sys %iowait    %irq   %soft  %steal  %guest   %idle
03时11分27秒  all   71.97    0.00   19.49    0.00    0.38    6.50    0.00    0.00    1.66
平均时间:  all   71.97    0.00   19.49    0.00    0.38    6.50    0.00    0.00    1.66

Linux 2.6.32-431.el6.x86_64 (slave2) 	2019年07月25日 	_x86_64_	(8 CPU)

03时11分30秒  CPU    %usr   %nice    %sys %iowait    %irq   %soft  %steal  %guest   %idle
03时11分31秒  all   71.09    0.00   19.07    0.00    0.38    9.34    0.00    0.00    0.13
平均时间:  all   71.09    0.00   19.07    0.00    0.38    9.34    0.00    0.00    0.13

Linux 2.6.32-431.el6.x86_64 (slave2) 	2019年07月25日 	_x86_64_	(8 CPU)

03时11分34秒  CPU    %usr   %nice    %sys %iowait    %irq   %soft  %steal  %guest   %idle
03时11分35秒  all   89.03    0.00    8.83    0.00    0.00    0.38    0.00    0.00    1.77
平均时间:  all   89.03    0.00    8.83    0.00    0.00    0.38    0.00    0.00    1.77

Linux 2.6.32-431.el6.x86_64 (slave2) 	2019年07月25日 	_x86_64_	(8 CPU)

03时11分38秒  CPU    %usr   %nice    %sys %iowait    %irq   %soft  %steal  %guest   %idle
03时11分39秒  all   84.09    0.00   14.66    0.00    0.00    0.63    0.00    0.00    0.63
平均时间:  all   84.09    0.00   14.66    0.00    0.00    0.63    0.00    0.00    0.63

Linux 2.6.32-431.el6.x86_64 (slave2) 	2019年07月25日 	_x86_64_	(8 CPU)

03时11分42秒  CPU    %usr   %nice    %sys %iowait    %irq   %soft  %steal  %guest   %idle
03时11分43秒  all   80.65    0.00   16.33    0.00    0.00    2.89    0.00    0.00    0.13
平均时间:  all   80.65    0.00   16.33    0.00    0.00    2.89    0.00    0.00    0.13

Linux 2.6.32-431.el6.x86_64 (slave2) 	2019年07月25日 	_x86_64_	(8 CPU)

03时11分46秒  CPU    %usr   %nice    %sys %iowait    %irq   %soft  %steal  %guest   %idle
03时11分47秒  all   91.71    0.00    6.16    0.00    0.00    0.63    0.00    0.00    1.51
平均时间:  all   91.71    0.00    6.16    0.00    0.00    0.63    0.00    0.00    1.51

Linux 2.6.32-431.el6.x86_64 (slave2) 	2019年07月25日 	_x86_64_	(8 CPU)

03时11分51秒  CPU    %usr   %nice    %sys %iowait    %irq   %soft  %steal  %guest   %idle
03时11分52秒  all   94.88    0.00    5.00    0.00    0.00    0.12    0.00    0.00    0.00
平均时间:  all   94.88    0.00    5.00    0.00    0.00    0.12    0.00    0.00    0.00

Linux 2.6.32-431.el6.x86_64 (slave2) 	2019年07月25日 	_x86_64_	(8 CPU)

03时11分55秒  CPU    %usr   %nice    %sys %iowait    %irq   %soft  %steal  %guest   %idle
03时11分56秒  all   92.82    0.00    5.92    0.00    0.00    1.01    0.00    0.00    0.25
平均时间:  all   92.82    0.00    5.92    0.00    0.00    1.01    0.00    0.00    0.25

Linux 2.6.32-431.el6.x86_64 (slave2) 	2019年07月25日 	_x86_64_	(8 CPU)

03时11分59秒  CPU    %usr   %nice    %sys %iowait    %irq   %soft  %steal  %guest   %idle
03时12分00秒  all   62.20    0.00    5.36    0.00    0.00    1.79    0.00    0.00   30.65
平均时间:  all   62.20    0.00    5.36    0.00    0.00    1.79    0.00    0.00   30.65

Linux 2.6.32-431.el6.x86_64 (slave2) 	2019年07月25日 	_x86_64_	(8 CPU)

03时12分03秒  CPU    %usr   %nice    %sys %iowait    %irq   %soft  %steal  %guest   %idle
03时12分04秒  all   19.03    0.00    2.17    0.00    0.00    1.53    0.00    0.00   77.27
平均时间:  all   19.03    0.00    2.17    0.00    0.00    1.53    0.00    0.00   77.27

Linux 2.6.32-431.el6.x86_64 (slave2) 	2019年07月25日 	_x86_64_	(8 CPU)

03时12分07秒  CPU    %usr   %nice    %sys %iowait    %irq   %soft  %steal  %guest   %idle
03时12分08秒  all   42.80    0.00    6.94    0.00    0.13    1.83    0.00    0.00   48.30
平均时间:  all   42.80    0.00    6.94    0.00    0.13    1.83    0.00    0.00   48.30

Linux 2.6.32-431.el6.x86_64 (slave2) 	2019年07月25日 	_x86_64_	(8 CPU)

03时12分11秒  CPU    %usr   %nice    %sys %iowait    %irq   %soft  %steal  %guest   %idle
03时12分12秒  all   82.94    0.00   13.17    0.00    0.13    1.13    0.00    0.00    2.63
平均时间:  all   82.94    0.00   13.17    0.00    0.13    1.13    0.00    0.00    2.63

Linux 2.6.32-431.el6.x86_64 (slave2) 	2019年07月25日 	_x86_64_	(8 CPU)

03时12分15秒  CPU    %usr   %nice    %sys %iowait    %irq   %soft  %steal  %guest   %idle
03时12分16秒  all   52.12    0.00   11.33    0.00    0.13    1.16    0.00    0.00   35.26
平均时间:  all   52.12    0.00   11.33    0.00    0.13    1.16    0.00    0.00   35.26

Linux 2.6.32-431.el6.x86_64 (slave2) 	2019年07月25日 	_x86_64_	(8 CPU)

03时12分19秒  CPU    %usr   %nice    %sys %iowait    %irq   %soft  %steal  %guest   %idle
03时12分20秒  all   52.62    0.00    7.41    0.00    0.00    0.13    0.00    0.00   39.85
平均时间:  all   52.62    0.00    7.41    0.00    0.00    0.13    0.00    0.00   39.85

Linux 2.6.32-431.el6.x86_64 (slave2) 	2019年07月25日 	_x86_64_	(8 CPU)

03时12分23秒  CPU    %usr   %nice    %sys %iowait    %irq   %soft  %steal  %guest   %idle
03时12分24秒  all   57.07    0.00   11.72    0.00    0.00    0.64    0.00    0.00   30.57
平均时间:  all   57.07    0.00   11.72    0.00    0.00    0.64    0.00    0.00   30.57

Linux 2.6.32-431.el6.x86_64 (slave2) 	2019年07月25日 	_x86_64_	(8 CPU)

03时12分27秒  CPU    %usr   %nice    %sys %iowait    %irq   %soft  %steal  %guest   %idle
03时12分28秒  all   70.72    0.00   19.65    0.00    0.00    0.38    0.00    0.00    9.25
平均时间:  all   70.72    0.00   19.65    0.00    0.00    0.38    0.00    0.00    9.25

Linux 2.6.32-431.el6.x86_64 (slave2) 	2019年07月25日 	_x86_64_	(8 CPU)

03时12分31秒  CPU    %usr   %nice    %sys %iowait    %irq   %soft  %steal  %guest   %idle
03时12分32秒  all   89.11    0.00    9.51    0.00    0.00    0.00    0.00    0.00    1.38
平均时间:  all   89.11    0.00    9.51    0.00    0.00    0.00    0.00    0.00    1.38

Linux 2.6.32-431.el6.x86_64 (slave2) 	2019年07月25日 	_x86_64_	(8 CPU)

03时12分35秒  CPU    %usr   %nice    %sys %iowait    %irq   %soft  %steal  %guest   %idle
03时12分36秒  all   91.23    0.00    6.64    0.00    0.00    0.13    0.00    0.00    2.01
平均时间:  all   91.23    0.00    6.64    0.00    0.00    0.13    0.00    0.00    2.01

Linux 2.6.32-431.el6.x86_64 (slave2) 	2019年07月25日 	_x86_64_	(8 CPU)

03时12分39秒  CPU    %usr   %nice    %sys %iowait    %irq   %soft  %steal  %guest   %idle
03时12分40秒  all   85.95    0.00   10.92    0.00    0.00    0.25    0.00    0.00    2.89
平均时间:  all   85.95    0.00   10.92    0.00    0.00    0.25    0.00    0.00    2.89

Linux 2.6.32-431.el6.x86_64 (slave2) 	2019年07月25日 	_x86_64_	(8 CPU)

03时12分43秒  CPU    %usr   %nice    %sys %iowait    %irq   %soft  %steal  %guest   %idle
03时12分44秒  all   33.93    0.00    4.35    0.00    0.00    0.00    0.00    0.00   61.72
平均时间:  all   33.93    0.00    4.35    0.00    0.00    0.00    0.00    0.00   61.72

Linux 2.6.32-431.el6.x86_64 (slave2) 	2019年07月25日 	_x86_64_	(8 CPU)

03时12分47秒  CPU    %usr   %nice    %sys %iowait    %irq   %soft  %steal  %guest   %idle
03时12分48秒  all   55.70    0.00    8.32    0.00    0.00    0.00    0.00    0.00   35.98
平均时间:  all   55.70    0.00    8.32    0.00    0.00    0.00    0.00    0.00   35.98

Linux 2.6.32-431.el6.x86_64 (slave2) 	2019年07月25日 	_x86_64_	(8 CPU)

03时12分51秒  CPU    %usr   %nice    %sys %iowait    %irq   %soft  %steal  %guest   %idle
03时12分52秒  all   33.29    0.00    8.00    0.00    0.00    0.13    0.00    0.00   58.58
平均时间:  all   33.29    0.00    8.00    0.00    0.00    0.13    0.00    0.00   58.58

Linux 2.6.32-431.el6.x86_64 (slave2) 	2019年07月25日 	_x86_64_	(8 CPU)

03时12分55秒  CPU    %usr   %nice    %sys %iowait    %irq   %soft  %steal  %guest   %idle
03时12分56秒  all   33.94    0.00    4.39    0.00    0.00    2.19    0.00    0.00   59.48
平均时间:  all   33.94    0.00    4.39    0.00    0.00    2.19    0.00    0.00   59.48

Linux 2.6.32-431.el6.x86_64 (slave2) 	2019年07月25日 	_x86_64_	(8 CPU)

03时12分59秒  CPU    %usr   %nice    %sys %iowait    %irq   %soft  %steal  %guest   %idle
03时13分00秒  all   34.11    0.00    4.12    0.00    0.00    1.93    0.00    0.00   59.85
平均时间:  all   34.11    0.00    4.12    0.00    0.00    1.93    0.00    0.00   59.85

Linux 2.6.32-431.el6.x86_64 (slave2) 	2019年07月25日 	_x86_64_	(8 CPU)

03时13分03秒  CPU    %usr   %nice    %sys %iowait    %irq   %soft  %steal  %guest   %idle
03时13分04秒  all   35.51    0.00    3.08    0.00    0.13    1.41    0.00    0.00   59.87
平均时间:  all   35.51    0.00    3.08    0.00    0.13    1.41    0.00    0.00   59.87

Linux 2.6.32-431.el6.x86_64 (slave2) 	2019年07月25日 	_x86_64_	(8 CPU)

03时13分07秒  CPU    %usr   %nice    %sys %iowait    %irq   %soft  %steal  %guest   %idle
03时13分08秒  all   25.37    0.00    2.96    0.00    0.00    3.20    0.00    0.00   68.47
平均时间:  all   25.37    0.00    2.96    0.00    0.00    3.20    0.00    0.00   68.47

Linux 2.6.32-431.el6.x86_64 (slave2) 	2019年07月25日 	_x86_64_	(8 CPU)

03时13分11秒  CPU    %usr   %nice    %sys %iowait    %irq   %soft  %steal  %guest   %idle
03时13分12秒  all   78.65    0.00   10.93    0.00    0.13    1.14    0.00    0.00    9.15
平均时间:  all   78.65    0.00   10.93    0.00    0.13    1.14    0.00    0.00    9.15

Linux 2.6.32-431.el6.x86_64 (slave2) 	2019年07月25日 	_x86_64_	(8 CPU)

03时13分15秒  CPU    %usr   %nice    %sys %iowait    %irq   %soft  %steal  %guest   %idle
03时13分16秒  all   83.33    0.00   11.36    0.00    0.00    0.51    0.00    0.00    4.80
平均时间:  all   83.33    0.00   11.36    0.00    0.00    0.51    0.00    0.00    4.80

Linux 2.6.32-431.el6.x86_64 (slave2) 	2019年07月25日 	_x86_64_	(8 CPU)

03时13分19秒  CPU    %usr   %nice    %sys %iowait    %irq   %soft  %steal  %guest   %idle
03时13分20秒  all   75.57    0.00    8.91    0.00    0.00    0.25    0.00    0.00   15.27
平均时间:  all   75.57    0.00    8.91    0.00    0.00    0.25    0.00    0.00   15.27

Linux 2.6.32-431.el6.x86_64 (slave2) 	2019年07月25日 	_x86_64_	(8 CPU)

03时13分23秒  CPU    %usr   %nice    %sys %iowait    %irq   %soft  %steal  %guest   %idle
03时13分24秒  all   72.65    0.00    7.38    0.00    0.00    0.89    0.00    0.00   19.08
平均时间:  all   72.65    0.00    7.38    0.00    0.00    0.89    0.00    0.00   19.08

Linux 2.6.32-431.el6.x86_64 (slave2) 	2019年07月25日 	_x86_64_	(8 CPU)

03时13分27秒  CPU    %usr   %nice    %sys %iowait    %irq   %soft  %steal  %guest   %idle
03时13分28秒  all   65.10    0.00    9.64    0.00    0.00    0.25    0.00    0.00   25.00
平均时间:  all   65.10    0.00    9.64    0.00    0.00    0.25    0.00    0.00   25.00

Linux 2.6.32-431.el6.x86_64 (slave2) 	2019年07月25日 	_x86_64_	(8 CPU)

03时13分31秒  CPU    %usr   %nice    %sys %iowait    %irq   %soft  %steal  %guest   %idle
03时13分32秒  all   88.75    0.00   10.75    0.00    0.00    0.38    0.00    0.00    0.12
平均时间:  all   88.75    0.00   10.75    0.00    0.00    0.38    0.00    0.00    0.12

Linux 2.6.32-431.el6.x86_64 (slave2) 	2019年07月25日 	_x86_64_	(8 CPU)

03时13分35秒  CPU    %usr   %nice    %sys %iowait    %irq   %soft  %steal  %guest   %idle
03时13分36秒  all   84.48    0.00   12.77    0.00    0.13    0.63    0.00    0.00    2.00
平均时间:  all   84.48    0.00   12.77    0.00    0.13    0.63    0.00    0.00    2.00

Linux 2.6.32-431.el6.x86_64 (slave2) 	2019年07月25日 	_x86_64_	(8 CPU)

03时13分39秒  CPU    %usr   %nice    %sys %iowait    %irq   %soft  %steal  %guest   %idle
03时13分40秒  all   73.87    0.00   21.11    0.00    0.00    1.38    0.00    0.00    3.64
平均时间:  all   73.87    0.00   21.11    0.00    0.00    1.38    0.00    0.00    3.64

Linux 2.6.32-431.el6.x86_64 (slave2) 	2019年07月25日 	_x86_64_	(8 CPU)

03时13分43秒  CPU    %usr   %nice    %sys %iowait    %irq   %soft  %steal  %guest   %idle
03时13分44秒  all   88.97    0.00    9.65    0.00    0.00    0.13    0.00    0.00    1.25
平均时间:  all   88.97    0.00    9.65    0.00    0.00    0.13    0.00    0.00    1.25

Linux 2.6.32-431.el6.x86_64 (slave2) 	2019年07月25日 	_x86_64_	(8 CPU)

03时13分47秒  CPU    %usr   %nice    %sys %iowait    %irq   %soft  %steal  %guest   %idle
03时13分48秒  all   88.46    0.00    7.03    0.00    0.13    0.13    0.00    0.00    4.27
平均时间:  all   88.46    0.00    7.03    0.00    0.13    0.13    0.00    0.00    4.27

Linux 2.6.32-431.el6.x86_64 (slave2) 	2019年07月25日 	_x86_64_	(8 CPU)

03时13分51秒  CPU    %usr   %nice    %sys %iowait    %irq   %soft  %steal  %guest   %idle
03时13分52秒  all   91.99    0.00    7.76    0.00    0.00    0.13    0.00    0.00    0.13
平均时间:  all   91.99    0.00    7.76    0.00    0.00    0.13    0.00    0.00    0.13

Linux 2.6.32-431.el6.x86_64 (slave2) 	2019年07月25日 	_x86_64_	(8 CPU)

03时13分55秒  CPU    %usr   %nice    %sys %iowait    %irq   %soft  %steal  %guest   %idle
03时13分56秒  all   67.90    0.00    8.54    0.00    0.00    0.51    0.00    0.00   23.06
平均时间:  all   67.90    0.00    8.54    0.00    0.00    0.51    0.00    0.00   23.06

Linux 2.6.32-431.el6.x86_64 (slave2) 	2019年07月25日 	_x86_64_	(8 CPU)

03时13分59秒  CPU    %usr   %nice    %sys %iowait    %irq   %soft  %steal  %guest   %idle
03时14分00秒  all   88.05    0.00    7.04    0.00    0.13    0.00    0.00    0.00    4.78
平均时间:  all   88.05    0.00    7.04    0.00    0.13    0.00    0.00    0.00    4.78

Linux 2.6.32-431.el6.x86_64 (slave2) 	2019年07月25日 	_x86_64_	(8 CPU)

03时14分03秒  CPU    %usr   %nice    %sys %iowait    %irq   %soft  %steal  %guest   %idle
03时14分04秒  all   19.72    0.00    3.20    0.00    0.00    0.00    0.00    0.00   77.08
平均时间:  all   19.72    0.00    3.20    0.00    0.00    0.00    0.00    0.00   77.08

Linux 2.6.32-431.el6.x86_64 (slave2) 	2019年07月25日 	_x86_64_	(8 CPU)

03时14分07秒  CPU    %usr   %nice    %sys %iowait    %irq   %soft  %steal  %guest   %idle
03时14分08秒  all   33.46    0.00    9.17    0.00    0.26    1.29    0.00    0.00   55.81
平均时间:  all   33.46    0.00    9.17    0.00    0.26    1.29    0.00    0.00   55.81

Linux 2.6.32-431.el6.x86_64 (slave2) 	2019年07月25日 	_x86_64_	(8 CPU)

03时14分11秒  CPU    %usr   %nice    %sys %iowait    %irq   %soft  %steal  %guest   %idle
03时14分12秒  all   35.04    0.00    9.97    0.00    0.00    3.20    0.00    0.00   51.79
平均时间:  all   35.04    0.00    9.97    0.00    0.00    3.20    0.00    0.00   51.79

Linux 2.6.32-431.el6.x86_64 (slave2) 	2019年07月25日 	_x86_64_	(8 CPU)

03时14分15秒  CPU    %usr   %nice    %sys %iowait    %irq   %soft  %steal  %guest   %idle
03时14分16秒  all   79.80    0.00   11.49    0.00    0.00    0.00    0.00    0.00    8.71
平均时间:  all   79.80    0.00   11.49    0.00    0.00    0.00    0.00    0.00    8.71

Linux 2.6.32-431.el6.x86_64 (slave2) 	2019年07月25日 	_x86_64_	(8 CPU)

03时14分19秒  CPU    %usr   %nice    %sys %iowait    %irq   %soft  %steal  %guest   %idle
03时14分20秒  all   80.86    0.00   13.22    0.00    0.00    0.00    0.00    0.00    5.92
平均时间:  all   80.86    0.00   13.22    0.00    0.00    0.00    0.00    0.00    5.92

Linux 2.6.32-431.el6.x86_64 (slave2) 	2019年07月25日 	_x86_64_	(8 CPU)

03时14分23秒  CPU    %usr   %nice    %sys %iowait    %irq   %soft  %steal  %guest   %idle
03时14分24秒  all   62.29    0.00    9.01    0.00    0.00    0.26    0.00    0.00   28.44
平均时间:  all   62.29    0.00    9.01    0.00    0.00    0.26    0.00    0.00   28.44

Linux 2.6.32-431.el6.x86_64 (slave2) 	2019年07月25日 	_x86_64_	(8 CPU)

03时14分27秒  CPU    %usr   %nice    %sys %iowait    %irq   %soft  %steal  %guest   %idle
03时14分28秒  all   71.68    0.00   12.50    0.00    0.00    0.51    0.00    0.00   15.31
平均时间:  all   71.68    0.00   12.50    0.00    0.00    0.51    0.00    0.00   15.31

Linux 2.6.32-431.el6.x86_64 (slave2) 	2019年07月25日 	_x86_64_	(8 CPU)

03时14分31秒  CPU    %usr   %nice    %sys %iowait    %irq   %soft  %steal  %guest   %idle
03时14分32秒  all   86.07    0.00   12.17    0.00    0.00    0.00    0.00    0.00    1.76
平均时间:  all   86.07    0.00   12.17    0.00    0.00    0.00    0.00    0.00    1.76

Linux 2.6.32-431.el6.x86_64 (slave2) 	2019年07月25日 	_x86_64_	(8 CPU)

03时14分36秒  CPU    %usr   %nice    %sys %iowait    %irq   %soft  %steal  %guest   %idle
03时14分37秒  all   94.50    0.00    5.25    0.00    0.00    0.12    0.00    0.00    0.12
平均时间:  all   94.50    0.00    5.25    0.00    0.00    0.12    0.00    0.00    0.12

Linux 2.6.32-431.el6.x86_64 (slave2) 	2019年07月25日 	_x86_64_	(8 CPU)

03时14分40秒  CPU    %usr   %nice    %sys %iowait    %irq   %soft  %steal  %guest   %idle
03时14分41秒  all   93.22    0.00    6.28    0.00    0.00    0.38    0.00    0.00    0.13
平均时间:  all   93.22    0.00    6.28    0.00    0.00    0.38    0.00    0.00    0.13

Linux 2.6.32-431.el6.x86_64 (slave2) 	2019年07月25日 	_x86_64_	(8 CPU)

03时14分44秒  CPU    %usr   %nice    %sys %iowait    %irq   %soft  %steal  %guest   %idle
03时14分45秒  all   63.66    0.00    5.46    0.00    0.00    1.27    0.00    0.00   29.61
平均时间:  all   63.66    0.00    5.46    0.00    0.00    1.27    0.00    0.00   29.61

Linux 2.6.32-431.el6.x86_64 (slave2) 	2019年07月25日 	_x86_64_	(8 CPU)

03时14分48秒  CPU    %usr   %nice    %sys %iowait    %irq   %soft  %steal  %guest   %idle
03时14分49秒  all   86.93    0.00    4.77    0.00    0.00    0.00    0.00    0.00    8.29
平均时间:  all   86.93    0.00    4.77    0.00    0.00    0.00    0.00    0.00    8.29

Linux 2.6.32-431.el6.x86_64 (slave2) 	2019年07月25日 	_x86_64_	(8 CPU)

03时14分52秒  CPU    %usr   %nice    %sys %iowait    %irq   %soft  %steal  %guest   %idle
03时14分53秒  all   44.71    0.00    2.80    0.00    0.00    2.29    0.00    0.00   50.19
平均时间:  all   44.71    0.00    2.80    0.00    0.00    2.29    0.00    0.00   50.19

Linux 2.6.32-431.el6.x86_64 (slave2) 	2019年07月25日 	_x86_64_	(8 CPU)

03时14分56秒  CPU    %usr   %nice    %sys %iowait    %irq   %soft  %steal  %guest   %idle
03时14分57秒  all   64.39    0.00    4.82    0.00    0.00    0.63    0.00    0.00   30.16
平均时间:  all   64.39    0.00    4.82    0.00    0.00    0.63    0.00    0.00   30.16

Linux 2.6.32-431.el6.x86_64 (slave2) 	2019年07月25日 	_x86_64_	(8 CPU)

03时15分00秒  CPU    %usr   %nice    %sys %iowait    %irq   %soft  %steal  %guest   %idle
03时15分01秒  all   35.76    0.00    8.45    0.00    0.13    2.34    0.00    0.00   53.32
平均时间:  all   35.76    0.00    8.45    0.00    0.13    2.34    0.00    0.00   53.32

Linux 2.6.32-431.el6.x86_64 (slave2) 	2019年07月25日 	_x86_64_	(8 CPU)

03时15分04秒  CPU    %usr   %nice    %sys %iowait    %irq   %soft  %steal  %guest   %idle
03时15分05秒  all   62.83    0.00    6.57    0.00    0.13    0.00    0.00    0.00   30.47
平均时间:  all   62.83    0.00    6.57    0.00    0.13    0.00    0.00    0.00   30.47

Linux 2.6.32-431.el6.x86_64 (slave2) 	2019年07月25日 	_x86_64_	(8 CPU)

03时15分08秒  CPU    %usr   %nice    %sys %iowait    %irq   %soft  %steal  %guest   %idle
03时15分09秒  all   88.11    0.00   10.51    0.00    0.00    0.75    0.00    0.00    0.63
平均时间:  all   88.11    0.00   10.51    0.00    0.00    0.75    0.00    0.00    0.63

Linux 2.6.32-431.el6.x86_64 (slave2) 	2019年07月25日 	_x86_64_	(8 CPU)

03时15分12秒  CPU    %usr   %nice    %sys %iowait    %irq   %soft  %steal  %guest   %idle
03时15分13秒  all   66.71    0.00   14.41    0.00    0.00    0.00    0.00    0.00   18.88
平均时间:  all   66.71    0.00   14.41    0.00    0.00    0.00    0.00    0.00   18.88

Linux 2.6.32-431.el6.x86_64 (slave2) 	2019年07月25日 	_x86_64_	(8 CPU)

03时15分16秒  CPU    %usr   %nice    %sys %iowait    %irq   %soft  %steal  %guest   %idle
03时15分17秒  all   83.38    0.00    9.45    0.00    0.00    0.13    0.00    0.00    7.05
平均时间:  all   83.38    0.00    9.45    0.00    0.00    0.13    0.00    0.00    7.05

Linux 2.6.32-431.el6.x86_64 (slave2) 	2019年07月25日 	_x86_64_	(8 CPU)

03时15分20秒  CPU    %usr   %nice    %sys %iowait    %irq   %soft  %steal  %guest   %idle
03时15分21秒  all   69.37    0.00   11.90    0.00    0.00    0.13    0.00    0.00   18.61
平均时间:  all   69.37    0.00   11.90    0.00    0.00    0.13    0.00    0.00   18.61

Linux 2.6.32-431.el6.x86_64 (slave2) 	2019年07月25日 	_x86_64_	(8 CPU)

03时15分24秒  CPU    %usr   %nice    %sys %iowait    %irq   %soft  %steal  %guest   %idle
03时15分25秒  all   85.95    0.00   13.30    0.00    0.00    0.00    0.00    0.00    0.75
平均时间:  all   85.95    0.00   13.30    0.00    0.00    0.00    0.00    0.00    0.75

Linux 2.6.32-431.el6.x86_64 (slave2) 	2019年07月25日 	_x86_64_	(8 CPU)

03时15分28秒  CPU    %usr   %nice    %sys %iowait    %irq   %soft  %steal  %guest   %idle
03时15分29秒  all   87.97    0.00    8.40    0.00    0.00    0.13    0.00    0.00    3.51
平均时间:  all   87.97    0.00    8.40    0.00    0.00    0.13    0.00    0.00    3.51

Linux 2.6.32-431.el6.x86_64 (slave2) 	2019年07月25日 	_x86_64_	(8 CPU)

03时15分32秒  CPU    %usr   %nice    %sys %iowait    %irq   %soft  %steal  %guest   %idle
03时15分33秒  all   50.06    0.00   16.05    0.00    0.00    0.77    0.00    0.00   33.12
平均时间:  all   50.06    0.00   16.05    0.00    0.00    0.77    0.00    0.00   33.12

Linux 2.6.32-431.el6.x86_64 (slave2) 	2019年07月25日 	_x86_64_	(8 CPU)

03时15分36秒  CPU    %usr   %nice    %sys %iowait    %irq   %soft  %steal  %guest   %idle
03时15分37秒  all   91.11    0.00    8.64    0.00    0.00    0.00    0.00    0.00    0.25
平均时间:  all   91.11    0.00    8.64    0.00    0.00    0.00    0.00    0.00    0.25

Linux 2.6.32-431.el6.x86_64 (slave2) 	2019年07月25日 	_x86_64_	(8 CPU)

03时15分40秒  CPU    %usr   %nice    %sys %iowait    %irq   %soft  %steal  %guest   %idle
03时15分41秒  all   88.61    0.00   11.01    0.00    0.00    0.13    0.00    0.00    0.25
平均时间:  all   88.61    0.00   11.01    0.00    0.00    0.13    0.00    0.00    0.25

Linux 2.6.32-431.el6.x86_64 (slave2) 	2019年07月25日 	_x86_64_	(8 CPU)

03时15分44秒  CPU    %usr   %nice    %sys %iowait    %irq   %soft  %steal  %guest   %idle
03时15分45秒  all   69.49    0.00    7.72    0.00    0.00    0.25    0.00    0.00   22.53
平均时间:  all   69.49    0.00    7.72    0.00    0.00    0.25    0.00    0.00   22.53

Linux 2.6.32-431.el6.x86_64 (slave2) 	2019年07月25日 	_x86_64_	(8 CPU)

03时15分48秒  CPU    %usr   %nice    %sys %iowait    %irq   %soft  %steal  %guest   %idle
03时15分49秒  all   75.92    0.00    6.72    0.00    0.13    1.39    0.00    0.00   15.84
平均时间:  all   75.92    0.00    6.72    0.00    0.13    1.39    0.00    0.00   15.84

Linux 2.6.32-431.el6.x86_64 (slave2) 	2019年07月25日 	_x86_64_	(8 CPU)

03时15分52秒  CPU    %usr   %nice    %sys %iowait    %irq   %soft  %steal  %guest   %idle
03时15分53秒  all   89.75    0.00    6.38    0.00    0.00    0.25    0.00    0.00    3.62
平均时间:  all   89.75    0.00    6.38    0.00    0.00    0.25    0.00    0.00    3.62

Linux 2.6.32-431.el6.x86_64 (slave2) 	2019年07月25日 	_x86_64_	(8 CPU)

03时15分56秒  CPU    %usr   %nice    %sys %iowait    %irq   %soft  %steal  %guest   %idle
03时15分57秒  all   55.27    0.00    7.24    0.00    0.00    0.64    0.00    0.00   36.85
平均时间:  all   55.27    0.00    7.24    0.00    0.00    0.64    0.00    0.00   36.85

Linux 2.6.32-431.el6.x86_64 (slave2) 	2019年07月25日 	_x86_64_	(8 CPU)

03时16分00秒  CPU    %usr   %nice    %sys %iowait    %irq   %soft  %steal  %guest   %idle
03时16分01秒  all   40.99    0.00    2.79    0.00    0.00    0.51    0.00    0.00   55.71
平均时间:  all   40.99    0.00    2.79    0.00    0.00    0.51    0.00    0.00   55.71

Linux 2.6.32-431.el6.x86_64 (slave2) 	2019年07月25日 	_x86_64_	(8 CPU)

03时16分04秒  CPU    %usr   %nice    %sys %iowait    %irq   %soft  %steal  %guest   %idle
03时16分05秒  all   70.65    0.00   12.59    0.00    0.00    1.39    0.00    0.00   15.37
平均时间:  all   70.65    0.00   12.59    0.00    0.00    1.39    0.00    0.00   15.37

Linux 2.6.32-431.el6.x86_64 (slave2) 	2019年07月25日 	_x86_64_	(8 CPU)

03时16分08秒  CPU    %usr   %nice    %sys %iowait    %irq   %soft  %steal  %guest   %idle
03时16分09秒  all   84.32    0.00   10.54    0.00    0.00    0.38    0.00    0.00    4.77
平均时间:  all   84.32    0.00   10.54    0.00    0.00    0.38    0.00    0.00    4.77

Linux 2.6.32-431.el6.x86_64 (slave2) 	2019年07月25日 	_x86_64_	(8 CPU)

03时16分12秒  CPU    %usr   %nice    %sys %iowait    %irq   %soft  %steal  %guest   %idle
03时16分13秒  all   59.80    0.00    5.25    0.00    0.13    0.90    0.00    0.00   33.93
平均时间:  all   59.80    0.00    5.25    0.00    0.13    0.90    0.00    0.00   33.93

Linux 2.6.32-431.el6.x86_64 (slave2) 	2019年07月25日 	_x86_64_	(8 CPU)

03时16分16秒  CPU    %usr   %nice    %sys %iowait    %irq   %soft  %steal  %guest   %idle
03时16分17秒  all   71.28    0.00    7.12    0.00    0.00    0.00    0.00    0.00   21.60
平均时间:  all   71.28    0.00    7.12    0.00    0.00    0.00    0.00    0.00   21.60

Linux 2.6.32-431.el6.x86_64 (slave2) 	2019年07月25日 	_x86_64_	(8 CPU)

03时16分20秒  CPU    %usr   %nice    %sys %iowait    %irq   %soft  %steal  %guest   %idle
03时16分21秒  all   86.68    0.00    8.17    0.00    0.00    0.25    0.00    0.00    4.90
平均时间:  all   86.68    0.00    8.17    0.00    0.00    0.25    0.00    0.00    4.90

Linux 2.6.32-431.el6.x86_64 (slave2) 	2019年07月25日 	_x86_64_	(8 CPU)

03时16分24秒  CPU    %usr   %nice    %sys %iowait    %irq   %soft  %steal  %guest   %idle
03时16分25秒  all   49.68    0.00    4.20    0.00    0.00    0.38    0.00    0.00   45.73
平均时间:  all   49.68    0.00    4.20    0.00    0.00    0.38    0.00    0.00   45.73

Linux 2.6.32-431.el6.x86_64 (slave2) 	2019年07月25日 	_x86_64_	(8 CPU)

03时16分28秒  CPU    %usr   %nice    %sys %iowait    %irq   %soft  %steal  %guest   %idle
03时16分29秒  all   80.41    0.00    8.78    0.00    0.00    0.13    0.00    0.00   10.69
平均时间:  all   80.41    0.00    8.78    0.00    0.00    0.13    0.00    0.00   10.69

Linux 2.6.32-431.el6.x86_64 (slave2) 	2019年07月25日 	_x86_64_	(8 CPU)

03时16分32秒  CPU    %usr   %nice    %sys %iowait    %irq   %soft  %steal  %guest   %idle
03时16分34秒  all   38.76    0.00    6.33    0.00    0.10    0.40    0.00    0.00   54.42
平均时间:  all   38.76    0.00    6.33    0.00    0.10    0.40    0.00    0.00   54.42

Linux 2.6.32-431.el6.x86_64 (slave2) 	2019年07月25日 	_x86_64_	(8 CPU)

03时16分37秒  CPU    %usr   %nice    %sys %iowait    %irq   %soft  %steal  %guest   %idle
03时16分38秒  all   53.18    0.00    6.23    0.00    0.00    0.89    0.00    0.00   39.69
平均时间:  all   53.18    0.00    6.23    0.00    0.00    0.89    0.00    0.00   39.69

Linux 2.6.32-431.el6.x86_64 (slave2) 	2019年07月25日 	_x86_64_	(8 CPU)

03时16分41秒  CPU    %usr   %nice    %sys %iowait    %irq   %soft  %steal  %guest   %idle
03时16分42秒  all   43.38    0.00    2.93    0.00    0.00    0.76    0.00    0.00   52.93
平均时间:  all   43.38    0.00    2.93    0.00    0.00    0.76    0.00    0.00   52.93

Linux 2.6.32-431.el6.x86_64 (slave2) 	2019年07月25日 	_x86_64_	(8 CPU)

03时16分45秒  CPU    %usr   %nice    %sys %iowait    %irq   %soft  %steal  %guest   %idle
03时16分46秒  all   69.70    0.00    4.67    0.00    0.00    1.14    0.00    0.00   24.49
平均时间:  all   69.70    0.00    4.67    0.00    0.00    1.14    0.00    0.00   24.49

Linux 2.6.32-431.el6.x86_64 (slave2) 	2019年07月25日 	_x86_64_	(8 CPU)

03时16分49秒  CPU    %usr   %nice    %sys %iowait    %irq   %soft  %steal  %guest   %idle
03时16分50秒  all   40.03    0.00    2.67    0.00    0.00    1.52    0.00    0.00   55.78
平均时间:  all   40.03    0.00    2.67    0.00    0.00    1.52    0.00    0.00   55.78

Linux 2.6.32-431.el6.x86_64 (slave2) 	2019年07月25日 	_x86_64_	(8 CPU)

03时16分53秒  CPU    %usr   %nice    %sys %iowait    %irq   %soft  %steal  %guest   %idle
03时16分54秒  all   58.35    0.00    3.29    0.00    0.00    0.25    0.00    0.00   38.10
平均时间:  all   58.35    0.00    3.29    0.00    0.00    0.25    0.00    0.00   38.10

Linux 2.6.32-431.el6.x86_64 (slave2) 	2019年07月25日 	_x86_64_	(8 CPU)

03时16分57秒  CPU    %usr   %nice    %sys %iowait    %irq   %soft  %steal  %guest   %idle
03时16分58秒  all   27.92    0.00    0.89    0.00    0.00    0.89    0.00    0.00   70.30
平均时间:  all   27.92    0.00    0.89    0.00    0.00    0.89    0.00    0.00   70.30

Linux 2.6.32-431.el6.x86_64 (slave2) 	2019年07月25日 	_x86_64_	(8 CPU)

03时17分01秒  CPU    %usr   %nice    %sys %iowait    %irq   %soft  %steal  %guest   %idle
03时17分02秒  all   30.65    0.00    1.38    0.00    0.00    0.38    0.00    0.00   67.59
平均时间:  all   30.65    0.00    1.38    0.00    0.00    0.38    0.00    0.00   67.59

Linux 2.6.32-431.el6.x86_64 (slave2) 	2019年07月25日 	_x86_64_	(8 CPU)

03时17分05秒  CPU    %usr   %nice    %sys %iowait    %irq   %soft  %steal  %guest   %idle
03时17分06秒  all   28.93    0.00    1.64    0.00    0.00    0.88    0.00    0.00   68.55
平均时间:  all   28.93    0.00    1.64    0.00    0.00    0.88    0.00    0.00   68.55

Linux 2.6.32-431.el6.x86_64 (slave2) 	2019年07月25日 	_x86_64_	(8 CPU)

03时17分09秒  CPU    %usr   %nice    %sys %iowait    %irq   %soft  %steal  %guest   %idle
03时17分10秒  all   55.93    0.00    2.65    0.00    0.00    0.00    0.00    0.00   41.41
平均时间:  all   55.93    0.00    2.65    0.00    0.00    0.00    0.00    0.00   41.41

Linux 2.6.32-431.el6.x86_64 (slave2) 	2019年07月25日 	_x86_64_	(8 CPU)

03时17分13秒  CPU    %usr   %nice    %sys %iowait    %irq   %soft  %steal  %guest   %idle
03时17分14秒  all   36.06    0.00    4.22    0.00    0.13    0.90    0.00    0.00   58.70
平均时间:  all   36.06    0.00    4.22    0.00    0.13    0.90    0.00    0.00   58.70

Linux 2.6.32-431.el6.x86_64 (slave2) 	2019年07月25日 	_x86_64_	(8 CPU)

03时17分17秒  CPU    %usr   %nice    %sys %iowait    %irq   %soft  %steal  %guest   %idle
03时17分18秒  all    0.13    0.00    0.13    0.00    0.00    0.00    0.00    0.00   99.75
平均时间:  all    0.13    0.00    0.13    0.00    0.00    0.00    0.00    0.00   99.75

