
2019年 07月 25日 星期四 03:00:07 CST
             total       used       free     shared    buffers     cached
Mem:         15945      10244       5700          0         83       8129
-/+ buffers/cache:       2031      13914
Swap:         8039          0       8039

2019年 07月 25日 星期四 03:00:11 CST
             total       used       free     shared    buffers     cached
Mem:         15945       9950       5995          0         83       7836
-/+ buffers/cache:       2030      13915
Swap:         8039          0       8039

2019年 07月 25日 星期四 03:00:15 CST
             total       used       free     shared    buffers     cached
Mem:         15945       9950       5994          0         83       7836
-/+ buffers/cache:       2030      13914
Swap:         8039          0       8039

2019年 07月 25日 星期四 03:00:19 CST
             total       used       free     shared    buffers     cached
Mem:         15945       9950       5994          0         83       7836
-/+ buffers/cache:       2030      13914
Swap:         8039          0       8039

2019年 07月 25日 星期四 03:00:23 CST
             total       used       free     shared    buffers     cached
Mem:         15945       9966       5978          0         83       7852
-/+ buffers/cache:       2030      13915
Swap:         8039          0       8039

2019年 07月 25日 星期四 03:00:27 CST
             total       used       free     shared    buffers     cached
Mem:         15945      10185       5760          0         83       8069
-/+ buffers/cache:       2031      13913
Swap:         8039          0       8039

2019年 07月 25日 星期四 03:00:31 CST
             total       used       free     shared    buffers     cached
Mem:         15945      10660       5285          0         83       8417
-/+ buffers/cache:       2158      13786
Swap:         8039          0       8039

2019年 07月 25日 星期四 03:00:35 CST
             total       used       free     shared    buffers     cached
Mem:         15945      11322       4622          0         83       8668
-/+ buffers/cache:       2570      13375
Swap:         8039          0       8039

2019年 07月 25日 星期四 03:00:39 CST
             total       used       free     shared    buffers     cached
Mem:         15945      11846       4099          0         83       8922
-/+ buffers/cache:       2839      13106
Swap:         8039          0       8039

2019年 07月 25日 星期四 03:00:43 CST
             total       used       free     shared    buffers     cached
Mem:         15945      12385       3560          0         83       9165
-/+ buffers/cache:       3136      12809
Swap:         8039          0       8039

2019年 07月 25日 星期四 03:00:47 CST
             total       used       free     shared    buffers     cached
Mem:         15945      12906       3039          0         83       9459
-/+ buffers/cache:       3362      12582
Swap:         8039          0       8039

2019年 07月 25日 星期四 03:00:51 CST
             total       used       free     shared    buffers     cached
Mem:         15945      13572       2373          0         83       9908
-/+ buffers/cache:       3579      12365
Swap:         8039          0       8039

2019年 07月 25日 星期四 03:00:55 CST
             total       used       free     shared    buffers     cached
Mem:         15945      14087       1857          0         83       9935
-/+ buffers/cache:       4068      11877
Swap:         8039          0       8039

2019年 07月 25日 星期四 03:00:59 CST
             total       used       free     shared    buffers     cached
Mem:         15945      14521       1424          0         83       9935
-/+ buffers/cache:       4501      11443
Swap:         8039          0       8039

2019年 07月 25日 星期四 03:01:04 CST
             total       used       free     shared    buffers     cached
Mem:         15945      14354       1591          0         84       9938
-/+ buffers/cache:       4331      11614
Swap:         8039          0       8039

2019年 07月 25日 星期四 03:01:08 CST
             total       used       free     shared    buffers     cached
Mem:         15945      14549       1395          0         84       9939
-/+ buffers/cache:       4526      11419
Swap:         8039          0       8039

2019年 07月 25日 星期四 03:01:12 CST
             total       used       free     shared    buffers     cached
Mem:         15945      14867       1077          0         84       9902
-/+ buffers/cache:       4881      11064
Swap:         8039          0       8039

2019年 07月 25日 星期四 03:01:16 CST
             total       used       free     shared    buffers     cached
Mem:         15945      14124       1821          0         84       9902
-/+ buffers/cache:       4138      11807
Swap:         8039          0       8039

2019年 07月 25日 星期四 03:01:20 CST
             total       used       free     shared    buffers     cached
Mem:         15945      14726       1218          0         84      10068
-/+ buffers/cache:       4573      11371
Swap:         8039          0       8039

2019年 07月 25日 星期四 03:01:24 CST
             total       used       free     shared    buffers     cached
Mem:         15945      15297        648          0         84      10070
-/+ buffers/cache:       5142      10803
Swap:         8039          0       8039

2019年 07月 25日 星期四 03:01:28 CST
             total       used       free     shared    buffers     cached
Mem:         15945      15447        498          0         84      10072
-/+ buffers/cache:       5290      10655
Swap:         8039          0       8039

2019年 07月 25日 星期四 03:01:32 CST
             total       used       free     shared    buffers     cached
Mem:         15945      15631        314          0         84      10073
-/+ buffers/cache:       5473      10471
Swap:         8039          0       8039

2019年 07月 25日 星期四 03:01:36 CST
             total       used       free     shared    buffers     cached
Mem:         15945      15313        631          0         84       9889
-/+ buffers/cache:       5340      10605
Swap:         8039          0       8039

2019年 07月 25日 星期四 03:01:40 CST
             total       used       free     shared    buffers     cached
Mem:         15945      15764        181          0         84       9890
-/+ buffers/cache:       5789      10155
Swap:         8039          0       8039

2019年 07月 25日 星期四 03:01:44 CST
             total       used       free     shared    buffers     cached
Mem:         15945      15792        153          0         84       9644
-/+ buffers/cache:       6063       9882
Swap:         8039          0       8039

2019年 07月 25日 星期四 03:01:48 CST
             total       used       free     shared    buffers     cached
Mem:         15945      15783        162          0         84       9583
-/+ buffers/cache:       6115       9829
Swap:         8039          0       8039

2019年 07月 25日 星期四 03:01:52 CST
             total       used       free     shared    buffers     cached
Mem:         15945      15780        165          0         84       9514
-/+ buffers/cache:       6181       9763
Swap:         8039          0       8039

2019年 07月 25日 星期四 03:01:56 CST
             total       used       free     shared    buffers     cached
Mem:         15945      15508        437          0         84       9726
-/+ buffers/cache:       5698      10247
Swap:         8039          0       8039

2019年 07月 25日 星期四 03:02:00 CST
             total       used       free     shared    buffers     cached
Mem:         15945      15790        155          0         84       9732
-/+ buffers/cache:       5974       9971
Swap:         8039          0       8039

2019年 07月 25日 星期四 03:02:04 CST
             total       used       free     shared    buffers     cached
Mem:         15945      15111        834          0         84       9531
-/+ buffers/cache:       5495      10449
Swap:         8039          0       8039

2019年 07月 25日 星期四 03:02:08 CST
             total       used       free     shared    buffers     cached
Mem:         15945      15319        625          0         84       9350
-/+ buffers/cache:       5885      10060
Swap:         8039          0       8039

2019年 07月 25日 星期四 03:02:12 CST
             total       used       free     shared    buffers     cached
Mem:         15945      15676        269          0         84       9367
-/+ buffers/cache:       6225       9720
Swap:         8039          0       8039

2019年 07月 25日 星期四 03:02:16 CST
             total       used       free     shared    buffers     cached
Mem:         15945      13567       2378          0         84       9369
-/+ buffers/cache:       4113      11831
Swap:         8039          0       8039

2019年 07月 25日 星期四 03:02:20 CST
             total       used       free     shared    buffers     cached
Mem:         15945      14439       1506          0         84       9533
-/+ buffers/cache:       4821      11124
Swap:         8039          0       8039

2019年 07月 25日 星期四 03:02:24 CST
             total       used       free     shared    buffers     cached
Mem:         15945      15133        812          0         84       9370
-/+ buffers/cache:       5678      10267
Swap:         8039          0       8039

2019年 07月 25日 星期四 03:02:28 CST
             total       used       free     shared    buffers     cached
Mem:         15945      13003       2942          0         84       9474
-/+ buffers/cache:       3444      12500
Swap:         8039          0       8039

2019年 07月 25日 星期四 03:02:32 CST
             total       used       free     shared    buffers     cached
Mem:         15945      13686       2259          0         84       9826
-/+ buffers/cache:       3775      12170
Swap:         8039          0       8039

2019年 07月 25日 星期四 03:02:36 CST
             total       used       free     shared    buffers     cached
Mem:         15945      14223       1722          0         84      10044
-/+ buffers/cache:       4094      11850
Swap:         8039          0       8039

2019年 07月 25日 星期四 03:02:40 CST
             total       used       free     shared    buffers     cached
Mem:         15945      15142        803          0         84      10356
-/+ buffers/cache:       4701      11243
Swap:         8039          0       8039

2019年 07月 25日 星期四 03:02:44 CST
             total       used       free     shared    buffers     cached
Mem:         15945      15779        165          0         84      10360
-/+ buffers/cache:       5334      10610
Swap:         8039          0       8039

2019年 07月 25日 星期四 03:02:48 CST
             total       used       free     shared    buffers     cached
Mem:         15945      15784        161          0         84       9863
-/+ buffers/cache:       5836      10108
Swap:         8039          0       8039

2019年 07月 25日 星期四 03:02:52 CST
             total       used       free     shared    buffers     cached
Mem:         15945      15794        150          0         84       9481
-/+ buffers/cache:       6229       9716
Swap:         8039          0       8039

2019年 07月 25日 星期四 03:02:56 CST
             total       used       free     shared    buffers     cached
Mem:         15945      15777        168          0         83       8971
-/+ buffers/cache:       6722       9223
Swap:         8039          0       8039

2019年 07月 25日 星期四 03:03:00 CST
             total       used       free     shared    buffers     cached
Mem:         15945      15780        164          0         83       8818
-/+ buffers/cache:       6878       9066
Swap:         8039          0       8039

2019年 07月 25日 星期四 03:03:04 CST
             total       used       free     shared    buffers     cached
Mem:         15945      14835       1110          0         83       8925
-/+ buffers/cache:       5825      10119
Swap:         8039          0       8039

2019年 07月 25日 星期四 03:03:09 CST
             total       used       free     shared    buffers     cached
Mem:         15945      14570       1374          0         83       9019
-/+ buffers/cache:       5467      10478
Swap:         8039          0       8039

2019年 07月 25日 星期四 03:03:13 CST
             total       used       free     shared    buffers     cached
Mem:         15945      15232        713          0         83       9235
-/+ buffers/cache:       5913      10032
Swap:         8039          0       8039

2019年 07月 25日 星期四 03:03:17 CST
             total       used       free     shared    buffers     cached
Mem:         15945      15793        152          0         83       9241
-/+ buffers/cache:       6467       9478
Swap:         8039          0       8039

2019年 07月 25日 星期四 03:03:22 CST
             total       used       free     shared    buffers     cached
Mem:         15945      15789        156          0         83       8808
-/+ buffers/cache:       6897       9048
Swap:         8039          0       8039

2019年 07月 25日 星期四 03:03:26 CST
             total       used       free     shared    buffers     cached
Mem:         15945      15777        167          0         83       8673
-/+ buffers/cache:       7020       8925
Swap:         8039          0       8039

2019年 07月 25日 星期四 03:03:30 CST
             total       used       free     shared    buffers     cached
Mem:         15945      13529       2415          0         83       8934
-/+ buffers/cache:       4511      11434
Swap:         8039          0       8039

2019年 07月 25日 星期四 03:03:34 CST
             total       used       free     shared    buffers     cached
Mem:         15945      14003       1942          0         83       8774
-/+ buffers/cache:       5145      10800
Swap:         8039          0       8039

2019年 07月 25日 星期四 03:03:38 CST
             total       used       free     shared    buffers     cached
Mem:         15945      14599       1345          0         83       8978
-/+ buffers/cache:       5537      10408
Swap:         8039          0       8039

2019年 07月 25日 星期四 03:03:42 CST
             total       used       free     shared    buffers     cached
Mem:         15945      14779       1166          0         83       8966
-/+ buffers/cache:       5729      10216
Swap:         8039          0       8039

2019年 07月 25日 星期四 03:03:47 CST
             total       used       free     shared    buffers     cached
Mem:         15945      15611        334          0         83       8993
-/+ buffers/cache:       6533       9411
Swap:         8039          0       8039

2019年 07月 25日 星期四 03:03:51 CST
             total       used       free     shared    buffers     cached
Mem:         15945      14189       1755          0         83       8739
-/+ buffers/cache:       5366      10579
Swap:         8039          0       8039

2019年 07月 25日 星期四 03:03:55 CST
             total       used       free     shared    buffers     cached
Mem:         15945      13679       2266          0         84       8453
-/+ buffers/cache:       5141      10804
Swap:         8039          0       8039

2019年 07月 25日 星期四 03:03:59 CST
             total       used       free     shared    buffers     cached
Mem:         15945      14343       1602          0         84       8497
-/+ buffers/cache:       5762      10183
Swap:         8039          0       8039

2019年 07月 25日 星期四 03:04:03 CST
             total       used       free     shared    buffers     cached
Mem:         15945      14582       1362          0         84       8551
-/+ buffers/cache:       5947       9998
Swap:         8039          0       8039

2019年 07月 25日 星期四 03:04:07 CST
             total       used       free     shared    buffers     cached
Mem:         15945      15233        712          0         84       8606
-/+ buffers/cache:       6542       9402
Swap:         8039          0       8039

2019年 07月 25日 星期四 03:04:11 CST
             total       used       free     shared    buffers     cached
Mem:         15945      15745        200          0         84       8639
-/+ buffers/cache:       7021       8923
Swap:         8039          0       8039

2019年 07月 25日 星期四 03:04:15 CST
             total       used       free     shared    buffers     cached
Mem:         15945      15305        640          0         84       8505
-/+ buffers/cache:       6716       9229
Swap:         8039          0       8039

2019年 07月 25日 星期四 03:04:19 CST
             total       used       free     shared    buffers     cached
Mem:         15945      15650        295          0         84       8742
-/+ buffers/cache:       6823       9121
Swap:         8039          0       8039

2019年 07月 25日 星期四 03:04:23 CST
             total       used       free     shared    buffers     cached
Mem:         15945      15780        165          0         84       8693
-/+ buffers/cache:       7002       8943
Swap:         8039          0       8039

2019年 07月 25日 星期四 03:04:27 CST
             total       used       free     shared    buffers     cached
Mem:         15945      15773        172          0         84       8411
-/+ buffers/cache:       7277       8668
Swap:         8039          0       8039

2019年 07月 25日 星期四 03:04:31 CST
             total       used       free     shared    buffers     cached
Mem:         15945      14666       1278          0         84       8597
-/+ buffers/cache:       5985       9960
Swap:         8039          0       8039

2019年 07月 25日 星期四 03:04:35 CST
             total       used       free     shared    buffers     cached
Mem:         15945      13859       2086          0         84       8958
-/+ buffers/cache:       4816      11128
Swap:         8039          0       8039

2019年 07月 25日 星期四 03:04:39 CST
             total       used       free     shared    buffers     cached
Mem:         15945      14133       1811          0         84       8953
-/+ buffers/cache:       5096      10849
Swap:         8039          0       8039

2019年 07月 25日 星期四 03:04:43 CST
             total       used       free     shared    buffers     cached
Mem:         15945      14193       1751          0         84       9229
-/+ buffers/cache:       4880      11065
Swap:         8039          0       8039

2019年 07月 25日 星期四 03:04:47 CST
             total       used       free     shared    buffers     cached
Mem:         15945      14725       1219          0         84       9513
-/+ buffers/cache:       5128      10817
Swap:         8039          0       8039

2019年 07月 25日 星期四 03:04:51 CST
             total       used       free     shared    buffers     cached
Mem:         15945      15045        899          0         84       9539
-/+ buffers/cache:       5421      10523
Swap:         8039          0       8039

2019年 07月 25日 星期四 03:04:55 CST
             total       used       free     shared    buffers     cached
Mem:         15945      15388        557          0         84       9733
-/+ buffers/cache:       5570      10374
Swap:         8039          0       8039

2019年 07月 25日 星期四 03:04:59 CST
             total       used       free     shared    buffers     cached
Mem:         15945      15649        295          0         84       9782
-/+ buffers/cache:       5782      10163
Swap:         8039          0       8039

2019年 07月 25日 星期四 03:05:03 CST
             total       used       free     shared    buffers     cached
Mem:         15945      13849       2095          0         84       9984
-/+ buffers/cache:       3780      12164
Swap:         8039          0       8039

2019年 07月 25日 星期四 03:05:07 CST
             total       used       free     shared    buffers     cached
Mem:         15945      14316       1628          0         84       9819
-/+ buffers/cache:       4412      11532
Swap:         8039          0       8039

2019年 07月 25日 星期四 03:05:11 CST
             total       used       free     shared    buffers     cached
Mem:         15945      14899       1046          0         84       9820
-/+ buffers/cache:       4994      10950
Swap:         8039          0       8039

2019年 07月 25日 星期四 03:05:15 CST
             total       used       free     shared    buffers     cached
Mem:         15945      15011        934          0         84       9822
-/+ buffers/cache:       5104      10841
Swap:         8039          0       8039

2019年 07月 25日 星期四 03:05:20 CST
             total       used       free     shared    buffers     cached
Mem:         15945      13637       2307          0         84       9807
-/+ buffers/cache:       3746      12199
Swap:         8039          0       8039

2019年 07月 25日 星期四 03:05:24 CST
             total       used       free     shared    buffers     cached
Mem:         15945      14345       1599          0         84       9817
-/+ buffers/cache:       4444      11501
Swap:         8039          0       8039

2019年 07月 25日 星期四 03:05:28 CST
             total       used       free     shared    buffers     cached
Mem:         15945      13758       2187          0         84       9817
-/+ buffers/cache:       3856      12089
Swap:         8039          0       8039

2019年 07月 25日 星期四 03:05:32 CST
             total       used       free     shared    buffers     cached
Mem:         15945      14479       1465          0         84       9800
-/+ buffers/cache:       4594      11350
Swap:         8039          0       8039

2019年 07月 25日 星期四 03:05:36 CST
             total       used       free     shared    buffers     cached
Mem:         15945      15460        485          0         84       9804
-/+ buffers/cache:       5571      10373
Swap:         8039          0       8039

2019年 07月 25日 星期四 03:05:40 CST
             total       used       free     shared    buffers     cached
Mem:         15945      14124       1820          0         84       9901
-/+ buffers/cache:       4139      11806
Swap:         8039          0       8039

2019年 07月 25日 星期四 03:05:44 CST
             total       used       free     shared    buffers     cached
Mem:         15945      14590       1355          0         84       9825
-/+ buffers/cache:       4680      11264
Swap:         8039          0       8039

2019年 07月 25日 星期四 03:05:48 CST
             total       used       free     shared    buffers     cached
Mem:         15945      15089        856          0         84       9848
-/+ buffers/cache:       5156      10789
Swap:         8039          0       8039

2019年 07月 25日 星期四 03:05:52 CST
             total       used       free     shared    buffers     cached
Mem:         15945      15705        240          0         84       9900
-/+ buffers/cache:       5720      10225
Swap:         8039          0       8039

2019年 07月 25日 星期四 03:05:56 CST
             total       used       free     shared    buffers     cached
Mem:         15945      15669        275          0         84       9457
-/+ buffers/cache:       6127       9817
Swap:         8039          0       8039

2019年 07月 25日 星期四 03:06:00 CST
             total       used       free     shared    buffers     cached
Mem:         15945      14774       1170          0         84       9798
-/+ buffers/cache:       4891      11054
Swap:         8039          0       8039

2019年 07月 25日 星期四 03:06:04 CST
             total       used       free     shared    buffers     cached
Mem:         15945      15257        688          0         84       9865
-/+ buffers/cache:       5307      10638
Swap:         8039          0       8039

2019年 07月 25日 星期四 03:06:08 CST
             total       used       free     shared    buffers     cached
Mem:         15945      15783        161          0         84       9731
-/+ buffers/cache:       5968       9977
Swap:         8039          0       8039

2019年 07月 25日 星期四 03:06:12 CST
             total       used       free     shared    buffers     cached
Mem:         15945      15770        174          0         84       9577
-/+ buffers/cache:       6108       9837
Swap:         8039          0       8039

2019年 07月 25日 星期四 03:06:16 CST
             total       used       free     shared    buffers     cached
Mem:         15945      15775        170          0         84       8832
-/+ buffers/cache:       6858       9086
Swap:         8039          0       8039

2019年 07月 25日 星期四 03:06:20 CST
             total       used       free     shared    buffers     cached
Mem:         15945      15783        162          0         83       8598
-/+ buffers/cache:       7100       8844
Swap:         8039          0       8039

2019年 07月 25日 星期四 03:06:24 CST
             total       used       free     shared    buffers     cached
Mem:         15945      13923       2022          0         84       8824
-/+ buffers/cache:       5014      10931
Swap:         8039          0       8039

2019年 07月 25日 星期四 03:06:28 CST
             total       used       free     shared    buffers     cached
Mem:         15945      12150       3795          0         84       8843
-/+ buffers/cache:       3222      12722
Swap:         8039          0       8039

2019年 07月 25日 星期四 03:06:32 CST
             total       used       free     shared    buffers     cached
Mem:         15945      12225       3719          0         84       8550
-/+ buffers/cache:       3590      12354
Swap:         8039          0       8039

2019年 07月 25日 星期四 03:06:36 CST
             total       used       free     shared    buffers     cached
Mem:         15945      12758       3187          0         84       8808
-/+ buffers/cache:       3865      12079
Swap:         8039          0       8039

2019年 07月 25日 星期四 03:06:40 CST
             total       used       free     shared    buffers     cached
Mem:         15945      12767       3177          0         84       9062
-/+ buffers/cache:       3620      12324
Swap:         8039          0       8039

2019年 07月 25日 星期四 03:06:44 CST
             total       used       free     shared    buffers     cached
Mem:         15945      13253       2691          0         84       9354
-/+ buffers/cache:       3815      12130
Swap:         8039          0       8039

2019年 07月 25日 星期四 03:06:48 CST
             total       used       free     shared    buffers     cached
Mem:         15945      13801       2143          0         84       9623
-/+ buffers/cache:       4094      11851
Swap:         8039          0       8039

2019年 07月 25日 星期四 03:06:53 CST
             total       used       free     shared    buffers     cached
Mem:         15945      14431       1514          0         84       9879
-/+ buffers/cache:       4467      11478
Swap:         8039          0       8039

2019年 07月 25日 星期四 03:06:57 CST
             total       used       free     shared    buffers     cached
Mem:         15945      15000        945          0         84       9951
-/+ buffers/cache:       4964      10980
Swap:         8039          0       8039

2019年 07月 25日 星期四 03:07:01 CST
             total       used       free     shared    buffers     cached
Mem:         15945      14021       1924          0         84       9951
-/+ buffers/cache:       3985      11960
Swap:         8039          0       8039

2019年 07月 25日 星期四 03:07:05 CST
             total       used       free     shared    buffers     cached
Mem:         15945      14451       1494          0         84      10115
-/+ buffers/cache:       4251      11694
Swap:         8039          0       8039

2019年 07月 25日 星期四 03:07:09 CST
             total       used       free     shared    buffers     cached
Mem:         15945      14916       1028          0         84      10116
-/+ buffers/cache:       4715      11229
Swap:         8039          0       8039

2019年 07月 25日 星期四 03:07:13 CST
             total       used       free     shared    buffers     cached
Mem:         15945      15331        614          0         84      10120
-/+ buffers/cache:       5126      10819
Swap:         8039          0       8039

2019年 07月 25日 星期四 03:07:17 CST
             total       used       free     shared    buffers     cached
Mem:         15945      14338       1607          0         84      10118
-/+ buffers/cache:       4135      11810
Swap:         8039          0       8039

2019年 07月 25日 星期四 03:07:21 CST
             total       used       free     shared    buffers     cached
Mem:         15945      14678       1266          0         84       9935
-/+ buffers/cache:       4659      11285
Swap:         8039          0       8039

2019年 07月 25日 星期四 03:07:25 CST
             total       used       free     shared    buffers     cached
Mem:         15945      15530        414          0         84       9937
-/+ buffers/cache:       5509      10436
Swap:         8039          0       8039

2019年 07月 25日 星期四 03:07:29 CST
             total       used       free     shared    buffers     cached
Mem:         15945      15677        268          0         84       9986
-/+ buffers/cache:       5606      10338
Swap:         8039          0       8039

2019年 07月 25日 星期四 03:07:33 CST
             total       used       free     shared    buffers     cached
Mem:         15945      15779        166          0         84      10048
-/+ buffers/cache:       5646      10298
Swap:         8039          0       8039

2019年 07月 25日 星期四 03:07:37 CST
             total       used       free     shared    buffers     cached
Mem:         15945      15781        164          0         84      10000
-/+ buffers/cache:       5697      10248
Swap:         8039          0       8039

2019年 07月 25日 星期四 03:07:41 CST
             total       used       free     shared    buffers     cached
Mem:         15945      15789        155          0         84       9969
-/+ buffers/cache:       5736      10209
Swap:         8039          0       8039

2019年 07月 25日 星期四 03:07:46 CST
             total       used       free     shared    buffers     cached
Mem:         15945      15792        152          0         84       9940
-/+ buffers/cache:       5768      10176
Swap:         8039          0       8039

2019年 07月 25日 星期四 03:07:50 CST
             total       used       free     shared    buffers     cached
Mem:         15945      15790        154          0         84       9921
-/+ buffers/cache:       5785      10160
Swap:         8039          0       8039

2019年 07月 25日 星期四 03:07:55 CST
             total       used       free     shared    buffers     cached
Mem:         15945      15779        166          0         84       9871
-/+ buffers/cache:       5823      10122
Swap:         8039          0       8039

2019年 07月 25日 星期四 03:07:59 CST
             total       used       free     shared    buffers     cached
Mem:         15945      15780        165          0         84       9842
-/+ buffers/cache:       5853      10091
Swap:         8039          0       8039

2019年 07月 25日 星期四 03:08:03 CST
             total       used       free     shared    buffers     cached
Mem:         15945      13829       2115          0         84       9979
-/+ buffers/cache:       3765      12179
Swap:         8039          0       8039

2019年 07月 25日 星期四 03:08:07 CST
             total       used       free     shared    buffers     cached
Mem:         15945      14168       1776          0         84       9835
-/+ buffers/cache:       4248      11697
Swap:         8039          0       8039

2019年 07月 25日 星期四 03:08:11 CST
             total       used       free     shared    buffers     cached
Mem:         15945      14936       1009          0         84       9837
-/+ buffers/cache:       5014      10931
Swap:         8039          0       8039

2019年 07月 25日 星期四 03:08:15 CST
             total       used       free     shared    buffers     cached
Mem:         15945      15493        451          0         84       9880
-/+ buffers/cache:       5529      10416
Swap:         8039          0       8039

2019年 07月 25日 星期四 03:08:19 CST
             total       used       free     shared    buffers     cached
Mem:         15945      15671        273          0         84       9953
-/+ buffers/cache:       5634      10311
Swap:         8039          0       8039

2019年 07月 25日 星期四 03:08:23 CST
             total       used       free     shared    buffers     cached
Mem:         15945      15793        151          0         84       9975
-/+ buffers/cache:       5733      10212
Swap:         8039          0       8039

2019年 07月 25日 星期四 03:08:27 CST
             total       used       free     shared    buffers     cached
Mem:         15945      15779        165          0         84       9893
-/+ buffers/cache:       5802      10143
Swap:         8039          0       8039

2019年 07月 25日 星期四 03:08:31 CST
             total       used       free     shared    buffers     cached
Mem:         15945      15792        153          0         84       9870
-/+ buffers/cache:       5837      10108
Swap:         8039          0       8039

2019年 07月 25日 星期四 03:08:35 CST
             total       used       free     shared    buffers     cached
Mem:         15945      15777        167          0         84       9807
-/+ buffers/cache:       5886      10059
Swap:         8039          0       8039

2019年 07月 25日 星期四 03:08:39 CST
             total       used       free     shared    buffers     cached
Mem:         15945      15767        177          0         84       9756
-/+ buffers/cache:       5926      10018
Swap:         8039          0       8039

2019年 07月 25日 星期四 03:08:43 CST
             total       used       free     shared    buffers     cached
Mem:         15945      15769        176          0         84       9706
-/+ buffers/cache:       5978       9966
Swap:         8039          0       8039

2019年 07月 25日 星期四 03:08:47 CST
             total       used       free     shared    buffers     cached
Mem:         15945      15767        177          0         84       9671
-/+ buffers/cache:       6012       9933
Swap:         8039          0       8039

2019年 07月 25日 星期四 03:08:51 CST
             total       used       free     shared    buffers     cached
Mem:         15945      15764        181          0         84       9653
-/+ buffers/cache:       6026       9919
Swap:         8039          0       8039

2019年 07月 25日 星期四 03:08:55 CST
             total       used       free     shared    buffers     cached
Mem:         15945      14632       1312          0         84       9875
-/+ buffers/cache:       4672      11272
Swap:         8039          0       8039

2019年 07月 25日 星期四 03:08:59 CST
             total       used       free     shared    buffers     cached
Mem:         15945      15119        825          0         84       9855
-/+ buffers/cache:       5180      10765
Swap:         8039          0       8039

2019年 07月 25日 星期四 03:09:03 CST
             total       used       free     shared    buffers     cached
Mem:         15945      15787        158          0         84       9911
-/+ buffers/cache:       5791      10154
Swap:         8039          0       8039

2019年 07月 25日 星期四 03:09:07 CST
             total       used       free     shared    buffers     cached
Mem:         15945      15365        579          0         84       9885
-/+ buffers/cache:       5395      10549
Swap:         8039          0       8039

2019年 07月 25日 星期四 03:09:11 CST
             total       used       free     shared    buffers     cached
Mem:         15945      15646        298          0         84      10015
-/+ buffers/cache:       5546      10398
Swap:         8039          0       8039

2019年 07月 25日 星期四 03:09:15 CST
             total       used       free     shared    buffers     cached
Mem:         15945      15773        172          0         84       9776
-/+ buffers/cache:       5912      10032
Swap:         8039          0       8039

2019年 07月 25日 星期四 03:09:19 CST
             total       used       free     shared    buffers     cached
Mem:         15945      15781        164          0         84       9428
-/+ buffers/cache:       6268       9677
Swap:         8039          0       8039

2019年 07月 25日 星期四 03:09:23 CST
             total       used       free     shared    buffers     cached
Mem:         15945      15777        167          0         84       9348
-/+ buffers/cache:       6344       9600
Swap:         8039          0       8039

2019年 07月 25日 星期四 03:09:27 CST
             total       used       free     shared    buffers     cached
Mem:         15945      13911       2033          0         84       9575
-/+ buffers/cache:       4252      11693
Swap:         8039          0       8039

2019年 07月 25日 星期四 03:09:31 CST
             total       used       free     shared    buffers     cached
Mem:         15945      14185       1760          0         84       9501
-/+ buffers/cache:       4599      11346
Swap:         8039          0       8039

2019年 07月 25日 星期四 03:09:36 CST
             total       used       free     shared    buffers     cached
Mem:         15945      14349       1596          0         84       9062
-/+ buffers/cache:       5202      10743
Swap:         8039          0       8039

2019年 07月 25日 星期四 03:09:40 CST
             total       used       free     shared    buffers     cached
Mem:         15945      14844       1101          0         84       9082
-/+ buffers/cache:       5677      10267
Swap:         8039          0       8039

2019年 07月 25日 星期四 03:09:44 CST
             total       used       free     shared    buffers     cached
Mem:         15945      15096        848          0         84       9109
-/+ buffers/cache:       5903      10042
Swap:         8039          0       8039

2019年 07月 25日 星期四 03:09:48 CST
             total       used       free     shared    buffers     cached
Mem:         15945      14623       1322          0         84       9159
-/+ buffers/cache:       5379      10566
Swap:         8039          0       8039

2019年 07月 25日 星期四 03:09:52 CST
             total       used       free     shared    buffers     cached
Mem:         15945      14293       1651          0         84       9330
-/+ buffers/cache:       4879      11066
Swap:         8039          0       8039

2019年 07月 25日 星期四 03:09:57 CST
             total       used       free     shared    buffers     cached
Mem:         15945      14370       1575          0         84       9179
-/+ buffers/cache:       5106      10838
Swap:         8039          0       8039

2019年 07月 25日 星期四 03:10:01 CST
             total       used       free     shared    buffers     cached
Mem:         15945      14860       1085          0         84       9179
-/+ buffers/cache:       5596      10349
Swap:         8039          0       8039

2019年 07月 25日 星期四 03:10:05 CST
             total       used       free     shared    buffers     cached
Mem:         15945      13921       2024          0         84       9208
-/+ buffers/cache:       4628      11316
Swap:         8039          0       8039

2019年 07月 25日 星期四 03:10:09 CST
             total       used       free     shared    buffers     cached
Mem:         15945      14587       1357          0         84       9384
-/+ buffers/cache:       5119      10826
Swap:         8039          0       8039

2019年 07月 25日 星期四 03:10:13 CST
             total       used       free     shared    buffers     cached
Mem:         15945      15088        856          0         84       9326
-/+ buffers/cache:       5677      10268
Swap:         8039          0       8039

2019年 07月 25日 星期四 03:10:17 CST
             total       used       free     shared    buffers     cached
Mem:         15945      15158        787          0         84       9328
-/+ buffers/cache:       5745      10199
Swap:         8039          0       8039

2019年 07月 25日 星期四 03:10:21 CST
             total       used       free     shared    buffers     cached
Mem:         15945      14329       1616          0         84       9511
-/+ buffers/cache:       4733      11211
Swap:         8039          0       8039

2019年 07月 25日 星期四 03:10:25 CST
             total       used       free     shared    buffers     cached
Mem:         15945      14273       1672          0         84       9512
-/+ buffers/cache:       4676      11268
Swap:         8039          0       8039

2019年 07月 25日 星期四 03:10:29 CST
             total       used       free     shared    buffers     cached
Mem:         15945      14938       1007          0         84       9680
-/+ buffers/cache:       5173      10771
Swap:         8039          0       8039

2019年 07月 25日 星期四 03:10:33 CST
             total       used       free     shared    buffers     cached
Mem:         15945      14865       1079          0         84       9735
-/+ buffers/cache:       5045      10899
Swap:         8039          0       8039

2019年 07月 25日 星期四 03:10:37 CST
             total       used       free     shared    buffers     cached
Mem:         15945      15211        734          0         84       9846
-/+ buffers/cache:       5280      10664
Swap:         8039          0       8039

2019年 07月 25日 星期四 03:10:41 CST
             total       used       free     shared    buffers     cached
Mem:         15945      15624        321          0         84       9890
-/+ buffers/cache:       5649      10295
Swap:         8039          0       8039

2019年 07月 25日 星期四 03:10:46 CST
             total       used       free     shared    buffers     cached
Mem:         15945      15780        165          0         84       9780
-/+ buffers/cache:       5914      10030
Swap:         8039          0       8039

2019年 07月 25日 星期四 03:10:50 CST
             total       used       free     shared    buffers     cached
Mem:         15945      15791        154          0         84       9750
-/+ buffers/cache:       5956       9988
Swap:         8039          0       8039

2019年 07月 25日 星期四 03:10:54 CST
             total       used       free     shared    buffers     cached
Mem:         15945      15784        160          0         84       9660
-/+ buffers/cache:       6040       9905
Swap:         8039          0       8039

2019年 07月 25日 星期四 03:10:58 CST
             total       used       free     shared    buffers     cached
Mem:         15945      15779        165          0         84       9454
-/+ buffers/cache:       6240       9704
Swap:         8039          0       8039

2019年 07月 25日 星期四 03:11:02 CST
             total       used       free     shared    buffers     cached
Mem:         15945      15100        844          0         84       9392
-/+ buffers/cache:       5624      10321
Swap:         8039          0       8039

2019年 07月 25日 星期四 03:11:06 CST
             total       used       free     shared    buffers     cached
Mem:         15945      15266        679          0         84       9488
-/+ buffers/cache:       5693      10251
Swap:         8039          0       8039

2019年 07月 25日 星期四 03:11:10 CST
             total       used       free     shared    buffers     cached
Mem:         15945      15023        921          0         84       9516
-/+ buffers/cache:       5423      10522
Swap:         8039          0       8039

2019年 07月 25日 星期四 03:11:14 CST
             total       used       free     shared    buffers     cached
Mem:         15945      14997        947          0         84       9340
-/+ buffers/cache:       5572      10372
Swap:         8039          0       8039

2019年 07月 25日 星期四 03:11:18 CST
             total       used       free     shared    buffers     cached
Mem:         15945      13327       2618          0         84       9613
-/+ buffers/cache:       3629      12316
Swap:         8039          0       8039

2019年 07月 25日 星期四 03:11:22 CST
             total       used       free     shared    buffers     cached
Mem:         15945      13712       2232          0         84       9446
-/+ buffers/cache:       4182      11763
Swap:         8039          0       8039

2019年 07月 25日 星期四 03:11:26 CST
             total       used       free     shared    buffers     cached
Mem:         15945      14753       1191          0         84       9617
-/+ buffers/cache:       5051      10893
Swap:         8039          0       8039

2019年 07月 25日 星期四 03:11:30 CST
             total       used       free     shared    buffers     cached
Mem:         15945      15790        154          0         84       9772
-/+ buffers/cache:       5933      10011
Swap:         8039          0       8039

2019年 07月 25日 星期四 03:11:34 CST
             total       used       free     shared    buffers     cached
Mem:         15945      15747        197          0         84       9224
-/+ buffers/cache:       6438       9506
Swap:         8039          0       8039

2019年 07月 25日 星期四 03:11:38 CST
             total       used       free     shared    buffers     cached
Mem:         15945      15783        161          0         84       8997
-/+ buffers/cache:       6702       9243
Swap:         8039          0       8039

2019年 07月 25日 星期四 03:11:42 CST
             total       used       free     shared    buffers     cached
Mem:         15945      15532        413          0         84       9003
-/+ buffers/cache:       6444       9500
Swap:         8039          0       8039

2019年 07月 25日 星期四 03:11:46 CST
             total       used       free     shared    buffers     cached
Mem:         15945      15676        269          0         84       8964
-/+ buffers/cache:       6627       9317
Swap:         8039          0       8039

2019年 07月 25日 星期四 03:11:50 CST
             total       used       free     shared    buffers     cached
Mem:         15945      15735        210          0         84       8884
-/+ buffers/cache:       6766       9179
Swap:         8039          0       8039

2019年 07月 25日 星期四 03:11:54 CST
             total       used       free     shared    buffers     cached
Mem:         15945      15767        177          0         84       8797
-/+ buffers/cache:       6886       9059
Swap:         8039          0       8039

2019年 07月 25日 星期四 03:11:58 CST
             total       used       free     shared    buffers     cached
Mem:         15945      15781        164          0         84       8738
-/+ buffers/cache:       6957       8987
Swap:         8039          0       8039

2019年 07月 25日 星期四 03:12:02 CST
             total       used       free     shared    buffers     cached
Mem:         15945      15765        179          0         84       8659
-/+ buffers/cache:       7021       8923
Swap:         8039          0       8039

2019年 07月 25日 星期四 03:12:06 CST
             total       used       free     shared    buffers     cached
Mem:         15945      15780        164          0         84       8461
-/+ buffers/cache:       7234       8710
Swap:         8039          0       8039

2019年 07月 25日 星期四 03:12:10 CST
             total       used       free     shared    buffers     cached
Mem:         15945      15775        169          0         84       8338
-/+ buffers/cache:       7352       8592
Swap:         8039          0       8039

2019年 07月 25日 星期四 03:12:14 CST
             total       used       free     shared    buffers     cached
Mem:         15945      13587       2357          0         84       8215
-/+ buffers/cache:       5287      10657
Swap:         8039          0       8039

2019年 07月 25日 星期四 03:12:18 CST
             total       used       free     shared    buffers     cached
Mem:         15945      11656       4289          0         84       8405
-/+ buffers/cache:       3166      12779
Swap:         8039          0       8039

2019年 07月 25日 星期四 03:12:22 CST
             total       used       free     shared    buffers     cached
Mem:         15945      12708       3237          0         84       8447
-/+ buffers/cache:       4176      11768
Swap:         8039          0       8039

2019年 07月 25日 星期四 03:12:26 CST
             total       used       free     shared    buffers     cached
Mem:         15945      12529       3416          0         84       8574
-/+ buffers/cache:       3870      12075
Swap:         8039          0       8039

2019年 07月 25日 星期四 03:12:30 CST
             total       used       free     shared    buffers     cached
Mem:         15945      13428       2517          0         84       8576
-/+ buffers/cache:       4766      11178
Swap:         8039          0       8039

2019年 07月 25日 星期四 03:12:34 CST
             total       used       free     shared    buffers     cached
Mem:         15945      14437       1508          0         84       8579
-/+ buffers/cache:       5772      10172
Swap:         8039          0       8039

2019年 07月 25日 星期四 03:12:38 CST
             total       used       free     shared    buffers     cached
Mem:         15945      13653       2292          0         84       8558
-/+ buffers/cache:       5009      10935
Swap:         8039          0       8039

2019年 07月 25日 星期四 03:12:42 CST
             total       used       free     shared    buffers     cached
Mem:         15945      14281       1663          0         84       8817
-/+ buffers/cache:       5379      10565
Swap:         8039          0       8039

2019年 07月 25日 星期四 03:12:46 CST
             total       used       free     shared    buffers     cached
Mem:         15945      14418       1527          0         84       8671
-/+ buffers/cache:       5662      10283
Swap:         8039          0       8039

2019年 07月 25日 星期四 03:12:51 CST
             total       used       free     shared    buffers     cached
Mem:         15945      14666       1279          0         84       8681
-/+ buffers/cache:       5900      10045
Swap:         8039          0       8039

2019年 07月 25日 星期四 03:12:55 CST
             total       used       free     shared    buffers     cached
Mem:         15945      14885       1060          0         84       8682
-/+ buffers/cache:       6118       9826
Swap:         8039          0       8039

2019年 07月 25日 星期四 03:12:59 CST
             total       used       free     shared    buffers     cached
Mem:         15945      14930       1014          0         84       8693
-/+ buffers/cache:       6152       9793
Swap:         8039          0       8039

2019年 07月 25日 星期四 03:13:03 CST
             total       used       free     shared    buffers     cached
Mem:         15945      14974        971          0         84       8693
-/+ buffers/cache:       6195       9750
Swap:         8039          0       8039

2019年 07月 25日 星期四 03:13:07 CST
             total       used       free     shared    buffers     cached
Mem:         15945      14417       1527          0         84       8700
-/+ buffers/cache:       5632      10313
Swap:         8039          0       8039

2019年 07月 25日 星期四 03:13:11 CST
             total       used       free     shared    buffers     cached
Mem:         15945      14689       1256          0         84       8735
-/+ buffers/cache:       5869      10075
Swap:         8039          0       8039

2019年 07月 25日 星期四 03:13:15 CST
             total       used       free     shared    buffers     cached
Mem:         15945      12885       3059          0         84       8732
-/+ buffers/cache:       4068      11876
Swap:         8039          0       8039

2019年 07月 25日 星期四 03:13:19 CST
             total       used       free     shared    buffers     cached
Mem:         15945      13743       2202          0         84       8919
-/+ buffers/cache:       4739      11205
Swap:         8039          0       8039

2019年 07月 25日 星期四 03:13:23 CST
             total       used       free     shared    buffers     cached
Mem:         15945      14211       1734          0         84       8736
-/+ buffers/cache:       5390      10555
Swap:         8039          0       8039

2019年 07月 25日 星期四 03:13:27 CST
             total       used       free     shared    buffers     cached
Mem:         15945      14382       1563          0         84       8738
-/+ buffers/cache:       5559      10386
Swap:         8039          0       8039

2019年 07月 25日 星期四 03:13:31 CST
             total       used       free     shared    buffers     cached
Mem:         15945      14267       1677          0         84       8718
-/+ buffers/cache:       5464      10481
Swap:         8039          0       8039

2019年 07月 25日 星期四 03:13:35 CST
             total       used       free     shared    buffers     cached
Mem:         15945      14544       1400          0         84       8556
-/+ buffers/cache:       5903      10042
Swap:         8039          0       8039

2019年 07月 25日 星期四 03:13:39 CST
             total       used       free     shared    buffers     cached
Mem:         15945      15039        906          0         84       8583
-/+ buffers/cache:       6371       9574
Swap:         8039          0       8039

2019年 07月 25日 星期四 03:13:43 CST
             total       used       free     shared    buffers     cached
Mem:         15945      15526        419          0         84       8587
-/+ buffers/cache:       6854       9091
Swap:         8039          0       8039

2019年 07月 25日 星期四 03:13:47 CST
             total       used       free     shared    buffers     cached
Mem:         15945      15483        461          0         84       8405
-/+ buffers/cache:       6993       8952
Swap:         8039          0       8039

2019年 07月 25日 星期四 03:13:51 CST
             total       used       free     shared    buffers     cached
Mem:         15945      14377       1567          0         84       8415
-/+ buffers/cache:       5877      10067
Swap:         8039          0       8039

2019年 07月 25日 星期四 03:13:55 CST
             total       used       free     shared    buffers     cached
Mem:         15945      14833       1111          0         84       8613
-/+ buffers/cache:       6134       9810
Swap:         8039          0       8039

2019年 07月 25日 星期四 03:13:59 CST
             total       used       free     shared    buffers     cached
Mem:         15945      13775       2170          0         84       8591
-/+ buffers/cache:       5098      10846
Swap:         8039          0       8039

2019年 07月 25日 星期四 03:14:03 CST
             total       used       free     shared    buffers     cached
Mem:         15945      14206       1739          0         84       8601
-/+ buffers/cache:       5519      10425
Swap:         8039          0       8039

2019年 07月 25日 星期四 03:14:07 CST
             total       used       free     shared    buffers     cached
Mem:         15945      14580       1365          0         84       8610
-/+ buffers/cache:       5885      10060
Swap:         8039          0       8039

2019年 07月 25日 星期四 03:14:11 CST
             total       used       free     shared    buffers     cached
Mem:         15945      12673       3271          0         84       8606
-/+ buffers/cache:       3982      11962
Swap:         8039          0       8039

2019年 07月 25日 星期四 03:14:15 CST
             total       used       free     shared    buffers     cached
Mem:         15945      13113       2832          0         84       8624
-/+ buffers/cache:       4403      11541
Swap:         8039          0       8039

2019年 07月 25日 星期四 03:14:19 CST
             total       used       free     shared    buffers     cached
Mem:         15945      13588       2356          0         84       8625
-/+ buffers/cache:       4878      11066
Swap:         8039          0       8039

2019年 07月 25日 星期四 03:14:23 CST
             total       used       free     shared    buffers     cached
Mem:         15945      13597       2347          0         84       8463
-/+ buffers/cache:       5049      10896
Swap:         8039          0       8039

2019年 07月 25日 星期四 03:14:27 CST
             total       used       free     shared    buffers     cached
Mem:         15945      13145       2800          0         84       8717
-/+ buffers/cache:       4342      11603
Swap:         8039          0       8039

2019年 07月 25日 星期四 03:14:31 CST
             total       used       free     shared    buffers     cached
Mem:         15945      14127       1818          0         84       8999
-/+ buffers/cache:       5043      10902
Swap:         8039          0       8039

2019年 07月 25日 星期四 03:14:35 CST
             total       used       free     shared    buffers     cached
Mem:         15945      14407       1537          0         84       8777
-/+ buffers/cache:       5545      10399
Swap:         8039          0       8039

2019年 07月 25日 星期四 03:14:39 CST
             total       used       free     shared    buffers     cached
Mem:         15945      14782       1163          0         84       8788
-/+ buffers/cache:       5908      10036
Swap:         8039          0       8039

2019年 07月 25日 星期四 03:14:43 CST
             total       used       free     shared    buffers     cached
Mem:         15945      15127        817          0         84       8788
-/+ buffers/cache:       6253       9691
Swap:         8039          0       8039

2019年 07月 25日 星期四 03:14:47 CST
             total       used       free     shared    buffers     cached
Mem:         15945      15305        640          0         84       8789
-/+ buffers/cache:       6430       9515
Swap:         8039          0       8039

2019年 07月 25日 星期四 03:14:51 CST
             total       used       free     shared    buffers     cached
Mem:         15945      15340        605          0         84       8801
-/+ buffers/cache:       6453       9491
Swap:         8039          0       8039

2019年 07月 25日 星期四 03:14:55 CST
             total       used       free     shared    buffers     cached
Mem:         15945      15392        553          0         84       8805
-/+ buffers/cache:       6502       9443
Swap:         8039          0       8039

2019年 07月 25日 星期四 03:14:59 CST
             total       used       free     shared    buffers     cached
Mem:         15945      15565        379          0         84       8826
-/+ buffers/cache:       6654       9290
Swap:         8039          0       8039

2019年 07月 25日 星期四 03:15:03 CST
             total       used       free     shared    buffers     cached
Mem:         15945      13358       2587          0         85       8819
-/+ buffers/cache:       4454      11491
Swap:         8039          0       8039

2019年 07月 25日 星期四 03:15:07 CST
             total       used       free     shared    buffers     cached
Mem:         15945      13606       2339          0         85       8635
-/+ buffers/cache:       4886      11059
Swap:         8039          0       8039

2019年 07月 25日 星期四 03:15:11 CST
             total       used       free     shared    buffers     cached
Mem:         15945      14506       1439          0         85       8679
-/+ buffers/cache:       5742      10203
Swap:         8039          0       8039

2019年 07月 25日 星期四 03:15:15 CST
             total       used       free     shared    buffers     cached
Mem:         15945      14115       1829          0         85       8683
-/+ buffers/cache:       5347      10598
Swap:         8039          0       8039

2019年 07月 25日 星期四 03:15:19 CST
             total       used       free     shared    buffers     cached
Mem:         15945      14277       1668          0         85       8653
-/+ buffers/cache:       5538      10406
Swap:         8039          0       8039

2019年 07月 25日 星期四 03:15:24 CST
             total       used       free     shared    buffers     cached
Mem:         15945      14078       1867          0         85       8848
-/+ buffers/cache:       5144      10801
Swap:         8039          0       8039

2019年 07月 25日 星期四 03:15:28 CST
             total       used       free     shared    buffers     cached
Mem:         15945      14528       1416          0         85       8850
-/+ buffers/cache:       5592      10352
Swap:         8039          0       8039

2019年 07月 25日 星期四 03:15:32 CST
             total       used       free     shared    buffers     cached
Mem:         15945      14834       1111          0         85       8658
-/+ buffers/cache:       6090       9854
Swap:         8039          0       8039

2019年 07月 25日 星期四 03:15:36 CST
             total       used       free     shared    buffers     cached
Mem:         15945      15402        542          0         85       8659
-/+ buffers/cache:       6657       9287
Swap:         8039          0       8039

2019年 07月 25日 星期四 03:15:40 CST
             total       used       free     shared    buffers     cached
Mem:         15945      15424        520          0         85       8486
-/+ buffers/cache:       6852       9092
Swap:         8039          0       8039

2019年 07月 25日 星期四 03:15:44 CST
             total       used       free     shared    buffers     cached
Mem:         15945      15016        928          0         85       8485
-/+ buffers/cache:       6445       9500
Swap:         8039          0       8039

2019年 07月 25日 星期四 03:15:48 CST
             total       used       free     shared    buffers     cached
Mem:         15945      15232        713          0         85       8312
-/+ buffers/cache:       6834       9111
Swap:         8039          0       8039

2019年 07月 25日 星期四 03:15:52 CST
             total       used       free     shared    buffers     cached
Mem:         15945      15494        450          0         85       8357
-/+ buffers/cache:       7052       8893
Swap:         8039          0       8039

2019年 07月 25日 星期四 03:15:56 CST
             total       used       free     shared    buffers     cached
Mem:         15945      12703       3242          0         85       8199
-/+ buffers/cache:       4418      11526
Swap:         8039          0       8039

2019年 07月 25日 星期四 03:16:00 CST
             total       used       free     shared    buffers     cached
Mem:         15945      13511       2434          0         85       8200
-/+ buffers/cache:       5225      10720
Swap:         8039          0       8039

2019年 07月 25日 星期四 03:16:04 CST
             total       used       free     shared    buffers     cached
Mem:         15945      13096       2849          0         85       8204
-/+ buffers/cache:       4805      11139
Swap:         8039          0       8039

2019年 07月 25日 星期四 03:16:08 CST
             total       used       free     shared    buffers     cached
Mem:         15945      13679       2266          0         85       8206
-/+ buffers/cache:       5387      10558
Swap:         8039          0       8039

2019年 07月 25日 星期四 03:16:12 CST
             total       used       free     shared    buffers     cached
Mem:         15945      12169       3776          0         85       8024
-/+ buffers/cache:       4059      11886
Swap:         8039          0       8039

2019年 07月 25日 星期四 03:16:16 CST
             total       used       free     shared    buffers     cached
Mem:         15945      10759       5186          0         85       8010
-/+ buffers/cache:       2663      13281
Swap:         8039          0       8039

2019年 07月 25日 星期四 03:16:20 CST
             total       used       free     shared    buffers     cached
Mem:         15945      10584       5361          0         85       7825
-/+ buffers/cache:       2673      13272
Swap:         8039          0       8039

2019年 07月 25日 星期四 03:16:24 CST
             total       used       free     shared    buffers     cached
Mem:         15945      10585       5360          0         85       7825
-/+ buffers/cache:       2673      13271
Swap:         8039          0       8039

2019年 07月 25日 星期四 03:16:28 CST
             total       used       free     shared    buffers     cached
Mem:         15945      10586       5359          0         85       7825
-/+ buffers/cache:       2675      13270
Swap:         8039          0       8039

2019年 07月 25日 星期四 03:16:32 CST
             total       used       free     shared    buffers     cached
Mem:         15945      10587       5358          0         85       7826
-/+ buffers/cache:       2675      13269
Swap:         8039          0       8039

2019年 07月 25日 星期四 03:16:36 CST
             total       used       free     shared    buffers     cached
Mem:         15945      10588       5357          0         85       7826
-/+ buffers/cache:       2676      13268
Swap:         8039          0       8039

2019年 07月 25日 星期四 03:16:40 CST
             total       used       free     shared    buffers     cached
Mem:         15945      10590       5354          0         85       7826
-/+ buffers/cache:       2678      13266
Swap:         8039          0       8039

2019年 07月 25日 星期四 03:16:44 CST
             total       used       free     shared    buffers     cached
Mem:         15945       9931       6013          0         85       7806
-/+ buffers/cache:       2039      13905
Swap:         8039          0       8039

2019年 07月 25日 星期四 03:16:48 CST
             total       used       free     shared    buffers     cached
Mem:         15945       9931       6014          0         85       7806
-/+ buffers/cache:       2039      13906
Swap:         8039          0       8039

2019年 07月 25日 星期四 03:16:52 CST
             total       used       free     shared    buffers     cached
Mem:         15945       9931       6013          0         85       7806
-/+ buffers/cache:       2039      13906
Swap:         8039          0       8039

2019年 07月 25日 星期四 03:16:56 CST
             total       used       free     shared    buffers     cached
Mem:         15945       9931       6014          0         85       7807
-/+ buffers/cache:       2038      13906
Swap:         8039          0       8039

2019年 07月 25日 星期四 03:17:00 CST
             total       used       free     shared    buffers     cached
Mem:         15945       9912       6033          0         85       7788
-/+ buffers/cache:       2038      13907
Swap:         8039          0       8039

2019年 07月 25日 星期四 03:17:04 CST
             total       used       free     shared    buffers     cached
Mem:         15945       9911       6033          0         85       7788
-/+ buffers/cache:       2037      13907
Swap:         8039          0       8039

2019年 07月 25日 星期四 03:17:08 CST
             total       used       free     shared    buffers     cached
Mem:         15945       9911       6034          0         85       7788
-/+ buffers/cache:       2037      13908
Swap:         8039          0       8039

2019年 07月 25日 星期四 03:17:12 CST
             total       used       free     shared    buffers     cached
Mem:         15945       9920       6024          0         85       7800
-/+ buffers/cache:       2035      13910
Swap:         8039          0       8039

2019年 07月 25日 星期四 03:17:16 CST
             total       used       free     shared    buffers     cached
Mem:         15945       9955       5989          0         85       7835
-/+ buffers/cache:       2034      13910
Swap:         8039          0       8039

