
2019年 07月 25日 星期四 03:00:08 CST
             total       used       free     shared    buffers     cached
Mem:         15945       9314       6631          0         89       7238
-/+ buffers/cache:       1986      13958
Swap:         8039          0       8039

2019年 07月 25日 星期四 03:00:12 CST
             total       used       free     shared    buffers     cached
Mem:         15945       9314       6630          0         89       7238
-/+ buffers/cache:       1987      13958
Swap:         8039          0       8039

2019年 07月 25日 星期四 03:00:16 CST
             total       used       free     shared    buffers     cached
Mem:         15945       9314       6631          0         89       7238
-/+ buffers/cache:       1987      13958
Swap:         8039          0       8039

2019年 07月 25日 星期四 03:00:20 CST
             total       used       free     shared    buffers     cached
Mem:         15945       9314       6631          0         89       7238
-/+ buffers/cache:       1987      13958
Swap:         8039          0       8039

2019年 07月 25日 星期四 03:00:24 CST
             total       used       free     shared    buffers     cached
Mem:         15945       9349       6596          0         89       7272
-/+ buffers/cache:       1986      13958
Swap:         8039          0       8039

2019年 07月 25日 星期四 03:00:28 CST
             total       used       free     shared    buffers     cached
Mem:         15945       9604       6340          0         89       7523
-/+ buffers/cache:       1991      13953
Swap:         8039          0       8039

2019年 07月 25日 星期四 03:00:32 CST
             total       used       free     shared    buffers     cached
Mem:         15945       9930       6014          0         89       7793
-/+ buffers/cache:       2047      13897
Swap:         8039          0       8039

2019年 07月 25日 星期四 03:00:36 CST
             total       used       free     shared    buffers     cached
Mem:         15945      10419       5525          0         89       8058
-/+ buffers/cache:       2271      13673
Swap:         8039          0       8039

2019年 07月 25日 星期四 03:00:40 CST
             total       used       free     shared    buffers     cached
Mem:         15945      10904       5040          0         89       8310
-/+ buffers/cache:       2504      13440
Swap:         8039          0       8039

2019年 07月 25日 星期四 03:00:44 CST
             total       used       free     shared    buffers     cached
Mem:         15945      11297       4648          0         89       8546
-/+ buffers/cache:       2661      13283
Swap:         8039          0       8039

2019年 07月 25日 星期四 03:00:48 CST
             total       used       free     shared    buffers     cached
Mem:         15945      11616       4329          0         89       8778
-/+ buffers/cache:       2748      13196
Swap:         8039          0       8039

2019年 07月 25日 星期四 03:00:52 CST
             total       used       free     shared    buffers     cached
Mem:         15945      12318       3627          0         89       9358
-/+ buffers/cache:       2870      13075
Swap:         8039          0       8039

2019年 07月 25日 星期四 03:00:56 CST
             total       used       free     shared    buffers     cached
Mem:         15945      13091       2853          0         89       9649
-/+ buffers/cache:       3352      12592
Swap:         8039          0       8039

2019年 07月 25日 星期四 03:01:00 CST
             total       used       free     shared    buffers     cached
Mem:         15945      13816       2129          0         89       9650
-/+ buffers/cache:       4076      11869
Swap:         8039          0       8039

2019年 07月 25日 星期四 03:01:04 CST
             total       used       free     shared    buffers     cached
Mem:         15945      13851       2093          0         89       9653
-/+ buffers/cache:       4108      11837
Swap:         8039          0       8039

2019年 07月 25日 星期四 03:01:08 CST
             total       used       free     shared    buffers     cached
Mem:         15945      13503       2441          0         89       9837
-/+ buffers/cache:       3576      12368
Swap:         8039          0       8039

2019年 07月 25日 星期四 03:01:13 CST
             total       used       free     shared    buffers     cached
Mem:         15945      13840       2104          0         89       9800
-/+ buffers/cache:       3950      11995
Swap:         8039          0       8039

2019年 07月 25日 星期四 03:01:17 CST
             total       used       free     shared    buffers     cached
Mem:         15945      14238       1706          0         89       9800
-/+ buffers/cache:       4348      11597
Swap:         8039          0       8039

2019年 07月 25日 星期四 03:01:21 CST
             total       used       free     shared    buffers     cached
Mem:         15945      14688       1257          0         89       9781
-/+ buffers/cache:       4817      11128
Swap:         8039          0       8039

2019年 07月 25日 星期四 03:01:25 CST
             total       used       free     shared    buffers     cached
Mem:         15945      14950        995          0         89       9785
-/+ buffers/cache:       5075      10870
Swap:         8039          0       8039

2019年 07月 25日 星期四 03:01:29 CST
             total       used       free     shared    buffers     cached
Mem:         15945      15595        350          0         89       9785
-/+ buffers/cache:       5719      10226
Swap:         8039          0       8039

2019年 07月 25日 星期四 03:01:33 CST
             total       used       free     shared    buffers     cached
Mem:         15945      15303        642          0         89       9784
-/+ buffers/cache:       5428      10516
Swap:         8039          0       8039

2019年 07月 25日 星期四 03:01:37 CST
             total       used       free     shared    buffers     cached
Mem:         15945      15665        279          0         89       9970
-/+ buffers/cache:       5605      10340
Swap:         8039          0       8039

2019年 07月 25日 星期四 03:01:41 CST
             total       used       free     shared    buffers     cached
Mem:         15945      15750        195          0         89       9798
-/+ buffers/cache:       5861      10083
Swap:         8039          0       8039

2019年 07月 25日 星期四 03:01:45 CST
             total       used       free     shared    buffers     cached
Mem:         15945      15783        161          0         89       9477
-/+ buffers/cache:       6216       9729
Swap:         8039          0       8039

2019年 07月 25日 星期四 03:01:49 CST
             total       used       free     shared    buffers     cached
Mem:         15945      15787        157          0         89       9289
-/+ buffers/cache:       6408       9537
Swap:         8039          0       8039

2019年 07月 25日 星期四 03:01:53 CST
             total       used       free     shared    buffers     cached
Mem:         15945      15155        790          0         89       9260
-/+ buffers/cache:       5805      10139
Swap:         8039          0       8039

2019年 07月 25日 星期四 03:01:57 CST
             total       used       free     shared    buffers     cached
Mem:         15945      15291        654          0         89       9270
-/+ buffers/cache:       5931      10014
Swap:         8039          0       8039

2019年 07月 25日 星期四 03:02:01 CST
             total       used       free     shared    buffers     cached
Mem:         15945      15574        371          0         89       9304
-/+ buffers/cache:       6180       9765
Swap:         8039          0       8039

2019年 07月 25日 星期四 03:02:05 CST
             total       used       free     shared    buffers     cached
Mem:         15945      14038       1906          0         89       9652
-/+ buffers/cache:       4296      11649
Swap:         8039          0       8039

2019年 07月 25日 星期四 03:02:09 CST
             total       used       free     shared    buffers     cached
Mem:         15945      14274       1671          0         89       9472
-/+ buffers/cache:       4712      11233
Swap:         8039          0       8039

2019年 07月 25日 星期四 03:02:13 CST
             total       used       free     shared    buffers     cached
Mem:         15945      14871       1073          0         89       9509
-/+ buffers/cache:       5272      10673
Swap:         8039          0       8039

2019年 07月 25日 星期四 03:02:17 CST
             total       used       free     shared    buffers     cached
Mem:         15945      14301       1643          0         89       9344
-/+ buffers/cache:       4867      11077
Swap:         8039          0       8039

2019年 07月 25日 星期四 03:02:21 CST
             total       used       free     shared    buffers     cached
Mem:         15945      14744       1201          0         89       9344
-/+ buffers/cache:       5309      10635
Swap:         8039          0       8039

2019年 07月 25日 星期四 03:02:25 CST
             total       used       free     shared    buffers     cached
Mem:         15945      15068        876          0         89       9350
-/+ buffers/cache:       5628      10317
Swap:         8039          0       8039

2019年 07月 25日 星期四 03:02:29 CST
             total       used       free     shared    buffers     cached
Mem:         15945      14381       1564          0         89       9530
-/+ buffers/cache:       4761      11184
Swap:         8039          0       8039

2019年 07月 25日 星期四 03:02:33 CST
             total       used       free     shared    buffers     cached
Mem:         15945      14591       1354          0         89       9517
-/+ buffers/cache:       4983      10961
Swap:         8039          0       8039

2019年 07月 25日 星期四 03:02:37 CST
             total       used       free     shared    buffers     cached
Mem:         15945      15369        575          0         89       9767
-/+ buffers/cache:       5512      10433
Swap:         8039          0       8039

2019年 07月 25日 星期四 03:02:41 CST
             total       used       free     shared    buffers     cached
Mem:         15945      15782        163          0         89       9665
-/+ buffers/cache:       6027       9918
Swap:         8039          0       8039

2019年 07月 25日 星期四 03:02:45 CST
             total       used       free     shared    buffers     cached
Mem:         15945      15787        157          0         89       9522
-/+ buffers/cache:       6175       9770
Swap:         8039          0       8039

2019年 07月 25日 星期四 03:02:50 CST
             total       used       free     shared    buffers     cached
Mem:         15945      15779        166          0         89       9378
-/+ buffers/cache:       6310       9634
Swap:         8039          0       8039

2019年 07月 25日 星期四 03:02:54 CST
             total       used       free     shared    buffers     cached
Mem:         15945      15775        169          0         89       9134
-/+ buffers/cache:       6551       9394
Swap:         8039          0       8039

2019年 07月 25日 星期四 03:02:58 CST
             total       used       free     shared    buffers     cached
Mem:         15945      15784        161          0         89       9095
-/+ buffers/cache:       6598       9346
Swap:         8039          0       8039

2019年 07月 25日 星期四 03:03:02 CST
             total       used       free     shared    buffers     cached
Mem:         15945      15472        472          0         89       9073
-/+ buffers/cache:       6309       9635
Swap:         8039          0       8039

2019年 07月 25日 星期四 03:03:06 CST
             total       used       free     shared    buffers     cached
Mem:         15945      14973        972          0         89       9483
-/+ buffers/cache:       5399      10545
Swap:         8039          0       8039

2019年 07月 25日 星期四 03:03:10 CST
             total       used       free     shared    buffers     cached
Mem:         15945      14530       1414          0         89       9329
-/+ buffers/cache:       5111      10833
Swap:         8039          0       8039

2019年 07月 25日 星期四 03:03:14 CST
             total       used       free     shared    buffers     cached
Mem:         15945      14903       1042          0         89       9328
-/+ buffers/cache:       5484      10461
Swap:         8039          0       8039

2019年 07月 25日 星期四 03:03:18 CST
             total       used       free     shared    buffers     cached
Mem:         15945      15187        757          0         89       9349
-/+ buffers/cache:       5748      10197
Swap:         8039          0       8039

2019年 07月 25日 星期四 03:03:22 CST
             total       used       free     shared    buffers     cached
Mem:         15945      15346        599          0         89       9351
-/+ buffers/cache:       5905      10040
Swap:         8039          0       8039

2019年 07月 25日 星期四 03:03:26 CST
             total       used       free     shared    buffers     cached
Mem:         15945      15552        392          0         89       9381
-/+ buffers/cache:       6081       9864
Swap:         8039          0       8039

2019年 07月 25日 星期四 03:03:30 CST
             total       used       free     shared    buffers     cached
Mem:         15945      13656       2289          0         89       9390
-/+ buffers/cache:       4175      11770
Swap:         8039          0       8039

2019年 07月 25日 星期四 03:03:34 CST
             total       used       free     shared    buffers     cached
Mem:         15945      14420       1524          0         90       9567
-/+ buffers/cache:       4763      11182
Swap:         8039          0       8039

2019年 07月 25日 星期四 03:03:39 CST
             total       used       free     shared    buffers     cached
Mem:         15945      14106       1839          0         90       9197
-/+ buffers/cache:       4818      11126
Swap:         8039          0       8039

2019年 07月 25日 星期四 03:03:43 CST
             total       used       free     shared    buffers     cached
Mem:         15945      14839       1106          0         90       9187
-/+ buffers/cache:       5561      10383
Swap:         8039          0       8039

2019年 07月 25日 星期四 03:03:47 CST
             total       used       free     shared    buffers     cached
Mem:         15945      14586       1358          0         90       9395
-/+ buffers/cache:       5101      10843
Swap:         8039          0       8039

2019年 07月 25日 星期四 03:03:51 CST
             total       used       free     shared    buffers     cached
Mem:         15945      14800       1145          0         90       9414
-/+ buffers/cache:       5295      10650
Swap:         8039          0       8039

2019年 07月 25日 星期四 03:03:55 CST
             total       used       free     shared    buffers     cached
Mem:         15945      14755       1190          0         90       9478
-/+ buffers/cache:       5187      10758
Swap:         8039          0       8039

2019年 07月 25日 星期四 03:03:59 CST
             total       used       free     shared    buffers     cached
Mem:         15945      14984        960          0         90       9335
-/+ buffers/cache:       5559      10386
Swap:         8039          0       8039

2019年 07月 25日 星期四 03:04:03 CST
             total       used       free     shared    buffers     cached
Mem:         15945      15496        449          0         90       9416
-/+ buffers/cache:       5989       9956
Swap:         8039          0       8039

2019年 07月 25日 星期四 03:04:07 CST
             total       used       free     shared    buffers     cached
Mem:         15945      15754        190          0         90       9458
-/+ buffers/cache:       6205       9739
Swap:         8039          0       8039

2019年 07月 25日 星期四 03:04:11 CST
             total       used       free     shared    buffers     cached
Mem:         15945      15779        165          0         89       9189
-/+ buffers/cache:       6500       9445
Swap:         8039          0       8039

2019年 07月 25日 星期四 03:04:15 CST
             total       used       free     shared    buffers     cached
Mem:         15945      15322        623          0         89       9180
-/+ buffers/cache:       6051       9893
Swap:         8039          0       8039

2019年 07月 25日 星期四 03:04:19 CST
             total       used       free     shared    buffers     cached
Mem:         15945      15467        477          0         89       9216
-/+ buffers/cache:       6161       9784
Swap:         8039          0       8039

2019年 07月 25日 星期四 03:04:23 CST
             total       used       free     shared    buffers     cached
Mem:         15945      15776        169          0         89       9254
-/+ buffers/cache:       6432       9513
Swap:         8039          0       8039

2019年 07月 25日 星期四 03:04:27 CST
             total       used       free     shared    buffers     cached
Mem:         15945      15781        164          0         89       8987
-/+ buffers/cache:       6703       9241
Swap:         8039          0       8039

2019年 07月 25日 星期四 03:04:31 CST
             total       used       free     shared    buffers     cached
Mem:         15945      14746       1198          0         90       9152
-/+ buffers/cache:       5504      10441
Swap:         8039          0       8039

2019年 07月 25日 星期四 03:04:35 CST
             total       used       free     shared    buffers     cached
Mem:         15945      13937       2007          0         90       9353
-/+ buffers/cache:       4493      11451
Swap:         8039          0       8039

2019年 07月 25日 星期四 03:04:39 CST
             total       used       free     shared    buffers     cached
Mem:         15945      14657       1287          0         90       9655
-/+ buffers/cache:       4912      11033
Swap:         8039          0       8039

2019年 07月 25日 星期四 03:04:43 CST
             total       used       free     shared    buffers     cached
Mem:         15945      14203       1742          0         90       9937
-/+ buffers/cache:       4176      11769
Swap:         8039          0       8039

2019年 07月 25日 星期四 03:04:47 CST
             total       used       free     shared    buffers     cached
Mem:         15945      14689       1255          0         90      10049
-/+ buffers/cache:       4549      11395
Swap:         8039          0       8039

2019年 07月 25日 星期四 03:04:51 CST
             total       used       free     shared    buffers     cached
Mem:         15945      15120        824          0         90      10256
-/+ buffers/cache:       4773      11171
Swap:         8039          0       8039

2019年 07月 25日 星期四 03:04:55 CST
             total       used       free     shared    buffers     cached
Mem:         15945      15514        431          0         90      10449
-/+ buffers/cache:       4974      10971
Swap:         8039          0       8039

2019年 07月 25日 星期四 03:04:59 CST
             total       used       free     shared    buffers     cached
Mem:         15945      15791        153          0         90      10465
-/+ buffers/cache:       5236      10709
Swap:         8039          0       8039

2019年 07月 25日 星期四 03:05:03 CST
             total       used       free     shared    buffers     cached
Mem:         15945      15230        714          0         90      10291
-/+ buffers/cache:       4849      11095
Swap:         8039          0       8039

2019年 07月 25日 星期四 03:05:07 CST
             total       used       free     shared    buffers     cached
Mem:         15945      15461        483          0         90      10291
-/+ buffers/cache:       5080      10865
Swap:         8039          0       8039

2019年 07月 25日 星期四 03:05:11 CST
             total       used       free     shared    buffers     cached
Mem:         15945      15778        166          0         90      10127
-/+ buffers/cache:       5561      10384
Swap:         8039          0       8039

2019年 07月 25日 星期四 03:05:16 CST
             total       used       free     shared    buffers     cached
Mem:         15945      15284        660          0         90       9929
-/+ buffers/cache:       5264      10680
Swap:         8039          0       8039

2019年 07月 25日 星期四 03:05:20 CST
             total       used       free     shared    buffers     cached
Mem:         15945      14775       1170          0         90       9910
-/+ buffers/cache:       4774      11170
Swap:         8039          0       8039

2019年 07月 25日 星期四 03:05:24 CST
             total       used       free     shared    buffers     cached
Mem:         15945      15124        820          0         90       9911
-/+ buffers/cache:       5122      10822
Swap:         8039          0       8039

2019年 07月 25日 星期四 03:05:28 CST
             total       used       free     shared    buffers     cached
Mem:         15945      15163        782          0         90       9804
-/+ buffers/cache:       5269      10676
Swap:         8039          0       8039

2019年 07月 25日 星期四 03:05:32 CST
             total       used       free     shared    buffers     cached
Mem:         15945      14373       1572          0         90       9925
-/+ buffers/cache:       4357      11588
Swap:         8039          0       8039

2019年 07月 25日 星期四 03:05:36 CST
             total       used       free     shared    buffers     cached
Mem:         15945      15026        918          0         90      10112
-/+ buffers/cache:       4823      11122
Swap:         8039          0       8039

2019年 07月 25日 星期四 03:05:40 CST
             total       used       free     shared    buffers     cached
Mem:         15945      15075        870          0         90      10040
-/+ buffers/cache:       4944      11001
Swap:         8039          0       8039

2019年 07月 25日 星期四 03:05:44 CST
             total       used       free     shared    buffers     cached
Mem:         15945      15598        346          0         90      10114
-/+ buffers/cache:       5393      10552
Swap:         8039          0       8039

2019年 07月 25日 星期四 03:05:48 CST
             total       used       free     shared    buffers     cached
Mem:         15945      15775        170          0         90       9981
-/+ buffers/cache:       5703      10241
Swap:         8039          0       8039

2019年 07月 25日 星期四 03:05:52 CST
             total       used       free     shared    buffers     cached
Mem:         15945      15781        164          0         90       9768
-/+ buffers/cache:       5922      10022
Swap:         8039          0       8039

2019年 07月 25日 星期四 03:05:56 CST
             total       used       free     shared    buffers     cached
Mem:         15945      15776        168          0         90       9690
-/+ buffers/cache:       5996       9949
Swap:         8039          0       8039

2019年 07月 25日 星期四 03:06:00 CST
             total       used       free     shared    buffers     cached
Mem:         15945      15445        500          0         90       9777
-/+ buffers/cache:       5577      10367
Swap:         8039          0       8039

2019年 07月 25日 星期四 03:06:04 CST
             total       used       free     shared    buffers     cached
Mem:         15945      15648        297          0         90       9793
-/+ buffers/cache:       5764      10180
Swap:         8039          0       8039

2019年 07月 25日 星期四 03:06:08 CST
             total       used       free     shared    buffers     cached
Mem:         15945      14913       1032          0         90       9791
-/+ buffers/cache:       5031      10914
Swap:         8039          0       8039

2019年 07月 25日 星期四 03:06:12 CST
             total       used       free     shared    buffers     cached
Mem:         15945      15536        409          0         90       9788
-/+ buffers/cache:       5656      10288
Swap:         8039          0       8039

2019年 07月 25日 星期四 03:06:16 CST
             total       used       free     shared    buffers     cached
Mem:         15945      15770        174          0         90       9789
-/+ buffers/cache:       5891      10054
Swap:         8039          0       8039

2019年 07月 25日 星期四 03:06:20 CST
             total       used       free     shared    buffers     cached
Mem:         15945      15780        165          0         90       9257
-/+ buffers/cache:       6432       9512
Swap:         8039          0       8039

2019年 07月 25日 星期四 03:06:24 CST
             total       used       free     shared    buffers     cached
Mem:         15945      14610       1334          0         90       9630
-/+ buffers/cache:       4890      11055
Swap:         8039          0       8039

2019年 07月 25日 星期四 03:06:28 CST
             total       used       free     shared    buffers     cached
Mem:         15945      12311       3634          0         90       9167
-/+ buffers/cache:       3053      12892
Swap:         8039          0       8039

2019年 07月 25日 星期四 03:06:32 CST
             total       used       free     shared    buffers     cached
Mem:         15945      12850       3094          0         90       9369
-/+ buffers/cache:       3390      12554
Swap:         8039          0       8039

2019年 07月 25日 星期四 03:06:36 CST
             total       used       free     shared    buffers     cached
Mem:         15945      13435       2509          0         90       9662
-/+ buffers/cache:       3683      12262
Swap:         8039          0       8039

2019年 07月 25日 星期四 03:06:40 CST
             total       used       free     shared    buffers     cached
Mem:         15945      14037       1908          0         90       9882
-/+ buffers/cache:       4064      11881
Swap:         8039          0       8039

2019年 07月 25日 星期四 03:06:44 CST
             total       used       free     shared    buffers     cached
Mem:         15945      14094       1851          0         90      10174
-/+ buffers/cache:       3828      12116
Swap:         8039          0       8039

2019年 07月 25日 星期四 03:06:48 CST
             total       used       free     shared    buffers     cached
Mem:         15945      14675       1269          0         90      10463
-/+ buffers/cache:       4121      11824
Swap:         8039          0       8039

2019年 07月 25日 星期四 03:06:52 CST
             total       used       free     shared    buffers     cached
Mem:         15945      15197        748          0         90      10720
-/+ buffers/cache:       4386      11559
Swap:         8039          0       8039

2019年 07月 25日 星期四 03:06:56 CST
             total       used       free     shared    buffers     cached
Mem:         15945      15555        390          0         90      10791
-/+ buffers/cache:       4673      11272
Swap:         8039          0       8039

2019年 07月 25日 星期四 03:07:00 CST
             total       used       free     shared    buffers     cached
Mem:         15945      15586        359          0         90      10792
-/+ buffers/cache:       4703      11242
Swap:         8039          0       8039

2019年 07月 25日 星期四 03:07:04 CST
             total       used       free     shared    buffers     cached
Mem:         15945      15567        378          0         90      10773
-/+ buffers/cache:       4703      11242
Swap:         8039          0       8039

2019年 07月 25日 星期四 03:07:08 CST
             total       used       free     shared    buffers     cached
Mem:         15945      15759        186          0         90      10774
-/+ buffers/cache:       4893      11051
Swap:         8039          0       8039

2019年 07月 25日 星期四 03:07:12 CST
             total       used       free     shared    buffers     cached
Mem:         15945      15780        165          0         90      10719
-/+ buffers/cache:       4970      10975
Swap:         8039          0       8039

2019年 07月 25日 星期四 03:07:16 CST
             total       used       free     shared    buffers     cached
Mem:         15945      15313        632          0         90      10732
-/+ buffers/cache:       4490      11455
Swap:         8039          0       8039

2019年 07月 25日 星期四 03:07:20 CST
             total       used       free     shared    buffers     cached
Mem:         15945      15586        359          0         90      10842
-/+ buffers/cache:       4652      11292
Swap:         8039          0       8039

2019年 07月 25日 星期四 03:07:24 CST
             total       used       free     shared    buffers     cached
Mem:         15945      15782        162          0         90      10603
-/+ buffers/cache:       5088      10856
Swap:         8039          0       8039

2019年 07月 25日 星期四 03:07:28 CST
             total       used       free     shared    buffers     cached
Mem:         15945      15790        155          0         90      10528
-/+ buffers/cache:       5171      10774
Swap:         8039          0       8039

2019年 07月 25日 星期四 03:07:32 CST
             total       used       free     shared    buffers     cached
Mem:         15945      15779        165          0         90      10503
-/+ buffers/cache:       5185      10759
Swap:         8039          0       8039

2019年 07月 25日 星期四 03:07:36 CST
             total       used       free     shared    buffers     cached
Mem:         15945      15781        163          0         90      10479
-/+ buffers/cache:       5211      10734
Swap:         8039          0       8039

2019年 07月 25日 星期四 03:07:40 CST
             total       used       free     shared    buffers     cached
Mem:         15945      15781        164          0         90      10453
-/+ buffers/cache:       5236      10708
Swap:         8039          0       8039

2019年 07月 25日 星期四 03:07:44 CST
             total       used       free     shared    buffers     cached
Mem:         15945      15781        164          0         90      10439
-/+ buffers/cache:       5250      10695
Swap:         8039          0       8039

2019年 07月 25日 星期四 03:07:48 CST
             total       used       free     shared    buffers     cached
Mem:         15945      15781        164          0         90      10428
-/+ buffers/cache:       5262      10683
Swap:         8039          0       8039

2019年 07月 25日 星期四 03:07:53 CST
             total       used       free     shared    buffers     cached
Mem:         15945      15795        150          0         90      10418
-/+ buffers/cache:       5286      10658
Swap:         8039          0       8039

2019年 07月 25日 星期四 03:07:57 CST
             total       used       free     shared    buffers     cached
Mem:         15945      15794        151          0         90      10374
-/+ buffers/cache:       5329      10616
Swap:         8039          0       8039

2019年 07月 25日 星期四 03:08:01 CST
             total       used       free     shared    buffers     cached
Mem:         15945      14992        953          0         90      10317
-/+ buffers/cache:       4584      11361
Swap:         8039          0       8039

2019年 07月 25日 星期四 03:08:05 CST
             total       used       free     shared    buffers     cached
Mem:         15945      14941       1004          0         90      10133
-/+ buffers/cache:       4716      11228
Swap:         8039          0       8039

2019年 07月 25日 星期四 03:08:09 CST
             total       used       free     shared    buffers     cached
Mem:         15945      15322        623          0         90      10134
-/+ buffers/cache:       5096      10848
Swap:         8039          0       8039

2019年 07月 25日 星期四 03:08:13 CST
             total       used       free     shared    buffers     cached
Mem:         15945      15649        296          0         90      10156
-/+ buffers/cache:       5402      10543
Swap:         8039          0       8039

2019年 07月 25日 星期四 03:08:17 CST
             total       used       free     shared    buffers     cached
Mem:         15945      15716        229          0         90      10194
-/+ buffers/cache:       5431      10514
Swap:         8039          0       8039

2019年 07月 25日 星期四 03:08:21 CST
             total       used       free     shared    buffers     cached
Mem:         15945      15780        165          0         90      10222
-/+ buffers/cache:       5467      10477
Swap:         8039          0       8039

2019年 07月 25日 星期四 03:08:25 CST
             total       used       free     shared    buffers     cached
Mem:         15945      15794        151          0         90      10189
-/+ buffers/cache:       5514      10431
Swap:         8039          0       8039

2019年 07月 25日 星期四 03:08:29 CST
             total       used       free     shared    buffers     cached
Mem:         15945      15767        178          0         90      10135
-/+ buffers/cache:       5541      10404
Swap:         8039          0       8039

2019年 07月 25日 星期四 03:08:33 CST
             total       used       free     shared    buffers     cached
Mem:         15945      15777        168          0         90      10140
-/+ buffers/cache:       5545      10399
Swap:         8039          0       8039

2019年 07月 25日 星期四 03:08:37 CST
             total       used       free     shared    buffers     cached
Mem:         15945      15769        176          0         90      10118
-/+ buffers/cache:       5560      10384
Swap:         8039          0       8039

2019年 07月 25日 星期四 03:08:41 CST
             total       used       free     shared    buffers     cached
Mem:         15945      15764        180          0         90      10096
-/+ buffers/cache:       5577      10367
Swap:         8039          0       8039

2019年 07月 25日 星期四 03:08:45 CST
             total       used       free     shared    buffers     cached
Mem:         15945      15769        175          0         90      10088
-/+ buffers/cache:       5591      10354
Swap:         8039          0       8039

2019年 07月 25日 星期四 03:08:49 CST
             total       used       free     shared    buffers     cached
Mem:         15945      15767        178          0         90      10090
-/+ buffers/cache:       5587      10358
Swap:         8039          0       8039

2019年 07月 25日 星期四 03:08:53 CST
             total       used       free     shared    buffers     cached
Mem:         15945      14470       1474          0         90      10164
-/+ buffers/cache:       4216      11729
Swap:         8039          0       8039

2019年 07月 25日 星期四 03:08:57 CST
             total       used       free     shared    buffers     cached
Mem:         15945      14949        996          0         90      10385
-/+ buffers/cache:       4473      11472
Swap:         8039          0       8039

2019年 07月 25日 星期四 03:09:01 CST
             total       used       free     shared    buffers     cached
Mem:         15945      15461        484          0         90      10246
-/+ buffers/cache:       5124      10820
Swap:         8039          0       8039

2019年 07月 25日 星期四 03:09:05 CST
             total       used       free     shared    buffers     cached
Mem:         15945      15794        150          0         90      10185
-/+ buffers/cache:       5519      10426
Swap:         8039          0       8039

2019年 07月 25日 星期四 03:09:09 CST
             total       used       free     shared    buffers     cached
Mem:         15945      15430        514          0         90      10165
-/+ buffers/cache:       5175      10770
Swap:         8039          0       8039

2019年 07月 25日 星期四 03:09:13 CST
             total       used       free     shared    buffers     cached
Mem:         15945      15735        210          0         90      10165
-/+ buffers/cache:       5479      10465
Swap:         8039          0       8039

2019年 07月 25日 星期四 03:09:17 CST
             total       used       free     shared    buffers     cached
Mem:         15945      15779        166          0         90       9733
-/+ buffers/cache:       5955       9989
Swap:         8039          0       8039

2019年 07月 25日 星期四 03:09:21 CST
             total       used       free     shared    buffers     cached
Mem:         15945      15785        160          0         90       9662
-/+ buffers/cache:       6032       9912
Swap:         8039          0       8039

2019年 07月 25日 星期四 03:09:25 CST
             total       used       free     shared    buffers     cached
Mem:         15945      15788        156          0         90       9642
-/+ buffers/cache:       6056       9889
Swap:         8039          0       8039

2019年 07月 25日 星期四 03:09:29 CST
             total       used       free     shared    buffers     cached
Mem:         15945      15777        168          0         90       9572
-/+ buffers/cache:       6114       9830
Swap:         8039          0       8039

2019年 07月 25日 星期四 03:09:33 CST
             total       used       free     shared    buffers     cached
Mem:         15945      15736        209          0         90       9477
-/+ buffers/cache:       6168       9776
Swap:         8039          0       8039

2019年 07月 25日 星期四 03:09:37 CST
             total       used       free     shared    buffers     cached
Mem:         15945      15408        536          0         90       9070
-/+ buffers/cache:       6248       9697
Swap:         8039          0       8039

2019年 07月 25日 星期四 03:09:41 CST
             total       used       free     shared    buffers     cached
Mem:         15945      15452        492          0         90       9086
-/+ buffers/cache:       6275       9669
Swap:         8039          0       8039

2019年 07月 25日 星期四 03:09:45 CST
             total       used       free     shared    buffers     cached
Mem:         15945      15517        428          0         90       9086
-/+ buffers/cache:       6340       9605
Swap:         8039          0       8039

2019年 07月 25日 星期四 03:09:49 CST
             total       used       free     shared    buffers     cached
Mem:         15945      14962        983          0         90       9107
-/+ buffers/cache:       5764      10180
Swap:         8039          0       8039

2019年 07月 25日 星期四 03:09:53 CST
             total       used       free     shared    buffers     cached
Mem:         15945      13424       2520          0         90       9328
-/+ buffers/cache:       4006      11939
Swap:         8039          0       8039

2019年 07月 25日 星期四 03:09:58 CST
             total       used       free     shared    buffers     cached
Mem:         15945      13839       2105          0         90       9197
-/+ buffers/cache:       4552      11393
Swap:         8039          0       8039

2019年 07月 25日 星期四 03:10:02 CST
             total       used       free     shared    buffers     cached
Mem:         15945      14890       1055          0         90       9200
-/+ buffers/cache:       5599      10345
Swap:         8039          0       8039

2019年 07月 25日 星期四 03:10:06 CST
             total       used       free     shared    buffers     cached
Mem:         15945      13613       2332          0         90       9694
-/+ buffers/cache:       3829      12116
Swap:         8039          0       8039

2019年 07月 25日 星期四 03:10:11 CST
             total       used       free     shared    buffers     cached
Mem:         15945      14160       1785          0         90       9696
-/+ buffers/cache:       4373      11571
Swap:         8039          0       8039

2019年 07月 25日 星期四 03:10:15 CST
             total       used       free     shared    buffers     cached
Mem:         15945      14787       1158          0         90       9697
-/+ buffers/cache:       5000      10945
Swap:         8039          0       8039

2019年 07月 25日 星期四 03:10:19 CST
             total       used       free     shared    buffers     cached
Mem:         15945      14690       1254          0         90       9823
-/+ buffers/cache:       4776      11168
Swap:         8039          0       8039

2019年 07月 25日 星期四 03:10:23 CST
             total       used       free     shared    buffers     cached
Mem:         15945      14778       1167          0         90       9678
-/+ buffers/cache:       5009      10936
Swap:         8039          0       8039

2019年 07月 25日 星期四 03:10:27 CST
             total       used       free     shared    buffers     cached
Mem:         15945      14765       1180          0         90       9679
-/+ buffers/cache:       4995      10950
Swap:         8039          0       8039

2019年 07月 25日 星期四 03:10:31 CST
             total       used       free     shared    buffers     cached
Mem:         15945      15137        807          0         90       9684
-/+ buffers/cache:       5363      10582
Swap:         8039          0       8039

2019年 07月 25日 星期四 03:10:35 CST
             total       used       free     shared    buffers     cached
Mem:         15945      15030        914          0         90       9684
-/+ buffers/cache:       5255      10689
Swap:         8039          0       8039

2019年 07月 25日 星期四 03:10:39 CST
             total       used       free     shared    buffers     cached
Mem:         15945      15259        686          0         90       9673
-/+ buffers/cache:       5494      10450
Swap:         8039          0       8039

2019年 07月 25日 星期四 03:10:43 CST
             total       used       free     shared    buffers     cached
Mem:         15945      15734        211          0         90       9704
-/+ buffers/cache:       5939      10005
Swap:         8039          0       8039

2019年 07月 25日 星期四 03:10:47 CST
             total       used       free     shared    buffers     cached
Mem:         15945      15782        162          0         90       9499
-/+ buffers/cache:       6192       9752
Swap:         8039          0       8039

2019年 07月 25日 星期四 03:10:51 CST
             total       used       free     shared    buffers     cached
Mem:         15945      15765        180          0         90       9415
-/+ buffers/cache:       6259       9686
Swap:         8039          0       8039

2019年 07月 25日 星期四 03:10:55 CST
             total       used       free     shared    buffers     cached
Mem:         15945      15785        160          0         90       9077
-/+ buffers/cache:       6617       9327
Swap:         8039          0       8039

2019年 07月 25日 星期四 03:10:59 CST
             total       used       free     shared    buffers     cached
Mem:         15945      15795        149          0         90       8949
-/+ buffers/cache:       6755       9189
Swap:         8039          0       8039

2019年 07月 25日 星期四 03:11:03 CST
             total       used       free     shared    buffers     cached
Mem:         15945      15270        675          0         90       8944
-/+ buffers/cache:       6235       9710
Swap:         8039          0       8039

2019年 07月 25日 星期四 03:11:07 CST
             total       used       free     shared    buffers     cached
Mem:         15945      15370        574          0         90       8995
-/+ buffers/cache:       6285       9660
Swap:         8039          0       8039

2019年 07月 25日 星期四 03:11:11 CST
             total       used       free     shared    buffers     cached
Mem:         15945      14521       1424          0         90       9215
-/+ buffers/cache:       5215      10730
Swap:         8039          0       8039

2019年 07月 25日 星期四 03:11:15 CST
             total       used       free     shared    buffers     cached
Mem:         15945      12115       3829          0         90       9050
-/+ buffers/cache:       2975      12970
Swap:         8039          0       8039

2019年 07月 25日 星期四 03:11:19 CST
             total       used       free     shared    buffers     cached
Mem:         15945      12871       3073          0         90       9240
-/+ buffers/cache:       3541      12404
Swap:         8039          0       8039

2019年 07月 25日 星期四 03:11:23 CST
             total       used       free     shared    buffers     cached
Mem:         15945      13760       2185          0         90       9412
-/+ buffers/cache:       4257      11688
Swap:         8039          0       8039

2019年 07月 25日 星期四 03:11:27 CST
             total       used       free     shared    buffers     cached
Mem:         15945      14806       1138          0         90       9628
-/+ buffers/cache:       5088      10857
Swap:         8039          0       8039

2019年 07月 25日 星期四 03:11:31 CST
             total       used       free     shared    buffers     cached
Mem:         15945      15638        307          0         90       9971
-/+ buffers/cache:       5575      10369
Swap:         8039          0       8039

2019年 07月 25日 星期四 03:11:35 CST
             total       used       free     shared    buffers     cached
Mem:         15945      15768        177          0         90       9412
-/+ buffers/cache:       6265       9680
Swap:         8039          0       8039

2019年 07月 25日 星期四 03:11:39 CST
             total       used       free     shared    buffers     cached
Mem:         15945      14087       1858          0         90       9263
-/+ buffers/cache:       4733      11212
Swap:         8039          0       8039

2019年 07月 25日 星期四 03:11:43 CST
             total       used       free     shared    buffers     cached
Mem:         15945      14788       1157          0         90       9683
-/+ buffers/cache:       5013      10931
Swap:         8039          0       8039

2019年 07月 25日 星期四 03:11:47 CST
             total       used       free     shared    buffers     cached
Mem:         15945      15072        873          0         90       9633
-/+ buffers/cache:       5348      10596
Swap:         8039          0       8039

2019年 07月 25日 星期四 03:11:52 CST
             total       used       free     shared    buffers     cached
Mem:         15945      15408        537          0         90       9671
-/+ buffers/cache:       5646      10299
Swap:         8039          0       8039

2019年 07月 25日 星期四 03:11:56 CST
             total       used       free     shared    buffers     cached
Mem:         15945      15716        229          0         90       9760
-/+ buffers/cache:       5865      10080
Swap:         8039          0       8039

2019年 07月 25日 星期四 03:12:00 CST
             total       used       free     shared    buffers     cached
Mem:         15945      15777        168          0         90       9592
-/+ buffers/cache:       6094       9851
Swap:         8039          0       8039

2019年 07月 25日 星期四 03:12:04 CST
             total       used       free     shared    buffers     cached
Mem:         15945      15779        166          0         90       9580
-/+ buffers/cache:       6108       9837
Swap:         8039          0       8039

2019年 07月 25日 星期四 03:12:08 CST
             total       used       free     shared    buffers     cached
Mem:         15945      15672        272          0         90       9409
-/+ buffers/cache:       6173       9772
Swap:         8039          0       8039

2019年 07月 25日 星期四 03:12:12 CST
             total       used       free     shared    buffers     cached
Mem:         15945      14702       1243          0         90       9071
-/+ buffers/cache:       5540      10405
Swap:         8039          0       8039

2019年 07月 25日 星期四 03:12:16 CST
             total       used       free     shared    buffers     cached
Mem:         15945      13536       2408          0         90       9122
-/+ buffers/cache:       4323      11622
Swap:         8039          0       8039

2019年 07月 25日 星期四 03:12:20 CST
             total       used       free     shared    buffers     cached
Mem:         15945      13372       2572          0         90       9021
-/+ buffers/cache:       4261      11684
Swap:         8039          0       8039

2019年 07月 25日 星期四 03:12:24 CST
             total       used       free     shared    buffers     cached
Mem:         15945      13891       2053          0         90       8912
-/+ buffers/cache:       4888      11056
Swap:         8039          0       8039

2019年 07月 25日 星期四 03:12:28 CST
             total       used       free     shared    buffers     cached
Mem:         15945      13166       2778          0         90       9067
-/+ buffers/cache:       4008      11936
Swap:         8039          0       8039

2019年 07月 25日 星期四 03:12:32 CST
             total       used       free     shared    buffers     cached
Mem:         15945      14099       1846          0         90       9218
-/+ buffers/cache:       4790      11155
Swap:         8039          0       8039

2019年 07月 25日 星期四 03:12:36 CST
             total       used       free     shared    buffers     cached
Mem:         15945      14505       1439          0         90       9218
-/+ buffers/cache:       5196      10749
Swap:         8039          0       8039

2019年 07月 25日 星期四 03:12:40 CST
             total       used       free     shared    buffers     cached
Mem:         15945      13480       2465          0         90       9032
-/+ buffers/cache:       4357      11588
Swap:         8039          0       8039

2019年 07月 25日 星期四 03:12:44 CST
             total       used       free     shared    buffers     cached
Mem:         15945      13885       2060          0         90       9033
-/+ buffers/cache:       4761      11184
Swap:         8039          0       8039

2019年 07月 25日 星期四 03:12:48 CST
             total       used       free     shared    buffers     cached
Mem:         15945      14418       1526          0         90       9033
-/+ buffers/cache:       5294      10651
Swap:         8039          0       8039

2019年 07月 25日 星期四 03:12:52 CST
             total       used       free     shared    buffers     cached
Mem:         15945      14801       1144          0         90       9036
-/+ buffers/cache:       5674      10271
Swap:         8039          0       8039

2019年 07月 25日 星期四 03:12:56 CST
             total       used       free     shared    buffers     cached
Mem:         15945      15132        813          0         90       9072
-/+ buffers/cache:       5968       9976
Swap:         8039          0       8039

2019年 07月 25日 星期四 03:13:00 CST
             total       used       free     shared    buffers     cached
Mem:         15945      15304        641          0         90       9144
-/+ buffers/cache:       6068       9876
Swap:         8039          0       8039

2019年 07月 25日 星期四 03:13:04 CST
             total       used       free     shared    buffers     cached
Mem:         15945      15409        536          0         90       9195
-/+ buffers/cache:       6123       9822
Swap:         8039          0       8039

2019年 07月 25日 星期四 03:13:08 CST
             total       used       free     shared    buffers     cached
Mem:         15945      14986        959          0         90       9272
-/+ buffers/cache:       5622      10322
Swap:         8039          0       8039

2019年 07月 25日 星期四 03:13:12 CST
             total       used       free     shared    buffers     cached
Mem:         15945      15414        531          0         90       9527
-/+ buffers/cache:       5796      10149
Swap:         8039          0       8039

2019年 07月 25日 星期四 03:13:16 CST
             total       used       free     shared    buffers     cached
Mem:         15945      15218        727          0         90       9409
-/+ buffers/cache:       5717      10227
Swap:         8039          0       8039

2019年 07月 25日 星期四 03:13:20 CST
             total       used       free     shared    buffers     cached
Mem:         15945      15786        159          0         90       9385
-/+ buffers/cache:       6310       9635
Swap:         8039          0       8039

2019年 07月 25日 星期四 03:13:24 CST
             total       used       free     shared    buffers     cached
Mem:         15945      15769        176          0         90       8998
-/+ buffers/cache:       6680       9265
Swap:         8039          0       8039

2019年 07月 25日 星期四 03:13:28 CST
             total       used       free     shared    buffers     cached
Mem:         15945      14277       1668          0         90       8955
-/+ buffers/cache:       5230      10714
Swap:         8039          0       8039

2019年 07月 25日 星期四 03:13:32 CST
             total       used       free     shared    buffers     cached
Mem:         15945      14555       1389          0         90       8884
-/+ buffers/cache:       5580      10365
Swap:         8039          0       8039

2019年 07月 25日 星期四 03:13:36 CST
             total       used       free     shared    buffers     cached
Mem:         15945      15304        641          0         90       8998
-/+ buffers/cache:       6214       9730
Swap:         8039          0       8039

2019年 07月 25日 星期四 03:13:40 CST
             total       used       free     shared    buffers     cached
Mem:         15945      13858       2086          0         90       9198
-/+ buffers/cache:       4568      11376
Swap:         8039          0       8039

2019年 07月 25日 星期四 03:13:44 CST
             total       used       free     shared    buffers     cached
Mem:         15945      14374       1571          0         90       9171
-/+ buffers/cache:       5112      10833
Swap:         8039          0       8039

2019年 07月 25日 星期四 03:13:48 CST
             total       used       free     shared    buffers     cached
Mem:         15945      14964        980          0         90       9178
-/+ buffers/cache:       5695      10249
Swap:         8039          0       8039

2019年 07月 25日 星期四 03:13:52 CST
             total       used       free     shared    buffers     cached
Mem:         15945      14396       1549          0         90       9224
-/+ buffers/cache:       5080      10865
Swap:         8039          0       8039

2019年 07月 25日 星期四 03:13:56 CST
             total       used       free     shared    buffers     cached
Mem:         15945      14587       1357          0         90       9053
-/+ buffers/cache:       5443      10502
Swap:         8039          0       8039

2019年 07月 25日 星期四 03:14:00 CST
             total       used       free     shared    buffers     cached
Mem:         15945      14881       1064          0         90       9068
-/+ buffers/cache:       5721      10224
Swap:         8039          0       8039

2019年 07月 25日 星期四 03:14:04 CST
             total       used       free     shared    buffers     cached
Mem:         15945      15009        936          0         90       9051
-/+ buffers/cache:       5866      10078
Swap:         8039          0       8039

2019年 07月 25日 星期四 03:14:08 CST
             total       used       free     shared    buffers     cached
Mem:         15945      14487       1458          0         90       9073
-/+ buffers/cache:       5323      10622
Swap:         8039          0       8039

2019年 07月 25日 星期四 03:14:12 CST
             total       used       free     shared    buffers     cached
Mem:         15945      13266       2679          0         90       9066
-/+ buffers/cache:       4108      11837
Swap:         8039          0       8039

2019年 07月 25日 星期四 03:14:16 CST
             total       used       free     shared    buffers     cached
Mem:         15945      13723       2221          0         90       9067
-/+ buffers/cache:       4565      11380
Swap:         8039          0       8039

2019年 07月 25日 星期四 03:14:20 CST
             total       used       free     shared    buffers     cached
Mem:         15945      14681       1264          0         91       9070
-/+ buffers/cache:       5519      10425
Swap:         8039          0       8039

2019年 07月 25日 星期四 03:14:24 CST
             total       used       free     shared    buffers     cached
Mem:         15945      14375       1570          0         91       9071
-/+ buffers/cache:       5212      10732
Swap:         8039          0       8039

2019年 07月 25日 星期四 03:14:28 CST
             total       used       free     shared    buffers     cached
Mem:         15945      13528       2417          0         91       9215
-/+ buffers/cache:       4221      11724
Swap:         8039          0       8039

2019年 07月 25日 星期四 03:14:32 CST
             total       used       free     shared    buffers     cached
Mem:         15945      14049       1895          0         91       9219
-/+ buffers/cache:       4739      11206
Swap:         8039          0       8039

2019年 07月 25日 星期四 03:14:37 CST
             total       used       free     shared    buffers     cached
Mem:         15945      14745       1200          0         91       9223
-/+ buffers/cache:       5430      10514
Swap:         8039          0       8039

2019年 07月 25日 星期四 03:14:41 CST
             total       used       free     shared    buffers     cached
Mem:         15945      15108        837          0         91       9245
-/+ buffers/cache:       5771      10174
Swap:         8039          0       8039

2019年 07月 25日 星期四 03:14:45 CST
             total       used       free     shared    buffers     cached
Mem:         15945      15342        603          0         91       9300
-/+ buffers/cache:       5950       9994
Swap:         8039          0       8039

2019年 07月 25日 星期四 03:14:49 CST
             total       used       free     shared    buffers     cached
Mem:         15945      15444        501          0         91       9311
-/+ buffers/cache:       6041       9904
Swap:         8039          0       8039

2019年 07月 25日 星期四 03:14:53 CST
             total       used       free     shared    buffers     cached
Mem:         15945      15517        427          0         91       9324
-/+ buffers/cache:       6101       9843
Swap:         8039          0       8039

2019年 07月 25日 星期四 03:14:57 CST
             total       used       free     shared    buffers     cached
Mem:         15945      15612        333          0         91       9348
-/+ buffers/cache:       6172       9773
Swap:         8039          0       8039

2019年 07月 25日 星期四 03:15:01 CST
             total       used       free     shared    buffers     cached
Mem:         15945      15773        171          0         91       9367
-/+ buffers/cache:       6314       9631
Swap:         8039          0       8039

2019年 07月 25日 星期四 03:15:05 CST
             total       used       free     shared    buffers     cached
Mem:         15945      15363        582          0         91       9563
-/+ buffers/cache:       5708      10237
Swap:         8039          0       8039

2019年 07月 25日 星期四 03:15:09 CST
             total       used       free     shared    buffers     cached
Mem:         15945      15383        562          0         91       9396
-/+ buffers/cache:       5895      10049
Swap:         8039          0       8039

2019年 07月 25日 星期四 03:15:13 CST
             total       used       free     shared    buffers     cached
Mem:         15945      13435       2510          0         91       9390
-/+ buffers/cache:       3952      11992
Swap:         8039          0       8039

2019年 07月 25日 星期四 03:15:17 CST
             total       used       free     shared    buffers     cached
Mem:         15945      13252       2693          0         91       9207
-/+ buffers/cache:       3953      11992
Swap:         8039          0       8039

2019年 07月 25日 星期四 03:15:21 CST
             total       used       free     shared    buffers     cached
Mem:         15945      13108       2836          0         91       9187
-/+ buffers/cache:       3829      12115
Swap:         8039          0       8039

2019年 07月 25日 星期四 03:15:25 CST
             total       used       free     shared    buffers     cached
Mem:         15945      12996       2949          0         91       9226
-/+ buffers/cache:       3678      12267
Swap:         8039          0       8039

2019年 07月 25日 星期四 03:15:29 CST
             total       used       free     shared    buffers     cached
Mem:         15945      13845       2099          0         91       9227
-/+ buffers/cache:       4526      11418
Swap:         8039          0       8039

2019年 07月 25日 星期四 03:15:33 CST
             total       used       free     shared    buffers     cached
Mem:         15945      13346       2599          0         91       9244
-/+ buffers/cache:       4009      11935
Swap:         8039          0       8039

2019年 07月 25日 星期四 03:15:37 CST
             total       used       free     shared    buffers     cached
Mem:         15945      14028       1916          0         91       9247
-/+ buffers/cache:       4690      11255
Swap:         8039          0       8039

2019年 07月 25日 星期四 03:15:41 CST
             total       used       free     shared    buffers     cached
Mem:         15945      13280       2665          0         91       9060
-/+ buffers/cache:       4128      11817
Swap:         8039          0       8039

2019年 07月 25日 星期四 03:15:45 CST
             total       used       free     shared    buffers     cached
Mem:         15945      13661       2284          0         91       9061
-/+ buffers/cache:       4508      11437
Swap:         8039          0       8039

2019年 07月 25日 星期四 03:15:49 CST
             total       used       free     shared    buffers     cached
Mem:         15945      13956       1989          0         91       9077
-/+ buffers/cache:       4787      11158
Swap:         8039          0       8039

2019年 07月 25日 星期四 03:15:53 CST
             total       used       free     shared    buffers     cached
Mem:         15945      14504       1440          0         91       9113
-/+ buffers/cache:       5299      10645
Swap:         8039          0       8039

2019年 07月 25日 星期四 03:15:57 CST
             total       used       free     shared    buffers     cached
Mem:         15945      14551       1393          0         91       8930
-/+ buffers/cache:       5529      10415
Swap:         8039          0       8039

2019年 07月 25日 星期四 03:16:01 CST
             total       used       free     shared    buffers     cached
Mem:         15945      14942       1002          0         91       8938
-/+ buffers/cache:       5912      10033
Swap:         8039          0       8039

2019年 07月 25日 星期四 03:16:05 CST
             total       used       free     shared    buffers     cached
Mem:         15945      14168       1776          0         91       8995
-/+ buffers/cache:       5081      10864
Swap:         8039          0       8039

2019年 07月 25日 星期四 03:16:09 CST
             total       used       free     shared    buffers     cached
Mem:         15945      13483       2461          0         91       8941
-/+ buffers/cache:       4450      11495
Swap:         8039          0       8039

2019年 07月 25日 星期四 03:16:13 CST
             total       used       free     shared    buffers     cached
Mem:         15945      13722       2222          0         91       8977
-/+ buffers/cache:       4653      11292
Swap:         8039          0       8039

2019年 07月 25日 星期四 03:16:17 CST
             total       used       free     shared    buffers     cached
Mem:         15945      12559       3386          0         91       8926
-/+ buffers/cache:       3541      12404
Swap:         8039          0       8039

2019年 07月 25日 星期四 03:16:21 CST
             total       used       free     shared    buffers     cached
Mem:         15945      12894       3051          0         91       8743
-/+ buffers/cache:       4058      11886
Swap:         8039          0       8039

2019年 07月 25日 星期四 03:16:25 CST
             total       used       free     shared    buffers     cached
Mem:         15945      13169       2776          0         91       8743
-/+ buffers/cache:       4333      11611
Swap:         8039          0       8039

2019年 07月 25日 星期四 03:16:29 CST
             total       used       free     shared    buffers     cached
Mem:         15945      13689       2255          0         91       8744
-/+ buffers/cache:       4853      11091
Swap:         8039          0       8039

2019年 07月 25日 星期四 03:16:34 CST
             total       used       free     shared    buffers     cached
Mem:         15945      13980       1965          0         91       8747
-/+ buffers/cache:       5141      10804
Swap:         8039          0       8039

2019年 07月 25日 星期四 03:16:38 CST
             total       used       free     shared    buffers     cached
Mem:         15945      14388       1557          0         91       8747
-/+ buffers/cache:       5548      10397
Swap:         8039          0       8039

2019年 07月 25日 星期四 03:16:42 CST
             total       used       free     shared    buffers     cached
Mem:         15945      13860       2084          0         91       8746
-/+ buffers/cache:       5022      10923
Swap:         8039          0       8039

2019年 07月 25日 星期四 03:16:46 CST
             total       used       free     shared    buffers     cached
Mem:         15945      13911       2034          0         91       8736
-/+ buffers/cache:       5083      10862
Swap:         8039          0       8039

2019年 07月 25日 星期四 03:16:50 CST
             total       used       free     shared    buffers     cached
Mem:         15945      13968       1976          0         91       8736
-/+ buffers/cache:       5140      10805
Swap:         8039          0       8039

2019年 07月 25日 星期四 03:16:54 CST
             total       used       free     shared    buffers     cached
Mem:         15945      14011       1934          0         91       8742
-/+ buffers/cache:       5177      10768
Swap:         8039          0       8039

2019年 07月 25日 星期四 03:16:58 CST
             total       used       free     shared    buffers     cached
Mem:         15945      12776       3168          0         91       8742
-/+ buffers/cache:       3943      12002
Swap:         8039          0       8039

2019年 07月 25日 星期四 03:17:02 CST
             total       used       free     shared    buffers     cached
Mem:         15945      12802       3143          0         91       8730
-/+ buffers/cache:       3979      11965
Swap:         8039          0       8039

2019年 07月 25日 星期四 03:17:06 CST
             total       used       free     shared    buffers     cached
Mem:         15945      12840       3105          0         91       8730
-/+ buffers/cache:       4017      11927
Swap:         8039          0       8039

2019年 07月 25日 星期四 03:17:10 CST
             total       used       free     shared    buffers     cached
Mem:         15945      12908       3036          0         91       8738
-/+ buffers/cache:       4078      11867
Swap:         8039          0       8039

2019年 07月 25日 星期四 03:17:14 CST
             total       used       free     shared    buffers     cached
Mem:         15945      13055       2890          0         91       8773
-/+ buffers/cache:       4189      11755
Swap:         8039          0       8039

2019年 07月 25日 星期四 03:17:18 CST
             total       used       free     shared    buffers     cached
Mem:         15945      10849       5096          0         91       8750
-/+ buffers/cache:       2006      13938
Swap:         8039          0       8039

