
Linux 2.6.32-431.el6.x86_64 (slave1) 	2019年07月24日 	_x86_64_	(8 CPU)

23时43分12秒  CPU    %usr   %nice    %sys %iowait    %irq   %soft  %steal  %guest   %idle
23时43分13秒  all    0.00    0.00    0.00    0.00    0.00    0.00    0.00    0.00  100.00
平均时间:  all    0.00    0.00    0.00    0.00    0.00    0.00    0.00    0.00  100.00

Linux 2.6.32-431.el6.x86_64 (slave1) 	2019年07月24日 	_x86_64_	(8 CPU)

23时43分16秒  CPU    %usr   %nice    %sys %iowait    %irq   %soft  %steal  %guest   %idle
23时43分17秒  all    0.00    0.00    0.00    0.00    0.00    0.00    0.00    0.00  100.00
平均时间:  all    0.00    0.00    0.00    0.00    0.00    0.00    0.00    0.00  100.00

Linux 2.6.32-431.el6.x86_64 (slave1) 	2019年07月24日 	_x86_64_	(8 CPU)

23时43分20秒  CPU    %usr   %nice    %sys %iowait    %irq   %soft  %steal  %guest   %idle
23时43分21秒  all    0.00    0.00    0.00    0.00    0.00    0.00    0.00    0.00  100.00
平均时间:  all    0.00    0.00    0.00    0.00    0.00    0.00    0.00    0.00  100.00

Linux 2.6.32-431.el6.x86_64 (slave1) 	2019年07月24日 	_x86_64_	(8 CPU)

23时43分24秒  CPU    %usr   %nice    %sys %iowait    %irq   %soft  %steal  %guest   %idle
23时43分25秒  all    0.00    0.00    0.00    0.00    0.00    0.00    0.00    0.00  100.00
平均时间:  all    0.00    0.00    0.00    0.00    0.00    0.00    0.00    0.00  100.00

Linux 2.6.32-431.el6.x86_64 (slave1) 	2019年07月24日 	_x86_64_	(8 CPU)

23时43分28秒  CPU    %usr   %nice    %sys %iowait    %irq   %soft  %steal  %guest   %idle
23时43分29秒  all    2.26    0.00    0.88    0.00    0.00    0.00    0.00    0.00   96.86
平均时间:  all    2.26    0.00    0.88    0.00    0.00    0.00    0.00    0.00   96.86

Linux 2.6.32-431.el6.x86_64 (slave1) 	2019年07月24日 	_x86_64_	(8 CPU)

23时43分32秒  CPU    %usr   %nice    %sys %iowait    %irq   %soft  %steal  %guest   %idle
23时43分33秒  all    0.25    0.00    0.89    0.00    0.13    0.38    0.00    0.00   98.35
平均时间:  all    0.25    0.00    0.89    0.00    0.13    0.38    0.00    0.00   98.35

Linux 2.6.32-431.el6.x86_64 (slave1) 	2019年07月24日 	_x86_64_	(8 CPU)

23时43分36秒  CPU    %usr   %nice    %sys %iowait    %irq   %soft  %steal  %guest   %idle
23时43分37秒  all    0.94    0.00    7.64    0.00    0.67   21.18    0.00    0.00   69.57
平均时间:  all    0.94    0.00    7.64    0.00    0.67   21.18    0.00    0.00   69.57

Linux 2.6.32-431.el6.x86_64 (slave1) 	2019年07月24日 	_x86_64_	(8 CPU)

23时43分40秒  CPU    %usr   %nice    %sys %iowait    %irq   %soft  %steal  %guest   %idle
23时43分41秒  all    1.60    0.00    8.69    0.00    0.80   19.79    0.00    0.00   69.12
平均时间:  all    1.60    0.00    8.69    0.00    0.80   19.79    0.00    0.00   69.12

Linux 2.6.32-431.el6.x86_64 (slave1) 	2019年07月24日 	_x86_64_	(8 CPU)

23时43分44秒  CPU    %usr   %nice    %sys %iowait    %irq   %soft  %steal  %guest   %idle
23时43分45秒  all   31.39    0.00   12.98    0.00    0.26   18.68    0.00    0.00   36.69
平均时间:  all   31.39    0.00   12.98    0.00    0.26   18.68    0.00    0.00   36.69

Linux 2.6.32-431.el6.x86_64 (slave1) 	2019年07月24日 	_x86_64_	(8 CPU)

23时43分48秒  CPU    %usr   %nice    %sys %iowait    %irq   %soft  %steal  %guest   %idle
23时43分49秒  all   31.37    0.00   13.59    0.00    0.39   19.22    0.00    0.00   35.42
平均时间:  all   31.37    0.00   13.59    0.00    0.39   19.22    0.00    0.00   35.42

Linux 2.6.32-431.el6.x86_64 (slave1) 	2019年07月24日 	_x86_64_	(8 CPU)

23时43分52秒  CPU    %usr   %nice    %sys %iowait    %irq   %soft  %steal  %guest   %idle
23时43分53秒  all   38.61    0.00   13.74    0.00    0.39   17.80    0.00    0.00   29.45
平均时间:  all   38.61    0.00   13.74    0.00    0.39   17.80    0.00    0.00   29.45

Linux 2.6.32-431.el6.x86_64 (slave1) 	2019年07月24日 	_x86_64_	(8 CPU)

23时43分56秒  CPU    %usr   %nice    %sys %iowait    %irq   %soft  %steal  %guest   %idle
23时43分57秒  all    2.64    0.00    8.58    0.00    0.40   19.00    0.00    0.00   69.39
平均时间:  all    2.64    0.00    8.58    0.00    0.40   19.00    0.00    0.00   69.39

Linux 2.6.32-431.el6.x86_64 (slave1) 	2019年07月24日 	_x86_64_	(8 CPU)

23时44分00秒  CPU    %usr   %nice    %sys %iowait    %irq   %soft  %steal  %guest   %idle
23时44分01秒  all   12.73    0.00   28.02    0.00    0.27   15.28    0.00    0.00   43.70
平均时间:  all   12.73    0.00   28.02    0.00    0.27   15.28    0.00    0.00   43.70

Linux 2.6.32-431.el6.x86_64 (slave1) 	2019年07月24日 	_x86_64_	(8 CPU)

23时44分04秒  CPU    %usr   %nice    %sys %iowait    %irq   %soft  %steal  %guest   %idle
23时44分05秒  all   69.34    0.00   24.28    0.00    0.13    4.88    0.00    0.00    1.38
平均时间:  all   69.34    0.00   24.28    0.00    0.13    4.88    0.00    0.00    1.38

Linux 2.6.32-431.el6.x86_64 (slave1) 	2019年07月24日 	_x86_64_	(8 CPU)

23时44分08秒  CPU    %usr   %nice    %sys %iowait    %irq   %soft  %steal  %guest   %idle
23时44分09秒  all   86.98    0.00   12.14    0.00    0.00    0.88    0.00    0.00    0.00
平均时间:  all   86.98    0.00   12.14    0.00    0.00    0.88    0.00    0.00    0.00

Linux 2.6.32-431.el6.x86_64 (slave1) 	2019年07月24日 	_x86_64_	(8 CPU)

23时44分13秒  CPU    %usr   %nice    %sys %iowait    %irq   %soft  %steal  %guest   %idle
23时44分14秒  all   92.24    0.00    6.76    0.00    0.13    0.00    0.00    0.00    0.88
平均时间:  all   92.24    0.00    6.76    0.00    0.13    0.00    0.00    0.00    0.88

Linux 2.6.32-431.el6.x86_64 (slave1) 	2019年07月24日 	_x86_64_	(8 CPU)

23时44分17秒  CPU    %usr   %nice    %sys %iowait    %irq   %soft  %steal  %guest   %idle
23时44分18秒  all   94.12    0.00    5.88    0.00    0.00    0.00    0.00    0.00    0.00
平均时间:  all   94.12    0.00    5.88    0.00    0.00    0.00    0.00    0.00    0.00

Linux 2.6.32-431.el6.x86_64 (slave1) 	2019年07月24日 	_x86_64_	(8 CPU)

23时44分21秒  CPU    %usr   %nice    %sys %iowait    %irq   %soft  %steal  %guest   %idle
23时44分22秒  all   92.62    0.00    5.76    0.00    0.00    0.00    0.00    0.00    1.63
平均时间:  all   92.62    0.00    5.76    0.00    0.00    0.00    0.00    0.00    1.63

Linux 2.6.32-431.el6.x86_64 (slave1) 	2019年07月24日 	_x86_64_	(8 CPU)

23时44分25秒  CPU    %usr   %nice    %sys %iowait    %irq   %soft  %steal  %guest   %idle
23时44分26秒  all   15.01    0.00    3.69    0.00    0.00    0.13    0.00    0.00   81.17
平均时间:  all   15.01    0.00    3.69    0.00    0.00    0.13    0.00    0.00   81.17

Linux 2.6.32-431.el6.x86_64 (slave1) 	2019年07月24日 	_x86_64_	(8 CPU)

23时44分29秒  CPU    %usr   %nice    %sys %iowait    %irq   %soft  %steal  %guest   %idle
23时44分30秒  all   37.08    0.00    5.12    0.00    0.00    0.00    0.00    0.00   57.80
平均时间:  all   37.08    0.00    5.12    0.00    0.00    0.00    0.00    0.00   57.80

Linux 2.6.32-431.el6.x86_64 (slave1) 	2019年07月24日 	_x86_64_	(8 CPU)

23时44分33秒  CPU    %usr   %nice    %sys %iowait    %irq   %soft  %steal  %guest   %idle
23时44分34秒  all   34.36    0.00    5.79    0.00    0.00    0.13    0.00    0.00   59.72
平均时间:  all   34.36    0.00    5.79    0.00    0.00    0.13    0.00    0.00   59.72

Linux 2.6.32-431.el6.x86_64 (slave1) 	2019年07月24日 	_x86_64_	(8 CPU)

23时44分37秒  CPU    %usr   %nice    %sys %iowait    %irq   %soft  %steal  %guest   %idle
23时44分38秒  all    7.66    0.00    3.32    0.00    0.00    0.00    0.00    0.00   89.02
平均时间:  all    7.66    0.00    3.32    0.00    0.00    0.00    0.00    0.00   89.02

Linux 2.6.32-431.el6.x86_64 (slave1) 	2019年07月24日 	_x86_64_	(8 CPU)

23时44分41秒  CPU    %usr   %nice    %sys %iowait    %irq   %soft  %steal  %guest   %idle
23时44分42秒  all   51.85    0.00    5.36    0.00    0.00    0.00    0.00    0.00   42.78
平均时间:  all   51.85    0.00    5.36    0.00    0.00    0.00    0.00    0.00   42.78

Linux 2.6.32-431.el6.x86_64 (slave1) 	2019年07月24日 	_x86_64_	(8 CPU)

23时44分45秒  CPU    %usr   %nice    %sys %iowait    %irq   %soft  %steal  %guest   %idle
23时44分46秒  all   47.44    0.00    4.49    0.00    0.00    0.00    0.00    0.00   48.08
平均时间:  all   47.44    0.00    4.49    0.00    0.00    0.00    0.00    0.00   48.08

Linux 2.6.32-431.el6.x86_64 (slave1) 	2019年07月24日 	_x86_64_	(8 CPU)

23时44分49秒  CPU    %usr   %nice    %sys %iowait    %irq   %soft  %steal  %guest   %idle
23时44分50秒  all   64.75    0.00   10.73    0.00    0.00    1.53    0.00    0.00   22.99
平均时间:  all   64.75    0.00   10.73    0.00    0.00    1.53    0.00    0.00   22.99

Linux 2.6.32-431.el6.x86_64 (slave1) 	2019年07月24日 	_x86_64_	(8 CPU)

23时44分53秒  CPU    %usr   %nice    %sys %iowait    %irq   %soft  %steal  %guest   %idle
23时44分54秒  all   76.29    0.00   11.35    0.00    0.00    0.25    0.00    0.00   12.11
平均时间:  all   76.29    0.00   11.35    0.00    0.00    0.25    0.00    0.00   12.11

Linux 2.6.32-431.el6.x86_64 (slave1) 	2019年07月24日 	_x86_64_	(8 CPU)

23时44分57秒  CPU    %usr   %nice    %sys %iowait    %irq   %soft  %steal  %guest   %idle
23时44分58秒  all   67.80    0.00    6.19    0.00    0.00    0.38    0.00    0.00   25.63
平均时间:  all   67.80    0.00    6.19    0.00    0.00    0.38    0.00    0.00   25.63

Linux 2.6.32-431.el6.x86_64 (slave1) 	2019年07月24日 	_x86_64_	(8 CPU)

23时45分01秒  CPU    %usr   %nice    %sys %iowait    %irq   %soft  %steal  %guest   %idle
23时45分02秒  all   82.22    0.00    6.94    0.00    0.00    0.25    0.00    0.00   10.59
平均时间:  all   82.22    0.00    6.94    0.00    0.00    0.25    0.00    0.00   10.59

Linux 2.6.32-431.el6.x86_64 (slave1) 	2019年07月24日 	_x86_64_	(8 CPU)

23时45分05秒  CPU    %usr   %nice    %sys %iowait    %irq   %soft  %steal  %guest   %idle
23时45分06秒  all   83.77    0.00   12.48    0.00    0.12    3.00    0.00    0.00    0.62
平均时间:  all   83.77    0.00   12.48    0.00    0.12    3.00    0.00    0.00    0.62

Linux 2.6.32-431.el6.x86_64 (slave1) 	2019年07月24日 	_x86_64_	(8 CPU)

23时45分09秒  CPU    %usr   %nice    %sys %iowait    %irq   %soft  %steal  %guest   %idle
23时45分10秒  all   36.23    0.00   13.57    0.00    0.26   19.89    0.00    0.00   30.04
平均时间:  all   36.23    0.00   13.57    0.00    0.26   19.89    0.00    0.00   30.04

Linux 2.6.32-431.el6.x86_64 (slave1) 	2019年07月24日 	_x86_64_	(8 CPU)

23时45分13秒  CPU    %usr   %nice    %sys %iowait    %irq   %soft  %steal  %guest   %idle
23时45分14秒  all   43.83    0.00   16.93    0.00    0.52   18.77    0.00    0.00   19.95
平均时间:  all   43.83    0.00   16.93    0.00    0.52   18.77    0.00    0.00   19.95

Linux 2.6.32-431.el6.x86_64 (slave1) 	2019年07月24日 	_x86_64_	(8 CPU)

23时45分17秒  CPU    %usr   %nice    %sys %iowait    %irq   %soft  %steal  %guest   %idle
23时45分18秒  all   46.55    0.00   18.21    0.00    0.13   19.64    0.00    0.00   15.47
平均时间:  all   46.55    0.00   18.21    0.00    0.13   19.64    0.00    0.00   15.47

Linux 2.6.32-431.el6.x86_64 (slave1) 	2019年07月24日 	_x86_64_	(8 CPU)

23时45分21秒  CPU    %usr   %nice    %sys %iowait    %irq   %soft  %steal  %guest   %idle
23时45分22秒  all   48.64    0.00   20.05    0.00    0.52   17.85    0.00    0.00   12.94
平均时间:  all   48.64    0.00   20.05    0.00    0.52   17.85    0.00    0.00   12.94

Linux 2.6.32-431.el6.x86_64 (slave1) 	2019年07月24日 	_x86_64_	(8 CPU)

23时45分25秒  CPU    %usr   %nice    %sys %iowait    %irq   %soft  %steal  %guest   %idle
23时45分26秒  all   63.11    0.00   19.95    0.00    0.25   16.69    0.00    0.00    0.00
平均时间:  all   63.11    0.00   19.95    0.00    0.25   16.69    0.00    0.00    0.00

Linux 2.6.32-431.el6.x86_64 (slave1) 	2019年07月24日 	_x86_64_	(8 CPU)

23时45分29秒  CPU    %usr   %nice    %sys %iowait    %irq   %soft  %steal  %guest   %idle
23时45分30秒  all   61.98    0.00   18.88    0.00    0.25   15.08    0.00    0.00    3.80
平均时间:  all   61.98    0.00   18.88    0.00    0.25   15.08    0.00    0.00    3.80

Linux 2.6.32-431.el6.x86_64 (slave1) 	2019年07月24日 	_x86_64_	(8 CPU)

23时45分33秒  CPU    %usr   %nice    %sys %iowait    %irq   %soft  %steal  %guest   %idle
23时45分34秒  all   57.73    0.00   12.90    0.00    0.00    0.64    0.00    0.00   28.74
平均时间:  all   57.73    0.00   12.90    0.00    0.00    0.64    0.00    0.00   28.74

Linux 2.6.32-431.el6.x86_64 (slave1) 	2019年07月24日 	_x86_64_	(8 CPU)

23时45分37秒  CPU    %usr   %nice    %sys %iowait    %irq   %soft  %steal  %guest   %idle
23时45分38秒  all   77.42    0.00   17.44    0.00    0.13    2.38    0.00    0.00    2.63
平均时间:  all   77.42    0.00   17.44    0.00    0.13    2.38    0.00    0.00    2.63

Linux 2.6.32-431.el6.x86_64 (slave1) 	2019年07月24日 	_x86_64_	(8 CPU)

23时45分41秒  CPU    %usr   %nice    %sys %iowait    %irq   %soft  %steal  %guest   %idle
23时45分42秒  all   91.35    0.00    8.02    0.00    0.00    0.13    0.00    0.00    0.50
平均时间:  all   91.35    0.00    8.02    0.00    0.00    0.13    0.00    0.00    0.50

Linux 2.6.32-431.el6.x86_64 (slave1) 	2019年07月24日 	_x86_64_	(8 CPU)

23时45分45秒  CPU    %usr   %nice    %sys %iowait    %irq   %soft  %steal  %guest   %idle
23时45分46秒  all   87.39    0.00    7.69    0.00    0.00    0.38    0.00    0.00    4.54
平均时间:  all   87.39    0.00    7.69    0.00    0.00    0.38    0.00    0.00    4.54

Linux 2.6.32-431.el6.x86_64 (slave1) 	2019年07月24日 	_x86_64_	(8 CPU)

23时45分49秒  CPU    %usr   %nice    %sys %iowait    %irq   %soft  %steal  %guest   %idle
23时45分50秒  all   72.24    0.00    7.35    0.00    0.13    1.01    0.00    0.00   19.26
平均时间:  all   72.24    0.00    7.35    0.00    0.13    1.01    0.00    0.00   19.26

Linux 2.6.32-431.el6.x86_64 (slave1) 	2019年07月24日 	_x86_64_	(8 CPU)

23时45分53秒  CPU    %usr   %nice    %sys %iowait    %irq   %soft  %steal  %guest   %idle
23时45分54秒  all   77.06    0.00    6.84    0.00    0.00    0.89    0.00    0.00   15.21
平均时间:  all   77.06    0.00    6.84    0.00    0.00    0.89    0.00    0.00   15.21

Linux 2.6.32-431.el6.x86_64 (slave1) 	2019年07月24日 	_x86_64_	(8 CPU)

23时45分57秒  CPU    %usr   %nice    %sys %iowait    %irq   %soft  %steal  %guest   %idle
23时45分58秒  all   64.56    0.00    8.10    0.00    0.00    1.01    0.00    0.00   26.33
平均时间:  all   64.56    0.00    8.10    0.00    0.00    1.01    0.00    0.00   26.33

Linux 2.6.32-431.el6.x86_64 (slave1) 	2019年07月24日 	_x86_64_	(8 CPU)

23时46分01秒  CPU    %usr   %nice    %sys %iowait    %irq   %soft  %steal  %guest   %idle
23时46分02秒  all   95.38    0.00    3.75    0.00    0.12    0.25    0.00    0.00    0.50
平均时间:  all   95.38    0.00    3.75    0.00    0.12    0.25    0.00    0.00    0.50

Linux 2.6.32-431.el6.x86_64 (slave1) 	2019年07月24日 	_x86_64_	(8 CPU)

23时46分05秒  CPU    %usr   %nice    %sys %iowait    %irq   %soft  %steal  %guest   %idle
23时46分06秒  all   66.96    0.00    8.67    0.00    0.00    0.89    0.00    0.00   23.47
平均时间:  all   66.96    0.00    8.67    0.00    0.00    0.89    0.00    0.00   23.47

Linux 2.6.32-431.el6.x86_64 (slave1) 	2019年07月24日 	_x86_64_	(8 CPU)

23时46分09秒  CPU    %usr   %nice    %sys %iowait    %irq   %soft  %steal  %guest   %idle
23时46分10秒  all   88.24    0.00    8.76    0.00    0.00    0.13    0.00    0.00    2.88
平均时间:  all   88.24    0.00    8.76    0.00    0.00    0.13    0.00    0.00    2.88

Linux 2.6.32-431.el6.x86_64 (slave1) 	2019年07月24日 	_x86_64_	(8 CPU)

23时46分13秒  CPU    %usr   %nice    %sys %iowait    %irq   %soft  %steal  %guest   %idle
23时46分14秒  all   90.72    0.00    8.16    0.00    0.00    0.38    0.00    0.00    0.75
平均时间:  all   90.72    0.00    8.16    0.00    0.00    0.38    0.00    0.00    0.75

Linux 2.6.32-431.el6.x86_64 (slave1) 	2019年07月24日 	_x86_64_	(8 CPU)

23时46分17秒  CPU    %usr   %nice    %sys %iowait    %irq   %soft  %steal  %guest   %idle
23时46分18秒  all   84.85    0.00    8.68    0.00    0.14    0.28    0.00    0.00    6.06
平均时间:  all   84.85    0.00    8.68    0.00    0.14    0.28    0.00    0.00    6.06

Linux 2.6.32-431.el6.x86_64 (slave1) 	2019年07月24日 	_x86_64_	(8 CPU)

23时46分22秒  CPU    %usr   %nice    %sys %iowait    %irq   %soft  %steal  %guest   %idle
23时46分23秒  all   78.73    0.00    9.87    0.00    0.00    1.14    0.00    0.00   10.25
平均时间:  all   78.73    0.00    9.87    0.00    0.00    1.14    0.00    0.00   10.25

Linux 2.6.32-431.el6.x86_64 (slave1) 	2019年07月24日 	_x86_64_	(8 CPU)

23时46分26秒  CPU    %usr   %nice    %sys %iowait    %irq   %soft  %steal  %guest   %idle
23时46分27秒  all   70.19    0.00   11.59    0.00    0.00    0.38    0.00    0.00   17.83
平均时间:  all   70.19    0.00   11.59    0.00    0.00    0.38    0.00    0.00   17.83

Linux 2.6.32-431.el6.x86_64 (slave1) 	2019年07月24日 	_x86_64_	(8 CPU)

23时46分30秒  CPU    %usr   %nice    %sys %iowait    %irq   %soft  %steal  %guest   %idle
23时46分31秒  all   79.15    0.00   13.07    0.00    0.13    1.01    0.00    0.00    6.66
平均时间:  all   79.15    0.00   13.07    0.00    0.13    1.01    0.00    0.00    6.66

Linux 2.6.32-431.el6.x86_64 (slave1) 	2019年07月24日 	_x86_64_	(8 CPU)

23时46分34秒  CPU    %usr   %nice    %sys %iowait    %irq   %soft  %steal  %guest   %idle
23时46分35秒  all   67.79    0.00   23.88    0.00    0.12    2.86    0.00    0.00    5.35
平均时间:  all   67.79    0.00   23.88    0.00    0.12    2.86    0.00    0.00    5.35

Linux 2.6.32-431.el6.x86_64 (slave1) 	2019年07月24日 	_x86_64_	(8 CPU)

23时46分38秒  CPU    %usr   %nice    %sys %iowait    %irq   %soft  %steal  %guest   %idle
23时46分39秒  all   81.10    0.00   14.27    0.00    0.25    4.38    0.00    0.00    0.00
平均时间:  all   81.10    0.00   14.27    0.00    0.25    4.38    0.00    0.00    0.00

Linux 2.6.32-431.el6.x86_64 (slave1) 	2019年07月24日 	_x86_64_	(8 CPU)

23时46分42秒  CPU    %usr   %nice    %sys %iowait    %irq   %soft  %steal  %guest   %idle
23时46分43秒  all   75.69    0.00   16.79    0.00    0.13    7.39    0.00    0.00    0.00
平均时间:  all   75.69    0.00   16.79    0.00    0.13    7.39    0.00    0.00    0.00

Linux 2.6.32-431.el6.x86_64 (slave1) 	2019年07月24日 	_x86_64_	(8 CPU)

23时46分46秒  CPU    %usr   %nice    %sys %iowait    %irq   %soft  %steal  %guest   %idle
23时46分47秒  all   75.25    0.00   17.88    0.00    0.25    6.62    0.00    0.00    0.00
平均时间:  all   75.25    0.00   17.88    0.00    0.25    6.62    0.00    0.00    0.00

Linux 2.6.32-431.el6.x86_64 (slave1) 	2019年07月24日 	_x86_64_	(8 CPU)

23时46分50秒  CPU    %usr   %nice    %sys %iowait    %irq   %soft  %steal  %guest   %idle
23时46分51秒  all   76.12    0.00   16.12    0.00    0.25    7.50    0.00    0.00    0.00
平均时间:  all   76.12    0.00   16.12    0.00    0.25    7.50    0.00    0.00    0.00

Linux 2.6.32-431.el6.x86_64 (slave1) 	2019年07月24日 	_x86_64_	(8 CPU)

23时46分54秒  CPU    %usr   %nice    %sys %iowait    %irq   %soft  %steal  %guest   %idle
23时46分55秒  all   72.77    0.00   17.06    0.00    0.25    9.79    0.00    0.00    0.13
平均时间:  all   72.77    0.00   17.06    0.00    0.25    9.79    0.00    0.00    0.13

Linux 2.6.32-431.el6.x86_64 (slave1) 	2019年07月24日 	_x86_64_	(8 CPU)

23时46分58秒  CPU    %usr   %nice    %sys %iowait    %irq   %soft  %steal  %guest   %idle
23时46分59秒  all   65.83    0.00   19.72    0.00    0.75   13.32    0.00    0.00    0.38
平均时间:  all   65.83    0.00   19.72    0.00    0.75   13.32    0.00    0.00    0.38

Linux 2.6.32-431.el6.x86_64 (slave1) 	2019年07月24日 	_x86_64_	(8 CPU)

23时47分02秒  CPU    %usr   %nice    %sys %iowait    %irq   %soft  %steal  %guest   %idle
23时47分03秒  all   56.59    0.00    8.27    0.00    0.13    0.90    0.00    0.00   34.11
平均时间:  all   56.59    0.00    8.27    0.00    0.13    0.90    0.00    0.00   34.11

Linux 2.6.32-431.el6.x86_64 (slave1) 	2019年07月24日 	_x86_64_	(8 CPU)

23时47分06秒  CPU    %usr   %nice    %sys %iowait    %irq   %soft  %steal  %guest   %idle
23时47分07秒  all    0.38    0.00    0.38    0.00    0.00    0.00    0.00    0.00   99.24
平均时间:  all    0.38    0.00    0.38    0.00    0.00    0.00    0.00    0.00   99.24

Linux 2.6.32-431.el6.x86_64 (slave1) 	2019年07月24日 	_x86_64_	(8 CPU)

23时47分10秒  CPU    %usr   %nice    %sys %iowait    %irq   %soft  %steal  %guest   %idle
23时47分11秒  all    3.68    0.00    1.27    0.00    0.00    0.00    0.00    0.00   95.06
平均时间:  all    3.68    0.00    1.27    0.00    0.00    0.00    0.00    0.00   95.06

Linux 2.6.32-431.el6.x86_64 (slave1) 	2019年07月24日 	_x86_64_	(8 CPU)

23时47分14秒  CPU    %usr   %nice    %sys %iowait    %irq   %soft  %steal  %guest   %idle
23时47分15秒  all   47.56    0.00    6.30    0.00    0.00    0.00    0.00    0.00   46.14
平均时间:  all   47.56    0.00    6.30    0.00    0.00    0.00    0.00    0.00   46.14

Linux 2.6.32-431.el6.x86_64 (slave1) 	2019年07月24日 	_x86_64_	(8 CPU)

23时47分18秒  CPU    %usr   %nice    %sys %iowait    %irq   %soft  %steal  %guest   %idle
23时47分19秒  all   25.22    0.00    2.93    0.00    0.00    0.00    0.00    0.00   71.85
平均时间:  all   25.22    0.00    2.93    0.00    0.00    0.00    0.00    0.00   71.85

Linux 2.6.32-431.el6.x86_64 (slave1) 	2019年07月24日 	_x86_64_	(8 CPU)

23时47分22秒  CPU    %usr   %nice    %sys %iowait    %irq   %soft  %steal  %guest   %idle
23时47分23秒  all   15.29    0.00    2.04    0.00    0.00    0.00    0.00    0.00   82.68
平均时间:  all   15.29    0.00    2.04    0.00    0.00    0.00    0.00    0.00   82.68

Linux 2.6.32-431.el6.x86_64 (slave1) 	2019年07月24日 	_x86_64_	(8 CPU)

23时47分26秒  CPU    %usr   %nice    %sys %iowait    %irq   %soft  %steal  %guest   %idle
23时47分27秒  all   21.33    0.00    3.32    0.00    0.00    0.00    0.00    0.00   75.35
平均时间:  all   21.33    0.00    3.32    0.00    0.00    0.00    0.00    0.00   75.35

Linux 2.6.32-431.el6.x86_64 (slave1) 	2019年07月24日 	_x86_64_	(8 CPU)

23时47分30秒  CPU    %usr   %nice    %sys %iowait    %irq   %soft  %steal  %guest   %idle
23时47分31秒  all    3.17    0.00    1.40    0.00    0.00    0.00    0.00    0.00   95.43
平均时间:  all    3.17    0.00    1.40    0.00    0.00    0.00    0.00    0.00   95.43

Linux 2.6.32-431.el6.x86_64 (slave1) 	2019年07月24日 	_x86_64_	(8 CPU)

23时47分34秒  CPU    %usr   %nice    %sys %iowait    %irq   %soft  %steal  %guest   %idle
23时47分35秒  all    0.89    0.00    0.38    0.00    0.00    0.13    0.00    0.00   98.61
平均时间:  all    0.89    0.00    0.38    0.00    0.00    0.13    0.00    0.00   98.61

Linux 2.6.32-431.el6.x86_64 (slave1) 	2019年07月24日 	_x86_64_	(8 CPU)

23时47分38秒  CPU    %usr   %nice    %sys %iowait    %irq   %soft  %steal  %guest   %idle
23时47分39秒  all    1.27    0.00    0.63    0.00    0.00    0.00    0.00    0.00   98.10
平均时间:  all    1.27    0.00    0.63    0.00    0.00    0.00    0.00    0.00   98.10

Linux 2.6.32-431.el6.x86_64 (slave1) 	2019年07月24日 	_x86_64_	(8 CPU)

23时47分42秒  CPU    %usr   %nice    %sys %iowait    %irq   %soft  %steal  %guest   %idle
23时47分43秒  all    0.63    0.00    0.25    0.00    0.00    0.00    0.00    0.00   99.11
平均时间:  all    0.63    0.00    0.25    0.00    0.00    0.00    0.00    0.00   99.11

Linux 2.6.32-431.el6.x86_64 (slave1) 	2019年07月24日 	_x86_64_	(8 CPU)

23时47分46秒  CPU    %usr   %nice    %sys %iowait    %irq   %soft  %steal  %guest   %idle
23时47分47秒  all   27.57    0.00    4.19    0.00    0.00    0.00    0.00    0.00   68.23
平均时间:  all   27.57    0.00    4.19    0.00    0.00    0.00    0.00    0.00   68.23

Linux 2.6.32-431.el6.x86_64 (slave1) 	2019年07月24日 	_x86_64_	(8 CPU)

23时47分50秒  CPU    %usr   %nice    %sys %iowait    %irq   %soft  %steal  %guest   %idle
23时47分51秒  all   13.81    0.00    2.30    0.00    0.00    0.00    0.00    0.00   83.89
平均时间:  all   13.81    0.00    2.30    0.00    0.00    0.00    0.00    0.00   83.89

Linux 2.6.32-431.el6.x86_64 (slave1) 	2019年07月24日 	_x86_64_	(8 CPU)

23时47分54秒  CPU    %usr   %nice    %sys %iowait    %irq   %soft  %steal  %guest   %idle
23时47分55秒  all   18.25    0.00    4.63    0.00    0.00    0.13    0.00    0.00   76.99
平均时间:  all   18.25    0.00    4.63    0.00    0.00    0.13    0.00    0.00   76.99

Linux 2.6.32-431.el6.x86_64 (slave1) 	2019年07月24日 	_x86_64_	(8 CPU)

23时47分58秒  CPU    %usr   %nice    %sys %iowait    %irq   %soft  %steal  %guest   %idle
23时47分59秒  all   44.57    0.00    4.98    0.00    0.00    0.00    0.00    0.00   50.45
平均时间:  all   44.57    0.00    4.98    0.00    0.00    0.00    0.00    0.00   50.45

Linux 2.6.32-431.el6.x86_64 (slave1) 	2019年07月24日 	_x86_64_	(8 CPU)

23时48分02秒  CPU    %usr   %nice    %sys %iowait    %irq   %soft  %steal  %guest   %idle
23时48分03秒  all   68.24    0.00    4.85    0.00    0.00    0.00    0.00    0.00   26.91
平均时间:  all   68.24    0.00    4.85    0.00    0.00    0.00    0.00    0.00   26.91

Linux 2.6.32-431.el6.x86_64 (slave1) 	2019年07月24日 	_x86_64_	(8 CPU)

23时48分06秒  CPU    %usr   %nice    %sys %iowait    %irq   %soft  %steal  %guest   %idle
23时48分07秒  all   28.30    0.00    3.33    0.00    0.13    0.00    0.00    0.00   68.25
平均时间:  all   28.30    0.00    3.33    0.00    0.13    0.00    0.00    0.00   68.25

Linux 2.6.32-431.el6.x86_64 (slave1) 	2019年07月24日 	_x86_64_	(8 CPU)

23时48分10秒  CPU    %usr   %nice    %sys %iowait    %irq   %soft  %steal  %guest   %idle
23时48分11秒  all   22.16    0.00    6.26    0.00    0.39    1.96    0.00    0.00   69.23
平均时间:  all   22.16    0.00    6.26    0.00    0.39    1.96    0.00    0.00   69.23

Linux 2.6.32-431.el6.x86_64 (slave1) 	2019年07月24日 	_x86_64_	(8 CPU)

23时48分14秒  CPU    %usr   %nice    %sys %iowait    %irq   %soft  %steal  %guest   %idle
23时48分15秒  all   10.32    0.00    9.52    0.00    0.54   12.06    0.00    0.00   67.56
平均时间:  all   10.32    0.00    9.52    0.00    0.54   12.06    0.00    0.00   67.56

Linux 2.6.32-431.el6.x86_64 (slave1) 	2019年07月24日 	_x86_64_	(8 CPU)

23时48分18秒  CPU    %usr   %nice    %sys %iowait    %irq   %soft  %steal  %guest   %idle
23时48分19秒  all    9.81    0.00   10.48    0.00    0.93   13.40    0.00    0.00   65.38
平均时间:  all    9.81    0.00   10.48    0.00    0.93   13.40    0.00    0.00   65.38

Linux 2.6.32-431.el6.x86_64 (slave1) 	2019年07月24日 	_x86_64_	(8 CPU)

23时48分22秒  CPU    %usr   %nice    %sys %iowait    %irq   %soft  %steal  %guest   %idle
23时48分23秒  all    7.91    0.00    9.92    0.00    0.67   17.43    0.00    0.00   64.08
平均时间:  all    7.91    0.00    9.92    0.00    0.67   17.43    0.00    0.00   64.08

Linux 2.6.32-431.el6.x86_64 (slave1) 	2019年07月24日 	_x86_64_	(8 CPU)

23时48分26秒  CPU    %usr   %nice    %sys %iowait    %irq   %soft  %steal  %guest   %idle
23时48分27秒  all   14.11    0.00   11.67    0.27    0.54   18.59    0.00    0.00   54.82
平均时间:  all   14.11    0.00   11.67    0.27    0.54   18.59    0.00    0.00   54.82

Linux 2.6.32-431.el6.x86_64 (slave1) 	2019年07月24日 	_x86_64_	(8 CPU)

23时48分30秒  CPU    %usr   %nice    %sys %iowait    %irq   %soft  %steal  %guest   %idle
23时48分31秒  all   15.88    0.00   13.43    0.00    0.54   16.82    0.00    0.00   53.32
平均时间:  all   15.88    0.00   13.43    0.00    0.54   16.82    0.00    0.00   53.32

Linux 2.6.32-431.el6.x86_64 (slave1) 	2019年07月24日 	_x86_64_	(8 CPU)

23时48分34秒  CPU    %usr   %nice    %sys %iowait    %irq   %soft  %steal  %guest   %idle
23时48分35秒  all   26.68    0.00   22.72    0.00    0.53   12.15    0.00    0.00   37.91
平均时间:  all   26.68    0.00   22.72    0.00    0.53   12.15    0.00    0.00   37.91

Linux 2.6.32-431.el6.x86_64 (slave1) 	2019年07月24日 	_x86_64_	(8 CPU)

23时48分38秒  CPU    %usr   %nice    %sys %iowait    %irq   %soft  %steal  %guest   %idle
23时48分39秒  all   32.74    0.00    4.86    0.00    0.00    0.00    0.00    0.00   62.40
平均时间:  all   32.74    0.00    4.86    0.00    0.00    0.00    0.00    0.00   62.40

Linux 2.6.32-431.el6.x86_64 (slave1) 	2019年07月24日 	_x86_64_	(8 CPU)

23时48分42秒  CPU    %usr   %nice    %sys %iowait    %irq   %soft  %steal  %guest   %idle
23时48分43秒  all   45.34    0.00    6.39    0.00    0.00    0.00    0.00    0.00   48.28
平均时间:  all   45.34    0.00    6.39    0.00    0.00    0.00    0.00    0.00   48.28

Linux 2.6.32-431.el6.x86_64 (slave1) 	2019年07月24日 	_x86_64_	(8 CPU)

23时48分46秒  CPU    %usr   %nice    %sys %iowait    %irq   %soft  %steal  %guest   %idle
23时48分47秒  all   28.75    0.00    5.47    0.00    0.00    0.00    0.00    0.00   65.78
平均时间:  all   28.75    0.00    5.47    0.00    0.00    0.00    0.00    0.00   65.78

Linux 2.6.32-431.el6.x86_64 (slave1) 	2019年07月24日 	_x86_64_	(8 CPU)

23时48分50秒  CPU    %usr   %nice    %sys %iowait    %irq   %soft  %steal  %guest   %idle
23时48分51秒  all   43.66    0.00    6.91    0.00    0.00    0.00    0.00    0.00   49.42
平均时间:  all   43.66    0.00    6.91    0.00    0.00    0.00    0.00    0.00   49.42

Linux 2.6.32-431.el6.x86_64 (slave1) 	2019年07月24日 	_x86_64_	(8 CPU)

23时48分54秒  CPU    %usr   %nice    %sys %iowait    %irq   %soft  %steal  %guest   %idle
23时48分55秒  all   75.54    0.00    9.73    0.00    0.00    1.49    0.00    0.00   13.24
平均时间:  all   75.54    0.00    9.73    0.00    0.00    1.49    0.00    0.00   13.24

Linux 2.6.32-431.el6.x86_64 (slave1) 	2019年07月24日 	_x86_64_	(8 CPU)

23时48分58秒  CPU    %usr   %nice    %sys %iowait    %irq   %soft  %steal  %guest   %idle
23时48分59秒  all   79.45    0.00    6.94    0.00    0.00    0.13    0.00    0.00   13.49
平均时间:  all   79.45    0.00    6.94    0.00    0.00    0.13    0.00    0.00   13.49

Linux 2.6.32-431.el6.x86_64 (slave1) 	2019年07月24日 	_x86_64_	(8 CPU)

23时49分02秒  CPU    %usr   %nice    %sys %iowait    %irq   %soft  %steal  %guest   %idle
23时49分03秒  all   61.10    0.00    6.42    0.00    0.00    0.77    0.00    0.00   31.71
平均时间:  all   61.10    0.00    6.42    0.00    0.00    0.77    0.00    0.00   31.71

Linux 2.6.32-431.el6.x86_64 (slave1) 	2019年07月24日 	_x86_64_	(8 CPU)

23时49分06秒  CPU    %usr   %nice    %sys %iowait    %irq   %soft  %steal  %guest   %idle
23时49分07秒  all   58.80    0.00    6.51    0.00    0.13    1.28    0.00    0.00   33.29
平均时间:  all   58.80    0.00    6.51    0.00    0.13    1.28    0.00    0.00   33.29

Linux 2.6.32-431.el6.x86_64 (slave1) 	2019年07月24日 	_x86_64_	(8 CPU)

23时49分10秒  CPU    %usr   %nice    %sys %iowait    %irq   %soft  %steal  %guest   %idle
23时49分11秒  all   68.87    0.00    5.34    0.00    0.13    1.27    0.00    0.00   24.40
平均时间:  all   68.87    0.00    5.34    0.00    0.13    1.27    0.00    0.00   24.40

Linux 2.6.32-431.el6.x86_64 (slave1) 	2019年07月24日 	_x86_64_	(8 CPU)

23时49分14秒  CPU    %usr   %nice    %sys %iowait    %irq   %soft  %steal  %guest   %idle
23时49分15秒  all   58.27    0.00    3.31    0.00    0.13    1.27    0.00    0.00   37.02
平均时间:  all   58.27    0.00    3.31    0.00    0.13    1.27    0.00    0.00   37.02

Linux 2.6.32-431.el6.x86_64 (slave1) 	2019年07月24日 	_x86_64_	(8 CPU)

23时49分18秒  CPU    %usr   %nice    %sys %iowait    %irq   %soft  %steal  %guest   %idle
23时49分19秒  all   62.31    0.00    5.46    0.00    0.13    1.27    0.00    0.00   30.84
平均时间:  all   62.31    0.00    5.46    0.00    0.13    1.27    0.00    0.00   30.84

Linux 2.6.32-431.el6.x86_64 (slave1) 	2019年07月24日 	_x86_64_	(8 CPU)

23时49分22秒  CPU    %usr   %nice    %sys %iowait    %irq   %soft  %steal  %guest   %idle
23时49分23秒  all   45.92    0.00    3.06    0.00    0.13    1.28    0.00    0.00   49.62
平均时间:  all   45.92    0.00    3.06    0.00    0.13    1.28    0.00    0.00   49.62

Linux 2.6.32-431.el6.x86_64 (slave1) 	2019年07月24日 	_x86_64_	(8 CPU)

23时49分26秒  CPU    %usr   %nice    %sys %iowait    %irq   %soft  %steal  %guest   %idle
23时49分27秒  all   27.55    0.00    1.66    0.00    0.00    1.66    0.00    0.00   69.13
平均时间:  all   27.55    0.00    1.66    0.00    0.00    1.66    0.00    0.00   69.13

Linux 2.6.32-431.el6.x86_64 (slave1) 	2019年07月24日 	_x86_64_	(8 CPU)

23时49分30秒  CPU    %usr   %nice    %sys %iowait    %irq   %soft  %steal  %guest   %idle
23时49分31秒  all   63.07    0.00    2.92    0.00    0.00    0.13    0.00    0.00   33.88
平均时间:  all   63.07    0.00    2.92    0.00    0.00    0.13    0.00    0.00   33.88

Linux 2.6.32-431.el6.x86_64 (slave1) 	2019年07月24日 	_x86_64_	(8 CPU)

23时49分34秒  CPU    %usr   %nice    %sys %iowait    %irq   %soft  %steal  %guest   %idle
23时49分35秒  all   71.17    0.00   11.33    0.00    0.13    1.93    0.00    0.00   15.44
平均时间:  all   71.17    0.00   11.33    0.00    0.13    1.93    0.00    0.00   15.44

Linux 2.6.32-431.el6.x86_64 (slave1) 	2019年07月24日 	_x86_64_	(8 CPU)

23时49分38秒  CPU    %usr   %nice    %sys %iowait    %irq   %soft  %steal  %guest   %idle
23时49分39秒  all    8.87    0.00    8.87    0.00    0.00    1.67    0.00    0.00   80.59
平均时间:  all    8.87    0.00    8.87    0.00    0.00    1.67    0.00    0.00   80.59

Linux 2.6.32-431.el6.x86_64 (slave1) 	2019年07月24日 	_x86_64_	(8 CPU)

23时49分42秒  CPU    %usr   %nice    %sys %iowait    %irq   %soft  %steal  %guest   %idle
23时49分44秒  all   80.93    0.00   16.31    0.00    0.25    1.13    0.00    0.00    1.38
平均时间:  all   80.93    0.00   16.31    0.00    0.25    1.13    0.00    0.00    1.38

Linux 2.6.32-431.el6.x86_64 (slave1) 	2019年07月24日 	_x86_64_	(8 CPU)

23时49分47秒  CPU    %usr   %nice    %sys %iowait    %irq   %soft  %steal  %guest   %idle
23时49分48秒  all   88.83    0.00    9.28    0.00    0.00    0.25    0.00    0.00    1.63
平均时间:  all   88.83    0.00    9.28    0.00    0.00    0.25    0.00    0.00    1.63

Linux 2.6.32-431.el6.x86_64 (slave1) 	2019年07月24日 	_x86_64_	(8 CPU)

23时49分51秒  CPU    %usr   %nice    %sys %iowait    %irq   %soft  %steal  %guest   %idle
23时49分52秒  all   88.78    0.00    9.60    0.00    0.12    0.12    0.00    0.00    1.37
平均时间:  all   88.78    0.00    9.60    0.00    0.12    0.12    0.00    0.00    1.37

Linux 2.6.32-431.el6.x86_64 (slave1) 	2019年07月24日 	_x86_64_	(8 CPU)

23时49分55秒  CPU    %usr   %nice    %sys %iowait    %irq   %soft  %steal  %guest   %idle
23时49分56秒  all   76.08    0.00   17.81    0.00    0.00    1.15    0.00    0.00    4.96
平均时间:  all   76.08    0.00   17.81    0.00    0.00    1.15    0.00    0.00    4.96

Linux 2.6.32-431.el6.x86_64 (slave1) 	2019年07月24日 	_x86_64_	(8 CPU)

23时49分59秒  CPU    %usr   %nice    %sys %iowait    %irq   %soft  %steal  %guest   %idle
23时50分00秒  all   90.46    0.00    9.03    0.00    0.00    0.25    0.00    0.00    0.25
平均时间:  all   90.46    0.00    9.03    0.00    0.00    0.25    0.00    0.00    0.25

Linux 2.6.32-431.el6.x86_64 (slave1) 	2019年07月24日 	_x86_64_	(8 CPU)

23时50分03秒  CPU    %usr   %nice    %sys %iowait    %irq   %soft  %steal  %guest   %idle
23时50分04秒  all   77.09    0.00   13.16    0.00    0.00    2.53    0.00    0.00    7.22
平均时间:  all   77.09    0.00   13.16    0.00    0.00    2.53    0.00    0.00    7.22

Linux 2.6.32-431.el6.x86_64 (slave1) 	2019年07月24日 	_x86_64_	(8 CPU)

23时50分07秒  CPU    %usr   %nice    %sys %iowait    %irq   %soft  %steal  %guest   %idle
23时50分08秒  all   90.33    0.00    8.42    0.00    0.13    0.63    0.00    0.00    0.50
平均时间:  all   90.33    0.00    8.42    0.00    0.13    0.63    0.00    0.00    0.50

Linux 2.6.32-431.el6.x86_64 (slave1) 	2019年07月24日 	_x86_64_	(8 CPU)

23时50分11秒  CPU    %usr   %nice    %sys %iowait    %irq   %soft  %steal  %guest   %idle
23时50分12秒  all   90.31    0.00    8.05    0.00    0.13    0.63    0.00    0.00    0.88
平均时间:  all   90.31    0.00    8.05    0.00    0.13    0.63    0.00    0.00    0.88

Linux 2.6.32-431.el6.x86_64 (slave1) 	2019年07月24日 	_x86_64_	(8 CPU)

23时50分15秒  CPU    %usr   %nice    %sys %iowait    %irq   %soft  %steal  %guest   %idle
23时50分16秒  all   90.66    0.00    7.95    0.00    0.13    1.26    0.00    0.00    0.00
平均时间:  all   90.66    0.00    7.95    0.00    0.13    1.26    0.00    0.00    0.00

Linux 2.6.32-431.el6.x86_64 (slave1) 	2019年07月24日 	_x86_64_	(8 CPU)

23时50分19秒  CPU    %usr   %nice    %sys %iowait    %irq   %soft  %steal  %guest   %idle
23时50分20秒  all   93.49    0.00    6.26    0.00    0.00    0.25    0.00    0.00    0.00
平均时间:  all   93.49    0.00    6.26    0.00    0.00    0.25    0.00    0.00    0.00

Linux 2.6.32-431.el6.x86_64 (slave1) 	2019年07月24日 	_x86_64_	(8 CPU)

23时50分23秒  CPU    %usr   %nice    %sys %iowait    %irq   %soft  %steal  %guest   %idle
23时50分24秒  all   90.15    0.00    7.51    0.00    0.00    0.33    0.00    0.00    2.00
平均时间:  all   90.15    0.00    7.51    0.00    0.00    0.33    0.00    0.00    2.00

Linux 2.6.32-431.el6.x86_64 (slave1) 	2019年07月24日 	_x86_64_	(8 CPU)

23时50分27秒  CPU    %usr   %nice    %sys %iowait    %irq   %soft  %steal  %guest   %idle
23时50分28秒  all   66.96    0.00    5.48    0.00    0.13    0.51    0.00    0.00   26.91
平均时间:  all   66.96    0.00    5.48    0.00    0.13    0.51    0.00    0.00   26.91

Linux 2.6.32-431.el6.x86_64 (slave1) 	2019年07月24日 	_x86_64_	(8 CPU)

23时50分31秒  CPU    %usr   %nice    %sys %iowait    %irq   %soft  %steal  %guest   %idle
23时50分32秒  all   48.59    0.00    6.39    0.00    0.00    0.51    0.00    0.00   44.50
平均时间:  all   48.59    0.00    6.39    0.00    0.00    0.51    0.00    0.00   44.50

Linux 2.6.32-431.el6.x86_64 (slave1) 	2019年07月24日 	_x86_64_	(8 CPU)

23时50分35秒  CPU    %usr   %nice    %sys %iowait    %irq   %soft  %steal  %guest   %idle
23时50分36秒  all   54.09    0.00    8.57    0.00    0.00    1.79    0.00    0.00   35.55
平均时间:  all   54.09    0.00    8.57    0.00    0.00    1.79    0.00    0.00   35.55

Linux 2.6.32-431.el6.x86_64 (slave1) 	2019年07月24日 	_x86_64_	(8 CPU)

23时50分39秒  CPU    %usr   %nice    %sys %iowait    %irq   %soft  %steal  %guest   %idle
23时50分40秒  all   75.03    0.00    9.01    0.00    0.13    1.29    0.00    0.00   14.54
平均时间:  all   75.03    0.00    9.01    0.00    0.13    1.29    0.00    0.00   14.54

Linux 2.6.32-431.el6.x86_64 (slave1) 	2019年07月24日 	_x86_64_	(8 CPU)

23时50分43秒  CPU    %usr   %nice    %sys %iowait    %irq   %soft  %steal  %guest   %idle
23时50分44秒  all   81.97    0.00   12.74    0.00    0.00    0.25    0.00    0.00    5.04
平均时间:  all   81.97    0.00   12.74    0.00    0.00    0.25    0.00    0.00    5.04

Linux 2.6.32-431.el6.x86_64 (slave1) 	2019年07月24日 	_x86_64_	(8 CPU)

23时50分47秒  CPU    %usr   %nice    %sys %iowait    %irq   %soft  %steal  %guest   %idle
23时50分48秒  all   73.23    0.00    7.95    0.00    0.00    0.38    0.00    0.00   18.43
平均时间:  all   73.23    0.00    7.95    0.00    0.00    0.38    0.00    0.00   18.43

Linux 2.6.32-431.el6.x86_64 (slave1) 	2019年07月24日 	_x86_64_	(8 CPU)

23时50分51秒  CPU    %usr   %nice    %sys %iowait    %irq   %soft  %steal  %guest   %idle
23时50分52秒  all   68.62    0.00    9.69    0.00    0.00    0.38    0.00    0.00   21.30
平均时间:  all   68.62    0.00    9.69    0.00    0.00    0.38    0.00    0.00   21.30

Linux 2.6.32-431.el6.x86_64 (slave1) 	2019年07月24日 	_x86_64_	(8 CPU)

23时50分55秒  CPU    %usr   %nice    %sys %iowait    %irq   %soft  %steal  %guest   %idle
23时50分56秒  all   75.44    0.00   11.46    0.00    0.00    0.38    0.00    0.00   12.72
平均时间:  all   75.44    0.00   11.46    0.00    0.00    0.38    0.00    0.00   12.72

Linux 2.6.32-431.el6.x86_64 (slave1) 	2019年07月24日 	_x86_64_	(8 CPU)

23时50分59秒  CPU    %usr   %nice    %sys %iowait    %irq   %soft  %steal  %guest   %idle
23时51分00秒  all   83.83    0.00   12.91    0.00    0.00    0.38    0.00    0.00    2.88
平均时间:  all   83.83    0.00   12.91    0.00    0.00    0.38    0.00    0.00    2.88

Linux 2.6.32-431.el6.x86_64 (slave1) 	2019年07月24日 	_x86_64_	(8 CPU)

23时51分03秒  CPU    %usr   %nice    %sys %iowait    %irq   %soft  %steal  %guest   %idle
23时51分04秒  all   90.23    0.00    7.52    0.00    0.00    0.13    0.00    0.00    2.13
平均时间:  all   90.23    0.00    7.52    0.00    0.00    0.13    0.00    0.00    2.13

Linux 2.6.32-431.el6.x86_64 (slave1) 	2019年07月24日 	_x86_64_	(8 CPU)

23时51分07秒  CPU    %usr   %nice    %sys %iowait    %irq   %soft  %steal  %guest   %idle
23时51分08秒  all   91.59    0.00    7.90    0.00    0.00    0.38    0.00    0.00    0.13
平均时间:  all   91.59    0.00    7.90    0.00    0.00    0.38    0.00    0.00    0.13

Linux 2.6.32-431.el6.x86_64 (slave1) 	2019年07月24日 	_x86_64_	(8 CPU)

23时51分11秒  CPU    %usr   %nice    %sys %iowait    %irq   %soft  %steal  %guest   %idle
23时51分12秒  all   85.25    0.00    7.31    0.00    0.00    1.01    0.00    0.00    6.43
平均时间:  all   85.25    0.00    7.31    0.00    0.00    1.01    0.00    0.00    6.43

Linux 2.6.32-431.el6.x86_64 (slave1) 	2019年07月24日 	_x86_64_	(8 CPU)

23时51分15秒  CPU    %usr   %nice    %sys %iowait    %irq   %soft  %steal  %guest   %idle
23时51分16秒  all   68.28    0.00   11.21    0.00    0.00    1.02    0.00    0.00   19.49
平均时间:  all   68.28    0.00   11.21    0.00    0.00    1.02    0.00    0.00   19.49

Linux 2.6.32-431.el6.x86_64 (slave1) 	2019年07月24日 	_x86_64_	(8 CPU)

23时51分19秒  CPU    %usr   %nice    %sys %iowait    %irq   %soft  %steal  %guest   %idle
23时51分20秒  all   87.72    0.00    8.02    0.00    0.00    0.88    0.00    0.00    3.38
平均时间:  all   87.72    0.00    8.02    0.00    0.00    0.88    0.00    0.00    3.38

Linux 2.6.32-431.el6.x86_64 (slave1) 	2019年07月24日 	_x86_64_	(8 CPU)

23时51分23秒  CPU    %usr   %nice    %sys %iowait    %irq   %soft  %steal  %guest   %idle
23时51分24秒  all   32.87    0.00    5.84    0.00    0.00    0.00    0.00    0.00   61.29
平均时间:  all   32.87    0.00    5.84    0.00    0.00    0.00    0.00    0.00   61.29

Linux 2.6.32-431.el6.x86_64 (slave1) 	2019年07月24日 	_x86_64_	(8 CPU)

23时51分27秒  CPU    %usr   %nice    %sys %iowait    %irq   %soft  %steal  %guest   %idle
23时51分28秒  all   53.69    0.00    4.96    0.00    0.00    0.13    0.00    0.00   41.22
平均时间:  all   53.69    0.00    4.96    0.00    0.00    0.13    0.00    0.00   41.22

Linux 2.6.32-431.el6.x86_64 (slave1) 	2019年07月24日 	_x86_64_	(8 CPU)

23时51分31秒  CPU    %usr   %nice    %sys %iowait    %irq   %soft  %steal  %guest   %idle
23时51分32秒  all   77.89    0.00   13.44    0.00    0.00    3.14    0.00    0.00    5.53
平均时间:  all   77.89    0.00   13.44    0.00    0.00    3.14    0.00    0.00    5.53

Linux 2.6.32-431.el6.x86_64 (slave1) 	2019年07月24日 	_x86_64_	(8 CPU)

23时51分35秒  CPU    %usr   %nice    %sys %iowait    %irq   %soft  %steal  %guest   %idle
23时51分36秒  all   60.08    0.00    4.18    0.00    0.00    0.38    0.00    0.00   35.36
平均时间:  all   60.08    0.00    4.18    0.00    0.00    0.38    0.00    0.00   35.36

Linux 2.6.32-431.el6.x86_64 (slave1) 	2019年07月24日 	_x86_64_	(8 CPU)

23时51分39秒  CPU    %usr   %nice    %sys %iowait    %irq   %soft  %steal  %guest   %idle
23时51分40秒  all   71.82    0.00    9.06    0.00    0.00    0.38    0.00    0.00   18.74
平均时间:  all   71.82    0.00    9.06    0.00    0.00    0.38    0.00    0.00   18.74

Linux 2.6.32-431.el6.x86_64 (slave1) 	2019年07月24日 	_x86_64_	(8 CPU)

23时51分43秒  CPU    %usr   %nice    %sys %iowait    %irq   %soft  %steal  %guest   %idle
23时51分44秒  all   80.96    0.00    8.95    0.00    0.00    0.13    0.00    0.00    9.96
平均时间:  all   80.96    0.00    8.95    0.00    0.00    0.13    0.00    0.00    9.96

Linux 2.6.32-431.el6.x86_64 (slave1) 	2019年07月24日 	_x86_64_	(8 CPU)

23时51分47秒  CPU    %usr   %nice    %sys %iowait    %irq   %soft  %steal  %guest   %idle
23时51分48秒  all   59.46    0.00   16.24    0.00    0.26    3.96    0.00    0.00   20.08
平均时间:  all   59.46    0.00   16.24    0.00    0.26    3.96    0.00    0.00   20.08

Linux 2.6.32-431.el6.x86_64 (slave1) 	2019年07月24日 	_x86_64_	(8 CPU)

23时51分51秒  CPU    %usr   %nice    %sys %iowait    %irq   %soft  %steal  %guest   %idle
23时51分52秒  all   85.14    0.00    7.18    0.00    0.00    0.88    0.00    0.00    6.80
平均时间:  all   85.14    0.00    7.18    0.00    0.00    0.88    0.00    0.00    6.80

Linux 2.6.32-431.el6.x86_64 (slave1) 	2019年07月24日 	_x86_64_	(8 CPU)

23时51分55秒  CPU    %usr   %nice    %sys %iowait    %irq   %soft  %steal  %guest   %idle
23时51分56秒  all   59.59    0.00    8.77    0.00    0.13    1.27    0.00    0.00   30.24
平均时间:  all   59.59    0.00    8.77    0.00    0.13    1.27    0.00    0.00   30.24

Linux 2.6.32-431.el6.x86_64 (slave1) 	2019年07月24日 	_x86_64_	(8 CPU)

23时52分00秒  CPU    %usr   %nice    %sys %iowait    %irq   %soft  %steal  %guest   %idle
23时52分01秒  all   91.36    0.00    7.63    0.00    0.00    0.25    0.00    0.00    0.75
平均时间:  all   91.36    0.00    7.63    0.00    0.00    0.25    0.00    0.00    0.75

Linux 2.6.32-431.el6.x86_64 (slave1) 	2019年07月24日 	_x86_64_	(8 CPU)

23时52分04秒  CPU    %usr   %nice    %sys %iowait    %irq   %soft  %steal  %guest   %idle
23时52分05秒  all   90.75    0.00    7.62    0.00    0.00    1.38    0.00    0.00    0.25
平均时间:  all   90.75    0.00    7.62    0.00    0.00    1.38    0.00    0.00    0.25

Linux 2.6.32-431.el6.x86_64 (slave1) 	2019年07月24日 	_x86_64_	(8 CPU)

23时52分08秒  CPU    %usr   %nice    %sys %iowait    %irq   %soft  %steal  %guest   %idle
23时52分09秒  all   52.28    0.00   14.72    0.00    0.00    1.40    0.00    0.00   31.60
平均时间:  all   52.28    0.00   14.72    0.00    0.00    1.40    0.00    0.00   31.60

Linux 2.6.32-431.el6.x86_64 (slave1) 	2019年07月24日 	_x86_64_	(8 CPU)

23时52分12秒  CPU    %usr   %nice    %sys %iowait    %irq   %soft  %steal  %guest   %idle
23时52分13秒  all   89.89    0.00    9.61    0.00    0.00    0.37    0.00    0.00    0.12
平均时间:  all   89.89    0.00    9.61    0.00    0.00    0.37    0.00    0.00    0.12

Linux 2.6.32-431.el6.x86_64 (slave1) 	2019年07月24日 	_x86_64_	(8 CPU)

23时52分16秒  CPU    %usr   %nice    %sys %iowait    %irq   %soft  %steal  %guest   %idle
23时52分17秒  all   87.52    0.00   11.49    0.00    0.00    0.75    0.00    0.00    0.25
平均时间:  all   87.52    0.00   11.49    0.00    0.00    0.75    0.00    0.00    0.25

Linux 2.6.32-431.el6.x86_64 (slave1) 	2019年07月24日 	_x86_64_	(8 CPU)

23时52分20秒  CPU    %usr   %nice    %sys %iowait    %irq   %soft  %steal  %guest   %idle
23时52分21秒  all   93.50    0.00    6.38    0.00    0.00    0.12    0.00    0.00    0.00
平均时间:  all   93.50    0.00    6.38    0.00    0.00    0.12    0.00    0.00    0.00

Linux 2.6.32-431.el6.x86_64 (slave1) 	2019年07月24日 	_x86_64_	(8 CPU)

23时52分24秒  CPU    %usr   %nice    %sys %iowait    %irq   %soft  %steal  %guest   %idle
23时52分25秒  all   94.53    0.00    5.47    0.00    0.00    0.00    0.00    0.00    0.00
平均时间:  all   94.53    0.00    5.47    0.00    0.00    0.00    0.00    0.00    0.00

Linux 2.6.32-431.el6.x86_64 (slave1) 	2019年07月24日 	_x86_64_	(8 CPU)

23时52分28秒  CPU    %usr   %nice    %sys %iowait    %irq   %soft  %steal  %guest   %idle
23时52分29秒  all   89.70    0.00    6.53    0.00    0.00    0.13    0.00    0.00    3.64
平均时间:  all   89.70    0.00    6.53    0.00    0.00    0.13    0.00    0.00    3.64

Linux 2.6.32-431.el6.x86_64 (slave1) 	2019年07月24日 	_x86_64_	(8 CPU)

23时52分32秒  CPU    %usr   %nice    %sys %iowait    %irq   %soft  %steal  %guest   %idle
23时52分33秒  all   29.86    0.00    1.52    0.00    0.00    0.38    0.00    0.00   68.23
平均时间:  all   29.86    0.00    1.52    0.00    0.00    0.38    0.00    0.00   68.23

Linux 2.6.32-431.el6.x86_64 (slave1) 	2019年07月24日 	_x86_64_	(8 CPU)

23时52分36秒  CPU    %usr   %nice    %sys %iowait    %irq   %soft  %steal  %guest   %idle
23时52分37秒  all   64.88    0.00    6.26    0.00    0.00    1.28    0.00    0.00   27.59
平均时间:  all   64.88    0.00    6.26    0.00    0.00    1.28    0.00    0.00   27.59

Linux 2.6.32-431.el6.x86_64 (slave1) 	2019年07月24日 	_x86_64_	(8 CPU)

23时52分40秒  CPU    %usr   %nice    %sys %iowait    %irq   %soft  %steal  %guest   %idle
23时52分41秒  all    1.52    0.00    3.43    0.00    0.00    0.00    0.00    0.00   95.05
平均时间:  all    1.52    0.00    3.43    0.00    0.00    0.00    0.00    0.00   95.05

Linux 2.6.32-431.el6.x86_64 (slave1) 	2019年07月24日 	_x86_64_	(8 CPU)

23时52分44秒  CPU    %usr   %nice    %sys %iowait    %irq   %soft  %steal  %guest   %idle
23时52分45秒  all   31.61    0.00   15.61    0.00    0.00    5.94    0.00    0.00   46.84
平均时间:  all   31.61    0.00   15.61    0.00    0.00    5.94    0.00    0.00   46.84

Linux 2.6.32-431.el6.x86_64 (slave1) 	2019年07月24日 	_x86_64_	(8 CPU)

23时52分48秒  CPU    %usr   %nice    %sys %iowait    %irq   %soft  %steal  %guest   %idle
23时52分49秒  all   54.27    0.00    6.37    0.00    0.00    0.13    0.00    0.00   39.24
平均时间:  all   54.27    0.00    6.37    0.00    0.00    0.13    0.00    0.00   39.24

Linux 2.6.32-431.el6.x86_64 (slave1) 	2019年07月24日 	_x86_64_	(8 CPU)

23时52分52秒  CPU    %usr   %nice    %sys %iowait    %irq   %soft  %steal  %guest   %idle
23时52分53秒  all   45.36    0.00    4.57    0.00    0.00    0.00    0.00    0.00   50.06
平均时间:  all   45.36    0.00    4.57    0.00    0.00    0.00    0.00    0.00   50.06

Linux 2.6.32-431.el6.x86_64 (slave1) 	2019年07月24日 	_x86_64_	(8 CPU)

23时52分56秒  CPU    %usr   %nice    %sys %iowait    %irq   %soft  %steal  %guest   %idle
23时52分57秒  all   68.27    0.00    5.84    0.00    0.00    0.00    0.00    0.00   25.89
平均时间:  all   68.27    0.00    5.84    0.00    0.00    0.00    0.00    0.00   25.89

Linux 2.6.32-431.el6.x86_64 (slave1) 	2019年07月24日 	_x86_64_	(8 CPU)

23时53分00秒  CPU    %usr   %nice    %sys %iowait    %irq   %soft  %steal  %guest   %idle
23时53分01秒  all   59.77    0.00    4.95    0.00    0.00    0.13    0.00    0.00   35.15
平均时间:  all   59.77    0.00    4.95    0.00    0.00    0.13    0.00    0.00   35.15

Linux 2.6.32-431.el6.x86_64 (slave1) 	2019年07月24日 	_x86_64_	(8 CPU)

23时53分04秒  CPU    %usr   %nice    %sys %iowait    %irq   %soft  %steal  %guest   %idle
23时53分05秒  all   48.42    0.00    8.37    0.00    0.00    0.38    0.00    0.00   42.84
平均时间:  all   48.42    0.00    8.37    0.00    0.00    0.38    0.00    0.00   42.84

Linux 2.6.32-431.el6.x86_64 (slave1) 	2019年07月24日 	_x86_64_	(8 CPU)

23时53分08秒  CPU    %usr   %nice    %sys %iowait    %irq   %soft  %steal  %guest   %idle
23时53分09秒  all   34.01    0.00    3.55    0.00    0.00    0.63    0.00    0.00   61.80
平均时间:  all   34.01    0.00    3.55    0.00    0.00    0.63    0.00    0.00   61.80

Linux 2.6.32-431.el6.x86_64 (slave1) 	2019年07月24日 	_x86_64_	(8 CPU)

23时53分12秒  CPU    %usr   %nice    %sys %iowait    %irq   %soft  %steal  %guest   %idle
23时53分13秒  all   40.72    0.00    3.33    0.00    0.00    0.38    0.00    0.00   55.57
平均时间:  all   40.72    0.00    3.33    0.00    0.00    0.38    0.00    0.00   55.57

Linux 2.6.32-431.el6.x86_64 (slave1) 	2019年07月24日 	_x86_64_	(8 CPU)

23时53分16秒  CPU    %usr   %nice    %sys %iowait    %irq   %soft  %steal  %guest   %idle
23时53分17秒  all   53.38    0.00    7.52    0.00    0.00    0.51    0.00    0.00   38.60
平均时间:  all   53.38    0.00    7.52    0.00    0.00    0.51    0.00    0.00   38.60

Linux 2.6.32-431.el6.x86_64 (slave1) 	2019年07月24日 	_x86_64_	(8 CPU)

23时53分20秒  CPU    %usr   %nice    %sys %iowait    %irq   %soft  %steal  %guest   %idle
23时53分21秒  all   73.32    0.00    8.98    0.00    0.00    0.38    0.00    0.00   17.32
平均时间:  all   73.32    0.00    8.98    0.00    0.00    0.38    0.00    0.00   17.32

Linux 2.6.32-431.el6.x86_64 (slave1) 	2019年07月24日 	_x86_64_	(8 CPU)

23时53分24秒  CPU    %usr   %nice    %sys %iowait    %irq   %soft  %steal  %guest   %idle
23时53分25秒  all   87.73    0.00    5.51    0.00    0.00    0.13    0.00    0.00    6.63
平均时间:  all   87.73    0.00    5.51    0.00    0.00    0.13    0.00    0.00    6.63

Linux 2.6.32-431.el6.x86_64 (slave1) 	2019年07月24日 	_x86_64_	(8 CPU)

23时53分28秒  CPU    %usr   %nice    %sys %iowait    %irq   %soft  %steal  %guest   %idle
23时53分29秒  all   14.21    0.00   12.02    0.00    0.00    3.23    0.00    0.00   70.54
平均时间:  all   14.21    0.00   12.02    0.00    0.00    3.23    0.00    0.00   70.54

Linux 2.6.32-431.el6.x86_64 (slave1) 	2019年07月24日 	_x86_64_	(8 CPU)

23时53分32秒  CPU    %usr   %nice    %sys %iowait    %irq   %soft  %steal  %guest   %idle
23时53分33秒  all   89.62    0.00    9.25    0.00    0.00    0.00    0.00    0.00    1.12
平均时间:  all   89.62    0.00    9.25    0.00    0.00    0.00    0.00    0.00    1.12

Linux 2.6.32-431.el6.x86_64 (slave1) 	2019年07月24日 	_x86_64_	(8 CPU)

23时53分36秒  CPU    %usr   %nice    %sys %iowait    %irq   %soft  %steal  %guest   %idle
23时53分37秒  all   86.99    0.00    8.33    0.00    0.00    0.00    0.00    0.00    4.67
平均时间:  all   86.99    0.00    8.33    0.00    0.00    0.00    0.00    0.00    4.67

Linux 2.6.32-431.el6.x86_64 (slave1) 	2019年07月24日 	_x86_64_	(8 CPU)

23时53分40秒  CPU    %usr   %nice    %sys %iowait    %irq   %soft  %steal  %guest   %idle
23时53分41秒  all   89.62    0.00    9.38    0.00    0.12    0.62    0.00    0.00    0.25
平均时间:  all   89.62    0.00    9.38    0.00    0.12    0.62    0.00    0.00    0.25

Linux 2.6.32-431.el6.x86_64 (slave1) 	2019年07月24日 	_x86_64_	(8 CPU)

23时53分44秒  CPU    %usr   %nice    %sys %iowait    %irq   %soft  %steal  %guest   %idle
23时53分45秒  all   86.51    0.00    9.58    0.00    0.25    0.88    0.00    0.00    2.77
平均时间:  all   86.51    0.00    9.58    0.00    0.25    0.88    0.00    0.00    2.77

Linux 2.6.32-431.el6.x86_64 (slave1) 	2019年07月24日 	_x86_64_	(8 CPU)

23时53分48秒  CPU    %usr   %nice    %sys %iowait    %irq   %soft  %steal  %guest   %idle
23时53分49秒  all   87.72    0.00    8.48    0.00    0.13    1.01    0.00    0.00    2.66
平均时间:  all   87.72    0.00    8.48    0.00    0.13    1.01    0.00    0.00    2.66

Linux 2.6.32-431.el6.x86_64 (slave1) 	2019年07月24日 	_x86_64_	(8 CPU)

23时53分52秒  CPU    %usr   %nice    %sys %iowait    %irq   %soft  %steal  %guest   %idle
23时53分53秒  all   88.43    0.00    8.43    0.00    0.25    0.88    0.00    0.00    2.01
平均时间:  all   88.43    0.00    8.43    0.00    0.25    0.88    0.00    0.00    2.01

Linux 2.6.32-431.el6.x86_64 (slave1) 	2019年07月24日 	_x86_64_	(8 CPU)

23时53分56秒  CPU    %usr   %nice    %sys %iowait    %irq   %soft  %steal  %guest   %idle
23时53分57秒  all   88.52    0.00    5.67    0.00    0.38    1.01    0.00    0.00    4.41
平均时间:  all   88.52    0.00    5.67    0.00    0.38    1.01    0.00    0.00    4.41

Linux 2.6.32-431.el6.x86_64 (slave1) 	2019年07月24日 	_x86_64_	(8 CPU)

23时54分01秒  CPU    %usr   %nice    %sys %iowait    %irq   %soft  %steal  %guest   %idle
23时54分02秒  all   83.31    0.00    8.78    0.00    0.00    1.88    0.00    0.00    6.02
平均时间:  all   83.31    0.00    8.78    0.00    0.00    1.88    0.00    0.00    6.02

Linux 2.6.32-431.el6.x86_64 (slave1) 	2019年07月24日 	_x86_64_	(8 CPU)

23时54分05秒  CPU    %usr   %nice    %sys %iowait    %irq   %soft  %steal  %guest   %idle
23时54分06秒  all   86.40    0.00   11.21    0.00    0.38    1.13    0.00    0.00    0.88
平均时间:  all   86.40    0.00   11.21    0.00    0.38    1.13    0.00    0.00    0.88

Linux 2.6.32-431.el6.x86_64 (slave1) 	2019年07月24日 	_x86_64_	(8 CPU)

23时54分09秒  CPU    %usr   %nice    %sys %iowait    %irq   %soft  %steal  %guest   %idle
23时54分10秒  all   75.95    0.00    5.70    0.00    0.13    1.52    0.00    0.00   16.71
平均时间:  all   75.95    0.00    5.70    0.00    0.13    1.52    0.00    0.00   16.71

Linux 2.6.32-431.el6.x86_64 (slave1) 	2019年07月24日 	_x86_64_	(8 CPU)

23时54分13秒  CPU    %usr   %nice    %sys %iowait    %irq   %soft  %steal  %guest   %idle
23时54分14秒  all   66.16    0.00    4.09    0.00    0.26    1.79    0.00    0.00   27.71
平均时间:  all   66.16    0.00    4.09    0.00    0.26    1.79    0.00    0.00   27.71

Linux 2.6.32-431.el6.x86_64 (slave1) 	2019年07月24日 	_x86_64_	(8 CPU)

23时54分17秒  CPU    %usr   %nice    %sys %iowait    %irq   %soft  %steal  %guest   %idle
23时54分18秒  all   90.49    0.00    5.45    0.00    0.25    1.52    0.00    0.00    2.28
平均时间:  all   90.49    0.00    5.45    0.00    0.25    1.52    0.00    0.00    2.28

Linux 2.6.32-431.el6.x86_64 (slave1) 	2019年07月24日 	_x86_64_	(8 CPU)

23时54分21秒  CPU    %usr   %nice    %sys %iowait    %irq   %soft  %steal  %guest   %idle
23时54分22秒  all   93.00    0.00    5.88    0.00    0.12    0.38    0.00    0.00    0.62
平均时间:  all   93.00    0.00    5.88    0.00    0.12    0.38    0.00    0.00    0.62

Linux 2.6.32-431.el6.x86_64 (slave1) 	2019年07月24日 	_x86_64_	(8 CPU)

23时54分25秒  CPU    %usr   %nice    %sys %iowait    %irq   %soft  %steal  %guest   %idle
23时54分26秒  all   52.46    0.00   10.10    0.00    0.13    1.55    0.00    0.00   35.75
平均时间:  all   52.46    0.00   10.10    0.00    0.13    1.55    0.00    0.00   35.75

Linux 2.6.32-431.el6.x86_64 (slave1) 	2019年07月24日 	_x86_64_	(8 CPU)

23时54分29秒  CPU    %usr   %nice    %sys %iowait    %irq   %soft  %steal  %guest   %idle
23时54分30秒  all   53.26    0.00    6.90    0.00    0.00    0.00    0.00    0.00   39.85
平均时间:  all   53.26    0.00    6.90    0.00    0.00    0.00    0.00    0.00   39.85

Linux 2.6.32-431.el6.x86_64 (slave1) 	2019年07月24日 	_x86_64_	(8 CPU)

23时54分33秒  CPU    %usr   %nice    %sys %iowait    %irq   %soft  %steal  %guest   %idle
23时54分34秒  all   54.55    0.00    7.94    0.00    0.00    0.00    0.00    0.00   37.52
平均时间:  all   54.55    0.00    7.94    0.00    0.00    0.00    0.00    0.00   37.52

Linux 2.6.32-431.el6.x86_64 (slave1) 	2019年07月24日 	_x86_64_	(8 CPU)

23时54分37秒  CPU    %usr   %nice    %sys %iowait    %irq   %soft  %steal  %guest   %idle
23时54分38秒  all   33.84    0.00    5.49    0.00    0.00    0.00    0.00    0.00   60.66
平均时间:  all   33.84    0.00    5.49    0.00    0.00    0.00    0.00    0.00   60.66

Linux 2.6.32-431.el6.x86_64 (slave1) 	2019年07月24日 	_x86_64_	(8 CPU)

23时54分41秒  CPU    %usr   %nice    %sys %iowait    %irq   %soft  %steal  %guest   %idle
23时54分42秒  all   48.09    0.00    5.23    0.00    0.13    0.13    0.00    0.00   46.43
平均时间:  all   48.09    0.00    5.23    0.00    0.13    0.13    0.00    0.00   46.43

Linux 2.6.32-431.el6.x86_64 (slave1) 	2019年07月24日 	_x86_64_	(8 CPU)

23时54分45秒  CPU    %usr   %nice    %sys %iowait    %irq   %soft  %steal  %guest   %idle
23时54分46秒  all   48.28    0.00    7.12    0.00    0.00    0.00    0.00    0.00   44.60
平均时间:  all   48.28    0.00    7.12    0.00    0.00    0.00    0.00    0.00   44.60

Linux 2.6.32-431.el6.x86_64 (slave1) 	2019年07月24日 	_x86_64_	(8 CPU)

23时54分49秒  CPU    %usr   %nice    %sys %iowait    %irq   %soft  %steal  %guest   %idle
23时54分50秒  all   17.71    0.00    7.26    0.00    0.00    0.00    0.00    0.00   75.03
平均时间:  all   17.71    0.00    7.26    0.00    0.00    0.00    0.00    0.00   75.03

Linux 2.6.32-431.el6.x86_64 (slave1) 	2019年07月24日 	_x86_64_	(8 CPU)

23时54分53秒  CPU    %usr   %nice    %sys %iowait    %irq   %soft  %steal  %guest   %idle
23时54分54秒  all    3.80    0.00    1.39    0.00    0.00    0.00    0.00    0.00   94.81
平均时间:  all    3.80    0.00    1.39    0.00    0.00    0.00    0.00    0.00   94.81

Linux 2.6.32-431.el6.x86_64 (slave1) 	2019年07月24日 	_x86_64_	(8 CPU)

23时54分57秒  CPU    %usr   %nice    %sys %iowait    %irq   %soft  %steal  %guest   %idle
23时54分58秒  all    4.94    0.00    1.90    0.00    0.13    0.76    0.00    0.00   92.28
平均时间:  all    4.94    0.00    1.90    0.00    0.13    0.76    0.00    0.00   92.28

Linux 2.6.32-431.el6.x86_64 (slave1) 	2019年07月24日 	_x86_64_	(8 CPU)

23时55分01秒  CPU    %usr   %nice    %sys %iowait    %irq   %soft  %steal  %guest   %idle
23时55分02秒  all    4.82    0.00    1.40    0.00    0.00    0.00    0.00    0.00   93.78
平均时间:  all    4.82    0.00    1.40    0.00    0.00    0.00    0.00    0.00   93.78

Linux 2.6.32-431.el6.x86_64 (slave1) 	2019年07月24日 	_x86_64_	(8 CPU)

23时55分05秒  CPU    %usr   %nice    %sys %iowait    %irq   %soft  %steal  %guest   %idle
23时55分06秒  all    1.38    0.00    2.26    0.00    0.00    0.00    0.00    0.00   96.36
平均时间:  all    1.38    0.00    2.26    0.00    0.00    0.00    0.00    0.00   96.36

Linux 2.6.32-431.el6.x86_64 (slave1) 	2019年07月24日 	_x86_64_	(8 CPU)

23时55分09秒  CPU    %usr   %nice    %sys %iowait    %irq   %soft  %steal  %guest   %idle
23时55分10秒  all    0.38    0.00    0.13    0.00    0.00    0.00    0.00    0.00   99.50
平均时间:  all    0.38    0.00    0.13    0.00    0.00    0.00    0.00    0.00   99.50

Linux 2.6.32-431.el6.x86_64 (slave1) 	2019年07月24日 	_x86_64_	(8 CPU)

23时55分13秒  CPU    %usr   %nice    %sys %iowait    %irq   %soft  %steal  %guest   %idle
23时55分14秒  all    0.13    0.00    0.00    0.00    0.00    0.00    0.00    0.00   99.87
平均时间:  all    0.13    0.00    0.00    0.00    0.00    0.00    0.00    0.00   99.87

Linux 2.6.32-431.el6.x86_64 (slave1) 	2019年07月24日 	_x86_64_	(8 CPU)

23时55分17秒  CPU    %usr   %nice    %sys %iowait    %irq   %soft  %steal  %guest   %idle
23时55分18秒  all    0.00    0.00    0.00    0.00    0.00    0.00    0.00    0.00  100.00
平均时间:  all    0.00    0.00    0.00    0.00    0.00    0.00    0.00    0.00  100.00

Linux 2.6.32-431.el6.x86_64 (slave1) 	2019年07月24日 	_x86_64_	(8 CPU)

23时55分21秒  CPU    %usr   %nice    %sys %iowait    %irq   %soft  %steal  %guest   %idle
23时55分22秒  all    0.00    0.00    0.00    0.00    0.00    0.00    0.00    0.00  100.00
平均时间:  all    0.00    0.00    0.00    0.00    0.00    0.00    0.00    0.00  100.00

Linux 2.6.32-431.el6.x86_64 (slave1) 	2019年07月24日 	_x86_64_	(8 CPU)

23时55分25秒  CPU    %usr   %nice    %sys %iowait    %irq   %soft  %steal  %guest   %idle
23时55分26秒  all    0.00    0.00    0.00    0.00    0.00    0.00    0.00    0.00  100.00
平均时间:  all    0.00    0.00    0.00    0.00    0.00    0.00    0.00    0.00  100.00

Linux 2.6.32-431.el6.x86_64 (slave1) 	2019年07月24日 	_x86_64_	(8 CPU)

23时55分29秒  CPU    %usr   %nice    %sys %iowait    %irq   %soft  %steal  %guest   %idle
23时55分30秒  all    2.27    0.00    1.13    0.00    0.00    0.00    0.00    0.00   96.60
平均时间:  all    2.27    0.00    1.13    0.00    0.00    0.00    0.00    0.00   96.60

Linux 2.6.32-431.el6.x86_64 (slave1) 	2019年07月24日 	_x86_64_	(8 CPU)

23时55分33秒  CPU    %usr   %nice    %sys %iowait    %irq   %soft  %steal  %guest   %idle
23时55分34秒  all    0.00    0.00    0.00    0.00    0.00    0.00    0.00    0.00  100.00
平均时间:  all    0.00    0.00    0.00    0.00    0.00    0.00    0.00    0.00  100.00

Linux 2.6.32-431.el6.x86_64 (slave1) 	2019年07月24日 	_x86_64_	(8 CPU)

23时55分37秒  CPU    %usr   %nice    %sys %iowait    %irq   %soft  %steal  %guest   %idle
23时55分38秒  all    0.00    0.00    0.13    0.00    0.00    0.00    0.00    0.00   99.87
平均时间:  all    0.00    0.00    0.13    0.00    0.00    0.00    0.00    0.00   99.87

Linux 2.6.32-431.el6.x86_64 (slave1) 	2019年07月24日 	_x86_64_	(8 CPU)

23时55分41秒  CPU    %usr   %nice    %sys %iowait    %irq   %soft  %steal  %guest   %idle
23时55分42秒  all    0.13    0.00    0.00    0.00    0.00    0.00    0.00    0.00   99.87
平均时间:  all    0.13    0.00    0.00    0.00    0.00    0.00    0.00    0.00   99.87

Linux 2.6.32-431.el6.x86_64 (slave1) 	2019年07月24日 	_x86_64_	(8 CPU)

23时55分45秒  CPU    %usr   %nice    %sys %iowait    %irq   %soft  %steal  %guest   %idle
23时55分46秒  all    0.00    0.00    0.00    0.00    0.00    0.00    0.00    0.00  100.00
平均时间:  all    0.00    0.00    0.00    0.00    0.00    0.00    0.00    0.00  100.00

