
Linux 2.6.32-431.el6.x86_64 (slave2) 	2019年07月24日 	_x86_64_	(8 CPU)

23时43分13秒  CPU    %usr   %nice    %sys %iowait    %irq   %soft  %steal  %guest   %idle
23时43分14秒  all    0.00    0.00    0.00    0.00    0.00    0.00    0.00    0.00  100.00
平均时间:  all    0.00    0.00    0.00    0.00    0.00    0.00    0.00    0.00  100.00

Linux 2.6.32-431.el6.x86_64 (slave2) 	2019年07月24日 	_x86_64_	(8 CPU)

23时43分17秒  CPU    %usr   %nice    %sys %iowait    %irq   %soft  %steal  %guest   %idle
23时43分18秒  all    0.00    0.00    0.13    0.00    0.00    0.00    0.00    0.00   99.87
平均时间:  all    0.00    0.00    0.13    0.00    0.00    0.00    0.00    0.00   99.87

Linux 2.6.32-431.el6.x86_64 (slave2) 	2019年07月24日 	_x86_64_	(8 CPU)

23时43分21秒  CPU    %usr   %nice    %sys %iowait    %irq   %soft  %steal  %guest   %idle
23时43分22秒  all    0.13    0.00    0.00    0.00    0.00    0.00    0.00    0.00   99.87
平均时间:  all    0.13    0.00    0.00    0.00    0.00    0.00    0.00    0.00   99.87

Linux 2.6.32-431.el6.x86_64 (slave2) 	2019年07月24日 	_x86_64_	(8 CPU)

23时43分25秒  CPU    %usr   %nice    %sys %iowait    %irq   %soft  %steal  %guest   %idle
23时43分26秒  all    0.00    0.00    0.00    0.00    0.00    0.00    0.00    0.00  100.00
平均时间:  all    0.00    0.00    0.00    0.00    0.00    0.00    0.00    0.00  100.00

Linux 2.6.32-431.el6.x86_64 (slave2) 	2019年07月24日 	_x86_64_	(8 CPU)

23时43分29秒  CPU    %usr   %nice    %sys %iowait    %irq   %soft  %steal  %guest   %idle
23时43分30秒  all    1.13    0.00    0.00    0.00    0.00    0.00    0.00    0.00   98.87
平均时间:  all    1.13    0.00    0.00    0.00    0.00    0.00    0.00    0.00   98.87

Linux 2.6.32-431.el6.x86_64 (slave2) 	2019年07月24日 	_x86_64_	(8 CPU)

23时43分33秒  CPU    %usr   %nice    %sys %iowait    %irq   %soft  %steal  %guest   %idle
23时43分34秒  all    1.16    0.00    7.46    0.00    0.26    3.34    0.00    0.00   87.79
平均时间:  all    1.16    0.00    7.46    0.00    0.26    3.34    0.00    0.00   87.79

Linux 2.6.32-431.el6.x86_64 (slave2) 	2019年07月24日 	_x86_64_	(8 CPU)

23时43分37秒  CPU    %usr   %nice    %sys %iowait    %irq   %soft  %steal  %guest   %idle
23时43分38秒  all    1.45    0.00    8.83    0.00    0.66    8.83    0.00    0.00   80.24
平均时间:  all    1.45    0.00    8.83    0.00    0.66    8.83    0.00    0.00   80.24

Linux 2.6.32-431.el6.x86_64 (slave2) 	2019年07月24日 	_x86_64_	(8 CPU)

23时43分41秒  CPU    %usr   %nice    %sys %iowait    %irq   %soft  %steal  %guest   %idle
23时43分42秒  all    7.99    0.00   16.11    0.00    0.53   11.72    0.00    0.00   63.65
平均时间:  all    7.99    0.00   16.11    0.00    0.53   11.72    0.00    0.00   63.65

Linux 2.6.32-431.el6.x86_64 (slave2) 	2019年07月24日 	_x86_64_	(8 CPU)

23时43分45秒  CPU    %usr   %nice    %sys %iowait    %irq   %soft  %steal  %guest   %idle
23时43分46秒  all   71.14    0.00   17.69    0.00    0.25    8.91    0.00    0.00    2.01
平均时间:  all   71.14    0.00   17.69    0.00    0.25    8.91    0.00    0.00    2.01

Linux 2.6.32-431.el6.x86_64 (slave2) 	2019年07月24日 	_x86_64_	(8 CPU)

23时43分49秒  CPU    %usr   %nice    %sys %iowait    %irq   %soft  %steal  %guest   %idle
23时43分50秒  all   71.09    0.00   17.52    0.00    0.25   10.76    0.00    0.00    0.38
平均时间:  all   71.09    0.00   17.52    0.00    0.25   10.76    0.00    0.00    0.38

Linux 2.6.32-431.el6.x86_64 (slave2) 	2019年07月24日 	_x86_64_	(8 CPU)

23时43分54秒  CPU    %usr   %nice    %sys %iowait    %irq   %soft  %steal  %guest   %idle
23时43分55秒  all   73.22    0.00   17.15    0.00    0.25    9.39    0.00    0.00    0.00
平均时间:  all   73.22    0.00   17.15    0.00    0.25    9.39    0.00    0.00    0.00

Linux 2.6.32-431.el6.x86_64 (slave2) 	2019年07月24日 	_x86_64_	(8 CPU)

23时43分58秒  CPU    %usr   %nice    %sys %iowait    %irq   %soft  %steal  %guest   %idle
23时43分59秒  all   69.09    0.00   20.03    0.00    0.25   10.64    0.00    0.00    0.00
平均时间:  all   69.09    0.00   20.03    0.00    0.25   10.64    0.00    0.00    0.00

Linux 2.6.32-431.el6.x86_64 (slave2) 	2019年07月24日 	_x86_64_	(8 CPU)

23时44分02秒  CPU    %usr   %nice    %sys %iowait    %irq   %soft  %steal  %guest   %idle
23时44分03秒  all   82.08    0.00   14.16    0.00    0.13    3.63    0.00    0.00    0.00
平均时间:  all   82.08    0.00   14.16    0.00    0.13    3.63    0.00    0.00    0.00

Linux 2.6.32-431.el6.x86_64 (slave2) 	2019年07月24日 	_x86_64_	(8 CPU)

23时44分06秒  CPU    %usr   %nice    %sys %iowait    %irq   %soft  %steal  %guest   %idle
23时44分07秒  all   88.64    0.00    9.49    0.00    0.00    1.75    0.00    0.00    0.12
平均时间:  all   88.64    0.00    9.49    0.00    0.00    1.75    0.00    0.00    0.12

Linux 2.6.32-431.el6.x86_64 (slave2) 	2019年07月24日 	_x86_64_	(8 CPU)

23时44分10秒  CPU    %usr   %nice    %sys %iowait    %irq   %soft  %steal  %guest   %idle
23时44分11秒  all   55.06    0.00    6.40    0.00    0.00    0.00    0.00    0.00   38.54
平均时间:  all   55.06    0.00    6.40    0.00    0.00    0.00    0.00    0.00   38.54

Linux 2.6.32-431.el6.x86_64 (slave2) 	2019年07月24日 	_x86_64_	(8 CPU)

23时44分14秒  CPU    %usr   %nice    %sys %iowait    %irq   %soft  %steal  %guest   %idle
23时44分15秒  all   45.04    0.00    6.11    0.00    0.00    0.13    0.00    0.00   48.73
平均时间:  all   45.04    0.00    6.11    0.00    0.00    0.13    0.00    0.00   48.73

Linux 2.6.32-431.el6.x86_64 (slave2) 	2019年07月24日 	_x86_64_	(8 CPU)

23时44分18秒  CPU    %usr   %nice    %sys %iowait    %irq   %soft  %steal  %guest   %idle
23时44分19秒  all   19.36    0.00    2.04    0.00    0.00    0.13    0.00    0.00   78.47
平均时间:  all   19.36    0.00    2.04    0.00    0.00    0.13    0.00    0.00   78.47

Linux 2.6.32-431.el6.x86_64 (slave2) 	2019年07月24日 	_x86_64_	(8 CPU)

23时44分22秒  CPU    %usr   %nice    %sys %iowait    %irq   %soft  %steal  %guest   %idle
23时44分23秒  all   22.17    0.00    5.86    0.00    0.13    0.00    0.00    0.00   71.85
平均时间:  all   22.17    0.00    5.86    0.00    0.13    0.00    0.00    0.00   71.85

Linux 2.6.32-431.el6.x86_64 (slave2) 	2019年07月24日 	_x86_64_	(8 CPU)

23时44分26秒  CPU    %usr   %nice    %sys %iowait    %irq   %soft  %steal  %guest   %idle
23时44分27秒  all   42.42    0.00   10.54    0.00    0.00    2.44    0.00    0.00   44.60
平均时间:  all   42.42    0.00   10.54    0.00    0.00    2.44    0.00    0.00   44.60

Linux 2.6.32-431.el6.x86_64 (slave2) 	2019年07月24日 	_x86_64_	(8 CPU)

23时44分30秒  CPU    %usr   %nice    %sys %iowait    %irq   %soft  %steal  %guest   %idle
23时44分31秒  all   69.24    0.00    7.09    0.00    0.00    0.13    0.00    0.00   23.54
平均时间:  all   69.24    0.00    7.09    0.00    0.00    0.13    0.00    0.00   23.54

Linux 2.6.32-431.el6.x86_64 (slave2) 	2019年07月24日 	_x86_64_	(8 CPU)

23时44分34秒  CPU    %usr   %nice    %sys %iowait    %irq   %soft  %steal  %guest   %idle
23时44分35秒  all   42.66    0.00   11.88    0.00    0.00    1.79    0.00    0.00   43.68
平均时间:  all   42.66    0.00   11.88    0.00    0.00    1.79    0.00    0.00   43.68

Linux 2.6.32-431.el6.x86_64 (slave2) 	2019年07月24日 	_x86_64_	(8 CPU)

23时44分38秒  CPU    %usr   %nice    %sys %iowait    %irq   %soft  %steal  %guest   %idle
23时44分39秒  all   72.31    0.00    8.34    0.00    0.13    0.00    0.00    0.00   19.22
平均时间:  all   72.31    0.00    8.34    0.00    0.13    0.00    0.00    0.00   19.22

Linux 2.6.32-431.el6.x86_64 (slave2) 	2019年07月24日 	_x86_64_	(8 CPU)

23时44分42秒  CPU    %usr   %nice    %sys %iowait    %irq   %soft  %steal  %guest   %idle
23时44分43秒  all   54.60    0.00    8.18    0.00    0.00    0.00    0.00    0.00   37.21
平均时间:  all   54.60    0.00    8.18    0.00    0.00    0.00    0.00    0.00   37.21

Linux 2.6.32-431.el6.x86_64 (slave2) 	2019年07月24日 	_x86_64_	(8 CPU)

23时44分46秒  CPU    %usr   %nice    %sys %iowait    %irq   %soft  %steal  %guest   %idle
23时44分47秒  all   61.75    0.00    6.86    0.00    0.00    0.25    0.00    0.00   31.13
平均时间:  all   61.75    0.00    6.86    0.00    0.00    0.25    0.00    0.00   31.13

Linux 2.6.32-431.el6.x86_64 (slave2) 	2019年07月24日 	_x86_64_	(8 CPU)

23时44分50秒  CPU    %usr   %nice    %sys %iowait    %irq   %soft  %steal  %guest   %idle
23时44分51秒  all   33.67    0.00    5.10    0.00    0.00    0.00    0.00    0.00   61.22
平均时间:  all   33.67    0.00    5.10    0.00    0.00    0.00    0.00    0.00   61.22

Linux 2.6.32-431.el6.x86_64 (slave2) 	2019年07月24日 	_x86_64_	(8 CPU)

23时44分54秒  CPU    %usr   %nice    %sys %iowait    %irq   %soft  %steal  %guest   %idle
23时44分56秒  all   81.91    0.00    9.55    0.00    0.00    0.00    0.00    0.00    8.54
平均时间:  all   81.91    0.00    9.55    0.00    0.00    0.00    0.00    0.00    8.54

Linux 2.6.32-431.el6.x86_64 (slave2) 	2019年07月24日 	_x86_64_	(8 CPU)

23时44分59秒  CPU    %usr   %nice    %sys %iowait    %irq   %soft  %steal  %guest   %idle
23时45分00秒  all   73.10    0.00    4.82    0.00    0.00    0.38    0.00    0.00   21.70
平均时间:  all   73.10    0.00    4.82    0.00    0.00    0.38    0.00    0.00   21.70

Linux 2.6.32-431.el6.x86_64 (slave2) 	2019年07月24日 	_x86_64_	(8 CPU)

23时45分03秒  CPU    %usr   %nice    %sys %iowait    %irq   %soft  %steal  %guest   %idle
23时45分04秒  all   80.96    0.00    8.07    0.00    0.00    0.38    0.00    0.00   10.59
平均时间:  all   80.96    0.00    8.07    0.00    0.00    0.38    0.00    0.00   10.59

Linux 2.6.32-431.el6.x86_64 (slave2) 	2019年07月24日 	_x86_64_	(8 CPU)

23时45分07秒  CPU    %usr   %nice    %sys %iowait    %irq   %soft  %steal  %guest   %idle
23时45分08秒  all   67.59    0.00   14.96    0.00    0.13    5.91    0.00    0.00   11.42
平均时间:  all   67.59    0.00   14.96    0.00    0.13    5.91    0.00    0.00   11.42

Linux 2.6.32-431.el6.x86_64 (slave2) 	2019年07月24日 	_x86_64_	(8 CPU)

23时45分11秒  CPU    %usr   %nice    %sys %iowait    %irq   %soft  %steal  %guest   %idle
23时45分12秒  all   25.52    0.00   10.60    0.00    0.52    8.64    0.00    0.00   54.71
平均时间:  all   25.52    0.00   10.60    0.00    0.52    8.64    0.00    0.00   54.71

Linux 2.6.32-431.el6.x86_64 (slave2) 	2019年07月24日 	_x86_64_	(8 CPU)

23时45分15秒  CPU    %usr   %nice    %sys %iowait    %irq   %soft  %steal  %guest   %idle
23时45分16秒  all   34.29    0.00   11.78    0.00    0.39    4.84    0.00    0.00   48.69
平均时间:  all   34.29    0.00   11.78    0.00    0.39    4.84    0.00    0.00   48.69

Linux 2.6.32-431.el6.x86_64 (slave2) 	2019年07月24日 	_x86_64_	(8 CPU)

23时45分19秒  CPU    %usr   %nice    %sys %iowait    %irq   %soft  %steal  %guest   %idle
23时45分20秒  all   71.94    0.00   14.16    0.00    0.26    4.59    0.00    0.00    9.06
平均时间:  all   71.94    0.00   14.16    0.00    0.26    4.59    0.00    0.00    9.06

Linux 2.6.32-431.el6.x86_64 (slave2) 	2019年07月24日 	_x86_64_	(8 CPU)

23时45分23秒  CPU    %usr   %nice    %sys %iowait    %irq   %soft  %steal  %guest   %idle
23时45分24秒  all   37.14    0.00   17.45    0.00    0.79   12.86    0.00    0.00   31.76
平均时间:  all   37.14    0.00   17.45    0.00    0.79   12.86    0.00    0.00   31.76

Linux 2.6.32-431.el6.x86_64 (slave2) 	2019年07月24日 	_x86_64_	(8 CPU)

23时45分27秒  CPU    %usr   %nice    %sys %iowait    %irq   %soft  %steal  %guest   %idle
23时45分28秒  all   76.10    0.00   14.02    0.00    0.25    8.01    0.00    0.00    1.63
平均时间:  all   76.10    0.00   14.02    0.00    0.25    8.01    0.00    0.00    1.63

Linux 2.6.32-431.el6.x86_64 (slave2) 	2019年07月24日 	_x86_64_	(8 CPU)

23时45分31秒  CPU    %usr   %nice    %sys %iowait    %irq   %soft  %steal  %guest   %idle
23时45分32秒  all   52.64    0.00   20.21    0.00    0.13   12.74    0.00    0.00   14.29
平均时间:  all   52.64    0.00   20.21    0.00    0.13   12.74    0.00    0.00   14.29

Linux 2.6.32-431.el6.x86_64 (slave2) 	2019年07月24日 	_x86_64_	(8 CPU)

23时45分35秒  CPU    %usr   %nice    %sys %iowait    %irq   %soft  %steal  %guest   %idle
23时45分36秒  all   76.71    0.00    8.86    0.13    0.00    0.25    0.00    0.00   14.05
平均时间:  all   76.71    0.00    8.86    0.13    0.00    0.25    0.00    0.00   14.05

Linux 2.6.32-431.el6.x86_64 (slave2) 	2019年07月24日 	_x86_64_	(8 CPU)

23时45分39秒  CPU    %usr   %nice    %sys %iowait    %irq   %soft  %steal  %guest   %idle
23时45分40秒  all   67.26    0.00   13.12    0.00    0.00    6.50    0.00    0.00   13.12
平均时间:  all   67.26    0.00   13.12    0.00    0.00    6.50    0.00    0.00   13.12

Linux 2.6.32-431.el6.x86_64 (slave2) 	2019年07月24日 	_x86_64_	(8 CPU)

23时45分43秒  CPU    %usr   %nice    %sys %iowait    %irq   %soft  %steal  %guest   %idle
23时45分44秒  all   87.37    0.00    7.58    0.00    0.00    0.76    0.00    0.00    4.29
平均时间:  all   87.37    0.00    7.58    0.00    0.00    0.76    0.00    0.00    4.29

Linux 2.6.32-431.el6.x86_64 (slave2) 	2019年07月24日 	_x86_64_	(8 CPU)

23时45分47秒  CPU    %usr   %nice    %sys %iowait    %irq   %soft  %steal  %guest   %idle
23时45分48秒  all   92.19    0.00    6.68    0.00    0.00    0.63    0.00    0.00    0.50
平均时间:  all   92.19    0.00    6.68    0.00    0.00    0.63    0.00    0.00    0.50

Linux 2.6.32-431.el6.x86_64 (slave2) 	2019年07月24日 	_x86_64_	(8 CPU)

23时45分51秒  CPU    %usr   %nice    %sys %iowait    %irq   %soft  %steal  %guest   %idle
23时45分52秒  all   89.41    0.00    6.56    0.00    0.00    0.63    0.00    0.00    3.40
平均时间:  all   89.41    0.00    6.56    0.00    0.00    0.63    0.00    0.00    3.40

Linux 2.6.32-431.el6.x86_64 (slave2) 	2019年07月24日 	_x86_64_	(8 CPU)

23时45分55秒  CPU    %usr   %nice    %sys %iowait    %irq   %soft  %steal  %guest   %idle
23时45分56秒  all   87.64    0.00    8.45    0.00    0.00    0.50    0.00    0.00    3.40
平均时间:  all   87.64    0.00    8.45    0.00    0.00    0.50    0.00    0.00    3.40

Linux 2.6.32-431.el6.x86_64 (slave2) 	2019年07月24日 	_x86_64_	(8 CPU)

23时45分59秒  CPU    %usr   %nice    %sys %iowait    %irq   %soft  %steal  %guest   %idle
23时46分00秒  all   92.22    0.00    5.90    0.00    0.00    0.63    0.00    0.00    1.25
平均时间:  all   92.22    0.00    5.90    0.00    0.00    0.63    0.00    0.00    1.25

Linux 2.6.32-431.el6.x86_64 (slave2) 	2019年07月24日 	_x86_64_	(8 CPU)

23时46分03秒  CPU    %usr   %nice    %sys %iowait    %irq   %soft  %steal  %guest   %idle
23时46分04秒  all   87.94    0.00    9.67    0.00    0.13    1.51    0.00    0.00    0.75
平均时间:  all   87.94    0.00    9.67    0.00    0.13    1.51    0.00    0.00    0.75

Linux 2.6.32-431.el6.x86_64 (slave2) 	2019年07月24日 	_x86_64_	(8 CPU)

23时46分07秒  CPU    %usr   %nice    %sys %iowait    %irq   %soft  %steal  %guest   %idle
23时46分08秒  all   78.58    0.00   10.77    0.00    0.00    1.14    0.00    0.00    9.51
平均时间:  all   78.58    0.00   10.77    0.00    0.00    1.14    0.00    0.00    9.51

Linux 2.6.32-431.el6.x86_64 (slave2) 	2019年07月24日 	_x86_64_	(8 CPU)

23时46分11秒  CPU    %usr   %nice    %sys %iowait    %irq   %soft  %steal  %guest   %idle
23时46分12秒  all   78.96    0.00    5.45    0.00    0.00    1.01    0.00    0.00   14.58
平均时间:  all   78.96    0.00    5.45    0.00    0.00    1.01    0.00    0.00   14.58

Linux 2.6.32-431.el6.x86_64 (slave2) 	2019年07月24日 	_x86_64_	(8 CPU)

23时46分15秒  CPU    %usr   %nice    %sys %iowait    %irq   %soft  %steal  %guest   %idle
23时46分16秒  all   61.45    0.00    4.07    0.00    0.00    0.89    0.00    0.00   33.59
平均时间:  all   61.45    0.00    4.07    0.00    0.00    0.89    0.00    0.00   33.59

Linux 2.6.32-431.el6.x86_64 (slave2) 	2019年07月24日 	_x86_64_	(8 CPU)

23时46分19秒  CPU    %usr   %nice    %sys %iowait    %irq   %soft  %steal  %guest   %idle
23时46分20秒  all   94.60    0.00    3.89    0.00    0.00    0.38    0.00    0.00    1.13
平均时间:  all   94.60    0.00    3.89    0.00    0.00    0.38    0.00    0.00    1.13

Linux 2.6.32-431.el6.x86_64 (slave2) 	2019年07月24日 	_x86_64_	(8 CPU)

23时46分23秒  CPU    %usr   %nice    %sys %iowait    %irq   %soft  %steal  %guest   %idle
23时46分24秒  all   77.50    0.00    8.60    0.00    0.00    0.88    0.00    0.00   13.02
平均时间:  all   77.50    0.00    8.60    0.00    0.00    0.88    0.00    0.00   13.02

Linux 2.6.32-431.el6.x86_64 (slave2) 	2019年07月24日 	_x86_64_	(8 CPU)

23时46分27秒  CPU    %usr   %nice    %sys %iowait    %irq   %soft  %steal  %guest   %idle
23时46分28秒  all   65.47    0.00   13.30    0.00    0.13    0.77    0.00    0.00   20.33
平均时间:  all   65.47    0.00   13.30    0.00    0.13    0.77    0.00    0.00   20.33

Linux 2.6.32-431.el6.x86_64 (slave2) 	2019年07月24日 	_x86_64_	(8 CPU)

23时46分31秒  CPU    %usr   %nice    %sys %iowait    %irq   %soft  %steal  %guest   %idle
23时46分32秒  all   80.52    0.00   14.61    0.00    0.00    0.62    0.00    0.00    4.24
平均时间:  all   80.52    0.00   14.61    0.00    0.00    0.62    0.00    0.00    4.24

Linux 2.6.32-431.el6.x86_64 (slave2) 	2019年07月24日 	_x86_64_	(8 CPU)

23时46分35秒  CPU    %usr   %nice    %sys %iowait    %irq   %soft  %steal  %guest   %idle
23时46分36秒  all   82.69    0.00   11.42    0.00    0.25    2.01    0.00    0.00    3.64
平均时间:  all   82.69    0.00   11.42    0.00    0.25    2.01    0.00    0.00    3.64

Linux 2.6.32-431.el6.x86_64 (slave2) 	2019年07月24日 	_x86_64_	(8 CPU)

23时46分39秒  CPU    %usr   %nice    %sys %iowait    %irq   %soft  %steal  %guest   %idle
23时46分40秒  all   69.42    0.00   17.17    0.00    0.25   12.16    0.00    0.00    1.00
平均时间:  all   69.42    0.00   17.17    0.00    0.25   12.16    0.00    0.00    1.00

Linux 2.6.32-431.el6.x86_64 (slave2) 	2019年07月24日 	_x86_64_	(8 CPU)

23时46分43秒  CPU    %usr   %nice    %sys %iowait    %irq   %soft  %steal  %guest   %idle
23时46分44秒  all   59.52    0.00   22.93    0.00    0.13   16.67    0.00    0.00    0.75
平均时间:  all   59.52    0.00   22.93    0.00    0.13   16.67    0.00    0.00    0.75

Linux 2.6.32-431.el6.x86_64 (slave2) 	2019年07月24日 	_x86_64_	(8 CPU)

23时46分47秒  CPU    %usr   %nice    %sys %iowait    %irq   %soft  %steal  %guest   %idle
23时46分48秒  all   56.82    0.00   25.66    0.00    0.50   17.02    0.00    0.00    0.00
平均时间:  all   56.82    0.00   25.66    0.00    0.50   17.02    0.00    0.00    0.00

Linux 2.6.32-431.el6.x86_64 (slave2) 	2019年07月24日 	_x86_64_	(8 CPU)

23时46分51秒  CPU    %usr   %nice    %sys %iowait    %irq   %soft  %steal  %guest   %idle
23时46分52秒  all   64.29    0.00   20.43    0.00    0.25   15.04    0.00    0.00    0.00
平均时间:  all   64.29    0.00   20.43    0.00    0.25   15.04    0.00    0.00    0.00

Linux 2.6.32-431.el6.x86_64 (slave2) 	2019年07月24日 	_x86_64_	(8 CPU)

23时46分55秒  CPU    %usr   %nice    %sys %iowait    %irq   %soft  %steal  %guest   %idle
23时46分56秒  all   62.95    0.00   19.90    0.00    0.13   17.02    0.00    0.00    0.00
平均时间:  all   62.95    0.00   19.90    0.00    0.13   17.02    0.00    0.00    0.00

Linux 2.6.32-431.el6.x86_64 (slave2) 	2019年07月24日 	_x86_64_	(8 CPU)

23时46分59秒  CPU    %usr   %nice    %sys %iowait    %irq   %soft  %steal  %guest   %idle
23时47分00秒  all   65.33    0.00   20.65    0.00    0.13   13.89    0.00    0.00    0.00
平均时间:  all   65.33    0.00   20.65    0.00    0.13   13.89    0.00    0.00    0.00

Linux 2.6.32-431.el6.x86_64 (slave2) 	2019年07月24日 	_x86_64_	(8 CPU)

23时47分04秒  CPU    %usr   %nice    %sys %iowait    %irq   %soft  %steal  %guest   %idle
23时47分05秒  all   93.38    0.00    5.75    0.00    0.00    0.00    0.00    0.00    0.88
平均时间:  all   93.38    0.00    5.75    0.00    0.00    0.00    0.00    0.00    0.88

Linux 2.6.32-431.el6.x86_64 (slave2) 	2019年07月24日 	_x86_64_	(8 CPU)

23时47分08秒  CPU    %usr   %nice    %sys %iowait    %irq   %soft  %steal  %guest   %idle
23时47分09秒  all   29.28    0.00    5.07    0.00    0.00    0.00    0.00    0.00   65.65
平均时间:  all   29.28    0.00    5.07    0.00    0.00    0.00    0.00    0.00   65.65

Linux 2.6.32-431.el6.x86_64 (slave2) 	2019年07月24日 	_x86_64_	(8 CPU)

23时47分12秒  CPU    %usr   %nice    %sys %iowait    %irq   %soft  %steal  %guest   %idle
23时47分13秒  all    1.27    0.00    0.25    0.00    0.00    0.00    0.00    0.00   98.48
平均时间:  all    1.27    0.00    0.25    0.00    0.00    0.00    0.00    0.00   98.48

Linux 2.6.32-431.el6.x86_64 (slave2) 	2019年07月24日 	_x86_64_	(8 CPU)

23时47分16秒  CPU    %usr   %nice    %sys %iowait    %irq   %soft  %steal  %guest   %idle
23时47分17秒  all   38.96    0.00    4.44    0.00    0.00    0.00    0.00    0.00   56.60
平均时间:  all   38.96    0.00    4.44    0.00    0.00    0.00    0.00    0.00   56.60

Linux 2.6.32-431.el6.x86_64 (slave2) 	2019年07月24日 	_x86_64_	(8 CPU)

23时47分20秒  CPU    %usr   %nice    %sys %iowait    %irq   %soft  %steal  %guest   %idle
23时47分21秒  all   22.61    0.00    4.73    0.00    0.00    0.00    0.00    0.00   72.67
平均时间:  all   22.61    0.00    4.73    0.00    0.00    0.00    0.00    0.00   72.67

Linux 2.6.32-431.el6.x86_64 (slave2) 	2019年07月24日 	_x86_64_	(8 CPU)

23时47分24秒  CPU    %usr   %nice    %sys %iowait    %irq   %soft  %steal  %guest   %idle
23时47分25秒  all   25.03    0.00    4.09    0.00    0.00    0.00    0.00    0.00   70.88
平均时间:  all   25.03    0.00    4.09    0.00    0.00    0.00    0.00    0.00   70.88

Linux 2.6.32-431.el6.x86_64 (slave2) 	2019年07月24日 	_x86_64_	(8 CPU)

23时47分28秒  CPU    %usr   %nice    %sys %iowait    %irq   %soft  %steal  %guest   %idle
23时47分29秒  all    0.76    0.00    1.14    0.00    0.00    0.63    0.00    0.00   97.47
平均时间:  all    0.76    0.00    1.14    0.00    0.00    0.63    0.00    0.00   97.47

Linux 2.6.32-431.el6.x86_64 (slave2) 	2019年07月24日 	_x86_64_	(8 CPU)

23时47分32秒  CPU    %usr   %nice    %sys %iowait    %irq   %soft  %steal  %guest   %idle
23时47分33秒  all   14.97    0.00    4.57    0.00    0.00    0.00    0.00    0.00   80.46
平均时间:  all   14.97    0.00    4.57    0.00    0.00    0.00    0.00    0.00   80.46

Linux 2.6.32-431.el6.x86_64 (slave2) 	2019年07月24日 	_x86_64_	(8 CPU)

23时47分36秒  CPU    %usr   %nice    %sys %iowait    %irq   %soft  %steal  %guest   %idle
23时47分37秒  all   51.65    0.00    7.63    0.00    0.00    0.00    0.00    0.00   40.71
平均时间:  all   51.65    0.00    7.63    0.00    0.00    0.00    0.00    0.00   40.71

Linux 2.6.32-431.el6.x86_64 (slave2) 	2019年07月24日 	_x86_64_	(8 CPU)

23时47分40秒  CPU    %usr   %nice    %sys %iowait    %irq   %soft  %steal  %guest   %idle
23时47分41秒  all    8.82    0.00    5.63    0.00    0.00    0.51    0.00    0.00   85.04
平均时间:  all    8.82    0.00    5.63    0.00    0.00    0.51    0.00    0.00   85.04

Linux 2.6.32-431.el6.x86_64 (slave2) 	2019年07月24日 	_x86_64_	(8 CPU)

23时47分44秒  CPU    %usr   %nice    %sys %iowait    %irq   %soft  %steal  %guest   %idle
23时47分45秒  all   47.01    0.00    6.24    0.00    0.00    0.00    0.00    0.00   46.75
平均时间:  all   47.01    0.00    6.24    0.00    0.00    0.00    0.00    0.00   46.75

Linux 2.6.32-431.el6.x86_64 (slave2) 	2019年07月24日 	_x86_64_	(8 CPU)

23时47分48秒  CPU    %usr   %nice    %sys %iowait    %irq   %soft  %steal  %guest   %idle
23时47分49秒  all   66.46    0.00    4.30    0.00    0.00    0.00    0.00    0.00   29.24
平均时间:  all   66.46    0.00    4.30    0.00    0.00    0.00    0.00    0.00   29.24

Linux 2.6.32-431.el6.x86_64 (slave2) 	2019年07月24日 	_x86_64_	(8 CPU)

23时47分52秒  CPU    %usr   %nice    %sys %iowait    %irq   %soft  %steal  %guest   %idle
23时47分53秒  all   46.35    0.00    4.23    0.00    0.00    0.00    0.00    0.00   49.42
平均时间:  all   46.35    0.00    4.23    0.00    0.00    0.00    0.00    0.00   49.42

Linux 2.6.32-431.el6.x86_64 (slave2) 	2019年07月24日 	_x86_64_	(8 CPU)

23时47分56秒  CPU    %usr   %nice    %sys %iowait    %irq   %soft  %steal  %guest   %idle
23时47分57秒  all   34.87    0.00    4.85    0.00    0.00    0.00    0.00    0.00   60.28
平均时间:  all   34.87    0.00    4.85    0.00    0.00    0.00    0.00    0.00   60.28

Linux 2.6.32-431.el6.x86_64 (slave2) 	2019年07月24日 	_x86_64_	(8 CPU)

23时48分00秒  CPU    %usr   %nice    %sys %iowait    %irq   %soft  %steal  %guest   %idle
23时48分01秒  all   49.74    0.00    4.59    0.00    0.00    0.13    0.00    0.00   45.54
平均时间:  all   49.74    0.00    4.59    0.00    0.00    0.13    0.00    0.00   45.54

Linux 2.6.32-431.el6.x86_64 (slave2) 	2019年07月24日 	_x86_64_	(8 CPU)

23时48分04秒  CPU    %usr   %nice    %sys %iowait    %irq   %soft  %steal  %guest   %idle
23时48分05秒  all   51.84    0.00    2.54    0.00    0.00    0.00    0.00    0.00   45.62
平均时间:  all   51.84    0.00    2.54    0.00    0.00    0.00    0.00    0.00   45.62

Linux 2.6.32-431.el6.x86_64 (slave2) 	2019年07月24日 	_x86_64_	(8 CPU)

23时48分08秒  CPU    %usr   %nice    %sys %iowait    %irq   %soft  %steal  %guest   %idle
23时48分09秒  all   28.57    0.00    7.08    0.00    0.26    0.77    0.00    0.00   63.32
平均时间:  all   28.57    0.00    7.08    0.00    0.26    0.77    0.00    0.00   63.32

Linux 2.6.32-431.el6.x86_64 (slave2) 	2019年07月24日 	_x86_64_	(8 CPU)

23时48分12秒  CPU    %usr   %nice    %sys %iowait    %irq   %soft  %steal  %guest   %idle
23时48分13秒  all   27.44    0.00    7.54    0.00    0.13    1.95    0.00    0.00   62.94
平均时间:  all   27.44    0.00    7.54    0.00    0.13    1.95    0.00    0.00   62.94

Linux 2.6.32-431.el6.x86_64 (slave2) 	2019年07月24日 	_x86_64_	(8 CPU)

23时48分16秒  CPU    %usr   %nice    %sys %iowait    %irq   %soft  %steal  %guest   %idle
23时48分17秒  all   16.71    0.00   10.26    0.00    0.66   14.87    0.00    0.00   57.50
平均时间:  all   16.71    0.00   10.26    0.00    0.66   14.87    0.00    0.00   57.50

Linux 2.6.32-431.el6.x86_64 (slave2) 	2019年07月24日 	_x86_64_	(8 CPU)

23时48分20秒  CPU    %usr   %nice    %sys %iowait    %irq   %soft  %steal  %guest   %idle
23时48分21秒  all   16.38    0.00   10.30    0.00    0.53   17.97    0.00    0.00   54.82
平均时间:  all   16.38    0.00   10.30    0.00    0.53   17.97    0.00    0.00   54.82

Linux 2.6.32-431.el6.x86_64 (slave2) 	2019年07月24日 	_x86_64_	(8 CPU)

23时48分24秒  CPU    %usr   %nice    %sys %iowait    %irq   %soft  %steal  %guest   %idle
23时48分25秒  all   17.22    0.00    9.14    0.00    0.79   14.30    0.00    0.00   58.54
平均时间:  all   17.22    0.00    9.14    0.00    0.79   14.30    0.00    0.00   58.54

Linux 2.6.32-431.el6.x86_64 (slave2) 	2019年07月24日 	_x86_64_	(8 CPU)

23时48分28秒  CPU    %usr   %nice    %sys %iowait    %irq   %soft  %steal  %guest   %idle
23时48分29秒  all   17.47    0.00   12.10    0.00    0.40   10.89    0.00    0.00   59.14
平均时间:  all   17.47    0.00   12.10    0.00    0.40   10.89    0.00    0.00   59.14

Linux 2.6.32-431.el6.x86_64 (slave2) 	2019年07月24日 	_x86_64_	(8 CPU)

23时48分32秒  CPU    %usr   %nice    %sys %iowait    %irq   %soft  %steal  %guest   %idle
23时48分33秒  all   12.77    0.00   10.35    0.13    0.81   18.15    0.00    0.00   57.80
平均时间:  all   12.77    0.00   10.35    0.13    0.81   18.15    0.00    0.00   57.80

Linux 2.6.32-431.el6.x86_64 (slave2) 	2019年07月24日 	_x86_64_	(8 CPU)

23时48分36秒  CPU    %usr   %nice    %sys %iowait    %irq   %soft  %steal  %guest   %idle
23时48分37秒  all   40.00    0.00   13.77    0.00    0.39   17.79    0.00    0.00   28.05
平均时间:  all   40.00    0.00   13.77    0.00    0.39   17.79    0.00    0.00   28.05

Linux 2.6.32-431.el6.x86_64 (slave2) 	2019年07月24日 	_x86_64_	(8 CPU)

23时48分40秒  CPU    %usr   %nice    %sys %iowait    %irq   %soft  %steal  %guest   %idle
23时48分41秒  all   37.34    0.00    6.65    0.00    0.00    0.00    0.00    0.00   56.01
平均时间:  all   37.34    0.00    6.65    0.00    0.00    0.00    0.00    0.00   56.01

Linux 2.6.32-431.el6.x86_64 (slave2) 	2019年07月24日 	_x86_64_	(8 CPU)

23时48分44秒  CPU    %usr   %nice    %sys %iowait    %irq   %soft  %steal  %guest   %idle
23时48分45秒  all   49.55    0.00   10.50    0.26    0.00    3.59    0.00    0.00   36.11
平均时间:  all   49.55    0.00   10.50    0.26    0.00    3.59    0.00    0.00   36.11

Linux 2.6.32-431.el6.x86_64 (slave2) 	2019年07月24日 	_x86_64_	(8 CPU)

23时48分48秒  CPU    %usr   %nice    %sys %iowait    %irq   %soft  %steal  %guest   %idle
23时48分49秒  all   12.61    0.00    3.82    0.00    0.00    0.76    0.00    0.00   82.80
平均时间:  all   12.61    0.00    3.82    0.00    0.00    0.76    0.00    0.00   82.80

Linux 2.6.32-431.el6.x86_64 (slave2) 	2019年07月24日 	_x86_64_	(8 CPU)

23时48分52秒  CPU    %usr   %nice    %sys %iowait    %irq   %soft  %steal  %guest   %idle
23时48分53秒  all   64.16    0.00    8.80    0.00    0.00    0.00    0.00    0.00   27.04
平均时间:  all   64.16    0.00    8.80    0.00    0.00    0.00    0.00    0.00   27.04

Linux 2.6.32-431.el6.x86_64 (slave2) 	2019年07月24日 	_x86_64_	(8 CPU)

23时48分56秒  CPU    %usr   %nice    %sys %iowait    %irq   %soft  %steal  %guest   %idle
23时48分57秒  all   73.19    0.00    7.50    0.00    0.00    0.00    0.00    0.00   19.31
平均时间:  all   73.19    0.00    7.50    0.00    0.00    0.00    0.00    0.00   19.31

Linux 2.6.32-431.el6.x86_64 (slave2) 	2019年07月24日 	_x86_64_	(8 CPU)

23时49分00秒  CPU    %usr   %nice    %sys %iowait    %irq   %soft  %steal  %guest   %idle
23时49分01秒  all   54.08    0.00    4.72    0.00    0.00    0.51    0.00    0.00   40.69
平均时间:  all   54.08    0.00    4.72    0.00    0.00    0.51    0.00    0.00   40.69

Linux 2.6.32-431.el6.x86_64 (slave2) 	2019年07月24日 	_x86_64_	(8 CPU)

23时49分04秒  CPU    %usr   %nice    %sys %iowait    %irq   %soft  %steal  %guest   %idle
23时49分05秒  all   40.97    0.00    2.29    0.00    0.00    1.40    0.00    0.00   55.34
平均时间:  all   40.97    0.00    2.29    0.00    0.00    1.40    0.00    0.00   55.34

Linux 2.6.32-431.el6.x86_64 (slave2) 	2019年07月24日 	_x86_64_	(8 CPU)

23时49分08秒  CPU    %usr   %nice    %sys %iowait    %irq   %soft  %steal  %guest   %idle
23时49分09秒  all   67.55    0.00    4.69    0.00    0.00    0.63    0.00    0.00   27.12
平均时间:  all   67.55    0.00    4.69    0.00    0.00    0.63    0.00    0.00   27.12

Linux 2.6.32-431.el6.x86_64 (slave2) 	2019年07月24日 	_x86_64_	(8 CPU)

23时49分12秒  CPU    %usr   %nice    %sys %iowait    %irq   %soft  %steal  %guest   %idle
23时49分13秒  all   60.33    0.00    4.34    0.00    0.00    1.91    0.00    0.00   33.42
平均时间:  all   60.33    0.00    4.34    0.00    0.00    1.91    0.00    0.00   33.42

Linux 2.6.32-431.el6.x86_64 (slave2) 	2019年07月24日 	_x86_64_	(8 CPU)

23时49分16秒  CPU    %usr   %nice    %sys %iowait    %irq   %soft  %steal  %guest   %idle
23时49分17秒  all   41.26    0.00    2.83    0.00    0.00    1.93    0.00    0.00   53.98
平均时间:  all   41.26    0.00    2.83    0.00    0.00    1.93    0.00    0.00   53.98

Linux 2.6.32-431.el6.x86_64 (slave2) 	2019年07月24日 	_x86_64_	(8 CPU)

23时49分20秒  CPU    %usr   %nice    %sys %iowait    %irq   %soft  %steal  %guest   %idle
23时49分21秒  all   69.56    0.00    1.89    0.00    0.00    0.38    0.00    0.00   28.18
平均时间:  all   69.56    0.00    1.89    0.00    0.00    0.38    0.00    0.00   28.18

Linux 2.6.32-431.el6.x86_64 (slave2) 	2019年07月24日 	_x86_64_	(8 CPU)

23时49分24秒  CPU    %usr   %nice    %sys %iowait    %irq   %soft  %steal  %guest   %idle
23时49分25秒  all   43.44    0.00    3.82    0.00    0.00    1.91    0.00    0.00   50.83
平均时间:  all   43.44    0.00    3.82    0.00    0.00    1.91    0.00    0.00   50.83

Linux 2.6.32-431.el6.x86_64 (slave2) 	2019年07月24日 	_x86_64_	(8 CPU)

23时49分28秒  CPU    %usr   %nice    %sys %iowait    %irq   %soft  %steal  %guest   %idle
23时49分29秒  all   27.56    0.00    1.14    0.00    0.00    0.25    0.00    0.00   71.05
平均时间:  all   27.56    0.00    1.14    0.00    0.00    0.25    0.00    0.00   71.05

Linux 2.6.32-431.el6.x86_64 (slave2) 	2019年07月24日 	_x86_64_	(8 CPU)

23时49分32秒  CPU    %usr   %nice    %sys %iowait    %irq   %soft  %steal  %guest   %idle
23时49分33秒  all   77.02    0.00    6.94    0.00    0.00    1.01    0.00    0.00   15.03
平均时间:  all   77.02    0.00    6.94    0.00    0.00    1.01    0.00    0.00   15.03

Linux 2.6.32-431.el6.x86_64 (slave2) 	2019年07月24日 	_x86_64_	(8 CPU)

23时49分36秒  CPU    %usr   %nice    %sys %iowait    %irq   %soft  %steal  %guest   %idle
23时49分37秒  all   18.48    0.00    4.26    0.00    0.13    0.78    0.00    0.00   76.36
平均时间:  all   18.48    0.00    4.26    0.00    0.13    0.78    0.00    0.00   76.36

Linux 2.6.32-431.el6.x86_64 (slave2) 	2019年07月24日 	_x86_64_	(8 CPU)

23时49分40秒  CPU    %usr   %nice    %sys %iowait    %irq   %soft  %steal  %guest   %idle
23时49分41秒  all   61.35    0.00   11.73    0.00    0.00    0.00    0.00    0.00   26.91
平均时间:  all   61.35    0.00   11.73    0.00    0.00    0.00    0.00    0.00   26.91

Linux 2.6.32-431.el6.x86_64 (slave2) 	2019年07月24日 	_x86_64_	(8 CPU)

23时49分44秒  CPU    %usr   %nice    %sys %iowait    %irq   %soft  %steal  %guest   %idle
23时49分45秒  all   87.25    0.00    8.96    0.00    0.00    0.00    0.00    0.00    3.79
平均时间:  all   87.25    0.00    8.96    0.00    0.00    0.00    0.00    0.00    3.79

Linux 2.6.32-431.el6.x86_64 (slave2) 	2019年07月24日 	_x86_64_	(8 CPU)

23时49分48秒  CPU    %usr   %nice    %sys %iowait    %irq   %soft  %steal  %guest   %idle
23时49分49秒  all   56.31    0.00    7.01    0.00    0.00    0.38    0.00    0.00   36.31
平均时间:  all   56.31    0.00    7.01    0.00    0.00    0.38    0.00    0.00   36.31

Linux 2.6.32-431.el6.x86_64 (slave2) 	2019年07月24日 	_x86_64_	(8 CPU)

23时49分52秒  CPU    %usr   %nice    %sys %iowait    %irq   %soft  %steal  %guest   %idle
23时49分53秒  all   65.95    0.00   15.37    0.00    0.00    0.13    0.00    0.00   18.55
平均时间:  all   65.95    0.00   15.37    0.00    0.00    0.13    0.00    0.00   18.55

Linux 2.6.32-431.el6.x86_64 (slave2) 	2019年07月24日 	_x86_64_	(8 CPU)

23时49分56秒  CPU    %usr   %nice    %sys %iowait    %irq   %soft  %steal  %guest   %idle
23时49分57秒  all   88.99    0.00    9.76    0.00    0.00    0.00    0.00    0.00    1.25
平均时间:  all   88.99    0.00    9.76    0.00    0.00    0.00    0.00    0.00    1.25

Linux 2.6.32-431.el6.x86_64 (slave2) 	2019年07月24日 	_x86_64_	(8 CPU)

23时50分00秒  CPU    %usr   %nice    %sys %iowait    %irq   %soft  %steal  %guest   %idle
23时50分01秒  all   87.75    0.00    9.38    0.00    0.00    0.12    0.00    0.00    2.75
平均时间:  all   87.75    0.00    9.38    0.00    0.00    0.12    0.00    0.00    2.75

Linux 2.6.32-431.el6.x86_64 (slave2) 	2019年07月24日 	_x86_64_	(8 CPU)

23时50分04秒  CPU    %usr   %nice    %sys %iowait    %irq   %soft  %steal  %guest   %idle
23时50分05秒  all   93.11    0.00    6.02    0.00    0.00    0.00    0.00    0.00    0.88
平均时间:  all   93.11    0.00    6.02    0.00    0.00    0.00    0.00    0.00    0.88

Linux 2.6.32-431.el6.x86_64 (slave2) 	2019年07月24日 	_x86_64_	(8 CPU)

23时50分08秒  CPU    %usr   %nice    %sys %iowait    %irq   %soft  %steal  %guest   %idle
23时50分09秒  all   89.84    0.00    7.90    0.00    0.00    0.13    0.00    0.00    2.13
平均时间:  all   89.84    0.00    7.90    0.00    0.00    0.13    0.00    0.00    2.13

Linux 2.6.32-431.el6.x86_64 (slave2) 	2019年07月24日 	_x86_64_	(8 CPU)

23时50分12秒  CPU    %usr   %nice    %sys %iowait    %irq   %soft  %steal  %guest   %idle
23时50分13秒  all   86.02    0.00    4.91    0.00    0.00    0.00    0.00    0.00    9.07
平均时间:  all   86.02    0.00    4.91    0.00    0.00    0.00    0.00    0.00    9.07

Linux 2.6.32-431.el6.x86_64 (slave2) 	2019年07月24日 	_x86_64_	(8 CPU)

23时50分16秒  CPU    %usr   %nice    %sys %iowait    %irq   %soft  %steal  %guest   %idle
23时50分17秒  all   48.34    0.00    4.21    0.00    0.00    0.38    0.00    0.00   47.07
平均时间:  all   48.34    0.00    4.21    0.00    0.00    0.38    0.00    0.00   47.07

Linux 2.6.32-431.el6.x86_64 (slave2) 	2019年07月24日 	_x86_64_	(8 CPU)

23时50分20秒  CPU    %usr   %nice    %sys %iowait    %irq   %soft  %steal  %guest   %idle
23时50分21秒  all   36.96    0.00    2.94    0.00    0.00    0.38    0.00    0.00   59.72
平均时间:  all   36.96    0.00    2.94    0.00    0.00    0.38    0.00    0.00   59.72

Linux 2.6.32-431.el6.x86_64 (slave2) 	2019年07月24日 	_x86_64_	(8 CPU)

23时50分24秒  CPU    %usr   %nice    %sys %iowait    %irq   %soft  %steal  %guest   %idle
23时50分25秒  all   36.05    0.00    2.80    0.00    0.13    0.76    0.00    0.00   60.25
平均时间:  all   36.05    0.00    2.80    0.00    0.13    0.76    0.00    0.00   60.25

Linux 2.6.32-431.el6.x86_64 (slave2) 	2019年07月24日 	_x86_64_	(8 CPU)

23时50分28秒  CPU    %usr   %nice    %sys %iowait    %irq   %soft  %steal  %guest   %idle
23时50分29秒  all   30.36    0.00    3.83    0.00    0.00    0.00    0.00    0.00   65.82
平均时间:  all   30.36    0.00    3.83    0.00    0.00    0.00    0.00    0.00   65.82

Linux 2.6.32-431.el6.x86_64 (slave2) 	2019年07月24日 	_x86_64_	(8 CPU)

23时50分32秒  CPU    %usr   %nice    %sys %iowait    %irq   %soft  %steal  %guest   %idle
23时50分33秒  all   22.22    0.00    5.30    0.00    0.00    0.13    0.00    0.00   72.35
平均时间:  all   22.22    0.00    5.30    0.00    0.00    0.13    0.00    0.00   72.35

Linux 2.6.32-431.el6.x86_64 (slave2) 	2019年07月24日 	_x86_64_	(8 CPU)

23时50分36秒  CPU    %usr   %nice    %sys %iowait    %irq   %soft  %steal  %guest   %idle
23时50分37秒  all   67.94    0.00    6.36    0.00    0.13    0.13    0.00    0.00   25.45
平均时间:  all   67.94    0.00    6.36    0.00    0.13    0.13    0.00    0.00   25.45

Linux 2.6.32-431.el6.x86_64 (slave2) 	2019年07月24日 	_x86_64_	(8 CPU)

23时50分40秒  CPU    %usr   %nice    %sys %iowait    %irq   %soft  %steal  %guest   %idle
23时50分41秒  all   53.54    0.00    7.46    0.00    0.13    0.77    0.00    0.00   38.10
平均时间:  all   53.54    0.00    7.46    0.00    0.13    0.77    0.00    0.00   38.10

Linux 2.6.32-431.el6.x86_64 (slave2) 	2019年07月24日 	_x86_64_	(8 CPU)

23时50分44秒  CPU    %usr   %nice    %sys %iowait    %irq   %soft  %steal  %guest   %idle
23时50分45秒  all   70.25    0.00   13.54    0.00    0.00    0.89    0.00    0.00   15.32
平均时间:  all   70.25    0.00   13.54    0.00    0.00    0.89    0.00    0.00   15.32

Linux 2.6.32-431.el6.x86_64 (slave2) 	2019年07月24日 	_x86_64_	(8 CPU)

23时50分48秒  CPU    %usr   %nice    %sys %iowait    %irq   %soft  %steal  %guest   %idle
23时50分49秒  all   52.37    0.00    6.66    0.00    0.00    0.26    0.00    0.00   40.72
平均时间:  all   52.37    0.00    6.66    0.00    0.00    0.26    0.00    0.00   40.72

Linux 2.6.32-431.el6.x86_64 (slave2) 	2019年07月24日 	_x86_64_	(8 CPU)

23时50分52秒  CPU    %usr   %nice    %sys %iowait    %irq   %soft  %steal  %guest   %idle
23时50分53秒  all   81.92    0.00    9.36    0.00    0.00    0.00    0.00    0.00    8.72
平均时间:  all   81.92    0.00    9.36    0.00    0.00    0.00    0.00    0.00    8.72

Linux 2.6.32-431.el6.x86_64 (slave2) 	2019年07月24日 	_x86_64_	(8 CPU)

23时50分56秒  CPU    %usr   %nice    %sys %iowait    %irq   %soft  %steal  %guest   %idle
23时50分57秒  all   69.91    0.00   13.27    0.00    0.00    1.26    0.00    0.00   15.55
平均时间:  all   69.91    0.00   13.27    0.00    0.00    1.26    0.00    0.00   15.55

Linux 2.6.32-431.el6.x86_64 (slave2) 	2019年07月24日 	_x86_64_	(8 CPU)

23时51分00秒  CPU    %usr   %nice    %sys %iowait    %irq   %soft  %steal  %guest   %idle
23时51分01秒  all   89.88    0.00    8.38    0.00    0.00    0.38    0.00    0.00    1.38
平均时间:  all   89.88    0.00    8.38    0.00    0.00    0.38    0.00    0.00    1.38

Linux 2.6.32-431.el6.x86_64 (slave2) 	2019年07月24日 	_x86_64_	(8 CPU)

23时51分04秒  CPU    %usr   %nice    %sys %iowait    %irq   %soft  %steal  %guest   %idle
23时51分05秒  all   88.79    0.00   10.33    0.00    0.00    0.38    0.00    0.00    0.50
平均时间:  all   88.79    0.00   10.33    0.00    0.00    0.38    0.00    0.00    0.50

Linux 2.6.32-431.el6.x86_64 (slave2) 	2019年07月24日 	_x86_64_	(8 CPU)

23时51分09秒  CPU    %usr   %nice    %sys %iowait    %irq   %soft  %steal  %guest   %idle
23时51分10秒  all   86.45    0.00   12.30    0.00    0.00    0.50    0.00    0.00    0.75
平均时间:  all   86.45    0.00   12.30    0.00    0.00    0.50    0.00    0.00    0.75

Linux 2.6.32-431.el6.x86_64 (slave2) 	2019年07月24日 	_x86_64_	(8 CPU)

23时51分13秒  CPU    %usr   %nice    %sys %iowait    %irq   %soft  %steal  %guest   %idle
23时51分14秒  all   75.73    0.00    7.84    0.00    0.00    0.51    0.00    0.00   15.93
平均时间:  all   75.73    0.00    7.84    0.00    0.00    0.51    0.00    0.00   15.93

Linux 2.6.32-431.el6.x86_64 (slave2) 	2019年07月24日 	_x86_64_	(8 CPU)

23时51分17秒  CPU    %usr   %nice    %sys %iowait    %irq   %soft  %steal  %guest   %idle
23时51分18秒  all   87.23    0.00   11.14    0.00    0.00    0.75    0.00    0.00    0.88
平均时间:  all   87.23    0.00   11.14    0.00    0.00    0.75    0.00    0.00    0.88

Linux 2.6.32-431.el6.x86_64 (slave2) 	2019年07月24日 	_x86_64_	(8 CPU)

23时51分21秒  CPU    %usr   %nice    %sys %iowait    %irq   %soft  %steal  %guest   %idle
23时51分22秒  all   90.57    0.00    8.05    0.00    0.00    1.26    0.00    0.00    0.13
平均时间:  all   90.57    0.00    8.05    0.00    0.00    1.26    0.00    0.00    0.13

Linux 2.6.32-431.el6.x86_64 (slave2) 	2019年07月24日 	_x86_64_	(8 CPU)

23时51分25秒  CPU    %usr   %nice    %sys %iowait    %irq   %soft  %steal  %guest   %idle
23时51分26秒  all   86.38    0.00   12.48    0.00    0.00    1.13    0.00    0.00    0.00
平均时间:  all   86.38    0.00   12.48    0.00    0.00    1.13    0.00    0.00    0.00

Linux 2.6.32-431.el6.x86_64 (slave2) 	2019年07月24日 	_x86_64_	(8 CPU)

23时51分29秒  CPU    %usr   %nice    %sys %iowait    %irq   %soft  %steal  %guest   %idle
23时51分30秒  all   88.05    0.00    7.92    0.00    0.00    0.38    0.00    0.00    3.65
平均时间:  all   88.05    0.00    7.92    0.00    0.00    0.38    0.00    0.00    3.65

Linux 2.6.32-431.el6.x86_64 (slave2) 	2019年07月24日 	_x86_64_	(8 CPU)

23时51分33秒  CPU    %usr   %nice    %sys %iowait    %irq   %soft  %steal  %guest   %idle
23时51分34秒  all   88.37    0.00    8.85    0.00    0.00    0.51    0.00    0.00    2.28
平均时间:  all   88.37    0.00    8.85    0.00    0.00    0.51    0.00    0.00    2.28

Linux 2.6.32-431.el6.x86_64 (slave2) 	2019年07月24日 	_x86_64_	(8 CPU)

23时51分37秒  CPU    %usr   %nice    %sys %iowait    %irq   %soft  %steal  %guest   %idle
23时51分38秒  all   79.92    0.00    6.10    0.00    0.00    1.02    0.00    0.00   12.96
平均时间:  all   79.92    0.00    6.10    0.00    0.00    1.02    0.00    0.00   12.96

Linux 2.6.32-431.el6.x86_64 (slave2) 	2019年07月24日 	_x86_64_	(8 CPU)

23时51分41秒  CPU    %usr   %nice    %sys %iowait    %irq   %soft  %steal  %guest   %idle
23时51分42秒  all   57.42    0.00    4.48    0.00    0.00    0.64    0.00    0.00   37.47
平均时间:  all   57.42    0.00    4.48    0.00    0.00    0.64    0.00    0.00   37.47

Linux 2.6.32-431.el6.x86_64 (slave2) 	2019年07月24日 	_x86_64_	(8 CPU)

23时51分45秒  CPU    %usr   %nice    %sys %iowait    %irq   %soft  %steal  %guest   %idle
23时51分46秒  all   42.88    0.00    3.31    0.00    0.13    0.51    0.00    0.00   53.18
平均时间:  all   42.88    0.00    3.31    0.00    0.13    0.51    0.00    0.00   53.18

Linux 2.6.32-431.el6.x86_64 (slave2) 	2019年07月24日 	_x86_64_	(8 CPU)

23时51分49秒  CPU    %usr   %nice    %sys %iowait    %irq   %soft  %steal  %guest   %idle
23时51分50秒  all   94.62    0.00    4.88    0.00    0.00    0.12    0.00    0.00    0.38
平均时间:  all   94.62    0.00    4.88    0.00    0.00    0.12    0.00    0.00    0.38

Linux 2.6.32-431.el6.x86_64 (slave2) 	2019年07月24日 	_x86_64_	(8 CPU)

23时51分53秒  CPU    %usr   %nice    %sys %iowait    %irq   %soft  %steal  %guest   %idle
23时51分54秒  all   87.81    0.00    8.29    0.00    0.00    0.38    0.00    0.00    3.52
平均时间:  all   87.81    0.00    8.29    0.00    0.00    0.38    0.00    0.00    3.52

Linux 2.6.32-431.el6.x86_64 (slave2) 	2019年07月24日 	_x86_64_	(8 CPU)

23时51分57秒  CPU    %usr   %nice    %sys %iowait    %irq   %soft  %steal  %guest   %idle
23时51分58秒  all   26.91    0.00    4.85    0.00    0.00    0.00    0.00    0.00   68.24
平均时间:  all   26.91    0.00    4.85    0.00    0.00    0.00    0.00    0.00   68.24

Linux 2.6.32-431.el6.x86_64 (slave2) 	2019年07月24日 	_x86_64_	(8 CPU)

23时52分01秒  CPU    %usr   %nice    %sys %iowait    %irq   %soft  %steal  %guest   %idle
23时52分02秒  all   92.24    0.00    5.76    0.00    0.00    0.38    0.00    0.00    1.63
平均时间:  all   92.24    0.00    5.76    0.00    0.00    0.38    0.00    0.00    1.63

Linux 2.6.32-431.el6.x86_64 (slave2) 	2019年07月24日 	_x86_64_	(8 CPU)

23时52分05秒  CPU    %usr   %nice    %sys %iowait    %irq   %soft  %steal  %guest   %idle
23时52分06秒  all   78.61    0.00   12.78    0.00    0.00    0.89    0.00    0.00    7.72
平均时间:  all   78.61    0.00   12.78    0.00    0.00    0.89    0.00    0.00    7.72

Linux 2.6.32-431.el6.x86_64 (slave2) 	2019年07月24日 	_x86_64_	(8 CPU)

23时52分09秒  CPU    %usr   %nice    %sys %iowait    %irq   %soft  %steal  %guest   %idle
23时52分10秒  all   81.91    0.00   14.32    0.00    0.00    1.01    0.00    0.00    2.76
平均时间:  all   81.91    0.00   14.32    0.00    0.00    1.01    0.00    0.00    2.76

Linux 2.6.32-431.el6.x86_64 (slave2) 	2019年07月24日 	_x86_64_	(8 CPU)

23时52分13秒  CPU    %usr   %nice    %sys %iowait    %irq   %soft  %steal  %guest   %idle
23时52分14秒  all   81.61    0.00   12.34    0.00    0.00    0.25    0.00    0.00    5.79
平均时间:  all   81.61    0.00   12.34    0.00    0.00    0.25    0.00    0.00    5.79

Linux 2.6.32-431.el6.x86_64 (slave2) 	2019年07月24日 	_x86_64_	(8 CPU)

23时52分17秒  CPU    %usr   %nice    %sys %iowait    %irq   %soft  %steal  %guest   %idle
23时52分18秒  all   92.75    0.00    7.00    0.00    0.00    0.12    0.00    0.00    0.12
平均时间:  all   92.75    0.00    7.00    0.00    0.00    0.12    0.00    0.00    0.12

Linux 2.6.32-431.el6.x86_64 (slave2) 	2019年07月24日 	_x86_64_	(8 CPU)

23时52分21秒  CPU    %usr   %nice    %sys %iowait    %irq   %soft  %steal  %guest   %idle
23时52分22秒  all   92.63    0.00    6.74    0.00    0.00    0.25    0.00    0.00    0.37
平均时间:  all   92.63    0.00    6.74    0.00    0.00    0.25    0.00    0.00    0.37

Linux 2.6.32-431.el6.x86_64 (slave2) 	2019年07月24日 	_x86_64_	(8 CPU)

23时52分25秒  CPU    %usr   %nice    %sys %iowait    %irq   %soft  %steal  %guest   %idle
23时52分26秒  all   74.27    0.00    6.97    0.00    0.00    0.13    0.00    0.00   18.63
平均时间:  all   74.27    0.00    6.97    0.00    0.00    0.13    0.00    0.00   18.63

Linux 2.6.32-431.el6.x86_64 (slave2) 	2019年07月24日 	_x86_64_	(8 CPU)

23时52分29秒  CPU    %usr   %nice    %sys %iowait    %irq   %soft  %steal  %guest   %idle
23时52分30秒  all   52.99    0.00    4.70    0.00    0.00    0.13    0.00    0.00   42.19
平均时间:  all   52.99    0.00    4.70    0.00    0.00    0.13    0.00    0.00   42.19

Linux 2.6.32-431.el6.x86_64 (slave2) 	2019年07月24日 	_x86_64_	(8 CPU)

23时52分33秒  CPU    %usr   %nice    %sys %iowait    %irq   %soft  %steal  %guest   %idle
23时52分34秒  all    3.43    0.00    1.14    0.00    0.00    0.13    0.00    0.00   95.30
平均时间:  all    3.43    0.00    1.14    0.00    0.00    0.13    0.00    0.00   95.30

Linux 2.6.32-431.el6.x86_64 (slave2) 	2019年07月24日 	_x86_64_	(8 CPU)

23时52分37秒  CPU    %usr   %nice    %sys %iowait    %irq   %soft  %steal  %guest   %idle
23时52分38秒  all   20.47    0.00    4.17    0.00    0.00    0.78    0.00    0.00   74.58
平均时间:  all   20.47    0.00    4.17    0.00    0.00    0.78    0.00    0.00   74.58

Linux 2.6.32-431.el6.x86_64 (slave2) 	2019年07月24日 	_x86_64_	(8 CPU)

23时52分41秒  CPU    %usr   %nice    %sys %iowait    %irq   %soft  %steal  %guest   %idle
23时52分42秒  all    0.38    0.00    0.25    0.00    0.00    0.00    0.00    0.00   99.37
平均时间:  all    0.38    0.00    0.25    0.00    0.00    0.00    0.00    0.00   99.37

Linux 2.6.32-431.el6.x86_64 (slave2) 	2019年07月24日 	_x86_64_	(8 CPU)

23时52分45秒  CPU    %usr   %nice    %sys %iowait    %irq   %soft  %steal  %guest   %idle
23时52分46秒  all   41.39    0.00    8.48    0.00    0.00    0.00    0.00    0.00   50.13
平均时间:  all   41.39    0.00    8.48    0.00    0.00    0.00    0.00    0.00   50.13

Linux 2.6.32-431.el6.x86_64 (slave2) 	2019年07月24日 	_x86_64_	(8 CPU)

23时52分49秒  CPU    %usr   %nice    %sys %iowait    %irq   %soft  %steal  %guest   %idle
23时52分50秒  all   56.70    0.00    9.07    0.00    0.00    0.26    0.00    0.00   33.97
平均时间:  all   56.70    0.00    9.07    0.00    0.00    0.26    0.00    0.00   33.97

Linux 2.6.32-431.el6.x86_64 (slave2) 	2019年07月24日 	_x86_64_	(8 CPU)

23时52分53秒  CPU    %usr   %nice    %sys %iowait    %irq   %soft  %steal  %guest   %idle
23时52分54秒  all    3.93    0.00    0.76    0.00    0.00    0.00    0.00    0.00   95.31
平均时间:  all    3.93    0.00    0.76    0.00    0.00    0.00    0.00    0.00   95.31

Linux 2.6.32-431.el6.x86_64 (slave2) 	2019年07月24日 	_x86_64_	(8 CPU)

23时52分57秒  CPU    %usr   %nice    %sys %iowait    %irq   %soft  %steal  %guest   %idle
23时52分58秒  all   90.69    0.00    6.92    0.00    0.00    0.13    0.00    0.00    2.26
平均时间:  all   90.69    0.00    6.92    0.00    0.00    0.13    0.00    0.00    2.26

Linux 2.6.32-431.el6.x86_64 (slave2) 	2019年07月24日 	_x86_64_	(8 CPU)

23时53分01秒  CPU    %usr   %nice    %sys %iowait    %irq   %soft  %steal  %guest   %idle
23时53分02秒  all   33.63    0.00    5.75    0.13    0.00    5.88    0.00    0.00   54.60
平均时间:  all   33.63    0.00    5.75    0.13    0.00    5.88    0.00    0.00   54.60

Linux 2.6.32-431.el6.x86_64 (slave2) 	2019年07月24日 	_x86_64_	(8 CPU)

23时53分05秒  CPU    %usr   %nice    %sys %iowait    %irq   %soft  %steal  %guest   %idle
23时53分06秒  all   78.28    0.00    5.18    0.00    0.00    0.25    0.00    0.00   16.29
平均时间:  all   78.28    0.00    5.18    0.00    0.00    0.25    0.00    0.00   16.29

Linux 2.6.32-431.el6.x86_64 (slave2) 	2019年07月24日 	_x86_64_	(8 CPU)

23时53分09秒  CPU    %usr   %nice    %sys %iowait    %irq   %soft  %steal  %guest   %idle
23时53分10秒  all   58.88    0.00    6.22    0.00    0.00    0.63    0.00    0.00   34.26
平均时间:  all   58.88    0.00    6.22    0.00    0.00    0.63    0.00    0.00   34.26

Linux 2.6.32-431.el6.x86_64 (slave2) 	2019年07月24日 	_x86_64_	(8 CPU)

23时53分13秒  CPU    %usr   %nice    %sys %iowait    %irq   %soft  %steal  %guest   %idle
23时53分14秒  all   31.38    0.00    2.55    0.00    0.00    1.53    0.00    0.00   64.54
平均时间:  all   31.38    0.00    2.55    0.00    0.00    1.53    0.00    0.00   64.54

Linux 2.6.32-431.el6.x86_64 (slave2) 	2019年07月24日 	_x86_64_	(8 CPU)

23时53分17秒  CPU    %usr   %nice    %sys %iowait    %irq   %soft  %steal  %guest   %idle
23时53分18秒  all   19.21    0.00    3.20    0.00    0.00    2.69    0.00    0.00   74.90
平均时间:  all   19.21    0.00    3.20    0.00    0.00    2.69    0.00    0.00   74.90

Linux 2.6.32-431.el6.x86_64 (slave2) 	2019年07月24日 	_x86_64_	(8 CPU)

23时53分21秒  CPU    %usr   %nice    %sys %iowait    %irq   %soft  %steal  %guest   %idle
23时53分22秒  all   34.82    0.00    4.34    0.00    0.00    0.13    0.00    0.00   60.71
平均时间:  all   34.82    0.00    4.34    0.00    0.00    0.13    0.00    0.00   60.71

Linux 2.6.32-431.el6.x86_64 (slave2) 	2019年07月24日 	_x86_64_	(8 CPU)

23时53分25秒  CPU    %usr   %nice    %sys %iowait    %irq   %soft  %steal  %guest   %idle
23时53分26秒  all   62.90    0.00    9.88    0.00    0.13    1.41    0.00    0.00   25.67
平均时间:  all   62.90    0.00    9.88    0.00    0.13    1.41    0.00    0.00   25.67

Linux 2.6.32-431.el6.x86_64 (slave2) 	2019年07月24日 	_x86_64_	(8 CPU)

23时53分29秒  CPU    %usr   %nice    %sys %iowait    %irq   %soft  %steal  %guest   %idle
23时53分30秒  all   13.90    0.00    4.59    0.00    0.13    0.00    0.00    0.00   81.38
平均时间:  all   13.90    0.00    4.59    0.00    0.13    0.00    0.00    0.00   81.38

Linux 2.6.32-431.el6.x86_64 (slave2) 	2019年07月24日 	_x86_64_	(8 CPU)

23时53分33秒  CPU    %usr   %nice    %sys %iowait    %irq   %soft  %steal  %guest   %idle
23时53分34秒  all   73.10    0.00    9.14    0.00    0.00    0.00    0.00    0.00   17.77
平均时间:  all   73.10    0.00    9.14    0.00    0.00    0.00    0.00    0.00   17.77

Linux 2.6.32-431.el6.x86_64 (slave2) 	2019年07月24日 	_x86_64_	(8 CPU)

23时53分37秒  CPU    %usr   %nice    %sys %iowait    %irq   %soft  %steal  %guest   %idle
23时53分38秒  all   77.95    0.00   13.05    0.00    0.00    0.00    0.00    0.00    9.00
平均时间:  all   77.95    0.00   13.05    0.00    0.00    0.00    0.00    0.00    9.00

Linux 2.6.32-431.el6.x86_64 (slave2) 	2019年07月24日 	_x86_64_	(8 CPU)

23时53分41秒  CPU    %usr   %nice    %sys %iowait    %irq   %soft  %steal  %guest   %idle
23时53分42秒  all   80.88    0.00   17.00    0.00    0.00    1.62    0.00    0.00    0.50
平均时间:  all   80.88    0.00   17.00    0.00    0.00    1.62    0.00    0.00    0.50

Linux 2.6.32-431.el6.x86_64 (slave2) 	2019年07月24日 	_x86_64_	(8 CPU)

23时53分46秒  CPU    %usr   %nice    %sys %iowait    %irq   %soft  %steal  %guest   %idle
23时53分47秒  all   88.28    0.00    9.73    0.00    0.00    0.37    0.00    0.00    1.62
平均时间:  all   88.28    0.00    9.73    0.00    0.00    0.37    0.00    0.00    1.62

Linux 2.6.32-431.el6.x86_64 (slave2) 	2019年07月24日 	_x86_64_	(8 CPU)

23时53分50秒  CPU    %usr   %nice    %sys %iowait    %irq   %soft  %steal  %guest   %idle
23时53分51秒  all   89.85    0.00    8.65    0.00    0.00    0.63    0.00    0.00    0.88
平均时间:  all   89.85    0.00    8.65    0.00    0.00    0.63    0.00    0.00    0.88

Linux 2.6.32-431.el6.x86_64 (slave2) 	2019年07月24日 	_x86_64_	(8 CPU)

23时53分54秒  CPU    %usr   %nice    %sys %iowait    %irq   %soft  %steal  %guest   %idle
23时53分55秒  all   90.98    0.00    7.64    0.00    0.00    0.00    0.00    0.00    1.38
平均时间:  all   90.98    0.00    7.64    0.00    0.00    0.00    0.00    0.00    1.38

Linux 2.6.32-431.el6.x86_64 (slave2) 	2019年07月24日 	_x86_64_	(8 CPU)

23时53分58秒  CPU    %usr   %nice    %sys %iowait    %irq   %soft  %steal  %guest   %idle
23时53分59秒  all   79.11    0.00    7.09    0.00    0.00    0.76    0.00    0.00   13.04
平均时间:  all   79.11    0.00    7.09    0.00    0.00    0.76    0.00    0.00   13.04

Linux 2.6.32-431.el6.x86_64 (slave2) 	2019年07月24日 	_x86_64_	(8 CPU)

23时54分02秒  CPU    %usr   %nice    %sys %iowait    %irq   %soft  %steal  %guest   %idle
23时54分03秒  all   84.11    0.00    6.31    0.00    0.00    0.63    0.00    0.00    8.95
平均时间:  all   84.11    0.00    6.31    0.00    0.00    0.63    0.00    0.00    8.95

Linux 2.6.32-431.el6.x86_64 (slave2) 	2019年07月24日 	_x86_64_	(8 CPU)

23时54分06秒  CPU    %usr   %nice    %sys %iowait    %irq   %soft  %steal  %guest   %idle
23时54分07秒  all   74.84    0.00    6.07    0.00    0.00    1.77    0.00    0.00   17.32
平均时间:  all   74.84    0.00    6.07    0.00    0.00    1.77    0.00    0.00   17.32

Linux 2.6.32-431.el6.x86_64 (slave2) 	2019年07月24日 	_x86_64_	(8 CPU)

23时54分10秒  CPU    %usr   %nice    %sys %iowait    %irq   %soft  %steal  %guest   %idle
23时54分11秒  all   59.97    0.00    4.07    0.00    0.00    1.27    0.00    0.00   34.69
平均时间:  all   59.97    0.00    4.07    0.00    0.00    1.27    0.00    0.00   34.69

Linux 2.6.32-431.el6.x86_64 (slave2) 	2019年07月24日 	_x86_64_	(8 CPU)

23时54分14秒  CPU    %usr   %nice    %sys %iowait    %irq   %soft  %steal  %guest   %idle
23时54分15秒  all   43.18    0.00    3.18    0.00    0.00    0.89    0.00    0.00   52.74
平均时间:  all   43.18    0.00    3.18    0.00    0.00    0.89    0.00    0.00   52.74

Linux 2.6.32-431.el6.x86_64 (slave2) 	2019年07月24日 	_x86_64_	(8 CPU)

23时54分18秒  CPU    %usr   %nice    %sys %iowait    %irq   %soft  %steal  %guest   %idle
23时54分19秒  all   62.37    0.00    8.67    0.00    0.13    1.53    0.00    0.00   27.30
平均时间:  all   62.37    0.00    8.67    0.00    0.13    1.53    0.00    0.00   27.30

Linux 2.6.32-431.el6.x86_64 (slave2) 	2019年07月24日 	_x86_64_	(8 CPU)

23时54分22秒  CPU    %usr   %nice    %sys %iowait    %irq   %soft  %steal  %guest   %idle
23时54分23秒  all   84.82    0.00   12.30    0.00    0.00    0.75    0.00    0.00    2.13
平均时间:  all   84.82    0.00   12.30    0.00    0.00    0.75    0.00    0.00    2.13

Linux 2.6.32-431.el6.x86_64 (slave2) 	2019年07月24日 	_x86_64_	(8 CPU)

23时54分26秒  CPU    %usr   %nice    %sys %iowait    %irq   %soft  %steal  %guest   %idle
23时54分27秒  all   70.20    0.00   15.47    0.00    0.00    1.53    0.00    0.00   12.79
平均时间:  all   70.20    0.00   15.47    0.00    0.00    1.53    0.00    0.00   12.79

Linux 2.6.32-431.el6.x86_64 (slave2) 	2019年07月24日 	_x86_64_	(8 CPU)

23时54分30秒  CPU    %usr   %nice    %sys %iowait    %irq   %soft  %steal  %guest   %idle
23时54分31秒  all   82.55    0.00    8.60    0.00    0.00    0.13    0.00    0.00    8.72
平均时间:  all   82.55    0.00    8.60    0.00    0.00    0.13    0.00    0.00    8.72

Linux 2.6.32-431.el6.x86_64 (slave2) 	2019年07月24日 	_x86_64_	(8 CPU)

23时54分34秒  CPU    %usr   %nice    %sys %iowait    %irq   %soft  %steal  %guest   %idle
23时54分35秒  all   70.94    0.00    7.99    0.00    0.00    0.25    0.00    0.00   20.81
平均时间:  all   70.94    0.00    7.99    0.00    0.00    0.25    0.00    0.00   20.81

Linux 2.6.32-431.el6.x86_64 (slave2) 	2019年07月24日 	_x86_64_	(8 CPU)

23时54分38秒  CPU    %usr   %nice    %sys %iowait    %irq   %soft  %steal  %guest   %idle
23时54分39秒  all   50.77    0.00    5.37    0.00    0.00    0.13    0.00    0.00   43.73
平均时间:  all   50.77    0.00    5.37    0.00    0.00    0.13    0.00    0.00   43.73

Linux 2.6.32-431.el6.x86_64 (slave2) 	2019年07月24日 	_x86_64_	(8 CPU)

23时54分42秒  CPU    %usr   %nice    %sys %iowait    %irq   %soft  %steal  %guest   %idle
23时54分43秒  all   29.12    0.00    4.09    0.00    0.00    0.26    0.00    0.00   66.54
平均时间:  all   29.12    0.00    4.09    0.00    0.00    0.26    0.00    0.00   66.54

Linux 2.6.32-431.el6.x86_64 (slave2) 	2019年07月24日 	_x86_64_	(8 CPU)

23时54分46秒  CPU    %usr   %nice    %sys %iowait    %irq   %soft  %steal  %guest   %idle
23时54分47秒  all   32.78    0.00    3.19    0.00    0.00    0.38    0.00    0.00   63.65
平均时间:  all   32.78    0.00    3.19    0.00    0.00    0.38    0.00    0.00   63.65

Linux 2.6.32-431.el6.x86_64 (slave2) 	2019年07月24日 	_x86_64_	(8 CPU)

23时54分50秒  CPU    %usr   %nice    %sys %iowait    %irq   %soft  %steal  %guest   %idle
23时54分51秒  all   32.10    0.00    3.18    0.00    0.00    0.13    0.00    0.00   64.59
平均时间:  all   32.10    0.00    3.18    0.00    0.00    0.13    0.00    0.00   64.59

Linux 2.6.32-431.el6.x86_64 (slave2) 	2019年07月24日 	_x86_64_	(8 CPU)

23时54分54秒  CPU    %usr   %nice    %sys %iowait    %irq   %soft  %steal  %guest   %idle
23时54分55秒  all   26.44    0.00    3.70    0.00    0.00    0.13    0.00    0.00   69.73
平均时间:  all   26.44    0.00    3.70    0.00    0.00    0.13    0.00    0.00   69.73

Linux 2.6.32-431.el6.x86_64 (slave2) 	2019年07月24日 	_x86_64_	(8 CPU)

23时54分58秒  CPU    %usr   %nice    %sys %iowait    %irq   %soft  %steal  %guest   %idle
23时54分59秒  all   26.40    0.00    3.57    0.00    0.00    0.38    0.00    0.00   69.64
平均时间:  all   26.40    0.00    3.57    0.00    0.00    0.38    0.00    0.00   69.64

Linux 2.6.32-431.el6.x86_64 (slave2) 	2019年07月24日 	_x86_64_	(8 CPU)

23时55分02秒  CPU    %usr   %nice    %sys %iowait    %irq   %soft  %steal  %guest   %idle
23时55分03秒  all   30.45    0.00    3.31    0.00    0.00    0.25    0.00    0.00   65.99
平均时间:  all   30.45    0.00    3.31    0.00    0.00    0.25    0.00    0.00   65.99

Linux 2.6.32-431.el6.x86_64 (slave2) 	2019年07月24日 	_x86_64_	(8 CPU)

23时55分06秒  CPU    %usr   %nice    %sys %iowait    %irq   %soft  %steal  %guest   %idle
23时55分07秒  all    0.38    0.00    0.76    0.00    0.00    0.00    0.00    0.00   98.87
平均时间:  all    0.38    0.00    0.76    0.00    0.00    0.00    0.00    0.00   98.87

Linux 2.6.32-431.el6.x86_64 (slave2) 	2019年07月24日 	_x86_64_	(8 CPU)

23时55分10秒  CPU    %usr   %nice    %sys %iowait    %irq   %soft  %steal  %guest   %idle
23时55分11秒  all    0.00    0.00    0.13    0.00    0.00    0.00    0.00    0.00   99.87
平均时间:  all    0.00    0.00    0.13    0.00    0.00    0.00    0.00    0.00   99.87

Linux 2.6.32-431.el6.x86_64 (slave2) 	2019年07月24日 	_x86_64_	(8 CPU)

23时55分14秒  CPU    %usr   %nice    %sys %iowait    %irq   %soft  %steal  %guest   %idle
23时55分15秒  all    0.00    0.00    0.00    0.00    0.00    0.00    0.00    0.00  100.00
平均时间:  all    0.00    0.00    0.00    0.00    0.00    0.00    0.00    0.00  100.00

Linux 2.6.32-431.el6.x86_64 (slave2) 	2019年07月24日 	_x86_64_	(8 CPU)

23时55分18秒  CPU    %usr   %nice    %sys %iowait    %irq   %soft  %steal  %guest   %idle
23时55分19秒  all    0.00    0.00    0.00    0.00    0.00    0.00    0.00    0.00  100.00
平均时间:  all    0.00    0.00    0.00    0.00    0.00    0.00    0.00    0.00  100.00

Linux 2.6.32-431.el6.x86_64 (slave2) 	2019年07月24日 	_x86_64_	(8 CPU)

23时55分22秒  CPU    %usr   %nice    %sys %iowait    %irq   %soft  %steal  %guest   %idle
23时55分23秒  all    0.00    0.00    0.13    0.00    0.00    0.00    0.00    0.00   99.87
平均时间:  all    0.00    0.00    0.13    0.00    0.00    0.00    0.00    0.00   99.87

Linux 2.6.32-431.el6.x86_64 (slave2) 	2019年07月24日 	_x86_64_	(8 CPU)

23时55分26秒  CPU    %usr   %nice    %sys %iowait    %irq   %soft  %steal  %guest   %idle
23时55分27秒  all    0.00    0.00    0.13    0.00    0.00    0.00    0.00    0.00   99.87
平均时间:  all    0.00    0.00    0.13    0.00    0.00    0.00    0.00    0.00   99.87

Linux 2.6.32-431.el6.x86_64 (slave2) 	2019年07月24日 	_x86_64_	(8 CPU)

23时55分30秒  CPU    %usr   %nice    %sys %iowait    %irq   %soft  %steal  %guest   %idle
23时55分31秒  all    0.00    0.00    0.13    0.00    0.00    0.00    0.00    0.00   99.87
平均时间:  all    0.00    0.00    0.13    0.00    0.00    0.00    0.00    0.00   99.87

Linux 2.6.32-431.el6.x86_64 (slave2) 	2019年07月24日 	_x86_64_	(8 CPU)

23时55分34秒  CPU    %usr   %nice    %sys %iowait    %irq   %soft  %steal  %guest   %idle
23时55分35秒  all    0.13    0.00    0.13    0.00    0.00    0.00    0.00    0.00   99.75
平均时间:  all    0.13    0.00    0.13    0.00    0.00    0.00    0.00    0.00   99.75

Linux 2.6.32-431.el6.x86_64 (slave2) 	2019年07月24日 	_x86_64_	(8 CPU)

23时55分38秒  CPU    %usr   %nice    %sys %iowait    %irq   %soft  %steal  %guest   %idle
23时55分39秒  all    0.38    0.00    0.13    0.00    0.00    0.00    0.00    0.00   99.50
平均时间:  all    0.38    0.00    0.13    0.00    0.00    0.00    0.00    0.00   99.50

Linux 2.6.32-431.el6.x86_64 (slave2) 	2019年07月24日 	_x86_64_	(8 CPU)

23时55分42秒  CPU    %usr   %nice    %sys %iowait    %irq   %soft  %steal  %guest   %idle
23时55分43秒  all    0.00    0.00    0.00    0.00    0.00    0.00    0.00    0.00  100.00
平均时间:  all    0.00    0.00    0.00    0.00    0.00    0.00    0.00    0.00  100.00

Linux 2.6.32-431.el6.x86_64 (slave2) 	2019年07月24日 	_x86_64_	(8 CPU)

23时55分46秒  CPU    %usr   %nice    %sys %iowait    %irq   %soft  %steal  %guest   %idle
23时55分47秒  all    0.00    0.00    0.00    0.00    0.00    0.00    0.00    0.00  100.00
平均时间:  all    0.00    0.00    0.00    0.00    0.00    0.00    0.00    0.00  100.00

