
2019年 07月 24日 星期三 23:43:14 CST
             total       used       free     shared    buffers     cached
Mem:         15945       9474       6471          0         54       7461
-/+ buffers/cache:       1958      13987
Swap:         8039          0       8039

2019年 07月 24日 星期三 23:43:18 CST
             total       used       free     shared    buffers     cached
Mem:         15945       9474       6470          0         54       7461
-/+ buffers/cache:       1958      13986
Swap:         8039          0       8039

2019年 07月 24日 星期三 23:43:22 CST
             total       used       free     shared    buffers     cached
Mem:         15945       9474       6470          0         54       7461
-/+ buffers/cache:       1958      13986
Swap:         8039          0       8039

2019年 07月 24日 星期三 23:43:26 CST
             total       used       free     shared    buffers     cached
Mem:         15945       9474       6470          0         54       7461
-/+ buffers/cache:       1958      13986
Swap:         8039          0       8039

2019年 07月 24日 星期三 23:43:30 CST
             total       used       free     shared    buffers     cached
Mem:         15945       9474       6470          0         54       7461
-/+ buffers/cache:       1958      13986
Swap:         8039          0       8039

2019年 07月 24日 星期三 23:43:34 CST
             total       used       free     shared    buffers     cached
Mem:         15945       9534       6411          0         54       7520
-/+ buffers/cache:       1959      13986
Swap:         8039          0       8039

2019年 07月 24日 星期三 23:43:38 CST
             total       used       free     shared    buffers     cached
Mem:         15945       9748       6197          0         54       7730
-/+ buffers/cache:       1963      13982
Swap:         8039          0       8039

2019年 07月 24日 星期三 23:43:42 CST
             total       used       free     shared    buffers     cached
Mem:         15945      10030       5915          0         54       8001
-/+ buffers/cache:       1974      13970
Swap:         8039          0       8039

2019年 07月 24日 星期三 23:43:46 CST
             total       used       free     shared    buffers     cached
Mem:         15945      10679       5266          0         54       8240
-/+ buffers/cache:       2384      13561
Swap:         8039          0       8039

2019年 07月 24日 星期三 23:43:50 CST
             total       used       free     shared    buffers     cached
Mem:         15945      11289       4656          0         54       8482
-/+ buffers/cache:       2752      13193
Swap:         8039          0       8039

2019年 07月 24日 星期三 23:43:55 CST
             total       used       free     shared    buffers     cached
Mem:         15945      11905       4040          0         54       8714
-/+ buffers/cache:       3136      12809
Swap:         8039          0       8039

2019年 07月 24日 星期三 23:43:59 CST
             total       used       free     shared    buffers     cached
Mem:         15945      12539       3405          0         54       9125
-/+ buffers/cache:       3359      12585
Swap:         8039          0       8039

2019年 07月 24日 星期三 23:44:03 CST
             total       used       free     shared    buffers     cached
Mem:         15945      13169       2775          0         54       9342
-/+ buffers/cache:       3773      12172
Swap:         8039          0       8039

2019年 07月 24日 星期三 23:44:07 CST
             total       used       free     shared    buffers     cached
Mem:         15945      13570       2374          0         54       9398
-/+ buffers/cache:       4118      11827
Swap:         8039          0       8039

2019年 07月 24日 星期三 23:44:11 CST
             total       used       free     shared    buffers     cached
Mem:         15945      14055       1889          0         54       9398
-/+ buffers/cache:       4602      11343
Swap:         8039          0       8039

2019年 07月 24日 星期三 23:44:15 CST
             total       used       free     shared    buffers     cached
Mem:         15945      14438       1506          0         54       9400
-/+ buffers/cache:       4984      10961
Swap:         8039          0       8039

2019年 07月 24日 星期三 23:44:19 CST
             total       used       free     shared    buffers     cached
Mem:         15945      14603       1342          0         54       9401
-/+ buffers/cache:       5147      10797
Swap:         8039          0       8039

2019年 07月 24日 星期三 23:44:23 CST
             total       used       free     shared    buffers     cached
Mem:         15945      14161       1784          0         54       9401
-/+ buffers/cache:       4705      11239
Swap:         8039          0       8039

2019年 07月 24日 星期三 23:44:27 CST
             total       used       free     shared    buffers     cached
Mem:         15945      14099       1845          0         54       9541
-/+ buffers/cache:       4504      11441
Swap:         8039          0       8039

2019年 07月 24日 星期三 23:44:31 CST
             total       used       free     shared    buffers     cached
Mem:         15945      14560       1385          0         54       9549
-/+ buffers/cache:       4956      10989
Swap:         8039          0       8039

2019年 07月 24日 星期三 23:44:35 CST
             total       used       free     shared    buffers     cached
Mem:         15945      14294       1650          0         54       9731
-/+ buffers/cache:       4509      11436
Swap:         8039          0       8039

2019年 07月 24日 星期三 23:44:39 CST
             total       used       free     shared    buffers     cached
Mem:         15945      14403       1541          0         54       9735
-/+ buffers/cache:       4614      11331
Swap:         8039          0       8039

2019年 07月 24日 星期三 23:44:43 CST
             total       used       free     shared    buffers     cached
Mem:         15945      14864       1080          0         54       9718
-/+ buffers/cache:       5091      10853
Swap:         8039          0       8039

2019年 07月 24日 星期三 23:44:47 CST
             total       used       free     shared    buffers     cached
Mem:         15945      15278        667          0         54       9718
-/+ buffers/cache:       5504      10440
Swap:         8039          0       8039

2019年 07月 24日 星期三 23:44:51 CST
             total       used       free     shared    buffers     cached
Mem:         15945      14456       1489          0         54       9902
-/+ buffers/cache:       4499      11445
Swap:         8039          0       8039

2019年 07月 24日 星期三 23:44:56 CST
             total       used       free     shared    buffers     cached
Mem:         15945      14443       1502          0         54       9950
-/+ buffers/cache:       4437      11507
Swap:         8039          0       8039

2019年 07月 24日 星期三 23:45:00 CST
             total       used       free     shared    buffers     cached
Mem:         15945      14849       1095          0         54       9904
-/+ buffers/cache:       4891      11054
Swap:         8039          0       8039

2019年 07月 24日 星期三 23:45:04 CST
             total       used       free     shared    buffers     cached
Mem:         15945      15339        605          0         54       9885
-/+ buffers/cache:       5399      10546
Swap:         8039          0       8039

2019年 07月 24日 星期三 23:45:08 CST
             total       used       free     shared    buffers     cached
Mem:         15945      15776        168          0         54       9916
-/+ buffers/cache:       5805      10140
Swap:         8039          0       8039

2019年 07月 24日 星期三 23:45:12 CST
             total       used       free     shared    buffers     cached
Mem:         15945      15762        183          0         54       9842
-/+ buffers/cache:       5865      10079
Swap:         8039          0       8039

2019年 07月 24日 星期三 23:45:16 CST
             total       used       free     shared    buffers     cached
Mem:         15945      14708       1236          0         54       9868
-/+ buffers/cache:       4785      11159
Swap:         8039          0       8039

2019年 07月 24日 星期三 23:45:20 CST
             total       used       free     shared    buffers     cached
Mem:         15945      14972        973          0         54       9918
-/+ buffers/cache:       4999      10946
Swap:         8039          0       8039

2019年 07月 24日 星期三 23:45:24 CST
             total       used       free     shared    buffers     cached
Mem:         15945      15570        375          0         54      10191
-/+ buffers/cache:       5324      10621
Swap:         8039          0       8039

2019年 07月 24日 星期三 23:45:28 CST
             total       used       free     shared    buffers     cached
Mem:         15945      15779        166          0         54       9875
-/+ buffers/cache:       5849      10096
Swap:         8039          0       8039

2019年 07月 24日 星期三 23:45:32 CST
             total       used       free     shared    buffers     cached
Mem:         15945      15770        174          0         54       9703
-/+ buffers/cache:       6012       9933
Swap:         8039          0       8039

2019年 07月 24日 星期三 23:45:36 CST
             total       used       free     shared    buffers     cached
Mem:         15945      14175       1770          0         54       9202
-/+ buffers/cache:       4918      11026
Swap:         8039          0       8039

2019年 07月 24日 星期三 23:45:40 CST
             total       used       free     shared    buffers     cached
Mem:         15945      14761       1183          0         54       9293
-/+ buffers/cache:       5413      10531
Swap:         8039          0       8039

2019年 07月 24日 星期三 23:45:44 CST
             total       used       free     shared    buffers     cached
Mem:         15945      15474        471          0         54       9400
-/+ buffers/cache:       6019       9926
Swap:         8039          0       8039

2019年 07月 24日 星期三 23:45:48 CST
             total       used       free     shared    buffers     cached
Mem:         15945      14838       1107          0         54       9474
-/+ buffers/cache:       5308      10636
Swap:         8039          0       8039

2019年 07月 24日 星期三 23:45:52 CST
             total       used       free     shared    buffers     cached
Mem:         15945      15409        535          0         54       9721
-/+ buffers/cache:       5634      10311
Swap:         8039          0       8039

2019年 07月 24日 星期三 23:45:56 CST
             total       used       free     shared    buffers     cached
Mem:         15945      15784        161          0         54       9532
-/+ buffers/cache:       6197       9747
Swap:         8039          0       8039

2019年 07月 24日 星期三 23:46:00 CST
             total       used       free     shared    buffers     cached
Mem:         15945      15779        166          0         54       8987
-/+ buffers/cache:       6737       9208
Swap:         8039          0       8039

2019年 07月 24日 星期三 23:46:04 CST
             total       used       free     shared    buffers     cached
Mem:         15945      15777        168          0         54       8745
-/+ buffers/cache:       6977       8968
Swap:         8039          0       8039

2019年 07月 24日 星期三 23:46:08 CST
             total       used       free     shared    buffers     cached
Mem:         15945      15610        334          0         54       8540
-/+ buffers/cache:       7016       8929
Swap:         8039          0       8039

2019年 07月 24日 星期三 23:46:12 CST
             total       used       free     shared    buffers     cached
Mem:         15945      15776        168          0         54       8608
-/+ buffers/cache:       7113       8831
Swap:         8039          0       8039

2019年 07月 24日 星期三 23:46:16 CST
             total       used       free     shared    buffers     cached
Mem:         15945      15780        164          0         54       8528
-/+ buffers/cache:       7197       8747
Swap:         8039          0       8039

2019年 07月 24日 星期三 23:46:20 CST
             total       used       free     shared    buffers     cached
Mem:         15945      15787        157          0         54       8410
-/+ buffers/cache:       7322       8622
Swap:         8039          0       8039

2019年 07月 24日 星期三 23:46:24 CST
             total       used       free     shared    buffers     cached
Mem:         15945      15790        155          0         54       8350
-/+ buffers/cache:       7385       8560
Swap:         8039          0       8039

2019年 07月 24日 星期三 23:46:28 CST
             total       used       free     shared    buffers     cached
Mem:         15945      12275       3670          0         54       8314
-/+ buffers/cache:       3906      12039
Swap:         8039          0       8039

2019年 07月 24日 星期三 23:46:32 CST
             total       used       free     shared    buffers     cached
Mem:         15945      12868       3076          0         54       8504
-/+ buffers/cache:       4310      11635
Swap:         8039          0       8039

2019年 07月 24日 星期三 23:46:36 CST
             total       used       free     shared    buffers     cached
Mem:         15945      12652       3293          0         54       8378
-/+ buffers/cache:       4219      11725
Swap:         8039          0       8039

2019年 07月 24日 星期三 23:46:40 CST
             total       used       free     shared    buffers     cached
Mem:         15945      13366       2578          0         54       8519
-/+ buffers/cache:       4792      11152
Swap:         8039          0       8039

2019年 07月 24日 星期三 23:46:44 CST
             total       used       free     shared    buffers     cached
Mem:         15945      12897       3048          0         54       8836
-/+ buffers/cache:       4005      11939
Swap:         8039          0       8039

2019年 07月 24日 星期三 23:46:48 CST
             total       used       free     shared    buffers     cached
Mem:         15945      12415       3530          0         54       9341
-/+ buffers/cache:       3019      12926
Swap:         8039          0       8039

2019年 07月 24日 星期三 23:46:52 CST
             total       used       free     shared    buffers     cached
Mem:         15945      13115       2829          0         54       9667
-/+ buffers/cache:       3394      12551
Swap:         8039          0       8039

2019年 07月 24日 星期三 23:46:56 CST
             total       used       free     shared    buffers     cached
Mem:         15945      13662       2283          0         54       9920
-/+ buffers/cache:       3687      12258
Swap:         8039          0       8039

2019年 07月 24日 星期三 23:47:00 CST
             total       used       free     shared    buffers     cached
Mem:         15945      14230       1715          0         54      10221
-/+ buffers/cache:       3955      11990
Swap:         8039          0       8039

2019年 07月 24日 星期三 23:47:05 CST
             total       used       free     shared    buffers     cached
Mem:         15945      14681       1264          0         54      10322
-/+ buffers/cache:       4304      11640
Swap:         8039          0       8039

2019年 07月 24日 星期三 23:47:09 CST
             total       used       free     shared    buffers     cached
Mem:         15945      15011        933          0         54      10322
-/+ buffers/cache:       4634      11310
Swap:         8039          0       8039

2019年 07月 24日 星期三 23:47:13 CST
             total       used       free     shared    buffers     cached
Mem:         15945      14998        947          0         54      10323
-/+ buffers/cache:       4621      11324
Swap:         8039          0       8039

2019年 07月 24日 星期三 23:47:17 CST
             total       used       free     shared    buffers     cached
Mem:         15945      15038        907          0         54      10324
-/+ buffers/cache:       4659      11285
Swap:         8039          0       8039

2019年 07月 24日 星期三 23:47:21 CST
             total       used       free     shared    buffers     cached
Mem:         15945      14844       1101          0         54      10324
-/+ buffers/cache:       4465      11479
Swap:         8039          0       8039

2019年 07月 24日 星期三 23:47:25 CST
             total       used       free     shared    buffers     cached
Mem:         15945      15118        826          0         54      10325
-/+ buffers/cache:       4739      11206
Swap:         8039          0       8039

2019年 07月 24日 星期三 23:47:29 CST
             total       used       free     shared    buffers     cached
Mem:         15945      15232        713          0         54      10325
-/+ buffers/cache:       4852      11092
Swap:         8039          0       8039

2019年 07月 24日 星期三 23:47:33 CST
             total       used       free     shared    buffers     cached
Mem:         15945      14937       1007          0         54      10032
-/+ buffers/cache:       4850      11094
Swap:         8039          0       8039

2019年 07月 24日 星期三 23:47:37 CST
             total       used       free     shared    buffers     cached
Mem:         15945      15056        889          0         54      10035
-/+ buffers/cache:       4966      10979
Swap:         8039          0       8039

2019年 07月 24日 星期三 23:47:41 CST
             total       used       free     shared    buffers     cached
Mem:         15945      14188       1757          0         54       9870
-/+ buffers/cache:       4262      11682
Swap:         8039          0       8039

2019年 07月 24日 星期三 23:47:45 CST
             total       used       free     shared    buffers     cached
Mem:         15945      14734       1211          0         54      10056
-/+ buffers/cache:       4623      11321
Swap:         8039          0       8039

2019年 07月 24日 星期三 23:47:49 CST
             total       used       free     shared    buffers     cached
Mem:         15945      15265        680          0         54      10057
-/+ buffers/cache:       5154      10791
Swap:         8039          0       8039

2019年 07月 24日 星期三 23:47:53 CST
             total       used       free     shared    buffers     cached
Mem:         15945      15497        447          0         54      10058
-/+ buffers/cache:       5385      10560
Swap:         8039          0       8039

2019年 07月 24日 星期三 23:47:57 CST
             total       used       free     shared    buffers     cached
Mem:         15945      15052        893          0         54      10076
-/+ buffers/cache:       4920      11024
Swap:         8039          0       8039

2019年 07月 24日 星期三 23:48:01 CST
             total       used       free     shared    buffers     cached
Mem:         15945      15191        754          0         54       9891
-/+ buffers/cache:       5244      10700
Swap:         8039          0       8039

2019年 07月 24日 星期三 23:48:05 CST
             total       used       free     shared    buffers     cached
Mem:         15945      15361        583          0         54       9892
-/+ buffers/cache:       5414      10531
Swap:         8039          0       8039

2019年 07月 24日 星期三 23:48:09 CST
             total       used       free     shared    buffers     cached
Mem:         15945      15432        513          0         54       9905
-/+ buffers/cache:       5471      10473
Swap:         8039          0       8039

2019年 07月 24日 星期三 23:48:13 CST
             total       used       free     shared    buffers     cached
Mem:         15945      15523        422          0         54       9999
-/+ buffers/cache:       5469      10476
Swap:         8039          0       8039

2019年 07月 24日 星期三 23:48:17 CST
             total       used       free     shared    buffers     cached
Mem:         15945      15764        180          0         54      10230
-/+ buffers/cache:       5479      10466
Swap:         8039          0       8039

2019年 07月 24日 星期三 23:48:21 CST
             total       used       free     shared    buffers     cached
Mem:         15945      15767        177          0         54      10220
-/+ buffers/cache:       5492      10452
Swap:         8039          0       8039

2019年 07月 24日 星期三 23:48:25 CST
             total       used       free     shared    buffers     cached
Mem:         15945      15782        163          0         54      10225
-/+ buffers/cache:       5502      10443
Swap:         8039          0       8039

2019年 07月 24日 星期三 23:48:29 CST
             total       used       free     shared    buffers     cached
Mem:         15945      15764        181          0         54      10207
-/+ buffers/cache:       5502      10443
Swap:         8039          0       8039

2019年 07月 24日 星期三 23:48:33 CST
             total       used       free     shared    buffers     cached
Mem:         15945      15222        723          0         54      10288
-/+ buffers/cache:       4880      11065
Swap:         8039          0       8039

2019年 07月 24日 星期三 23:48:37 CST
             total       used       free     shared    buffers     cached
Mem:         15945      15599        346          0         54      10535
-/+ buffers/cache:       5009      10936
Swap:         8039          0       8039

2019年 07月 24日 星期三 23:48:41 CST
             total       used       free     shared    buffers     cached
Mem:         15945      15480        464          0         54      10420
-/+ buffers/cache:       5006      10939
Swap:         8039          0       8039

2019年 07月 24日 星期三 23:48:45 CST
             total       used       free     shared    buffers     cached
Mem:         15945      15791        154          0         54      10318
-/+ buffers/cache:       5418      10527
Swap:         8039          0       8039

2019年 07月 24日 星期三 23:48:49 CST
             total       used       free     shared    buffers     cached
Mem:         15945      15227        718          0         54      10175
-/+ buffers/cache:       4997      10948
Swap:         8039          0       8039

2019年 07月 24日 星期三 23:48:53 CST
             total       used       free     shared    buffers     cached
Mem:         15945      14608       1337          0         54      10518
-/+ buffers/cache:       4035      11910
Swap:         8039          0       8039

2019年 07月 24日 星期三 23:48:57 CST
             total       used       free     shared    buffers     cached
Mem:         15945      15198        746          0         54      10315
-/+ buffers/cache:       4828      11116
Swap:         8039          0       8039

2019年 07月 24日 星期三 23:49:01 CST
             total       used       free     shared    buffers     cached
Mem:         15945      15781        163          0         54      10263
-/+ buffers/cache:       5463      10481
Swap:         8039          0       8039

2019年 07月 24日 星期三 23:49:05 CST
             total       used       free     shared    buffers     cached
Mem:         15945      15781        163          0         54      10127
-/+ buffers/cache:       5599      10346
Swap:         8039          0       8039

2019年 07月 24日 星期三 23:49:09 CST
             total       used       free     shared    buffers     cached
Mem:         15945      15784        161          0         54      10086
-/+ buffers/cache:       5643      10302
Swap:         8039          0       8039

2019年 07月 24日 星期三 23:49:13 CST
             total       used       free     shared    buffers     cached
Mem:         15945      15777        167          0         54      10014
-/+ buffers/cache:       5708      10236
Swap:         8039          0       8039

2019年 07月 24日 星期三 23:49:17 CST
             total       used       free     shared    buffers     cached
Mem:         15945      15775        169          0         54       9934
-/+ buffers/cache:       5787      10157
Swap:         8039          0       8039

2019年 07月 24日 星期三 23:49:21 CST
             total       used       free     shared    buffers     cached
Mem:         15945      15781        164          0         54       9895
-/+ buffers/cache:       5831      10114
Swap:         8039          0       8039

2019年 07月 24日 星期三 23:49:25 CST
             total       used       free     shared    buffers     cached
Mem:         15945      15684        260          0         54       9750
-/+ buffers/cache:       5880      10065
Swap:         8039          0       8039

2019年 07月 24日 星期三 23:49:29 CST
             total       used       free     shared    buffers     cached
Mem:         15945      15782        163          0         54       9811
-/+ buffers/cache:       5916      10028
Swap:         8039          0       8039

2019年 07月 24日 星期三 23:49:33 CST
             total       used       free     shared    buffers     cached
Mem:         15945      15792        153          0         54       9731
-/+ buffers/cache:       6007       9938
Swap:         8039          0       8039

2019年 07月 24日 星期三 23:49:37 CST
             total       used       free     shared    buffers     cached
Mem:         15945      14312       1632          0         54       9678
-/+ buffers/cache:       4579      11366
Swap:         8039          0       8039

2019年 07月 24日 星期三 23:49:41 CST
             total       used       free     shared    buffers     cached
Mem:         15945      13503       2441          0         54       9366
-/+ buffers/cache:       4082      11862
Swap:         8039          0       8039

2019年 07月 24日 星期三 23:49:45 CST
             total       used       free     shared    buffers     cached
Mem:         15945      14421       1524          0         54       9366
-/+ buffers/cache:       5000      10944
Swap:         8039          0       8039

2019年 07月 24日 星期三 23:49:49 CST
             total       used       free     shared    buffers     cached
Mem:         15945      14151       1794          0         54       9386
-/+ buffers/cache:       4710      11235
Swap:         8039          0       8039

2019年 07月 24日 星期三 23:49:53 CST
             total       used       free     shared    buffers     cached
Mem:         15945      13018       2926          0         54       9384
-/+ buffers/cache:       3580      12365
Swap:         8039          0       8039

2019年 07月 24日 星期三 23:49:57 CST
             total       used       free     shared    buffers     cached
Mem:         15945      14105       1840          0         54       9608
-/+ buffers/cache:       4443      11502
Swap:         8039          0       8039

2019年 07月 24日 星期三 23:50:01 CST
             total       used       free     shared    buffers     cached
Mem:         15945      14023       1922          0         54       9419
-/+ buffers/cache:       4549      11396
Swap:         8039          0       8039

2019年 07月 24日 星期三 23:50:05 CST
             total       used       free     shared    buffers     cached
Mem:         15945      14410       1534          0         54       9439
-/+ buffers/cache:       4917      11028
Swap:         8039          0       8039

2019年 07月 24日 星期三 23:50:09 CST
             total       used       free     shared    buffers     cached
Mem:         15945      14740       1204          0         54       9420
-/+ buffers/cache:       5266      10679
Swap:         8039          0       8039

2019年 07月 24日 星期三 23:50:13 CST
             total       used       free     shared    buffers     cached
Mem:         15945      14850       1095          0         54       9422
-/+ buffers/cache:       5373      10572
Swap:         8039          0       8039

2019年 07月 24日 星期三 23:50:17 CST
             total       used       free     shared    buffers     cached
Mem:         15945      15150        794          0         54       9424
-/+ buffers/cache:       5671      10274
Swap:         8039          0       8039

2019年 07月 24日 星期三 23:50:21 CST
             total       used       free     shared    buffers     cached
Mem:         15945      15223        721          0         54       9425
-/+ buffers/cache:       5744      10201
Swap:         8039          0       8039

2019年 07月 24日 星期三 23:50:25 CST
             total       used       free     shared    buffers     cached
Mem:         15945      15251        693          0         54       9429
-/+ buffers/cache:       5768      10177
Swap:         8039          0       8039

2019年 07月 24日 星期三 23:50:29 CST
             total       used       free     shared    buffers     cached
Mem:         15945      15308        637          0         54       9433
-/+ buffers/cache:       5820      10124
Swap:         8039          0       8039

2019年 07月 24日 星期三 23:50:33 CST
             total       used       free     shared    buffers     cached
Mem:         15945      14740       1204          0         54       9433
-/+ buffers/cache:       5253      10692
Swap:         8039          0       8039

2019年 07月 24日 星期三 23:50:37 CST
             total       used       free     shared    buffers     cached
Mem:         15945      15120        825          0         54       9434
-/+ buffers/cache:       5631      10314
Swap:         8039          0       8039

2019年 07月 24日 星期三 23:50:41 CST
             total       used       free     shared    buffers     cached
Mem:         15945      15385        560          0         54       9461
-/+ buffers/cache:       5869      10076
Swap:         8039          0       8039

2019年 07月 24日 星期三 23:50:45 CST
             total       used       free     shared    buffers     cached
Mem:         15945      14461       1484          0         54       9634
-/+ buffers/cache:       4772      11172
Swap:         8039          0       8039

2019年 07月 24日 星期三 23:50:49 CST
             total       used       free     shared    buffers     cached
Mem:         15945      15007        937          0         54       9635
-/+ buffers/cache:       5317      10627
Swap:         8039          0       8039

2019年 07月 24日 星期三 23:50:53 CST
             total       used       free     shared    buffers     cached
Mem:         15945      14429       1516          0         54       9463
-/+ buffers/cache:       4911      11033
Swap:         8039          0       8039

2019年 07月 24日 星期三 23:50:57 CST
             total       used       free     shared    buffers     cached
Mem:         15945      14210       1734          0         54       9658
-/+ buffers/cache:       4498      11447
Swap:         8039          0       8039

2019年 07月 24日 星期三 23:51:01 CST
             total       used       free     shared    buffers     cached
Mem:         15945      14758       1186          0         54       9594
-/+ buffers/cache:       5110      10834
Swap:         8039          0       8039

2019年 07月 24日 星期三 23:51:05 CST
             total       used       free     shared    buffers     cached
Mem:         15945      15603        342          0         54       9647
-/+ buffers/cache:       5901      10044
Swap:         8039          0       8039

2019年 07月 24日 星期三 23:51:10 CST
             total       used       free     shared    buffers     cached
Mem:         15945      14945       1000          0         53       9520
-/+ buffers/cache:       5371      10574
Swap:         8039          0       8039

2019年 07月 24日 星期三 23:51:14 CST
             total       used       free     shared    buffers     cached
Mem:         15945      15603        341          0         53       9874
-/+ buffers/cache:       5675      10269
Swap:         8039          0       8039

2019年 07月 24日 星期三 23:51:18 CST
             total       used       free     shared    buffers     cached
Mem:         15945      15539        405          0         53      10081
-/+ buffers/cache:       5404      10541
Swap:         8039          0       8039

2019年 07月 24日 星期三 23:51:22 CST
             total       used       free     shared    buffers     cached
Mem:         15945      15742        203          0         53       9949
-/+ buffers/cache:       5739      10206
Swap:         8039          0       8039

2019年 07月 24日 星期三 23:51:26 CST
             total       used       free     shared    buffers     cached
Mem:         15945      14852       1092          0         53      10060
-/+ buffers/cache:       4738      11206
Swap:         8039          0       8039

2019年 07月 24日 星期三 23:51:30 CST
             total       used       free     shared    buffers     cached
Mem:         15945      15242        703          0         53      10088
-/+ buffers/cache:       5099      10846
Swap:         8039          0       8039

2019年 07月 24日 星期三 23:51:34 CST
             total       used       free     shared    buffers     cached
Mem:         15945      15780        165          0         53      10085
-/+ buffers/cache:       5641      10304
Swap:         8039          0       8039

2019年 07月 24日 星期三 23:51:38 CST
             total       used       free     shared    buffers     cached
Mem:         15945      15778        166          0         53       9777
-/+ buffers/cache:       5947       9998
Swap:         8039          0       8039

2019年 07月 24日 星期三 23:51:42 CST
             total       used       free     shared    buffers     cached
Mem:         15945      15783        162          0         53       9552
-/+ buffers/cache:       6177       9767
Swap:         8039          0       8039

2019年 07月 24日 星期三 23:51:46 CST
             total       used       free     shared    buffers     cached
Mem:         15945      15248        697          0         53       9478
-/+ buffers/cache:       5715      10229
Swap:         8039          0       8039

2019年 07月 24日 星期三 23:51:50 CST
             total       used       free     shared    buffers     cached
Mem:         15945      15300        645          0         53       9299
-/+ buffers/cache:       5946       9998
Swap:         8039          0       8039

2019年 07月 24日 星期三 23:51:54 CST
             total       used       free     shared    buffers     cached
Mem:         15945      15780        164          0         53       9326
-/+ buffers/cache:       6400       9544
Swap:         8039          0       8039

2019年 07月 24日 星期三 23:51:58 CST
             total       used       free     shared    buffers     cached
Mem:         15945      14345       1599          0         53       8986
-/+ buffers/cache:       5305      10640
Swap:         8039          0       8039

2019年 07月 24日 星期三 23:52:02 CST
             total       used       free     shared    buffers     cached
Mem:         15945      14662       1282          0         53       8992
-/+ buffers/cache:       5616      10328
Swap:         8039          0       8039

2019年 07月 24日 星期三 23:52:06 CST
             total       used       free     shared    buffers     cached
Mem:         15945      15134        811          0         53       8846
-/+ buffers/cache:       6234       9711
Swap:         8039          0       8039

2019年 07月 24日 星期三 23:52:10 CST
             total       used       free     shared    buffers     cached
Mem:         15945      14545       1400          0         53       9047
-/+ buffers/cache:       5444      10501
Swap:         8039          0       8039

2019年 07月 24日 星期三 23:52:14 CST
             total       used       free     shared    buffers     cached
Mem:         15945      14052       1893          0         53       9048
-/+ buffers/cache:       4950      10995
Swap:         8039          0       8039

2019年 07月 24日 星期三 23:52:18 CST
             total       used       free     shared    buffers     cached
Mem:         15945      13320       2624          0         53       8918
-/+ buffers/cache:       4348      11597
Swap:         8039          0       8039

2019年 07月 24日 星期三 23:52:22 CST
             total       used       free     shared    buffers     cached
Mem:         15945      13749       2196          0         53       8925
-/+ buffers/cache:       4769      11175
Swap:         8039          0       8039

2019年 07月 24日 星期三 23:52:26 CST
             total       used       free     shared    buffers     cached
Mem:         15945      14147       1798          0         53       8936
-/+ buffers/cache:       5156      10788
Swap:         8039          0       8039

2019年 07月 24日 星期三 23:52:30 CST
             total       used       free     shared    buffers     cached
Mem:         15945      14493       1451          0         53       8946
-/+ buffers/cache:       5493      10452
Swap:         8039          0       8039

2019年 07月 24日 星期三 23:52:34 CST
             total       used       free     shared    buffers     cached
Mem:         15945      14569       1376          0         53       8947
-/+ buffers/cache:       5568      10376
Swap:         8039          0       8039

2019年 07月 24日 星期三 23:52:38 CST
             total       used       free     shared    buffers     cached
Mem:         15945      14619       1325          0         53       8979
-/+ buffers/cache:       5586      10358
Swap:         8039          0       8039

2019年 07月 24日 星期三 23:52:42 CST
             total       used       free     shared    buffers     cached
Mem:         15945      13130       2815          0         53       8977
-/+ buffers/cache:       4098      11846
Swap:         8039          0       8039

2019年 07月 24日 星期三 23:52:46 CST
             total       used       free     shared    buffers     cached
Mem:         15945      13500       2444          0         53       9163
-/+ buffers/cache:       4284      11661
Swap:         8039          0       8039

2019年 07月 24日 星期三 23:52:50 CST
             total       used       free     shared    buffers     cached
Mem:         15945      13884       2061          0         53       8978
-/+ buffers/cache:       4852      11093
Swap:         8039          0       8039

2019年 07月 24日 星期三 23:52:54 CST
             total       used       free     shared    buffers     cached
Mem:         15945      14110       1835          0         53       8979
-/+ buffers/cache:       5076      10869
Swap:         8039          0       8039

2019年 07月 24日 星期三 23:52:58 CST
             total       used       free     shared    buffers     cached
Mem:         15945      14532       1413          0         53       8983
-/+ buffers/cache:       5494      10450
Swap:         8039          0       8039

2019年 07月 24日 星期三 23:53:02 CST
             total       used       free     shared    buffers     cached
Mem:         15945      14148       1797          0         53       8875
-/+ buffers/cache:       5218      10726
Swap:         8039          0       8039

2019年 07月 24日 星期三 23:53:06 CST
             total       used       free     shared    buffers     cached
Mem:         15945      14446       1499          0         53       8985
-/+ buffers/cache:       5406      10538
Swap:         8039          0       8039

2019年 07月 24日 星期三 23:53:10 CST
             total       used       free     shared    buffers     cached
Mem:         15945      14790       1155          0         53       8994
-/+ buffers/cache:       5741      10203
Swap:         8039          0       8039

2019年 07月 24日 星期三 23:53:14 CST
             total       used       free     shared    buffers     cached
Mem:         15945      14607       1337          0         53       8994
-/+ buffers/cache:       5559      10386
Swap:         8039          0       8039

2019年 07月 24日 星期三 23:53:18 CST
             total       used       free     shared    buffers     cached
Mem:         15945      14276       1669          0         53       8835
-/+ buffers/cache:       5386      10558
Swap:         8039          0       8039

2019年 07月 24日 星期三 23:53:22 CST
             total       used       free     shared    buffers     cached
Mem:         15945      14549       1395          0         53       8835
-/+ buffers/cache:       5659      10285
Swap:         8039          0       8039

2019年 07月 24日 星期三 23:53:26 CST
             total       used       free     shared    buffers     cached
Mem:         15945      14938       1006          0         53       8857
-/+ buffers/cache:       6027       9917
Swap:         8039          0       8039

2019年 07月 24日 星期三 23:53:30 CST
             total       used       free     shared    buffers     cached
Mem:         15945      12977       2967          0         53       8862
-/+ buffers/cache:       4061      11884
Swap:         8039          0       8039

2019年 07月 24日 星期三 23:53:34 CST
             total       used       free     shared    buffers     cached
Mem:         15945      13684       2260          0         53       9048
-/+ buffers/cache:       4582      11362
Swap:         8039          0       8039

2019年 07月 24日 星期三 23:53:38 CST
             total       used       free     shared    buffers     cached
Mem:         15945      13929       2016          0         53       8661
-/+ buffers/cache:       5214      10731
Swap:         8039          0       8039

2019年 07月 24日 星期三 23:53:42 CST
             total       used       free     shared    buffers     cached
Mem:         15945      13605       2340          0         53       8962
-/+ buffers/cache:       4588      11356
Swap:         8039          0       8039

2019年 07月 24日 星期三 23:53:47 CST
             total       used       free     shared    buffers     cached
Mem:         15945      14170       1775          0         53       9018
-/+ buffers/cache:       5097      10848
Swap:         8039          0       8039

2019年 07月 24日 星期三 23:53:51 CST
             total       used       free     shared    buffers     cached
Mem:         15945      14860       1085          0         53       9079
-/+ buffers/cache:       5727      10218
Swap:         8039          0       8039

2019年 07月 24日 星期三 23:53:55 CST
             total       used       free     shared    buffers     cached
Mem:         15945      15210        735          0         53       9116
-/+ buffers/cache:       6039       9905
Swap:         8039          0       8039

2019年 07月 24日 星期三 23:53:59 CST
             total       used       free     shared    buffers     cached
Mem:         15945      15418        527          0         54       9138
-/+ buffers/cache:       6224       9720
Swap:         8039          0       8039

2019年 07月 24日 星期三 23:54:03 CST
             total       used       free     shared    buffers     cached
Mem:         15945      15587        358          0         54       9119
-/+ buffers/cache:       6412       9532
Swap:         8039          0       8039

2019年 07月 24日 星期三 23:54:07 CST
             total       used       free     shared    buffers     cached
Mem:         15945      15739        206          0         54       9131
-/+ buffers/cache:       6552       9392
Swap:         8039          0       8039

2019年 07月 24日 星期三 23:54:11 CST
             total       used       free     shared    buffers     cached
Mem:         15945      15795        149          0         54       9111
-/+ buffers/cache:       6629       9315
Swap:         8039          0       8039

2019年 07月 24日 星期三 23:54:15 CST
             total       used       free     shared    buffers     cached
Mem:         15945      15791        153          0         54       9048
-/+ buffers/cache:       6689       9256
Swap:         8039          0       8039

2019年 07月 24日 星期三 23:54:19 CST
             total       used       free     shared    buffers     cached
Mem:         15945      14521       1424          0         54       9017
-/+ buffers/cache:       5449      10496
Swap:         8039          0       8039

2019年 07月 24日 星期三 23:54:23 CST
             total       used       free     shared    buffers     cached
Mem:         15945      14035       1909          0         54       9059
-/+ buffers/cache:       4921      11024
Swap:         8039          0       8039

2019年 07月 24日 星期三 23:54:27 CST
             total       used       free     shared    buffers     cached
Mem:         15945      14619       1325          0         54       8947
-/+ buffers/cache:       5617      10327
Swap:         8039          0       8039

2019年 07月 24日 星期三 23:54:31 CST
             total       used       free     shared    buffers     cached
Mem:         15945      13288       2656          0         54       8946
-/+ buffers/cache:       4287      11657
Swap:         8039          0       8039

2019年 07月 24日 星期三 23:54:35 CST
             total       used       free     shared    buffers     cached
Mem:         15945      12249       3695          0         54       8576
-/+ buffers/cache:       3618      12327
Swap:         8039          0       8039

2019年 07月 24日 星期三 23:54:39 CST
             total       used       free     shared    buffers     cached
Mem:         15945      12168       3776          0         54       8392
-/+ buffers/cache:       3721      12224
Swap:         8039          0       8039

2019年 07月 24日 星期三 23:54:43 CST
             total       used       free     shared    buffers     cached
Mem:         15945      12180       3765          0         54       8392
-/+ buffers/cache:       3732      12212
Swap:         8039          0       8039

2019年 07月 24日 星期三 23:54:47 CST
             total       used       free     shared    buffers     cached
Mem:         15945      12192       3753          0         54       8393
-/+ buffers/cache:       3744      12201
Swap:         8039          0       8039

2019年 07月 24日 星期三 23:54:51 CST
             total       used       free     shared    buffers     cached
Mem:         15945      12215       3730          0         54       8393
-/+ buffers/cache:       3766      12178
Swap:         8039          0       8039

2019年 07月 24日 星期三 23:54:55 CST
             total       used       free     shared    buffers     cached
Mem:         15945      12028       3917          0         54       8209
-/+ buffers/cache:       3764      12180
Swap:         8039          0       8039

2019年 07月 24日 星期三 23:54:59 CST
             total       used       free     shared    buffers     cached
Mem:         15945      12032       3912          0         54       8209
-/+ buffers/cache:       3768      12177
Swap:         8039          0       8039

2019年 07月 24日 星期三 23:55:03 CST
             total       used       free     shared    buffers     cached
Mem:         15945      12068       3876          0         54       8209
-/+ buffers/cache:       3804      12141
Swap:         8039          0       8039

2019年 07月 24日 星期三 23:55:07 CST
             total       used       free     shared    buffers     cached
Mem:         15945      10224       5721          0         54       8207
-/+ buffers/cache:       1962      13983
Swap:         8039          0       8039

2019年 07月 24日 星期三 23:55:11 CST
             total       used       free     shared    buffers     cached
Mem:         15945      10185       5760          0         54       8168
-/+ buffers/cache:       1961      13984
Swap:         8039          0       8039

2019年 07月 24日 星期三 23:55:15 CST
             total       used       free     shared    buffers     cached
Mem:         15945      10184       5761          0         54       8168
-/+ buffers/cache:       1960      13984
Swap:         8039          0       8039

2019年 07月 24日 星期三 23:55:19 CST
             total       used       free     shared    buffers     cached
Mem:         15945      10183       5761          0         54       8168
-/+ buffers/cache:       1960      13985
Swap:         8039          0       8039

2019年 07月 24日 星期三 23:55:23 CST
             total       used       free     shared    buffers     cached
Mem:         15945      10183       5762          0         54       8168
-/+ buffers/cache:       1959      13986
Swap:         8039          0       8039

2019年 07月 24日 星期三 23:55:27 CST
             total       used       free     shared    buffers     cached
Mem:         15945      10182       5762          0         54       8168
-/+ buffers/cache:       1959      13986
Swap:         8039          0       8039

2019年 07月 24日 星期三 23:55:31 CST
             total       used       free     shared    buffers     cached
Mem:         15945      10182       5763          0         54       8168
-/+ buffers/cache:       1958      13986
Swap:         8039          0       8039

2019年 07月 24日 星期三 23:55:35 CST
             total       used       free     shared    buffers     cached
Mem:         15945      10181       5763          0         54       8168
-/+ buffers/cache:       1958      13987
Swap:         8039          0       8039

2019年 07月 24日 星期三 23:55:39 CST
             total       used       free     shared    buffers     cached
Mem:         15945      10180       5764          0         54       8168
-/+ buffers/cache:       1957      13988
Swap:         8039          0       8039

2019年 07月 24日 星期三 23:55:43 CST
             total       used       free     shared    buffers     cached
Mem:         15945      10180       5764          0         54       8168
-/+ buffers/cache:       1957      13988
Swap:         8039          0       8039

2019年 07月 24日 星期三 23:55:47 CST
             total       used       free     shared    buffers     cached
Mem:         15945      10180       5764          0         54       8168
-/+ buffers/cache:       1957      13988
Swap:         8039          0       8039

