
2019年 07月 24日 星期三 23:43:13 CST
             total       used       free     shared    buffers     cached
Mem:         15945       9581       6364          0         72       7558
-/+ buffers/cache:       1949      13995
Swap:         8039          0       8039

2019年 07月 24日 星期三 23:43:17 CST
             total       used       free     shared    buffers     cached
Mem:         15945       9581       6364          0         72       7558
-/+ buffers/cache:       1950      13995
Swap:         8039          0       8039

2019年 07月 24日 星期三 23:43:21 CST
             total       used       free     shared    buffers     cached
Mem:         15945       9581       6364          0         72       7558
-/+ buffers/cache:       1950      13995
Swap:         8039          0       8039

2019年 07月 24日 星期三 23:43:25 CST
             total       used       free     shared    buffers     cached
Mem:         15945       9581       6364          0         72       7558
-/+ buffers/cache:       1949      13995
Swap:         8039          0       8039

2019年 07月 24日 星期三 23:43:29 CST
             total       used       free     shared    buffers     cached
Mem:         15945       9580       6364          0         72       7558
-/+ buffers/cache:       1949      13995
Swap:         8039          0       8039

2019年 07月 24日 星期三 23:43:33 CST
             total       used       free     shared    buffers     cached
Mem:         15945       9590       6355          0         73       7567
-/+ buffers/cache:       1949      13996
Swap:         8039          0       8039

2019年 07月 24日 星期三 23:43:37 CST
             total       used       free     shared    buffers     cached
Mem:         15945       9787       6157          0         73       7763
-/+ buffers/cache:       1951      13993
Swap:         8039          0       8039

2019年 07月 24日 星期三 23:43:41 CST
             total       used       free     shared    buffers     cached
Mem:         15945      10003       5942          0         73       7979
-/+ buffers/cache:       1951      13994
Swap:         8039          0       8039

2019年 07月 24日 星期三 23:43:45 CST
             total       used       free     shared    buffers     cached
Mem:         15945      10334       5610          0         73       8189
-/+ buffers/cache:       2072      13873
Swap:         8039          0       8039

2019年 07月 24日 星期三 23:43:49 CST
             total       used       free     shared    buffers     cached
Mem:         15945      10668       5276          0         73       8411
-/+ buffers/cache:       2184      13761
Swap:         8039          0       8039

2019年 07月 24日 星期三 23:43:53 CST
             total       used       free     shared    buffers     cached
Mem:         15945      10996       4948          0         73       8633
-/+ buffers/cache:       2290      13654
Swap:         8039          0       8039

2019年 07月 24日 星期三 23:43:57 CST
             total       used       free     shared    buffers     cached
Mem:         15945      11255       4690          0         73       8874
-/+ buffers/cache:       2308      13637
Swap:         8039          0       8039

2019年 07月 24日 星期三 23:44:01 CST
             total       used       free     shared    buffers     cached
Mem:         15945      11765       4180          0         73       9385
-/+ buffers/cache:       2306      13638
Swap:         8039          0       8039

2019年 07月 24日 星期三 23:44:05 CST
             total       used       free     shared    buffers     cached
Mem:         15945      12807       3138          0         73      10124
-/+ buffers/cache:       2610      13335
Swap:         8039          0       8039

2019年 07月 24日 星期三 23:44:10 CST
             total       used       free     shared    buffers     cached
Mem:         15945      13443       2502          0         73      10157
-/+ buffers/cache:       3212      12733
Swap:         8039          0       8039

2019年 07月 24日 星期三 23:44:14 CST
             total       used       free     shared    buffers     cached
Mem:         15945      14113       1831          0         73      10159
-/+ buffers/cache:       3881      12063
Swap:         8039          0       8039

2019年 07月 24日 星期三 23:44:18 CST
             total       used       free     shared    buffers     cached
Mem:         15945      14712       1232          0         73      10160
-/+ buffers/cache:       4479      11466
Swap:         8039          0       8039

2019年 07月 24日 星期三 23:44:22 CST
             total       used       free     shared    buffers     cached
Mem:         15945      14558       1386          0         73      10160
-/+ buffers/cache:       4325      11620
Swap:         8039          0       8039

2019年 07月 24日 星期三 23:44:26 CST
             total       used       free     shared    buffers     cached
Mem:         15945      14399       1546          0         73      10140
-/+ buffers/cache:       4185      11760
Swap:         8039          0       8039

2019年 07月 24日 星期三 23:44:30 CST
             total       used       free     shared    buffers     cached
Mem:         15945      14847       1098          0         73      10160
-/+ buffers/cache:       4613      11331
Swap:         8039          0       8039

2019年 07月 24日 星期三 23:44:34 CST
             total       used       free     shared    buffers     cached
Mem:         15945      15132        813          0         73      10141
-/+ buffers/cache:       4917      11027
Swap:         8039          0       8039

2019年 07月 24日 星期三 23:44:38 CST
             total       used       free     shared    buffers     cached
Mem:         15945      14904       1041          0         73      10141
-/+ buffers/cache:       4689      11256
Swap:         8039          0       8039

2019年 07月 24日 星期三 23:44:42 CST
             total       used       free     shared    buffers     cached
Mem:         15945      15196        748          0         73      10123
-/+ buffers/cache:       4999      10945
Swap:         8039          0       8039

2019年 07月 24日 星期三 23:44:46 CST
             total       used       free     shared    buffers     cached
Mem:         15945      15543        402          0         73      10125
-/+ buffers/cache:       5344      10601
Swap:         8039          0       8039

2019年 07月 24日 星期三 23:44:50 CST
             total       used       free     shared    buffers     cached
Mem:         15945      14759       1185          0         73      10139
-/+ buffers/cache:       4546      11398
Swap:         8039          0       8039

2019年 07月 24日 星期三 23:44:54 CST
             total       used       free     shared    buffers     cached
Mem:         15945      14507       1438          0         73      10029
-/+ buffers/cache:       4404      11541
Swap:         8039          0       8039

2019年 07月 24日 星期三 23:44:58 CST
             total       used       free     shared    buffers     cached
Mem:         15945      14944       1001          0         73      10011
-/+ buffers/cache:       4859      11086
Swap:         8039          0       8039

2019年 07月 24日 星期三 23:45:02 CST
             total       used       free     shared    buffers     cached
Mem:         15945      15347        597          0         73      10011
-/+ buffers/cache:       5262      10682
Swap:         8039          0       8039

2019年 07月 24日 星期三 23:45:06 CST
             total       used       free     shared    buffers     cached
Mem:         15945      15770        175          0         73       9741
-/+ buffers/cache:       5955       9989
Swap:         8039          0       8039

2019年 07月 24日 星期三 23:45:10 CST
             total       used       free     shared    buffers     cached
Mem:         15945      15780        164          0         73       9502
-/+ buffers/cache:       6205       9739
Swap:         8039          0       8039

2019年 07月 24日 星期三 23:45:14 CST
             total       used       free     shared    buffers     cached
Mem:         15945      15783        162          0         73       9427
-/+ buffers/cache:       6283       9662
Swap:         8039          0       8039

2019年 07月 24日 星期三 23:45:18 CST
             total       used       free     shared    buffers     cached
Mem:         15945      14943       1002          0         73       9600
-/+ buffers/cache:       5269      10676
Swap:         8039          0       8039

2019年 07月 24日 星期三 23:45:22 CST
             total       used       free     shared    buffers     cached
Mem:         15945      15438        507          0         73       9659
-/+ buffers/cache:       5705      10240
Swap:         8039          0       8039

2019年 07月 24日 星期三 23:45:26 CST
             total       used       free     shared    buffers     cached
Mem:         15945      15785        159          0         73       9683
-/+ buffers/cache:       6029       9916
Swap:         8039          0       8039

2019年 07月 24日 星期三 23:45:30 CST
             total       used       free     shared    buffers     cached
Mem:         15945      15776        169          0         72       9355
-/+ buffers/cache:       6348       9597
Swap:         8039          0       8039

2019年 07月 24日 星期三 23:45:34 CST
             total       used       free     shared    buffers     cached
Mem:         15945      13548       2397          0         72       9301
-/+ buffers/cache:       4174      11771
Swap:         8039          0       8039

2019年 07月 24日 星期三 23:45:38 CST
             total       used       free     shared    buffers     cached
Mem:         15945      14273       1672          0         73       9523
-/+ buffers/cache:       4677      11268
Swap:         8039          0       8039

2019年 07月 24日 星期三 23:45:42 CST
             total       used       free     shared    buffers     cached
Mem:         15945      14870       1074          0         73       9350
-/+ buffers/cache:       5447      10498
Swap:         8039          0       8039

2019年 07月 24日 星期三 23:45:46 CST
             total       used       free     shared    buffers     cached
Mem:         15945      14990        954          0         73       9375
-/+ buffers/cache:       5541      10403
Swap:         8039          0       8039

2019年 07月 24日 星期三 23:45:50 CST
             total       used       free     shared    buffers     cached
Mem:         15945      15474        470          0         73       9436
-/+ buffers/cache:       5964       9980
Swap:         8039          0       8039

2019年 07月 24日 星期三 23:45:54 CST
             total       used       free     shared    buffers     cached
Mem:         15945      15780        165          0         73       9334
-/+ buffers/cache:       6372       9573
Swap:         8039          0       8039

2019年 07月 24日 星期三 23:45:58 CST
             total       used       free     shared    buffers     cached
Mem:         15945      15774        170          0         72       8882
-/+ buffers/cache:       6819       9125
Swap:         8039          0       8039

2019年 07月 24日 星期三 23:46:02 CST
             total       used       free     shared    buffers     cached
Mem:         15945      15786        158          0         72       8656
-/+ buffers/cache:       7056       8888
Swap:         8039          0       8039

2019年 07月 24日 星期三 23:46:06 CST
             total       used       free     shared    buffers     cached
Mem:         15945      15723        221          0         72       8508
-/+ buffers/cache:       7142       8802
Swap:         8039          0       8039

2019年 07月 24日 星期三 23:46:10 CST
             total       used       free     shared    buffers     cached
Mem:         15945      13461       2484          0         72       8716
-/+ buffers/cache:       4671      11273
Swap:         8039          0       8039

2019年 07月 24日 星期三 23:46:14 CST
             total       used       free     shared    buffers     cached
Mem:         15945      14016       1929          0         72       8568
-/+ buffers/cache:       5375      10570
Swap:         8039          0       8039

2019年 07月 24日 星期三 23:46:19 CST
             total       used       free     shared    buffers     cached
Mem:         15945      14375       1569          0         72       8591
-/+ buffers/cache:       5711      10233
Swap:         8039          0       8039

2019年 07月 24日 星期三 23:46:23 CST
             total       used       free     shared    buffers     cached
Mem:         15945      15002        943          0         72       8616
-/+ buffers/cache:       6312       9632
Swap:         8039          0       8039

2019年 07月 24日 星期三 23:46:27 CST
             total       used       free     shared    buffers     cached
Mem:         15945      13723       2222          0         72       8644
-/+ buffers/cache:       5005      10939
Swap:         8039          0       8039

2019年 07月 24日 星期三 23:46:31 CST
             total       used       free     shared    buffers     cached
Mem:         15945      13705       2240          0         72       8658
-/+ buffers/cache:       4973      10971
Swap:         8039          0       8039

2019年 07月 24日 星期三 23:46:35 CST
             total       used       free     shared    buffers     cached
Mem:         15945      11961       3983          0         73       8722
-/+ buffers/cache:       3165      12779
Swap:         8039          0       8039

2019年 07月 24日 星期三 23:46:39 CST
             total       used       free     shared    buffers     cached
Mem:         15945      12678       3267          0         73       8981
-/+ buffers/cache:       3624      12321
Swap:         8039          0       8039

2019年 07月 24日 星期三 23:46:43 CST
             total       used       free     shared    buffers     cached
Mem:         15945      13154       2790          0         73       9017
-/+ buffers/cache:       4064      11881
Swap:         8039          0       8039

2019年 07月 24日 星期三 23:46:47 CST
             total       used       free     shared    buffers     cached
Mem:         15945      13162       2783          0         73       9300
-/+ buffers/cache:       3788      12156
Swap:         8039          0       8039

2019年 07月 24日 星期三 23:46:51 CST
             total       used       free     shared    buffers     cached
Mem:         15945      13337       2608          0         73       9587
-/+ buffers/cache:       3676      12268
Swap:         8039          0       8039

2019年 07月 24日 星期三 23:46:55 CST
             total       used       free     shared    buffers     cached
Mem:         15945      13923       2022          0         73       9815
-/+ buffers/cache:       4034      11911
Swap:         8039          0       8039

2019年 07月 24日 星期三 23:46:59 CST
             total       used       free     shared    buffers     cached
Mem:         15945      14431       1514          0         73      10088
-/+ buffers/cache:       4269      11676
Swap:         8039          0       8039

2019年 07月 24日 星期三 23:47:03 CST
             total       used       free     shared    buffers     cached
Mem:         15945      14947        998          0         73      10310
-/+ buffers/cache:       4563      11381
Swap:         8039          0       8039

2019年 07月 24日 星期三 23:47:07 CST
             total       used       free     shared    buffers     cached
Mem:         15945      14947        998          0         73      10316
-/+ buffers/cache:       4557      11388
Swap:         8039          0       8039

2019年 07月 24日 星期三 23:47:11 CST
             total       used       free     shared    buffers     cached
Mem:         15945      14947        997          0         73      10317
-/+ buffers/cache:       4557      11388
Swap:         8039          0       8039

2019年 07月 24日 星期三 23:47:15 CST
             total       used       free     shared    buffers     cached
Mem:         15945      14964        980          0         73      10319
-/+ buffers/cache:       4572      11372
Swap:         8039          0       8039

2019年 07月 24日 星期三 23:47:19 CST
             total       used       free     shared    buffers     cached
Mem:         15945      15090        854          0         73      10320
-/+ buffers/cache:       4697      11248
Swap:         8039          0       8039

2019年 07月 24日 星期三 23:47:23 CST
             total       used       free     shared    buffers     cached
Mem:         15945      15094        850          0         73      10321
-/+ buffers/cache:       4700      11245
Swap:         8039          0       8039

2019年 07月 24日 星期三 23:47:27 CST
             total       used       free     shared    buffers     cached
Mem:         15945      15109        836          0         73      10321
-/+ buffers/cache:       4714      11231
Swap:         8039          0       8039

2019年 07月 24日 星期三 23:47:31 CST
             total       used       free     shared    buffers     cached
Mem:         15945      15178        767          0         73      10322
-/+ buffers/cache:       4782      11163
Swap:         8039          0       8039

2019年 07月 24日 星期三 23:47:35 CST
             total       used       free     shared    buffers     cached
Mem:         15945      14938       1006          0         73      10068
-/+ buffers/cache:       4797      11148
Swap:         8039          0       8039

2019年 07月 24日 星期三 23:47:39 CST
             total       used       free     shared    buffers     cached
Mem:         15945      14938       1006          0         73      10068
-/+ buffers/cache:       4797      11148
Swap:         8039          0       8039

2019年 07月 24日 星期三 23:47:43 CST
             total       used       free     shared    buffers     cached
Mem:         15945      14756       1189          0         73       9883
-/+ buffers/cache:       4799      11146
Swap:         8039          0       8039

2019年 07月 24日 星期三 23:47:47 CST
             total       used       free     shared    buffers     cached
Mem:         15945      14918       1026          0         73       9883
-/+ buffers/cache:       4962      10983
Swap:         8039          0       8039

2019年 07月 24日 星期三 23:47:51 CST
             total       used       free     shared    buffers     cached
Mem:         15945      14974        971          0         73       9883
-/+ buffers/cache:       5017      10928
Swap:         8039          0       8039

2019年 07月 24日 星期三 23:47:55 CST
             total       used       free     shared    buffers     cached
Mem:         15945      14466       1478          0         73       9892
-/+ buffers/cache:       4500      11444
Swap:         8039          0       8039

2019年 07月 24日 星期三 23:47:59 CST
             total       used       free     shared    buffers     cached
Mem:         15945      14599       1346          0         73       9882
-/+ buffers/cache:       4643      11302
Swap:         8039          0       8039

2019年 07月 24日 星期三 23:48:03 CST
             total       used       free     shared    buffers     cached
Mem:         15945      14873       1071          0         73       9883
-/+ buffers/cache:       4917      11028
Swap:         8039          0       8039

2019年 07月 24日 星期三 23:48:07 CST
             total       used       free     shared    buffers     cached
Mem:         15945      14963        982          0         73       9883
-/+ buffers/cache:       5006      10938
Swap:         8039          0       8039

2019年 07月 24日 星期三 23:48:11 CST
             total       used       free     shared    buffers     cached
Mem:         15945      15055        889          0         73       9943
-/+ buffers/cache:       5039      10905
Swap:         8039          0       8039

2019年 07月 24日 星期三 23:48:15 CST
             total       used       free     shared    buffers     cached
Mem:         15945      15257        687          0         73      10112
-/+ buffers/cache:       5072      10873
Swap:         8039          0       8039

2019年 07月 24日 星期三 23:48:19 CST
             total       used       free     shared    buffers     cached
Mem:         15945      15519        426          0         73      10370
-/+ buffers/cache:       5075      10869
Swap:         8039          0       8039

2019年 07月 24日 星期三 23:48:23 CST
             total       used       free     shared    buffers     cached
Mem:         15945      15775        169          0         73      10574
-/+ buffers/cache:       5128      10817
Swap:         8039          0       8039

2019年 07月 24日 星期三 23:48:27 CST
             total       used       free     shared    buffers     cached
Mem:         15945      15767        178          0         73      10561
-/+ buffers/cache:       5132      10813
Swap:         8039          0       8039

2019年 07月 24日 星期三 23:48:31 CST
             total       used       free     shared    buffers     cached
Mem:         15945      15768        177          0         73      10551
-/+ buffers/cache:       5143      10801
Swap:         8039          0       8039

2019年 07月 24日 星期三 23:48:35 CST
             total       used       free     shared    buffers     cached
Mem:         15945      15711        233          0         73      10964
-/+ buffers/cache:       4673      11271
Swap:         8039          0       8039

2019年 07月 24日 星期三 23:48:39 CST
             total       used       free     shared    buffers     cached
Mem:         15945      15393        552          0         73      10888
-/+ buffers/cache:       4431      11514
Swap:         8039          0       8039

2019年 07月 24日 星期三 23:48:43 CST
             total       used       free     shared    buffers     cached
Mem:         15945      15769        176          0         73      10704
-/+ buffers/cache:       4991      10954
Swap:         8039          0       8039

2019年 07月 24日 星期三 23:48:47 CST
             total       used       free     shared    buffers     cached
Mem:         15945      15790        155          0         73      10323
-/+ buffers/cache:       5393      10551
Swap:         8039          0       8039

2019年 07月 24日 星期三 23:48:51 CST
             total       used       free     shared    buffers     cached
Mem:         15945      14257       1688          0         73      10320
-/+ buffers/cache:       3863      12081
Swap:         8039          0       8039

2019年 07月 24日 星期三 23:48:55 CST
             total       used       free     shared    buffers     cached
Mem:         15945      14805       1139          0         73      10117
-/+ buffers/cache:       4614      11330
Swap:         8039          0       8039

2019年 07月 24日 星期三 23:48:59 CST
             total       used       free     shared    buffers     cached
Mem:         15945      15538        406          0         73      10118
-/+ buffers/cache:       5347      10598
Swap:         8039          0       8039

2019年 07月 24日 星期三 23:49:03 CST
             total       used       free     shared    buffers     cached
Mem:         15945      15781        164          0         73       9771
-/+ buffers/cache:       5936      10009
Swap:         8039          0       8039

2019年 07月 24日 星期三 23:49:07 CST
             total       used       free     shared    buffers     cached
Mem:         15945      15784        160          0         73       9574
-/+ buffers/cache:       6136       9808
Swap:         8039          0       8039

2019年 07月 24日 星期三 23:49:11 CST
             total       used       free     shared    buffers     cached
Mem:         15945      15780        165          0         73       9531
-/+ buffers/cache:       6175       9769
Swap:         8039          0       8039

2019年 07月 24日 星期三 23:49:15 CST
             total       used       free     shared    buffers     cached
Mem:         15945      15763        181          0         73       9466
-/+ buffers/cache:       6224       9720
Swap:         8039          0       8039

2019年 07月 24日 星期三 23:49:19 CST
             total       used       free     shared    buffers     cached
Mem:         15945      15576        369          0         73       9233
-/+ buffers/cache:       6269       9676
Swap:         8039          0       8039

2019年 07月 24日 星期三 23:49:23 CST
             total       used       free     shared    buffers     cached
Mem:         15945      15663        282          0         73       9258
-/+ buffers/cache:       6331       9613
Swap:         8039          0       8039

2019年 07月 24日 星期三 23:49:27 CST
             total       used       free     shared    buffers     cached
Mem:         15945      15718        226          0         73       9278
-/+ buffers/cache:       6366       9578
Swap:         8039          0       8039

2019年 07月 24日 星期三 23:49:31 CST
             total       used       free     shared    buffers     cached
Mem:         15945      15761        183          0         73       9284
-/+ buffers/cache:       6403       9541
Swap:         8039          0       8039

2019年 07月 24日 星期三 23:49:35 CST
             total       used       free     shared    buffers     cached
Mem:         15945      15779        166          0         73       9233
-/+ buffers/cache:       6472       9472
Swap:         8039          0       8039

2019年 07月 24日 星期三 23:49:39 CST
             total       used       free     shared    buffers     cached
Mem:         15945      12309       3636          0         73       9258
-/+ buffers/cache:       2977      12967
Swap:         8039          0       8039

2019年 07月 24日 星期三 23:49:44 CST
             total       used       free     shared    buffers     cached
Mem:         15945      12731       3213          0         73       9344
-/+ buffers/cache:       3314      12631
Swap:         8039          0       8039

2019年 07月 24日 星期三 23:49:48 CST
             total       used       free     shared    buffers     cached
Mem:         15945      13474       2471          0         73       9345
-/+ buffers/cache:       4056      11889
Swap:         8039          0       8039

2019年 07月 24日 星期三 23:49:52 CST
             total       used       free     shared    buffers     cached
Mem:         15945      14145       1799          0         73       9328
-/+ buffers/cache:       4743      11201
Swap:         8039          0       8039

2019年 07月 24日 星期三 23:49:56 CST
             total       used       free     shared    buffers     cached
Mem:         15945      13255       2690          0         73       9259
-/+ buffers/cache:       3922      12022
Swap:         8039          0       8039

2019年 07月 24日 星期三 23:50:00 CST
             total       used       free     shared    buffers     cached
Mem:         15945      13941       2004          0         73       9329
-/+ buffers/cache:       4538      11407
Swap:         8039          0       8039

2019年 07月 24日 星期三 23:50:04 CST
             total       used       free     shared    buffers     cached
Mem:         15945      13995       1949          0         73       9445
-/+ buffers/cache:       4476      11468
Swap:         8039          0       8039

2019年 07月 24日 星期三 23:50:08 CST
             total       used       free     shared    buffers     cached
Mem:         15945      14634       1310          0         73       9539
-/+ buffers/cache:       5022      10923
Swap:         8039          0       8039

2019年 07月 24日 星期三 23:50:12 CST
             total       used       free     shared    buffers     cached
Mem:         15945      15212        733          0         73       9581
-/+ buffers/cache:       5557      10387
Swap:         8039          0       8039

2019年 07月 24日 星期三 23:50:16 CST
             total       used       free     shared    buffers     cached
Mem:         15945      15595        350          0         73       9623
-/+ buffers/cache:       5898      10047
Swap:         8039          0       8039

2019年 07月 24日 星期三 23:50:20 CST
             total       used       free     shared    buffers     cached
Mem:         15945      15783        161          0         73       9603
-/+ buffers/cache:       6107       9838
Swap:         8039          0       8039

2019年 07月 24日 星期三 23:50:24 CST
             total       used       free     shared    buffers     cached
Mem:         15945      15781        164          0         73       9428
-/+ buffers/cache:       6279       9666
Swap:         8039          0       8039

2019年 07月 24日 星期三 23:50:28 CST
             total       used       free     shared    buffers     cached
Mem:         15945      15781        164          0         73       9341
-/+ buffers/cache:       6366       9579
Swap:         8039          0       8039

2019年 07月 24日 星期三 23:50:32 CST
             total       used       free     shared    buffers     cached
Mem:         15945      15252        693          0         73       9268
-/+ buffers/cache:       5910      10034
Swap:         8039          0       8039

2019年 07月 24日 星期三 23:50:36 CST
             total       used       free     shared    buffers     cached
Mem:         15945      15522        422          0         73       9440
-/+ buffers/cache:       6009       9936
Swap:         8039          0       8039

2019年 07月 24日 星期三 23:50:40 CST
             total       used       free     shared    buffers     cached
Mem:         15945      15782        163          0         73       9434
-/+ buffers/cache:       6274       9671
Swap:         8039          0       8039

2019年 07月 24日 星期三 23:50:44 CST
             total       used       free     shared    buffers     cached
Mem:         15945      14607       1338          0         73       9321
-/+ buffers/cache:       5213      10732
Swap:         8039          0       8039

2019年 07月 24日 星期三 23:50:48 CST
             total       used       free     shared    buffers     cached
Mem:         15945      14871       1074          0         73       9155
-/+ buffers/cache:       5642      10303
Swap:         8039          0       8039

2019年 07月 24日 星期三 23:50:52 CST
             total       used       free     shared    buffers     cached
Mem:         15945      15500        444          0         73       9157
-/+ buffers/cache:       6269       9675
Swap:         8039          0       8039

2019年 07月 24日 星期三 23:50:56 CST
             total       used       free     shared    buffers     cached
Mem:         15945      14724       1220          0         73       9122
-/+ buffers/cache:       5528      10416
Swap:         8039          0       8039

2019年 07月 24日 星期三 23:51:00 CST
             total       used       free     shared    buffers     cached
Mem:         15945      14406       1539          0         73       9492
-/+ buffers/cache:       4841      11104
Swap:         8039          0       8039

2019年 07月 24日 星期三 23:51:04 CST
             total       used       free     shared    buffers     cached
Mem:         15945      15044        901          0         73       9461
-/+ buffers/cache:       5509      10435
Swap:         8039          0       8039

2019年 07月 24日 星期三 23:51:08 CST
             total       used       free     shared    buffers     cached
Mem:         15945      15617        328          0         73       9497
-/+ buffers/cache:       6046       9899
Swap:         8039          0       8039

2019年 07月 24日 星期三 23:51:12 CST
             total       used       free     shared    buffers     cached
Mem:         15945      15770        175          0         72       9254
-/+ buffers/cache:       6443       9501
Swap:         8039          0       8039

2019年 07月 24日 星期三 23:51:16 CST
             total       used       free     shared    buffers     cached
Mem:         15945      13944       2001          0         72       9019
-/+ buffers/cache:       4852      11093
Swap:         8039          0       8039

2019年 07月 24日 星期三 23:51:20 CST
             total       used       free     shared    buffers     cached
Mem:         15945      14347       1598          0         72       9038
-/+ buffers/cache:       5236      10709
Swap:         8039          0       8039

2019年 07月 24日 星期三 23:51:24 CST
             total       used       free     shared    buffers     cached
Mem:         15945      13608       2336          0         72       9042
-/+ buffers/cache:       4494      11451
Swap:         8039          0       8039

2019年 07月 24日 星期三 23:51:28 CST
             total       used       free     shared    buffers     cached
Mem:         15945      14001       1943          0         72       8863
-/+ buffers/cache:       5065      10879
Swap:         8039          0       8039

2019年 07月 24日 星期三 23:51:32 CST
             total       used       free     shared    buffers     cached
Mem:         15945      14987        957          0         72       8866
-/+ buffers/cache:       6048       9896
Swap:         8039          0       8039

2019年 07月 24日 星期三 23:51:36 CST
             total       used       free     shared    buffers     cached
Mem:         15945      15352        593          0         72       8866
-/+ buffers/cache:       6413       9532
Swap:         8039          0       8039

2019年 07月 24日 星期三 23:51:40 CST
             total       used       free     shared    buffers     cached
Mem:         15945      15766        178          0         72       8688
-/+ buffers/cache:       7006       8939
Swap:         8039          0       8039

2019年 07月 24日 星期三 23:51:44 CST
             total       used       free     shared    buffers     cached
Mem:         15945      14054       1891          0         72       8581
-/+ buffers/cache:       5400      10545
Swap:         8039          0       8039

2019年 07月 24日 星期三 23:51:48 CST
             total       used       free     shared    buffers     cached
Mem:         15945      14332       1613          0         72       8902
-/+ buffers/cache:       5356      10588
Swap:         8039          0       8039

2019年 07月 24日 星期三 23:51:52 CST
             total       used       free     shared    buffers     cached
Mem:         15945      14772       1172          0         72       8838
-/+ buffers/cache:       5861      10084
Swap:         8039          0       8039

2019年 07月 24日 星期三 23:51:56 CST
             total       used       free     shared    buffers     cached
Mem:         15945      15350        595          0         72       8876
-/+ buffers/cache:       6401       9544
Swap:         8039          0       8039

2019年 07月 24日 星期三 23:52:01 CST
             total       used       free     shared    buffers     cached
Mem:         15945      15256        688          0         72       8831
-/+ buffers/cache:       6352       9593
Swap:         8039          0       8039

2019年 07月 24日 星期三 23:52:05 CST
             total       used       free     shared    buffers     cached
Mem:         15945      15564        380          0         72       8747
-/+ buffers/cache:       6744       9201
Swap:         8039          0       8039

2019年 07月 24日 星期三 23:52:09 CST
             total       used       free     shared    buffers     cached
Mem:         15945      13534       2410          0         72       8806
-/+ buffers/cache:       4656      11289
Swap:         8039          0       8039

2019年 07月 24日 星期三 23:52:13 CST
             total       used       free     shared    buffers     cached
Mem:         15945      13505       2440          0         72       9334
-/+ buffers/cache:       4097      11847
Swap:         8039          0       8039

2019年 07月 24日 星期三 23:52:17 CST
             total       used       free     shared    buffers     cached
Mem:         15945      13668       2276          0         72       9694
-/+ buffers/cache:       3901      12043
Swap:         8039          0       8039

2019年 07月 24日 星期三 23:52:21 CST
             total       used       free     shared    buffers     cached
Mem:         15945      14175       1770          0         72       9716
-/+ buffers/cache:       4386      11559
Swap:         8039          0       8039

2019年 07月 24日 星期三 23:52:25 CST
             total       used       free     shared    buffers     cached
Mem:         15945      14164       1780          0         72       9321
-/+ buffers/cache:       4771      11174
Swap:         8039          0       8039

2019年 07月 24日 星期三 23:52:29 CST
             total       used       free     shared    buffers     cached
Mem:         15945      14563       1382          0         72       9329
-/+ buffers/cache:       5161      10784
Swap:         8039          0       8039

2019年 07月 24日 星期三 23:52:33 CST
             total       used       free     shared    buffers     cached
Mem:         15945      14805       1139          0         72       9330
-/+ buffers/cache:       5403      10542
Swap:         8039          0       8039

2019年 07月 24日 星期三 23:52:37 CST
             total       used       free     shared    buffers     cached
Mem:         15945      14894       1051          0         72       9350
-/+ buffers/cache:       5471      10474
Swap:         8039          0       8039

2019年 07月 24日 星期三 23:52:41 CST
             total       used       free     shared    buffers     cached
Mem:         15945      13446       2498          0         72       9356
-/+ buffers/cache:       4017      11927
Swap:         8039          0       8039

2019年 07月 24日 星期三 23:52:45 CST
             total       used       free     shared    buffers     cached
Mem:         15945      13539       2406          0         72       9364
-/+ buffers/cache:       4101      11843
Swap:         8039          0       8039

2019年 07月 24日 星期三 23:52:49 CST
             total       used       free     shared    buffers     cached
Mem:         15945      14167       1777          0         72       9364
-/+ buffers/cache:       4730      11214
Swap:         8039          0       8039

2019年 07月 24日 星期三 23:52:53 CST
             total       used       free     shared    buffers     cached
Mem:         15945      14445       1499          0         72       9366
-/+ buffers/cache:       5007      10938
Swap:         8039          0       8039

2019年 07月 24日 星期三 23:52:57 CST
             total       used       free     shared    buffers     cached
Mem:         15945      14936       1008          0         72       9369
-/+ buffers/cache:       5494      10450
Swap:         8039          0       8039

2019年 07月 24日 星期三 23:53:01 CST
             total       used       free     shared    buffers     cached
Mem:         15945      14546       1399          0         72       9370
-/+ buffers/cache:       5103      10842
Swap:         8039          0       8039

2019年 07月 24日 星期三 23:53:05 CST
             total       used       free     shared    buffers     cached
Mem:         15945      14649       1296          0         72       9187
-/+ buffers/cache:       5389      10556
Swap:         8039          0       8039

2019年 07月 24日 星期三 23:53:09 CST
             total       used       free     shared    buffers     cached
Mem:         15945      15102        843          0         72       9192
-/+ buffers/cache:       5837      10108
Swap:         8039          0       8039

2019年 07月 24日 星期三 23:53:13 CST
             total       used       free     shared    buffers     cached
Mem:         15945      15161        783          0         72       9192
-/+ buffers/cache:       5896      10049
Swap:         8039          0       8039

2019年 07月 24日 星期三 23:53:17 CST
             total       used       free     shared    buffers     cached
Mem:         15945      14203       1742          0         72       9194
-/+ buffers/cache:       4935      11009
Swap:         8039          0       8039

2019年 07月 24日 星期三 23:53:21 CST
             total       used       free     shared    buffers     cached
Mem:         15945      14650       1295          0         72       9009
-/+ buffers/cache:       5567      10377
Swap:         8039          0       8039

2019年 07月 24日 星期三 23:53:25 CST
             total       used       free     shared    buffers     cached
Mem:         15945      15270        675          0         72       9015
-/+ buffers/cache:       6182       9763
Swap:         8039          0       8039

2019年 07月 24日 星期三 23:53:29 CST
             total       used       free     shared    buffers     cached
Mem:         15945      11963       3982          0         72       9119
-/+ buffers/cache:       2770      13175
Swap:         8039          0       8039

2019年 07月 24日 星期三 23:53:33 CST
             total       used       free     shared    buffers     cached
Mem:         15945      12285       3659          0         72       8876
-/+ buffers/cache:       3335      12609
Swap:         8039          0       8039

2019年 07月 24日 星期三 23:53:37 CST
             total       used       free     shared    buffers     cached
Mem:         15945      13279       2666          0         72       8878
-/+ buffers/cache:       4328      11617
Swap:         8039          0       8039

2019年 07月 24日 星期三 23:53:41 CST
             total       used       free     shared    buffers     cached
Mem:         15945      13728       2216          0         72       8907
-/+ buffers/cache:       4748      11196
Swap:         8039          0       8039

2019年 07月 24日 星期三 23:53:45 CST
             total       used       free     shared    buffers     cached
Mem:         15945      14680       1264          0         72       9016
-/+ buffers/cache:       5591      10354
Swap:         8039          0       8039

2019年 07月 24日 星期三 23:53:49 CST
             total       used       free     shared    buffers     cached
Mem:         15945      15388        556          0         72       9092
-/+ buffers/cache:       6223       9722
Swap:         8039          0       8039

2019年 07月 24日 星期三 23:53:53 CST
             total       used       free     shared    buffers     cached
Mem:         15945      15787        158          0         72       8749
-/+ buffers/cache:       6965       8980
Swap:         8039          0       8039

2019年 07月 24日 星期三 23:53:57 CST
             total       used       free     shared    buffers     cached
Mem:         15945      15536        408          0         72       8821
-/+ buffers/cache:       6642       9303
Swap:         8039          0       8039

2019年 07月 24日 星期三 23:54:02 CST
             total       used       free     shared    buffers     cached
Mem:         15945      15787        157          0         72       8913
-/+ buffers/cache:       6800       9144
Swap:         8039          0       8039

2019年 07月 24日 星期三 23:54:06 CST
             total       used       free     shared    buffers     cached
Mem:         15945      15763        181          0         72       8682
-/+ buffers/cache:       7008       8937
Swap:         8039          0       8039

2019年 07月 24日 星期三 23:54:10 CST
             total       used       free     shared    buffers     cached
Mem:         15945      15770        174          0         72       8555
-/+ buffers/cache:       7142       8803
Swap:         8039          0       8039

2019年 07月 24日 星期三 23:54:14 CST
             total       used       free     shared    buffers     cached
Mem:         15945      15768        176          0         72       8488
-/+ buffers/cache:       7207       8738
Swap:         8039          0       8039

2019年 07月 24日 星期三 23:54:18 CST
             total       used       free     shared    buffers     cached
Mem:         15945      15770        174          0         72       8396
-/+ buffers/cache:       7301       8643
Swap:         8039          0       8039

2019年 07月 24日 星期三 23:54:22 CST
             total       used       free     shared    buffers     cached
Mem:         15945      15786        158          0         72       8277
-/+ buffers/cache:       7436       8508
Swap:         8039          0       8039

2019年 07月 24日 星期三 23:54:26 CST
             total       used       free     shared    buffers     cached
Mem:         15945      13962       1983          0         72       8498
-/+ buffers/cache:       5390      10554
Swap:         8039          0       8039

2019年 07月 24日 星期三 23:54:30 CST
             total       used       free     shared    buffers     cached
Mem:         15945      11093       4851          0         72       8320
-/+ buffers/cache:       2700      13244
Swap:         8039          0       8039

2019年 07月 24日 星期三 23:54:34 CST
             total       used       free     shared    buffers     cached
Mem:         15945      10992       4952          0         72       7976
-/+ buffers/cache:       2943      13001
Swap:         8039          0       8039

2019年 07月 24日 星期三 23:54:38 CST
             total       used       free     shared    buffers     cached
Mem:         15945      11443       4501          0         72       7976
-/+ buffers/cache:       3394      12551
Swap:         8039          0       8039

2019年 07月 24日 星期三 23:54:42 CST
             total       used       free     shared    buffers     cached
Mem:         15945      11638       4306          0         72       7825
-/+ buffers/cache:       3740      12204
Swap:         8039          0       8039

2019年 07月 24日 星期三 23:54:46 CST
             total       used       free     shared    buffers     cached
Mem:         15945      12084       3861          0         72       7828
-/+ buffers/cache:       4183      11762
Swap:         8039          0       8039

2019年 07月 24日 星期三 23:54:50 CST
             total       used       free     shared    buffers     cached
Mem:         15945      10535       5410          0         72       7825
-/+ buffers/cache:       2637      13308
Swap:         8039          0       8039

2019年 07月 24日 星期三 23:54:54 CST
             total       used       free     shared    buffers     cached
Mem:         15945      10535       5409          0         72       7825
-/+ buffers/cache:       2637      13308
Swap:         8039          0       8039

2019年 07月 24日 星期三 23:54:58 CST
             total       used       free     shared    buffers     cached
Mem:         15945      10345       5599          0         72       7641
-/+ buffers/cache:       2631      13313
Swap:         8039          0       8039

2019年 07月 24日 星期三 23:55:02 CST
             total       used       free     shared    buffers     cached
Mem:         15945      10346       5599          0         72       7641
-/+ buffers/cache:       2632      13313
Swap:         8039          0       8039

2019年 07月 24日 星期三 23:55:06 CST
             total       used       free     shared    buffers     cached
Mem:         15945       9712       6233          0         72       7641
-/+ buffers/cache:       1998      13947
Swap:         8039          0       8039

2019年 07月 24日 星期三 23:55:10 CST
             total       used       free     shared    buffers     cached
Mem:         15945       9712       6232          0         72       7641
-/+ buffers/cache:       1998      13947
Swap:         8039          0       8039

2019年 07月 24日 星期三 23:55:14 CST
             total       used       free     shared    buffers     cached
Mem:         15945       9694       6251          0         72       7624
-/+ buffers/cache:       1997      13948
Swap:         8039          0       8039

2019年 07月 24日 星期三 23:55:18 CST
             total       used       free     shared    buffers     cached
Mem:         15945       9693       6251          0         72       7624
-/+ buffers/cache:       1996      13948
Swap:         8039          0       8039

2019年 07月 24日 星期三 23:55:22 CST
             total       used       free     shared    buffers     cached
Mem:         15945       9693       6252          0         72       7624
-/+ buffers/cache:       1996      13949
Swap:         8039          0       8039

2019年 07月 24日 星期三 23:55:26 CST
             total       used       free     shared    buffers     cached
Mem:         15945       9692       6253          0         72       7624
-/+ buffers/cache:       1995      13950
Swap:         8039          0       8039

2019年 07月 24日 星期三 23:55:30 CST
             total       used       free     shared    buffers     cached
Mem:         15945       9691       6254          0         72       7624
-/+ buffers/cache:       1994      13951
Swap:         8039          0       8039

2019年 07月 24日 星期三 23:55:34 CST
             total       used       free     shared    buffers     cached
Mem:         15945       9691       6254          0         72       7624
-/+ buffers/cache:       1994      13951
Swap:         8039          0       8039

2019年 07月 24日 星期三 23:55:38 CST
             total       used       free     shared    buffers     cached
Mem:         15945       9691       6254          0         72       7624
-/+ buffers/cache:       1994      13951
Swap:         8039          0       8039

2019年 07月 24日 星期三 23:55:42 CST
             total       used       free     shared    buffers     cached
Mem:         15945       9690       6254          0         72       7624
-/+ buffers/cache:       1993      13951
Swap:         8039          0       8039

2019年 07月 24日 星期三 23:55:46 CST
             total       used       free     shared    buffers     cached
Mem:         15945       9690       6254          0         72       7624
-/+ buffers/cache:       1993      13951
Swap:         8039          0       8039

