
Linux 2.6.32-431.el6.x86_64 (slave1) 	2019年07月27日 	_x86_64_	(8 CPU)

02时40分29秒  CPU    %usr   %nice    %sys %iowait    %irq   %soft  %steal  %guest   %idle
02时40分30秒  all    0.00    0.00    0.00    0.00    0.13    0.00    0.00    0.00   99.87
平均时间:  all    0.00    0.00    0.00    0.00    0.13    0.00    0.00    0.00   99.87

Linux 2.6.32-431.el6.x86_64 (slave1) 	2019年07月27日 	_x86_64_	(8 CPU)

02时40分33秒  CPU    %usr   %nice    %sys %iowait    %irq   %soft  %steal  %guest   %idle
02时40分34秒  all    0.00    0.00    0.00    0.00    0.00    0.00    0.00    0.00  100.00
平均时间:  all    0.00    0.00    0.00    0.00    0.00    0.00    0.00    0.00  100.00

Linux 2.6.32-431.el6.x86_64 (slave1) 	2019年07月27日 	_x86_64_	(8 CPU)

02时40分37秒  CPU    %usr   %nice    %sys %iowait    %irq   %soft  %steal  %guest   %idle
02时40分38秒  all    0.12    0.00    0.12    0.00    0.00    0.00    0.00    0.00   99.75
平均时间:  all    0.12    0.00    0.12    0.00    0.00    0.00    0.00    0.00   99.75

Linux 2.6.32-431.el6.x86_64 (slave1) 	2019年07月27日 	_x86_64_	(8 CPU)

02时40分41秒  CPU    %usr   %nice    %sys %iowait    %irq   %soft  %steal  %guest   %idle
02时40分42秒  all    0.00    0.00    0.13    0.00    0.00    0.00    0.00    0.00   99.87
平均时间:  all    0.00    0.00    0.13    0.00    0.00    0.00    0.00    0.00   99.87

Linux 2.6.32-431.el6.x86_64 (slave1) 	2019年07月27日 	_x86_64_	(8 CPU)

02时40分45秒  CPU    %usr   %nice    %sys %iowait    %irq   %soft  %steal  %guest   %idle
02时40分46秒  all    0.13    0.00    0.38    0.00    0.00    0.00    0.00    0.00   99.50
平均时间:  all    0.13    0.00    0.38    0.00    0.00    0.00    0.00    0.00   99.50

Linux 2.6.32-431.el6.x86_64 (slave1) 	2019年07月27日 	_x86_64_	(8 CPU)

02时40分49秒  CPU    %usr   %nice    %sys %iowait    %irq   %soft  %steal  %guest   %idle
02时40分50秒  all    0.93    0.00    8.12    0.00    0.40    7.06    0.00    0.00   83.49
平均时间:  all    0.93    0.00    8.12    0.00    0.40    7.06    0.00    0.00   83.49

Linux 2.6.32-431.el6.x86_64 (slave1) 	2019年07月27日 	_x86_64_	(8 CPU)

02时40分53秒  CPU    %usr   %nice    %sys %iowait    %irq   %soft  %steal  %guest   %idle
02时40分54秒  all    0.66    0.00    8.43    0.00    0.92   13.97    0.00    0.00   76.02
平均时间:  all    0.66    0.00    8.43    0.00    0.92   13.97    0.00    0.00   76.02

Linux 2.6.32-431.el6.x86_64 (slave1) 	2019年07月27日 	_x86_64_	(8 CPU)

02时40分57秒  CPU    %usr   %nice    %sys %iowait    %irq   %soft  %steal  %guest   %idle
02时40分58秒  all   71.52    0.00   18.82    0.00    0.38    8.78    0.00    0.00    0.50
平均时间:  all   71.52    0.00   18.82    0.00    0.38    8.78    0.00    0.00    0.50

Linux 2.6.32-431.el6.x86_64 (slave1) 	2019年07月27日 	_x86_64_	(8 CPU)

02时41分01秒  CPU    %usr   %nice    %sys %iowait    %irq   %soft  %steal  %guest   %idle
02时41分02秒  all   71.71    0.00   18.27    0.00    0.25    8.89    0.00    0.00    0.88
平均时间:  all   71.71    0.00   18.27    0.00    0.25    8.89    0.00    0.00    0.88

Linux 2.6.32-431.el6.x86_64 (slave1) 	2019年07月27日 	_x86_64_	(8 CPU)

02时41分05秒  CPU    %usr   %nice    %sys %iowait    %irq   %soft  %steal  %guest   %idle
02时41分06秒  all   86.16    0.00   11.10    0.00    0.12    2.49    0.00    0.00    0.12
平均时间:  all   86.16    0.00   11.10    0.00    0.12    2.49    0.00    0.00    0.12

Linux 2.6.32-431.el6.x86_64 (slave1) 	2019年07月27日 	_x86_64_	(8 CPU)

02时41分09秒  CPU    %usr   %nice    %sys %iowait    %irq   %soft  %steal  %guest   %idle
02时41分10秒  all   90.75    0.00    9.00    0.00    0.00    0.12    0.00    0.00    0.12
平均时间:  all   90.75    0.00    9.00    0.00    0.00    0.12    0.00    0.00    0.12

Linux 2.6.32-431.el6.x86_64 (slave1) 	2019年07月27日 	_x86_64_	(8 CPU)

02时41分13秒  CPU    %usr   %nice    %sys %iowait    %irq   %soft  %steal  %guest   %idle
02时41分14秒  all   92.88    0.00    6.74    0.00    0.00    0.00    0.00    0.00    0.37
平均时间:  all   92.88    0.00    6.74    0.00    0.00    0.00    0.00    0.00    0.37

Linux 2.6.32-431.el6.x86_64 (slave1) 	2019年07月27日 	_x86_64_	(8 CPU)

02时41分17秒  CPU    %usr   %nice    %sys %iowait    %irq   %soft  %steal  %guest   %idle
02时41分18秒  all    0.89    0.00    0.13    0.00    0.00    0.00    0.00    0.00   98.98
平均时间:  all    0.89    0.00    0.13    0.00    0.00    0.00    0.00    0.00   98.98

Linux 2.6.32-431.el6.x86_64 (slave1) 	2019年07月27日 	_x86_64_	(8 CPU)

02时41分21秒  CPU    %usr   %nice    %sys %iowait    %irq   %soft  %steal  %guest   %idle
02时41分22秒  all   44.08    0.00    5.86    0.00    0.00    0.00    0.00    0.00   50.06
平均时间:  all   44.08    0.00    5.86    0.00    0.00    0.00    0.00    0.00   50.06

Linux 2.6.32-431.el6.x86_64 (slave1) 	2019年07月27日 	_x86_64_	(8 CPU)

02时41分25秒  CPU    %usr   %nice    %sys %iowait    %irq   %soft  %steal  %guest   %idle
02时41分26秒  all   60.31    0.00   15.01    0.00    0.25    4.20    0.00    0.00   20.23
平均时间:  all   60.31    0.00   15.01    0.00    0.25    4.20    0.00    0.00   20.23

Linux 2.6.32-431.el6.x86_64 (slave1) 	2019年07月27日 	_x86_64_	(8 CPU)

02时41分29秒  CPU    %usr   %nice    %sys %iowait    %irq   %soft  %steal  %guest   %idle
02时41分30秒  all   45.99    0.00    2.93    0.00    0.00    0.00    0.00    0.00   51.08
平均时间:  all   45.99    0.00    2.93    0.00    0.00    0.00    0.00    0.00   51.08

Linux 2.6.32-431.el6.x86_64 (slave1) 	2019年07月27日 	_x86_64_	(8 CPU)

02时41分33秒  CPU    %usr   %nice    %sys %iowait    %irq   %soft  %steal  %guest   %idle
02时41分34秒  all   23.27    0.00    2.43    0.00    0.00    0.00    0.00    0.00   74.30
平均时间:  all   23.27    0.00    2.43    0.00    0.00    0.00    0.00    0.00   74.30

Linux 2.6.32-431.el6.x86_64 (slave1) 	2019年07月27日 	_x86_64_	(8 CPU)

02时41分37秒  CPU    %usr   %nice    %sys %iowait    %irq   %soft  %steal  %guest   %idle
02时41分38秒  all   38.20    0.00    2.92    0.00    0.13    0.13    0.00    0.00   58.63
平均时间:  all   38.20    0.00    2.92    0.00    0.13    0.13    0.00    0.00   58.63

Linux 2.6.32-431.el6.x86_64 (slave1) 	2019年07月27日 	_x86_64_	(8 CPU)

02时41分42秒  CPU    %usr   %nice    %sys %iowait    %irq   %soft  %steal  %guest   %idle
02时41分43秒  all   61.07    0.00    6.11    0.00    0.00    0.25    0.00    0.00   32.57
平均时间:  all   61.07    0.00    6.11    0.00    0.00    0.25    0.00    0.00   32.57

Linux 2.6.32-431.el6.x86_64 (slave1) 	2019年07月27日 	_x86_64_	(8 CPU)

02时41分46秒  CPU    %usr   %nice    %sys %iowait    %irq   %soft  %steal  %guest   %idle
02时41分47秒  all   92.38    0.00    6.49    0.00    0.12    0.00    0.00    0.00    1.00
平均时间:  all   92.38    0.00    6.49    0.00    0.12    0.00    0.00    0.00    1.00

Linux 2.6.32-431.el6.x86_64 (slave1) 	2019年07月27日 	_x86_64_	(8 CPU)

02时41分50秒  CPU    %usr   %nice    %sys %iowait    %irq   %soft  %steal  %guest   %idle
02时41分51秒  all   62.42    0.00   10.68    0.00    0.00    0.00    0.00    0.00   26.90
平均时间:  all   62.42    0.00   10.68    0.00    0.00    0.00    0.00    0.00   26.90

Linux 2.6.32-431.el6.x86_64 (slave1) 	2019年07月27日 	_x86_64_	(8 CPU)

02时41分54秒  CPU    %usr   %nice    %sys %iowait    %irq   %soft  %steal  %guest   %idle
02时41分55秒  all   67.52    0.00    8.31    0.00    0.13    0.13    0.00    0.00   23.91
平均时间:  all   67.52    0.00    8.31    0.00    0.13    0.13    0.00    0.00   23.91

Linux 2.6.32-431.el6.x86_64 (slave1) 	2019年07月27日 	_x86_64_	(8 CPU)

02时41分58秒  CPU    %usr   %nice    %sys %iowait    %irq   %soft  %steal  %guest   %idle
02时41分59秒  all   86.00    0.00    7.82    0.00    0.00    0.13    0.00    0.00    6.05
平均时间:  all   86.00    0.00    7.82    0.00    0.00    0.13    0.00    0.00    6.05

Linux 2.6.32-431.el6.x86_64 (slave1) 	2019年07月27日 	_x86_64_	(8 CPU)

02时42分02秒  CPU    %usr   %nice    %sys %iowait    %irq   %soft  %steal  %guest   %idle
02时42分03秒  all   80.20    0.00   11.68    0.00    0.00    0.13    0.00    0.00    7.99
平均时间:  all   80.20    0.00   11.68    0.00    0.00    0.13    0.00    0.00    7.99

Linux 2.6.32-431.el6.x86_64 (slave1) 	2019年07月27日 	_x86_64_	(8 CPU)

02时42分06秒  CPU    %usr   %nice    %sys %iowait    %irq   %soft  %steal  %guest   %idle
02时42分07秒  all   67.76    0.00   15.17    0.00    0.00    0.63    0.00    0.00   16.43
平均时间:  all   67.76    0.00   15.17    0.00    0.00    0.63    0.00    0.00   16.43

Linux 2.6.32-431.el6.x86_64 (slave1) 	2019年07月27日 	_x86_64_	(8 CPU)

02时42分10秒  CPU    %usr   %nice    %sys %iowait    %irq   %soft  %steal  %guest   %idle
02时42分11秒  all   67.39    0.00   10.15    0.00    0.00    0.00    0.00    0.00   22.46
平均时间:  all   67.39    0.00   10.15    0.00    0.00    0.00    0.00    0.00   22.46

Linux 2.6.32-431.el6.x86_64 (slave1) 	2019年07月27日 	_x86_64_	(8 CPU)

02时42分14秒  CPU    %usr   %nice    %sys %iowait    %irq   %soft  %steal  %guest   %idle
02时42分15秒  all   43.71    0.00    4.70    0.00    0.00    0.00    0.00    0.00   51.59
平均时间:  all   43.71    0.00    4.70    0.00    0.00    0.00    0.00    0.00   51.59

Linux 2.6.32-431.el6.x86_64 (slave1) 	2019年07月27日 	_x86_64_	(8 CPU)

02时42分18秒  CPU    %usr   %nice    %sys %iowait    %irq   %soft  %steal  %guest   %idle
02时42分19秒  all   88.49    0.00   10.26    0.00    0.00    0.13    0.00    0.00    1.13
平均时间:  all   88.49    0.00   10.26    0.00    0.00    0.13    0.00    0.00    1.13

Linux 2.6.32-431.el6.x86_64 (slave1) 	2019年07月27日 	_x86_64_	(8 CPU)

02时42分22秒  CPU    %usr   %nice    %sys %iowait    %irq   %soft  %steal  %guest   %idle
02时42分23秒  all   88.11    0.00   11.26    0.00    0.13    0.25    0.00    0.00    0.25
平均时间:  all   88.11    0.00   11.26    0.00    0.13    0.25    0.00    0.00    0.25

Linux 2.6.32-431.el6.x86_64 (slave1) 	2019年07月27日 	_x86_64_	(8 CPU)

02时42分26秒  CPU    %usr   %nice    %sys %iowait    %irq   %soft  %steal  %guest   %idle
02时42分27秒  all   49.61    0.00   10.03    0.00    0.00    0.13    0.00    0.00   40.23
平均时间:  all   49.61    0.00   10.03    0.00    0.00    0.13    0.00    0.00   40.23

Linux 2.6.32-431.el6.x86_64 (slave1) 	2019年07月27日 	_x86_64_	(8 CPU)

02时42分30秒  CPU    %usr   %nice    %sys %iowait    %irq   %soft  %steal  %guest   %idle
02时42分31秒  all   32.44    0.00    4.74    0.00    0.13    0.00    0.00    0.00   62.69
平均时间:  all   32.44    0.00    4.74    0.00    0.13    0.00    0.00    0.00   62.69

Linux 2.6.32-431.el6.x86_64 (slave1) 	2019年07月27日 	_x86_64_	(8 CPU)

02时42分34秒  CPU    %usr   %nice    %sys %iowait    %irq   %soft  %steal  %guest   %idle
02时42分35秒  all   79.70    0.00    7.74    0.00    0.00    0.00    0.00    0.00   12.56
平均时间:  all   79.70    0.00    7.74    0.00    0.00    0.00    0.00    0.00   12.56

Linux 2.6.32-431.el6.x86_64 (slave1) 	2019年07月27日 	_x86_64_	(8 CPU)

02时42分38秒  CPU    %usr   %nice    %sys %iowait    %irq   %soft  %steal  %guest   %idle
02时42分39秒  all   82.49    0.00   10.33    0.00    0.25    3.15    0.00    0.00    3.78
平均时间:  all   82.49    0.00   10.33    0.00    0.25    3.15    0.00    0.00    3.78

Linux 2.6.32-431.el6.x86_64 (slave1) 	2019年07月27日 	_x86_64_	(8 CPU)

02时42分42秒  CPU    %usr   %nice    %sys %iowait    %irq   %soft  %steal  %guest   %idle
02时42分43秒  all   59.92    0.00   14.47    0.00    0.00    0.00    0.00    0.00   25.61
平均时间:  all   59.92    0.00   14.47    0.00    0.00    0.00    0.00    0.00   25.61

Linux 2.6.32-431.el6.x86_64 (slave1) 	2019年07月27日 	_x86_64_	(8 CPU)

02时42分46秒  CPU    %usr   %nice    %sys %iowait    %irq   %soft  %steal  %guest   %idle
02时42分47秒  all   57.86    0.00    9.54    0.00    0.00    0.00    0.00    0.00   32.60
平均时间:  all   57.86    0.00    9.54    0.00    0.00    0.00    0.00    0.00   32.60

Linux 2.6.32-431.el6.x86_64 (slave1) 	2019年07月27日 	_x86_64_	(8 CPU)

02时42分50秒  CPU    %usr   %nice    %sys %iowait    %irq   %soft  %steal  %guest   %idle
02时42分51秒  all   14.21    0.00    6.18    0.00    0.13    2.11    0.00    0.00   77.37
平均时间:  all   14.21    0.00    6.18    0.00    0.13    2.11    0.00    0.00   77.37

Linux 2.6.32-431.el6.x86_64 (slave1) 	2019年07月27日 	_x86_64_	(8 CPU)

02时42分54秒  CPU    %usr   %nice    %sys %iowait    %irq   %soft  %steal  %guest   %idle
02时42分55秒  all   49.22    0.00   19.27    0.00    0.13   11.46    0.00    0.00   19.92
平均时间:  all   49.22    0.00   19.27    0.00    0.13   11.46    0.00    0.00   19.92

Linux 2.6.32-431.el6.x86_64 (slave1) 	2019年07月27日 	_x86_64_	(8 CPU)

02时42分58秒  CPU    %usr   %nice    %sys %iowait    %irq   %soft  %steal  %guest   %idle
02时42分59秒  all   72.97    0.00   18.40    0.00    0.13    8.14    0.00    0.00    0.38
平均时间:  all   72.97    0.00   18.40    0.00    0.13    8.14    0.00    0.00    0.38

Linux 2.6.32-431.el6.x86_64 (slave1) 	2019年07月27日 	_x86_64_	(8 CPU)

02时43分02秒  CPU    %usr   %nice    %sys %iowait    %irq   %soft  %steal  %guest   %idle
02时43分03秒  all   71.52    0.00   19.82    0.00    0.25    7.40    0.00    0.00    1.00
平均时间:  all   71.52    0.00   19.82    0.00    0.25    7.40    0.00    0.00    1.00

Linux 2.6.32-431.el6.x86_64 (slave1) 	2019年07月27日 	_x86_64_	(8 CPU)

02时43分06秒  CPU    %usr   %nice    %sys %iowait    %irq   %soft  %steal  %guest   %idle
02时43分07秒  all   77.38    0.00   16.00    0.00    0.25    5.88    0.00    0.00    0.50
平均时间:  all   77.38    0.00   16.00    0.00    0.25    5.88    0.00    0.00    0.50

Linux 2.6.32-431.el6.x86_64 (slave1) 	2019年07月27日 	_x86_64_	(8 CPU)

02时43分10秒  CPU    %usr   %nice    %sys %iowait    %irq   %soft  %steal  %guest   %idle
02时43分11秒  all   93.13    0.00    6.74    0.00    0.00    0.12    0.00    0.00    0.00
平均时间:  all   93.13    0.00    6.74    0.00    0.00    0.12    0.00    0.00    0.00

Linux 2.6.32-431.el6.x86_64 (slave1) 	2019年07月27日 	_x86_64_	(8 CPU)

02时43分14秒  CPU    %usr   %nice    %sys %iowait    %irq   %soft  %steal  %guest   %idle
02时43分15秒  all   73.95    0.00   10.29    0.00    0.13    1.91    0.00    0.00   13.72
平均时间:  all   73.95    0.00   10.29    0.00    0.13    1.91    0.00    0.00   13.72

Linux 2.6.32-431.el6.x86_64 (slave1) 	2019年07月27日 	_x86_64_	(8 CPU)

02时43分18秒  CPU    %usr   %nice    %sys %iowait    %irq   %soft  %steal  %guest   %idle
02时43分19秒  all    3.79    0.00    1.64    0.00    0.00    0.00    0.00    0.00   94.56
平均时间:  all    3.79    0.00    1.64    0.00    0.00    0.00    0.00    0.00   94.56

Linux 2.6.32-431.el6.x86_64 (slave1) 	2019年07月27日 	_x86_64_	(8 CPU)

02时43分22秒  CPU    %usr   %nice    %sys %iowait    %irq   %soft  %steal  %guest   %idle
02时43分23秒  all    8.65    0.00    1.53    0.00    0.00    0.00    0.00    0.00   89.82
平均时间:  all    8.65    0.00    1.53    0.00    0.00    0.00    0.00    0.00   89.82

Linux 2.6.32-431.el6.x86_64 (slave1) 	2019年07月27日 	_x86_64_	(8 CPU)

02时43分26秒  CPU    %usr   %nice    %sys %iowait    %irq   %soft  %steal  %guest   %idle
02时43分27秒  all   36.99    0.00    6.38    0.26    0.00    0.00    0.00    0.00   56.38
平均时间:  all   36.99    0.00    6.38    0.26    0.00    0.00    0.00    0.00   56.38

Linux 2.6.32-431.el6.x86_64 (slave1) 	2019年07月27日 	_x86_64_	(8 CPU)

02时43分30秒  CPU    %usr   %nice    %sys %iowait    %irq   %soft  %steal  %guest   %idle
02时43分31秒  all   19.05    0.00    8.06    0.00    0.13    4.73    0.00    0.00   68.03
平均时间:  all   19.05    0.00    8.06    0.00    0.13    4.73    0.00    0.00   68.03

Linux 2.6.32-431.el6.x86_64 (slave1) 	2019年07月27日 	_x86_64_	(8 CPU)

02时43分34秒  CPU    %usr   %nice    %sys %iowait    %irq   %soft  %steal  %guest   %idle
02时43分35秒  all   80.78    0.00   10.24    0.00    0.00    0.13    0.00    0.00    8.85
平均时间:  all   80.78    0.00   10.24    0.00    0.00    0.13    0.00    0.00    8.85

Linux 2.6.32-431.el6.x86_64 (slave1) 	2019年07月27日 	_x86_64_	(8 CPU)

02时43分38秒  CPU    %usr   %nice    %sys %iowait    %irq   %soft  %steal  %guest   %idle
02时43分39秒  all   56.87    0.00    6.23    0.00    0.00    0.00    0.00    0.00   36.90
平均时间:  all   56.87    0.00    6.23    0.00    0.00    0.00    0.00    0.00   36.90

Linux 2.6.32-431.el6.x86_64 (slave1) 	2019年07月27日 	_x86_64_	(8 CPU)

02时43分42秒  CPU    %usr   %nice    %sys %iowait    %irq   %soft  %steal  %guest   %idle
02时43分43秒  all   85.53    0.00    6.67    0.00    0.00    0.25    0.00    0.00    7.55
平均时间:  all   85.53    0.00    6.67    0.00    0.00    0.25    0.00    0.00    7.55

Linux 2.6.32-431.el6.x86_64 (slave1) 	2019年07月27日 	_x86_64_	(8 CPU)

02时43分46秒  CPU    %usr   %nice    %sys %iowait    %irq   %soft  %steal  %guest   %idle
02时43分47秒  all   85.61    0.00    8.39    0.00    0.00    0.75    0.00    0.00    5.26
平均时间:  all   85.61    0.00    8.39    0.00    0.00    0.75    0.00    0.00    5.26

Linux 2.6.32-431.el6.x86_64 (slave1) 	2019年07月27日 	_x86_64_	(8 CPU)

02时43分50秒  CPU    %usr   %nice    %sys %iowait    %irq   %soft  %steal  %guest   %idle
02时43分51秒  all   93.88    0.00    4.62    0.00    0.12    1.25    0.00    0.00    0.12
平均时间:  all   93.88    0.00    4.62    0.00    0.12    1.25    0.00    0.00    0.12

Linux 2.6.32-431.el6.x86_64 (slave1) 	2019年07月27日 	_x86_64_	(8 CPU)

02时43分54秒  CPU    %usr   %nice    %sys %iowait    %irq   %soft  %steal  %guest   %idle
02时43分55秒  all   93.99    0.00    5.63    0.00    0.13    0.13    0.00    0.00    0.13
平均时间:  all   93.99    0.00    5.63    0.00    0.13    0.13    0.00    0.00    0.13

Linux 2.6.32-431.el6.x86_64 (slave1) 	2019年07月27日 	_x86_64_	(8 CPU)

02时43分59秒  CPU    %usr   %nice    %sys %iowait    %irq   %soft  %steal  %guest   %idle
02时44分00秒  all   63.69    0.00    7.77    0.00    0.13    0.38    0.00    0.00   28.03
平均时间:  all   63.69    0.00    7.77    0.00    0.13    0.38    0.00    0.00   28.03

Linux 2.6.32-431.el6.x86_64 (slave1) 	2019年07月27日 	_x86_64_	(8 CPU)

02时44分03秒  CPU    %usr   %nice    %sys %iowait    %irq   %soft  %steal  %guest   %idle
02时44分04秒  all   64.58    0.00    6.52    0.00    0.13    0.64    0.00    0.00   28.13
平均时间:  all   64.58    0.00    6.52    0.00    0.13    0.64    0.00    0.00   28.13

Linux 2.6.32-431.el6.x86_64 (slave1) 	2019年07月27日 	_x86_64_	(8 CPU)

02时44分07秒  CPU    %usr   %nice    %sys %iowait    %irq   %soft  %steal  %guest   %idle
02时44分08秒  all   38.17    0.00    8.48    0.00    0.13    1.03    0.00    0.00   52.19
平均时间:  all   38.17    0.00    8.48    0.00    0.13    1.03    0.00    0.00   52.19

Linux 2.6.32-431.el6.x86_64 (slave1) 	2019年07月27日 	_x86_64_	(8 CPU)

02时44分11秒  CPU    %usr   %nice    %sys %iowait    %irq   %soft  %steal  %guest   %idle
02时44分12秒  all   84.40    0.00   10.31    0.00    0.13    0.25    0.00    0.00    4.91
平均时间:  all   84.40    0.00   10.31    0.00    0.13    0.25    0.00    0.00    4.91

Linux 2.6.32-431.el6.x86_64 (slave1) 	2019年07月27日 	_x86_64_	(8 CPU)

02时44分15秒  CPU    %usr   %nice    %sys %iowait    %irq   %soft  %steal  %guest   %idle
02时44分16秒  all   78.73    0.00   12.28    0.00    0.00    0.00    0.00    0.00    8.99
平均时间:  all   78.73    0.00   12.28    0.00    0.00    0.00    0.00    0.00    8.99

Linux 2.6.32-431.el6.x86_64 (slave1) 	2019年07月27日 	_x86_64_	(8 CPU)

02时44分19秒  CPU    %usr   %nice    %sys %iowait    %irq   %soft  %steal  %guest   %idle
02时44分20秒  all   80.86    0.00    9.45    0.00    0.00    0.00    0.00    0.00    9.70
平均时间:  all   80.86    0.00    9.45    0.00    0.00    0.00    0.00    0.00    9.70

Linux 2.6.32-431.el6.x86_64 (slave1) 	2019年07月27日 	_x86_64_	(8 CPU)

02时44分23秒  CPU    %usr   %nice    %sys %iowait    %irq   %soft  %steal  %guest   %idle
02时44分24秒  all   78.39    0.00    4.40    0.00    0.00    0.00    0.00    0.00   17.21
平均时间:  all   78.39    0.00    4.40    0.00    0.00    0.00    0.00    0.00   17.21

Linux 2.6.32-431.el6.x86_64 (slave1) 	2019年07月27日 	_x86_64_	(8 CPU)

02时44分27秒  CPU    %usr   %nice    %sys %iowait    %irq   %soft  %steal  %guest   %idle
02时44分28秒  all   88.97    0.00    8.77    0.00    0.00    0.13    0.00    0.00    2.13
平均时间:  all   88.97    0.00    8.77    0.00    0.00    0.13    0.00    0.00    2.13

Linux 2.6.32-431.el6.x86_64 (slave1) 	2019年07月27日 	_x86_64_	(8 CPU)

02时44分31秒  CPU    %usr   %nice    %sys %iowait    %irq   %soft  %steal  %guest   %idle
02时44分32秒  all   85.07    0.00    8.41    0.00    0.00    0.00    0.00    0.00    6.52
平均时间:  all   85.07    0.00    8.41    0.00    0.00    0.00    0.00    0.00    6.52

Linux 2.6.32-431.el6.x86_64 (slave1) 	2019年07月27日 	_x86_64_	(8 CPU)

02时44分35秒  CPU    %usr   %nice    %sys %iowait    %irq   %soft  %steal  %guest   %idle
02时44分36秒  all   60.43    0.00    6.74    0.00    0.13    0.13    0.00    0.00   32.57
平均时间:  all   60.43    0.00    6.74    0.00    0.13    0.13    0.00    0.00   32.57

Linux 2.6.32-431.el6.x86_64 (slave1) 	2019年07月27日 	_x86_64_	(8 CPU)

02时44分39秒  CPU    %usr   %nice    %sys %iowait    %irq   %soft  %steal  %guest   %idle
02时44分40秒  all   89.11    0.00    7.13    0.00    0.13    0.13    0.00    0.00    3.50
平均时间:  all   89.11    0.00    7.13    0.00    0.13    0.13    0.00    0.00    3.50

Linux 2.6.32-431.el6.x86_64 (slave1) 	2019年07月27日 	_x86_64_	(8 CPU)

02时44分43秒  CPU    %usr   %nice    %sys %iowait    %irq   %soft  %steal  %guest   %idle
02时44分44秒  all   64.21    0.00   13.71    0.00    0.00    0.25    0.00    0.00   21.83
平均时间:  all   64.21    0.00   13.71    0.00    0.00    0.25    0.00    0.00   21.83

Linux 2.6.32-431.el6.x86_64 (slave1) 	2019年07月27日 	_x86_64_	(8 CPU)

02时44分47秒  CPU    %usr   %nice    %sys %iowait    %irq   %soft  %steal  %guest   %idle
02时44分48秒  all   73.86    0.00   10.03    0.00    0.00    1.78    0.00    0.00   14.34
平均时间:  all   73.86    0.00   10.03    0.00    0.00    1.78    0.00    0.00   14.34

Linux 2.6.32-431.el6.x86_64 (slave1) 	2019年07月27日 	_x86_64_	(8 CPU)

02时44分51秒  CPU    %usr   %nice    %sys %iowait    %irq   %soft  %steal  %guest   %idle
02时44分52秒  all   69.70    0.00   10.27    0.00    0.13    3.34    0.00    0.00   16.56
平均时间:  all   69.70    0.00   10.27    0.00    0.13    3.34    0.00    0.00   16.56

Linux 2.6.32-431.el6.x86_64 (slave1) 	2019年07月27日 	_x86_64_	(8 CPU)

02时44分55秒  CPU    %usr   %nice    %sys %iowait    %irq   %soft  %steal  %guest   %idle
02时44分56秒  all   71.48    0.00   15.97    0.00    0.38    8.37    0.00    0.00    3.80
平均时间:  all   71.48    0.00   15.97    0.00    0.38    8.37    0.00    0.00    3.80

Linux 2.6.32-431.el6.x86_64 (slave1) 	2019年07月27日 	_x86_64_	(8 CPU)

02时44分59秒  CPU    %usr   %nice    %sys %iowait    %irq   %soft  %steal  %guest   %idle
02时45分00秒  all   54.19    0.00   21.83    0.00    0.25   19.16    0.00    0.00    4.57
平均时间:  all   54.19    0.00   21.83    0.00    0.25   19.16    0.00    0.00    4.57

Linux 2.6.32-431.el6.x86_64 (slave1) 	2019年07月27日 	_x86_64_	(8 CPU)

02时45分03秒  CPU    %usr   %nice    %sys %iowait    %irq   %soft  %steal  %guest   %idle
02时45分04秒  all   58.55    0.00   19.90    0.00    0.64   15.82    0.00    0.00    5.10
平均时间:  all   58.55    0.00   19.90    0.00    0.64   15.82    0.00    0.00    5.10

Linux 2.6.32-431.el6.x86_64 (slave1) 	2019年07月27日 	_x86_64_	(8 CPU)

02时45分07秒  CPU    %usr   %nice    %sys %iowait    %irq   %soft  %steal  %guest   %idle
02时45分08秒  all   66.62    0.00   18.77    0.00    0.25   14.11    0.00    0.00    0.25
平均时间:  all   66.62    0.00   18.77    0.00    0.25   14.11    0.00    0.00    0.25

Linux 2.6.32-431.el6.x86_64 (slave1) 	2019年07月27日 	_x86_64_	(8 CPU)

02时45分11秒  CPU    %usr   %nice    %sys %iowait    %irq   %soft  %steal  %guest   %idle
02时45分12秒  all   60.13    0.00   22.03    0.00    0.13   16.58    0.00    0.00    1.14
平均时间:  all   60.13    0.00   22.03    0.00    0.13   16.58    0.00    0.00    1.14

Linux 2.6.32-431.el6.x86_64 (slave1) 	2019年07月27日 	_x86_64_	(8 CPU)

02时45分15秒  CPU    %usr   %nice    %sys %iowait    %irq   %soft  %steal  %guest   %idle
02时45分16秒  all   75.63    0.00   14.27    0.00    0.13    7.07    0.00    0.00    2.90
平均时间:  all   75.63    0.00   14.27    0.00    0.13    7.07    0.00    0.00    2.90

Linux 2.6.32-431.el6.x86_64 (slave1) 	2019年07月27日 	_x86_64_	(8 CPU)

02时45分19秒  CPU    %usr   %nice    %sys %iowait    %irq   %soft  %steal  %guest   %idle
02时45分20秒  all   69.28    0.00   19.47    0.00    0.13   10.87    0.00    0.00    0.25
平均时间:  all   69.28    0.00   19.47    0.00    0.13   10.87    0.00    0.00    0.25

Linux 2.6.32-431.el6.x86_64 (slave1) 	2019年07月27日 	_x86_64_	(8 CPU)

02时45分23秒  CPU    %usr   %nice    %sys %iowait    %irq   %soft  %steal  %guest   %idle
02时45分24秒  all   91.57    0.00    5.66    0.00    0.00    0.63    0.00    0.00    2.14
平均时间:  all   91.57    0.00    5.66    0.00    0.00    0.63    0.00    0.00    2.14

Linux 2.6.32-431.el6.x86_64 (slave1) 	2019年07月27日 	_x86_64_	(8 CPU)

02时45分27秒  CPU    %usr   %nice    %sys %iowait    %irq   %soft  %steal  %guest   %idle
02时45分28秒  all   91.64    0.00    4.87    0.00    0.00    0.75    0.00    0.00    2.75
平均时间:  all   91.64    0.00    4.87    0.00    0.00    0.75    0.00    0.00    2.75

Linux 2.6.32-431.el6.x86_64 (slave1) 	2019年07月27日 	_x86_64_	(8 CPU)

02时45分31秒  CPU    %usr   %nice    %sys %iowait    %irq   %soft  %steal  %guest   %idle
02时45分32秒  all   73.08    0.00    5.16    0.00    0.00    1.26    0.00    0.00   20.50
平均时间:  all   73.08    0.00    5.16    0.00    0.00    1.26    0.00    0.00   20.50

Linux 2.6.32-431.el6.x86_64 (slave1) 	2019年07月27日 	_x86_64_	(8 CPU)

02时45分35秒  CPU    %usr   %nice    %sys %iowait    %irq   %soft  %steal  %guest   %idle
02时45分36秒  all   93.49    0.00    5.63    0.00    0.00    0.75    0.00    0.00    0.13
平均时间:  all   93.49    0.00    5.63    0.00    0.00    0.75    0.00    0.00    0.13

Linux 2.6.32-431.el6.x86_64 (slave1) 	2019年07月27日 	_x86_64_	(8 CPU)

02时45分39秒  CPU    %usr   %nice    %sys %iowait    %irq   %soft  %steal  %guest   %idle
02时45分40秒  all   72.56    0.00    6.79    0.00    0.00    1.67    0.00    0.00   18.97
平均时间:  all   72.56    0.00    6.79    0.00    0.00    1.67    0.00    0.00   18.97

Linux 2.6.32-431.el6.x86_64 (slave1) 	2019年07月27日 	_x86_64_	(8 CPU)

02时45分43秒  CPU    %usr   %nice    %sys %iowait    %irq   %soft  %steal  %guest   %idle
02时45分44秒  all   80.35    0.00   11.41    0.00    0.00    0.89    0.00    0.00    7.35
平均时间:  all   80.35    0.00   11.41    0.00    0.00    0.89    0.00    0.00    7.35

Linux 2.6.32-431.el6.x86_64 (slave1) 	2019年07月27日 	_x86_64_	(8 CPU)

02时45分47秒  CPU    %usr   %nice    %sys %iowait    %irq   %soft  %steal  %guest   %idle
02时45分48秒  all   93.73    0.00    5.26    0.00    0.13    0.75    0.00    0.00    0.13
平均时间:  all   93.73    0.00    5.26    0.00    0.13    0.75    0.00    0.00    0.13

Linux 2.6.32-431.el6.x86_64 (slave1) 	2019年07月27日 	_x86_64_	(8 CPU)

02时45分52秒  CPU    %usr   %nice    %sys %iowait    %irq   %soft  %steal  %guest   %idle
02时45分53秒  all   89.71    0.00    9.03    0.00    0.00    1.13    0.00    0.00    0.13
平均时间:  all   89.71    0.00    9.03    0.00    0.00    1.13    0.00    0.00    0.13

Linux 2.6.32-431.el6.x86_64 (slave1) 	2019年07月27日 	_x86_64_	(8 CPU)

02时45分56秒  CPU    %usr   %nice    %sys %iowait    %irq   %soft  %steal  %guest   %idle
02时45分57秒  all   89.08    0.00   10.41    0.00    0.00    0.50    0.00    0.00    0.00
平均时间:  all   89.08    0.00   10.41    0.00    0.00    0.50    0.00    0.00    0.00

Linux 2.6.32-431.el6.x86_64 (slave1) 	2019年07月27日 	_x86_64_	(8 CPU)

02时46分00秒  CPU    %usr   %nice    %sys %iowait    %irq   %soft  %steal  %guest   %idle
02时46分01秒  all   92.24    0.00    7.38    0.00    0.00    0.13    0.00    0.00    0.25
平均时间:  all   92.24    0.00    7.38    0.00    0.00    0.13    0.00    0.00    0.25

Linux 2.6.32-431.el6.x86_64 (slave1) 	2019年07月27日 	_x86_64_	(8 CPU)

02时46分04秒  CPU    %usr   %nice    %sys %iowait    %irq   %soft  %steal  %guest   %idle
02时46分05秒  all   89.04    0.00    8.19    0.00    0.00    0.38    0.00    0.00    2.39
平均时间:  all   89.04    0.00    8.19    0.00    0.00    0.38    0.00    0.00    2.39

Linux 2.6.32-431.el6.x86_64 (slave1) 	2019年07月27日 	_x86_64_	(8 CPU)

02时46分08秒  CPU    %usr   %nice    %sys %iowait    %irq   %soft  %steal  %guest   %idle
02时46分09秒  all   87.42    0.00    7.30    0.00    0.00    0.25    0.00    0.00    5.03
平均时间:  all   87.42    0.00    7.30    0.00    0.00    0.25    0.00    0.00    5.03

Linux 2.6.32-431.el6.x86_64 (slave1) 	2019年07月27日 	_x86_64_	(8 CPU)

02时46分12秒  CPU    %usr   %nice    %sys %iowait    %irq   %soft  %steal  %guest   %idle
02时46分13秒  all   87.36    0.00    9.76    0.00    0.13    0.50    0.00    0.00    2.25
平均时间:  all   87.36    0.00    9.76    0.00    0.13    0.50    0.00    0.00    2.25

Linux 2.6.32-431.el6.x86_64 (slave1) 	2019年07月27日 	_x86_64_	(8 CPU)

02时46分16秒  CPU    %usr   %nice    %sys %iowait    %irq   %soft  %steal  %guest   %idle
02时46分17秒  all   71.19    0.00    9.01    0.00    0.00    0.38    0.00    0.00   19.42
平均时间:  all   71.19    0.00    9.01    0.00    0.00    0.38    0.00    0.00   19.42

Linux 2.6.32-431.el6.x86_64 (slave1) 	2019年07月27日 	_x86_64_	(8 CPU)

02时46分20秒  CPU    %usr   %nice    %sys %iowait    %irq   %soft  %steal  %guest   %idle
02时46分21秒  all   91.72    0.00    6.15    0.00    0.00    0.25    0.00    0.00    1.88
平均时间:  all   91.72    0.00    6.15    0.00    0.00    0.25    0.00    0.00    1.88

Linux 2.6.32-431.el6.x86_64 (slave1) 	2019年07月27日 	_x86_64_	(8 CPU)

02时46分24秒  CPU    %usr   %nice    %sys %iowait    %irq   %soft  %steal  %guest   %idle
02时46分25秒  all   80.38    0.00    6.96    0.00    0.00    0.38    0.00    0.00   12.28
平均时间:  all   80.38    0.00    6.96    0.00    0.00    0.38    0.00    0.00   12.28

Linux 2.6.32-431.el6.x86_64 (slave1) 	2019年07月27日 	_x86_64_	(8 CPU)

02时46分28秒  CPU    %usr   %nice    %sys %iowait    %irq   %soft  %steal  %guest   %idle
02时46分29秒  all   54.17    0.00   10.27    0.00    0.00    1.28    0.00    0.00   34.27
平均时间:  all   54.17    0.00   10.27    0.00    0.00    1.28    0.00    0.00   34.27

Linux 2.6.32-431.el6.x86_64 (slave1) 	2019年07月27日 	_x86_64_	(8 CPU)

02时46分32秒  CPU    %usr   %nice    %sys %iowait    %irq   %soft  %steal  %guest   %idle
02时46分33秒  all   84.26    0.00   10.45    0.00    0.00    0.13    0.00    0.00    5.16
平均时间:  all   84.26    0.00   10.45    0.00    0.00    0.13    0.00    0.00    5.16

Linux 2.6.32-431.el6.x86_64 (slave1) 	2019年07月27日 	_x86_64_	(8 CPU)

02时46分36秒  CPU    %usr   %nice    %sys %iowait    %irq   %soft  %steal  %guest   %idle
02时46分37秒  all   77.46    0.00   12.47    0.00    0.00    0.38    0.00    0.00    9.70
平均时间:  all   77.46    0.00   12.47    0.00    0.00    0.38    0.00    0.00    9.70

Linux 2.6.32-431.el6.x86_64 (slave1) 	2019年07月27日 	_x86_64_	(8 CPU)

02时46分40秒  CPU    %usr   %nice    %sys %iowait    %irq   %soft  %steal  %guest   %idle
02时46分41秒  all   83.67    0.00   12.81    0.00    0.00    0.75    0.00    0.00    2.76
平均时间:  all   83.67    0.00   12.81    0.00    0.00    0.75    0.00    0.00    2.76

Linux 2.6.32-431.el6.x86_64 (slave1) 	2019年07月27日 	_x86_64_	(8 CPU)

02时46分44秒  CPU    %usr   %nice    %sys %iowait    %irq   %soft  %steal  %guest   %idle
02时46分45秒  all   93.38    0.00    6.38    0.00    0.00    0.12    0.00    0.00    0.12
平均时间:  all   93.38    0.00    6.38    0.00    0.00    0.12    0.00    0.00    0.12

Linux 2.6.32-431.el6.x86_64 (slave1) 	2019年07月27日 	_x86_64_	(8 CPU)

02时46分48秒  CPU    %usr   %nice    %sys %iowait    %irq   %soft  %steal  %guest   %idle
02时46分49秒  all   90.64    0.00    8.86    0.00    0.00    0.50    0.00    0.00    0.00
平均时间:  all   90.64    0.00    8.86    0.00    0.00    0.50    0.00    0.00    0.00

Linux 2.6.32-431.el6.x86_64 (slave1) 	2019年07月27日 	_x86_64_	(8 CPU)

02时46分52秒  CPU    %usr   %nice    %sys %iowait    %irq   %soft  %steal  %guest   %idle
02时46分53秒  all   83.79    0.00   10.55    0.00    0.13    2.39    0.00    0.00    3.14
平均时间:  all   83.79    0.00   10.55    0.00    0.13    2.39    0.00    0.00    3.14

Linux 2.6.32-431.el6.x86_64 (slave1) 	2019年07月27日 	_x86_64_	(8 CPU)

02时46分56秒  CPU    %usr   %nice    %sys %iowait    %irq   %soft  %steal  %guest   %idle
02时46分57秒  all   63.40    0.00   16.37    0.00    0.13    7.73    0.00    0.00   12.37
平均时间:  all   63.40    0.00   16.37    0.00    0.13    7.73    0.00    0.00   12.37

Linux 2.6.32-431.el6.x86_64 (slave1) 	2019年07月27日 	_x86_64_	(8 CPU)

02时47分00秒  CPU    %usr   %nice    %sys %iowait    %irq   %soft  %steal  %guest   %idle
02时47分01秒  all   63.76    0.00   19.32    0.00    0.63   12.88    0.00    0.00    3.41
平均时间:  all   63.76    0.00   19.32    0.00    0.63   12.88    0.00    0.00    3.41

Linux 2.6.32-431.el6.x86_64 (slave1) 	2019年07月27日 	_x86_64_	(8 CPU)

02时47分04秒  CPU    %usr   %nice    %sys %iowait    %irq   %soft  %steal  %guest   %idle
02时47分05秒  all   57.42    0.00   22.51    0.00    0.38   14.32    0.00    0.00    5.37
平均时间:  all   57.42    0.00   22.51    0.00    0.38   14.32    0.00    0.00    5.37

Linux 2.6.32-431.el6.x86_64 (slave1) 	2019年07月27日 	_x86_64_	(8 CPU)

02时47分08秒  CPU    %usr   %nice    %sys %iowait    %irq   %soft  %steal  %guest   %idle
02时47分09秒  all   43.00    0.00   26.19    0.00    0.26   19.90    0.00    0.00   10.65
平均时间:  all   43.00    0.00   26.19    0.00    0.26   19.90    0.00    0.00   10.65

Linux 2.6.32-431.el6.x86_64 (slave1) 	2019年07月27日 	_x86_64_	(8 CPU)

02时47分12秒  CPU    %usr   %nice    %sys %iowait    %irq   %soft  %steal  %guest   %idle
02时47分13秒  all   68.77    0.00   22.17    0.00    0.25    8.31    0.00    0.00    0.50
平均时间:  all   68.77    0.00   22.17    0.00    0.25    8.31    0.00    0.00    0.50

Linux 2.6.32-431.el6.x86_64 (slave1) 	2019年07月27日 	_x86_64_	(8 CPU)

02时47分16秒  CPU    %usr   %nice    %sys %iowait    %irq   %soft  %steal  %guest   %idle
02时47分18秒  all   66.75    0.00   21.54    0.25    0.13    5.42    0.00    0.00    5.92
平均时间:  all   66.75    0.00   21.54    0.25    0.13    5.42    0.00    0.00    5.92

Linux 2.6.32-431.el6.x86_64 (slave1) 	2019年07月27日 	_x86_64_	(8 CPU)

02时47分21秒  CPU    %usr   %nice    %sys %iowait    %irq   %soft  %steal  %guest   %idle
02时47分22秒  all   48.66    0.00    6.37    0.00    0.00    0.00    0.00    0.00   44.97
平均时间:  all   48.66    0.00    6.37    0.00    0.00    0.00    0.00    0.00   44.97

Linux 2.6.32-431.el6.x86_64 (slave1) 	2019年07月27日 	_x86_64_	(8 CPU)

02时47分25秒  CPU    %usr   %nice    %sys %iowait    %irq   %soft  %steal  %guest   %idle
02时47分26秒  all   76.22    0.00   10.28    0.00    0.00    0.13    0.00    0.00   13.37
平均时间:  all   76.22    0.00   10.28    0.00    0.00    0.13    0.00    0.00   13.37

Linux 2.6.32-431.el6.x86_64 (slave1) 	2019年07月27日 	_x86_64_	(8 CPU)

02时47分29秒  CPU    %usr   %nice    %sys %iowait    %irq   %soft  %steal  %guest   %idle
02时47分30秒  all   92.62    0.00    6.38    0.00    0.00    0.25    0.00    0.00    0.75
平均时间:  all   92.62    0.00    6.38    0.00    0.00    0.25    0.00    0.00    0.75

Linux 2.6.32-431.el6.x86_64 (slave1) 	2019年07月27日 	_x86_64_	(8 CPU)

02时47分33秒  CPU    %usr   %nice    %sys %iowait    %irq   %soft  %steal  %guest   %idle
02时47分34秒  all   64.38    0.00   15.01    0.00    0.13    1.40    0.00    0.00   19.08
平均时间:  all   64.38    0.00   15.01    0.00    0.13    1.40    0.00    0.00   19.08

Linux 2.6.32-431.el6.x86_64 (slave1) 	2019年07月27日 	_x86_64_	(8 CPU)

02时47分37秒  CPU    %usr   %nice    %sys %iowait    %irq   %soft  %steal  %guest   %idle
02时47分38秒  all   85.73    0.00   12.77    0.00    0.00    0.38    0.00    0.00    1.13
平均时间:  all   85.73    0.00   12.77    0.00    0.00    0.38    0.00    0.00    1.13

Linux 2.6.32-431.el6.x86_64 (slave1) 	2019年07月27日 	_x86_64_	(8 CPU)

02时47分41秒  CPU    %usr   %nice    %sys %iowait    %irq   %soft  %steal  %guest   %idle
02时47分42秒  all   88.22    0.00   10.15    0.00    0.13    0.50    0.00    0.00    1.00
平均时间:  all   88.22    0.00   10.15    0.00    0.13    0.50    0.00    0.00    1.00

Linux 2.6.32-431.el6.x86_64 (slave1) 	2019年07月27日 	_x86_64_	(8 CPU)

02时47分45秒  CPU    %usr   %nice    %sys %iowait    %irq   %soft  %steal  %guest   %idle
02时47分46秒  all   89.35    0.00    8.40    0.00    0.13    0.38    0.00    0.00    1.75
平均时间:  all   89.35    0.00    8.40    0.00    0.13    0.38    0.00    0.00    1.75

Linux 2.6.32-431.el6.x86_64 (slave1) 	2019年07月27日 	_x86_64_	(8 CPU)

02时47分49秒  CPU    %usr   %nice    %sys %iowait    %irq   %soft  %steal  %guest   %idle
02时47分50秒  all   90.51    0.00    8.99    0.00    0.00    0.50    0.00    0.00    0.00
平均时间:  all   90.51    0.00    8.99    0.00    0.00    0.50    0.00    0.00    0.00

Linux 2.6.32-431.el6.x86_64 (slave1) 	2019年07月27日 	_x86_64_	(8 CPU)

02时47分53秒  CPU    %usr   %nice    %sys %iowait    %irq   %soft  %steal  %guest   %idle
02时47分54秒  all   84.47    0.00   11.36    0.00    0.13    0.76    0.00    0.00    3.28
平均时间:  all   84.47    0.00   11.36    0.00    0.13    0.76    0.00    0.00    3.28

Linux 2.6.32-431.el6.x86_64 (slave1) 	2019年07月27日 	_x86_64_	(8 CPU)

02时47分57秒  CPU    %usr   %nice    %sys %iowait    %irq   %soft  %steal  %guest   %idle
02时47分58秒  all   87.56    0.00    7.54    0.00    0.13    0.63    0.00    0.00    4.15
平均时间:  all   87.56    0.00    7.54    0.00    0.13    0.63    0.00    0.00    4.15

Linux 2.6.32-431.el6.x86_64 (slave1) 	2019年07月27日 	_x86_64_	(8 CPU)

02时48分01秒  CPU    %usr   %nice    %sys %iowait    %irq   %soft  %steal  %guest   %idle
02时48分02秒  all   87.34    0.00    9.15    0.00    0.00    0.63    0.00    0.00    2.88
平均时间:  all   87.34    0.00    9.15    0.00    0.00    0.63    0.00    0.00    2.88

Linux 2.6.32-431.el6.x86_64 (slave1) 	2019年07月27日 	_x86_64_	(8 CPU)

02时48分05秒  CPU    %usr   %nice    %sys %iowait    %irq   %soft  %steal  %guest   %idle
02时48分06秒  all   88.49    0.00    9.01    0.00    0.25    2.13    0.00    0.00    0.13
平均时间:  all   88.49    0.00    9.01    0.00    0.25    2.13    0.00    0.00    0.13

Linux 2.6.32-431.el6.x86_64 (slave1) 	2019年07月27日 	_x86_64_	(8 CPU)

02时48分09秒  CPU    %usr   %nice    %sys %iowait    %irq   %soft  %steal  %guest   %idle
02时48分10秒  all   93.35    0.00    6.27    0.00    0.00    0.38    0.00    0.00    0.00
平均时间:  all   93.35    0.00    6.27    0.00    0.00    0.38    0.00    0.00    0.00

Linux 2.6.32-431.el6.x86_64 (slave1) 	2019年07月27日 	_x86_64_	(8 CPU)

02时48分13秒  CPU    %usr   %nice    %sys %iowait    %irq   %soft  %steal  %guest   %idle
02时48分14秒  all   84.61    0.00    7.76    0.13    0.13    0.25    0.00    0.00    7.13
平均时间:  all   84.61    0.00    7.76    0.13    0.13    0.25    0.00    0.00    7.13

Linux 2.6.32-431.el6.x86_64 (slave1) 	2019年07月27日 	_x86_64_	(8 CPU)

02时48分17秒  CPU    %usr   %nice    %sys %iowait    %irq   %soft  %steal  %guest   %idle
02时48分18秒  all   90.99    0.00    7.38    0.00    0.00    0.63    0.00    0.00    1.00
平均时间:  all   90.99    0.00    7.38    0.00    0.00    0.63    0.00    0.00    1.00

Linux 2.6.32-431.el6.x86_64 (slave1) 	2019年07月27日 	_x86_64_	(8 CPU)

02时48分21秒  CPU    %usr   %nice    %sys %iowait    %irq   %soft  %steal  %guest   %idle
02时48分22秒  all   86.45    0.00    7.78    0.00    0.00    1.00    0.00    0.00    4.77
平均时间:  all   86.45    0.00    7.78    0.00    0.00    1.00    0.00    0.00    4.77

Linux 2.6.32-431.el6.x86_64 (slave1) 	2019年07月27日 	_x86_64_	(8 CPU)

02时48分25秒  CPU    %usr   %nice    %sys %iowait    %irq   %soft  %steal  %guest   %idle
02时48分26秒  all   83.17    0.00    9.42    0.00    0.00    0.25    0.00    0.00    7.16
平均时间:  all   83.17    0.00    9.42    0.00    0.00    0.25    0.00    0.00    7.16

Linux 2.6.32-431.el6.x86_64 (slave1) 	2019年07月27日 	_x86_64_	(8 CPU)

02时48分29秒  CPU    %usr   %nice    %sys %iowait    %irq   %soft  %steal  %guest   %idle
02时48分30秒  all   81.36    0.00    7.93    0.00    0.00    0.38    0.00    0.00   10.33
平均时间:  all   81.36    0.00    7.93    0.00    0.00    0.38    0.00    0.00   10.33

Linux 2.6.32-431.el6.x86_64 (slave1) 	2019年07月27日 	_x86_64_	(8 CPU)

02时48分33秒  CPU    %usr   %nice    %sys %iowait    %irq   %soft  %steal  %guest   %idle
02时48分34秒  all   90.49    0.00    9.01    0.00    0.00    0.38    0.00    0.00    0.13
平均时间:  all   90.49    0.00    9.01    0.00    0.00    0.38    0.00    0.00    0.13

Linux 2.6.32-431.el6.x86_64 (slave1) 	2019年07月27日 	_x86_64_	(8 CPU)

02时48分37秒  CPU    %usr   %nice    %sys %iowait    %irq   %soft  %steal  %guest   %idle
02时48分38秒  all   91.26    0.00    7.99    0.00    0.00    0.50    0.00    0.00    0.25
平均时间:  all   91.26    0.00    7.99    0.00    0.00    0.50    0.00    0.00    0.25

Linux 2.6.32-431.el6.x86_64 (slave1) 	2019年07月27日 	_x86_64_	(8 CPU)

02时48分41秒  CPU    %usr   %nice    %sys %iowait    %irq   %soft  %steal  %guest   %idle
02时48分42秒  all   46.36    0.00    4.85    0.00    0.00    0.64    0.00    0.00   48.15
平均时间:  all   46.36    0.00    4.85    0.00    0.00    0.64    0.00    0.00   48.15

Linux 2.6.32-431.el6.x86_64 (slave1) 	2019年07月27日 	_x86_64_	(8 CPU)

02时48分45秒  CPU    %usr   %nice    %sys %iowait    %irq   %soft  %steal  %guest   %idle
02时48分46秒  all   78.06    0.00    9.96    0.00    0.00    0.38    0.00    0.00   11.60
平均时间:  all   78.06    0.00    9.96    0.00    0.00    0.38    0.00    0.00   11.60

Linux 2.6.32-431.el6.x86_64 (slave1) 	2019年07月27日 	_x86_64_	(8 CPU)

02时48分49秒  CPU    %usr   %nice    %sys %iowait    %irq   %soft  %steal  %guest   %idle
02时48分50秒  all   70.63    0.00   11.24    0.00    0.13    0.89    0.00    0.00   17.11
平均时间:  all   70.63    0.00   11.24    0.00    0.13    0.89    0.00    0.00   17.11

Linux 2.6.32-431.el6.x86_64 (slave1) 	2019年07月27日 	_x86_64_	(8 CPU)

02时48分53秒  CPU    %usr   %nice    %sys %iowait    %irq   %soft  %steal  %guest   %idle
02时48分54秒  all   75.85    0.00   15.35    0.00    0.13    5.03    0.00    0.00    3.65
平均时间:  all   75.85    0.00   15.35    0.00    0.13    5.03    0.00    0.00    3.65

Linux 2.6.32-431.el6.x86_64 (slave1) 	2019年07月27日 	_x86_64_	(8 CPU)

02时48分57秒  CPU    %usr   %nice    %sys %iowait    %irq   %soft  %steal  %guest   %idle
02时48分58秒  all   66.71    0.00   21.20    0.00    0.25   11.85    0.00    0.00    0.00
平均时间:  all   66.71    0.00   21.20    0.00    0.25   11.85    0.00    0.00    0.00

Linux 2.6.32-431.el6.x86_64 (slave1) 	2019年07月27日 	_x86_64_	(8 CPU)

02时49分01秒  CPU    %usr   %nice    %sys %iowait    %irq   %soft  %steal  %guest   %idle
02时49分02秒  all   56.33    0.00   18.09    0.00    0.39    9.95    0.00    0.00   15.25
平均时间:  all   56.33    0.00   18.09    0.00    0.39    9.95    0.00    0.00   15.25

Linux 2.6.32-431.el6.x86_64 (slave1) 	2019年07月27日 	_x86_64_	(8 CPU)

02时49分05秒  CPU    %usr   %nice    %sys %iowait    %irq   %soft  %steal  %guest   %idle
02时49分06秒  all   71.34    0.00   17.15    0.00    0.63   10.76    0.00    0.00    0.13
平均时间:  all   71.34    0.00   17.15    0.00    0.63   10.76    0.00    0.00    0.13

Linux 2.6.32-431.el6.x86_64 (slave1) 	2019年07月27日 	_x86_64_	(8 CPU)

02时49分09秒  CPU    %usr   %nice    %sys %iowait    %irq   %soft  %steal  %guest   %idle
02时49分10秒  all   77.90    0.00   15.73    0.00    0.12    6.24    0.00    0.00    0.00
平均时间:  all   77.90    0.00   15.73    0.00    0.12    6.24    0.00    0.00    0.00

Linux 2.6.32-431.el6.x86_64 (slave1) 	2019年07月27日 	_x86_64_	(8 CPU)

02时49分14秒  CPU    %usr   %nice    %sys %iowait    %irq   %soft  %steal  %guest   %idle
02时49分15秒  all   94.38    0.00    5.49    0.00    0.00    0.12    0.00    0.00    0.00
平均时间:  all   94.38    0.00    5.49    0.00    0.00    0.12    0.00    0.00    0.00

Linux 2.6.32-431.el6.x86_64 (slave1) 	2019年07月27日 	_x86_64_	(8 CPU)

02时49分18秒  CPU    %usr   %nice    %sys %iowait    %irq   %soft  %steal  %guest   %idle
02时49分19秒  all   90.50    0.00    6.50    0.00    0.00    3.00    0.00    0.00    0.00
平均时间:  all   90.50    0.00    6.50    0.00    0.00    3.00    0.00    0.00    0.00

Linux 2.6.32-431.el6.x86_64 (slave1) 	2019年07月27日 	_x86_64_	(8 CPU)

02时49分22秒  CPU    %usr   %nice    %sys %iowait    %irq   %soft  %steal  %guest   %idle
02时49分23秒  all   91.61    0.00    5.63    0.00    0.00    2.75    0.00    0.00    0.00
平均时间:  all   91.61    0.00    5.63    0.00    0.00    2.75    0.00    0.00    0.00

Linux 2.6.32-431.el6.x86_64 (slave1) 	2019年07月27日 	_x86_64_	(8 CPU)

02时49分26秒  CPU    %usr   %nice    %sys %iowait    %irq   %soft  %steal  %guest   %idle
02时49分27秒  all   77.12    0.00    7.96    0.00    0.25    1.26    0.00    0.00   13.40
平均时间:  all   77.12    0.00    7.96    0.00    0.25    1.26    0.00    0.00   13.40

Linux 2.6.32-431.el6.x86_64 (slave1) 	2019年07月27日 	_x86_64_	(8 CPU)

02时49分30秒  CPU    %usr   %nice    %sys %iowait    %irq   %soft  %steal  %guest   %idle
02时49分31秒  all   59.92    0.00    8.96    0.00    0.13    0.90    0.00    0.00   30.09
平均时间:  all   59.92    0.00    8.96    0.00    0.13    0.90    0.00    0.00   30.09

Linux 2.6.32-431.el6.x86_64 (slave1) 	2019年07月27日 	_x86_64_	(8 CPU)

02时49分34秒  CPU    %usr   %nice    %sys %iowait    %irq   %soft  %steal  %guest   %idle
02时49分35秒  all   79.02    0.00   13.82    0.00    0.00    0.38    0.00    0.00    6.78
平均时间:  all   79.02    0.00   13.82    0.00    0.00    0.38    0.00    0.00    6.78

Linux 2.6.32-431.el6.x86_64 (slave1) 	2019年07月27日 	_x86_64_	(8 CPU)

02时49分38秒  CPU    %usr   %nice    %sys %iowait    %irq   %soft  %steal  %guest   %idle
02时49分39秒  all   88.74    0.00   10.64    0.00    0.00    0.00    0.00    0.00    0.63
平均时间:  all   88.74    0.00   10.64    0.00    0.00    0.00    0.00    0.00    0.63

Linux 2.6.32-431.el6.x86_64 (slave1) 	2019年07月27日 	_x86_64_	(8 CPU)

02时49分42秒  CPU    %usr   %nice    %sys %iowait    %irq   %soft  %steal  %guest   %idle
02时49分43秒  all   92.51    0.00    7.37    0.00    0.00    0.00    0.00    0.00    0.12
平均时间:  all   92.51    0.00    7.37    0.00    0.00    0.00    0.00    0.00    0.12

Linux 2.6.32-431.el6.x86_64 (slave1) 	2019年07月27日 	_x86_64_	(8 CPU)

02时49分46秒  CPU    %usr   %nice    %sys %iowait    %irq   %soft  %steal  %guest   %idle
02时49分47秒  all   91.01    0.00    8.61    0.00    0.00    0.00    0.00    0.00    0.37
平均时间:  all   91.01    0.00    8.61    0.00    0.00    0.00    0.00    0.00    0.37

Linux 2.6.32-431.el6.x86_64 (slave1) 	2019年07月27日 	_x86_64_	(8 CPU)

02时49分50秒  CPU    %usr   %nice    %sys %iowait    %irq   %soft  %steal  %guest   %idle
02时49分51秒  all   91.39    0.00    8.24    0.00    0.00    0.12    0.00    0.00    0.25
平均时间:  all   91.39    0.00    8.24    0.00    0.00    0.12    0.00    0.00    0.25

Linux 2.6.32-431.el6.x86_64 (slave1) 	2019年07月27日 	_x86_64_	(8 CPU)

02时49分54秒  CPU    %usr   %nice    %sys %iowait    %irq   %soft  %steal  %guest   %idle
02时49分55秒  all   85.79    0.00   10.82    0.00    0.13    0.25    0.00    0.00    3.02
平均时间:  all   85.79    0.00   10.82    0.00    0.13    0.25    0.00    0.00    3.02

Linux 2.6.32-431.el6.x86_64 (slave1) 	2019年07月27日 	_x86_64_	(8 CPU)

02时49分58秒  CPU    %usr   %nice    %sys %iowait    %irq   %soft  %steal  %guest   %idle
02时49分59秒  all   52.69    0.00    6.91    0.00    0.13    0.64    0.00    0.00   39.64
平均时间:  all   52.69    0.00    6.91    0.00    0.13    0.64    0.00    0.00   39.64

Linux 2.6.32-431.el6.x86_64 (slave1) 	2019年07月27日 	_x86_64_	(8 CPU)

02时50分02秒  CPU    %usr   %nice    %sys %iowait    %irq   %soft  %steal  %guest   %idle
02时50分03秒  all   70.96    0.00    7.83    0.00    0.25    1.26    0.00    0.00   19.70
平均时间:  all   70.96    0.00    7.83    0.00    0.25    1.26    0.00    0.00   19.70

Linux 2.6.32-431.el6.x86_64 (slave1) 	2019年07月27日 	_x86_64_	(8 CPU)

02时50分06秒  CPU    %usr   %nice    %sys %iowait    %irq   %soft  %steal  %guest   %idle
02时50分07秒  all   54.70    0.00    2.16    0.13    0.00    0.51    0.00    0.00   42.51
平均时间:  all   54.70    0.00    2.16    0.13    0.00    0.51    0.00    0.00   42.51

Linux 2.6.32-431.el6.x86_64 (slave1) 	2019年07月27日 	_x86_64_	(8 CPU)

02时50分10秒  CPU    %usr   %nice    %sys %iowait    %irq   %soft  %steal  %guest   %idle
02时50分11秒  all   29.85    0.00    2.55    0.00    0.00    1.53    0.00    0.00   66.07
平均时间:  all   29.85    0.00    2.55    0.00    0.00    1.53    0.00    0.00   66.07

Linux 2.6.32-431.el6.x86_64 (slave1) 	2019年07月27日 	_x86_64_	(8 CPU)

02时50分14秒  CPU    %usr   %nice    %sys %iowait    %irq   %soft  %steal  %guest   %idle
02时50分15秒  all   29.77    0.00    1.40    0.00    0.00    1.15    0.00    0.00   67.68
平均时间:  all   29.77    0.00    1.40    0.00    0.00    1.15    0.00    0.00   67.68

Linux 2.6.32-431.el6.x86_64 (slave1) 	2019年07月27日 	_x86_64_	(8 CPU)

02时50分18秒  CPU    %usr   %nice    %sys %iowait    %irq   %soft  %steal  %guest   %idle
02时50分19秒  all   38.14    0.00    3.44    0.00    0.00    0.64    0.00    0.00   57.78
平均时间:  all   38.14    0.00    3.44    0.00    0.00    0.64    0.00    0.00   57.78

Linux 2.6.32-431.el6.x86_64 (slave1) 	2019年07月27日 	_x86_64_	(8 CPU)

02时50分22秒  CPU    %usr   %nice    %sys %iowait    %irq   %soft  %steal  %guest   %idle
02时50分23秒  all   81.23    0.00   10.08    0.00    0.00    0.76    0.00    0.00    7.93
平均时间:  all   81.23    0.00   10.08    0.00    0.00    0.76    0.00    0.00    7.93

Linux 2.6.32-431.el6.x86_64 (slave1) 	2019年07月27日 	_x86_64_	(8 CPU)

02时50分26秒  CPU    %usr   %nice    %sys %iowait    %irq   %soft  %steal  %guest   %idle
02时50分27秒  all   90.11    0.00    7.63    0.00    0.13    2.00    0.00    0.00    0.13
平均时间:  all   90.11    0.00    7.63    0.00    0.13    2.00    0.00    0.00    0.13

Linux 2.6.32-431.el6.x86_64 (slave1) 	2019年07月27日 	_x86_64_	(8 CPU)

02时50分30秒  CPU    %usr   %nice    %sys %iowait    %irq   %soft  %steal  %guest   %idle
02时50分31秒  all   21.88    0.00    6.62    0.00    0.00    0.64    0.00    0.00   70.87
平均时间:  all   21.88    0.00    6.62    0.00    0.00    0.64    0.00    0.00   70.87

Linux 2.6.32-431.el6.x86_64 (slave1) 	2019年07月27日 	_x86_64_	(8 CPU)

02时50分34秒  CPU    %usr   %nice    %sys %iowait    %irq   %soft  %steal  %guest   %idle
02时50分35秒  all   85.86    0.00   12.02    0.00    0.00    0.13    0.00    0.00    2.00
平均时间:  all   85.86    0.00   12.02    0.00    0.00    0.13    0.00    0.00    2.00

Linux 2.6.32-431.el6.x86_64 (slave1) 	2019年07月27日 	_x86_64_	(8 CPU)

02时50分38秒  CPU    %usr   %nice    %sys %iowait    %irq   %soft  %steal  %guest   %idle
02时50分39秒  all   80.28    0.00   11.38    0.00    0.00    0.13    0.00    0.00    8.22
平均时间:  all   80.28    0.00   11.38    0.00    0.00    0.13    0.00    0.00    8.22

Linux 2.6.32-431.el6.x86_64 (slave1) 	2019年07月27日 	_x86_64_	(8 CPU)

02时50分42秒  CPU    %usr   %nice    %sys %iowait    %irq   %soft  %steal  %guest   %idle
02时50分43秒  all   91.64    0.00    7.87    0.00    0.00    0.25    0.00    0.00    0.25
平均时间:  all   91.64    0.00    7.87    0.00    0.00    0.25    0.00    0.00    0.25

Linux 2.6.32-431.el6.x86_64 (slave1) 	2019年07月27日 	_x86_64_	(8 CPU)

02时50分46秒  CPU    %usr   %nice    %sys %iowait    %irq   %soft  %steal  %guest   %idle
02时50分47秒  all   95.00    0.00    4.75    0.00    0.00    0.25    0.00    0.00    0.00
平均时间:  all   95.00    0.00    4.75    0.00    0.00    0.25    0.00    0.00    0.00

Linux 2.6.32-431.el6.x86_64 (slave1) 	2019年07月27日 	_x86_64_	(8 CPU)

02时50分51秒  CPU    %usr   %nice    %sys %iowait    %irq   %soft  %steal  %guest   %idle
02时50分52秒  all   93.12    0.00    6.50    0.00    0.00    0.25    0.00    0.00    0.12
平均时间:  all   93.12    0.00    6.50    0.00    0.00    0.25    0.00    0.00    0.12

Linux 2.6.32-431.el6.x86_64 (slave1) 	2019年07月27日 	_x86_64_	(8 CPU)

02时50分55秒  CPU    %usr   %nice    %sys %iowait    %irq   %soft  %steal  %guest   %idle
02时50分56秒  all   77.30    0.00    5.25    0.00    0.00    0.99    0.00    0.00   16.45
平均时间:  all   77.30    0.00    5.25    0.00    0.00    0.99    0.00    0.00   16.45

Linux 2.6.32-431.el6.x86_64 (slave1) 	2019年07月27日 	_x86_64_	(8 CPU)

02时50分59秒  CPU    %usr   %nice    %sys %iowait    %irq   %soft  %steal  %guest   %idle
02时51分00秒  all   86.25    0.00    8.07    0.00    0.13    1.26    0.00    0.00    4.29
平均时间:  all   86.25    0.00    8.07    0.00    0.13    1.26    0.00    0.00    4.29

Linux 2.6.32-431.el6.x86_64 (slave1) 	2019年07月27日 	_x86_64_	(8 CPU)

02时51分03秒  CPU    %usr   %nice    %sys %iowait    %irq   %soft  %steal  %guest   %idle
02时51分04秒  all   73.53    0.00    7.93    0.00    0.26    0.64    0.00    0.00   17.65
平均时间:  all   73.53    0.00    7.93    0.00    0.26    0.64    0.00    0.00   17.65

Linux 2.6.32-431.el6.x86_64 (slave1) 	2019年07月27日 	_x86_64_	(8 CPU)

02时51分07秒  CPU    %usr   %nice    %sys %iowait    %irq   %soft  %steal  %guest   %idle
02时51分08秒  all   74.30    0.00    8.14    0.00    0.13    0.51    0.00    0.00   16.92
平均时间:  all   74.30    0.00    8.14    0.00    0.13    0.51    0.00    0.00   16.92

Linux 2.6.32-431.el6.x86_64 (slave1) 	2019年07月27日 	_x86_64_	(8 CPU)

02时51分11秒  CPU    %usr   %nice    %sys %iowait    %irq   %soft  %steal  %guest   %idle
02时51分12秒  all   62.64    0.00   11.44    0.00    0.13    0.89    0.00    0.00   24.90
平均时间:  all   62.64    0.00   11.44    0.00    0.13    0.89    0.00    0.00   24.90

Linux 2.6.32-431.el6.x86_64 (slave1) 	2019年07月27日 	_x86_64_	(8 CPU)

02时51分15秒  CPU    %usr   %nice    %sys %iowait    %irq   %soft  %steal  %guest   %idle
02时51分16秒  all   86.43    0.00   10.18    0.00    0.00    0.25    0.00    0.00    3.14
平均时间:  all   86.43    0.00   10.18    0.00    0.00    0.25    0.00    0.00    3.14

Linux 2.6.32-431.el6.x86_64 (slave1) 	2019年07月27日 	_x86_64_	(8 CPU)

02时51分19秒  CPU    %usr   %nice    %sys %iowait    %irq   %soft  %steal  %guest   %idle
02时51分20秒  all   87.14    0.00    9.84    0.00    0.00    0.25    0.00    0.00    2.77
平均时间:  all   87.14    0.00    9.84    0.00    0.00    0.25    0.00    0.00    2.77

Linux 2.6.32-431.el6.x86_64 (slave1) 	2019年07月27日 	_x86_64_	(8 CPU)

02时51分23秒  CPU    %usr   %nice    %sys %iowait    %irq   %soft  %steal  %guest   %idle
02时51分24秒  all   79.57    0.00    7.44    0.00    0.00    0.25    0.00    0.00   12.74
平均时间:  all   79.57    0.00    7.44    0.00    0.00    0.25    0.00    0.00   12.74

Linux 2.6.32-431.el6.x86_64 (slave1) 	2019年07月27日 	_x86_64_	(8 CPU)

02时51分27秒  CPU    %usr   %nice    %sys %iowait    %irq   %soft  %steal  %guest   %idle
02时51分28秒  all   79.45    0.00    8.58    0.00    0.00    0.25    0.00    0.00   11.73
平均时间:  all   79.45    0.00    8.58    0.00    0.00    0.25    0.00    0.00   11.73

Linux 2.6.32-431.el6.x86_64 (slave1) 	2019年07月27日 	_x86_64_	(8 CPU)

02时51分31秒  CPU    %usr   %nice    %sys %iowait    %irq   %soft  %steal  %guest   %idle
02时51分32秒  all   64.08    0.00    9.43    0.00    0.13    0.76    0.00    0.00   25.61
平均时间:  all   64.08    0.00    9.43    0.00    0.13    0.76    0.00    0.00   25.61

Linux 2.6.32-431.el6.x86_64 (slave1) 	2019年07月27日 	_x86_64_	(8 CPU)

02时51分35秒  CPU    %usr   %nice    %sys %iowait    %irq   %soft  %steal  %guest   %idle
02时51分36秒  all   56.85    0.00    7.81    0.00    0.13    0.13    0.00    0.00   35.08
平均时间:  all   56.85    0.00    7.81    0.00    0.13    0.13    0.00    0.00   35.08

Linux 2.6.32-431.el6.x86_64 (slave1) 	2019年07月27日 	_x86_64_	(8 CPU)

02时51分39秒  CPU    %usr   %nice    %sys %iowait    %irq   %soft  %steal  %guest   %idle
02时51分40秒  all   77.13    0.00    9.28    0.00    0.00    0.25    0.00    0.00   13.34
平均时间:  all   77.13    0.00    9.28    0.00    0.00    0.25    0.00    0.00   13.34

Linux 2.6.32-431.el6.x86_64 (slave1) 	2019年07月27日 	_x86_64_	(8 CPU)

02时51分43秒  CPU    %usr   %nice    %sys %iowait    %irq   %soft  %steal  %guest   %idle
02时51分44秒  all   71.45    0.00    9.90    0.00    0.00    0.13    0.00    0.00   18.53
平均时间:  all   71.45    0.00    9.90    0.00    0.00    0.13    0.00    0.00   18.53

Linux 2.6.32-431.el6.x86_64 (slave1) 	2019年07月27日 	_x86_64_	(8 CPU)

02时51分47秒  CPU    %usr   %nice    %sys %iowait    %irq   %soft  %steal  %guest   %idle
02时51分48秒  all   29.52    0.00    1.91    0.00    0.00    0.13    0.00    0.00   68.45
平均时间:  all   29.52    0.00    1.91    0.00    0.00    0.13    0.00    0.00   68.45

Linux 2.6.32-431.el6.x86_64 (slave1) 	2019年07月27日 	_x86_64_	(8 CPU)

02时51分51秒  CPU    %usr   %nice    %sys %iowait    %irq   %soft  %steal  %guest   %idle
02时51分52秒  all   69.80    0.00    6.35    0.00    0.00    0.00    0.00    0.00   23.86
平均时间:  all   69.80    0.00    6.35    0.00    0.00    0.00    0.00    0.00   23.86

Linux 2.6.32-431.el6.x86_64 (slave1) 	2019年07月27日 	_x86_64_	(8 CPU)

02时51分55秒  CPU    %usr   %nice    %sys %iowait    %irq   %soft  %steal  %guest   %idle
02时51分56秒  all   38.67    0.00    4.82    0.00    0.00    0.26    0.00    0.00   56.25
平均时间:  all   38.67    0.00    4.82    0.00    0.00    0.26    0.00    0.00   56.25

Linux 2.6.32-431.el6.x86_64 (slave1) 	2019年07月27日 	_x86_64_	(8 CPU)

02时51分59秒  CPU    %usr   %nice    %sys %iowait    %irq   %soft  %steal  %guest   %idle
02时52分00秒  all   49.11    0.00    5.06    0.00    0.13    0.38    0.00    0.00   45.32
平均时间:  all   49.11    0.00    5.06    0.00    0.13    0.38    0.00    0.00   45.32

Linux 2.6.32-431.el6.x86_64 (slave1) 	2019年07月27日 	_x86_64_	(8 CPU)

02时52分03秒  CPU    %usr   %nice    %sys %iowait    %irq   %soft  %steal  %guest   %idle
02时52分04秒  all   89.54    0.00    8.47    0.00    0.00    0.37    0.00    0.00    1.62
平均时间:  all   89.54    0.00    8.47    0.00    0.00    0.37    0.00    0.00    1.62

Linux 2.6.32-431.el6.x86_64 (slave1) 	2019年07月27日 	_x86_64_	(8 CPU)

02时52分07秒  CPU    %usr   %nice    %sys %iowait    %irq   %soft  %steal  %guest   %idle
02时52分08秒  all   75.88    0.00   13.01    0.00    0.00    1.01    0.00    0.00   10.10
平均时间:  all   75.88    0.00   13.01    0.00    0.00    1.01    0.00    0.00   10.10

Linux 2.6.32-431.el6.x86_64 (slave1) 	2019年07月27日 	_x86_64_	(8 CPU)

02时52分11秒  CPU    %usr   %nice    %sys %iowait    %irq   %soft  %steal  %guest   %idle
02时52分12秒  all   81.30    0.00    8.66    0.00    0.13    1.51    0.00    0.00    8.41
平均时间:  all   81.30    0.00    8.66    0.00    0.13    1.51    0.00    0.00    8.41

Linux 2.6.32-431.el6.x86_64 (slave1) 	2019年07月27日 	_x86_64_	(8 CPU)

02时52分15秒  CPU    %usr   %nice    %sys %iowait    %irq   %soft  %steal  %guest   %idle
02时52分16秒  all   26.50    0.00   11.72    0.00    0.13    0.00    0.00    0.00   61.66
平均时间:  all   26.50    0.00   11.72    0.00    0.13    0.00    0.00    0.00   61.66

Linux 2.6.32-431.el6.x86_64 (slave1) 	2019年07月27日 	_x86_64_	(8 CPU)

02时52分19秒  CPU    %usr   %nice    %sys %iowait    %irq   %soft  %steal  %guest   %idle
02时52分20秒  all   82.64    0.00   12.83    0.00    0.00    0.13    0.00    0.00    4.40
平均时间:  all   82.64    0.00   12.83    0.00    0.00    0.13    0.00    0.00    4.40

Linux 2.6.32-431.el6.x86_64 (slave1) 	2019年07月27日 	_x86_64_	(8 CPU)

02时52分23秒  CPU    %usr   %nice    %sys %iowait    %irq   %soft  %steal  %guest   %idle
02时52分24秒  all   40.71    0.00    3.29    0.00    0.00    0.00    0.00    0.00   56.01
平均时间:  all   40.71    0.00    3.29    0.00    0.00    0.00    0.00    0.00   56.01

Linux 2.6.32-431.el6.x86_64 (slave1) 	2019年07月27日 	_x86_64_	(8 CPU)

02时52分27秒  CPU    %usr   %nice    %sys %iowait    %irq   %soft  %steal  %guest   %idle
02时52分28秒  all   83.65    0.00   11.70    0.00    0.00    0.13    0.00    0.00    4.53
平均时间:  all   83.65    0.00   11.70    0.00    0.00    0.13    0.00    0.00    4.53

Linux 2.6.32-431.el6.x86_64 (slave1) 	2019年07月27日 	_x86_64_	(8 CPU)

02时52分31秒  CPU    %usr   %nice    %sys %iowait    %irq   %soft  %steal  %guest   %idle
02时52分32秒  all   38.63    0.00    2.03    0.00    0.00    0.38    0.00    0.00   58.96
平均时间:  all   38.63    0.00    2.03    0.00    0.00    0.38    0.00    0.00   58.96

Linux 2.6.32-431.el6.x86_64 (slave1) 	2019年07月27日 	_x86_64_	(8 CPU)

02时52分35秒  CPU    %usr   %nice    %sys %iowait    %irq   %soft  %steal  %guest   %idle
02时52分36秒  all   87.26    0.00    5.55    0.00    0.25    0.88    0.00    0.00    6.05
平均时间:  all   87.26    0.00    5.55    0.00    0.25    0.88    0.00    0.00    6.05

Linux 2.6.32-431.el6.x86_64 (slave1) 	2019年07月27日 	_x86_64_	(8 CPU)

02时52分39秒  CPU    %usr   %nice    %sys %iowait    %irq   %soft  %steal  %guest   %idle
02时52分40秒  all   55.16    0.00    3.06    0.00    0.13    2.17    0.00    0.00   39.49
平均时间:  all   55.16    0.00    3.06    0.00    0.13    2.17    0.00    0.00   39.49

Linux 2.6.32-431.el6.x86_64 (slave1) 	2019年07月27日 	_x86_64_	(8 CPU)

02时52分43秒  CPU    %usr   %nice    %sys %iowait    %irq   %soft  %steal  %guest   %idle
02时52分44秒  all   57.36    0.00    5.11    0.00    0.12    1.37    0.00    0.00   36.03
平均时间:  all   57.36    0.00    5.11    0.00    0.12    1.37    0.00    0.00   36.03

Linux 2.6.32-431.el6.x86_64 (slave1) 	2019年07月27日 	_x86_64_	(8 CPU)

02时52分47秒  CPU    %usr   %nice    %sys %iowait    %irq   %soft  %steal  %guest   %idle
02时52分48秒  all   54.61    0.00    2.53    0.00    0.13    1.39    0.00    0.00   41.34
平均时间:  all   54.61    0.00    2.53    0.00    0.13    1.39    0.00    0.00   41.34

Linux 2.6.32-431.el6.x86_64 (slave1) 	2019年07月27日 	_x86_64_	(8 CPU)

02时52分51秒  CPU    %usr   %nice    %sys %iowait    %irq   %soft  %steal  %guest   %idle
02时52分52秒  all   54.81    0.00    5.70    0.00    0.25    6.46    0.00    0.00   32.78
平均时间:  all   54.81    0.00    5.70    0.00    0.25    6.46    0.00    0.00   32.78

Linux 2.6.32-431.el6.x86_64 (slave1) 	2019年07月27日 	_x86_64_	(8 CPU)

02时52分55秒  CPU    %usr   %nice    %sys %iowait    %irq   %soft  %steal  %guest   %idle
02时52分56秒  all   45.26    0.00    2.40    0.00    0.00    1.26    0.00    0.00   51.07
平均时间:  all   45.26    0.00    2.40    0.00    0.00    1.26    0.00    0.00   51.07

Linux 2.6.32-431.el6.x86_64 (slave1) 	2019年07月27日 	_x86_64_	(8 CPU)

02时52分59秒  CPU    %usr   %nice    %sys %iowait    %irq   %soft  %steal  %guest   %idle
02时53分00秒  all   50.19    0.00    2.66    0.00    0.00    1.01    0.00    0.00   46.13
平均时间:  all   50.19    0.00    2.66    0.00    0.00    1.01    0.00    0.00   46.13

Linux 2.6.32-431.el6.x86_64 (slave1) 	2019年07月27日 	_x86_64_	(8 CPU)

02时53分03秒  CPU    %usr   %nice    %sys %iowait    %irq   %soft  %steal  %guest   %idle
02时53分04秒  all   91.60    0.00    4.14    0.00    0.13    0.13    0.00    0.00    4.01
平均时间:  all   91.60    0.00    4.14    0.00    0.13    0.13    0.00    0.00    4.01

Linux 2.6.32-431.el6.x86_64 (slave1) 	2019年07月27日 	_x86_64_	(8 CPU)

02时53分07秒  CPU    %usr   %nice    %sys %iowait    %irq   %soft  %steal  %guest   %idle
02时53分08秒  all   28.04    0.00   10.50    0.00    0.13    1.15    0.00    0.00   60.18
平均时间:  all   28.04    0.00   10.50    0.00    0.13    1.15    0.00    0.00   60.18

Linux 2.6.32-431.el6.x86_64 (slave1) 	2019年07月27日 	_x86_64_	(8 CPU)

02时53分11秒  CPU    %usr   %nice    %sys %iowait    %irq   %soft  %steal  %guest   %idle
02时53分12秒  all    2.27    0.00    4.03    0.00    0.00    0.00    0.00    0.00   93.70
平均时间:  all    2.27    0.00    4.03    0.00    0.00    0.00    0.00    0.00   93.70

Linux 2.6.32-431.el6.x86_64 (slave1) 	2019年07月27日 	_x86_64_	(8 CPU)

02时53分15秒  CPU    %usr   %nice    %sys %iowait    %irq   %soft  %steal  %guest   %idle
02时53分16秒  all    0.00    0.00    0.00    0.00    0.00    0.00    0.00    0.00  100.00
平均时间:  all    0.00    0.00    0.00    0.00    0.00    0.00    0.00    0.00  100.00

Linux 2.6.32-431.el6.x86_64 (slave1) 	2019年07月27日 	_x86_64_	(8 CPU)

02时53分19秒  CPU    %usr   %nice    %sys %iowait    %irq   %soft  %steal  %guest   %idle
02时53分20秒  all    0.00    0.00    0.00    0.00    0.00    0.00    0.00    0.00  100.00
平均时间:  all    0.00    0.00    0.00    0.00    0.00    0.00    0.00    0.00  100.00

Linux 2.6.32-431.el6.x86_64 (slave1) 	2019年07月27日 	_x86_64_	(8 CPU)

02时53分23秒  CPU    %usr   %nice    %sys %iowait    %irq   %soft  %steal  %guest   %idle
02时53分24秒  all    0.00    0.00    0.00    0.00    0.00    0.00    0.00    0.00  100.00
平均时间:  all    0.00    0.00    0.00    0.00    0.00    0.00    0.00    0.00  100.00

Linux 2.6.32-431.el6.x86_64 (slave1) 	2019年07月27日 	_x86_64_	(8 CPU)

02时53分27秒  CPU    %usr   %nice    %sys %iowait    %irq   %soft  %steal  %guest   %idle
02时53分28秒  all    0.00    0.00    0.00    0.00    0.00    0.13    0.00    0.00   99.87
平均时间:  all    0.00    0.00    0.00    0.00    0.00    0.13    0.00    0.00   99.87

Linux 2.6.32-431.el6.x86_64 (slave1) 	2019年07月27日 	_x86_64_	(8 CPU)

02时53分31秒  CPU    %usr   %nice    %sys %iowait    %irq   %soft  %steal  %guest   %idle
02时53分32秒  all    0.00    0.00    0.00    0.00    0.00    0.00    0.00    0.00  100.00
平均时间:  all    0.00    0.00    0.00    0.00    0.00    0.00    0.00    0.00  100.00

Linux 2.6.32-431.el6.x86_64 (slave1) 	2019年07月27日 	_x86_64_	(8 CPU)

02时53分35秒  CPU    %usr   %nice    %sys %iowait    %irq   %soft  %steal  %guest   %idle
02时53分36秒  all    0.11    0.00    0.11    0.00    0.00    0.00    0.00    0.00   99.78
平均时间:  all    0.11    0.00    0.11    0.00    0.00    0.00    0.00    0.00   99.78

Linux 2.6.32-431.el6.x86_64 (slave1) 	2019年07月27日 	_x86_64_	(8 CPU)

02时53分39秒  CPU    %usr   %nice    %sys %iowait    %irq   %soft  %steal  %guest   %idle
02时53分41秒  all    0.00    0.00    0.00    0.00    0.00    0.00    0.00    0.00  100.00
平均时间:  all    0.00    0.00    0.00    0.00    0.00    0.00    0.00    0.00  100.00

Linux 2.6.32-431.el6.x86_64 (slave1) 	2019年07月27日 	_x86_64_	(8 CPU)

02时53分44秒  CPU    %usr   %nice    %sys %iowait    %irq   %soft  %steal  %guest   %idle
02时53分45秒  all    0.00    0.00    0.00    0.00    0.00    0.00    0.00    0.00  100.00
平均时间:  all    0.00    0.00    0.00    0.00    0.00    0.00    0.00    0.00  100.00

Linux 2.6.32-431.el6.x86_64 (slave1) 	2019年07月27日 	_x86_64_	(8 CPU)

02时53分48秒  CPU    %usr   %nice    %sys %iowait    %irq   %soft  %steal  %guest   %idle
02时53分49秒  all    0.00    0.00    0.00    0.00    0.00    0.00    0.00    0.00  100.00
平均时间:  all    0.00    0.00    0.00    0.00    0.00    0.00    0.00    0.00  100.00

Linux 2.6.32-431.el6.x86_64 (slave1) 	2019年07月27日 	_x86_64_	(8 CPU)

02时53分52秒  CPU    %usr   %nice    %sys %iowait    %irq   %soft  %steal  %guest   %idle
02时53分53秒  all    0.00    0.00    0.00    0.00    0.00    0.00    0.00    0.00  100.00
平均时间:  all    0.00    0.00    0.00    0.00    0.00    0.00    0.00    0.00  100.00

Linux 2.6.32-431.el6.x86_64 (slave1) 	2019年07月27日 	_x86_64_	(8 CPU)

02时53分56秒  CPU    %usr   %nice    %sys %iowait    %irq   %soft  %steal  %guest   %idle
02时53分57秒  all    0.00    0.00    0.00    0.00    0.00    0.00    0.00    0.00  100.00
平均时间:  all    0.00    0.00    0.00    0.00    0.00    0.00    0.00    0.00  100.00

Linux 2.6.32-431.el6.x86_64 (slave1) 	2019年07月27日 	_x86_64_	(8 CPU)

02时54分00秒  CPU    %usr   %nice    %sys %iowait    %irq   %soft  %steal  %guest   %idle
02时54分01秒  all    0.00    0.00    0.00    0.00    0.00    0.00    0.00    0.00  100.00
平均时间:  all    0.00    0.00    0.00    0.00    0.00    0.00    0.00    0.00  100.00

Linux 2.6.32-431.el6.x86_64 (slave1) 	2019年07月27日 	_x86_64_	(8 CPU)

02时54分04秒  CPU    %usr   %nice    %sys %iowait    %irq   %soft  %steal  %guest   %idle
02时54分05秒  all    0.00    0.00    0.00    0.00    0.00    0.00    0.00    0.00  100.00
平均时间:  all    0.00    0.00    0.00    0.00    0.00    0.00    0.00    0.00  100.00

Linux 2.6.32-431.el6.x86_64 (slave1) 	2019年07月27日 	_x86_64_	(8 CPU)

02时54分08秒  CPU    %usr   %nice    %sys %iowait    %irq   %soft  %steal  %guest   %idle
02时54分09秒  all    0.00    0.00    0.13    0.00    0.00    0.00    0.00    0.00   99.87
平均时间:  all    0.00    0.00    0.13    0.00    0.00    0.00    0.00    0.00   99.87

Linux 2.6.32-431.el6.x86_64 (slave1) 	2019年07月27日 	_x86_64_	(8 CPU)

02时54分12秒  CPU    %usr   %nice    %sys %iowait    %irq   %soft  %steal  %guest   %idle
02时54分13秒  all    3.88    0.00    2.88    0.00    0.00    0.13    0.00    0.00   93.11
平均时间:  all    3.88    0.00    2.88    0.00    0.00    0.13    0.00    0.00   93.11

Linux 2.6.32-431.el6.x86_64 (slave1) 	2019年07月27日 	_x86_64_	(8 CPU)

02时54分16秒  CPU    %usr   %nice    %sys %iowait    %irq   %soft  %steal  %guest   %idle
02时54分17秒  all    0.00    0.00    0.00    0.00    0.00    0.00    0.00    0.00  100.00
平均时间:  all    0.00    0.00    0.00    0.00    0.00    0.00    0.00    0.00  100.00

Linux 2.6.32-431.el6.x86_64 (slave1) 	2019年07月27日 	_x86_64_	(8 CPU)

02时54分20秒  CPU    %usr   %nice    %sys %iowait    %irq   %soft  %steal  %guest   %idle
02时54分21秒  all    0.00    0.00    0.00    0.00    0.00    0.00    0.00    0.00  100.00
平均时间:  all    0.00    0.00    0.00    0.00    0.00    0.00    0.00    0.00  100.00

Linux 2.6.32-431.el6.x86_64 (slave1) 	2019年07月27日 	_x86_64_	(8 CPU)

02时54分24秒  CPU    %usr   %nice    %sys %iowait    %irq   %soft  %steal  %guest   %idle
02时54分25秒  all    0.00    0.00    0.00    0.00    0.00    0.00    0.00    0.00  100.00
平均时间:  all    0.00    0.00    0.00    0.00    0.00    0.00    0.00    0.00  100.00

Linux 2.6.32-431.el6.x86_64 (slave1) 	2019年07月27日 	_x86_64_	(8 CPU)

02时54分28秒  CPU    %usr   %nice    %sys %iowait    %irq   %soft  %steal  %guest   %idle
02时54分29秒  all    0.00    0.00    0.00    0.00    0.00    0.00    0.00    0.00  100.00
平均时间:  all    0.00    0.00    0.00    0.00    0.00    0.00    0.00    0.00  100.00

Linux 2.6.32-431.el6.x86_64 (slave1) 	2019年07月27日 	_x86_64_	(8 CPU)

02时54分32秒  CPU    %usr   %nice    %sys %iowait    %irq   %soft  %steal  %guest   %idle
02时54分33秒  all    0.00    0.00    0.00    0.00    0.00    0.00    0.00    0.00  100.00
平均时间:  all    0.00    0.00    0.00    0.00    0.00    0.00    0.00    0.00  100.00

Linux 2.6.32-431.el6.x86_64 (slave1) 	2019年07月27日 	_x86_64_	(8 CPU)

02时54分36秒  CPU    %usr   %nice    %sys %iowait    %irq   %soft  %steal  %guest   %idle
02时54分37秒  all    0.00    0.00    0.13    0.00    0.00    0.00    0.00    0.00   99.87
平均时间:  all    0.00    0.00    0.13    0.00    0.00    0.00    0.00    0.00   99.87

Linux 2.6.32-431.el6.x86_64 (slave1) 	2019年07月27日 	_x86_64_	(8 CPU)

02时54分40秒  CPU    %usr   %nice    %sys %iowait    %irq   %soft  %steal  %guest   %idle
02时54分41秒  all    0.38    0.00    0.38    0.00    0.00    0.00    0.00    0.00   99.25
平均时间:  all    0.38    0.00    0.38    0.00    0.00    0.00    0.00    0.00   99.25

Linux 2.6.32-431.el6.x86_64 (slave1) 	2019年07月27日 	_x86_64_	(8 CPU)

02时54分44秒  CPU    %usr   %nice    %sys %iowait    %irq   %soft  %steal  %guest   %idle
02时54分45秒  all    0.00    0.00    0.00    0.00    0.00    0.00    0.00    0.00  100.00
平均时间:  all    0.00    0.00    0.00    0.00    0.00    0.00    0.00    0.00  100.00

Linux 2.6.32-431.el6.x86_64 (slave1) 	2019年07月27日 	_x86_64_	(8 CPU)

02时54分48秒  CPU    %usr   %nice    %sys %iowait    %irq   %soft  %steal  %guest   %idle
02时54分49秒  all    0.00    0.00    0.00    0.00    0.00    0.00    0.00    0.00  100.00
平均时间:  all    0.00    0.00    0.00    0.00    0.00    0.00    0.00    0.00  100.00

Linux 2.6.32-431.el6.x86_64 (slave1) 	2019年07月27日 	_x86_64_	(8 CPU)

02时54分52秒  CPU    %usr   %nice    %sys %iowait    %irq   %soft  %steal  %guest   %idle
02时54分53秒  all    0.00    0.00    0.00    0.00    0.00    0.00    0.00    0.00  100.00
平均时间:  all    0.00    0.00    0.00    0.00    0.00    0.00    0.00    0.00  100.00

Linux 2.6.32-431.el6.x86_64 (slave1) 	2019年07月27日 	_x86_64_	(8 CPU)

02时54分56秒  CPU    %usr   %nice    %sys %iowait    %irq   %soft  %steal  %guest   %idle
02时54分57秒  all    0.00    0.00    0.13    0.00    0.00    0.00    0.00    0.00   99.87
平均时间:  all    0.00    0.00    0.13    0.00    0.00    0.00    0.00    0.00   99.87

Linux 2.6.32-431.el6.x86_64 (slave1) 	2019年07月27日 	_x86_64_	(8 CPU)

02时55分00秒  CPU    %usr   %nice    %sys %iowait    %irq   %soft  %steal  %guest   %idle
02时55分01秒  all    0.00    0.00    0.00    0.00    0.00    0.00    0.00    0.00  100.00
平均时间:  all    0.00    0.00    0.00    0.00    0.00    0.00    0.00    0.00  100.00

Linux 2.6.32-431.el6.x86_64 (slave1) 	2019年07月27日 	_x86_64_	(8 CPU)

02时55分04秒  CPU    %usr   %nice    %sys %iowait    %irq   %soft  %steal  %guest   %idle
02时55分05秒  all    0.00    0.00    0.00    0.00    0.00    0.00    0.00    0.00  100.00
平均时间:  all    0.00    0.00    0.00    0.00    0.00    0.00    0.00    0.00  100.00

Linux 2.6.32-431.el6.x86_64 (slave1) 	2019年07月27日 	_x86_64_	(8 CPU)

02时55分08秒  CPU    %usr   %nice    %sys %iowait    %irq   %soft  %steal  %guest   %idle
02时55分09秒  all    0.00    0.00    0.00    0.00    0.00    0.00    0.00    0.00  100.00
平均时间:  all    0.00    0.00    0.00    0.00    0.00    0.00    0.00    0.00  100.00

Linux 2.6.32-431.el6.x86_64 (slave1) 	2019年07月27日 	_x86_64_	(8 CPU)

02时55分12秒  CPU    %usr   %nice    %sys %iowait    %irq   %soft  %steal  %guest   %idle
02时55分13秒  all    3.40    0.00    2.77    0.00    0.00    0.13    0.00    0.00   93.71
平均时间:  all    3.40    0.00    2.77    0.00    0.00    0.13    0.00    0.00   93.71

Linux 2.6.32-431.el6.x86_64 (slave1) 	2019年07月27日 	_x86_64_	(8 CPU)

02时55分16秒  CPU    %usr   %nice    %sys %iowait    %irq   %soft  %steal  %guest   %idle
02时55分17秒  all    0.00    0.00    0.00    0.00    0.00    0.00    0.00    0.00  100.00
平均时间:  all    0.00    0.00    0.00    0.00    0.00    0.00    0.00    0.00  100.00

Linux 2.6.32-431.el6.x86_64 (slave1) 	2019年07月27日 	_x86_64_	(8 CPU)

02时55分20秒  CPU    %usr   %nice    %sys %iowait    %irq   %soft  %steal  %guest   %idle
02时55分21秒  all    0.00    0.00    0.00    0.00    0.00    0.00    0.00    0.00  100.00
平均时间:  all    0.00    0.00    0.00    0.00    0.00    0.00    0.00    0.00  100.00

