
Linux 2.6.32-431.el6.x86_64 (slave2) 	2019年07月27日 	_x86_64_	(8 CPU)

02时40分29秒  CPU    %usr   %nice    %sys %iowait    %irq   %soft  %steal  %guest   %idle
02时40分30秒  all    0.00    0.00    0.00    0.00    0.00    0.00    0.00    0.00  100.00
平均时间:  all    0.00    0.00    0.00    0.00    0.00    0.00    0.00    0.00  100.00

Linux 2.6.32-431.el6.x86_64 (slave2) 	2019年07月27日 	_x86_64_	(8 CPU)

02时40分33秒  CPU    %usr   %nice    %sys %iowait    %irq   %soft  %steal  %guest   %idle
02时40分34秒  all    0.00    0.00    0.13    0.00    0.00    0.00    0.00    0.00   99.87
平均时间:  all    0.00    0.00    0.13    0.00    0.00    0.00    0.00    0.00   99.87

Linux 2.6.32-431.el6.x86_64 (slave2) 	2019年07月27日 	_x86_64_	(8 CPU)

02时40分37秒  CPU    %usr   %nice    %sys %iowait    %irq   %soft  %steal  %guest   %idle
02时40分38秒  all    0.00    0.00    0.13    0.00    0.00    0.00    0.00    0.00   99.87
平均时间:  all    0.00    0.00    0.13    0.00    0.00    0.00    0.00    0.00   99.87

Linux 2.6.32-431.el6.x86_64 (slave2) 	2019年07月27日 	_x86_64_	(8 CPU)

02时40分41秒  CPU    %usr   %nice    %sys %iowait    %irq   %soft  %steal  %guest   %idle
02时40分42秒  all    0.00    0.00    0.00    0.00    0.00    0.00    0.00    0.00  100.00
平均时间:  all    0.00    0.00    0.00    0.00    0.00    0.00    0.00    0.00  100.00

Linux 2.6.32-431.el6.x86_64 (slave2) 	2019年07月27日 	_x86_64_	(8 CPU)

02时40分45秒  CPU    %usr   %nice    %sys %iowait    %irq   %soft  %steal  %guest   %idle
02时40分46秒  all    0.13    0.00    2.39    0.00    0.13    0.75    0.00    0.00   96.61
平均时间:  all    0.13    0.00    2.39    0.00    0.13    0.75    0.00    0.00   96.61

Linux 2.6.32-431.el6.x86_64 (slave2) 	2019年07月27日 	_x86_64_	(8 CPU)

02时40分49秒  CPU    %usr   %nice    %sys %iowait    %irq   %soft  %steal  %guest   %idle
02时40分50秒  all    0.93    0.00    5.03    0.00    0.66   21.16    0.00    0.00   72.22
平均时间:  all    0.93    0.00    5.03    0.00    0.66   21.16    0.00    0.00   72.22

Linux 2.6.32-431.el6.x86_64 (slave2) 	2019年07月27日 	_x86_64_	(8 CPU)

02时40分53秒  CPU    %usr   %nice    %sys %iowait    %irq   %soft  %steal  %guest   %idle
02时40分54秒  all    2.52    0.00    7.55    0.00    1.32   19.60    0.00    0.00   69.01
平均时间:  all    2.52    0.00    7.55    0.00    1.32   19.60    0.00    0.00   69.01

Linux 2.6.32-431.el6.x86_64 (slave2) 	2019年07月27日 	_x86_64_	(8 CPU)

02时40分57秒  CPU    %usr   %nice    %sys %iowait    %irq   %soft  %steal  %guest   %idle
02时40分58秒  all   52.60    0.00   16.93    0.00    0.39   15.49    0.00    0.00   14.58
平均时间:  all   52.60    0.00   16.93    0.00    0.39   15.49    0.00    0.00   14.58

Linux 2.6.32-431.el6.x86_64 (slave2) 	2019年07月27日 	_x86_64_	(8 CPU)

02时41分01秒  CPU    %usr   %nice    %sys %iowait    %irq   %soft  %steal  %guest   %idle
02时41分02秒  all   57.09    0.00   18.24    0.00    0.26   13.91    0.00    0.00   10.50
平均时间:  all   57.09    0.00   18.24    0.00    0.26   13.91    0.00    0.00   10.50

Linux 2.6.32-431.el6.x86_64 (slave2) 	2019年07月27日 	_x86_64_	(8 CPU)

02时41分05秒  CPU    %usr   %nice    %sys %iowait    %irq   %soft  %steal  %guest   %idle
02时41分06秒  all   61.70    0.00   17.22    0.00    0.26    9.90    0.00    0.00   10.93
平均时间:  all   61.70    0.00   17.22    0.00    0.26    9.90    0.00    0.00   10.93

Linux 2.6.32-431.el6.x86_64 (slave2) 	2019年07月27日 	_x86_64_	(8 CPU)

02时41分09秒  CPU    %usr   %nice    %sys %iowait    %irq   %soft  %steal  %guest   %idle
02时41分10秒  all   51.34    0.00    7.90    0.00    0.00    0.00    0.00    0.00   40.76
平均时间:  all   51.34    0.00    7.90    0.00    0.00    0.00    0.00    0.00   40.76

Linux 2.6.32-431.el6.x86_64 (slave2) 	2019年07月27日 	_x86_64_	(8 CPU)

02时41分13秒  CPU    %usr   %nice    %sys %iowait    %irq   %soft  %steal  %guest   %idle
02时41分14秒  all   56.32    0.00   12.39    0.13    0.00    1.15    0.00    0.00   30.01
平均时间:  all   56.32    0.00   12.39    0.13    0.00    1.15    0.00    0.00   30.01

Linux 2.6.32-431.el6.x86_64 (slave2) 	2019年07月27日 	_x86_64_	(8 CPU)

02时41分17秒  CPU    %usr   %nice    %sys %iowait    %irq   %soft  %steal  %guest   %idle
02时41分18秒  all   59.67    0.00    9.48    0.00    0.00    0.00    0.00    0.00   30.85
平均时间:  all   59.67    0.00    9.48    0.00    0.00    0.00    0.00    0.00   30.85

Linux 2.6.32-431.el6.x86_64 (slave2) 	2019年07月27日 	_x86_64_	(8 CPU)

02时41分21秒  CPU    %usr   %nice    %sys %iowait    %irq   %soft  %steal  %guest   %idle
02时41分22秒  all   88.86    0.00   10.26    0.00    0.00    0.13    0.00    0.00    0.75
平均时间:  all   88.86    0.00   10.26    0.00    0.00    0.13    0.00    0.00    0.75

Linux 2.6.32-431.el6.x86_64 (slave2) 	2019年07月27日 	_x86_64_	(8 CPU)

02时41分25秒  CPU    %usr   %nice    %sys %iowait    %irq   %soft  %steal  %guest   %idle
02时41分26秒  all   83.71    0.00   10.61    0.00    0.13    4.67    0.00    0.00    0.88
平均时间:  all   83.71    0.00   10.61    0.00    0.13    4.67    0.00    0.00    0.88

Linux 2.6.32-431.el6.x86_64 (slave2) 	2019年07月27日 	_x86_64_	(8 CPU)

02时41分29秒  CPU    %usr   %nice    %sys %iowait    %irq   %soft  %steal  %guest   %idle
02时41分30秒  all   91.76    0.00    7.74    0.00    0.12    0.25    0.00    0.00    0.12
平均时间:  all   91.76    0.00    7.74    0.00    0.12    0.25    0.00    0.00    0.12

Linux 2.6.32-431.el6.x86_64 (slave2) 	2019年07月27日 	_x86_64_	(8 CPU)

02时41分33秒  CPU    %usr   %nice    %sys %iowait    %irq   %soft  %steal  %guest   %idle
02时41分34秒  all   48.65    0.00    7.59    0.00    0.13    0.39    0.00    0.00   43.24
平均时间:  all   48.65    0.00    7.59    0.00    0.13    0.39    0.00    0.00   43.24

Linux 2.6.32-431.el6.x86_64 (slave2) 	2019年07月27日 	_x86_64_	(8 CPU)

02时41分37秒  CPU    %usr   %nice    %sys %iowait    %irq   %soft  %steal  %guest   %idle
02时41分38秒  all   45.05    0.00    5.92    0.00    0.00    0.51    0.00    0.00   48.52
平均时间:  all   45.05    0.00    5.92    0.00    0.00    0.51    0.00    0.00   48.52

Linux 2.6.32-431.el6.x86_64 (slave2) 	2019年07月27日 	_x86_64_	(8 CPU)

02时41分41秒  CPU    %usr   %nice    %sys %iowait    %irq   %soft  %steal  %guest   %idle
02时41分42秒  all   89.14    0.00   10.49    0.00    0.00    0.12    0.00    0.00    0.25
平均时间:  all   89.14    0.00   10.49    0.00    0.00    0.12    0.00    0.00    0.25

Linux 2.6.32-431.el6.x86_64 (slave2) 	2019年07月27日 	_x86_64_	(8 CPU)

02时41分45秒  CPU    %usr   %nice    %sys %iowait    %irq   %soft  %steal  %guest   %idle
02时41分46秒  all   92.63    0.00    7.12    0.00    0.00    0.25    0.00    0.00    0.00
平均时间:  all   92.63    0.00    7.12    0.00    0.00    0.25    0.00    0.00    0.00

Linux 2.6.32-431.el6.x86_64 (slave2) 	2019年07月27日 	_x86_64_	(8 CPU)

02时41分49秒  CPU    %usr   %nice    %sys %iowait    %irq   %soft  %steal  %guest   %idle
02时41分50秒  all   83.25    0.00   14.09    0.00    0.00    0.38    0.00    0.00    2.28
平均时间:  all   83.25    0.00   14.09    0.00    0.00    0.38    0.00    0.00    2.28

Linux 2.6.32-431.el6.x86_64 (slave2) 	2019年07月27日 	_x86_64_	(8 CPU)

02时41分53秒  CPU    %usr   %nice    %sys %iowait    %irq   %soft  %steal  %guest   %idle
02时41分54秒  all   88.25    0.00   10.50    0.00    0.12    0.00    0.00    0.00    1.12
平均时间:  all   88.25    0.00   10.50    0.00    0.12    0.00    0.00    0.00    1.12

Linux 2.6.32-431.el6.x86_64 (slave2) 	2019年07月27日 	_x86_64_	(8 CPU)

02时41分57秒  CPU    %usr   %nice    %sys %iowait    %irq   %soft  %steal  %guest   %idle
02时41分58秒  all   86.83    0.00   10.29    0.00    0.00    0.00    0.00    0.00    2.89
平均时间:  all   86.83    0.00   10.29    0.00    0.00    0.00    0.00    0.00    2.89

Linux 2.6.32-431.el6.x86_64 (slave2) 	2019年07月27日 	_x86_64_	(8 CPU)

02时42分01秒  CPU    %usr   %nice    %sys %iowait    %irq   %soft  %steal  %guest   %idle
02时42分02秒  all   86.64    0.00   11.61    0.00    0.12    0.62    0.00    0.00    1.00
平均时间:  all   86.64    0.00   11.61    0.00    0.12    0.62    0.00    0.00    1.00

Linux 2.6.32-431.el6.x86_64 (slave2) 	2019年07月27日 	_x86_64_	(8 CPU)

02时42分05秒  CPU    %usr   %nice    %sys %iowait    %irq   %soft  %steal  %guest   %idle
02时42分06秒  all   79.21    0.00   13.18    0.00    0.00    0.51    0.00    0.00    7.10
平均时间:  all   79.21    0.00   13.18    0.00    0.00    0.51    0.00    0.00    7.10

Linux 2.6.32-431.el6.x86_64 (slave2) 	2019年07月27日 	_x86_64_	(8 CPU)

02时42分09秒  CPU    %usr   %nice    %sys %iowait    %irq   %soft  %steal  %guest   %idle
02时42分10秒  all   81.53    0.00   14.45    0.00    0.00    0.75    0.00    0.00    3.27
平均时间:  all   81.53    0.00   14.45    0.00    0.00    0.75    0.00    0.00    3.27

Linux 2.6.32-431.el6.x86_64 (slave2) 	2019年07月27日 	_x86_64_	(8 CPU)

02时42分13秒  CPU    %usr   %nice    %sys %iowait    %irq   %soft  %steal  %guest   %idle
02时42分14秒  all   82.91    0.00   11.06    0.00    0.13    0.13    0.00    0.00    5.78
平均时间:  all   82.91    0.00   11.06    0.00    0.13    0.13    0.00    0.00    5.78

Linux 2.6.32-431.el6.x86_64 (slave2) 	2019年07月27日 	_x86_64_	(8 CPU)

02时42分17秒  CPU    %usr   %nice    %sys %iowait    %irq   %soft  %steal  %guest   %idle
02时42分18秒  all   86.81    0.00   10.80    0.00    0.00    0.00    0.00    0.00    2.39
平均时间:  all   86.81    0.00   10.80    0.00    0.00    0.00    0.00    0.00    2.39

Linux 2.6.32-431.el6.x86_64 (slave2) 	2019年07月27日 	_x86_64_	(8 CPU)

02时42分22秒  CPU    %usr   %nice    %sys %iowait    %irq   %soft  %steal  %guest   %idle
02时42分23秒  all   57.82    0.00    9.49    0.00    0.00    1.28    0.00    0.00   31.41
平均时间:  all   57.82    0.00    9.49    0.00    0.00    1.28    0.00    0.00   31.41

Linux 2.6.32-431.el6.x86_64 (slave2) 	2019年07月27日 	_x86_64_	(8 CPU)

02时42分26秒  CPU    %usr   %nice    %sys %iowait    %irq   %soft  %steal  %guest   %idle
02时42分27秒  all   74.21    0.00   15.93    0.00    0.00    0.63    0.00    0.00    9.23
平均时间:  all   74.21    0.00   15.93    0.00    0.00    0.63    0.00    0.00    9.23

Linux 2.6.32-431.el6.x86_64 (slave2) 	2019年07月27日 	_x86_64_	(8 CPU)

02时42分30秒  CPU    %usr   %nice    %sys %iowait    %irq   %soft  %steal  %guest   %idle
02时42分31秒  all   45.41    0.00    5.36    0.00    0.00    0.00    0.00    0.00   49.23
平均时间:  all   45.41    0.00    5.36    0.00    0.00    0.00    0.00    0.00   49.23

Linux 2.6.32-431.el6.x86_64 (slave2) 	2019年07月27日 	_x86_64_	(8 CPU)

02时42分34秒  CPU    %usr   %nice    %sys %iowait    %irq   %soft  %steal  %guest   %idle
02时42分35秒  all   91.00    0.00    8.38    0.00    0.00    0.12    0.00    0.00    0.50
平均时间:  all   91.00    0.00    8.38    0.00    0.00    0.12    0.00    0.00    0.50

Linux 2.6.32-431.el6.x86_64 (slave2) 	2019年07月27日 	_x86_64_	(8 CPU)

02时42分38秒  CPU    %usr   %nice    %sys %iowait    %irq   %soft  %steal  %guest   %idle
02时42分39秒  all   58.65    0.00   11.07    0.00    0.00    3.69    0.00    0.00   26.59
平均时间:  all   58.65    0.00   11.07    0.00    0.00    3.69    0.00    0.00   26.59

Linux 2.6.32-431.el6.x86_64 (slave2) 	2019年07月27日 	_x86_64_	(8 CPU)

02时42分42秒  CPU    %usr   %nice    %sys %iowait    %irq   %soft  %steal  %guest   %idle
02时42分43秒  all   46.39    0.00    7.60    0.00    0.00    0.25    0.00    0.00   45.75
平均时间:  all   46.39    0.00    7.60    0.00    0.00    0.25    0.00    0.00   45.75

Linux 2.6.32-431.el6.x86_64 (slave2) 	2019年07月27日 	_x86_64_	(8 CPU)

02时42分46秒  CPU    %usr   %nice    %sys %iowait    %irq   %soft  %steal  %guest   %idle
02时42分47秒  all   49.81    0.00    5.83    0.00    0.00    0.38    0.00    0.00   43.98
平均时间:  all   49.81    0.00    5.83    0.00    0.00    0.38    0.00    0.00   43.98

Linux 2.6.32-431.el6.x86_64 (slave2) 	2019年07月27日 	_x86_64_	(8 CPU)

02时42分50秒  CPU    %usr   %nice    %sys %iowait    %irq   %soft  %steal  %guest   %idle
02时42分51秒  all   46.55    0.00   14.46    0.00    0.13   10.34    0.00    0.00   28.51
平均时间:  all   46.55    0.00   14.46    0.00    0.13   10.34    0.00    0.00   28.51

Linux 2.6.32-431.el6.x86_64 (slave2) 	2019年07月27日 	_x86_64_	(8 CPU)

02时42分54秒  CPU    %usr   %nice    %sys %iowait    %irq   %soft  %steal  %guest   %idle
02时42分55秒  all   41.00    0.00   11.96    0.00    0.13   17.48    0.00    0.00   29.43
平均时间:  all   41.00    0.00   11.96    0.00    0.13   17.48    0.00    0.00   29.43

Linux 2.6.32-431.el6.x86_64 (slave2) 	2019年07月27日 	_x86_64_	(8 CPU)

02时42分58秒  CPU    %usr   %nice    %sys %iowait    %irq   %soft  %steal  %guest   %idle
02时42分59秒  all   39.29    0.00   17.20    0.00    0.13   17.33    0.00    0.00   26.06
平均时间:  all   39.29    0.00   17.20    0.00    0.13   17.33    0.00    0.00   26.06

Linux 2.6.32-431.el6.x86_64 (slave2) 	2019年07月27日 	_x86_64_	(8 CPU)

02时43分02秒  CPU    %usr   %nice    %sys %iowait    %irq   %soft  %steal  %guest   %idle
02时43分03秒  all   36.23    0.00   12.78    0.00    0.26   18.31    0.00    0.00   32.41
平均时间:  all   36.23    0.00   12.78    0.00    0.26   18.31    0.00    0.00   32.41

Linux 2.6.32-431.el6.x86_64 (slave2) 	2019年07月27日 	_x86_64_	(8 CPU)

02时43分06秒  CPU    %usr   %nice    %sys %iowait    %irq   %soft  %steal  %guest   %idle
02时43分07秒  all   51.63    0.00   13.69    0.00    0.13   15.38    0.00    0.00   19.17
平均时间:  all   51.63    0.00   13.69    0.00    0.13   15.38    0.00    0.00   19.17

Linux 2.6.32-431.el6.x86_64 (slave2) 	2019年07月27日 	_x86_64_	(8 CPU)

02时43分10秒  CPU    %usr   %nice    %sys %iowait    %irq   %soft  %steal  %guest   %idle
02时43分11秒  all   25.25    0.00    2.65    0.00    0.00    0.38    0.00    0.00   71.72
平均时间:  all   25.25    0.00    2.65    0.00    0.00    0.38    0.00    0.00   71.72

Linux 2.6.32-431.el6.x86_64 (slave2) 	2019年07月27日 	_x86_64_	(8 CPU)

02时43分14秒  CPU    %usr   %nice    %sys %iowait    %irq   %soft  %steal  %guest   %idle
02时43分15秒  all   70.16    0.00   11.13    0.00    0.00    0.63    0.00    0.00   18.08
平均时间:  all   70.16    0.00   11.13    0.00    0.00    0.63    0.00    0.00   18.08

Linux 2.6.32-431.el6.x86_64 (slave2) 	2019年07月27日 	_x86_64_	(8 CPU)

02时43分18秒  CPU    %usr   %nice    %sys %iowait    %irq   %soft  %steal  %guest   %idle
02时43分19秒  all   78.49    0.00   10.19    0.00    0.00    0.13    0.00    0.00   11.19
平均时间:  all   78.49    0.00   10.19    0.00    0.00    0.13    0.00    0.00   11.19

Linux 2.6.32-431.el6.x86_64 (slave2) 	2019年07月27日 	_x86_64_	(8 CPU)

02时43分22秒  CPU    %usr   %nice    %sys %iowait    %irq   %soft  %steal  %guest   %idle
02时43分23秒  all   90.62    0.00    9.00    0.00    0.00    0.12    0.00    0.00    0.25
平均时间:  all   90.62    0.00    9.00    0.00    0.00    0.12    0.00    0.00    0.25

Linux 2.6.32-431.el6.x86_64 (slave2) 	2019年07月27日 	_x86_64_	(8 CPU)

02时43分26秒  CPU    %usr   %nice    %sys %iowait    %irq   %soft  %steal  %guest   %idle
02时43分27秒  all   91.01    0.00    8.49    0.00    0.00    0.50    0.00    0.00    0.00
平均时间:  all   91.01    0.00    8.49    0.00    0.00    0.50    0.00    0.00    0.00

Linux 2.6.32-431.el6.x86_64 (slave2) 	2019年07月27日 	_x86_64_	(8 CPU)

02时43分30秒  CPU    %usr   %nice    %sys %iowait    %irq   %soft  %steal  %guest   %idle
02时43分31秒  all   89.34    0.00    8.63    0.00    0.13    0.76    0.00    0.00    1.14
平均时间:  all   89.34    0.00    8.63    0.00    0.13    0.76    0.00    0.00    1.14

Linux 2.6.32-431.el6.x86_64 (slave2) 	2019年07月27日 	_x86_64_	(8 CPU)

02时43分34秒  CPU    %usr   %nice    %sys %iowait    %irq   %soft  %steal  %guest   %idle
02时43分35秒  all   88.86    0.00    8.01    0.00    0.00    3.00    0.00    0.00    0.13
平均时间:  all   88.86    0.00    8.01    0.00    0.00    3.00    0.00    0.00    0.13

Linux 2.6.32-431.el6.x86_64 (slave2) 	2019年07月27日 	_x86_64_	(8 CPU)

02时43分38秒  CPU    %usr   %nice    %sys %iowait    %irq   %soft  %steal  %guest   %idle
02时43分39秒  all   91.49    0.00    6.26    0.00    0.00    0.25    0.00    0.00    2.00
平均时间:  all   91.49    0.00    6.26    0.00    0.00    0.25    0.00    0.00    2.00

Linux 2.6.32-431.el6.x86_64 (slave2) 	2019年07月27日 	_x86_64_	(8 CPU)

02时43分42秒  CPU    %usr   %nice    %sys %iowait    %irq   %soft  %steal  %guest   %idle
02时43分43秒  all   90.73    0.00    7.64    0.00    0.00    0.13    0.00    0.00    1.50
平均时间:  all   90.73    0.00    7.64    0.00    0.00    0.13    0.00    0.00    1.50

Linux 2.6.32-431.el6.x86_64 (slave2) 	2019年07月27日 	_x86_64_	(8 CPU)

02时43分46秒  CPU    %usr   %nice    %sys %iowait    %irq   %soft  %steal  %guest   %idle
02时43分47秒  all   82.49    0.00    8.69    0.00    0.00    0.63    0.00    0.00    8.19
平均时间:  all   82.49    0.00    8.69    0.00    0.00    0.63    0.00    0.00    8.19

Linux 2.6.32-431.el6.x86_64 (slave2) 	2019年07月27日 	_x86_64_	(8 CPU)

02时43分50秒  CPU    %usr   %nice    %sys %iowait    %irq   %soft  %steal  %guest   %idle
02时43分51秒  all   80.33    0.00    5.80    0.00    0.00    0.76    0.00    0.00   13.11
平均时间:  all   80.33    0.00    5.80    0.00    0.00    0.76    0.00    0.00   13.11

Linux 2.6.32-431.el6.x86_64 (slave2) 	2019年07月27日 	_x86_64_	(8 CPU)

02时43分54秒  CPU    %usr   %nice    %sys %iowait    %irq   %soft  %steal  %guest   %idle
02时43分55秒  all   56.05    0.00    5.22    0.00    0.00    0.64    0.00    0.00   38.09
平均时间:  all   56.05    0.00    5.22    0.00    0.00    0.64    0.00    0.00   38.09

Linux 2.6.32-431.el6.x86_64 (slave2) 	2019年07月27日 	_x86_64_	(8 CPU)

02时43分58秒  CPU    %usr   %nice    %sys %iowait    %irq   %soft  %steal  %guest   %idle
02时43分59秒  all   57.12    0.00    5.85    0.00    0.00    0.51    0.00    0.00   36.51
平均时间:  all   57.12    0.00    5.85    0.00    0.00    0.51    0.00    0.00   36.51

Linux 2.6.32-431.el6.x86_64 (slave2) 	2019年07月27日 	_x86_64_	(8 CPU)

02时44分02秒  CPU    %usr   %nice    %sys %iowait    %irq   %soft  %steal  %guest   %idle
02时44分03秒  all   66.33    0.00    6.73    0.00    0.00    0.51    0.00    0.00   26.43
平均时间:  all   66.33    0.00    6.73    0.00    0.00    0.51    0.00    0.00   26.43

Linux 2.6.32-431.el6.x86_64 (slave2) 	2019年07月27日 	_x86_64_	(8 CPU)

02时44分06秒  CPU    %usr   %nice    %sys %iowait    %irq   %soft  %steal  %guest   %idle
02时44分07秒  all   59.03    0.00    9.86    0.00    0.00    1.15    0.00    0.00   29.96
平均时间:  all   59.03    0.00    9.86    0.00    0.00    1.15    0.00    0.00   29.96

Linux 2.6.32-431.el6.x86_64 (slave2) 	2019年07月27日 	_x86_64_	(8 CPU)

02时44分10秒  CPU    %usr   %nice    %sys %iowait    %irq   %soft  %steal  %guest   %idle
02时44分11秒  all   83.17    0.00   12.06    0.00    0.00    0.13    0.00    0.00    4.65
平均时间:  all   83.17    0.00   12.06    0.00    0.00    0.13    0.00    0.00    4.65

Linux 2.6.32-431.el6.x86_64 (slave2) 	2019年07月27日 	_x86_64_	(8 CPU)

02时44分14秒  CPU    %usr   %nice    %sys %iowait    %irq   %soft  %steal  %guest   %idle
02时44分15秒  all   87.31    0.00   10.30    0.00    0.00    0.00    0.00    0.00    2.39
平均时间:  all   87.31    0.00   10.30    0.00    0.00    0.00    0.00    0.00    2.39

Linux 2.6.32-431.el6.x86_64 (slave2) 	2019年07月27日 	_x86_64_	(8 CPU)

02时44分18秒  CPU    %usr   %nice    %sys %iowait    %irq   %soft  %steal  %guest   %idle
02时44分19秒  all   91.38    0.00    8.38    0.00    0.00    0.12    0.00    0.00    0.12
平均时间:  all   91.38    0.00    8.38    0.00    0.00    0.12    0.00    0.00    0.12

Linux 2.6.32-431.el6.x86_64 (slave2) 	2019年07月27日 	_x86_64_	(8 CPU)

02时44分22秒  CPU    %usr   %nice    %sys %iowait    %irq   %soft  %steal  %guest   %idle
02时44分23秒  all   94.26    0.00    5.49    0.00    0.00    0.25    0.00    0.00    0.00
平均时间:  all   94.26    0.00    5.49    0.00    0.00    0.25    0.00    0.00    0.00

Linux 2.6.32-431.el6.x86_64 (slave2) 	2019年07月27日 	_x86_64_	(8 CPU)

02时44分26秒  CPU    %usr   %nice    %sys %iowait    %irq   %soft  %steal  %guest   %idle
02时44分27秒  all   90.90    0.00    8.10    0.00    0.12    0.62    0.00    0.00    0.25
平均时间:  all   90.90    0.00    8.10    0.00    0.12    0.62    0.00    0.00    0.25

Linux 2.6.32-431.el6.x86_64 (slave2) 	2019年07月27日 	_x86_64_	(8 CPU)

02时44分31秒  CPU    %usr   %nice    %sys %iowait    %irq   %soft  %steal  %guest   %idle
02时44分32秒  all   91.62    0.00    7.00    0.00    0.00    0.88    0.00    0.00    0.50
平均时间:  all   91.62    0.00    7.00    0.00    0.00    0.88    0.00    0.00    0.50

Linux 2.6.32-431.el6.x86_64 (slave2) 	2019年07月27日 	_x86_64_	(8 CPU)

02时44分35秒  CPU    %usr   %nice    %sys %iowait    %irq   %soft  %steal  %guest   %idle
02时44分36秒  all   77.57    0.00    6.59    0.00    0.13    0.63    0.00    0.00   15.08
平均时间:  all   77.57    0.00    6.59    0.00    0.13    0.63    0.00    0.00   15.08

Linux 2.6.32-431.el6.x86_64 (slave2) 	2019年07月27日 	_x86_64_	(8 CPU)

02时44分39秒  CPU    %usr   %nice    %sys %iowait    %irq   %soft  %steal  %guest   %idle
02时44分40秒  all   63.00    0.00    5.76    0.00    0.00    0.13    0.00    0.00   31.11
平均时间:  all   63.00    0.00    5.76    0.00    0.00    0.13    0.00    0.00   31.11

Linux 2.6.32-431.el6.x86_64 (slave2) 	2019年07月27日 	_x86_64_	(8 CPU)

02时44分43秒  CPU    %usr   %nice    %sys %iowait    %irq   %soft  %steal  %guest   %idle
02时44分44秒  all   48.71    0.00    8.51    0.00    0.00    0.13    0.00    0.00   42.65
平均时间:  all   48.71    0.00    8.51    0.00    0.00    0.13    0.00    0.00   42.65

Linux 2.6.32-431.el6.x86_64 (slave2) 	2019年07月27日 	_x86_64_	(8 CPU)

02时44分47秒  CPU    %usr   %nice    %sys %iowait    %irq   %soft  %steal  %guest   %idle
02时44分48秒  all   46.94    0.00   12.12    0.00    0.00    5.99    0.00    0.00   34.95
平均时间:  all   46.94    0.00   12.12    0.00    0.00    5.99    0.00    0.00   34.95

Linux 2.6.32-431.el6.x86_64 (slave2) 	2019年07月27日 	_x86_64_	(8 CPU)

02时44分51秒  CPU    %usr   %nice    %sys %iowait    %irq   %soft  %steal  %guest   %idle
02时44分52秒  all   69.58    0.00   12.42    0.00    0.38    2.66    0.00    0.00   14.96
平均时间:  all   69.58    0.00   12.42    0.00    0.38    2.66    0.00    0.00   14.96

Linux 2.6.32-431.el6.x86_64 (slave2) 	2019年07月27日 	_x86_64_	(8 CPU)

02时44分55秒  CPU    %usr   %nice    %sys %iowait    %irq   %soft  %steal  %guest   %idle
02时44分56秒  all   67.44    0.00   16.41    0.00    0.38    5.90    0.00    0.00    9.87
平均时间:  all   67.44    0.00   16.41    0.00    0.38    5.90    0.00    0.00    9.87

Linux 2.6.32-431.el6.x86_64 (slave2) 	2019年07月27日 	_x86_64_	(8 CPU)

02时44分59秒  CPU    %usr   %nice    %sys %iowait    %irq   %soft  %steal  %guest   %idle
02时45分00秒  all   29.37    0.00   11.62    0.00    0.53    8.68    0.00    0.00   49.80
平均时间:  all   29.37    0.00   11.62    0.00    0.53    8.68    0.00    0.00   49.80

Linux 2.6.32-431.el6.x86_64 (slave2) 	2019年07月27日 	_x86_64_	(8 CPU)

02时45分03秒  CPU    %usr   %nice    %sys %iowait    %irq   %soft  %steal  %guest   %idle
02时45分04秒  all   65.36    0.00   18.20    0.00    0.38    9.23    0.00    0.00    6.83
平均时间:  all   65.36    0.00   18.20    0.00    0.38    9.23    0.00    0.00    6.83

Linux 2.6.32-431.el6.x86_64 (slave2) 	2019年07月27日 	_x86_64_	(8 CPU)

02时45分07秒  CPU    %usr   %nice    %sys %iowait    %irq   %soft  %steal  %guest   %idle
02时45分08秒  all   66.46    0.00   17.85    0.00    0.25   14.81    0.00    0.00    0.63
平均时间:  all   66.46    0.00   17.85    0.00    0.25   14.81    0.00    0.00    0.63

Linux 2.6.32-431.el6.x86_64 (slave2) 	2019年07月27日 	_x86_64_	(8 CPU)

02时45分11秒  CPU    %usr   %nice    %sys %iowait    %irq   %soft  %steal  %guest   %idle
02时45分12秒  all   72.57    0.00   16.31    0.00    0.63    9.99    0.00    0.00    0.51
平均时间:  all   72.57    0.00   16.31    0.00    0.63    9.99    0.00    0.00    0.51

Linux 2.6.32-431.el6.x86_64 (slave2) 	2019年07月27日 	_x86_64_	(8 CPU)

02时45分15秒  CPU    %usr   %nice    %sys %iowait    %irq   %soft  %steal  %guest   %idle
02时45分16秒  all   72.19    0.00   19.47    0.00    0.25    8.09    0.00    0.00    0.00
平均时间:  all   72.19    0.00   19.47    0.00    0.25    8.09    0.00    0.00    0.00

Linux 2.6.32-431.el6.x86_64 (slave2) 	2019年07月27日 	_x86_64_	(8 CPU)

02时45分19秒  CPU    %usr   %nice    %sys %iowait    %irq   %soft  %steal  %guest   %idle
02时45分20秒  all   71.21    0.00   19.19    0.00    0.51    9.09    0.00    0.00    0.00
平均时间:  all   71.21    0.00   19.19    0.00    0.51    9.09    0.00    0.00    0.00

Linux 2.6.32-431.el6.x86_64 (slave2) 	2019年07月27日 	_x86_64_	(8 CPU)

02时45分23秒  CPU    %usr   %nice    %sys %iowait    %irq   %soft  %steal  %guest   %idle
02时45分24秒  all   83.56    0.00   10.04    0.00    0.00    6.02    0.00    0.00    0.38
平均时间:  all   83.56    0.00   10.04    0.00    0.00    6.02    0.00    0.00    0.38

Linux 2.6.32-431.el6.x86_64 (slave2) 	2019年07月27日 	_x86_64_	(8 CPU)

02时45分27秒  CPU    %usr   %nice    %sys %iowait    %irq   %soft  %steal  %guest   %idle
02时45分28秒  all   42.78    0.00    2.43    0.00    0.00    1.15    0.00    0.00   53.64
平均时间:  all   42.78    0.00    2.43    0.00    0.00    1.15    0.00    0.00   53.64

Linux 2.6.32-431.el6.x86_64 (slave2) 	2019年07月27日 	_x86_64_	(8 CPU)

02时45分31秒  CPU    %usr   %nice    %sys %iowait    %irq   %soft  %steal  %guest   %idle
02时45分32秒  all   78.63    0.00    2.28    0.00    0.00    0.25    0.00    0.00   18.84
平均时间:  all   78.63    0.00    2.28    0.00    0.00    0.25    0.00    0.00   18.84

Linux 2.6.32-431.el6.x86_64 (slave2) 	2019年07月27日 	_x86_64_	(8 CPU)

02时45分35秒  CPU    %usr   %nice    %sys %iowait    %irq   %soft  %steal  %guest   %idle
02时45分36秒  all   43.43    0.00    4.25    0.00    0.13    1.93    0.00    0.00   50.26
平均时间:  all   43.43    0.00    4.25    0.00    0.13    1.93    0.00    0.00   50.26

Linux 2.6.32-431.el6.x86_64 (slave2) 	2019年07月27日 	_x86_64_	(8 CPU)

02时45分39秒  CPU    %usr   %nice    %sys %iowait    %irq   %soft  %steal  %guest   %idle
02时45分40秒  all   51.34    0.00    4.60    0.00    0.13    1.40    0.00    0.00   42.53
平均时间:  all   51.34    0.00    4.60    0.00    0.13    1.40    0.00    0.00   42.53

Linux 2.6.32-431.el6.x86_64 (slave2) 	2019年07月27日 	_x86_64_	(8 CPU)

02时45分43秒  CPU    %usr   %nice    %sys %iowait    %irq   %soft  %steal  %guest   %idle
02时45分44秒  all   27.49    0.00    1.41    0.00    0.00    1.28    0.00    0.00   69.82
平均时间:  all   27.49    0.00    1.41    0.00    0.00    1.28    0.00    0.00   69.82

Linux 2.6.32-431.el6.x86_64 (slave2) 	2019年07月27日 	_x86_64_	(8 CPU)

02时45分47秒  CPU    %usr   %nice    %sys %iowait    %irq   %soft  %steal  %guest   %idle
02时45分48秒  all   62.81    0.00    5.79    0.00    0.00    1.16    0.00    0.00   30.24
平均时间:  all   62.81    0.00    5.79    0.00    0.00    1.16    0.00    0.00   30.24

Linux 2.6.32-431.el6.x86_64 (slave2) 	2019年07月27日 	_x86_64_	(8 CPU)

02时45分51秒  CPU    %usr   %nice    %sys %iowait    %irq   %soft  %steal  %guest   %idle
02时45分52秒  all   90.98    0.00    6.27    0.00    0.13    0.88    0.00    0.00    1.75
平均时间:  all   90.98    0.00    6.27    0.00    0.13    0.88    0.00    0.00    1.75

Linux 2.6.32-431.el6.x86_64 (slave2) 	2019年07月27日 	_x86_64_	(8 CPU)

02时45分55秒  CPU    %usr   %nice    %sys %iowait    %irq   %soft  %steal  %guest   %idle
02时45分56秒  all   30.94    0.00    5.65    0.00    0.00    0.39    0.00    0.00   63.03
平均时间:  all   30.94    0.00    5.65    0.00    0.00    0.39    0.00    0.00   63.03

Linux 2.6.32-431.el6.x86_64 (slave2) 	2019年07月27日 	_x86_64_	(8 CPU)

02时45分59秒  CPU    %usr   %nice    %sys %iowait    %irq   %soft  %steal  %guest   %idle
02时46分00秒  all   80.81    0.00   11.62    0.00    0.00    0.13    0.00    0.00    7.45
平均时间:  all   80.81    0.00   11.62    0.00    0.00    0.13    0.00    0.00    7.45

Linux 2.6.32-431.el6.x86_64 (slave2) 	2019年07月27日 	_x86_64_	(8 CPU)

02时46分03秒  CPU    %usr   %nice    %sys %iowait    %irq   %soft  %steal  %guest   %idle
02时46分04秒  all   89.75    0.00    9.38    0.00    0.00    0.12    0.00    0.00    0.75
平均时间:  all   89.75    0.00    9.38    0.00    0.00    0.12    0.00    0.00    0.75

Linux 2.6.32-431.el6.x86_64 (slave2) 	2019年07月27日 	_x86_64_	(8 CPU)

02时46分07秒  CPU    %usr   %nice    %sys %iowait    %irq   %soft  %steal  %guest   %idle
02时46分08秒  all   89.99    0.00    7.13    0.00    0.00    0.13    0.00    0.00    2.75
平均时间:  all   89.99    0.00    7.13    0.00    0.00    0.13    0.00    0.00    2.75

Linux 2.6.32-431.el6.x86_64 (slave2) 	2019年07月27日 	_x86_64_	(8 CPU)

02时46分11秒  CPU    %usr   %nice    %sys %iowait    %irq   %soft  %steal  %guest   %idle
02时46分12秒  all   91.77    0.00    7.73    0.00    0.00    0.37    0.00    0.00    0.12
平均时间:  all   91.77    0.00    7.73    0.00    0.00    0.37    0.00    0.00    0.12

Linux 2.6.32-431.el6.x86_64 (slave2) 	2019年07月27日 	_x86_64_	(8 CPU)

02时46分15秒  CPU    %usr   %nice    %sys %iowait    %irq   %soft  %steal  %guest   %idle
02时46分16秒  all   90.49    0.00    7.38    0.00    0.00    0.38    0.00    0.00    1.75
平均时间:  all   90.49    0.00    7.38    0.00    0.00    0.38    0.00    0.00    1.75

Linux 2.6.32-431.el6.x86_64 (slave2) 	2019年07月27日 	_x86_64_	(8 CPU)

02时46分19秒  CPU    %usr   %nice    %sys %iowait    %irq   %soft  %steal  %guest   %idle
02时46分20秒  all   74.34    0.00    6.32    0.00    0.13    0.63    0.00    0.00   18.58
平均时间:  all   74.34    0.00    6.32    0.00    0.13    0.63    0.00    0.00   18.58

Linux 2.6.32-431.el6.x86_64 (slave2) 	2019年07月27日 	_x86_64_	(8 CPU)

02时46分23秒  CPU    %usr   %nice    %sys %iowait    %irq   %soft  %steal  %guest   %idle
02时46分24秒  all   57.86    0.00    6.96    0.00    0.00    0.26    0.00    0.00   34.92
平均时间:  all   57.86    0.00    6.96    0.00    0.00    0.26    0.00    0.00   34.92

Linux 2.6.32-431.el6.x86_64 (slave2) 	2019年07月27日 	_x86_64_	(8 CPU)

02时46分27秒  CPU    %usr   %nice    %sys %iowait    %irq   %soft  %steal  %guest   %idle
02时46分28秒  all   64.58    0.00    8.44    0.00    0.00    0.38    0.00    0.00   26.60
平均时间:  all   64.58    0.00    8.44    0.00    0.00    0.38    0.00    0.00   26.60

Linux 2.6.32-431.el6.x86_64 (slave2) 	2019年07月27日 	_x86_64_	(8 CPU)

02时46分31秒  CPU    %usr   %nice    %sys %iowait    %irq   %soft  %steal  %guest   %idle
02时46分32秒  all   45.50    0.00   14.60    0.00    0.00    0.26    0.00    0.00   39.63
平均时间:  all   45.50    0.00   14.60    0.00    0.00    0.26    0.00    0.00   39.63

Linux 2.6.32-431.el6.x86_64 (slave2) 	2019年07月27日 	_x86_64_	(8 CPU)

02时46分35秒  CPU    %usr   %nice    %sys %iowait    %irq   %soft  %steal  %guest   %idle
02时46分36秒  all   75.51    0.00   15.40    0.00    0.00    0.51    0.00    0.00    8.59
平均时间:  all   75.51    0.00   15.40    0.00    0.00    0.51    0.00    0.00    8.59

Linux 2.6.32-431.el6.x86_64 (slave2) 	2019年07月27日 	_x86_64_	(8 CPU)

02时46分39秒  CPU    %usr   %nice    %sys %iowait    %irq   %soft  %steal  %guest   %idle
02时46分40秒  all   83.73    0.00   11.48    0.00    0.00    0.50    0.00    0.00    4.29
平均时间:  all   83.73    0.00   11.48    0.00    0.00    0.50    0.00    0.00    4.29

Linux 2.6.32-431.el6.x86_64 (slave2) 	2019年07月27日 	_x86_64_	(8 CPU)

02时46分43秒  CPU    %usr   %nice    %sys %iowait    %irq   %soft  %steal  %guest   %idle
02时46分44秒  all   89.25    0.00    9.00    0.00    0.12    0.12    0.00    0.00    1.50
平均时间:  all   89.25    0.00    9.00    0.00    0.12    0.12    0.00    0.00    1.50

Linux 2.6.32-431.el6.x86_64 (slave2) 	2019年07月27日 	_x86_64_	(8 CPU)

02时46分47秒  CPU    %usr   %nice    %sys %iowait    %irq   %soft  %steal  %guest   %idle
02时46分48秒  all   95.51    0.00    4.24    0.00    0.00    0.12    0.00    0.00    0.12
平均时间:  all   95.51    0.00    4.24    0.00    0.00    0.12    0.00    0.00    0.12

Linux 2.6.32-431.el6.x86_64 (slave2) 	2019年07月27日 	_x86_64_	(8 CPU)

02时46分52秒  CPU    %usr   %nice    %sys %iowait    %irq   %soft  %steal  %guest   %idle
02时46分53秒  all   81.72    0.00   11.33    0.00    0.51    6.44    0.00    0.00    0.00
平均时间:  all   81.72    0.00   11.33    0.00    0.51    6.44    0.00    0.00    0.00

Linux 2.6.32-431.el6.x86_64 (slave2) 	2019年07月27日 	_x86_64_	(8 CPU)

02时46分56秒  CPU    %usr   %nice    %sys %iowait    %irq   %soft  %steal  %guest   %idle
02时46分57秒  all   60.73    0.00   19.44    0.00    0.13   15.78    0.00    0.00    3.91
平均时间:  all   60.73    0.00   19.44    0.00    0.13   15.78    0.00    0.00    3.91

Linux 2.6.32-431.el6.x86_64 (slave2) 	2019年07月27日 	_x86_64_	(8 CPU)

02时47分00秒  CPU    %usr   %nice    %sys %iowait    %irq   %soft  %steal  %guest   %idle
02时47分01秒  all   54.92    0.00   18.90    0.00    0.77   16.86    0.00    0.00    8.56
平均时间:  all   54.92    0.00   18.90    0.00    0.77   16.86    0.00    0.00    8.56

Linux 2.6.32-431.el6.x86_64 (slave2) 	2019年07月27日 	_x86_64_	(8 CPU)

02时47分04秒  CPU    %usr   %nice    %sys %iowait    %irq   %soft  %steal  %guest   %idle
02时47分05秒  all   54.02    0.00   17.37    0.00    0.89   15.20    0.00    0.00   12.52
平均时间:  all   54.02    0.00   17.37    0.00    0.89   15.20    0.00    0.00   12.52

Linux 2.6.32-431.el6.x86_64 (slave2) 	2019年07月27日 	_x86_64_	(8 CPU)

02时47分08秒  CPU    %usr   %nice    %sys %iowait    %irq   %soft  %steal  %guest   %idle
02时47分09秒  all   73.93    0.00   17.63    0.00    0.13    5.29    0.00    0.00    3.02
平均时间:  all   73.93    0.00   17.63    0.00    0.13    5.29    0.00    0.00    3.02

Linux 2.6.32-431.el6.x86_64 (slave2) 	2019年07月27日 	_x86_64_	(8 CPU)

02时47分12秒  CPU    %usr   %nice    %sys %iowait    %irq   %soft  %steal  %guest   %idle
02时47分13秒  all   61.76    0.00   15.35    0.00    0.26    8.18    0.00    0.00   14.45
平均时间:  all   61.76    0.00   15.35    0.00    0.26    8.18    0.00    0.00   14.45

Linux 2.6.32-431.el6.x86_64 (slave2) 	2019年07月27日 	_x86_64_	(8 CPU)

02时47分16秒  CPU    %usr   %nice    %sys %iowait    %irq   %soft  %steal  %guest   %idle
02时47分17秒  all   58.85    0.00    9.43    0.00    0.00    1.15    0.00    0.00   30.57
平均时间:  all   58.85    0.00    9.43    0.00    0.00    1.15    0.00    0.00   30.57

Linux 2.6.32-431.el6.x86_64 (slave2) 	2019年07月27日 	_x86_64_	(8 CPU)

02时47分20秒  CPU    %usr   %nice    %sys %iowait    %irq   %soft  %steal  %guest   %idle
02时47分21秒  all   78.37    0.00   14.68    0.00    0.00    5.24    0.00    0.00    1.70
平均时间:  all   78.37    0.00   14.68    0.00    0.00    5.24    0.00    0.00    1.70

Linux 2.6.32-431.el6.x86_64 (slave2) 	2019年07月27日 	_x86_64_	(8 CPU)

02时47分24秒  CPU    %usr   %nice    %sys %iowait    %irq   %soft  %steal  %guest   %idle
02时47分25秒  all   84.84    0.00    7.71    0.00    0.13    0.13    0.00    0.00    7.18
平均时间:  all   84.84    0.00    7.71    0.00    0.13    0.13    0.00    0.00    7.18

Linux 2.6.32-431.el6.x86_64 (slave2) 	2019年07月27日 	_x86_64_	(8 CPU)

02时47分28秒  CPU    %usr   %nice    %sys %iowait    %irq   %soft  %steal  %guest   %idle
02时47分29秒  all   84.32    0.00   10.04    0.00    0.00    1.00    0.00    0.00    4.64
平均时间:  all   84.32    0.00   10.04    0.00    0.00    1.00    0.00    0.00    4.64

Linux 2.6.32-431.el6.x86_64 (slave2) 	2019年07月27日 	_x86_64_	(8 CPU)

02时47分32秒  CPU    %usr   %nice    %sys %iowait    %irq   %soft  %steal  %guest   %idle
02时47分33秒  all   80.86    0.00    6.72    0.00    0.00    0.51    0.00    0.00   11.91
平均时间:  all   80.86    0.00    6.72    0.00    0.00    0.51    0.00    0.00   11.91

Linux 2.6.32-431.el6.x86_64 (slave2) 	2019年07月27日 	_x86_64_	(8 CPU)

02时47分36秒  CPU    %usr   %nice    %sys %iowait    %irq   %soft  %steal  %guest   %idle
02时47分37秒  all   69.71    0.00    5.07    0.00    0.00    0.13    0.00    0.00   25.10
平均时间:  all   69.71    0.00    5.07    0.00    0.00    0.13    0.00    0.00   25.10

Linux 2.6.32-431.el6.x86_64 (slave2) 	2019年07月27日 	_x86_64_	(8 CPU)

02时47分40秒  CPU    %usr   %nice    %sys %iowait    %irq   %soft  %steal  %guest   %idle
02时47分41秒  all   14.39    0.00   10.01    0.00    0.00    0.88    0.00    0.00   74.72
平均时间:  all   14.39    0.00   10.01    0.00    0.00    0.88    0.00    0.00   74.72

Linux 2.6.32-431.el6.x86_64 (slave2) 	2019年07月27日 	_x86_64_	(8 CPU)

02时47分44秒  CPU    %usr   %nice    %sys %iowait    %irq   %soft  %steal  %guest   %idle
02时47分45秒  all   62.70    0.00    6.39    0.00    0.00    0.15    0.00    0.00   30.77
平均时间:  all   62.70    0.00    6.39    0.00    0.00    0.15    0.00    0.00   30.77

Linux 2.6.32-431.el6.x86_64 (slave2) 	2019年07月27日 	_x86_64_	(8 CPU)

02时47分48秒  CPU    %usr   %nice    %sys %iowait    %irq   %soft  %steal  %guest   %idle
02时47分49秒  all   47.45    0.00    5.63    0.00    0.00    0.54    0.00    0.00   46.38
平均时间:  all   47.45    0.00    5.63    0.00    0.00    0.54    0.00    0.00   46.38

Linux 2.6.32-431.el6.x86_64 (slave2) 	2019年07月27日 	_x86_64_	(8 CPU)

02时47分52秒  CPU    %usr   %nice    %sys %iowait    %irq   %soft  %steal  %guest   %idle
02时47分53秒  all   57.70    0.00    8.08    0.00    0.00    0.38    0.00    0.00   33.84
平均时间:  all   57.70    0.00    8.08    0.00    0.00    0.38    0.00    0.00   33.84

Linux 2.6.32-431.el6.x86_64 (slave2) 	2019年07月27日 	_x86_64_	(8 CPU)

02时47分56秒  CPU    %usr   %nice    %sys %iowait    %irq   %soft  %steal  %guest   %idle
02时47分57秒  all   68.25    0.00    7.17    0.00    0.00    0.51    0.00    0.00   24.07
平均时间:  all   68.25    0.00    7.17    0.00    0.00    0.51    0.00    0.00   24.07

Linux 2.6.32-431.el6.x86_64 (slave2) 	2019年07月27日 	_x86_64_	(8 CPU)

02时48分01秒  CPU    %usr   %nice    %sys %iowait    %irq   %soft  %steal  %guest   %idle
02时48分02秒  all   28.46    0.00    8.22   18.28    0.00    3.92    0.00    0.00   41.12
平均时间:  all   28.46    0.00    8.22   18.28    0.00    3.92    0.00    0.00   41.12

Linux 2.6.32-431.el6.x86_64 (slave2) 	2019年07月27日 	_x86_64_	(8 CPU)

02时48分05秒  CPU    %usr   %nice    %sys %iowait    %irq   %soft  %steal  %guest   %idle
02时48分06秒  all   78.59    0.00    6.05    0.00    0.00    0.00    0.00    0.00   15.37
平均时间:  all   78.59    0.00    6.05    0.00    0.00    0.00    0.00    0.00   15.37

Linux 2.6.32-431.el6.x86_64 (slave2) 	2019年07月27日 	_x86_64_	(8 CPU)

02时48分09秒  CPU    %usr   %nice    %sys %iowait    %irq   %soft  %steal  %guest   %idle
02时48分10秒  all   81.25    0.00    7.75    0.00    0.00    0.50    0.00    0.00   10.50
平均时间:  all   81.25    0.00    7.75    0.00    0.00    0.50    0.00    0.00   10.50

Linux 2.6.32-431.el6.x86_64 (slave2) 	2019年07月27日 	_x86_64_	(8 CPU)

02时48分13秒  CPU    %usr   %nice    %sys %iowait    %irq   %soft  %steal  %guest   %idle
02时48分14秒  all   42.40    0.00    5.36    0.00    0.00    0.13    0.00    0.00   52.11
平均时间:  all   42.40    0.00    5.36    0.00    0.00    0.13    0.00    0.00   52.11

Linux 2.6.32-431.el6.x86_64 (slave2) 	2019年07月27日 	_x86_64_	(8 CPU)

02时48分17秒  CPU    %usr   %nice    %sys %iowait    %irq   %soft  %steal  %guest   %idle
02时48分18秒  all   65.08    0.00   13.35    0.00    0.13    1.54    0.00    0.00   19.90
平均时间:  all   65.08    0.00   13.35    0.00    0.13    1.54    0.00    0.00   19.90

Linux 2.6.32-431.el6.x86_64 (slave2) 	2019年07月27日 	_x86_64_	(8 CPU)

02时48分21秒  CPU    %usr   %nice    %sys %iowait    %irq   %soft  %steal  %guest   %idle
02时48分22秒  all   52.04    0.00    5.74    0.00    0.00    0.51    0.00    0.00   41.71
平均时间:  all   52.04    0.00    5.74    0.00    0.00    0.51    0.00    0.00   41.71

Linux 2.6.32-431.el6.x86_64 (slave2) 	2019年07月27日 	_x86_64_	(8 CPU)

02时48分25秒  CPU    %usr   %nice    %sys %iowait    %irq   %soft  %steal  %guest   %idle
02时48分26秒  all   32.65    0.00    4.34    0.00    0.00    0.64    0.00    0.00   62.37
平均时间:  all   32.65    0.00    4.34    0.00    0.00    0.64    0.00    0.00   62.37

Linux 2.6.32-431.el6.x86_64 (slave2) 	2019年07月27日 	_x86_64_	(8 CPU)

02时48分29秒  CPU    %usr   %nice    %sys %iowait    %irq   %soft  %steal  %guest   %idle
02时48分30秒  all   52.42    0.00    7.02    0.00    0.00    0.00    0.00    0.00   40.56
平均时间:  all   52.42    0.00    7.02    0.00    0.00    0.00    0.00    0.00   40.56

Linux 2.6.32-431.el6.x86_64 (slave2) 	2019年07月27日 	_x86_64_	(8 CPU)

02时48分33秒  CPU    %usr   %nice    %sys %iowait    %irq   %soft  %steal  %guest   %idle
02时48分34秒  all   76.83    0.00    5.46    0.00    0.00    0.40    0.00    0.00   17.31
平均时间:  all   76.83    0.00    5.46    0.00    0.00    0.40    0.00    0.00   17.31

Linux 2.6.32-431.el6.x86_64 (slave2) 	2019年07月27日 	_x86_64_	(8 CPU)

02时48分37秒  CPU    %usr   %nice    %sys %iowait    %irq   %soft  %steal  %guest   %idle
02时48分38秒  all   66.45    0.00    5.21    0.00    0.13    0.38    0.00    0.00   27.83
平均时间:  all   66.45    0.00    5.21    0.00    0.13    0.38    0.00    0.00   27.83

Linux 2.6.32-431.el6.x86_64 (slave2) 	2019年07月27日 	_x86_64_	(8 CPU)

02时48分41秒  CPU    %usr   %nice    %sys %iowait    %irq   %soft  %steal  %guest   %idle
02时48分42秒  all   73.44    0.00    6.61    0.00    0.00    0.38    0.00    0.00   19.57
平均时间:  all   73.44    0.00    6.61    0.00    0.00    0.38    0.00    0.00   19.57

Linux 2.6.32-431.el6.x86_64 (slave2) 	2019年07月27日 	_x86_64_	(8 CPU)

02时48分45秒  CPU    %usr   %nice    %sys %iowait    %irq   %soft  %steal  %guest   %idle
02时48分46秒  all   62.47    0.00   13.37    0.00    0.00    0.51    0.00    0.00   23.65
平均时间:  all   62.47    0.00   13.37    0.00    0.00    0.51    0.00    0.00   23.65

Linux 2.6.32-431.el6.x86_64 (slave2) 	2019年07月27日 	_x86_64_	(8 CPU)

02时48分49秒  CPU    %usr   %nice    %sys %iowait    %irq   %soft  %steal  %guest   %idle
02时48分50秒  all   82.06    0.00   11.92    0.00    0.00    2.13    0.00    0.00    3.89
平均时间:  all   82.06    0.00   11.92    0.00    0.00    2.13    0.00    0.00    3.89

Linux 2.6.32-431.el6.x86_64 (slave2) 	2019年07月27日 	_x86_64_	(8 CPU)

02时48分53秒  CPU    %usr   %nice    %sys %iowait    %irq   %soft  %steal  %guest   %idle
02时48分54秒  all   71.55    0.00   17.67    0.00    0.25    8.90    0.00    0.00    1.63
平均时间:  all   71.55    0.00   17.67    0.00    0.25    8.90    0.00    0.00    1.63

Linux 2.6.32-431.el6.x86_64 (slave2) 	2019年07月27日 	_x86_64_	(8 CPU)

02时48分57秒  CPU    %usr   %nice    %sys %iowait    %irq   %soft  %steal  %guest   %idle
02时48分58秒  all   67.09    0.00   19.22    0.00    0.25   13.07    0.00    0.00    0.38
平均时间:  all   67.09    0.00   19.22    0.00    0.25   13.07    0.00    0.00    0.38

Linux 2.6.32-431.el6.x86_64 (slave2) 	2019年07月27日 	_x86_64_	(8 CPU)

02时49分01秒  CPU    %usr   %nice    %sys %iowait    %irq   %soft  %steal  %guest   %idle
02时49分02秒  all   61.64    0.00   21.64    0.00    0.13   14.47    0.00    0.00    2.14
平均时间:  all   61.64    0.00   21.64    0.00    0.13   14.47    0.00    0.00    2.14

Linux 2.6.32-431.el6.x86_64 (slave2) 	2019年07月27日 	_x86_64_	(8 CPU)

02时49分05秒  CPU    %usr   %nice    %sys %iowait    %irq   %soft  %steal  %guest   %idle
02时49分06秒  all   48.18    0.00   18.44    0.00    0.13   15.19    0.00    0.00   18.05
平均时间:  all   48.18    0.00   18.44    0.00    0.13   15.19    0.00    0.00   18.05

Linux 2.6.32-431.el6.x86_64 (slave2) 	2019年07月27日 	_x86_64_	(8 CPU)

02时49分09秒  CPU    %usr   %nice    %sys %iowait    %irq   %soft  %steal  %guest   %idle
02时49分10秒  all   45.47    0.00   14.64    0.00    0.52    7.64    0.00    0.00   31.74
平均时间:  all   45.47    0.00   14.64    0.00    0.52    7.64    0.00    0.00   31.74

Linux 2.6.32-431.el6.x86_64 (slave2) 	2019年07月27日 	_x86_64_	(8 CPU)

02时49分13秒  CPU    %usr   %nice    %sys %iowait    %irq   %soft  %steal  %guest   %idle
02时49分14秒  all   90.60    0.00    6.27    0.00    0.00    0.13    0.00    0.00    3.01
平均时间:  all   90.60    0.00    6.27    0.00    0.00    0.13    0.00    0.00    3.01

Linux 2.6.32-431.el6.x86_64 (slave2) 	2019年07月27日 	_x86_64_	(8 CPU)

02时49分17秒  CPU    %usr   %nice    %sys %iowait    %irq   %soft  %steal  %guest   %idle
02时49分18秒  all   59.11    0.00   15.57    0.00    0.00    6.08    0.00    0.00   19.24
平均时间:  all   59.11    0.00   15.57    0.00    0.00    6.08    0.00    0.00   19.24

Linux 2.6.32-431.el6.x86_64 (slave2) 	2019年07月27日 	_x86_64_	(8 CPU)

02时49分21秒  CPU    %usr   %nice    %sys %iowait    %irq   %soft  %steal  %guest   %idle
02时49分22秒  all   32.10    0.00    3.82    0.00    0.00    0.13    0.00    0.00   63.95
平均时间:  all   32.10    0.00    3.82    0.00    0.00    0.13    0.00    0.00   63.95

Linux 2.6.32-431.el6.x86_64 (slave2) 	2019年07月27日 	_x86_64_	(8 CPU)

02时49分25秒  CPU    %usr   %nice    %sys %iowait    %irq   %soft  %steal  %guest   %idle
02时49分26秒  all   21.25    0.00    2.80    0.00    0.00    0.25    0.00    0.00   75.70
平均时间:  all   21.25    0.00    2.80    0.00    0.00    0.25    0.00    0.00   75.70

Linux 2.6.32-431.el6.x86_64 (slave2) 	2019年07月27日 	_x86_64_	(8 CPU)

02时49分29秒  CPU    %usr   %nice    %sys %iowait    %irq   %soft  %steal  %guest   %idle
02时49分30秒  all   31.33    0.00    7.42    0.00    0.00    0.26    0.00    0.00   61.00
平均时间:  all   31.33    0.00    7.42    0.00    0.00    0.26    0.00    0.00   61.00

Linux 2.6.32-431.el6.x86_64 (slave2) 	2019年07月27日 	_x86_64_	(8 CPU)

02时49分33秒  CPU    %usr   %nice    %sys %iowait    %irq   %soft  %steal  %guest   %idle
02时49分34秒  all   35.62    0.00   24.09    0.00    0.00    6.35    0.00    0.00   33.94
平均时间:  all   35.62    0.00   24.09    0.00    0.00    6.35    0.00    0.00   33.94

Linux 2.6.32-431.el6.x86_64 (slave2) 	2019年07月27日 	_x86_64_	(8 CPU)

02时49分37秒  CPU    %usr   %nice    %sys %iowait    %irq   %soft  %steal  %guest   %idle
02时49分38秒  all   84.69    0.00   10.16    0.00    0.00    0.00    0.00    0.00    5.14
平均时间:  all   84.69    0.00   10.16    0.00    0.00    0.00    0.00    0.00    5.14

Linux 2.6.32-431.el6.x86_64 (slave2) 	2019年07月27日 	_x86_64_	(8 CPU)

02时49分41秒  CPU    %usr   %nice    %sys %iowait    %irq   %soft  %steal  %guest   %idle
02时49分42秒  all   41.18    0.00    8.44    0.00    0.00    0.00    0.00    0.00   50.38
平均时间:  all   41.18    0.00    8.44    0.00    0.00    0.00    0.00    0.00   50.38

Linux 2.6.32-431.el6.x86_64 (slave2) 	2019年07月27日 	_x86_64_	(8 CPU)

02时49分45秒  CPU    %usr   %nice    %sys %iowait    %irq   %soft  %steal  %guest   %idle
02时49分46秒  all   92.37    0.00    7.26    0.00    0.00    0.00    0.00    0.00    0.38
平均时间:  all   92.37    0.00    7.26    0.00    0.00    0.00    0.00    0.00    0.38

Linux 2.6.32-431.el6.x86_64 (slave2) 	2019年07月27日 	_x86_64_	(8 CPU)

02时49分49秒  CPU    %usr   %nice    %sys %iowait    %irq   %soft  %steal  %guest   %idle
02时49分50秒  all   54.49    0.00    9.10    0.00    0.00    0.26    0.00    0.00   36.15
平均时间:  all   54.49    0.00    9.10    0.00    0.00    0.26    0.00    0.00   36.15

Linux 2.6.32-431.el6.x86_64 (slave2) 	2019年07月27日 	_x86_64_	(8 CPU)

02时49分53秒  CPU    %usr   %nice    %sys %iowait    %irq   %soft  %steal  %guest   %idle
02时49分54秒  all   78.91    0.00    8.59    0.00    0.00    0.00    0.00    0.00   12.50
平均时间:  all   78.91    0.00    8.59    0.00    0.00    0.00    0.00    0.00   12.50

Linux 2.6.32-431.el6.x86_64 (slave2) 	2019年07月27日 	_x86_64_	(8 CPU)

02时49分57秒  CPU    %usr   %nice    %sys %iowait    %irq   %soft  %steal  %guest   %idle
02时49分58秒  all   79.52    0.00   11.63    0.00    0.00    0.38    0.00    0.00    8.47
平均时间:  all   79.52    0.00   11.63    0.00    0.00    0.38    0.00    0.00    8.47

Linux 2.6.32-431.el6.x86_64 (slave2) 	2019年07月27日 	_x86_64_	(8 CPU)

02时50分01秒  CPU    %usr   %nice    %sys %iowait    %irq   %soft  %steal  %guest   %idle
02时50分02秒  all   83.71    0.00    6.31    0.00    0.00    0.13    0.00    0.00    9.85
平均时间:  all   83.71    0.00    6.31    0.00    0.00    0.13    0.00    0.00    9.85

Linux 2.6.32-431.el6.x86_64 (slave2) 	2019年07月27日 	_x86_64_	(8 CPU)

02时50分05秒  CPU    %usr   %nice    %sys %iowait    %irq   %soft  %steal  %guest   %idle
02时50分06秒  all   92.70    0.00    5.42    0.00    0.00    0.88    0.00    0.00    1.01
平均时间:  all   92.70    0.00    5.42    0.00    0.00    0.88    0.00    0.00    1.01

Linux 2.6.32-431.el6.x86_64 (slave2) 	2019年07月27日 	_x86_64_	(8 CPU)

02时50分09秒  CPU    %usr   %nice    %sys %iowait    %irq   %soft  %steal  %guest   %idle
02时50分10秒  all   54.92    0.00    4.73    0.00    0.00    2.30    0.00    0.00   38.06
平均时间:  all   54.92    0.00    4.73    0.00    0.00    2.30    0.00    0.00   38.06

Linux 2.6.32-431.el6.x86_64 (slave2) 	2019年07月27日 	_x86_64_	(8 CPU)

02时50分13秒  CPU    %usr   %nice    %sys %iowait    %irq   %soft  %steal  %guest   %idle
02时50分14秒  all   59.15    0.00    4.90    0.00    0.00    1.68    0.00    0.00   34.28
平均时间:  all   59.15    0.00    4.90    0.00    0.00    1.68    0.00    0.00   34.28

Linux 2.6.32-431.el6.x86_64 (slave2) 	2019年07月27日 	_x86_64_	(8 CPU)

02时50分17秒  CPU    %usr   %nice    %sys %iowait    %irq   %soft  %steal  %guest   %idle
02时50分18秒  all   67.73    0.00    8.67    0.13    0.00    1.40    0.00    0.00   22.07
平均时间:  all   67.73    0.00    8.67    0.13    0.00    1.40    0.00    0.00   22.07

Linux 2.6.32-431.el6.x86_64 (slave2) 	2019年07月27日 	_x86_64_	(8 CPU)

02时50分21秒  CPU    %usr   %nice    %sys %iowait    %irq   %soft  %steal  %guest   %idle
02时50分22秒  all   66.88    0.00    5.50    0.00    0.00    1.28    0.00    0.00   26.34
平均时间:  all   66.88    0.00    5.50    0.00    0.00    1.28    0.00    0.00   26.34

Linux 2.6.32-431.el6.x86_64 (slave2) 	2019年07月27日 	_x86_64_	(8 CPU)

02时50分26秒  CPU    %usr   %nice    %sys %iowait    %irq   %soft  %steal  %guest   %idle
02时50分27秒  all   65.37    0.00    8.43    0.00    0.13    2.85    0.00    0.00   23.22
平均时间:  all   65.37    0.00    8.43    0.00    0.13    2.85    0.00    0.00   23.22

Linux 2.6.32-431.el6.x86_64 (slave2) 	2019年07月27日 	_x86_64_	(8 CPU)

02时50分30秒  CPU    %usr   %nice    %sys %iowait    %irq   %soft  %steal  %guest   %idle
02时50分31秒  all   38.22    0.00    7.59    0.13    0.00    3.22    0.00    0.00   50.84
平均时间:  all   38.22    0.00    7.59    0.13    0.00    3.22    0.00    0.00   50.84

Linux 2.6.32-431.el6.x86_64 (slave2) 	2019年07月27日 	_x86_64_	(8 CPU)

02时50分34秒  CPU    %usr   %nice    %sys %iowait    %irq   %soft  %steal  %guest   %idle
02时50分35秒  all   72.11    0.00    7.71    0.00    0.00    0.39    0.00    0.00   19.79
平均时间:  all   72.11    0.00    7.71    0.00    0.00    0.39    0.00    0.00   19.79

Linux 2.6.32-431.el6.x86_64 (slave2) 	2019年07月27日 	_x86_64_	(8 CPU)

02时50分38秒  CPU    %usr   %nice    %sys %iowait    %irq   %soft  %steal  %guest   %idle
02时50分39秒  all   81.54    0.00    7.71    0.00    0.00    1.01    0.00    0.00    9.73
平均时间:  all   81.54    0.00    7.71    0.00    0.00    1.01    0.00    0.00    9.73

Linux 2.6.32-431.el6.x86_64 (slave2) 	2019年07月27日 	_x86_64_	(8 CPU)

02时50分42秒  CPU    %usr   %nice    %sys %iowait    %irq   %soft  %steal  %guest   %idle
02时50分43秒  all   57.85    0.00    5.24    0.00    0.00    0.51    0.00    0.00   36.40
平均时间:  all   57.85    0.00    5.24    0.00    0.00    0.51    0.00    0.00   36.40

Linux 2.6.32-431.el6.x86_64 (slave2) 	2019年07月27日 	_x86_64_	(8 CPU)

02时50分46秒  CPU    %usr   %nice    %sys %iowait    %irq   %soft  %steal  %guest   %idle
02时50分47秒  all   93.35    0.00    4.27    0.00    0.00    0.00    0.00    0.00    2.38
平均时间:  all   93.35    0.00    4.27    0.00    0.00    0.00    0.00    0.00    2.38

Linux 2.6.32-431.el6.x86_64 (slave2) 	2019年07月27日 	_x86_64_	(8 CPU)

02时50分50秒  CPU    %usr   %nice    %sys %iowait    %irq   %soft  %steal  %guest   %idle
02时50分51秒  all   78.28    0.00    4.80    0.00    0.00    0.25    0.00    0.00   16.67
平均时间:  all   78.28    0.00    4.80    0.00    0.00    0.25    0.00    0.00   16.67

Linux 2.6.32-431.el6.x86_64 (slave2) 	2019年07月27日 	_x86_64_	(8 CPU)

02时50分54秒  CPU    %usr   %nice    %sys %iowait    %irq   %soft  %steal  %guest   %idle
02时50分55秒  all   46.94    0.00    6.38    0.00    0.13    0.77    0.00    0.00   45.79
平均时间:  all   46.94    0.00    6.38    0.00    0.13    0.77    0.00    0.00   45.79

Linux 2.6.32-431.el6.x86_64 (slave2) 	2019年07月27日 	_x86_64_	(8 CPU)

02时50分58秒  CPU    %usr   %nice    %sys %iowait    %irq   %soft  %steal  %guest   %idle
02时50分59秒  all   74.68    0.00   12.28    0.00    0.00    0.13    0.00    0.00   12.91
平均时间:  all   74.68    0.00   12.28    0.00    0.00    0.13    0.00    0.00   12.91

Linux 2.6.32-431.el6.x86_64 (slave2) 	2019年07月27日 	_x86_64_	(8 CPU)

02时51分02秒  CPU    %usr   %nice    %sys %iowait    %irq   %soft  %steal  %guest   %idle
02时51分03秒  all   84.40    0.00    9.06    0.00    0.00    0.13    0.00    0.00    6.42
平均时间:  all   84.40    0.00    9.06    0.00    0.00    0.13    0.00    0.00    6.42

Linux 2.6.32-431.el6.x86_64 (slave2) 	2019年07月27日 	_x86_64_	(8 CPU)

02时51分06秒  CPU    %usr   %nice    %sys %iowait    %irq   %soft  %steal  %guest   %idle
02时51分07秒  all   89.24    0.00    7.63    0.00    0.00    0.13    0.00    0.00    3.00
平均时间:  all   89.24    0.00    7.63    0.00    0.00    0.13    0.00    0.00    3.00

Linux 2.6.32-431.el6.x86_64 (slave2) 	2019年07月27日 	_x86_64_	(8 CPU)

02时51分10秒  CPU    %usr   %nice    %sys %iowait    %irq   %soft  %steal  %guest   %idle
02时51分11秒  all   52.26    0.00   13.20    0.00    0.00    0.13    0.00    0.00   34.41
平均时间:  all   52.26    0.00   13.20    0.00    0.00    0.13    0.00    0.00   34.41

Linux 2.6.32-431.el6.x86_64 (slave2) 	2019年07月27日 	_x86_64_	(8 CPU)

02时51分14秒  CPU    %usr   %nice    %sys %iowait    %irq   %soft  %steal  %guest   %idle
02时51分15秒  all   67.70    0.00   12.27    0.00    0.00    0.00    0.00    0.00   20.03
平均时间:  all   67.70    0.00   12.27    0.00    0.00    0.00    0.00    0.00   20.03

Linux 2.6.32-431.el6.x86_64 (slave2) 	2019年07月27日 	_x86_64_	(8 CPU)

02时51分18秒  CPU    %usr   %nice    %sys %iowait    %irq   %soft  %steal  %guest   %idle
02时51分19秒  all   63.02    0.00   11.31    0.00    0.00    0.13    0.00    0.00   25.54
平均时间:  all   63.02    0.00   11.31    0.00    0.00    0.13    0.00    0.00   25.54

Linux 2.6.32-431.el6.x86_64 (slave2) 	2019年07月27日 	_x86_64_	(8 CPU)

02时51分22秒  CPU    %usr   %nice    %sys %iowait    %irq   %soft  %steal  %guest   %idle
02时51分23秒  all   80.96    0.00    8.12    0.00    0.00    0.13    0.00    0.00   10.79
平均时间:  all   80.96    0.00    8.12    0.00    0.00    0.13    0.00    0.00   10.79

Linux 2.6.32-431.el6.x86_64 (slave2) 	2019年07月27日 	_x86_64_	(8 CPU)

02时51分26秒  CPU    %usr   %nice    %sys %iowait    %irq   %soft  %steal  %guest   %idle
02时51分27秒  all   60.95    0.00   13.06    0.00    0.13    0.26    0.00    0.00   25.61
平均时间:  all   60.95    0.00   13.06    0.00    0.13    0.26    0.00    0.00   25.61

Linux 2.6.32-431.el6.x86_64 (slave2) 	2019年07月27日 	_x86_64_	(8 CPU)

02时51分30秒  CPU    %usr   %nice    %sys %iowait    %irq   %soft  %steal  %guest   %idle
02时51分31秒  all   59.54    0.00    9.73    0.00    0.00    0.51    0.00    0.00   30.22
平均时间:  all   59.54    0.00    9.73    0.00    0.00    0.51    0.00    0.00   30.22

Linux 2.6.32-431.el6.x86_64 (slave2) 	2019年07月27日 	_x86_64_	(8 CPU)

02时51分34秒  CPU    %usr   %nice    %sys %iowait    %irq   %soft  %steal  %guest   %idle
02时51分35秒  all   42.42    0.00    9.77    0.00    0.00    0.26    0.00    0.00   47.56
平均时间:  all   42.42    0.00    9.77    0.00    0.00    0.26    0.00    0.00   47.56

Linux 2.6.32-431.el6.x86_64 (slave2) 	2019年07月27日 	_x86_64_	(8 CPU)

02时51分38秒  CPU    %usr   %nice    %sys %iowait    %irq   %soft  %steal  %guest   %idle
02时51分39秒  all   80.53    0.00   15.58    0.00    0.00    0.75    0.00    0.00    3.14
平均时间:  all   80.53    0.00   15.58    0.00    0.00    0.75    0.00    0.00    3.14

Linux 2.6.32-431.el6.x86_64 (slave2) 	2019年07月27日 	_x86_64_	(8 CPU)

02时51分42秒  CPU    %usr   %nice    %sys %iowait    %irq   %soft  %steal  %guest   %idle
02时51分43秒  all   82.58    0.00   13.66    0.00    0.00    0.50    0.00    0.00    3.26
平均时间:  all   82.58    0.00   13.66    0.00    0.00    0.50    0.00    0.00    3.26

Linux 2.6.32-431.el6.x86_64 (slave2) 	2019年07月27日 	_x86_64_	(8 CPU)

02时51分47秒  CPU    %usr   %nice    %sys %iowait    %irq   %soft  %steal  %guest   %idle
02时51分48秒  all   88.89    0.00   10.49    0.00    0.00    0.62    0.00    0.00    0.00
平均时间:  all   88.89    0.00   10.49    0.00    0.00    0.62    0.00    0.00    0.00

Linux 2.6.32-431.el6.x86_64 (slave2) 	2019年07月27日 	_x86_64_	(8 CPU)

02时51分51秒  CPU    %usr   %nice    %sys %iowait    %irq   %soft  %steal  %guest   %idle
02时51分52秒  all   93.12    0.00    6.75    0.00    0.00    0.00    0.00    0.00    0.12
平均时间:  all   93.12    0.00    6.75    0.00    0.00    0.00    0.00    0.00    0.12

Linux 2.6.32-431.el6.x86_64 (slave2) 	2019年07月27日 	_x86_64_	(8 CPU)

02时51分55秒  CPU    %usr   %nice    %sys %iowait    %irq   %soft  %steal  %guest   %idle
02时51分56秒  all   88.76    0.00   10.36    0.00    0.12    0.50    0.00    0.00    0.25
平均时间:  all   88.76    0.00   10.36    0.00    0.12    0.50    0.00    0.00    0.25

Linux 2.6.32-431.el6.x86_64 (slave2) 	2019年07月27日 	_x86_64_	(8 CPU)

02时51分59秒  CPU    %usr   %nice    %sys %iowait    %irq   %soft  %steal  %guest   %idle
02时52分00秒  all   78.27    0.00   14.95    0.00    0.13    0.13    0.00    0.00    6.53
平均时间:  all   78.27    0.00   14.95    0.00    0.13    0.13    0.00    0.00    6.53

Linux 2.6.32-431.el6.x86_64 (slave2) 	2019年07月27日 	_x86_64_	(8 CPU)

02时52分03秒  CPU    %usr   %nice    %sys %iowait    %irq   %soft  %steal  %guest   %idle
02时52分04秒  all   90.12    0.00    8.12    0.00    0.12    0.62    0.00    0.00    1.00
平均时间:  all   90.12    0.00    8.12    0.00    0.12    0.62    0.00    0.00    1.00

Linux 2.6.32-431.el6.x86_64 (slave2) 	2019年07月27日 	_x86_64_	(8 CPU)

02时52分07秒  CPU    %usr   %nice    %sys %iowait    %irq   %soft  %steal  %guest   %idle
02时52分08秒  all   42.78    0.00    6.64    0.00    0.00    0.51    0.00    0.00   50.06
平均时间:  all   42.78    0.00    6.64    0.00    0.00    0.51    0.00    0.00   50.06

Linux 2.6.32-431.el6.x86_64 (slave2) 	2019年07月27日 	_x86_64_	(8 CPU)

02时52分11秒  CPU    %usr   %nice    %sys %iowait    %irq   %soft  %steal  %guest   %idle
02时52分12秒  all   88.72    0.00    9.15    0.00    0.00    0.25    0.00    0.00    1.88
平均时间:  all   88.72    0.00    9.15    0.00    0.00    0.25    0.00    0.00    1.88

Linux 2.6.32-431.el6.x86_64 (slave2) 	2019年07月27日 	_x86_64_	(8 CPU)

02时52分15秒  CPU    %usr   %nice    %sys %iowait    %irq   %soft  %steal  %guest   %idle
02时52分16秒  all    4.58    0.00    3.56    0.25    0.00    2.04    0.00    0.00   89.57
平均时间:  all    4.58    0.00    3.56    0.25    0.00    2.04    0.00    0.00   89.57

Linux 2.6.32-431.el6.x86_64 (slave2) 	2019年07月27日 	_x86_64_	(8 CPU)

02时52分19秒  CPU    %usr   %nice    %sys %iowait    %irq   %soft  %steal  %guest   %idle
02时52分20秒  all   71.30    0.00   12.12    0.00    0.00    0.00    0.00    0.00   16.58
平均时间:  all   71.30    0.00   12.12    0.00    0.00    0.00    0.00    0.00   16.58

Linux 2.6.32-431.el6.x86_64 (slave2) 	2019年07月27日 	_x86_64_	(8 CPU)

02时52分23秒  CPU    %usr   %nice    %sys %iowait    %irq   %soft  %steal  %guest   %idle
02时52分24秒  all   24.58    0.00    2.94    0.00    0.00    0.00    0.00    0.00   72.47
平均时间:  all   24.58    0.00    2.94    0.00    0.00    0.00    0.00    0.00   72.47

Linux 2.6.32-431.el6.x86_64 (slave2) 	2019年07月27日 	_x86_64_	(8 CPU)

02时52分27秒  CPU    %usr   %nice    %sys %iowait    %irq   %soft  %steal  %guest   %idle
02时52分28秒  all   29.31    0.00    5.14    0.00    0.00    0.00    0.00    0.00   65.55
平均时间:  all   29.31    0.00    5.14    0.00    0.00    0.00    0.00    0.00   65.55

Linux 2.6.32-431.el6.x86_64 (slave2) 	2019年07月27日 	_x86_64_	(8 CPU)

02时52分31秒  CPU    %usr   %nice    %sys %iowait    %irq   %soft  %steal  %guest   %idle
02时52分32秒  all   47.83    0.00    8.70    0.00    0.00    0.26    0.00    0.00   43.22
平均时间:  all   47.83    0.00    8.70    0.00    0.00    0.26    0.00    0.00   43.22

Linux 2.6.32-431.el6.x86_64 (slave2) 	2019年07月27日 	_x86_64_	(8 CPU)

02时52分35秒  CPU    %usr   %nice    %sys %iowait    %irq   %soft  %steal  %guest   %idle
02时52分36秒  all   29.91    0.00    2.92    0.00    0.00    0.89    0.00    0.00   66.29
平均时间:  all   29.91    0.00    2.92    0.00    0.00    0.89    0.00    0.00   66.29

Linux 2.6.32-431.el6.x86_64 (slave2) 	2019年07月27日 	_x86_64_	(8 CPU)

02时52分39秒  CPU    %usr   %nice    %sys %iowait    %irq   %soft  %steal  %guest   %idle
02时52分40秒  all   39.09    0.00    1.77    0.00    0.00    0.76    0.00    0.00   58.39
平均时间:  all   39.09    0.00    1.77    0.00    0.00    0.76    0.00    0.00   58.39

Linux 2.6.32-431.el6.x86_64 (slave2) 	2019年07月27日 	_x86_64_	(8 CPU)

02时52分43秒  CPU    %usr   %nice    %sys %iowait    %irq   %soft  %steal  %guest   %idle
02时52分44秒  all   13.67    0.00    0.38    0.00    0.00    1.27    0.00    0.00   84.68
平均时间:  all   13.67    0.00    0.38    0.00    0.00    1.27    0.00    0.00   84.68

Linux 2.6.32-431.el6.x86_64 (slave2) 	2019年07月27日 	_x86_64_	(8 CPU)

02时52分47秒  CPU    %usr   %nice    %sys %iowait    %irq   %soft  %steal  %guest   %idle
02时52分48秒  all   17.64    0.00    1.52    0.00    0.00    1.14    0.00    0.00   79.70
平均时间:  all   17.64    0.00    1.52    0.00    0.00    1.14    0.00    0.00   79.70

Linux 2.6.32-431.el6.x86_64 (slave2) 	2019年07月27日 	_x86_64_	(8 CPU)

02时52分51秒  CPU    %usr   %nice    %sys %iowait    %irq   %soft  %steal  %guest   %idle
02时52分52秒  all   20.76    0.00    0.51    0.00    0.00    1.27    0.00    0.00   77.47
平均时间:  all   20.76    0.00    0.51    0.00    0.00    1.27    0.00    0.00   77.47

Linux 2.6.32-431.el6.x86_64 (slave2) 	2019年07月27日 	_x86_64_	(8 CPU)

02时52分55秒  CPU    %usr   %nice    %sys %iowait    %irq   %soft  %steal  %guest   %idle
02时52分56秒  all   14.34    0.00    0.75    0.00    0.00    0.13    0.00    0.00   84.78
平均时间:  all   14.34    0.00    0.75    0.00    0.00    0.13    0.00    0.00   84.78

Linux 2.6.32-431.el6.x86_64 (slave2) 	2019年07月27日 	_x86_64_	(8 CPU)

02时52分59秒  CPU    %usr   %nice    %sys %iowait    %irq   %soft  %steal  %guest   %idle
02时53分00秒  all   13.37    0.00    0.38    0.00    0.00    1.51    0.00    0.00   84.74
平均时间:  all   13.37    0.00    0.38    0.00    0.00    1.51    0.00    0.00   84.74

Linux 2.6.32-431.el6.x86_64 (slave2) 	2019年07月27日 	_x86_64_	(8 CPU)

02时53分03秒  CPU    %usr   %nice    %sys %iowait    %irq   %soft  %steal  %guest   %idle
02时53分04秒  all    2.82    0.00    2.56    0.00    0.13    0.51    0.00    0.00   93.98
平均时间:  all    2.82    0.00    2.56    0.00    0.13    0.51    0.00    0.00   93.98

Linux 2.6.32-431.el6.x86_64 (slave2) 	2019年07月27日 	_x86_64_	(8 CPU)

02时53分07秒  CPU    %usr   %nice    %sys %iowait    %irq   %soft  %steal  %guest   %idle
02时53分08秒  all   22.44    0.00    3.46    0.00    0.13    0.64    0.00    0.00   73.33
平均时间:  all   22.44    0.00    3.46    0.00    0.13    0.64    0.00    0.00   73.33

Linux 2.6.32-431.el6.x86_64 (slave2) 	2019年07月27日 	_x86_64_	(8 CPU)

02时53分11秒  CPU    %usr   %nice    %sys %iowait    %irq   %soft  %steal  %guest   %idle
02时53分12秒  all    0.50    0.00    0.38    0.00    0.00    0.00    0.00    0.00   99.12
平均时间:  all    0.50    0.00    0.38    0.00    0.00    0.00    0.00    0.00   99.12

Linux 2.6.32-431.el6.x86_64 (slave2) 	2019年07月27日 	_x86_64_	(8 CPU)

02时53分15秒  CPU    %usr   %nice    %sys %iowait    %irq   %soft  %steal  %guest   %idle
02时53分16秒  all    0.00    0.00    0.00    0.00    0.00    0.00    0.00    0.00  100.00
平均时间:  all    0.00    0.00    0.00    0.00    0.00    0.00    0.00    0.00  100.00

Linux 2.6.32-431.el6.x86_64 (slave2) 	2019年07月27日 	_x86_64_	(8 CPU)

02时53分19秒  CPU    %usr   %nice    %sys %iowait    %irq   %soft  %steal  %guest   %idle
02时53分20秒  all    0.38    0.00    0.13    0.00    0.00    0.00    0.00    0.00   99.50
平均时间:  all    0.38    0.00    0.13    0.00    0.00    0.00    0.00    0.00   99.50

Linux 2.6.32-431.el6.x86_64 (slave2) 	2019年07月27日 	_x86_64_	(8 CPU)

02时53分23秒  CPU    %usr   %nice    %sys %iowait    %irq   %soft  %steal  %guest   %idle
02时53分24秒  all    0.00    0.00    0.00    0.00    0.00    0.00    0.00    0.00  100.00
平均时间:  all    0.00    0.00    0.00    0.00    0.00    0.00    0.00    0.00  100.00

Linux 2.6.32-431.el6.x86_64 (slave2) 	2019年07月27日 	_x86_64_	(8 CPU)

02时53分27秒  CPU    %usr   %nice    %sys %iowait    %irq   %soft  %steal  %guest   %idle
02时53分28秒  all    0.00    0.00    0.00    0.00    0.00    0.00    0.00    0.00  100.00
平均时间:  all    0.00    0.00    0.00    0.00    0.00    0.00    0.00    0.00  100.00

Linux 2.6.32-431.el6.x86_64 (slave2) 	2019年07月27日 	_x86_64_	(8 CPU)

02时53分31秒  CPU    %usr   %nice    %sys %iowait    %irq   %soft  %steal  %guest   %idle
02时53分32秒  all    0.00    0.00    0.13    0.00    0.00    0.00    0.00    0.00   99.87
平均时间:  all    0.00    0.00    0.13    0.00    0.00    0.00    0.00    0.00   99.87

Linux 2.6.32-431.el6.x86_64 (slave2) 	2019年07月27日 	_x86_64_	(8 CPU)

02时53分35秒  CPU    %usr   %nice    %sys %iowait    %irq   %soft  %steal  %guest   %idle
02时53分36秒  all    0.00    0.00    0.00    0.00    0.00    0.00    0.00    0.00  100.00
平均时间:  all    0.00    0.00    0.00    0.00    0.00    0.00    0.00    0.00  100.00

Linux 2.6.32-431.el6.x86_64 (slave2) 	2019年07月27日 	_x86_64_	(8 CPU)

02时53分39秒  CPU    %usr   %nice    %sys %iowait    %irq   %soft  %steal  %guest   %idle
02时53分40秒  all    0.13    0.00    0.13    0.00    0.00    0.00    0.00    0.00   99.75
平均时间:  all    0.13    0.00    0.13    0.00    0.00    0.00    0.00    0.00   99.75

Linux 2.6.32-431.el6.x86_64 (slave2) 	2019年07月27日 	_x86_64_	(8 CPU)

02时53分43秒  CPU    %usr   %nice    %sys %iowait    %irq   %soft  %steal  %guest   %idle
02时53分44秒  all    0.00    0.00    0.00    0.00    0.00    0.00    0.00    0.00  100.00
平均时间:  all    0.00    0.00    0.00    0.00    0.00    0.00    0.00    0.00  100.00

Linux 2.6.32-431.el6.x86_64 (slave2) 	2019年07月27日 	_x86_64_	(8 CPU)

02时53分47秒  CPU    %usr   %nice    %sys %iowait    %irq   %soft  %steal  %guest   %idle
02时53分48秒  all    2.26    0.00    1.13    0.00    0.00    0.00    0.00    0.00   96.61
平均时间:  all    2.26    0.00    1.13    0.00    0.00    0.00    0.00    0.00   96.61

Linux 2.6.32-431.el6.x86_64 (slave2) 	2019年07月27日 	_x86_64_	(8 CPU)

02时53分51秒  CPU    %usr   %nice    %sys %iowait    %irq   %soft  %steal  %guest   %idle
02时53分52秒  all    0.00    0.00    0.00    0.00    0.00    0.00    0.00    0.00  100.00
平均时间:  all    0.00    0.00    0.00    0.00    0.00    0.00    0.00    0.00  100.00

Linux 2.6.32-431.el6.x86_64 (slave2) 	2019年07月27日 	_x86_64_	(8 CPU)

02时53分55秒  CPU    %usr   %nice    %sys %iowait    %irq   %soft  %steal  %guest   %idle
02时53分56秒  all    0.00    0.00    0.00    0.00    0.00    0.00    0.00    0.00  100.00
平均时间:  all    0.00    0.00    0.00    0.00    0.00    0.00    0.00    0.00  100.00

Linux 2.6.32-431.el6.x86_64 (slave2) 	2019年07月27日 	_x86_64_	(8 CPU)

02时53分59秒  CPU    %usr   %nice    %sys %iowait    %irq   %soft  %steal  %guest   %idle
02时54分00秒  all    0.00    0.00    0.00    0.00    0.00    0.00    0.00    0.00  100.00
平均时间:  all    0.00    0.00    0.00    0.00    0.00    0.00    0.00    0.00  100.00

Linux 2.6.32-431.el6.x86_64 (slave2) 	2019年07月27日 	_x86_64_	(8 CPU)

02时54分03秒  CPU    %usr   %nice    %sys %iowait    %irq   %soft  %steal  %guest   %idle
02时54分04秒  all    0.00    0.00    0.00    0.00    0.00    0.00    0.00    0.00  100.00
平均时间:  all    0.00    0.00    0.00    0.00    0.00    0.00    0.00    0.00  100.00

Linux 2.6.32-431.el6.x86_64 (slave2) 	2019年07月27日 	_x86_64_	(8 CPU)

02时54分07秒  CPU    %usr   %nice    %sys %iowait    %irq   %soft  %steal  %guest   %idle
02时54分08秒  all    0.00    0.00    0.13    0.00    0.00    0.00    0.00    0.00   99.87
平均时间:  all    0.00    0.00    0.13    0.00    0.00    0.00    0.00    0.00   99.87

Linux 2.6.32-431.el6.x86_64 (slave2) 	2019年07月27日 	_x86_64_	(8 CPU)

02时54分11秒  CPU    %usr   %nice    %sys %iowait    %irq   %soft  %steal  %guest   %idle
02时54分12秒  all    0.00    0.00    0.00    0.00    0.00    0.00    0.00    0.00  100.00
平均时间:  all    0.00    0.00    0.00    0.00    0.00    0.00    0.00    0.00  100.00

Linux 2.6.32-431.el6.x86_64 (slave2) 	2019年07月27日 	_x86_64_	(8 CPU)

02时54分15秒  CPU    %usr   %nice    %sys %iowait    %irq   %soft  %steal  %guest   %idle
02时54分16秒  all    0.00    0.00    0.00    0.00    0.00    0.00    0.00    0.00  100.00
平均时间:  all    0.00    0.00    0.00    0.00    0.00    0.00    0.00    0.00  100.00

Linux 2.6.32-431.el6.x86_64 (slave2) 	2019年07月27日 	_x86_64_	(8 CPU)

02时54分19秒  CPU    %usr   %nice    %sys %iowait    %irq   %soft  %steal  %guest   %idle
02时54分20秒  all    0.38    0.00    0.13    0.00    0.00    0.00    0.00    0.00   99.50
平均时间:  all    0.38    0.00    0.13    0.00    0.00    0.00    0.00    0.00   99.50

Linux 2.6.32-431.el6.x86_64 (slave2) 	2019年07月27日 	_x86_64_	(8 CPU)

02时54分23秒  CPU    %usr   %nice    %sys %iowait    %irq   %soft  %steal  %guest   %idle
02时54分24秒  all    0.00    0.00    0.00    0.00    0.00    0.00    0.00    0.00  100.00
平均时间:  all    0.00    0.00    0.00    0.00    0.00    0.00    0.00    0.00  100.00

Linux 2.6.32-431.el6.x86_64 (slave2) 	2019年07月27日 	_x86_64_	(8 CPU)

02时54分27秒  CPU    %usr   %nice    %sys %iowait    %irq   %soft  %steal  %guest   %idle
02时54分28秒  all    0.00    0.00    0.00    0.00    0.00    0.00    0.00    0.00  100.00
平均时间:  all    0.00    0.00    0.00    0.00    0.00    0.00    0.00    0.00  100.00

Linux 2.6.32-431.el6.x86_64 (slave2) 	2019年07月27日 	_x86_64_	(8 CPU)

02时54分31秒  CPU    %usr   %nice    %sys %iowait    %irq   %soft  %steal  %guest   %idle
02时54分32秒  all    0.00    0.00    0.00    0.00    0.00    0.00    0.00    0.00  100.00
平均时间:  all    0.00    0.00    0.00    0.00    0.00    0.00    0.00    0.00  100.00

Linux 2.6.32-431.el6.x86_64 (slave2) 	2019年07月27日 	_x86_64_	(8 CPU)

02时54分35秒  CPU    %usr   %nice    %sys %iowait    %irq   %soft  %steal  %guest   %idle
02时54分36秒  all    0.00    0.00    0.00    0.00    0.00    0.00    0.00    0.00  100.00
平均时间:  all    0.00    0.00    0.00    0.00    0.00    0.00    0.00    0.00  100.00

Linux 2.6.32-431.el6.x86_64 (slave2) 	2019年07月27日 	_x86_64_	(8 CPU)

02时54分39秒  CPU    %usr   %nice    %sys %iowait    %irq   %soft  %steal  %guest   %idle
02时54分40秒  all    0.00    0.00    0.00    0.00    0.00    0.00    0.00    0.00  100.00
平均时间:  all    0.00    0.00    0.00    0.00    0.00    0.00    0.00    0.00  100.00

Linux 2.6.32-431.el6.x86_64 (slave2) 	2019年07月27日 	_x86_64_	(8 CPU)

02时54分43秒  CPU    %usr   %nice    %sys %iowait    %irq   %soft  %steal  %guest   %idle
02时54分44秒  all    0.00    0.00    0.00    0.00    0.00    0.00    0.00    0.00  100.00
平均时间:  all    0.00    0.00    0.00    0.00    0.00    0.00    0.00    0.00  100.00

Linux 2.6.32-431.el6.x86_64 (slave2) 	2019年07月27日 	_x86_64_	(8 CPU)

02时54分47秒  CPU    %usr   %nice    %sys %iowait    %irq   %soft  %steal  %guest   %idle
02时54分48秒  all    1.88    0.00    1.26    0.00    0.00    0.00    0.00    0.00   96.86
平均时间:  all    1.88    0.00    1.26    0.00    0.00    0.00    0.00    0.00   96.86

Linux 2.6.32-431.el6.x86_64 (slave2) 	2019年07月27日 	_x86_64_	(8 CPU)

02时54分51秒  CPU    %usr   %nice    %sys %iowait    %irq   %soft  %steal  %guest   %idle
02时54分52秒  all    0.00    0.00    0.00    0.00    0.00    0.00    0.00    0.00  100.00
平均时间:  all    0.00    0.00    0.00    0.00    0.00    0.00    0.00    0.00  100.00

Linux 2.6.32-431.el6.x86_64 (slave2) 	2019年07月27日 	_x86_64_	(8 CPU)

02时54分55秒  CPU    %usr   %nice    %sys %iowait    %irq   %soft  %steal  %guest   %idle
02时54分57秒  all    0.00    0.00    0.13    0.00    0.00    0.00    0.00    0.00   99.87
平均时间:  all    0.00    0.00    0.13    0.00    0.00    0.00    0.00    0.00   99.87

Linux 2.6.32-431.el6.x86_64 (slave2) 	2019年07月27日 	_x86_64_	(8 CPU)

02时55分00秒  CPU    %usr   %nice    %sys %iowait    %irq   %soft  %steal  %guest   %idle
02时55分01秒  all    0.00    0.00    0.13    0.00    0.00    0.00    0.00    0.00   99.87
平均时间:  all    0.00    0.00    0.13    0.00    0.00    0.00    0.00    0.00   99.87

Linux 2.6.32-431.el6.x86_64 (slave2) 	2019年07月27日 	_x86_64_	(8 CPU)

02时55分04秒  CPU    %usr   %nice    %sys %iowait    %irq   %soft  %steal  %guest   %idle
02时55分05秒  all    0.00    0.00    0.00    0.00    0.00    0.00    0.00    0.00  100.00
平均时间:  all    0.00    0.00    0.00    0.00    0.00    0.00    0.00    0.00  100.00

Linux 2.6.32-431.el6.x86_64 (slave2) 	2019年07月27日 	_x86_64_	(8 CPU)

02时55分08秒  CPU    %usr   %nice    %sys %iowait    %irq   %soft  %steal  %guest   %idle
02时55分09秒  all    0.00    0.00    0.00    0.00    0.00    0.00    0.00    0.00  100.00
平均时间:  all    0.00    0.00    0.00    0.00    0.00    0.00    0.00    0.00  100.00

Linux 2.6.32-431.el6.x86_64 (slave2) 	2019年07月27日 	_x86_64_	(8 CPU)

02时55分12秒  CPU    %usr   %nice    %sys %iowait    %irq   %soft  %steal  %guest   %idle
02时55分13秒  all    0.00    0.00    0.00    0.00    0.00    0.00    0.00    0.00  100.00
平均时间:  all    0.00    0.00    0.00    0.00    0.00    0.00    0.00    0.00  100.00

Linux 2.6.32-431.el6.x86_64 (slave2) 	2019年07月27日 	_x86_64_	(8 CPU)

02时55分16秒  CPU    %usr   %nice    %sys %iowait    %irq   %soft  %steal  %guest   %idle
02时55分17秒  all    0.00    0.00    0.13    0.00    0.00    0.00    0.00    0.00   99.87
平均时间:  all    0.00    0.00    0.13    0.00    0.00    0.00    0.00    0.00   99.87

Linux 2.6.32-431.el6.x86_64 (slave2) 	2019年07月27日 	_x86_64_	(8 CPU)

02时55分20秒  CPU    %usr   %nice    %sys %iowait    %irq   %soft  %steal  %guest   %idle
02时55分21秒  all    0.38    0.00    0.13    0.00    0.00    0.00    0.00    0.00   99.50
平均时间:  all    0.38    0.00    0.13    0.00    0.00    0.00    0.00    0.00   99.50

Linux 2.6.32-431.el6.x86_64 (slave2) 	2019年07月27日 	_x86_64_	(8 CPU)

02时55分24秒  CPU    %usr   %nice    %sys %iowait    %irq   %soft  %steal  %guest   %idle
02时55分25秒  all    0.00    0.00    0.00    0.00    0.00    0.00    0.00    0.00  100.00
平均时间:  all    0.00    0.00    0.00    0.00    0.00    0.00    0.00    0.00  100.00

