
2019年 07月 27日 星期六 02:40:30 CST
             total       used       free     shared    buffers     cached
Mem:         15945       9612       6332          0        102       7442
-/+ buffers/cache:       2068      13877
Swap:         8039          0       8039

2019年 07月 27日 星期六 02:40:34 CST
             total       used       free     shared    buffers     cached
Mem:         15945       9612       6332          0        102       7442
-/+ buffers/cache:       2068      13877
Swap:         8039          0       8039

2019年 07月 27日 星期六 02:40:38 CST
             total       used       free     shared    buffers     cached
Mem:         15945       9612       6332          0        102       7442
-/+ buffers/cache:       2068      13877
Swap:         8039          0       8039

2019年 07月 27日 星期六 02:40:42 CST
             total       used       free     shared    buffers     cached
Mem:         15945       9612       6332          0        102       7442
-/+ buffers/cache:       2068      13877
Swap:         8039          0       8039

2019年 07月 27日 星期六 02:40:46 CST
             total       used       free     shared    buffers     cached
Mem:         15945       9614       6330          0        102       7444
-/+ buffers/cache:       2067      13877
Swap:         8039          0       8039

2019年 07月 27日 星期六 02:40:50 CST
             total       used       free     shared    buffers     cached
Mem:         15945       9752       6193          0        102       7580
-/+ buffers/cache:       2068      13876
Swap:         8039          0       8039

2019年 07月 27日 星期六 02:40:54 CST
             total       used       free     shared    buffers     cached
Mem:         15945       9983       5961          0        102       7810
-/+ buffers/cache:       2071      13874
Swap:         8039          0       8039

2019年 07月 27日 星期六 02:40:58 CST
             total       used       free     shared    buffers     cached
Mem:         15945      10737       5207          0        102       8168
-/+ buffers/cache:       2467      13478
Swap:         8039          0       8039

2019年 07月 27日 星期六 02:41:02 CST
             total       used       free     shared    buffers     cached
Mem:         15945      11376       4569          0        102       8417
-/+ buffers/cache:       2856      13088
Swap:         8039          0       8039

2019年 07月 27日 星期六 02:41:06 CST
             total       used       free     shared    buffers     cached
Mem:         15945      11981       3963          0        102       8639
-/+ buffers/cache:       3239      12705
Swap:         8039          0       8039

2019年 07月 27日 星期六 02:41:10 CST
             total       used       free     shared    buffers     cached
Mem:         15945      12441       3503          0        102       8715
-/+ buffers/cache:       3624      12321
Swap:         8039          0       8039

2019年 07月 27日 星期六 02:41:14 CST
             total       used       free     shared    buffers     cached
Mem:         15945      12910       3035          0        102       8715
-/+ buffers/cache:       4092      11853
Swap:         8039          0       8039

2019年 07月 27日 星期六 02:41:18 CST
             total       used       free     shared    buffers     cached
Mem:         15945      13216       2729          0        102       8716
-/+ buffers/cache:       4397      11548
Swap:         8039          0       8039

2019年 07月 27日 星期六 02:41:22 CST
             total       used       free     shared    buffers     cached
Mem:         15945      13921       2023          0        102       8716
-/+ buffers/cache:       5102      10842
Swap:         8039          0       8039

2019年 07月 27日 星期六 02:41:26 CST
             total       used       free     shared    buffers     cached
Mem:         15945      14268       1676          0        102       8718
-/+ buffers/cache:       5448      10497
Swap:         8039          0       8039

2019年 07月 27日 星期六 02:41:30 CST
             total       used       free     shared    buffers     cached
Mem:         15945      14388       1557          0        102       8718
-/+ buffers/cache:       5567      10377
Swap:         8039          0       8039

2019年 07月 27日 星期六 02:41:34 CST
             total       used       free     shared    buffers     cached
Mem:         15945      14416       1529          0        102       8718
-/+ buffers/cache:       5595      10350
Swap:         8039          0       8039

2019年 07月 27日 星期六 02:41:38 CST
             total       used       free     shared    buffers     cached
Mem:         15945      14434       1511          0        102       8719
-/+ buffers/cache:       5612      10333
Swap:         8039          0       8039

2019年 07月 27日 星期六 02:41:43 CST
             total       used       free     shared    buffers     cached
Mem:         15945      14617       1327          0        102       8721
-/+ buffers/cache:       5793      10152
Swap:         8039          0       8039

2019年 07月 27日 星期六 02:41:47 CST
             total       used       free     shared    buffers     cached
Mem:         15945      14776       1169          0        102       8725
-/+ buffers/cache:       5947       9997
Swap:         8039          0       8039

2019年 07月 27日 星期六 02:41:51 CST
             total       used       free     shared    buffers     cached
Mem:         15945      13772       2173          0        102       8744
-/+ buffers/cache:       4925      11020
Swap:         8039          0       8039

2019年 07月 27日 星期六 02:41:55 CST
             total       used       free     shared    buffers     cached
Mem:         15945      14354       1591          0        102       8745
-/+ buffers/cache:       5506      10439
Swap:         8039          0       8039

2019年 07月 27日 星期六 02:41:59 CST
             total       used       free     shared    buffers     cached
Mem:         15945      14659       1285          0        102       8708
-/+ buffers/cache:       5849      10096
Swap:         8039          0       8039

2019年 07月 27日 星期六 02:42:03 CST
             total       used       free     shared    buffers     cached
Mem:         15945      14430       1515          0        102       8529
-/+ buffers/cache:       5797      10148
Swap:         8039          0       8039

2019年 07月 27日 星期六 02:42:07 CST
             total       used       free     shared    buffers     cached
Mem:         15945      12543       3402          0        102       8676
-/+ buffers/cache:       3764      12181
Swap:         8039          0       8039

2019年 07月 27日 星期六 02:42:11 CST
             total       used       free     shared    buffers     cached
Mem:         15945      12320       3625          0        103       9042
-/+ buffers/cache:       3174      12770
Swap:         8039          0       8039

2019年 07月 27日 星期六 02:42:15 CST
             total       used       free     shared    buffers     cached
Mem:         15945      12619       3326          0        103       8985
-/+ buffers/cache:       3531      12414
Swap:         8039          0       8039

2019年 07月 27日 星期六 02:42:19 CST
             total       used       free     shared    buffers     cached
Mem:         15945      13178       2767          0        103       9170
-/+ buffers/cache:       3904      12041
Swap:         8039          0       8039

2019年 07月 27日 星期六 02:42:23 CST
             total       used       free     shared    buffers     cached
Mem:         15945      13828       2116          0        103       9172
-/+ buffers/cache:       4553      11392
Swap:         8039          0       8039

2019年 07月 27日 星期六 02:42:27 CST
             total       used       free     shared    buffers     cached
Mem:         15945      13586       2358          0        103       9171
-/+ buffers/cache:       4311      11633
Swap:         8039          0       8039

2019年 07月 27日 星期六 02:42:31 CST
             total       used       free     shared    buffers     cached
Mem:         15945      14214       1731          0        103       9152
-/+ buffers/cache:       4958      10987
Swap:         8039          0       8039

2019年 07月 27日 星期六 02:42:35 CST
             total       used       free     shared    buffers     cached
Mem:         15945      15042        903          0        103       9156
-/+ buffers/cache:       5782      10163
Swap:         8039          0       8039

2019年 07月 27日 星期六 02:42:39 CST
             total       used       free     shared    buffers     cached
Mem:         15945      14339       1606          0        103       9155
-/+ buffers/cache:       5080      10865
Swap:         8039          0       8039

2019年 07月 27日 星期六 02:42:43 CST
             total       used       free     shared    buffers     cached
Mem:         15945      13837       2108          0        103       9156
-/+ buffers/cache:       4577      11367
Swap:         8039          0       8039

2019年 07月 27日 星期六 02:42:47 CST
             total       used       free     shared    buffers     cached
Mem:         15945      12982       2963          0        103       8932
-/+ buffers/cache:       3946      11998
Swap:         8039          0       8039

2019年 07月 27日 星期六 02:42:51 CST
             total       used       free     shared    buffers     cached
Mem:         15945      12279       3666          0        103       8810
-/+ buffers/cache:       3364      12580
Swap:         8039          0       8039

2019年 07月 27日 星期六 02:42:55 CST
             total       used       free     shared    buffers     cached
Mem:         15945      12894       3051          0        103       9059
-/+ buffers/cache:       3731      12214
Swap:         8039          0       8039

2019年 07月 27日 星期六 02:42:59 CST
             total       used       free     shared    buffers     cached
Mem:         15945      13581       2364          0        103       9368
-/+ buffers/cache:       4109      11836
Swap:         8039          0       8039

2019年 07月 27日 星期六 02:43:03 CST
             total       used       free     shared    buffers     cached
Mem:         15945      13079       2866          0        103       9585
-/+ buffers/cache:       3390      12555
Swap:         8039          0       8039

2019年 07月 27日 星期六 02:43:07 CST
             total       used       free     shared    buffers     cached
Mem:         15945      13671       2273          0        103       9676
-/+ buffers/cache:       3891      12053
Swap:         8039          0       8039

2019年 07月 27日 星期六 02:43:11 CST
             total       used       free     shared    buffers     cached
Mem:         15945      14153       1791          0        103       9790
-/+ buffers/cache:       4259      11686
Swap:         8039          0       8039

2019年 07月 27日 星期六 02:43:15 CST
             total       used       free     shared    buffers     cached
Mem:         15945      14559       1385          0        103       9791
-/+ buffers/cache:       4664      11280
Swap:         8039          0       8039

2019年 07月 27日 星期六 02:43:19 CST
             total       used       free     shared    buffers     cached
Mem:         15945      14825       1119          0        103       9791
-/+ buffers/cache:       4930      11015
Swap:         8039          0       8039

2019年 07月 27日 星期六 02:43:23 CST
             total       used       free     shared    buffers     cached
Mem:         15945      15370        575          0        103       9792
-/+ buffers/cache:       5473      10471
Swap:         8039          0       8039

2019年 07月 27日 星期六 02:43:27 CST
             total       used       free     shared    buffers     cached
Mem:         15945      14972        972          0        103       9792
-/+ buffers/cache:       5076      10868
Swap:         8039          0       8039

2019年 07月 27日 星期六 02:43:31 CST
             total       used       free     shared    buffers     cached
Mem:         15945      15357        588          0        103       9776
-/+ buffers/cache:       5477      10468
Swap:         8039          0       8039

2019年 07月 27日 星期六 02:43:35 CST
             total       used       free     shared    buffers     cached
Mem:         15945      14146       1798          0        103       9774
-/+ buffers/cache:       4268      11676
Swap:         8039          0       8039

2019年 07月 27日 星期六 02:43:39 CST
             total       used       free     shared    buffers     cached
Mem:         15945      14758       1187          0        103       9774
-/+ buffers/cache:       4880      11065
Swap:         8039          0       8039

2019年 07月 27日 星期六 02:43:43 CST
             total       used       free     shared    buffers     cached
Mem:         15945      15331        613          0        103       9755
-/+ buffers/cache:       5472      10472
Swap:         8039          0       8039

2019年 07月 27日 星期六 02:43:47 CST
             total       used       free     shared    buffers     cached
Mem:         15945      15781        163          0        103       9618
-/+ buffers/cache:       6059       9886
Swap:         8039          0       8039

2019年 07月 27日 星期六 02:43:51 CST
             total       used       free     shared    buffers     cached
Mem:         15945      15782        162          0        103       9235
-/+ buffers/cache:       6443       9501
Swap:         8039          0       8039

2019年 07月 27日 星期六 02:43:56 CST
             total       used       free     shared    buffers     cached
Mem:         15945      15773        171          0        103       8967
-/+ buffers/cache:       6702       9243
Swap:         8039          0       8039

2019年 07月 27日 星期六 02:44:00 CST
             total       used       free     shared    buffers     cached
Mem:         15945      15780        165          0        103       8738
-/+ buffers/cache:       6938       9006
Swap:         8039          0       8039

2019年 07月 27日 星期六 02:44:04 CST
             total       used       free     shared    buffers     cached
Mem:         15945      15783        162          0        103       8726
-/+ buffers/cache:       6952       8992
Swap:         8039          0       8039

2019年 07月 27日 星期六 02:44:08 CST
             total       used       free     shared    buffers     cached
Mem:         15945      13868       2077          0        103       8715
-/+ buffers/cache:       5048      10896
Swap:         8039          0       8039

2019年 07月 27日 星期六 02:44:12 CST
             total       used       free     shared    buffers     cached
Mem:         15945      13263       2682          0        103       8919
-/+ buffers/cache:       4239      11705
Swap:         8039          0       8039

2019年 07月 27日 星期六 02:44:16 CST
             total       used       free     shared    buffers     cached
Mem:         15945      13015       2929          0        103       9103
-/+ buffers/cache:       3808      12137
Swap:         8039          0       8039

2019年 07月 27日 星期六 02:44:20 CST
             total       used       free     shared    buffers     cached
Mem:         15945      13850       2095          0        103       9106
-/+ buffers/cache:       4639      11305
Swap:         8039          0       8039

2019年 07月 27日 星期六 02:44:24 CST
             total       used       free     shared    buffers     cached
Mem:         15945      13360       2584          0        104       9105
-/+ buffers/cache:       4151      11794
Swap:         8039          0       8039

2019年 07月 27日 星期六 02:44:28 CST
             total       used       free     shared    buffers     cached
Mem:         15945      13569       2376          0        104       8889
-/+ buffers/cache:       4575      11369
Swap:         8039          0       8039

2019年 07月 27日 星期六 02:44:32 CST
             total       used       free     shared    buffers     cached
Mem:         15945      14112       1833          0        104       9049
-/+ buffers/cache:       4958      10987
Swap:         8039          0       8039

2019年 07月 27日 星期六 02:44:36 CST
             total       used       free     shared    buffers     cached
Mem:         15945      14321       1623          0        104       9050
-/+ buffers/cache:       5167      10778
Swap:         8039          0       8039

2019年 07月 27日 星期六 02:44:40 CST
             total       used       free     shared    buffers     cached
Mem:         15945      15015        929          0        104       9051
-/+ buffers/cache:       5860      10084
Swap:         8039          0       8039

2019年 07月 27日 星期六 02:44:44 CST
             total       used       free     shared    buffers     cached
Mem:         15945      14282       1662          0        104       9084
-/+ buffers/cache:       5094      10851
Swap:         8039          0       8039

2019年 07月 27日 星期六 02:44:48 CST
             total       used       free     shared    buffers     cached
Mem:         15945      14310       1634          0        104       9263
-/+ buffers/cache:       4943      11002
Swap:         8039          0       8039

2019年 07月 27日 星期六 02:44:52 CST
             total       used       free     shared    buffers     cached
Mem:         15945      14889       1055          0        104       9333
-/+ buffers/cache:       5451      10493
Swap:         8039          0       8039

2019年 07月 27日 星期六 02:44:56 CST
             total       used       free     shared    buffers     cached
Mem:         15945      15500        444          0        104       9477
-/+ buffers/cache:       5918      10026
Swap:         8039          0       8039

2019年 07月 27日 星期六 02:45:00 CST
             total       used       free     shared    buffers     cached
Mem:         15945      15795        149          0        104       9407
-/+ buffers/cache:       6283       9661
Swap:         8039          0       8039

2019年 07月 27日 星期六 02:45:04 CST
             total       used       free     shared    buffers     cached
Mem:         15945      15754        190          0        104       9547
-/+ buffers/cache:       6103       9842
Swap:         8039          0       8039

2019年 07月 27日 星期六 02:45:08 CST
             total       used       free     shared    buffers     cached
Mem:         15945      15678        266          0        104       9251
-/+ buffers/cache:       6322       9623
Swap:         8039          0       8039

2019年 07月 27日 星期六 02:45:12 CST
             total       used       free     shared    buffers     cached
Mem:         15945      15774        171          0        104       9157
-/+ buffers/cache:       6512       9432
Swap:         8039          0       8039

2019年 07月 27日 星期六 02:45:16 CST
             total       used       free     shared    buffers     cached
Mem:         15945      15764        181          0        104       9019
-/+ buffers/cache:       6641       9304
Swap:         8039          0       8039

2019年 07月 27日 星期六 02:45:20 CST
             total       used       free     shared    buffers     cached
Mem:         15945      15767        177          0        103       8846
-/+ buffers/cache:       6817       9128
Swap:         8039          0       8039

2019年 07月 27日 星期六 02:45:24 CST
             total       used       free     shared    buffers     cached
Mem:         15945      15768        176          0        103       8640
-/+ buffers/cache:       7024       8921
Swap:         8039          0       8039

2019年 07月 27日 星期六 02:45:28 CST
             total       used       free     shared    buffers     cached
Mem:         15945      15772        173          0        103       8428
-/+ buffers/cache:       7239       8705
Swap:         8039          0       8039

2019年 07月 27日 星期六 02:45:32 CST
             total       used       free     shared    buffers     cached
Mem:         15945      15765        179          0        103       8276
-/+ buffers/cache:       7385       8560
Swap:         8039          0       8039

2019年 07月 27日 星期六 02:45:36 CST
             total       used       free     shared    buffers     cached
Mem:         15945      15767        177          0        103       8186
-/+ buffers/cache:       7477       8467
Swap:         8039          0       8039

2019年 07月 27日 星期六 02:45:40 CST
             total       used       free     shared    buffers     cached
Mem:         15945      15772        172          0        103       8113
-/+ buffers/cache:       7555       8390
Swap:         8039          0       8039

2019年 07月 27日 星期六 02:45:44 CST
             total       used       free     shared    buffers     cached
Mem:         15945      13880       2064          0        104       8183
-/+ buffers/cache:       5593      10352
Swap:         8039          0       8039

2019年 07月 27日 星期六 02:45:49 CST
             total       used       free     shared    buffers     cached
Mem:         15945      14080       1865          0        104       8049
-/+ buffers/cache:       5926      10018
Swap:         8039          0       8039

2019年 07月 27日 星期六 02:45:53 CST
             total       used       free     shared    buffers     cached
Mem:         15945      14538       1406          0        104       8122
-/+ buffers/cache:       6312       9633
Swap:         8039          0       8039

2019年 07月 27日 星期六 02:45:57 CST
             total       used       free     shared    buffers     cached
Mem:         15945      12972       2973          0        104       8227
-/+ buffers/cache:       4640      11305
Swap:         8039          0       8039

2019年 07月 27日 星期六 02:46:01 CST
             total       used       free     shared    buffers     cached
Mem:         15945      12620       3324          0        104       8076
-/+ buffers/cache:       4440      11505
Swap:         8039          0       8039

2019年 07月 27日 星期六 02:46:05 CST
             total       used       free     shared    buffers     cached
Mem:         15945      13096       2848          0        104       7934
-/+ buffers/cache:       5057      10887
Swap:         8039          0       8039

2019年 07月 27日 星期六 02:46:09 CST
             total       used       free     shared    buffers     cached
Mem:         15945      13742       2203          0        104       7998
-/+ buffers/cache:       5639      10306
Swap:         8039          0       8039

2019年 07月 27日 星期六 02:46:13 CST
             total       used       free     shared    buffers     cached
Mem:         15945      14212       1732          0        104       8039
-/+ buffers/cache:       6069       9876
Swap:         8039          0       8039

2019年 07月 27日 星期六 02:46:17 CST
             total       used       free     shared    buffers     cached
Mem:         15945      14620       1325          0        104       8105
-/+ buffers/cache:       6410       9535
Swap:         8039          0       8039

2019年 07月 27日 星期六 02:46:21 CST
             total       used       free     shared    buffers     cached
Mem:         15945      14843       1102          0        104       8160
-/+ buffers/cache:       6578       9367
Swap:         8039          0       8039

2019年 07月 27日 星期六 02:46:25 CST
             total       used       free     shared    buffers     cached
Mem:         15945      14966        978          0        104       8211
-/+ buffers/cache:       6651       9294
Swap:         8039          0       8039

2019年 07月 27日 星期六 02:46:29 CST
             total       used       free     shared    buffers     cached
Mem:         15945      13843       2102          0        104       8279
-/+ buffers/cache:       5459      10486
Swap:         8039          0       8039

2019年 07月 27日 星期六 02:46:33 CST
             total       used       free     shared    buffers     cached
Mem:         15945      13977       1968          0        104       8273
-/+ buffers/cache:       5599      10345
Swap:         8039          0       8039

2019年 07月 27日 星期六 02:46:37 CST
             total       used       free     shared    buffers     cached
Mem:         15945      14104       1841          0        104       8478
-/+ buffers/cache:       5521      10423
Swap:         8039          0       8039

2019年 07月 27日 星期六 02:46:41 CST
             total       used       free     shared    buffers     cached
Mem:         15945      14727       1217          0        104       8460
-/+ buffers/cache:       6162       9783
Swap:         8039          0       8039

2019年 07月 27日 星期六 02:46:45 CST
             total       used       free     shared    buffers     cached
Mem:         15945      15156        789          0        104       8442
-/+ buffers/cache:       6608       9336
Swap:         8039          0       8039

2019年 07月 27日 星期六 02:46:49 CST
             total       used       free     shared    buffers     cached
Mem:         15945      14556       1389          0        104       8577
-/+ buffers/cache:       5874      10071
Swap:         8039          0       8039

2019年 07月 27日 星期六 02:46:53 CST
             total       used       free     shared    buffers     cached
Mem:         15945      14842       1103          0        104       8511
-/+ buffers/cache:       6225       9719
Swap:         8039          0       8039

2019年 07月 27日 星期六 02:46:57 CST
             total       used       free     shared    buffers     cached
Mem:         15945      15197        747          0        104       8680
-/+ buffers/cache:       6413       9532
Swap:         8039          0       8039

2019年 07月 27日 星期六 02:47:01 CST
             total       used       free     shared    buffers     cached
Mem:         15945      15551        393          0        104       8875
-/+ buffers/cache:       6571       9373
Swap:         8039          0       8039

2019年 07月 27日 星期六 02:47:05 CST
             total       used       free     shared    buffers     cached
Mem:         15945      15146        799          0        104       8997
-/+ buffers/cache:       6043       9901
Swap:         8039          0       8039

2019年 07月 27日 星期六 02:47:09 CST
             total       used       free     shared    buffers     cached
Mem:         15945      15108        836          0        104       9437
-/+ buffers/cache:       5566      10379
Swap:         8039          0       8039

2019年 07月 27日 星期六 02:47:13 CST
             total       used       free     shared    buffers     cached
Mem:         15945      15615        330          0        104       9654
-/+ buffers/cache:       5855      10089
Swap:         8039          0       8039

2019年 07月 27日 星期六 02:47:18 CST
             total       used       free     shared    buffers     cached
Mem:         15945      14778       1166          0        104       9783
-/+ buffers/cache:       4891      11054
Swap:         8039          0       8039

2019年 07月 27日 星期六 02:47:22 CST
             total       used       free     shared    buffers     cached
Mem:         15945      14032       1913          0        104       9884
-/+ buffers/cache:       4043      11902
Swap:         8039          0       8039

2019年 07月 27日 星期六 02:47:26 CST
             total       used       free     shared    buffers     cached
Mem:         15945      14487       1458          0        104       9867
-/+ buffers/cache:       4514      11430
Swap:         8039          0       8039

2019年 07月 27日 星期六 02:47:30 CST
             total       used       free     shared    buffers     cached
Mem:         15945      14612       1332          0        104       9874
-/+ buffers/cache:       4633      11311
Swap:         8039          0       8039

2019年 07月 27日 星期六 02:47:34 CST
             total       used       free     shared    buffers     cached
Mem:         15945      14875       1070          0        104       9893
-/+ buffers/cache:       4876      11068
Swap:         8039          0       8039

2019年 07月 27日 星期六 02:47:38 CST
             total       used       free     shared    buffers     cached
Mem:         15945      14386       1558          0        104       9941
-/+ buffers/cache:       4340      11605
Swap:         8039          0       8039

2019年 07月 27日 星期六 02:47:42 CST
             total       used       free     shared    buffers     cached
Mem:         15945      15139        805          0        105      10145
-/+ buffers/cache:       4889      11056
Swap:         8039          0       8039

2019年 07月 27日 星期六 02:47:46 CST
             total       used       free     shared    buffers     cached
Mem:         15945      15783        162          0        105      10194
-/+ buffers/cache:       5483      10461
Swap:         8039          0       8039

2019年 07月 27日 星期六 02:47:50 CST
             total       used       free     shared    buffers     cached
Mem:         15945      15770        175          0        105       9715
-/+ buffers/cache:       5949       9995
Swap:         8039          0       8039

2019年 07月 27日 星期六 02:47:54 CST
             total       used       free     shared    buffers     cached
Mem:         15945      15087        857          0        105       9671
-/+ buffers/cache:       5311      10634
Swap:         8039          0       8039

2019年 07月 27日 星期六 02:47:58 CST
             total       used       free     shared    buffers     cached
Mem:         15945      15449        495          0        105       9607
-/+ buffers/cache:       5737      10208
Swap:         8039          0       8039

2019年 07月 27日 星期六 02:48:02 CST
             total       used       free     shared    buffers     cached
Mem:         15945      15707        238          0        104       9248
-/+ buffers/cache:       6354       9591
Swap:         8039          0       8039

2019年 07月 27日 星期六 02:48:06 CST
             total       used       free     shared    buffers     cached
Mem:         15945      15697        247          0        104       9386
-/+ buffers/cache:       6206       9739
Swap:         8039          0       8039

2019年 07月 27日 星期六 02:48:10 CST
             total       used       free     shared    buffers     cached
Mem:         15945      15768        177          0        104       9140
-/+ buffers/cache:       6523       9422
Swap:         8039          0       8039

2019年 07月 27日 星期六 02:48:14 CST
             total       used       free     shared    buffers     cached
Mem:         15945      15792        153          0        104       8964
-/+ buffers/cache:       6722       9222
Swap:         8039          0       8039

2019年 07月 27日 星期六 02:48:18 CST
             total       used       free     shared    buffers     cached
Mem:         15945      15388        557          0        104       8777
-/+ buffers/cache:       6505       9439
Swap:         8039          0       8039

2019年 07月 27日 星期六 02:48:22 CST
             total       used       free     shared    buffers     cached
Mem:         15945      15616        329          0        104       8807
-/+ buffers/cache:       6704       9240
Swap:         8039          0       8039

2019年 07月 27日 星期六 02:48:26 CST
             total       used       free     shared    buffers     cached
Mem:         15945      14374       1571          0        104       8828
-/+ buffers/cache:       5441      10504
Swap:         8039          0       8039

2019年 07月 27日 星期六 02:48:30 CST
             total       used       free     shared    buffers     cached
Mem:         15945      14592       1353          0        104       8678
-/+ buffers/cache:       5809      10136
Swap:         8039          0       8039

2019年 07月 27日 星期六 02:48:34 CST
             total       used       free     shared    buffers     cached
Mem:         15945      13167       2778          0        105       8704
-/+ buffers/cache:       4358      11587
Swap:         8039          0       8039

2019年 07月 27日 星期六 02:48:38 CST
             total       used       free     shared    buffers     cached
Mem:         15945      13587       2358          0        105       8699
-/+ buffers/cache:       4783      11162
Swap:         8039          0       8039

2019年 07月 27日 星期六 02:48:42 CST
             total       used       free     shared    buffers     cached
Mem:         15945      14012       1933          0        105       8724
-/+ buffers/cache:       5182      10762
Swap:         8039          0       8039

2019年 07月 27日 星期六 02:48:46 CST
             total       used       free     shared    buffers     cached
Mem:         15945      13641       2304          0        105       8583
-/+ buffers/cache:       4953      10992
Swap:         8039          0       8039

2019年 07月 27日 星期六 02:48:50 CST
             total       used       free     shared    buffers     cached
Mem:         15945      13788       2157          0        105       8613
-/+ buffers/cache:       5069      10876
Swap:         8039          0       8039

2019年 07月 27日 星期六 02:48:54 CST
             total       used       free     shared    buffers     cached
Mem:         15945      13864       2081          0        105       8936
-/+ buffers/cache:       4822      11122
Swap:         8039          0       8039

2019年 07月 27日 星期六 02:48:58 CST
             total       used       free     shared    buffers     cached
Mem:         15945      14035       1910          0        105       9160
-/+ buffers/cache:       4769      11175
Swap:         8039          0       8039

2019年 07月 27日 星期六 02:49:02 CST
             total       used       free     shared    buffers     cached
Mem:         15945      14690       1255          0        105       9573
-/+ buffers/cache:       5011      10933
Swap:         8039          0       8039

2019年 07月 27日 星期六 02:49:06 CST
             total       used       free     shared    buffers     cached
Mem:         15945      15545        400          0        105       9860
-/+ buffers/cache:       5579      10365
Swap:         8039          0       8039

2019年 07月 27日 星期六 02:49:10 CST
             total       used       free     shared    buffers     cached
Mem:         15945      15799        146          0        105       9573
-/+ buffers/cache:       6121       9824
Swap:         8039          0       8039

2019年 07月 27日 星期六 02:49:15 CST
             total       used       free     shared    buffers     cached
Mem:         15945      15702        242          0        105       9030
-/+ buffers/cache:       6566       9378
Swap:         8039          0       8039

2019年 07月 27日 星期六 02:49:19 CST
             total       used       free     shared    buffers     cached
Mem:         15945      15765        179          0        105       8901
-/+ buffers/cache:       6759       9186
Swap:         8039          0       8039

2019年 07月 27日 星期六 02:49:23 CST
             total       used       free     shared    buffers     cached
Mem:         15945      15792        152          0        105       8753
-/+ buffers/cache:       6933       9011
Swap:         8039          0       8039

2019年 07月 27日 星期六 02:49:27 CST
             total       used       free     shared    buffers     cached
Mem:         15945      15781        163          0        105       8667
-/+ buffers/cache:       7009       8936
Swap:         8039          0       8039

2019年 07月 27日 星期六 02:49:31 CST
             total       used       free     shared    buffers     cached
Mem:         15945      15504        440          0        105       8584
-/+ buffers/cache:       6814       9130
Swap:         8039          0       8039

2019年 07月 27日 星期六 02:49:35 CST
             total       used       free     shared    buffers     cached
Mem:         15945      12910       3034          0        105       8989
-/+ buffers/cache:       3815      12129
Swap:         8039          0       8039

2019年 07月 27日 星期六 02:49:39 CST
             total       used       free     shared    buffers     cached
Mem:         15945      12687       3258          0        105       9167
-/+ buffers/cache:       3414      12530
Swap:         8039          0       8039

2019年 07月 27日 星期六 02:49:43 CST
             total       used       free     shared    buffers     cached
Mem:         15945      13526       2418          0        105       9168
-/+ buffers/cache:       4253      11692
Swap:         8039          0       8039

2019年 07月 27日 星期六 02:49:47 CST
             total       used       free     shared    buffers     cached
Mem:         15945      14078       1866          0        105       8934
-/+ buffers/cache:       5038      10906
Swap:         8039          0       8039

2019年 07月 27日 星期六 02:49:51 CST
             total       used       free     shared    buffers     cached
Mem:         15945      14556       1389          0        105       8937
-/+ buffers/cache:       5513      10431
Swap:         8039          0       8039

2019年 07月 27日 星期六 02:49:55 CST
             total       used       free     shared    buffers     cached
Mem:         15945      14067       1877          0        105       8951
-/+ buffers/cache:       5010      10935
Swap:         8039          0       8039

2019年 07月 27日 星期六 02:49:59 CST
             total       used       free     shared    buffers     cached
Mem:         15945      14314       1631          0        105       8803
-/+ buffers/cache:       5405      10540
Swap:         8039          0       8039

2019年 07月 27日 星期六 02:50:03 CST
             total       used       free     shared    buffers     cached
Mem:         15945      14870       1074          0        105       8862
-/+ buffers/cache:       5902      10043
Swap:         8039          0       8039

2019年 07月 27日 星期六 02:50:07 CST
             total       used       free     shared    buffers     cached
Mem:         15945      14918       1027          0        105       8891
-/+ buffers/cache:       5920      10024
Swap:         8039          0       8039

2019年 07月 27日 星期六 02:50:11 CST
             total       used       free     shared    buffers     cached
Mem:         15945      15004        940          0        105       8954
-/+ buffers/cache:       5945      10000
Swap:         8039          0       8039

2019年 07月 27日 星期六 02:50:15 CST
             total       used       free     shared    buffers     cached
Mem:         15945      15049        896          0        105       8973
-/+ buffers/cache:       5970       9974
Swap:         8039          0       8039

2019年 07月 27日 星期六 02:50:19 CST
             total       used       free     shared    buffers     cached
Mem:         15945      15091        854          0        105       8987
-/+ buffers/cache:       5998       9946
Swap:         8039          0       8039

2019年 07月 27日 星期六 02:50:23 CST
             total       used       free     shared    buffers     cached
Mem:         15945      15397        547          0        105       8994
-/+ buffers/cache:       6298       9647
Swap:         8039          0       8039

2019年 07月 27日 星期六 02:50:27 CST
             total       used       free     shared    buffers     cached
Mem:         15945      15787        158          0        105       9023
-/+ buffers/cache:       6658       9287
Swap:         8039          0       8039

2019年 07月 27日 星期六 02:50:31 CST
             total       used       free     shared    buffers     cached
Mem:         15945      12714       3230          0        105       8948
-/+ buffers/cache:       3660      12285
Swap:         8039          0       8039

2019年 07月 27日 星期六 02:50:35 CST
             total       used       free     shared    buffers     cached
Mem:         15945      13302       2642          0        105       8992
-/+ buffers/cache:       4204      11740
Swap:         8039          0       8039

2019年 07月 27日 星期六 02:50:39 CST
             total       used       free     shared    buffers     cached
Mem:         15945      13873       2071          0        105       8623
-/+ buffers/cache:       5144      10800
Swap:         8039          0       8039

2019年 07月 27日 星期六 02:50:43 CST
             total       used       free     shared    buffers     cached
Mem:         15945      14770       1175          0        105       8629
-/+ buffers/cache:       6034       9910
Swap:         8039          0       8039

2019年 07月 27日 星期六 02:50:47 CST
             total       used       free     shared    buffers     cached
Mem:         15945      15282        663          0        105       8630
-/+ buffers/cache:       6546       9399
Swap:         8039          0       8039

2019年 07月 27日 星期六 02:50:52 CST
             total       used       free     shared    buffers     cached
Mem:         15945      15755        190          0        105       8643
-/+ buffers/cache:       7005       8939
Swap:         8039          0       8039

2019年 07月 27日 星期六 02:50:56 CST
             total       used       free     shared    buffers     cached
Mem:         15945      15767        177          0        105       8530
-/+ buffers/cache:       7131       8813
Swap:         8039          0       8039

2019年 07月 27日 星期六 02:51:00 CST
             total       used       free     shared    buffers     cached
Mem:         15945      15739        205          0        105       8323
-/+ buffers/cache:       7310       8634
Swap:         8039          0       8039

2019年 07月 27日 星期六 02:51:04 CST
             total       used       free     shared    buffers     cached
Mem:         15945      15633        312          0        105       8195
-/+ buffers/cache:       7331       8613
Swap:         8039          0       8039

2019年 07月 27日 星期六 02:51:08 CST
             total       used       free     shared    buffers     cached
Mem:         15945      15727        217          0        105       8239
-/+ buffers/cache:       7382       8562
Swap:         8039          0       8039

2019年 07月 27日 星期六 02:51:12 CST
             total       used       free     shared    buffers     cached
Mem:         15945      14460       1485          0        105       8253
-/+ buffers/cache:       6100       9844
Swap:         8039          0       8039

2019年 07月 27日 星期六 02:51:16 CST
             total       used       free     shared    buffers     cached
Mem:         15945      13701       2244          0        105       8294
-/+ buffers/cache:       5301      10644
Swap:         8039          0       8039

2019年 07月 27日 星期六 02:51:20 CST
             total       used       free     shared    buffers     cached
Mem:         15945      13876       2069          0        105       8284
-/+ buffers/cache:       5486      10459
Swap:         8039          0       8039

2019年 07月 27日 星期六 02:51:24 CST
             total       used       free     shared    buffers     cached
Mem:         15945      14272       1672          0        105       8310
-/+ buffers/cache:       5856      10089
Swap:         8039          0       8039

2019年 07月 27日 星期六 02:51:28 CST
             total       used       free     shared    buffers     cached
Mem:         15945      14123       1821          0        105       8302
-/+ buffers/cache:       5715      10229
Swap:         8039          0       8039

2019年 07月 27日 星期六 02:51:32 CST
             total       used       free     shared    buffers     cached
Mem:         15945      14691       1254          0        105       8512
-/+ buffers/cache:       6073       9872
Swap:         8039          0       8039

2019年 07月 27日 星期六 02:51:36 CST
             total       used       free     shared    buffers     cached
Mem:         15945      13882       2063          0        105       8471
-/+ buffers/cache:       5305      10640
Swap:         8039          0       8039

2019年 07月 27日 星期六 02:51:40 CST
             total       used       free     shared    buffers     cached
Mem:         15945      13523       2422          0        105       8471
-/+ buffers/cache:       4945      11000
Swap:         8039          0       8039

2019年 07月 27日 星期六 02:51:44 CST
             total       used       free     shared    buffers     cached
Mem:         15945      13793       2152          0        105       8456
-/+ buffers/cache:       5230      10714
Swap:         8039          0       8039

2019年 07月 27日 星期六 02:51:48 CST
             total       used       free     shared    buffers     cached
Mem:         15945      14041       1904          0        105       8456
-/+ buffers/cache:       5478      10466
Swap:         8039          0       8039

2019年 07月 27日 星期六 02:51:52 CST
             total       used       free     shared    buffers     cached
Mem:         15945      14154       1791          0        105       8419
-/+ buffers/cache:       5628      10317
Swap:         8039          0       8039

2019年 07月 27日 星期六 02:51:56 CST
             total       used       free     shared    buffers     cached
Mem:         15945      13377       2568          0        105       8422
-/+ buffers/cache:       4848      11096
Swap:         8039          0       8039

2019年 07月 27日 星期六 02:52:00 CST
             total       used       free     shared    buffers     cached
Mem:         15945      13784       2161          0        105       8423
-/+ buffers/cache:       5254      10690
Swap:         8039          0       8039

2019年 07月 27日 星期六 02:52:04 CST
             total       used       free     shared    buffers     cached
Mem:         15945      14123       1821          0        105       8072
-/+ buffers/cache:       5945      10000
Swap:         8039          0       8039

2019年 07月 27日 星期六 02:52:08 CST
             total       used       free     shared    buffers     cached
Mem:         15945      14107       1838          0        105       8240
-/+ buffers/cache:       5760      10185
Swap:         8039          0       8039

2019年 07月 27日 星期六 02:52:12 CST
             total       used       free     shared    buffers     cached
Mem:         15945      14914       1030          0        105       8282
-/+ buffers/cache:       6526       9419
Swap:         8039          0       8039

2019年 07月 27日 星期六 02:52:16 CST
             total       used       free     shared    buffers     cached
Mem:         15945      11133       4812          0        105       8250
-/+ buffers/cache:       2777      13168
Swap:         8039          0       8039

2019年 07月 27日 星期六 02:52:20 CST
             total       used       free     shared    buffers     cached
Mem:         15945      11648       4296          0        105       8805
-/+ buffers/cache:       2737      13208
Swap:         8039          0       8039

2019年 07月 27日 星期六 02:52:24 CST
             total       used       free     shared    buffers     cached
Mem:         15945      11852       4093          0        106       8251
-/+ buffers/cache:       3494      12450
Swap:         8039          0       8039

2019年 07月 27日 星期六 02:52:28 CST
             total       used       free     shared    buffers     cached
Mem:         15945      12277       3668          0        106       8250
-/+ buffers/cache:       3920      12024
Swap:         8039          0       8039

2019年 07月 27日 星期六 02:52:32 CST
             total       used       free     shared    buffers     cached
Mem:         15945      12594       3351          0        106       8072
-/+ buffers/cache:       4415      11529
Swap:         8039          0       8039

2019年 07月 27日 星期六 02:52:36 CST
             total       used       free     shared    buffers     cached
Mem:         15945      13637       2308          0        106       8128
-/+ buffers/cache:       5402      10543
Swap:         8039          0       8039

2019年 07月 27日 星期六 02:52:40 CST
             total       used       free     shared    buffers     cached
Mem:         15945      12888       3057          0        106       8259
-/+ buffers/cache:       4523      11422
Swap:         8039          0       8039

2019年 07月 27日 星期六 02:52:44 CST
             total       used       free     shared    buffers     cached
Mem:         15945      12948       2997          0        106       8207
-/+ buffers/cache:       4634      11311
Swap:         8039          0       8039

2019年 07月 27日 星期六 02:52:48 CST
             total       used       free     shared    buffers     cached
Mem:         15945      13081       2864          0        106       8273
-/+ buffers/cache:       4702      11243
Swap:         8039          0       8039

2019年 07月 27日 星期六 02:52:52 CST
             total       used       free     shared    buffers     cached
Mem:         15945      13261       2683          0        106       8372
-/+ buffers/cache:       4783      11162
Swap:         8039          0       8039

2019年 07月 27日 星期六 02:52:56 CST
             total       used       free     shared    buffers     cached
Mem:         15945      13395       2550          0        106       8449
-/+ buffers/cache:       4839      11105
Swap:         8039          0       8039

2019年 07月 27日 星期六 02:53:00 CST
             total       used       free     shared    buffers     cached
Mem:         15945      13543       2401          0        106       8535
-/+ buffers/cache:       4901      11043
Swap:         8039          0       8039

2019年 07月 27日 星期六 02:53:04 CST
             total       used       free     shared    buffers     cached
Mem:         15945      13661       2283          0        106       8556
-/+ buffers/cache:       4999      10946
Swap:         8039          0       8039

2019年 07月 27日 星期六 02:53:08 CST
             total       used       free     shared    buffers     cached
Mem:         15945      11534       4410          0        106       8578
-/+ buffers/cache:       2850      13095
Swap:         8039          0       8039

2019年 07月 27日 星期六 02:53:12 CST
             total       used       free     shared    buffers     cached
Mem:         15945      10777       5167          0        106       8596
-/+ buffers/cache:       2075      13870
Swap:         8039          0       8039

2019年 07月 27日 星期六 02:53:16 CST
             total       used       free     shared    buffers     cached
Mem:         15945      10777       5167          0        106       8596
-/+ buffers/cache:       2075      13870
Swap:         8039          0       8039

2019年 07月 27日 星期六 02:53:20 CST
             total       used       free     shared    buffers     cached
Mem:         15945      10406       5539          0        106       8226
-/+ buffers/cache:       2073      13872
Swap:         8039          0       8039

2019年 07月 27日 星期六 02:53:24 CST
             total       used       free     shared    buffers     cached
Mem:         15945      10405       5539          0        106       8226
-/+ buffers/cache:       2072      13872
Swap:         8039          0       8039

2019年 07月 27日 星期六 02:53:28 CST
             total       used       free     shared    buffers     cached
Mem:         15945      10403       5542          0        106       8226
-/+ buffers/cache:       2070      13875
Swap:         8039          0       8039

2019年 07月 27日 星期六 02:53:32 CST
             total       used       free     shared    buffers     cached
Mem:         15945      10403       5542          0        106       8226
-/+ buffers/cache:       2070      13875
Swap:         8039          0       8039

2019年 07月 27日 星期六 02:53:36 CST
             total       used       free     shared    buffers     cached
Mem:         15945      10403       5542          0        106       8226
-/+ buffers/cache:       2070      13875
Swap:         8039          0       8039

2019年 07月 27日 星期六 02:53:41 CST
             total       used       free     shared    buffers     cached
Mem:         15945      10403       5541          0        106       8226
-/+ buffers/cache:       2070      13874
Swap:         8039          0       8039

2019年 07月 27日 星期六 02:53:45 CST
             total       used       free     shared    buffers     cached
Mem:         15945      10403       5542          0        106       8226
-/+ buffers/cache:       2070      13874
Swap:         8039          0       8039

2019年 07月 27日 星期六 02:53:49 CST
             total       used       free     shared    buffers     cached
Mem:         15945      10403       5542          0        106       8226
-/+ buffers/cache:       2070      13874
Swap:         8039          0       8039

2019年 07月 27日 星期六 02:53:53 CST
             total       used       free     shared    buffers     cached
Mem:         15945      10403       5542          0        106       8226
-/+ buffers/cache:       2070      13875
Swap:         8039          0       8039

2019年 07月 27日 星期六 02:53:57 CST
             total       used       free     shared    buffers     cached
Mem:         15945      10403       5542          0        106       8226
-/+ buffers/cache:       2070      13875
Swap:         8039          0       8039

2019年 07月 27日 星期六 02:54:01 CST
             total       used       free     shared    buffers     cached
Mem:         15945      10402       5542          0        106       8226
-/+ buffers/cache:       2069      13875
Swap:         8039          0       8039

2019年 07月 27日 星期六 02:54:05 CST
             total       used       free     shared    buffers     cached
Mem:         15945      10402       5543          0        106       8226
-/+ buffers/cache:       2069      13875
Swap:         8039          0       8039

2019年 07月 27日 星期六 02:54:09 CST
             total       used       free     shared    buffers     cached
Mem:         15945      10402       5543          0        106       8226
-/+ buffers/cache:       2069      13875
Swap:         8039          0       8039

2019年 07月 27日 星期六 02:54:13 CST
             total       used       free     shared    buffers     cached
Mem:         15945      10401       5544          0        106       8226
-/+ buffers/cache:       2068      13877
Swap:         8039          0       8039

2019年 07月 27日 星期六 02:54:17 CST
             total       used       free     shared    buffers     cached
Mem:         15945      10401       5543          0        106       8226
-/+ buffers/cache:       2068      13876
Swap:         8039          0       8039

2019年 07月 27日 星期六 02:54:21 CST
             total       used       free     shared    buffers     cached
Mem:         15945      10401       5544          0        106       8226
-/+ buffers/cache:       2068      13876
Swap:         8039          0       8039

2019年 07月 27日 星期六 02:54:25 CST
             total       used       free     shared    buffers     cached
Mem:         15945      10401       5544          0        106       8226
-/+ buffers/cache:       2068      13877
Swap:         8039          0       8039

2019年 07月 27日 星期六 02:54:29 CST
             total       used       free     shared    buffers     cached
Mem:         15945      10401       5544          0        106       8226
-/+ buffers/cache:       2068      13877
Swap:         8039          0       8039

2019年 07月 27日 星期六 02:54:33 CST
             total       used       free     shared    buffers     cached
Mem:         15945      10401       5544          0        106       8226
-/+ buffers/cache:       2068      13877
Swap:         8039          0       8039

2019年 07月 27日 星期六 02:54:37 CST
             total       used       free     shared    buffers     cached
Mem:         15945      10401       5544          0        106       8226
-/+ buffers/cache:       2068      13877
Swap:         8039          0       8039

2019年 07月 27日 星期六 02:54:41 CST
             total       used       free     shared    buffers     cached
Mem:         15945      10404       5540          0        106       8228
-/+ buffers/cache:       2070      13875
Swap:         8039          0       8039

2019年 07月 27日 星期六 02:54:45 CST
             total       used       free     shared    buffers     cached
Mem:         15945      10404       5540          0        106       8228
-/+ buffers/cache:       2070      13875
Swap:         8039          0       8039

2019年 07月 27日 星期六 02:54:49 CST
             total       used       free     shared    buffers     cached
Mem:         15945      10404       5540          0        106       8228
-/+ buffers/cache:       2070      13875
Swap:         8039          0       8039

2019年 07月 27日 星期六 02:54:53 CST
             total       used       free     shared    buffers     cached
Mem:         15945      10404       5540          0        106       8228
-/+ buffers/cache:       2070      13875
Swap:         8039          0       8039

2019年 07月 27日 星期六 02:54:57 CST
             total       used       free     shared    buffers     cached
Mem:         15945      10404       5540          0        106       8228
-/+ buffers/cache:       2070      13875
Swap:         8039          0       8039

2019年 07月 27日 星期六 02:55:01 CST
             total       used       free     shared    buffers     cached
Mem:         15945      10404       5540          0        106       8228
-/+ buffers/cache:       2070      13875
Swap:         8039          0       8039

2019年 07月 27日 星期六 02:55:05 CST
             total       used       free     shared    buffers     cached
Mem:         15945      10404       5540          0        106       8228
-/+ buffers/cache:       2070      13875
Swap:         8039          0       8039

2019年 07月 27日 星期六 02:55:09 CST
             total       used       free     shared    buffers     cached
Mem:         15945      10404       5540          0        106       8228
-/+ buffers/cache:       2070      13875
Swap:         8039          0       8039

2019年 07月 27日 星期六 02:55:13 CST
             total       used       free     shared    buffers     cached
Mem:         15945      10404       5540          0        106       8228
-/+ buffers/cache:       2070      13875
Swap:         8039          0       8039

2019年 07月 27日 星期六 02:55:17 CST
             total       used       free     shared    buffers     cached
Mem:         15945      10404       5540          0        106       8228
-/+ buffers/cache:       2070      13875
Swap:         8039          0       8039

2019年 07月 27日 星期六 02:55:21 CST
             total       used       free     shared    buffers     cached
Mem:         15945      10404       5540          0        106       8228
-/+ buffers/cache:       2070      13875
Swap:         8039          0       8039

