
2019年 07月 27日 星期六 02:40:30 CST
             total       used       free     shared    buffers     cached
Mem:         15945      10419       5525          0        122       8249
-/+ buffers/cache:       2048      13897
Swap:         8039          0       8039

2019年 07月 27日 星期六 02:40:34 CST
             total       used       free     shared    buffers     cached
Mem:         15945       9920       6024          0        122       7751
-/+ buffers/cache:       2047      13898
Swap:         8039          0       8039

2019年 07月 27日 星期六 02:40:38 CST
             total       used       free     shared    buffers     cached
Mem:         15945       9920       6024          0        122       7751
-/+ buffers/cache:       2047      13898
Swap:         8039          0       8039

2019年 07月 27日 星期六 02:40:42 CST
             total       used       free     shared    buffers     cached
Mem:         15945       9920       6025          0        122       7751
-/+ buffers/cache:       2046      13898
Swap:         8039          0       8039

2019年 07月 27日 星期六 02:40:46 CST
             total       used       free     shared    buffers     cached
Mem:         15945       9928       6016          0        122       7759
-/+ buffers/cache:       2047      13898
Swap:         8039          0       8039

2019年 07月 27日 星期六 02:40:50 CST
             total       used       free     shared    buffers     cached
Mem:         15945      10095       5850          0        122       7923
-/+ buffers/cache:       2049      13896
Swap:         8039          0       8039

2019年 07月 27日 星期六 02:40:54 CST
             total       used       free     shared    buffers     cached
Mem:         15945      10324       5621          0        122       8152
-/+ buffers/cache:       2049      13896
Swap:         8039          0       8039

2019年 07月 27日 星期六 02:40:58 CST
             total       used       free     shared    buffers     cached
Mem:         15945      10851       5094          0        122       8437
-/+ buffers/cache:       2291      13654
Swap:         8039          0       8039

2019年 07月 27日 星期六 02:41:02 CST
             total       used       free     shared    buffers     cached
Mem:         15945      11290       4654          0        122       8682
-/+ buffers/cache:       2485      13460
Swap:         8039          0       8039

2019年 07月 27日 星期六 02:41:06 CST
             total       used       free     shared    buffers     cached
Mem:         15945      11695       4249          0        122       8896
-/+ buffers/cache:       2676      13269
Swap:         8039          0       8039

2019年 07月 27日 星期六 02:41:10 CST
             total       used       free     shared    buffers     cached
Mem:         15945      11949       3996          0        122       8908
-/+ buffers/cache:       2918      13026
Swap:         8039          0       8039

2019年 07月 27日 星期六 02:41:14 CST
             total       used       free     shared    buffers     cached
Mem:         15945      12473       3471          0        122       8947
-/+ buffers/cache:       3403      12542
Swap:         8039          0       8039

2019年 07月 27日 星期六 02:41:18 CST
             total       used       free     shared    buffers     cached
Mem:         15945      13244       2701          0        122       8948
-/+ buffers/cache:       4173      11772
Swap:         8039          0       8039

2019年 07月 27日 星期六 02:41:22 CST
             total       used       free     shared    buffers     cached
Mem:         15945      14110       1834          0        122       8949
-/+ buffers/cache:       5038      10906
Swap:         8039          0       8039

2019年 07月 27日 星期六 02:41:26 CST
             total       used       free     shared    buffers     cached
Mem:         15945      14855       1089          0        122       8952
-/+ buffers/cache:       5781      10164
Swap:         8039          0       8039

2019年 07月 27日 星期六 02:41:30 CST
             total       used       free     shared    buffers     cached
Mem:         15945      15076        868          0        122       8952
-/+ buffers/cache:       6001       9943
Swap:         8039          0       8039

2019年 07月 27日 星期六 02:41:34 CST
             total       used       free     shared    buffers     cached
Mem:         15945      15126        819          0        122       8952
-/+ buffers/cache:       6050       9894
Swap:         8039          0       8039

2019年 07月 27日 星期六 02:41:38 CST
             total       used       free     shared    buffers     cached
Mem:         15945      15203        742          0        122       8953
-/+ buffers/cache:       6127       9818
Swap:         8039          0       8039

2019年 07月 27日 星期六 02:41:42 CST
             total       used       free     shared    buffers     cached
Mem:         15945      15786        158          0        122       8873
-/+ buffers/cache:       6790       9154
Swap:         8039          0       8039

2019年 07月 27日 星期六 02:41:46 CST
             total       used       free     shared    buffers     cached
Mem:         15945      15766        179          0        122       8682
-/+ buffers/cache:       6961       8983
Swap:         8039          0       8039

2019年 07月 27日 星期六 02:41:50 CST
             total       used       free     shared    buffers     cached
Mem:         15945      13467       2478          0        122       8755
-/+ buffers/cache:       4589      11355
Swap:         8039          0       8039

2019年 07月 27日 星期六 02:41:54 CST
             total       used       free     shared    buffers     cached
Mem:         15945      13905       2039          0        122       8718
-/+ buffers/cache:       5065      10880
Swap:         8039          0       8039

2019年 07月 27日 星期六 02:41:58 CST
             total       used       free     shared    buffers     cached
Mem:         15945      14631       1313          0        122       8720
-/+ buffers/cache:       5789      10156
Swap:         8039          0       8039

2019年 07月 27日 星期六 02:42:02 CST
             total       used       free     shared    buffers     cached
Mem:         15945      14612       1333          0        122       8551
-/+ buffers/cache:       5938      10007
Swap:         8039          0       8039

2019年 07月 27日 星期六 02:42:06 CST
             total       used       free     shared    buffers     cached
Mem:         15945      12884       3061          0        122       8683
-/+ buffers/cache:       4078      11867
Swap:         8039          0       8039

2019年 07月 27日 星期六 02:42:10 CST
             total       used       free     shared    buffers     cached
Mem:         15945      12274       3670          0        122       8787
-/+ buffers/cache:       3364      12580
Swap:         8039          0       8039

2019年 07月 27日 星期六 02:42:14 CST
             total       used       free     shared    buffers     cached
Mem:         15945      12948       2996          0        122       8788
-/+ buffers/cache:       4038      11907
Swap:         8039          0       8039

2019年 07月 27日 星期六 02:42:19 CST
             total       used       free     shared    buffers     cached
Mem:         15945      13600       2344          0        122       8788
-/+ buffers/cache:       4689      11255
Swap:         8039          0       8039

2019年 07月 27日 星期六 02:42:23 CST
             total       used       free     shared    buffers     cached
Mem:         15945      14042       1902          0        122       8792
-/+ buffers/cache:       5127      10817
Swap:         8039          0       8039

2019年 07月 27日 星期六 02:42:27 CST
             total       used       free     shared    buffers     cached
Mem:         15945      13547       2398          0        122       9159
-/+ buffers/cache:       4265      11680
Swap:         8039          0       8039

2019年 07月 27日 星期六 02:42:31 CST
             total       used       free     shared    buffers     cached
Mem:         15945      14025       1920          0        122       9160
-/+ buffers/cache:       4741      11203
Swap:         8039          0       8039

2019年 07月 27日 星期六 02:42:35 CST
             total       used       free     shared    buffers     cached
Mem:         15945      14950        995          0        122       9143
-/+ buffers/cache:       5683      10261
Swap:         8039          0       8039

2019年 07月 27日 星期六 02:42:39 CST
             total       used       free     shared    buffers     cached
Mem:         15945      13640       2305          0        122       9142
-/+ buffers/cache:       4375      11570
Swap:         8039          0       8039

2019年 07月 27日 星期六 02:42:43 CST
             total       used       free     shared    buffers     cached
Mem:         15945      12807       3138          0        122       9141
-/+ buffers/cache:       3542      12402
Swap:         8039          0       8039

2019年 07月 27日 星期六 02:42:47 CST
             total       used       free     shared    buffers     cached
Mem:         15945      12650       3294          0        122       9144
-/+ buffers/cache:       3383      12562
Swap:         8039          0       8039

2019年 07月 27日 星期六 02:42:51 CST
             total       used       free     shared    buffers     cached
Mem:         15945      12970       2975          0        122       9287
-/+ buffers/cache:       3559      12385
Swap:         8039          0       8039

2019年 07月 27日 星期六 02:42:55 CST
             total       used       free     shared    buffers     cached
Mem:         15945      12874       3070          0        122       8927
-/+ buffers/cache:       3824      12120
Swap:         8039          0       8039

2019年 07月 27日 星期六 02:42:59 CST
             total       used       free     shared    buffers     cached
Mem:         15945      13213       2732          0        122       9178
-/+ buffers/cache:       3911      12033
Swap:         8039          0       8039

2019年 07月 27日 星期六 02:43:03 CST
             total       used       free     shared    buffers     cached
Mem:         15945      12359       3585          0        122       9391
-/+ buffers/cache:       2845      13099
Swap:         8039          0       8039

2019年 07月 27日 星期六 02:43:07 CST
             total       used       free     shared    buffers     cached
Mem:         15945      12594       3350          0        122       9479
-/+ buffers/cache:       2992      12953
Swap:         8039          0       8039

2019年 07月 27日 星期六 02:43:11 CST
             total       used       free     shared    buffers     cached
Mem:         15945      12798       3147          0        122       9574
-/+ buffers/cache:       3101      12844
Swap:         8039          0       8039

2019年 07月 27日 星期六 02:43:15 CST
             total       used       free     shared    buffers     cached
Mem:         15945      13277       2668          0        122       9637
-/+ buffers/cache:       3517      12427
Swap:         8039          0       8039

2019年 07月 27日 星期六 02:43:19 CST
             total       used       free     shared    buffers     cached
Mem:         15945      14123       1821          0        122       9658
-/+ buffers/cache:       4342      11603
Swap:         8039          0       8039

2019年 07月 27日 星期六 02:43:23 CST
             total       used       free     shared    buffers     cached
Mem:         15945      14899       1046          0        122       9683
-/+ buffers/cache:       5093      10852
Swap:         8039          0       8039

2019年 07月 27日 星期六 02:43:27 CST
             total       used       free     shared    buffers     cached
Mem:         15945      15074        871          0        122       9701
-/+ buffers/cache:       5249      10695
Swap:         8039          0       8039

2019年 07月 27日 星期六 02:43:31 CST
             total       used       free     shared    buffers     cached
Mem:         15945      15439        505          0        122       9685
-/+ buffers/cache:       5631      10313
Swap:         8039          0       8039

2019年 07月 27日 星期六 02:43:35 CST
             total       used       free     shared    buffers     cached
Mem:         15945      15002        942          0        122       9726
-/+ buffers/cache:       5153      10791
Swap:         8039          0       8039

2019年 07月 27日 星期六 02:43:39 CST
             total       used       free     shared    buffers     cached
Mem:         15945      15301        644          0        122       9688
-/+ buffers/cache:       5490      10455
Swap:         8039          0       8039

2019年 07月 27日 星期六 02:43:43 CST
             total       used       free     shared    buffers     cached
Mem:         15945      15719        226          0        122       9689
-/+ buffers/cache:       5907      10038
Swap:         8039          0       8039

2019年 07月 27日 星期六 02:43:47 CST
             total       used       free     shared    buffers     cached
Mem:         15945      15779        166          0        122       9304
-/+ buffers/cache:       6352       9593
Swap:         8039          0       8039

2019年 07月 27日 星期六 02:43:51 CST
             total       used       free     shared    buffers     cached
Mem:         15945      15785        160          0        122       9142
-/+ buffers/cache:       6520       9424
Swap:         8039          0       8039

2019年 07月 27日 星期六 02:43:55 CST
             total       used       free     shared    buffers     cached
Mem:         15945      15781        163          0        122       9098
-/+ buffers/cache:       6560       9385
Swap:         8039          0       8039

2019年 07月 27日 星期六 02:43:59 CST
             total       used       free     shared    buffers     cached
Mem:         15945      15776        168          0        122       9020
-/+ buffers/cache:       6633       9311
Swap:         8039          0       8039

2019年 07月 27日 星期六 02:44:03 CST
             total       used       free     shared    buffers     cached
Mem:         15945      15781        164          0        122       8970
-/+ buffers/cache:       6687       9257
Swap:         8039          0       8039

2019年 07月 27日 星期六 02:44:07 CST
             total       used       free     shared    buffers     cached
Mem:         15945      14181       1763          0        122       9154
-/+ buffers/cache:       4904      11041
Swap:         8039          0       8039

2019年 07月 27日 星期六 02:44:11 CST
             total       used       free     shared    buffers     cached
Mem:         15945      13685       2260          0        122       9163
-/+ buffers/cache:       4399      11546
Swap:         8039          0       8039

2019年 07月 27日 星期六 02:44:15 CST
             total       used       free     shared    buffers     cached
Mem:         15945      13474       2471          0        122       9290
-/+ buffers/cache:       4061      11884
Swap:         8039          0       8039

2019年 07月 27日 星期六 02:44:19 CST
             total       used       free     shared    buffers     cached
Mem:         15945      13783       2161          0        122       9273
-/+ buffers/cache:       4387      11558
Swap:         8039          0       8039

2019年 07月 27日 星期六 02:44:23 CST
             total       used       free     shared    buffers     cached
Mem:         15945      14172       1773          0        122       9253
-/+ buffers/cache:       4796      11149
Swap:         8039          0       8039

2019年 07月 27日 星期六 02:44:27 CST
             total       used       free     shared    buffers     cached
Mem:         15945      14481       1463          0        122       9255
-/+ buffers/cache:       5104      10841
Swap:         8039          0       8039

2019年 07月 27日 星期六 02:44:32 CST
             total       used       free     shared    buffers     cached
Mem:         15945      14890       1055          0        122       9255
-/+ buffers/cache:       5511      10433
Swap:         8039          0       8039

2019年 07月 27日 星期六 02:44:36 CST
             total       used       free     shared    buffers     cached
Mem:         15945      15102        842          0        122       9256
-/+ buffers/cache:       5723      10221
Swap:         8039          0       8039

2019年 07月 27日 星期六 02:44:40 CST
             total       used       free     shared    buffers     cached
Mem:         15945      15492        453          0        122       9257
-/+ buffers/cache:       6112       9833
Swap:         8039          0       8039

2019年 07月 27日 星期六 02:44:44 CST
             total       used       free     shared    buffers     cached
Mem:         15945      14273       1671          0        122       9256
-/+ buffers/cache:       4894      11050
Swap:         8039          0       8039

2019年 07月 27日 星期六 02:44:48 CST
             total       used       free     shared    buffers     cached
Mem:         15945      13384       2560          0        122       9265
-/+ buffers/cache:       3996      11948
Swap:         8039          0       8039

2019年 07月 27日 星期六 02:44:52 CST
             total       used       free     shared    buffers     cached
Mem:         15945      14356       1589          0        122       9433
-/+ buffers/cache:       4799      11145
Swap:         8039          0       8039

2019年 07月 27日 星期六 02:44:56 CST
             total       used       free     shared    buffers     cached
Mem:         15945      15328        616          0        122       9624
-/+ buffers/cache:       5581      10363
Swap:         8039          0       8039

2019年 07月 27日 星期六 02:45:00 CST
             total       used       free     shared    buffers     cached
Mem:         15945      15743        202          0        122       9869
-/+ buffers/cache:       5750      10194
Swap:         8039          0       8039

2019年 07月 27日 星期六 02:45:04 CST
             total       used       free     shared    buffers     cached
Mem:         15945      14662       1283          0        123      10172
-/+ buffers/cache:       4366      11578
Swap:         8039          0       8039

2019年 07月 27日 星期六 02:45:08 CST
             total       used       free     shared    buffers     cached
Mem:         15945      15083        861          0        123      10239
-/+ buffers/cache:       4720      11224
Swap:         8039          0       8039

2019年 07月 27日 星期六 02:45:12 CST
             total       used       free     shared    buffers     cached
Mem:         15945      15623        322          0        123      10509
-/+ buffers/cache:       4991      10954
Swap:         8039          0       8039

2019年 07月 27日 星期六 02:45:16 CST
             total       used       free     shared    buffers     cached
Mem:         15945      15792        152          0        123      10166
-/+ buffers/cache:       5502      10442
Swap:         8039          0       8039

2019年 07月 27日 星期六 02:45:20 CST
             total       used       free     shared    buffers     cached
Mem:         15945      15769        176          0        122       9910
-/+ buffers/cache:       5735      10210
Swap:         8039          0       8039

2019年 07月 27日 星期六 02:45:24 CST
             total       used       free     shared    buffers     cached
Mem:         15945      15782        162          0        122       9677
-/+ buffers/cache:       5982       9963
Swap:         8039          0       8039

2019年 07月 27日 星期六 02:45:28 CST
             total       used       free     shared    buffers     cached
Mem:         15945      15773        172          0        122       9616
-/+ buffers/cache:       6034       9911
Swap:         8039          0       8039

2019年 07月 27日 星期六 02:45:32 CST
             total       used       free     shared    buffers     cached
Mem:         15945      15780        164          0        122       9531
-/+ buffers/cache:       6125       9819
Swap:         8039          0       8039

2019年 07月 27日 星期六 02:45:36 CST
             total       used       free     shared    buffers     cached
Mem:         15945      15763        182          0        122       9455
-/+ buffers/cache:       6185       9760
Swap:         8039          0       8039

2019年 07月 27日 星期六 02:45:40 CST
             total       used       free     shared    buffers     cached
Mem:         15945      15763        182          0        122       9396
-/+ buffers/cache:       6244       9701
Swap:         8039          0       8039

2019年 07月 27日 星期六 02:45:44 CST
             total       used       free     shared    buffers     cached
Mem:         15945      15765        179          0        122       9352
-/+ buffers/cache:       6289       9655
Swap:         8039          0       8039

2019年 07月 27日 星期六 02:45:48 CST
             total       used       free     shared    buffers     cached
Mem:         15945      15757        187          0        122       9262
-/+ buffers/cache:       6372       9573
Swap:         8039          0       8039

2019年 07月 27日 星期六 02:45:52 CST
             total       used       free     shared    buffers     cached
Mem:         15945      15780        164          0        122       9096
-/+ buffers/cache:       6561       9383
Swap:         8039          0       8039

2019年 07月 27日 星期六 02:45:56 CST
             total       used       free     shared    buffers     cached
Mem:         15945      15196        748          0        122       9083
-/+ buffers/cache:       5990       9954
Swap:         8039          0       8039

2019年 07月 27日 星期六 02:46:00 CST
             total       used       free     shared    buffers     cached
Mem:         15945      13638       2307          0        122       9099
-/+ buffers/cache:       4416      11529
Swap:         8039          0       8039

2019年 07月 27日 星期六 02:46:04 CST
             total       used       free     shared    buffers     cached
Mem:         15945      13983       1961          0        122       8730
-/+ buffers/cache:       5130      10815
Swap:         8039          0       8039

2019年 07月 27日 星期六 02:46:08 CST
             total       used       free     shared    buffers     cached
Mem:         15945      14392       1553          0        122       8731
-/+ buffers/cache:       5537      10407
Swap:         8039          0       8039

2019年 07月 27日 星期六 02:46:12 CST
             total       used       free     shared    buffers     cached
Mem:         15945      14941       1004          0        122       8732
-/+ buffers/cache:       6086       9859
Swap:         8039          0       8039

2019年 07月 27日 星期六 02:46:16 CST
             total       used       free     shared    buffers     cached
Mem:         15945      15296        649          0        122       8733
-/+ buffers/cache:       6439       9505
Swap:         8039          0       8039

2019年 07月 27日 星期六 02:46:20 CST
             total       used       free     shared    buffers     cached
Mem:         15945      15471        473          0        122       8734
-/+ buffers/cache:       6614       9330
Swap:         8039          0       8039

2019年 07月 27日 星期六 02:46:24 CST
             total       used       free     shared    buffers     cached
Mem:         15945      15604        340          0        122       8734
-/+ buffers/cache:       6747       9198
Swap:         8039          0       8039

2019年 07月 27日 星期六 02:46:28 CST
             total       used       free     shared    buffers     cached
Mem:         15945      14922       1023          0        122       8735
-/+ buffers/cache:       6063       9881
Swap:         8039          0       8039

2019年 07月 27日 星期六 02:46:32 CST
             total       used       free     shared    buffers     cached
Mem:         15945      13055       2889          0        122       8753
-/+ buffers/cache:       4179      11766
Swap:         8039          0       8039

2019年 07月 27日 星期六 02:46:36 CST
             total       used       free     shared    buffers     cached
Mem:         15945      12658       3287          0        123       9139
-/+ buffers/cache:       3396      12549
Swap:         8039          0       8039

2019年 07月 27日 星期六 02:46:40 CST
             total       used       free     shared    buffers     cached
Mem:         15945      13506       2439          0        123       9121
-/+ buffers/cache:       4261      11684
Swap:         8039          0       8039

2019年 07月 27日 星期六 02:46:44 CST
             total       used       free     shared    buffers     cached
Mem:         15945      14122       1823          0        123       9137
-/+ buffers/cache:       4861      11083
Swap:         8039          0       8039

2019年 07月 27日 星期六 02:46:48 CST
             total       used       free     shared    buffers     cached
Mem:         15945      14092       1853          0        123       9136
-/+ buffers/cache:       4832      11112
Swap:         8039          0       8039

2019年 07月 27日 星期六 02:46:53 CST
             total       used       free     shared    buffers     cached
Mem:         15945      14144       1800          0        123       9023
-/+ buffers/cache:       4998      10947
Swap:         8039          0       8039

2019年 07月 27日 星期六 02:46:57 CST
             total       used       free     shared    buffers     cached
Mem:         15945      14458       1486          0        123       9234
-/+ buffers/cache:       5100      10844
Swap:         8039          0       8039

2019年 07月 27日 星期六 02:47:01 CST
             total       used       free     shared    buffers     cached
Mem:         15945      14971        973          0        123       9579
-/+ buffers/cache:       5269      10676
Swap:         8039          0       8039

2019年 07月 27日 星期六 02:47:05 CST
             total       used       free     shared    buffers     cached
Mem:         15945      15441        503          0        123       9874
-/+ buffers/cache:       5443      10501
Swap:         8039          0       8039

2019年 07月 27日 星期六 02:47:09 CST
             total       used       free     shared    buffers     cached
Mem:         15945      15779        166          0        123       9740
-/+ buffers/cache:       5915      10029
Swap:         8039          0       8039

2019年 07月 27日 星期六 02:47:13 CST
             total       used       free     shared    buffers     cached
Mem:         15945      15768        176          0        122       9482
-/+ buffers/cache:       6163       9782
Swap:         8039          0       8039

2019年 07月 27日 星期六 02:47:17 CST
             total       used       free     shared    buffers     cached
Mem:         15945      15539        406          0        122       9643
-/+ buffers/cache:       5773      10172
Swap:         8039          0       8039

2019年 07月 27日 星期六 02:47:21 CST
             total       used       free     shared    buffers     cached
Mem:         15945      15547        398          0        122       9846
-/+ buffers/cache:       5577      10368
Swap:         8039          0       8039

2019年 07月 27日 星期六 02:47:25 CST
             total       used       free     shared    buffers     cached
Mem:         15945      15745        200          0        122       9824
-/+ buffers/cache:       5797      10147
Swap:         8039          0       8039

2019年 07月 27日 星期六 02:47:29 CST
             total       used       free     shared    buffers     cached
Mem:         15945      15504        441          0        122       9904
-/+ buffers/cache:       5477      10468
Swap:         8039          0       8039

2019年 07月 27日 星期六 02:47:33 CST
             total       used       free     shared    buffers     cached
Mem:         15945      15787        157          0        122       9885
-/+ buffers/cache:       5778      10166
Swap:         8039          0       8039

2019年 07月 27日 星期六 02:47:37 CST
             total       used       free     shared    buffers     cached
Mem:         15945      15733        212          0        122       9625
-/+ buffers/cache:       5984       9960
Swap:         8039          0       8039

2019年 07月 27日 星期六 02:47:41 CST
             total       used       free     shared    buffers     cached
Mem:         15945      14693       1251          0        122       9696
-/+ buffers/cache:       4874      11071
Swap:         8039          0       8039

2019年 07月 27日 星期六 02:47:45 CST
             total       used       free     shared    buffers     cached
Mem:         15945      15061        883          0        122       9546
-/+ buffers/cache:       5392      10553
Swap:         8039          0       8039

2019年 07月 27日 星期六 02:47:49 CST
             total       used       free     shared    buffers     cached
Mem:         15945      15657        288          0        122       9618
-/+ buffers/cache:       5916      10029
Swap:         8039          0       8039

2019年 07月 27日 星期六 02:47:53 CST
             total       used       free     shared    buffers     cached
Mem:         15945      15539        406          0        122       8873
-/+ buffers/cache:       6542       9402
Swap:         8039          0       8039

2019年 07月 27日 星期六 02:47:57 CST
             total       used       free     shared    buffers     cached
Mem:         15945      15450        495          0        122       8722
-/+ buffers/cache:       6605       9340
Swap:         8039          0       8039

2019年 07月 27日 星期六 02:48:02 CST
             total       used       free     shared    buffers     cached
Mem:         15945      13770       2175          0        122       8784
-/+ buffers/cache:       4862      11082
Swap:         8039          0       8039

2019年 07月 27日 星期六 02:48:06 CST
             total       used       free     shared    buffers     cached
Mem:         15945      13628       2317          0        122       8685
-/+ buffers/cache:       4819      11125
Swap:         8039          0       8039

2019年 07月 27日 星期六 02:48:10 CST
             total       used       free     shared    buffers     cached
Mem:         15945      14074       1871          0        122       8573
-/+ buffers/cache:       5378      10567
Swap:         8039          0       8039

2019年 07月 27日 星期六 02:48:14 CST
             total       used       free     shared    buffers     cached
Mem:         15945      14355       1590          0        122       8629
-/+ buffers/cache:       5602      10342
Swap:         8039          0       8039

2019年 07月 27日 星期六 02:48:18 CST
             total       used       free     shared    buffers     cached
Mem:         15945      14406       1539          0        122       8713
-/+ buffers/cache:       5569      10375
Swap:         8039          0       8039

2019年 07月 27日 星期六 02:48:22 CST
             total       used       free     shared    buffers     cached
Mem:         15945      14987        958          0        122       8794
-/+ buffers/cache:       6069       9876
Swap:         8039          0       8039

2019年 07月 27日 星期六 02:48:26 CST
             total       used       free     shared    buffers     cached
Mem:         15945      14681       1264          0        122       8878
-/+ buffers/cache:       5679      10265
Swap:         8039          0       8039

2019年 07月 27日 星期六 02:48:30 CST
             total       used       free     shared    buffers     cached
Mem:         15945      15066        879          0        122       8931
-/+ buffers/cache:       6011       9934
Swap:         8039          0       8039

2019年 07月 27日 星期六 02:48:34 CST
             total       used       free     shared    buffers     cached
Mem:         15945      15185        759          0        122       8755
-/+ buffers/cache:       6307       9638
Swap:         8039          0       8039

2019年 07月 27日 星期六 02:48:38 CST
             total       used       free     shared    buffers     cached
Mem:         15945      15324        620          0        122       8750
-/+ buffers/cache:       6451       9494
Swap:         8039          0       8039

2019年 07月 27日 星期六 02:48:42 CST
             total       used       free     shared    buffers     cached
Mem:         15945      15519        426          0        122       8775
-/+ buffers/cache:       6620       9324
Swap:         8039          0       8039

2019年 07月 27日 星期六 02:48:46 CST
             total       used       free     shared    buffers     cached
Mem:         15945      13337       2608          0        122       8824
-/+ buffers/cache:       4390      11555
Swap:         8039          0       8039

2019年 07月 27日 星期六 02:48:50 CST
             total       used       free     shared    buffers     cached
Mem:         15945      13182       2763          0        122       8654
-/+ buffers/cache:       4404      11540
Swap:         8039          0       8039

2019年 07月 27日 星期六 02:48:54 CST
             total       used       free     shared    buffers     cached
Mem:         15945      13896       2049          0        122       8816
-/+ buffers/cache:       4956      10989
Swap:         8039          0       8039

2019年 07月 27日 星期六 02:48:58 CST
             total       used       free     shared    buffers     cached
Mem:         15945      13729       2216          0        122       9044
-/+ buffers/cache:       4561      11383
Swap:         8039          0       8039

2019年 07月 27日 星期六 02:49:02 CST
             total       used       free     shared    buffers     cached
Mem:         15945      13785       2160          0        122       9476
-/+ buffers/cache:       4185      11759
Swap:         8039          0       8039

2019年 07月 27日 星期六 02:49:06 CST
             total       used       free     shared    buffers     cached
Mem:         15945      14499       1446          0        123       9740
-/+ buffers/cache:       4636      11309
Swap:         8039          0       8039

2019年 07月 27日 星期六 02:49:10 CST
             total       used       free     shared    buffers     cached
Mem:         15945      15238        706          0        123      10030
-/+ buffers/cache:       5084      10860
Swap:         8039          0       8039

2019年 07月 27日 星期六 02:49:14 CST
             total       used       free     shared    buffers     cached
Mem:         15945      15795        150          0        123      10052
-/+ buffers/cache:       5619      10325
Swap:         8039          0       8039

2019年 07月 27日 星期六 02:49:18 CST
             total       used       free     shared    buffers     cached
Mem:         15945      15770        174          0        122       9830
-/+ buffers/cache:       5817      10128
Swap:         8039          0       8039

2019年 07月 27日 星期六 02:49:22 CST
             total       used       free     shared    buffers     cached
Mem:         15945      15755        190          0        122       9830
-/+ buffers/cache:       5802      10143
Swap:         8039          0       8039

2019年 07月 27日 星期六 02:49:26 CST
             total       used       free     shared    buffers     cached
Mem:         15945      15781        164          0        122       9842
-/+ buffers/cache:       5815      10129
Swap:         8039          0       8039

2019年 07月 27日 星期六 02:49:30 CST
             total       used       free     shared    buffers     cached
Mem:         15945      14555       1389          0        122       9834
-/+ buffers/cache:       4598      11347
Swap:         8039          0       8039

2019年 07月 27日 星期六 02:49:34 CST
             total       used       free     shared    buffers     cached
Mem:         15945      13719       2226          0        122      10222
-/+ buffers/cache:       3373      12572
Swap:         8039          0       8039

2019年 07月 27日 星期六 02:49:38 CST
             total       used       free     shared    buffers     cached
Mem:         15945      14147       1798          0        122      10355
-/+ buffers/cache:       3668      12276
Swap:         8039          0       8039

2019年 07月 27日 星期六 02:49:42 CST
             total       used       free     shared    buffers     cached
Mem:         15945      13715       2230          0        123      10170
-/+ buffers/cache:       3421      12523
Swap:         8039          0       8039

2019年 07月 27日 星期六 02:49:46 CST
             total       used       free     shared    buffers     cached
Mem:         15945      14365       1580          0        123      10190
-/+ buffers/cache:       4051      11894
Swap:         8039          0       8039

2019年 07月 27日 星期六 02:49:50 CST
             total       used       free     shared    buffers     cached
Mem:         15945      14707       1237          0        123      10169
-/+ buffers/cache:       4415      11529
Swap:         8039          0       8039

2019年 07月 27日 星期六 02:49:54 CST
             total       used       free     shared    buffers     cached
Mem:         15945      14902       1043          0        123      10189
-/+ buffers/cache:       4589      11356
Swap:         8039          0       8039

2019年 07月 27日 星期六 02:49:58 CST
             total       used       free     shared    buffers     cached
Mem:         15945      15355        590          0        123      10005
-/+ buffers/cache:       5226      10718
Swap:         8039          0       8039

2019年 07月 27日 星期六 02:50:02 CST
             total       used       free     shared    buffers     cached
Mem:         15945      15711        234          0        123      10007
-/+ buffers/cache:       5579      10365
Swap:         8039          0       8039

2019年 07月 27日 星期六 02:50:06 CST
             total       used       free     shared    buffers     cached
Mem:         15945      15778        166          0        122       9509
-/+ buffers/cache:       6146       9798
Swap:         8039          0       8039

2019年 07月 27日 星期六 02:50:10 CST
             total       used       free     shared    buffers     cached
Mem:         15945      15766        179          0        122       9350
-/+ buffers/cache:       6293       9652
Swap:         8039          0       8039

2019年 07月 27日 星期六 02:50:14 CST
             total       used       free     shared    buffers     cached
Mem:         15945      15778        167          0        122       9273
-/+ buffers/cache:       6382       9563
Swap:         8039          0       8039

2019年 07月 27日 星期六 02:50:18 CST
             total       used       free     shared    buffers     cached
Mem:         15945      15780        164          0        122       9194
-/+ buffers/cache:       6463       9481
Swap:         8039          0       8039

2019年 07月 27日 星期六 02:50:22 CST
             total       used       free     shared    buffers     cached
Mem:         15945      15773        172          0        122       9119
-/+ buffers/cache:       6531       9413
Swap:         8039          0       8039

2019年 07月 27日 星期六 02:50:27 CST
             total       used       free     shared    buffers     cached
Mem:         15945      15771        173          0        122       9030
-/+ buffers/cache:       6618       9326
Swap:         8039          0       8039

2019年 07月 27日 星期六 02:50:31 CST
             total       used       free     shared    buffers     cached
Mem:         15945      14329       1616          0        122       9045
-/+ buffers/cache:       5161      10784
Swap:         8039          0       8039

2019年 07月 27日 星期六 02:50:35 CST
             total       used       free     shared    buffers     cached
Mem:         15945      14691       1254          0        122       9148
-/+ buffers/cache:       5420      10525
Swap:         8039          0       8039

2019年 07月 27日 星期六 02:50:39 CST
             total       used       free     shared    buffers     cached
Mem:         15945      14896       1049          0        122       8915
-/+ buffers/cache:       5858      10087
Swap:         8039          0       8039

2019年 07月 27日 星期六 02:50:43 CST
             total       used       free     shared    buffers     cached
Mem:         15945      15487        457          0        122       9018
-/+ buffers/cache:       6346       9599
Swap:         8039          0       8039

2019年 07月 27日 星期六 02:50:47 CST
             total       used       free     shared    buffers     cached
Mem:         15945      15635        309          0        122       9046
-/+ buffers/cache:       6467       9478
Swap:         8039          0       8039

2019年 07月 27日 星期六 02:50:51 CST
             total       used       free     shared    buffers     cached
Mem:         15945      15789        155          0        122       9057
-/+ buffers/cache:       6609       9335
Swap:         8039          0       8039

2019年 07月 27日 星期六 02:50:55 CST
             total       used       free     shared    buffers     cached
Mem:         15945      15762        182          0        122       8906
-/+ buffers/cache:       6733       9211
Swap:         8039          0       8039

2019年 07月 27日 星期六 02:50:59 CST
             total       used       free     shared    buffers     cached
Mem:         15945      13721       2224          0        122       8751
-/+ buffers/cache:       4846      11098
Swap:         8039          0       8039

2019年 07月 27日 星期六 02:51:03 CST
             total       used       free     shared    buffers     cached
Mem:         15945      14128       1817          0        122       8752
-/+ buffers/cache:       5253      10691
Swap:         8039          0       8039

2019年 07月 27日 星期六 02:51:07 CST
             total       used       free     shared    buffers     cached
Mem:         15945      14661       1284          0        122       8753
-/+ buffers/cache:       5785      10160
Swap:         8039          0       8039

2019年 07月 27日 星期六 02:51:11 CST
             total       used       free     shared    buffers     cached
Mem:         15945      13325       2619          0        122       8752
-/+ buffers/cache:       4451      11494
Swap:         8039          0       8039

2019年 07月 27日 星期六 02:51:15 CST
             total       used       free     shared    buffers     cached
Mem:         15945      13589       2356          0        122       8734
-/+ buffers/cache:       4731      11213
Swap:         8039          0       8039

2019年 07月 27日 星期六 02:51:19 CST
             total       used       free     shared    buffers     cached
Mem:         15945      13333       2611          0        122       8740
-/+ buffers/cache:       4470      11475
Swap:         8039          0       8039

2019年 07月 27日 星期六 02:51:23 CST
             total       used       free     shared    buffers     cached
Mem:         15945      14014       1930          0        122       8727
-/+ buffers/cache:       5164      10781
Swap:         8039          0       8039

2019年 07月 27日 星期六 02:51:27 CST
             total       used       free     shared    buffers     cached
Mem:         15945      13627       2317          0        122       8736
-/+ buffers/cache:       4769      11176
Swap:         8039          0       8039

2019年 07月 27日 星期六 02:51:31 CST
             total       used       free     shared    buffers     cached
Mem:         15945      13478       2467          0        122       8779
-/+ buffers/cache:       4576      11369
Swap:         8039          0       8039

2019年 07月 27日 星期六 02:51:35 CST
             total       used       free     shared    buffers     cached
Mem:         15945      13361       2584          0        122       8784
-/+ buffers/cache:       4453      11491
Swap:         8039          0       8039

2019年 07月 27日 星期六 02:51:39 CST
             total       used       free     shared    buffers     cached
Mem:         15945      13817       2128          0        122       8955
-/+ buffers/cache:       4738      11206
Swap:         8039          0       8039

2019年 07月 27日 星期六 02:51:43 CST
             total       used       free     shared    buffers     cached
Mem:         15945      13307       2638          0        122       9019
-/+ buffers/cache:       4165      11780
Swap:         8039          0       8039

2019年 07月 27日 星期六 02:51:48 CST
             total       used       free     shared    buffers     cached
Mem:         15945      13741       2203          0        122       9182
-/+ buffers/cache:       4436      11508
Swap:         8039          0       8039

2019年 07月 27日 星期六 02:51:52 CST
             total       used       free     shared    buffers     cached
Mem:         15945      14226       1719          0        122       9298
-/+ buffers/cache:       4805      11139
Swap:         8039          0       8039

2019年 07月 27日 星期六 02:51:56 CST
             total       used       free     shared    buffers     cached
Mem:         15945      14227       1718          0        122       9363
-/+ buffers/cache:       4741      11204
Swap:         8039          0       8039

2019年 07月 27日 星期六 02:52:00 CST
             total       used       free     shared    buffers     cached
Mem:         15945      14016       1929          0        122       8857
-/+ buffers/cache:       5036      10909
Swap:         8039          0       8039

2019年 07月 27日 星期六 02:52:04 CST
             total       used       free     shared    buffers     cached
Mem:         15945      14441       1504          0        122       8863
-/+ buffers/cache:       5455      10489
Swap:         8039          0       8039

2019年 07月 27日 星期六 02:52:08 CST
             total       used       free     shared    buffers     cached
Mem:         15945      12765       3180          0        122       8861
-/+ buffers/cache:       3781      12164
Swap:         8039          0       8039

2019年 07月 27日 星期六 02:52:12 CST
             total       used       free     shared    buffers     cached
Mem:         15945      13432       2513          0        122       8882
-/+ buffers/cache:       4426      11518
Swap:         8039          0       8039

2019年 07月 27日 星期六 02:52:16 CST
             total       used       free     shared    buffers     cached
Mem:         15945      13820       2125          0        122       8887
-/+ buffers/cache:       4809      11135
Swap:         8039          0       8039

2019年 07月 27日 星期六 02:52:20 CST
             total       used       free     shared    buffers     cached
Mem:         15945      13319       2626          0        122       8342
-/+ buffers/cache:       4854      11091
Swap:         8039          0       8039

2019年 07月 27日 星期六 02:52:24 CST
             total       used       free     shared    buffers     cached
Mem:         15945      13608       2336          0        122       8342
-/+ buffers/cache:       5143      10801
Swap:         8039          0       8039

2019年 07月 27日 星期六 02:52:28 CST
             total       used       free     shared    buffers     cached
Mem:         15945      12838       3107          0        122       8341
-/+ buffers/cache:       4373      11571
Swap:         8039          0       8039

2019年 07月 27日 星期六 02:52:32 CST
             total       used       free     shared    buffers     cached
Mem:         15945      13305       2640          0        122       8159
-/+ buffers/cache:       5022      10922
Swap:         8039          0       8039

2019年 07月 27日 星期六 02:52:36 CST
             total       used       free     shared    buffers     cached
Mem:         15945      13562       2383          0        122       8159
-/+ buffers/cache:       5279      10665
Swap:         8039          0       8039

2019年 07月 27日 星期六 02:52:40 CST
             total       used       free     shared    buffers     cached
Mem:         15945      12329       3616          0        122       8161
-/+ buffers/cache:       4044      11900
Swap:         8039          0       8039

2019年 07月 27日 星期六 02:52:44 CST
             total       used       free     shared    buffers     cached
Mem:         15945      12165       3780          0        122       7976
-/+ buffers/cache:       4065      11879
Swap:         8039          0       8039

2019年 07月 27日 星期六 02:52:48 CST
             total       used       free     shared    buffers     cached
Mem:         15945      12187       3757          0        122       7980
-/+ buffers/cache:       4084      11860
Swap:         8039          0       8039

2019年 07月 27日 星期六 02:52:52 CST
             total       used       free     shared    buffers     cached
Mem:         15945      12209       3735          0        122       7980
-/+ buffers/cache:       4106      11839
Swap:         8039          0       8039

2019年 07月 27日 星期六 02:52:56 CST
             total       used       free     shared    buffers     cached
Mem:         15945      12233       3711          0        122       7984
-/+ buffers/cache:       4126      11818
Swap:         8039          0       8039

2019年 07月 27日 星期六 02:53:00 CST
             total       used       free     shared    buffers     cached
Mem:         15945      12256       3689          0        122       7984
-/+ buffers/cache:       4148      11796
Swap:         8039          0       8039

2019年 07月 27日 星期六 02:53:04 CST
             total       used       free     shared    buffers     cached
Mem:         15945      12298       3646          0        122       8004
-/+ buffers/cache:       4171      11774
Swap:         8039          0       8039

2019年 07月 27日 星期六 02:53:08 CST
             total       used       free     shared    buffers     cached
Mem:         15945      11635       4309          0        122       8054
-/+ buffers/cache:       3458      12487
Swap:         8039          0       8039

2019年 07月 27日 星期六 02:53:12 CST
             total       used       free     shared    buffers     cached
Mem:         15945      10068       5876          0        122       7875
-/+ buffers/cache:       2070      13875
Swap:         8039          0       8039

2019年 07月 27日 星期六 02:53:16 CST
             total       used       free     shared    buffers     cached
Mem:         15945       9880       6065          0        122       7690
-/+ buffers/cache:       2066      13878
Swap:         8039          0       8039

2019年 07月 27日 星期六 02:53:20 CST
             total       used       free     shared    buffers     cached
Mem:         15945       9877       6067          0        122       7690
-/+ buffers/cache:       2064      13880
Swap:         8039          0       8039

2019年 07月 27日 星期六 02:53:24 CST
             total       used       free     shared    buffers     cached
Mem:         15945       9877       6068          0        122       7690
-/+ buffers/cache:       2063      13881
Swap:         8039          0       8039

2019年 07月 27日 星期六 02:53:28 CST
             total       used       free     shared    buffers     cached
Mem:         15945       9876       6069          0        122       7690
-/+ buffers/cache:       2063      13882
Swap:         8039          0       8039

2019年 07月 27日 星期六 02:53:32 CST
             total       used       free     shared    buffers     cached
Mem:         15945       9876       6069          0        122       7690
-/+ buffers/cache:       2063      13882
Swap:         8039          0       8039

2019年 07月 27日 星期六 02:53:36 CST
             total       used       free     shared    buffers     cached
Mem:         15945       9876       6069          0        122       7690
-/+ buffers/cache:       2062      13882
Swap:         8039          0       8039

2019年 07月 27日 星期六 02:53:40 CST
             total       used       free     shared    buffers     cached
Mem:         15945       9875       6069          0        122       7690
-/+ buffers/cache:       2062      13882
Swap:         8039          0       8039

2019年 07月 27日 星期六 02:53:44 CST
             total       used       free     shared    buffers     cached
Mem:         15945       9875       6069          0        122       7690
-/+ buffers/cache:       2062      13882
Swap:         8039          0       8039

2019年 07月 27日 星期六 02:53:48 CST
             total       used       free     shared    buffers     cached
Mem:         15945       9874       6070          0        122       7690
-/+ buffers/cache:       2061      13884
Swap:         8039          0       8039

2019年 07月 27日 星期六 02:53:52 CST
             total       used       free     shared    buffers     cached
Mem:         15945       9874       6070          0        122       7690
-/+ buffers/cache:       2061      13883
Swap:         8039          0       8039

2019年 07月 27日 星期六 02:53:56 CST
             total       used       free     shared    buffers     cached
Mem:         15945       9875       6070          0        122       7690
-/+ buffers/cache:       2061      13883
Swap:         8039          0       8039

2019年 07月 27日 星期六 02:54:00 CST
             total       used       free     shared    buffers     cached
Mem:         15945       9875       6070          0        122       7690
-/+ buffers/cache:       2062      13883
Swap:         8039          0       8039

2019年 07月 27日 星期六 02:54:04 CST
             total       used       free     shared    buffers     cached
Mem:         15945       9875       6070          0        122       7690
-/+ buffers/cache:       2061      13883
Swap:         8039          0       8039

2019年 07月 27日 星期六 02:54:08 CST
             total       used       free     shared    buffers     cached
Mem:         15945       9875       6070          0        122       7690
-/+ buffers/cache:       2062      13883
Swap:         8039          0       8039

2019年 07月 27日 星期六 02:54:12 CST
             total       used       free     shared    buffers     cached
Mem:         15945       9875       6070          0        122       7690
-/+ buffers/cache:       2061      13883
Swap:         8039          0       8039

2019年 07月 27日 星期六 02:54:16 CST
             total       used       free     shared    buffers     cached
Mem:         15945       9874       6070          0        122       7690
-/+ buffers/cache:       2061      13883
Swap:         8039          0       8039

2019年 07月 27日 星期六 02:54:20 CST
             total       used       free     shared    buffers     cached
Mem:         15945       9874       6070          0        122       7690
-/+ buffers/cache:       2061      13884
Swap:         8039          0       8039

2019年 07月 27日 星期六 02:54:24 CST
             total       used       free     shared    buffers     cached
Mem:         15945       9874       6070          0        122       7690
-/+ buffers/cache:       2061      13884
Swap:         8039          0       8039

2019年 07月 27日 星期六 02:54:28 CST
             total       used       free     shared    buffers     cached
Mem:         15945       9874       6070          0        122       7690
-/+ buffers/cache:       2061      13884
Swap:         8039          0       8039

2019年 07月 27日 星期六 02:54:32 CST
             total       used       free     shared    buffers     cached
Mem:         15945       9874       6071          0        122       7690
-/+ buffers/cache:       2061      13884
Swap:         8039          0       8039

2019年 07月 27日 星期六 02:54:36 CST
             total       used       free     shared    buffers     cached
Mem:         15945       9874       6071          0        122       7690
-/+ buffers/cache:       2061      13884
Swap:         8039          0       8039

2019年 07月 27日 星期六 02:54:40 CST
             total       used       free     shared    buffers     cached
Mem:         15945       9878       6067          0        122       7692
-/+ buffers/cache:       2063      13882
Swap:         8039          0       8039

2019年 07月 27日 星期六 02:54:44 CST
             total       used       free     shared    buffers     cached
Mem:         15945       9878       6067          0        122       7692
-/+ buffers/cache:       2063      13882
Swap:         8039          0       8039

2019年 07月 27日 星期六 02:54:48 CST
             total       used       free     shared    buffers     cached
Mem:         15945       9877       6068          0        122       7692
-/+ buffers/cache:       2062      13883
Swap:         8039          0       8039

2019年 07月 27日 星期六 02:54:52 CST
             total       used       free     shared    buffers     cached
Mem:         15945       9877       6067          0        122       7692
-/+ buffers/cache:       2062      13882
Swap:         8039          0       8039

2019年 07月 27日 星期六 02:54:57 CST
             total       used       free     shared    buffers     cached
Mem:         15945       9877       6067          0        122       7692
-/+ buffers/cache:       2062      13882
Swap:         8039          0       8039

2019年 07月 27日 星期六 02:55:01 CST
             total       used       free     shared    buffers     cached
Mem:         15945       9877       6067          0        122       7692
-/+ buffers/cache:       2062      13882
Swap:         8039          0       8039

2019年 07月 27日 星期六 02:55:05 CST
             total       used       free     shared    buffers     cached
Mem:         15945       9877       6068          0        122       7692
-/+ buffers/cache:       2062      13883
Swap:         8039          0       8039

2019年 07月 27日 星期六 02:55:09 CST
             total       used       free     shared    buffers     cached
Mem:         15945       9877       6068          0        122       7692
-/+ buffers/cache:       2062      13883
Swap:         8039          0       8039

2019年 07月 27日 星期六 02:55:13 CST
             total       used       free     shared    buffers     cached
Mem:         15945       9877       6068          0        122       7692
-/+ buffers/cache:       2062      13883
Swap:         8039          0       8039

2019年 07月 27日 星期六 02:55:17 CST
             total       used       free     shared    buffers     cached
Mem:         15945       9877       6068          0        122       7692
-/+ buffers/cache:       2062      13883
Swap:         8039          0       8039

2019年 07月 27日 星期六 02:55:21 CST
             total       used       free     shared    buffers     cached
Mem:         15945       9877       6068          0        122       7692
-/+ buffers/cache:       2062      13883
Swap:         8039          0       8039

2019年 07月 27日 星期六 02:55:25 CST
             total       used       free     shared    buffers     cached
Mem:         15945       9877       6067          0        122       7692
-/+ buffers/cache:       2062      13882
Swap:         8039          0       8039

