
Linux 2.6.32-431.el6.x86_64 (slave1) 	2019年07月24日 	_x86_64_	(8 CPU)

05时21分27秒  CPU    %usr   %nice    %sys %iowait    %irq   %soft  %steal  %guest   %idle
05时21分28秒  all    0.00    0.00    0.13    0.00    0.00    0.00    0.00    0.00   99.87
平均时间:  all    0.00    0.00    0.13    0.00    0.00    0.00    0.00    0.00   99.87

Linux 2.6.32-431.el6.x86_64 (slave1) 	2019年07月24日 	_x86_64_	(8 CPU)

05时21分31秒  CPU    %usr   %nice    %sys %iowait    %irq   %soft  %steal  %guest   %idle
05时21分32秒  all    0.00    0.00    0.00    0.00    0.00    0.00    0.00    0.00  100.00
平均时间:  all    0.00    0.00    0.00    0.00    0.00    0.00    0.00    0.00  100.00

Linux 2.6.32-431.el6.x86_64 (slave1) 	2019年07月24日 	_x86_64_	(8 CPU)

05时21分35秒  CPU    %usr   %nice    %sys %iowait    %irq   %soft  %steal  %guest   %idle
05时21分36秒  all    0.00    0.00    0.00    0.00    0.00    0.00    0.00    0.00  100.00
平均时间:  all    0.00    0.00    0.00    0.00    0.00    0.00    0.00    0.00  100.00

Linux 2.6.32-431.el6.x86_64 (slave1) 	2019年07月24日 	_x86_64_	(8 CPU)

05时21分39秒  CPU    %usr   %nice    %sys %iowait    %irq   %soft  %steal  %guest   %idle
05时21分40秒  all    0.00    0.00    0.00    0.00    0.00    0.00    0.00    0.00  100.00
平均时间:  all    0.00    0.00    0.00    0.00    0.00    0.00    0.00    0.00  100.00

Linux 2.6.32-431.el6.x86_64 (slave1) 	2019年07月24日 	_x86_64_	(8 CPU)

05时21分43秒  CPU    %usr   %nice    %sys %iowait    %irq   %soft  %steal  %guest   %idle
05时21分44秒  all    0.00    0.00    0.00    0.00    0.00    0.00    0.00    0.00  100.00
平均时间:  all    0.00    0.00    0.00    0.00    0.00    0.00    0.00    0.00  100.00

Linux 2.6.32-431.el6.x86_64 (slave1) 	2019年07月24日 	_x86_64_	(8 CPU)

05时21分47秒  CPU    %usr   %nice    %sys %iowait    %irq   %soft  %steal  %guest   %idle
05时21分48秒  all    0.65    0.00    9.27    0.13    0.39    7.83    0.00    0.00   81.72
平均时间:  all    0.65    0.00    9.27    0.13    0.39    7.83    0.00    0.00   81.72

Linux 2.6.32-431.el6.x86_64 (slave1) 	2019年07月24日 	_x86_64_	(8 CPU)

05时21分51秒  CPU    %usr   %nice    %sys %iowait    %irq   %soft  %steal  %guest   %idle
05时21分52秒  all    8.60    0.00   11.69    0.00    0.67   20.97    0.00    0.00   58.06
平均时间:  all    8.60    0.00   11.69    0.00    0.67   20.97    0.00    0.00   58.06

Linux 2.6.32-431.el6.x86_64 (slave1) 	2019年07月24日 	_x86_64_	(8 CPU)

05时21分55秒  CPU    %usr   %nice    %sys %iowait    %irq   %soft  %steal  %guest   %idle
05时21分56秒  all   61.80    0.00   19.16    0.00    0.38   13.71    0.00    0.00    4.95
平均时间:  all   61.80    0.00   19.16    0.00    0.38   13.71    0.00    0.00    4.95

Linux 2.6.32-431.el6.x86_64 (slave1) 	2019年07月24日 	_x86_64_	(8 CPU)

05时21分59秒  CPU    %usr   %nice    %sys %iowait    %irq   %soft  %steal  %guest   %idle
05时22分00秒  all   73.56    0.00   16.67    0.00    0.38    9.40    0.00    0.00    0.00
平均时间:  all   73.56    0.00   16.67    0.00    0.38    9.40    0.00    0.00    0.00

Linux 2.6.32-431.el6.x86_64 (slave1) 	2019年07月24日 	_x86_64_	(8 CPU)

05时22分03秒  CPU    %usr   %nice    %sys %iowait    %irq   %soft  %steal  %guest   %idle
05时22分04秒  all   68.79    0.00   16.35    0.00    0.25   14.61    0.00    0.00    0.00
平均时间:  all   68.79    0.00   16.35    0.00    0.25   14.61    0.00    0.00    0.00

Linux 2.6.32-431.el6.x86_64 (slave1) 	2019年07月24日 	_x86_64_	(8 CPU)

05时22分07秒  CPU    %usr   %nice    %sys %iowait    %irq   %soft  %steal  %guest   %idle
05时22分08秒  all   68.80    0.00   16.67    0.00    0.13   14.41    0.00    0.00    0.00
平均时间:  all   68.80    0.00   16.67    0.00    0.13   14.41    0.00    0.00    0.00

Linux 2.6.32-431.el6.x86_64 (slave1) 	2019年07月24日 	_x86_64_	(8 CPU)

05时22分11秒  CPU    %usr   %nice    %sys %iowait    %irq   %soft  %steal  %guest   %idle
05时22分12秒  all   81.38    0.00   14.88    0.00    0.25    3.50    0.00    0.00    0.00
平均时间:  all   81.38    0.00   14.88    0.00    0.25    3.50    0.00    0.00    0.00

Linux 2.6.32-431.el6.x86_64 (slave1) 	2019年07月24日 	_x86_64_	(8 CPU)

05时22分15秒  CPU    %usr   %nice    %sys %iowait    %irq   %soft  %steal  %guest   %idle
05时22分16秒  all   82.35    0.00   14.77    0.00    0.25    2.63    0.00    0.00    0.00
平均时间:  all   82.35    0.00   14.77    0.00    0.25    2.63    0.00    0.00    0.00

Linux 2.6.32-431.el6.x86_64 (slave1) 	2019年07月24日 	_x86_64_	(8 CPU)

05时22分19秒  CPU    %usr   %nice    %sys %iowait    %irq   %soft  %steal  %guest   %idle
05时22分20秒  all   92.75    0.00    7.12    0.00    0.00    0.00    0.00    0.00    0.12
平均时间:  all   92.75    0.00    7.12    0.00    0.00    0.00    0.00    0.00    0.12

Linux 2.6.32-431.el6.x86_64 (slave1) 	2019年07月24日 	_x86_64_	(8 CPU)

05时22分23秒  CPU    %usr   %nice    %sys %iowait    %irq   %soft  %steal  %guest   %idle
05时22分24秒  all   39.85    0.00    3.70    0.00    0.00    0.00    0.00    0.00   56.45
平均时间:  all   39.85    0.00    3.70    0.00    0.00    0.00    0.00    0.00   56.45

Linux 2.6.32-431.el6.x86_64 (slave1) 	2019年07月24日 	_x86_64_	(8 CPU)

05时22分27秒  CPU    %usr   %nice    %sys %iowait    %irq   %soft  %steal  %guest   %idle
05时22分28秒  all   20.89    0.00    1.91    0.00    0.00    0.00    0.00    0.00   77.20
平均时间:  all   20.89    0.00    1.91    0.00    0.00    0.00    0.00    0.00   77.20

Linux 2.6.32-431.el6.x86_64 (slave1) 	2019年07月24日 	_x86_64_	(8 CPU)

05时22分31秒  CPU    %usr   %nice    %sys %iowait    %irq   %soft  %steal  %guest   %idle
05时22分32秒  all    6.22    0.00    1.14    0.00    0.00    0.00    0.00    0.00   92.64
平均时间:  all    6.22    0.00    1.14    0.00    0.00    0.00    0.00    0.00   92.64

Linux 2.6.32-431.el6.x86_64 (slave1) 	2019年07月24日 	_x86_64_	(8 CPU)

05时22分35秒  CPU    %usr   %nice    %sys %iowait    %irq   %soft  %steal  %guest   %idle
05时22分36秒  all   25.89    0.00    4.31    0.00    0.00    0.13    0.00    0.00   69.67
平均时间:  all   25.89    0.00    4.31    0.00    0.00    0.13    0.00    0.00   69.67

Linux 2.6.32-431.el6.x86_64 (slave1) 	2019年07月24日 	_x86_64_	(8 CPU)

05时22分39秒  CPU    %usr   %nice    %sys %iowait    %irq   %soft  %steal  %guest   %idle
05时22分40秒  all    2.80    0.00    0.76    0.00    0.00    0.00    0.00    0.00   96.44
平均时间:  all    2.80    0.00    0.76    0.00    0.00    0.00    0.00    0.00   96.44

Linux 2.6.32-431.el6.x86_64 (slave1) 	2019年07月24日 	_x86_64_	(8 CPU)

05时22分43秒  CPU    %usr   %nice    %sys %iowait    %irq   %soft  %steal  %guest   %idle
05时22分44秒  all   61.43    0.00    7.41    0.00    0.13    0.13    0.00    0.00   30.91
平均时间:  all   61.43    0.00    7.41    0.00    0.13    0.13    0.00    0.00   30.91

Linux 2.6.32-431.el6.x86_64 (slave1) 	2019年07月24日 	_x86_64_	(8 CPU)

05时22分47秒  CPU    %usr   %nice    %sys %iowait    %irq   %soft  %steal  %guest   %idle
05时22分48秒  all   90.74    0.00    7.26    0.00    0.00    1.00    0.00    0.00    1.00
平均时间:  all   90.74    0.00    7.26    0.00    0.00    1.00    0.00    0.00    1.00

Linux 2.6.32-431.el6.x86_64 (slave1) 	2019年07月24日 	_x86_64_	(8 CPU)

05时22分51秒  CPU    %usr   %nice    %sys %iowait    %irq   %soft  %steal  %guest   %idle
05时22分52秒  all   59.51    0.00    7.46    0.00    0.00    0.13    0.00    0.00   32.90
平均时间:  all   59.51    0.00    7.46    0.00    0.00    0.13    0.00    0.00   32.90

Linux 2.6.32-431.el6.x86_64 (slave1) 	2019年07月24日 	_x86_64_	(8 CPU)

05时22分55秒  CPU    %usr   %nice    %sys %iowait    %irq   %soft  %steal  %guest   %idle
05时22分56秒  all   77.37    0.00   10.11    0.00    0.00    0.13    0.00    0.00   12.39
平均时间:  all   77.37    0.00   10.11    0.00    0.00    0.13    0.00    0.00   12.39

Linux 2.6.32-431.el6.x86_64 (slave1) 	2019年07月24日 	_x86_64_	(8 CPU)

05时22分59秒  CPU    %usr   %nice    %sys %iowait    %irq   %soft  %steal  %guest   %idle
05时23分00秒  all   49.87    0.00   11.57    0.00    0.00    2.57    0.00    0.00   35.99
平均时间:  all   49.87    0.00   11.57    0.00    0.00    2.57    0.00    0.00   35.99

Linux 2.6.32-431.el6.x86_64 (slave1) 	2019年07月24日 	_x86_64_	(8 CPU)

05时23分03秒  CPU    %usr   %nice    %sys %iowait    %irq   %soft  %steal  %guest   %idle
05时23分04秒  all   86.31    0.00   10.18    0.00    0.00    0.13    0.00    0.00    3.39
平均时间:  all   86.31    0.00   10.18    0.00    0.00    0.13    0.00    0.00    3.39

Linux 2.6.32-431.el6.x86_64 (slave1) 	2019年07月24日 	_x86_64_	(8 CPU)

05时23分08秒  CPU    %usr   %nice    %sys %iowait    %irq   %soft  %steal  %guest   %idle
05时23分09秒  all   77.27    0.00    9.72    0.00    0.13    0.13    0.00    0.00   12.75
平均时间:  all   77.27    0.00    9.72    0.00    0.13    0.13    0.00    0.00   12.75

Linux 2.6.32-431.el6.x86_64 (slave1) 	2019年07月24日 	_x86_64_	(8 CPU)

05时23分12秒  CPU    %usr   %nice    %sys %iowait    %irq   %soft  %steal  %guest   %idle
05时23分13秒  all   91.01    0.00    8.36    0.00    0.12    0.25    0.00    0.00    0.25
平均时间:  all   91.01    0.00    8.36    0.00    0.12    0.25    0.00    0.00    0.25

Linux 2.6.32-431.el6.x86_64 (slave1) 	2019年07月24日 	_x86_64_	(8 CPU)

05时23分16秒  CPU    %usr   %nice    %sys %iowait    %irq   %soft  %steal  %guest   %idle
05时23分17秒  all   37.23    0.00    2.80    0.00    0.00    1.14    0.00    0.00   58.83
平均时间:  all   37.23    0.00    2.80    0.00    0.00    1.14    0.00    0.00   58.83

Linux 2.6.32-431.el6.x86_64 (slave1) 	2019年07月24日 	_x86_64_	(8 CPU)

05时23分20秒  CPU    %usr   %nice    %sys %iowait    %irq   %soft  %steal  %guest   %idle
05时23分21秒  all   91.75    0.00    8.12    0.00    0.00    0.00    0.00    0.00    0.12
平均时间:  all   91.75    0.00    8.12    0.00    0.00    0.00    0.00    0.00    0.12

Linux 2.6.32-431.el6.x86_64 (slave1) 	2019年07月24日 	_x86_64_	(8 CPU)

05时23分24秒  CPU    %usr   %nice    %sys %iowait    %irq   %soft  %steal  %guest   %idle
05时23分25秒  all   63.73    0.00    3.90    0.00    0.00    0.50    0.00    0.00   31.86
平均时间:  all   63.73    0.00    3.90    0.00    0.00    0.50    0.00    0.00   31.86

Linux 2.6.32-431.el6.x86_64 (slave1) 	2019年07月24日 	_x86_64_	(8 CPU)

05时23分28秒  CPU    %usr   %nice    %sys %iowait    %irq   %soft  %steal  %guest   %idle
05时23分29秒  all   89.84    0.00    6.27    0.00    0.00    0.63    0.00    0.00    3.26
平均时间:  all   89.84    0.00    6.27    0.00    0.00    0.63    0.00    0.00    3.26

Linux 2.6.32-431.el6.x86_64 (slave1) 	2019年07月24日 	_x86_64_	(8 CPU)

05时23分32秒  CPU    %usr   %nice    %sys %iowait    %irq   %soft  %steal  %guest   %idle
05时23分33秒  all   72.33    0.00   10.31    0.00    0.00    1.38    0.00    0.00   15.97
平均时间:  all   72.33    0.00   10.31    0.00    0.00    1.38    0.00    0.00   15.97

Linux 2.6.32-431.el6.x86_64 (slave1) 	2019年07月24日 	_x86_64_	(8 CPU)

05时23分36秒  CPU    %usr   %nice    %sys %iowait    %irq   %soft  %steal  %guest   %idle
05时23分37秒  all   67.05    0.00    4.56    0.00    0.13    0.76    0.00    0.00   27.50
平均时间:  all   67.05    0.00    4.56    0.00    0.13    0.76    0.00    0.00   27.50

Linux 2.6.32-431.el6.x86_64 (slave1) 	2019年07月24日 	_x86_64_	(8 CPU)

05时23分40秒  CPU    %usr   %nice    %sys %iowait    %irq   %soft  %steal  %guest   %idle
05时23分41秒  all   90.36    0.00    3.13    0.00    0.13    0.88    0.00    0.00    5.51
平均时间:  all   90.36    0.00    3.13    0.00    0.13    0.88    0.00    0.00    5.51

Linux 2.6.32-431.el6.x86_64 (slave1) 	2019年07月24日 	_x86_64_	(8 CPU)

05时23分44秒  CPU    %usr   %nice    %sys %iowait    %irq   %soft  %steal  %guest   %idle
05时23分45秒  all   86.20    0.00    9.91    0.00    0.13    1.13    0.00    0.00    2.63
平均时间:  all   86.20    0.00    9.91    0.00    0.13    1.13    0.00    0.00    2.63

Linux 2.6.32-431.el6.x86_64 (slave1) 	2019年07月24日 	_x86_64_	(8 CPU)

05时23分48秒  CPU    %usr   %nice    %sys %iowait    %irq   %soft  %steal  %guest   %idle
05时23分49秒  all   44.75    0.00    3.67    0.00    0.00    0.00    0.00    0.00   51.58
平均时间:  all   44.75    0.00    3.67    0.00    0.00    0.00    0.00    0.00   51.58

Linux 2.6.32-431.el6.x86_64 (slave1) 	2019年07月24日 	_x86_64_	(8 CPU)

05时23分52秒  CPU    %usr   %nice    %sys %iowait    %irq   %soft  %steal  %guest   %idle
05时23分53秒  all   93.73    0.00    4.64    0.00    0.00    0.50    0.00    0.00    1.13
平均时间:  all   93.73    0.00    4.64    0.00    0.00    0.50    0.00    0.00    1.13

Linux 2.6.32-431.el6.x86_64 (slave1) 	2019年07月24日 	_x86_64_	(8 CPU)

05时23分56秒  CPU    %usr   %nice    %sys %iowait    %irq   %soft  %steal  %guest   %idle
05时23分57秒  all   79.42    0.00   13.13    0.00    0.00    0.88    0.00    0.00    6.57
平均时间:  all   79.42    0.00   13.13    0.00    0.00    0.88    0.00    0.00    6.57

Linux 2.6.32-431.el6.x86_64 (slave1) 	2019年07月24日 	_x86_64_	(8 CPU)

05时24分00秒  CPU    %usr   %nice    %sys %iowait    %irq   %soft  %steal  %guest   %idle
05时24分01秒  all   29.57    0.00    3.81    0.00    0.00    0.13    0.00    0.00   66.50
平均时间:  all   29.57    0.00    3.81    0.00    0.00    0.13    0.00    0.00   66.50

Linux 2.6.32-431.el6.x86_64 (slave1) 	2019年07月24日 	_x86_64_	(8 CPU)

05时24分04秒  CPU    %usr   %nice    %sys %iowait    %irq   %soft  %steal  %guest   %idle
05时24分05秒  all   88.74    0.00    9.64    0.00    0.00    0.00    0.00    0.00    1.63
平均时间:  all   88.74    0.00    9.64    0.00    0.00    0.00    0.00    0.00    1.63

Linux 2.6.32-431.el6.x86_64 (slave1) 	2019年07月24日 	_x86_64_	(8 CPU)

05时24分08秒  CPU    %usr   %nice    %sys %iowait    %irq   %soft  %steal  %guest   %idle
05时24分09秒  all   63.22    0.00   10.34    0.00    0.00    0.13    0.00    0.00   26.31
平均时间:  all   63.22    0.00   10.34    0.00    0.00    0.13    0.00    0.00   26.31

Linux 2.6.32-431.el6.x86_64 (slave1) 	2019年07月24日 	_x86_64_	(8 CPU)

05时24分12秒  CPU    %usr   %nice    %sys %iowait    %irq   %soft  %steal  %guest   %idle
05时24分13秒  all   60.64    0.00    6.37    0.00    0.00    1.15    0.00    0.00   31.85
平均时间:  all   60.64    0.00    6.37    0.00    0.00    1.15    0.00    0.00   31.85

Linux 2.6.32-431.el6.x86_64 (slave1) 	2019年07月24日 	_x86_64_	(8 CPU)

05时24分16秒  CPU    %usr   %nice    %sys %iowait    %irq   %soft  %steal  %guest   %idle
05时24分17秒  all   41.74    0.00    1.89    0.00    0.00    1.51    0.00    0.00   54.85
平均时间:  all   41.74    0.00    1.89    0.00    0.00    1.51    0.00    0.00   54.85

Linux 2.6.32-431.el6.x86_64 (slave1) 	2019年07月24日 	_x86_64_	(8 CPU)

05时24分20秒  CPU    %usr   %nice    %sys %iowait    %irq   %soft  %steal  %guest   %idle
05时24分21秒  all   84.57    0.00    4.89    0.00    0.00    0.38    0.00    0.00   10.16
平均时间:  all   84.57    0.00    4.89    0.00    0.00    0.38    0.00    0.00   10.16

Linux 2.6.32-431.el6.x86_64 (slave1) 	2019年07月24日 	_x86_64_	(8 CPU)

05时24分24秒  CPU    %usr   %nice    %sys %iowait    %irq   %soft  %steal  %guest   %idle
05时24分25秒  all   43.74    0.00    1.39    0.00    0.00    2.78    0.00    0.00   52.09
平均时间:  all   43.74    0.00    1.39    0.00    0.00    2.78    0.00    0.00   52.09

Linux 2.6.32-431.el6.x86_64 (slave1) 	2019年07月24日 	_x86_64_	(8 CPU)

05时24分28秒  CPU    %usr   %nice    %sys %iowait    %irq   %soft  %steal  %guest   %idle
05时24分29秒  all   46.67    0.00    1.64    0.00    0.00    0.88    0.00    0.00   50.82
平均时间:  all   46.67    0.00    1.64    0.00    0.00    0.88    0.00    0.00   50.82

Linux 2.6.32-431.el6.x86_64 (slave1) 	2019年07月24日 	_x86_64_	(8 CPU)

05时24分32秒  CPU    %usr   %nice    %sys %iowait    %irq   %soft  %steal  %guest   %idle
05时24分33秒  all   32.20    0.00    1.14    0.00    0.00    1.77    0.00    0.00   64.90
平均时间:  all   32.20    0.00    1.14    0.00    0.00    1.77    0.00    0.00   64.90

Linux 2.6.32-431.el6.x86_64 (slave1) 	2019年07月24日 	_x86_64_	(8 CPU)

05时24分36秒  CPU    %usr   %nice    %sys %iowait    %irq   %soft  %steal  %guest   %idle
05时24分37秒  all   98.62    0.00    1.38    0.00    0.00    0.00    0.00    0.00    0.00
平均时间:  all   98.62    0.00    1.38    0.00    0.00    0.00    0.00    0.00    0.00

Linux 2.6.32-431.el6.x86_64 (slave1) 	2019年07月24日 	_x86_64_	(8 CPU)

05时24分40秒  CPU    %usr   %nice    %sys %iowait    %irq   %soft  %steal  %guest   %idle
05时24分41秒  all   30.18    0.00    3.84    0.00    0.00    0.77    0.00    0.00   65.22
平均时间:  all   30.18    0.00    3.84    0.00    0.00    0.77    0.00    0.00   65.22

Linux 2.6.32-431.el6.x86_64 (slave1) 	2019年07月24日 	_x86_64_	(8 CPU)

05时24分44秒  CPU    %usr   %nice    %sys %iowait    %irq   %soft  %steal  %guest   %idle
05时24分45秒  all    0.00    0.00    0.38    0.00    0.00    0.38    0.00    0.00   99.25
平均时间:  all    0.00    0.00    0.38    0.00    0.00    0.38    0.00    0.00   99.25

Linux 2.6.32-431.el6.x86_64 (slave1) 	2019年07月24日 	_x86_64_	(8 CPU)

05时24分48秒  CPU    %usr   %nice    %sys %iowait    %irq   %soft  %steal  %guest   %idle
05时24分49秒  all    0.13    0.00    0.00    0.00    0.00    0.00    0.00    0.00   99.87
平均时间:  all    0.13    0.00    0.00    0.00    0.00    0.00    0.00    0.00   99.87

Linux 2.6.32-431.el6.x86_64 (slave1) 	2019年07月24日 	_x86_64_	(8 CPU)

05时24分52秒  CPU    %usr   %nice    %sys %iowait    %irq   %soft  %steal  %guest   %idle
05时24分53秒  all    0.00    0.00    0.00    0.00    0.00    0.00    0.00    0.00  100.00
平均时间:  all    0.00    0.00    0.00    0.00    0.00    0.00    0.00    0.00  100.00

Linux 2.6.32-431.el6.x86_64 (slave1) 	2019年07月24日 	_x86_64_	(8 CPU)
