
Linux 2.6.32-431.el6.x86_64 (slave2) 	2019年07月24日 	_x86_64_	(8 CPU)

05时21分28秒  CPU    %usr   %nice    %sys %iowait    %irq   %soft  %steal  %guest   %idle
05时21分29秒  all    0.00    0.00    0.00    0.00    0.00    0.00    0.00    0.00  100.00
平均时间:  all    0.00    0.00    0.00    0.00    0.00    0.00    0.00    0.00  100.00

Linux 2.6.32-431.el6.x86_64 (slave2) 	2019年07月24日 	_x86_64_	(8 CPU)

05时21分32秒  CPU    %usr   %nice    %sys %iowait    %irq   %soft  %steal  %guest   %idle
05时21分33秒  all    0.13    0.00    0.00    0.00    0.00    0.00    0.00    0.00   99.87
平均时间:  all    0.13    0.00    0.00    0.00    0.00    0.00    0.00    0.00   99.87

Linux 2.6.32-431.el6.x86_64 (slave2) 	2019年07月24日 	_x86_64_	(8 CPU)

05时21分36秒  CPU    %usr   %nice    %sys %iowait    %irq   %soft  %steal  %guest   %idle
05时21分37秒  all    0.13    0.00    0.00    0.00    0.00    0.00    0.00    0.00   99.87
平均时间:  all    0.13    0.00    0.00    0.00    0.00    0.00    0.00    0.00   99.87

Linux 2.6.32-431.el6.x86_64 (slave2) 	2019年07月24日 	_x86_64_	(8 CPU)

05时21分40秒  CPU    %usr   %nice    %sys %iowait    %irq   %soft  %steal  %guest   %idle
05时21分41秒  all    0.13    0.00    0.13    0.00    0.00    0.00    0.00    0.00   99.75
平均时间:  all    0.13    0.00    0.13    0.00    0.00    0.00    0.00    0.00   99.75

Linux 2.6.32-431.el6.x86_64 (slave2) 	2019年07月24日 	_x86_64_	(8 CPU)

05时21分44秒  CPU    %usr   %nice    %sys %iowait    %irq   %soft  %steal  %guest   %idle
05时21分45秒  all    0.13    0.00    0.13    0.00    0.00    0.00    0.00    0.00   99.75
平均时间:  all    0.13    0.00    0.13    0.00    0.00    0.00    0.00    0.00   99.75

Linux 2.6.32-431.el6.x86_64 (slave2) 	2019年07月24日 	_x86_64_	(8 CPU)

05时21分48秒  CPU    %usr   %nice    %sys %iowait    %irq   %soft  %steal  %guest   %idle
05时21分49秒  all    1.05    0.00    8.14    0.00    0.39    5.64    0.00    0.00   84.78
平均时间:  all    1.05    0.00    8.14    0.00    0.39    5.64    0.00    0.00   84.78

Linux 2.6.32-431.el6.x86_64 (slave2) 	2019年07月24日 	_x86_64_	(8 CPU)

05时21分52秒  CPU    %usr   %nice    %sys %iowait    %irq   %soft  %steal  %guest   %idle
05时21分53秒  all    1.31    0.00    7.60    0.00    0.66   16.25    0.00    0.00   74.18
平均时间:  all    1.31    0.00    7.60    0.00    0.66   16.25    0.00    0.00   74.18

Linux 2.6.32-431.el6.x86_64 (slave2) 	2019年07月24日 	_x86_64_	(8 CPU)

05时21分56秒  CPU    %usr   %nice    %sys %iowait    %irq   %soft  %steal  %guest   %idle
05时21分57秒  all    2.51    0.00   11.06    0.00    0.00    6.34    0.00    0.00   80.09
平均时间:  all    2.51    0.00   11.06    0.00    0.00    6.34    0.00    0.00   80.09

Linux 2.6.32-431.el6.x86_64 (slave2) 	2019年07月24日 	_x86_64_	(8 CPU)

05时22分00秒  CPU    %usr   %nice    %sys %iowait    %irq   %soft  %steal  %guest   %idle
05时22分01秒  all    1.01    0.00    7.64    0.00    0.14   12.10    0.00    0.00   79.11
平均时间:  all    1.01    0.00    7.64    0.00    0.14   12.10    0.00    0.00   79.11

Linux 2.6.32-431.el6.x86_64 (slave2) 	2019年07月24日 	_x86_64_	(8 CPU)

05时22分04秒  CPU    %usr   %nice    %sys %iowait    %irq   %soft  %steal  %guest   %idle
05时22分05秒  all    1.17    0.00   10.43    0.00    0.39   11.34    0.00    0.00   76.66
平均时间:  all    1.17    0.00   10.43    0.00    0.39   11.34    0.00    0.00   76.66

Linux 2.6.32-431.el6.x86_64 (slave2) 	2019年07月24日 	_x86_64_	(8 CPU)

05时22分08秒  CPU    %usr   %nice    %sys %iowait    %irq   %soft  %steal  %guest   %idle
05时22分09秒  all   18.13    0.00   14.00    0.00    0.13    4.67    0.00    0.00   63.07
平均时间:  all   18.13    0.00   14.00    0.00    0.13    4.67    0.00    0.00   63.07

Linux 2.6.32-431.el6.x86_64 (slave2) 	2019年07月24日 	_x86_64_	(8 CPU)

05时22分12秒  CPU    %usr   %nice    %sys %iowait    %irq   %soft  %steal  %guest   %idle
05时22分13秒  all   41.42    0.00   17.66    0.00    0.13    6.48    0.00    0.00   34.31
平均时间:  all   41.42    0.00   17.66    0.00    0.13    6.48    0.00    0.00   34.31

Linux 2.6.32-431.el6.x86_64 (slave2) 	2019年07月24日 	_x86_64_	(8 CPU)

05时22分16秒  CPU    %usr   %nice    %sys %iowait    %irq   %soft  %steal  %guest   %idle
05时22分17秒  all   88.86    0.00   10.64    0.00    0.00    0.25    0.00    0.00    0.25
平均时间:  all   88.86    0.00   10.64    0.00    0.00    0.25    0.00    0.00    0.25

Linux 2.6.32-431.el6.x86_64 (slave2) 	2019年07月24日 	_x86_64_	(8 CPU)

05时22分20秒  CPU    %usr   %nice    %sys %iowait    %irq   %soft  %steal  %guest   %idle
05时22分21秒  all   90.88    0.00    9.12    0.00    0.00    0.00    0.00    0.00    0.00
平均时间:  all   90.88    0.00    9.12    0.00    0.00    0.00    0.00    0.00    0.00

Linux 2.6.32-431.el6.x86_64 (slave2) 	2019年07月24日 	_x86_64_	(8 CPU)

05时22分24秒  CPU    %usr   %nice    %sys %iowait    %irq   %soft  %steal  %guest   %idle
05时22分25秒  all   81.74    0.00    8.56    0.00    0.00    0.00    0.00    0.00    9.70
平均时间:  all   81.74    0.00    8.56    0.00    0.00    0.00    0.00    0.00    9.70

Linux 2.6.32-431.el6.x86_64 (slave2) 	2019年07月24日 	_x86_64_	(8 CPU)

05时22分28秒  CPU    %usr   %nice    %sys %iowait    %irq   %soft  %steal  %guest   %idle
05时22分29秒  all   87.25    0.00    8.08    0.00    0.00    0.00    0.00    0.00    4.67
平均时间:  all   87.25    0.00    8.08    0.00    0.00    0.00    0.00    0.00    4.67

Linux 2.6.32-431.el6.x86_64 (slave2) 	2019年07月24日 	_x86_64_	(8 CPU)

05时22分32秒  CPU    %usr   %nice    %sys %iowait    %irq   %soft  %steal  %guest   %idle
05时22分33秒  all   23.34    0.00    5.36    0.00    0.00    0.77    0.00    0.00   70.54
平均时间:  all   23.34    0.00    5.36    0.00    0.00    0.77    0.00    0.00   70.54

Linux 2.6.32-431.el6.x86_64 (slave2) 	2019年07月24日 	_x86_64_	(8 CPU)

05时22分36秒  CPU    %usr   %nice    %sys %iowait    %irq   %soft  %steal  %guest   %idle
05时22分37秒  all    3.80    0.00    0.89    0.00    0.00    0.00    0.00    0.00   95.32
平均时间:  all    3.80    0.00    0.89    0.00    0.00    0.00    0.00    0.00   95.32

Linux 2.6.32-431.el6.x86_64 (slave2) 	2019年07月24日 	_x86_64_	(8 CPU)

05时22分40秒  CPU    %usr   %nice    %sys %iowait    %irq   %soft  %steal  %guest   %idle
05时22分41秒  all   84.49    0.00    8.32    0.00    0.00    0.00    0.00    0.00    7.19
平均时间:  all   84.49    0.00    8.32    0.00    0.00    0.00    0.00    0.00    7.19

Linux 2.6.32-431.el6.x86_64 (slave2) 	2019年07月24日 	_x86_64_	(8 CPU)

05时22分44秒  CPU    %usr   %nice    %sys %iowait    %irq   %soft  %steal  %guest   %idle
05时22分45秒  all   50.58    0.00    8.19    0.00    0.00    0.00    0.00    0.00   41.23
平均时间:  all   50.58    0.00    8.19    0.00    0.00    0.00    0.00    0.00   41.23

Linux 2.6.32-431.el6.x86_64 (slave2) 	2019年07月24日 	_x86_64_	(8 CPU)

05时22分48秒  CPU    %usr   %nice    %sys %iowait    %irq   %soft  %steal  %guest   %idle
05时22分49秒  all   89.49    0.00    7.51    0.00    0.00    1.50    0.00    0.00    1.50
平均时间:  all   89.49    0.00    7.51    0.00    0.00    1.50    0.00    0.00    1.50

Linux 2.6.32-431.el6.x86_64 (slave2) 	2019年07月24日 	_x86_64_	(8 CPU)

05时22分52秒  CPU    %usr   %nice    %sys %iowait    %irq   %soft  %steal  %guest   %idle
05时22分53秒  all   48.41    0.00    4.71    0.00    0.00    0.00    0.00    0.00   46.88
平均时间:  all   48.41    0.00    4.71    0.00    0.00    0.00    0.00    0.00   46.88

Linux 2.6.32-431.el6.x86_64 (slave2) 	2019年07月24日 	_x86_64_	(8 CPU)

05时22分56秒  CPU    %usr   %nice    %sys %iowait    %irq   %soft  %steal  %guest   %idle
05时22分57秒  all   73.58    0.00    7.84    0.00    0.00    0.00    0.00    0.00   18.58
平均时间:  all   73.58    0.00    7.84    0.00    0.00    0.00    0.00    0.00   18.58

Linux 2.6.32-431.el6.x86_64 (slave2) 	2019年07月24日 	_x86_64_	(8 CPU)

05时23分00秒  CPU    %usr   %nice    %sys %iowait    %irq   %soft  %steal  %guest   %idle
05时23分01秒  all   53.95    0.00    7.89    0.00    0.00    0.39    0.00    0.00   37.76
平均时间:  all   53.95    0.00    7.89    0.00    0.00    0.39    0.00    0.00   37.76

Linux 2.6.32-431.el6.x86_64 (slave2) 	2019年07月24日 	_x86_64_	(8 CPU)

05时23分04秒  CPU    %usr   %nice    %sys %iowait    %irq   %soft  %steal  %guest   %idle
05时23分05秒  all   53.57    0.00    7.14    0.00    0.00    0.00    0.00    0.00   39.29
平均时间:  all   53.57    0.00    7.14    0.00    0.00    0.00    0.00    0.00   39.29

Linux 2.6.32-431.el6.x86_64 (slave2) 	2019年07月24日 	_x86_64_	(8 CPU)

05时23分08秒  CPU    %usr   %nice    %sys %iowait    %irq   %soft  %steal  %guest   %idle
05时23分09秒  all   84.22    0.00    8.84    0.00    0.00    0.13    0.00    0.00    6.82
平均时间:  all   84.22    0.00    8.84    0.00    0.00    0.13    0.00    0.00    6.82

Linux 2.6.32-431.el6.x86_64 (slave2) 	2019年07月24日 	_x86_64_	(8 CPU)

05时23分12秒  CPU    %usr   %nice    %sys %iowait    %irq   %soft  %steal  %guest   %idle
05时23分13秒  all   50.00    0.00    4.72    0.00    0.13    0.38    0.00    0.00   44.77
平均时间:  all   50.00    0.00    4.72    0.00    0.13    0.38    0.00    0.00   44.77

Linux 2.6.32-431.el6.x86_64 (slave2) 	2019年07月24日 	_x86_64_	(8 CPU)

05时23分16秒  CPU    %usr   %nice    %sys %iowait    %irq   %soft  %steal  %guest   %idle
05时23分17秒  all   54.51    0.00    6.61    0.00    0.00    0.25    0.00    0.00   38.63
平均时间:  all   54.51    0.00    6.61    0.00    0.00    0.25    0.00    0.00   38.63

Linux 2.6.32-431.el6.x86_64 (slave2) 	2019年07月24日 	_x86_64_	(8 CPU)

05时23分20秒  CPU    %usr   %nice    %sys %iowait    %irq   %soft  %steal  %guest   %idle
05时23分21秒  all   59.34    0.00    8.26    0.00    0.00    0.38    0.00    0.00   32.02
平均时间:  all   59.34    0.00    8.26    0.00    0.00    0.38    0.00    0.00   32.02

Linux 2.6.32-431.el6.x86_64 (slave2) 	2019年07月24日 	_x86_64_	(8 CPU)

05时23分24秒  CPU    %usr   %nice    %sys %iowait    %irq   %soft  %steal  %guest   %idle
05时23分25秒  all   78.37    0.00    7.51    0.00    0.00    0.25    0.00    0.00   13.87
平均时间:  all   78.37    0.00    7.51    0.00    0.00    0.25    0.00    0.00   13.87

Linux 2.6.32-431.el6.x86_64 (slave2) 	2019年07月24日 	_x86_64_	(8 CPU)

05时23分28秒  CPU    %usr   %nice    %sys %iowait    %irq   %soft  %steal  %guest   %idle
05时23分29秒  all   92.97    0.00    5.90    0.00    0.00    0.38    0.00    0.00    0.75
平均时间:  all   92.97    0.00    5.90    0.00    0.00    0.38    0.00    0.00    0.75

Linux 2.6.32-431.el6.x86_64 (slave2) 	2019年07月24日 	_x86_64_	(8 CPU)

05时23分32秒  CPU    %usr   %nice    %sys %iowait    %irq   %soft  %steal  %guest   %idle
05时23分33秒  all   86.81    0.00    7.16    0.00    0.00    0.50    0.00    0.00    5.53
平均时间:  all   86.81    0.00    7.16    0.00    0.00    0.50    0.00    0.00    5.53

Linux 2.6.32-431.el6.x86_64 (slave2) 	2019年07月24日 	_x86_64_	(8 CPU)

05时23分36秒  CPU    %usr   %nice    %sys %iowait    %irq   %soft  %steal  %guest   %idle
05时23分37秒  all   69.34    0.00    7.12    0.00    0.13    1.02    0.00    0.00   22.39
平均时间:  all   69.34    0.00    7.12    0.00    0.13    1.02    0.00    0.00   22.39

Linux 2.6.32-431.el6.x86_64 (slave2) 	2019年07月24日 	_x86_64_	(8 CPU)

05时23分40秒  CPU    %usr   %nice    %sys %iowait    %irq   %soft  %steal  %guest   %idle
05时23分41秒  all   87.91    0.00    8.82    0.00    0.00    1.01    0.00    0.00    2.27
平均时间:  all   87.91    0.00    8.82    0.00    0.00    1.01    0.00    0.00    2.27

Linux 2.6.32-431.el6.x86_64 (slave2) 	2019年07月24日 	_x86_64_	(8 CPU)

05时23分44秒  CPU    %usr   %nice    %sys %iowait    %irq   %soft  %steal  %guest   %idle
05时23分45秒  all   80.61    0.00    9.89    0.00    0.13    1.39    0.00    0.00    7.98
平均时间:  all   80.61    0.00    9.89    0.00    0.13    1.39    0.00    0.00    7.98

Linux 2.6.32-431.el6.x86_64 (slave2) 	2019年07月24日 	_x86_64_	(8 CPU)

05时23分48秒  CPU    %usr   %nice    %sys %iowait    %irq   %soft  %steal  %guest   %idle
05时23分49秒  all   71.14    0.00    7.54    0.00    0.00    1.66    0.00    0.00   19.67
平均时间:  all   71.14    0.00    7.54    0.00    0.00    1.66    0.00    0.00   19.67

Linux 2.6.32-431.el6.x86_64 (slave2) 	2019年07月24日 	_x86_64_	(8 CPU)

05时23分53秒  CPU    %usr   %nice    %sys %iowait    %irq   %soft  %steal  %guest   %idle
05时23分54秒  all   81.19    0.00    3.41    0.00    0.00    0.51    0.00    0.00   14.90
平均时间:  all   81.19    0.00    3.41    0.00    0.00    0.51    0.00    0.00   14.90

Linux 2.6.32-431.el6.x86_64 (slave2) 	2019年07月24日 	_x86_64_	(8 CPU)

05时23分57秒  CPU    %usr   %nice    %sys %iowait    %irq   %soft  %steal  %guest   %idle
05时23分58秒  all   53.55    0.00   13.42    0.00    0.13    4.00    0.00    0.00   28.90
平均时间:  all   53.55    0.00   13.42    0.00    0.13    4.00    0.00    0.00   28.90

Linux 2.6.32-431.el6.x86_64 (slave2) 	2019年07月24日 	_x86_64_	(8 CPU)

05时24分01秒  CPU    %usr   %nice    %sys %iowait    %irq   %soft  %steal  %guest   %idle
05时24分02秒  all   69.20    0.00    5.83    0.00    0.00    0.25    0.00    0.00   24.71
平均时间:  all   69.20    0.00    5.83    0.00    0.00    0.25    0.00    0.00   24.71

Linux 2.6.32-431.el6.x86_64 (slave2) 	2019年07月24日 	_x86_64_	(8 CPU)

05时24分05秒  CPU    %usr   %nice    %sys %iowait    %irq   %soft  %steal  %guest   %idle
05时24分06秒  all   41.43    0.00    8.82    0.00    0.00    1.02    0.00    0.00   48.72
平均时间:  all   41.43    0.00    8.82    0.00    0.00    1.02    0.00    0.00   48.72

Linux 2.6.32-431.el6.x86_64 (slave2) 	2019年07月24日 	_x86_64_	(8 CPU)

05时24分09秒  CPU    %usr   %nice    %sys %iowait    %irq   %soft  %steal  %guest   %idle
05时24分10秒  all   58.06    0.00    7.54    0.00    0.00    0.13    0.00    0.00   34.27
平均时间:  all   58.06    0.00    7.54    0.00    0.00    0.13    0.00    0.00   34.27

Linux 2.6.32-431.el6.x86_64 (slave2) 	2019年07月24日 	_x86_64_	(8 CPU)

05时24分13秒  CPU    %usr   %nice    %sys %iowait    %irq   %soft  %steal  %guest   %idle
05时24分14秒  all   58.15    0.00    6.03    0.00    0.13    0.90    0.00    0.00   34.79
平均时间:  all   58.15    0.00    6.03    0.00    0.13    0.90    0.00    0.00   34.79

Linux 2.6.32-431.el6.x86_64 (slave2) 	2019年07月24日 	_x86_64_	(8 CPU)

05时24分17秒  CPU    %usr   %nice    %sys %iowait    %irq   %soft  %steal  %guest   %idle
05时24分18秒  all    1.26    0.00    1.64    0.00    0.00    0.00    0.00    0.00   97.10
平均时间:  all    1.26    0.00    1.64    0.00    0.00    0.00    0.00    0.00   97.10

Linux 2.6.32-431.el6.x86_64 (slave2) 	2019年07月24日 	_x86_64_	(8 CPU)

05时24分21秒  CPU    %usr   %nice    %sys %iowait    %irq   %soft  %steal  %guest   %idle
05时24分22秒  all    6.79    0.00    0.50    0.00    0.00    0.00    0.00    0.00   92.70
平均时间:  all    6.79    0.00    0.50    0.00    0.00    0.00    0.00    0.00   92.70

Linux 2.6.32-431.el6.x86_64 (slave2) 	2019年07月24日 	_x86_64_	(8 CPU)

05时24分25秒  CPU    %usr   %nice    %sys %iowait    %irq   %soft  %steal  %guest   %idle
05时24分26秒  all    0.13    0.00    0.75    0.00    0.00    1.01    0.00    0.00   98.12
平均时间:  all    0.13    0.00    0.75    0.00    0.00    1.01    0.00    0.00   98.12

Linux 2.6.32-431.el6.x86_64 (slave2) 	2019年07月24日 	_x86_64_	(8 CPU)

05时24分29秒  CPU    %usr   %nice    %sys %iowait    %irq   %soft  %steal  %guest   %idle
05时24分30秒  all    0.38    0.00    0.13    0.00    0.00    0.00    0.00    0.00   99.50
平均时间:  all    0.38    0.00    0.13    0.00    0.00    0.00    0.00    0.00   99.50

Linux 2.6.32-431.el6.x86_64 (slave2) 	2019年07月24日 	_x86_64_	(8 CPU)

05时24分33秒  CPU    %usr   %nice    %sys %iowait    %irq   %soft  %steal  %guest   %idle
05时24分34秒  all    0.50    0.00    0.25    0.00    0.00    0.00    0.00    0.00   99.25
平均时间:  all    0.50    0.00    0.25    0.00    0.00    0.00    0.00    0.00   99.25

Linux 2.6.32-431.el6.x86_64 (slave2) 	2019年07月24日 	_x86_64_	(8 CPU)

05时24分37秒  CPU    %usr   %nice    %sys %iowait    %irq   %soft  %steal  %guest   %idle
05时24分38秒  all    0.16    0.00    0.08    0.00    0.00    0.00    0.00    0.00   99.77
平均时间:  all    0.16    0.00    0.08    0.00    0.00    0.00    0.00    0.00   99.77

Linux 2.6.32-431.el6.x86_64 (slave2) 	2019年07月24日 	_x86_64_	(8 CPU)

05时24分41秒  CPU    %usr   %nice    %sys %iowait    %irq   %soft  %steal  %guest   %idle
05时24分42秒  all    5.18    0.00    3.16    0.00    0.00    0.13    0.00    0.00   91.54
平均时间:  all    5.18    0.00    3.16    0.00    0.00    0.13    0.00    0.00   91.54

Linux 2.6.32-431.el6.x86_64 (slave2) 	2019年07月24日 	_x86_64_	(8 CPU)

05时24分45秒  CPU    %usr   %nice    %sys %iowait    %irq   %soft  %steal  %guest   %idle
05时24分46秒  all    0.00    0.00    0.00    0.00    0.00    0.00    0.00    0.00  100.00
平均时间:  all    0.00    0.00    0.00    0.00    0.00    0.00    0.00    0.00  100.00

Linux 2.6.32-431.el6.x86_64 (slave2) 	2019年07月24日 	_x86_64_	(8 CPU)

05时24分49秒  CPU    %usr   %nice    %sys %iowait    %irq   %soft  %steal  %guest   %idle
05时24分50秒  all    0.00    0.00    0.00    0.00    0.00    0.00    0.00    0.00  100.00
平均时间:  all    0.00    0.00    0.00    0.00    0.00    0.00    0.00    0.00  100.00

Linux 2.6.32-431.el6.x86_64 (slave2) 	2019年07月24日 	_x86_64_	(8 CPU)

05时24分53秒  CPU    %usr   %nice    %sys %iowait    %irq   %soft  %steal  %guest   %idle
05时24分54秒  all    0.38    0.00    0.13    0.00    0.00    0.00    0.00    0.00   99.50
平均时间:  all    0.38    0.00    0.13    0.00    0.00    0.00    0.00    0.00   99.50

Linux 2.6.32-431.el6.x86_64 (slave2) 	2019年07月24日 	_x86_64_	(8 CPU)
