
2019年 07月 24日 星期三 05:21:29 CST
             total       used       free     shared    buffers     cached
Mem:         15945       8588       7356          0         50       6620
-/+ buffers/cache:       1917      14028
Swap:         8039          0       8039

2019年 07月 24日 星期三 05:21:33 CST
             total       used       free     shared    buffers     cached
Mem:         15945       8588       7356          0         50       6620
-/+ buffers/cache:       1917      14028
Swap:         8039          0       8039

2019年 07月 24日 星期三 05:21:37 CST
             total       used       free     shared    buffers     cached
Mem:         15945       8588       7356          0         50       6620
-/+ buffers/cache:       1917      14028
Swap:         8039          0       8039

2019年 07月 24日 星期三 05:21:41 CST
             total       used       free     shared    buffers     cached
Mem:         15945       8588       7356          0         50       6620
-/+ buffers/cache:       1917      14027
Swap:         8039          0       8039

2019年 07月 24日 星期三 05:21:45 CST
             total       used       free     shared    buffers     cached
Mem:         15945       8588       7356          0         50       6620
-/+ buffers/cache:       1917      14027
Swap:         8039          0       8039

2019年 07月 24日 星期三 05:21:49 CST
             total       used       free     shared    buffers     cached
Mem:         15945       8786       7159          0         50       6817
-/+ buffers/cache:       1918      14026
Swap:         8039          0       8039

2019年 07月 24日 星期三 05:21:53 CST
             total       used       free     shared    buffers     cached
Mem:         15945       9048       6897          0         50       7074
-/+ buffers/cache:       1922      14022
Swap:         8039          0       8039

2019年 07月 24日 星期三 05:21:57 CST
             total       used       free     shared    buffers     cached
Mem:         15945       9274       6670          0         50       7300
-/+ buffers/cache:       1923      14021
Swap:         8039          0       8039

2019年 07月 24日 星期三 05:22:01 CST
             total       used       free     shared    buffers     cached
Mem:         15945       9527       6418          0         50       7555
-/+ buffers/cache:       1920      14024
Swap:         8039          0       8039

2019年 07月 24日 星期三 05:22:05 CST
             total       used       free     shared    buffers     cached
Mem:         15945       9789       6155          0         50       7818
-/+ buffers/cache:       1920      14025
Swap:         8039          0       8039

2019年 07月 24日 星期三 05:22:09 CST
             total       used       free     shared    buffers     cached
Mem:         15945      10243       5702          0         50       8237
-/+ buffers/cache:       1954      13990
Swap:         8039          0       8039

2019年 07月 24日 星期三 05:22:13 CST
             total       used       free     shared    buffers     cached
Mem:         15945      10913       5032          0         50       8744
-/+ buffers/cache:       2118      13827
Swap:         8039          0       8039

2019年 07月 24日 星期三 05:22:17 CST
             total       used       free     shared    buffers     cached
Mem:         15945      11640       4305          0         50       8995
-/+ buffers/cache:       2593      13351
Swap:         8039          0       8039

2019年 07月 24日 星期三 05:22:21 CST
             total       used       free     shared    buffers     cached
Mem:         15945      12263       3681          0         50       9015
-/+ buffers/cache:       3197      12748
Swap:         8039          0       8039

2019年 07月 24日 星期三 05:22:25 CST
             total       used       free     shared    buffers     cached
Mem:         15945      12826       3118          0         50       9016
-/+ buffers/cache:       3760      12185
Swap:         8039          0       8039

2019年 07月 24日 星期三 05:22:29 CST
             total       used       free     shared    buffers     cached
Mem:         15945      13820       2125          0         50       9016
-/+ buffers/cache:       4752      11192
Swap:         8039          0       8039

2019年 07月 24日 星期三 05:22:33 CST
             total       used       free     shared    buffers     cached
Mem:         15945      12794       3151          0         50       9046
-/+ buffers/cache:       3697      12248
Swap:         8039          0       8039

2019年 07月 24日 星期三 05:22:37 CST
             total       used       free     shared    buffers     cached
Mem:         15945      13140       2804          0         50       9032
-/+ buffers/cache:       4057      11888
Swap:         8039          0       8039

2019年 07月 24日 星期三 05:22:41 CST
             total       used       free     shared    buffers     cached
Mem:         15945      13792       2153          0         50       9032
-/+ buffers/cache:       4708      11236
Swap:         8039          0       8039

2019年 07月 24日 星期三 05:22:45 CST
             total       used       free     shared    buffers     cached
Mem:         15945      13436       2509          0         50       9034
-/+ buffers/cache:       4351      11594
Swap:         8039          0       8039

2019年 07月 24日 星期三 05:22:49 CST
             total       used       free     shared    buffers     cached
Mem:         15945      13814       2131          0         50       9054
-/+ buffers/cache:       4709      11236
Swap:         8039          0       8039

2019年 07月 24日 星期三 05:22:53 CST
             total       used       free     shared    buffers     cached
Mem:         15945      14011       1933          0         50       9055
-/+ buffers/cache:       4905      11040
Swap:         8039          0       8039

2019年 07月 24日 星期三 05:22:57 CST
             total       used       free     shared    buffers     cached
Mem:         15945      14618       1326          0         50       9058
-/+ buffers/cache:       5509      10436
Swap:         8039          0       8039

2019年 07月 24日 星期三 05:23:01 CST
             total       used       free     shared    buffers     cached
Mem:         15945      13856       2088          0         50       9059
-/+ buffers/cache:       4746      11198
Swap:         8039          0       8039

2019年 07月 24日 星期三 05:23:05 CST
             total       used       free     shared    buffers     cached
Mem:         15945      14345       1600          0         50       9060
-/+ buffers/cache:       5234      10711
Swap:         8039          0       8039

2019年 07月 24日 星期三 05:23:09 CST
             total       used       free     shared    buffers     cached
Mem:         15945      14321       1624          0         50       9004
-/+ buffers/cache:       5266      10679
Swap:         8039          0       8039

2019年 07月 24日 星期三 05:23:13 CST
             total       used       free     shared    buffers     cached
Mem:         15945      14815       1130          0         50       9004
-/+ buffers/cache:       5759      10185
Swap:         8039          0       8039

2019年 07月 24日 星期三 05:23:17 CST
             total       used       free     shared    buffers     cached
Mem:         15945      14048       1897          0         50       8984
-/+ buffers/cache:       5013      10932
Swap:         8039          0       8039

2019年 07月 24日 星期三 05:23:21 CST
             total       used       free     shared    buffers     cached
Mem:         15945      14127       1817          0         50       9172
-/+ buffers/cache:       4904      11041
Swap:         8039          0       8039

2019年 07月 24日 星期三 05:23:25 CST
             total       used       free     shared    buffers     cached
Mem:         15945      14486       1458          0         50       8969
-/+ buffers/cache:       5466      10478
Swap:         8039          0       8039

2019年 07月 24日 星期三 05:23:29 CST
             total       used       free     shared    buffers     cached
Mem:         15945      15076        868          0         50       8981
-/+ buffers/cache:       6044       9901
Swap:         8039          0       8039

2019年 07月 24日 星期三 05:23:33 CST
             total       used       free     shared    buffers     cached
Mem:         15945      15687        257          0         50       9011
-/+ buffers/cache:       6625       9319
Swap:         8039          0       8039

2019年 07月 24日 星期三 05:23:37 CST
             total       used       free     shared    buffers     cached
Mem:         15945      15788        156          0         50       8837
-/+ buffers/cache:       6899       9045
Swap:         8039          0       8039

2019年 07月 24日 星期三 05:23:41 CST
             total       used       free     shared    buffers     cached
Mem:         15945      15495        449          0         50       9005
-/+ buffers/cache:       6439       9506
Swap:         8039          0       8039

2019年 07月 24日 星期三 05:23:45 CST
             total       used       free     shared    buffers     cached
Mem:         15945      15671        273          0         50       9012
-/+ buffers/cache:       6608       9336
Swap:         8039          0       8039

2019年 07月 24日 星期三 05:23:49 CST
             total       used       free     shared    buffers     cached
Mem:         15945      14531       1413          0         50       9071
-/+ buffers/cache:       5409      10536
Swap:         8039          0       8039

2019年 07月 24日 星期三 05:23:54 CST
             total       used       free     shared    buffers     cached
Mem:         15945      14583       1361          0         50       8976
-/+ buffers/cache:       5556      10389
Swap:         8039          0       8039

2019年 07月 24日 星期三 05:23:58 CST
             total       used       free     shared    buffers     cached
Mem:         15945      15207        738          0         50       9468
-/+ buffers/cache:       5688      10257
Swap:         8039          0       8039

2019年 07月 24日 星期三 05:24:02 CST
             total       used       free     shared    buffers     cached
Mem:         15945      14392       1552          0         50       9556
-/+ buffers/cache:       4785      11159
Swap:         8039          0       8039

2019年 07月 24日 星期三 05:24:06 CST
             total       used       free     shared    buffers     cached
Mem:         15945      14804       1141          0         50       9446
-/+ buffers/cache:       5306      10638
Swap:         8039          0       8039

2019年 07月 24日 星期三 05:24:10 CST
             total       used       free     shared    buffers     cached
Mem:         15945      15341        604          0         50       9490
-/+ buffers/cache:       5799      10146
Swap:         8039          0       8039

2019年 07月 24日 星期三 05:24:14 CST
             total       used       free     shared    buffers     cached
Mem:         15945      14868       1076          0         50       9513
-/+ buffers/cache:       5304      10640
Swap:         8039          0       8039

2019年 07月 24日 星期三 05:24:18 CST
             total       used       free     shared    buffers     cached
Mem:         15945      11991       3954          0         50       9246
-/+ buffers/cache:       2693      13251
Swap:         8039          0       8039

2019年 07月 24日 星期三 05:24:22 CST
             total       used       free     shared    buffers     cached
Mem:         15945      11882       4063          0         50       9130
-/+ buffers/cache:       2700      13244
Swap:         8039          0       8039

2019年 07月 24日 星期三 05:24:26 CST
             total       used       free     shared    buffers     cached
Mem:         15945      11696       4249          0         50       8945
-/+ buffers/cache:       2699      13245
Swap:         8039          0       8039

2019年 07月 24日 星期三 05:24:30 CST
             total       used       free     shared    buffers     cached
Mem:         15945      11695       4249          0         50       8945
-/+ buffers/cache:       2699      13246
Swap:         8039          0       8039

2019年 07月 24日 星期三 05:24:34 CST
             total       used       free     shared    buffers     cached
Mem:         15945      11696       4249          0         50       8945
-/+ buffers/cache:       2699      13246
Swap:         8039          0       8039

2019年 07月 24日 星期三 05:24:38 CST
             total       used       free     shared    buffers     cached
Mem:         15945      11695       4249          0         50       8945
-/+ buffers/cache:       2699      13246
Swap:         8039          0       8039

2019年 07月 24日 星期三 05:24:42 CST
             total       used       free     shared    buffers     cached
Mem:         15945      10989       4955          0         50       8989
-/+ buffers/cache:       1949      13996
Swap:         8039          0       8039

2019年 07月 24日 星期三 05:24:46 CST
             total       used       free     shared    buffers     cached
Mem:         15945      10989       4956          0         50       8988
-/+ buffers/cache:       1949      13996
Swap:         8039          0       8039

2019年 07月 24日 星期三 05:24:50 CST
             total       used       free     shared    buffers     cached
Mem:         15945      10988       4957          0         50       8988
-/+ buffers/cache:       1948      13997
Swap:         8039          0       8039

2019年 07月 24日 星期三 05:24:54 CST
             total       used       free     shared    buffers     cached
Mem:         15945      10800       5145          0         50       8804
-/+ buffers/cache:       1945      14000
Swap:         8039          0       8039

