
2019年 07月 24日 星期三 05:21:28 CST
             total       used       free     shared    buffers     cached
Mem:         15945       9920       6025          0         51       7954
-/+ buffers/cache:       1914      14030
Swap:         8039          0       8039

2019年 07月 24日 星期三 05:21:32 CST
             total       used       free     shared    buffers     cached
Mem:         15945       9920       6025          0         51       7954
-/+ buffers/cache:       1914      14030
Swap:         8039          0       8039

2019年 07月 24日 星期三 05:21:36 CST
             total       used       free     shared    buffers     cached
Mem:         15945       9920       6025          0         51       7954
-/+ buffers/cache:       1914      14030
Swap:         8039          0       8039

2019年 07月 24日 星期三 05:21:40 CST
             total       used       free     shared    buffers     cached
Mem:         15945       9919       6025          0         51       7954
-/+ buffers/cache:       1914      14031
Swap:         8039          0       8039

2019年 07月 24日 星期三 05:21:44 CST
             total       used       free     shared    buffers     cached
Mem:         15945       9919       6025          0         51       7954
-/+ buffers/cache:       1914      14031
Swap:         8039          0       8039

2019年 07月 24日 星期三 05:21:48 CST
             total       used       free     shared    buffers     cached
Mem:         15945      10058       5887          0         51       8090
-/+ buffers/cache:       1916      14028
Swap:         8039          0       8039

2019年 07月 24日 星期三 05:21:52 CST
             total       used       free     shared    buffers     cached
Mem:         15945      10347       5597          0         51       8369
-/+ buffers/cache:       1927      14018
Swap:         8039          0       8039

2019年 07月 24日 星期三 05:21:56 CST
             total       used       free     shared    buffers     cached
Mem:         15945      10954       4990          0         51       8675
-/+ buffers/cache:       2228      13717
Swap:         8039          0       8039

2019年 07月 24日 星期三 05:22:00 CST
             total       used       free     shared    buffers     cached
Mem:         15945      11669       4275          0         51       8966
-/+ buffers/cache:       2652      13293
Swap:         8039          0       8039

2019年 07月 24日 星期三 05:22:04 CST
             total       used       free     shared    buffers     cached
Mem:         15945      12290       3655          0         51       9234
-/+ buffers/cache:       3004      12941
Swap:         8039          0       8039

2019年 07月 24日 星期三 05:22:08 CST
             total       used       free     shared    buffers     cached
Mem:         15945      12814       3130          0         51       9479
-/+ buffers/cache:       3283      12661
Swap:         8039          0       8039

2019年 07月 24日 星期三 05:22:12 CST
             total       used       free     shared    buffers     cached
Mem:         15945      13309       2635          0         51       9651
-/+ buffers/cache:       3606      12338
Swap:         8039          0       8039

2019年 07月 24日 星期三 05:22:16 CST
             total       used       free     shared    buffers     cached
Mem:         15945      13880       2064          0         51       9845
-/+ buffers/cache:       3983      11961
Swap:         8039          0       8039

2019年 07月 24日 星期三 05:22:20 CST
             total       used       free     shared    buffers     cached
Mem:         15945      14262       1682          0         51       9890
-/+ buffers/cache:       4320      11624
Swap:         8039          0       8039

2019年 07月 24日 星期三 05:22:24 CST
             total       used       free     shared    buffers     cached
Mem:         15945      14493       1451          0         51       9891
-/+ buffers/cache:       4550      11394
Swap:         8039          0       8039

2019年 07月 24日 星期三 05:22:28 CST
             total       used       free     shared    buffers     cached
Mem:         15945      14795       1150          0         51       9892
-/+ buffers/cache:       4851      11094
Swap:         8039          0       8039

2019年 07月 24日 星期三 05:22:32 CST
             total       used       free     shared    buffers     cached
Mem:         15945      14270       1675          0         51       9891
-/+ buffers/cache:       4327      11618
Swap:         8039          0       8039

2019年 07月 24日 星期三 05:22:36 CST
             total       used       free     shared    buffers     cached
Mem:         15945      14508       1437          0         51       9891
-/+ buffers/cache:       4565      11380
Swap:         8039          0       8039

2019年 07月 24日 星期三 05:22:40 CST
             total       used       free     shared    buffers     cached
Mem:         15945      14854       1091          0         51       9872
-/+ buffers/cache:       4929      11015
Swap:         8039          0       8039

2019年 07月 24日 星期三 05:22:44 CST
             total       used       free     shared    buffers     cached
Mem:         15945      15176        769          0         51       9876
-/+ buffers/cache:       5248      10697
Swap:         8039          0       8039

2019年 07月 24日 星期三 05:22:48 CST
             total       used       free     shared    buffers     cached
Mem:         15945      14994        950          0         51       9876
-/+ buffers/cache:       5066      10878
Swap:         8039          0       8039

2019年 07月 24日 星期三 05:22:52 CST
             total       used       free     shared    buffers     cached
Mem:         15945      15414        531          0         51       9859
-/+ buffers/cache:       5503      10442
Swap:         8039          0       8039

2019年 07月 24日 星期三 05:22:56 CST
             total       used       free     shared    buffers     cached
Mem:         15945      15784        161          0         51       9672
-/+ buffers/cache:       6060       9884
Swap:         8039          0       8039

2019年 07月 24日 星期三 05:23:00 CST
             total       used       free     shared    buffers     cached
Mem:         15945      14126       1819          0         51       9852
-/+ buffers/cache:       4222      11723
Swap:         8039          0       8039

2019年 07月 24日 星期三 05:23:04 CST
             total       used       free     shared    buffers     cached
Mem:         15945      14684       1260          0         51       9905
-/+ buffers/cache:       4727      11218
Swap:         8039          0       8039

2019年 07月 24日 星期三 05:23:09 CST
             total       used       free     shared    buffers     cached
Mem:         15945      14264       1680          0         51       9906
-/+ buffers/cache:       4306      11639
Swap:         8039          0       8039

2019年 07月 24日 星期三 05:23:13 CST
             total       used       free     shared    buffers     cached
Mem:         15945      15269        676          0         51      10073
-/+ buffers/cache:       5144      10801
Swap:         8039          0       8039

2019年 07月 24日 星期三 05:23:17 CST
             total       used       free     shared    buffers     cached
Mem:         15945      14552       1392          0         51      10072
-/+ buffers/cache:       4428      11516
Swap:         8039          0       8039

2019年 07月 24日 星期三 05:23:21 CST
             total       used       free     shared    buffers     cached
Mem:         15945      14993        952          0         51       9888
-/+ buffers/cache:       5052      10892
Swap:         8039          0       8039

2019年 07月 24日 星期三 05:23:25 CST
             total       used       free     shared    buffers     cached
Mem:         15945      14986        958          0         51       9897
-/+ buffers/cache:       5037      10907
Swap:         8039          0       8039

2019年 07月 24日 星期三 05:23:29 CST
             total       used       free     shared    buffers     cached
Mem:         15945      15553        391          0         51       9878
-/+ buffers/cache:       5624      10321
Swap:         8039          0       8039

2019年 07月 24日 星期三 05:23:33 CST
             total       used       free     shared    buffers     cached
Mem:         15945      15780        165          0         51       9470
-/+ buffers/cache:       6258       9687
Swap:         8039          0       8039

2019年 07月 24日 星期三 05:23:37 CST
             total       used       free     shared    buffers     cached
Mem:         15945      15780        164          0         51       9222
-/+ buffers/cache:       6506       9439
Swap:         8039          0       8039

2019年 07月 24日 星期三 05:23:41 CST
             total       used       free     shared    buffers     cached
Mem:         15945      13974       1970          0         51       9202
-/+ buffers/cache:       4720      11225
Swap:         8039          0       8039

2019年 07月 24日 星期三 05:23:45 CST
             total       used       free     shared    buffers     cached
Mem:         15945      14218       1727          0         51       9366
-/+ buffers/cache:       4800      11145
Swap:         8039          0       8039

2019年 07月 24日 星期三 05:23:49 CST
             total       used       free     shared    buffers     cached
Mem:         15945      13053       2891          0         51       9418
-/+ buffers/cache:       3583      12361
Swap:         8039          0       8039

2019年 07月 24日 星期三 05:23:53 CST
             total       used       free     shared    buffers     cached
Mem:         15945      13363       2582          0         51       9418
-/+ buffers/cache:       3892      12052
Swap:         8039          0       8039

2019年 07月 24日 星期三 05:23:57 CST
             total       used       free     shared    buffers     cached
Mem:         15945      13721       2223          0         51       9458
-/+ buffers/cache:       4211      11734
Swap:         8039          0       8039

2019年 07月 24日 星期三 05:24:01 CST
             total       used       free     shared    buffers     cached
Mem:         15945      12893       3051          0         51       9446
-/+ buffers/cache:       3395      12549
Swap:         8039          0       8039

2019年 07月 24日 星期三 05:24:05 CST
             total       used       free     shared    buffers     cached
Mem:         15945      13764       2180          0         51       9449
-/+ buffers/cache:       4263      11681
Swap:         8039          0       8039

2019年 07月 24日 星期三 05:24:09 CST
             total       used       free     shared    buffers     cached
Mem:         15945      14101       1843          0         51       9267
-/+ buffers/cache:       4782      11163
Swap:         8039          0       8039

2019年 07月 24日 星期三 05:24:13 CST
             total       used       free     shared    buffers     cached
Mem:         15945      13540       2404          0         51       9279
-/+ buffers/cache:       4209      11736
Swap:         8039          0       8039

2019年 07月 24日 星期三 05:24:17 CST
             total       used       free     shared    buffers     cached
Mem:         15945      12954       2990          0         51       9130
-/+ buffers/cache:       3772      12172
Swap:         8039          0       8039

2019年 07月 24日 星期三 05:24:21 CST
             total       used       free     shared    buffers     cached
Mem:         15945      12690       3254          0         51       8771
-/+ buffers/cache:       3867      12077
Swap:         8039          0       8039

2019年 07月 24日 星期三 05:24:25 CST
             total       used       free     shared    buffers     cached
Mem:         15945      12761       3183          0         51       8772
-/+ buffers/cache:       3937      12007
Swap:         8039          0       8039

2019年 07月 24日 星期三 05:24:29 CST
             total       used       free     shared    buffers     cached
Mem:         15945      12834       3110          0         51       8783
-/+ buffers/cache:       3999      11946
Swap:         8039          0       8039

2019年 07月 24日 星期三 05:24:33 CST
             total       used       free     shared    buffers     cached
Mem:         15945      12876       3068          0         51       8783
-/+ buffers/cache:       4041      11904
Swap:         8039          0       8039

2019年 07月 24日 星期三 05:24:37 CST
             total       used       free     shared    buffers     cached
Mem:         15945      12955       2990          0         51       8791
-/+ buffers/cache:       4111      11833
Swap:         8039          0       8039

2019年 07月 24日 星期三 05:24:41 CST
             total       used       free     shared    buffers     cached
Mem:         15945      13102       2843          0         51       8835
-/+ buffers/cache:       4214      11730
Swap:         8039          0       8039

2019年 07月 24日 星期三 05:24:45 CST
             total       used       free     shared    buffers     cached
Mem:         15945      10780       5165          0         51       8801
-/+ buffers/cache:       1926      14018
Swap:         8039          0       8039

2019年 07月 24日 星期三 05:24:49 CST
             total       used       free     shared    buffers     cached
Mem:         15945      10594       5351          0         51       8616
-/+ buffers/cache:       1926      14019
Swap:         8039          0       8039

2019年 07月 24日 星期三 05:24:53 CST
             total       used       free     shared    buffers     cached
Mem:         15945      10593       5352          0         51       8616
-/+ buffers/cache:       1925      14020
Swap:         8039          0       8039

