
Linux 2.6.32-431.el6.x86_64 (slave1) 	2019年07月24日 	_x86_64_	(8 CPU)

23时26分41秒  CPU    %usr   %nice    %sys %iowait    %irq   %soft  %steal  %guest   %idle
23时26分42秒  all    0.00    0.00    0.13    0.00    0.00    0.00    0.00    0.00   99.87
平均时间:  all    0.00    0.00    0.13    0.00    0.00    0.00    0.00    0.00   99.87

Linux 2.6.32-431.el6.x86_64 (slave1) 	2019年07月24日 	_x86_64_	(8 CPU)

23时26分45秒  CPU    %usr   %nice    %sys %iowait    %irq   %soft  %steal  %guest   %idle
23时26分46秒  all    0.00    0.00    0.00    0.00    0.00    0.00    0.00    0.00  100.00
平均时间:  all    0.00    0.00    0.00    0.00    0.00    0.00    0.00    0.00  100.00

Linux 2.6.32-431.el6.x86_64 (slave1) 	2019年07月24日 	_x86_64_	(8 CPU)

23时26分49秒  CPU    %usr   %nice    %sys %iowait    %irq   %soft  %steal  %guest   %idle
23时26分50秒  all    0.00    0.00    0.13    0.00    0.00    0.00    0.00    0.00   99.87
平均时间:  all    0.00    0.00    0.13    0.00    0.00    0.00    0.00    0.00   99.87

Linux 2.6.32-431.el6.x86_64 (slave1) 	2019年07月24日 	_x86_64_	(8 CPU)

23时26分53秒  CPU    %usr   %nice    %sys %iowait    %irq   %soft  %steal  %guest   %idle
23时26分54秒  all    0.00    0.00    0.00    0.00    0.00    0.00    0.00    0.00  100.00
平均时间:  all    0.00    0.00    0.00    0.00    0.00    0.00    0.00    0.00  100.00

Linux 2.6.32-431.el6.x86_64 (slave1) 	2019年07月24日 	_x86_64_	(8 CPU)

23时26分57秒  CPU    %usr   %nice    %sys %iowait    %irq   %soft  %steal  %guest   %idle
23时26分58秒  all    0.75    0.00    0.38    0.00    0.00    0.00    0.00    0.00   98.87
平均时间:  all    0.75    0.00    0.38    0.00    0.00    0.00    0.00    0.00   98.87

Linux 2.6.32-431.el6.x86_64 (slave1) 	2019年07月24日 	_x86_64_	(8 CPU)

23时27分01秒  CPU    %usr   %nice    %sys %iowait    %irq   %soft  %steal  %guest   %idle
23时27分02秒  all    0.53    0.00    9.74    0.00    0.53   14.21    0.00    0.00   75.00
平均时间:  all    0.53    0.00    9.74    0.00    0.53   14.21    0.00    0.00   75.00

Linux 2.6.32-431.el6.x86_64 (slave1) 	2019年07月24日 	_x86_64_	(8 CPU)

23时27分05秒  CPU    %usr   %nice    %sys %iowait    %irq   %soft  %steal  %guest   %idle
23时27分06秒  all    2.56    0.00    7.28    0.00    0.81   19.27    0.00    0.00   70.08
平均时间:  all    2.56    0.00    7.28    0.00    0.81   19.27    0.00    0.00   70.08

Linux 2.6.32-431.el6.x86_64 (slave1) 	2019年07月24日 	_x86_64_	(8 CPU)

23时27分09秒  CPU    %usr   %nice    %sys %iowait    %irq   %soft  %steal  %guest   %idle
23时27分10秒  all   49.67    0.00   19.51    0.00    0.39   18.73    0.00    0.00   11.70
平均时间:  all   49.67    0.00   19.51    0.00    0.39   18.73    0.00    0.00   11.70

Linux 2.6.32-431.el6.x86_64 (slave1) 	2019年07月24日 	_x86_64_	(8 CPU)

23时27分13秒  CPU    %usr   %nice    %sys %iowait    %irq   %soft  %steal  %guest   %idle
23时27分14秒  all   60.25    0.00   19.37    0.00    0.38   18.49    0.00    0.00    1.51
平均时间:  all   60.25    0.00   19.37    0.00    0.38   18.49    0.00    0.00    1.51

Linux 2.6.32-431.el6.x86_64 (slave1) 	2019年07月24日 	_x86_64_	(8 CPU)

23时27分17秒  CPU    %usr   %nice    %sys %iowait    %irq   %soft  %steal  %guest   %idle
23时27分18秒  all   73.09    0.00   16.52    0.00    0.25   10.14    0.00    0.00    0.00
平均时间:  all   73.09    0.00   16.52    0.00    0.25   10.14    0.00    0.00    0.00

Linux 2.6.32-431.el6.x86_64 (slave1) 	2019年07月24日 	_x86_64_	(8 CPU)

23时27分21秒  CPU    %usr   %nice    %sys %iowait    %irq   %soft  %steal  %guest   %idle
23时27分22秒  all   72.50    0.00   15.75    0.00    0.25   11.50    0.00    0.00    0.00
平均时间:  all   72.50    0.00   15.75    0.00    0.25   11.50    0.00    0.00    0.00

Linux 2.6.32-431.el6.x86_64 (slave1) 	2019年07月24日 	_x86_64_	(8 CPU)

23时27分25秒  CPU    %usr   %nice    %sys %iowait    %irq   %soft  %steal  %guest   %idle
23时27分26秒  all   77.25    0.00   17.38    0.00    0.25    5.12    0.00    0.00    0.00
平均时间:  all   77.25    0.00   17.38    0.00    0.25    5.12    0.00    0.00    0.00

Linux 2.6.32-431.el6.x86_64 (slave1) 	2019年07月24日 	_x86_64_	(8 CPU)

23时27分29秒  CPU    %usr   %nice    %sys %iowait    %irq   %soft  %steal  %guest   %idle
23时27分30秒  all   81.77    0.00   13.48    0.00    0.12    4.49    0.00    0.00    0.12
平均时间:  all   81.77    0.00   13.48    0.00    0.12    4.49    0.00    0.00    0.12

Linux 2.6.32-431.el6.x86_64 (slave1) 	2019年07月24日 	_x86_64_	(8 CPU)

23时27分33秒  CPU    %usr   %nice    %sys %iowait    %irq   %soft  %steal  %guest   %idle
23时27分34秒  all   90.88    0.00    8.38    0.00    0.00    0.25    0.00    0.00    0.50
平均时间:  all   90.88    0.00    8.38    0.00    0.00    0.25    0.00    0.00    0.50

Linux 2.6.32-431.el6.x86_64 (slave1) 	2019年07月24日 	_x86_64_	(8 CPU)

23时27分37秒  CPU    %usr   %nice    %sys %iowait    %irq   %soft  %steal  %guest   %idle
23时27分38秒  all   73.18    0.00    5.62    0.00    0.00    0.00    0.00    0.00   21.20
平均时间:  all   73.18    0.00    5.62    0.00    0.00    0.00    0.00    0.00   21.20

Linux 2.6.32-431.el6.x86_64 (slave1) 	2019年07月24日 	_x86_64_	(8 CPU)

23时27分41秒  CPU    %usr   %nice    %sys %iowait    %irq   %soft  %steal  %guest   %idle
23时27分42秒  all   55.22    0.00    2.16    0.00    0.13    0.25    0.00    0.00   42.24
平均时间:  all   55.22    0.00    2.16    0.00    0.13    0.25    0.00    0.00   42.24

Linux 2.6.32-431.el6.x86_64 (slave1) 	2019年07月24日 	_x86_64_	(8 CPU)

23时27分45秒  CPU    %usr   %nice    %sys %iowait    %irq   %soft  %steal  %guest   %idle
23时27分46秒  all   30.41    0.00    2.80    0.00    0.00    0.00    0.00    0.00   66.79
平均时间:  all   30.41    0.00    2.80    0.00    0.00    0.00    0.00    0.00   66.79

Linux 2.6.32-431.el6.x86_64 (slave1) 	2019年07月24日 	_x86_64_	(8 CPU)

23时27分49秒  CPU    %usr   %nice    %sys %iowait    %irq   %soft  %steal  %guest   %idle
23时27分50秒  all   33.76    0.00    6.31    0.00    0.00    0.13    0.00    0.00   59.79
平均时间:  all   33.76    0.00    6.31    0.00    0.00    0.13    0.00    0.00   59.79

Linux 2.6.32-431.el6.x86_64 (slave1) 	2019年07月24日 	_x86_64_	(8 CPU)

23时27分53秒  CPU    %usr   %nice    %sys %iowait    %irq   %soft  %steal  %guest   %idle
23时27分54秒  all   55.51    0.00    8.46    0.00    0.00    0.00    0.00    0.00   36.03
平均时间:  all   55.51    0.00    8.46    0.00    0.00    0.00    0.00    0.00   36.03

Linux 2.6.32-431.el6.x86_64 (slave1) 	2019年07月24日 	_x86_64_	(8 CPU)

23时27分57秒  CPU    %usr   %nice    %sys %iowait    %irq   %soft  %steal  %guest   %idle
23时27分58秒  all   63.44    0.00    7.52    0.00    0.00    0.13    0.00    0.00   28.92
平均时间:  all   63.44    0.00    7.52    0.00    0.00    0.13    0.00    0.00   28.92

Linux 2.6.32-431.el6.x86_64 (slave1) 	2019年07月24日 	_x86_64_	(8 CPU)

23时28分01秒  CPU    %usr   %nice    %sys %iowait    %irq   %soft  %steal  %guest   %idle
23时28分02秒  all   61.04    0.00    5.96    0.00    0.13    1.90    0.00    0.00   30.96
平均时间:  all   61.04    0.00    5.96    0.00    0.13    1.90    0.00    0.00   30.96

Linux 2.6.32-431.el6.x86_64 (slave1) 	2019年07月24日 	_x86_64_	(8 CPU)

23时28分05秒  CPU    %usr   %nice    %sys %iowait    %irq   %soft  %steal  %guest   %idle
23时28分06秒  all   74.43    0.00    9.29    0.00    0.00    0.00    0.00    0.00   16.28
平均时间:  all   74.43    0.00    9.29    0.00    0.00    0.00    0.00    0.00   16.28

Linux 2.6.32-431.el6.x86_64 (slave1) 	2019年07月24日 	_x86_64_	(8 CPU)

23时28分09秒  CPU    %usr   %nice    %sys %iowait    %irq   %soft  %steal  %guest   %idle
23时28分10秒  all   83.96    0.00   11.78    0.00    0.00    0.63    0.00    0.00    3.63
平均时间:  all   83.96    0.00   11.78    0.00    0.00    0.63    0.00    0.00    3.63

Linux 2.6.32-431.el6.x86_64 (slave1) 	2019年07月24日 	_x86_64_	(8 CPU)

23时28分13秒  CPU    %usr   %nice    %sys %iowait    %irq   %soft  %steal  %guest   %idle
23时28分14秒  all   87.83    0.00    9.28    0.00    0.00    0.00    0.00    0.00    2.89
平均时间:  all   87.83    0.00    9.28    0.00    0.00    0.00    0.00    0.00    2.89

Linux 2.6.32-431.el6.x86_64 (slave1) 	2019年07月24日 	_x86_64_	(8 CPU)

23时28分17秒  CPU    %usr   %nice    %sys %iowait    %irq   %soft  %steal  %guest   %idle
23时28分18秒  all   68.72    0.00    8.21    0.00    0.00    0.13    0.00    0.00   22.95
平均时间:  all   68.72    0.00    8.21    0.00    0.00    0.13    0.00    0.00   22.95

Linux 2.6.32-431.el6.x86_64 (slave1) 	2019年07月24日 	_x86_64_	(8 CPU)

23时28分21秒  CPU    %usr   %nice    %sys %iowait    %irq   %soft  %steal  %guest   %idle
23时28分22秒  all   89.59    0.00    8.78    0.00    0.00    0.13    0.00    0.00    1.51
平均时间:  all   89.59    0.00    8.78    0.00    0.00    0.13    0.00    0.00    1.51

Linux 2.6.32-431.el6.x86_64 (slave1) 	2019年07月24日 	_x86_64_	(8 CPU)

23时28分25秒  CPU    %usr   %nice    %sys %iowait    %irq   %soft  %steal  %guest   %idle
23时28分26秒  all   65.06    0.00    9.28    0.00    0.00    1.65    0.00    0.00   24.02
平均时间:  all   65.06    0.00    9.28    0.00    0.00    1.65    0.00    0.00   24.02

Linux 2.6.32-431.el6.x86_64 (slave1) 	2019年07月24日 	_x86_64_	(8 CPU)

23时28分29秒  CPU    %usr   %nice    %sys %iowait    %irq   %soft  %steal  %guest   %idle
23时28分30秒  all   88.72    0.00   10.40    0.00    0.00    0.13    0.00    0.00    0.75
平均时间:  all   88.72    0.00   10.40    0.00    0.00    0.13    0.00    0.00    0.75

Linux 2.6.32-431.el6.x86_64 (slave1) 	2019年07月24日 	_x86_64_	(8 CPU)

23时28分33秒  CPU    %usr   %nice    %sys %iowait    %irq   %soft  %steal  %guest   %idle
23时28分34秒  all   80.70    0.00   13.03    0.00    0.13    4.64    0.00    0.00    1.50
平均时间:  all   80.70    0.00   13.03    0.00    0.13    4.64    0.00    0.00    1.50

Linux 2.6.32-431.el6.x86_64 (slave1) 	2019年07月24日 	_x86_64_	(8 CPU)

23时28分37秒  CPU    %usr   %nice    %sys %iowait    %irq   %soft  %steal  %guest   %idle
23时28分38秒  all   67.71    0.00   18.27    0.00    0.75   13.02    0.00    0.00    0.25
平均时间:  all   67.71    0.00   18.27    0.00    0.75   13.02    0.00    0.00    0.25

Linux 2.6.32-431.el6.x86_64 (slave1) 	2019年07月24日 	_x86_64_	(8 CPU)

23时28分41秒  CPU    %usr   %nice    %sys %iowait    %irq   %soft  %steal  %guest   %idle
23时28分42秒  all   59.22    0.00   21.46    0.00    2.13   16.94    0.00    0.00    0.25
平均时间:  all   59.22    0.00   21.46    0.00    2.13   16.94    0.00    0.00    0.25

Linux 2.6.32-431.el6.x86_64 (slave1) 	2019年07月24日 	_x86_64_	(8 CPU)

23时28分46秒  CPU    %usr   %nice    %sys %iowait    %irq   %soft  %steal  %guest   %idle
23时28分47秒  all   66.08    0.00   18.79    0.00    0.63   12.48    0.00    0.00    2.02
平均时间:  all   66.08    0.00   18.79    0.00    0.63   12.48    0.00    0.00    2.02

Linux 2.6.32-431.el6.x86_64 (slave1) 	2019年07月24日 	_x86_64_	(8 CPU)

23时28分50秒  CPU    %usr   %nice    %sys %iowait    %irq   %soft  %steal  %guest   %idle
23时28分51秒  all   62.53    0.00   21.93    0.00    2.01   13.41    0.00    0.00    0.13
平均时间:  all   62.53    0.00   21.93    0.00    2.01   13.41    0.00    0.00    0.13

Linux 2.6.32-431.el6.x86_64 (slave1) 	2019年07月24日 	_x86_64_	(8 CPU)

23时28分54秒  CPU    %usr   %nice    %sys %iowait    %irq   %soft  %steal  %guest   %idle
23时28分55秒  all   68.06    0.00   19.01    0.00    0.13    7.98    0.00    0.00    4.82
平均时间:  all   68.06    0.00   19.01    0.00    0.13    7.98    0.00    0.00    4.82

Linux 2.6.32-431.el6.x86_64 (slave1) 	2019年07月24日 	_x86_64_	(8 CPU)

23时28分58秒  CPU    %usr   %nice    %sys %iowait    %irq   %soft  %steal  %guest   %idle
23时28分59秒  all   82.91    0.00    7.41    0.00    0.00    0.25    0.00    0.00    9.42
平均时间:  all   82.91    0.00    7.41    0.00    0.00    0.25    0.00    0.00    9.42

Linux 2.6.32-431.el6.x86_64 (slave1) 	2019年07月24日 	_x86_64_	(8 CPU)

23时29分02秒  CPU    %usr   %nice    %sys %iowait    %irq   %soft  %steal  %guest   %idle
23时29分03秒  all   23.72    0.00    5.87    0.00    0.00    0.13    0.00    0.00   70.28
平均时间:  all   23.72    0.00    5.87    0.00    0.00    0.13    0.00    0.00   70.28

Linux 2.6.32-431.el6.x86_64 (slave1) 	2019年07月24日 	_x86_64_	(8 CPU)

23时29分06秒  CPU    %usr   %nice    %sys %iowait    %irq   %soft  %steal  %guest   %idle
23时29分07秒  all   26.22    0.00    7.33    0.00    0.00    0.13    0.00    0.00   66.32
平均时间:  all   26.22    0.00    7.33    0.00    0.00    0.13    0.00    0.00   66.32

Linux 2.6.32-431.el6.x86_64 (slave1) 	2019年07月24日 	_x86_64_	(8 CPU)

23时29分10秒  CPU    %usr   %nice    %sys %iowait    %irq   %soft  %steal  %guest   %idle
23时29分11秒  all   74.14    0.00   14.96    0.00    0.00    1.01    0.00    0.00    9.89
平均时间:  all   74.14    0.00   14.96    0.00    0.00    1.01    0.00    0.00    9.89

Linux 2.6.32-431.el6.x86_64 (slave1) 	2019年07月24日 	_x86_64_	(8 CPU)

23时29分14秒  CPU    %usr   %nice    %sys %iowait    %irq   %soft  %steal  %guest   %idle
23时29分15秒  all   56.85    0.00    5.71    0.00    0.00    0.38    0.00    0.00   37.06
平均时间:  all   56.85    0.00    5.71    0.00    0.00    0.38    0.00    0.00   37.06

Linux 2.6.32-431.el6.x86_64 (slave1) 	2019年07月24日 	_x86_64_	(8 CPU)

23时29分18秒  CPU    %usr   %nice    %sys %iowait    %irq   %soft  %steal  %guest   %idle
23时29分19秒  all   52.67    0.00    4.45    0.00    0.00    0.89    0.00    0.00   41.98
平均时间:  all   52.67    0.00    4.45    0.00    0.00    0.89    0.00    0.00   41.98

Linux 2.6.32-431.el6.x86_64 (slave1) 	2019年07月24日 	_x86_64_	(8 CPU)

23时29分22秒  CPU    %usr   %nice    %sys %iowait    %irq   %soft  %steal  %guest   %idle
23时29分23秒  all   84.27    0.00   11.36    0.00    0.25    3.75    0.00    0.00    0.37
平均时间:  all   84.27    0.00   11.36    0.00    0.25    3.75    0.00    0.00    0.37

Linux 2.6.32-431.el6.x86_64 (slave1) 	2019年07月24日 	_x86_64_	(8 CPU)

23时29分26秒  CPU    %usr   %nice    %sys %iowait    %irq   %soft  %steal  %guest   %idle
23时29分27秒  all   88.69    0.00    5.90    0.00    0.00    0.38    0.00    0.00    5.03
平均时间:  all   88.69    0.00    5.90    0.00    0.00    0.38    0.00    0.00    5.03

Linux 2.6.32-431.el6.x86_64 (slave1) 	2019年07月24日 	_x86_64_	(8 CPU)

23时29分30秒  CPU    %usr   %nice    %sys %iowait    %irq   %soft  %steal  %guest   %idle
23时29分31秒  all   57.63    0.00   10.43    0.00    0.00    1.40    0.00    0.00   30.53
平均时间:  all   57.63    0.00   10.43    0.00    0.00    1.40    0.00    0.00   30.53

Linux 2.6.32-431.el6.x86_64 (slave1) 	2019年07月24日 	_x86_64_	(8 CPU)

23时29分34秒  CPU    %usr   %nice    %sys %iowait    %irq   %soft  %steal  %guest   %idle
23时29分35秒  all   53.18    0.00    4.71    0.00    0.00    1.15    0.00    0.00   40.97
平均时间:  all   53.18    0.00    4.71    0.00    0.00    1.15    0.00    0.00   40.97

Linux 2.6.32-431.el6.x86_64 (slave1) 	2019年07月24日 	_x86_64_	(8 CPU)

23时29分38秒  CPU    %usr   %nice    %sys %iowait    %irq   %soft  %steal  %guest   %idle
23时29分39秒  all   89.50    0.00    6.25    0.00    0.00    0.12    0.00    0.00    4.12
平均时间:  all   89.50    0.00    6.25    0.00    0.00    0.12    0.00    0.00    4.12

Linux 2.6.32-431.el6.x86_64 (slave1) 	2019年07月24日 	_x86_64_	(8 CPU)

23时29分42秒  CPU    %usr   %nice    %sys %iowait    %irq   %soft  %steal  %guest   %idle
23时29分43秒  all   41.05    0.00    6.52    0.00    0.13    2.43    0.00    0.00   49.87
平均时间:  all   41.05    0.00    6.52    0.00    0.13    2.43    0.00    0.00   49.87

Linux 2.6.32-431.el6.x86_64 (slave1) 	2019年07月24日 	_x86_64_	(8 CPU)

23时29分46秒  CPU    %usr   %nice    %sys %iowait    %irq   %soft  %steal  %guest   %idle
23时29分47秒  all   67.39    0.00   12.99    0.00    0.00    0.64    0.00    0.00   18.98
平均时间:  all   67.39    0.00   12.99    0.00    0.00    0.64    0.00    0.00   18.98

Linux 2.6.32-431.el6.x86_64 (slave1) 	2019年07月24日 	_x86_64_	(8 CPU)

23时29分50秒  CPU    %usr   %nice    %sys %iowait    %irq   %soft  %steal  %guest   %idle
23时29分51秒  all   89.34    0.00    8.66    0.00    0.00    0.13    0.00    0.00    1.88
平均时间:  all   89.34    0.00    8.66    0.00    0.00    0.13    0.00    0.00    1.88

Linux 2.6.32-431.el6.x86_64 (slave1) 	2019年07月24日 	_x86_64_	(8 CPU)

23时29分54秒  CPU    %usr   %nice    %sys %iowait    %irq   %soft  %steal  %guest   %idle
23时29分55秒  all   63.72    0.00    2.91    0.00    0.00    0.63    0.00    0.00   32.74
平均时间:  all   63.72    0.00    2.91    0.00    0.00    0.63    0.00    0.00   32.74

Linux 2.6.32-431.el6.x86_64 (slave1) 	2019年07月24日 	_x86_64_	(8 CPU)

23时29分58秒  CPU    %usr   %nice    %sys %iowait    %irq   %soft  %steal  %guest   %idle
23时29分59秒  all   75.94    0.00    5.54    0.00    0.00    0.13    0.00    0.00   18.39
平均时间:  all   75.94    0.00    5.54    0.00    0.00    0.13    0.00    0.00   18.39

Linux 2.6.32-431.el6.x86_64 (slave1) 	2019年07月24日 	_x86_64_	(8 CPU)

23时30分02秒  CPU    %usr   %nice    %sys %iowait    %irq   %soft  %steal  %guest   %idle
23时30分03秒  all   54.99    0.00   12.45    0.00    0.13    5.19    0.00    0.00   27.24
平均时间:  all   54.99    0.00   12.45    0.00    0.13    5.19    0.00    0.00   27.24

Linux 2.6.32-431.el6.x86_64 (slave1) 	2019年07月24日 	_x86_64_	(8 CPU)

23时30分06秒  CPU    %usr   %nice    %sys %iowait    %irq   %soft  %steal  %guest   %idle
23时30分07秒  all   59.77    0.00   22.61    0.00    0.26   13.28    0.00    0.00    4.09
平均时间:  all   59.77    0.00   22.61    0.00    0.26   13.28    0.00    0.00    4.09

Linux 2.6.32-431.el6.x86_64 (slave1) 	2019年07月24日 	_x86_64_	(8 CPU)

23时30分10秒  CPU    %usr   %nice    %sys %iowait    %irq   %soft  %steal  %guest   %idle
23时30分11秒  all   64.21    0.00   19.15    0.00    0.25   15.27    0.00    0.00    1.13
平均时间:  all   64.21    0.00   19.15    0.00    0.25   15.27    0.00    0.00    1.13

Linux 2.6.32-431.el6.x86_64 (slave1) 	2019年07月24日 	_x86_64_	(8 CPU)

23时30分14秒  CPU    %usr   %nice    %sys %iowait    %irq   %soft  %steal  %guest   %idle
23时30分15秒  all   75.19    0.00   17.49    0.00    0.25    6.70    0.00    0.00    0.37
平均时间:  all   75.19    0.00   17.49    0.00    0.25    6.70    0.00    0.00    0.37

Linux 2.6.32-431.el6.x86_64 (slave1) 	2019年07月24日 	_x86_64_	(8 CPU)

23时30分18秒  CPU    %usr   %nice    %sys %iowait    %irq   %soft  %steal  %guest   %idle
23时30分19秒  all   63.14    0.00   22.07    0.00    0.26    8.80    0.00    0.00    5.74
平均时间:  all   63.14    0.00   22.07    0.00    0.26    8.80    0.00    0.00    5.74

Linux 2.6.32-431.el6.x86_64 (slave1) 	2019年07月24日 	_x86_64_	(8 CPU)

23时30分22秒  CPU    %usr   %nice    %sys %iowait    %irq   %soft  %steal  %guest   %idle
23时30分23秒  all   58.09    0.00   25.10    0.00    0.38    8.79    0.00    0.00    7.64
平均时间:  all   58.09    0.00   25.10    0.00    0.38    8.79    0.00    0.00    7.64

Linux 2.6.32-431.el6.x86_64 (slave1) 	2019年07月24日 	_x86_64_	(8 CPU)

23时30分26秒  CPU    %usr   %nice    %sys %iowait    %irq   %soft  %steal  %guest   %idle
23时30分27秒  all   58.90    0.00   27.94    0.00    0.25   12.91    0.00    0.00    0.00
平均时间:  all   58.90    0.00   27.94    0.00    0.25   12.91    0.00    0.00    0.00

Linux 2.6.32-431.el6.x86_64 (slave1) 	2019年07月24日 	_x86_64_	(8 CPU)

23时30分30秒  CPU    %usr   %nice    %sys %iowait    %irq   %soft  %steal  %guest   %idle
23时30分31秒  all   88.60    0.00    8.77    0.00    0.00    0.25    0.00    0.00    2.38
平均时间:  all   88.60    0.00    8.77    0.00    0.00    0.25    0.00    0.00    2.38

Linux 2.6.32-431.el6.x86_64 (slave1) 	2019年07月24日 	_x86_64_	(8 CPU)

23时30分34秒  CPU    %usr   %nice    %sys %iowait    %irq   %soft  %steal  %guest   %idle
23时30分35秒  all   90.90    0.00    8.98    0.00    0.00    0.12    0.00    0.00    0.00
平均时间:  all   90.90    0.00    8.98    0.00    0.00    0.12    0.00    0.00    0.00

Linux 2.6.32-431.el6.x86_64 (slave1) 	2019年07月24日 	_x86_64_	(8 CPU)

23时30分39秒  CPU    %usr   %nice    %sys %iowait    %irq   %soft  %steal  %guest   %idle
23时30分40秒  all   89.14    0.00    9.99    0.00    0.12    0.62    0.00    0.00    0.12
平均时间:  all   89.14    0.00    9.99    0.00    0.12    0.62    0.00    0.00    0.12

Linux 2.6.32-431.el6.x86_64 (slave1) 	2019年07月24日 	_x86_64_	(8 CPU)

23时30分43秒  CPU    %usr   %nice    %sys %iowait    %irq   %soft  %steal  %guest   %idle
23时30分44秒  all   80.38    0.00    7.42    0.00    0.00    0.63    0.00    0.00   11.57
平均时间:  all   80.38    0.00    7.42    0.00    0.00    0.63    0.00    0.00   11.57

Linux 2.6.32-431.el6.x86_64 (slave1) 	2019年07月24日 	_x86_64_	(8 CPU)

23时30分47秒  CPU    %usr   %nice    %sys %iowait    %irq   %soft  %steal  %guest   %idle
23时30分48秒  all   72.17    0.00    6.61    0.00    0.00    1.14    0.00    0.00   20.08
平均时间:  all   72.17    0.00    6.61    0.00    0.00    1.14    0.00    0.00   20.08

Linux 2.6.32-431.el6.x86_64 (slave1) 	2019年07月24日 	_x86_64_	(8 CPU)

23时30分51秒  CPU    %usr   %nice    %sys %iowait    %irq   %soft  %steal  %guest   %idle
23时30分52秒  all   90.98    0.00    6.39    0.00    0.00    0.50    0.00    0.00    2.13
平均时间:  all   90.98    0.00    6.39    0.00    0.00    0.50    0.00    0.00    2.13

Linux 2.6.32-431.el6.x86_64 (slave1) 	2019年07月24日 	_x86_64_	(8 CPU)

23时30分55秒  CPU    %usr   %nice    %sys %iowait    %irq   %soft  %steal  %guest   %idle
23时30分56秒  all   66.03    0.00    6.26    0.00    0.13    1.15    0.00    0.00   26.44
平均时间:  all   66.03    0.00    6.26    0.00    0.13    1.15    0.00    0.00   26.44

Linux 2.6.32-431.el6.x86_64 (slave1) 	2019年07月24日 	_x86_64_	(8 CPU)

23时30分59秒  CPU    %usr   %nice    %sys %iowait    %irq   %soft  %steal  %guest   %idle
23时31分00秒  all   59.24    0.00   14.52    0.00    0.25    5.35    0.00    0.00   20.64
平均时间:  all   59.24    0.00   14.52    0.00    0.25    5.35    0.00    0.00   20.64

Linux 2.6.32-431.el6.x86_64 (slave1) 	2019年07月24日 	_x86_64_	(8 CPU)

23时31分03秒  CPU    %usr   %nice    %sys %iowait    %irq   %soft  %steal  %guest   %idle
23时31分04秒  all   89.57    0.00    8.79    0.00    0.13    0.50    0.00    0.00    1.01
平均时间:  all   89.57    0.00    8.79    0.00    0.13    0.50    0.00    0.00    1.01

Linux 2.6.32-431.el6.x86_64 (slave1) 	2019年07月24日 	_x86_64_	(8 CPU)

23时31分07秒  CPU    %usr   %nice    %sys %iowait    %irq   %soft  %steal  %guest   %idle
23时31分08秒  all   90.46    0.00    7.03    0.00    0.00    0.00    0.00    0.00    2.51
平均时间:  all   90.46    0.00    7.03    0.00    0.00    0.00    0.00    0.00    2.51

Linux 2.6.32-431.el6.x86_64 (slave1) 	2019年07月24日 	_x86_64_	(8 CPU)

23时31分11秒  CPU    %usr   %nice    %sys %iowait    %irq   %soft  %steal  %guest   %idle
23时31分12秒  all   93.75    0.00    5.50    0.00    0.00    0.75    0.00    0.00    0.00
平均时间:  all   93.75    0.00    5.50    0.00    0.00    0.75    0.00    0.00    0.00

Linux 2.6.32-431.el6.x86_64 (slave1) 	2019年07月24日 	_x86_64_	(8 CPU)

23时31分15秒  CPU    %usr   %nice    %sys %iowait    %irq   %soft  %steal  %guest   %idle
23时31分16秒  all   75.47    0.00   10.62    0.00    0.00    0.51    0.00    0.00   13.40
平均时间:  all   75.47    0.00   10.62    0.00    0.00    0.51    0.00    0.00   13.40

Linux 2.6.32-431.el6.x86_64 (slave1) 	2019年07月24日 	_x86_64_	(8 CPU)

23时31分19秒  CPU    %usr   %nice    %sys %iowait    %irq   %soft  %steal  %guest   %idle
23时31分20秒  all   77.04    0.00   13.05    0.00    0.00    0.50    0.00    0.00    9.41
平均时间:  all   77.04    0.00   13.05    0.00    0.00    0.50    0.00    0.00    9.41

Linux 2.6.32-431.el6.x86_64 (slave1) 	2019年07月24日 	_x86_64_	(8 CPU)

23时31分23秒  CPU    %usr   %nice    %sys %iowait    %irq   %soft  %steal  %guest   %idle
23时31分24秒  all   82.14    0.00   12.83    0.00    0.00    0.13    0.00    0.00    4.91
平均时间:  all   82.14    0.00   12.83    0.00    0.00    0.13    0.00    0.00    4.91

Linux 2.6.32-431.el6.x86_64 (slave1) 	2019年07月24日 	_x86_64_	(8 CPU)

23时31分27秒  CPU    %usr   %nice    %sys %iowait    %irq   %soft  %steal  %guest   %idle
23时31分28秒  all   78.77    0.00   11.56    0.00    0.13    1.01    0.00    0.00    8.54
平均时间:  all   78.77    0.00   11.56    0.00    0.13    1.01    0.00    0.00    8.54

Linux 2.6.32-431.el6.x86_64 (slave1) 	2019年07月24日 	_x86_64_	(8 CPU)

23时31分31秒  CPU    %usr   %nice    %sys %iowait    %irq   %soft  %steal  %guest   %idle
23时31分32秒  all   55.48    0.00    5.23    0.00    0.00    0.13    0.00    0.00   39.16
平均时间:  all   55.48    0.00    5.23    0.00    0.00    0.13    0.00    0.00   39.16

Linux 2.6.32-431.el6.x86_64 (slave1) 	2019年07月24日 	_x86_64_	(8 CPU)

23时31分35秒  CPU    %usr   %nice    %sys %iowait    %irq   %soft  %steal  %guest   %idle
23时31分36秒  all   83.42    0.00    6.78    0.00    0.00    1.76    0.00    0.00    8.04
平均时间:  all   83.42    0.00    6.78    0.00    0.00    1.76    0.00    0.00    8.04

Linux 2.6.32-431.el6.x86_64 (slave1) 	2019年07月24日 	_x86_64_	(8 CPU)

23时31分39秒  CPU    %usr   %nice    %sys %iowait    %irq   %soft  %steal  %guest   %idle
23时31分40秒  all   60.31    0.00    7.51    0.00    0.00    0.13    0.00    0.00   32.06
平均时间:  all   60.31    0.00    7.51    0.00    0.00    0.13    0.00    0.00   32.06

Linux 2.6.32-431.el6.x86_64 (slave1) 	2019年07月24日 	_x86_64_	(8 CPU)

23时31分43秒  CPU    %usr   %nice    %sys %iowait    %irq   %soft  %steal  %guest   %idle
23时31分44秒  all   47.71    0.00   14.90    0.00    0.39   17.12    0.00    0.00   19.87
平均时间:  all   47.71    0.00   14.90    0.00    0.39   17.12    0.00    0.00   19.87

Linux 2.6.32-431.el6.x86_64 (slave1) 	2019年07月24日 	_x86_64_	(8 CPU)

23时31分47秒  CPU    %usr   %nice    %sys %iowait    %irq   %soft  %steal  %guest   %idle
23时31分48秒  all   51.40    0.00   28.93    0.00    0.76   16.62    0.00    0.00    2.28
平均时间:  all   51.40    0.00   28.93    0.00    0.76   16.62    0.00    0.00    2.28

Linux 2.6.32-431.el6.x86_64 (slave1) 	2019年07月24日 	_x86_64_	(8 CPU)

23时31分51秒  CPU    %usr   %nice    %sys %iowait    %irq   %soft  %steal  %guest   %idle
23时31分52秒  all   62.48    0.00   20.70    0.00    0.25   16.06    0.00    0.00    0.50
平均时间:  all   62.48    0.00   20.70    0.00    0.25   16.06    0.00    0.00    0.50

Linux 2.6.32-431.el6.x86_64 (slave1) 	2019年07月24日 	_x86_64_	(8 CPU)

23时31分55秒  CPU    %usr   %nice    %sys %iowait    %irq   %soft  %steal  %guest   %idle
23时31分56秒  all   66.04    0.00   17.85    0.00    0.25   15.61    0.00    0.00    0.25
平均时间:  all   66.04    0.00   17.85    0.00    0.25   15.61    0.00    0.00    0.25

Linux 2.6.32-431.el6.x86_64 (slave1) 	2019年07月24日 	_x86_64_	(8 CPU)

23时31分59秒  CPU    %usr   %nice    %sys %iowait    %irq   %soft  %steal  %guest   %idle
23时32分00秒  all   67.76    0.00   17.70    0.00    0.25   14.16    0.00    0.00    0.13
平均时间:  all   67.76    0.00   17.70    0.00    0.25   14.16    0.00    0.00    0.13

Linux 2.6.32-431.el6.x86_64 (slave1) 	2019年07月24日 	_x86_64_	(8 CPU)

23时32分03秒  CPU    %usr   %nice    %sys %iowait    %irq   %soft  %steal  %guest   %idle
23时32分04秒  all   67.26    0.00   18.53    0.00    0.25   13.96    0.00    0.00    0.00
平均时间:  all   67.26    0.00   18.53    0.00    0.25   13.96    0.00    0.00    0.00

Linux 2.6.32-431.el6.x86_64 (slave1) 	2019年07月24日 	_x86_64_	(8 CPU)

23时32分07秒  CPU    %usr   %nice    %sys %iowait    %irq   %soft  %steal  %guest   %idle
23时32分08秒  all   78.74    0.00   15.85    0.00    0.25    5.03    0.00    0.00    0.13
平均时间:  all   78.74    0.00   15.85    0.00    0.25    5.03    0.00    0.00    0.13

Linux 2.6.32-431.el6.x86_64 (slave1) 	2019年07月24日 	_x86_64_	(8 CPU)

23时32分11秒  CPU    %usr   %nice    %sys %iowait    %irq   %soft  %steal  %guest   %idle
23时32分12秒  all   64.30    0.00    4.43    0.00    0.00    0.76    0.00    0.00   30.51
平均时间:  all   64.30    0.00    4.43    0.00    0.00    0.76    0.00    0.00   30.51

Linux 2.6.32-431.el6.x86_64 (slave1) 	2019年07月24日 	_x86_64_	(8 CPU)

23时32分15秒  CPU    %usr   %nice    %sys %iowait    %irq   %soft  %steal  %guest   %idle
23时32分16秒  all   22.64    0.00    4.66    0.00    0.13    0.78    0.00    0.00   71.80
平均时间:  all   22.64    0.00    4.66    0.00    0.13    0.78    0.00    0.00   71.80

Linux 2.6.32-431.el6.x86_64 (slave1) 	2019年07月24日 	_x86_64_	(8 CPU)

23时32分19秒  CPU    %usr   %nice    %sys %iowait    %irq   %soft  %steal  %guest   %idle
23时32分20秒  all   42.34    0.00   10.17    0.00    0.26    3.09    0.00    0.00   44.14
平均时间:  all   42.34    0.00   10.17    0.00    0.26    3.09    0.00    0.00   44.14

Linux 2.6.32-431.el6.x86_64 (slave1) 	2019年07月24日 	_x86_64_	(8 CPU)

23时32分23秒  CPU    %usr   %nice    %sys %iowait    %irq   %soft  %steal  %guest   %idle
23时32分24秒  all   79.24    0.00   11.52    0.00    0.00    1.01    0.00    0.00    8.23
平均时间:  all   79.24    0.00   11.52    0.00    0.00    1.01    0.00    0.00    8.23

Linux 2.6.32-431.el6.x86_64 (slave1) 	2019年07月24日 	_x86_64_	(8 CPU)

23时32分27秒  CPU    %usr   %nice    %sys %iowait    %irq   %soft  %steal  %guest   %idle
23时32分28秒  all   32.19    0.00    8.78    0.00    0.00    0.00    0.00    0.00   59.03
平均时间:  all   32.19    0.00    8.78    0.00    0.00    0.00    0.00    0.00   59.03

Linux 2.6.32-431.el6.x86_64 (slave1) 	2019年07月24日 	_x86_64_	(8 CPU)

23时32分31秒  CPU    %usr   %nice    %sys %iowait    %irq   %soft  %steal  %guest   %idle
23时32分32秒  all   74.65    0.00   10.97    0.00    0.00    0.00    0.00    0.00   14.38
平均时间:  all   74.65    0.00   10.97    0.00    0.00    0.00    0.00    0.00   14.38

Linux 2.6.32-431.el6.x86_64 (slave1) 	2019年07月24日 	_x86_64_	(8 CPU)

23时32分35秒  CPU    %usr   %nice    %sys %iowait    %irq   %soft  %steal  %guest   %idle
23时32分36秒  all   81.84    0.00    8.07    0.00    0.00    0.13    0.00    0.00    9.96
平均时间:  all   81.84    0.00    8.07    0.00    0.00    0.13    0.00    0.00    9.96

Linux 2.6.32-431.el6.x86_64 (slave1) 	2019年07月24日 	_x86_64_	(8 CPU)

23时32分39秒  CPU    %usr   %nice    %sys %iowait    %irq   %soft  %steal  %guest   %idle
23时32分40秒  all   63.66    0.00    9.02    0.00    0.00    0.25    0.00    0.00   27.06
平均时间:  all   63.66    0.00    9.02    0.00    0.00    0.25    0.00    0.00   27.06

Linux 2.6.32-431.el6.x86_64 (slave1) 	2019年07月24日 	_x86_64_	(8 CPU)

23时32分43秒  CPU    %usr   %nice    %sys %iowait    %irq   %soft  %steal  %guest   %idle
23时32分44秒  all   80.83    0.00   10.21    0.00    0.00    0.13    0.00    0.00    8.83
平均时间:  all   80.83    0.00   10.21    0.00    0.00    0.13    0.00    0.00    8.83

Linux 2.6.32-431.el6.x86_64 (slave1) 	2019年07月24日 	_x86_64_	(8 CPU)

23时32分47秒  CPU    %usr   %nice    %sys %iowait    %irq   %soft  %steal  %guest   %idle
23时32分48秒  all   50.70    0.00    5.46    0.00    0.00    0.38    0.00    0.00   43.46
平均时间:  all   50.70    0.00    5.46    0.00    0.00    0.38    0.00    0.00   43.46

Linux 2.6.32-431.el6.x86_64 (slave1) 	2019年07月24日 	_x86_64_	(8 CPU)

23时32分52秒  CPU    %usr   %nice    %sys %iowait    %irq   %soft  %steal  %guest   %idle
23时32分53秒  all   52.21    0.00    3.67    0.00    0.00    0.38    0.00    0.00   43.74
平均时间:  all   52.21    0.00    3.67    0.00    0.00    0.38    0.00    0.00   43.74

Linux 2.6.32-431.el6.x86_64 (slave1) 	2019年07月24日 	_x86_64_	(8 CPU)

23时32分56秒  CPU    %usr   %nice    %sys %iowait    %irq   %soft  %steal  %guest   %idle
23时32分57秒  all   30.16    0.00    2.66    0.00    0.00    0.63    0.00    0.00   66.54
平均时间:  all   30.16    0.00    2.66    0.00    0.00    0.63    0.00    0.00   66.54

Linux 2.6.32-431.el6.x86_64 (slave1) 	2019年07月24日 	_x86_64_	(8 CPU)

23时33分00秒  CPU    %usr   %nice    %sys %iowait    %irq   %soft  %steal  %guest   %idle
23时33分01秒  all   61.88    0.00    7.88    0.00    0.00    0.38    0.00    0.00   29.86
平均时间:  all   61.88    0.00    7.88    0.00    0.00    0.38    0.00    0.00   29.86

Linux 2.6.32-431.el6.x86_64 (slave1) 	2019年07月24日 	_x86_64_	(8 CPU)

23时33分04秒  CPU    %usr   %nice    %sys %iowait    %irq   %soft  %steal  %guest   %idle
23时33分05秒  all   78.53    0.00    9.28    0.00    0.25    0.89    0.00    0.00   11.05
平均时间:  all   78.53    0.00    9.28    0.00    0.25    0.89    0.00    0.00   11.05

Linux 2.6.32-431.el6.x86_64 (slave1) 	2019年07月24日 	_x86_64_	(8 CPU)

23时33分08秒  CPU    %usr   %nice    %sys %iowait    %irq   %soft  %steal  %guest   %idle
23时33分09秒  all   77.59    0.00    9.17    0.00    0.15    1.20    0.00    0.00   11.88
平均时间:  all   77.59    0.00    9.17    0.00    0.15    1.20    0.00    0.00   11.88

Linux 2.6.32-431.el6.x86_64 (slave1) 	2019年07月24日 	_x86_64_	(8 CPU)

23时33分12秒  CPU    %usr   %nice    %sys %iowait    %irq   %soft  %steal  %guest   %idle
23时33分13秒  all   77.22    0.00    9.11    0.00    0.13    0.51    0.00    0.00   13.04
平均时间:  all   77.22    0.00    9.11    0.00    0.13    0.51    0.00    0.00   13.04

Linux 2.6.32-431.el6.x86_64 (slave1) 	2019年07月24日 	_x86_64_	(8 CPU)

23时33分16秒  CPU    %usr   %nice    %sys %iowait    %irq   %soft  %steal  %guest   %idle
23时33分17秒  all   79.37    0.00    4.81    0.00    0.13    0.25    0.00    0.00   15.44
平均时间:  all   79.37    0.00    4.81    0.00    0.13    0.25    0.00    0.00   15.44

Linux 2.6.32-431.el6.x86_64 (slave1) 	2019年07月24日 	_x86_64_	(8 CPU)

23时33分20秒  CPU    %usr   %nice    %sys %iowait    %irq   %soft  %steal  %guest   %idle
23时33分21秒  all   74.81    0.00   14.19    0.00    0.13    1.28    0.00    0.00    9.59
平均时间:  all   74.81    0.00   14.19    0.00    0.13    1.28    0.00    0.00    9.59

Linux 2.6.32-431.el6.x86_64 (slave1) 	2019年07月24日 	_x86_64_	(8 CPU)

23时33分24秒  CPU    %usr   %nice    %sys %iowait    %irq   %soft  %steal  %guest   %idle
23时33分25秒  all   87.75    0.00    8.96    0.00    0.13    1.14    0.00    0.00    2.02
平均时间:  all   87.75    0.00    8.96    0.00    0.13    1.14    0.00    0.00    2.02

Linux 2.6.32-431.el6.x86_64 (slave1) 	2019年07月24日 	_x86_64_	(8 CPU)

23时33分28秒  CPU    %usr   %nice    %sys %iowait    %irq   %soft  %steal  %guest   %idle
23时33分29秒  all   78.88    0.00    8.91    0.00    0.25    1.53    0.00    0.00   10.43
平均时间:  all   78.88    0.00    8.91    0.00    0.25    1.53    0.00    0.00   10.43

Linux 2.6.32-431.el6.x86_64 (slave1) 	2019年07月24日 	_x86_64_	(8 CPU)

23时33分32秒  CPU    %usr   %nice    %sys %iowait    %irq   %soft  %steal  %guest   %idle
23时33分33秒  all   90.67    0.00    6.68    0.00    0.13    1.26    0.00    0.00    1.26
平均时间:  all   90.67    0.00    6.68    0.00    0.13    1.26    0.00    0.00    1.26

Linux 2.6.32-431.el6.x86_64 (slave1) 	2019年07月24日 	_x86_64_	(8 CPU)

23时33分36秒  CPU    %usr   %nice    %sys %iowait    %irq   %soft  %steal  %guest   %idle
23时33分37秒  all   84.83    0.00    7.46    0.00    0.13    1.26    0.00    0.00    6.32
平均时间:  all   84.83    0.00    7.46    0.00    0.13    1.26    0.00    0.00    6.32

Linux 2.6.32-431.el6.x86_64 (slave1) 	2019年07月24日 	_x86_64_	(8 CPU)

23时33分40秒  CPU    %usr   %nice    %sys %iowait    %irq   %soft  %steal  %guest   %idle
23时33分41秒  all   75.60    0.00   10.49    0.00    0.00    0.88    0.00    0.00   13.02
平均时间:  all   75.60    0.00   10.49    0.00    0.00    0.88    0.00    0.00   13.02

Linux 2.6.32-431.el6.x86_64 (slave1) 	2019年07月24日 	_x86_64_	(8 CPU)

23时33分44秒  CPU    %usr   %nice    %sys %iowait    %irq   %soft  %steal  %guest   %idle
23时33分45秒  all   83.57    0.00    9.73    0.00    0.13    0.63    0.00    0.00    5.94
平均时间:  all   83.57    0.00    9.73    0.00    0.13    0.63    0.00    0.00    5.94

Linux 2.6.32-431.el6.x86_64 (slave1) 	2019年07月24日 	_x86_64_	(8 CPU)

23时33分48秒  CPU    %usr   %nice    %sys %iowait    %irq   %soft  %steal  %guest   %idle
23时33分49秒  all   72.10    0.00    4.80    0.00    0.00    0.38    0.00    0.00   22.73
平均时间:  all   72.10    0.00    4.80    0.00    0.00    0.38    0.00    0.00   22.73

Linux 2.6.32-431.el6.x86_64 (slave1) 	2019年07月24日 	_x86_64_	(8 CPU)

23时33分52秒  CPU    %usr   %nice    %sys %iowait    %irq   %soft  %steal  %guest   %idle
23时33分53秒  all   79.82    0.00   11.48    0.00    0.00    0.00    0.00    0.00    8.70
平均时间:  all   79.82    0.00   11.48    0.00    0.00    0.00    0.00    0.00    8.70

Linux 2.6.32-431.el6.x86_64 (slave1) 	2019年07月24日 	_x86_64_	(8 CPU)

23时33分56秒  CPU    %usr   %nice    %sys %iowait    %irq   %soft  %steal  %guest   %idle
23时33分57秒  all   93.01    0.00    6.49    0.00    0.00    0.50    0.00    0.00    0.00
平均时间:  all   93.01    0.00    6.49    0.00    0.00    0.50    0.00    0.00    0.00

Linux 2.6.32-431.el6.x86_64 (slave1) 	2019年07月24日 	_x86_64_	(8 CPU)

23时34分00秒  CPU    %usr   %nice    %sys %iowait    %irq   %soft  %steal  %guest   %idle
23时34分01秒  all   21.58    0.00   20.41    0.00    0.00    6.07    0.00    0.00   51.94
平均时间:  all   21.58    0.00   20.41    0.00    0.00    6.07    0.00    0.00   51.94

Linux 2.6.32-431.el6.x86_64 (slave1) 	2019年07月24日 	_x86_64_	(8 CPU)

23时34分04秒  CPU    %usr   %nice    %sys %iowait    %irq   %soft  %steal  %guest   %idle
23时34分05秒  all   84.75    0.00   14.62    0.00    0.00    0.62    0.00    0.00    0.00
平均时间:  all   84.75    0.00   14.62    0.00    0.00    0.62    0.00    0.00    0.00

Linux 2.6.32-431.el6.x86_64 (slave1) 	2019年07月24日 	_x86_64_	(8 CPU)

23时34分08秒  CPU    %usr   %nice    %sys %iowait    %irq   %soft  %steal  %guest   %idle
23时34分09秒  all   71.54    0.00    9.32    0.00    0.00    0.00    0.00    0.00   19.14
平均时间:  all   71.54    0.00    9.32    0.00    0.00    0.00    0.00    0.00   19.14

Linux 2.6.32-431.el6.x86_64 (slave1) 	2019年07月24日 	_x86_64_	(8 CPU)

23时34分12秒  CPU    %usr   %nice    %sys %iowait    %irq   %soft  %steal  %guest   %idle
23时34分13秒  all   85.32    0.00   10.66    0.00    0.00    0.00    0.00    0.00    4.02
平均时间:  all   85.32    0.00   10.66    0.00    0.00    0.00    0.00    0.00    4.02

Linux 2.6.32-431.el6.x86_64 (slave1) 	2019年07月24日 	_x86_64_	(8 CPU)

23时34分16秒  CPU    %usr   %nice    %sys %iowait    %irq   %soft  %steal  %guest   %idle
23时34分17秒  all   79.27    0.00   11.31    0.00    0.00    0.00    0.00    0.00    9.42
平均时间:  all   79.27    0.00   11.31    0.00    0.00    0.00    0.00    0.00    9.42

Linux 2.6.32-431.el6.x86_64 (slave1) 	2019年07月24日 	_x86_64_	(8 CPU)

23时34分20秒  CPU    %usr   %nice    %sys %iowait    %irq   %soft  %steal  %guest   %idle
23时34分21秒  all   94.50    0.00    5.25    0.00    0.00    0.25    0.00    0.00    0.00
平均时间:  all   94.50    0.00    5.25    0.00    0.00    0.25    0.00    0.00    0.00

Linux 2.6.32-431.el6.x86_64 (slave1) 	2019年07月24日 	_x86_64_	(8 CPU)

23时34分24秒  CPU    %usr   %nice    %sys %iowait    %irq   %soft  %steal  %guest   %idle
23时34分25秒  all   90.59    0.00    7.40    0.00    0.13    1.00    0.00    0.00    0.88
平均时间:  all   90.59    0.00    7.40    0.00    0.13    1.00    0.00    0.00    0.88

Linux 2.6.32-431.el6.x86_64 (slave1) 	2019年07月24日 	_x86_64_	(8 CPU)

23时34分28秒  CPU    %usr   %nice    %sys %iowait    %irq   %soft  %steal  %guest   %idle
23时34分29秒  all   92.87    0.00    6.13    0.00    0.13    0.75    0.00    0.00    0.13
平均时间:  all   92.87    0.00    6.13    0.00    0.13    0.75    0.00    0.00    0.13

Linux 2.6.32-431.el6.x86_64 (slave1) 	2019年07月24日 	_x86_64_	(8 CPU)

23时34分32秒  CPU    %usr   %nice    %sys %iowait    %irq   %soft  %steal  %guest   %idle
23时34分33秒  all   90.11    0.00    9.14    0.00    0.13    0.63    0.00    0.00    0.00
平均时间:  all   90.11    0.00    9.14    0.00    0.13    0.63    0.00    0.00    0.00

Linux 2.6.32-431.el6.x86_64 (slave1) 	2019年07月24日 	_x86_64_	(8 CPU)

23时34分36秒  CPU    %usr   %nice    %sys %iowait    %irq   %soft  %steal  %guest   %idle
23时34分37秒  all   93.38    0.00    5.88    0.00    0.00    0.62    0.00    0.00    0.12
平均时间:  all   93.38    0.00    5.88    0.00    0.00    0.62    0.00    0.00    0.12

Linux 2.6.32-431.el6.x86_64 (slave1) 	2019年07月24日 	_x86_64_	(8 CPU)

23时34分40秒  CPU    %usr   %nice    %sys %iowait    %irq   %soft  %steal  %guest   %idle
23时34分41秒  all   93.62    0.00    5.12    0.00    0.00    0.88    0.00    0.00    0.38
平均时间:  all   93.62    0.00    5.12    0.00    0.00    0.88    0.00    0.00    0.38

Linux 2.6.32-431.el6.x86_64 (slave1) 	2019年07月24日 	_x86_64_	(8 CPU)

23时34分45秒  CPU    %usr   %nice    %sys %iowait    %irq   %soft  %steal  %guest   %idle
23时34分46秒  all   90.62    0.00    4.88    0.00    0.00    0.50    0.00    0.00    4.00
平均时间:  all   90.62    0.00    4.88    0.00    0.00    0.50    0.00    0.00    4.00

Linux 2.6.32-431.el6.x86_64 (slave1) 	2019年07月24日 	_x86_64_	(8 CPU)

23时34分49秒  CPU    %usr   %nice    %sys %iowait    %irq   %soft  %steal  %guest   %idle
23时34分50秒  all   60.03    0.00    3.40    0.00    0.00    1.51    0.00    0.00   35.06
平均时间:  all   60.03    0.00    3.40    0.00    0.00    1.51    0.00    0.00   35.06

Linux 2.6.32-431.el6.x86_64 (slave1) 	2019年07月24日 	_x86_64_	(8 CPU)

23时34分53秒  CPU    %usr   %nice    %sys %iowait    %irq   %soft  %steal  %guest   %idle
23时34分54秒  all   88.05    0.00    8.18    0.00    0.00    0.63    0.00    0.00    3.14
平均时间:  all   88.05    0.00    8.18    0.00    0.00    0.63    0.00    0.00    3.14

Linux 2.6.32-431.el6.x86_64 (slave1) 	2019年07月24日 	_x86_64_	(8 CPU)

23时34分57秒  CPU    %usr   %nice    %sys %iowait    %irq   %soft  %steal  %guest   %idle
23时34分58秒  all   86.02    0.00   12.11    0.00    0.12    0.87    0.00    0.00    0.87
平均时间:  all   86.02    0.00   12.11    0.00    0.12    0.87    0.00    0.00    0.87

Linux 2.6.32-431.el6.x86_64 (slave1) 	2019年07月24日 	_x86_64_	(8 CPU)

23时35分01秒  CPU    %usr   %nice    %sys %iowait    %irq   %soft  %steal  %guest   %idle
23时35分02秒  all   29.80    0.00    6.57    0.00    0.00    1.77    0.00    0.00   61.87
平均时间:  all   29.80    0.00    6.57    0.00    0.00    1.77    0.00    0.00   61.87

Linux 2.6.32-431.el6.x86_64 (slave1) 	2019年07月24日 	_x86_64_	(8 CPU)

23时35分05秒  CPU    %usr   %nice    %sys %iowait    %irq   %soft  %steal  %guest   %idle
23时35分06秒  all   63.42    0.00    6.46    0.00    0.00    0.13    0.00    0.00   30.00
平均时间:  all   63.42    0.00    6.46    0.00    0.00    0.13    0.00    0.00   30.00

Linux 2.6.32-431.el6.x86_64 (slave1) 	2019年07月24日 	_x86_64_	(8 CPU)

23时35分09秒  CPU    %usr   %nice    %sys %iowait    %irq   %soft  %steal  %guest   %idle
23时35分10秒  all   76.77    0.00   11.74    0.00    0.00    0.76    0.00    0.00   10.73
平均时间:  all   76.77    0.00   11.74    0.00    0.00    0.76    0.00    0.00   10.73

Linux 2.6.32-431.el6.x86_64 (slave1) 	2019年07月24日 	_x86_64_	(8 CPU)

23时35分13秒  CPU    %usr   %nice    %sys %iowait    %irq   %soft  %steal  %guest   %idle
23时35分14秒  all   86.45    0.00   11.04    0.00    0.00    0.25    0.00    0.00    2.26
平均时间:  all   86.45    0.00   11.04    0.00    0.00    0.25    0.00    0.00    2.26

Linux 2.6.32-431.el6.x86_64 (slave1) 	2019年07月24日 	_x86_64_	(8 CPU)

23时35分17秒  CPU    %usr   %nice    %sys %iowait    %irq   %soft  %steal  %guest   %idle
23时35分18秒  all   85.84    0.00   12.78    0.00    0.13    1.00    0.00    0.00    0.25
平均时间:  all   85.84    0.00   12.78    0.00    0.13    1.00    0.00    0.00    0.25

Linux 2.6.32-431.el6.x86_64 (slave1) 	2019年07月24日 	_x86_64_	(8 CPU)

23时35分21秒  CPU    %usr   %nice    %sys %iowait    %irq   %soft  %steal  %guest   %idle
23时35分22秒  all   91.49    0.00    8.26    0.00    0.00    0.00    0.00    0.00    0.25
平均时间:  all   91.49    0.00    8.26    0.00    0.00    0.00    0.00    0.00    0.25

Linux 2.6.32-431.el6.x86_64 (slave1) 	2019年07月24日 	_x86_64_	(8 CPU)

23时35分25秒  CPU    %usr   %nice    %sys %iowait    %irq   %soft  %steal  %guest   %idle
23时35分26秒  all   47.02    0.00    6.08    0.00    0.00    0.13    0.00    0.00   46.77
平均时间:  all   47.02    0.00    6.08    0.00    0.00    0.13    0.00    0.00   46.77

Linux 2.6.32-431.el6.x86_64 (slave1) 	2019年07月24日 	_x86_64_	(8 CPU)

23时35分29秒  CPU    %usr   %nice    %sys %iowait    %irq   %soft  %steal  %guest   %idle
23时35分30秒  all   85.08    0.00    7.84    0.00    0.00    0.00    0.00    0.00    7.08
平均时间:  all   85.08    0.00    7.84    0.00    0.00    0.00    0.00    0.00    7.08

Linux 2.6.32-431.el6.x86_64 (slave1) 	2019年07月24日 	_x86_64_	(8 CPU)

23时35分33秒  CPU    %usr   %nice    %sys %iowait    %irq   %soft  %steal  %guest   %idle
23时35分34秒  all   16.41    0.00    2.42    0.00    0.13    0.25    0.00    0.00   80.79
平均时间:  all   16.41    0.00    2.42    0.00    0.13    0.25    0.00    0.00   80.79

Linux 2.6.32-431.el6.x86_64 (slave1) 	2019年07月24日 	_x86_64_	(8 CPU)

23时35分37秒  CPU    %usr   %nice    %sys %iowait    %irq   %soft  %steal  %guest   %idle
23时35分38秒  all   46.62    0.00    4.85    0.00    0.00    0.00    0.00    0.00   48.53
平均时间:  all   46.62    0.00    4.85    0.00    0.00    0.00    0.00    0.00   48.53

Linux 2.6.32-431.el6.x86_64 (slave1) 	2019年07月24日 	_x86_64_	(8 CPU)

23时35分41秒  CPU    %usr   %nice    %sys %iowait    %irq   %soft  %steal  %guest   %idle
23时35分42秒  all   60.23    0.00    8.51    0.00    0.00    0.00    0.00    0.00   31.26
平均时间:  all   60.23    0.00    8.51    0.00    0.00    0.00    0.00    0.00   31.26

Linux 2.6.32-431.el6.x86_64 (slave1) 	2019年07月24日 	_x86_64_	(8 CPU)

23时35分45秒  CPU    %usr   %nice    %sys %iowait    %irq   %soft  %steal  %guest   %idle
23时35分46秒  all   77.15    0.00    8.96    0.00    0.00    0.13    0.00    0.00   13.76
平均时间:  all   77.15    0.00    8.96    0.00    0.00    0.13    0.00    0.00   13.76

Linux 2.6.32-431.el6.x86_64 (slave1) 	2019年07月24日 	_x86_64_	(8 CPU)

23时35分49秒  CPU    %usr   %nice    %sys %iowait    %irq   %soft  %steal  %guest   %idle
23时35分50秒  all   60.59    0.00    7.53    0.00    0.51    2.42    0.00    0.00   28.95
平均时间:  all   60.59    0.00    7.53    0.00    0.51    2.42    0.00    0.00   28.95

Linux 2.6.32-431.el6.x86_64 (slave1) 	2019年07月24日 	_x86_64_	(8 CPU)

23时35分53秒  CPU    %usr   %nice    %sys %iowait    %irq   %soft  %steal  %guest   %idle
23时35分54秒  all   64.97    0.00    9.04    0.00    0.00    0.00    0.00    0.00   25.99
平均时间:  all   64.97    0.00    9.04    0.00    0.00    0.00    0.00    0.00   25.99

Linux 2.6.32-431.el6.x86_64 (slave1) 	2019年07月24日 	_x86_64_	(8 CPU)

23时35分57秒  CPU    %usr   %nice    %sys %iowait    %irq   %soft  %steal  %guest   %idle
23时35分58秒  all   78.61    0.00    9.49    0.00    0.00    0.00    0.00    0.00   11.90
平均时间:  all   78.61    0.00    9.49    0.00    0.00    0.00    0.00    0.00   11.90

Linux 2.6.32-431.el6.x86_64 (slave1) 	2019年07月24日 	_x86_64_	(8 CPU)

23时36分01秒  CPU    %usr   %nice    %sys %iowait    %irq   %soft  %steal  %guest   %idle
23时36分02秒  all   75.03    0.00    9.51    0.00    0.00    0.13    0.00    0.00   15.34
平均时间:  all   75.03    0.00    9.51    0.00    0.00    0.13    0.00    0.00   15.34

Linux 2.6.32-431.el6.x86_64 (slave1) 	2019年07月24日 	_x86_64_	(8 CPU)

23时36分05秒  CPU    %usr   %nice    %sys %iowait    %irq   %soft  %steal  %guest   %idle
23时36分06秒  all   71.95    0.00   10.41    0.00    0.13    0.89    0.00    0.00   16.62
平均时间:  all   71.95    0.00   10.41    0.00    0.13    0.89    0.00    0.00   16.62

Linux 2.6.32-431.el6.x86_64 (slave1) 	2019年07月24日 	_x86_64_	(8 CPU)

23时36分09秒  CPU    %usr   %nice    %sys %iowait    %irq   %soft  %steal  %guest   %idle
23时36分10秒  all   65.90    0.00    7.00    0.00    0.00    0.13    0.00    0.00   26.97
平均时间:  all   65.90    0.00    7.00    0.00    0.00    0.13    0.00    0.00   26.97

Linux 2.6.32-431.el6.x86_64 (slave1) 	2019年07月24日 	_x86_64_	(8 CPU)

23时36分13秒  CPU    %usr   %nice    %sys %iowait    %irq   %soft  %steal  %guest   %idle
23时36分14秒  all   73.80    0.00    8.61    0.00    0.00    0.00    0.00    0.00   17.59
平均时间:  all   73.80    0.00    8.61    0.00    0.00    0.00    0.00    0.00   17.59

Linux 2.6.32-431.el6.x86_64 (slave1) 	2019年07月24日 	_x86_64_	(8 CPU)

23时36分17秒  CPU    %usr   %nice    %sys %iowait    %irq   %soft  %steal  %guest   %idle
23时36分18秒  all   57.03    0.00   11.76    0.00    0.13    0.13    0.00    0.00   30.95
平均时间:  all   57.03    0.00   11.76    0.00    0.13    0.13    0.00    0.00   30.95

Linux 2.6.32-431.el6.x86_64 (slave1) 	2019年07月24日 	_x86_64_	(8 CPU)

23时36分21秒  CPU    %usr   %nice    %sys %iowait    %irq   %soft  %steal  %guest   %idle
23时36分22秒  all   75.98    0.00   10.37    0.00    0.00    0.25    0.00    0.00   13.40
平均时间:  all   75.98    0.00   10.37    0.00    0.00    0.25    0.00    0.00   13.40

Linux 2.6.32-431.el6.x86_64 (slave1) 	2019年07月24日 	_x86_64_	(8 CPU)

23时36分25秒  CPU    %usr   %nice    %sys %iowait    %irq   %soft  %steal  %guest   %idle
23时36分26秒  all   86.42    0.00    7.42    0.00    0.00    0.13    0.00    0.00    6.04
平均时间:  all   86.42    0.00    7.42    0.00    0.00    0.13    0.00    0.00    6.04

Linux 2.6.32-431.el6.x86_64 (slave1) 	2019年07月24日 	_x86_64_	(8 CPU)

23时36分29秒  CPU    %usr   %nice    %sys %iowait    %irq   %soft  %steal  %guest   %idle
23时36分30秒  all   75.41    0.00    6.50    0.00    0.00    0.13    0.00    0.00   17.96
平均时间:  all   75.41    0.00    6.50    0.00    0.00    0.13    0.00    0.00   17.96

Linux 2.6.32-431.el6.x86_64 (slave1) 	2019年07月24日 	_x86_64_	(8 CPU)

23时36分33秒  CPU    %usr   %nice    %sys %iowait    %irq   %soft  %steal  %guest   %idle
23时36分34秒  all   76.62    0.00    7.24    0.00    0.00    0.00    0.00    0.00   16.14
平均时间:  all   76.62    0.00    7.24    0.00    0.00    0.00    0.00    0.00   16.14

Linux 2.6.32-431.el6.x86_64 (slave1) 	2019年07月24日 	_x86_64_	(8 CPU)

23时36分37秒  CPU    %usr   %nice    %sys %iowait    %irq   %soft  %steal  %guest   %idle
23时36分38秒  all   29.68    0.00    3.06    0.00    0.00    0.13    0.00    0.00   67.13
平均时间:  all   29.68    0.00    3.06    0.00    0.00    0.13    0.00    0.00   67.13

Linux 2.6.32-431.el6.x86_64 (slave1) 	2019年07月24日 	_x86_64_	(8 CPU)

23时36分41秒  CPU    %usr   %nice    %sys %iowait    %irq   %soft  %steal  %guest   %idle
23时36分42秒  all   43.92    0.00    6.15    0.00    0.00    0.13    0.00    0.00   49.81
平均时间:  all   43.92    0.00    6.15    0.00    0.00    0.13    0.00    0.00   49.81

Linux 2.6.32-431.el6.x86_64 (slave1) 	2019年07月24日 	_x86_64_	(8 CPU)

23时36分45秒  CPU    %usr   %nice    %sys %iowait    %irq   %soft  %steal  %guest   %idle
23时36分46秒  all   64.83    0.00    7.93    0.00    0.00    0.13    0.00    0.00   27.11
平均时间:  all   64.83    0.00    7.93    0.00    0.00    0.13    0.00    0.00   27.11

Linux 2.6.32-431.el6.x86_64 (slave1) 	2019年07月24日 	_x86_64_	(8 CPU)

23时36分49秒  CPU    %usr   %nice    %sys %iowait    %irq   %soft  %steal  %guest   %idle
23时36分50秒  all   40.25    0.00    3.69    0.00    0.00    0.51    0.00    0.00   55.54
平均时间:  all   40.25    0.00    3.69    0.00    0.00    0.51    0.00    0.00   55.54

Linux 2.6.32-431.el6.x86_64 (slave1) 	2019年07月24日 	_x86_64_	(8 CPU)

23时36分53秒  CPU    %usr   %nice    %sys %iowait    %irq   %soft  %steal  %guest   %idle
23时36分54秒  all   10.62    0.00    1.64    0.00    0.13    0.13    0.00    0.00   87.48
平均时间:  all   10.62    0.00    1.64    0.00    0.13    0.13    0.00    0.00   87.48

Linux 2.6.32-431.el6.x86_64 (slave1) 	2019年07月24日 	_x86_64_	(8 CPU)

23时36分57秒  CPU    %usr   %nice    %sys %iowait    %irq   %soft  %steal  %guest   %idle
23时36分58秒  all    8.25    0.00    1.65    0.00    0.00    0.00    0.00    0.00   90.10
平均时间:  all    8.25    0.00    1.65    0.00    0.00    0.00    0.00    0.00   90.10

Linux 2.6.32-431.el6.x86_64 (slave1) 	2019年07月24日 	_x86_64_	(8 CPU)

23时37分01秒  CPU    %usr   %nice    %sys %iowait    %irq   %soft  %steal  %guest   %idle
23时37分02秒  all    9.62    0.00    1.27    0.00    0.13    0.00    0.00    0.00   88.99
平均时间:  all    9.62    0.00    1.27    0.00    0.13    0.00    0.00    0.00   88.99

Linux 2.6.32-431.el6.x86_64 (slave1) 	2019年07月24日 	_x86_64_	(8 CPU)

23时37分05秒  CPU    %usr   %nice    %sys %iowait    %irq   %soft  %steal  %guest   %idle
23时37分06秒  all    4.18    0.00    1.14    0.00    0.00    0.00    0.00    0.00   94.68
平均时间:  all    4.18    0.00    1.14    0.00    0.00    0.00    0.00    0.00   94.68

Linux 2.6.32-431.el6.x86_64 (slave1) 	2019年07月24日 	_x86_64_	(8 CPU)

23时37分09秒  CPU    %usr   %nice    %sys %iowait    %irq   %soft  %steal  %guest   %idle
23时37分10秒  all    3.04    0.00    0.89    0.00    0.00    0.13    0.00    0.00   95.95
平均时间:  all    3.04    0.00    0.89    0.00    0.00    0.13    0.00    0.00   95.95

Linux 2.6.32-431.el6.x86_64 (slave1) 	2019年07月24日 	_x86_64_	(8 CPU)

23时37分13秒  CPU    %usr   %nice    %sys %iowait    %irq   %soft  %steal  %guest   %idle
23时37分14秒  all    4.19    0.00    1.14    0.00    0.00    0.00    0.00    0.00   94.67
平均时间:  all    4.19    0.00    1.14    0.00    0.00    0.00    0.00    0.00   94.67

Linux 2.6.32-431.el6.x86_64 (slave1) 	2019年07月24日 	_x86_64_	(8 CPU)

23时37分17秒  CPU    %usr   %nice    %sys %iowait    %irq   %soft  %steal  %guest   %idle
23时37分18秒  all    5.46    0.00    1.02    0.00    0.00    0.00    0.00    0.00   93.53
平均时间:  all    5.46    0.00    1.02    0.00    0.00    0.00    0.00    0.00   93.53

Linux 2.6.32-431.el6.x86_64 (slave1) 	2019年07月24日 	_x86_64_	(8 CPU)

23时37分21秒  CPU    %usr   %nice    %sys %iowait    %irq   %soft  %steal  %guest   %idle
23时37分22秒  all    0.38    0.00    1.63    0.00    0.00    0.00    0.00    0.00   97.99
平均时间:  all    0.38    0.00    1.63    0.00    0.00    0.00    0.00    0.00   97.99

Linux 2.6.32-431.el6.x86_64 (slave1) 	2019年07月24日 	_x86_64_	(8 CPU)
