
Linux 2.6.32-431.el6.x86_64 (slave2) 	2019年07月24日 	_x86_64_	(8 CPU)

23时26分41秒  CPU    %usr   %nice    %sys %iowait    %irq   %soft  %steal  %guest   %idle
23时26分42秒  all    0.00    0.00    0.13    0.00    0.00    0.00    0.00    0.00   99.87
平均时间:  all    0.00    0.00    0.13    0.00    0.00    0.00    0.00    0.00   99.87

Linux 2.6.32-431.el6.x86_64 (slave2) 	2019年07月24日 	_x86_64_	(8 CPU)

23时26分45秒  CPU    %usr   %nice    %sys %iowait    %irq   %soft  %steal  %guest   %idle
23时26分46秒  all    0.00    0.00    0.13    0.00    0.00    0.00    0.00    0.00   99.87
平均时间:  all    0.00    0.00    0.13    0.00    0.00    0.00    0.00    0.00   99.87

Linux 2.6.32-431.el6.x86_64 (slave2) 	2019年07月24日 	_x86_64_	(8 CPU)

23时26分49秒  CPU    %usr   %nice    %sys %iowait    %irq   %soft  %steal  %guest   %idle
23时26分50秒  all    0.00    0.00    0.00    0.00    0.00    0.00    0.00    0.00  100.00
平均时间:  all    0.00    0.00    0.00    0.00    0.00    0.00    0.00    0.00  100.00

Linux 2.6.32-431.el6.x86_64 (slave2) 	2019年07月24日 	_x86_64_	(8 CPU)

23时26分53秒  CPU    %usr   %nice    %sys %iowait    %irq   %soft  %steal  %guest   %idle
23时26分54秒  all    0.00    0.00    0.00    0.00    0.00    0.00    0.00    0.00  100.00
平均时间:  all    0.00    0.00    0.00    0.00    0.00    0.00    0.00    0.00  100.00

Linux 2.6.32-431.el6.x86_64 (slave2) 	2019年07月24日 	_x86_64_	(8 CPU)

23时26分57秒  CPU    %usr   %nice    %sys %iowait    %irq   %soft  %steal  %guest   %idle
23时26分58秒  all    0.00    0.00    0.25    0.00    0.13    0.00    0.00    0.00   99.62
平均时间:  all    0.00    0.00    0.25    0.00    0.13    0.00    0.00    0.00   99.62

Linux 2.6.32-431.el6.x86_64 (slave2) 	2019年07月24日 	_x86_64_	(8 CPU)

23时27分01秒  CPU    %usr   %nice    %sys %iowait    %irq   %soft  %steal  %guest   %idle
23时27分02秒  all    0.66    0.00    8.20    0.00    0.40    6.08    0.00    0.00   84.66
平均时间:  all    0.66    0.00    8.20    0.00    0.40    6.08    0.00    0.00   84.66

Linux 2.6.32-431.el6.x86_64 (slave2) 	2019年07月24日 	_x86_64_	(8 CPU)

23时27分05秒  CPU    %usr   %nice    %sys %iowait    %irq   %soft  %steal  %guest   %idle
23时27分06秒  all    0.79    0.00    8.31    0.00    0.40    6.99    0.00    0.00   83.51
平均时间:  all    0.79    0.00    8.31    0.00    0.40    6.99    0.00    0.00   83.51

Linux 2.6.32-431.el6.x86_64 (slave2) 	2019年07月24日 	_x86_64_	(8 CPU)

23时27分09秒  CPU    %usr   %nice    %sys %iowait    %irq   %soft  %steal  %guest   %idle
23时27分10秒  all    0.93    0.00    9.95    0.00    0.40    9.95    0.00    0.00   78.78
平均时间:  all    0.93    0.00    9.95    0.00    0.40    9.95    0.00    0.00   78.78

Linux 2.6.32-431.el6.x86_64 (slave2) 	2019年07月24日 	_x86_64_	(8 CPU)

23时27分13秒  CPU    %usr   %nice    %sys %iowait    %irq   %soft  %steal  %guest   %idle
23时27分14秒  all    0.78    0.00    9.52    0.00    0.52   11.21    0.00    0.00   77.97
平均时间:  all    0.78    0.00    9.52    0.00    0.52   11.21    0.00    0.00   77.97

Linux 2.6.32-431.el6.x86_64 (slave2) 	2019年07月24日 	_x86_64_	(8 CPU)

23时27分17秒  CPU    %usr   %nice    %sys %iowait    %irq   %soft  %steal  %guest   %idle
23时27分18秒  all    0.53    0.00    7.43    0.00    0.13   16.84    0.00    0.00   75.07
平均时间:  all    0.53    0.00    7.43    0.00    0.13   16.84    0.00    0.00   75.07

Linux 2.6.32-431.el6.x86_64 (slave2) 	2019年07月24日 	_x86_64_	(8 CPU)

23时27分21秒  CPU    %usr   %nice    %sys %iowait    %irq   %soft  %steal  %guest   %idle
23时27分22秒  all    4.23    0.00   11.73    0.27    0.27   18.69    0.00    0.00   64.80
平均时间:  all    4.23    0.00   11.73    0.27    0.27   18.69    0.00    0.00   64.80

Linux 2.6.32-431.el6.x86_64 (slave2) 	2019年07月24日 	_x86_64_	(8 CPU)

23时27分25秒  CPU    %usr   %nice    %sys %iowait    %irq   %soft  %steal  %guest   %idle
23时27分26秒  all   34.30    0.00   10.03    0.00    0.13    2.24    0.00    0.00   53.30
平均时间:  all   34.30    0.00   10.03    0.00    0.13    2.24    0.00    0.00   53.30

Linux 2.6.32-431.el6.x86_64 (slave2) 	2019年07月24日 	_x86_64_	(8 CPU)

23时27分29秒  CPU    %usr   %nice    %sys %iowait    %irq   %soft  %steal  %guest   %idle
23时27分30秒  all   73.10    0.00   11.80    0.00    0.00    1.90    0.00    0.00   13.20
平均时间:  all   73.10    0.00   11.80    0.00    0.00    1.90    0.00    0.00   13.20

Linux 2.6.32-431.el6.x86_64 (slave2) 	2019年07月24日 	_x86_64_	(8 CPU)

23时27分33秒  CPU    %usr   %nice    %sys %iowait    %irq   %soft  %steal  %guest   %idle
23时27分34秒  all   85.55    0.00   10.30    0.00    0.00    0.00    0.00    0.00    4.15
平均时间:  all   85.55    0.00   10.30    0.00    0.00    0.00    0.00    0.00    4.15

Linux 2.6.32-431.el6.x86_64 (slave2) 	2019年07月24日 	_x86_64_	(8 CPU)

23时27分37秒  CPU    %usr   %nice    %sys %iowait    %irq   %soft  %steal  %guest   %idle
23时27分38秒  all   83.21    0.00   11.99    0.00    0.00    0.00    0.00    0.00    4.80
平均时间:  all   83.21    0.00   11.99    0.00    0.00    0.00    0.00    0.00    4.80

Linux 2.6.32-431.el6.x86_64 (slave2) 	2019年07月24日 	_x86_64_	(8 CPU)

23时27分41秒  CPU    %usr   %nice    %sys %iowait    %irq   %soft  %steal  %guest   %idle
23时27分42秒  all   87.91    0.00    8.56    0.00    0.00    0.00    0.00    0.00    3.53
平均时间:  all   87.91    0.00    8.56    0.00    0.00    0.00    0.00    0.00    3.53

Linux 2.6.32-431.el6.x86_64 (slave2) 	2019年07月24日 	_x86_64_	(8 CPU)

23时27分45秒  CPU    %usr   %nice    %sys %iowait    %irq   %soft  %steal  %guest   %idle
23时27分46秒  all   89.75    0.00    9.38    0.00    0.00    0.12    0.00    0.00    0.75
平均时间:  all   89.75    0.00    9.38    0.00    0.00    0.12    0.00    0.00    0.75

Linux 2.6.32-431.el6.x86_64 (slave2) 	2019年07月24日 	_x86_64_	(8 CPU)

23时27分50秒  CPU    %usr   %nice    %sys %iowait    %irq   %soft  %steal  %guest   %idle
23时27分51秒  all   36.19    0.00    6.14    0.00    0.00    0.00    0.00    0.00   57.67
平均时间:  all   36.19    0.00    6.14    0.00    0.00    0.00    0.00    0.00   57.67

Linux 2.6.32-431.el6.x86_64 (slave2) 	2019年07月24日 	_x86_64_	(8 CPU)

23时27分54秒  CPU    %usr   %nice    %sys %iowait    %irq   %soft  %steal  %guest   %idle
23时27分55秒  all   49.49    0.00    8.06    0.00    0.13    0.13    0.00    0.00   42.20
平均时间:  all   49.49    0.00    8.06    0.00    0.13    0.13    0.00    0.00   42.20

Linux 2.6.32-431.el6.x86_64 (slave2) 	2019年07月24日 	_x86_64_	(8 CPU)

23时27分58秒  CPU    %usr   %nice    %sys %iowait    %irq   %soft  %steal  %guest   %idle
23时27分59秒  all   42.78    0.00    6.13    0.00    0.13    0.00    0.00    0.00   50.96
平均时间:  all   42.78    0.00    6.13    0.00    0.13    0.00    0.00    0.00   50.96

Linux 2.6.32-431.el6.x86_64 (slave2) 	2019年07月24日 	_x86_64_	(8 CPU)

23时28分02秒  CPU    %usr   %nice    %sys %iowait    %irq   %soft  %steal  %guest   %idle
23时28分03秒  all   65.14    0.00    8.40    0.00    0.00    0.13    0.00    0.00   26.34
平均时间:  all   65.14    0.00    8.40    0.00    0.00    0.13    0.00    0.00   26.34

Linux 2.6.32-431.el6.x86_64 (slave2) 	2019年07月24日 	_x86_64_	(8 CPU)

23时28分06秒  CPU    %usr   %nice    %sys %iowait    %irq   %soft  %steal  %guest   %idle
23时28分07秒  all   67.86    0.00   13.96    0.00    0.00    0.26    0.00    0.00   17.93
平均时间:  all   67.86    0.00   13.96    0.00    0.00    0.26    0.00    0.00   17.93

Linux 2.6.32-431.el6.x86_64 (slave2) 	2019年07月24日 	_x86_64_	(8 CPU)

23时28分10秒  CPU    %usr   %nice    %sys %iowait    %irq   %soft  %steal  %guest   %idle
23时28分11秒  all   80.28    0.00   12.94    0.00    0.00    1.13    0.00    0.00    5.65
平均时间:  all   80.28    0.00   12.94    0.00    0.00    1.13    0.00    0.00    5.65

Linux 2.6.32-431.el6.x86_64 (slave2) 	2019年07月24日 	_x86_64_	(8 CPU)

23时28分14秒  CPU    %usr   %nice    %sys %iowait    %irq   %soft  %steal  %guest   %idle
23时28分15秒  all   88.26    0.00    8.99    0.00    0.12    0.50    0.00    0.00    2.12
平均时间:  all   88.26    0.00    8.99    0.00    0.12    0.50    0.00    0.00    2.12

Linux 2.6.32-431.el6.x86_64 (slave2) 	2019年07月24日 	_x86_64_	(8 CPU)

23时28分18秒  CPU    %usr   %nice    %sys %iowait    %irq   %soft  %steal  %guest   %idle
23时28分19秒  all   83.38    0.00    8.82    0.00    0.00    0.38    0.00    0.00    7.43
平均时间:  all   83.38    0.00    8.82    0.00    0.00    0.38    0.00    0.00    7.43

Linux 2.6.32-431.el6.x86_64 (slave2) 	2019年07月24日 	_x86_64_	(8 CPU)

23时28分22秒  CPU    %usr   %nice    %sys %iowait    %irq   %soft  %steal  %guest   %idle
23时28分23秒  all   73.44    0.00    7.62    0.00    0.00    1.14    0.00    0.00   17.79
平均时间:  all   73.44    0.00    7.62    0.00    0.00    1.14    0.00    0.00   17.79

Linux 2.6.32-431.el6.x86_64 (slave2) 	2019年07月24日 	_x86_64_	(8 CPU)

23时28分26秒  CPU    %usr   %nice    %sys %iowait    %irq   %soft  %steal  %guest   %idle
23时28分27秒  all   63.81    0.00    2.65    0.00    0.00    0.76    0.00    0.00   32.79
平均时间:  all   63.81    0.00    2.65    0.00    0.00    0.76    0.00    0.00   32.79

Linux 2.6.32-431.el6.x86_64 (slave2) 	2019年07月24日 	_x86_64_	(8 CPU)

23时28分30秒  CPU    %usr   %nice    %sys %iowait    %irq   %soft  %steal  %guest   %idle
23时28分31秒  all   70.42    0.00    5.82    0.00    0.00    0.76    0.00    0.00   23.01
平均时间:  all   70.42    0.00    5.82    0.00    0.00    0.76    0.00    0.00   23.01

Linux 2.6.32-431.el6.x86_64 (slave2) 	2019年07月24日 	_x86_64_	(8 CPU)

23时28分34秒  CPU    %usr   %nice    %sys %iowait    %irq   %soft  %steal  %guest   %idle
23时28分35秒  all   67.82    0.00   14.36    0.00    0.13    7.56    0.00    0.00   10.13
平均时间:  all   67.82    0.00   14.36    0.00    0.13    7.56    0.00    0.00   10.13

Linux 2.6.32-431.el6.x86_64 (slave2) 	2019年07月24日 	_x86_64_	(8 CPU)

23时28分38秒  CPU    %usr   %nice    %sys %iowait    %irq   %soft  %steal  %guest   %idle
23时28分39秒  all   66.12    0.00   19.00    0.00    0.12   14.37    0.00    0.00    0.38
平均时间:  all   66.12    0.00   19.00    0.00    0.12   14.37    0.00    0.00    0.38

Linux 2.6.32-431.el6.x86_64 (slave2) 	2019年07月24日 	_x86_64_	(8 CPU)

23时28分42秒  CPU    %usr   %nice    %sys %iowait    %irq   %soft  %steal  %guest   %idle
23时28分43秒  all   67.09    0.00   17.96    0.00    0.63   12.69    0.00    0.00    1.63
平均时间:  all   67.09    0.00   17.96    0.00    0.63   12.69    0.00    0.00    1.63

Linux 2.6.32-431.el6.x86_64 (slave2) 	2019年07月24日 	_x86_64_	(8 CPU)

23时28分46秒  CPU    %usr   %nice    %sys %iowait    %irq   %soft  %steal  %guest   %idle
23时28分47秒  all   52.20    0.00   27.17    0.00    0.88   17.36    0.00    0.00    2.39
平均时间:  all   52.20    0.00   27.17    0.00    0.88   17.36    0.00    0.00    2.39

Linux 2.6.32-431.el6.x86_64 (slave2) 	2019年07月24日 	_x86_64_	(8 CPU)

23时28分50秒  CPU    %usr   %nice    %sys %iowait    %irq   %soft  %steal  %guest   %idle
23时28分51秒  all   50.00    0.00   21.96    0.00    0.13   15.12    0.00    0.00   12.79
平均时间:  all   50.00    0.00   21.96    0.00    0.13   15.12    0.00    0.00   12.79

Linux 2.6.32-431.el6.x86_64 (slave2) 	2019年07月24日 	_x86_64_	(8 CPU)

23时28分54秒  CPU    %usr   %nice    %sys %iowait    %irq   %soft  %steal  %guest   %idle
23时28分55秒  all   46.78    0.00   31.02    0.00    0.13   19.42    0.00    0.00    2.65
平均时间:  all   46.78    0.00   31.02    0.00    0.13   19.42    0.00    0.00    2.65

Linux 2.6.32-431.el6.x86_64 (slave2) 	2019年07月24日 	_x86_64_	(8 CPU)

23时28分58秒  CPU    %usr   %nice    %sys %iowait    %irq   %soft  %steal  %guest   %idle
23时28分59秒  all   82.73    0.00   13.64    0.00    0.00    3.63    0.00    0.00    0.00
平均时间:  all   82.73    0.00   13.64    0.00    0.00    3.63    0.00    0.00    0.00

Linux 2.6.32-431.el6.x86_64 (slave2) 	2019年07月24日 	_x86_64_	(8 CPU)

23时29分02秒  CPU    %usr   %nice    %sys %iowait    %irq   %soft  %steal  %guest   %idle
23时29分03秒  all   85.05    0.00    9.67    0.00    0.00    0.25    0.00    0.00    5.03
平均时间:  all   85.05    0.00    9.67    0.00    0.00    0.25    0.00    0.00    5.03

Linux 2.6.32-431.el6.x86_64 (slave2) 	2019年07月24日 	_x86_64_	(8 CPU)

23时29分06秒  CPU    %usr   %nice    %sys %iowait    %irq   %soft  %steal  %guest   %idle
23时29分07秒  all   75.13    0.00   13.76    0.00    0.00    0.51    0.00    0.00   10.61
平均时间:  all   75.13    0.00   13.76    0.00    0.00    0.51    0.00    0.00   10.61

Linux 2.6.32-431.el6.x86_64 (slave2) 	2019年07月24日 	_x86_64_	(8 CPU)

23时29分10秒  CPU    %usr   %nice    %sys %iowait    %irq   %soft  %steal  %guest   %idle
23时29分11秒  all   43.78    0.00    9.59    0.00    0.13    1.55    0.00    0.00   44.95
平均时间:  all   43.78    0.00    9.59    0.00    0.13    1.55    0.00    0.00   44.95

Linux 2.6.32-431.el6.x86_64 (slave2) 	2019年07月24日 	_x86_64_	(8 CPU)

23时29分14秒  CPU    %usr   %nice    %sys %iowait    %irq   %soft  %steal  %guest   %idle
23时29分15秒  all   37.92    0.00   15.42    0.00    0.00    5.14    0.00    0.00   41.52
平均时间:  all   37.92    0.00   15.42    0.00    0.00    5.14    0.00    0.00   41.52

Linux 2.6.32-431.el6.x86_64 (slave2) 	2019年07月24日 	_x86_64_	(8 CPU)

23时29分18秒  CPU    %usr   %nice    %sys %iowait    %irq   %soft  %steal  %guest   %idle
23时29分19秒  all   85.14    0.00   13.48    0.00    0.00    0.50    0.00    0.00    0.87
平均时间:  all   85.14    0.00   13.48    0.00    0.00    0.50    0.00    0.00    0.87

Linux 2.6.32-431.el6.x86_64 (slave2) 	2019年07月24日 	_x86_64_	(8 CPU)

23时29分22秒  CPU    %usr   %nice    %sys %iowait    %irq   %soft  %steal  %guest   %idle
23时29分23秒  all   93.50    0.00    6.50    0.00    0.00    0.00    0.00    0.00    0.00
平均时间:  all   93.50    0.00    6.50    0.00    0.00    0.00    0.00    0.00    0.00

Linux 2.6.32-431.el6.x86_64 (slave2) 	2019年07月24日 	_x86_64_	(8 CPU)

23时29分26秒  CPU    %usr   %nice    %sys %iowait    %irq   %soft  %steal  %guest   %idle
23时29分27秒  all   92.26    0.00    7.37    0.00    0.00    0.25    0.00    0.00    0.12
平均时间:  all   92.26    0.00    7.37    0.00    0.00    0.25    0.00    0.00    0.12

Linux 2.6.32-431.el6.x86_64 (slave2) 	2019年07月24日 	_x86_64_	(8 CPU)

23时29分30秒  CPU    %usr   %nice    %sys %iowait    %irq   %soft  %steal  %guest   %idle
23时29分31秒  all   91.85    0.00    6.39    0.00    0.00    0.25    0.00    0.00    1.50
平均时间:  all   91.85    0.00    6.39    0.00    0.00    0.25    0.00    0.00    1.50

Linux 2.6.32-431.el6.x86_64 (slave2) 	2019年07月24日 	_x86_64_	(8 CPU)

23时29分34秒  CPU    %usr   %nice    %sys %iowait    %irq   %soft  %steal  %guest   %idle
23时29分35秒  all   70.61    0.00    8.78    0.00    0.00    0.13    0.00    0.00   20.48
平均时间:  all   70.61    0.00    8.78    0.00    0.00    0.13    0.00    0.00   20.48

Linux 2.6.32-431.el6.x86_64 (slave2) 	2019年07月24日 	_x86_64_	(8 CPU)

23时29分38秒  CPU    %usr   %nice    %sys %iowait    %irq   %soft  %steal  %guest   %idle
23时29分39秒  all   64.11    0.00    6.51    0.00    0.00    0.38    0.00    0.00   28.99
平均时间:  all   64.11    0.00    6.51    0.00    0.00    0.38    0.00    0.00   28.99

Linux 2.6.32-431.el6.x86_64 (slave2) 	2019年07月24日 	_x86_64_	(8 CPU)

23时29分42秒  CPU    %usr   %nice    %sys %iowait    %irq   %soft  %steal  %guest   %idle
23时29分43秒  all   22.78    0.00    3.47    0.00    0.00    1.29    0.00    0.00   72.46
平均时间:  all   22.78    0.00    3.47    0.00    0.00    1.29    0.00    0.00   72.46

Linux 2.6.32-431.el6.x86_64 (slave2) 	2019年07月24日 	_x86_64_	(8 CPU)

23时29分46秒  CPU    %usr   %nice    %sys %iowait    %irq   %soft  %steal  %guest   %idle
23时29分47秒  all   44.47    0.00    3.68    0.00    0.00    0.13    0.00    0.00   51.72
平均时间:  all   44.47    0.00    3.68    0.00    0.00    0.13    0.00    0.00   51.72

Linux 2.6.32-431.el6.x86_64 (slave2) 	2019年07月24日 	_x86_64_	(8 CPU)

23时29分50秒  CPU    %usr   %nice    %sys %iowait    %irq   %soft  %steal  %guest   %idle
23时29分51秒  all   24.27    0.00    8.43    0.00    0.00    6.26    0.00    0.00   61.05
平均时间:  all   24.27    0.00    8.43    0.00    0.00    6.26    0.00    0.00   61.05

Linux 2.6.32-431.el6.x86_64 (slave2) 	2019年07月24日 	_x86_64_	(8 CPU)

23时29分54秒  CPU    %usr   %nice    %sys %iowait    %irq   %soft  %steal  %guest   %idle
23时29分55秒  all   47.22    0.00    4.05    0.00    0.00    0.13    0.00    0.00   48.61
平均时间:  all   47.22    0.00    4.05    0.00    0.00    0.13    0.00    0.00   48.61

Linux 2.6.32-431.el6.x86_64 (slave2) 	2019年07月24日 	_x86_64_	(8 CPU)

23时29分58秒  CPU    %usr   %nice    %sys %iowait    %irq   %soft  %steal  %guest   %idle
23时29分59秒  all   33.89    0.00    2.29    0.00    0.00    1.15    0.00    0.00   62.68
平均时间:  all   33.89    0.00    2.29    0.00    0.00    1.15    0.00    0.00   62.68

Linux 2.6.32-431.el6.x86_64 (slave2) 	2019年07月24日 	_x86_64_	(8 CPU)

23时30分02秒  CPU    %usr   %nice    %sys %iowait    %irq   %soft  %steal  %guest   %idle
23时30分03秒  all   75.28    0.00   15.68    0.00    0.13    7.28    0.00    0.00    1.63
平均时间:  all   75.28    0.00   15.68    0.00    0.13    7.28    0.00    0.00    1.63

Linux 2.6.32-431.el6.x86_64 (slave2) 	2019年07月24日 	_x86_64_	(8 CPU)

23时30分07秒  CPU    %usr   %nice    %sys %iowait    %irq   %soft  %steal  %guest   %idle
23时30分08秒  all   46.57    0.00   16.17    1.03    0.13   13.45    0.00    0.00   22.64
平均时间:  all   46.57    0.00   16.17    1.03    0.13   13.45    0.00    0.00   22.64

Linux 2.6.32-431.el6.x86_64 (slave2) 	2019年07月24日 	_x86_64_	(8 CPU)

23时30分11秒  CPU    %usr   %nice    %sys %iowait    %irq   %soft  %steal  %guest   %idle
23时30分12秒  all   67.68    0.00   13.43    0.00    0.25   13.05    0.00    0.00    5.58
平均时间:  all   67.68    0.00   13.43    0.00    0.25   13.05    0.00    0.00    5.58

Linux 2.6.32-431.el6.x86_64 (slave2) 	2019年07月24日 	_x86_64_	(8 CPU)

23时30分15秒  CPU    %usr   %nice    %sys %iowait    %irq   %soft  %steal  %guest   %idle
23时30分16秒  all   25.40    0.00   14.95    0.00    0.26   19.05    0.00    0.00   40.34
平均时间:  all   25.40    0.00   14.95    0.00    0.26   19.05    0.00    0.00   40.34

Linux 2.6.32-431.el6.x86_64 (slave2) 	2019年07月24日 	_x86_64_	(8 CPU)

23时30分19秒  CPU    %usr   %nice    %sys %iowait    %irq   %soft  %steal  %guest   %idle
23时30分20秒  all   40.05    0.00   12.96    0.00    0.39   20.16    0.00    0.00   26.44
平均时间:  all   40.05    0.00   12.96    0.00    0.39   20.16    0.00    0.00   26.44

Linux 2.6.32-431.el6.x86_64 (slave2) 	2019年07月24日 	_x86_64_	(8 CPU)

23时30分23秒  CPU    %usr   %nice    %sys %iowait    %irq   %soft  %steal  %guest   %idle
23时30分24秒  all   47.41    0.00   18.13    0.00    0.52   18.65    0.00    0.00   15.28
平均时间:  all   47.41    0.00   18.13    0.00    0.52   18.65    0.00    0.00   15.28

Linux 2.6.32-431.el6.x86_64 (slave2) 	2019年07月24日 	_x86_64_	(8 CPU)

23时30分27秒  CPU    %usr   %nice    %sys %iowait    %irq   %soft  %steal  %guest   %idle
23时30分28秒  all   54.03    0.00   22.92    0.00    0.13   17.29    0.00    0.00    5.63
平均时间:  all   54.03    0.00   22.92    0.00    0.13   17.29    0.00    0.00    5.63

Linux 2.6.32-431.el6.x86_64 (slave2) 	2019年07月24日 	_x86_64_	(8 CPU)

23时30分31秒  CPU    %usr   %nice    %sys %iowait    %irq   %soft  %steal  %guest   %idle
23时30分32秒  all   38.41    0.00    6.27    0.00    0.00    0.00    0.00    0.00   55.31
平均时间:  all   38.41    0.00    6.27    0.00    0.00    0.00    0.00    0.00   55.31

Linux 2.6.32-431.el6.x86_64 (slave2) 	2019年07月24日 	_x86_64_	(8 CPU)

23时30分35秒  CPU    %usr   %nice    %sys %iowait    %irq   %soft  %steal  %guest   %idle
23时30分36秒  all   75.86    0.00    6.61    0.00    0.00    0.76    0.00    0.00   16.77
平均时间:  all   75.86    0.00    6.61    0.00    0.00    0.76    0.00    0.00   16.77

Linux 2.6.32-431.el6.x86_64 (slave2) 	2019年07月24日 	_x86_64_	(8 CPU)

23时30分39秒  CPU    %usr   %nice    %sys %iowait    %irq   %soft  %steal  %guest   %idle
23时30分40秒  all   67.81    0.00    7.00    0.00    0.00    0.38    0.00    0.00   24.81
平均时间:  all   67.81    0.00    7.00    0.00    0.00    0.38    0.00    0.00   24.81

Linux 2.6.32-431.el6.x86_64 (slave2) 	2019年07月24日 	_x86_64_	(8 CPU)

23时30分43秒  CPU    %usr   %nice    %sys %iowait    %irq   %soft  %steal  %guest   %idle
23时30分44秒  all   75.66    0.00   12.36    0.00    0.00    0.50    0.00    0.00   11.48
平均时间:  all   75.66    0.00   12.36    0.00    0.00    0.50    0.00    0.00   11.48

Linux 2.6.32-431.el6.x86_64 (slave2) 	2019年07月24日 	_x86_64_	(8 CPU)

23时30分47秒  CPU    %usr   %nice    %sys %iowait    %irq   %soft  %steal  %guest   %idle
23时30分48秒  all   57.65    0.00   14.54    0.00    0.00    3.19    0.00    0.00   24.62
平均时间:  all   57.65    0.00   14.54    0.00    0.00    3.19    0.00    0.00   24.62

Linux 2.6.32-431.el6.x86_64 (slave2) 	2019年07月24日 	_x86_64_	(8 CPU)

23时30分51秒  CPU    %usr   %nice    %sys %iowait    %irq   %soft  %steal  %guest   %idle
23时30分52秒  all   89.17    0.00    8.06    0.00    0.00    0.38    0.00    0.00    2.39
平均时间:  all   89.17    0.00    8.06    0.00    0.00    0.38    0.00    0.00    2.39

Linux 2.6.32-431.el6.x86_64 (slave2) 	2019年07月24日 	_x86_64_	(8 CPU)

23时30分55秒  CPU    %usr   %nice    %sys %iowait    %irq   %soft  %steal  %guest   %idle
23时30分56秒  all   90.68    0.00    6.30    0.00    0.00    0.50    0.00    0.00    2.52
平均时间:  all   90.68    0.00    6.30    0.00    0.00    0.50    0.00    0.00    2.52

Linux 2.6.32-431.el6.x86_64 (slave2) 	2019年07月24日 	_x86_64_	(8 CPU)

23时30分59秒  CPU    %usr   %nice    %sys %iowait    %irq   %soft  %steal  %guest   %idle
23时31分00秒  all   65.69    0.00    5.23    0.00    0.00    0.64    0.00    0.00   28.44
平均时间:  all   65.69    0.00    5.23    0.00    0.00    0.64    0.00    0.00   28.44

Linux 2.6.32-431.el6.x86_64 (slave2) 	2019年07月24日 	_x86_64_	(8 CPU)

23时31分03秒  CPU    %usr   %nice    %sys %iowait    %irq   %soft  %steal  %guest   %idle
23时31分04秒  all   65.25    0.00    7.49    0.00    0.00    1.29    0.00    0.00   25.97
平均时间:  all   65.25    0.00    7.49    0.00    0.00    1.29    0.00    0.00   25.97

Linux 2.6.32-431.el6.x86_64 (slave2) 	2019年07月24日 	_x86_64_	(8 CPU)

23时31分07秒  CPU    %usr   %nice    %sys %iowait    %irq   %soft  %steal  %guest   %idle
23时31分08秒  all   39.56    0.00    9.73    0.00    0.00    0.77    0.00    0.00   49.94
平均时间:  all   39.56    0.00    9.73    0.00    0.00    0.77    0.00    0.00   49.94

Linux 2.6.32-431.el6.x86_64 (slave2) 	2019年07月24日 	_x86_64_	(8 CPU)

23时31分11秒  CPU    %usr   %nice    %sys %iowait    %irq   %soft  %steal  %guest   %idle
23时31分12秒  all   39.39    0.00    4.09    0.00    0.00    1.15    0.00    0.00   55.37
平均时间:  all   39.39    0.00    4.09    0.00    0.00    1.15    0.00    0.00   55.37

Linux 2.6.32-431.el6.x86_64 (slave2) 	2019年07月24日 	_x86_64_	(8 CPU)

23时31分15秒  CPU    %usr   %nice    %sys %iowait    %irq   %soft  %steal  %guest   %idle
23时31分16秒  all   38.33    0.00   12.82    0.00    0.00    2.44    0.00    0.00   46.41
平均时间:  all   38.33    0.00   12.82    0.00    0.00    2.44    0.00    0.00   46.41

Linux 2.6.32-431.el6.x86_64 (slave2) 	2019年07月24日 	_x86_64_	(8 CPU)

23时31分19秒  CPU    %usr   %nice    %sys %iowait    %irq   %soft  %steal  %guest   %idle
23时31分20秒  all   60.76    0.00    6.50    0.00    0.00    0.38    0.00    0.00   32.36
平均时间:  all   60.76    0.00    6.50    0.00    0.00    0.38    0.00    0.00   32.36

Linux 2.6.32-431.el6.x86_64 (slave2) 	2019年07月24日 	_x86_64_	(8 CPU)

23时31分23秒  CPU    %usr   %nice    %sys %iowait    %irq   %soft  %steal  %guest   %idle
23时31分24秒  all   88.22    0.00    8.15    0.00    0.00    0.13    0.00    0.00    3.51
平均时间:  all   88.22    0.00    8.15    0.00    0.00    0.13    0.00    0.00    3.51

Linux 2.6.32-431.el6.x86_64 (slave2) 	2019年07月24日 	_x86_64_	(8 CPU)

23时31分27秒  CPU    %usr   %nice    %sys %iowait    %irq   %soft  %steal  %guest   %idle
23时31分28秒  all   34.02    0.00   11.04    0.00    0.13    1.80    0.00    0.00   53.02
平均时间:  all   34.02    0.00   11.04    0.00    0.13    1.80    0.00    0.00   53.02

Linux 2.6.32-431.el6.x86_64 (slave2) 	2019年07月24日 	_x86_64_	(8 CPU)

23时31分31秒  CPU    %usr   %nice    %sys %iowait    %irq   %soft  %steal  %guest   %idle
23时31分32秒  all   80.76    0.00    9.49    0.00    0.00    0.25    0.00    0.00    9.49
平均时间:  all   80.76    0.00    9.49    0.00    0.00    0.25    0.00    0.00    9.49

Linux 2.6.32-431.el6.x86_64 (slave2) 	2019年07月24日 	_x86_64_	(8 CPU)

23时31分35秒  CPU    %usr   %nice    %sys %iowait    %irq   %soft  %steal  %guest   %idle
23时31分36秒  all   90.37    0.00    5.45    0.00    0.00    0.76    0.00    0.00    3.42
平均时间:  all   90.37    0.00    5.45    0.00    0.00    0.76    0.00    0.00    3.42

Linux 2.6.32-431.el6.x86_64 (slave2) 	2019年07月24日 	_x86_64_	(8 CPU)

23时31分39秒  CPU    %usr   %nice    %sys %iowait    %irq   %soft  %steal  %guest   %idle
23时31分40秒  all   52.60    0.00   11.94    0.00    0.13    1.14    0.00    0.00   34.18
平均时间:  all   52.60    0.00   11.94    0.00    0.13    1.14    0.00    0.00   34.18

Linux 2.6.32-431.el6.x86_64 (slave2) 	2019年07月24日 	_x86_64_	(8 CPU)

23时31分43秒  CPU    %usr   %nice    %sys %iowait    %irq   %soft  %steal  %guest   %idle
23时31分44秒  all   66.25    0.00   20.75    0.00    0.50   12.50    0.00    0.00    0.00
平均时间:  all   66.25    0.00   20.75    0.00    0.50   12.50    0.00    0.00    0.00

Linux 2.6.32-431.el6.x86_64 (slave2) 	2019年07月24日 	_x86_64_	(8 CPU)

23时31分47秒  CPU    %usr   %nice    %sys %iowait    %irq   %soft  %steal  %guest   %idle
23时31分48秒  all   63.17    0.00   20.84    0.00    0.38   13.68    0.00    0.00    1.92
平均时间:  all   63.17    0.00   20.84    0.00    0.38   13.68    0.00    0.00    1.92

Linux 2.6.32-431.el6.x86_64 (slave2) 	2019年07月24日 	_x86_64_	(8 CPU)

23时31分51秒  CPU    %usr   %nice    %sys %iowait    %irq   %soft  %steal  %guest   %idle
23时31分52秒  all   70.59    0.00   17.52    0.00    0.50   10.26    0.00    0.00    1.13
平均时间:  all   70.59    0.00   17.52    0.00    0.50   10.26    0.00    0.00    1.13

Linux 2.6.32-431.el6.x86_64 (slave2) 	2019年07月24日 	_x86_64_	(8 CPU)

23时31分55秒  CPU    %usr   %nice    %sys %iowait    %irq   %soft  %steal  %guest   %idle
23时31分56秒  all   75.91    0.00   14.18    0.00    0.25    9.66    0.00    0.00    0.00
平均时间:  all   75.91    0.00   14.18    0.00    0.25    9.66    0.00    0.00    0.00

Linux 2.6.32-431.el6.x86_64 (slave2) 	2019年07月24日 	_x86_64_	(8 CPU)

23时31分59秒  CPU    %usr   %nice    %sys %iowait    %irq   %soft  %steal  %guest   %idle
23时32分00秒  all   78.60    0.00   14.02    0.00    0.25    6.01    0.00    0.00    1.13
平均时间:  all   78.60    0.00   14.02    0.00    0.25    6.01    0.00    0.00    1.13

Linux 2.6.32-431.el6.x86_64 (slave2) 	2019年07月24日 	_x86_64_	(8 CPU)

23时32分03秒  CPU    %usr   %nice    %sys %iowait    %irq   %soft  %steal  %guest   %idle
23时32分04秒  all   75.29    0.00   16.48    0.00    0.25    6.84    0.00    0.00    1.14
平均时间:  all   75.29    0.00   16.48    0.00    0.25    6.84    0.00    0.00    1.14

Linux 2.6.32-431.el6.x86_64 (slave2) 	2019年07月24日 	_x86_64_	(8 CPU)

23时32分08秒  CPU    %usr   %nice    %sys %iowait    %irq   %soft  %steal  %guest   %idle
23时32分09秒  all   59.10    0.00   11.54    0.00    0.13    1.03    0.00    0.00   28.21
平均时间:  all   59.10    0.00   11.54    0.00    0.13    1.03    0.00    0.00   28.21

Linux 2.6.32-431.el6.x86_64 (slave2) 	2019年07月24日 	_x86_64_	(8 CPU)

23时32分12秒  CPU    %usr   %nice    %sys %iowait    %irq   %soft  %steal  %guest   %idle
23时32分13秒  all   88.99    0.00    4.18    0.00    0.00    0.76    0.00    0.00    6.08
平均时间:  all   88.99    0.00    4.18    0.00    0.00    0.76    0.00    0.00    6.08

Linux 2.6.32-431.el6.x86_64 (slave2) 	2019年07月24日 	_x86_64_	(8 CPU)

23时32分16秒  CPU    %usr   %nice    %sys %iowait    %irq   %soft  %steal  %guest   %idle
23时32分17秒  all   16.60    0.00    4.98    0.00    0.00    0.00    0.00    0.00   78.42
平均时间:  all   16.60    0.00    4.98    0.00    0.00    0.00    0.00    0.00   78.42

Linux 2.6.32-431.el6.x86_64 (slave2) 	2019年07月24日 	_x86_64_	(8 CPU)

23时32分20秒  CPU    %usr   %nice    %sys %iowait    %irq   %soft  %steal  %guest   %idle
23时32分21秒  all   42.69    0.00    8.08    0.00    0.00    0.00    0.00    0.00   49.23
平均时间:  all   42.69    0.00    8.08    0.00    0.00    0.00    0.00    0.00   49.23

Linux 2.6.32-431.el6.x86_64 (slave2) 	2019年07月24日 	_x86_64_	(8 CPU)

23时32分24秒  CPU    %usr   %nice    %sys %iowait    %irq   %soft  %steal  %guest   %idle
23时32分25秒  all   71.76    0.00   10.56    0.00    0.13    1.15    0.00    0.00   16.41
平均时间:  all   71.76    0.00   10.56    0.00    0.13    1.15    0.00    0.00   16.41

Linux 2.6.32-431.el6.x86_64 (slave2) 	2019年07月24日 	_x86_64_	(8 CPU)

23时32分28秒  CPU    %usr   %nice    %sys %iowait    %irq   %soft  %steal  %guest   %idle
23时32分29秒  all   44.22    0.00    7.50    0.00    0.00    0.89    0.00    0.00   47.40
平均时间:  all   44.22    0.00    7.50    0.00    0.00    0.89    0.00    0.00   47.40

Linux 2.6.32-431.el6.x86_64 (slave2) 	2019年07月24日 	_x86_64_	(8 CPU)

23时32分32秒  CPU    %usr   %nice    %sys %iowait    %irq   %soft  %steal  %guest   %idle
23时32分33秒  all   95.90    0.00    3.98    0.00    0.00    0.12    0.00    0.00    0.00
平均时间:  all   95.90    0.00    3.98    0.00    0.00    0.12    0.00    0.00    0.00

Linux 2.6.32-431.el6.x86_64 (slave2) 	2019年07月24日 	_x86_64_	(8 CPU)

23时32分36秒  CPU    %usr   %nice    %sys %iowait    %irq   %soft  %steal  %guest   %idle
23时32分37秒  all   90.35    0.00    7.02    0.00    0.00    0.88    0.00    0.00    1.75
平均时间:  all   90.35    0.00    7.02    0.00    0.00    0.88    0.00    0.00    1.75

Linux 2.6.32-431.el6.x86_64 (slave2) 	2019年07月24日 	_x86_64_	(8 CPU)

23时32分40秒  CPU    %usr   %nice    %sys %iowait    %irq   %soft  %steal  %guest   %idle
23时32分41秒  all   57.33    0.00    4.50    0.00    0.00    2.06    0.00    0.00   36.12
平均时间:  all   57.33    0.00    4.50    0.00    0.00    2.06    0.00    0.00   36.12

Linux 2.6.32-431.el6.x86_64 (slave2) 	2019年07月24日 	_x86_64_	(8 CPU)

23时32分44秒  CPU    %usr   %nice    %sys %iowait    %irq   %soft  %steal  %guest   %idle
23时32分45秒  all   88.55    0.00    9.03    0.00    0.00    1.40    0.00    0.00    1.02
平均时间:  all   88.55    0.00    9.03    0.00    0.00    1.40    0.00    0.00    1.02

Linux 2.6.32-431.el6.x86_64 (slave2) 	2019年07月24日 	_x86_64_	(8 CPU)

23时32分48秒  CPU    %usr   %nice    %sys %iowait    %irq   %soft  %steal  %guest   %idle
23时32分49秒  all   84.58    0.00    6.57    0.00    0.00    1.26    0.00    0.00    7.59
平均时间:  all   84.58    0.00    6.57    0.00    0.00    1.26    0.00    0.00    7.59

Linux 2.6.32-431.el6.x86_64 (slave2) 	2019年07月24日 	_x86_64_	(8 CPU)

23时32分52秒  CPU    %usr   %nice    %sys %iowait    %irq   %soft  %steal  %guest   %idle
23时32分53秒  all   76.20    0.00    4.68    0.00    0.00    0.89    0.00    0.00   18.23
平均时间:  all   76.20    0.00    4.68    0.00    0.00    0.89    0.00    0.00   18.23

Linux 2.6.32-431.el6.x86_64 (slave2) 	2019年07月24日 	_x86_64_	(8 CPU)

23时32分56秒  CPU    %usr   %nice    %sys %iowait    %irq   %soft  %steal  %guest   %idle
23时32分57秒  all   59.18    0.00    4.97    0.00    0.00    1.66    0.00    0.00   34.18
平均时间:  all   59.18    0.00    4.97    0.00    0.00    1.66    0.00    0.00   34.18

Linux 2.6.32-431.el6.x86_64 (slave2) 	2019年07月24日 	_x86_64_	(8 CPU)

23时33分00秒  CPU    %usr   %nice    %sys %iowait    %irq   %soft  %steal  %guest   %idle
23时33分01秒  all   54.17    0.00    3.16    0.00    0.00    1.52    0.00    0.00   41.16
平均时间:  all   54.17    0.00    3.16    0.00    0.00    1.52    0.00    0.00   41.16

Linux 2.6.32-431.el6.x86_64 (slave2) 	2019年07月24日 	_x86_64_	(8 CPU)

23时33分04秒  CPU    %usr   %nice    %sys %iowait    %irq   %soft  %steal  %guest   %idle
23时33分05秒  all   94.26    0.00    5.24    0.00    0.00    0.37    0.00    0.00    0.12
平均时间:  all   94.26    0.00    5.24    0.00    0.00    0.37    0.00    0.00    0.12

Linux 2.6.32-431.el6.x86_64 (slave2) 	2019年07月24日 	_x86_64_	(8 CPU)

23时33分08秒  CPU    %usr   %nice    %sys %iowait    %irq   %soft  %steal  %guest   %idle
23时33分09秒  all   50.00    0.00   11.10    0.00    0.00    1.47    0.00    0.00   37.43
平均时间:  all   50.00    0.00   11.10    0.00    0.00    1.47    0.00    0.00   37.43

Linux 2.6.32-431.el6.x86_64 (slave2) 	2019年07月24日 	_x86_64_	(8 CPU)

23时33分12秒  CPU    %usr   %nice    %sys %iowait    %irq   %soft  %steal  %guest   %idle
23时33分13秒  all   40.41    0.00    9.72    0.00    0.00    4.09    0.00    0.00   45.78
平均时间:  all   40.41    0.00    9.72    0.00    0.00    4.09    0.00    0.00   45.78

Linux 2.6.32-431.el6.x86_64 (slave2) 	2019年07月24日 	_x86_64_	(8 CPU)

23时33分16秒  CPU    %usr   %nice    %sys %iowait    %irq   %soft  %steal  %guest   %idle
23时33分17秒  all   83.96    0.00    7.95    0.00    0.00    0.63    0.00    0.00    7.45
平均时间:  all   83.96    0.00    7.95    0.00    0.00    0.63    0.00    0.00    7.45

Linux 2.6.32-431.el6.x86_64 (slave2) 	2019年07月24日 	_x86_64_	(8 CPU)

23时33分20秒  CPU    %usr   %nice    %sys %iowait    %irq   %soft  %steal  %guest   %idle
23时33分21秒  all   90.57    0.00    8.05    0.00    0.13    0.63    0.00    0.00    0.63
平均时间:  all   90.57    0.00    8.05    0.00    0.13    0.63    0.00    0.00    0.63

Linux 2.6.32-431.el6.x86_64 (slave2) 	2019年07月24日 	_x86_64_	(8 CPU)

23时33分24秒  CPU    %usr   %nice    %sys %iowait    %irq   %soft  %steal  %guest   %idle
23时33分25秒  all   16.67    0.00    7.95    0.00    0.00    0.00    0.00    0.00   75.38
平均时间:  all   16.67    0.00    7.95    0.00    0.00    0.00    0.00    0.00   75.38

Linux 2.6.32-431.el6.x86_64 (slave2) 	2019年07月24日 	_x86_64_	(8 CPU)

23时33分28秒  CPU    %usr   %nice    %sys %iowait    %irq   %soft  %steal  %guest   %idle
23时33分29秒  all   77.24    0.00    4.55    0.00    0.00    0.00    0.00    0.00   18.20
平均时间:  all   77.24    0.00    4.55    0.00    0.00    0.00    0.00    0.00   18.20

Linux 2.6.32-431.el6.x86_64 (slave2) 	2019年07月24日 	_x86_64_	(8 CPU)

23时33分32秒  CPU    %usr   %nice    %sys %iowait    %irq   %soft  %steal  %guest   %idle
23时33分33秒  all   26.68    0.00    9.28    0.00    0.13    4.25    0.00    0.00   59.66
平均时间:  all   26.68    0.00    9.28    0.00    0.13    4.25    0.00    0.00   59.66

Linux 2.6.32-431.el6.x86_64 (slave2) 	2019年07月24日 	_x86_64_	(8 CPU)

23时33分36秒  CPU    %usr   %nice    %sys %iowait    %irq   %soft  %steal  %guest   %idle
23时33分37秒  all   80.38    0.00   16.10    0.00    0.00    1.51    0.00    0.00    2.01
平均时间:  all   80.38    0.00   16.10    0.00    0.00    1.51    0.00    0.00    2.01

Linux 2.6.32-431.el6.x86_64 (slave2) 	2019年07月24日 	_x86_64_	(8 CPU)

23时33分40秒  CPU    %usr   %nice    %sys %iowait    %irq   %soft  %steal  %guest   %idle
23时33分41秒  all   84.80    0.00   13.19    0.00    0.00    1.63    0.00    0.00    0.38
平均时间:  all   84.80    0.00   13.19    0.00    0.00    1.63    0.00    0.00    0.38

Linux 2.6.32-431.el6.x86_64 (slave2) 	2019年07月24日 	_x86_64_	(8 CPU)

23时33分44秒  CPU    %usr   %nice    %sys %iowait    %irq   %soft  %steal  %guest   %idle
23时33分45秒  all   92.63    0.00    7.24    0.00    0.00    0.12    0.00    0.00    0.00
平均时间:  all   92.63    0.00    7.24    0.00    0.00    0.12    0.00    0.00    0.00

Linux 2.6.32-431.el6.x86_64 (slave2) 	2019年07月24日 	_x86_64_	(8 CPU)

23时33分48秒  CPU    %usr   %nice    %sys %iowait    %irq   %soft  %steal  %guest   %idle
23时33分49秒  all   93.77    0.00    6.10    0.00    0.00    0.00    0.00    0.00    0.12
平均时间:  all   93.77    0.00    6.10    0.00    0.00    0.00    0.00    0.00    0.12

Linux 2.6.32-431.el6.x86_64 (slave2) 	2019年07月24日 	_x86_64_	(8 CPU)

23时33分52秒  CPU    %usr   %nice    %sys %iowait    %irq   %soft  %steal  %guest   %idle
23时33分53秒  all   92.88    0.00    7.12    0.00    0.00    0.00    0.00    0.00    0.00
平均时间:  all   92.88    0.00    7.12    0.00    0.00    0.00    0.00    0.00    0.00

Linux 2.6.32-431.el6.x86_64 (slave2) 	2019年07月24日 	_x86_64_	(8 CPU)

23时33分56秒  CPU    %usr   %nice    %sys %iowait    %irq   %soft  %steal  %guest   %idle
23时33分57秒  all   34.31    0.00    4.74    0.00    0.13    0.26    0.00    0.00   60.56
平均时间:  all   34.31    0.00    4.74    0.00    0.13    0.26    0.00    0.00   60.56

Linux 2.6.32-431.el6.x86_64 (slave2) 	2019年07月24日 	_x86_64_	(8 CPU)

23时34分00秒  CPU    %usr   %nice    %sys %iowait    %irq   %soft  %steal  %guest   %idle
23时34分01秒  all   17.71    0.00    2.93    0.00    0.00    0.00    0.00    0.00   79.36
平均时间:  all   17.71    0.00    2.93    0.00    0.00    0.00    0.00    0.00   79.36

Linux 2.6.32-431.el6.x86_64 (slave2) 	2019年07月24日 	_x86_64_	(8 CPU)

23时34分04秒  CPU    %usr   %nice    %sys %iowait    %irq   %soft  %steal  %guest   %idle
23时34分05秒  all   11.45    0.00    2.16    0.00    0.00    0.00    0.00    0.00   86.39
平均时间:  all   11.45    0.00    2.16    0.00    0.00    0.00    0.00    0.00   86.39

Linux 2.6.32-431.el6.x86_64 (slave2) 	2019年07月24日 	_x86_64_	(8 CPU)

23时34分08秒  CPU    %usr   %nice    %sys %iowait    %irq   %soft  %steal  %guest   %idle
23时34分09秒  all    1.89    0.00    0.63    0.00    0.00    0.00    0.00    0.00   97.47
平均时间:  all    1.89    0.00    0.63    0.00    0.00    0.00    0.00    0.00   97.47

Linux 2.6.32-431.el6.x86_64 (slave2) 	2019年07月24日 	_x86_64_	(8 CPU)

23时34分12秒  CPU    %usr   %nice    %sys %iowait    %irq   %soft  %steal  %guest   %idle
23时34分13秒  all   26.15    0.00    2.81    0.00    0.00    0.26    0.00    0.00   70.79
平均时间:  all   26.15    0.00    2.81    0.00    0.00    0.26    0.00    0.00   70.79

Linux 2.6.32-431.el6.x86_64 (slave2) 	2019年07月24日 	_x86_64_	(8 CPU)

23时34分16秒  CPU    %usr   %nice    %sys %iowait    %irq   %soft  %steal  %guest   %idle
23时34分17秒  all   47.72    0.00    4.30    0.00    0.00    0.00    0.00    0.00   47.97
平均时间:  all   47.72    0.00    4.30    0.00    0.00    0.00    0.00    0.00   47.97

Linux 2.6.32-431.el6.x86_64 (slave2) 	2019年07月24日 	_x86_64_	(8 CPU)

23时34分20秒  CPU    %usr   %nice    %sys %iowait    %irq   %soft  %steal  %guest   %idle
23时34分21秒  all   44.47    0.00    3.68    0.00    0.00    0.38    0.00    0.00   51.46
平均时间:  all   44.47    0.00    3.68    0.00    0.00    0.38    0.00    0.00   51.46

Linux 2.6.32-431.el6.x86_64 (slave2) 	2019年07月24日 	_x86_64_	(8 CPU)

23时34分24秒  CPU    %usr   %nice    %sys %iowait    %irq   %soft  %steal  %guest   %idle
23时34分25秒  all   38.14    0.00    2.93    0.00    0.00    0.64    0.00    0.00   58.29
平均时间:  all   38.14    0.00    2.93    0.00    0.00    0.64    0.00    0.00   58.29

Linux 2.6.32-431.el6.x86_64 (slave2) 	2019年07月24日 	_x86_64_	(8 CPU)

23时34分28秒  CPU    %usr   %nice    %sys %iowait    %irq   %soft  %steal  %guest   %idle
23时34分29秒  all   41.95    0.00    2.92    0.00    0.00    0.25    0.00    0.00   54.88
平均时间:  all   41.95    0.00    2.92    0.00    0.00    0.25    0.00    0.00   54.88

Linux 2.6.32-431.el6.x86_64 (slave2) 	2019年07月24日 	_x86_64_	(8 CPU)

23时34分32秒  CPU    %usr   %nice    %sys %iowait    %irq   %soft  %steal  %guest   %idle
23时34分33秒  all   16.37    0.00    2.92    0.00    0.00    0.63    0.00    0.00   80.08
平均时间:  all   16.37    0.00    2.92    0.00    0.00    0.63    0.00    0.00   80.08

Linux 2.6.32-431.el6.x86_64 (slave2) 	2019年07月24日 	_x86_64_	(8 CPU)

23时34分36秒  CPU    %usr   %nice    %sys %iowait    %irq   %soft  %steal  %guest   %idle
23时34分37秒  all   39.09    0.00    4.95    0.00    0.00    0.51    0.00    0.00   55.46
平均时间:  all   39.09    0.00    4.95    0.00    0.00    0.51    0.00    0.00   55.46

Linux 2.6.32-431.el6.x86_64 (slave2) 	2019年07月24日 	_x86_64_	(8 CPU)

23时34分40秒  CPU    %usr   %nice    %sys %iowait    %irq   %soft  %steal  %guest   %idle
23时34分41秒  all   47.65    0.00    5.08    0.00    0.00    0.25    0.00    0.00   47.01
平均时间:  all   47.65    0.00    5.08    0.00    0.00    0.25    0.00    0.00   47.01

Linux 2.6.32-431.el6.x86_64 (slave2) 	2019年07月24日 	_x86_64_	(8 CPU)

23时34分44秒  CPU    %usr   %nice    %sys %iowait    %irq   %soft  %steal  %guest   %idle
23时34分45秒  all   21.57    0.00    3.68    0.00    0.00    0.89    0.00    0.00   73.86
平均时间:  all   21.57    0.00    3.68    0.00    0.00    0.89    0.00    0.00   73.86

Linux 2.6.32-431.el6.x86_64 (slave2) 	2019年07月24日 	_x86_64_	(8 CPU)

23时34分48秒  CPU    %usr   %nice    %sys %iowait    %irq   %soft  %steal  %guest   %idle
23时34分49秒  all   63.80    0.00    6.58    0.00    0.00    0.00    0.00    0.00   29.62
平均时间:  all   63.80    0.00    6.58    0.00    0.00    0.00    0.00    0.00   29.62

Linux 2.6.32-431.el6.x86_64 (slave2) 	2019年07月24日 	_x86_64_	(8 CPU)

23时34分52秒  CPU    %usr   %nice    %sys %iowait    %irq   %soft  %steal  %guest   %idle
23时34分53秒  all   72.21    0.00    9.90    0.00    0.00    0.89    0.00    0.00   17.01
平均时间:  all   72.21    0.00    9.90    0.00    0.00    0.89    0.00    0.00   17.01

Linux 2.6.32-431.el6.x86_64 (slave2) 	2019年07月24日 	_x86_64_	(8 CPU)

23时34分57秒  CPU    %usr   %nice    %sys %iowait    %irq   %soft  %steal  %guest   %idle
23时34分58秒  all   82.41    0.00   11.81    0.00    0.13    1.01    0.00    0.00    4.65
平均时间:  all   82.41    0.00   11.81    0.00    0.13    1.01    0.00    0.00    4.65

Linux 2.6.32-431.el6.x86_64 (slave2) 	2019年07月24日 	_x86_64_	(8 CPU)

23时35分01秒  CPU    %usr   %nice    %sys %iowait    %irq   %soft  %steal  %guest   %idle
23时35分02秒  all   75.82    0.00   14.94    0.00    0.00    1.01    0.00    0.00    8.23
平均时间:  all   75.82    0.00   14.94    0.00    0.00    1.01    0.00    0.00    8.23

Linux 2.6.32-431.el6.x86_64 (slave2) 	2019年07月24日 	_x86_64_	(8 CPU)

23时35分05秒  CPU    %usr   %nice    %sys %iowait    %irq   %soft  %steal  %guest   %idle
23时35分06秒  all   92.12    0.00    7.12    0.00    0.00    0.00    0.00    0.00    0.75
平均时间:  all   92.12    0.00    7.12    0.00    0.00    0.00    0.00    0.00    0.75

Linux 2.6.32-431.el6.x86_64 (slave2) 	2019年07月24日 	_x86_64_	(8 CPU)

23时35分09秒  CPU    %usr   %nice    %sys %iowait    %irq   %soft  %steal  %guest   %idle
23时35分10秒  all   91.14    0.00    7.62    0.00    0.00    0.62    0.00    0.00    0.62
平均时间:  all   91.14    0.00    7.62    0.00    0.00    0.62    0.00    0.00    0.62

Linux 2.6.32-431.el6.x86_64 (slave2) 	2019年07月24日 	_x86_64_	(8 CPU)

23时35分13秒  CPU    %usr   %nice    %sys %iowait    %irq   %soft  %steal  %guest   %idle
23时35分14秒  all   78.78    0.00    8.01    0.00    0.00    0.13    0.00    0.00   13.09
平均时间:  all   78.78    0.00    8.01    0.00    0.00    0.13    0.00    0.00   13.09

Linux 2.6.32-431.el6.x86_64 (slave2) 	2019年07月24日 	_x86_64_	(8 CPU)

23时35分17秒  CPU    %usr   %nice    %sys %iowait    %irq   %soft  %steal  %guest   %idle
23时35分18秒  all   59.92    0.00    5.85    0.00    0.00    0.13    0.00    0.00   34.10
平均时间:  all   59.92    0.00    5.85    0.00    0.00    0.13    0.00    0.00   34.10

Linux 2.6.32-431.el6.x86_64 (slave2) 	2019年07月24日 	_x86_64_	(8 CPU)

23时35分21秒  CPU    %usr   %nice    %sys %iowait    %irq   %soft  %steal  %guest   %idle
23时35分22秒  all   44.12    0.00    5.37    0.00    0.00    0.13    0.00    0.00   50.38
平均时间:  all   44.12    0.00    5.37    0.00    0.00    0.13    0.00    0.00   50.38

Linux 2.6.32-431.el6.x86_64 (slave2) 	2019年07月24日 	_x86_64_	(8 CPU)

23时35分25秒  CPU    %usr   %nice    %sys %iowait    %irq   %soft  %steal  %guest   %idle
23时35分26秒  all   70.83    0.00    8.92    0.00    0.00    0.25    0.00    0.00   20.00
平均时间:  all   70.83    0.00    8.92    0.00    0.00    0.25    0.00    0.00   20.00

Linux 2.6.32-431.el6.x86_64 (slave2) 	2019年07月24日 	_x86_64_	(8 CPU)

23时35分29秒  CPU    %usr   %nice    %sys %iowait    %irq   %soft  %steal  %guest   %idle
23时35分30秒  all   84.76    0.00    7.68    0.00    0.00    0.00    0.00    0.00    7.56
平均时间:  all   84.76    0.00    7.68    0.00    0.00    0.00    0.00    0.00    7.56

Linux 2.6.32-431.el6.x86_64 (slave2) 	2019年07月24日 	_x86_64_	(8 CPU)

23时35分33秒  CPU    %usr   %nice    %sys %iowait    %irq   %soft  %steal  %guest   %idle
23时35分34秒  all   76.70    0.00    9.57    0.00    0.00    0.76    0.00    0.00   12.97
平均时间:  all   76.70    0.00    9.57    0.00    0.00    0.76    0.00    0.00   12.97

Linux 2.6.32-431.el6.x86_64 (slave2) 	2019年07月24日 	_x86_64_	(8 CPU)

23时35分37秒  CPU    %usr   %nice    %sys %iowait    %irq   %soft  %steal  %guest   %idle
23时35分38秒  all   83.92    0.00   14.21    0.00    0.00    0.62    0.00    0.00    1.25
平均时间:  all   83.92    0.00   14.21    0.00    0.00    0.62    0.00    0.00    1.25

Linux 2.6.32-431.el6.x86_64 (slave2) 	2019年07月24日 	_x86_64_	(8 CPU)

23时35分41秒  CPU    %usr   %nice    %sys %iowait    %irq   %soft  %steal  %guest   %idle
23时35分42秒  all   86.86    0.00   10.64    0.00    0.00    0.13    0.00    0.00    2.38
平均时间:  all   86.86    0.00   10.64    0.00    0.00    0.13    0.00    0.00    2.38

Linux 2.6.32-431.el6.x86_64 (slave2) 	2019年07月24日 	_x86_64_	(8 CPU)

23时35分45秒  CPU    %usr   %nice    %sys %iowait    %irq   %soft  %steal  %guest   %idle
23时35分46秒  all   62.76    0.00    6.25    0.00    0.00    0.26    0.00    0.00   30.74
平均时间:  all   62.76    0.00    6.25    0.00    0.00    0.26    0.00    0.00   30.74

Linux 2.6.32-431.el6.x86_64 (slave2) 	2019年07月24日 	_x86_64_	(8 CPU)

23时35分49秒  CPU    %usr   %nice    %sys %iowait    %irq   %soft  %steal  %guest   %idle
23时35分50秒  all   79.97    0.00    9.70    0.00    0.00    0.38    0.00    0.00    9.95
平均时间:  all   79.97    0.00    9.70    0.00    0.00    0.38    0.00    0.00    9.95

Linux 2.6.32-431.el6.x86_64 (slave2) 	2019年07月24日 	_x86_64_	(8 CPU)

23时35分53秒  CPU    %usr   %nice    %sys %iowait    %irq   %soft  %steal  %guest   %idle
23时35分54秒  all   87.95    0.00    7.78    0.00    0.00    0.00    0.00    0.00    4.27
平均时间:  all   87.95    0.00    7.78    0.00    0.00    0.00    0.00    0.00    4.27

Linux 2.6.32-431.el6.x86_64 (slave2) 	2019年07月24日 	_x86_64_	(8 CPU)

23时35分57秒  CPU    %usr   %nice    %sys %iowait    %irq   %soft  %steal  %guest   %idle
23时35分58秒  all   63.17    0.00    8.31    0.00    0.00    0.13    0.00    0.00   28.39
平均时间:  all   63.17    0.00    8.31    0.00    0.00    0.13    0.00    0.00   28.39

Linux 2.6.32-431.el6.x86_64 (slave2) 	2019年07月24日 	_x86_64_	(8 CPU)

23时36分01秒  CPU    %usr   %nice    %sys %iowait    %irq   %soft  %steal  %guest   %idle
23时36分02秒  all   88.32    0.00    8.29    0.00    0.00    0.13    0.00    0.00    3.27
平均时间:  all   88.32    0.00    8.29    0.00    0.00    0.13    0.00    0.00    3.27

Linux 2.6.32-431.el6.x86_64 (slave2) 	2019年07月24日 	_x86_64_	(8 CPU)

23时36分05秒  CPU    %usr   %nice    %sys %iowait    %irq   %soft  %steal  %guest   %idle
23时36分06秒  all   70.23    0.00    7.25    0.00    0.00    0.13    0.00    0.00   22.39
平均时间:  all   70.23    0.00    7.25    0.00    0.00    0.13    0.00    0.00   22.39

Linux 2.6.32-431.el6.x86_64 (slave2) 	2019年07月24日 	_x86_64_	(8 CPU)

23时36分09秒  CPU    %usr   %nice    %sys %iowait    %irq   %soft  %steal  %guest   %idle
23时36分10秒  all   78.27    0.00   11.69    0.00    0.00    0.00    0.00    0.00   10.04
平均时间:  all   78.27    0.00   11.69    0.00    0.00    0.00    0.00    0.00   10.04

Linux 2.6.32-431.el6.x86_64 (slave2) 	2019年07月24日 	_x86_64_	(8 CPU)

23时36分13秒  CPU    %usr   %nice    %sys %iowait    %irq   %soft  %steal  %guest   %idle
23时36分14秒  all   66.92    0.00   12.21    0.00    0.00    0.25    0.00    0.00   20.61
平均时间:  all   66.92    0.00   12.21    0.00    0.00    0.25    0.00    0.00   20.61

Linux 2.6.32-431.el6.x86_64 (slave2) 	2019年07月24日 	_x86_64_	(8 CPU)

23时36分17秒  CPU    %usr   %nice    %sys %iowait    %irq   %soft  %steal  %guest   %idle
23时36分18秒  all   92.25    0.00    7.00    0.00    0.12    0.00    0.00    0.00    0.62
平均时间:  all   92.25    0.00    7.00    0.00    0.12    0.00    0.00    0.00    0.62

Linux 2.6.32-431.el6.x86_64 (slave2) 	2019年07月24日 	_x86_64_	(8 CPU)

23时36分21秒  CPU    %usr   %nice    %sys %iowait    %irq   %soft  %steal  %guest   %idle
23时36分22秒  all   52.72    0.00    5.45    0.00    0.00    0.25    0.00    0.00   41.57
平均时间:  all   52.72    0.00    5.45    0.00    0.00    0.25    0.00    0.00   41.57

Linux 2.6.32-431.el6.x86_64 (slave2) 	2019年07月24日 	_x86_64_	(8 CPU)

23时36分25秒  CPU    %usr   %nice    %sys %iowait    %irq   %soft  %steal  %guest   %idle
23时36分26秒  all   68.82    0.00    5.20    0.00    0.00    0.13    0.00    0.00   25.86
平均时间:  all   68.82    0.00    5.20    0.00    0.00    0.13    0.00    0.00   25.86

Linux 2.6.32-431.el6.x86_64 (slave2) 	2019年07月24日 	_x86_64_	(8 CPU)

23时36分29秒  CPU    %usr   %nice    %sys %iowait    %irq   %soft  %steal  %guest   %idle
23时36分30秒  all   80.93    0.00    5.93    0.00    0.00    0.25    0.00    0.00   12.88
平均时间:  all   80.93    0.00    5.93    0.00    0.00    0.25    0.00    0.00   12.88

Linux 2.6.32-431.el6.x86_64 (slave2) 	2019年07月24日 	_x86_64_	(8 CPU)

23时36分33秒  CPU    %usr   %nice    %sys %iowait    %irq   %soft  %steal  %guest   %idle
23时36分34秒  all   44.10    0.00    5.77    0.00    0.00    1.41    0.00    0.00   48.72
平均时间:  all   44.10    0.00    5.77    0.00    0.00    1.41    0.00    0.00   48.72

Linux 2.6.32-431.el6.x86_64 (slave2) 	2019年07月24日 	_x86_64_	(8 CPU)

23时36分37秒  CPU    %usr   %nice    %sys %iowait    %irq   %soft  %steal  %guest   %idle
23时36分38秒  all   56.89    0.00    6.51    0.00    0.00    0.26    0.00    0.00   36.35
平均时间:  all   56.89    0.00    6.51    0.00    0.00    0.26    0.00    0.00   36.35

Linux 2.6.32-431.el6.x86_64 (slave2) 	2019年07月24日 	_x86_64_	(8 CPU)

23时36分41秒  CPU    %usr   %nice    %sys %iowait    %irq   %soft  %steal  %guest   %idle
23时36分42秒  all   70.06    0.00    8.41    0.00    0.00    0.25    0.00    0.00   21.27
平均时间:  all   70.06    0.00    8.41    0.00    0.00    0.25    0.00    0.00   21.27

Linux 2.6.32-431.el6.x86_64 (slave2) 	2019年07月24日 	_x86_64_	(8 CPU)

23时36分45秒  CPU    %usr   %nice    %sys %iowait    %irq   %soft  %steal  %guest   %idle
23时36分46秒  all   61.51    0.00    7.29    0.00    0.00    0.38    0.00    0.00   30.82
平均时间:  all   61.51    0.00    7.29    0.00    0.00    0.38    0.00    0.00   30.82

Linux 2.6.32-431.el6.x86_64 (slave2) 	2019年07月24日 	_x86_64_	(8 CPU)

23时36分49秒  CPU    %usr   %nice    %sys %iowait    %irq   %soft  %steal  %guest   %idle
23时36分50秒  all   56.32    0.00    9.58    0.00    0.00    0.26    0.00    0.00   33.84
平均时间:  all   56.32    0.00    9.58    0.00    0.00    0.26    0.00    0.00   33.84

Linux 2.6.32-431.el6.x86_64 (slave2) 	2019年07月24日 	_x86_64_	(8 CPU)

23时36分53秒  CPU    %usr   %nice    %sys %iowait    %irq   %soft  %steal  %guest   %idle
23时36分54秒  all   26.47    0.00    3.13    0.00    0.00    0.91    0.00    0.00   69.49
平均时间:  all   26.47    0.00    3.13    0.00    0.00    0.91    0.00    0.00   69.49

Linux 2.6.32-431.el6.x86_64 (slave2) 	2019年07月24日 	_x86_64_	(8 CPU)

23时36分57秒  CPU    %usr   %nice    %sys %iowait    %irq   %soft  %steal  %guest   %idle
23时36分58秒  all   30.74    0.00    2.93    0.00    0.00    0.26    0.00    0.00   66.07
平均时间:  all   30.74    0.00    2.93    0.00    0.00    0.26    0.00    0.00   66.07

Linux 2.6.32-431.el6.x86_64 (slave2) 	2019年07月24日 	_x86_64_	(8 CPU)

23时37分01秒  CPU    %usr   %nice    %sys %iowait    %irq   %soft  %steal  %guest   %idle
23时37分02秒  all   29.08    0.00    3.70    0.00    0.00    0.13    0.00    0.00   67.09
平均时间:  all   29.08    0.00    3.70    0.00    0.00    0.13    0.00    0.00   67.09

Linux 2.6.32-431.el6.x86_64 (slave2) 	2019年07月24日 	_x86_64_	(8 CPU)

23时37分05秒  CPU    %usr   %nice    %sys %iowait    %irq   %soft  %steal  %guest   %idle
23时37分06秒  all   10.68    0.00    1.13    0.00    0.00    0.00    0.00    0.00   88.19
平均时间:  all   10.68    0.00    1.13    0.00    0.00    0.00    0.00    0.00   88.19

Linux 2.6.32-431.el6.x86_64 (slave2) 	2019年07月24日 	_x86_64_	(8 CPU)

23时37分09秒  CPU    %usr   %nice    %sys %iowait    %irq   %soft  %steal  %guest   %idle
23时37分10秒  all   11.84    0.00    1.13    0.00    0.13    0.00    0.00    0.00   86.90
平均时间:  all   11.84    0.00    1.13    0.00    0.13    0.00    0.00    0.00   86.90

Linux 2.6.32-431.el6.x86_64 (slave2) 	2019年07月24日 	_x86_64_	(8 CPU)

23时37分13秒  CPU    %usr   %nice    %sys %iowait    %irq   %soft  %steal  %guest   %idle
23时37分14秒  all   12.85    0.00    1.39    0.00    0.00    0.00    0.00    0.00   85.77
平均时间:  all   12.85    0.00    1.39    0.00    0.00    0.00    0.00    0.00   85.77

Linux 2.6.32-431.el6.x86_64 (slave2) 	2019年07月24日 	_x86_64_	(8 CPU)

23时37分17秒  CPU    %usr   %nice    %sys %iowait    %irq   %soft  %steal  %guest   %idle
23时37分18秒  all   12.85    0.00    1.26    0.00    0.00    0.00    0.00    0.00   85.89
平均时间:  all   12.85    0.00    1.26    0.00    0.00    0.00    0.00    0.00   85.89

Linux 2.6.32-431.el6.x86_64 (slave2) 	2019年07月24日 	_x86_64_	(8 CPU)

23时37分21秒  CPU    %usr   %nice    %sys %iowait    %irq   %soft  %steal  %guest   %idle
23时37分22秒  all    0.50    0.00    1.26    0.00    0.00    0.00    0.00    0.00   98.24
平均时间:  all    0.50    0.00    1.26    0.00    0.00    0.00    0.00    0.00   98.24

Linux 2.6.32-431.el6.x86_64 (slave2) 	2019年07月24日 	_x86_64_	(8 CPU)

23时37分25秒  CPU    %usr   %nice    %sys %iowait    %irq   %soft  %steal  %guest   %idle
23时37分26秒  all    0.00    0.00    0.00    0.00    0.00    0.00    0.00    0.00  100.00
平均时间:  all    0.00    0.00    0.00    0.00    0.00    0.00    0.00    0.00  100.00

