
2019年 07月 24日 星期三 23:26:42 CST
             total       used       free     shared    buffers     cached
Mem:         15945       8853       7091          0         72       6833
-/+ buffers/cache:       1948      13997
Swap:         8039          0       8039

2019年 07月 24日 星期三 23:26:46 CST
             total       used       free     shared    buffers     cached
Mem:         15945       8853       7091          0         72       6833
-/+ buffers/cache:       1948      13997
Swap:         8039          0       8039

2019年 07月 24日 星期三 23:26:50 CST
             total       used       free     shared    buffers     cached
Mem:         15945       8853       7091          0         72       6833
-/+ buffers/cache:       1948      13997
Swap:         8039          0       8039

2019年 07月 24日 星期三 23:26:54 CST
             total       used       free     shared    buffers     cached
Mem:         15945       8853       7091          0         72       6833
-/+ buffers/cache:       1948      13997
Swap:         8039          0       8039

2019年 07月 24日 星期三 23:26:58 CST
             total       used       free     shared    buffers     cached
Mem:         15945       8859       7085          0         72       6833
-/+ buffers/cache:       1954      13991
Swap:         8039          0       8039

2019年 07月 24日 星期三 23:27:02 CST
             total       used       free     shared    buffers     cached
Mem:         15945       8984       6961          0         72       6962
-/+ buffers/cache:       1949      13995
Swap:         8039          0       8039

2019年 07月 24日 星期三 23:27:06 CST
             total       used       free     shared    buffers     cached
Mem:         15945       9201       6744          0         72       7177
-/+ buffers/cache:       1951      13994
Swap:         8039          0       8039

2019年 07月 24日 星期三 23:27:10 CST
             total       used       free     shared    buffers     cached
Mem:         15945       9729       6216          0         72       7457
-/+ buffers/cache:       2199      13746
Swap:         8039          0       8039

2019年 07月 24日 星期三 23:27:14 CST
             total       used       free     shared    buffers     cached
Mem:         15945      10307       5638          0         72       7765
-/+ buffers/cache:       2469      13475
Swap:         8039          0       8039

2019年 07月 24日 星期三 23:27:18 CST
             total       used       free     shared    buffers     cached
Mem:         15945      11004       4940          0         72       8025
-/+ buffers/cache:       2907      13038
Swap:         8039          0       8039

2019年 07月 24日 星期三 23:27:22 CST
             total       used       free     shared    buffers     cached
Mem:         15945      11550       4395          0         72       8277
-/+ buffers/cache:       3200      12745
Swap:         8039          0       8039

2019年 07月 24日 星期三 23:27:26 CST
             total       used       free     shared    buffers     cached
Mem:         15945      12092       3852          0         72       8511
-/+ buffers/cache:       3509      12436
Swap:         8039          0       8039

2019年 07月 24日 星期三 23:27:30 CST
             total       used       free     shared    buffers     cached
Mem:         15945      12679       3265          0         72       8768
-/+ buffers/cache:       3838      12107
Swap:         8039          0       8039

2019年 07月 24日 星期三 23:27:34 CST
             total       used       free     shared    buffers     cached
Mem:         15945      12549       3396          0         72       8215
-/+ buffers/cache:       4261      11684
Swap:         8039          0       8039

2019年 07月 24日 星期三 23:27:38 CST
             total       used       free     shared    buffers     cached
Mem:         15945      12914       3030          0         72       8217
-/+ buffers/cache:       4624      11320
Swap:         8039          0       8039

2019年 07月 24日 星期三 23:27:42 CST
             total       used       free     shared    buffers     cached
Mem:         15945      13167       2777          0         72       8218
-/+ buffers/cache:       4877      11068
Swap:         8039          0       8039

2019年 07月 24日 星期三 23:27:46 CST
             total       used       free     shared    buffers     cached
Mem:         15945      13312       2633          0         72       8219
-/+ buffers/cache:       5020      10925
Swap:         8039          0       8039

2019年 07月 24日 星期三 23:27:50 CST
             total       used       free     shared    buffers     cached
Mem:         15945      12954       2991          0         72       8199
-/+ buffers/cache:       4681      11263
Swap:         8039          0       8039

2019年 07月 24日 星期三 23:27:54 CST
             total       used       free     shared    buffers     cached
Mem:         15945      12736       3208          0         72       8177
-/+ buffers/cache:       4486      11458
Swap:         8039          0       8039

2019年 07月 24日 星期三 23:27:58 CST
             total       used       free     shared    buffers     cached
Mem:         15945      13448       2497          0         72       8177
-/+ buffers/cache:       5198      10747
Swap:         8039          0       8039

2019年 07月 24日 星期三 23:28:02 CST
             total       used       free     shared    buffers     cached
Mem:         15945      13884       2061          0         72       8180
-/+ buffers/cache:       5631      10314
Swap:         8039          0       8039

2019年 07月 24日 星期三 23:28:06 CST
             total       used       free     shared    buffers     cached
Mem:         15945      13741       2204          0         72       8162
-/+ buffers/cache:       5505      10439
Swap:         8039          0       8039

2019年 07月 24日 星期三 23:28:10 CST
             total       used       free     shared    buffers     cached
Mem:         15945      13171       2773          0         72       8307
-/+ buffers/cache:       4791      11154
Swap:         8039          0       8039

2019年 07月 24日 星期三 23:28:14 CST
             total       used       free     shared    buffers     cached
Mem:         15945      13764       2181          0         72       8328
-/+ buffers/cache:       5363      10581
Swap:         8039          0       8039

2019年 07月 24日 星期三 23:28:18 CST
             total       used       free     shared    buffers     cached
Mem:         15945      14273       1671          0         72       8330
-/+ buffers/cache:       5870      10074
Swap:         8039          0       8039

2019年 07月 24日 星期三 23:28:22 CST
             total       used       free     shared    buffers     cached
Mem:         15945      13614       2331          0         72       8330
-/+ buffers/cache:       5211      10734
Swap:         8039          0       8039

2019年 07月 24日 星期三 23:28:26 CST
             total       used       free     shared    buffers     cached
Mem:         15945      12282       3663          0         72       8424
-/+ buffers/cache:       3784      12160
Swap:         8039          0       8039

2019年 07月 24日 星期三 23:28:30 CST
             total       used       free     shared    buffers     cached
Mem:         15945      13061       2884          0         72       8660
-/+ buffers/cache:       4328      11617
Swap:         8039          0       8039

2019年 07月 24日 星期三 23:28:34 CST
             total       used       free     shared    buffers     cached
Mem:         15945      13590       2354          0         72       8755
-/+ buffers/cache:       4762      11182
Swap:         8039          0       8039

2019年 07月 24日 星期三 23:28:38 CST
             total       used       free     shared    buffers     cached
Mem:         15945      14065       1879          0         72       9004
-/+ buffers/cache:       4988      10956
Swap:         8039          0       8039

2019年 07月 24日 星期三 23:28:43 CST
             total       used       free     shared    buffers     cached
Mem:         15945      14508       1437          0         72       9322
-/+ buffers/cache:       5113      10832
Swap:         8039          0       8039

2019年 07月 24日 星期三 23:28:47 CST
             total       used       free     shared    buffers     cached
Mem:         15945      15024        921          0         72       9634
-/+ buffers/cache:       5316      10629
Swap:         8039          0       8039

2019年 07月 24日 星期三 23:28:51 CST
             total       used       free     shared    buffers     cached
Mem:         15945      14334       1610          0         72       9909
-/+ buffers/cache:       4352      11593
Swap:         8039          0       8039

2019年 07月 24日 星期三 23:28:55 CST
             total       used       free     shared    buffers     cached
Mem:         15945      14845       1100          0         72       9973
-/+ buffers/cache:       4798      11146
Swap:         8039          0       8039

2019年 07月 24日 星期三 23:28:59 CST
             total       used       free     shared    buffers     cached
Mem:         15945      15740        205          0         72      10126
-/+ buffers/cache:       5540      10404
Swap:         8039          0       8039

2019年 07月 24日 星期三 23:29:03 CST
             total       used       free     shared    buffers     cached
Mem:         15945      15782        163          0         72       9677
-/+ buffers/cache:       6032       9913
Swap:         8039          0       8039

2019年 07月 24日 星期三 23:29:07 CST
             total       used       free     shared    buffers     cached
Mem:         15945      14834       1111          0         72       9441
-/+ buffers/cache:       5320      10625
Swap:         8039          0       8039

2019年 07月 24日 星期三 23:29:11 CST
             total       used       free     shared    buffers     cached
Mem:         15945      14976        969          0         72       9475
-/+ buffers/cache:       5427      10517
Swap:         8039          0       8039

2019年 07月 24日 星期三 23:29:15 CST
             total       used       free     shared    buffers     cached
Mem:         15945      13340       2605          0         72       9283
-/+ buffers/cache:       3984      11960
Swap:         8039          0       8039

2019年 07月 24日 星期三 23:29:19 CST
             total       used       free     shared    buffers     cached
Mem:         15945      13365       2579          0         72       9102
-/+ buffers/cache:       4190      11754
Swap:         8039          0       8039

2019年 07月 24日 星期三 23:29:23 CST
             total       used       free     shared    buffers     cached
Mem:         15945      13927       2017          0         72       9309
-/+ buffers/cache:       4545      11399
Swap:         8039          0       8039

2019年 07月 24日 星期三 23:29:27 CST
             total       used       free     shared    buffers     cached
Mem:         15945      14631       1314          0         72       9316
-/+ buffers/cache:       5242      10703
Swap:         8039          0       8039

2019年 07月 24日 星期三 23:29:31 CST
             total       used       free     shared    buffers     cached
Mem:         15945      15013        932          0         72       9533
-/+ buffers/cache:       5406      10538
Swap:         8039          0       8039

2019年 07月 24日 星期三 23:29:35 CST
             total       used       free     shared    buffers     cached
Mem:         15945      15375        570          0         72       9534
-/+ buffers/cache:       5768      10177
Swap:         8039          0       8039

2019年 07月 24日 星期三 23:29:39 CST
             total       used       free     shared    buffers     cached
Mem:         15945      15786        159          0         72       9269
-/+ buffers/cache:       6443       9501
Swap:         8039          0       8039

2019年 07月 24日 星期三 23:29:43 CST
             total       used       free     shared    buffers     cached
Mem:         15945      15787        158          0         72       9062
-/+ buffers/cache:       6651       9293
Swap:         8039          0       8039

2019年 07月 24日 星期三 23:29:47 CST
             total       used       free     shared    buffers     cached
Mem:         15945      13896       2049          0         72       9223
-/+ buffers/cache:       4599      11345
Swap:         8039          0       8039

2019年 07月 24日 星期三 23:29:51 CST
             total       used       free     shared    buffers     cached
Mem:         15945      14240       1705          0         72       9050
-/+ buffers/cache:       5117      10827
Swap:         8039          0       8039

2019年 07月 24日 星期三 23:29:55 CST
             total       used       free     shared    buffers     cached
Mem:         15945      14798       1147          0         72       9079
-/+ buffers/cache:       5646      10299
Swap:         8039          0       8039

2019年 07月 24日 星期三 23:29:59 CST
             total       used       free     shared    buffers     cached
Mem:         15945      15182        762          0         72       9098
-/+ buffers/cache:       6011       9934
Swap:         8039          0       8039

2019年 07月 24日 星期三 23:30:03 CST
             total       used       free     shared    buffers     cached
Mem:         15945      15498        447          0         72       9234
-/+ buffers/cache:       6191       9754
Swap:         8039          0       8039

2019年 07月 24日 星期三 23:30:07 CST
             total       used       free     shared    buffers     cached
Mem:         15945      15779        166          0         72       9087
-/+ buffers/cache:       6618       9326
Swap:         8039          0       8039

2019年 07月 24日 星期三 23:30:11 CST
             total       used       free     shared    buffers     cached
Mem:         15945      15773        171          0         72       8955
-/+ buffers/cache:       6746       9199
Swap:         8039          0       8039

2019年 07月 24日 星期三 23:30:15 CST
             total       used       free     shared    buffers     cached
Mem:         15945      15770        174          0         72       8846
-/+ buffers/cache:       6852       9093
Swap:         8039          0       8039

2019年 07月 24日 星期三 23:30:19 CST
             total       used       free     shared    buffers     cached
Mem:         15945      14997        947          0         72       9093
-/+ buffers/cache:       5831      10114
Swap:         8039          0       8039

2019年 07月 24日 星期三 23:30:23 CST
             total       used       free     shared    buffers     cached
Mem:         15945      14142       1802          0         72       9347
-/+ buffers/cache:       4722      11223
Swap:         8039          0       8039

2019年 07月 24日 星期三 23:30:27 CST
             total       used       free     shared    buffers     cached
Mem:         15945      14282       1662          0         72       9823
-/+ buffers/cache:       4386      11558
Swap:         8039          0       8039

2019年 07月 24日 星期三 23:30:31 CST
             total       used       free     shared    buffers     cached
Mem:         15945      15145        800          0         72       9873
-/+ buffers/cache:       5199      10746
Swap:         8039          0       8039

2019年 07月 24日 星期三 23:30:36 CST
             total       used       free     shared    buffers     cached
Mem:         15945      14696       1249          0         72       9875
-/+ buffers/cache:       4748      11196
Swap:         8039          0       8039

2019年 07月 24日 星期三 23:30:40 CST
             total       used       free     shared    buffers     cached
Mem:         15945      15249        696          0         72       9745
-/+ buffers/cache:       5430      10514
Swap:         8039          0       8039

2019年 07月 24日 星期三 23:30:44 CST
             total       used       free     shared    buffers     cached
Mem:         15945      14207       1737          0         72       9577
-/+ buffers/cache:       4557      11387
Swap:         8039          0       8039

2019年 07月 24日 星期三 23:30:48 CST
             total       used       free     shared    buffers     cached
Mem:         15945      14313       1632          0         72       9615
-/+ buffers/cache:       4625      11320
Swap:         8039          0       8039

2019年 07月 24日 星期三 23:30:52 CST
             total       used       free     shared    buffers     cached
Mem:         15945      14709       1236          0         72       9663
-/+ buffers/cache:       4973      10971
Swap:         8039          0       8039

2019年 07月 24日 星期三 23:30:56 CST
             total       used       free     shared    buffers     cached
Mem:         15945      14948        997          0         72       9740
-/+ buffers/cache:       5135      10810
Swap:         8039          0       8039

2019年 07月 24日 星期三 23:31:00 CST
             total       used       free     shared    buffers     cached
Mem:         15945      14188       1757          0         72      10043
-/+ buffers/cache:       4071      11873
Swap:         8039          0       8039

2019年 07月 24日 星期三 23:31:04 CST
             total       used       free     shared    buffers     cached
Mem:         15945      14929       1015          0         72      10248
-/+ buffers/cache:       4608      11337
Swap:         8039          0       8039

2019年 07月 24日 星期三 23:31:08 CST
             total       used       free     shared    buffers     cached
Mem:         15945      15576        369          0         72      10293
-/+ buffers/cache:       5210      10735
Swap:         8039          0       8039

2019年 07月 24日 星期三 23:31:12 CST
             total       used       free     shared    buffers     cached
Mem:         15945      15795        150          0         72      10101
-/+ buffers/cache:       5621      10324
Swap:         8039          0       8039

2019年 07月 24日 星期三 23:31:16 CST
             total       used       free     shared    buffers     cached
Mem:         15945      14720       1225          0         72       9785
-/+ buffers/cache:       4862      11083
Swap:         8039          0       8039

2019年 07月 24日 星期三 23:31:20 CST
             total       used       free     shared    buffers     cached
Mem:         15945      15060        885          0         72       9809
-/+ buffers/cache:       5177      10767
Swap:         8039          0       8039

2019年 07月 24日 星期三 23:31:24 CST
             total       used       free     shared    buffers     cached
Mem:         15945      13818       2127          0         72       9807
-/+ buffers/cache:       3937      12007
Swap:         8039          0       8039

2019年 07月 24日 星期三 23:31:28 CST
             total       used       free     shared    buffers     cached
Mem:         15945      14227       1718          0         72       9658
-/+ buffers/cache:       4495      11449
Swap:         8039          0       8039

2019年 07月 24日 星期三 23:31:32 CST
             total       used       free     shared    buffers     cached
Mem:         15945      13826       2119          0         72       9473
-/+ buffers/cache:       4279      11665
Swap:         8039          0       8039

2019年 07月 24日 星期三 23:31:36 CST
             total       used       free     shared    buffers     cached
Mem:         15945      14600       1345          0         72       9480
-/+ buffers/cache:       5047      10898
Swap:         8039          0       8039

2019年 07月 24日 星期三 23:31:40 CST
             total       used       free     shared    buffers     cached
Mem:         15945      14483       1462          0         72       9483
-/+ buffers/cache:       4926      11018
Swap:         8039          0       8039

2019年 07月 24日 星期三 23:31:44 CST
             total       used       free     shared    buffers     cached
Mem:         15945      14643       1302          0         72       9466
-/+ buffers/cache:       5103      10841
Swap:         8039          0       8039

2019年 07月 24日 星期三 23:31:48 CST
             total       used       free     shared    buffers     cached
Mem:         15945      15279        665          0         72      10003
-/+ buffers/cache:       5203      10742
Swap:         8039          0       8039

2019年 07月 24日 星期三 23:31:52 CST
             total       used       free     shared    buffers     cached
Mem:         15945      15779        165          0         72      10251
-/+ buffers/cache:       5455      10490
Swap:         8039          0       8039

2019年 07月 24日 星期三 23:31:56 CST
             total       used       free     shared    buffers     cached
Mem:         15945      15768        177          0         72      10026
-/+ buffers/cache:       5668      10276
Swap:         8039          0       8039

2019年 07月 24日 星期三 23:32:00 CST
             total       used       free     shared    buffers     cached
Mem:         15945      15776        169          0         72       9895
-/+ buffers/cache:       5808      10137
Swap:         8039          0       8039

2019年 07月 24日 星期三 23:32:04 CST
             total       used       free     shared    buffers     cached
Mem:         15945      15774        171          0         72       9724
-/+ buffers/cache:       5976       9968
Swap:         8039          0       8039

2019年 07月 24日 星期三 23:32:08 CST
             total       used       free     shared    buffers     cached
Mem:         15945      15769        176          0         72       9534
-/+ buffers/cache:       6162       9783
Swap:         8039          0       8039

2019年 07月 24日 星期三 23:32:12 CST
             total       used       free     shared    buffers     cached
Mem:         15945      15779        166          0         72       9378
-/+ buffers/cache:       6328       9617
Swap:         8039          0       8039

2019年 07月 24日 星期三 23:32:16 CST
             total       used       free     shared    buffers     cached
Mem:         15945      15764        180          0         72       9344
-/+ buffers/cache:       6348       9596
Swap:         8039          0       8039

2019年 07月 24日 星期三 23:32:20 CST
             total       used       free     shared    buffers     cached
Mem:         15945      14717       1228          0         72       9536
-/+ buffers/cache:       5108      10837
Swap:         8039          0       8039

2019年 07月 24日 星期三 23:32:24 CST
             total       used       free     shared    buffers     cached
Mem:         15945      15007        938          0         72       9506
-/+ buffers/cache:       5428      10516
Swap:         8039          0       8039

2019年 07月 24日 星期三 23:32:28 CST
             total       used       free     shared    buffers     cached
Mem:         15945      13333       2612          0         72       9505
-/+ buffers/cache:       3755      12190
Swap:         8039          0       8039

2019年 07月 24日 星期三 23:32:32 CST
             total       used       free     shared    buffers     cached
Mem:         15945      13729       2216          0         72       9322
-/+ buffers/cache:       4334      11611
Swap:         8039          0       8039

2019年 07月 24日 星期三 23:32:36 CST
             total       used       free     shared    buffers     cached
Mem:         15945      14660       1285          0         72       9328
-/+ buffers/cache:       5259      10685
Swap:         8039          0       8039

2019年 07月 24日 星期三 23:32:40 CST
             total       used       free     shared    buffers     cached
Mem:         15945      14365       1580          0         72       9359
-/+ buffers/cache:       4933      11012
Swap:         8039          0       8039

2019年 07月 24日 星期三 23:32:44 CST
             total       used       free     shared    buffers     cached
Mem:         15945      15045        900          0         72       9625
-/+ buffers/cache:       5347      10598
Swap:         8039          0       8039

2019年 07月 24日 星期三 23:32:49 CST
             total       used       free     shared    buffers     cached
Mem:         15945      13124       2820          0         72       9067
-/+ buffers/cache:       3985      11960
Swap:         8039          0       8039

2019年 07月 24日 星期三 23:32:53 CST
             total       used       free     shared    buffers     cached
Mem:         15945      13507       2438          0         72       9067
-/+ buffers/cache:       4367      11578
Swap:         8039          0       8039

2019年 07月 24日 星期三 23:32:57 CST
             total       used       free     shared    buffers     cached
Mem:         15945      13043       2902          0         72       9075
-/+ buffers/cache:       3895      12049
Swap:         8039          0       8039

2019年 07月 24日 星期三 23:33:01 CST
             total       used       free     shared    buffers     cached
Mem:         15945      13401       2544          0         72       9262
-/+ buffers/cache:       4066      11879
Swap:         8039          0       8039

2019年 07月 24日 星期三 23:33:05 CST
             total       used       free     shared    buffers     cached
Mem:         15945      13813       2131          0         72       9369
-/+ buffers/cache:       4372      11573
Swap:         8039          0       8039

2019年 07月 24日 星期三 23:33:09 CST
             total       used       free     shared    buffers     cached
Mem:         15945      14223       1722          0         72       9519
-/+ buffers/cache:       4631      11314
Swap:         8039          0       8039

2019年 07月 24日 星期三 23:33:13 CST
             total       used       free     shared    buffers     cached
Mem:         15945      14587       1357          0         72       9393
-/+ buffers/cache:       5121      10823
Swap:         8039          0       8039

2019年 07月 24日 星期三 23:33:17 CST
             total       used       free     shared    buffers     cached
Mem:         15945      15561        384          0         72       9462
-/+ buffers/cache:       6026       9918
Swap:         8039          0       8039

2019年 07月 24日 星期三 23:33:21 CST
             total       used       free     shared    buffers     cached
Mem:         15945      15778        167          0         72       9100
-/+ buffers/cache:       6605       9339
Swap:         8039          0       8039

2019年 07月 24日 星期三 23:33:25 CST
             total       used       free     shared    buffers     cached
Mem:         15945      15784        160          0         72       8594
-/+ buffers/cache:       7118       8827
Swap:         8039          0       8039

2019年 07月 24日 星期三 23:33:29 CST
             total       used       free     shared    buffers     cached
Mem:         15945      15529        415          0         72       8918
-/+ buffers/cache:       6539       9405
Swap:         8039          0       8039

2019年 07月 24日 星期三 23:33:33 CST
             total       used       free     shared    buffers     cached
Mem:         15945      15146        798          0         72       8923
-/+ buffers/cache:       6150       9794
Swap:         8039          0       8039

2019年 07月 24日 星期三 23:33:37 CST
             total       used       free     shared    buffers     cached
Mem:         15945      15196        748          0         72       8821
-/+ buffers/cache:       6303       9642
Swap:         8039          0       8039

2019年 07月 24日 星期三 23:33:41 CST
             total       used       free     shared    buffers     cached
Mem:         15945      14069       1875          0         72       8857
-/+ buffers/cache:       5139      10806
Swap:         8039          0       8039

2019年 07月 24日 星期三 23:33:45 CST
             total       used       free     shared    buffers     cached
Mem:         15945      14467       1478          0         72       8713
-/+ buffers/cache:       5681      10263
Swap:         8039          0       8039

2019年 07月 24日 星期三 23:33:49 CST
             total       used       free     shared    buffers     cached
Mem:         15945      15241        704          0         72       8744
-/+ buffers/cache:       6424       9520
Swap:         8039          0       8039

2019年 07月 24日 星期三 23:33:53 CST
             total       used       free     shared    buffers     cached
Mem:         15945      15788        157          0         72       8599
-/+ buffers/cache:       7116       8828
Swap:         8039          0       8039

2019年 07月 24日 星期三 23:33:57 CST
             total       used       free     shared    buffers     cached
Mem:         15945      15778        166          0         72       8429
-/+ buffers/cache:       7277       8667
Swap:         8039          0       8039

2019年 07月 24日 星期三 23:34:01 CST
             total       used       free     shared    buffers     cached
Mem:         15945      10639       5306          0         72       8563
-/+ buffers/cache:       2003      13941
Swap:         8039          0       8039

2019年 07月 24日 星期三 23:34:05 CST
             total       used       free     shared    buffers     cached
Mem:         15945      11780       4165          0         72       9002
-/+ buffers/cache:       2705      13239
Swap:         8039          0       8039

2019年 07月 24日 星期三 23:34:09 CST
             total       used       free     shared    buffers     cached
Mem:         15945      12323       3622          0         72       8738
-/+ buffers/cache:       3513      12432
Swap:         8039          0       8039

2019年 07月 24日 星期三 23:34:13 CST
             total       used       free     shared    buffers     cached
Mem:         15945      13362       2582          0         72       8738
-/+ buffers/cache:       4552      11393
Swap:         8039          0       8039

2019年 07月 24日 星期三 23:34:17 CST
             total       used       free     shared    buffers     cached
Mem:         15945      14236       1709          0         72       8742
-/+ buffers/cache:       5421      10524
Swap:         8039          0       8039

2019年 07月 24日 星期三 23:34:21 CST
             total       used       free     shared    buffers     cached
Mem:         15945      15065        880          0         72       8748
-/+ buffers/cache:       6245       9700
Swap:         8039          0       8039

2019年 07月 24日 星期三 23:34:25 CST
             total       used       free     shared    buffers     cached
Mem:         15945      15443        501          0         72       8775
-/+ buffers/cache:       6596       9349
Swap:         8039          0       8039

2019年 07月 24日 星期三 23:34:29 CST
             total       used       free     shared    buffers     cached
Mem:         15945      15795        149          0         72       8844
-/+ buffers/cache:       6878       9066
Swap:         8039          0       8039

2019年 07月 24日 星期三 23:34:33 CST
             total       used       free     shared    buffers     cached
Mem:         15945      15059        886          0         72       8543
-/+ buffers/cache:       6443       9502
Swap:         8039          0       8039

2019年 07月 24日 星期三 23:34:37 CST
             total       used       free     shared    buffers     cached
Mem:         15945      15190        754          0         72       8588
-/+ buffers/cache:       6529       9416
Swap:         8039          0       8039

2019年 07月 24日 星期三 23:34:42 CST
             total       used       free     shared    buffers     cached
Mem:         15945      15429        515          0         72       8613
-/+ buffers/cache:       6744       9201
Swap:         8039          0       8039

2019年 07月 24日 星期三 23:34:46 CST
             total       used       free     shared    buffers     cached
Mem:         15945      15456        489          0         72       8665
-/+ buffers/cache:       6719       9226
Swap:         8039          0       8039

2019年 07月 24日 星期三 23:34:50 CST
             total       used       free     shared    buffers     cached
Mem:         15945      15518        426          0         72       8656
-/+ buffers/cache:       6790       9154
Swap:         8039          0       8039

2019年 07月 24日 星期三 23:34:54 CST
             total       used       free     shared    buffers     cached
Mem:         15945      15660        285          0         72       8704
-/+ buffers/cache:       6882       9062
Swap:         8039          0       8039

2019年 07月 24日 星期三 23:34:58 CST
             total       used       free     shared    buffers     cached
Mem:         15945      14363       1582          0         72       8661
-/+ buffers/cache:       5629      10316
Swap:         8039          0       8039

2019年 07月 24日 星期三 23:35:02 CST
             total       used       free     shared    buffers     cached
Mem:         15945      12031       3914          0         72       8468
-/+ buffers/cache:       3490      12455
Swap:         8039          0       8039

2019年 07月 24日 星期三 23:35:06 CST
             total       used       free     shared    buffers     cached
Mem:         15945      12157       3788          0         72       8514
-/+ buffers/cache:       3570      12375
Swap:         8039          0       8039

2019年 07月 24日 星期三 23:35:10 CST
             total       used       free     shared    buffers     cached
Mem:         15945      12381       3564          0         72       8429
-/+ buffers/cache:       3879      12066
Swap:         8039          0       8039

2019年 07月 24日 星期三 23:35:14 CST
             total       used       free     shared    buffers     cached
Mem:         15945      11277       4668          0         72       8496
-/+ buffers/cache:       2708      13237
Swap:         8039          0       8039

2019年 07月 24日 星期三 23:35:18 CST
             total       used       free     shared    buffers     cached
Mem:         15945      11912       4033          0         72       8742
-/+ buffers/cache:       3097      12848
Swap:         8039          0       8039

2019年 07月 24日 星期三 23:35:22 CST
             total       used       free     shared    buffers     cached
Mem:         15945      12487       3457          0         72       8604
-/+ buffers/cache:       3811      12134
Swap:         8039          0       8039

2019年 07月 24日 星期三 23:35:26 CST
             total       used       free     shared    buffers     cached
Mem:         15945      13095       2849          0         72       8605
-/+ buffers/cache:       4417      11528
Swap:         8039          0       8039

2019年 07月 24日 星期三 23:35:30 CST
             total       used       free     shared    buffers     cached
Mem:         15945      13229       2715          0         72       8644
-/+ buffers/cache:       4513      11432
Swap:         8039          0       8039

2019年 07月 24日 星期三 23:35:34 CST
             total       used       free     shared    buffers     cached
Mem:         15945      13002       2943          0         72       8606
-/+ buffers/cache:       4324      11621
Swap:         8039          0       8039

2019年 07月 24日 星期三 23:35:38 CST
             total       used       free     shared    buffers     cached
Mem:         15945      13448       2496          0         72       8606
-/+ buffers/cache:       4769      11176
Swap:         8039          0       8039

2019年 07月 24日 星期三 23:35:42 CST
             total       used       free     shared    buffers     cached
Mem:         15945      13321       2624          0         72       8607
-/+ buffers/cache:       4640      11304
Swap:         8039          0       8039

2019年 07月 24日 星期三 23:35:46 CST
             total       used       free     shared    buffers     cached
Mem:         15945      13762       2183          0         72       8592
-/+ buffers/cache:       5096      10848
Swap:         8039          0       8039

2019年 07月 24日 星期三 23:35:50 CST
             total       used       free     shared    buffers     cached
Mem:         15945      12587       3357          0         72       8552
-/+ buffers/cache:       3963      11982
Swap:         8039          0       8039

2019年 07月 24日 星期三 23:35:54 CST
             total       used       free     shared    buffers     cached
Mem:         15945      12990       2955          0         72       8757
-/+ buffers/cache:       4160      11784
Swap:         8039          0       8039

2019年 07月 24日 星期三 23:35:58 CST
             total       used       free     shared    buffers     cached
Mem:         15945      13259       2686          0         72       8757
-/+ buffers/cache:       4429      11516
Swap:         8039          0       8039

2019年 07月 24日 星期三 23:36:02 CST
             total       used       free     shared    buffers     cached
Mem:         15945      13151       2793          0         72       8777
-/+ buffers/cache:       4302      11643
Swap:         8039          0       8039

2019年 07月 24日 星期三 23:36:06 CST
             total       used       free     shared    buffers     cached
Mem:         15945      12881       3064          0         72       8624
-/+ buffers/cache:       4184      11761
Swap:         8039          0       8039

2019年 07月 24日 星期三 23:36:10 CST
             total       used       free     shared    buffers     cached
Mem:         15945      13461       2484          0         72       8606
-/+ buffers/cache:       4781      11163
Swap:         8039          0       8039

2019年 07月 24日 星期三 23:36:14 CST
             total       used       free     shared    buffers     cached
Mem:         15945      14268       1677          0         72       8609
-/+ buffers/cache:       5586      10358
Swap:         8039          0       8039

2019年 07月 24日 星期三 23:36:18 CST
             total       used       free     shared    buffers     cached
Mem:         15945      13223       2722          0         72       8608
-/+ buffers/cache:       4542      11403
Swap:         8039          0       8039

2019年 07月 24日 星期三 23:36:22 CST
             total       used       free     shared    buffers     cached
Mem:         15945      12761       3184          0         72       8442
-/+ buffers/cache:       4246      11698
Swap:         8039          0       8039

2019年 07月 24日 星期三 23:36:26 CST
             total       used       free     shared    buffers     cached
Mem:         15945      13248       2696          0         72       8444
-/+ buffers/cache:       4731      11213
Swap:         8039          0       8039

2019年 07月 24日 星期三 23:36:30 CST
             total       used       free     shared    buffers     cached
Mem:         15945      12416       3529          0         72       8423
-/+ buffers/cache:       3920      12025
Swap:         8039          0       8039

2019年 07月 24日 星期三 23:36:34 CST
             total       used       free     shared    buffers     cached
Mem:         15945      12746       3198          0         72       8405
-/+ buffers/cache:       4268      11676
Swap:         8039          0       8039

2019年 07月 24日 星期三 23:36:38 CST
             total       used       free     shared    buffers     cached
Mem:         15945      12941       3003          0         72       8405
-/+ buffers/cache:       4463      11481
Swap:         8039          0       8039

2019年 07月 24日 星期三 23:36:42 CST
             total       used       free     shared    buffers     cached
Mem:         15945      13212       2733          0         72       8406
-/+ buffers/cache:       4733      11212
Swap:         8039          0       8039

2019年 07月 24日 星期三 23:36:46 CST
             total       used       free     shared    buffers     cached
Mem:         15945      13752       2193          0         72       8410
-/+ buffers/cache:       5269      10676
Swap:         8039          0       8039

2019年 07月 24日 星期三 23:36:50 CST
             total       used       free     shared    buffers     cached
Mem:         15945      12211       3734          0         72       8369
-/+ buffers/cache:       3769      12176
Swap:         8039          0       8039

2019年 07月 24日 星期三 23:36:54 CST
             total       used       free     shared    buffers     cached
Mem:         15945      10966       4978          0         72       8367
-/+ buffers/cache:       2526      13418
Swap:         8039          0       8039

2019年 07月 24日 星期三 23:36:58 CST
             total       used       free     shared    buffers     cached
Mem:         15945      10956       4989          0         72       8331
-/+ buffers/cache:       2552      13393
Swap:         8039          0       8039

2019年 07月 24日 星期三 23:37:02 CST
             total       used       free     shared    buffers     cached
Mem:         15945      10965       4979          0         72       8331
-/+ buffers/cache:       2561      13384
Swap:         8039          0       8039

2019年 07月 24日 星期三 23:37:06 CST
             total       used       free     shared    buffers     cached
Mem:         15945      10967       4977          0         72       8332
-/+ buffers/cache:       2562      13383
Swap:         8039          0       8039

2019年 07月 24日 星期三 23:37:10 CST
             total       used       free     shared    buffers     cached
Mem:         15945      10993       4951          0         72       8313
-/+ buffers/cache:       2607      13337
Swap:         8039          0       8039

2019年 07月 24日 星期三 23:37:14 CST
             total       used       free     shared    buffers     cached
Mem:         15945      10994       4951          0         72       8313
-/+ buffers/cache:       2607      13337
Swap:         8039          0       8039

2019年 07月 24日 星期三 23:37:18 CST
             total       used       free     shared    buffers     cached
Mem:         15945      10994       4951          0         72       8313
-/+ buffers/cache:       2607      13337
Swap:         8039          0       8039

2019年 07月 24日 星期三 23:37:22 CST
             total       used       free     shared    buffers     cached
Mem:         15945      10346       5599          0         72       8312
-/+ buffers/cache:       1960      13985
Swap:         8039          0       8039

