
2019年 07月 24日 星期三 23:26:42 CST
             total       used       free     shared    buffers     cached
Mem:         15945       8994       6950          0         53       6986
-/+ buffers/cache:       1953      13991
Swap:         8039          0       8039

2019年 07月 24日 星期三 23:26:46 CST
             total       used       free     shared    buffers     cached
Mem:         15945       8994       6950          0         53       6986
-/+ buffers/cache:       1954      13991
Swap:         8039          0       8039

2019年 07月 24日 星期三 23:26:50 CST
             total       used       free     shared    buffers     cached
Mem:         15945       8994       6950          0         53       6986
-/+ buffers/cache:       1954      13991
Swap:         8039          0       8039

2019年 07月 24日 星期三 23:26:54 CST
             total       used       free     shared    buffers     cached
Mem:         15945       8994       6950          0         53       6986
-/+ buffers/cache:       1954      13991
Swap:         8039          0       8039

2019年 07月 24日 星期三 23:26:58 CST
             total       used       free     shared    buffers     cached
Mem:         15945       8996       6948          0         53       6988
-/+ buffers/cache:       1954      13991
Swap:         8039          0       8039

2019年 07月 24日 星期三 23:27:02 CST
             total       used       free     shared    buffers     cached
Mem:         15945       9165       6780          0         53       7156
-/+ buffers/cache:       1955      13990
Swap:         8039          0       8039

2019年 07月 24日 星期三 23:27:06 CST
             total       used       free     shared    buffers     cached
Mem:         15945       9379       6566          0         53       7367
-/+ buffers/cache:       1957      13988
Swap:         8039          0       8039

2019年 07月 24日 星期三 23:27:10 CST
             total       used       free     shared    buffers     cached
Mem:         15945       9605       6339          0         53       7596
-/+ buffers/cache:       1955      13989
Swap:         8039          0       8039

2019年 07月 24日 星期三 23:27:14 CST
             total       used       free     shared    buffers     cached
Mem:         15945       9878       6066          0         53       7864
-/+ buffers/cache:       1960      13985
Swap:         8039          0       8039

2019年 07月 24日 星期三 23:27:18 CST
             total       used       free     shared    buffers     cached
Mem:         15945      10086       5858          0         53       8075
-/+ buffers/cache:       1957      13988
Swap:         8039          0       8039

2019年 07月 24日 星期三 23:27:22 CST
             total       used       free     shared    buffers     cached
Mem:         15945      10372       5572          0         53       8361
-/+ buffers/cache:       1957      13988
Swap:         8039          0       8039

2019年 07月 24日 星期三 23:27:26 CST
             total       used       free     shared    buffers     cached
Mem:         15945      10875       5069          0         53       8748
-/+ buffers/cache:       2073      13872
Swap:         8039          0       8039

2019年 07月 24日 星期三 23:27:30 CST
             total       used       free     shared    buffers     cached
Mem:         15945      11506       4439          0         53       9010
-/+ buffers/cache:       2441      13503
Swap:         8039          0       8039

2019年 07月 24日 星期三 23:27:34 CST
             total       used       free     shared    buffers     cached
Mem:         15945      11640       4305          0         53       8526
-/+ buffers/cache:       3059      12886
Swap:         8039          0       8039

2019年 07月 24日 星期三 23:27:38 CST
             total       used       free     shared    buffers     cached
Mem:         15945      12555       3390          0         53       8549
-/+ buffers/cache:       3952      11993
Swap:         8039          0       8039

2019年 07月 24日 星期三 23:27:42 CST
             total       used       free     shared    buffers     cached
Mem:         15945      13109       2836          0         53       8549
-/+ buffers/cache:       4505      11439
Swap:         8039          0       8039

2019年 07月 24日 星期三 23:27:46 CST
             total       used       free     shared    buffers     cached
Mem:         15945      14058       1886          0         53       8550
-/+ buffers/cache:       5454      10491
Swap:         8039          0       8039

2019年 07月 24日 星期三 23:27:51 CST
             total       used       free     shared    buffers     cached
Mem:         15945      13299       2646          0         53       8549
-/+ buffers/cache:       4695      11249
Swap:         8039          0       8039

2019年 07月 24日 星期三 23:27:55 CST
             total       used       free     shared    buffers     cached
Mem:         15945      13453       2492          0         53       8550
-/+ buffers/cache:       4848      11096
Swap:         8039          0       8039

2019年 07月 24日 星期三 23:27:59 CST
             total       used       free     shared    buffers     cached
Mem:         15945      13687       2258          0         53       8550
-/+ buffers/cache:       5082      10863
Swap:         8039          0       8039

2019年 07月 24日 星期三 23:28:03 CST
             total       used       free     shared    buffers     cached
Mem:         15945      14142       1802          0         53       8552
-/+ buffers/cache:       5536      10408
Swap:         8039          0       8039

2019年 07月 24日 星期三 23:28:07 CST
             total       used       free     shared    buffers     cached
Mem:         15945      13736       2208          0         53       8555
-/+ buffers/cache:       5127      10817
Swap:         8039          0       8039

2019年 07月 24日 星期三 23:28:11 CST
             total       used       free     shared    buffers     cached
Mem:         15945      14313       1631          0         53       8739
-/+ buffers/cache:       5520      10425
Swap:         8039          0       8039

2019年 07月 24日 星期三 23:28:15 CST
             total       used       free     shared    buffers     cached
Mem:         15945      14783       1162          0         53       8703
-/+ buffers/cache:       6025       9920
Swap:         8039          0       8039

2019年 07月 24日 星期三 23:28:19 CST
             total       used       free     shared    buffers     cached
Mem:         15945      14477       1467          0         53       8703
-/+ buffers/cache:       5720      10224
Swap:         8039          0       8039

2019年 07月 24日 星期三 23:28:23 CST
             total       used       free     shared    buffers     cached
Mem:         15945      14172       1772          0         53       8672
-/+ buffers/cache:       5446      10499
Swap:         8039          0       8039

2019年 07月 24日 星期三 23:28:27 CST
             total       used       free     shared    buffers     cached
Mem:         15945      13764       2181          0         53       8490
-/+ buffers/cache:       5220      10725
Swap:         8039          0       8039

2019年 07月 24日 星期三 23:28:31 CST
             total       used       free     shared    buffers     cached
Mem:         15945      14183       1761          0         53       8500
-/+ buffers/cache:       5629      10316
Swap:         8039          0       8039

2019年 07月 24日 星期三 23:28:35 CST
             total       used       free     shared    buffers     cached
Mem:         15945      14536       1408          0         53       8618
-/+ buffers/cache:       5864      10081
Swap:         8039          0       8039

2019年 07月 24日 星期三 23:28:39 CST
             total       used       free     shared    buffers     cached
Mem:         15945      14899       1046          0         54       8888
-/+ buffers/cache:       5956       9988
Swap:         8039          0       8039

2019年 07月 24日 星期三 23:28:43 CST
             total       used       free     shared    buffers     cached
Mem:         15945      15292        652          0         54       9211
-/+ buffers/cache:       6027       9918
Swap:         8039          0       8039

2019年 07月 24日 星期三 23:28:47 CST
             total       used       free     shared    buffers     cached
Mem:         15945      15795        149          0         54       9650
-/+ buffers/cache:       6090       9854
Swap:         8039          0       8039

2019年 07月 24日 星期三 23:28:51 CST
             total       used       free     shared    buffers     cached
Mem:         15945      15731        214          0         53       9423
-/+ buffers/cache:       6253       9691
Swap:         8039          0       8039

2019年 07月 24日 星期三 23:28:55 CST
             total       used       free     shared    buffers     cached
Mem:         15945      13800       2144          0         53       9956
-/+ buffers/cache:       3790      12155
Swap:         8039          0       8039

2019年 07月 24日 星期三 23:28:59 CST
             total       used       free     shared    buffers     cached
Mem:         15945      14297       1647          0         53       9992
-/+ buffers/cache:       4251      11694
Swap:         8039          0       8039

2019年 07月 24日 星期三 23:29:03 CST
             total       used       free     shared    buffers     cached
Mem:         15945      15271        674          0         53       9995
-/+ buffers/cache:       5221      10723
Swap:         8039          0       8039

2019年 07月 24日 星期三 23:29:07 CST
             total       used       free     shared    buffers     cached
Mem:         15945      14799       1146          0         54      10000
-/+ buffers/cache:       4745      11200
Swap:         8039          0       8039

2019年 07月 24日 星期三 23:29:11 CST
             total       used       free     shared    buffers     cached
Mem:         15945      14846       1099          0         54      10033
-/+ buffers/cache:       4759      11186
Swap:         8039          0       8039

2019年 07月 24日 星期三 23:29:15 CST
             total       used       free     shared    buffers     cached
Mem:         15945      12553       3392          0         54       9870
-/+ buffers/cache:       2629      13316
Swap:         8039          0       8039

2019年 07月 24日 星期三 23:29:19 CST
             total       used       free     shared    buffers     cached
Mem:         15945      13577       2368          0         54      10419
-/+ buffers/cache:       3103      12842
Swap:         8039          0       8039

2019年 07月 24日 星期三 23:29:23 CST
             total       used       free     shared    buffers     cached
Mem:         15945      14281       1664          0         54      10609
-/+ buffers/cache:       3618      12327
Swap:         8039          0       8039

2019年 07月 24日 星期三 23:29:27 CST
             total       used       free     shared    buffers     cached
Mem:         15945      14722       1223          0         54      10609
-/+ buffers/cache:       4059      11886
Swap:         8039          0       8039

2019年 07月 24日 星期三 23:29:31 CST
             total       used       free     shared    buffers     cached
Mem:         15945      15163        782          0         54      10609
-/+ buffers/cache:       4499      11445
Swap:         8039          0       8039

2019年 07月 24日 星期三 23:29:35 CST
             total       used       free     shared    buffers     cached
Mem:         15945      15741        204          0         54      10613
-/+ buffers/cache:       5073      10872
Swap:         8039          0       8039

2019年 07月 24日 星期三 23:29:39 CST
             total       used       free     shared    buffers     cached
Mem:         15945      15789        155          0         54      10405
-/+ buffers/cache:       5329      10615
Swap:         8039          0       8039

2019年 07月 24日 星期三 23:29:43 CST
             total       used       free     shared    buffers     cached
Mem:         15945      15762        183          0         54      10328
-/+ buffers/cache:       5379      10565
Swap:         8039          0       8039

2019年 07月 24日 星期三 23:29:47 CST
             total       used       free     shared    buffers     cached
Mem:         15945      14999        946          0         54      10142
-/+ buffers/cache:       4802      11142
Swap:         8039          0       8039

2019年 07月 24日 星期三 23:29:51 CST
             total       used       free     shared    buffers     cached
Mem:         15945      15167        778          0         54      10146
-/+ buffers/cache:       4966      10979
Swap:         8039          0       8039

2019年 07月 24日 星期三 23:29:55 CST
             total       used       free     shared    buffers     cached
Mem:         15945      15654        290          0         54      10147
-/+ buffers/cache:       5453      10492
Swap:         8039          0       8039

2019年 07月 24日 星期三 23:29:59 CST
             total       used       free     shared    buffers     cached
Mem:         15945      15788        157          0         54      10005
-/+ buffers/cache:       5727      10217
Swap:         8039          0       8039

2019年 07月 24日 星期三 23:30:04 CST
             total       used       free     shared    buffers     cached
Mem:         15945      15770        175          0         54       9743
-/+ buffers/cache:       5972       9972
Swap:         8039          0       8039

2019年 07月 24日 星期三 23:30:08 CST
             total       used       free     shared    buffers     cached
Mem:         15945      15767        177          0         53       9591
-/+ buffers/cache:       6122       9822
Swap:         8039          0       8039

2019年 07月 24日 星期三 23:30:12 CST
             total       used       free     shared    buffers     cached
Mem:         15945      15770        174          0         53       9539
-/+ buffers/cache:       6176       9768
Swap:         8039          0       8039

2019年 07月 24日 星期三 23:30:16 CST
             total       used       free     shared    buffers     cached
Mem:         15945      15143        801          0         53       9512
-/+ buffers/cache:       5577      10368
Swap:         8039          0       8039

2019年 07月 24日 星期三 23:30:20 CST
             total       used       free     shared    buffers     cached
Mem:         15945      15522        423          0         53       9757
-/+ buffers/cache:       5710      10234
Swap:         8039          0       8039

2019年 07月 24日 星期三 23:30:24 CST
             total       used       free     shared    buffers     cached
Mem:         15945      15113        832          0         53       9812
-/+ buffers/cache:       5247      10698
Swap:         8039          0       8039

2019年 07月 24日 星期三 23:30:28 CST
             total       used       free     shared    buffers     cached
Mem:         15945      15587        358          0         53       9865
-/+ buffers/cache:       5667      10278
Swap:         8039          0       8039

2019年 07月 24日 星期三 23:30:32 CST
             total       used       free     shared    buffers     cached
Mem:         15945      15783        162          0         53       9663
-/+ buffers/cache:       6065       9880
Swap:         8039          0       8039

2019年 07月 24日 星期三 23:30:36 CST
             total       used       free     shared    buffers     cached
Mem:         15945      14764       1181          0         53       9406
-/+ buffers/cache:       5304      10641
Swap:         8039          0       8039

2019年 07月 24日 星期三 23:30:40 CST
             total       used       free     shared    buffers     cached
Mem:         15945      15100        845          0         53       9274
-/+ buffers/cache:       5772      10173
Swap:         8039          0       8039

2019年 07月 24日 星期三 23:30:44 CST
             total       used       free     shared    buffers     cached
Mem:         15945      14599       1346          0         53       9382
-/+ buffers/cache:       5162      10782
Swap:         8039          0       8039

2019年 07月 24日 星期三 23:30:48 CST
             total       used       free     shared    buffers     cached
Mem:         15945      14280       1665          0         53       9763
-/+ buffers/cache:       4463      11482
Swap:         8039          0       8039

2019年 07月 24日 星期三 23:30:52 CST
             total       used       free     shared    buffers     cached
Mem:         15945      14819       1126          0         53       9745
-/+ buffers/cache:       5020      10925
Swap:         8039          0       8039

2019年 07月 24日 星期三 23:30:56 CST
             total       used       free     shared    buffers     cached
Mem:         15945      15317        627          0         53       9783
-/+ buffers/cache:       5481      10464
Swap:         8039          0       8039

2019年 07月 24日 星期三 23:31:00 CST
             total       used       free     shared    buffers     cached
Mem:         15945      14840       1104          0         53       9668
-/+ buffers/cache:       5118      10826
Swap:         8039          0       8039

2019年 07月 24日 星期三 23:31:04 CST
             total       used       free     shared    buffers     cached
Mem:         15945      15220        725          0         53       9717
-/+ buffers/cache:       5448      10497
Swap:         8039          0       8039

2019年 07月 24日 星期三 23:31:08 CST
             total       used       free     shared    buffers     cached
Mem:         15945      15788        156          0         53       9643
-/+ buffers/cache:       6090       9854
Swap:         8039          0       8039

2019年 07月 24日 星期三 23:31:12 CST
             total       used       free     shared    buffers     cached
Mem:         15945      15772        173          0         53       9554
-/+ buffers/cache:       6163       9782
Swap:         8039          0       8039

2019年 07月 24日 星期三 23:31:16 CST
             total       used       free     shared    buffers     cached
Mem:         15945      14379       1566          0         53       9518
-/+ buffers/cache:       4807      11138
Swap:         8039          0       8039

2019年 07月 24日 星期三 23:31:20 CST
             total       used       free     shared    buffers     cached
Mem:         15945      14995        950          0         53       9757
-/+ buffers/cache:       5183      10761
Swap:         8039          0       8039

2019年 07月 24日 星期三 23:31:24 CST
             total       used       free     shared    buffers     cached
Mem:         15945      14480       1464          0         53       9446
-/+ buffers/cache:       4980      10964
Swap:         8039          0       8039

2019年 07月 24日 星期三 23:31:28 CST
             total       used       free     shared    buffers     cached
Mem:         15945      14864       1081          0         53       9613
-/+ buffers/cache:       5196      10748
Swap:         8039          0       8039

2019年 07月 24日 星期三 23:31:32 CST
             total       used       free     shared    buffers     cached
Mem:         15945      14283       1661          0         53       9617
-/+ buffers/cache:       4612      11332
Swap:         8039          0       8039

2019年 07月 24日 星期三 23:31:36 CST
             total       used       free     shared    buffers     cached
Mem:         15945      14735       1210          0         53       9500
-/+ buffers/cache:       5180      10765
Swap:         8039          0       8039

2019年 07月 24日 星期三 23:31:40 CST
             total       used       free     shared    buffers     cached
Mem:         15945      13279       2665          0         53       9548
-/+ buffers/cache:       3677      12267
Swap:         8039          0       8039

2019年 07月 24日 星期三 23:31:44 CST
             total       used       free     shared    buffers     cached
Mem:         15945      13858       2086          0         53       9964
-/+ buffers/cache:       3840      12105
Swap:         8039          0       8039

2019年 07月 24日 星期三 23:31:48 CST
             total       used       free     shared    buffers     cached
Mem:         15945      14314       1631          0         53      10228
-/+ buffers/cache:       4031      11913
Swap:         8039          0       8039

2019年 07月 24日 星期三 23:31:52 CST
             total       used       free     shared    buffers     cached
Mem:         15945      14980        965          0         53      10665
-/+ buffers/cache:       4261      11684
Swap:         8039          0       8039

2019年 07月 24日 星期三 23:31:56 CST
             total       used       free     shared    buffers     cached
Mem:         15945      15463        482          0         53      10924
-/+ buffers/cache:       4484      11460
Swap:         8039          0       8039

2019年 07月 24日 星期三 23:32:00 CST
             total       used       free     shared    buffers     cached
Mem:         15945      15777        167          0         53      11007
-/+ buffers/cache:       4716      11229
Swap:         8039          0       8039

2019年 07月 24日 星期三 23:32:04 CST
             total       used       free     shared    buffers     cached
Mem:         15945      15771        173          0         53      10725
-/+ buffers/cache:       4991      10953
Swap:         8039          0       8039

2019年 07月 24日 星期三 23:32:09 CST
             total       used       free     shared    buffers     cached
Mem:         15945      15775        169          0         53      10325
-/+ buffers/cache:       5396      10549
Swap:         8039          0       8039

2019年 07月 24日 星期三 23:32:13 CST
             total       used       free     shared    buffers     cached
Mem:         15945      15763        182          0         53       9854
-/+ buffers/cache:       5854      10090
Swap:         8039          0       8039

2019年 07月 24日 星期三 23:32:17 CST
             total       used       free     shared    buffers     cached
Mem:         15945      14278       1666          0         53       9808
-/+ buffers/cache:       4416      11528
Swap:         8039          0       8039

2019年 07月 24日 星期三 23:32:21 CST
             total       used       free     shared    buffers     cached
Mem:         15945      14223       1721          0         53       9624
-/+ buffers/cache:       4545      11400
Swap:         8039          0       8039

2019年 07月 24日 星期三 23:32:25 CST
             total       used       free     shared    buffers     cached
Mem:         15945      14819       1126          0         53       9646
-/+ buffers/cache:       5118      10827
Swap:         8039          0       8039

2019年 07月 24日 星期三 23:32:29 CST
             total       used       free     shared    buffers     cached
Mem:         15945      14605       1340          0         53       9660
-/+ buffers/cache:       4891      11053
Swap:         8039          0       8039

2019年 07月 24日 星期三 23:32:33 CST
             total       used       free     shared    buffers     cached
Mem:         15945      15412        532          0         53       9681
-/+ buffers/cache:       5677      10268
Swap:         8039          0       8039

2019年 07月 24日 星期三 23:32:37 CST
             total       used       free     shared    buffers     cached
Mem:         15945      15724        221          0         53       9522
-/+ buffers/cache:       6147       9797
Swap:         8039          0       8039

2019年 07月 24日 星期三 23:32:41 CST
             total       used       free     shared    buffers     cached
Mem:         15945      15544        401          0         53       9456
-/+ buffers/cache:       6034       9911
Swap:         8039          0       8039

2019年 07月 24日 星期三 23:32:45 CST
             total       used       free     shared    buffers     cached
Mem:         15945      15768        177          0         53       9592
-/+ buffers/cache:       6122       9822
Swap:         8039          0       8039

2019年 07月 24日 星期三 23:32:49 CST
             total       used       free     shared    buffers     cached
Mem:         15945      15779        166          0         53       9340
-/+ buffers/cache:       6385       9559
Swap:         8039          0       8039

2019年 07月 24日 星期三 23:32:53 CST
             total       used       free     shared    buffers     cached
Mem:         15945      15367        577          0         53       8601
-/+ buffers/cache:       6712       9232
Swap:         8039          0       8039

2019年 07月 24日 星期三 23:32:57 CST
             total       used       free     shared    buffers     cached
Mem:         15945      15245        699          0         53       8667
-/+ buffers/cache:       6524       9421
Swap:         8039          0       8039

2019年 07月 24日 星期三 23:33:01 CST
             total       used       free     shared    buffers     cached
Mem:         15945      15375        570          0         53       8731
-/+ buffers/cache:       6589       9355
Swap:         8039          0       8039

2019年 07月 24日 星期三 23:33:05 CST
             total       used       free     shared    buffers     cached
Mem:         15945      15602        343          0         53       8737
-/+ buffers/cache:       6811       9134
Swap:         8039          0       8039

2019年 07月 24日 星期三 23:33:09 CST
             total       used       free     shared    buffers     cached
Mem:         15945      15718        226          0         53       8802
-/+ buffers/cache:       6862       9083
Swap:         8039          0       8039

2019年 07月 24日 星期三 23:33:13 CST
             total       used       free     shared    buffers     cached
Mem:         15945      13128       2817          0         53       9055
-/+ buffers/cache:       4019      11926
Swap:         8039          0       8039

2019年 07月 24日 星期三 23:33:17 CST
             total       used       free     shared    buffers     cached
Mem:         15945      13607       2337          0         53       9105
-/+ buffers/cache:       4448      11497
Swap:         8039          0       8039

2019年 07月 24日 星期三 23:33:21 CST
             total       used       free     shared    buffers     cached
Mem:         15945      14175       1769          0         53       8992
-/+ buffers/cache:       5129      10815
Swap:         8039          0       8039

2019年 07月 24日 星期三 23:33:25 CST
             total       used       free     shared    buffers     cached
Mem:         15945      12893       3052          0         53       9042
-/+ buffers/cache:       3797      12148
Swap:         8039          0       8039

2019年 07月 24日 星期三 23:33:29 CST
             total       used       free     shared    buffers     cached
Mem:         15945      13535       2409          0         53       9045
-/+ buffers/cache:       4436      11508
Swap:         8039          0       8039

2019年 07月 24日 星期三 23:33:33 CST
             total       used       free     shared    buffers     cached
Mem:         15945      11947       3998          0         53       9122
-/+ buffers/cache:       2771      13173
Swap:         8039          0       8039

2019年 07月 24日 星期三 23:33:37 CST
             total       used       free     shared    buffers     cached
Mem:         15945      12921       3024          0         53       9787
-/+ buffers/cache:       3080      12864
Swap:         8039          0       8039

2019年 07月 24日 星期三 23:33:41 CST
             total       used       free     shared    buffers     cached
Mem:         15945      12683       3261          0         53       9781
-/+ buffers/cache:       2848      13096
Swap:         8039          0       8039

2019年 07月 24日 星期三 23:33:45 CST
             total       used       free     shared    buffers     cached
Mem:         15945      13087       2858          0         53       9712
-/+ buffers/cache:       3321      12623
Swap:         8039          0       8039

2019年 07月 24日 星期三 23:33:49 CST
             total       used       free     shared    buffers     cached
Mem:         15945      13616       2328          0         53       9712
-/+ buffers/cache:       3851      12094
Swap:         8039          0       8039

2019年 07月 24日 星期三 23:33:53 CST
             total       used       free     shared    buffers     cached
Mem:         15945      13968       1977          0         53       9712
-/+ buffers/cache:       4201      11743
Swap:         8039          0       8039

2019年 07月 24日 星期三 23:33:57 CST
             total       used       free     shared    buffers     cached
Mem:         15945      14205       1740          0         53       9728
-/+ buffers/cache:       4423      11522
Swap:         8039          0       8039

2019年 07月 24日 星期三 23:34:01 CST
             total       used       free     shared    buffers     cached
Mem:         15945      14624       1320          0         53       9758
-/+ buffers/cache:       4813      11132
Swap:         8039          0       8039

2019年 07月 24日 星期三 23:34:05 CST
             total       used       free     shared    buffers     cached
Mem:         15945      14479       1466          0         53       9573
-/+ buffers/cache:       4852      11093
Swap:         8039          0       8039

2019年 07月 24日 星期三 23:34:09 CST
             total       used       free     shared    buffers     cached
Mem:         15945      14372       1572          0         53       9388
-/+ buffers/cache:       4930      11014
Swap:         8039          0       8039

2019年 07月 24日 星期三 23:34:13 CST
             total       used       free     shared    buffers     cached
Mem:         15945      14677       1268          0         53       9389
-/+ buffers/cache:       5234      10711
Swap:         8039          0       8039

2019年 07月 24日 星期三 23:34:17 CST
             total       used       free     shared    buffers     cached
Mem:         15945      15277        668          0         53       9392
-/+ buffers/cache:       5831      10113
Swap:         8039          0       8039

2019年 07月 24日 星期三 23:34:21 CST
             total       used       free     shared    buffers     cached
Mem:         15945      15438        507          0         53       9393
-/+ buffers/cache:       5991       9953
Swap:         8039          0       8039

2019年 07月 24日 星期三 23:34:25 CST
             total       used       free     shared    buffers     cached
Mem:         15945      15591        354          0         53       9394
-/+ buffers/cache:       6142       9802
Swap:         8039          0       8039

2019年 07月 24日 星期三 23:34:29 CST
             total       used       free     shared    buffers     cached
Mem:         15945      15626        318          0         53       9398
-/+ buffers/cache:       6174       9771
Swap:         8039          0       8039

2019年 07月 24日 星期三 23:34:33 CST
             total       used       free     shared    buffers     cached
Mem:         15945      15245        700          0         53       9399
-/+ buffers/cache:       5792      10152
Swap:         8039          0       8039

2019年 07月 24日 星期三 23:34:37 CST
             total       used       free     shared    buffers     cached
Mem:         15945      15343        602          0         53       9403
-/+ buffers/cache:       5886      10058
Swap:         8039          0       8039

2019年 07月 24日 星期三 23:34:41 CST
             total       used       free     shared    buffers     cached
Mem:         15945      15509        435          0         53       9218
-/+ buffers/cache:       6238       9707
Swap:         8039          0       8039

2019年 07月 24日 星期三 23:34:45 CST
             total       used       free     shared    buffers     cached
Mem:         15945      14657       1288          0         53       9135
-/+ buffers/cache:       5468      10476
Swap:         8039          0       8039

2019年 07月 24日 星期三 23:34:49 CST
             total       used       free     shared    buffers     cached
Mem:         15945      15083        862          0         53       9117
-/+ buffers/cache:       5911      10033
Swap:         8039          0       8039

2019年 07月 24日 星期三 23:34:54 CST
             total       used       free     shared    buffers     cached
Mem:         15945      15783        161          0         53       9093
-/+ buffers/cache:       6636       9309
Swap:         8039          0       8039

2019年 07月 24日 星期三 23:34:58 CST
             total       used       free     shared    buffers     cached
Mem:         15945      14265       1679          0         53       8868
-/+ buffers/cache:       5343      10601
Swap:         8039          0       8039

2019年 07月 24日 星期三 23:35:02 CST
             total       used       free     shared    buffers     cached
Mem:         15945      12920       3025          0         53       8863
-/+ buffers/cache:       4003      11941
Swap:         8039          0       8039

2019年 07月 24日 星期三 23:35:06 CST
             total       used       free     shared    buffers     cached
Mem:         15945      13450       2494          0         53       8901
-/+ buffers/cache:       4495      11450
Swap:         8039          0       8039

2019年 07月 24日 星期三 23:35:10 CST
             total       used       free     shared    buffers     cached
Mem:         15945      13611       2334          0         53       8617
-/+ buffers/cache:       4940      11005
Swap:         8039          0       8039

2019年 07月 24日 星期三 23:35:14 CST
             total       used       free     shared    buffers     cached
Mem:         15945      13306       2639          0         53       8640
-/+ buffers/cache:       4612      11333
Swap:         8039          0       8039

2019年 07月 24日 星期三 23:35:18 CST
             total       used       free     shared    buffers     cached
Mem:         15945      13318       2626          0         53       8456
-/+ buffers/cache:       4809      11136
Swap:         8039          0       8039

2019年 07月 24日 星期三 23:35:22 CST
             total       used       free     shared    buffers     cached
Mem:         15945      13540       2404          0         53       8456
-/+ buffers/cache:       5030      10915
Swap:         8039          0       8039

2019年 07月 24日 星期三 23:35:26 CST
             total       used       free     shared    buffers     cached
Mem:         15945      13794       2150          0         53       8458
-/+ buffers/cache:       5282      10663
Swap:         8039          0       8039

2019年 07月 24日 星期三 23:35:30 CST
             total       used       free     shared    buffers     cached
Mem:         15945      13854       2090          0         53       8462
-/+ buffers/cache:       5339      10606
Swap:         8039          0       8039

2019年 07月 24日 星期三 23:35:34 CST
             total       used       free     shared    buffers     cached
Mem:         15945      12402       3543          0         53       8459
-/+ buffers/cache:       3889      12056
Swap:         8039          0       8039

2019年 07月 24日 星期三 23:35:38 CST
             total       used       free     shared    buffers     cached
Mem:         15945      13161       2784          0         53       8718
-/+ buffers/cache:       4388      11556
Swap:         8039          0       8039

2019年 07月 24日 星期三 23:35:42 CST
             total       used       free     shared    buffers     cached
Mem:         15945      13456       2489          0         53       8680
-/+ buffers/cache:       4722      11223
Swap:         8039          0       8039

2019年 07月 24日 星期三 23:35:46 CST
             total       used       free     shared    buffers     cached
Mem:         15945      14007       1937          0         53       8662
-/+ buffers/cache:       5291      10654
Swap:         8039          0       8039

2019年 07月 24日 星期三 23:35:50 CST
             total       used       free     shared    buffers     cached
Mem:         15945      14098       1846          0         53       8702
-/+ buffers/cache:       5342      10603
Swap:         8039          0       8039

2019年 07月 24日 星期三 23:35:54 CST
             total       used       free     shared    buffers     cached
Mem:         15945      14554       1390          0         53       8666
-/+ buffers/cache:       5834      10111
Swap:         8039          0       8039

2019年 07月 24日 星期三 23:35:58 CST
             total       used       free     shared    buffers     cached
Mem:         15945      14214       1731          0         53       8667
-/+ buffers/cache:       5493      10452
Swap:         8039          0       8039

2019年 07月 24日 星期三 23:36:02 CST
             total       used       free     shared    buffers     cached
Mem:         15945      14279       1666          0         53       8501
-/+ buffers/cache:       5724      10221
Swap:         8039          0       8039

2019年 07月 24日 星期三 23:36:06 CST
             total       used       free     shared    buffers     cached
Mem:         15945      13950       1995          0         53       8501
-/+ buffers/cache:       5394      10550
Swap:         8039          0       8039

2019年 07月 24日 星期三 23:36:10 CST
             total       used       free     shared    buffers     cached
Mem:         15945      13337       2608          0         53       8482
-/+ buffers/cache:       4801      11144
Swap:         8039          0       8039

2019年 07月 24日 星期三 23:36:14 CST
             total       used       free     shared    buffers     cached
Mem:         15945      13559       2386          0         53       8483
-/+ buffers/cache:       5022      10923
Swap:         8039          0       8039

2019年 07月 24日 星期三 23:36:18 CST
             total       used       free     shared    buffers     cached
Mem:         15945      13923       2022          0         53       8485
-/+ buffers/cache:       5384      10561
Swap:         8039          0       8039

2019年 07月 24日 星期三 23:36:22 CST
             total       used       free     shared    buffers     cached
Mem:         15945      12723       3221          0         53       8279
-/+ buffers/cache:       4390      11555
Swap:         8039          0       8039

2019年 07月 24日 星期三 23:36:26 CST
             total       used       free     shared    buffers     cached
Mem:         15945      13178       2767          0         53       8261
-/+ buffers/cache:       4862      11082
Swap:         8039          0       8039

2019年 07月 24日 星期三 23:36:30 CST
             total       used       free     shared    buffers     cached
Mem:         15945      12491       3454          0         53       8262
-/+ buffers/cache:       4175      11770
Swap:         8039          0       8039

2019年 07月 24日 星期三 23:36:34 CST
             total       used       free     shared    buffers     cached
Mem:         15945      12581       3364          0         53       8243
-/+ buffers/cache:       4283      11661
Swap:         8039          0       8039

2019年 07月 24日 星期三 23:36:38 CST
             total       used       free     shared    buffers     cached
Mem:         15945      12887       3057          0         53       8263
-/+ buffers/cache:       4569      11375
Swap:         8039          0       8039

2019年 07月 24日 星期三 23:36:42 CST
             total       used       free     shared    buffers     cached
Mem:         15945      13118       2827          0         53       8264
-/+ buffers/cache:       4800      11145
Swap:         8039          0       8039

2019年 07月 24日 星期三 23:36:46 CST
             total       used       free     shared    buffers     cached
Mem:         15945      13538       2407          0         53       8265
-/+ buffers/cache:       5218      10727
Swap:         8039          0       8039

2019年 07月 24日 星期三 23:36:50 CST
             total       used       free     shared    buffers     cached
Mem:         15945      12066       3879          0         53       8264
-/+ buffers/cache:       3748      12197
Swap:         8039          0       8039

2019年 07月 24日 星期三 23:36:54 CST
             total       used       free     shared    buffers     cached
Mem:         15945      12060       3885          0         53       8207
-/+ buffers/cache:       3799      12146
Swap:         8039          0       8039

2019年 07月 24日 星期三 23:36:58 CST
             total       used       free     shared    buffers     cached
Mem:         15945      12062       3883          0         53       8188
-/+ buffers/cache:       3819      12125
Swap:         8039          0       8039

2019年 07月 24日 星期三 23:37:02 CST
             total       used       free     shared    buffers     cached
Mem:         15945      12076       3869          0         53       8188
-/+ buffers/cache:       3833      12111
Swap:         8039          0       8039

2019年 07月 24日 星期三 23:37:06 CST
             total       used       free     shared    buffers     cached
Mem:         15945      10833       5112          0         53       8167
-/+ buffers/cache:       2611      13333
Swap:         8039          0       8039

2019年 07月 24日 星期三 23:37:10 CST
             total       used       free     shared    buffers     cached
Mem:         15945      10833       5111          0         53       8167
-/+ buffers/cache:       2612      13333
Swap:         8039          0       8039

2019年 07月 24日 星期三 23:37:14 CST
             total       used       free     shared    buffers     cached
Mem:         15945      10828       5116          0         53       8167
-/+ buffers/cache:       2607      13338
Swap:         8039          0       8039

2019年 07月 24日 星期三 23:37:18 CST
             total       used       free     shared    buffers     cached
Mem:         15945      10829       5116          0         53       8168
-/+ buffers/cache:       2607      13337
Swap:         8039          0       8039

2019年 07月 24日 星期三 23:37:22 CST
             total       used       free     shared    buffers     cached
Mem:         15945      10170       5774          0         53       8148
-/+ buffers/cache:       1968      13976
Swap:         8039          0       8039

2019年 07月 24日 星期三 23:37:26 CST
             total       used       free     shared    buffers     cached
Mem:         15945      10170       5774          0         53       8148
-/+ buffers/cache:       1968      13976
Swap:         8039          0       8039

