
Linux 2.6.32-431.el6.x86_64 (slave1) 	2019年07月24日 	_x86_64_	(8 CPU)

22时59分58秒  CPU    %usr   %nice    %sys %iowait    %irq   %soft  %steal  %guest   %idle
22时59分59秒  all    0.00    0.00    0.00    0.00    0.00    0.00    0.00    0.00  100.00
平均时间:  all    0.00    0.00    0.00    0.00    0.00    0.00    0.00    0.00  100.00

Linux 2.6.32-431.el6.x86_64 (slave1) 	2019年07月24日 	_x86_64_	(8 CPU)

23时00分02秒  CPU    %usr   %nice    %sys %iowait    %irq   %soft  %steal  %guest   %idle
23时00分03秒  all    0.00    0.00    0.00    0.00    0.00    0.00    0.00    0.00  100.00
平均时间:  all    0.00    0.00    0.00    0.00    0.00    0.00    0.00    0.00  100.00

Linux 2.6.32-431.el6.x86_64 (slave1) 	2019年07月24日 	_x86_64_	(8 CPU)

23时00分06秒  CPU    %usr   %nice    %sys %iowait    %irq   %soft  %steal  %guest   %idle
23时00分07秒  all    0.13    0.00    0.00    0.00    0.00    0.00    0.00    0.00   99.87
平均时间:  all    0.13    0.00    0.00    0.00    0.00    0.00    0.00    0.00   99.87

Linux 2.6.32-431.el6.x86_64 (slave1) 	2019年07月24日 	_x86_64_	(8 CPU)

23时00分10秒  CPU    %usr   %nice    %sys %iowait    %irq   %soft  %steal  %guest   %idle
23时00分11秒  all    0.00    0.00    0.00    0.00    0.00    0.00    0.00    0.00  100.00
平均时间:  all    0.00    0.00    0.00    0.00    0.00    0.00    0.00    0.00  100.00

Linux 2.6.32-431.el6.x86_64 (slave1) 	2019年07月24日 	_x86_64_	(8 CPU)

23时00分15秒  CPU    %usr   %nice    %sys %iowait    %irq   %soft  %steal  %guest   %idle
23时00分16秒  all    0.13    0.00    0.13    0.00    0.00    0.00    0.00    0.00   99.75
平均时间:  all    0.13    0.00    0.13    0.00    0.00    0.00    0.00    0.00   99.75

Linux 2.6.32-431.el6.x86_64 (slave1) 	2019年07月24日 	_x86_64_	(8 CPU)

23时00分19秒  CPU    %usr   %nice    %sys %iowait    %irq   %soft  %steal  %guest   %idle
23时00分20秒  all    1.69    0.00    3.91    0.00    0.13    2.21    0.00    0.00   92.06
平均时间:  all    1.69    0.00    3.91    0.00    0.13    2.21    0.00    0.00   92.06

Linux 2.6.32-431.el6.x86_64 (slave1) 	2019年07月24日 	_x86_64_	(8 CPU)

23时00分23秒  CPU    %usr   %nice    %sys %iowait    %irq   %soft  %steal  %guest   %idle
23时00分24秒  all    3.25    0.00   10.83    0.00    0.41   17.32    0.00    0.00   68.20
平均时间:  all    3.25    0.00   10.83    0.00    0.41   17.32    0.00    0.00   68.20

Linux 2.6.32-431.el6.x86_64 (slave1) 	2019年07月24日 	_x86_64_	(8 CPU)

23时00分27秒  CPU    %usr   %nice    %sys %iowait    %irq   %soft  %steal  %guest   %idle
23时00分28秒  all   16.15    0.00   18.17    0.00    0.40   20.32    0.00    0.00   44.95
平均时间:  all   16.15    0.00   18.17    0.00    0.40   20.32    0.00    0.00   44.95

Linux 2.6.32-431.el6.x86_64 (slave1) 	2019年07月24日 	_x86_64_	(8 CPU)

23时00分31秒  CPU    %usr   %nice    %sys %iowait    %irq   %soft  %steal  %guest   %idle
23时00分32秒  all   51.73    0.00   20.61    0.00    0.38   18.05    0.00    0.00    9.22
平均时间:  all   51.73    0.00   20.61    0.00    0.38   18.05    0.00    0.00    9.22

Linux 2.6.32-431.el6.x86_64 (slave1) 	2019年07月24日 	_x86_64_	(8 CPU)

23时00分35秒  CPU    %usr   %nice    %sys %iowait    %irq   %soft  %steal  %guest   %idle
23时00分36秒  all   57.45    0.00   17.32    0.00    0.25   17.45    0.00    0.00    7.52
平均时间:  all   57.45    0.00   17.32    0.00    0.25   17.45    0.00    0.00    7.52

Linux 2.6.32-431.el6.x86_64 (slave1) 	2019年07月24日 	_x86_64_	(8 CPU)

23时00分39秒  CPU    %usr   %nice    %sys %iowait    %irq   %soft  %steal  %guest   %idle
23时00分40秒  all   66.54    0.00   17.11    0.00    0.13   15.22    0.00    0.00    1.01
平均时间:  all   66.54    0.00   17.11    0.00    0.13   15.22    0.00    0.00    1.01

Linux 2.6.32-431.el6.x86_64 (slave1) 	2019年07月24日 	_x86_64_	(8 CPU)

23时00分43秒  CPU    %usr   %nice    %sys %iowait    %irq   %soft  %steal  %guest   %idle
23时00分44秒  all   64.43    0.00   18.99    0.00    0.13   15.44    0.00    0.00    1.01
平均时间:  all   64.43    0.00   18.99    0.00    0.13   15.44    0.00    0.00    1.01

Linux 2.6.32-431.el6.x86_64 (slave1) 	2019年07月24日 	_x86_64_	(8 CPU)

23时00分47秒  CPU    %usr   %nice    %sys %iowait    %irq   %soft  %steal  %guest   %idle
23时00分48秒  all   69.84    0.00   17.62    0.00    0.25   11.28    0.00    0.00    1.01
平均时间:  all   69.84    0.00   17.62    0.00    0.25   11.28    0.00    0.00    1.01

Linux 2.6.32-431.el6.x86_64 (slave1) 	2019年07月24日 	_x86_64_	(8 CPU)

23时00分51秒  CPU    %usr   %nice    %sys %iowait    %irq   %soft  %steal  %guest   %idle
23时00分52秒  all   70.28    0.00   23.43    0.00    0.38    5.79    0.00    0.00    0.13
平均时间:  all   70.28    0.00   23.43    0.00    0.38    5.79    0.00    0.00    0.13

Linux 2.6.32-431.el6.x86_64 (slave1) 	2019年07月24日 	_x86_64_	(8 CPU)

23时00分55秒  CPU    %usr   %nice    %sys %iowait    %irq   %soft  %steal  %guest   %idle
23时00分56秒  all   81.72    0.00   14.50    0.00    0.25    1.01    0.00    0.00    2.52
平均时间:  all   81.72    0.00   14.50    0.00    0.25    1.01    0.00    0.00    2.52

Linux 2.6.32-431.el6.x86_64 (slave1) 	2019年07月24日 	_x86_64_	(8 CPU)

23时00分59秒  CPU    %usr   %nice    %sys %iowait    %irq   %soft  %steal  %guest   %idle
23时01分00秒  all   83.46    0.00    8.71    0.00    0.00    0.38    0.00    0.00    7.45
平均时间:  all   83.46    0.00    8.71    0.00    0.00    0.38    0.00    0.00    7.45

Linux 2.6.32-431.el6.x86_64 (slave1) 	2019年07月24日 	_x86_64_	(8 CPU)

23时01分03秒  CPU    %usr   %nice    %sys %iowait    %irq   %soft  %steal  %guest   %idle
23时01分04秒  all   89.91    0.00    8.32    0.00    0.00    0.38    0.00    0.00    1.39
平均时间:  all   89.91    0.00    8.32    0.00    0.00    0.38    0.00    0.00    1.39

Linux 2.6.32-431.el6.x86_64 (slave1) 	2019年07月24日 	_x86_64_	(8 CPU)

23时01分07秒  CPU    %usr   %nice    %sys %iowait    %irq   %soft  %steal  %guest   %idle
23时01分08秒  all   91.86    0.00    7.76    0.00    0.00    0.25    0.00    0.00    0.13
平均时间:  all   91.86    0.00    7.76    0.00    0.00    0.25    0.00    0.00    0.13

Linux 2.6.32-431.el6.x86_64 (slave1) 	2019年07月24日 	_x86_64_	(8 CPU)

23时01分11秒  CPU    %usr   %nice    %sys %iowait    %irq   %soft  %steal  %guest   %idle
23时01分12秒  all   87.58    0.00   11.17    0.00    0.13    0.75    0.00    0.00    0.38
平均时间:  all   87.58    0.00   11.17    0.00    0.13    0.75    0.00    0.00    0.38

Linux 2.6.32-431.el6.x86_64 (slave1) 	2019年07月24日 	_x86_64_	(8 CPU)

23时01分15秒  CPU    %usr   %nice    %sys %iowait    %irq   %soft  %steal  %guest   %idle
23时01分16秒  all   82.79    0.00    9.55    0.00    0.00    0.38    0.00    0.00    7.29
平均时间:  all   82.79    0.00    9.55    0.00    0.00    0.38    0.00    0.00    7.29

Linux 2.6.32-431.el6.x86_64 (slave1) 	2019年07月24日 	_x86_64_	(8 CPU)

23时01分19秒  CPU    %usr   %nice    %sys %iowait    %irq   %soft  %steal  %guest   %idle
23时01分20秒  all   63.39    0.00    8.29    0.00    0.13    0.77    0.00    0.00   27.42
平均时间:  all   63.39    0.00    8.29    0.00    0.13    0.77    0.00    0.00   27.42

Linux 2.6.32-431.el6.x86_64 (slave1) 	2019年07月24日 	_x86_64_	(8 CPU)

23时01分23秒  CPU    %usr   %nice    %sys %iowait    %irq   %soft  %steal  %guest   %idle
23时01分24秒  all   69.94    0.00    7.39    0.00    0.00    0.51    0.00    0.00   22.17
平均时间:  all   69.94    0.00    7.39    0.00    0.00    0.51    0.00    0.00   22.17

Linux 2.6.32-431.el6.x86_64 (slave1) 	2019年07月24日 	_x86_64_	(8 CPU)

23时01分27秒  CPU    %usr   %nice    %sys %iowait    %irq   %soft  %steal  %guest   %idle
23时01分28秒  all   51.22    0.00    8.37    0.00    0.00    0.00    0.00    0.00   40.41
平均时间:  all   51.22    0.00    8.37    0.00    0.00    0.00    0.00    0.00   40.41

Linux 2.6.32-431.el6.x86_64 (slave1) 	2019年07月24日 	_x86_64_	(8 CPU)

23时01分31秒  CPU    %usr   %nice    %sys %iowait    %irq   %soft  %steal  %guest   %idle
23时01分32秒  all   50.00    0.00    6.81    0.00    0.00    0.77    0.00    0.00   42.42
平均时间:  all   50.00    0.00    6.81    0.00    0.00    0.77    0.00    0.00   42.42

Linux 2.6.32-431.el6.x86_64 (slave1) 	2019年07月24日 	_x86_64_	(8 CPU)

23时01分35秒  CPU    %usr   %nice    %sys %iowait    %irq   %soft  %steal  %guest   %idle
23时01分36秒  all   69.54    0.00    6.35    0.00    0.00    0.38    0.00    0.00   23.73
平均时间:  all   69.54    0.00    6.35    0.00    0.00    0.38    0.00    0.00   23.73

Linux 2.6.32-431.el6.x86_64 (slave1) 	2019年07月24日 	_x86_64_	(8 CPU)

23时01分39秒  CPU    %usr   %nice    %sys %iowait    %irq   %soft  %steal  %guest   %idle
23时01分40秒  all   55.58    0.00    9.37    0.00    0.00    0.64    0.00    0.00   34.40
平均时间:  all   55.58    0.00    9.37    0.00    0.00    0.64    0.00    0.00   34.40

Linux 2.6.32-431.el6.x86_64 (slave1) 	2019年07月24日 	_x86_64_	(8 CPU)

23时01分43秒  CPU    %usr   %nice    %sys %iowait    %irq   %soft  %steal  %guest   %idle
23时01分44秒  all   67.98    0.00   11.99    0.00    0.00    0.26    0.00    0.00   19.77
平均时间:  all   67.98    0.00   11.99    0.00    0.00    0.26    0.00    0.00   19.77

Linux 2.6.32-431.el6.x86_64 (slave1) 	2019年07月24日 	_x86_64_	(8 CPU)

23时01分47秒  CPU    %usr   %nice    %sys %iowait    %irq   %soft  %steal  %guest   %idle
23时01分48秒  all   61.03    0.00    8.85    0.00    0.13    0.26    0.00    0.00   29.74
平均时间:  all   61.03    0.00    8.85    0.00    0.13    0.26    0.00    0.00   29.74

Linux 2.6.32-431.el6.x86_64 (slave1) 	2019年07月24日 	_x86_64_	(8 CPU)

23时01分51秒  CPU    %usr   %nice    %sys %iowait    %irq   %soft  %steal  %guest   %idle
23时01分52秒  all   62.63    0.00   16.84    0.00    0.38    7.53    0.00    0.00   12.63
平均时间:  all   62.63    0.00   16.84    0.00    0.38    7.53    0.00    0.00   12.63

Linux 2.6.32-431.el6.x86_64 (slave1) 	2019年07月24日 	_x86_64_	(8 CPU)

23时01分55秒  CPU    %usr   %nice    %sys %iowait    %irq   %soft  %steal  %guest   %idle
23时01分56秒  all   40.53    0.00   16.03    0.00    0.79   16.42    0.00    0.00   26.23
平均时间:  all   40.53    0.00   16.03    0.00    0.79   16.42    0.00    0.00   26.23

Linux 2.6.32-431.el6.x86_64 (slave1) 	2019年07月24日 	_x86_64_	(8 CPU)

23时01分59秒  CPU    %usr   %nice    %sys %iowait    %irq   %soft  %steal  %guest   %idle
23时02分00秒  all   48.05    0.00   22.34    0.00    0.39   15.84    0.00    0.00   13.38
平均时间:  all   48.05    0.00   22.34    0.00    0.39   15.84    0.00    0.00   13.38

Linux 2.6.32-431.el6.x86_64 (slave1) 	2019年07月24日 	_x86_64_	(8 CPU)

23时02分03秒  CPU    %usr   %nice    %sys %iowait    %irq   %soft  %steal  %guest   %idle
23时02分04秒  all   51.90    0.00   27.34    0.00    0.25   18.10    0.00    0.00    2.41
平均时间:  all   51.90    0.00   27.34    0.00    0.25   18.10    0.00    0.00    2.41

Linux 2.6.32-431.el6.x86_64 (slave1) 	2019年07月24日 	_x86_64_	(8 CPU)

23时02分08秒  CPU    %usr   %nice    %sys %iowait    %irq   %soft  %steal  %guest   %idle
23时02分09秒  all   64.96    0.00   22.40    0.00    0.25   12.39    0.00    0.00    0.00
平均时间:  all   64.96    0.00   22.40    0.00    0.25   12.39    0.00    0.00    0.00

Linux 2.6.32-431.el6.x86_64 (slave1) 	2019年07月24日 	_x86_64_	(8 CPU)

23时02分12秒  CPU    %usr   %nice    %sys %iowait    %irq   %soft  %steal  %guest   %idle
23时02分13秒  all   78.97    0.00   14.52    0.00    0.25    6.26    0.00    0.00    0.00
平均时间:  all   78.97    0.00   14.52    0.00    0.25    6.26    0.00    0.00    0.00

Linux 2.6.32-431.el6.x86_64 (slave1) 	2019年07月24日 	_x86_64_	(8 CPU)

23时02分16秒  CPU    %usr   %nice    %sys %iowait    %irq   %soft  %steal  %guest   %idle
23时02分17秒  all   78.82    0.00   14.04    0.00    0.25    6.89    0.00    0.00    0.00
平均时间:  all   78.82    0.00   14.04    0.00    0.25    6.89    0.00    0.00    0.00

Linux 2.6.32-431.el6.x86_64 (slave1) 	2019年07月24日 	_x86_64_	(8 CPU)

23时02分20秒  CPU    %usr   %nice    %sys %iowait    %irq   %soft  %steal  %guest   %idle
23时02分21秒  all   91.38    0.00    8.38    0.00    0.00    0.12    0.00    0.00    0.12
平均时间:  all   91.38    0.00    8.38    0.00    0.00    0.12    0.00    0.00    0.12

Linux 2.6.32-431.el6.x86_64 (slave1) 	2019年07月24日 	_x86_64_	(8 CPU)

23时02分24秒  CPU    %usr   %nice    %sys %iowait    %irq   %soft  %steal  %guest   %idle
23时02分25秒  all   91.60    0.00    7.64    0.00    0.00    0.13    0.00    0.00    0.63
平均时间:  all   91.60    0.00    7.64    0.00    0.00    0.13    0.00    0.00    0.63

Linux 2.6.32-431.el6.x86_64 (slave1) 	2019年07月24日 	_x86_64_	(8 CPU)

23时02分28秒  CPU    %usr   %nice    %sys %iowait    %irq   %soft  %steal  %guest   %idle
23时02分29秒  all   48.34    0.00    5.48    0.00    0.00    0.13    0.00    0.00   46.05
平均时间:  all   48.34    0.00    5.48    0.00    0.00    0.13    0.00    0.00   46.05

Linux 2.6.32-431.el6.x86_64 (slave1) 	2019年07月24日 	_x86_64_	(8 CPU)

23时02分32秒  CPU    %usr   %nice    %sys %iowait    %irq   %soft  %steal  %guest   %idle
23时02分33秒  all   15.09    0.00    3.32    0.00    0.00    0.00    0.00    0.00   81.59
平均时间:  all   15.09    0.00    3.32    0.00    0.00    0.00    0.00    0.00   81.59

Linux 2.6.32-431.el6.x86_64 (slave1) 	2019年07月24日 	_x86_64_	(8 CPU)

23时02分36秒  CPU    %usr   %nice    %sys %iowait    %irq   %soft  %steal  %guest   %idle
23时02分37秒  all   21.95    0.00    4.88    0.00    0.00    0.00    0.00    0.00   73.17
平均时间:  all   21.95    0.00    4.88    0.00    0.00    0.00    0.00    0.00   73.17

Linux 2.6.32-431.el6.x86_64 (slave1) 	2019年07月24日 	_x86_64_	(8 CPU)

23时02分40秒  CPU    %usr   %nice    %sys %iowait    %irq   %soft  %steal  %guest   %idle
23时02分41秒  all   19.90    0.00    3.44    0.00    0.00    0.00    0.00    0.00   76.66
平均时间:  all   19.90    0.00    3.44    0.00    0.00    0.00    0.00    0.00   76.66

Linux 2.6.32-431.el6.x86_64 (slave1) 	2019年07月24日 	_x86_64_	(8 CPU)

23时02分44秒  CPU    %usr   %nice    %sys %iowait    %irq   %soft  %steal  %guest   %idle
23时02分45秒  all   26.09    0.00    3.71    0.00    0.00    0.00    0.00    0.00   70.20
平均时间:  all   26.09    0.00    3.71    0.00    0.00    0.00    0.00    0.00   70.20

Linux 2.6.32-431.el6.x86_64 (slave1) 	2019年07月24日 	_x86_64_	(8 CPU)

23时02分48秒  CPU    %usr   %nice    %sys %iowait    %irq   %soft  %steal  %guest   %idle
23时02分49秒  all   46.03    0.00    8.85    0.00    0.00    0.38    0.00    0.00   44.74
平均时间:  all   46.03    0.00    8.85    0.00    0.00    0.38    0.00    0.00   44.74

Linux 2.6.32-431.el6.x86_64 (slave1) 	2019年07月24日 	_x86_64_	(8 CPU)

23时02分52秒  CPU    %usr   %nice    %sys %iowait    %irq   %soft  %steal  %guest   %idle
23时02分53秒  all    1.39    0.00    0.63    0.00    0.00    0.00    0.00    0.00   97.97
平均时间:  all    1.39    0.00    0.63    0.00    0.00    0.00    0.00    0.00   97.97

Linux 2.6.32-431.el6.x86_64 (slave1) 	2019年07月24日 	_x86_64_	(8 CPU)

23时02分56秒  CPU    %usr   %nice    %sys %iowait    %irq   %soft  %steal  %guest   %idle
23时02分57秒  all   71.57    0.00   10.66    0.00    0.00    0.13    0.00    0.00   17.64
平均时间:  all   71.57    0.00   10.66    0.00    0.00    0.13    0.00    0.00   17.64

Linux 2.6.32-431.el6.x86_64 (slave1) 	2019年07月24日 	_x86_64_	(8 CPU)

23时03分00秒  CPU    %usr   %nice    %sys %iowait    %irq   %soft  %steal  %guest   %idle
23时03分01秒  all   83.82    0.00    9.73    0.00    0.00    0.25    0.00    0.00    6.19
平均时间:  all   83.82    0.00    9.73    0.00    0.00    0.25    0.00    0.00    6.19

Linux 2.6.32-431.el6.x86_64 (slave1) 	2019年07月24日 	_x86_64_	(8 CPU)

23时03分04秒  CPU    %usr   %nice    %sys %iowait    %irq   %soft  %steal  %guest   %idle
23时03分05秒  all   67.76    0.00    9.99    0.00    0.00    0.38    0.00    0.00   21.87
平均时间:  all   67.76    0.00    9.99    0.00    0.00    0.38    0.00    0.00   21.87

Linux 2.6.32-431.el6.x86_64 (slave1) 	2019年07月24日 	_x86_64_	(8 CPU)

23时03分08秒  CPU    %usr   %nice    %sys %iowait    %irq   %soft  %steal  %guest   %idle
23时03分09秒  all   57.77    0.00    2.28    0.00    0.00    0.25    0.00    0.00   39.70
平均时间:  all   57.77    0.00    2.28    0.00    0.00    0.25    0.00    0.00   39.70

Linux 2.6.32-431.el6.x86_64 (slave1) 	2019年07月24日 	_x86_64_	(8 CPU)

23时03分12秒  CPU    %usr   %nice    %sys %iowait    %irq   %soft  %steal  %guest   %idle
23时03分13秒  all   91.12    0.00    6.25    0.00    0.00    0.38    0.00    0.00    2.25
平均时间:  all   91.12    0.00    6.25    0.00    0.00    0.38    0.00    0.00    2.25

Linux 2.6.32-431.el6.x86_64 (slave1) 	2019年07月24日 	_x86_64_	(8 CPU)

23时03分16秒  CPU    %usr   %nice    %sys %iowait    %irq   %soft  %steal  %guest   %idle
23时03分17秒  all   93.24    0.00    4.26    0.00    0.00    0.38    0.00    0.00    2.13
平均时间:  all   93.24    0.00    4.26    0.00    0.00    0.38    0.00    0.00    2.13

Linux 2.6.32-431.el6.x86_64 (slave1) 	2019年07月24日 	_x86_64_	(8 CPU)

23时03分20秒  CPU    %usr   %nice    %sys %iowait    %irq   %soft  %steal  %guest   %idle
23时03分21秒  all   70.72    0.00    5.20    0.00    0.00    1.27    0.00    0.00   22.81
平均时间:  all   70.72    0.00    5.20    0.00    0.00    1.27    0.00    0.00   22.81

Linux 2.6.32-431.el6.x86_64 (slave1) 	2019年07月24日 	_x86_64_	(8 CPU)

23时03分24秒  CPU    %usr   %nice    %sys %iowait    %irq   %soft  %steal  %guest   %idle
23时03分25秒  all   41.14    0.00   14.02    0.00    0.26   17.06    0.00    0.00   27.51
平均时间:  all   41.14    0.00   14.02    0.00    0.26   17.06    0.00    0.00   27.51

Linux 2.6.32-431.el6.x86_64 (slave1) 	2019年07月24日 	_x86_64_	(8 CPU)

23时03分28秒  CPU    %usr   %nice    %sys %iowait    %irq   %soft  %steal  %guest   %idle
23时03分29秒  all   70.82    0.00   14.21    0.00    0.25   10.57    0.00    0.00    4.15
平均时间:  all   70.82    0.00   14.21    0.00    0.25   10.57    0.00    0.00    4.15

Linux 2.6.32-431.el6.x86_64 (slave1) 	2019年07月24日 	_x86_64_	(8 CPU)

23时03分32秒  CPU    %usr   %nice    %sys %iowait    %irq   %soft  %steal  %guest   %idle
23时03分33秒  all   52.19    0.00   15.45    0.00    0.44   15.01    0.00    0.00   16.91
平均时间:  all   52.19    0.00   15.45    0.00    0.44   15.01    0.00    0.00   16.91

Linux 2.6.32-431.el6.x86_64 (slave1) 	2019年07月24日 	_x86_64_	(8 CPU)

23时03分36秒  CPU    %usr   %nice    %sys %iowait    %irq   %soft  %steal  %guest   %idle
23时03分37秒  all   46.55    0.00   14.19    0.00    0.53   17.37    0.00    0.00   21.35
平均时间:  all   46.55    0.00   14.19    0.00    0.53   17.37    0.00    0.00   21.35

Linux 2.6.32-431.el6.x86_64 (slave1) 	2019年07月24日 	_x86_64_	(8 CPU)

23时03分40秒  CPU    %usr   %nice    %sys %iowait    %irq   %soft  %steal  %guest   %idle
23时03分41秒  all   43.77    0.00   15.20    0.13    0.39   14.15    0.00    0.00   26.34
平均时间:  all   43.77    0.00   15.20    0.13    0.39   14.15    0.00    0.00   26.34

Linux 2.6.32-431.el6.x86_64 (slave1) 	2019年07月24日 	_x86_64_	(8 CPU)

23时03分44秒  CPU    %usr   %nice    %sys %iowait    %irq   %soft  %steal  %guest   %idle
23时03分45秒  all   75.00    0.00   14.50    0.00    0.12   10.12    0.00    0.00    0.25
平均时间:  all   75.00    0.00   14.50    0.00    0.12   10.12    0.00    0.00    0.25

Linux 2.6.32-431.el6.x86_64 (slave1) 	2019年07月24日 	_x86_64_	(8 CPU)

23时03分48秒  CPU    %usr   %nice    %sys %iowait    %irq   %soft  %steal  %guest   %idle
23时03分49秒  all   60.56    0.00   18.58    0.00    0.25   14.63    0.00    0.00    5.98
平均时间:  all   60.56    0.00   18.58    0.00    0.25   14.63    0.00    0.00    5.98

Linux 2.6.32-431.el6.x86_64 (slave1) 	2019年07月24日 	_x86_64_	(8 CPU)

23时03分52秒  CPU    %usr   %nice    %sys %iowait    %irq   %soft  %steal  %guest   %idle
23时03分53秒  all   52.17    0.00   16.88    0.00    0.00    3.07    0.00    0.00   27.88
平均时间:  all   52.17    0.00   16.88    0.00    0.00    3.07    0.00    0.00   27.88

Linux 2.6.32-431.el6.x86_64 (slave1) 	2019年07月24日 	_x86_64_	(8 CPU)

23时03分56秒  CPU    %usr   %nice    %sys %iowait    %irq   %soft  %steal  %guest   %idle
23时03分57秒  all   92.73    0.00    7.02    0.00    0.00    0.00    0.00    0.00    0.25
平均时间:  all   92.73    0.00    7.02    0.00    0.00    0.00    0.00    0.00    0.25

Linux 2.6.32-431.el6.x86_64 (slave1) 	2019年07月24日 	_x86_64_	(8 CPU)

23时04分00秒  CPU    %usr   %nice    %sys %iowait    %irq   %soft  %steal  %guest   %idle
23时04分01秒  all   82.35    0.00   10.47    0.00    0.00    0.00    0.00    0.00    7.19
平均时间:  all   82.35    0.00   10.47    0.00    0.00    0.00    0.00    0.00    7.19

Linux 2.6.32-431.el6.x86_64 (slave1) 	2019年07月24日 	_x86_64_	(8 CPU)

23时04分04秒  CPU    %usr   %nice    %sys %iowait    %irq   %soft  %steal  %guest   %idle
23时04分05秒  all   86.48    0.00   11.14    0.00    0.00    0.13    0.00    0.00    2.25
平均时间:  all   86.48    0.00   11.14    0.00    0.00    0.13    0.00    0.00    2.25

Linux 2.6.32-431.el6.x86_64 (slave1) 	2019年07月24日 	_x86_64_	(8 CPU)

23时04分08秒  CPU    %usr   %nice    %sys %iowait    %irq   %soft  %steal  %guest   %idle
23时04分09秒  all   89.84    0.00    9.41    0.00    0.13    0.38    0.00    0.00    0.25
平均时间:  all   89.84    0.00    9.41    0.00    0.13    0.38    0.00    0.00    0.25

Linux 2.6.32-431.el6.x86_64 (slave1) 	2019年07月24日 	_x86_64_	(8 CPU)

23时04分12秒  CPU    %usr   %nice    %sys %iowait    %irq   %soft  %steal  %guest   %idle
23时04分13秒  all   79.47    0.00   10.14    0.00    0.25    1.14    0.00    0.00    9.00
平均时间:  all   79.47    0.00   10.14    0.00    0.25    1.14    0.00    0.00    9.00

Linux 2.6.32-431.el6.x86_64 (slave1) 	2019年07月24日 	_x86_64_	(8 CPU)

23时04分16秒  CPU    %usr   %nice    %sys %iowait    %irq   %soft  %steal  %guest   %idle
23时04分17秒  all   90.45    0.00    7.79    0.00    0.13    0.50    0.00    0.00    1.13
平均时间:  all   90.45    0.00    7.79    0.00    0.13    0.50    0.00    0.00    1.13

Linux 2.6.32-431.el6.x86_64 (slave1) 	2019年07月24日 	_x86_64_	(8 CPU)

23时04分21秒  CPU    %usr   %nice    %sys %iowait    %irq   %soft  %steal  %guest   %idle
23时04分22秒  all   89.02    0.00    9.60    0.00    0.25    0.51    0.00    0.00    0.63
平均时间:  all   89.02    0.00    9.60    0.00    0.25    0.51    0.00    0.00    0.63

Linux 2.6.32-431.el6.x86_64 (slave1) 	2019年07月24日 	_x86_64_	(8 CPU)

23时04分25秒  CPU    %usr   %nice    %sys %iowait    %irq   %soft  %steal  %guest   %idle
23时04分26秒  all   90.54    0.00    6.68    0.00    0.25    0.76    0.00    0.00    1.77
平均时间:  all   90.54    0.00    6.68    0.00    0.25    0.76    0.00    0.00    1.77

Linux 2.6.32-431.el6.x86_64 (slave1) 	2019年07月24日 	_x86_64_	(8 CPU)

23时04分29秒  CPU    %usr   %nice    %sys %iowait    %irq   %soft  %steal  %guest   %idle
23时04分30秒  all   72.98    0.00    7.55    0.00    0.13    0.38    0.00    0.00   18.95
平均时间:  all   72.98    0.00    7.55    0.00    0.13    0.38    0.00    0.00   18.95

Linux 2.6.32-431.el6.x86_64 (slave1) 	2019年07月24日 	_x86_64_	(8 CPU)

23时04分33秒  CPU    %usr   %nice    %sys %iowait    %irq   %soft  %steal  %guest   %idle
23时04分34秒  all   80.20    0.00    9.71    0.00    0.26    0.89    0.00    0.00    8.94
平均时间:  all   80.20    0.00    9.71    0.00    0.26    0.89    0.00    0.00    8.94

Linux 2.6.32-431.el6.x86_64 (slave1) 	2019年07月24日 	_x86_64_	(8 CPU)

23时04分37秒  CPU    %usr   %nice    %sys %iowait    %irq   %soft  %steal  %guest   %idle
23时04分38秒  all   75.98    0.00    9.15    0.00    0.00    1.40    0.00    0.00   13.47
平均时间:  all   75.98    0.00    9.15    0.00    0.00    1.40    0.00    0.00   13.47

Linux 2.6.32-431.el6.x86_64 (slave1) 	2019年07月24日 	_x86_64_	(8 CPU)

23时04分41秒  CPU    %usr   %nice    %sys %iowait    %irq   %soft  %steal  %guest   %idle
23时04分42秒  all   27.48    0.00   12.39    0.00    0.00    5.29    0.00    0.00   54.84
平均时间:  all   27.48    0.00   12.39    0.00    0.00    5.29    0.00    0.00   54.84

Linux 2.6.32-431.el6.x86_64 (slave1) 	2019年07月24日 	_x86_64_	(8 CPU)

23时04分45秒  CPU    %usr   %nice    %sys %iowait    %irq   %soft  %steal  %guest   %idle
23时04分46秒  all   78.54    0.00   18.19    0.00    0.00    0.88    0.00    0.00    2.38
平均时间:  all   78.54    0.00   18.19    0.00    0.00    0.88    0.00    0.00    2.38

Linux 2.6.32-431.el6.x86_64 (slave1) 	2019年07月24日 	_x86_64_	(8 CPU)

23时04分49秒  CPU    %usr   %nice    %sys %iowait    %irq   %soft  %steal  %guest   %idle
23时04分50秒  all   92.88    0.00    6.99    0.00    0.00    0.00    0.00    0.00    0.12
平均时间:  all   92.88    0.00    6.99    0.00    0.00    0.00    0.00    0.00    0.12

Linux 2.6.32-431.el6.x86_64 (slave1) 	2019年07月24日 	_x86_64_	(8 CPU)

23时04分53秒  CPU    %usr   %nice    %sys %iowait    %irq   %soft  %steal  %guest   %idle
23时04分54秒  all   84.38    0.00   12.00    0.00    0.25    3.38    0.00    0.00    0.00
平均时间:  all   84.38    0.00   12.00    0.00    0.25    3.38    0.00    0.00    0.00

Linux 2.6.32-431.el6.x86_64 (slave1) 	2019年07月24日 	_x86_64_	(8 CPU)

23时04分57秒  CPU    %usr   %nice    %sys %iowait    %irq   %soft  %steal  %guest   %idle
23时04分58秒  all   67.83    0.00   19.52    0.00    0.38   12.14    0.00    0.00    0.13
平均时间:  all   67.83    0.00   19.52    0.00    0.38   12.14    0.00    0.00    0.13

Linux 2.6.32-431.el6.x86_64 (slave1) 	2019年07月24日 	_x86_64_	(8 CPU)

23时05分01秒  CPU    %usr   %nice    %sys %iowait    %irq   %soft  %steal  %guest   %idle
23时05分02秒  all   66.99    0.00   19.05    0.00    0.61   13.23    0.00    0.00    0.12
平均时间:  all   66.99    0.00   19.05    0.00    0.61   13.23    0.00    0.00    0.12

Linux 2.6.32-431.el6.x86_64 (slave1) 	2019年07月24日 	_x86_64_	(8 CPU)

23时05分05秒  CPU    %usr   %nice    %sys %iowait    %irq   %soft  %steal  %guest   %idle
23时05分06秒  all   59.67    0.00   23.87    0.00    0.25   16.21    0.00    0.00    0.00
平均时间:  all   59.67    0.00   23.87    0.00    0.25   16.21    0.00    0.00    0.00

Linux 2.6.32-431.el6.x86_64 (slave1) 	2019年07月24日 	_x86_64_	(8 CPU)

23时05分09秒  CPU    %usr   %nice    %sys %iowait    %irq   %soft  %steal  %guest   %idle
23时05分10秒  all   53.03    0.00   18.84    0.00    0.26   16.52    0.00    0.00   11.35
平均时间:  all   53.03    0.00   18.84    0.00    0.26   16.52    0.00    0.00   11.35

Linux 2.6.32-431.el6.x86_64 (slave1) 	2019年07月24日 	_x86_64_	(8 CPU)

23时05分13秒  CPU    %usr   %nice    %sys %iowait    %irq   %soft  %steal  %guest   %idle
23时05分14秒  all   39.17    0.00   19.39    0.00    0.40   19.52    0.00    0.00   21.52
平均时间:  all   39.17    0.00   19.39    0.00    0.40   19.52    0.00    0.00   21.52

Linux 2.6.32-431.el6.x86_64 (slave1) 	2019年07月24日 	_x86_64_	(8 CPU)

23时05分17秒  CPU    %usr   %nice    %sys %iowait    %irq   %soft  %steal  %guest   %idle
23时05分18秒  all   22.42    0.00   15.84    0.00    0.54   13.15    0.00    0.00   48.05
平均时间:  all   22.42    0.00   15.84    0.00    0.54   13.15    0.00    0.00   48.05

Linux 2.6.32-431.el6.x86_64 (slave1) 	2019年07月24日 	_x86_64_	(8 CPU)

23时05分21秒  CPU    %usr   %nice    %sys %iowait    %irq   %soft  %steal  %guest   %idle
23时05分22秒  all   79.62    0.00    8.48    0.00    0.00    0.00    0.00    0.00   11.90
平均时间:  all   79.62    0.00    8.48    0.00    0.00    0.00    0.00    0.00   11.90

Linux 2.6.32-431.el6.x86_64 (slave1) 	2019年07月24日 	_x86_64_	(8 CPU)

23时05分25秒  CPU    %usr   %nice    %sys %iowait    %irq   %soft  %steal  %guest   %idle
23时05分26秒  all   20.43    0.00    4.98    0.00    0.00    0.13    0.00    0.00   74.46
平均时间:  all   20.43    0.00    4.98    0.00    0.00    0.13    0.00    0.00   74.46

Linux 2.6.32-431.el6.x86_64 (slave1) 	2019年07月24日 	_x86_64_	(8 CPU)

23时05分29秒  CPU    %usr   %nice    %sys %iowait    %irq   %soft  %steal  %guest   %idle
23时05分30秒  all   61.43    0.00   11.24    0.00    0.00    0.00    0.00    0.00   27.33
平均时间:  all   61.43    0.00   11.24    0.00    0.00    0.00    0.00    0.00   27.33

Linux 2.6.32-431.el6.x86_64 (slave1) 	2019年07月24日 	_x86_64_	(8 CPU)

23时05分33秒  CPU    %usr   %nice    %sys %iowait    %irq   %soft  %steal  %guest   %idle
23时05分34秒  all   47.03    0.00    7.00    0.00    0.00    0.00    0.00    0.00   45.97
平均时间:  all   47.03    0.00    7.00    0.00    0.00    0.00    0.00    0.00   45.97

Linux 2.6.32-431.el6.x86_64 (slave1) 	2019年07月24日 	_x86_64_	(8 CPU)

23时05分37秒  CPU    %usr   %nice    %sys %iowait    %irq   %soft  %steal  %guest   %idle
23时05分38秒  all   91.15    0.00    8.60    0.00    0.00    0.12    0.00    0.00    0.12
平均时间:  all   91.15    0.00    8.60    0.00    0.00    0.12    0.00    0.00    0.12

Linux 2.6.32-431.el6.x86_64 (slave1) 	2019年07月24日 	_x86_64_	(8 CPU)

23时05分41秒  CPU    %usr   %nice    %sys %iowait    %irq   %soft  %steal  %guest   %idle
23时05分42秒  all   81.13    0.00   10.19    0.00    0.00    0.25    0.00    0.00    8.43
平均时间:  all   81.13    0.00   10.19    0.00    0.00    0.25    0.00    0.00    8.43

Linux 2.6.32-431.el6.x86_64 (slave1) 	2019年07月24日 	_x86_64_	(8 CPU)

23时05分45秒  CPU    %usr   %nice    %sys %iowait    %irq   %soft  %steal  %guest   %idle
23时05分46秒  all   79.80    0.00   16.81    0.00    0.00    0.50    0.00    0.00    2.89
平均时间:  all   79.80    0.00   16.81    0.00    0.00    0.50    0.00    0.00    2.89

Linux 2.6.32-431.el6.x86_64 (slave1) 	2019年07月24日 	_x86_64_	(8 CPU)

23时05分49秒  CPU    %usr   %nice    %sys %iowait    %irq   %soft  %steal  %guest   %idle
23时05分50秒  all   83.40    0.00   15.36    0.00    0.12    0.87    0.00    0.00    0.25
平均时间:  all   83.40    0.00   15.36    0.00    0.12    0.87    0.00    0.00    0.25

Linux 2.6.32-431.el6.x86_64 (slave1) 	2019年07月24日 	_x86_64_	(8 CPU)

23时05分53秒  CPU    %usr   %nice    %sys %iowait    %irq   %soft  %steal  %guest   %idle
23时05分54秒  all   88.88    0.00   11.00    0.00    0.00    0.00    0.00    0.00    0.12
平均时间:  all   88.88    0.00   11.00    0.00    0.00    0.00    0.00    0.00    0.12

Linux 2.6.32-431.el6.x86_64 (slave1) 	2019年07月24日 	_x86_64_	(8 CPU)

23时05分57秒  CPU    %usr   %nice    %sys %iowait    %irq   %soft  %steal  %guest   %idle
23时05分58秒  all   87.44    0.00   10.18    0.00    0.13    0.25    0.00    0.00    2.01
平均时间:  all   87.44    0.00   10.18    0.00    0.13    0.25    0.00    0.00    2.01

Linux 2.6.32-431.el6.x86_64 (slave1) 	2019年07月24日 	_x86_64_	(8 CPU)

23时06分02秒  CPU    %usr   %nice    %sys %iowait    %irq   %soft  %steal  %guest   %idle
23时06分03秒  all   90.01    0.00    8.47    0.00    0.38    0.88    0.00    0.00    0.25
平均时间:  all   90.01    0.00    8.47    0.00    0.38    0.88    0.00    0.00    0.25

Linux 2.6.32-431.el6.x86_64 (slave1) 	2019年07月24日 	_x86_64_	(8 CPU)

23时06分06秒  CPU    %usr   %nice    %sys %iowait    %irq   %soft  %steal  %guest   %idle
23时06分07秒  all   86.85    0.00    8.47    0.00    0.38    1.14    0.00    0.00    3.16
平均时间:  all   86.85    0.00    8.47    0.00    0.38    1.14    0.00    0.00    3.16

Linux 2.6.32-431.el6.x86_64 (slave1) 	2019年07月24日 	_x86_64_	(8 CPU)

23时06分10秒  CPU    %usr   %nice    %sys %iowait    %irq   %soft  %steal  %guest   %idle
23时06分11秒  all   88.29    0.00    9.95    0.00    0.25    1.13    0.00    0.00    0.38
平均时间:  all   88.29    0.00    9.95    0.00    0.25    1.13    0.00    0.00    0.38

Linux 2.6.32-431.el6.x86_64 (slave1) 	2019年07月24日 	_x86_64_	(8 CPU)

23时06分14秒  CPU    %usr   %nice    %sys %iowait    %irq   %soft  %steal  %guest   %idle
23时06分15秒  all   93.55    0.00    5.44    0.00    0.13    0.76    0.00    0.00    0.13
平均时间:  all   93.55    0.00    5.44    0.00    0.13    0.76    0.00    0.00    0.13

Linux 2.6.32-431.el6.x86_64 (slave1) 	2019年07月24日 	_x86_64_	(8 CPU)

23时06分18秒  CPU    %usr   %nice    %sys %iowait    %irq   %soft  %steal  %guest   %idle
23时06分19秒  all   93.09    0.00    5.90    0.00    0.00    0.50    0.00    0.00    0.50
平均时间:  all   93.09    0.00    5.90    0.00    0.00    0.50    0.00    0.00    0.50

Linux 2.6.32-431.el6.x86_64 (slave1) 	2019年07月24日 	_x86_64_	(8 CPU)

23时06分22秒  CPU    %usr   %nice    %sys %iowait    %irq   %soft  %steal  %guest   %idle
23时06分23秒  all   91.83    0.00    6.41    0.00    0.13    1.01    0.00    0.00    0.63
平均时间:  all   91.83    0.00    6.41    0.00    0.13    1.01    0.00    0.00    0.63

Linux 2.6.32-431.el6.x86_64 (slave1) 	2019年07月24日 	_x86_64_	(8 CPU)

23时06分26秒  CPU    %usr   %nice    %sys %iowait    %irq   %soft  %steal  %guest   %idle
23时06分27秒  all   85.10    0.00    8.84    0.00    0.13    1.01    0.00    0.00    4.92
平均时间:  all   85.10    0.00    8.84    0.00    0.13    1.01    0.00    0.00    4.92

Linux 2.6.32-431.el6.x86_64 (slave1) 	2019年07月24日 	_x86_64_	(8 CPU)

23时06分30秒  CPU    %usr   %nice    %sys %iowait    %irq   %soft  %steal  %guest   %idle
23时06分31秒  all   93.76    0.00    5.37    0.00    0.00    0.87    0.00    0.00    0.00
平均时间:  all   93.76    0.00    5.37    0.00    0.00    0.87    0.00    0.00    0.00

Linux 2.6.32-431.el6.x86_64 (slave1) 	2019年07月24日 	_x86_64_	(8 CPU)

23时06分34秒  CPU    %usr   %nice    %sys %iowait    %irq   %soft  %steal  %guest   %idle
23时06分35秒  all   80.86    0.00    7.68    0.00    0.13    1.39    0.00    0.00    9.95
平均时间:  all   80.86    0.00    7.68    0.00    0.13    1.39    0.00    0.00    9.95

Linux 2.6.32-431.el6.x86_64 (slave1) 	2019年07月24日 	_x86_64_	(8 CPU)

23时06分38秒  CPU    %usr   %nice    %sys %iowait    %irq   %soft  %steal  %guest   %idle
23时06分39秒  all   90.62    0.00    7.50    0.00    0.12    1.75    0.00    0.00    0.00
平均时间:  all   90.62    0.00    7.50    0.00    0.12    1.75    0.00    0.00    0.00

Linux 2.6.32-431.el6.x86_64 (slave1) 	2019年07月24日 	_x86_64_	(8 CPU)

23时06分42秒  CPU    %usr   %nice    %sys %iowait    %irq   %soft  %steal  %guest   %idle
23时06分43秒  all    6.50    0.00   10.57    0.00    0.00    0.25    0.00    0.00   82.68
平均时间:  all    6.50    0.00   10.57    0.00    0.00    0.25    0.00    0.00   82.68

Linux 2.6.32-431.el6.x86_64 (slave1) 	2019年07月24日 	_x86_64_	(8 CPU)

23时06分46秒  CPU    %usr   %nice    %sys %iowait    %irq   %soft  %steal  %guest   %idle
23时06分47秒  all   52.93    0.00   17.73    0.00    0.00    4.08    0.00    0.00   25.26
平均时间:  all   52.93    0.00   17.73    0.00    0.00    4.08    0.00    0.00   25.26

Linux 2.6.32-431.el6.x86_64 (slave1) 	2019年07月24日 	_x86_64_	(8 CPU)

23时06分50秒  CPU    %usr   %nice    %sys %iowait    %irq   %soft  %steal  %guest   %idle
23时06分51秒  all   88.51    0.00   10.74    0.00    0.00    0.50    0.00    0.00    0.25
平均时间:  all   88.51    0.00   10.74    0.00    0.00    0.50    0.00    0.00    0.25

Linux 2.6.32-431.el6.x86_64 (slave1) 	2019年07月24日 	_x86_64_	(8 CPU)

23时06分54秒  CPU    %usr   %nice    %sys %iowait    %irq   %soft  %steal  %guest   %idle
23时06分55秒  all   92.00    0.00    7.38    0.00    0.00    0.00    0.00    0.00    0.62
平均时间:  all   92.00    0.00    7.38    0.00    0.00    0.00    0.00    0.00    0.62

Linux 2.6.32-431.el6.x86_64 (slave1) 	2019年07月24日 	_x86_64_	(8 CPU)

23时06分58秒  CPU    %usr   %nice    %sys %iowait    %irq   %soft  %steal  %guest   %idle
23时06分59秒  all   91.75    0.00    8.00    0.00    0.00    0.00    0.00    0.00    0.25
平均时间:  all   91.75    0.00    8.00    0.00    0.00    0.00    0.00    0.00    0.25

Linux 2.6.32-431.el6.x86_64 (slave1) 	2019年07月24日 	_x86_64_	(8 CPU)

23时07分02秒  CPU    %usr   %nice    %sys %iowait    %irq   %soft  %steal  %guest   %idle
23时07分03秒  all   89.22    0.00    8.27    0.00    0.00    0.00    0.00    0.00    2.51
平均时间:  all   89.22    0.00    8.27    0.00    0.00    0.00    0.00    0.00    2.51

Linux 2.6.32-431.el6.x86_64 (slave1) 	2019年07月24日 	_x86_64_	(8 CPU)

23时07分06秒  CPU    %usr   %nice    %sys %iowait    %irq   %soft  %steal  %guest   %idle
23时07分07秒  all   59.54    0.00    9.92    0.00    0.13    0.38    0.00    0.00   30.03
平均时间:  all   59.54    0.00    9.92    0.00    0.13    0.38    0.00    0.00   30.03

Linux 2.6.32-431.el6.x86_64 (slave1) 	2019年07月24日 	_x86_64_	(8 CPU)

23时07分10秒  CPU    %usr   %nice    %sys %iowait    %irq   %soft  %steal  %guest   %idle
23时07分11秒  all    4.18    0.00    1.52    0.00    0.00    0.00    0.00    0.00   94.30
平均时间:  all    4.18    0.00    1.52    0.00    0.00    0.00    0.00    0.00   94.30

Linux 2.6.32-431.el6.x86_64 (slave1) 	2019年07月24日 	_x86_64_	(8 CPU)

23时07分14秒  CPU    %usr   %nice    %sys %iowait    %irq   %soft  %steal  %guest   %idle
23时07分15秒  all   59.01    0.00    3.43    0.00    0.00    0.00    0.00    0.00   37.56
平均时间:  all   59.01    0.00    3.43    0.00    0.00    0.00    0.00    0.00   37.56

Linux 2.6.32-431.el6.x86_64 (slave1) 	2019年07月24日 	_x86_64_	(8 CPU)

23时07分18秒  CPU    %usr   %nice    %sys %iowait    %irq   %soft  %steal  %guest   %idle
23时07分19秒  all   41.24    0.00    4.70    0.00    0.00    0.89    0.00    0.00   53.17
平均时间:  all   41.24    0.00    4.70    0.00    0.00    0.89    0.00    0.00   53.17

Linux 2.6.32-431.el6.x86_64 (slave1) 	2019年07月24日 	_x86_64_	(8 CPU)

23时07分22秒  CPU    %usr   %nice    %sys %iowait    %irq   %soft  %steal  %guest   %idle
23时07分23秒  all   20.28    0.00    4.85    0.00    0.00    0.00    0.00    0.00   74.87
平均时间:  all   20.28    0.00    4.85    0.00    0.00    0.00    0.00    0.00   74.87

Linux 2.6.32-431.el6.x86_64 (slave1) 	2019年07月24日 	_x86_64_	(8 CPU)

23时07分26秒  CPU    %usr   %nice    %sys %iowait    %irq   %soft  %steal  %guest   %idle
23时07分27秒  all   48.33    0.00   11.31    0.00    0.00    0.00    0.00    0.00   40.36
平均时间:  all   48.33    0.00   11.31    0.00    0.00    0.00    0.00    0.00   40.36

Linux 2.6.32-431.el6.x86_64 (slave1) 	2019年07月24日 	_x86_64_	(8 CPU)

23时07分30秒  CPU    %usr   %nice    %sys %iowait    %irq   %soft  %steal  %guest   %idle
23时07分31秒  all   67.60    0.00    8.64    0.00    0.00    0.00    0.00    0.00   23.76
平均时间:  all   67.60    0.00    8.64    0.00    0.00    0.00    0.00    0.00   23.76

Linux 2.6.32-431.el6.x86_64 (slave1) 	2019年07月24日 	_x86_64_	(8 CPU)

23时07分34秒  CPU    %usr   %nice    %sys %iowait    %irq   %soft  %steal  %guest   %idle
23时07分35秒  all   86.29    0.00    7.55    0.00    0.00    0.13    0.00    0.00    6.04
平均时间:  all   86.29    0.00    7.55    0.00    0.00    0.13    0.00    0.00    6.04

Linux 2.6.32-431.el6.x86_64 (slave1) 	2019年07月24日 	_x86_64_	(8 CPU)

23时07分38秒  CPU    %usr   %nice    %sys %iowait    %irq   %soft  %steal  %guest   %idle
23时07分39秒  all   91.34    0.00    6.78    0.00    0.00    0.00    0.00    0.00    1.88
平均时间:  all   91.34    0.00    6.78    0.00    0.00    0.00    0.00    0.00    1.88

Linux 2.6.32-431.el6.x86_64 (slave1) 	2019年07月24日 	_x86_64_	(8 CPU)

23时07分42秒  CPU    %usr   %nice    %sys %iowait    %irq   %soft  %steal  %guest   %idle
23时07分43秒  all   42.77    0.00    4.44    0.00    0.00    0.13    0.00    0.00   52.66
平均时间:  all   42.77    0.00    4.44    0.00    0.00    0.13    0.00    0.00   52.66

Linux 2.6.32-431.el6.x86_64 (slave1) 	2019年07月24日 	_x86_64_	(8 CPU)

23时07分46秒  CPU    %usr   %nice    %sys %iowait    %irq   %soft  %steal  %guest   %idle
23时07分47秒  all   75.09    0.00    8.43    0.00    0.00    0.13    0.00    0.00   16.35
平均时间:  all   75.09    0.00    8.43    0.00    0.00    0.13    0.00    0.00   16.35

Linux 2.6.32-431.el6.x86_64 (slave1) 	2019年07月24日 	_x86_64_	(8 CPU)

23时07分50秒  CPU    %usr   %nice    %sys %iowait    %irq   %soft  %steal  %guest   %idle
23时07分51秒  all   84.63    0.00    9.57    0.00    0.00    0.00    0.00    0.00    5.79
平均时间:  all   84.63    0.00    9.57    0.00    0.00    0.00    0.00    0.00    5.79

Linux 2.6.32-431.el6.x86_64 (slave1) 	2019年07月24日 	_x86_64_	(8 CPU)

23时07分54秒  CPU    %usr   %nice    %sys %iowait    %irq   %soft  %steal  %guest   %idle
23时07分55秒  all   88.60    0.00    8.90    0.00    0.00    0.25    0.00    0.00    2.26
平均时间:  all   88.60    0.00    8.90    0.00    0.00    0.25    0.00    0.00    2.26

Linux 2.6.32-431.el6.x86_64 (slave1) 	2019年07月24日 	_x86_64_	(8 CPU)

23时07分59秒  CPU    %usr   %nice    %sys %iowait    %irq   %soft  %steal  %guest   %idle
23时08分00秒  all   97.50    0.00    2.25    0.00    0.00    0.25    0.00    0.00    0.00
平均时间:  all   97.50    0.00    2.25    0.00    0.00    0.25    0.00    0.00    0.00

Linux 2.6.32-431.el6.x86_64 (slave1) 	2019年07月24日 	_x86_64_	(8 CPU)

23时08分03秒  CPU    %usr   %nice    %sys %iowait    %irq   %soft  %steal  %guest   %idle
23时08分04秒  all   66.71    0.00    2.77    0.00    0.00    1.51    0.00    0.00   29.00
平均时间:  all   66.71    0.00    2.77    0.00    0.00    1.51    0.00    0.00   29.00

Linux 2.6.32-431.el6.x86_64 (slave1) 	2019年07月24日 	_x86_64_	(8 CPU)

23时08分07秒  CPU    %usr   %nice    %sys %iowait    %irq   %soft  %steal  %guest   %idle
23时08分08秒  all   91.85    0.00    4.14    0.00    0.13    0.50    0.00    0.00    3.38
平均时间:  all   91.85    0.00    4.14    0.00    0.13    0.50    0.00    0.00    3.38

Linux 2.6.32-431.el6.x86_64 (slave1) 	2019年07月24日 	_x86_64_	(8 CPU)

23时08分11秒  CPU    %usr   %nice    %sys %iowait    %irq   %soft  %steal  %guest   %idle
23时08分12秒  all   93.22    0.00    3.14    0.00    0.00    0.63    0.00    0.00    3.01
平均时间:  all   93.22    0.00    3.14    0.00    0.00    0.63    0.00    0.00    3.01

Linux 2.6.32-431.el6.x86_64 (slave1) 	2019年07月24日 	_x86_64_	(8 CPU)

23时08分15秒  CPU    %usr   %nice    %sys %iowait    %irq   %soft  %steal  %guest   %idle
23时08分16秒  all   72.52    0.00    6.74    0.13    0.00    1.27    0.00    0.00   19.34
平均时间:  all   72.52    0.00    6.74    0.13    0.00    1.27    0.00    0.00   19.34

Linux 2.6.32-431.el6.x86_64 (slave1) 	2019年07月24日 	_x86_64_	(8 CPU)

23时08分19秒  CPU    %usr   %nice    %sys %iowait    %irq   %soft  %steal  %guest   %idle
23时08分20秒  all   49.74    0.00    7.80    0.00    0.00    0.90    0.00    0.00   41.56
平均时间:  all   49.74    0.00    7.80    0.00    0.00    0.90    0.00    0.00   41.56

Linux 2.6.32-431.el6.x86_64 (slave1) 	2019年07月24日 	_x86_64_	(8 CPU)

23时08分23秒  CPU    %usr   %nice    %sys %iowait    %irq   %soft  %steal  %guest   %idle
23时08分24秒  all   89.56    0.00    4.78    0.00    0.00    0.63    0.00    0.00    5.03
平均时间:  all   89.56    0.00    4.78    0.00    0.00    0.63    0.00    0.00    5.03

Linux 2.6.32-431.el6.x86_64 (slave1) 	2019年07月24日 	_x86_64_	(8 CPU)

23时08分27秒  CPU    %usr   %nice    %sys %iowait    %irq   %soft  %steal  %guest   %idle
23时08分28秒  all   88.34    0.00    9.43    0.00    0.12    0.99    0.00    0.00    1.12
平均时间:  all   88.34    0.00    9.43    0.00    0.12    0.99    0.00    0.00    1.12

Linux 2.6.32-431.el6.x86_64 (slave1) 	2019年07月24日 	_x86_64_	(8 CPU)

23时08分31秒  CPU    %usr   %nice    %sys %iowait    %irq   %soft  %steal  %guest   %idle
23时08分32秒  all   92.73    0.00    5.89    0.00    0.00    0.25    0.00    0.00    1.13
平均时间:  all   92.73    0.00    5.89    0.00    0.00    0.25    0.00    0.00    1.13

Linux 2.6.32-431.el6.x86_64 (slave1) 	2019年07月24日 	_x86_64_	(8 CPU)

23时08分35秒  CPU    %usr   %nice    %sys %iowait    %irq   %soft  %steal  %guest   %idle
23时08分36秒  all   94.89    0.00    4.23    0.00    0.12    0.25    0.00    0.00    0.50
平均时间:  all   94.89    0.00    4.23    0.00    0.12    0.25    0.00    0.00    0.50

Linux 2.6.32-431.el6.x86_64 (slave1) 	2019年07月24日 	_x86_64_	(8 CPU)

23时08分39秒  CPU    %usr   %nice    %sys %iowait    %irq   %soft  %steal  %guest   %idle
23时08分40秒  all   83.79    0.00   10.30    0.00    0.00    0.75    0.00    0.00    5.15
平均时间:  all   83.79    0.00   10.30    0.00    0.00    0.75    0.00    0.00    5.15

Linux 2.6.32-431.el6.x86_64 (slave1) 	2019年07月24日 	_x86_64_	(8 CPU)

23时08分43秒  CPU    %usr   %nice    %sys %iowait    %irq   %soft  %steal  %guest   %idle
23时08分44秒  all   86.86    0.00   12.02    0.00    0.00    0.50    0.00    0.00    0.63
平均时间:  all   86.86    0.00   12.02    0.00    0.00    0.50    0.00    0.00    0.63

Linux 2.6.32-431.el6.x86_64 (slave1) 	2019年07月24日 	_x86_64_	(8 CPU)

23时08分47秒  CPU    %usr   %nice    %sys %iowait    %irq   %soft  %steal  %guest   %idle
23时08分48秒  all   92.25    0.00    7.38    0.00    0.00    0.25    0.00    0.00    0.12
平均时间:  all   92.25    0.00    7.38    0.00    0.00    0.25    0.00    0.00    0.12

Linux 2.6.32-431.el6.x86_64 (slave1) 	2019年07月24日 	_x86_64_	(8 CPU)

23时08分51秒  CPU    %usr   %nice    %sys %iowait    %irq   %soft  %steal  %guest   %idle
23时08分52秒  all   94.16    0.00    5.34    0.00    0.00    0.37    0.00    0.00    0.12
平均时间:  all   94.16    0.00    5.34    0.00    0.00    0.37    0.00    0.00    0.12

Linux 2.6.32-431.el6.x86_64 (slave1) 	2019年07月24日 	_x86_64_	(8 CPU)

23时08分55秒  CPU    %usr   %nice    %sys %iowait    %irq   %soft  %steal  %guest   %idle
23时08分56秒  all   59.64    0.00    4.70    0.00    0.00    0.25    0.00    0.00   35.41
平均时间:  all   59.64    0.00    4.70    0.00    0.00    0.25    0.00    0.00   35.41

Linux 2.6.32-431.el6.x86_64 (slave1) 	2019年07月24日 	_x86_64_	(8 CPU)

23时08分59秒  CPU    %usr   %nice    %sys %iowait    %irq   %soft  %steal  %guest   %idle
23时09分00秒  all   93.76    0.00    5.24    0.00    0.00    0.50    0.00    0.00    0.50
平均时间:  all   93.76    0.00    5.24    0.00    0.00    0.50    0.00    0.00    0.50

Linux 2.6.32-431.el6.x86_64 (slave1) 	2019年07月24日 	_x86_64_	(8 CPU)

23时09分03秒  CPU    %usr   %nice    %sys %iowait    %irq   %soft  %steal  %guest   %idle
23时09分04秒  all   94.13    0.00    5.12    0.00    0.12    0.37    0.00    0.00    0.25
平均时间:  all   94.13    0.00    5.12    0.00    0.12    0.37    0.00    0.00    0.25

Linux 2.6.32-431.el6.x86_64 (slave1) 	2019年07月24日 	_x86_64_	(8 CPU)

23时09分07秒  CPU    %usr   %nice    %sys %iowait    %irq   %soft  %steal  %guest   %idle
23时09分08秒  all   51.34    0.00    4.09    0.00    0.00    0.64    0.00    0.00   43.93
平均时间:  all   51.34    0.00    4.09    0.00    0.00    0.64    0.00    0.00   43.93

Linux 2.6.32-431.el6.x86_64 (slave1) 	2019年07月24日 	_x86_64_	(8 CPU)

23时09分11秒  CPU    %usr   %nice    %sys %iowait    %irq   %soft  %steal  %guest   %idle
23时09分12秒  all   70.78    0.00    9.28    0.00    0.00    0.13    0.00    0.00   19.82
平均时间:  all   70.78    0.00    9.28    0.00    0.00    0.13    0.00    0.00   19.82

Linux 2.6.32-431.el6.x86_64 (slave1) 	2019年07月24日 	_x86_64_	(8 CPU)

23时09分15秒  CPU    %usr   %nice    %sys %iowait    %irq   %soft  %steal  %guest   %idle
23时09分16秒  all   90.51    0.00    8.11    0.00    0.12    0.50    0.00    0.00    0.75
平均时间:  all   90.51    0.00    8.11    0.00    0.12    0.50    0.00    0.00    0.75

Linux 2.6.32-431.el6.x86_64 (slave1) 	2019年07月24日 	_x86_64_	(8 CPU)

23时09分19秒  CPU    %usr   %nice    %sys %iowait    %irq   %soft  %steal  %guest   %idle
23时09分20秒  all   92.12    0.00    7.38    0.00    0.00    0.13    0.00    0.00    0.38
平均时间:  all   92.12    0.00    7.38    0.00    0.00    0.13    0.00    0.00    0.38

Linux 2.6.32-431.el6.x86_64 (slave1) 	2019年07月24日 	_x86_64_	(8 CPU)

23时09分23秒  CPU    %usr   %nice    %sys %iowait    %irq   %soft  %steal  %guest   %idle
23时09分24秒  all   87.97    0.00    7.14    0.00    0.13    0.13    0.00    0.00    4.64
平均时间:  all   87.97    0.00    7.14    0.00    0.13    0.13    0.00    0.00    4.64

Linux 2.6.32-431.el6.x86_64 (slave1) 	2019年07月24日 	_x86_64_	(8 CPU)

23时09分27秒  CPU    %usr   %nice    %sys %iowait    %irq   %soft  %steal  %guest   %idle
23时09分28秒  all   80.58    0.00    8.83    0.00    0.13    0.76    0.00    0.00    9.71
平均时间:  all   80.58    0.00    8.83    0.00    0.13    0.76    0.00    0.00    9.71

Linux 2.6.32-431.el6.x86_64 (slave1) 	2019年07月24日 	_x86_64_	(8 CPU)

23时09分31秒  CPU    %usr   %nice    %sys %iowait    %irq   %soft  %steal  %guest   %idle
23时09分32秒  all   79.47    0.00    7.48    0.00    0.00    0.38    0.00    0.00   12.67
平均时间:  all   79.47    0.00    7.48    0.00    0.00    0.38    0.00    0.00   12.67

Linux 2.6.32-431.el6.x86_64 (slave1) 	2019年07月24日 	_x86_64_	(8 CPU)

23时09分35秒  CPU    %usr   %nice    %sys %iowait    %irq   %soft  %steal  %guest   %idle
23时09分36秒  all   63.22    0.00   10.47    0.00    0.13    0.77    0.00    0.00   25.42
平均时间:  all   63.22    0.00   10.47    0.00    0.13    0.77    0.00    0.00   25.42

Linux 2.6.32-431.el6.x86_64 (slave1) 	2019年07月24日 	_x86_64_	(8 CPU)

23时09分39秒  CPU    %usr   %nice    %sys %iowait    %irq   %soft  %steal  %guest   %idle
23时09分40秒  all   93.43    0.00    6.57    0.00    0.00    0.00    0.00    0.00    0.00
平均时间:  all   93.43    0.00    6.57    0.00    0.00    0.00    0.00    0.00    0.00

Linux 2.6.32-431.el6.x86_64 (slave1) 	2019年07月24日 	_x86_64_	(8 CPU)

23时09分44秒  CPU    %usr   %nice    %sys %iowait    %irq   %soft  %steal  %guest   %idle
23时09分45秒  all   72.24    0.00   11.79    0.00    0.13    0.25    0.00    0.00   15.59
平均时间:  all   72.24    0.00   11.79    0.00    0.13    0.25    0.00    0.00   15.59

Linux 2.6.32-431.el6.x86_64 (slave1) 	2019年07月24日 	_x86_64_	(8 CPU)

23时09分48秒  CPU    %usr   %nice    %sys %iowait    %irq   %soft  %steal  %guest   %idle
23时09分49秒  all   51.60    0.00    6.66    0.00    0.13    0.26    0.00    0.00   41.36
平均时间:  all   51.60    0.00    6.66    0.00    0.13    0.26    0.00    0.00   41.36

Linux 2.6.32-431.el6.x86_64 (slave1) 	2019年07月24日 	_x86_64_	(8 CPU)

23时09分52秒  CPU    %usr   %nice    %sys %iowait    %irq   %soft  %steal  %guest   %idle
23时09分53秒  all   68.73    0.00   10.97    0.00    0.13    0.25    0.00    0.00   19.92
平均时间:  all   68.73    0.00   10.97    0.00    0.13    0.25    0.00    0.00   19.92

Linux 2.6.32-431.el6.x86_64 (slave1) 	2019年07月24日 	_x86_64_	(8 CPU)

23时09分56秒  CPU    %usr   %nice    %sys %iowait    %irq   %soft  %steal  %guest   %idle
23时09分57秒  all   70.19    0.00   11.46    0.00    0.13    1.53    0.00    0.00   16.69
平均时间:  all   70.19    0.00   11.46    0.00    0.13    1.53    0.00    0.00   16.69

Linux 2.6.32-431.el6.x86_64 (slave1) 	2019年07月24日 	_x86_64_	(8 CPU)

23时10分00秒  CPU    %usr   %nice    %sys %iowait    %irq   %soft  %steal  %guest   %idle
23时10分01秒  all   71.23    0.00    6.52    0.00    0.00    0.90    0.00    0.00   21.36
平均时间:  all   71.23    0.00    6.52    0.00    0.00    0.90    0.00    0.00   21.36

Linux 2.6.32-431.el6.x86_64 (slave1) 	2019年07月24日 	_x86_64_	(8 CPU)

23时10分04秒  CPU    %usr   %nice    %sys %iowait    %irq   %soft  %steal  %guest   %idle
23时10分05秒  all   84.01    0.00    7.68    0.00    0.00    0.25    0.00    0.00    8.06
平均时间:  all   84.01    0.00    7.68    0.00    0.00    0.25    0.00    0.00    8.06

Linux 2.6.32-431.el6.x86_64 (slave1) 	2019年07月24日 	_x86_64_	(8 CPU)

23时10分08秒  CPU    %usr   %nice    %sys %iowait    %irq   %soft  %steal  %guest   %idle
23时10分09秒  all   56.14    0.00    5.50    0.00    0.13    1.41    0.00    0.00   36.83
平均时间:  all   56.14    0.00    5.50    0.00    0.13    1.41    0.00    0.00   36.83

Linux 2.6.32-431.el6.x86_64 (slave1) 	2019年07月24日 	_x86_64_	(8 CPU)

23时10分12秒  CPU    %usr   %nice    %sys %iowait    %irq   %soft  %steal  %guest   %idle
23时10分13秒  all   68.49    0.00    5.21    0.13    0.13    0.89    0.00    0.00   25.16
平均时间:  all   68.49    0.00    5.21    0.13    0.13    0.89    0.00    0.00   25.16

Linux 2.6.32-431.el6.x86_64 (slave1) 	2019年07月24日 	_x86_64_	(8 CPU)

23时10分16秒  CPU    %usr   %nice    %sys %iowait    %irq   %soft  %steal  %guest   %idle
23时10分17秒  all   47.87    0.00    5.68    0.00    0.13    1.68    0.00    0.00   44.65
平均时间:  all   47.87    0.00    5.68    0.00    0.13    1.68    0.00    0.00   44.65

Linux 2.6.32-431.el6.x86_64 (slave1) 	2019年07月24日 	_x86_64_	(8 CPU)

23时10分20秒  CPU    %usr   %nice    %sys %iowait    %irq   %soft  %steal  %guest   %idle
23时10分21秒  all   45.27    0.00    2.43    0.00    0.00    2.17    0.00    0.00   50.13
平均时间:  all   45.27    0.00    2.43    0.00    0.00    2.17    0.00    0.00   50.13

Linux 2.6.32-431.el6.x86_64 (slave1) 	2019年07月24日 	_x86_64_	(8 CPU)

23时10分24秒  CPU    %usr   %nice    %sys %iowait    %irq   %soft  %steal  %guest   %idle
23时10分25秒  all   41.04    0.00    1.91    0.00    0.13    1.27    0.00    0.00   55.65
平均时间:  all   41.04    0.00    1.91    0.00    0.13    1.27    0.00    0.00   55.65

Linux 2.6.32-431.el6.x86_64 (slave1) 	2019年07月24日 	_x86_64_	(8 CPU)

23时10分28秒  CPU    %usr   %nice    %sys %iowait    %irq   %soft  %steal  %guest   %idle
23时10分29秒  all   41.42    0.00    2.67    0.00    0.00    1.27    0.00    0.00   54.64
平均时间:  all   41.42    0.00    2.67    0.00    0.00    1.27    0.00    0.00   54.64

Linux 2.6.32-431.el6.x86_64 (slave1) 	2019年07月24日 	_x86_64_	(8 CPU)

23时10分32秒  CPU    %usr   %nice    %sys %iowait    %irq   %soft  %steal  %guest   %idle
23时10分33秒  all   28.66    0.00    1.52    0.00    0.00    0.88    0.00    0.00   68.94
平均时间:  all   28.66    0.00    1.52    0.00    0.00    0.88    0.00    0.00   68.94

Linux 2.6.32-431.el6.x86_64 (slave1) 	2019年07月24日 	_x86_64_	(8 CPU)

23时10分36秒  CPU    %usr   %nice    %sys %iowait    %irq   %soft  %steal  %guest   %idle
23时10分37秒  all   49.62    0.00    6.03    0.00    0.26    1.79    0.00    0.00   42.31
平均时间:  all   49.62    0.00    6.03    0.00    0.26    1.79    0.00    0.00   42.31

Linux 2.6.32-431.el6.x86_64 (slave1) 	2019年07月24日 	_x86_64_	(8 CPU)

23时10分40秒  CPU    %usr   %nice    %sys %iowait    %irq   %soft  %steal  %guest   %idle
23时10分41秒  all   35.56    0.00    5.01    0.00    0.00    1.28    0.00    0.00   58.15
平均时间:  all   35.56    0.00    5.01    0.00    0.00    1.28    0.00    0.00   58.15

Linux 2.6.32-431.el6.x86_64 (slave1) 	2019年07月24日 	_x86_64_	(8 CPU)

23时10分44秒  CPU    %usr   %nice    %sys %iowait    %irq   %soft  %steal  %guest   %idle
23时10分45秒  all    1.89    0.00    3.90    0.00    0.00    0.13    0.00    0.00   94.09
平均时间:  all    1.89    0.00    3.90    0.00    0.00    0.13    0.00    0.00   94.09

Linux 2.6.32-431.el6.x86_64 (slave1) 	2019年07月24日 	_x86_64_	(8 CPU)

23时10分48秒  CPU    %usr   %nice    %sys %iowait    %irq   %soft  %steal  %guest   %idle
23时10分49秒  all    0.00    0.00    1.00    0.00    0.00    0.13    0.00    0.00   98.87
平均时间:  all    0.00    0.00    1.00    0.00    0.00    0.13    0.00    0.00   98.87

Linux 2.6.32-431.el6.x86_64 (slave1) 	2019年07月24日 	_x86_64_	(8 CPU)

23时10分52秒  CPU    %usr   %nice    %sys %iowait    %irq   %soft  %steal  %guest   %idle
23时10分53秒  all    0.25    0.00    0.12    0.00    0.00    0.00    0.00    0.00   99.62
平均时间:  all    0.25    0.00    0.12    0.00    0.00    0.00    0.00    0.00   99.62

