
Linux 2.6.32-431.el6.x86_64 (slave2) 	2019年07月24日 	_x86_64_	(8 CPU)

22时59分59秒  CPU    %usr   %nice    %sys %iowait    %irq   %soft  %steal  %guest   %idle
23时00分00秒  all    0.13    0.00    0.13    0.00    0.00    0.00    0.00    0.00   99.75
平均时间:  all    0.13    0.00    0.13    0.00    0.00    0.00    0.00    0.00   99.75

Linux 2.6.32-431.el6.x86_64 (slave2) 	2019年07月24日 	_x86_64_	(8 CPU)

23时00分03秒  CPU    %usr   %nice    %sys %iowait    %irq   %soft  %steal  %guest   %idle
23时00分04秒  all    0.00    0.00    0.00    0.00    0.00    0.00    0.00    0.00  100.00
平均时间:  all    0.00    0.00    0.00    0.00    0.00    0.00    0.00    0.00  100.00

Linux 2.6.32-431.el6.x86_64 (slave2) 	2019年07月24日 	_x86_64_	(8 CPU)

23时00分07秒  CPU    %usr   %nice    %sys %iowait    %irq   %soft  %steal  %guest   %idle
23时00分08秒  all    1.13    0.00    0.25    0.00    0.00    0.00    0.00    0.00   98.62
平均时间:  all    1.13    0.00    0.25    0.00    0.00    0.00    0.00    0.00   98.62

Linux 2.6.32-431.el6.x86_64 (slave2) 	2019年07月24日 	_x86_64_	(8 CPU)

23时00分11秒  CPU    %usr   %nice    %sys %iowait    %irq   %soft  %steal  %guest   %idle
23时00分12秒  all    0.00    0.00    0.00    0.13    0.00    0.00    0.00    0.00   99.87
平均时间:  all    0.00    0.00    0.00    0.13    0.00    0.00    0.00    0.00   99.87

Linux 2.6.32-431.el6.x86_64 (slave2) 	2019年07月24日 	_x86_64_	(8 CPU)

23时00分16秒  CPU    %usr   %nice    %sys %iowait    %irq   %soft  %steal  %guest   %idle
23时00分17秒  all    0.13    0.00    0.88    0.00    0.13    0.00    0.00    0.00   98.86
平均时间:  all    0.13    0.00    0.88    0.00    0.13    0.00    0.00    0.00   98.86

Linux 2.6.32-431.el6.x86_64 (slave2) 	2019年07月24日 	_x86_64_	(8 CPU)

23时00分20秒  CPU    %usr   %nice    %sys %iowait    %irq   %soft  %steal  %guest   %idle
23时00分21秒  all    0.51    0.00    4.98    0.00    0.26    3.32    0.00    0.00   90.93
平均时间:  all    0.51    0.00    4.98    0.00    0.26    3.32    0.00    0.00   90.93

Linux 2.6.32-431.el6.x86_64 (slave2) 	2019年07月24日 	_x86_64_	(8 CPU)

23时00分24秒  CPU    %usr   %nice    %sys %iowait    %irq   %soft  %steal  %guest   %idle
23时00分25秒  all   38.05    0.00   12.21    0.00    0.39   13.77    0.00    0.00   35.58
平均时间:  all   38.05    0.00   12.21    0.00    0.39   13.77    0.00    0.00   35.58

Linux 2.6.32-431.el6.x86_64 (slave2) 	2019年07月24日 	_x86_64_	(8 CPU)

23时00分28秒  CPU    %usr   %nice    %sys %iowait    %irq   %soft  %steal  %guest   %idle
23时00分29秒  all   60.18    0.00   15.17    0.00    0.38   15.93    0.00    0.00    8.34
平均时间:  all   60.18    0.00   15.17    0.00    0.38   15.93    0.00    0.00    8.34

Linux 2.6.32-431.el6.x86_64 (slave2) 	2019年07月24日 	_x86_64_	(8 CPU)

23时00分32秒  CPU    %usr   %nice    %sys %iowait    %irq   %soft  %steal  %guest   %idle
23时00分33秒  all   62.80    0.00   17.32    0.00    0.38   10.57    0.00    0.00    8.92
平均时间:  all   62.80    0.00   17.32    0.00    0.38   10.57    0.00    0.00    8.92

Linux 2.6.32-431.el6.x86_64 (slave2) 	2019年07月24日 	_x86_64_	(8 CPU)

23时00分36秒  CPU    %usr   %nice    %sys %iowait    %irq   %soft  %steal  %guest   %idle
23时00分37秒  all   43.95    0.00   13.95    0.00    0.26    7.63    0.00    0.00   34.21
平均时间:  all   43.95    0.00   13.95    0.00    0.26    7.63    0.00    0.00   34.21

Linux 2.6.32-431.el6.x86_64 (slave2) 	2019年07月24日 	_x86_64_	(8 CPU)

23时00分40秒  CPU    %usr   %nice    %sys %iowait    %irq   %soft  %steal  %guest   %idle
23时00分41秒  all   69.04    0.00   13.71    0.00    0.25    8.50    0.00    0.00    8.50
平均时间:  all   69.04    0.00   13.71    0.00    0.25    8.50    0.00    0.00    8.50

Linux 2.6.32-431.el6.x86_64 (slave2) 	2019年07月24日 	_x86_64_	(8 CPU)

23时00分44秒  CPU    %usr   %nice    %sys %iowait    %irq   %soft  %steal  %guest   %idle
23时00分45秒  all   53.27    0.00   14.63    0.00    0.13    8.73    0.00    0.00   23.23
平均时间:  all   53.27    0.00   14.63    0.00    0.13    8.73    0.00    0.00   23.23

Linux 2.6.32-431.el6.x86_64 (slave2) 	2019年07月24日 	_x86_64_	(8 CPU)

23时00分48秒  CPU    %usr   %nice    %sys %iowait    %irq   %soft  %steal  %guest   %idle
23时00分49秒  all   72.52    0.00   17.44    0.00    0.13    9.41    0.00    0.00    0.50
平均时间:  all   72.52    0.00   17.44    0.00    0.13    9.41    0.00    0.00    0.50

Linux 2.6.32-431.el6.x86_64 (slave2) 	2019年07月24日 	_x86_64_	(8 CPU)

23时00分52秒  CPU    %usr   %nice    %sys %iowait    %irq   %soft  %steal  %guest   %idle
23时00分53秒  all   77.69    0.00   14.04    0.00    0.00    6.14    0.00    0.00    2.13
平均时间:  all   77.69    0.00   14.04    0.00    0.00    6.14    0.00    0.00    2.13

Linux 2.6.32-431.el6.x86_64 (slave2) 	2019年07月24日 	_x86_64_	(8 CPU)

23时00分56秒  CPU    %usr   %nice    %sys %iowait    %irq   %soft  %steal  %guest   %idle
23时00分57秒  all   92.01    0.00    7.99    0.00    0.00    0.00    0.00    0.00    0.00
平均时间:  all   92.01    0.00    7.99    0.00    0.00    0.00    0.00    0.00    0.00

Linux 2.6.32-431.el6.x86_64 (slave2) 	2019年07月24日 	_x86_64_	(8 CPU)

23时01分00秒  CPU    %usr   %nice    %sys %iowait    %irq   %soft  %steal  %guest   %idle
23时01分01秒  all   92.99    0.00    6.63    0.00    0.00    0.13    0.00    0.00    0.25
平均时间:  all   92.99    0.00    6.63    0.00    0.00    0.13    0.00    0.00    0.25

Linux 2.6.32-431.el6.x86_64 (slave2) 	2019年07月24日 	_x86_64_	(8 CPU)

23时01分04秒  CPU    %usr   %nice    %sys %iowait    %irq   %soft  %steal  %guest   %idle
23时01分05秒  all   83.10    0.00   10.01    0.00    0.00    0.13    0.00    0.00    6.76
平均时间:  all   83.10    0.00   10.01    0.00    0.00    0.13    0.00    0.00    6.76

Linux 2.6.32-431.el6.x86_64 (slave2) 	2019年07月24日 	_x86_64_	(8 CPU)

23时01分08秒  CPU    %usr   %nice    %sys %iowait    %irq   %soft  %steal  %guest   %idle
23时01分09秒  all   77.93    0.00    6.68    0.00    0.00    0.00    0.00    0.00   15.38
平均时间:  all   77.93    0.00    6.68    0.00    0.00    0.00    0.00    0.00   15.38

Linux 2.6.32-431.el6.x86_64 (slave2) 	2019年07月24日 	_x86_64_	(8 CPU)

23时01分12秒  CPU    %usr   %nice    %sys %iowait    %irq   %soft  %steal  %guest   %idle
23时01分13秒  all   84.15    0.00    8.43    0.00    0.13    0.13    0.00    0.00    7.17
平均时间:  all   84.15    0.00    8.43    0.00    0.13    0.13    0.00    0.00    7.17

Linux 2.6.32-431.el6.x86_64 (slave2) 	2019年07月24日 	_x86_64_	(8 CPU)

23时01分16秒  CPU    %usr   %nice    %sys %iowait    %irq   %soft  %steal  %guest   %idle
23时01分17秒  all   77.33    0.00    4.16    0.00    0.00    0.13    0.00    0.00   18.39
平均时间:  all   77.33    0.00    4.16    0.00    0.00    0.13    0.00    0.00   18.39

Linux 2.6.32-431.el6.x86_64 (slave2) 	2019年07月24日 	_x86_64_	(8 CPU)

23时01分20秒  CPU    %usr   %nice    %sys %iowait    %irq   %soft  %steal  %guest   %idle
23时01分21秒  all   64.35    0.00    5.56    0.00    0.00    0.13    0.00    0.00   29.96
平均时间:  all   64.35    0.00    5.56    0.00    0.00    0.13    0.00    0.00   29.96

Linux 2.6.32-431.el6.x86_64 (slave2) 	2019年07月24日 	_x86_64_	(8 CPU)

23时01分24秒  CPU    %usr   %nice    %sys %iowait    %irq   %soft  %steal  %guest   %idle
23时01分25秒  all   68.70    0.00    6.87    0.00    0.00    0.13    0.00    0.00   24.30
平均时间:  all   68.70    0.00    6.87    0.00    0.00    0.13    0.00    0.00   24.30

Linux 2.6.32-431.el6.x86_64 (slave2) 	2019年07月24日 	_x86_64_	(8 CPU)

23时01分28秒  CPU    %usr   %nice    %sys %iowait    %irq   %soft  %steal  %guest   %idle
23时01分29秒  all   76.17    0.00    6.05    0.00    0.13    0.13    0.00    0.00   17.53
平均时间:  all   76.17    0.00    6.05    0.00    0.13    0.13    0.00    0.00   17.53

Linux 2.6.32-431.el6.x86_64 (slave2) 	2019年07月24日 	_x86_64_	(8 CPU)

23时01分32秒  CPU    %usr   %nice    %sys %iowait    %irq   %soft  %steal  %guest   %idle
23时01分33秒  all   57.40    0.00    9.57    0.00    0.00    0.64    0.00    0.00   32.40
平均时间:  all   57.40    0.00    9.57    0.00    0.00    0.64    0.00    0.00   32.40

Linux 2.6.32-431.el6.x86_64 (slave2) 	2019年07月24日 	_x86_64_	(8 CPU)

23时01分36秒  CPU    %usr   %nice    %sys %iowait    %irq   %soft  %steal  %guest   %idle
23时01分37秒  all   89.34    0.00    7.53    0.00    0.00    0.25    0.00    0.00    2.89
平均时间:  all   89.34    0.00    7.53    0.00    0.00    0.25    0.00    0.00    2.89

Linux 2.6.32-431.el6.x86_64 (slave2) 	2019年07月24日 	_x86_64_	(8 CPU)

23时01分40秒  CPU    %usr   %nice    %sys %iowait    %irq   %soft  %steal  %guest   %idle
23时01分41秒  all   64.94    0.00    4.56    0.00    0.00    0.76    0.00    0.00   29.75
平均时间:  all   64.94    0.00    4.56    0.00    0.00    0.76    0.00    0.00   29.75

Linux 2.6.32-431.el6.x86_64 (slave2) 	2019年07月24日 	_x86_64_	(8 CPU)

23时01分44秒  CPU    %usr   %nice    %sys %iowait    %irq   %soft  %steal  %guest   %idle
23时01分45秒  all   84.57    0.00    6.90    0.00    0.13    0.50    0.00    0.00    7.90
平均时间:  all   84.57    0.00    6.90    0.00    0.13    0.50    0.00    0.00    7.90

Linux 2.6.32-431.el6.x86_64 (slave2) 	2019年07月24日 	_x86_64_	(8 CPU)

23时01分48秒  CPU    %usr   %nice    %sys %iowait    %irq   %soft  %steal  %guest   %idle
23时01分49秒  all   88.86    0.00    9.01    0.00    0.00    0.00    0.00    0.00    2.13
平均时间:  all   88.86    0.00    9.01    0.00    0.00    0.00    0.00    0.00    2.13

Linux 2.6.32-431.el6.x86_64 (slave2) 	2019年07月24日 	_x86_64_	(8 CPU)

23时01分52秒  CPU    %usr   %nice    %sys %iowait    %irq   %soft  %steal  %guest   %idle
23时01分53秒  all   47.02    0.00   12.56    0.00    0.26   12.69    0.00    0.00   27.46
平均时间:  all   47.02    0.00   12.56    0.00    0.26   12.69    0.00    0.00   27.46

Linux 2.6.32-431.el6.x86_64 (slave2) 	2019年07月24日 	_x86_64_	(8 CPU)

23时01分56秒  CPU    %usr   %nice    %sys %iowait    %irq   %soft  %steal  %guest   %idle
23时01分57秒  all   42.00    0.00   12.48    0.00    0.52   15.47    0.00    0.00   29.52
平均时间:  all   42.00    0.00   12.48    0.00    0.52   15.47    0.00    0.00   29.52

Linux 2.6.32-431.el6.x86_64 (slave2) 	2019年07月24日 	_x86_64_	(8 CPU)

23时02分00秒  CPU    %usr   %nice    %sys %iowait    %irq   %soft  %steal  %guest   %idle
23时02分01秒  all   62.20    0.00   17.83    0.00    0.38   13.91    0.00    0.00    5.69
平均时间:  all   62.20    0.00   17.83    0.00    0.38   13.91    0.00    0.00    5.69

Linux 2.6.32-431.el6.x86_64 (slave2) 	2019年07月24日 	_x86_64_	(8 CPU)

23时02分04秒  CPU    %usr   %nice    %sys %iowait    %irq   %soft  %steal  %guest   %idle
23时02分05秒  all   42.10    0.00   20.73    0.00    0.52   16.06    0.00    0.00   20.60
平均时间:  all   42.10    0.00   20.73    0.00    0.52   16.06    0.00    0.00   20.60

Linux 2.6.32-431.el6.x86_64 (slave2) 	2019年07月24日 	_x86_64_	(8 CPU)

23时02分08秒  CPU    %usr   %nice    %sys %iowait    %irq   %soft  %steal  %guest   %idle
23时02分09秒  all   63.28    0.00   20.80    0.00    0.13   15.16    0.00    0.00    0.63
平均时间:  all   63.28    0.00   20.80    0.00    0.13   15.16    0.00    0.00    0.63

Linux 2.6.32-431.el6.x86_64 (slave2) 	2019年07月24日 	_x86_64_	(8 CPU)

23时02分12秒  CPU    %usr   %nice    %sys %iowait    %irq   %soft  %steal  %guest   %idle
23时02分13秒  all   60.30    0.00   24.25    0.00    0.13   15.08    0.00    0.00    0.25
平均时间:  all   60.30    0.00   24.25    0.00    0.13   15.08    0.00    0.00    0.25

Linux 2.6.32-431.el6.x86_64 (slave2) 	2019年07月24日 	_x86_64_	(8 CPU)

23时02分16秒  CPU    %usr   %nice    %sys %iowait    %irq   %soft  %steal  %guest   %idle
23时02分17秒  all   84.09    0.00   10.53    0.00    0.13    4.64    0.00    0.00    0.63
平均时间:  all   84.09    0.00   10.53    0.00    0.13    4.64    0.00    0.00    0.63

Linux 2.6.32-431.el6.x86_64 (slave2) 	2019年07月24日 	_x86_64_	(8 CPU)

23时02分20秒  CPU    %usr   %nice    %sys %iowait    %irq   %soft  %steal  %guest   %idle
23时02分21秒  all   85.38    0.00   10.88    0.00    0.00    3.75    0.00    0.00    0.00
平均时间:  all   85.38    0.00   10.88    0.00    0.00    3.75    0.00    0.00    0.00

Linux 2.6.32-431.el6.x86_64 (slave2) 	2019年07月24日 	_x86_64_	(8 CPU)

23时02分24秒  CPU    %usr   %nice    %sys %iowait    %irq   %soft  %steal  %guest   %idle
23时02分25秒  all   91.25    0.00    7.88    0.00    0.00    0.00    0.00    0.00    0.88
平均时间:  all   91.25    0.00    7.88    0.00    0.00    0.00    0.00    0.00    0.88

Linux 2.6.32-431.el6.x86_64 (slave2) 	2019年07月24日 	_x86_64_	(8 CPU)

23时02分29秒  CPU    %usr   %nice    %sys %iowait    %irq   %soft  %steal  %guest   %idle
23时02分30秒  all   78.78    0.00    9.53    0.00    0.00    0.00    0.00    0.00   11.69
平均时间:  all   78.78    0.00    9.53    0.00    0.00    0.00    0.00    0.00   11.69

Linux 2.6.32-431.el6.x86_64 (slave2) 	2019年07月24日 	_x86_64_	(8 CPU)

23时02分33秒  CPU    %usr   %nice    %sys %iowait    %irq   %soft  %steal  %guest   %idle
23时02分34秒  all   81.99    0.00    9.82    0.00    0.00    0.13    0.00    0.00    8.06
平均时间:  all   81.99    0.00    9.82    0.00    0.00    0.13    0.00    0.00    8.06

Linux 2.6.32-431.el6.x86_64 (slave2) 	2019年07月24日 	_x86_64_	(8 CPU)

23时02分37秒  CPU    %usr   %nice    %sys %iowait    %irq   %soft  %steal  %guest   %idle
23时02分38秒  all   24.30    0.00    2.66    0.00    0.00    0.00    0.00    0.00   73.04
平均时间:  all   24.30    0.00    2.66    0.00    0.00    0.00    0.00    0.00   73.04

Linux 2.6.32-431.el6.x86_64 (slave2) 	2019年07月24日 	_x86_64_	(8 CPU)

23时02分41秒  CPU    %usr   %nice    %sys %iowait    %irq   %soft  %steal  %guest   %idle
23时02分42秒  all   40.18    0.00    7.57    0.00    0.00    1.54    0.00    0.00   50.71
平均时间:  all   40.18    0.00    7.57    0.00    0.00    1.54    0.00    0.00   50.71

Linux 2.6.32-431.el6.x86_64 (slave2) 	2019年07月24日 	_x86_64_	(8 CPU)

23时02分45秒  CPU    %usr   %nice    %sys %iowait    %irq   %soft  %steal  %guest   %idle
23时02分46秒  all   12.32    0.00    9.11    0.00    0.00    4.36    0.00    0.00   74.20
平均时间:  all   12.32    0.00    9.11    0.00    0.00    4.36    0.00    0.00   74.20

Linux 2.6.32-431.el6.x86_64 (slave2) 	2019年07月24日 	_x86_64_	(8 CPU)

23时02分49秒  CPU    %usr   %nice    %sys %iowait    %irq   %soft  %steal  %guest   %idle
23时02分50秒  all   61.29    0.00    7.87    0.00    0.00    0.00    0.00    0.00   30.84
平均时间:  all   61.29    0.00    7.87    0.00    0.00    0.00    0.00    0.00   30.84

Linux 2.6.32-431.el6.x86_64 (slave2) 	2019年07月24日 	_x86_64_	(8 CPU)

23时02分53秒  CPU    %usr   %nice    %sys %iowait    %irq   %soft  %steal  %guest   %idle
23时02分54秒  all   64.96    0.00   10.61    0.00    0.00    0.00    0.00    0.00   24.42
平均时间:  all   64.96    0.00   10.61    0.00    0.00    0.00    0.00    0.00   24.42

Linux 2.6.32-431.el6.x86_64 (slave2) 	2019年07月24日 	_x86_64_	(8 CPU)

23时02分57秒  CPU    %usr   %nice    %sys %iowait    %irq   %soft  %steal  %guest   %idle
23时02分58秒  all   86.45    0.00    9.66    0.00    0.00    0.00    0.00    0.00    3.89
平均时间:  all   86.45    0.00    9.66    0.00    0.00    0.00    0.00    0.00    3.89

Linux 2.6.32-431.el6.x86_64 (slave2) 	2019年07月24日 	_x86_64_	(8 CPU)

23时03分01秒  CPU    %usr   %nice    %sys %iowait    %irq   %soft  %steal  %guest   %idle
23时03分02秒  all   41.43    0.00    3.45    0.00    0.13    0.64    0.00    0.00   54.35
平均时间:  all   41.43    0.00    3.45    0.00    0.13    0.64    0.00    0.00   54.35

Linux 2.6.32-431.el6.x86_64 (slave2) 	2019年07月24日 	_x86_64_	(8 CPU)

23时03分05秒  CPU    %usr   %nice    %sys %iowait    %irq   %soft  %steal  %guest   %idle
23时03分06秒  all   56.85    0.00   11.17    0.00    0.00    1.27    0.00    0.00   30.71
平均时间:  all   56.85    0.00   11.17    0.00    0.00    1.27    0.00    0.00   30.71

Linux 2.6.32-431.el6.x86_64 (slave2) 	2019年07月24日 	_x86_64_	(8 CPU)

23时03分09秒  CPU    %usr   %nice    %sys %iowait    %irq   %soft  %steal  %guest   %idle
23时03分10秒  all   61.74    0.00    3.16    0.00    0.00    0.38    0.00    0.00   34.72
平均时间:  all   61.74    0.00    3.16    0.00    0.00    0.38    0.00    0.00   34.72

Linux 2.6.32-431.el6.x86_64 (slave2) 	2019年07月24日 	_x86_64_	(8 CPU)

23时03分13秒  CPU    %usr   %nice    %sys %iowait    %irq   %soft  %steal  %guest   %idle
23时03分14秒  all   52.22    0.00    5.20    0.00    0.00    0.38    0.00    0.00   42.21
平均时间:  all   52.22    0.00    5.20    0.00    0.00    0.38    0.00    0.00   42.21

Linux 2.6.32-431.el6.x86_64 (slave2) 	2019年07月24日 	_x86_64_	(8 CPU)

23时03分17秒  CPU    %usr   %nice    %sys %iowait    %irq   %soft  %steal  %guest   %idle
23时03分18秒  all   57.40    0.00    6.07    0.00    0.00    3.03    0.00    0.00   33.50
平均时间:  all   57.40    0.00    6.07    0.00    0.00    3.03    0.00    0.00   33.50

Linux 2.6.32-431.el6.x86_64 (slave2) 	2019年07月24日 	_x86_64_	(8 CPU)

23时03分21秒  CPU    %usr   %nice    %sys %iowait    %irq   %soft  %steal  %guest   %idle
23时03分22秒  all   44.24    0.00    6.60    0.00    0.26    3.10    0.00    0.00   45.80
平均时间:  all   44.24    0.00    6.60    0.00    0.26    3.10    0.00    0.00   45.80

Linux 2.6.32-431.el6.x86_64 (slave2) 	2019年07月24日 	_x86_64_	(8 CPU)

23时03分25秒  CPU    %usr   %nice    %sys %iowait    %irq   %soft  %steal  %guest   %idle
23时03分26秒  all   34.95    0.00   12.75    0.00    0.39   12.22    0.00    0.00   39.68
平均时间:  all   34.95    0.00   12.75    0.00    0.39   12.22    0.00    0.00   39.68

Linux 2.6.32-431.el6.x86_64 (slave2) 	2019年07月24日 	_x86_64_	(8 CPU)

23时03分29秒  CPU    %usr   %nice    %sys %iowait    %irq   %soft  %steal  %guest   %idle
23时03分30秒  all   65.29    0.00   17.35    0.00    0.25   16.98    0.00    0.00    0.12
平均时间:  all   65.29    0.00   17.35    0.00    0.25   16.98    0.00    0.00    0.12

Linux 2.6.32-431.el6.x86_64 (slave2) 	2019年07月24日 	_x86_64_	(8 CPU)

23时03分33秒  CPU    %usr   %nice    %sys %iowait    %irq   %soft  %steal  %guest   %idle
23时03分34秒  all   51.91    0.00   15.90    0.00    0.39   11.43    0.00    0.00   20.37
平均时间:  all   51.91    0.00   15.90    0.00    0.39   11.43    0.00    0.00   20.37

Linux 2.6.32-431.el6.x86_64 (slave2) 	2019年07月24日 	_x86_64_	(8 CPU)

23时03分37秒  CPU    %usr   %nice    %sys %iowait    %irq   %soft  %steal  %guest   %idle
23时03分38秒  all   20.94    0.00   17.99    0.00    0.13   14.09    0.00    0.00   46.85
平均时间:  all   20.94    0.00   17.99    0.00    0.13   14.09    0.00    0.00   46.85

Linux 2.6.32-431.el6.x86_64 (slave2) 	2019年07月24日 	_x86_64_	(8 CPU)

23时03分41秒  CPU    %usr   %nice    %sys %iowait    %irq   %soft  %steal  %guest   %idle
23时03分42秒  all   51.92    0.00   18.46    0.00    0.38   16.41    0.00    0.00   12.82
平均时间:  all   51.92    0.00   18.46    0.00    0.38   16.41    0.00    0.00   12.82

Linux 2.6.32-431.el6.x86_64 (slave2) 	2019年07月24日 	_x86_64_	(8 CPU)

23时03分45秒  CPU    %usr   %nice    %sys %iowait    %irq   %soft  %steal  %guest   %idle
23时03分46秒  all   69.21    0.00   17.27    0.00    0.13   12.52    0.00    0.00    0.88
平均时间:  all   69.21    0.00   17.27    0.00    0.13   12.52    0.00    0.00    0.88

Linux 2.6.32-431.el6.x86_64 (slave2) 	2019年07月24日 	_x86_64_	(8 CPU)

23时03分49秒  CPU    %usr   %nice    %sys %iowait    %irq   %soft  %steal  %guest   %idle
23时03分50秒  all   67.68    0.00   22.35    0.00    0.13    8.96    0.00    0.00    0.88
平均时间:  all   67.68    0.00   22.35    0.00    0.13    8.96    0.00    0.00    0.88

Linux 2.6.32-431.el6.x86_64 (slave2) 	2019年07月24日 	_x86_64_	(8 CPU)

23时03分53秒  CPU    %usr   %nice    %sys %iowait    %irq   %soft  %steal  %guest   %idle
23时03分54秒  all   83.48    0.00    8.32    0.00    0.00    0.00    0.00    0.00    8.20
平均时间:  all   83.48    0.00    8.32    0.00    0.00    0.00    0.00    0.00    8.20

Linux 2.6.32-431.el6.x86_64 (slave2) 	2019年07月24日 	_x86_64_	(8 CPU)

23时03分57秒  CPU    %usr   %nice    %sys %iowait    %irq   %soft  %steal  %guest   %idle
23时03分58秒  all   85.50    0.00    7.38    0.00    0.00    0.64    0.00    0.00    6.49
平均时间:  all   85.50    0.00    7.38    0.00    0.00    0.64    0.00    0.00    6.49

Linux 2.6.32-431.el6.x86_64 (slave2) 	2019年07月24日 	_x86_64_	(8 CPU)

23时04分01秒  CPU    %usr   %nice    %sys %iowait    %irq   %soft  %steal  %guest   %idle
23时04分02秒  all   65.06    0.00    6.99    0.00    0.00    0.64    0.00    0.00   27.32
平均时间:  all   65.06    0.00    6.99    0.00    0.00    0.64    0.00    0.00   27.32

Linux 2.6.32-431.el6.x86_64 (slave2) 	2019年07月24日 	_x86_64_	(8 CPU)

23时04分05秒  CPU    %usr   %nice    %sys %iowait    %irq   %soft  %steal  %guest   %idle
23时04分06秒  all   61.77    0.00    4.94    0.00    0.00    0.89    0.00    0.00   32.41
平均时间:  all   61.77    0.00    4.94    0.00    0.00    0.89    0.00    0.00   32.41

Linux 2.6.32-431.el6.x86_64 (slave2) 	2019年07月24日 	_x86_64_	(8 CPU)

23时04分09秒  CPU    %usr   %nice    %sys %iowait    %irq   %soft  %steal  %guest   %idle
23时04分10秒  all   63.14    0.00    4.85    0.00    0.00    1.15    0.00    0.00   30.87
平均时间:  all   63.14    0.00    4.85    0.00    0.00    1.15    0.00    0.00   30.87

Linux 2.6.32-431.el6.x86_64 (slave2) 	2019年07月24日 	_x86_64_	(8 CPU)

23时04分13秒  CPU    %usr   %nice    %sys %iowait    %irq   %soft  %steal  %guest   %idle
23时04分14秒  all   66.20    0.00    5.72    0.00    0.00    1.14    0.00    0.00   26.94
平均时间:  all   66.20    0.00    5.72    0.00    0.00    1.14    0.00    0.00   26.94

Linux 2.6.32-431.el6.x86_64 (slave2) 	2019年07月24日 	_x86_64_	(8 CPU)

23时04分17秒  CPU    %usr   %nice    %sys %iowait    %irq   %soft  %steal  %guest   %idle
23时04分18秒  all   61.55    0.00    4.44    0.00    0.00    0.76    0.00    0.00   33.25
平均时间:  all   61.55    0.00    4.44    0.00    0.00    0.76    0.00    0.00   33.25

Linux 2.6.32-431.el6.x86_64 (slave2) 	2019年07月24日 	_x86_64_	(8 CPU)

23时04分21秒  CPU    %usr   %nice    %sys %iowait    %irq   %soft  %steal  %guest   %idle
23时04分22秒  all   27.44    0.00    3.21    0.00    0.00    0.90    0.00    0.00   68.46
平均时间:  all   27.44    0.00    3.21    0.00    0.00    0.90    0.00    0.00   68.46

Linux 2.6.32-431.el6.x86_64 (slave2) 	2019年07月24日 	_x86_64_	(8 CPU)

23时04分25秒  CPU    %usr   %nice    %sys %iowait    %irq   %soft  %steal  %guest   %idle
23时04分26秒  all   27.54    0.00    2.41    0.00    0.13    1.02    0.00    0.00   68.91
平均时间:  all   27.54    0.00    2.41    0.00    0.13    1.02    0.00    0.00   68.91

Linux 2.6.32-431.el6.x86_64 (slave2) 	2019年07月24日 	_x86_64_	(8 CPU)

23时04分29秒  CPU    %usr   %nice    %sys %iowait    %irq   %soft  %steal  %guest   %idle
23时04分30秒  all   53.27    0.00    5.89    0.00    0.00    0.38    0.00    0.00   40.46
平均时间:  all   53.27    0.00    5.89    0.00    0.00    0.38    0.00    0.00   40.46

Linux 2.6.32-431.el6.x86_64 (slave2) 	2019年07月24日 	_x86_64_	(8 CPU)

23时04分33秒  CPU    %usr   %nice    %sys %iowait    %irq   %soft  %steal  %guest   %idle
23时04分34秒  all   79.46    0.00   11.61    0.00    0.00    1.66    0.00    0.00    7.27
平均时间:  all   79.46    0.00   11.61    0.00    0.00    1.66    0.00    0.00    7.27

Linux 2.6.32-431.el6.x86_64 (slave2) 	2019年07月24日 	_x86_64_	(8 CPU)

23时04分37秒  CPU    %usr   %nice    %sys %iowait    %irq   %soft  %steal  %guest   %idle
23时04分38秒  all   54.95    0.00   13.20    0.00    0.00    0.25    0.00    0.00   31.60
平均时间:  all   54.95    0.00   13.20    0.00    0.00    0.25    0.00    0.00   31.60

Linux 2.6.32-431.el6.x86_64 (slave2) 	2019年07月24日 	_x86_64_	(8 CPU)

23时04分41秒  CPU    %usr   %nice    %sys %iowait    %irq   %soft  %steal  %guest   %idle
23时04分42秒  all   49.03    0.00   10.06    0.00    0.00    4.39    0.00    0.00   36.52
平均时间:  all   49.03    0.00   10.06    0.00    0.00    4.39    0.00    0.00   36.52

Linux 2.6.32-431.el6.x86_64 (slave2) 	2019年07月24日 	_x86_64_	(8 CPU)

23时04分45秒  CPU    %usr   %nice    %sys %iowait    %irq   %soft  %steal  %guest   %idle
23时04分46秒  all   53.41    0.00    4.55    0.00    0.00    0.38    0.00    0.00   41.67
平均时间:  all   53.41    0.00    4.55    0.00    0.00    0.38    0.00    0.00   41.67

Linux 2.6.32-431.el6.x86_64 (slave2) 	2019年07月24日 	_x86_64_	(8 CPU)

23时04分49秒  CPU    %usr   %nice    %sys %iowait    %irq   %soft  %steal  %guest   %idle
23时04分50秒  all   78.67    0.00   15.93    0.00    0.13    1.63    0.00    0.00    3.64
平均时间:  all   78.67    0.00   15.93    0.00    0.13    1.63    0.00    0.00    3.64

Linux 2.6.32-431.el6.x86_64 (slave2) 	2019年07月24日 	_x86_64_	(8 CPU)

23时04分53秒  CPU    %usr   %nice    %sys %iowait    %irq   %soft  %steal  %guest   %idle
23时04分54秒  all   81.55    0.00   14.59    0.00    0.12    3.12    0.00    0.00    0.62
平均时间:  all   81.55    0.00   14.59    0.00    0.12    3.12    0.00    0.00    0.62

Linux 2.6.32-431.el6.x86_64 (slave2) 	2019年07月24日 	_x86_64_	(8 CPU)

23时04分57秒  CPU    %usr   %nice    %sys %iowait    %irq   %soft  %steal  %guest   %idle
23时04分58秒  all   71.00    0.00   16.75    0.00    0.12   12.12    0.00    0.00    0.00
平均时间:  all   71.00    0.00   16.75    0.00    0.12   12.12    0.00    0.00    0.00

Linux 2.6.32-431.el6.x86_64 (slave2) 	2019年07月24日 	_x86_64_	(8 CPU)

23时05分01秒  CPU    %usr   %nice    %sys %iowait    %irq   %soft  %steal  %guest   %idle
23时05分02秒  all   64.15    0.00   21.38    0.00    0.38   13.21    0.00    0.00    0.88
平均时间:  all   64.15    0.00   21.38    0.00    0.38   13.21    0.00    0.00    0.88

Linux 2.6.32-431.el6.x86_64 (slave2) 	2019年07月24日 	_x86_64_	(8 CPU)

23时05分06秒  CPU    %usr   %nice    %sys %iowait    %irq   %soft  %steal  %guest   %idle
23时05分07秒  all   69.07    0.00   19.38    0.00    0.25   11.18    0.00    0.00    0.12
平均时间:  all   69.07    0.00   19.38    0.00    0.25   11.18    0.00    0.00    0.12

Linux 2.6.32-431.el6.x86_64 (slave2) 	2019年07月24日 	_x86_64_	(8 CPU)

23时05分10秒  CPU    %usr   %nice    %sys %iowait    %irq   %soft  %steal  %guest   %idle
23时05分11秒  all   52.70    0.00   27.55    0.00    0.50   18.24    0.00    0.00    1.01
平均时间:  all   52.70    0.00   27.55    0.00    0.50   18.24    0.00    0.00    1.01

Linux 2.6.32-431.el6.x86_64 (slave2) 	2019年07月24日 	_x86_64_	(8 CPU)

23时05分14秒  CPU    %usr   %nice    %sys %iowait    %irq   %soft  %steal  %guest   %idle
23时05分15秒  all   66.75    0.00   18.39    0.00    0.50   11.21    0.00    0.00    3.15
平均时间:  all   66.75    0.00   18.39    0.00    0.50   11.21    0.00    0.00    3.15

Linux 2.6.32-431.el6.x86_64 (slave2) 	2019年07月24日 	_x86_64_	(8 CPU)

23时05分18秒  CPU    %usr   %nice    %sys %iowait    %irq   %soft  %steal  %guest   %idle
23时05分19秒  all   73.86    0.00   17.93    0.00    0.25    7.70    0.00    0.00    0.25
平均时间:  all   73.86    0.00   17.93    0.00    0.25    7.70    0.00    0.00    0.25

Linux 2.6.32-431.el6.x86_64 (slave2) 	2019年07月24日 	_x86_64_	(8 CPU)

23时05分22秒  CPU    %usr   %nice    %sys %iowait    %irq   %soft  %steal  %guest   %idle
23时05分23秒  all   21.71    0.00    3.96    0.00    0.00    0.00    0.00    0.00   74.33
平均时间:  all   21.71    0.00    3.96    0.00    0.00    0.00    0.00    0.00   74.33

Linux 2.6.32-431.el6.x86_64 (slave2) 	2019年07月24日 	_x86_64_	(8 CPU)

23时05分26秒  CPU    %usr   %nice    %sys %iowait    %irq   %soft  %steal  %guest   %idle
23时05分27秒  all   77.43    0.00   12.11    0.00    0.00    0.88    0.00    0.00    9.58
平均时间:  all   77.43    0.00   12.11    0.00    0.00    0.88    0.00    0.00    9.58

Linux 2.6.32-431.el6.x86_64 (slave2) 	2019年07月24日 	_x86_64_	(8 CPU)

23时05分30秒  CPU    %usr   %nice    %sys %iowait    %irq   %soft  %steal  %guest   %idle
23时05分31秒  all   70.54    0.00   11.00    0.00    0.00    0.00    0.00    0.00   18.46
平均时间:  all   70.54    0.00   11.00    0.00    0.00    0.00    0.00    0.00   18.46

Linux 2.6.32-431.el6.x86_64 (slave2) 	2019年07月24日 	_x86_64_	(8 CPU)

23时05分34秒  CPU    %usr   %nice    %sys %iowait    %irq   %soft  %steal  %guest   %idle
23时05分35秒  all   65.60    0.00   14.51    0.00    0.00    0.00    0.00    0.00   19.90
平均时间:  all   65.60    0.00   14.51    0.00    0.00    0.00    0.00    0.00   19.90

Linux 2.6.32-431.el6.x86_64 (slave2) 	2019年07月24日 	_x86_64_	(8 CPU)

23时05分38秒  CPU    %usr   %nice    %sys %iowait    %irq   %soft  %steal  %guest   %idle
23时05分39秒  all   32.31    0.00   11.62    0.00    0.00    2.43    0.00    0.00   53.64
平均时间:  all   32.31    0.00   11.62    0.00    0.00    2.43    0.00    0.00   53.64

Linux 2.6.32-431.el6.x86_64 (slave2) 	2019年07月24日 	_x86_64_	(8 CPU)

23时05分42秒  CPU    %usr   %nice    %sys %iowait    %irq   %soft  %steal  %guest   %idle
23时05分43秒  all   60.82    0.00    9.48    0.00    0.00    0.00    0.00    0.00   29.71
平均时间:  all   60.82    0.00    9.48    0.00    0.00    0.00    0.00    0.00   29.71

Linux 2.6.32-431.el6.x86_64 (slave2) 	2019年07月24日 	_x86_64_	(8 CPU)

23时05分46秒  CPU    %usr   %nice    %sys %iowait    %irq   %soft  %steal  %guest   %idle
23时05分47秒  all   87.94    0.00    9.55    0.00    0.00    0.00    0.00    0.00    2.51
平均时间:  all   87.94    0.00    9.55    0.00    0.00    0.00    0.00    0.00    2.51

Linux 2.6.32-431.el6.x86_64 (slave2) 	2019年07月24日 	_x86_64_	(8 CPU)

23时05分50秒  CPU    %usr   %nice    %sys %iowait    %irq   %soft  %steal  %guest   %idle
23时05分51秒  all   77.90    0.00    9.85    0.00    0.00    0.25    0.00    0.00   11.99
平均时间:  all   77.90    0.00    9.85    0.00    0.00    0.25    0.00    0.00   11.99

Linux 2.6.32-431.el6.x86_64 (slave2) 	2019年07月24日 	_x86_64_	(8 CPU)

23时05分54秒  CPU    %usr   %nice    %sys %iowait    %irq   %soft  %steal  %guest   %idle
23时05分55秒  all   71.08    0.00   14.14    0.13    0.00    0.51    0.00    0.00   14.14
平均时间:  all   71.08    0.00   14.14    0.13    0.00    0.51    0.00    0.00   14.14

Linux 2.6.32-431.el6.x86_64 (slave2) 	2019年07月24日 	_x86_64_	(8 CPU)

23时05分58秒  CPU    %usr   %nice    %sys %iowait    %irq   %soft  %steal  %guest   %idle
23时05分59秒  all   83.25    0.00   10.15    0.00    0.00    0.38    0.00    0.00    6.22
平均时间:  all   83.25    0.00   10.15    0.00    0.00    0.38    0.00    0.00    6.22

Linux 2.6.32-431.el6.x86_64 (slave2) 	2019年07月24日 	_x86_64_	(8 CPU)

23时06分02秒  CPU    %usr   %nice    %sys %iowait    %irq   %soft  %steal  %guest   %idle
23时06分03秒  all   83.65    0.00    6.84    0.00    0.00    0.63    0.00    0.00    8.87
平均时间:  all   83.65    0.00    6.84    0.00    0.00    0.63    0.00    0.00    8.87

Linux 2.6.32-431.el6.x86_64 (slave2) 	2019年07月24日 	_x86_64_	(8 CPU)

23时06分06秒  CPU    %usr   %nice    %sys %iowait    %irq   %soft  %steal  %guest   %idle
23时06分07秒  all   90.53    0.00    6.31    0.00    0.00    0.51    0.00    0.00    2.65
平均时间:  all   90.53    0.00    6.31    0.00    0.00    0.51    0.00    0.00    2.65

Linux 2.6.32-431.el6.x86_64 (slave2) 	2019年07月24日 	_x86_64_	(8 CPU)

23时06分10秒  CPU    %usr   %nice    %sys %iowait    %irq   %soft  %steal  %guest   %idle
23时06分11秒  all   72.87    0.00    4.08    0.00    0.00    0.89    0.00    0.00   22.17
平均时间:  all   72.87    0.00    4.08    0.00    0.00    0.89    0.00    0.00   22.17

Linux 2.6.32-431.el6.x86_64 (slave2) 	2019年07月24日 	_x86_64_	(8 CPU)

23时06分14秒  CPU    %usr   %nice    %sys %iowait    %irq   %soft  %steal  %guest   %idle
23时06分15秒  all   46.62    0.00    4.33    0.00    0.00    1.02    0.00    0.00   48.03
平均时间:  all   46.62    0.00    4.33    0.00    0.00    1.02    0.00    0.00   48.03

Linux 2.6.32-431.el6.x86_64 (slave2) 	2019年07月24日 	_x86_64_	(8 CPU)

23时06分18秒  CPU    %usr   %nice    %sys %iowait    %irq   %soft  %steal  %guest   %idle
23时06分19秒  all   66.58    0.00    3.43    0.00    0.00    0.76    0.00    0.00   29.22
平均时间:  all   66.58    0.00    3.43    0.00    0.00    0.76    0.00    0.00   29.22

Linux 2.6.32-431.el6.x86_64 (slave2) 	2019年07月24日 	_x86_64_	(8 CPU)

23时06分22秒  CPU    %usr   %nice    %sys %iowait    %irq   %soft  %steal  %guest   %idle
23时06分23秒  all   58.22    0.00    4.08    0.00    0.00    0.89    0.00    0.00   36.82
平均时间:  all   58.22    0.00    4.08    0.00    0.00    0.89    0.00    0.00   36.82

Linux 2.6.32-431.el6.x86_64 (slave2) 	2019年07月24日 	_x86_64_	(8 CPU)

23时06分26秒  CPU    %usr   %nice    %sys %iowait    %irq   %soft  %steal  %guest   %idle
23时06分27秒  all   36.75    0.00    5.51    0.00    0.00    0.38    0.00    0.00   57.36
平均时间:  all   36.75    0.00    5.51    0.00    0.00    0.38    0.00    0.00   57.36

Linux 2.6.32-431.el6.x86_64 (slave2) 	2019年07月24日 	_x86_64_	(8 CPU)

23时06分30秒  CPU    %usr   %nice    %sys %iowait    %irq   %soft  %steal  %guest   %idle
23时06分31秒  all   75.76    0.00    6.35    0.00    0.00    0.76    0.00    0.00   17.13
平均时间:  all   75.76    0.00    6.35    0.00    0.00    0.76    0.00    0.00   17.13

Linux 2.6.32-431.el6.x86_64 (slave2) 	2019年07月24日 	_x86_64_	(8 CPU)

23时06分34秒  CPU    %usr   %nice    %sys %iowait    %irq   %soft  %steal  %guest   %idle
23时06分35秒  all   68.58    0.00    9.32    0.00    0.13    1.15    0.00    0.00   20.82
平均时间:  all   68.58    0.00    9.32    0.00    0.13    1.15    0.00    0.00   20.82

Linux 2.6.32-431.el6.x86_64 (slave2) 	2019年07月24日 	_x86_64_	(8 CPU)

23时06分38秒  CPU    %usr   %nice    %sys %iowait    %irq   %soft  %steal  %guest   %idle
23时06分39秒  all   64.40    0.00   11.95    0.00    0.00    1.54    0.00    0.00   22.11
平均时间:  all   64.40    0.00   11.95    0.00    0.00    1.54    0.00    0.00   22.11

Linux 2.6.32-431.el6.x86_64 (slave2) 	2019年07月24日 	_x86_64_	(8 CPU)

23时06分42秒  CPU    %usr   %nice    %sys %iowait    %irq   %soft  %steal  %guest   %idle
23时06分43秒  all   50.58    0.00   15.62    0.00    0.00    0.13    0.00    0.00   33.67
平均时间:  all   50.58    0.00   15.62    0.00    0.00    0.13    0.00    0.00   33.67

Linux 2.6.32-431.el6.x86_64 (slave2) 	2019年07月24日 	_x86_64_	(8 CPU)

23时06分46秒  CPU    %usr   %nice    %sys %iowait    %irq   %soft  %steal  %guest   %idle
23时06分47秒  all   58.45    0.00    6.23    0.00    0.00    0.13    0.00    0.00   35.20
平均时间:  all   58.45    0.00    6.23    0.00    0.00    0.13    0.00    0.00   35.20

Linux 2.6.32-431.el6.x86_64 (slave2) 	2019年07月24日 	_x86_64_	(8 CPU)

23时06分50秒  CPU    %usr   %nice    %sys %iowait    %irq   %soft  %steal  %guest   %idle
23时06分51秒  all   30.14    0.00   12.03    0.00    0.00    7.76    0.00    0.00   50.06
平均时间:  all   30.14    0.00   12.03    0.00    0.00    7.76    0.00    0.00   50.06

Linux 2.6.32-431.el6.x86_64 (slave2) 	2019年07月24日 	_x86_64_	(8 CPU)

23时06分54秒  CPU    %usr   %nice    %sys %iowait    %irq   %soft  %steal  %guest   %idle
23时06分55秒  all   89.21    0.00    9.28    0.00    0.00    0.13    0.00    0.00    1.38
平均时间:  all   89.21    0.00    9.28    0.00    0.00    0.13    0.00    0.00    1.38

Linux 2.6.32-431.el6.x86_64 (slave2) 	2019年07月24日 	_x86_64_	(8 CPU)

23时06分58秒  CPU    %usr   %nice    %sys %iowait    %irq   %soft  %steal  %guest   %idle
23时06分59秒  all   92.27    0.00    7.11    0.00    0.00    0.00    0.00    0.00    0.62
平均时间:  all   92.27    0.00    7.11    0.00    0.00    0.00    0.00    0.00    0.62

Linux 2.6.32-431.el6.x86_64 (slave2) 	2019年07月24日 	_x86_64_	(8 CPU)

23时07分02秒  CPU    %usr   %nice    %sys %iowait    %irq   %soft  %steal  %guest   %idle
23时07分03秒  all   90.21    0.00    6.90    0.00    0.00    0.00    0.00    0.00    2.89
平均时间:  all   90.21    0.00    6.90    0.00    0.00    0.00    0.00    0.00    2.89

Linux 2.6.32-431.el6.x86_64 (slave2) 	2019年07月24日 	_x86_64_	(8 CPU)

23时07分06秒  CPU    %usr   %nice    %sys %iowait    %irq   %soft  %steal  %guest   %idle
23时07分07秒  all   89.75    0.00    9.62    0.00    0.00    0.12    0.00    0.00    0.50
平均时间:  all   89.75    0.00    9.62    0.00    0.00    0.12    0.00    0.00    0.50

Linux 2.6.32-431.el6.x86_64 (slave2) 	2019年07月24日 	_x86_64_	(8 CPU)

23时07分10秒  CPU    %usr   %nice    %sys %iowait    %irq   %soft  %steal  %guest   %idle
23时07分11秒  all   32.69    0.00    7.79    0.00    0.00    1.02    0.00    0.00   58.49
平均时间:  all   32.69    0.00    7.79    0.00    0.00    1.02    0.00    0.00   58.49

Linux 2.6.32-431.el6.x86_64 (slave2) 	2019年07月24日 	_x86_64_	(8 CPU)

23时07分14秒  CPU    %usr   %nice    %sys %iowait    %irq   %soft  %steal  %guest   %idle
23时07分15秒  all    0.63    0.00    0.25    0.00    0.00    0.00    0.00    0.00   99.12
平均时间:  all    0.63    0.00    0.25    0.00    0.00    0.00    0.00    0.00   99.12

Linux 2.6.32-431.el6.x86_64 (slave2) 	2019年07月24日 	_x86_64_	(8 CPU)

23时07分18秒  CPU    %usr   %nice    %sys %iowait    %irq   %soft  %steal  %guest   %idle
23时07分19秒  all   63.90    0.00    5.99    0.00    0.00    0.00    0.00    0.00   30.10
平均时间:  all   63.90    0.00    5.99    0.00    0.00    0.00    0.00    0.00   30.10

Linux 2.6.32-431.el6.x86_64 (slave2) 	2019年07月24日 	_x86_64_	(8 CPU)

23时07分22秒  CPU    %usr   %nice    %sys %iowait    %irq   %soft  %steal  %guest   %idle
23时07分23秒  all   51.98    0.00   10.09    0.00    0.00    0.00    0.00    0.00   37.93
平均时间:  all   51.98    0.00   10.09    0.00    0.00    0.00    0.00    0.00   37.93

Linux 2.6.32-431.el6.x86_64 (slave2) 	2019年07月24日 	_x86_64_	(8 CPU)

23时07分26秒  CPU    %usr   %nice    %sys %iowait    %irq   %soft  %steal  %guest   %idle
23时07分27秒  all    9.68    0.00    7.77    0.00    0.00    0.00    0.00    0.00   82.55
平均时间:  all    9.68    0.00    7.77    0.00    0.00    0.00    0.00    0.00   82.55

Linux 2.6.32-431.el6.x86_64 (slave2) 	2019年07月24日 	_x86_64_	(8 CPU)

23时07分30秒  CPU    %usr   %nice    %sys %iowait    %irq   %soft  %steal  %guest   %idle
23时07分31秒  all   22.65    0.00    5.53    0.00    0.00    5.66    0.00    0.00   66.15
平均时间:  all   22.65    0.00    5.53    0.00    0.00    5.66    0.00    0.00   66.15

Linux 2.6.32-431.el6.x86_64 (slave2) 	2019年07月24日 	_x86_64_	(8 CPU)

23时07分34秒  CPU    %usr   %nice    %sys %iowait    %irq   %soft  %steal  %guest   %idle
23时07分35秒  all   27.98    0.00    4.36    0.00    0.00    2.70    0.00    0.00   64.96
平均时间:  all   27.98    0.00    4.36    0.00    0.00    2.70    0.00    0.00   64.96

Linux 2.6.32-431.el6.x86_64 (slave2) 	2019年07月24日 	_x86_64_	(8 CPU)

23时07分38秒  CPU    %usr   %nice    %sys %iowait    %irq   %soft  %steal  %guest   %idle
23时07分39秒  all   70.63    0.00   10.47    0.00    0.00    0.00    0.00    0.00   18.90
平均时间:  all   70.63    0.00   10.47    0.00    0.00    0.00    0.00    0.00   18.90

Linux 2.6.32-431.el6.x86_64 (slave2) 	2019年07月24日 	_x86_64_	(8 CPU)

23时07分42秒  CPU    %usr   %nice    %sys %iowait    %irq   %soft  %steal  %guest   %idle
23时07分43秒  all   75.80    0.00    5.99    0.00    0.00    0.00    0.00    0.00   18.22
平均时间:  all   75.80    0.00    5.99    0.00    0.00    0.00    0.00    0.00   18.22

Linux 2.6.32-431.el6.x86_64 (slave2) 	2019年07月24日 	_x86_64_	(8 CPU)

23时07分46秒  CPU    %usr   %nice    %sys %iowait    %irq   %soft  %steal  %guest   %idle
23时07分47秒  all   65.49    0.00    4.93    0.00    0.00    0.38    0.00    0.00   29.20
平均时间:  all   65.49    0.00    4.93    0.00    0.00    0.38    0.00    0.00   29.20

Linux 2.6.32-431.el6.x86_64 (slave2) 	2019年07月24日 	_x86_64_	(8 CPU)

23时07分50秒  CPU    %usr   %nice    %sys %iowait    %irq   %soft  %steal  %guest   %idle
23时07分51秒  all   58.94    0.00    2.41    0.00    0.00    0.51    0.00    0.00   38.15
平均时间:  all   58.94    0.00    2.41    0.00    0.00    0.51    0.00    0.00   38.15

Linux 2.6.32-431.el6.x86_64 (slave2) 	2019年07月24日 	_x86_64_	(8 CPU)

23时07分54秒  CPU    %usr   %nice    %sys %iowait    %irq   %soft  %steal  %guest   %idle
23时07分55秒  all   68.27    0.00    2.78    0.00    0.00    0.51    0.00    0.00   28.45
平均时间:  all   68.27    0.00    2.78    0.00    0.00    0.51    0.00    0.00   28.45

Linux 2.6.32-431.el6.x86_64 (slave2) 	2019年07月24日 	_x86_64_	(8 CPU)

23时07分58秒  CPU    %usr   %nice    %sys %iowait    %irq   %soft  %steal  %guest   %idle
23时07分59秒  all   50.63    0.00    3.16    0.00    0.00    1.26    0.00    0.00   44.95
平均时间:  all   50.63    0.00    3.16    0.00    0.00    1.26    0.00    0.00   44.95

Linux 2.6.32-431.el6.x86_64 (slave2) 	2019年07月24日 	_x86_64_	(8 CPU)

23时08分02秒  CPU    %usr   %nice    %sys %iowait    %irq   %soft  %steal  %guest   %idle
23时08分03秒  all   49.11    0.00    3.67    0.00    0.00    1.14    0.00    0.00   46.08
平均时间:  all   49.11    0.00    3.67    0.00    0.00    1.14    0.00    0.00   46.08

Linux 2.6.32-431.el6.x86_64 (slave2) 	2019年07月24日 	_x86_64_	(8 CPU)

23时08分06秒  CPU    %usr   %nice    %sys %iowait    %irq   %soft  %steal  %guest   %idle
23时08分07秒  all   38.68    0.00    5.09    0.00    0.00    3.18    0.00    0.00   53.05
平均时间:  all   38.68    0.00    5.09    0.00    0.00    3.18    0.00    0.00   53.05

Linux 2.6.32-431.el6.x86_64 (slave2) 	2019年07月24日 	_x86_64_	(8 CPU)

23时08分10秒  CPU    %usr   %nice    %sys %iowait    %irq   %soft  %steal  %guest   %idle
23时08分11秒  all   87.92    0.00    2.77    0.00    0.00    0.38    0.00    0.00    8.93
平均时间:  all   87.92    0.00    2.77    0.00    0.00    0.38    0.00    0.00    8.93

Linux 2.6.32-431.el6.x86_64 (slave2) 	2019年07月24日 	_x86_64_	(8 CPU)

23时08分14秒  CPU    %usr   %nice    %sys %iowait    %irq   %soft  %steal  %guest   %idle
23时08分15秒  all   27.85    0.00    4.15    0.00    0.00    0.65    0.00    0.00   67.36
平均时间:  all   27.85    0.00    4.15    0.00    0.00    0.65    0.00    0.00   67.36

Linux 2.6.32-431.el6.x86_64 (slave2) 	2019年07月24日 	_x86_64_	(8 CPU)

23时08分18秒  CPU    %usr   %nice    %sys %iowait    %irq   %soft  %steal  %guest   %idle
23时08分19秒  all   42.56    0.00    7.18    0.00    0.00    2.56    0.00    0.00   47.69
平均时间:  all   42.56    0.00    7.18    0.00    0.00    2.56    0.00    0.00   47.69

Linux 2.6.32-431.el6.x86_64 (slave2) 	2019年07月24日 	_x86_64_	(8 CPU)

23时08分22秒  CPU    %usr   %nice    %sys %iowait    %irq   %soft  %steal  %guest   %idle
23时08分23秒  all   84.11    0.00    8.45    0.00    0.00    0.50    0.00    0.00    6.94
平均时间:  all   84.11    0.00    8.45    0.00    0.00    0.50    0.00    0.00    6.94

Linux 2.6.32-431.el6.x86_64 (slave2) 	2019年07月24日 	_x86_64_	(8 CPU)

23时08分27秒  CPU    %usr   %nice    %sys %iowait    %irq   %soft  %steal  %guest   %idle
23时08分28秒  all   64.53    0.00    7.30    0.00    0.13    1.02    0.00    0.00   27.02
平均时间:  all   64.53    0.00    7.30    0.00    0.13    1.02    0.00    0.00   27.02

Linux 2.6.32-431.el6.x86_64 (slave2) 	2019年07月24日 	_x86_64_	(8 CPU)

23时08分31秒  CPU    %usr   %nice    %sys %iowait    %irq   %soft  %steal  %guest   %idle
23时08分32秒  all   40.43    0.00    3.83    0.00    0.00    1.02    0.00    0.00   54.72
平均时间:  all   40.43    0.00    3.83    0.00    0.00    1.02    0.00    0.00   54.72

Linux 2.6.32-431.el6.x86_64 (slave2) 	2019年07月24日 	_x86_64_	(8 CPU)

23时08分35秒  CPU    %usr   %nice    %sys %iowait    %irq   %soft  %steal  %guest   %idle
23时08分36秒  all   67.60    0.00    5.46    0.00    0.00    0.13    0.00    0.00   26.81
平均时间:  all   67.60    0.00    5.46    0.00    0.00    0.13    0.00    0.00   26.81

Linux 2.6.32-431.el6.x86_64 (slave2) 	2019年07月24日 	_x86_64_	(8 CPU)

23时08分39秒  CPU    %usr   %nice    %sys %iowait    %irq   %soft  %steal  %guest   %idle
23时08分40秒  all   36.32    0.00    4.35    0.00    0.13    1.02    0.00    0.00   58.18
平均时间:  all   36.32    0.00    4.35    0.00    0.13    1.02    0.00    0.00   58.18

Linux 2.6.32-431.el6.x86_64 (slave2) 	2019年07月24日 	_x86_64_	(8 CPU)

23时08分43秒  CPU    %usr   %nice    %sys %iowait    %irq   %soft  %steal  %guest   %idle
23时08分44秒  all   62.26    0.00    5.34    0.00    0.00    0.13    0.00    0.00   32.27
平均时间:  all   62.26    0.00    5.34    0.00    0.00    0.13    0.00    0.00   32.27

Linux 2.6.32-431.el6.x86_64 (slave2) 	2019年07月24日 	_x86_64_	(8 CPU)

23时08分47秒  CPU    %usr   %nice    %sys %iowait    %irq   %soft  %steal  %guest   %idle
23时08分48秒  all   72.12    0.00    6.34    0.00    0.00    0.89    0.00    0.00   20.66
平均时间:  all   72.12    0.00    6.34    0.00    0.00    0.89    0.00    0.00   20.66

Linux 2.6.32-431.el6.x86_64 (slave2) 	2019年07月24日 	_x86_64_	(8 CPU)

23时08分51秒  CPU    %usr   %nice    %sys %iowait    %irq   %soft  %steal  %guest   %idle
23时08分52秒  all   89.36    0.00    4.76    0.00    0.00    0.38    0.00    0.00    5.51
平均时间:  all   89.36    0.00    4.76    0.00    0.00    0.38    0.00    0.00    5.51

Linux 2.6.32-431.el6.x86_64 (slave2) 	2019年07月24日 	_x86_64_	(8 CPU)

23时08分55秒  CPU    %usr   %nice    %sys %iowait    %irq   %soft  %steal  %guest   %idle
23时08分56秒  all   84.80    0.00    6.78    0.00    0.00    0.25    0.00    0.00    8.17
平均时间:  all   84.80    0.00    6.78    0.00    0.00    0.25    0.00    0.00    8.17

Linux 2.6.32-431.el6.x86_64 (slave2) 	2019年07月24日 	_x86_64_	(8 CPU)

23时08分59秒  CPU    %usr   %nice    %sys %iowait    %irq   %soft  %steal  %guest   %idle
23时09分00秒  all   72.50    0.00    5.83    0.00    0.00    0.89    0.00    0.00   20.79
平均时间:  all   72.50    0.00    5.83    0.00    0.00    0.89    0.00    0.00   20.79

Linux 2.6.32-431.el6.x86_64 (slave2) 	2019年07月24日 	_x86_64_	(8 CPU)

23时09分03秒  CPU    %usr   %nice    %sys %iowait    %irq   %soft  %steal  %guest   %idle
23时09分04秒  all   82.78    0.00    7.85    0.00    0.00    0.51    0.00    0.00    8.86
平均时间:  all   82.78    0.00    7.85    0.00    0.00    0.51    0.00    0.00    8.86

Linux 2.6.32-431.el6.x86_64 (slave2) 	2019年07月24日 	_x86_64_	(8 CPU)

23时09分07秒  CPU    %usr   %nice    %sys %iowait    %irq   %soft  %steal  %guest   %idle
23时09分08秒  all   66.16    0.00    9.20    0.00    0.00    1.15    0.00    0.00   23.50
平均时间:  all   66.16    0.00    9.20    0.00    0.00    1.15    0.00    0.00   23.50

Linux 2.6.32-431.el6.x86_64 (slave2) 	2019年07月24日 	_x86_64_	(8 CPU)

23时09分11秒  CPU    %usr   %nice    %sys %iowait    %irq   %soft  %steal  %guest   %idle
23时09分12秒  all   41.37    0.00    6.83    0.00    0.00    1.16    0.00    0.00   50.64
平均时间:  all   41.37    0.00    6.83    0.00    0.00    1.16    0.00    0.00   50.64

Linux 2.6.32-431.el6.x86_64 (slave2) 	2019年07月24日 	_x86_64_	(8 CPU)

23时09分15秒  CPU    %usr   %nice    %sys %iowait    %irq   %soft  %steal  %guest   %idle
23时09分16秒  all   75.35    0.00    7.37    0.00    0.00    0.00    0.00    0.00   17.28
平均时间:  all   75.35    0.00    7.37    0.00    0.00    0.00    0.00    0.00   17.28

Linux 2.6.32-431.el6.x86_64 (slave2) 	2019年07月24日 	_x86_64_	(8 CPU)

23时09分19秒  CPU    %usr   %nice    %sys %iowait    %irq   %soft  %steal  %guest   %idle
23时09分20秒  all   41.56    0.00    6.36    0.00    0.00    0.65    0.00    0.00   51.43
平均时间:  all   41.56    0.00    6.36    0.00    0.00    0.65    0.00    0.00   51.43

Linux 2.6.32-431.el6.x86_64 (slave2) 	2019年07月24日 	_x86_64_	(8 CPU)

23时09分23秒  CPU    %usr   %nice    %sys %iowait    %irq   %soft  %steal  %guest   %idle
23时09分24秒  all   54.55    0.00   11.78    0.00    0.00    1.66    0.00    0.00   32.01
平均时间:  all   54.55    0.00   11.78    0.00    0.00    1.66    0.00    0.00   32.01

Linux 2.6.32-431.el6.x86_64 (slave2) 	2019年07月24日 	_x86_64_	(8 CPU)

23时09分27秒  CPU    %usr   %nice    %sys %iowait    %irq   %soft  %steal  %guest   %idle
23时09分28秒  all   81.38    0.00   14.21    0.00    0.00    0.13    0.00    0.00    4.28
平均时间:  all   81.38    0.00   14.21    0.00    0.00    0.13    0.00    0.00    4.28

Linux 2.6.32-431.el6.x86_64 (slave2) 	2019年07月24日 	_x86_64_	(8 CPU)

23时09分31秒  CPU    %usr   %nice    %sys %iowait    %irq   %soft  %steal  %guest   %idle
23时09分32秒  all   81.31    0.00   10.61    0.00    0.13    0.13    0.00    0.00    7.83
平均时间:  all   81.31    0.00   10.61    0.00    0.13    0.13    0.00    0.00    7.83

Linux 2.6.32-431.el6.x86_64 (slave2) 	2019年07月24日 	_x86_64_	(8 CPU)

23时09分35秒  CPU    %usr   %nice    %sys %iowait    %irq   %soft  %steal  %guest   %idle
23时09分36秒  all   66.92    0.00    9.03    0.00    0.00    0.00    0.00    0.00   24.05
平均时间:  all   66.92    0.00    9.03    0.00    0.00    0.00    0.00    0.00   24.05

Linux 2.6.32-431.el6.x86_64 (slave2) 	2019年07月24日 	_x86_64_	(8 CPU)

23时09分39秒  CPU    %usr   %nice    %sys %iowait    %irq   %soft  %steal  %guest   %idle
23时09分40秒  all   45.03    0.00    3.57    0.00    0.00    0.00    0.00    0.00   51.40
平均时间:  all   45.03    0.00    3.57    0.00    0.00    0.00    0.00    0.00   51.40

Linux 2.6.32-431.el6.x86_64 (slave2) 	2019年07月24日 	_x86_64_	(8 CPU)

23时09分43秒  CPU    %usr   %nice    %sys %iowait    %irq   %soft  %steal  %guest   %idle
23时09分44秒  all   72.24    0.00   11.66    0.00    0.00    0.25    0.00    0.00   15.84
平均时间:  all   72.24    0.00   11.66    0.00    0.00    0.25    0.00    0.00   15.84

Linux 2.6.32-431.el6.x86_64 (slave2) 	2019年07月24日 	_x86_64_	(8 CPU)

23时09分47秒  CPU    %usr   %nice    %sys %iowait    %irq   %soft  %steal  %guest   %idle
23时09分48秒  all   81.95    0.00   10.78    0.00    0.00    0.13    0.00    0.00    7.14
平均时间:  all   81.95    0.00   10.78    0.00    0.00    0.13    0.00    0.00    7.14

Linux 2.6.32-431.el6.x86_64 (slave2) 	2019年07月24日 	_x86_64_	(8 CPU)

23时09分51秒  CPU    %usr   %nice    %sys %iowait    %irq   %soft  %steal  %guest   %idle
23时09分52秒  all   59.72    0.00    7.24    0.00    0.13    0.00    0.00    0.00   32.91
平均时间:  all   59.72    0.00    7.24    0.00    0.13    0.00    0.00    0.00   32.91

Linux 2.6.32-431.el6.x86_64 (slave2) 	2019年07月24日 	_x86_64_	(8 CPU)

23时09分55秒  CPU    %usr   %nice    %sys %iowait    %irq   %soft  %steal  %guest   %idle
23时09分56秒  all   71.83    0.00    4.70    0.00    0.00    0.38    0.00    0.00   23.10
平均时间:  all   71.83    0.00    4.70    0.00    0.00    0.38    0.00    0.00   23.10

Linux 2.6.32-431.el6.x86_64 (slave2) 	2019年07月24日 	_x86_64_	(8 CPU)

23时09分59秒  CPU    %usr   %nice    %sys %iowait    %irq   %soft  %steal  %guest   %idle
23时10分00秒  all   64.71    0.00    6.62    0.00    0.13    1.40    0.00    0.00   27.13
平均时间:  all   64.71    0.00    6.62    0.00    0.13    1.40    0.00    0.00   27.13

Linux 2.6.32-431.el6.x86_64 (slave2) 	2019年07月24日 	_x86_64_	(8 CPU)

23时10分03秒  CPU    %usr   %nice    %sys %iowait    %irq   %soft  %steal  %guest   %idle
23时10分04秒  all   58.98    0.00    6.50    0.00    0.13    1.02    0.00    0.00   33.38
平均时间:  all   58.98    0.00    6.50    0.00    0.13    1.02    0.00    0.00   33.38

Linux 2.6.32-431.el6.x86_64 (slave2) 	2019年07月24日 	_x86_64_	(8 CPU)

23时10分07秒  CPU    %usr   %nice    %sys %iowait    %irq   %soft  %steal  %guest   %idle
23时10分08秒  all   58.29    0.00    8.04    0.00    0.00    1.40    0.00    0.00   32.27
平均时间:  all   58.29    0.00    8.04    0.00    0.00    1.40    0.00    0.00   32.27

Linux 2.6.32-431.el6.x86_64 (slave2) 	2019年07月24日 	_x86_64_	(8 CPU)

23时10分11秒  CPU    %usr   %nice    %sys %iowait    %irq   %soft  %steal  %guest   %idle
23时10分12秒  all   50.96    0.00    4.46    0.00    0.00    1.53    0.00    0.00   43.06
平均时间:  all   50.96    0.00    4.46    0.00    0.00    1.53    0.00    0.00   43.06

Linux 2.6.32-431.el6.x86_64 (slave2) 	2019年07月24日 	_x86_64_	(8 CPU)

23时10分15秒  CPU    %usr   %nice    %sys %iowait    %irq   %soft  %steal  %guest   %idle
23时10分16秒  all   53.36    0.00    2.92    0.00    0.00    1.90    0.00    0.00   41.83
平均时间:  all   53.36    0.00    2.92    0.00    0.00    1.90    0.00    0.00   41.83

Linux 2.6.32-431.el6.x86_64 (slave2) 	2019年07月24日 	_x86_64_	(8 CPU)

23时10分19秒  CPU    %usr   %nice    %sys %iowait    %irq   %soft  %steal  %guest   %idle
23时10分20秒  all   42.40    0.00    3.32    0.00    0.00    4.34    0.00    0.00   49.94
平均时间:  all   42.40    0.00    3.32    0.00    0.00    4.34    0.00    0.00   49.94

Linux 2.6.32-431.el6.x86_64 (slave2) 	2019年07月24日 	_x86_64_	(8 CPU)

23时10分23秒  CPU    %usr   %nice    %sys %iowait    %irq   %soft  %steal  %guest   %idle
23时10分24秒  all   50.13    0.00    2.93    0.00    0.00    2.04    0.00    0.00   44.90
平均时间:  all   50.13    0.00    2.93    0.00    0.00    2.04    0.00    0.00   44.90

Linux 2.6.32-431.el6.x86_64 (slave2) 	2019年07月24日 	_x86_64_	(8 CPU)

23时10分27秒  CPU    %usr   %nice    %sys %iowait    %irq   %soft  %steal  %guest   %idle
23时10分28秒  all   40.69    0.00    1.91    0.00    0.00    3.44    0.00    0.00   53.95
平均时间:  all   40.69    0.00    1.91    0.00    0.00    3.44    0.00    0.00   53.95

Linux 2.6.32-431.el6.x86_64 (slave2) 	2019年07月24日 	_x86_64_	(8 CPU)

23时10分31秒  CPU    %usr   %nice    %sys %iowait    %irq   %soft  %steal  %guest   %idle
23时10分32秒  all   91.48    0.00    2.13    0.00    0.00    0.25    0.00    0.00    6.14
平均时间:  all   91.48    0.00    2.13    0.00    0.00    0.25    0.00    0.00    6.14

Linux 2.6.32-431.el6.x86_64 (slave2) 	2019年07月24日 	_x86_64_	(8 CPU)

23时10分35秒  CPU    %usr   %nice    %sys %iowait    %irq   %soft  %steal  %guest   %idle
23时10分36秒  all   34.97    0.00    5.16    0.00    0.13    1.03    0.00    0.00   58.71
平均时间:  all   34.97    0.00    5.16    0.00    0.13    1.03    0.00    0.00   58.71

Linux 2.6.32-431.el6.x86_64 (slave2) 	2019年07月24日 	_x86_64_	(8 CPU)

23时10分39秒  CPU    %usr   %nice    %sys %iowait    %irq   %soft  %steal  %guest   %idle
23时10分40秒  all   41.15    0.00    6.28    0.00    0.13    0.38    0.00    0.00   52.05
平均时间:  all   41.15    0.00    6.28    0.00    0.13    0.38    0.00    0.00   52.05

Linux 2.6.32-431.el6.x86_64 (slave2) 	2019年07月24日 	_x86_64_	(8 CPU)

23时10分43秒  CPU    %usr   %nice    %sys %iowait    %irq   %soft  %steal  %guest   %idle
23时10分44秒  all    2.28    0.00    2.78    0.00    0.00    0.00    0.00    0.00   94.94
平均时间:  all    2.28    0.00    2.78    0.00    0.00    0.00    0.00    0.00   94.94

Linux 2.6.32-431.el6.x86_64 (slave2) 	2019年07月24日 	_x86_64_	(8 CPU)

23时10分47秒  CPU    %usr   %nice    %sys %iowait    %irq   %soft  %steal  %guest   %idle
23时10分48秒  all    0.00    0.00    0.00    0.00    0.00    0.00    0.00    0.00  100.00
平均时间:  all    0.00    0.00    0.00    0.00    0.00    0.00    0.00    0.00  100.00

Linux 2.6.32-431.el6.x86_64 (slave2) 	2019年07月24日 	_x86_64_	(8 CPU)

23时10分51秒  CPU    %usr   %nice    %sys %iowait    %irq   %soft  %steal  %guest   %idle
23时10分52秒  all    0.38    0.00    0.00    0.00    0.00    0.00    0.00    0.00   99.62
平均时间:  all    0.38    0.00    0.00    0.00    0.00    0.00    0.00    0.00   99.62

