
2019年 07月 24日 星期三 23:00:00 CST
             total       used       free     shared    buffers     cached
Mem:         15945       8858       7087          0         53       6874
-/+ buffers/cache:       1930      14015
Swap:         8039          0       8039

2019年 07月 24日 星期三 23:00:04 CST
             total       used       free     shared    buffers     cached
Mem:         15945       8857       7087          0         53       6874
-/+ buffers/cache:       1929      14016
Swap:         8039          0       8039

2019年 07月 24日 星期三 23:00:08 CST
             total       used       free     shared    buffers     cached
Mem:         15945       8858       7087          0         53       6874
-/+ buffers/cache:       1929      14015
Swap:         8039          0       8039

2019年 07月 24日 星期三 23:00:12 CST
             total       used       free     shared    buffers     cached
Mem:         15945       8858       7087          0         53       6874
-/+ buffers/cache:       1929      14015
Swap:         8039          0       8039

2019年 07月 24日 星期三 23:00:17 CST
             total       used       free     shared    buffers     cached
Mem:         15945       8866       7079          0         53       6882
-/+ buffers/cache:       1929      14015
Swap:         8039          0       8039

2019年 07月 24日 星期三 23:00:21 CST
             total       used       free     shared    buffers     cached
Mem:         15945       8946       6998          0         53       6962
-/+ buffers/cache:       1930      14015
Swap:         8039          0       8039

2019年 07月 24日 星期三 23:00:25 CST
             total       used       free     shared    buffers     cached
Mem:         15945       9353       6592          0         53       7222
-/+ buffers/cache:       2077      13868
Swap:         8039          0       8039

2019年 07月 24日 星期三 23:00:29 CST
             total       used       free     shared    buffers     cached
Mem:         15945       9872       6072          0         53       7461
-/+ buffers/cache:       2357      13587
Swap:         8039          0       8039

2019年 07月 24日 星期三 23:00:33 CST
             total       used       free     shared    buffers     cached
Mem:         15945      10335       5609          0         53       7691
-/+ buffers/cache:       2590      13354
Swap:         8039          0       8039

2019年 07月 24日 星期三 23:00:37 CST
             total       used       free     shared    buffers     cached
Mem:         15945      10809       5136          0         53       7878
-/+ buffers/cache:       2876      13068
Swap:         8039          0       8039

2019年 07月 24日 星期三 23:00:41 CST
             total       used       free     shared    buffers     cached
Mem:         15945      11381       4564          0         53       8065
-/+ buffers/cache:       3261      12683
Swap:         8039          0       8039

2019年 07月 24日 星期三 23:00:45 CST
             total       used       free     shared    buffers     cached
Mem:         15945      12014       3930          0         53       8280
-/+ buffers/cache:       3679      12265
Swap:         8039          0       8039

2019年 07月 24日 星期三 23:00:49 CST
             total       used       free     shared    buffers     cached
Mem:         15945      12947       2998          0         53       8647
-/+ buffers/cache:       4246      11699
Swap:         8039          0       8039

2019年 07月 24日 星期三 23:00:53 CST
             total       used       free     shared    buffers     cached
Mem:         15945      13750       2195          0         53       8737
-/+ buffers/cache:       4959      10986
Swap:         8039          0       8039

2019年 07月 24日 星期三 23:00:57 CST
             total       used       free     shared    buffers     cached
Mem:         15945      13386       2559          0         53       8739
-/+ buffers/cache:       4593      11352
Swap:         8039          0       8039

2019年 07月 24日 星期三 23:01:01 CST
             total       used       free     shared    buffers     cached
Mem:         15945      13193       2752          0         53       8786
-/+ buffers/cache:       4352      11592
Swap:         8039          0       8039

2019年 07月 24日 星期三 23:01:05 CST
             total       used       free     shared    buffers     cached
Mem:         15945      12952       2992          0         53       8794
-/+ buffers/cache:       4103      11841
Swap:         8039          0       8039

2019年 07月 24日 星期三 23:01:09 CST
             total       used       free     shared    buffers     cached
Mem:         15945      13615       2330          0         53       8756
-/+ buffers/cache:       4804      11140
Swap:         8039          0       8039

2019年 07月 24日 星期三 23:01:13 CST
             total       used       free     shared    buffers     cached
Mem:         15945      14224       1721          0         53       8740
-/+ buffers/cache:       5429      10515
Swap:         8039          0       8039

2019年 07月 24日 星期三 23:01:17 CST
             total       used       free     shared    buffers     cached
Mem:         15945      14204       1740          0         53       8739
-/+ buffers/cache:       5410      10534
Swap:         8039          0       8039

2019年 07月 24日 星期三 23:01:21 CST
             total       used       free     shared    buffers     cached
Mem:         15945      14511       1434          0         53       8925
-/+ buffers/cache:       5531      10413
Swap:         8039          0       8039

2019年 07月 24日 星期三 23:01:25 CST
             total       used       free     shared    buffers     cached
Mem:         15945      14894       1050          0         53       8907
-/+ buffers/cache:       5933      10012
Swap:         8039          0       8039

2019年 07月 24日 星期三 23:01:29 CST
             total       used       free     shared    buffers     cached
Mem:         15945      15471        473          0         53       8909
-/+ buffers/cache:       6507       9437
Swap:         8039          0       8039

2019年 07月 24日 星期三 23:01:33 CST
             total       used       free     shared    buffers     cached
Mem:         15945      14352       1592          0         53       8908
-/+ buffers/cache:       5390      10554
Swap:         8039          0       8039

2019年 07月 24日 星期三 23:01:37 CST
             total       used       free     shared    buffers     cached
Mem:         15945      14906       1039          0         53       9094
-/+ buffers/cache:       5757      10188
Swap:         8039          0       8039

2019年 07月 24日 星期三 23:01:41 CST
             total       used       free     shared    buffers     cached
Mem:         15945      14561       1384          0         53       9082
-/+ buffers/cache:       5424      10521
Swap:         8039          0       8039

2019年 07月 24日 星期三 23:01:45 CST
             total       used       free     shared    buffers     cached
Mem:         15945      14945        999          0         53       9083
-/+ buffers/cache:       5808      10136
Swap:         8039          0       8039

2019年 07月 24日 星期三 23:01:49 CST
             total       used       free     shared    buffers     cached
Mem:         15945      15312        633          0         53       8908
-/+ buffers/cache:       6350       9595
Swap:         8039          0       8039

2019年 07月 24日 星期三 23:01:53 CST
             total       used       free     shared    buffers     cached
Mem:         15945      15477        467          0         53       9012
-/+ buffers/cache:       6411       9534
Swap:         8039          0       8039

2019年 07月 24日 星期三 23:01:57 CST
             total       used       free     shared    buffers     cached
Mem:         15945      15779        165          0         53       9259
-/+ buffers/cache:       6466       9478
Swap:         8039          0       8039

2019年 07月 24日 星期三 23:02:01 CST
             total       used       free     shared    buffers     cached
Mem:         15945      14204       1741          0         53       9357
-/+ buffers/cache:       4792      11153
Swap:         8039          0       8039

2019年 07月 24日 星期三 23:02:05 CST
             total       used       free     shared    buffers     cached
Mem:         15945      14202       1743          0         53       9833
-/+ buffers/cache:       4315      11630
Swap:         8039          0       8039

2019年 07月 24日 星期三 23:02:09 CST
             total       used       free     shared    buffers     cached
Mem:         15945      12417       3527          0         53       9957
-/+ buffers/cache:       2406      13539
Swap:         8039          0       8039

2019年 07月 24日 星期三 23:02:13 CST
             total       used       free     shared    buffers     cached
Mem:         15945      13084       2860          0         53      10300
-/+ buffers/cache:       2729      13215
Swap:         8039          0       8039

2019年 07月 24日 星期三 23:02:17 CST
             total       used       free     shared    buffers     cached
Mem:         15945      13601       2343          0         53      10465
-/+ buffers/cache:       3082      12863
Swap:         8039          0       8039

2019年 07月 24日 星期三 23:02:21 CST
             total       used       free     shared    buffers     cached
Mem:         15945      14162       1783          0         53      10709
-/+ buffers/cache:       3398      12546
Swap:         8039          0       8039

2019年 07月 24日 星期三 23:02:25 CST
             total       used       free     shared    buffers     cached
Mem:         15945      14824       1121          0         53      10709
-/+ buffers/cache:       4060      11885
Swap:         8039          0       8039

2019年 07月 24日 星期三 23:02:30 CST
             total       used       free     shared    buffers     cached
Mem:         15945      15552        393          0         53      10712
-/+ buffers/cache:       4785      11159
Swap:         8039          0       8039

2019年 07月 24日 星期三 23:02:34 CST
             total       used       free     shared    buffers     cached
Mem:         15945      14528       1417          0         54      10730
-/+ buffers/cache:       3744      12201
Swap:         8039          0       8039

2019年 07月 24日 星期三 23:02:38 CST
             total       used       free     shared    buffers     cached
Mem:         15945      14885       1059          0         54      10730
-/+ buffers/cache:       4101      11844
Swap:         8039          0       8039

2019年 07月 24日 星期三 23:02:42 CST
             total       used       free     shared    buffers     cached
Mem:         15945      15544        400          0         54      10712
-/+ buffers/cache:       4778      11167
Swap:         8039          0       8039

2019年 07月 24日 星期三 23:02:46 CST
             total       used       free     shared    buffers     cached
Mem:         15945      14553       1391          0         54      10846
-/+ buffers/cache:       3653      12292
Swap:         8039          0       8039

2019年 07月 24日 星期三 23:02:50 CST
             total       used       free     shared    buffers     cached
Mem:         15945      15104        840          0         54      10897
-/+ buffers/cache:       4153      11792
Swap:         8039          0       8039

2019年 07月 24日 星期三 23:02:54 CST
             total       used       free     shared    buffers     cached
Mem:         15945      15549        395          0         54      10859
-/+ buffers/cache:       4635      11309
Swap:         8039          0       8039

2019年 07月 24日 星期三 23:02:58 CST
             total       used       free     shared    buffers     cached
Mem:         15945      15791        153          0         53      10066
-/+ buffers/cache:       5671      10273
Swap:         8039          0       8039

2019年 07月 24日 星期三 23:03:02 CST
             total       used       free     shared    buffers     cached
Mem:         15945      15789        156          0         53       9866
-/+ buffers/cache:       5868      10077
Swap:         8039          0       8039

2019年 07月 24日 星期三 23:03:06 CST
             total       used       free     shared    buffers     cached
Mem:         15945      15423        521          0         53      10032
-/+ buffers/cache:       5337      10608
Swap:         8039          0       8039

2019年 07月 24日 星期三 23:03:10 CST
             total       used       free     shared    buffers     cached
Mem:         15945      15673        272          0         53      10063
-/+ buffers/cache:       5555      10389
Swap:         8039          0       8039

2019年 07月 24日 星期三 23:03:14 CST
             total       used       free     shared    buffers     cached
Mem:         15945      15674        271          0         53       9878
-/+ buffers/cache:       5741      10203
Swap:         8039          0       8039

2019年 07月 24日 星期三 23:03:18 CST
             total       used       free     shared    buffers     cached
Mem:         15945      15780        165          0         53       9690
-/+ buffers/cache:       6035       9909
Swap:         8039          0       8039

2019年 07月 24日 星期三 23:03:22 CST
             total       used       free     shared    buffers     cached
Mem:         15945      15773        171          0         53       9581
-/+ buffers/cache:       6138       9807
Swap:         8039          0       8039

2019年 07月 24日 星期三 23:03:26 CST
             total       used       free     shared    buffers     cached
Mem:         15945      15765        180          0         53       9524
-/+ buffers/cache:       6187       9758
Swap:         8039          0       8039

2019年 07月 24日 星期三 23:03:30 CST
             total       used       free     shared    buffers     cached
Mem:         15945      15767        177          0         53       9432
-/+ buffers/cache:       6281       9663
Swap:         8039          0       8039

2019年 07月 24日 星期三 23:03:34 CST
             total       used       free     shared    buffers     cached
Mem:         15945      15772        173          0         53       9390
-/+ buffers/cache:       6327       9617
Swap:         8039          0       8039

2019年 07月 24日 星期三 23:03:38 CST
             total       used       free     shared    buffers     cached
Mem:         15945      13635       2309          0         53       9417
-/+ buffers/cache:       4164      11780
Swap:         8039          0       8039

2019年 07月 24日 星期三 23:03:42 CST
             total       used       free     shared    buffers     cached
Mem:         15945      13714       2231          0         53       9387
-/+ buffers/cache:       4273      11671
Swap:         8039          0       8039

2019年 07月 24日 星期三 23:03:46 CST
             total       used       free     shared    buffers     cached
Mem:         15945      14352       1592          0         53       9644
-/+ buffers/cache:       4654      11291
Swap:         8039          0       8039

2019年 07月 24日 星期三 23:03:50 CST
             total       used       free     shared    buffers     cached
Mem:         15945      15284        661          0         53       9927
-/+ buffers/cache:       5302      10642
Swap:         8039          0       8039

2019年 07月 24日 星期三 23:03:54 CST
             total       used       free     shared    buffers     cached
Mem:         15945      15396        549          0         53       9936
-/+ buffers/cache:       5406      10539
Swap:         8039          0       8039

2019年 07月 24日 星期三 23:03:58 CST
             total       used       free     shared    buffers     cached
Mem:         15945      15767        177          0         53       9937
-/+ buffers/cache:       5776      10169
Swap:         8039          0       8039

2019年 07月 24日 星期三 23:04:02 CST
             total       used       free     shared    buffers     cached
Mem:         15945      15782        162          0         53       9446
-/+ buffers/cache:       6282       9663
Swap:         8039          0       8039

2019年 07月 24日 星期三 23:04:06 CST
             total       used       free     shared    buffers     cached
Mem:         15945      15785        160          0         53       9219
-/+ buffers/cache:       6511       9433
Swap:         8039          0       8039

2019年 07月 24日 星期三 23:04:10 CST
             total       used       free     shared    buffers     cached
Mem:         15945      15776        169          0         53       9129
-/+ buffers/cache:       6592       9352
Swap:         8039          0       8039

2019年 07月 24日 星期三 23:04:14 CST
             total       used       free     shared    buffers     cached
Mem:         15945      15774        171          0         53       9014
-/+ buffers/cache:       6706       9238
Swap:         8039          0       8039

2019年 07月 24日 星期三 23:04:18 CST
             total       used       free     shared    buffers     cached
Mem:         15945      15603        342          0         53       8788
-/+ buffers/cache:       6761       9184
Swap:         8039          0       8039

2019年 07月 24日 星期三 23:04:22 CST
             total       used       free     shared    buffers     cached
Mem:         15945      15247        697          0         53       8821
-/+ buffers/cache:       6373       9572
Swap:         8039          0       8039

2019年 07月 24日 星期三 23:04:26 CST
             total       used       free     shared    buffers     cached
Mem:         15945      15329        615          0         53       8870
-/+ buffers/cache:       6405       9540
Swap:         8039          0       8039

2019年 07月 24日 星期三 23:04:30 CST
             total       used       free     shared    buffers     cached
Mem:         15945      15363        581          0         53       8739
-/+ buffers/cache:       6570       9375
Swap:         8039          0       8039

2019年 07月 24日 星期三 23:04:34 CST
             total       used       free     shared    buffers     cached
Mem:         15945      15262        683          0         53       8807
-/+ buffers/cache:       6400       9544
Swap:         8039          0       8039

2019年 07月 24日 星期三 23:04:38 CST
             total       used       free     shared    buffers     cached
Mem:         15945      13212       2733          0         53       8870
-/+ buffers/cache:       4287      11657
Swap:         8039          0       8039

2019年 07月 24日 星期三 23:04:42 CST
             total       used       free     shared    buffers     cached
Mem:         15945      12684       3260          0         53       9073
-/+ buffers/cache:       3557      12388
Swap:         8039          0       8039

2019年 07月 24日 星期三 23:04:46 CST
             total       used       free     shared    buffers     cached
Mem:         15945      13127       2817          0         53       9161
-/+ buffers/cache:       3912      12032
Swap:         8039          0       8039

2019年 07月 24日 星期三 23:04:50 CST
             total       used       free     shared    buffers     cached
Mem:         15945      13127       2818          0         53       9482
-/+ buffers/cache:       3591      12354
Swap:         8039          0       8039

2019年 07月 24日 星期三 23:04:54 CST
             total       used       free     shared    buffers     cached
Mem:         15945      13600       2344          0         53       9561
-/+ buffers/cache:       3985      11959
Swap:         8039          0       8039

2019年 07月 24日 星期三 23:04:58 CST
             total       used       free     shared    buffers     cached
Mem:         15945      14163       1781          0         53       9770
-/+ buffers/cache:       4339      11605
Swap:         8039          0       8039

2019年 07月 24日 星期三 23:05:02 CST
             total       used       free     shared    buffers     cached
Mem:         15945      13638       2307          0         53      10028
-/+ buffers/cache:       3556      12389
Swap:         8039          0       8039

2019年 07月 24日 星期三 23:05:07 CST
             total       used       free     shared    buffers     cached
Mem:         15945      13904       2041          0         53      10127
-/+ buffers/cache:       3722      12222
Swap:         8039          0       8039

2019年 07月 24日 星期三 23:05:11 CST
             total       used       free     shared    buffers     cached
Mem:         15945      14879       1065          0         53      10748
-/+ buffers/cache:       4077      11868
Swap:         8039          0       8039

2019年 07月 24日 星期三 23:05:15 CST
             total       used       free     shared    buffers     cached
Mem:         15945      15703        241          0         53      11020
-/+ buffers/cache:       4629      11316
Swap:         8039          0       8039

2019年 07月 24日 星期三 23:05:19 CST
             total       used       free     shared    buffers     cached
Mem:         15945      15358        587          0         53      11002
-/+ buffers/cache:       4302      11643
Swap:         8039          0       8039

2019年 07月 24日 星期三 23:05:23 CST
             total       used       free     shared    buffers     cached
Mem:         15945      15637        308          0         53      10989
-/+ buffers/cache:       4593      11351
Swap:         8039          0       8039

2019年 07月 24日 星期三 23:05:27 CST
             total       used       free     shared    buffers     cached
Mem:         15945      15569        375          0         53      10861
-/+ buffers/cache:       4654      11291
Swap:         8039          0       8039

2019年 07月 24日 星期三 23:05:31 CST
             total       used       free     shared    buffers     cached
Mem:         15945      15767        178          0         53      10920
-/+ buffers/cache:       4792      11152
Swap:         8039          0       8039

2019年 07月 24日 星期三 23:05:35 CST
             total       used       free     shared    buffers     cached
Mem:         15945      14144       1800          0         53      10580
-/+ buffers/cache:       3510      12435
Swap:         8039          0       8039

2019年 07月 24日 星期三 23:05:39 CST
             total       used       free     shared    buffers     cached
Mem:         15945      14808       1137          0         53      10766
-/+ buffers/cache:       3987      11958
Swap:         8039          0       8039

2019年 07月 24日 星期三 23:05:43 CST
             total       used       free     shared    buffers     cached
Mem:         15945      15260        684          0         53      10584
-/+ buffers/cache:       4621      11323
Swap:         8039          0       8039

2019年 07月 24日 星期三 23:05:47 CST
             total       used       free     shared    buffers     cached
Mem:         15945      15783        162          0         53      10124
-/+ buffers/cache:       5605      10340
Swap:         8039          0       8039

2019年 07月 24日 星期三 23:05:51 CST
             total       used       free     shared    buffers     cached
Mem:         15945      14988        956          0         53       9803
-/+ buffers/cache:       5130      10814
Swap:         8039          0       8039

2019年 07月 24日 星期三 23:05:55 CST
             total       used       free     shared    buffers     cached
Mem:         15945      14529       1415          0         53       9685
-/+ buffers/cache:       4790      11155
Swap:         8039          0       8039

2019年 07月 24日 星期三 23:05:59 CST
             total       used       free     shared    buffers     cached
Mem:         15945      15481        463          0         53       9771
-/+ buffers/cache:       5656      10289
Swap:         8039          0       8039

2019年 07月 24日 星期三 23:06:03 CST
             total       used       free     shared    buffers     cached
Mem:         15945      15757        187          0         53       9644
-/+ buffers/cache:       6059       9886
Swap:         8039          0       8039

2019年 07月 24日 星期三 23:06:07 CST
             total       used       free     shared    buffers     cached
Mem:         15945      15767        178          0         53       9412
-/+ buffers/cache:       6301       9644
Swap:         8039          0       8039

2019年 07月 24日 星期三 23:06:11 CST
             total       used       free     shared    buffers     cached
Mem:         15945      15781        163          0         53       9247
-/+ buffers/cache:       6480       9465
Swap:         8039          0       8039

2019年 07月 24日 星期三 23:06:15 CST
             total       used       free     shared    buffers     cached
Mem:         15945      15771        174          0         53       9171
-/+ buffers/cache:       6546       9399
Swap:         8039          0       8039

2019年 07月 24日 星期三 23:06:19 CST
             total       used       free     shared    buffers     cached
Mem:         15945      15766        178          0         53       9083
-/+ buffers/cache:       6629       9315
Swap:         8039          0       8039

2019年 07月 24日 星期三 23:06:23 CST
             total       used       free     shared    buffers     cached
Mem:         15945      15779        166          0         53       9027
-/+ buffers/cache:       6698       9246
Swap:         8039          0       8039

2019年 07月 24日 星期三 23:06:27 CST
             total       used       free     shared    buffers     cached
Mem:         15945      15311        634          0         53       8894
-/+ buffers/cache:       6362       9582
Swap:         8039          0       8039

2019年 07月 24日 星期三 23:06:31 CST
             total       used       free     shared    buffers     cached
Mem:         15945      15491        454          0         53       8992
-/+ buffers/cache:       6445       9500
Swap:         8039          0       8039

2019年 07月 24日 星期三 23:06:35 CST
             total       used       free     shared    buffers     cached
Mem:         15945      15778        167          0         53       8968
-/+ buffers/cache:       6755       9189
Swap:         8039          0       8039

2019年 07月 24日 星期三 23:06:39 CST
             total       used       free     shared    buffers     cached
Mem:         15945      14616       1328          0         53       8968
-/+ buffers/cache:       5595      10350
Swap:         8039          0       8039

2019年 07月 24日 星期三 23:06:43 CST
             total       used       free     shared    buffers     cached
Mem:         15945      11312       4632          0         53       8988
-/+ buffers/cache:       2270      13674
Swap:         8039          0       8039

2019年 07月 24日 星期三 23:06:47 CST
             total       used       free     shared    buffers     cached
Mem:         15945      11272       4673          0         53       8581
-/+ buffers/cache:       2637      13308
Swap:         8039          0       8039

2019年 07月 24日 星期三 23:06:51 CST
             total       used       free     shared    buffers     cached
Mem:         15945      11670       4274          0         53       8878
-/+ buffers/cache:       2739      13206
Swap:         8039          0       8039

2019年 07月 24日 星期三 23:06:55 CST
             total       used       free     shared    buffers     cached
Mem:         15945      12580       3365          0         53       9008
-/+ buffers/cache:       3518      12427
Swap:         8039          0       8039

2019年 07月 24日 星期三 23:06:59 CST
             total       used       free     shared    buffers     cached
Mem:         15945      13295       2649          0         53       9009
-/+ buffers/cache:       4232      11712
Swap:         8039          0       8039

2019年 07月 24日 星期三 23:07:03 CST
             total       used       free     shared    buffers     cached
Mem:         15945      13947       1998          0         53       9011
-/+ buffers/cache:       4881      11063
Swap:         8039          0       8039

2019年 07月 24日 星期三 23:07:07 CST
             total       used       free     shared    buffers     cached
Mem:         15945      13748       2196          0         53       9011
-/+ buffers/cache:       4684      11261
Swap:         8039          0       8039

2019年 07月 24日 星期三 23:07:11 CST
             total       used       free     shared    buffers     cached
Mem:         15945      13091       2854          0         53       9194
-/+ buffers/cache:       3842      12102
Swap:         8039          0       8039

2019年 07月 24日 星期三 23:07:15 CST
             total       used       free     shared    buffers     cached
Mem:         15945      13380       2565          0         53       9195
-/+ buffers/cache:       4131      11813
Swap:         8039          0       8039

2019年 07月 24日 星期三 23:07:19 CST
             total       used       free     shared    buffers     cached
Mem:         15945      13834       2111          0         53       8991
-/+ buffers/cache:       4789      11155
Swap:         8039          0       8039

2019年 07月 24日 星期三 23:07:23 CST
             total       used       free     shared    buffers     cached
Mem:         15945      14215       1729          0         53       8993
-/+ buffers/cache:       5168      10777
Swap:         8039          0       8039

2019年 07月 24日 星期三 23:07:27 CST
             total       used       free     shared    buffers     cached
Mem:         15945      12562       3383          0         53       8806
-/+ buffers/cache:       3702      12243
Swap:         8039          0       8039

2019年 07月 24日 星期三 23:07:31 CST
             total       used       free     shared    buffers     cached
Mem:         15945      12801       3144          0         53       8990
-/+ buffers/cache:       3756      12188
Swap:         8039          0       8039

2019年 07月 24日 星期三 23:07:35 CST
             total       used       free     shared    buffers     cached
Mem:         15945      12303       3642          0         53       8285
-/+ buffers/cache:       3964      11980
Swap:         8039          0       8039

2019年 07月 24日 星期三 23:07:39 CST
             total       used       free     shared    buffers     cached
Mem:         15945      12963       2981          0         53       8429
-/+ buffers/cache:       4480      11464
Swap:         8039          0       8039

2019年 07月 24日 星期三 23:07:43 CST
             total       used       free     shared    buffers     cached
Mem:         15945      13456       2489          0         53       8430
-/+ buffers/cache:       4972      10973
Swap:         8039          0       8039

2019年 07月 24日 星期三 23:07:47 CST
             total       used       free     shared    buffers     cached
Mem:         15945      14129       1815          0         53       8432
-/+ buffers/cache:       5643      10301
Swap:         8039          0       8039

2019年 07月 24日 星期三 23:07:51 CST
             total       used       free     shared    buffers     cached
Mem:         15945      14080       1865          0         53       8250
-/+ buffers/cache:       5776      10169
Swap:         8039          0       8039

2019年 07月 24日 星期三 23:07:55 CST
             total       used       free     shared    buffers     cached
Mem:         15945      14160       1785          0         53       8254
-/+ buffers/cache:       5852      10093
Swap:         8039          0       8039

2019年 07月 24日 星期三 23:07:59 CST
             total       used       free     shared    buffers     cached
Mem:         15945      14252       1692          0         53       8261
-/+ buffers/cache:       5937      10007
Swap:         8039          0       8039

2019年 07月 24日 星期三 23:08:03 CST
             total       used       free     shared    buffers     cached
Mem:         15945      14315       1630          0         53       8265
-/+ buffers/cache:       5996       9949
Swap:         8039          0       8039

2019年 07月 24日 星期三 23:08:07 CST
             total       used       free     shared    buffers     cached
Mem:         15945      14378       1566          0         53       8280
-/+ buffers/cache:       6044       9900
Swap:         8039          0       8039

2019年 07月 24日 星期三 23:08:11 CST
             total       used       free     shared    buffers     cached
Mem:         15945      14431       1514          0         53       8290
-/+ buffers/cache:       6087       9858
Swap:         8039          0       8039

2019年 07月 24日 星期三 23:08:15 CST
             total       used       free     shared    buffers     cached
Mem:         15945      14503       1442          0         53       8319
-/+ buffers/cache:       6130       9815
Swap:         8039          0       8039

2019年 07月 24日 星期三 23:08:19 CST
             total       used       free     shared    buffers     cached
Mem:         15945      13171       2774          0         53       8358
-/+ buffers/cache:       4759      11186
Swap:         8039          0       8039

2019年 07月 24日 星期三 23:08:23 CST
             total       used       free     shared    buffers     cached
Mem:         15945      13559       2386          0         53       8321
-/+ buffers/cache:       5184      10761
Swap:         8039          0       8039

2019年 07月 24日 星期三 23:08:28 CST
             total       used       free     shared    buffers     cached
Mem:         15945      14179       1765          0         53       8361
-/+ buffers/cache:       5764      10180
Swap:         8039          0       8039

2019年 07月 24日 星期三 23:08:32 CST
             total       used       free     shared    buffers     cached
Mem:         15945      13558       2387          0         53       8350
-/+ buffers/cache:       5154      10791
Swap:         8039          0       8039

2019年 07月 24日 星期三 23:08:36 CST
             total       used       free     shared    buffers     cached
Mem:         15945      13796       2149          0         53       8169
-/+ buffers/cache:       5572      10372
Swap:         8039          0       8039

2019年 07月 24日 星期三 23:08:40 CST
             total       used       free     shared    buffers     cached
Mem:         15945      14039       1905          0         53       8203
-/+ buffers/cache:       5782      10163
Swap:         8039          0       8039

2019年 07月 24日 星期三 23:08:44 CST
             total       used       free     shared    buffers     cached
Mem:         15945      14014       1931          0         53       8215
-/+ buffers/cache:       5744      10201
Swap:         8039          0       8039

2019年 07月 24日 星期三 23:08:48 CST
             total       used       free     shared    buffers     cached
Mem:         15945      14268       1676          0         53       8037
-/+ buffers/cache:       6177       9768
Swap:         8039          0       8039

2019年 07月 24日 星期三 23:08:52 CST
             total       used       free     shared    buffers     cached
Mem:         15945      14603       1342          0         53       8038
-/+ buffers/cache:       6510       9434
Swap:         8039          0       8039

2019年 07月 24日 星期三 23:08:56 CST
             total       used       free     shared    buffers     cached
Mem:         15945      14848       1096          0         53       8043
-/+ buffers/cache:       6752       9193
Swap:         8039          0       8039

2019年 07月 24日 星期三 23:09:00 CST
             total       used       free     shared    buffers     cached
Mem:         15945      14937       1008          0         53       8047
-/+ buffers/cache:       6836       9109
Swap:         8039          0       8039

2019年 07月 24日 星期三 23:09:04 CST
             total       used       free     shared    buffers     cached
Mem:         15945      15102        843          0         53       8055
-/+ buffers/cache:       6993       8952
Swap:         8039          0       8039

2019年 07月 24日 星期三 23:09:08 CST
             total       used       free     shared    buffers     cached
Mem:         15945      15250        695          0         53       8099
-/+ buffers/cache:       7096       8848
Swap:         8039          0       8039

2019年 07月 24日 星期三 23:09:12 CST
             total       used       free     shared    buffers     cached
Mem:         15945      13863       2081          0         53       8101
-/+ buffers/cache:       5708      10237
Swap:         8039          0       8039

2019年 07月 24日 星期三 23:09:16 CST
             total       used       free     shared    buffers     cached
Mem:         15945      13937       2007          0         53       7921
-/+ buffers/cache:       5962       9982
Swap:         8039          0       8039

2019年 07月 24日 星期三 23:09:20 CST
             total       used       free     shared    buffers     cached
Mem:         15945      14203       1741          0         53       7960
-/+ buffers/cache:       6189       9756
Swap:         8039          0       8039

2019年 07月 24日 星期三 23:09:24 CST
             total       used       free     shared    buffers     cached
Mem:         15945      13048       2897          0         53       8040
-/+ buffers/cache:       4954      10991
Swap:         8039          0       8039

2019年 07月 24日 星期三 23:09:28 CST
             total       used       free     shared    buffers     cached
Mem:         15945      12886       3059          0         53       8352
-/+ buffers/cache:       4480      11465
Swap:         8039          0       8039

2019年 07月 24日 星期三 23:09:32 CST
             total       used       free     shared    buffers     cached
Mem:         15945      12729       3215          0         53       8166
-/+ buffers/cache:       4509      11435
Swap:         8039          0       8039

2019年 07月 24日 星期三 23:09:36 CST
             total       used       free     shared    buffers     cached
Mem:         15945      12423       3522          0         53       8147
-/+ buffers/cache:       4221      11723
Swap:         8039          0       8039

2019年 07月 24日 星期三 23:09:40 CST
             total       used       free     shared    buffers     cached
Mem:         15945      12641       3304          0         53       8128
-/+ buffers/cache:       4458      11487
Swap:         8039          0       8039

2019年 07月 24日 星期三 23:09:44 CST
             total       used       free     shared    buffers     cached
Mem:         15945      12482       3462          0         53       8139
-/+ buffers/cache:       4289      11656
Swap:         8039          0       8039

2019年 07月 24日 星期三 23:09:48 CST
             total       used       free     shared    buffers     cached
Mem:         15945      12996       2949          0         53       8295
-/+ buffers/cache:       4647      11298
Swap:         8039          0       8039

2019年 07月 24日 星期三 23:09:52 CST
             total       used       free     shared    buffers     cached
Mem:         15945      13634       2311          0         53       8297
-/+ buffers/cache:       5282      10662
Swap:         8039          0       8039

2019年 07月 24日 星期三 23:09:56 CST
             total       used       free     shared    buffers     cached
Mem:         15945      14264       1681          0         53       8307
-/+ buffers/cache:       5902      10042
Swap:         8039          0       8039

2019年 07月 24日 星期三 23:10:00 CST
             total       used       free     shared    buffers     cached
Mem:         15945      14701       1244          0         53       8415
-/+ buffers/cache:       6232       9713
Swap:         8039          0       8039

2019年 07月 24日 星期三 23:10:04 CST
             total       used       free     shared    buffers     cached
Mem:         15945      14253       1691          0         53       8494
-/+ buffers/cache:       5705      10240
Swap:         8039          0       8039

2019年 07月 24日 星期三 23:10:08 CST
             total       used       free     shared    buffers     cached
Mem:         15945      14342       1603          0         53       8537
-/+ buffers/cache:       5750      10194
Swap:         8039          0       8039

2019年 07月 24日 星期三 23:10:12 CST
             total       used       free     shared    buffers     cached
Mem:         15945      14514       1430          0         53       8642
-/+ buffers/cache:       5818      10127
Swap:         8039          0       8039

2019年 07月 24日 星期三 23:10:16 CST
             total       used       free     shared    buffers     cached
Mem:         15945      14617       1327          0         53       8674
-/+ buffers/cache:       5889      10056
Swap:         8039          0       8039

2019年 07月 24日 星期三 23:10:20 CST
             total       used       free     shared    buffers     cached
Mem:         15945      14066       1878          0         53       8691
-/+ buffers/cache:       5321      10623
Swap:         8039          0       8039

2019年 07月 24日 星期三 23:10:24 CST
             total       used       free     shared    buffers     cached
Mem:         15945      14170       1774          0         53       8753
-/+ buffers/cache:       5363      10582
Swap:         8039          0       8039

2019年 07月 24日 星期三 23:10:28 CST
             total       used       free     shared    buffers     cached
Mem:         15945      14316       1629          0         53       8834
-/+ buffers/cache:       5428      10517
Swap:         8039          0       8039

2019年 07月 24日 星期三 23:10:32 CST
             total       used       free     shared    buffers     cached
Mem:         15945      14391       1553          0         53       8850
-/+ buffers/cache:       5487      10458
Swap:         8039          0       8039

2019年 07月 24日 星期三 23:10:36 CST
             total       used       free     shared    buffers     cached
Mem:         15945      14515       1430          0         53       8902
-/+ buffers/cache:       5559      10386
Swap:         8039          0       8039

2019年 07月 24日 星期三 23:10:40 CST
             total       used       free     shared    buffers     cached
Mem:         15945      11637       4307          0         53       8807
-/+ buffers/cache:       2776      13168
Swap:         8039          0       8039

2019年 07月 24日 星期三 23:10:44 CST
             total       used       free     shared    buffers     cached
Mem:         15945      10784       5160          0         53       8758
-/+ buffers/cache:       1972      13972
Swap:         8039          0       8039

2019年 07月 24日 星期三 23:10:48 CST
             total       used       free     shared    buffers     cached
Mem:         15945      10406       5539          0         53       8387
-/+ buffers/cache:       1965      13980
Swap:         8039          0       8039

2019年 07月 24日 星期三 23:10:52 CST
             total       used       free     shared    buffers     cached
Mem:         15945      10404       5540          0         53       8387
-/+ buffers/cache:       1963      13981
Swap:         8039          0       8039

