
2019年 07月 24日 星期三 22:59:59 CST
             total       used       free     shared    buffers     cached
Mem:         15945       8764       7181          0         72       6757
-/+ buffers/cache:       1934      14011
Swap:         8039          0       8039

2019年 07月 24日 星期三 23:00:03 CST
             total       used       free     shared    buffers     cached
Mem:         15945       8764       7181          0         72       6757
-/+ buffers/cache:       1934      14011
Swap:         8039          0       8039

2019年 07月 24日 星期三 23:00:07 CST
             total       used       free     shared    buffers     cached
Mem:         15945       8764       7181          0         72       6757
-/+ buffers/cache:       1934      14011
Swap:         8039          0       8039

2019年 07月 24日 星期三 23:00:11 CST
             total       used       free     shared    buffers     cached
Mem:         15945       8764       7181          0         72       6757
-/+ buffers/cache:       1934      14011
Swap:         8039          0       8039

2019年 07月 24日 星期三 23:00:16 CST
             total       used       free     shared    buffers     cached
Mem:         15945       8764       7181          0         72       6757
-/+ buffers/cache:       1934      14011
Swap:         8039          0       8039

2019年 07月 24日 星期三 23:00:20 CST
             total       used       free     shared    buffers     cached
Mem:         15945       8814       7130          0         72       6807
-/+ buffers/cache:       1934      14011
Swap:         8039          0       8039

2019年 07月 24日 星期三 23:00:24 CST
             total       used       free     shared    buffers     cached
Mem:         15945       9014       6931          0         72       7006
-/+ buffers/cache:       1935      14009
Swap:         8039          0       8039

2019年 07月 24日 星期三 23:00:28 CST
             total       used       free     shared    buffers     cached
Mem:         15945       9272       6673          0         72       7246
-/+ buffers/cache:       1953      13991
Swap:         8039          0       8039

2019年 07月 24日 星期三 23:00:32 CST
             total       used       free     shared    buffers     cached
Mem:         15945       9754       6191          0         72       7513
-/+ buffers/cache:       2168      13777
Swap:         8039          0       8039

2019年 07月 24日 星期三 23:00:36 CST
             total       used       free     shared    buffers     cached
Mem:         15945      10203       5741          0         72       7732
-/+ buffers/cache:       2398      13546
Swap:         8039          0       8039

2019年 07月 24日 星期三 23:00:40 CST
             total       used       free     shared    buffers     cached
Mem:         15945      10609       5335          0         72       7917
-/+ buffers/cache:       2619      13325
Swap:         8039          0       8039

2019年 07月 24日 星期三 23:00:44 CST
             total       used       free     shared    buffers     cached
Mem:         15945      10972       4973          0         72       8114
-/+ buffers/cache:       2785      13160
Swap:         8039          0       8039

2019年 07月 24日 星期三 23:00:48 CST
             total       used       free     shared    buffers     cached
Mem:         15945      11364       4580          0         72       8316
-/+ buffers/cache:       2975      12969
Swap:         8039          0       8039

2019年 07月 24日 星期三 23:00:52 CST
             total       used       free     shared    buffers     cached
Mem:         15945      11909       4035          0         72       8684
-/+ buffers/cache:       3152      12792
Swap:         8039          0       8039

2019年 07月 24日 星期三 23:00:56 CST
             total       used       free     shared    buffers     cached
Mem:         15945      12499       3446          0         72       9006
-/+ buffers/cache:       3420      12525
Swap:         8039          0       8039

2019年 07月 24日 星期三 23:01:00 CST
             total       used       free     shared    buffers     cached
Mem:         15945      12997       2947          0         72       9006
-/+ buffers/cache:       3918      12026
Swap:         8039          0       8039

2019年 07月 24日 星期三 23:01:04 CST
             total       used       free     shared    buffers     cached
Mem:         15945      13385       2559          0         72       8988
-/+ buffers/cache:       4324      11621
Swap:         8039          0       8039

2019年 07月 24日 星期三 23:01:08 CST
             total       used       free     shared    buffers     cached
Mem:         15945      13893       2052          0         72       8970
-/+ buffers/cache:       4849      11095
Swap:         8039          0       8039

2019年 07月 24日 星期三 23:01:12 CST
             total       used       free     shared    buffers     cached
Mem:         15945      13459       2485          0         72       9133
-/+ buffers/cache:       4253      11691
Swap:         8039          0       8039

2019年 07月 24日 星期三 23:01:16 CST
             total       used       free     shared    buffers     cached
Mem:         15945      13738       2206          0         72       9138
-/+ buffers/cache:       4528      11417
Swap:         8039          0       8039

2019年 07月 24日 星期三 23:01:20 CST
             total       used       free     shared    buffers     cached
Mem:         15945      13375       2570          0         72       9137
-/+ buffers/cache:       4165      11780
Swap:         8039          0       8039

2019年 07月 24日 星期三 23:01:24 CST
             total       used       free     shared    buffers     cached
Mem:         15945      13873       2072          0         72       9137
-/+ buffers/cache:       4662      11283
Swap:         8039          0       8039

2019年 07月 24日 星期三 23:01:28 CST
             total       used       free     shared    buffers     cached
Mem:         15945      14373       1571          0         72       9120
-/+ buffers/cache:       5181      10764
Swap:         8039          0       8039

2019年 07月 24日 星期三 23:01:32 CST
             total       used       free     shared    buffers     cached
Mem:         15945      14687       1258          0         72       9121
-/+ buffers/cache:       5493      10452
Swap:         8039          0       8039

2019年 07月 24日 星期三 23:01:36 CST
             total       used       free     shared    buffers     cached
Mem:         15945      15203        742          0         72       9105
-/+ buffers/cache:       6024       9920
Swap:         8039          0       8039

2019年 07月 24日 星期三 23:01:40 CST
             total       used       free     shared    buffers     cached
Mem:         15945      15364        581          0         72       9106
-/+ buffers/cache:       6185       9760
Swap:         8039          0       8039

2019年 07月 24日 星期三 23:01:44 CST
             total       used       free     shared    buffers     cached
Mem:         15945      13815       2130          0         72       9108
-/+ buffers/cache:       4634      11311
Swap:         8039          0       8039

2019年 07月 24日 星期三 23:01:48 CST
             total       used       free     shared    buffers     cached
Mem:         15945      14246       1698          0         72       8923
-/+ buffers/cache:       5250      10695
Swap:         8039          0       8039

2019年 07月 24日 星期三 23:01:52 CST
             total       used       free     shared    buffers     cached
Mem:         15945      14895       1050          0         72       8980
-/+ buffers/cache:       5841      10103
Swap:         8039          0       8039

2019年 07月 24日 星期三 23:01:56 CST
             total       used       free     shared    buffers     cached
Mem:         15945      15239        706          0         72       9240
-/+ buffers/cache:       5925      10019
Swap:         8039          0       8039

2019年 07月 24日 星期三 23:02:00 CST
             total       used       free     shared    buffers     cached
Mem:         15945      12908       3036          0         72       9530
-/+ buffers/cache:       3305      12640
Swap:         8039          0       8039

2019年 07月 24日 星期三 23:02:04 CST
             total       used       free     shared    buffers     cached
Mem:         15945      12627       3317          0         72       9583
-/+ buffers/cache:       2971      12974
Swap:         8039          0       8039

2019年 07月 24日 星期三 23:02:09 CST
             total       used       free     shared    buffers     cached
Mem:         15945      12830       3115          0         72      10162
-/+ buffers/cache:       2595      13349
Swap:         8039          0       8039

2019年 07月 24日 星期三 23:02:13 CST
             total       used       free     shared    buffers     cached
Mem:         15945      13319       2626          0         72      10199
-/+ buffers/cache:       3047      12898
Swap:         8039          0       8039

2019年 07月 24日 星期三 23:02:17 CST
             total       used       free     shared    buffers     cached
Mem:         15945      13797       2147          0         72      10372
-/+ buffers/cache:       3352      12592
Swap:         8039          0       8039

2019年 07月 24日 星期三 23:02:21 CST
             total       used       free     shared    buffers     cached
Mem:         15945      14429       1515          0         72      10634
-/+ buffers/cache:       3722      12222
Swap:         8039          0       8039

2019年 07月 24日 星期三 23:02:25 CST
             total       used       free     shared    buffers     cached
Mem:         15945      14878       1067          0         72      10634
-/+ buffers/cache:       4170      11774
Swap:         8039          0       8039

2019年 07月 24日 星期三 23:02:29 CST
             total       used       free     shared    buffers     cached
Mem:         15945      15223        721          0         72      10635
-/+ buffers/cache:       4515      11429
Swap:         8039          0       8039

2019年 07月 24日 星期三 23:02:33 CST
             total       used       free     shared    buffers     cached
Mem:         15945      15402        542          0         72      10636
-/+ buffers/cache:       4693      11252
Swap:         8039          0       8039

2019年 07月 24日 星期三 23:02:37 CST
             total       used       free     shared    buffers     cached
Mem:         15945      14987        958          0         72      10597
-/+ buffers/cache:       4316      11628
Swap:         8039          0       8039

2019年 07月 24日 星期三 23:02:41 CST
             total       used       free     shared    buffers     cached
Mem:         15945      15162        782          0         72      10598
-/+ buffers/cache:       4491      11453
Swap:         8039          0       8039

2019年 07月 24日 星期三 23:02:45 CST
             total       used       free     shared    buffers     cached
Mem:         15945      15207        737          0         72      10598
-/+ buffers/cache:       4536      11408
Swap:         8039          0       8039

2019年 07月 24日 星期三 23:02:49 CST
             total       used       free     shared    buffers     cached
Mem:         15945      14957        987          0         72      10744
-/+ buffers/cache:       4140      11804
Swap:         8039          0       8039

2019年 07月 24日 星期三 23:02:53 CST
             total       used       free     shared    buffers     cached
Mem:         15945      15352        593          0         72      10744
-/+ buffers/cache:       4535      11410
Swap:         8039          0       8039

2019年 07月 24日 星期三 23:02:57 CST
             total       used       free     shared    buffers     cached
Mem:         15945      15775        170          0         72      10626
-/+ buffers/cache:       5076      10869
Swap:         8039          0       8039

2019年 07月 24日 星期三 23:03:01 CST
             total       used       free     shared    buffers     cached
Mem:         15945      15784        161          0         72      10210
-/+ buffers/cache:       5500      10445
Swap:         8039          0       8039

2019年 07月 24日 星期三 23:03:05 CST
             total       used       free     shared    buffers     cached
Mem:         15945      14896       1048          0         72      10059
-/+ buffers/cache:       4764      11180
Swap:         8039          0       8039

2019年 07月 24日 星期三 23:03:09 CST
             total       used       free     shared    buffers     cached
Mem:         15945      14929       1015          0         72       9878
-/+ buffers/cache:       4979      10966
Swap:         8039          0       8039

2019年 07月 24日 星期三 23:03:13 CST
             total       used       free     shared    buffers     cached
Mem:         15945      15607        338          0         72       9882
-/+ buffers/cache:       5651      10294
Swap:         8039          0       8039

2019年 07月 24日 星期三 23:03:17 CST
             total       used       free     shared    buffers     cached
Mem:         15945      15793        152          0         72       9618
-/+ buffers/cache:       6102       9843
Swap:         8039          0       8039

2019年 07月 24日 星期三 23:03:21 CST
             total       used       free     shared    buffers     cached
Mem:         15945      15790        155          0         72       9435
-/+ buffers/cache:       6282       9663
Swap:         8039          0       8039

2019年 07月 24日 星期三 23:03:25 CST
             total       used       free     shared    buffers     cached
Mem:         15945      15766        178          0         72       9365
-/+ buffers/cache:       6327       9617
Swap:         8039          0       8039

2019年 07月 24日 星期三 23:03:29 CST
             total       used       free     shared    buffers     cached
Mem:         15945      15769        175          0         72       9298
-/+ buffers/cache:       6398       9546
Swap:         8039          0       8039

2019年 07月 24日 星期三 23:03:33 CST
             total       used       free     shared    buffers     cached
Mem:         15945      15783        162          0         72       9199
-/+ buffers/cache:       6511       9434
Swap:         8039          0       8039

2019年 07月 24日 星期三 23:03:37 CST
             total       used       free     shared    buffers     cached
Mem:         15945      15782        162          0         72       9158
-/+ buffers/cache:       6552       9393
Swap:         8039          0       8039

2019年 07月 24日 星期三 23:03:41 CST
             total       used       free     shared    buffers     cached
Mem:         15945      15084        860          0         72       9114
-/+ buffers/cache:       5897      10048
Swap:         8039          0       8039

2019年 07月 24日 星期三 23:03:45 CST
             total       used       free     shared    buffers     cached
Mem:         15945      15554        391          0         72       9380
-/+ buffers/cache:       6101       9843
Swap:         8039          0       8039

2019年 07月 24日 星期三 23:03:49 CST
             total       used       free     shared    buffers     cached
Mem:         15945      15777        167          0         72       9408
-/+ buffers/cache:       6296       9649
Swap:         8039          0       8039

2019年 07月 24日 星期三 23:03:53 CST
             total       used       free     shared    buffers     cached
Mem:         15945      13842       2103          0         72       9239
-/+ buffers/cache:       4530      11415
Swap:         8039          0       8039

2019年 07月 24日 星期三 23:03:57 CST
             total       used       free     shared    buffers     cached
Mem:         15945      14282       1662          0         72       9319
-/+ buffers/cache:       4890      11055
Swap:         8039          0       8039

2019年 07月 24日 星期三 23:04:01 CST
             total       used       free     shared    buffers     cached
Mem:         15945      13775       2169          0         72       9317
-/+ buffers/cache:       4385      11559
Swap:         8039          0       8039

2019年 07月 24日 星期三 23:04:05 CST
             total       used       free     shared    buffers     cached
Mem:         15945      14604       1340          0         72       9506
-/+ buffers/cache:       5025      10919
Swap:         8039          0       8039

2019年 07月 24日 星期三 23:04:09 CST
             total       used       free     shared    buffers     cached
Mem:         15945      15331        614          0         72       9510
-/+ buffers/cache:       5748      10196
Swap:         8039          0       8039

2019年 07月 24日 星期三 23:04:13 CST
             total       used       free     shared    buffers     cached
Mem:         15945      14531       1413          0         72       9659
-/+ buffers/cache:       4800      11145
Swap:         8039          0       8039

2019年 07月 24日 星期三 23:04:17 CST
             total       used       free     shared    buffers     cached
Mem:         15945      15107        838          0         72       9770
-/+ buffers/cache:       5264      10680
Swap:         8039          0       8039

2019年 07月 24日 星期三 23:04:22 CST
             total       used       free     shared    buffers     cached
Mem:         15945      14663       1281          0         72       9626
-/+ buffers/cache:       4965      10980
Swap:         8039          0       8039

2019年 07月 24日 星期三 23:04:26 CST
             total       used       free     shared    buffers     cached
Mem:         15945      14843       1101          0         72       9551
-/+ buffers/cache:       5219      10726
Swap:         8039          0       8039

2019年 07月 24日 星期三 23:04:30 CST
             total       used       free     shared    buffers     cached
Mem:         15945      15201        744          0         72       9641
-/+ buffers/cache:       5486      10458
Swap:         8039          0       8039

2019年 07月 24日 星期三 23:04:34 CST
             total       used       free     shared    buffers     cached
Mem:         15945      15512        432          0         72       9695
-/+ buffers/cache:       5744      10201
Swap:         8039          0       8039

2019年 07月 24日 星期三 23:04:38 CST
             total       used       free     shared    buffers     cached
Mem:         15945      15303        642          0         72       9768
-/+ buffers/cache:       5462      10483
Swap:         8039          0       8039

2019年 07月 24日 星期三 23:04:42 CST
             total       used       free     shared    buffers     cached
Mem:         15945      13198       2747          0         72       9991
-/+ buffers/cache:       3133      12811
Swap:         8039          0       8039

2019年 07月 24日 星期三 23:04:46 CST
             total       used       free     shared    buffers     cached
Mem:         15945      13908       2037          0         72      10264
-/+ buffers/cache:       3571      12374
Swap:         8039          0       8039

2019年 07月 24日 星期三 23:04:50 CST
             total       used       free     shared    buffers     cached
Mem:         15945      14181       1763          0         72      10495
-/+ buffers/cache:       3613      12331
Swap:         8039          0       8039

2019年 07月 24日 星期三 23:04:54 CST
             total       used       free     shared    buffers     cached
Mem:         15945      14623       1321          0         72      10560
-/+ buffers/cache:       3990      11955
Swap:         8039          0       8039

2019年 07月 24日 星期三 23:04:58 CST
             total       used       free     shared    buffers     cached
Mem:         15945      15157        787          0         72      10776
-/+ buffers/cache:       4308      11637
Swap:         8039          0       8039

2019年 07月 24日 星期三 23:05:02 CST
             total       used       free     shared    buffers     cached
Mem:         15945      15789        155          0         72      11179
-/+ buffers/cache:       4537      11408
Swap:         8039          0       8039

2019年 07月 24日 星期三 23:05:06 CST
             total       used       free     shared    buffers     cached
Mem:         15945      15622        322          0         72      11427
-/+ buffers/cache:       4122      11823
Swap:         8039          0       8039

2019年 07月 24日 星期三 23:05:10 CST
             total       used       free     shared    buffers     cached
Mem:         15945      15716        228          0         72      11066
-/+ buffers/cache:       4577      11368
Swap:         8039          0       8039

2019年 07月 24日 星期三 23:05:14 CST
             total       used       free     shared    buffers     cached
Mem:         15945      15776        169          0         72      10722
-/+ buffers/cache:       4981      10964
Swap:         8039          0       8039

2019年 07月 24日 星期三 23:05:18 CST
             total       used       free     shared    buffers     cached
Mem:         15945      15411        533          0         72      10779
-/+ buffers/cache:       4559      11386
Swap:         8039          0       8039

2019年 07月 24日 星期三 23:05:22 CST
             total       used       free     shared    buffers     cached
Mem:         15945      15776        169          0         72      10367
-/+ buffers/cache:       5336      10608
Swap:         8039          0       8039

2019年 07月 24日 星期三 23:05:26 CST
             total       used       free     shared    buffers     cached
Mem:         15945      14712       1232          0         72      10120
-/+ buffers/cache:       4520      11425
Swap:         8039          0       8039

2019年 07月 24日 星期三 23:05:30 CST
             total       used       free     shared    buffers     cached
Mem:         15945      15063        882          0         72      10121
-/+ buffers/cache:       4869      11075
Swap:         8039          0       8039

2019年 07月 24日 星期三 23:05:34 CST
             total       used       free     shared    buffers     cached
Mem:         15945      15135        809          0         72       9752
-/+ buffers/cache:       5310      10634
Swap:         8039          0       8039

2019年 07月 24日 星期三 23:05:38 CST
             total       used       free     shared    buffers     cached
Mem:         15945      15515        430          0         72       9754
-/+ buffers/cache:       5687      10257
Swap:         8039          0       8039

2019年 07月 24日 星期三 23:05:42 CST
             total       used       free     shared    buffers     cached
Mem:         15945      15715        230          0         72       9617
-/+ buffers/cache:       6025       9919
Swap:         8039          0       8039

2019年 07月 24日 星期三 23:05:46 CST
             total       used       free     shared    buffers     cached
Mem:         15945      14119       1826          0         72       9862
-/+ buffers/cache:       4184      11761
Swap:         8039          0       8039

2019年 07月 24日 星期三 23:05:50 CST
             total       used       free     shared    buffers     cached
Mem:         15945      13879       2066          0         72      10032
-/+ buffers/cache:       3774      12171
Swap:         8039          0       8039

2019年 07月 24日 星期三 23:05:54 CST
             total       used       free     shared    buffers     cached
Mem:         15945      14681       1263          0         72       9980
-/+ buffers/cache:       4628      11317
Swap:         8039          0       8039

2019年 07月 24日 星期三 23:05:58 CST
             total       used       free     shared    buffers     cached
Mem:         15945      14064       1880          0         72       9689
-/+ buffers/cache:       4303      11642
Swap:         8039          0       8039

2019年 07月 24日 星期三 23:06:03 CST
             total       used       free     shared    buffers     cached
Mem:         15945      14950        995          0         72       9783
-/+ buffers/cache:       5094      10851
Swap:         8039          0       8039

2019年 07月 24日 星期三 23:06:07 CST
             total       used       free     shared    buffers     cached
Mem:         15945      15412        532          0         72       9663
-/+ buffers/cache:       5676      10269
Swap:         8039          0       8039

2019年 07月 24日 星期三 23:06:11 CST
             total       used       free     shared    buffers     cached
Mem:         15945      15771        173          0         72       9728
-/+ buffers/cache:       5970       9974
Swap:         8039          0       8039

2019年 07月 24日 星期三 23:06:15 CST
             total       used       free     shared    buffers     cached
Mem:         15945      15774        170          0         72       9546
-/+ buffers/cache:       6156       9788
Swap:         8039          0       8039

2019年 07月 24日 星期三 23:06:19 CST
             total       used       free     shared    buffers     cached
Mem:         15945      15768        177          0         72       9266
-/+ buffers/cache:       6429       9515
Swap:         8039          0       8039

2019年 07月 24日 星期三 23:06:23 CST
             total       used       free     shared    buffers     cached
Mem:         15945      15771        174          0         72       8990
-/+ buffers/cache:       6708       9236
Swap:         8039          0       8039

2019年 07月 24日 星期三 23:06:27 CST
             total       used       free     shared    buffers     cached
Mem:         15945      15747        197          0         71       8736
-/+ buffers/cache:       6939       9006
Swap:         8039          0       8039

2019年 07月 24日 星期三 23:06:31 CST
             total       used       free     shared    buffers     cached
Mem:         15945      15426        518          0         71       8798
-/+ buffers/cache:       6556       9389
Swap:         8039          0       8039

2019年 07月 24日 星期三 23:06:35 CST
             total       used       free     shared    buffers     cached
Mem:         15945      15718        227          0         72       8818
-/+ buffers/cache:       6827       9118
Swap:         8039          0       8039

2019年 07月 24日 星期三 23:06:39 CST
             total       used       free     shared    buffers     cached
Mem:         15945      14500       1445          0         72       8795
-/+ buffers/cache:       5632      10313
Swap:         8039          0       8039

2019年 07月 24日 星期三 23:06:43 CST
             total       used       free     shared    buffers     cached
Mem:         15945      10799       5145          0         72       8717
-/+ buffers/cache:       2010      13935
Swap:         8039          0       8039

2019年 07月 24日 星期三 23:06:47 CST
             total       used       free     shared    buffers     cached
Mem:         15945      11646       4298          0         72       9379
-/+ buffers/cache:       2195      13750
Swap:         8039          0       8039

2019年 07月 24日 星期三 23:06:51 CST
             total       used       free     shared    buffers     cached
Mem:         15945      12426       3518          0         72       9519
-/+ buffers/cache:       2835      13110
Swap:         8039          0       8039

2019年 07月 24日 星期三 23:06:55 CST
             total       used       free     shared    buffers     cached
Mem:         15945      13074       2870          0         72       9520
-/+ buffers/cache:       3482      12463
Swap:         8039          0       8039

2019年 07月 24日 星期三 23:06:59 CST
             total       used       free     shared    buffers     cached
Mem:         15945      13760       2184          0         72       9520
-/+ buffers/cache:       4167      11777
Swap:         8039          0       8039

2019年 07月 24日 星期三 23:07:03 CST
             total       used       free     shared    buffers     cached
Mem:         15945      14294       1650          0         72       9522
-/+ buffers/cache:       4700      11245
Swap:         8039          0       8039

2019年 07月 24日 星期三 23:07:07 CST
             total       used       free     shared    buffers     cached
Mem:         15945      13755       2190          0         72       9521
-/+ buffers/cache:       4161      11783
Swap:         8039          0       8039

2019年 07月 24日 星期三 23:07:11 CST
             total       used       free     shared    buffers     cached
Mem:         15945      13934       2011          0         72       9502
-/+ buffers/cache:       4359      11586
Swap:         8039          0       8039

2019年 07月 24日 星期三 23:07:15 CST
             total       used       free     shared    buffers     cached
Mem:         15945      14385       1559          0         72       9317
-/+ buffers/cache:       4995      10949
Swap:         8039          0       8039

2019年 07月 24日 星期三 23:07:19 CST
             total       used       free     shared    buffers     cached
Mem:         15945      15023        921          0         72       9320
-/+ buffers/cache:       5630      10314
Swap:         8039          0       8039

2019年 07月 24日 星期三 23:07:23 CST
             total       used       free     shared    buffers     cached
Mem:         15945      13528       2417          0         72       9318
-/+ buffers/cache:       4137      11808
Swap:         8039          0       8039

2019年 07月 24日 星期三 23:07:27 CST
             total       used       free     shared    buffers     cached
Mem:         15945      13083       2862          0         72       9318
-/+ buffers/cache:       3692      12252
Swap:         8039          0       8039

2019年 07月 24日 星期三 23:07:31 CST
             total       used       free     shared    buffers     cached
Mem:         15945      13344       2601          0         72       8948
-/+ buffers/cache:       4323      11621
Swap:         8039          0       8039

2019年 07月 24日 星期三 23:07:35 CST
             total       used       free     shared    buffers     cached
Mem:         15945      13370       2575          0         72       8259
-/+ buffers/cache:       5038      10906
Swap:         8039          0       8039

2019年 07月 24日 星期三 23:07:39 CST
             total       used       free     shared    buffers     cached
Mem:         15945      14284       1660          0         72       8261
-/+ buffers/cache:       5951       9994
Swap:         8039          0       8039

2019年 07月 24日 星期三 23:07:43 CST
             total       used       free     shared    buffers     cached
Mem:         15945      12283       3661          0         72       8257
-/+ buffers/cache:       3953      11991
Swap:         8039          0       8039

2019年 07月 24日 星期三 23:07:47 CST
             total       used       free     shared    buffers     cached
Mem:         15945      12747       3197          0         72       8073
-/+ buffers/cache:       4601      11343
Swap:         8039          0       8039

2019年 07月 24日 星期三 23:07:51 CST
             total       used       free     shared    buffers     cached
Mem:         15945      13212       2732          0         72       8073
-/+ buffers/cache:       5066      10878
Swap:         8039          0       8039

2019年 07月 24日 星期三 23:07:55 CST
             total       used       free     shared    buffers     cached
Mem:         15945      14121       1824          0         72       8081
-/+ buffers/cache:       5967       9977
Swap:         8039          0       8039

2019年 07月 24日 星期三 23:08:00 CST
             total       used       free     shared    buffers     cached
Mem:         15945      14802       1142          0         72       8087
-/+ buffers/cache:       6642       9302
Swap:         8039          0       8039

2019年 07月 24日 星期三 23:08:04 CST
             total       used       free     shared    buffers     cached
Mem:         15945      15000        945          0         72       8107
-/+ buffers/cache:       6820       9125
Swap:         8039          0       8039

2019年 07月 24日 星期三 23:08:08 CST
             total       used       free     shared    buffers     cached
Mem:         15945      15151        793          0         72       8116
-/+ buffers/cache:       6963       8982
Swap:         8039          0       8039

2019年 07月 24日 星期三 23:08:12 CST
             total       used       free     shared    buffers     cached
Mem:         15945      15268        677          0         72       8135
-/+ buffers/cache:       7060       8885
Swap:         8039          0       8039

2019年 07月 24日 星期三 23:08:16 CST
             total       used       free     shared    buffers     cached
Mem:         15945      15426        518          0         72       8168
-/+ buffers/cache:       7186       8759
Swap:         8039          0       8039

2019年 07月 24日 星期三 23:08:20 CST
             total       used       free     shared    buffers     cached
Mem:         15945      14171       1773          0         72       8181
-/+ buffers/cache:       5917      10027
Swap:         8039          0       8039

2019年 07月 24日 星期三 23:08:24 CST
             total       used       free     shared    buffers     cached
Mem:         15945      14505       1440          0         72       8182
-/+ buffers/cache:       6250       9694
Swap:         8039          0       8039

2019年 07月 24日 星期三 23:08:28 CST
             total       used       free     shared    buffers     cached
Mem:         15945      15169        776          0         72       8229
-/+ buffers/cache:       6867       9077
Swap:         8039          0       8039

2019年 07月 24日 星期三 23:08:32 CST
             total       used       free     shared    buffers     cached
Mem:         15945      13669       2275          0         72       8217
-/+ buffers/cache:       5380      10565
Swap:         8039          0       8039

2019年 07月 24日 星期三 23:08:36 CST
             total       used       free     shared    buffers     cached
Mem:         15945      14093       1852          0         72       8245
-/+ buffers/cache:       5775      10170
Swap:         8039          0       8039

2019年 07月 24日 星期三 23:08:40 CST
             total       used       free     shared    buffers     cached
Mem:         15945      14546       1398          0         72       8278
-/+ buffers/cache:       6195       9749
Swap:         8039          0       8039

2019年 07月 24日 星期三 23:08:44 CST
             total       used       free     shared    buffers     cached
Mem:         15945      13016       2929          0         72       8300
-/+ buffers/cache:       4643      11301
Swap:         8039          0       8039

2019年 07月 24日 星期三 23:08:48 CST
             total       used       free     shared    buffers     cached
Mem:         15945      13749       2196          0         72       8324
-/+ buffers/cache:       5352      10593
Swap:         8039          0       8039

2019年 07月 24日 星期三 23:08:52 CST
             total       used       free     shared    buffers     cached
Mem:         15945      13958       1986          0         72       8140
-/+ buffers/cache:       5746      10199
Swap:         8039          0       8039

2019年 07月 24日 星期三 23:08:56 CST
             total       used       free     shared    buffers     cached
Mem:         15945      14332       1613          0         72       8148
-/+ buffers/cache:       6111       9834
Swap:         8039          0       8039

2019年 07月 24日 星期三 23:09:00 CST
             total       used       free     shared    buffers     cached
Mem:         15945      14624       1320          0         72       8156
-/+ buffers/cache:       6395       9549
Swap:         8039          0       8039

2019年 07月 24日 星期三 23:09:04 CST
             total       used       free     shared    buffers     cached
Mem:         15945      14878       1067          0         72       8162
-/+ buffers/cache:       6643       9302
Swap:         8039          0       8039

2019年 07月 24日 星期三 23:09:08 CST
             total       used       free     shared    buffers     cached
Mem:         15945      14977        967          0         72       8201
-/+ buffers/cache:       6703       9241
Swap:         8039          0       8039

2019年 07月 24日 星期三 23:09:12 CST
             total       used       free     shared    buffers     cached
Mem:         15945      13786       2159          0         72       8212
-/+ buffers/cache:       5501      10443
Swap:         8039          0       8039

2019年 07月 24日 星期三 23:09:16 CST
             total       used       free     shared    buffers     cached
Mem:         15945      13808       2137          0         72       8028
-/+ buffers/cache:       5707      10238
Swap:         8039          0       8039

2019年 07月 24日 星期三 23:09:20 CST
             total       used       free     shared    buffers     cached
Mem:         15945      14181       1764          0         72       8068
-/+ buffers/cache:       6040       9904
Swap:         8039          0       8039

2019年 07月 24日 星期三 23:09:24 CST
             total       used       free     shared    buffers     cached
Mem:         15945      13175       2769          0         72       8057
-/+ buffers/cache:       5045      10899
Swap:         8039          0       8039

2019年 07月 24日 星期三 23:09:28 CST
             total       used       free     shared    buffers     cached
Mem:         15945      13279       2665          0         72       8058
-/+ buffers/cache:       5149      10796
Swap:         8039          0       8039

2019年 07月 24日 星期三 23:09:32 CST
             total       used       free     shared    buffers     cached
Mem:         15945      13465       2480          0         72       8040
-/+ buffers/cache:       5352      10593
Swap:         8039          0       8039

2019年 07月 24日 星期三 23:09:36 CST
             total       used       free     shared    buffers     cached
Mem:         15945      13014       2931          0         72       8067
-/+ buffers/cache:       4874      11071
Swap:         8039          0       8039

2019年 07月 24日 星期三 23:09:40 CST
             total       used       free     shared    buffers     cached
Mem:         15945      13436       2508          0         72       8250
-/+ buffers/cache:       5114      10831
Swap:         8039          0       8039

2019年 07月 24日 星期三 23:09:45 CST
             total       used       free     shared    buffers     cached
Mem:         15945      13191       2753          0         72       8250
-/+ buffers/cache:       4868      11076
Swap:         8039          0       8039

2019年 07月 24日 星期三 23:09:49 CST
             total       used       free     shared    buffers     cached
Mem:         15945      13706       2238          0         72       8231
-/+ buffers/cache:       5402      10542
Swap:         8039          0       8039

2019年 07月 24日 星期三 23:09:53 CST
             total       used       free     shared    buffers     cached
Mem:         15945      14345       1600          0         72       8233
-/+ buffers/cache:       6038       9906
Swap:         8039          0       8039

2019年 07月 24日 星期三 23:09:57 CST
             total       used       free     shared    buffers     cached
Mem:         15945      14726       1218          0         72       8277
-/+ buffers/cache:       6377       9568
Swap:         8039          0       8039

2019年 07月 24日 星期三 23:10:01 CST
             total       used       free     shared    buffers     cached
Mem:         15945      15080        865          0         72       8338
-/+ buffers/cache:       6669       9276
Swap:         8039          0       8039

2019年 07月 24日 星期三 23:10:05 CST
             total       used       free     shared    buffers     cached
Mem:         15945      14696       1248          0         72       8403
-/+ buffers/cache:       6221       9724
Swap:         8039          0       8039

2019年 07月 24日 星期三 23:10:09 CST
             total       used       free     shared    buffers     cached
Mem:         15945      14792       1153          0         72       8439
-/+ buffers/cache:       6280       9665
Swap:         8039          0       8039

2019年 07月 24日 星期三 23:10:13 CST
             total       used       free     shared    buffers     cached
Mem:         15945      13683       2262          0         72       8518
-/+ buffers/cache:       5092      10853
Swap:         8039          0       8039

2019年 07月 24日 星期三 23:10:17 CST
             total       used       free     shared    buffers     cached
Mem:         15945      13775       2170          0         72       8569
-/+ buffers/cache:       5133      10812
Swap:         8039          0       8039

2019年 07月 24日 星期三 23:10:21 CST
             total       used       free     shared    buffers     cached
Mem:         15945      13354       2591          0         72       8700
-/+ buffers/cache:       4581      11364
Swap:         8039          0       8039

2019年 07月 24日 星期三 23:10:25 CST
             total       used       free     shared    buffers     cached
Mem:         15945      13463       2482          0         72       8763
-/+ buffers/cache:       4627      11318
Swap:         8039          0       8039

2019年 07月 24日 星期三 23:10:29 CST
             total       used       free     shared    buffers     cached
Mem:         15945      13598       2346          0         72       8835
-/+ buffers/cache:       4690      11254
Swap:         8039          0       8039

2019年 07月 24日 星期三 23:10:33 CST
             total       used       free     shared    buffers     cached
Mem:         15945      13687       2257          0         72       8888
-/+ buffers/cache:       4727      11218
Swap:         8039          0       8039

2019年 07月 24日 星期三 23:10:37 CST
             total       used       free     shared    buffers     cached
Mem:         15945      13903       2042          0         72       8958
-/+ buffers/cache:       4872      11072
Swap:         8039          0       8039

2019年 07月 24日 星期三 23:10:41 CST
             total       used       free     shared    buffers     cached
Mem:         15945      12365       3580          0         72       8963
-/+ buffers/cache:       3329      12616
Swap:         8039          0       8039

2019年 07月 24日 星期三 23:10:45 CST
             total       used       free     shared    buffers     cached
Mem:         15945      10668       5276          0         72       8623
-/+ buffers/cache:       1972      13972
Swap:         8039          0       8039

2019年 07月 24日 星期三 23:10:49 CST
             total       used       free     shared    buffers     cached
Mem:         15945      10478       5466          0         72       8438
-/+ buffers/cache:       1968      13977
Swap:         8039          0       8039

