
Linux 2.6.32-431.el6.x86_64 (slave1) 	2019年07月25日 	_x86_64_	(8 CPU)

02时41分24秒  CPU    %usr   %nice    %sys %iowait    %irq   %soft  %steal  %guest   %idle
02时41分25秒  all    0.00    0.00    0.00    0.00    0.00    0.00    0.00    0.00  100.00
平均时间:  all    0.00    0.00    0.00    0.00    0.00    0.00    0.00    0.00  100.00

Linux 2.6.32-431.el6.x86_64 (slave1) 	2019年07月25日 	_x86_64_	(8 CPU)

02时41分28秒  CPU    %usr   %nice    %sys %iowait    %irq   %soft  %steal  %guest   %idle
02时41分29秒  all    0.50    0.00    0.13    0.00    0.00    0.00    0.00    0.00   99.37
平均时间:  all    0.50    0.00    0.13    0.00    0.00    0.00    0.00    0.00   99.37

Linux 2.6.32-431.el6.x86_64 (slave1) 	2019年07月25日 	_x86_64_	(8 CPU)

02时41分32秒  CPU    %usr   %nice    %sys %iowait    %irq   %soft  %steal  %guest   %idle
02时41分33秒  all    0.13    0.00    0.00    0.00    0.00    0.00    0.00    0.00   99.87
平均时间:  all    0.13    0.00    0.00    0.00    0.00    0.00    0.00    0.00   99.87

Linux 2.6.32-431.el6.x86_64 (slave1) 	2019年07月25日 	_x86_64_	(8 CPU)

02时41分36秒  CPU    %usr   %nice    %sys %iowait    %irq   %soft  %steal  %guest   %idle
02时41分37秒  all    0.00    0.00    0.13    0.00    0.00    0.00    0.00    0.00   99.87
平均时间:  all    0.00    0.00    0.13    0.00    0.00    0.00    0.00    0.00   99.87

Linux 2.6.32-431.el6.x86_64 (slave1) 	2019年07月25日 	_x86_64_	(8 CPU)

02时41分40秒  CPU    %usr   %nice    %sys %iowait    %irq   %soft  %steal  %guest   %idle
02时41分41秒  all    0.00    0.00    0.00    0.00    0.00    0.00    0.00    0.00  100.00
平均时间:  all    0.00    0.00    0.00    0.00    0.00    0.00    0.00    0.00  100.00

Linux 2.6.32-431.el6.x86_64 (slave1) 	2019年07月25日 	_x86_64_	(8 CPU)

02时41分44秒  CPU    %usr   %nice    %sys %iowait    %irq   %soft  %steal  %guest   %idle
02时41分45秒  all    0.52    0.00    7.70    0.00    0.52    7.96    0.00    0.00   83.29
平均时间:  all    0.52    0.00    7.70    0.00    0.52    7.96    0.00    0.00   83.29

Linux 2.6.32-431.el6.x86_64 (slave1) 	2019年07月25日 	_x86_64_	(8 CPU)

02时41分48秒  CPU    %usr   %nice    %sys %iowait    %irq   %soft  %steal  %guest   %idle
02时41分49秒  all    0.78    0.00    7.71    0.00    0.52   10.72    0.00    0.00   80.26
平均时间:  all    0.78    0.00    7.71    0.00    0.52   10.72    0.00    0.00   80.26

Linux 2.6.32-431.el6.x86_64 (slave1) 	2019年07月25日 	_x86_64_	(8 CPU)

02时41分52秒  CPU    %usr   %nice    %sys %iowait    %irq   %soft  %steal  %guest   %idle
02时41分53秒  all   37.94    0.00   15.78    0.00    0.39   10.69    0.00    0.00   35.20
平均时间:  all   37.94    0.00   15.78    0.00    0.39   10.69    0.00    0.00   35.20

Linux 2.6.32-431.el6.x86_64 (slave1) 	2019年07月25日 	_x86_64_	(8 CPU)

02时41分56秒  CPU    %usr   %nice    %sys %iowait    %irq   %soft  %steal  %guest   %idle
02时41分57秒  all   58.79    0.00   17.96    0.00    0.26   10.85    0.00    0.00   12.14
平均时间:  all   58.79    0.00   17.96    0.00    0.26   10.85    0.00    0.00   12.14

Linux 2.6.32-431.el6.x86_64 (slave1) 	2019年07月25日 	_x86_64_	(8 CPU)

02时42分01秒  CPU    %usr   %nice    %sys %iowait    %irq   %soft  %steal  %guest   %idle
02时42分02秒  all   50.58    0.00   14.71    0.00    0.39   12.65    0.00    0.00   21.68
平均时间:  all   50.58    0.00   14.71    0.00    0.39   12.65    0.00    0.00   21.68

Linux 2.6.32-431.el6.x86_64 (slave1) 	2019年07月25日 	_x86_64_	(8 CPU)

02时42分05秒  CPU    %usr   %nice    %sys %iowait    %irq   %soft  %steal  %guest   %idle
02时42分06秒  all    8.58    0.00   11.35    0.00    0.40   10.42    0.00    0.00   69.26
平均时间:  all    8.58    0.00   11.35    0.00    0.40   10.42    0.00    0.00   69.26

Linux 2.6.32-431.el6.x86_64 (slave1) 	2019年07月25日 	_x86_64_	(8 CPU)

02时42分09秒  CPU    %usr   %nice    %sys %iowait    %irq   %soft  %steal  %guest   %idle
02时42分10秒  all   25.49    0.00   10.38    0.00    0.53    5.12    0.00    0.00   58.48
平均时间:  all   25.49    0.00   10.38    0.00    0.53    5.12    0.00    0.00   58.48

Linux 2.6.32-431.el6.x86_64 (slave1) 	2019年07月25日 	_x86_64_	(8 CPU)

02时42分13秒  CPU    %usr   %nice    %sys %iowait    %irq   %soft  %steal  %guest   %idle
02时42分14秒  all   31.79    0.00    9.36    0.00    0.00    5.77    0.00    0.00   53.08
平均时间:  all   31.79    0.00    9.36    0.00    0.00    5.77    0.00    0.00   53.08

Linux 2.6.32-431.el6.x86_64 (slave1) 	2019年07月25日 	_x86_64_	(8 CPU)

02时42分17秒  CPU    %usr   %nice    %sys %iowait    %irq   %soft  %steal  %guest   %idle
02时42分18秒  all   86.81    0.00   10.43    0.00    0.00    0.13    0.00    0.00    2.64
平均时间:  all   86.81    0.00   10.43    0.00    0.00    0.13    0.00    0.00    2.64

Linux 2.6.32-431.el6.x86_64 (slave1) 	2019年07月25日 	_x86_64_	(8 CPU)

02时42分21秒  CPU    %usr   %nice    %sys %iowait    %irq   %soft  %steal  %guest   %idle
02时42分22秒  all   85.82    0.00   10.92    0.00    0.00    0.00    0.00    0.00    3.26
平均时间:  all   85.82    0.00   10.92    0.00    0.00    0.00    0.00    0.00    3.26

Linux 2.6.32-431.el6.x86_64 (slave1) 	2019年07月25日 	_x86_64_	(8 CPU)

02时42分25秒  CPU    %usr   %nice    %sys %iowait    %irq   %soft  %steal  %guest   %idle
02时42分26秒  all   88.10    0.00   10.28    0.00    0.00    0.13    0.00    0.00    1.50
平均时间:  all   88.10    0.00   10.28    0.00    0.00    0.13    0.00    0.00    1.50

Linux 2.6.32-431.el6.x86_64 (slave1) 	2019年07月25日 	_x86_64_	(8 CPU)

02时42分29秒  CPU    %usr   %nice    %sys %iowait    %irq   %soft  %steal  %guest   %idle
02时42分30秒  all   86.64    0.00   11.24    0.00    0.00    0.50    0.00    0.00    1.62
平均时间:  all   86.64    0.00   11.24    0.00    0.00    0.50    0.00    0.00    1.62

Linux 2.6.32-431.el6.x86_64 (slave1) 	2019年07月25日 	_x86_64_	(8 CPU)

02时42分33秒  CPU    %usr   %nice    %sys %iowait    %irq   %soft  %steal  %guest   %idle
02时42分34秒  all   73.11    0.00   12.63    0.00    0.00    0.88    0.00    0.00   13.38
平均时间:  all   73.11    0.00   12.63    0.00    0.00    0.88    0.00    0.00   13.38

Linux 2.6.32-431.el6.x86_64 (slave1) 	2019年07月25日 	_x86_64_	(8 CPU)

02时42分37秒  CPU    %usr   %nice    %sys %iowait    %irq   %soft  %steal  %guest   %idle
02时42分38秒  all   75.92    0.00   13.69    0.00    0.00    0.51    0.00    0.00    9.89
平均时间:  all   75.92    0.00   13.69    0.00    0.00    0.51    0.00    0.00    9.89

Linux 2.6.32-431.el6.x86_64 (slave1) 	2019年07月25日 	_x86_64_	(8 CPU)

02时42分41秒  CPU    %usr   %nice    %sys %iowait    %irq   %soft  %steal  %guest   %idle
02时42分42秒  all   77.08    0.00    9.57    0.00    0.00    0.00    0.00    0.00   13.35
平均时间:  all   77.08    0.00    9.57    0.00    0.00    0.00    0.00    0.00   13.35

Linux 2.6.32-431.el6.x86_64 (slave1) 	2019年07月25日 	_x86_64_	(8 CPU)

02时42分45秒  CPU    %usr   %nice    %sys %iowait    %irq   %soft  %steal  %guest   %idle
02时42分46秒  all   93.24    0.00    6.01    0.00    0.00    0.25    0.00    0.00    0.50
平均时间:  all   93.24    0.00    6.01    0.00    0.00    0.25    0.00    0.00    0.50

Linux 2.6.32-431.el6.x86_64 (slave1) 	2019年07月25日 	_x86_64_	(8 CPU)

02时42分49秒  CPU    %usr   %nice    %sys %iowait    %irq   %soft  %steal  %guest   %idle
02时42分50秒  all   81.54    0.00    4.42    0.00    0.00    0.25    0.00    0.00   13.78
平均时间:  all   81.54    0.00    4.42    0.00    0.00    0.25    0.00    0.00   13.78

Linux 2.6.32-431.el6.x86_64 (slave1) 	2019年07月25日 	_x86_64_	(8 CPU)

02时42分53秒  CPU    %usr   %nice    %sys %iowait    %irq   %soft  %steal  %guest   %idle
02时42分54秒  all   47.45    0.00    3.57    0.00    0.00    0.38    0.00    0.00   48.60
平均时间:  all   47.45    0.00    3.57    0.00    0.00    0.38    0.00    0.00   48.60

Linux 2.6.32-431.el6.x86_64 (slave1) 	2019年07月25日 	_x86_64_	(8 CPU)

02时42分57秒  CPU    %usr   %nice    %sys %iowait    %irq   %soft  %steal  %guest   %idle
02时42分58秒  all   39.36    0.00    3.06    0.00    0.00    1.40    0.00    0.00   56.18
平均时间:  all   39.36    0.00    3.06    0.00    0.00    1.40    0.00    0.00   56.18

Linux 2.6.32-431.el6.x86_64 (slave1) 	2019年07月25日 	_x86_64_	(8 CPU)

02时43分01秒  CPU    %usr   %nice    %sys %iowait    %irq   %soft  %steal  %guest   %idle
02时43分02秒  all   46.26    0.00    5.20    0.00    0.00    2.53    0.00    0.00   46.01
平均时间:  all   46.26    0.00    5.20    0.00    0.00    2.53    0.00    0.00   46.01

Linux 2.6.32-431.el6.x86_64 (slave1) 	2019年07月25日 	_x86_64_	(8 CPU)

02时43分05秒  CPU    %usr   %nice    %sys %iowait    %irq   %soft  %steal  %guest   %idle
02时43分06秒  all   46.56    0.00    5.85    0.00    0.13    1.02    0.00    0.00   46.44
平均时间:  all   46.56    0.00    5.85    0.00    0.13    1.02    0.00    0.00   46.44

Linux 2.6.32-431.el6.x86_64 (slave1) 	2019年07月25日 	_x86_64_	(8 CPU)

02时43分09秒  CPU    %usr   %nice    %sys %iowait    %irq   %soft  %steal  %guest   %idle
02时43分10秒  all   42.35    0.00    8.67    0.00    0.00    2.04    0.00    0.00   46.94
平均时间:  all   42.35    0.00    8.67    0.00    0.00    2.04    0.00    0.00   46.94

Linux 2.6.32-431.el6.x86_64 (slave1) 	2019年07月25日 	_x86_64_	(8 CPU)

02时43分13秒  CPU    %usr   %nice    %sys %iowait    %irq   %soft  %steal  %guest   %idle
02时43分14秒  all   93.38    0.00    6.62    0.00    0.00    0.00    0.00    0.00    0.00
平均时间:  all   93.38    0.00    6.62    0.00    0.00    0.00    0.00    0.00    0.00

Linux 2.6.32-431.el6.x86_64 (slave1) 	2019年07月25日 	_x86_64_	(8 CPU)

02时43分17秒  CPU    %usr   %nice    %sys %iowait    %irq   %soft  %steal  %guest   %idle
02时43分18秒  all   55.06    0.00    6.66    0.00    0.13    0.77    0.00    0.00   37.39
平均时间:  all   55.06    0.00    6.66    0.00    0.13    0.77    0.00    0.00   37.39

Linux 2.6.32-431.el6.x86_64 (slave1) 	2019年07月25日 	_x86_64_	(8 CPU)

02时43分21秒  CPU    %usr   %nice    %sys %iowait    %irq   %soft  %steal  %guest   %idle
02时43分22秒  all   89.72    0.00    8.90    0.00    0.00    0.13    0.00    0.00    1.25
平均时间:  all   89.72    0.00    8.90    0.00    0.00    0.13    0.00    0.00    1.25

Linux 2.6.32-431.el6.x86_64 (slave1) 	2019年07月25日 	_x86_64_	(8 CPU)

02时43分25秒  CPU    %usr   %nice    %sys %iowait    %irq   %soft  %steal  %guest   %idle
02时43分26秒  all   71.21    0.00    8.28    0.00    0.00    0.25    0.00    0.00   20.25
平均时间:  all   71.21    0.00    8.28    0.00    0.00    0.25    0.00    0.00   20.25

Linux 2.6.32-431.el6.x86_64 (slave1) 	2019年07月25日 	_x86_64_	(8 CPU)

02时43分29秒  CPU    %usr   %nice    %sys %iowait    %irq   %soft  %steal  %guest   %idle
02时43分30秒  all   91.85    0.00    7.64    0.00    0.00    0.38    0.00    0.00    0.13
平均时间:  all   91.85    0.00    7.64    0.00    0.00    0.38    0.00    0.00    0.13

Linux 2.6.32-431.el6.x86_64 (slave1) 	2019年07月25日 	_x86_64_	(8 CPU)

02时43分33秒  CPU    %usr   %nice    %sys %iowait    %irq   %soft  %steal  %guest   %idle
02时43分34秒  all   80.88    0.00   14.34    0.00    0.13    1.38    0.00    0.00    3.27
平均时间:  all   80.88    0.00   14.34    0.00    0.13    1.38    0.00    0.00    3.27

Linux 2.6.32-431.el6.x86_64 (slave1) 	2019年07月25日 	_x86_64_	(8 CPU)

02时43分37秒  CPU    %usr   %nice    %sys %iowait    %irq   %soft  %steal  %guest   %idle
02时43分38秒  all   87.83    0.00    8.03    0.00    0.00    0.50    0.00    0.00    3.64
平均时间:  all   87.83    0.00    8.03    0.00    0.00    0.50    0.00    0.00    3.64

Linux 2.6.32-431.el6.x86_64 (slave1) 	2019年07月25日 	_x86_64_	(8 CPU)

02时43分41秒  CPU    %usr   %nice    %sys %iowait    %irq   %soft  %steal  %guest   %idle
02时43分42秒  all   82.72    0.00   11.69    0.00    0.13    2.80    0.00    0.00    2.67
平均时间:  all   82.72    0.00   11.69    0.00    0.13    2.80    0.00    0.00    2.67

Linux 2.6.32-431.el6.x86_64 (slave1) 	2019年07月25日 	_x86_64_	(8 CPU)

02时43分45秒  CPU    %usr   %nice    %sys %iowait    %irq   %soft  %steal  %guest   %idle
02时43分46秒  all   78.21    0.00    9.62    0.00    0.26    3.46    0.00    0.00    8.46
平均时间:  all   78.21    0.00    9.62    0.00    0.26    3.46    0.00    0.00    8.46

Linux 2.6.32-431.el6.x86_64 (slave1) 	2019年07月25日 	_x86_64_	(8 CPU)

02时43分49秒  CPU    %usr   %nice    %sys %iowait    %irq   %soft  %steal  %guest   %idle
02时43分50秒  all   51.60    0.00   14.93    0.00    0.40   17.20    0.00    0.00   15.87
平均时间:  all   51.60    0.00   14.93    0.00    0.40   17.20    0.00    0.00   15.87

Linux 2.6.32-431.el6.x86_64 (slave1) 	2019年07月25日 	_x86_64_	(8 CPU)

02时43分53秒  CPU    %usr   %nice    %sys %iowait    %irq   %soft  %steal  %guest   %idle
02时43分54秒  all   60.39    0.00   15.82    0.13    0.39   17.39    0.00    0.00    5.88
平均时间:  all   60.39    0.00   15.82    0.13    0.39   17.39    0.00    0.00    5.88

Linux 2.6.32-431.el6.x86_64 (slave1) 	2019年07月25日 	_x86_64_	(8 CPU)

02时43分57秒  CPU    %usr   %nice    %sys %iowait    %irq   %soft  %steal  %guest   %idle
02时43分58秒  all   59.48    0.00   14.97    0.00    0.26   15.35    0.00    0.00    9.94
平均时间:  all   59.48    0.00   14.97    0.00    0.26   15.35    0.00    0.00    9.94

Linux 2.6.32-431.el6.x86_64 (slave1) 	2019年07月25日 	_x86_64_	(8 CPU)

02时44分02秒  CPU    %usr   %nice    %sys %iowait    %irq   %soft  %steal  %guest   %idle
02时44分03秒  all   52.46    0.00   16.25    0.00    0.13   11.98    0.00    0.00   19.17
平均时间:  all   52.46    0.00   16.25    0.00    0.13   11.98    0.00    0.00   19.17

Linux 2.6.32-431.el6.x86_64 (slave1) 	2019年07月25日 	_x86_64_	(8 CPU)

02时44分06秒  CPU    %usr   %nice    %sys %iowait    %irq   %soft  %steal  %guest   %idle
02时44分07秒  all   61.44    0.00   23.53    0.00    0.26   13.20    0.00    0.00    1.57
平均时间:  all   61.44    0.00   23.53    0.00    0.26   13.20    0.00    0.00    1.57

Linux 2.6.32-431.el6.x86_64 (slave1) 	2019年07月25日 	_x86_64_	(8 CPU)

02时44分10秒  CPU    %usr   %nice    %sys %iowait    %irq   %soft  %steal  %guest   %idle
02时44分11秒  all   69.24    0.00   16.60    0.00    0.26    9.27    0.00    0.00    4.63
平均时间:  all   69.24    0.00   16.60    0.00    0.26    9.27    0.00    0.00    4.63

Linux 2.6.32-431.el6.x86_64 (slave1) 	2019年07月25日 	_x86_64_	(8 CPU)

02时44分14秒  CPU    %usr   %nice    %sys %iowait    %irq   %soft  %steal  %guest   %idle
02时44分15秒  all   61.75    0.00   18.17    0.00    0.25   15.63    0.00    0.00    4.19
平均时间:  all   61.75    0.00   18.17    0.00    0.25   15.63    0.00    0.00    4.19

Linux 2.6.32-431.el6.x86_64 (slave1) 	2019年07月25日 	_x86_64_	(8 CPU)

02时44分18秒  CPU    %usr   %nice    %sys %iowait    %irq   %soft  %steal  %guest   %idle
02时44分19秒  all   69.52    0.00   17.35    0.00    0.13    7.40    0.00    0.00    5.61
平均时间:  all   69.52    0.00   17.35    0.00    0.13    7.40    0.00    0.00    5.61

Linux 2.6.32-431.el6.x86_64 (slave1) 	2019年07月25日 	_x86_64_	(8 CPU)

02时44分22秒  CPU    %usr   %nice    %sys %iowait    %irq   %soft  %steal  %guest   %idle
02时44分23秒  all    4.48    0.00    2.81    0.00    0.00    1.02    0.00    0.00   91.69
平均时间:  all    4.48    0.00    2.81    0.00    0.00    1.02    0.00    0.00   91.69

Linux 2.6.32-431.el6.x86_64 (slave1) 	2019年07月25日 	_x86_64_	(8 CPU)

02时44分26秒  CPU    %usr   %nice    %sys %iowait    %irq   %soft  %steal  %guest   %idle
02时44分27秒  all   36.47    0.00   26.93    0.00    0.64    7.35    0.00    0.00   28.61
平均时间:  all   36.47    0.00   26.93    0.00    0.64    7.35    0.00    0.00   28.61

Linux 2.6.32-431.el6.x86_64 (slave1) 	2019年07月25日 	_x86_64_	(8 CPU)

02时44分30秒  CPU    %usr   %nice    %sys %iowait    %irq   %soft  %steal  %guest   %idle
02时44分31秒  all   86.32    0.00   11.42    0.00    0.00    0.00    0.00    0.00    2.26
平均时间:  all   86.32    0.00   11.42    0.00    0.00    0.00    0.00    0.00    2.26

Linux 2.6.32-431.el6.x86_64 (slave1) 	2019年07月25日 	_x86_64_	(8 CPU)

02时44分34秒  CPU    %usr   %nice    %sys %iowait    %irq   %soft  %steal  %guest   %idle
02时44分35秒  all   90.49    0.00    9.14    0.00    0.00    0.00    0.00    0.00    0.38
平均时间:  all   90.49    0.00    9.14    0.00    0.00    0.00    0.00    0.00    0.38

Linux 2.6.32-431.el6.x86_64 (slave1) 	2019年07月25日 	_x86_64_	(8 CPU)

02时44分38秒  CPU    %usr   %nice    %sys %iowait    %irq   %soft  %steal  %guest   %idle
02时44分39秒  all   80.78    0.00   10.80    0.00    0.13    0.13    0.00    0.00    8.17
平均时间:  all   80.78    0.00   10.80    0.00    0.13    0.13    0.00    0.00    8.17

Linux 2.6.32-431.el6.x86_64 (slave1) 	2019年07月25日 	_x86_64_	(8 CPU)

02时44分42秒  CPU    %usr   %nice    %sys %iowait    %irq   %soft  %steal  %guest   %idle
02时44分43秒  all   73.20    0.00   15.93    0.00    0.00    1.26    0.00    0.00    9.61
平均时间:  all   73.20    0.00   15.93    0.00    0.00    1.26    0.00    0.00    9.61

Linux 2.6.32-431.el6.x86_64 (slave1) 	2019年07月25日 	_x86_64_	(8 CPU)

02时44分46秒  CPU    %usr   %nice    %sys %iowait    %irq   %soft  %steal  %guest   %idle
02时44分47秒  all   55.61    0.00    8.80    0.00    0.00    0.13    0.00    0.00   35.46
平均时间:  all   55.61    0.00    8.80    0.00    0.00    0.13    0.00    0.00   35.46

Linux 2.6.32-431.el6.x86_64 (slave1) 	2019年07月25日 	_x86_64_	(8 CPU)

02时44分50秒  CPU    %usr   %nice    %sys %iowait    %irq   %soft  %steal  %guest   %idle
02时44分51秒  all   74.02    0.00   11.15    0.00    0.00    0.13    0.00    0.00   14.70
平均时间:  all   74.02    0.00   11.15    0.00    0.00    0.13    0.00    0.00   14.70

Linux 2.6.32-431.el6.x86_64 (slave1) 	2019年07月25日 	_x86_64_	(8 CPU)

02时44分54秒  CPU    %usr   %nice    %sys %iowait    %irq   %soft  %steal  %guest   %idle
02时44分55秒  all   84.69    0.00   12.80    0.00    0.00    0.25    0.00    0.00    2.26
平均时间:  all   84.69    0.00   12.80    0.00    0.00    0.25    0.00    0.00    2.26

Linux 2.6.32-431.el6.x86_64 (slave1) 	2019年07月25日 	_x86_64_	(8 CPU)

02时44分58秒  CPU    %usr   %nice    %sys %iowait    %irq   %soft  %steal  %guest   %idle
02时44分59秒  all   85.75    0.00   12.62    0.00    0.00    1.12    0.00    0.00    0.50
平均时间:  all   85.75    0.00   12.62    0.00    0.00    1.12    0.00    0.00    0.50

Linux 2.6.32-431.el6.x86_64 (slave1) 	2019年07月25日 	_x86_64_	(8 CPU)

02时45分02秒  CPU    %usr   %nice    %sys %iowait    %irq   %soft  %steal  %guest   %idle
02时45分03秒  all   78.02    0.00    8.89    0.00    0.00    0.00    0.00    0.00   13.09
平均时间:  all   78.02    0.00    8.89    0.00    0.00    0.00    0.00    0.00   13.09

Linux 2.6.32-431.el6.x86_64 (slave1) 	2019年07月25日 	_x86_64_	(8 CPU)

02时45分06秒  CPU    %usr   %nice    %sys %iowait    %irq   %soft  %steal  %guest   %idle
02时45分07秒  all   88.38    0.00    9.38    0.00    0.00    0.12    0.00    0.00    2.12
平均时间:  all   88.38    0.00    9.38    0.00    0.00    0.12    0.00    0.00    2.12

Linux 2.6.32-431.el6.x86_64 (slave1) 	2019年07月25日 	_x86_64_	(8 CPU)

02时45分10秒  CPU    %usr   %nice    %sys %iowait    %irq   %soft  %steal  %guest   %idle
02时45分11秒  all   77.90    0.00    7.58    0.00    0.00    0.13    0.00    0.00   14.39
平均时间:  all   77.90    0.00    7.58    0.00    0.00    0.13    0.00    0.00   14.39

Linux 2.6.32-431.el6.x86_64 (slave1) 	2019年07月25日 	_x86_64_	(8 CPU)

02时45分14秒  CPU    %usr   %nice    %sys %iowait    %irq   %soft  %steal  %guest   %idle
02时45分15秒  all   83.61    0.00   10.84    0.00    0.13    1.51    0.00    0.00    3.91
平均时间:  all   83.61    0.00   10.84    0.00    0.13    1.51    0.00    0.00    3.91

Linux 2.6.32-431.el6.x86_64 (slave1) 	2019年07月25日 	_x86_64_	(8 CPU)

02时45分18秒  CPU    %usr   %nice    %sys %iowait    %irq   %soft  %steal  %guest   %idle
02时45分19秒  all   30.84    0.00    7.36    0.00    0.00    0.13    0.00    0.00   61.68
平均时间:  all   30.84    0.00    7.36    0.00    0.00    0.13    0.00    0.00   61.68

Linux 2.6.32-431.el6.x86_64 (slave1) 	2019年07月25日 	_x86_64_	(8 CPU)

02时45分22秒  CPU    %usr   %nice    %sys %iowait    %irq   %soft  %steal  %guest   %idle
02时45分23秒  all   69.04    0.00   10.41    0.00    0.13    0.13    0.00    0.00   20.30
平均时间:  all   69.04    0.00   10.41    0.00    0.13    0.13    0.00    0.00   20.30

Linux 2.6.32-431.el6.x86_64 (slave1) 	2019年07月25日 	_x86_64_	(8 CPU)

02时45分26秒  CPU    %usr   %nice    %sys %iowait    %irq   %soft  %steal  %guest   %idle
02时45分27秒  all   47.51    0.00    4.98    0.00    0.13    0.26    0.00    0.00   47.13
平均时间:  all   47.51    0.00    4.98    0.00    0.13    0.26    0.00    0.00   47.13

Linux 2.6.32-431.el6.x86_64 (slave1) 	2019年07月25日 	_x86_64_	(8 CPU)

02时45分30秒  CPU    %usr   %nice    %sys %iowait    %irq   %soft  %steal  %guest   %idle
02时45分31秒  all   71.46    0.00   11.21    0.00    0.00    2.29    0.00    0.00   15.03
平均时间:  all   71.46    0.00   11.21    0.00    0.00    2.29    0.00    0.00   15.03

Linux 2.6.32-431.el6.x86_64 (slave1) 	2019年07月25日 	_x86_64_	(8 CPU)

02时45分34秒  CPU    %usr   %nice    %sys %iowait    %irq   %soft  %steal  %guest   %idle
02时45分35秒  all   49.11    0.00    5.34    0.00    0.00    0.13    0.00    0.00   45.42
平均时间:  all   49.11    0.00    5.34    0.00    0.00    0.13    0.00    0.00   45.42

Linux 2.6.32-431.el6.x86_64 (slave1) 	2019年07月25日 	_x86_64_	(8 CPU)

02时45分38秒  CPU    %usr   %nice    %sys %iowait    %irq   %soft  %steal  %guest   %idle
02时45分39秒  all   32.51    0.00    8.97    0.00    0.00    7.67    0.00    0.00   50.85
平均时间:  all   32.51    0.00    8.97    0.00    0.00    7.67    0.00    0.00   50.85

Linux 2.6.32-431.el6.x86_64 (slave1) 	2019年07月25日 	_x86_64_	(8 CPU)

02时45分42秒  CPU    %usr   %nice    %sys %iowait    %irq   %soft  %steal  %guest   %idle
02时45分43秒  all   84.94    0.00    9.16    0.00    0.00    0.75    0.00    0.00    5.14
平均时间:  all   84.94    0.00    9.16    0.00    0.00    0.75    0.00    0.00    5.14

Linux 2.6.32-431.el6.x86_64 (slave1) 	2019年07月25日 	_x86_64_	(8 CPU)

02时45分46秒  CPU    %usr   %nice    %sys %iowait    %irq   %soft  %steal  %guest   %idle
02时45分47秒  all   78.36    0.00   15.85    0.00    0.25    5.41    0.00    0.00    0.13
平均时间:  all   78.36    0.00   15.85    0.00    0.25    5.41    0.00    0.00    0.13

Linux 2.6.32-431.el6.x86_64 (slave1) 	2019年07月25日 	_x86_64_	(8 CPU)

02时45分51秒  CPU    %usr   %nice    %sys %iowait    %irq   %soft  %steal  %guest   %idle
02时45分52秒  all   69.69    0.00   17.23    0.00    0.38   12.70    0.00    0.00    0.00
平均时间:  all   69.69    0.00   17.23    0.00    0.38   12.70    0.00    0.00    0.00

Linux 2.6.32-431.el6.x86_64 (slave1) 	2019年07月25日 	_x86_64_	(8 CPU)

02时45分55秒  CPU    %usr   %nice    %sys %iowait    %irq   %soft  %steal  %guest   %idle
02时45分56秒  all   73.52    0.00   16.65    0.00    0.25    8.95    0.00    0.00    0.63
平均时间:  all   73.52    0.00   16.65    0.00    0.25    8.95    0.00    0.00    0.63

Linux 2.6.32-431.el6.x86_64 (slave1) 	2019年07月25日 	_x86_64_	(8 CPU)

02时45分59秒  CPU    %usr   %nice    %sys %iowait    %irq   %soft  %steal  %guest   %idle
02时46分00秒  all   63.76    0.00   15.24    0.00    0.51   13.57    0.00    0.00    6.91
平均时间:  all   63.76    0.00   15.24    0.00    0.51   13.57    0.00    0.00    6.91

Linux 2.6.32-431.el6.x86_64 (slave1) 	2019年07月25日 	_x86_64_	(8 CPU)

02时46分03秒  CPU    %usr   %nice    %sys %iowait    %irq   %soft  %steal  %guest   %idle
02时46分04秒  all   57.32    0.00   17.45    0.00    0.40   11.14    0.00    0.00   13.69
平均时间:  all   57.32    0.00   17.45    0.00    0.40   11.14    0.00    0.00   13.69

Linux 2.6.32-431.el6.x86_64 (slave1) 	2019年07月25日 	_x86_64_	(8 CPU)

02时46分07秒  CPU    %usr   %nice    %sys %iowait    %irq   %soft  %steal  %guest   %idle
02时46分08秒  all   49.29    0.00   23.80    0.00    0.91   22.90    0.00    0.00    3.10
平均时间:  all   49.29    0.00   23.80    0.00    0.91   22.90    0.00    0.00    3.10

Linux 2.6.32-431.el6.x86_64 (slave1) 	2019年07月25日 	_x86_64_	(8 CPU)

02时46分11秒  CPU    %usr   %nice    %sys %iowait    %irq   %soft  %steal  %guest   %idle
02时46分12秒  all   82.81    0.00   10.49    0.00    0.00    6.19    0.00    0.00    0.51
平均时间:  all   82.81    0.00   10.49    0.00    0.00    6.19    0.00    0.00    0.51

Linux 2.6.32-431.el6.x86_64 (slave1) 	2019年07月25日 	_x86_64_	(8 CPU)

02时46分15秒  CPU    %usr   %nice    %sys %iowait    %irq   %soft  %steal  %guest   %idle
02时46分16秒  all   78.26    0.00    6.95    0.00    0.00    0.51    0.00    0.00   14.29
平均时间:  all   78.26    0.00    6.95    0.00    0.00    0.51    0.00    0.00   14.29

Linux 2.6.32-431.el6.x86_64 (slave1) 	2019年07月25日 	_x86_64_	(8 CPU)

02时46分19秒  CPU    %usr   %nice    %sys %iowait    %irq   %soft  %steal  %guest   %idle
02时46分20秒  all   79.17    0.00    5.56    0.00    0.13    0.38    0.00    0.00   14.77
平均时间:  all   79.17    0.00    5.56    0.00    0.13    0.38    0.00    0.00   14.77

Linux 2.6.32-431.el6.x86_64 (slave1) 	2019年07月25日 	_x86_64_	(8 CPU)

02时46分23秒  CPU    %usr   %nice    %sys %iowait    %irq   %soft  %steal  %guest   %idle
02时46分24秒  all   46.11    0.00    6.50    0.00    0.00    0.89    0.00    0.00   46.50
平均时间:  all   46.11    0.00    6.50    0.00    0.00    0.89    0.00    0.00   46.50

Linux 2.6.32-431.el6.x86_64 (slave1) 	2019年07月25日 	_x86_64_	(8 CPU)

02时46分27秒  CPU    %usr   %nice    %sys %iowait    %irq   %soft  %steal  %guest   %idle
02时46分28秒  all   76.49    0.00    6.45    0.00    0.00    0.00    0.00    0.00   17.07
平均时间:  all   76.49    0.00    6.45    0.00    0.00    0.00    0.00    0.00   17.07

Linux 2.6.32-431.el6.x86_64 (slave1) 	2019年07月25日 	_x86_64_	(8 CPU)

02时46分31秒  CPU    %usr   %nice    %sys %iowait    %irq   %soft  %steal  %guest   %idle
02时46分32秒  all   73.44    0.00    6.48    0.00    0.13    1.52    0.00    0.00   18.42
平均时间:  all   73.44    0.00    6.48    0.00    0.13    1.52    0.00    0.00   18.42

Linux 2.6.32-431.el6.x86_64 (slave1) 	2019年07月25日 	_x86_64_	(8 CPU)

02时46分35秒  CPU    %usr   %nice    %sys %iowait    %irq   %soft  %steal  %guest   %idle
02时46分36秒  all   55.60    0.00    7.51    0.00    0.00    0.25    0.00    0.00   36.64
平均时间:  all   55.60    0.00    7.51    0.00    0.00    0.25    0.00    0.00   36.64

Linux 2.6.32-431.el6.x86_64 (slave1) 	2019年07月25日 	_x86_64_	(8 CPU)

02时46分39秒  CPU    %usr   %nice    %sys %iowait    %irq   %soft  %steal  %guest   %idle
02时46分40秒  all   84.63    0.00    8.56    0.00    0.13    0.38    0.00    0.00    6.30
平均时间:  all   84.63    0.00    8.56    0.00    0.13    0.38    0.00    0.00    6.30

Linux 2.6.32-431.el6.x86_64 (slave1) 	2019年07月25日 	_x86_64_	(8 CPU)

02时46分43秒  CPU    %usr   %nice    %sys %iowait    %irq   %soft  %steal  %guest   %idle
02时46分44秒  all   87.44    0.00   10.96    0.00    0.00    1.11    0.00    0.00    0.49
平均时间:  all   87.44    0.00   10.96    0.00    0.00    1.11    0.00    0.00    0.49

Linux 2.6.32-431.el6.x86_64 (slave1) 	2019年07月25日 	_x86_64_	(8 CPU)

02时46分47秒  CPU    %usr   %nice    %sys %iowait    %irq   %soft  %steal  %guest   %idle
02时46分48秒  all   91.00    0.00    4.75    0.00    0.12    0.25    0.00    0.00    3.88
平均时间:  all   91.00    0.00    4.75    0.00    0.12    0.25    0.00    0.00    3.88

Linux 2.6.32-431.el6.x86_64 (slave1) 	2019年07月25日 	_x86_64_	(8 CPU)

02时46分51秒  CPU    %usr   %nice    %sys %iowait    %irq   %soft  %steal  %guest   %idle
02时46分52秒  all   68.69    0.00    4.69    0.00    0.00    1.14    0.00    0.00   25.48
平均时间:  all   68.69    0.00    4.69    0.00    0.00    1.14    0.00    0.00   25.48

Linux 2.6.32-431.el6.x86_64 (slave1) 	2019年07月25日 	_x86_64_	(8 CPU)

02时46分55秒  CPU    %usr   %nice    %sys %iowait    %irq   %soft  %steal  %guest   %idle
02时46分56秒  all   86.67    0.00    4.91    0.00    0.00    0.25    0.00    0.00    8.18
平均时间:  all   86.67    0.00    4.91    0.00    0.00    0.25    0.00    0.00    8.18

Linux 2.6.32-431.el6.x86_64 (slave1) 	2019年07月25日 	_x86_64_	(8 CPU)

02时46分59秒  CPU    %usr   %nice    %sys %iowait    %irq   %soft  %steal  %guest   %idle
02时47分00秒  all   82.14    0.00    5.79    0.00    0.13    0.63    0.00    0.00   11.32
平均时间:  all   82.14    0.00    5.79    0.00    0.13    0.63    0.00    0.00   11.32

Linux 2.6.32-431.el6.x86_64 (slave1) 	2019年07月25日 	_x86_64_	(8 CPU)

02时47分03秒  CPU    %usr   %nice    %sys %iowait    %irq   %soft  %steal  %guest   %idle
02时47分04秒  all   60.56    0.00    4.55    0.00    0.00    0.63    0.00    0.00   34.26
平均时间:  all   60.56    0.00    4.55    0.00    0.00    0.63    0.00    0.00   34.26

Linux 2.6.32-431.el6.x86_64 (slave1) 	2019年07月25日 	_x86_64_	(8 CPU)

02时47分07秒  CPU    %usr   %nice    %sys %iowait    %irq   %soft  %steal  %guest   %idle
02时47分08秒  all   36.04    0.00    2.16    0.00    0.13    1.40    0.00    0.00   60.28
平均时间:  all   36.04    0.00    2.16    0.00    0.13    1.40    0.00    0.00   60.28

Linux 2.6.32-431.el6.x86_64 (slave1) 	2019年07月25日 	_x86_64_	(8 CPU)

02时47分11秒  CPU    %usr   %nice    %sys %iowait    %irq   %soft  %steal  %guest   %idle
02时47分12秒  all   94.37    0.00    4.38    0.00    0.00    0.13    0.00    0.00    1.13
平均时间:  all   94.37    0.00    4.38    0.00    0.00    0.13    0.00    0.00    1.13

Linux 2.6.32-431.el6.x86_64 (slave1) 	2019年07月25日 	_x86_64_	(8 CPU)

02时47分15秒  CPU    %usr   %nice    %sys %iowait    %irq   %soft  %steal  %guest   %idle
02时47分16秒  all   66.20    0.00    6.73    0.00    0.00    0.76    0.00    0.00   26.30
平均时间:  all   66.20    0.00    6.73    0.00    0.00    0.76    0.00    0.00   26.30

Linux 2.6.32-431.el6.x86_64 (slave1) 	2019年07月25日 	_x86_64_	(8 CPU)

02时47分19秒  CPU    %usr   %nice    %sys %iowait    %irq   %soft  %steal  %guest   %idle
02时47分20秒  all   69.11    0.00   18.35    0.00    0.00    1.01    0.00    0.00   11.52
平均时间:  all   69.11    0.00   18.35    0.00    0.00    1.01    0.00    0.00   11.52

Linux 2.6.32-431.el6.x86_64 (slave1) 	2019年07月25日 	_x86_64_	(8 CPU)

02时47分23秒  CPU    %usr   %nice    %sys %iowait    %irq   %soft  %steal  %guest   %idle
02时47分24秒  all   88.49    0.00    9.64    0.00    0.00    0.75    0.00    0.00    1.13
平均时间:  all   88.49    0.00    9.64    0.00    0.00    0.75    0.00    0.00    1.13

Linux 2.6.32-431.el6.x86_64 (slave1) 	2019年07月25日 	_x86_64_	(8 CPU)

02时47分27秒  CPU    %usr   %nice    %sys %iowait    %irq   %soft  %steal  %guest   %idle
02时47分28秒  all   90.50    0.00    7.88    0.00    0.12    0.62    0.00    0.00    0.88
平均时间:  all   90.50    0.00    7.88    0.00    0.12    0.62    0.00    0.00    0.88

Linux 2.6.32-431.el6.x86_64 (slave1) 	2019年07月25日 	_x86_64_	(8 CPU)

02时47分32秒  CPU    %usr   %nice    %sys %iowait    %irq   %soft  %steal  %guest   %idle
02时47分33秒  all   70.20    0.00   17.05    0.00    0.00    1.01    0.00    0.00   11.74
平均时间:  all   70.20    0.00   17.05    0.00    0.00    1.01    0.00    0.00   11.74

Linux 2.6.32-431.el6.x86_64 (slave1) 	2019年07月25日 	_x86_64_	(8 CPU)

02时47分36秒  CPU    %usr   %nice    %sys %iowait    %irq   %soft  %steal  %guest   %idle
02时47分37秒  all   88.33    0.00   10.16    0.00    0.00    0.00    0.00    0.00    1.51
平均时间:  all   88.33    0.00   10.16    0.00    0.00    0.00    0.00    0.00    1.51

Linux 2.6.32-431.el6.x86_64 (slave1) 	2019年07月25日 	_x86_64_	(8 CPU)

02时47分40秒  CPU    %usr   %nice    %sys %iowait    %irq   %soft  %steal  %guest   %idle
02时47分41秒  all   25.51    0.00    3.95    0.00    0.00    0.00    0.00    0.00   70.54
平均时间:  all   25.51    0.00    3.95    0.00    0.00    0.00    0.00    0.00   70.54

Linux 2.6.32-431.el6.x86_64 (slave1) 	2019年07月25日 	_x86_64_	(8 CPU)

02时47分44秒  CPU    %usr   %nice    %sys %iowait    %irq   %soft  %steal  %guest   %idle
02时47分45秒  all   84.01    0.00    6.93    0.00    0.13    0.88    0.00    0.00    8.06
平均时间:  all   84.01    0.00    6.93    0.00    0.13    0.88    0.00    0.00    8.06

Linux 2.6.32-431.el6.x86_64 (slave1) 	2019年07月25日 	_x86_64_	(8 CPU)

02时47分48秒  CPU    %usr   %nice    %sys %iowait    %irq   %soft  %steal  %guest   %idle
02时47分49秒  all    5.45    0.00   11.04    0.00    0.80    9.97    0.00    0.00   72.74
平均时间:  all    5.45    0.00   11.04    0.00    0.80    9.97    0.00    0.00   72.74

Linux 2.6.32-431.el6.x86_64 (slave1) 	2019年07月25日 	_x86_64_	(8 CPU)

02时47分52秒  CPU    %usr   %nice    %sys %iowait    %irq   %soft  %steal  %guest   %idle
02时47分53秒  all   38.25    0.00   21.15    0.00    0.65   20.23    0.00    0.00   19.71
平均时间:  all   38.25    0.00   21.15    0.00    0.65   20.23    0.00    0.00   19.71

Linux 2.6.32-431.el6.x86_64 (slave1) 	2019年07月25日 	_x86_64_	(8 CPU)

02时47分56秒  CPU    %usr   %nice    %sys %iowait    %irq   %soft  %steal  %guest   %idle
02时47分57秒  all   33.99    0.00   20.26    0.00    0.39   22.88    0.00    0.00   22.48
平均时间:  all   33.99    0.00   20.26    0.00    0.39   22.88    0.00    0.00   22.48

Linux 2.6.32-431.el6.x86_64 (slave1) 	2019年07月25日 	_x86_64_	(8 CPU)

02时48分00秒  CPU    %usr   %nice    %sys %iowait    %irq   %soft  %steal  %guest   %idle
02时48分01秒  all    9.91    0.00   10.85    0.00    0.27   18.86    0.00    0.00   60.11
平均时间:  all    9.91    0.00   10.85    0.00    0.27   18.86    0.00    0.00   60.11

Linux 2.6.32-431.el6.x86_64 (slave1) 	2019年07月25日 	_x86_64_	(8 CPU)

02时48分04秒  CPU    %usr   %nice    %sys %iowait    %irq   %soft  %steal  %guest   %idle
02时48分05秒  all   59.97    0.00   22.96    0.00    0.25   15.68    0.00    0.00    1.13
平均时间:  all   59.97    0.00   22.96    0.00    0.25   15.68    0.00    0.00    1.13

Linux 2.6.32-431.el6.x86_64 (slave1) 	2019年07月25日 	_x86_64_	(8 CPU)

02时48分08秒  CPU    %usr   %nice    %sys %iowait    %irq   %soft  %steal  %guest   %idle
02时48分09秒  all   68.62    0.00   20.92    0.00    0.26    9.57    0.00    0.00    0.64
平均时间:  all   68.62    0.00   20.92    0.00    0.26    9.57    0.00    0.00    0.64

Linux 2.6.32-431.el6.x86_64 (slave1) 	2019年07月25日 	_x86_64_	(8 CPU)

02时48分12秒  CPU    %usr   %nice    %sys %iowait    %irq   %soft  %steal  %guest   %idle
02时48分13秒  all   66.47    0.00   20.30    0.00    0.15   13.08    0.00    0.00    0.00
平均时间:  all   66.47    0.00   20.30    0.00    0.15   13.08    0.00    0.00    0.00

Linux 2.6.32-431.el6.x86_64 (slave1) 	2019年07月25日 	_x86_64_	(8 CPU)

02时48分16秒  CPU    %usr   %nice    %sys %iowait    %irq   %soft  %steal  %guest   %idle
02时48分17秒  all   67.47    0.00   15.69    0.00    0.13    4.08    0.00    0.00   12.63
平均时间:  all   67.47    0.00   15.69    0.00    0.13    4.08    0.00    0.00   12.63

Linux 2.6.32-431.el6.x86_64 (slave1) 	2019年07月25日 	_x86_64_	(8 CPU)

02时48分20秒  CPU    %usr   %nice    %sys %iowait    %irq   %soft  %steal  %guest   %idle
02时48分21秒  all   66.79    0.00    7.95    0.00    0.00    0.26    0.00    0.00   25.00
平均时间:  all   66.79    0.00    7.95    0.00    0.00    0.26    0.00    0.00   25.00

Linux 2.6.32-431.el6.x86_64 (slave1) 	2019年07月25日 	_x86_64_	(8 CPU)

02时48分24秒  CPU    %usr   %nice    %sys %iowait    %irq   %soft  %steal  %guest   %idle
02时48分25秒  all   44.55    0.00   20.08    0.00    0.00    0.13    0.00    0.00   35.24
平均时间:  all   44.55    0.00   20.08    0.00    0.00    0.13    0.00    0.00   35.24

Linux 2.6.32-431.el6.x86_64 (slave1) 	2019年07月25日 	_x86_64_	(8 CPU)

02时48分28秒  CPU    %usr   %nice    %sys %iowait    %irq   %soft  %steal  %guest   %idle
02时48分29秒  all   83.25    0.00   11.34    0.00    0.00    0.13    0.00    0.00    5.29
平均时间:  all   83.25    0.00   11.34    0.00    0.00    0.13    0.00    0.00    5.29

Linux 2.6.32-431.el6.x86_64 (slave1) 	2019年07月25日 	_x86_64_	(8 CPU)

02时48分32秒  CPU    %usr   %nice    %sys %iowait    %irq   %soft  %steal  %guest   %idle
02时48分33秒  all   85.93    0.00   11.31    0.00    0.00    1.01    0.00    0.00    1.76
平均时间:  all   85.93    0.00   11.31    0.00    0.00    1.01    0.00    0.00    1.76

Linux 2.6.32-431.el6.x86_64 (slave1) 	2019年07月25日 	_x86_64_	(8 CPU)

02时48分36秒  CPU    %usr   %nice    %sys %iowait    %irq   %soft  %steal  %guest   %idle
02时48分37秒  all   69.16    0.00   17.01    0.00    0.00    0.38    0.00    0.00   13.45
平均时间:  all   69.16    0.00   17.01    0.00    0.00    0.38    0.00    0.00   13.45

Linux 2.6.32-431.el6.x86_64 (slave1) 	2019年07月25日 	_x86_64_	(8 CPU)

02时48分40秒  CPU    %usr   %nice    %sys %iowait    %irq   %soft  %steal  %guest   %idle
02时48分41秒  all   85.09    0.00    7.02    0.00    0.00    0.25    0.00    0.00    7.64
平均时间:  all   85.09    0.00    7.02    0.00    0.00    0.25    0.00    0.00    7.64

Linux 2.6.32-431.el6.x86_64 (slave1) 	2019年07月25日 	_x86_64_	(8 CPU)

02时48分44秒  CPU    %usr   %nice    %sys %iowait    %irq   %soft  %steal  %guest   %idle
02时48分45秒  all   87.26    0.00    9.55    0.00    0.13    0.64    0.00    0.00    2.42
平均时间:  all   87.26    0.00    9.55    0.00    0.13    0.64    0.00    0.00    2.42

Linux 2.6.32-431.el6.x86_64 (slave1) 	2019年07月25日 	_x86_64_	(8 CPU)

02时48分48秒  CPU    %usr   %nice    %sys %iowait    %irq   %soft  %steal  %guest   %idle
02时48分49秒  all   90.20    0.00    7.41    0.00    0.00    0.25    0.00    0.00    2.14
平均时间:  all   90.20    0.00    7.41    0.00    0.00    0.25    0.00    0.00    2.14

Linux 2.6.32-431.el6.x86_64 (slave1) 	2019年07月25日 	_x86_64_	(8 CPU)

02时48分52秒  CPU    %usr   %nice    %sys %iowait    %irq   %soft  %steal  %guest   %idle
02时48分53秒  all   80.03    0.00    4.17    0.00    0.00    0.63    0.00    0.00   15.17
平均时间:  all   80.03    0.00    4.17    0.00    0.00    0.63    0.00    0.00   15.17

Linux 2.6.32-431.el6.x86_64 (slave1) 	2019年07月25日 	_x86_64_	(8 CPU)

02时48分56秒  CPU    %usr   %nice    %sys %iowait    %irq   %soft  %steal  %guest   %idle
02时48分57秒  all   46.62    0.00    4.85    0.00    0.13    1.28    0.00    0.00   47.13
平均时间:  all   46.62    0.00    4.85    0.00    0.13    1.28    0.00    0.00   47.13

Linux 2.6.32-431.el6.x86_64 (slave1) 	2019年07月25日 	_x86_64_	(8 CPU)

02时49分00秒  CPU    %usr   %nice    %sys %iowait    %irq   %soft  %steal  %guest   %idle
02时49分01秒  all   60.23    0.00    7.25    0.00    0.00    1.04    0.00    0.00   31.48
平均时间:  all   60.23    0.00    7.25    0.00    0.00    1.04    0.00    0.00   31.48

Linux 2.6.32-431.el6.x86_64 (slave1) 	2019年07月25日 	_x86_64_	(8 CPU)

02时49分04秒  CPU    %usr   %nice    %sys %iowait    %irq   %soft  %steal  %guest   %idle
02时49分05秒  all   30.35    0.00    7.17    0.00    0.00    0.90    0.00    0.00   61.59
平均时间:  all   30.35    0.00    7.17    0.00    0.00    0.90    0.00    0.00   61.59

Linux 2.6.32-431.el6.x86_64 (slave1) 	2019年07月25日 	_x86_64_	(8 CPU)

02时49分09秒  CPU    %usr   %nice    %sys %iowait    %irq   %soft  %steal  %guest   %idle
02时49分10秒  all   69.34    0.00   10.43    0.00    0.00    1.53    0.00    0.00   18.70
平均时间:  all   69.34    0.00   10.43    0.00    0.00    1.53    0.00    0.00   18.70

Linux 2.6.32-431.el6.x86_64 (slave1) 	2019年07月25日 	_x86_64_	(8 CPU)

02时49分13秒  CPU    %usr   %nice    %sys %iowait    %irq   %soft  %steal  %guest   %idle
02时49分14秒  all   69.40    0.00   10.12    0.00    0.00    0.77    0.00    0.00   19.72
平均时间:  all   69.40    0.00   10.12    0.00    0.00    0.77    0.00    0.00   19.72

Linux 2.6.32-431.el6.x86_64 (slave1) 	2019年07月25日 	_x86_64_	(8 CPU)

02时49分17秒  CPU    %usr   %nice    %sys %iowait    %irq   %soft  %steal  %guest   %idle
02时49分18秒  all   77.47    0.00   11.39    0.00    0.13    0.50    0.00    0.00   10.51
平均时间:  all   77.47    0.00   11.39    0.00    0.13    0.50    0.00    0.00   10.51

Linux 2.6.32-431.el6.x86_64 (slave1) 	2019年07月25日 	_x86_64_	(8 CPU)

02时49分21秒  CPU    %usr   %nice    %sys %iowait    %irq   %soft  %steal  %guest   %idle
02时49分22秒  all   69.59    0.00   19.08    0.00    0.00    1.65    0.00    0.00    9.67
平均时间:  all   69.59    0.00   19.08    0.00    0.00    1.65    0.00    0.00    9.67

Linux 2.6.32-431.el6.x86_64 (slave1) 	2019年07月25日 	_x86_64_	(8 CPU)

02时49分25秒  CPU    %usr   %nice    %sys %iowait    %irq   %soft  %steal  %guest   %idle
02时49分26秒  all   85.80    0.00   10.18    0.00    0.00    0.25    0.00    0.00    3.77
平均时间:  all   85.80    0.00   10.18    0.00    0.00    0.25    0.00    0.00    3.77

Linux 2.6.32-431.el6.x86_64 (slave1) 	2019年07月25日 	_x86_64_	(8 CPU)

02时49分29秒  CPU    %usr   %nice    %sys %iowait    %irq   %soft  %steal  %guest   %idle
02时49分30秒  all   83.50    0.00   10.20    0.00    0.00    0.25    0.00    0.00    6.05
平均时间:  all   83.50    0.00   10.20    0.00    0.00    0.25    0.00    0.00    6.05

Linux 2.6.32-431.el6.x86_64 (slave1) 	2019年07月25日 	_x86_64_	(8 CPU)

02时49分33秒  CPU    %usr   %nice    %sys %iowait    %irq   %soft  %steal  %guest   %idle
02时49分34秒  all   85.23    0.00   12.52    0.00    0.00    0.63    0.00    0.00    1.63
平均时间:  all   85.23    0.00   12.52    0.00    0.00    0.63    0.00    0.00    1.63

Linux 2.6.32-431.el6.x86_64 (slave1) 	2019年07月25日 	_x86_64_	(8 CPU)

02时49分37秒  CPU    %usr   %nice    %sys %iowait    %irq   %soft  %steal  %guest   %idle
02时49分38秒  all   88.88    0.00   10.38    0.00    0.00    0.62    0.00    0.00    0.12
平均时间:  all   88.88    0.00   10.38    0.00    0.00    0.62    0.00    0.00    0.12

Linux 2.6.32-431.el6.x86_64 (slave1) 	2019年07月25日 	_x86_64_	(8 CPU)

02时49分41秒  CPU    %usr   %nice    %sys %iowait    %irq   %soft  %steal  %guest   %idle
02时49分42秒  all   82.29    0.00    7.66    0.00    0.00    0.25    0.00    0.00    9.80
平均时间:  all   82.29    0.00    7.66    0.00    0.00    0.25    0.00    0.00    9.80

Linux 2.6.32-431.el6.x86_64 (slave1) 	2019年07月25日 	_x86_64_	(8 CPU)

02时49分45秒  CPU    %usr   %nice    %sys %iowait    %irq   %soft  %steal  %guest   %idle
02时49分46秒  all   89.47    0.00    6.77    0.00    0.00    0.25    0.00    0.00    3.51
平均时间:  all   89.47    0.00    6.77    0.00    0.00    0.25    0.00    0.00    3.51

Linux 2.6.32-431.el6.x86_64 (slave1) 	2019年07月25日 	_x86_64_	(8 CPU)

02时49分49秒  CPU    %usr   %nice    %sys %iowait    %irq   %soft  %steal  %guest   %idle
02时49分50秒  all   73.23    0.00   15.53    0.00    0.00    6.44    0.00    0.00    4.80
平均时间:  all   73.23    0.00   15.53    0.00    0.00    6.44    0.00    0.00    4.80

Linux 2.6.32-431.el6.x86_64 (slave1) 	2019年07月25日 	_x86_64_	(8 CPU)

02时49分53秒  CPU    %usr   %nice    %sys %iowait    %irq   %soft  %steal  %guest   %idle
02时49分54秒  all   75.28    0.00   16.06    0.00    0.25    6.40    0.00    0.00    2.01
平均时间:  all   75.28    0.00   16.06    0.00    0.25    6.40    0.00    0.00    2.01

Linux 2.6.32-431.el6.x86_64 (slave1) 	2019年07月25日 	_x86_64_	(8 CPU)

02时49分57秒  CPU    %usr   %nice    %sys %iowait    %irq   %soft  %steal  %guest   %idle
02时49分58秒  all   67.12    0.00   24.95    0.00    0.19    7.16    0.00    0.00    0.58
平均时间:  all   67.12    0.00   24.95    0.00    0.19    7.16    0.00    0.00    0.58

Linux 2.6.32-431.el6.x86_64 (slave1) 	2019年07月25日 	_x86_64_	(8 CPU)

02时50分02秒  CPU    %usr   %nice    %sys %iowait    %irq   %soft  %steal  %guest   %idle
02时50分03秒  all   69.53    0.00   18.41    0.00    0.37   11.57    0.00    0.00    0.12
平均时间:  all   69.53    0.00   18.41    0.00    0.37   11.57    0.00    0.00    0.12

Linux 2.6.32-431.el6.x86_64 (slave1) 	2019年07月25日 	_x86_64_	(8 CPU)

02时50分06秒  CPU    %usr   %nice    %sys %iowait    %irq   %soft  %steal  %guest   %idle
02时50分07秒  all   70.68    0.00   18.42    0.00    0.38    9.15    0.00    0.00    1.38
平均时间:  all   70.68    0.00   18.42    0.00    0.38    9.15    0.00    0.00    1.38

Linux 2.6.32-431.el6.x86_64 (slave1) 	2019年07月25日 	_x86_64_	(8 CPU)

02时50分10秒  CPU    %usr   %nice    %sys %iowait    %irq   %soft  %steal  %guest   %idle
02时50分11秒  all   70.94    0.00   16.86    0.00    0.13   10.19    0.00    0.00    1.89
平均时间:  all   70.94    0.00   16.86    0.00    0.13   10.19    0.00    0.00    1.89

Linux 2.6.32-431.el6.x86_64 (slave1) 	2019年07月25日 	_x86_64_	(8 CPU)

02时50分14秒  CPU    %usr   %nice    %sys %iowait    %irq   %soft  %steal  %guest   %idle
02时50分15秒  all   71.32    0.00   17.33    0.00    0.25   10.85    0.00    0.00    0.25
平均时间:  all   71.32    0.00   17.33    0.00    0.25   10.85    0.00    0.00    0.25

Linux 2.6.32-431.el6.x86_64 (slave1) 	2019年07月25日 	_x86_64_	(8 CPU)

02时50分18秒  CPU    %usr   %nice    %sys %iowait    %irq   %soft  %steal  %guest   %idle
02时50分19秒  all   77.29    0.00   13.68    0.00    0.13    7.03    0.00    0.00    1.88
平均时间:  all   77.29    0.00   13.68    0.00    0.13    7.03    0.00    0.00    1.88

Linux 2.6.32-431.el6.x86_64 (slave1) 	2019年07月25日 	_x86_64_	(8 CPU)

02时50分22秒  CPU    %usr   %nice    %sys %iowait    %irq   %soft  %steal  %guest   %idle
02时50分23秒  all   66.16    0.00    8.49    0.00    0.00    0.63    0.00    0.00   24.71
平均时间:  all   66.16    0.00    8.49    0.00    0.00    0.63    0.00    0.00   24.71

Linux 2.6.32-431.el6.x86_64 (slave1) 	2019年07月25日 	_x86_64_	(8 CPU)

02时50分26秒  CPU    %usr   %nice    %sys %iowait    %irq   %soft  %steal  %guest   %idle
02时50分27秒  all   72.19    0.00   15.42    0.00    0.00    1.39    0.00    0.00   11.00
平均时间:  all   72.19    0.00   15.42    0.00    0.00    1.39    0.00    0.00   11.00

Linux 2.6.32-431.el6.x86_64 (slave1) 	2019年07月25日 	_x86_64_	(8 CPU)

02时50分30秒  CPU    %usr   %nice    %sys %iowait    %irq   %soft  %steal  %guest   %idle
02时50分31秒  all   92.13    0.00    7.49    0.00    0.00    0.25    0.00    0.00    0.12
平均时间:  all   92.13    0.00    7.49    0.00    0.00    0.25    0.00    0.00    0.12

Linux 2.6.32-431.el6.x86_64 (slave1) 	2019年07月25日 	_x86_64_	(8 CPU)

02时50分34秒  CPU    %usr   %nice    %sys %iowait    %irq   %soft  %steal  %guest   %idle
02时50分35秒  all   91.07    0.00    7.92    0.00    0.00    0.63    0.00    0.00    0.38
平均时间:  all   91.07    0.00    7.92    0.00    0.00    0.63    0.00    0.00    0.38

Linux 2.6.32-431.el6.x86_64 (slave1) 	2019年07月25日 	_x86_64_	(8 CPU)

02时50分38秒  CPU    %usr   %nice    %sys %iowait    %irq   %soft  %steal  %guest   %idle
02时50分39秒  all   81.94    0.00    8.46    0.00    0.00    0.51    0.00    0.00    9.09
平均时间:  all   81.94    0.00    8.46    0.00    0.00    0.51    0.00    0.00    9.09

Linux 2.6.32-431.el6.x86_64 (slave1) 	2019年07月25日 	_x86_64_	(8 CPU)

02时50分42秒  CPU    %usr   %nice    %sys %iowait    %irq   %soft  %steal  %guest   %idle
02时50分43秒  all   86.67    0.00    8.68    0.00    0.00    0.75    0.00    0.00    3.90
平均时间:  all   86.67    0.00    8.68    0.00    0.00    0.75    0.00    0.00    3.90

Linux 2.6.32-431.el6.x86_64 (slave1) 	2019年07月25日 	_x86_64_	(8 CPU)

02时50分46秒  CPU    %usr   %nice    %sys %iowait    %irq   %soft  %steal  %guest   %idle
02时50分47秒  all   83.23    0.00    8.83    0.00    0.00    1.26    0.00    0.00    6.68
平均时间:  all   83.23    0.00    8.83    0.00    0.00    1.26    0.00    0.00    6.68

Linux 2.6.32-431.el6.x86_64 (slave1) 	2019年07月25日 	_x86_64_	(8 CPU)

02时50分50秒  CPU    %usr   %nice    %sys %iowait    %irq   %soft  %steal  %guest   %idle
02时50分51秒  all   87.47    0.00    8.31    0.00    0.00    0.12    0.00    0.00    4.09
平均时间:  all   87.47    0.00    8.31    0.00    0.00    0.12    0.00    0.00    4.09

Linux 2.6.32-431.el6.x86_64 (slave1) 	2019年07月25日 	_x86_64_	(8 CPU)

02时50分54秒  CPU    %usr   %nice    %sys %iowait    %irq   %soft  %steal  %guest   %idle
02时50分55秒  all   83.06    0.00   13.78    0.00    0.00    1.90    0.00    0.00    1.26
平均时间:  all   83.06    0.00   13.78    0.00    0.00    1.90    0.00    0.00    1.26

Linux 2.6.32-431.el6.x86_64 (slave1) 	2019年07月25日 	_x86_64_	(8 CPU)

02时50分58秒  CPU    %usr   %nice    %sys %iowait    %irq   %soft  %steal  %guest   %idle
02时50分59秒  all   83.74    0.00    8.64    0.00    0.00    0.64    0.00    0.00    6.99
平均时间:  all   83.74    0.00    8.64    0.00    0.00    0.64    0.00    0.00    6.99

Linux 2.6.32-431.el6.x86_64 (slave1) 	2019年07月25日 	_x86_64_	(8 CPU)

02时51分02秒  CPU    %usr   %nice    %sys %iowait    %irq   %soft  %steal  %guest   %idle
02时51分03秒  all   92.51    0.00    6.62    0.00    0.00    0.37    0.00    0.00    0.50
平均时间:  all   92.51    0.00    6.62    0.00    0.00    0.37    0.00    0.00    0.50

Linux 2.6.32-431.el6.x86_64 (slave1) 	2019年07月25日 	_x86_64_	(8 CPU)

02时51分07秒  CPU    %usr   %nice    %sys %iowait    %irq   %soft  %steal  %guest   %idle
02时51分08秒  all   89.84    0.00    7.15    0.00    0.00    0.50    0.00    0.00    2.51
平均时间:  all   89.84    0.00    7.15    0.00    0.00    0.50    0.00    0.00    2.51

Linux 2.6.32-431.el6.x86_64 (slave1) 	2019年07月25日 	_x86_64_	(8 CPU)

02时51分11秒  CPU    %usr   %nice    %sys %iowait    %irq   %soft  %steal  %guest   %idle
02时51分12秒  all   83.86    0.00   12.23    0.00    0.00    0.50    0.00    0.00    3.40
平均时间:  all   83.86    0.00   12.23    0.00    0.00    0.50    0.00    0.00    3.40

Linux 2.6.32-431.el6.x86_64 (slave1) 	2019年07月25日 	_x86_64_	(8 CPU)

02时51分15秒  CPU    %usr   %nice    %sys %iowait    %irq   %soft  %steal  %guest   %idle
02时51分16秒  all   85.55    0.00    8.42    0.00    0.00    0.50    0.00    0.00    5.53
平均时间:  all   85.55    0.00    8.42    0.00    0.00    0.50    0.00    0.00    5.53

Linux 2.6.32-431.el6.x86_64 (slave1) 	2019年07月25日 	_x86_64_	(8 CPU)

02时51分19秒  CPU    %usr   %nice    %sys %iowait    %irq   %soft  %steal  %guest   %idle
02时51分20秒  all   93.26    0.00    5.49    0.00    0.00    0.25    0.00    0.00    1.00
平均时间:  all   93.26    0.00    5.49    0.00    0.00    0.25    0.00    0.00    1.00

Linux 2.6.32-431.el6.x86_64 (slave1) 	2019年07月25日 	_x86_64_	(8 CPU)

02时51分23秒  CPU    %usr   %nice    %sys %iowait    %irq   %soft  %steal  %guest   %idle
02时51分24秒  all   68.77    0.00   10.87    0.00    0.00    0.63    0.00    0.00   19.72
平均时间:  all   68.77    0.00   10.87    0.00    0.00    0.63    0.00    0.00   19.72

Linux 2.6.32-431.el6.x86_64 (slave1) 	2019年07月25日 	_x86_64_	(8 CPU)

02时51分27秒  CPU    %usr   %nice    %sys %iowait    %irq   %soft  %steal  %guest   %idle
02时51分28秒  all   85.91    0.00    7.80    0.00    0.00    0.50    0.00    0.00    5.79
平均时间:  all   85.91    0.00    7.80    0.00    0.00    0.50    0.00    0.00    5.79

Linux 2.6.32-431.el6.x86_64 (slave1) 	2019年07月25日 	_x86_64_	(8 CPU)

02时51分31秒  CPU    %usr   %nice    %sys %iowait    %irq   %soft  %steal  %guest   %idle
02时51分32秒  all   91.88    0.00    7.50    0.00    0.00    0.25    0.00    0.00    0.38
平均时间:  all   91.88    0.00    7.50    0.00    0.00    0.25    0.00    0.00    0.38

Linux 2.6.32-431.el6.x86_64 (slave1) 	2019年07月25日 	_x86_64_	(8 CPU)

02时51分35秒  CPU    %usr   %nice    %sys %iowait    %irq   %soft  %steal  %guest   %idle
02时51分36秒  all   92.46    0.00    6.66    0.00    0.13    0.38    0.00    0.00    0.38
平均时间:  all   92.46    0.00    6.66    0.00    0.13    0.38    0.00    0.00    0.38

Linux 2.6.32-431.el6.x86_64 (slave1) 	2019年07月25日 	_x86_64_	(8 CPU)

02时51分39秒  CPU    %usr   %nice    %sys %iowait    %irq   %soft  %steal  %guest   %idle
02时51分40秒  all   90.06    0.00    9.06    0.00    0.00    0.88    0.00    0.00    0.00
平均时间:  all   90.06    0.00    9.06    0.00    0.00    0.88    0.00    0.00    0.00

Linux 2.6.32-431.el6.x86_64 (slave1) 	2019年07月25日 	_x86_64_	(8 CPU)

02时51分43秒  CPU    %usr   %nice    %sys %iowait    %irq   %soft  %steal  %guest   %idle
02时51分44秒  all   89.72    0.00    8.50    0.00    0.00    1.14    0.00    0.00    0.63
平均时间:  all   89.72    0.00    8.50    0.00    0.00    1.14    0.00    0.00    0.63

Linux 2.6.32-431.el6.x86_64 (slave1) 	2019年07月25日 	_x86_64_	(8 CPU)

02时51分47秒  CPU    %usr   %nice    %sys %iowait    %irq   %soft  %steal  %guest   %idle
02时51分48秒  all   78.17    0.00   12.44    0.00    0.25    5.33    0.00    0.00    3.81
平均时间:  all   78.17    0.00   12.44    0.00    0.25    5.33    0.00    0.00    3.81

Linux 2.6.32-431.el6.x86_64 (slave1) 	2019年07月25日 	_x86_64_	(8 CPU)

02时51分51秒  CPU    %usr   %nice    %sys %iowait    %irq   %soft  %steal  %guest   %idle
02时51分52秒  all   69.38    0.00   19.50    0.00    0.50   10.00    0.00    0.00    0.62
平均时间:  all   69.38    0.00   19.50    0.00    0.50   10.00    0.00    0.00    0.62

Linux 2.6.32-431.el6.x86_64 (slave1) 	2019年07月25日 	_x86_64_	(8 CPU)

02时51分55秒  CPU    %usr   %nice    %sys %iowait    %irq   %soft  %steal  %guest   %idle
02时51分56秒  all   67.46    0.00   18.47    0.13    0.25   11.68    0.00    0.00    2.01
平均时间:  all   67.46    0.00   18.47    0.13    0.25   11.68    0.00    0.00    2.01

Linux 2.6.32-431.el6.x86_64 (slave1) 	2019年07月25日 	_x86_64_	(8 CPU)

02时51分59秒  CPU    %usr   %nice    %sys %iowait    %irq   %soft  %steal  %guest   %idle
02时52分00秒  all   67.55    0.00   18.36    0.00    0.13   12.58    0.00    0.00    1.38
平均时间:  all   67.55    0.00   18.36    0.00    0.13   12.58    0.00    0.00    1.38

Linux 2.6.32-431.el6.x86_64 (slave1) 	2019年07月25日 	_x86_64_	(8 CPU)

02时52分03秒  CPU    %usr   %nice    %sys %iowait    %irq   %soft  %steal  %guest   %idle
02时52分04秒  all   48.03    0.00   23.36    0.00    0.26   11.55    0.00    0.00   16.80
平均时间:  all   48.03    0.00   23.36    0.00    0.26   11.55    0.00    0.00   16.80

Linux 2.6.32-431.el6.x86_64 (slave1) 	2019年07月25日 	_x86_64_	(8 CPU)

02时52分07秒  CPU    %usr   %nice    %sys %iowait    %irq   %soft  %steal  %guest   %idle
02时52分08秒  all   56.67    0.00   19.62    0.00    0.64   13.46    0.00    0.00    9.62
平均时间:  all   56.67    0.00   19.62    0.00    0.64   13.46    0.00    0.00    9.62

Linux 2.6.32-431.el6.x86_64 (slave1) 	2019年07月25日 	_x86_64_	(8 CPU)

02时52分11秒  CPU    %usr   %nice    %sys %iowait    %irq   %soft  %steal  %guest   %idle
02时52分12秒  all   52.69    0.00   24.57    0.00    0.26   15.77    0.00    0.00    6.70
平均时间:  all   52.69    0.00   24.57    0.00    0.26   15.77    0.00    0.00    6.70

Linux 2.6.32-431.el6.x86_64 (slave1) 	2019年07月25日 	_x86_64_	(8 CPU)

02时52分15秒  CPU    %usr   %nice    %sys %iowait    %irq   %soft  %steal  %guest   %idle
02时52分16秒  all   64.26    0.00   18.88    0.00    0.13    5.20    0.00    0.00   11.53
平均时间:  all   64.26    0.00   18.88    0.00    0.13    5.20    0.00    0.00   11.53

Linux 2.6.32-431.el6.x86_64 (slave1) 	2019年07月25日 	_x86_64_	(8 CPU)

02时52分19秒  CPU    %usr   %nice    %sys %iowait    %irq   %soft  %steal  %guest   %idle
02时52分20秒  all   89.85    0.00    8.15    0.00    0.00    0.75    0.00    0.00    1.25
平均时间:  all   89.85    0.00    8.15    0.00    0.00    0.75    0.00    0.00    1.25

Linux 2.6.32-431.el6.x86_64 (slave1) 	2019年07月25日 	_x86_64_	(8 CPU)

02时52分23秒  CPU    %usr   %nice    %sys %iowait    %irq   %soft  %steal  %guest   %idle
02时52分24秒  all   77.73    0.00   10.68    0.00    0.13    1.67    0.00    0.00    9.78
平均时间:  all   77.73    0.00   10.68    0.00    0.13    1.67    0.00    0.00    9.78

Linux 2.6.32-431.el6.x86_64 (slave1) 	2019年07月25日 	_x86_64_	(8 CPU)

02时52分27秒  CPU    %usr   %nice    %sys %iowait    %irq   %soft  %steal  %guest   %idle
02时52分28秒  all   87.98    0.00   10.26    0.00    0.13    0.25    0.00    0.00    1.38
平均时间:  all   87.98    0.00   10.26    0.00    0.13    0.25    0.00    0.00    1.38

Linux 2.6.32-431.el6.x86_64 (slave1) 	2019年07月25日 	_x86_64_	(8 CPU)

02时52分31秒  CPU    %usr   %nice    %sys %iowait    %irq   %soft  %steal  %guest   %idle
02时52分32秒  all   64.78    0.00   11.18    0.00    0.00    0.39    0.00    0.00   23.65
平均时间:  all   64.78    0.00   11.18    0.00    0.00    0.39    0.00    0.00   23.65

Linux 2.6.32-431.el6.x86_64 (slave1) 	2019年07月25日 	_x86_64_	(8 CPU)

02时52分35秒  CPU    %usr   %nice    %sys %iowait    %irq   %soft  %steal  %guest   %idle
02时52分36秒  all   81.36    0.00    9.82    0.00    0.00    0.38    0.00    0.00    8.44
平均时间:  all   81.36    0.00    9.82    0.00    0.00    0.38    0.00    0.00    8.44

Linux 2.6.32-431.el6.x86_64 (slave1) 	2019年07月25日 	_x86_64_	(8 CPU)

02时52分39秒  CPU    %usr   %nice    %sys %iowait    %irq   %soft  %steal  %guest   %idle
02时52分40秒  all   86.06    0.00   10.18    0.00    0.13    0.63    0.00    0.00    3.02
平均时间:  all   86.06    0.00   10.18    0.00    0.13    0.63    0.00    0.00    3.02

Linux 2.6.32-431.el6.x86_64 (slave1) 	2019年07月25日 	_x86_64_	(8 CPU)

02时52分43秒  CPU    %usr   %nice    %sys %iowait    %irq   %soft  %steal  %guest   %idle
02时52分44秒  all   84.34    0.00    7.95    0.00    0.00    0.13    0.00    0.00    7.58
平均时间:  all   84.34    0.00    7.95    0.00    0.00    0.13    0.00    0.00    7.58

Linux 2.6.32-431.el6.x86_64 (slave1) 	2019年07月25日 	_x86_64_	(8 CPU)

02时52分47秒  CPU    %usr   %nice    %sys %iowait    %irq   %soft  %steal  %guest   %idle
02时52分48秒  all   49.36    0.00    5.90    0.00    0.00    0.51    0.00    0.00   44.23
平均时间:  all   49.36    0.00    5.90    0.00    0.00    0.51    0.00    0.00   44.23

Linux 2.6.32-431.el6.x86_64 (slave1) 	2019年07月25日 	_x86_64_	(8 CPU)

02时52分51秒  CPU    %usr   %nice    %sys %iowait    %irq   %soft  %steal  %guest   %idle
02时52分52秒  all   87.20    0.00    6.65    0.00    0.00    0.88    0.00    0.00    5.27
平均时间:  all   87.20    0.00    6.65    0.00    0.00    0.88    0.00    0.00    5.27

Linux 2.6.32-431.el6.x86_64 (slave1) 	2019年07月25日 	_x86_64_	(8 CPU)

02时52分55秒  CPU    %usr   %nice    %sys %iowait    %irq   %soft  %steal  %guest   %idle
02时52分56秒  all   57.32    0.00    3.69    0.00    0.00    1.40    0.00    0.00   37.58
平均时间:  all   57.32    0.00    3.69    0.00    0.00    1.40    0.00    0.00   37.58

Linux 2.6.32-431.el6.x86_64 (slave1) 	2019年07月25日 	_x86_64_	(8 CPU)

02时52分59秒  CPU    %usr   %nice    %sys %iowait    %irq   %soft  %steal  %guest   %idle
02时53分00秒  all   62.47    0.00    5.22    0.00    0.00    1.40    0.00    0.00   30.92
平均时间:  all   62.47    0.00    5.22    0.00    0.00    1.40    0.00    0.00   30.92

Linux 2.6.32-431.el6.x86_64 (slave1) 	2019年07月25日 	_x86_64_	(8 CPU)

02时53分04秒  CPU    %usr   %nice    %sys %iowait    %irq   %soft  %steal  %guest   %idle
02时53分05秒  all   68.58    0.00    7.63    0.00    0.00    0.76    0.00    0.00   23.03
平均时间:  all   68.58    0.00    7.63    0.00    0.00    0.76    0.00    0.00   23.03

Linux 2.6.32-431.el6.x86_64 (slave1) 	2019年07月25日 	_x86_64_	(8 CPU)

02时53分08秒  CPU    %usr   %nice    %sys %iowait    %irq   %soft  %steal  %guest   %idle
02时53分09秒  all   79.01    0.00   12.21    0.00    0.00    4.83    0.00    0.00    3.94
平均时间:  all   79.01    0.00   12.21    0.00    0.00    4.83    0.00    0.00    3.94

Linux 2.6.32-431.el6.x86_64 (slave1) 	2019年07月25日 	_x86_64_	(8 CPU)

02时53分12秒  CPU    %usr   %nice    %sys %iowait    %irq   %soft  %steal  %guest   %idle
02时53分13秒  all   91.96    0.00    6.91    0.00    0.00    0.50    0.00    0.00    0.63
平均时间:  all   91.96    0.00    6.91    0.00    0.00    0.50    0.00    0.00    0.63

Linux 2.6.32-431.el6.x86_64 (slave1) 	2019年07月25日 	_x86_64_	(8 CPU)

02时53分16秒  CPU    %usr   %nice    %sys %iowait    %irq   %soft  %steal  %guest   %idle
02时53分17秒  all   40.47    0.00   14.39    0.00    0.18    1.98    0.00    0.00   42.99
平均时间:  all   40.47    0.00   14.39    0.00    0.18    1.98    0.00    0.00   42.99

Linux 2.6.32-431.el6.x86_64 (slave1) 	2019年07月25日 	_x86_64_	(8 CPU)

02时53分20秒  CPU    %usr   %nice    %sys %iowait    %irq   %soft  %steal  %guest   %idle
02时53分21秒  all   70.19    0.00    5.22    0.00    0.00    0.64    0.00    0.00   23.95
平均时间:  all   70.19    0.00    5.22    0.00    0.00    0.64    0.00    0.00   23.95

Linux 2.6.32-431.el6.x86_64 (slave1) 	2019年07月25日 	_x86_64_	(8 CPU)

02时53分24秒  CPU    %usr   %nice    %sys %iowait    %irq   %soft  %steal  %guest   %idle
02时53分25秒  all   72.33    0.00    7.89    0.00    0.12    0.97    0.00    0.00   18.69
平均时间:  all   72.33    0.00    7.89    0.00    0.12    0.97    0.00    0.00   18.69

Linux 2.6.32-431.el6.x86_64 (slave1) 	2019年07月25日 	_x86_64_	(8 CPU)

02时53分28秒  CPU    %usr   %nice    %sys %iowait    %irq   %soft  %steal  %guest   %idle
02时53分29秒  all   63.50    0.00    9.23    0.00    0.00    0.84    0.00    0.00   26.43
平均时间:  all   63.50    0.00    9.23    0.00    0.00    0.84    0.00    0.00   26.43

Linux 2.6.32-431.el6.x86_64 (slave1) 	2019年07月25日 	_x86_64_	(8 CPU)

02时53分32秒  CPU    %usr   %nice    %sys %iowait    %irq   %soft  %steal  %guest   %idle
02时53分33秒  all   74.42    0.00    8.95    0.00    0.00    0.90    0.00    0.00   15.73
平均时间:  all   74.42    0.00    8.95    0.00    0.00    0.90    0.00    0.00   15.73

Linux 2.6.32-431.el6.x86_64 (slave1) 	2019年07月25日 	_x86_64_	(8 CPU)

02时53分36秒  CPU    %usr   %nice    %sys %iowait    %irq   %soft  %steal  %guest   %idle
02时53分37秒  all   76.52    0.00    8.50    0.00    0.00    0.38    0.00    0.00   14.59
平均时间:  all   76.52    0.00    8.50    0.00    0.00    0.38    0.00    0.00   14.59

Linux 2.6.32-431.el6.x86_64 (slave1) 	2019年07月25日 	_x86_64_	(8 CPU)

02时53分40秒  CPU    %usr   %nice    %sys %iowait    %irq   %soft  %steal  %guest   %idle
02时53分41秒  all   69.73    0.00   15.58    0.00    0.00    0.13    0.00    0.00   14.56
平均时间:  all   69.73    0.00   15.58    0.00    0.00    0.13    0.00    0.00   14.56

Linux 2.6.32-431.el6.x86_64 (slave1) 	2019年07月25日 	_x86_64_	(8 CPU)

02时53分44秒  CPU    %usr   %nice    %sys %iowait    %irq   %soft  %steal  %guest   %idle
02时53分45秒  all   83.77    0.00    9.06    0.00    0.00    0.00    0.00    0.00    7.17
平均时间:  all   83.77    0.00    9.06    0.00    0.00    0.00    0.00    0.00    7.17

Linux 2.6.32-431.el6.x86_64 (slave1) 	2019年07月25日 	_x86_64_	(8 CPU)

02时53分48秒  CPU    %usr   %nice    %sys %iowait    %irq   %soft  %steal  %guest   %idle
02时53分49秒  all   86.54    0.00    8.93    0.00    0.00    0.38    0.00    0.00    4.15
平均时间:  all   86.54    0.00    8.93    0.00    0.00    0.38    0.00    0.00    4.15

Linux 2.6.32-431.el6.x86_64 (slave1) 	2019年07月25日 	_x86_64_	(8 CPU)

02时53分52秒  CPU    %usr   %nice    %sys %iowait    %irq   %soft  %steal  %guest   %idle
02时53分53秒  all   86.32    0.00    6.52    0.00    0.00    0.13    0.00    0.00    7.03
平均时间:  all   86.32    0.00    6.52    0.00    0.00    0.13    0.00    0.00    7.03

Linux 2.6.32-431.el6.x86_64 (slave1) 	2019年07月25日 	_x86_64_	(8 CPU)

02时53分56秒  CPU    %usr   %nice    %sys %iowait    %irq   %soft  %steal  %guest   %idle
02时53分57秒  all   62.94    0.00    5.96    0.00    0.00    0.51    0.00    0.00   30.58
平均时间:  all   62.94    0.00    5.96    0.00    0.00    0.51    0.00    0.00   30.58

Linux 2.6.32-431.el6.x86_64 (slave1) 	2019年07月25日 	_x86_64_	(8 CPU)

02时54分00秒  CPU    %usr   %nice    %sys %iowait    %irq   %soft  %steal  %guest   %idle
02时54分01秒  all   89.35    0.00    5.26    0.00    0.00    0.00    0.00    0.00    5.39
平均时间:  all   89.35    0.00    5.26    0.00    0.00    0.00    0.00    0.00    5.39

Linux 2.6.32-431.el6.x86_64 (slave1) 	2019年07月25日 	_x86_64_	(8 CPU)

02时54分04秒  CPU    %usr   %nice    %sys %iowait    %irq   %soft  %steal  %guest   %idle
02时54分05秒  all   53.28    0.00   13.64    0.00    0.00    0.88    0.00    0.00   32.20
平均时间:  all   53.28    0.00   13.64    0.00    0.00    0.88    0.00    0.00   32.20

Linux 2.6.32-431.el6.x86_64 (slave1) 	2019年07月25日 	_x86_64_	(8 CPU)

02时54分08秒  CPU    %usr   %nice    %sys %iowait    %irq   %soft  %steal  %guest   %idle
02时54分09秒  all   90.99    0.00    7.88    0.00    0.00    0.75    0.00    0.00    0.38
平均时间:  all   90.99    0.00    7.88    0.00    0.00    0.75    0.00    0.00    0.38

Linux 2.6.32-431.el6.x86_64 (slave1) 	2019年07月25日 	_x86_64_	(8 CPU)

02时54分12秒  CPU    %usr   %nice    %sys %iowait    %irq   %soft  %steal  %guest   %idle
02时54分13秒  all   84.67    0.00   12.31    0.00    0.13    0.00    0.00    0.00    2.89
平均时间:  all   84.67    0.00   12.31    0.00    0.13    0.00    0.00    0.00    2.89

Linux 2.6.32-431.el6.x86_64 (slave1) 	2019年07月25日 	_x86_64_	(8 CPU)

02时54分16秒  CPU    %usr   %nice    %sys %iowait    %irq   %soft  %steal  %guest   %idle
02时54分17秒  all   62.26    0.00    6.10    0.00    0.00    0.13    0.00    0.00   31.51
平均时间:  all   62.26    0.00    6.10    0.00    0.00    0.13    0.00    0.00   31.51

Linux 2.6.32-431.el6.x86_64 (slave1) 	2019年07月25日 	_x86_64_	(8 CPU)

02时54分20秒  CPU    %usr   %nice    %sys %iowait    %irq   %soft  %steal  %guest   %idle
02时54分21秒  all   86.86    0.00   11.14    0.00    0.00    0.88    0.00    0.00    1.13
平均时间:  all   86.86    0.00   11.14    0.00    0.00    0.88    0.00    0.00    1.13

Linux 2.6.32-431.el6.x86_64 (slave1) 	2019年07月25日 	_x86_64_	(8 CPU)

02时54分24秒  CPU    %usr   %nice    %sys %iowait    %irq   %soft  %steal  %guest   %idle
02时54分25秒  all   81.74    0.00    6.80    0.00    0.00    0.13    0.00    0.00   11.34
平均时间:  all   81.74    0.00    6.80    0.00    0.00    0.13    0.00    0.00   11.34

Linux 2.6.32-431.el6.x86_64 (slave1) 	2019年07月25日 	_x86_64_	(8 CPU)

02时54分28秒  CPU    %usr   %nice    %sys %iowait    %irq   %soft  %steal  %guest   %idle
02时54分29秒  all   70.51    0.00    7.47    0.00    0.00    0.51    0.00    0.00   21.52
平均时间:  all   70.51    0.00    7.47    0.00    0.00    0.51    0.00    0.00   21.52

Linux 2.6.32-431.el6.x86_64 (slave1) 	2019年07月25日 	_x86_64_	(8 CPU)

02时54分32秒  CPU    %usr   %nice    %sys %iowait    %irq   %soft  %steal  %guest   %idle
02时54分33秒  all   82.64    0.00    6.54    0.00    0.00    0.13    0.00    0.00   10.69
平均时间:  all   82.64    0.00    6.54    0.00    0.00    0.13    0.00    0.00   10.69

Linux 2.6.32-431.el6.x86_64 (slave1) 	2019年07月25日 	_x86_64_	(8 CPU)

02时54分36秒  CPU    %usr   %nice    %sys %iowait    %irq   %soft  %steal  %guest   %idle
02时54分37秒  all   67.72    0.00    7.47    0.00    0.00    0.25    0.00    0.00   24.56
平均时间:  all   67.72    0.00    7.47    0.00    0.00    0.25    0.00    0.00   24.56

Linux 2.6.32-431.el6.x86_64 (slave1) 	2019年07月25日 	_x86_64_	(8 CPU)

02时54分40秒  CPU    %usr   %nice    %sys %iowait    %irq   %soft  %steal  %guest   %idle
02时54分41秒  all   60.79    0.00    4.19    0.00    0.00    0.51    0.00    0.00   34.52
平均时间:  all   60.79    0.00    4.19    0.00    0.00    0.51    0.00    0.00   34.52

Linux 2.6.32-431.el6.x86_64 (slave1) 	2019年07月25日 	_x86_64_	(8 CPU)

02时54分44秒  CPU    %usr   %nice    %sys %iowait    %irq   %soft  %steal  %guest   %idle
02时54分45秒  all   62.64    0.00    4.57    0.00    0.00    0.76    0.00    0.00   32.02
平均时间:  all   62.64    0.00    4.57    0.00    0.00    0.76    0.00    0.00   32.02

Linux 2.6.32-431.el6.x86_64 (slave1) 	2019年07月25日 	_x86_64_	(8 CPU)

02时54分48秒  CPU    %usr   %nice    %sys %iowait    %irq   %soft  %steal  %guest   %idle
02时54分49秒  all   52.54    0.00    4.70    0.00    0.13    0.51    0.00    0.00   42.13
平均时间:  all   52.54    0.00    4.70    0.00    0.13    0.51    0.00    0.00   42.13

Linux 2.6.32-431.el6.x86_64 (slave1) 	2019年07月25日 	_x86_64_	(8 CPU)

02时54分52秒  CPU    %usr   %nice    %sys %iowait    %irq   %soft  %steal  %guest   %idle
02时54分53秒  all   80.28    0.00    9.61    0.00    0.00    0.38    0.00    0.00    9.73
平均时间:  all   80.28    0.00    9.61    0.00    0.00    0.38    0.00    0.00    9.73

Linux 2.6.32-431.el6.x86_64 (slave1) 	2019年07月25日 	_x86_64_	(8 CPU)

02时54分56秒  CPU    %usr   %nice    %sys %iowait    %irq   %soft  %steal  %guest   %idle
02时54分57秒  all   83.40    0.00    9.43    0.00    0.00    0.13    0.00    0.00    7.04
平均时间:  all   83.40    0.00    9.43    0.00    0.00    0.13    0.00    0.00    7.04

Linux 2.6.32-431.el6.x86_64 (slave1) 	2019年07月25日 	_x86_64_	(8 CPU)

02时55分00秒  CPU    %usr   %nice    %sys %iowait    %irq   %soft  %steal  %guest   %idle
02时55分01秒  all   68.35    0.00    7.72    0.00    0.00    0.25    0.00    0.00   23.67
平均时间:  all   68.35    0.00    7.72    0.00    0.00    0.25    0.00    0.00   23.67

Linux 2.6.32-431.el6.x86_64 (slave1) 	2019年07月25日 	_x86_64_	(8 CPU)

02时55分04秒  CPU    %usr   %nice    %sys %iowait    %irq   %soft  %steal  %guest   %idle
02时55分05秒  all   88.61    0.00   10.39    0.00    0.13    0.63    0.00    0.00    0.25
平均时间:  all   88.61    0.00   10.39    0.00    0.13    0.63    0.00    0.00    0.25

Linux 2.6.32-431.el6.x86_64 (slave1) 	2019年07月25日 	_x86_64_	(8 CPU)

02时55分09秒  CPU    %usr   %nice    %sys %iowait    %irq   %soft  %steal  %guest   %idle
02时55分10秒  all   90.14    0.00    8.86    0.00    0.12    0.87    0.00    0.00    0.00
平均时间:  all   90.14    0.00    8.86    0.00    0.12    0.87    0.00    0.00    0.00

Linux 2.6.32-431.el6.x86_64 (slave1) 	2019年07月25日 	_x86_64_	(8 CPU)

02时55分13秒  CPU    %usr   %nice    %sys %iowait    %irq   %soft  %steal  %guest   %idle
02时55分14秒  all   58.62    0.00    7.67    0.00    0.00    0.25    0.00    0.00   33.46
平均时间:  all   58.62    0.00    7.67    0.00    0.00    0.25    0.00    0.00   33.46

Linux 2.6.32-431.el6.x86_64 (slave1) 	2019年07月25日 	_x86_64_	(8 CPU)

02时55分17秒  CPU    %usr   %nice    %sys %iowait    %irq   %soft  %steal  %guest   %idle
02时55分18秒  all   88.62    0.00    7.25    0.00    0.00    0.12    0.00    0.00    4.00
平均时间:  all   88.62    0.00    7.25    0.00    0.00    0.12    0.00    0.00    4.00

Linux 2.6.32-431.el6.x86_64 (slave1) 	2019年07月25日 	_x86_64_	(8 CPU)

02时55分21秒  CPU    %usr   %nice    %sys %iowait    %irq   %soft  %steal  %guest   %idle
02时55分22秒  all   80.45    0.00    8.20    0.00    0.00    0.25    0.00    0.00   11.10
平均时间:  all   80.45    0.00    8.20    0.00    0.00    0.25    0.00    0.00   11.10

Linux 2.6.32-431.el6.x86_64 (slave1) 	2019年07月25日 	_x86_64_	(8 CPU)

02时55分25秒  CPU    %usr   %nice    %sys %iowait    %irq   %soft  %steal  %guest   %idle
02时55分26秒  all   62.20    0.00   11.63    0.00    0.00    1.01    0.00    0.00   25.16
平均时间:  all   62.20    0.00   11.63    0.00    0.00    1.01    0.00    0.00   25.16

Linux 2.6.32-431.el6.x86_64 (slave1) 	2019年07月25日 	_x86_64_	(8 CPU)

02时55分29秒  CPU    %usr   %nice    %sys %iowait    %irq   %soft  %steal  %guest   %idle
02时55分30秒  all   90.11    0.00    8.39    0.00    0.00    0.25    0.00    0.00    1.25
平均时间:  all   90.11    0.00    8.39    0.00    0.00    0.25    0.00    0.00    1.25

Linux 2.6.32-431.el6.x86_64 (slave1) 	2019年07月25日 	_x86_64_	(8 CPU)

02时55分33秒  CPU    %usr   %nice    %sys %iowait    %irq   %soft  %steal  %guest   %idle
02时55分34秒  all   65.53    0.00    4.06    0.00    0.00    0.76    0.00    0.00   29.66
平均时间:  all   65.53    0.00    4.06    0.00    0.00    0.76    0.00    0.00   29.66

Linux 2.6.32-431.el6.x86_64 (slave1) 	2019年07月25日 	_x86_64_	(8 CPU)

02时55分37秒  CPU    %usr   %nice    %sys %iowait    %irq   %soft  %steal  %guest   %idle
02时55分38秒  all   92.21    0.00    5.78    0.00    0.00    0.50    0.00    0.00    1.51
平均时间:  all   92.21    0.00    5.78    0.00    0.00    0.50    0.00    0.00    1.51

Linux 2.6.32-431.el6.x86_64 (slave1) 	2019年07月25日 	_x86_64_	(8 CPU)

02时55分41秒  CPU    %usr   %nice    %sys %iowait    %irq   %soft  %steal  %guest   %idle
02时55分42秒  all   75.19    0.00    4.18    0.00    0.00    1.01    0.00    0.00   19.62
平均时间:  all   75.19    0.00    4.18    0.00    0.00    1.01    0.00    0.00   19.62

Linux 2.6.32-431.el6.x86_64 (slave1) 	2019年07月25日 	_x86_64_	(8 CPU)

02时55分45秒  CPU    %usr   %nice    %sys %iowait    %irq   %soft  %steal  %guest   %idle
02时55分46秒  all   94.86    0.00    4.51    0.00    0.00    0.13    0.00    0.00    0.50
平均时间:  all   94.86    0.00    4.51    0.00    0.00    0.13    0.00    0.00    0.50

Linux 2.6.32-431.el6.x86_64 (slave1) 	2019年07月25日 	_x86_64_	(8 CPU)

02时55分49秒  CPU    %usr   %nice    %sys %iowait    %irq   %soft  %steal  %guest   %idle
02时55分50秒  all   32.44    0.00    5.11    0.00    0.00    1.53    0.00    0.00   60.92
平均时间:  all   32.44    0.00    5.11    0.00    0.00    1.53    0.00    0.00   60.92

Linux 2.6.32-431.el6.x86_64 (slave1) 	2019年07月25日 	_x86_64_	(8 CPU)

02时55分53秒  CPU    %usr   %nice    %sys %iowait    %irq   %soft  %steal  %guest   %idle
02时55分54秒  all   30.69    0.00    0.88    0.00    0.00    0.75    0.00    0.00   67.67
平均时间:  all   30.69    0.00    0.88    0.00    0.00    0.75    0.00    0.00   67.67

Linux 2.6.32-431.el6.x86_64 (slave1) 	2019年07月25日 	_x86_64_	(8 CPU)

02时55分57秒  CPU    %usr   %nice    %sys %iowait    %irq   %soft  %steal  %guest   %idle
02时55分58秒  all   22.77    0.00    0.92    0.00    0.00    1.83    0.00    0.00   74.48
平均时间:  all   22.77    0.00    0.92    0.00    0.00    1.83    0.00    0.00   74.48

Linux 2.6.32-431.el6.x86_64 (slave1) 	2019年07月25日 	_x86_64_	(8 CPU)

02时56分01秒  CPU    %usr   %nice    %sys %iowait    %irq   %soft  %steal  %guest   %idle
02时56分02秒  all   32.11    0.00    1.52    0.00    0.00    1.14    0.00    0.00   65.23
平均时间:  all   32.11    0.00    1.52    0.00    0.00    1.14    0.00    0.00   65.23

Linux 2.6.32-431.el6.x86_64 (slave1) 	2019年07月25日 	_x86_64_	(8 CPU)

02时56分05秒  CPU    %usr   %nice    %sys %iowait    %irq   %soft  %steal  %guest   %idle
02时56分06秒  all   30.68    0.00    3.54    0.00    0.00    1.52    0.00    0.00   64.27
平均时间:  all   30.68    0.00    3.54    0.00    0.00    1.52    0.00    0.00   64.27

Linux 2.6.32-431.el6.x86_64 (slave1) 	2019年07月25日 	_x86_64_	(8 CPU)

02时56分09秒  CPU    %usr   %nice    %sys %iowait    %irq   %soft  %steal  %guest   %idle
02时56分10秒  all   28.75    0.00    0.88    0.00    0.00    0.76    0.00    0.00   69.61
平均时间:  all   28.75    0.00    0.88    0.00    0.00    0.76    0.00    0.00   69.61

Linux 2.6.32-431.el6.x86_64 (slave1) 	2019年07月25日 	_x86_64_	(8 CPU)

02时56分13秒  CPU    %usr   %nice    %sys %iowait    %irq   %soft  %steal  %guest   %idle
02时56分14秒  all   40.51    0.00    5.26    0.00    0.00    1.15    0.00    0.00   53.08
平均时间:  all   40.51    0.00    5.26    0.00    0.00    1.15    0.00    0.00   53.08

Linux 2.6.32-431.el6.x86_64 (slave1) 	2019年07月25日 	_x86_64_	(8 CPU)

02时56分17秒  CPU    %usr   %nice    %sys %iowait    %irq   %soft  %steal  %guest   %idle
02时56分18秒  all    0.00    0.00    0.00    0.00    0.00    0.00    0.00    0.00  100.00
平均时间:  all    0.00    0.00    0.00    0.00    0.00    0.00    0.00    0.00  100.00

Linux 2.6.32-431.el6.x86_64 (slave1) 	2019年07月25日 	_x86_64_	(8 CPU)

02时56分21秒  CPU    %usr   %nice    %sys %iowait    %irq   %soft  %steal  %guest   %idle
02时56分22秒  all    0.00    0.00    0.63    0.00    0.00    0.38    0.00    0.00   99.00
平均时间:  all    0.00    0.00    0.63    0.00    0.00    0.38    0.00    0.00   99.00

Linux 2.6.32-431.el6.x86_64 (slave1) 	2019年07月25日 	_x86_64_	(8 CPU)

02时56分25秒  CPU    %usr   %nice    %sys %iowait    %irq   %soft  %steal  %guest   %idle
02时56分26秒  all    0.00    0.00    0.00    0.00    0.00    0.00    0.00    0.00  100.00
平均时间:  all    0.00    0.00    0.00    0.00    0.00    0.00    0.00    0.00  100.00

