
Linux 2.6.32-431.el6.x86_64 (slave2) 	2019年07月25日 	_x86_64_	(8 CPU)

02时41分25秒  CPU    %usr   %nice    %sys %iowait    %irq   %soft  %steal  %guest   %idle
02时41分26秒  all    0.00    0.00    0.00    0.00    0.00    0.00    0.00    0.00  100.00
平均时间:  all    0.00    0.00    0.00    0.00    0.00    0.00    0.00    0.00  100.00

Linux 2.6.32-431.el6.x86_64 (slave2) 	2019年07月25日 	_x86_64_	(8 CPU)

02时41分29秒  CPU    %usr   %nice    %sys %iowait    %irq   %soft  %steal  %guest   %idle
02时41分30秒  all    2.51    0.00    1.01    0.00    0.00    0.00    0.00    0.00   96.48
平均时间:  all    2.51    0.00    1.01    0.00    0.00    0.00    0.00    0.00   96.48

Linux 2.6.32-431.el6.x86_64 (slave2) 	2019年07月25日 	_x86_64_	(8 CPU)

02时41分33秒  CPU    %usr   %nice    %sys %iowait    %irq   %soft  %steal  %guest   %idle
02时41分34秒  all    0.00    0.00    0.00    0.00    0.00    0.00    0.00    0.00  100.00
平均时间:  all    0.00    0.00    0.00    0.00    0.00    0.00    0.00    0.00  100.00

Linux 2.6.32-431.el6.x86_64 (slave2) 	2019年07月25日 	_x86_64_	(8 CPU)

02时41分37秒  CPU    %usr   %nice    %sys %iowait    %irq   %soft  %steal  %guest   %idle
02时41分38秒  all    0.00    0.00    0.13    0.00    0.00    0.00    0.00    0.00   99.87
平均时间:  all    0.00    0.00    0.13    0.00    0.00    0.00    0.00    0.00   99.87

Linux 2.6.32-431.el6.x86_64 (slave2) 	2019年07月25日 	_x86_64_	(8 CPU)

02时41分41秒  CPU    %usr   %nice    %sys %iowait    %irq   %soft  %steal  %guest   %idle
02时41分42秒  all    0.00    0.00    0.00    0.00    0.00    0.00    0.00    0.00  100.00
平均时间:  all    0.00    0.00    0.00    0.00    0.00    0.00    0.00    0.00  100.00

Linux 2.6.32-431.el6.x86_64 (slave2) 	2019年07月25日 	_x86_64_	(8 CPU)

02时41分45秒  CPU    %usr   %nice    %sys %iowait    %irq   %soft  %steal  %guest   %idle
02时41分46秒  all    0.93    0.00    8.36    0.00    0.66   14.85    0.00    0.00   75.20
平均时间:  all    0.93    0.00    8.36    0.00    0.66   14.85    0.00    0.00   75.20

Linux 2.6.32-431.el6.x86_64 (slave2) 	2019年07月25日 	_x86_64_	(8 CPU)

02时41分49秒  CPU    %usr   %nice    %sys %iowait    %irq   %soft  %steal  %guest   %idle
02时41分50秒  all    0.94    0.00    6.55    0.00    0.27   20.05    0.00    0.00   72.19
平均时间:  all    0.94    0.00    6.55    0.00    0.27   20.05    0.00    0.00   72.19

Linux 2.6.32-431.el6.x86_64 (slave2) 	2019年07月25日 	_x86_64_	(8 CPU)

02时41分53秒  CPU    %usr   %nice    %sys %iowait    %irq   %soft  %steal  %guest   %idle
02时41分54秒  all   57.95    0.00   22.10    0.00    0.25   17.55    0.00    0.00    2.15
平均时间:  all   57.95    0.00   22.10    0.00    0.25   17.55    0.00    0.00    2.15

Linux 2.6.32-431.el6.x86_64 (slave2) 	2019年07月25日 	_x86_64_	(8 CPU)

02时41分57秒  CPU    %usr   %nice    %sys %iowait    %irq   %soft  %steal  %guest   %idle
02时41分58秒  all   59.34    0.00   18.93    0.00    0.25   18.42    0.00    0.00    3.05
平均时间:  all   59.34    0.00   18.93    0.00    0.25   18.42    0.00    0.00    3.05

Linux 2.6.32-431.el6.x86_64 (slave2) 	2019年07月25日 	_x86_64_	(8 CPU)

02时42分01秒  CPU    %usr   %nice    %sys %iowait    %irq   %soft  %steal  %guest   %idle
02时42分02秒  all   63.38    0.00   21.38    0.00    0.38   14.88    0.00    0.00    0.00
平均时间:  all   63.38    0.00   21.38    0.00    0.38   14.88    0.00    0.00    0.00

Linux 2.6.32-431.el6.x86_64 (slave2) 	2019年07月25日 	_x86_64_	(8 CPU)

02时42分05秒  CPU    %usr   %nice    %sys %iowait    %irq   %soft  %steal  %guest   %idle
02时42分06秒  all   66.67    0.00   20.85    0.00    0.12   12.36    0.00    0.00    0.00
平均时间:  all   66.67    0.00   20.85    0.00    0.12   12.36    0.00    0.00    0.00

Linux 2.6.32-431.el6.x86_64 (slave2) 	2019年07月25日 	_x86_64_	(8 CPU)

02时42分09秒  CPU    %usr   %nice    %sys %iowait    %irq   %soft  %steal  %guest   %idle
02时42分10秒  all   80.35    0.00   14.89    0.00    0.13    4.63    0.00    0.00    0.00
平均时间:  all   80.35    0.00   14.89    0.00    0.13    4.63    0.00    0.00    0.00

Linux 2.6.32-431.el6.x86_64 (slave2) 	2019年07月25日 	_x86_64_	(8 CPU)

02时42分13秒  CPU    %usr   %nice    %sys %iowait    %irq   %soft  %steal  %guest   %idle
02时42分14秒  all   86.48    0.00   12.39    0.00    0.00    1.13    0.00    0.00    0.00
平均时间:  all   86.48    0.00   12.39    0.00    0.00    1.13    0.00    0.00    0.00

Linux 2.6.32-431.el6.x86_64 (slave2) 	2019年07月25日 	_x86_64_	(8 CPU)

02时42分17秒  CPU    %usr   %nice    %sys %iowait    %irq   %soft  %steal  %guest   %idle
02时42分18秒  all   75.29    0.00   10.06    0.00    0.00    0.13    0.00    0.00   14.52
平均时间:  all   75.29    0.00   10.06    0.00    0.00    0.13    0.00    0.00   14.52

Linux 2.6.32-431.el6.x86_64 (slave2) 	2019年07月25日 	_x86_64_	(8 CPU)

02时42分21秒  CPU    %usr   %nice    %sys %iowait    %irq   %soft  %steal  %guest   %idle
02时42分22秒  all   69.36    0.00   10.59    0.00    0.00    0.00    0.00    0.00   20.05
平均时间:  all   69.36    0.00   10.59    0.00    0.00    0.00    0.00    0.00   20.05

Linux 2.6.32-431.el6.x86_64 (slave2) 	2019年07月25日 	_x86_64_	(8 CPU)

02时42分25秒  CPU    %usr   %nice    %sys %iowait    %irq   %soft  %steal  %guest   %idle
02时42分26秒  all   85.75    0.00   12.12    0.00    0.00    0.50    0.00    0.00    1.62
平均时间:  all   85.75    0.00   12.12    0.00    0.00    0.50    0.00    0.00    1.62

Linux 2.6.32-431.el6.x86_64 (slave2) 	2019年07月25日 	_x86_64_	(8 CPU)

02时42分29秒  CPU    %usr   %nice    %sys %iowait    %irq   %soft  %steal  %guest   %idle
02时42分30秒  all   89.51    0.00    9.86    0.00    0.00    0.50    0.00    0.00    0.12
平均时间:  all   89.51    0.00    9.86    0.00    0.00    0.50    0.00    0.00    0.12

Linux 2.6.32-431.el6.x86_64 (slave2) 	2019年07月25日 	_x86_64_	(8 CPU)

02时42分33秒  CPU    %usr   %nice    %sys %iowait    %irq   %soft  %steal  %guest   %idle
02时42分34秒  all   84.80    0.00   10.43    0.00    0.00    0.25    0.00    0.00    4.52
平均时间:  all   84.80    0.00   10.43    0.00    0.00    0.25    0.00    0.00    4.52

Linux 2.6.32-431.el6.x86_64 (slave2) 	2019年07月25日 	_x86_64_	(8 CPU)

02时42分37秒  CPU    %usr   %nice    %sys %iowait    %irq   %soft  %steal  %guest   %idle
02时42分38秒  all   67.01    0.00    8.28    0.00    0.00    0.25    0.00    0.00   24.46
平均时间:  all   67.01    0.00    8.28    0.00    0.00    0.25    0.00    0.00   24.46

Linux 2.6.32-431.el6.x86_64 (slave2) 	2019年07月25日 	_x86_64_	(8 CPU)

02时42分43秒  CPU    %usr   %nice    %sys %iowait    %irq   %soft  %steal  %guest   %idle
02时42分44秒  all   74.90    0.00    9.76    0.00    0.00    0.25    0.00    0.00   15.08
平均时间:  all   74.90    0.00    9.76    0.00    0.00    0.25    0.00    0.00   15.08

Linux 2.6.32-431.el6.x86_64 (slave2) 	2019年07月25日 	_x86_64_	(8 CPU)

02时42分47秒  CPU    %usr   %nice    %sys %iowait    %irq   %soft  %steal  %guest   %idle
02时42分48秒  all   75.13    0.00   12.50    0.00    0.00    0.88    0.00    0.00   11.49
平均时间:  all   75.13    0.00   12.50    0.00    0.00    0.88    0.00    0.00   11.49

Linux 2.6.32-431.el6.x86_64 (slave2) 	2019年07月25日 	_x86_64_	(8 CPU)

02时42分51秒  CPU    %usr   %nice    %sys %iowait    %irq   %soft  %steal  %guest   %idle
02时42分52秒  all   83.73    0.00    8.95    0.00    0.00    0.13    0.00    0.00    7.19
平均时间:  all   83.73    0.00    8.95    0.00    0.00    0.13    0.00    0.00    7.19

Linux 2.6.32-431.el6.x86_64 (slave2) 	2019年07月25日 	_x86_64_	(8 CPU)

02时42分55秒  CPU    %usr   %nice    %sys %iowait    %irq   %soft  %steal  %guest   %idle
02时42分56秒  all   55.57    0.00    6.66    0.00    0.00    0.38    0.00    0.00   37.39
平均时间:  all   55.57    0.00    6.66    0.00    0.00    0.38    0.00    0.00   37.39

Linux 2.6.32-431.el6.x86_64 (slave2) 	2019年07月25日 	_x86_64_	(8 CPU)

02时42分59秒  CPU    %usr   %nice    %sys %iowait    %irq   %soft  %steal  %guest   %idle
02时43分00秒  all   53.70    0.00   10.33    0.00    0.13    2.93    0.00    0.00   32.91
平均时间:  all   53.70    0.00   10.33    0.00    0.13    2.93    0.00    0.00   32.91

Linux 2.6.32-431.el6.x86_64 (slave2) 	2019年07月25日 	_x86_64_	(8 CPU)

02时43分03秒  CPU    %usr   %nice    %sys %iowait    %irq   %soft  %steal  %guest   %idle
02时43分04秒  all   54.85    0.00    5.23    0.00    0.13    0.51    0.00    0.00   39.29
平均时间:  all   54.85    0.00    5.23    0.00    0.13    0.51    0.00    0.00   39.29

Linux 2.6.32-431.el6.x86_64 (slave2) 	2019年07月25日 	_x86_64_	(8 CPU)

02时43分07秒  CPU    %usr   %nice    %sys %iowait    %irq   %soft  %steal  %guest   %idle
02时43分08秒  all   44.59    0.00    9.02    0.00    0.00    0.13    0.00    0.00   46.26
平均时间:  all   44.59    0.00    9.02    0.00    0.00    0.13    0.00    0.00   46.26

Linux 2.6.32-431.el6.x86_64 (slave2) 	2019年07月25日 	_x86_64_	(8 CPU)

02时43分11秒  CPU    %usr   %nice    %sys %iowait    %irq   %soft  %steal  %guest   %idle
02时43分12秒  all   64.42    0.00   19.44    0.00    0.00    1.52    0.00    0.00   14.61
平均时间:  all   64.42    0.00   19.44    0.00    0.00    1.52    0.00    0.00   14.61

Linux 2.6.32-431.el6.x86_64 (slave2) 	2019年07月25日 	_x86_64_	(8 CPU)

02时43分15秒  CPU    %usr   %nice    %sys %iowait    %irq   %soft  %steal  %guest   %idle
02时43分16秒  all   88.01    0.00   10.36    0.00    0.12    1.12    0.00    0.00    0.37
平均时间:  all   88.01    0.00   10.36    0.00    0.12    1.12    0.00    0.00    0.37

Linux 2.6.32-431.el6.x86_64 (slave2) 	2019年07月25日 	_x86_64_	(8 CPU)

02时43分19秒  CPU    %usr   %nice    %sys %iowait    %irq   %soft  %steal  %guest   %idle
02时43分20秒  all   91.11    0.00    7.63    0.00    0.00    0.50    0.00    0.00    0.75
平均时间:  all   91.11    0.00    7.63    0.00    0.00    0.50    0.00    0.00    0.75

Linux 2.6.32-431.el6.x86_64 (slave2) 	2019年07月25日 	_x86_64_	(8 CPU)

02时43分23秒  CPU    %usr   %nice    %sys %iowait    %irq   %soft  %steal  %guest   %idle
02时43分24秒  all   89.89    0.00    9.74    0.00    0.00    0.25    0.00    0.00    0.12
平均时间:  all   89.89    0.00    9.74    0.00    0.00    0.25    0.00    0.00    0.12

Linux 2.6.32-431.el6.x86_64 (slave2) 	2019年07月25日 	_x86_64_	(8 CPU)

02时43分28秒  CPU    %usr   %nice    %sys %iowait    %irq   %soft  %steal  %guest   %idle
02时43分29秒  all   85.14    0.00    8.06    0.00    0.00    0.25    0.00    0.00    6.55
平均时间:  all   85.14    0.00    8.06    0.00    0.00    0.25    0.00    0.00    6.55

Linux 2.6.32-431.el6.x86_64 (slave2) 	2019年07月25日 	_x86_64_	(8 CPU)

02时43分32秒  CPU    %usr   %nice    %sys %iowait    %irq   %soft  %steal  %guest   %idle
02时43分33秒  all   80.79    0.00    9.41    0.00    0.00    0.76    0.00    0.00    9.03
平均时间:  all   80.79    0.00    9.41    0.00    0.00    0.76    0.00    0.00    9.03

Linux 2.6.32-431.el6.x86_64 (slave2) 	2019年07月25日 	_x86_64_	(8 CPU)

02时43分36秒  CPU    %usr   %nice    %sys %iowait    %irq   %soft  %steal  %guest   %idle
02时43分37秒  all   79.92    0.00    9.53    0.00    0.00    0.89    0.00    0.00    9.66
平均时间:  all   79.92    0.00    9.53    0.00    0.00    0.89    0.00    0.00    9.66

Linux 2.6.32-431.el6.x86_64 (slave2) 	2019年07月25日 	_x86_64_	(8 CPU)

02时43分40秒  CPU    %usr   %nice    %sys %iowait    %irq   %soft  %steal  %guest   %idle
02时43分41秒  all   88.71    0.00    9.64    0.00    0.00    1.02    0.00    0.00    0.63
平均时间:  all   88.71    0.00    9.64    0.00    0.00    1.02    0.00    0.00    0.63

Linux 2.6.32-431.el6.x86_64 (slave2) 	2019年07月25日 	_x86_64_	(8 CPU)

02时43分44秒  CPU    %usr   %nice    %sys %iowait    %irq   %soft  %steal  %guest   %idle
02时43分45秒  all   90.38    0.00    8.10    0.00    0.00    1.14    0.00    0.00    0.38
平均时间:  all   90.38    0.00    8.10    0.00    0.00    1.14    0.00    0.00    0.38

Linux 2.6.32-431.el6.x86_64 (slave2) 	2019年07月25日 	_x86_64_	(8 CPU)

02时43分48秒  CPU    %usr   %nice    %sys %iowait    %irq   %soft  %steal  %guest   %idle
02时43分49秒  all   64.84    0.00   19.22    0.00    0.13    8.63    0.00    0.00    7.19
平均时间:  all   64.84    0.00   19.22    0.00    0.13    8.63    0.00    0.00    7.19

Linux 2.6.32-431.el6.x86_64 (slave2) 	2019年07月25日 	_x86_64_	(8 CPU)

02时43分52秒  CPU    %usr   %nice    %sys %iowait    %irq   %soft  %steal  %guest   %idle
02时43分53秒  all   66.50    0.00   19.51    0.00    0.26   13.09    0.00    0.00    0.64
平均时间:  all   66.50    0.00   19.51    0.00    0.26   13.09    0.00    0.00    0.64

Linux 2.6.32-431.el6.x86_64 (slave2) 	2019年07月25日 	_x86_64_	(8 CPU)

02时43分56秒  CPU    %usr   %nice    %sys %iowait    %irq   %soft  %steal  %guest   %idle
02时43分57秒  all   65.98    0.00   20.97    0.00    0.13   11.00    0.00    0.00    1.92
平均时间:  all   65.98    0.00   20.97    0.00    0.13   11.00    0.00    0.00    1.92

Linux 2.6.32-431.el6.x86_64 (slave2) 	2019年07月25日 	_x86_64_	(8 CPU)

02时44分00秒  CPU    %usr   %nice    %sys %iowait    %irq   %soft  %steal  %guest   %idle
02时44分01秒  all   67.74    0.00   19.54    0.00    0.26   11.83    0.00    0.00    0.64
平均时间:  all   67.74    0.00   19.54    0.00    0.26   11.83    0.00    0.00    0.64

Linux 2.6.32-431.el6.x86_64 (slave2) 	2019年07月25日 	_x86_64_	(8 CPU)

02时44分04秒  CPU    %usr   %nice    %sys %iowait    %irq   %soft  %steal  %guest   %idle
02时44分05秒  all   71.06    0.00   14.08    0.00    0.26   10.76    0.00    0.00    3.84
平均时间:  all   71.06    0.00   14.08    0.00    0.26   10.76    0.00    0.00    3.84

Linux 2.6.32-431.el6.x86_64 (slave2) 	2019年07月25日 	_x86_64_	(8 CPU)

02时44分08秒  CPU    %usr   %nice    %sys %iowait    %irq   %soft  %steal  %guest   %idle
02时44分09秒  all   62.03    0.00   22.18    0.00    0.38   13.91    0.00    0.00    1.50
平均时间:  all   62.03    0.00   22.18    0.00    0.38   13.91    0.00    0.00    1.50

Linux 2.6.32-431.el6.x86_64 (slave2) 	2019年07月25日 	_x86_64_	(8 CPU)

02时44分12秒  CPU    %usr   %nice    %sys %iowait    %irq   %soft  %steal  %guest   %idle
02时44分13秒  all   69.91    0.00   17.48    0.00    0.37   12.23    0.00    0.00    0.00
平均时间:  all   69.91    0.00   17.48    0.00    0.37   12.23    0.00    0.00    0.00

Linux 2.6.32-431.el6.x86_64 (slave2) 	2019年07月25日 	_x86_64_	(8 CPU)

02时44分16秒  CPU    %usr   %nice    %sys %iowait    %irq   %soft  %steal  %guest   %idle
02时44分17秒  all   62.78    0.00   12.91    0.00    0.13    8.10    0.00    0.00   16.08
平均时间:  all   62.78    0.00   12.91    0.00    0.13    8.10    0.00    0.00   16.08

Linux 2.6.32-431.el6.x86_64 (slave2) 	2019年07月25日 	_x86_64_	(8 CPU)

02时44分20秒  CPU    %usr   %nice    %sys %iowait    %irq   %soft  %steal  %guest   %idle
02时44分21秒  all    5.19    0.00    0.38    0.00    0.00    0.00    0.00    0.00   94.43
平均时间:  all    5.19    0.00    0.38    0.00    0.00    0.00    0.00    0.00   94.43

Linux 2.6.32-431.el6.x86_64 (slave2) 	2019年07月25日 	_x86_64_	(8 CPU)

02时44分24秒  CPU    %usr   %nice    %sys %iowait    %irq   %soft  %steal  %guest   %idle
02时44分25秒  all   59.57    0.00   24.71    0.00    0.25    7.10    0.00    0.00    8.37
平均时间:  all   59.57    0.00   24.71    0.00    0.25    7.10    0.00    0.00    8.37

Linux 2.6.32-431.el6.x86_64 (slave2) 	2019年07月25日 	_x86_64_	(8 CPU)

02时44分28秒  CPU    %usr   %nice    %sys %iowait    %irq   %soft  %steal  %guest   %idle
02时44分29秒  all   70.58    0.00   21.21    0.00    0.00    1.01    0.00    0.00    7.20
平均时间:  all   70.58    0.00   21.21    0.00    0.00    1.01    0.00    0.00    7.20

Linux 2.6.32-431.el6.x86_64 (slave2) 	2019年07月25日 	_x86_64_	(8 CPU)

02时44分32秒  CPU    %usr   %nice    %sys %iowait    %irq   %soft  %steal  %guest   %idle
02时44分33秒  all   87.45    0.00    9.54    0.00    0.00    0.00    0.00    0.00    3.01
平均时间:  all   87.45    0.00    9.54    0.00    0.00    0.00    0.00    0.00    3.01

Linux 2.6.32-431.el6.x86_64 (slave2) 	2019年07月25日 	_x86_64_	(8 CPU)

02时44分36秒  CPU    %usr   %nice    %sys %iowait    %irq   %soft  %steal  %guest   %idle
02时44分37秒  all   89.56    0.00    8.68    0.00    0.00    0.00    0.00    0.00    1.76
平均时间:  all   89.56    0.00    8.68    0.00    0.00    0.00    0.00    0.00    1.76

Linux 2.6.32-431.el6.x86_64 (slave2) 	2019年07月25日 	_x86_64_	(8 CPU)

02时44分40秒  CPU    %usr   %nice    %sys %iowait    %irq   %soft  %steal  %guest   %idle
02时44分41秒  all   50.26    0.00    6.65    0.00    0.00    0.13    0.00    0.00   42.97
平均时间:  all   50.26    0.00    6.65    0.00    0.00    0.13    0.00    0.00   42.97

Linux 2.6.32-431.el6.x86_64 (slave2) 	2019年07月25日 	_x86_64_	(8 CPU)

02时44分44秒  CPU    %usr   %nice    %sys %iowait    %irq   %soft  %steal  %guest   %idle
02时44分45秒  all   70.90    0.00   12.71    0.00    0.00    0.28    0.00    0.00   16.10
平均时间:  all   70.90    0.00   12.71    0.00    0.00    0.28    0.00    0.00   16.10

Linux 2.6.32-431.el6.x86_64 (slave2) 	2019年07月25日 	_x86_64_	(8 CPU)

02时44分48秒  CPU    %usr   %nice    %sys %iowait    %irq   %soft  %steal  %guest   %idle
02时44分49秒  all   70.47    0.00   12.55    0.00    0.00    0.13    0.00    0.00   16.86
平均时间:  all   70.47    0.00   12.55    0.00    0.00    0.13    0.00    0.00   16.86

Linux 2.6.32-431.el6.x86_64 (slave2) 	2019年07月25日 	_x86_64_	(8 CPU)

02时44分52秒  CPU    %usr   %nice    %sys %iowait    %irq   %soft  %steal  %guest   %idle
02时44分53秒  all   88.75    0.00   10.75    0.00    0.00    0.25    0.00    0.00    0.25
平均时间:  all   88.75    0.00   10.75    0.00    0.00    0.25    0.00    0.00    0.25

Linux 2.6.32-431.el6.x86_64 (slave2) 	2019年07月25日 	_x86_64_	(8 CPU)

02时44分56秒  CPU    %usr   %nice    %sys %iowait    %irq   %soft  %steal  %guest   %idle
02时44分57秒  all   81.33    0.00   16.67    0.00    0.00    0.63    0.00    0.00    1.38
平均时间:  all   81.33    0.00   16.67    0.00    0.00    0.63    0.00    0.00    1.38

Linux 2.6.32-431.el6.x86_64 (slave2) 	2019年07月25日 	_x86_64_	(8 CPU)

02时45分01秒  CPU    %usr   %nice    %sys %iowait    %irq   %soft  %steal  %guest   %idle
02时45分02秒  all   74.94    0.00    9.41    0.00    0.00    0.00    0.00    0.00   15.65
平均时间:  all   74.94    0.00    9.41    0.00    0.00    0.00    0.00    0.00   15.65

Linux 2.6.32-431.el6.x86_64 (slave2) 	2019年07月25日 	_x86_64_	(8 CPU)

02时45分05秒  CPU    %usr   %nice    %sys %iowait    %irq   %soft  %steal  %guest   %idle
02时45分06秒  all   75.41    0.00    9.51    0.00    0.00    0.13    0.00    0.00   14.96
平均时间:  all   75.41    0.00    9.51    0.00    0.00    0.13    0.00    0.00   14.96

Linux 2.6.32-431.el6.x86_64 (slave2) 	2019年07月25日 	_x86_64_	(8 CPU)

02时45分09秒  CPU    %usr   %nice    %sys %iowait    %irq   %soft  %steal  %guest   %idle
02时45分10秒  all   79.72    0.00    9.82    0.00    0.00    0.13    0.00    0.00   10.33
平均时间:  all   79.72    0.00    9.82    0.00    0.00    0.13    0.00    0.00   10.33

Linux 2.6.32-431.el6.x86_64 (slave2) 	2019年07月25日 	_x86_64_	(8 CPU)

02时45分13秒  CPU    %usr   %nice    %sys %iowait    %irq   %soft  %steal  %guest   %idle
02时45分14秒  all   69.81    0.00   11.59    0.00    0.00    0.13    0.00    0.00   18.47
平均时间:  all   69.81    0.00   11.59    0.00    0.00    0.13    0.00    0.00   18.47

Linux 2.6.32-431.el6.x86_64 (slave2) 	2019年07月25日 	_x86_64_	(8 CPU)

02时45分17秒  CPU    %usr   %nice    %sys %iowait    %irq   %soft  %steal  %guest   %idle
02时45分18秒  all   48.26    0.00    6.58    0.00    0.00    0.39    0.00    0.00   44.77
平均时间:  all   48.26    0.00    6.58    0.00    0.00    0.39    0.00    0.00   44.77

Linux 2.6.32-431.el6.x86_64 (slave2) 	2019年07月25日 	_x86_64_	(8 CPU)

02时45分21秒  CPU    %usr   %nice    %sys %iowait    %irq   %soft  %steal  %guest   %idle
02时45分22秒  all   38.77    0.00    6.16    0.00    0.13    0.26    0.00    0.00   54.69
平均时间:  all   38.77    0.00    6.16    0.00    0.13    0.26    0.00    0.00   54.69

Linux 2.6.32-431.el6.x86_64 (slave2) 	2019年07月25日 	_x86_64_	(8 CPU)

02时45分25秒  CPU    %usr   %nice    %sys %iowait    %irq   %soft  %steal  %guest   %idle
02时45分26秒  all   46.25    0.00    8.27    0.00    0.00    0.13    0.00    0.00   45.35
平均时间:  all   46.25    0.00    8.27    0.00    0.00    0.13    0.00    0.00   45.35

Linux 2.6.32-431.el6.x86_64 (slave2) 	2019年07月25日 	_x86_64_	(8 CPU)

02时45分29秒  CPU    %usr   %nice    %sys %iowait    %irq   %soft  %steal  %guest   %idle
02时45分30秒  all   69.22    0.00   10.22    0.00    0.00    0.13    0.00    0.00   20.43
平均时间:  all   69.22    0.00   10.22    0.00    0.00    0.13    0.00    0.00   20.43

Linux 2.6.32-431.el6.x86_64 (slave2) 	2019年07月25日 	_x86_64_	(8 CPU)

02时45分33秒  CPU    %usr   %nice    %sys %iowait    %irq   %soft  %steal  %guest   %idle
02时45分34秒  all   82.41    0.00    8.92    0.00    0.00    0.13    0.00    0.00    8.54
平均时间:  all   82.41    0.00    8.92    0.00    0.00    0.13    0.00    0.00    8.54

Linux 2.6.32-431.el6.x86_64 (slave2) 	2019年07月25日 	_x86_64_	(8 CPU)

02时45分37秒  CPU    %usr   %nice    %sys %iowait    %irq   %soft  %steal  %guest   %idle
02时45分38秒  all   67.82    0.00    9.23    0.00    0.00    1.28    0.00    0.00   21.67
平均时间:  all   67.82    0.00    9.23    0.00    0.00    1.28    0.00    0.00   21.67

Linux 2.6.32-431.el6.x86_64 (slave2) 	2019年07月25日 	_x86_64_	(8 CPU)

02时45分41秒  CPU    %usr   %nice    %sys %iowait    %irq   %soft  %steal  %guest   %idle
02时45分42秒  all   53.08    0.00   17.69    0.00    0.00    6.41    0.00    0.00   22.82
平均时间:  all   53.08    0.00   17.69    0.00    0.00    6.41    0.00    0.00   22.82

Linux 2.6.32-431.el6.x86_64 (slave2) 	2019年07月25日 	_x86_64_	(8 CPU)

02时45分45秒  CPU    %usr   %nice    %sys %iowait    %irq   %soft  %steal  %guest   %idle
02时45分46秒  all   86.00    0.00    9.88    0.00    0.12    3.75    0.00    0.00    0.25
平均时间:  all   86.00    0.00    9.88    0.00    0.12    3.75    0.00    0.00    0.25

Linux 2.6.32-431.el6.x86_64 (slave2) 	2019年07月25日 	_x86_64_	(8 CPU)

02时45分49秒  CPU    %usr   %nice    %sys %iowait    %irq   %soft  %steal  %guest   %idle
02时45分50秒  all   67.38    0.00   20.48    0.00    0.25   11.38    0.00    0.00    0.51
平均时间:  all   67.38    0.00   20.48    0.00    0.25   11.38    0.00    0.00    0.51

Linux 2.6.32-431.el6.x86_64 (slave2) 	2019年07月25日 	_x86_64_	(8 CPU)

02时45分53秒  CPU    %usr   %nice    %sys %iowait    %irq   %soft  %steal  %guest   %idle
02时45分54秒  all   60.38    0.00   22.52    0.00    0.38   16.73    0.00    0.00    0.00
平均时间:  all   60.38    0.00   22.52    0.00    0.38   16.73    0.00    0.00    0.00

Linux 2.6.32-431.el6.x86_64 (slave2) 	2019年07月25日 	_x86_64_	(8 CPU)

02时45分57秒  CPU    %usr   %nice    %sys %iowait    %irq   %soft  %steal  %guest   %idle
02时45分58秒  all   64.23    0.00   19.02    0.00    0.76   15.99    0.00    0.00    0.00
平均时间:  all   64.23    0.00   19.02    0.00    0.76   15.99    0.00    0.00    0.00

Linux 2.6.32-431.el6.x86_64 (slave2) 	2019年07月25日 	_x86_64_	(8 CPU)

02时46分01秒  CPU    %usr   %nice    %sys %iowait    %irq   %soft  %steal  %guest   %idle
02时46分02秒  all   66.03    0.00   20.53    0.00    0.38   12.17    0.00    0.00    0.89
平均时间:  all   66.03    0.00   20.53    0.00    0.38   12.17    0.00    0.00    0.89

Linux 2.6.32-431.el6.x86_64 (slave2) 	2019年07月25日 	_x86_64_	(8 CPU)

02时46分05秒  CPU    %usr   %nice    %sys %iowait    %irq   %soft  %steal  %guest   %idle
02时46分06秒  all   68.14    0.00   19.65    0.00    0.13   11.96    0.00    0.00    0.13
平均时间:  all   68.14    0.00   19.65    0.00    0.13   11.96    0.00    0.00    0.13

Linux 2.6.32-431.el6.x86_64 (slave2) 	2019年07月25日 	_x86_64_	(8 CPU)

02时46分09秒  CPU    %usr   %nice    %sys %iowait    %irq   %soft  %steal  %guest   %idle
02时46分10秒  all   64.57    0.00   23.74    0.00    0.25   10.18    0.00    0.00    1.26
平均时间:  all   64.57    0.00   23.74    0.00    0.25   10.18    0.00    0.00    1.26

Linux 2.6.32-431.el6.x86_64 (slave2) 	2019年07月25日 	_x86_64_	(8 CPU)

02时46分13秒  CPU    %usr   %nice    %sys %iowait    %irq   %soft  %steal  %guest   %idle
02时46分14秒  all   73.00    0.00    8.11    0.00    0.13    1.39    0.00    0.00   17.36
平均时间:  all   73.00    0.00    8.11    0.00    0.13    1.39    0.00    0.00   17.36

Linux 2.6.32-431.el6.x86_64 (slave2) 	2019年07月25日 	_x86_64_	(8 CPU)

02时46分17秒  CPU    %usr   %nice    %sys %iowait    %irq   %soft  %steal  %guest   %idle
02时46分18秒  all   95.62    0.00    4.25    0.00    0.00    0.12    0.00    0.00    0.00
平均时间:  all   95.62    0.00    4.25    0.00    0.00    0.12    0.00    0.00    0.00

Linux 2.6.32-431.el6.x86_64 (slave2) 	2019年07月25日 	_x86_64_	(8 CPU)

02时46分21秒  CPU    %usr   %nice    %sys %iowait    %irq   %soft  %steal  %guest   %idle
02时46分22秒  all   33.03    0.00    4.65    0.00    0.00    1.55    0.00    0.00   60.77
平均时间:  all   33.03    0.00    4.65    0.00    0.00    1.55    0.00    0.00   60.77

Linux 2.6.32-431.el6.x86_64 (slave2) 	2019年07月25日 	_x86_64_	(8 CPU)

02时46分25秒  CPU    %usr   %nice    %sys %iowait    %irq   %soft  %steal  %guest   %idle
02时46分26秒  all   66.67    0.00    8.24    0.00    0.00    0.13    0.00    0.00   24.97
平均时间:  all   66.67    0.00    8.24    0.00    0.00    0.13    0.00    0.00   24.97

Linux 2.6.32-431.el6.x86_64 (slave2) 	2019年07月25日 	_x86_64_	(8 CPU)

02时46分29秒  CPU    %usr   %nice    %sys %iowait    %irq   %soft  %steal  %guest   %idle
02时46分30秒  all   91.86    0.00    7.88    0.00    0.00    0.00    0.00    0.00    0.25
平均时间:  all   91.86    0.00    7.88    0.00    0.00    0.00    0.00    0.00    0.25

Linux 2.6.32-431.el6.x86_64 (slave2) 	2019年07月25日 	_x86_64_	(8 CPU)

02时46分33秒  CPU    %usr   %nice    %sys %iowait    %irq   %soft  %steal  %guest   %idle
02时46分34秒  all   77.86    0.00   13.99    0.00    0.00    0.25    0.00    0.00    7.89
平均时间:  all   77.86    0.00   13.99    0.00    0.00    0.25    0.00    0.00    7.89

Linux 2.6.32-431.el6.x86_64 (slave2) 	2019年07月25日 	_x86_64_	(8 CPU)

02时46分37秒  CPU    %usr   %nice    %sys %iowait    %irq   %soft  %steal  %guest   %idle
02时46分38秒  all   93.62    0.00    6.12    0.00    0.00    0.25    0.00    0.00    0.00
平均时间:  all   93.62    0.00    6.12    0.00    0.00    0.25    0.00    0.00    0.00

Linux 2.6.32-431.el6.x86_64 (slave2) 	2019年07月25日 	_x86_64_	(8 CPU)

02时46分41秒  CPU    %usr   %nice    %sys %iowait    %irq   %soft  %steal  %guest   %idle
02时46分42秒  all   69.76    0.00   13.66    3.05    0.00    1.72    0.00    0.00   11.80
平均时间:  all   69.76    0.00   13.66    3.05    0.00    1.72    0.00    0.00   11.80

Linux 2.6.32-431.el6.x86_64 (slave2) 	2019年07月25日 	_x86_64_	(8 CPU)

02时46分45秒  CPU    %usr   %nice    %sys %iowait    %irq   %soft  %steal  %guest   %idle
02时46分46秒  all   87.56    0.00    8.42    0.00    0.00    0.25    0.00    0.00    3.77
平均时间:  all   87.56    0.00    8.42    0.00    0.00    0.25    0.00    0.00    3.77

Linux 2.6.32-431.el6.x86_64 (slave2) 	2019年07月25日 	_x86_64_	(8 CPU)

02时46分49秒  CPU    %usr   %nice    %sys %iowait    %irq   %soft  %steal  %guest   %idle
02时46分50秒  all   82.30    0.00   11.25    0.00    0.00    0.51    0.00    0.00    5.94
平均时间:  all   82.30    0.00   11.25    0.00    0.00    0.51    0.00    0.00    5.94

Linux 2.6.32-431.el6.x86_64 (slave2) 	2019年07月25日 	_x86_64_	(8 CPU)

02时46分53秒  CPU    %usr   %nice    %sys %iowait    %irq   %soft  %steal  %guest   %idle
02时46分54秒  all   77.79    0.00   12.82    0.00    0.00    0.25    0.00    0.00    9.14
平均时间:  all   77.79    0.00   12.82    0.00    0.00    0.25    0.00    0.00    9.14

Linux 2.6.32-431.el6.x86_64 (slave2) 	2019年07月25日 	_x86_64_	(8 CPU)

02时46分58秒  CPU    %usr   %nice    %sys %iowait    %irq   %soft  %steal  %guest   %idle
02时46分59秒  all   76.59    0.00   10.43    0.00    0.00    0.64    0.00    0.00   12.34
平均时间:  all   76.59    0.00   10.43    0.00    0.00    0.64    0.00    0.00   12.34

Linux 2.6.32-431.el6.x86_64 (slave2) 	2019年07月25日 	_x86_64_	(8 CPU)

02时47分02秒  CPU    %usr   %nice    %sys %iowait    %irq   %soft  %steal  %guest   %idle
02时47分03秒  all   82.87    0.00    8.38    0.00    0.00    0.76    0.00    0.00    7.99
平均时间:  all   82.87    0.00    8.38    0.00    0.00    0.76    0.00    0.00    7.99

Linux 2.6.32-431.el6.x86_64 (slave2) 	2019年07月25日 	_x86_64_	(8 CPU)

02时47分06秒  CPU    %usr   %nice    %sys %iowait    %irq   %soft  %steal  %guest   %idle
02时47分07秒  all   49.36    0.00    5.10    0.00    0.00    0.64    0.00    0.00   44.90
平均时间:  all   49.36    0.00    5.10    0.00    0.00    0.64    0.00    0.00   44.90

Linux 2.6.32-431.el6.x86_64 (slave2) 	2019年07月25日 	_x86_64_	(8 CPU)

02时47分10秒  CPU    %usr   %nice    %sys %iowait    %irq   %soft  %steal  %guest   %idle
02时47分11秒  all   71.76    0.00    8.52    0.00    0.00    0.25    0.00    0.00   19.47
平均时间:  all   71.76    0.00    8.52    0.00    0.00    0.25    0.00    0.00   19.47

Linux 2.6.32-431.el6.x86_64 (slave2) 	2019年07月25日 	_x86_64_	(8 CPU)

02时47分14秒  CPU    %usr   %nice    %sys %iowait    %irq   %soft  %steal  %guest   %idle
02时47分15秒  all   51.50    0.00    9.10    0.00    0.00    1.95    0.00    0.00   37.45
平均时间:  all   51.50    0.00    9.10    0.00    0.00    1.95    0.00    0.00   37.45

Linux 2.6.32-431.el6.x86_64 (slave2) 	2019年07月25日 	_x86_64_	(8 CPU)

02时47分18秒  CPU    %usr   %nice    %sys %iowait    %irq   %soft  %steal  %guest   %idle
02时47分19秒  all   46.20    0.00   14.03    0.00    0.13    5.92    0.00    0.00   33.72
平均时间:  all   46.20    0.00   14.03    0.00    0.13    5.92    0.00    0.00   33.72

Linux 2.6.32-431.el6.x86_64 (slave2) 	2019年07月25日 	_x86_64_	(8 CPU)

02时47分22秒  CPU    %usr   %nice    %sys %iowait    %irq   %soft  %steal  %guest   %idle
02时47分23秒  all   90.48    0.00    8.15    0.00    0.00    0.00    0.00    0.00    1.38
平均时间:  all   90.48    0.00    8.15    0.00    0.00    0.00    0.00    0.00    1.38

Linux 2.6.32-431.el6.x86_64 (slave2) 	2019年07月25日 	_x86_64_	(8 CPU)

02时47分26秒  CPU    %usr   %nice    %sys %iowait    %irq   %soft  %steal  %guest   %idle
02时47分27秒  all   76.40    0.00   11.48    0.00    0.13    1.02    0.00    0.00   10.97
平均时间:  all   76.40    0.00   11.48    0.00    0.13    1.02    0.00    0.00   10.97

Linux 2.6.32-431.el6.x86_64 (slave2) 	2019年07月25日 	_x86_64_	(8 CPU)

02时47分30秒  CPU    %usr   %nice    %sys %iowait    %irq   %soft  %steal  %guest   %idle
02时47分31秒  all   49.62    0.00    8.08    0.00    0.00    0.13    0.00    0.00   42.18
平均时间:  all   49.62    0.00    8.08    0.00    0.00    0.13    0.00    0.00   42.18

Linux 2.6.32-431.el6.x86_64 (slave2) 	2019年07月25日 	_x86_64_	(8 CPU)

02时47分34秒  CPU    %usr   %nice    %sys %iowait    %irq   %soft  %steal  %guest   %idle
02时47分35秒  all   62.48    0.00   16.73    0.00    0.13    2.28    0.00    0.00   18.38
平均时间:  all   62.48    0.00   16.73    0.00    0.13    2.28    0.00    0.00   18.38

Linux 2.6.32-431.el6.x86_64 (slave2) 	2019年07月25日 	_x86_64_	(8 CPU)

02时47分38秒  CPU    %usr   %nice    %sys %iowait    %irq   %soft  %steal  %guest   %idle
02时47分39秒  all   86.42    0.00   11.32    0.00    0.00    0.00    0.00    0.00    2.26
平均时间:  all   86.42    0.00   11.32    0.00    0.00    0.00    0.00    0.00    2.26

Linux 2.6.32-431.el6.x86_64 (slave2) 	2019年07月25日 	_x86_64_	(8 CPU)

02时47分42秒  CPU    %usr   %nice    %sys %iowait    %irq   %soft  %steal  %guest   %idle
02时47分43秒  all   76.89    0.00   13.51    0.00    0.13    1.14    0.00    0.00    8.33
平均时间:  all   76.89    0.00   13.51    0.00    0.13    1.14    0.00    0.00    8.33

Linux 2.6.32-431.el6.x86_64 (slave2) 	2019年07月25日 	_x86_64_	(8 CPU)

02时47分46秒  CPU    %usr   %nice    %sys %iowait    %irq   %soft  %steal  %guest   %idle
02时47分47秒  all   73.74    0.00   18.22    0.00    0.13    7.79    0.00    0.00    0.13
平均时间:  all   73.74    0.00   18.22    0.00    0.13    7.79    0.00    0.00    0.13

Linux 2.6.32-431.el6.x86_64 (slave2) 	2019年07月25日 	_x86_64_	(8 CPU)

02时47分50秒  CPU    %usr   %nice    %sys %iowait    %irq   %soft  %steal  %guest   %idle
02时47分51秒  all   72.06    0.00   17.67    0.00    0.38    9.90    0.00    0.00    0.00
平均时间:  all   72.06    0.00   17.67    0.00    0.38    9.90    0.00    0.00    0.00

Linux 2.6.32-431.el6.x86_64 (slave2) 	2019年07月25日 	_x86_64_	(8 CPU)

02时47分54秒  CPU    %usr   %nice    %sys %iowait    %irq   %soft  %steal  %guest   %idle
02时47分55秒  all   29.95    0.00   11.48    0.00    0.53    7.39    0.00    0.00   50.66
平均时间:  all   29.95    0.00   11.48    0.00    0.53    7.39    0.00    0.00   50.66

Linux 2.6.32-431.el6.x86_64 (slave2) 	2019年07月25日 	_x86_64_	(8 CPU)

02时47分58秒  CPU    %usr   %nice    %sys %iowait    %irq   %soft  %steal  %guest   %idle
02时47分59秒  all   16.58    0.00   13.40    0.00    0.53    7.03    0.00    0.00   62.47
平均时间:  all   16.58    0.00   13.40    0.00    0.53    7.03    0.00    0.00   62.47

Linux 2.6.32-431.el6.x86_64 (slave2) 	2019年07月25日 	_x86_64_	(8 CPU)

02时48分02秒  CPU    %usr   %nice    %sys %iowait    %irq   %soft  %steal  %guest   %idle
02时48分03秒  all   48.44    0.00   14.45    0.00    0.13   10.16    0.00    0.00   26.82
平均时间:  all   48.44    0.00   14.45    0.00    0.13   10.16    0.00    0.00   26.82

Linux 2.6.32-431.el6.x86_64 (slave2) 	2019年07月25日 	_x86_64_	(8 CPU)

02时48分06秒  CPU    %usr   %nice    %sys %iowait    %irq   %soft  %steal  %guest   %idle
02时48分07秒  all   51.58    0.00   20.41    0.00    0.25   20.28    0.00    0.00    7.48
平均时间:  all   51.58    0.00   20.41    0.00    0.25   20.28    0.00    0.00    7.48

Linux 2.6.32-431.el6.x86_64 (slave2) 	2019年07月25日 	_x86_64_	(8 CPU)

02时48分10秒  CPU    %usr   %nice    %sys %iowait    %irq   %soft  %steal  %guest   %idle
02时48分11秒  all   64.40    0.00   21.76    0.00    0.38   13.33    0.00    0.00    0.13
平均时间:  all   64.40    0.00   21.76    0.00    0.38   13.33    0.00    0.00    0.13

Linux 2.6.32-431.el6.x86_64 (slave2) 	2019年07月25日 	_x86_64_	(8 CPU)

02时48分14秒  CPU    %usr   %nice    %sys %iowait    %irq   %soft  %steal  %guest   %idle
02时48分15秒  all   67.50    0.00   18.88    0.00    0.25   12.75    0.00    0.00    0.62
平均时间:  all   67.50    0.00   18.88    0.00    0.25   12.75    0.00    0.00    0.62

Linux 2.6.32-431.el6.x86_64 (slave2) 	2019年07月25日 	_x86_64_	(8 CPU)

02时48分18秒  CPU    %usr   %nice    %sys %iowait    %irq   %soft  %steal  %guest   %idle
02时48分19秒  all   71.84    0.00   10.86    0.00    0.00    0.51    0.00    0.00   16.79
平均时间:  all   71.84    0.00   10.86    0.00    0.00    0.51    0.00    0.00   16.79

Linux 2.6.32-431.el6.x86_64 (slave2) 	2019年07月25日 	_x86_64_	(8 CPU)

02时48分22秒  CPU    %usr   %nice    %sys %iowait    %irq   %soft  %steal  %guest   %idle
02时48分23秒  all   82.00    0.00   11.41    0.00    0.00    1.01    0.00    0.00    5.58
平均时间:  all   82.00    0.00   11.41    0.00    0.00    1.01    0.00    0.00    5.58

Linux 2.6.32-431.el6.x86_64 (slave2) 	2019年07月25日 	_x86_64_	(8 CPU)

02时48分26秒  CPU    %usr   %nice    %sys %iowait    %irq   %soft  %steal  %guest   %idle
02时48分27秒  all   90.95    0.00    7.16    0.00    0.00    0.75    0.00    0.00    1.13
平均时间:  all   90.95    0.00    7.16    0.00    0.00    0.75    0.00    0.00    1.13

Linux 2.6.32-431.el6.x86_64 (slave2) 	2019年07月25日 	_x86_64_	(8 CPU)

02时48分30秒  CPU    %usr   %nice    %sys %iowait    %irq   %soft  %steal  %guest   %idle
02时48分31秒  all   94.77    0.00    4.73    0.00    0.00    0.37    0.00    0.00    0.12
平均时间:  all   94.77    0.00    4.73    0.00    0.00    0.37    0.00    0.00    0.12

Linux 2.6.32-431.el6.x86_64 (slave2) 	2019年07月25日 	_x86_64_	(8 CPU)

02时48分34秒  CPU    %usr   %nice    %sys %iowait    %irq   %soft  %steal  %guest   %idle
02时48分35秒  all   93.50    0.00    6.00    0.00    0.00    0.38    0.00    0.00    0.12
平均时间:  all   93.50    0.00    6.00    0.00    0.00    0.38    0.00    0.00    0.12

Linux 2.6.32-431.el6.x86_64 (slave2) 	2019年07月25日 	_x86_64_	(8 CPU)

02时48分38秒  CPU    %usr   %nice    %sys %iowait    %irq   %soft  %steal  %guest   %idle
02时48分39秒  all   95.12    0.00    4.00    0.00    0.00    0.50    0.00    0.00    0.38
平均时间:  all   95.12    0.00    4.00    0.00    0.00    0.50    0.00    0.00    0.38

Linux 2.6.32-431.el6.x86_64 (slave2) 	2019年07月25日 	_x86_64_	(8 CPU)

02时48分42秒  CPU    %usr   %nice    %sys %iowait    %irq   %soft  %steal  %guest   %idle
02时48分43秒  all   79.32    0.00    5.64    0.00    0.00    2.01    0.00    0.00   13.03
平均时间:  all   79.32    0.00    5.64    0.00    0.00    2.01    0.00    0.00   13.03

Linux 2.6.32-431.el6.x86_64 (slave2) 	2019年07月25日 	_x86_64_	(8 CPU)

02时48分46秒  CPU    %usr   %nice    %sys %iowait    %irq   %soft  %steal  %guest   %idle
02时48分47秒  all   80.73    0.00    3.25    0.00    0.00    0.75    0.00    0.00   15.27
平均时间:  all   80.73    0.00    3.25    0.00    0.00    0.75    0.00    0.00   15.27

Linux 2.6.32-431.el6.x86_64 (slave2) 	2019年07月25日 	_x86_64_	(8 CPU)

02时48分50秒  CPU    %usr   %nice    %sys %iowait    %irq   %soft  %steal  %guest   %idle
02时48分51秒  all   73.77    0.00    4.16    0.00    0.00    1.01    0.00    0.00   21.06
平均时间:  all   73.77    0.00    4.16    0.00    0.00    1.01    0.00    0.00   21.06

Linux 2.6.32-431.el6.x86_64 (slave2) 	2019年07月25日 	_x86_64_	(8 CPU)

02时48分54秒  CPU    %usr   %nice    %sys %iowait    %irq   %soft  %steal  %guest   %idle
02时48分55秒  all   51.20    0.00    2.91    0.00    0.00    0.76    0.00    0.00   45.13
平均时间:  all   51.20    0.00    2.91    0.00    0.00    0.76    0.00    0.00   45.13

Linux 2.6.32-431.el6.x86_64 (slave2) 	2019年07月25日 	_x86_64_	(8 CPU)

02时48分58秒  CPU    %usr   %nice    %sys %iowait    %irq   %soft  %steal  %guest   %idle
02时48分59秒  all   93.64    0.00    3.99    0.00    0.12    1.37    0.00    0.00    0.87
平均时间:  all   93.64    0.00    3.99    0.00    0.12    1.37    0.00    0.00    0.87

Linux 2.6.32-431.el6.x86_64 (slave2) 	2019年07月25日 	_x86_64_	(8 CPU)

02时49分03秒  CPU    %usr   %nice    %sys %iowait    %irq   %soft  %steal  %guest   %idle
02时49分04秒  all   68.02    0.00    6.85    0.00    0.13    1.40    0.00    0.00   23.60
平均时间:  all   68.02    0.00    6.85    0.00    0.13    1.40    0.00    0.00   23.60

Linux 2.6.32-431.el6.x86_64 (slave2) 	2019年07月25日 	_x86_64_	(8 CPU)

02时49分07秒  CPU    %usr   %nice    %sys %iowait    %irq   %soft  %steal  %guest   %idle
02时49分08秒  all   67.22    0.00    9.95    0.00    0.00    0.51    0.00    0.00   22.32
平均时间:  all   67.22    0.00    9.95    0.00    0.00    0.51    0.00    0.00   22.32

Linux 2.6.32-431.el6.x86_64 (slave2) 	2019年07月25日 	_x86_64_	(8 CPU)

02时49分11秒  CPU    %usr   %nice    %sys %iowait    %irq   %soft  %steal  %guest   %idle
02时49分12秒  all   93.22    0.00    5.02    0.00    0.00    0.25    0.00    0.00    1.51
平均时间:  all   93.22    0.00    5.02    0.00    0.00    0.25    0.00    0.00    1.51

Linux 2.6.32-431.el6.x86_64 (slave2) 	2019年07月25日 	_x86_64_	(8 CPU)

02时49分15秒  CPU    %usr   %nice    %sys %iowait    %irq   %soft  %steal  %guest   %idle
02时49分16秒  all   91.61    0.00    6.51    0.00    0.00    0.75    0.00    0.00    1.13
平均时间:  all   91.61    0.00    6.51    0.00    0.00    0.75    0.00    0.00    1.13

Linux 2.6.32-431.el6.x86_64 (slave2) 	2019年07月25日 	_x86_64_	(8 CPU)

02时49分19秒  CPU    %usr   %nice    %sys %iowait    %irq   %soft  %steal  %guest   %idle
02时49分20秒  all   72.12    0.00   11.66    0.00    0.13    1.14    0.00    0.00   14.96
平均时间:  all   72.12    0.00   11.66    0.00    0.13    1.14    0.00    0.00   14.96

Linux 2.6.32-431.el6.x86_64 (slave2) 	2019年07月25日 	_x86_64_	(8 CPU)

02时49分23秒  CPU    %usr   %nice    %sys %iowait    %irq   %soft  %steal  %guest   %idle
02时49分24秒  all   58.88    0.00    6.35    0.00    0.00    0.25    0.00    0.00   34.52
平均时间:  all   58.88    0.00    6.35    0.00    0.00    0.25    0.00    0.00   34.52

Linux 2.6.32-431.el6.x86_64 (slave2) 	2019年07月25日 	_x86_64_	(8 CPU)

02时49分27秒  CPU    %usr   %nice    %sys %iowait    %irq   %soft  %steal  %guest   %idle
02时49分28秒  all   89.71    0.00    7.78    0.00    0.00    0.13    0.00    0.00    2.38
平均时间:  all   89.71    0.00    7.78    0.00    0.00    0.13    0.00    0.00    2.38

Linux 2.6.32-431.el6.x86_64 (slave2) 	2019年07月25日 	_x86_64_	(8 CPU)

02时49分32秒  CPU    %usr   %nice    %sys %iowait    %irq   %soft  %steal  %guest   %idle
02时49分33秒  all   84.89    0.00    6.68    0.00    0.00    0.25    0.00    0.00    8.19
平均时间:  all   84.89    0.00    6.68    0.00    0.00    0.25    0.00    0.00    8.19

Linux 2.6.32-431.el6.x86_64 (slave2) 	2019年07月25日 	_x86_64_	(8 CPU)

02时49分36秒  CPU    %usr   %nice    %sys %iowait    %irq   %soft  %steal  %guest   %idle
02时49分37秒  all   82.30    0.00   13.40    0.00    0.00    1.01    0.00    0.00    3.29
平均时间:  all   82.30    0.00   13.40    0.00    0.00    1.01    0.00    0.00    3.29

Linux 2.6.32-431.el6.x86_64 (slave2) 	2019年07月25日 	_x86_64_	(8 CPU)

02时49分40秒  CPU    %usr   %nice    %sys %iowait    %irq   %soft  %steal  %guest   %idle
02时49分41秒  all   87.97    0.00    6.52    0.00    0.00    0.13    0.00    0.00    5.39
平均时间:  all   87.97    0.00    6.52    0.00    0.00    0.13    0.00    0.00    5.39

Linux 2.6.32-431.el6.x86_64 (slave2) 	2019年07月25日 	_x86_64_	(8 CPU)

02时49分44秒  CPU    %usr   %nice    %sys %iowait    %irq   %soft  %steal  %guest   %idle
02时49分45秒  all   82.75    0.00    7.81    0.00    0.00    0.50    0.00    0.00    8.94
平均时间:  all   82.75    0.00    7.81    0.00    0.00    0.50    0.00    0.00    8.94

Linux 2.6.32-431.el6.x86_64 (slave2) 	2019年07月25日 	_x86_64_	(8 CPU)

02时49分48秒  CPU    %usr   %nice    %sys %iowait    %irq   %soft  %steal  %guest   %idle
02时49分49秒  all   86.16    0.00    8.93    0.00    0.13    1.89    0.00    0.00    2.89
平均时间:  all   86.16    0.00    8.93    0.00    0.13    1.89    0.00    0.00    2.89

Linux 2.6.32-431.el6.x86_64 (slave2) 	2019年07月25日 	_x86_64_	(8 CPU)

02时49分52秒  CPU    %usr   %nice    %sys %iowait    %irq   %soft  %steal  %guest   %idle
02时49分53秒  all   57.25    0.00    9.88    0.00    0.26    4.75    0.00    0.00   27.86
平均时间:  all   57.25    0.00    9.88    0.00    0.26    4.75    0.00    0.00   27.86

Linux 2.6.32-431.el6.x86_64 (slave2) 	2019年07月25日 	_x86_64_	(8 CPU)

02时49分56秒  CPU    %usr   %nice    %sys %iowait    %irq   %soft  %steal  %guest   %idle
02时49分57秒  all   37.98    0.00   11.17    0.00    0.00   14.06    0.00    0.00   36.79
平均时间:  all   37.98    0.00   11.17    0.00    0.00   14.06    0.00    0.00   36.79

Linux 2.6.32-431.el6.x86_64 (slave2) 	2019年07月25日 	_x86_64_	(8 CPU)

02时50分00秒  CPU    %usr   %nice    %sys %iowait    %irq   %soft  %steal  %guest   %idle
02时50分01秒  all   47.09    0.00   17.21    0.00    0.26   17.46    0.00    0.00   17.98
平均时间:  all   47.09    0.00   17.21    0.00    0.26   17.46    0.00    0.00   17.98

Linux 2.6.32-431.el6.x86_64 (slave2) 	2019年07月25日 	_x86_64_	(8 CPU)

02时50分04秒  CPU    %usr   %nice    %sys %iowait    %irq   %soft  %steal  %guest   %idle
02时50分05秒  all   44.50    0.00   13.84    0.00    0.52   18.50    0.00    0.00   22.64
平均时间:  all   44.50    0.00   13.84    0.00    0.52   18.50    0.00    0.00   22.64

Linux 2.6.32-431.el6.x86_64 (slave2) 	2019年07月25日 	_x86_64_	(8 CPU)

02时50分08秒  CPU    %usr   %nice    %sys %iowait    %irq   %soft  %steal  %guest   %idle
02时50分09秒  all   32.20    0.00   16.82    0.00    0.78   17.99    0.00    0.00   32.20
平均时间:  all   32.20    0.00   16.82    0.00    0.78   17.99    0.00    0.00   32.20

Linux 2.6.32-431.el6.x86_64 (slave2) 	2019年07月25日 	_x86_64_	(8 CPU)

02时50分12秒  CPU    %usr   %nice    %sys %iowait    %irq   %soft  %steal  %guest   %idle
02时50分13秒  all   51.42    0.00   15.03    0.00    0.78   17.49    0.00    0.00   15.28
平均时间:  all   51.42    0.00   15.03    0.00    0.78   17.49    0.00    0.00   15.28

Linux 2.6.32-431.el6.x86_64 (slave2) 	2019年07月25日 	_x86_64_	(8 CPU)

02时50分16秒  CPU    %usr   %nice    %sys %iowait    %irq   %soft  %steal  %guest   %idle
02时50分17秒  all   36.10    0.00   23.52    0.38    0.25   17.61    0.00    0.00   22.14
平均时间:  all   36.10    0.00   23.52    0.38    0.25   17.61    0.00    0.00   22.14

Linux 2.6.32-431.el6.x86_64 (slave2) 	2019年07月25日 	_x86_64_	(8 CPU)

02时50分20秒  CPU    %usr   %nice    %sys %iowait    %irq   %soft  %steal  %guest   %idle
02时50分21秒  all   63.71    0.00   20.56    0.00    0.38   11.68    0.00    0.00    3.68
平均时间:  all   63.71    0.00   20.56    0.00    0.38   11.68    0.00    0.00    3.68

Linux 2.6.32-431.el6.x86_64 (slave2) 	2019年07月25日 	_x86_64_	(8 CPU)

02时50分24秒  CPU    %usr   %nice    %sys %iowait    %irq   %soft  %steal  %guest   %idle
02时50分25秒  all   83.98    0.00   13.77    0.00    0.00    1.38    0.00    0.00    0.88
平均时间:  all   83.98    0.00   13.77    0.00    0.00    1.38    0.00    0.00    0.88

Linux 2.6.32-431.el6.x86_64 (slave2) 	2019年07月25日 	_x86_64_	(8 CPU)

02时50分28秒  CPU    %usr   %nice    %sys %iowait    %irq   %soft  %steal  %guest   %idle
02时50分29秒  all   90.77    0.00    7.86    0.00    0.00    0.12    0.00    0.00    1.25
平均时间:  all   90.77    0.00    7.86    0.00    0.00    0.12    0.00    0.00    1.25

Linux 2.6.32-431.el6.x86_64 (slave2) 	2019年07月25日 	_x86_64_	(8 CPU)

02时50分32秒  CPU    %usr   %nice    %sys %iowait    %irq   %soft  %steal  %guest   %idle
02时50分33秒  all   86.16    0.00    5.53    0.00    0.00    0.38    0.00    0.00    7.92
平均时间:  all   86.16    0.00    5.53    0.00    0.00    0.38    0.00    0.00    7.92

Linux 2.6.32-431.el6.x86_64 (slave2) 	2019年07月25日 	_x86_64_	(8 CPU)

02时50分36秒  CPU    %usr   %nice    %sys %iowait    %irq   %soft  %steal  %guest   %idle
02时50分37秒  all   81.04    0.00    7.46    0.00    0.00    0.25    0.00    0.00   11.25
平均时间:  all   81.04    0.00    7.46    0.00    0.00    0.25    0.00    0.00   11.25

Linux 2.6.32-431.el6.x86_64 (slave2) 	2019年07月25日 	_x86_64_	(8 CPU)

02时50分40秒  CPU    %usr   %nice    %sys %iowait    %irq   %soft  %steal  %guest   %idle
02时50分41秒  all   51.79    0.00    6.27    0.00    0.00    1.28    0.00    0.00   40.66
平均时间:  all   51.79    0.00    6.27    0.00    0.00    1.28    0.00    0.00   40.66

Linux 2.6.32-431.el6.x86_64 (slave2) 	2019年07月25日 	_x86_64_	(8 CPU)

02时50分44秒  CPU    %usr   %nice    %sys %iowait    %irq   %soft  %steal  %guest   %idle
02时50分45秒  all   64.11    0.00    5.49    0.00    0.00    0.51    0.00    0.00   29.89
平均时间:  all   64.11    0.00    5.49    0.00    0.00    0.51    0.00    0.00   29.89

Linux 2.6.32-431.el6.x86_64 (slave2) 	2019年07月25日 	_x86_64_	(8 CPU)

02时50分48秒  CPU    %usr   %nice    %sys %iowait    %irq   %soft  %steal  %guest   %idle
02时50分49秒  all   35.59    0.00    2.93    0.00    0.00    0.77    0.00    0.00   60.71
平均时间:  all   35.59    0.00    2.93    0.00    0.00    0.77    0.00    0.00   60.71

Linux 2.6.32-431.el6.x86_64 (slave2) 	2019年07月25日 	_x86_64_	(8 CPU)

02时50分52秒  CPU    %usr   %nice    %sys %iowait    %irq   %soft  %steal  %guest   %idle
02时50分53秒  all   70.83    0.00    6.37    0.76    0.00    3.95    0.00    0.00   18.09
平均时间:  all   70.83    0.00    6.37    0.76    0.00    3.95    0.00    0.00   18.09

Linux 2.6.32-431.el6.x86_64 (slave2) 	2019年07月25日 	_x86_64_	(8 CPU)

02时50分56秒  CPU    %usr   %nice    %sys %iowait    %irq   %soft  %steal  %guest   %idle
02时50分57秒  all   33.93    0.00    6.04    0.00    0.13    1.54    0.00    0.00   58.35
平均时间:  all   33.93    0.00    6.04    0.00    0.13    1.54    0.00    0.00   58.35

Linux 2.6.32-431.el6.x86_64 (slave2) 	2019年07月25日 	_x86_64_	(8 CPU)

02时51分00秒  CPU    %usr   %nice    %sys %iowait    %irq   %soft  %steal  %guest   %idle
02时51分01秒  all   50.51    0.00    7.14    0.00    0.00    0.00    0.00    0.00   42.35
平均时间:  all   50.51    0.00    7.14    0.00    0.00    0.00    0.00    0.00   42.35

Linux 2.6.32-431.el6.x86_64 (slave2) 	2019年07月25日 	_x86_64_	(8 CPU)

02时51分04秒  CPU    %usr   %nice    %sys %iowait    %irq   %soft  %steal  %guest   %idle
02时51分05秒  all   88.93    0.00    7.30    0.00    0.00    0.38    0.00    0.00    3.40
平均时间:  all   88.93    0.00    7.30    0.00    0.00    0.38    0.00    0.00    3.40

Linux 2.6.32-431.el6.x86_64 (slave2) 	2019年07月25日 	_x86_64_	(8 CPU)

02时51分08秒  CPU    %usr   %nice    %sys %iowait    %irq   %soft  %steal  %guest   %idle
02时51分09秒  all   53.86    0.00   11.57    0.00    0.00    3.21    0.00    0.00   31.36
平均时间:  all   53.86    0.00   11.57    0.00    0.00    3.21    0.00    0.00   31.36

Linux 2.6.32-431.el6.x86_64 (slave2) 	2019年07月25日 	_x86_64_	(8 CPU)

02时51分12秒  CPU    %usr   %nice    %sys %iowait    %irq   %soft  %steal  %guest   %idle
02时51分13秒  all   66.16    0.00    7.32    0.00    0.00    0.13    0.00    0.00   26.39
平均时间:  all   66.16    0.00    7.32    0.00    0.00    0.13    0.00    0.00   26.39

Linux 2.6.32-431.el6.x86_64 (slave2) 	2019年07月25日 	_x86_64_	(8 CPU)

02时51分16秒  CPU    %usr   %nice    %sys %iowait    %irq   %soft  %steal  %guest   %idle
02时51分17秒  all   79.75    0.00    7.92    0.00    0.00    0.00    0.00    0.00   12.33
平均时间:  all   79.75    0.00    7.92    0.00    0.00    0.00    0.00    0.00   12.33

Linux 2.6.32-431.el6.x86_64 (slave2) 	2019年07月25日 	_x86_64_	(8 CPU)

02时51分20秒  CPU    %usr   %nice    %sys %iowait    %irq   %soft  %steal  %guest   %idle
02时51分21秒  all   34.64    0.00    3.93    0.00    0.00    0.00    0.00    0.00   61.42
平均时间:  all   34.64    0.00    3.93    0.00    0.00    0.00    0.00    0.00   61.42

Linux 2.6.32-431.el6.x86_64 (slave2) 	2019年07月25日 	_x86_64_	(8 CPU)

02时51分24秒  CPU    %usr   %nice    %sys %iowait    %irq   %soft  %steal  %guest   %idle
02时51分25秒  all   60.05    0.00    7.89    0.00    0.00    0.38    0.00    0.00   31.68
平均时间:  all   60.05    0.00    7.89    0.00    0.00    0.38    0.00    0.00   31.68

Linux 2.6.32-431.el6.x86_64 (slave2) 	2019年07月25日 	_x86_64_	(8 CPU)

02时51分28秒  CPU    %usr   %nice    %sys %iowait    %irq   %soft  %steal  %guest   %idle
02时51分29秒  all   81.36    0.00    7.81    0.00    0.00    0.50    0.00    0.00   10.33
平均时间:  all   81.36    0.00    7.81    0.00    0.00    0.50    0.00    0.00   10.33

Linux 2.6.32-431.el6.x86_64 (slave2) 	2019年07月25日 	_x86_64_	(8 CPU)

02时51分32秒  CPU    %usr   %nice    %sys %iowait    %irq   %soft  %steal  %guest   %idle
02时51分33秒  all   53.95    0.00    5.99    0.00    0.00    0.38    0.00    0.00   39.67
平均时间:  all   53.95    0.00    5.99    0.00    0.00    0.38    0.00    0.00   39.67

Linux 2.6.32-431.el6.x86_64 (slave2) 	2019年07月25日 	_x86_64_	(8 CPU)

02时51分36秒  CPU    %usr   %nice    %sys %iowait    %irq   %soft  %steal  %guest   %idle
02时51分37秒  all   74.21    0.00   10.49    0.00    0.00    0.51    0.00    0.00   14.79
平均时间:  all   74.21    0.00   10.49    0.00    0.00    0.51    0.00    0.00   14.79

Linux 2.6.32-431.el6.x86_64 (slave2) 	2019年07月25日 	_x86_64_	(8 CPU)

02时51分40秒  CPU    %usr   %nice    %sys %iowait    %irq   %soft  %steal  %guest   %idle
02时51分41秒  all   84.11    0.00    8.83    0.00    0.13    0.25    0.00    0.00    6.68
平均时间:  all   84.11    0.00    8.83    0.00    0.13    0.25    0.00    0.00    6.68

Linux 2.6.32-431.el6.x86_64 (slave2) 	2019年07月25日 	_x86_64_	(8 CPU)

02时51分44秒  CPU    %usr   %nice    %sys %iowait    %irq   %soft  %steal  %guest   %idle
02时51分45秒  all   74.71    0.00   12.58    0.00    0.00    2.80    0.00    0.00    9.91
平均时间:  all   74.71    0.00   12.58    0.00    0.00    2.80    0.00    0.00    9.91

Linux 2.6.32-431.el6.x86_64 (slave2) 	2019年07月25日 	_x86_64_	(8 CPU)

02时51分48秒  CPU    %usr   %nice    %sys %iowait    %irq   %soft  %steal  %guest   %idle
02时51分49秒  all   76.35    0.00   15.35    0.00    0.25    7.80    0.00    0.00    0.25
平均时间:  all   76.35    0.00   15.35    0.00    0.25    7.80    0.00    0.00    0.25

Linux 2.6.32-431.el6.x86_64 (slave2) 	2019年07月25日 	_x86_64_	(8 CPU)

02时51分52秒  CPU    %usr   %nice    %sys %iowait    %irq   %soft  %steal  %guest   %idle
02时51分53秒  all   58.58    0.00   18.71    0.00    0.13   14.06    0.00    0.00    8.52
平均时间:  all   58.58    0.00   18.71    0.00    0.13   14.06    0.00    0.00    8.52

Linux 2.6.32-431.el6.x86_64 (slave2) 	2019年07月25日 	_x86_64_	(8 CPU)

02时51分56秒  CPU    %usr   %nice    %sys %iowait    %irq   %soft  %steal  %guest   %idle
02时51分57秒  all   51.11    0.00   16.38    0.00    0.26   17.96    0.00    0.00   14.29
平均时间:  all   51.11    0.00   16.38    0.00    0.26   17.96    0.00    0.00   14.29

Linux 2.6.32-431.el6.x86_64 (slave2) 	2019年07月25日 	_x86_64_	(8 CPU)

02时52分00秒  CPU    %usr   %nice    %sys %iowait    %irq   %soft  %steal  %guest   %idle
02时52分01秒  all   39.03    0.00   13.67    0.00    0.26   14.98    0.00    0.00   32.06
平均时间:  all   39.03    0.00   13.67    0.00    0.26   14.98    0.00    0.00   32.06

Linux 2.6.32-431.el6.x86_64 (slave2) 	2019年07月25日 	_x86_64_	(8 CPU)

02时52分04秒  CPU    %usr   %nice    %sys %iowait    %irq   %soft  %steal  %guest   %idle
02时52分05秒  all   55.74    0.00   18.71    0.00    0.13   18.71    0.00    0.00    6.71
平均时间:  all   55.74    0.00   18.71    0.00    0.13   18.71    0.00    0.00    6.71

Linux 2.6.32-431.el6.x86_64 (slave2) 	2019年07月25日 	_x86_64_	(8 CPU)

02时52分08秒  CPU    %usr   %nice    %sys %iowait    %irq   %soft  %steal  %guest   %idle
02时52分09秒  all   48.91    0.00   19.18    0.00    0.00   17.63    0.00    0.00   14.29
平均时间:  all   48.91    0.00   19.18    0.00    0.00   17.63    0.00    0.00   14.29

Linux 2.6.32-431.el6.x86_64 (slave2) 	2019年07月25日 	_x86_64_	(8 CPU)

02时52分12秒  CPU    %usr   %nice    %sys %iowait    %irq   %soft  %steal  %guest   %idle
02时52分13秒  all   46.14    0.00   22.49    0.00    0.26   18.77    0.00    0.00   12.34
平均时间:  all   46.14    0.00   22.49    0.00    0.26   18.77    0.00    0.00   12.34

Linux 2.6.32-431.el6.x86_64 (slave2) 	2019年07月25日 	_x86_64_	(8 CPU)

02时52分17秒  CPU    %usr   %nice    %sys %iowait    %irq   %soft  %steal  %guest   %idle
02时52分18秒  all   84.15    0.00    8.55    0.00    0.00    0.00    0.00    0.00    7.30
平均时间:  all   84.15    0.00    8.55    0.00    0.00    0.00    0.00    0.00    7.30

Linux 2.6.32-431.el6.x86_64 (slave2) 	2019年07月25日 	_x86_64_	(8 CPU)

02时52分21秒  CPU    %usr   %nice    %sys %iowait    %irq   %soft  %steal  %guest   %idle
02时52分22秒  all   72.53    0.00    9.75    0.00    0.13    0.63    0.00    0.00   16.96
平均时间:  all   72.53    0.00    9.75    0.00    0.13    0.63    0.00    0.00   16.96

Linux 2.6.32-431.el6.x86_64 (slave2) 	2019年07月25日 	_x86_64_	(8 CPU)

02时52分25秒  CPU    %usr   %nice    %sys %iowait    %irq   %soft  %steal  %guest   %idle
02时52分26秒  all   62.85    0.00    6.62    0.00    0.00    0.13    0.00    0.00   30.41
平均时间:  all   62.85    0.00    6.62    0.00    0.00    0.13    0.00    0.00   30.41

Linux 2.6.32-431.el6.x86_64 (slave2) 	2019年07月25日 	_x86_64_	(8 CPU)

02时52分29秒  CPU    %usr   %nice    %sys %iowait    %irq   %soft  %steal  %guest   %idle
02时52分30秒  all   88.97    0.00    8.52    0.00    0.00    0.13    0.00    0.00    2.38
平均时间:  all   88.97    0.00    8.52    0.00    0.00    0.13    0.00    0.00    2.38

Linux 2.6.32-431.el6.x86_64 (slave2) 	2019年07月25日 	_x86_64_	(8 CPU)

02时52分33秒  CPU    %usr   %nice    %sys %iowait    %irq   %soft  %steal  %guest   %idle
02时52分34秒  all   57.53    0.00   15.43    0.00    0.00    0.51    0.00    0.00   26.53
平均时间:  all   57.53    0.00   15.43    0.00    0.00    0.51    0.00    0.00   26.53

Linux 2.6.32-431.el6.x86_64 (slave2) 	2019年07月25日 	_x86_64_	(8 CPU)

02时52分37秒  CPU    %usr   %nice    %sys %iowait    %irq   %soft  %steal  %guest   %idle
02时52分38秒  all   83.38    0.00   10.33    0.00    0.00    0.25    0.00    0.00    6.05
平均时间:  all   83.38    0.00   10.33    0.00    0.00    0.25    0.00    0.00    6.05

Linux 2.6.32-431.el6.x86_64 (slave2) 	2019年07月25日 	_x86_64_	(8 CPU)

02时52分41秒  CPU    %usr   %nice    %sys %iowait    %irq   %soft  %steal  %guest   %idle
02时52分42秒  all   51.14    0.00    2.78    0.00    0.00    0.25    0.00    0.00   45.83
平均时间:  all   51.14    0.00    2.78    0.00    0.00    0.25    0.00    0.00   45.83

Linux 2.6.32-431.el6.x86_64 (slave2) 	2019年07月25日 	_x86_64_	(8 CPU)

02时52分45秒  CPU    %usr   %nice    %sys %iowait    %irq   %soft  %steal  %guest   %idle
02时52分46秒  all   81.67    0.00    7.66    0.00    0.00    1.23    0.00    0.00    9.44
平均时间:  all   81.67    0.00    7.66    0.00    0.00    1.23    0.00    0.00    9.44

Linux 2.6.32-431.el6.x86_64 (slave2) 	2019年07月25日 	_x86_64_	(8 CPU)

02时52分49秒  CPU    %usr   %nice    %sys %iowait    %irq   %soft  %steal  %guest   %idle
02时52分50秒  all   79.45    0.00    9.33    0.00    0.00    0.50    0.00    0.00   10.72
平均时间:  all   79.45    0.00    9.33    0.00    0.00    0.50    0.00    0.00   10.72

Linux 2.6.32-431.el6.x86_64 (slave2) 	2019年07月25日 	_x86_64_	(8 CPU)

02时52分53秒  CPU    %usr   %nice    %sys %iowait    %irq   %soft  %steal  %guest   %idle
02时52分54秒  all   92.61    0.00    6.14    0.00    0.00    0.88    0.00    0.00    0.38
平均时间:  all   92.61    0.00    6.14    0.00    0.00    0.88    0.00    0.00    0.38

Linux 2.6.32-431.el6.x86_64 (slave2) 	2019年07月25日 	_x86_64_	(8 CPU)

02时52分57秒  CPU    %usr   %nice    %sys %iowait    %irq   %soft  %steal  %guest   %idle
02时52分58秒  all   79.65    0.00    4.30    0.00    0.00    1.26    0.00    0.00   14.79
平均时间:  all   79.65    0.00    4.30    0.00    0.00    1.26    0.00    0.00   14.79

Linux 2.6.32-431.el6.x86_64 (slave2) 	2019年07月25日 	_x86_64_	(8 CPU)

02时53分01秒  CPU    %usr   %nice    %sys %iowait    %irq   %soft  %steal  %guest   %idle
02时53分02秒  all   84.05    0.00    3.27    0.00    0.00    0.50    0.00    0.00   12.19
平均时间:  all   84.05    0.00    3.27    0.00    0.00    0.50    0.00    0.00   12.19

Linux 2.6.32-431.el6.x86_64 (slave2) 	2019年07月25日 	_x86_64_	(8 CPU)

02时53分05秒  CPU    %usr   %nice    %sys %iowait    %irq   %soft  %steal  %guest   %idle
02时53分06秒  all   56.36    0.00   11.79    2.91    0.00    3.52    0.00    0.00   25.42
平均时间:  all   56.36    0.00   11.79    2.91    0.00    3.52    0.00    0.00   25.42

Linux 2.6.32-431.el6.x86_64 (slave2) 	2019年07月25日 	_x86_64_	(8 CPU)

02时53分09秒  CPU    %usr   %nice    %sys %iowait    %irq   %soft  %steal  %guest   %idle
02时53分10秒  all   69.95    0.00    3.28    0.00    0.00    1.01    0.00    0.00   25.76
平均时间:  all   69.95    0.00    3.28    0.00    0.00    1.01    0.00    0.00   25.76

Linux 2.6.32-431.el6.x86_64 (slave2) 	2019年07月25日 	_x86_64_	(8 CPU)

02时53分13秒  CPU    %usr   %nice    %sys %iowait    %irq   %soft  %steal  %guest   %idle
02时53分14秒  all   82.03    0.00    8.99    0.00    0.00    1.65    0.00    0.00    7.34
平均时间:  all   82.03    0.00    8.99    0.00    0.00    1.65    0.00    0.00    7.34

Linux 2.6.32-431.el6.x86_64 (slave2) 	2019年07月25日 	_x86_64_	(8 CPU)

02时53分17秒  CPU    %usr   %nice    %sys %iowait    %irq   %soft  %steal  %guest   %idle
02时53分18秒  all   51.90    0.00    8.86    0.00    0.00    1.14    0.00    0.00   38.10
平均时间:  all   51.90    0.00    8.86    0.00    0.00    1.14    0.00    0.00   38.10

Linux 2.6.32-431.el6.x86_64 (slave2) 	2019年07月25日 	_x86_64_	(8 CPU)

02时53分21秒  CPU    %usr   %nice    %sys %iowait    %irq   %soft  %steal  %guest   %idle
02时53分22秒  all   72.58    0.00   13.23    1.50    0.00    3.00    0.00    0.00    9.69
平均时间:  all   72.58    0.00   13.23    1.50    0.00    3.00    0.00    0.00    9.69

Linux 2.6.32-431.el6.x86_64 (slave2) 	2019年07月25日 	_x86_64_	(8 CPU)

02时53分25秒  CPU    %usr   %nice    %sys %iowait    %irq   %soft  %steal  %guest   %idle
02时53分26秒  all   88.07    0.00    9.17    0.00    0.13    0.88    0.00    0.00    1.76
平均时间:  all   88.07    0.00    9.17    0.00    0.13    0.88    0.00    0.00    1.76

Linux 2.6.32-431.el6.x86_64 (slave2) 	2019年07月25日 	_x86_64_	(8 CPU)

02时53分29秒  CPU    %usr   %nice    %sys %iowait    %irq   %soft  %steal  %guest   %idle
02时53分30秒  all   74.84    0.00   14.23    0.00    0.00    0.89    0.00    0.00   10.04
平均时间:  all   74.84    0.00   14.23    0.00    0.00    0.89    0.00    0.00   10.04

Linux 2.6.32-431.el6.x86_64 (slave2) 	2019年07月25日 	_x86_64_	(8 CPU)

02时53分33秒  CPU    %usr   %nice    %sys %iowait    %irq   %soft  %steal  %guest   %idle
02时53分34秒  all   91.11    0.00    8.64    0.00    0.00    0.13    0.00    0.00    0.13
平均时间:  all   91.11    0.00    8.64    0.00    0.00    0.13    0.00    0.00    0.13

Linux 2.6.32-431.el6.x86_64 (slave2) 	2019年07月25日 	_x86_64_	(8 CPU)

02时53分37秒  CPU    %usr   %nice    %sys %iowait    %irq   %soft  %steal  %guest   %idle
02时53分38秒  all   86.70    0.00   12.30    0.00    0.00    0.50    0.00    0.00    0.50
平均时间:  all   86.70    0.00   12.30    0.00    0.00    0.50    0.00    0.00    0.50

Linux 2.6.32-431.el6.x86_64 (slave2) 	2019年07月25日 	_x86_64_	(8 CPU)

02时53分41秒  CPU    %usr   %nice    %sys %iowait    %irq   %soft  %steal  %guest   %idle
02时53分42秒  all   87.38    0.00   11.88    0.00    0.00    0.12    0.00    0.00    0.62
平均时间:  all   87.38    0.00   11.88    0.00    0.00    0.12    0.00    0.00    0.62

Linux 2.6.32-431.el6.x86_64 (slave2) 	2019年07月25日 	_x86_64_	(8 CPU)

02时53分45秒  CPU    %usr   %nice    %sys %iowait    %irq   %soft  %steal  %guest   %idle
02时53分46秒  all   91.50    0.00    7.62    0.00    0.00    0.00    0.00    0.00    0.88
平均时间:  all   91.50    0.00    7.62    0.00    0.00    0.00    0.00    0.00    0.88

Linux 2.6.32-431.el6.x86_64 (slave2) 	2019年07月25日 	_x86_64_	(8 CPU)

02时53分49秒  CPU    %usr   %nice    %sys %iowait    %irq   %soft  %steal  %guest   %idle
02时53分50秒  all   68.73    0.00    6.08    0.00    0.00    0.13    0.00    0.00   25.06
平均时间:  all   68.73    0.00    6.08    0.00    0.00    0.13    0.00    0.00   25.06

Linux 2.6.32-431.el6.x86_64 (slave2) 	2019年07月25日 	_x86_64_	(8 CPU)

02时53分53秒  CPU    %usr   %nice    %sys %iowait    %irq   %soft  %steal  %guest   %idle
02时53分54秒  all   84.76    0.00    9.70    0.00    0.00    0.25    0.00    0.00    5.29
平均时间:  all   84.76    0.00    9.70    0.00    0.00    0.25    0.00    0.00    5.29

Linux 2.6.32-431.el6.x86_64 (slave2) 	2019年07月25日 	_x86_64_	(8 CPU)

02时53分57秒  CPU    %usr   %nice    %sys %iowait    %irq   %soft  %steal  %guest   %idle
02时53分58秒  all   73.45    0.00    9.48    0.00    0.00    0.25    0.00    0.00   16.81
平均时间:  all   73.45    0.00    9.48    0.00    0.00    0.25    0.00    0.00   16.81

Linux 2.6.32-431.el6.x86_64 (slave2) 	2019年07月25日 	_x86_64_	(8 CPU)

02时54分01秒  CPU    %usr   %nice    %sys %iowait    %irq   %soft  %steal  %guest   %idle
02时54分02秒  all   68.15    0.00   10.06    0.00    0.00    0.25    0.00    0.00   21.53
平均时间:  all   68.15    0.00   10.06    0.00    0.00    0.25    0.00    0.00   21.53

Linux 2.6.32-431.el6.x86_64 (slave2) 	2019年07月25日 	_x86_64_	(8 CPU)

02时54分05秒  CPU    %usr   %nice    %sys %iowait    %irq   %soft  %steal  %guest   %idle
02时54分06秒  all   89.00    0.00    9.12    0.00    0.00    0.12    0.00    0.00    1.75
平均时间:  all   89.00    0.00    9.12    0.00    0.00    0.12    0.00    0.00    1.75

Linux 2.6.32-431.el6.x86_64 (slave2) 	2019年07月25日 	_x86_64_	(8 CPU)

02时54分09秒  CPU    %usr   %nice    %sys %iowait    %irq   %soft  %steal  %guest   %idle
02时54分10秒  all   79.87    0.00   12.83    0.00    0.13    1.01    0.00    0.00    6.16
平均时间:  all   79.87    0.00   12.83    0.00    0.13    1.01    0.00    0.00    6.16

Linux 2.6.32-431.el6.x86_64 (slave2) 	2019年07月25日 	_x86_64_	(8 CPU)

02时54分13秒  CPU    %usr   %nice    %sys %iowait    %irq   %soft  %steal  %guest   %idle
02时54分14秒  all   76.01    0.00   18.84    0.13    0.00    1.51    0.00    0.00    3.52
平均时间:  all   76.01    0.00   18.84    0.13    0.00    1.51    0.00    0.00    3.52

Linux 2.6.32-431.el6.x86_64 (slave2) 	2019年07月25日 	_x86_64_	(8 CPU)

02时54分17秒  CPU    %usr   %nice    %sys %iowait    %irq   %soft  %steal  %guest   %idle
02时54分18秒  all   89.70    0.00    8.92    0.00    0.00    0.00    0.00    0.00    1.38
平均时间:  all   89.70    0.00    8.92    0.00    0.00    0.00    0.00    0.00    1.38

Linux 2.6.32-431.el6.x86_64 (slave2) 	2019年07月25日 	_x86_64_	(8 CPU)

02时54分21秒  CPU    %usr   %nice    %sys %iowait    %irq   %soft  %steal  %guest   %idle
02时54分22秒  all   90.10    0.00    8.02    0.00    0.00    0.00    0.00    0.00    1.88
平均时间:  all   90.10    0.00    8.02    0.00    0.00    0.00    0.00    0.00    1.88

Linux 2.6.32-431.el6.x86_64 (slave2) 	2019年07月25日 	_x86_64_	(8 CPU)

02时54分26秒  CPU    %usr   %nice    %sys %iowait    %irq   %soft  %steal  %guest   %idle
02时54分27秒  all   82.53    0.00    7.59    0.00    0.00    0.13    0.00    0.00    9.75
平均时间:  all   82.53    0.00    7.59    0.00    0.00    0.13    0.00    0.00    9.75

Linux 2.6.32-431.el6.x86_64 (slave2) 	2019年07月25日 	_x86_64_	(8 CPU)

02时54分30秒  CPU    %usr   %nice    %sys %iowait    %irq   %soft  %steal  %guest   %idle
02时54分31秒  all   76.21    0.00   10.43    0.00    0.13    0.00    0.00    0.00   13.23
平均时间:  all   76.21    0.00   10.43    0.00    0.13    0.00    0.00    0.00   13.23

Linux 2.6.32-431.el6.x86_64 (slave2) 	2019年07月25日 	_x86_64_	(8 CPU)

02时54分34秒  CPU    %usr   %nice    %sys %iowait    %irq   %soft  %steal  %guest   %idle
02时54分35秒  all   35.10    0.00    6.84    0.00    0.00    0.65    0.00    0.00   57.42
平均时间:  all   35.10    0.00    6.84    0.00    0.00    0.65    0.00    0.00   57.42

Linux 2.6.32-431.el6.x86_64 (slave2) 	2019年07月25日 	_x86_64_	(8 CPU)

02时54分38秒  CPU    %usr   %nice    %sys %iowait    %irq   %soft  %steal  %guest   %idle
02时54分39秒  all   67.05    0.00    6.41    0.00    0.00    0.13    0.00    0.00   26.41
平均时间:  all   67.05    0.00    6.41    0.00    0.00    0.13    0.00    0.00   26.41

Linux 2.6.32-431.el6.x86_64 (slave2) 	2019年07月25日 	_x86_64_	(8 CPU)

02时54分42秒  CPU    %usr   %nice    %sys %iowait    %irq   %soft  %steal  %guest   %idle
02时54分43秒  all   21.24    0.00    2.96    0.00    0.13    0.90    0.00    0.00   74.77
平均时间:  all   21.24    0.00    2.96    0.00    0.13    0.90    0.00    0.00   74.77

Linux 2.6.32-431.el6.x86_64 (slave2) 	2019年07月25日 	_x86_64_	(8 CPU)

02时54分46秒  CPU    %usr   %nice    %sys %iowait    %irq   %soft  %steal  %guest   %idle
02时54分47秒  all   42.07    0.00    3.32    0.00    0.13    0.26    0.00    0.00   54.22
平均时间:  all   42.07    0.00    3.32    0.00    0.13    0.26    0.00    0.00   54.22

Linux 2.6.32-431.el6.x86_64 (slave2) 	2019年07月25日 	_x86_64_	(8 CPU)

02时54分50秒  CPU    %usr   %nice    %sys %iowait    %irq   %soft  %steal  %guest   %idle
02时54分51秒  all   24.10    0.00    3.08    0.00    0.00    2.18    0.00    0.00   70.64
平均时间:  all   24.10    0.00    3.08    0.00    0.00    2.18    0.00    0.00   70.64

Linux 2.6.32-431.el6.x86_64 (slave2) 	2019年07月25日 	_x86_64_	(8 CPU)

02时54分54秒  CPU    %usr   %nice    %sys %iowait    %irq   %soft  %steal  %guest   %idle
02时54分55秒  all   42.02    0.00    5.36    0.00    0.00    0.26    0.00    0.00   52.36
平均时间:  all   42.02    0.00    5.36    0.00    0.00    0.26    0.00    0.00   52.36

Linux 2.6.32-431.el6.x86_64 (slave2) 	2019年07月25日 	_x86_64_	(8 CPU)

02时54分58秒  CPU    %usr   %nice    %sys %iowait    %irq   %soft  %steal  %guest   %idle
02时54分59秒  all   72.53    0.00   11.27    0.00    0.00    0.25    0.00    0.00   15.95
平均时间:  all   72.53    0.00   11.27    0.00    0.00    0.25    0.00    0.00   15.95

Linux 2.6.32-431.el6.x86_64 (slave2) 	2019年07月25日 	_x86_64_	(8 CPU)

02时55分02秒  CPU    %usr   %nice    %sys %iowait    %irq   %soft  %steal  %guest   %idle
02时55分03秒  all   86.90    0.00    9.70    0.00    0.00    0.25    0.00    0.00    3.15
平均时间:  all   86.90    0.00    9.70    0.00    0.00    0.25    0.00    0.00    3.15

Linux 2.6.32-431.el6.x86_64 (slave2) 	2019年07月25日 	_x86_64_	(8 CPU)

02时55分06秒  CPU    %usr   %nice    %sys %iowait    %irq   %soft  %steal  %guest   %idle
02时55分07秒  all   68.55    0.00    7.96    0.00    0.00    0.64    0.00    0.00   22.85
平均时间:  all   68.55    0.00    7.96    0.00    0.00    0.64    0.00    0.00   22.85

Linux 2.6.32-431.el6.x86_64 (slave2) 	2019年07月25日 	_x86_64_	(8 CPU)

02时55分10秒  CPU    %usr   %nice    %sys %iowait    %irq   %soft  %steal  %guest   %idle
02时55分11秒  all   41.30    0.00    3.43    0.00    0.00    0.89    0.00    0.00   54.38
平均时间:  all   41.30    0.00    3.43    0.00    0.00    0.89    0.00    0.00   54.38

Linux 2.6.32-431.el6.x86_64 (slave2) 	2019年07月25日 	_x86_64_	(8 CPU)

02时55分14秒  CPU    %usr   %nice    %sys %iowait    %irq   %soft  %steal  %guest   %idle
02时55分15秒  all   76.37    0.00   10.04    0.00    0.00    1.52    0.00    0.00   12.07
平均时间:  all   76.37    0.00   10.04    0.00    0.00    1.52    0.00    0.00   12.07

Linux 2.6.32-431.el6.x86_64 (slave2) 	2019年07月25日 	_x86_64_	(8 CPU)

02时55分18秒  CPU    %usr   %nice    %sys %iowait    %irq   %soft  %steal  %guest   %idle
02时55分19秒  all   85.71    0.00   11.90    0.00    0.00    0.13    0.00    0.00    2.26
平均时间:  all   85.71    0.00   11.90    0.00    0.00    0.13    0.00    0.00    2.26

Linux 2.6.32-431.el6.x86_64 (slave2) 	2019年07月25日 	_x86_64_	(8 CPU)

02时55分22秒  CPU    %usr   %nice    %sys %iowait    %irq   %soft  %steal  %guest   %idle
02时55分23秒  all   57.85    0.00    4.56    0.00    0.00    0.89    0.00    0.00   36.71
平均时间:  all   57.85    0.00    4.56    0.00    0.00    0.89    0.00    0.00   36.71

Linux 2.6.32-431.el6.x86_64 (slave2) 	2019年07月25日 	_x86_64_	(8 CPU)

02时55分26秒  CPU    %usr   %nice    %sys %iowait    %irq   %soft  %steal  %guest   %idle
02时55分27秒  all   92.47    0.00    6.27    0.00    0.00    0.13    0.00    0.00    1.13
平均时间:  all   92.47    0.00    6.27    0.00    0.00    0.13    0.00    0.00    1.13

Linux 2.6.32-431.el6.x86_64 (slave2) 	2019年07月25日 	_x86_64_	(8 CPU)

02时55分30秒  CPU    %usr   %nice    %sys %iowait    %irq   %soft  %steal  %guest   %idle
02时55分31秒  all   50.13    0.00    4.70    0.00    0.00    1.02    0.00    0.00   44.16
平均时间:  all   50.13    0.00    4.70    0.00    0.00    1.02    0.00    0.00   44.16

Linux 2.6.32-431.el6.x86_64 (slave2) 	2019年07月25日 	_x86_64_	(8 CPU)

02时55分34秒  CPU    %usr   %nice    %sys %iowait    %irq   %soft  %steal  %guest   %idle
02时55分35秒  all   91.36    0.00    6.51    0.00    0.00    0.25    0.00    0.00    1.88
平均时间:  all   91.36    0.00    6.51    0.00    0.00    0.25    0.00    0.00    1.88

Linux 2.6.32-431.el6.x86_64 (slave2) 	2019年07月25日 	_x86_64_	(8 CPU)

02时55分38秒  CPU    %usr   %nice    %sys %iowait    %irq   %soft  %steal  %guest   %idle
02时55分39秒  all    6.32    0.00    3.67    0.00    0.00    0.13    0.00    0.00   89.89
平均时间:  all    6.32    0.00    3.67    0.00    0.00    0.13    0.00    0.00   89.89

Linux 2.6.32-431.el6.x86_64 (slave2) 	2019年07月25日 	_x86_64_	(8 CPU)

02时55分42秒  CPU    %usr   %nice    %sys %iowait    %irq   %soft  %steal  %guest   %idle
02时55分43秒  all   56.57    0.00    7.09    0.00    0.13    1.42    0.00    0.00   34.79
平均时间:  all   56.57    0.00    7.09    0.00    0.13    1.42    0.00    0.00   34.79

Linux 2.6.32-431.el6.x86_64 (slave2) 	2019年07月25日 	_x86_64_	(8 CPU)

02时55分46秒  CPU    %usr   %nice    %sys %iowait    %irq   %soft  %steal  %guest   %idle
02时55分47秒  all   20.97    0.00    3.84    0.00    0.13    1.15    0.00    0.00   73.91
平均时间:  all   20.97    0.00    3.84    0.00    0.13    1.15    0.00    0.00   73.91

Linux 2.6.32-431.el6.x86_64 (slave2) 	2019年07月25日 	_x86_64_	(8 CPU)

02时55分50秒  CPU    %usr   %nice    %sys %iowait    %irq   %soft  %steal  %guest   %idle
02时55分51秒  all    0.63    0.00    1.89    0.00    0.00    1.64    0.00    0.00   95.85
平均时间:  all    0.63    0.00    1.89    0.00    0.00    1.64    0.00    0.00   95.85

Linux 2.6.32-431.el6.x86_64 (slave2) 	2019年07月25日 	_x86_64_	(8 CPU)

02时55分54秒  CPU    %usr   %nice    %sys %iowait    %irq   %soft  %steal  %guest   %idle
02时55分55秒  all    0.00    0.00    0.00    0.00    0.00    0.00    0.00    0.00  100.00
平均时间:  all    0.00    0.00    0.00    0.00    0.00    0.00    0.00    0.00  100.00

Linux 2.6.32-431.el6.x86_64 (slave2) 	2019年07月25日 	_x86_64_	(8 CPU)

02时55分58秒  CPU    %usr   %nice    %sys %iowait    %irq   %soft  %steal  %guest   %idle
02时55分59秒  all    0.00    0.00    0.13    0.00    0.00    0.00    0.00    0.00   99.87
平均时间:  all    0.00    0.00    0.13    0.00    0.00    0.00    0.00    0.00   99.87

Linux 2.6.32-431.el6.x86_64 (slave2) 	2019年07月25日 	_x86_64_	(8 CPU)

02时56分02秒  CPU    %usr   %nice    %sys %iowait    %irq   %soft  %steal  %guest   %idle
02时56分03秒  all    0.00    0.00    0.00    0.00    0.00    0.00    0.00    0.00  100.00
平均时间:  all    0.00    0.00    0.00    0.00    0.00    0.00    0.00    0.00  100.00

Linux 2.6.32-431.el6.x86_64 (slave2) 	2019年07月25日 	_x86_64_	(8 CPU)

02时56分06秒  CPU    %usr   %nice    %sys %iowait    %irq   %soft  %steal  %guest   %idle
02时56分07秒  all    0.00    0.00    0.00    0.00    0.00    0.00    0.00    0.00  100.00
平均时间:  all    0.00    0.00    0.00    0.00    0.00    0.00    0.00    0.00  100.00

Linux 2.6.32-431.el6.x86_64 (slave2) 	2019年07月25日 	_x86_64_	(8 CPU)

02时56分10秒  CPU    %usr   %nice    %sys %iowait    %irq   %soft  %steal  %guest   %idle
02时56分11秒  all    0.00    0.00    0.00    0.00    0.00    0.00    0.00    0.00  100.00
平均时间:  all    0.00    0.00    0.00    0.00    0.00    0.00    0.00    0.00  100.00

Linux 2.6.32-431.el6.x86_64 (slave2) 	2019年07月25日 	_x86_64_	(8 CPU)

02时56分14秒  CPU    %usr   %nice    %sys %iowait    %irq   %soft  %steal  %guest   %idle
02时56分15秒  all    0.00    0.00    1.52    0.00    0.13    0.38    0.00    0.00   97.97
平均时间:  all    0.00    0.00    1.52    0.00    0.13    0.38    0.00    0.00   97.97

Linux 2.6.32-431.el6.x86_64 (slave2) 	2019年07月25日 	_x86_64_	(8 CPU)

02时56分18秒  CPU    %usr   %nice    %sys %iowait    %irq   %soft  %steal  %guest   %idle
02时56分19秒  all    0.00    0.00    0.00    0.00    0.00    0.00    0.00    0.00  100.00
平均时间:  all    0.00    0.00    0.00    0.00    0.00    0.00    0.00    0.00  100.00

Linux 2.6.32-431.el6.x86_64 (slave2) 	2019年07月25日 	_x86_64_	(8 CPU)

02时56分22秒  CPU    %usr   %nice    %sys %iowait    %irq   %soft  %steal  %guest   %idle
02时56分23秒  all    0.00    0.00    1.13    0.00    0.00    0.00    0.00    0.00   98.87
平均时间:  all    0.00    0.00    1.13    0.00    0.00    0.00    0.00    0.00   98.87

Linux 2.6.32-431.el6.x86_64 (slave2) 	2019年07月25日 	_x86_64_	(8 CPU)
