
2019年 07月 25日 星期四 02:41:26 CST
             total       used       free     shared    buffers     cached
Mem:         15945       9522       6422          0         84       7466
-/+ buffers/cache:       1972      13973
Swap:         8039          0       8039

2019年 07月 25日 星期四 02:41:30 CST
             total       used       free     shared    buffers     cached
Mem:         15945       9521       6424          0         84       7465
-/+ buffers/cache:       1971      13974
Swap:         8039          0       8039

2019年 07月 25日 星期四 02:41:34 CST
             total       used       free     shared    buffers     cached
Mem:         15945       9521       6423          0         84       7465
-/+ buffers/cache:       1971      13973
Swap:         8039          0       8039

2019年 07月 25日 星期四 02:41:38 CST
             total       used       free     shared    buffers     cached
Mem:         15945       9521       6423          0         84       7465
-/+ buffers/cache:       1971      13973
Swap:         8039          0       8039

2019年 07月 25日 星期四 02:41:42 CST
             total       used       free     shared    buffers     cached
Mem:         15945       9521       6423          0         84       7465
-/+ buffers/cache:       1971      13974
Swap:         8039          0       8039

2019年 07月 25日 星期四 02:41:46 CST
             total       used       free     shared    buffers     cached
Mem:         15945       9640       6304          0         84       7583
-/+ buffers/cache:       1973      13971
Swap:         8039          0       8039

2019年 07月 25日 星期四 02:41:50 CST
             total       used       free     shared    buffers     cached
Mem:         15945       9886       6059          0         84       7828
-/+ buffers/cache:       1973      13972
Swap:         8039          0       8039

2019年 07月 25日 星期四 02:41:54 CST
             total       used       free     shared    buffers     cached
Mem:         15945      10598       5347          0         84       8165
-/+ buffers/cache:       2348      13597
Swap:         8039          0       8039

2019年 07月 25日 星期四 02:41:58 CST
             total       used       free     shared    buffers     cached
Mem:         15945      11149       4795          0         84       8422
-/+ buffers/cache:       2643      13302
Swap:         8039          0       8039

2019年 07月 25日 星期四 02:42:02 CST
             total       used       free     shared    buffers     cached
Mem:         15945      11744       4200          0         84       8676
-/+ buffers/cache:       2983      12961
Swap:         8039          0       8039

2019年 07月 25日 星期四 02:42:06 CST
             total       used       free     shared    buffers     cached
Mem:         15945      12350       3595          0         84       8966
-/+ buffers/cache:       3299      12645
Swap:         8039          0       8039

2019年 07月 25日 星期四 02:42:10 CST
             total       used       free     shared    buffers     cached
Mem:         15945      12850       3095          0         84       9165
-/+ buffers/cache:       3600      12344
Swap:         8039          0       8039

2019年 07月 25日 星期四 02:42:14 CST
             total       used       free     shared    buffers     cached
Mem:         15945      13261       2684          0         84       9217
-/+ buffers/cache:       3959      11985
Swap:         8039          0       8039

2019年 07月 25日 星期四 02:42:18 CST
             total       used       free     shared    buffers     cached
Mem:         15945      14001       1944          0         84       9217
-/+ buffers/cache:       4699      11246
Swap:         8039          0       8039

2019年 07月 25日 星期四 02:42:22 CST
             total       used       free     shared    buffers     cached
Mem:         15945      14894       1050          0         84       9219
-/+ buffers/cache:       5590      10354
Swap:         8039          0       8039

2019年 07月 25日 星期四 02:42:26 CST
             total       used       free     shared    buffers     cached
Mem:         15945      15054        891          0         84       9294
-/+ buffers/cache:       5675      10270
Swap:         8039          0       8039

2019年 07月 25日 星期四 02:42:30 CST
             total       used       free     shared    buffers     cached
Mem:         15945      14793       1152          0         84       9441
-/+ buffers/cache:       5266      10678
Swap:         8039          0       8039

2019年 07月 25日 星期四 02:42:34 CST
             total       used       free     shared    buffers     cached
Mem:         15945      14697       1248          0         84       9535
-/+ buffers/cache:       5077      10868
Swap:         8039          0       8039

2019年 07月 25日 星期四 02:42:38 CST
             total       used       free     shared    buffers     cached
Mem:         15945      14584       1361          0         84       9515
-/+ buffers/cache:       4984      10960
Swap:         8039          0       8039

2019年 07月 25日 星期四 02:42:44 CST
             total       used       free     shared    buffers     cached
Mem:         15945      14765       1180          0         84       9516
-/+ buffers/cache:       5164      10781
Swap:         8039          0       8039

2019年 07月 25日 星期四 02:42:48 CST
             total       used       free     shared    buffers     cached
Mem:         15945      15244        701          0         84       9702
-/+ buffers/cache:       5457      10488
Swap:         8039          0       8039

2019年 07月 25日 星期四 02:42:52 CST
             total       used       free     shared    buffers     cached
Mem:         15945      15743        202          0         84       9703
-/+ buffers/cache:       5955       9990
Swap:         8039          0       8039

2019年 07月 25日 星期四 02:42:56 CST
             total       used       free     shared    buffers     cached
Mem:         15945      15783        162          0         84       9615
-/+ buffers/cache:       6082       9862
Swap:         8039          0       8039

2019年 07月 25日 星期四 02:43:00 CST
             total       used       free     shared    buffers     cached
Mem:         15945      15773        172          0         84       9428
-/+ buffers/cache:       6260       9684
Swap:         8039          0       8039

2019年 07月 25日 星期四 02:43:04 CST
             total       used       free     shared    buffers     cached
Mem:         15945      15770        174          0         84       9428
-/+ buffers/cache:       6257       9687
Swap:         8039          0       8039

2019年 07月 25日 星期四 02:43:08 CST
             total       used       free     shared    buffers     cached
Mem:         15945      15156        789          0         84       9431
-/+ buffers/cache:       5640      10304
Swap:         8039          0       8039

2019年 07月 25日 星期四 02:43:12 CST
             total       used       free     shared    buffers     cached
Mem:         15945      14073       1872          0         84      10077
-/+ buffers/cache:       3911      12034
Swap:         8039          0       8039

2019年 07月 25日 星期四 02:43:16 CST
             total       used       free     shared    buffers     cached
Mem:         15945      14804       1140          0         84      10134
-/+ buffers/cache:       4585      11359
Swap:         8039          0       8039

2019年 07月 25日 星期四 02:43:20 CST
             total       used       free     shared    buffers     cached
Mem:         15945      14870       1075          0         84      10151
-/+ buffers/cache:       4634      11311
Swap:         8039          0       8039

2019年 07月 25日 星期四 02:43:25 CST
             total       used       free     shared    buffers     cached
Mem:         15945      15371        574          0         84       9967
-/+ buffers/cache:       5318      10626
Swap:         8039          0       8039

2019年 07月 25日 星期四 02:43:29 CST
             total       used       free     shared    buffers     cached
Mem:         15945      15795        150          0         84       9970
-/+ buffers/cache:       5739      10205
Swap:         8039          0       8039

2019年 07月 25日 星期四 02:43:33 CST
             total       used       free     shared    buffers     cached
Mem:         15945      15517        428          0         84       9906
-/+ buffers/cache:       5526      10419
Swap:         8039          0       8039

2019年 07月 25日 星期四 02:43:37 CST
             total       used       free     shared    buffers     cached
Mem:         15945      15781        163          0         84       9703
-/+ buffers/cache:       5993       9952
Swap:         8039          0       8039

2019年 07月 25日 星期四 02:43:41 CST
             total       used       free     shared    buffers     cached
Mem:         15945      15782        162          0         84       9314
-/+ buffers/cache:       6383       9562
Swap:         8039          0       8039

2019年 07月 25日 星期四 02:43:45 CST
             total       used       free     shared    buffers     cached
Mem:         15945      15782        162          0         84       9200
-/+ buffers/cache:       6497       9448
Swap:         8039          0       8039

2019年 07月 25日 星期四 02:43:49 CST
             total       used       free     shared    buffers     cached
Mem:         15945      15782        162          0         84       8952
-/+ buffers/cache:       6745       9199
Swap:         8039          0       8039

2019年 07月 25日 星期四 02:43:53 CST
             total       used       free     shared    buffers     cached
Mem:         15945      15776        169          0         84       8886
-/+ buffers/cache:       6805       9140
Swap:         8039          0       8039

2019年 07月 25日 星期四 02:43:57 CST
             total       used       free     shared    buffers     cached
Mem:         15945      15787        157          0         84       8757
-/+ buffers/cache:       6945       9000
Swap:         8039          0       8039

2019年 07月 25日 星期四 02:44:01 CST
             total       used       free     shared    buffers     cached
Mem:         15945      15202        742          0         84       9105
-/+ buffers/cache:       6012       9933
Swap:         8039          0       8039

2019年 07月 25日 星期四 02:44:05 CST
             total       used       free     shared    buffers     cached
Mem:         15945      15449        495          0         84       9121
-/+ buffers/cache:       6243       9702
Swap:         8039          0       8039

2019年 07月 25日 星期四 02:44:09 CST
             total       used       free     shared    buffers     cached
Mem:         15945      15790        155          0         84       9064
-/+ buffers/cache:       6641       9304
Swap:         8039          0       8039

2019年 07月 25日 星期四 02:44:13 CST
             total       used       free     shared    buffers     cached
Mem:         15945      15771        174          0         84       8872
-/+ buffers/cache:       6813       9131
Swap:         8039          0       8039

2019年 07月 25日 星期四 02:44:17 CST
             total       used       free     shared    buffers     cached
Mem:         15945      15779        165          0         84       8716
-/+ buffers/cache:       6978       8966
Swap:         8039          0       8039

2019年 07月 25日 星期四 02:44:21 CST
             total       used       free     shared    buffers     cached
Mem:         15945      15781        164          0         84       8612
-/+ buffers/cache:       7084       8860
Swap:         8039          0       8039

2019年 07月 25日 星期四 02:44:25 CST
             total       used       free     shared    buffers     cached
Mem:         15945      14256       1688          0         84       8617
-/+ buffers/cache:       5555      10390
Swap:         8039          0       8039

2019年 07月 25日 星期四 02:44:29 CST
             total       used       free     shared    buffers     cached
Mem:         15945      11012       4933          0         84       8301
-/+ buffers/cache:       2625      13319
Swap:         8039          0       8039

2019年 07月 25日 星期四 02:44:33 CST
             total       used       free     shared    buffers     cached
Mem:         15945      11564       4380          0         84       8304
-/+ buffers/cache:       3175      12770
Swap:         8039          0       8039

2019年 07月 25日 星期四 02:44:37 CST
             total       used       free     shared    buffers     cached
Mem:         15945      11832       4112          0         84       8120
-/+ buffers/cache:       3627      12318
Swap:         8039          0       8039

2019年 07月 25日 星期四 02:44:41 CST
             total       used       free     shared    buffers     cached
Mem:         15945      11868       4076          0         84       8119
-/+ buffers/cache:       3663      12281
Swap:         8039          0       8039

2019年 07月 25日 星期四 02:44:45 CST
             total       used       free     shared    buffers     cached
Mem:         15945      12124       3821          0         84       8325
-/+ buffers/cache:       3714      12231
Swap:         8039          0       8039

2019年 07月 25日 星期四 02:44:49 CST
             total       used       free     shared    buffers     cached
Mem:         15945      12441       3504          0         85       8122
-/+ buffers/cache:       4234      11711
Swap:         8039          0       8039

2019年 07月 25日 星期四 02:44:53 CST
             total       used       free     shared    buffers     cached
Mem:         15945      13471       2474          0         85       8126
-/+ buffers/cache:       5260      10685
Swap:         8039          0       8039

2019年 07月 25日 星期四 02:44:58 CST
             total       used       free     shared    buffers     cached
Mem:         15945      12148       3797          0         85       8205
-/+ buffers/cache:       3858      12087
Swap:         8039          0       8039

2019年 07月 25日 星期四 02:45:02 CST
             total       used       free     shared    buffers     cached
Mem:         15945      12632       3312          0         85       8474
-/+ buffers/cache:       4072      11873
Swap:         8039          0       8039

2019年 07月 25日 星期四 02:45:06 CST
             total       used       free     shared    buffers     cached
Mem:         15945      12966       2978          0         85       8437
-/+ buffers/cache:       4444      11501
Swap:         8039          0       8039

2019年 07月 25日 星期四 02:45:10 CST
             total       used       free     shared    buffers     cached
Mem:         15945      13404       2540          0         85       8437
-/+ buffers/cache:       4881      11063
Swap:         8039          0       8039

2019年 07月 25日 星期四 02:45:14 CST
             total       used       free     shared    buffers     cached
Mem:         15945      13946       1999          0         85       8439
-/+ buffers/cache:       5421      10524
Swap:         8039          0       8039

2019年 07月 25日 星期四 02:45:18 CST
             total       used       free     shared    buffers     cached
Mem:         15945      14320       1625          0         85       8440
-/+ buffers/cache:       5795      10150
Swap:         8039          0       8039

2019年 07月 25日 星期四 02:45:22 CST
             total       used       free     shared    buffers     cached
Mem:         15945      13765       2180          0         85       8439
-/+ buffers/cache:       5240      10704
Swap:         8039          0       8039

2019年 07月 25日 星期四 02:45:26 CST
             total       used       free     shared    buffers     cached
Mem:         15945      13856       2089          0         85       8255
-/+ buffers/cache:       5516      10429
Swap:         8039          0       8039

2019年 07月 25日 星期四 02:45:30 CST
             total       used       free     shared    buffers     cached
Mem:         15945      14156       1788          0         85       8257
-/+ buffers/cache:       5814      10131
Swap:         8039          0       8039

2019年 07月 25日 星期四 02:45:34 CST
             total       used       free     shared    buffers     cached
Mem:         15945      14822       1123          0         85       8260
-/+ buffers/cache:       6476       9469
Swap:         8039          0       8039

2019年 07月 25日 星期四 02:45:38 CST
             total       used       free     shared    buffers     cached
Mem:         15945      14420       1525          0         85       8312
-/+ buffers/cache:       6022       9923
Swap:         8039          0       8039

2019年 07月 25日 星期四 02:45:42 CST
             total       used       free     shared    buffers     cached
Mem:         15945      12811       3134          0         85       8836
-/+ buffers/cache:       3889      12056
Swap:         8039          0       8039

2019年 07月 25日 星期四 02:45:46 CST
             total       used       free     shared    buffers     cached
Mem:         15945      13375       2570          0         85       8979
-/+ buffers/cache:       4309      11635
Swap:         8039          0       8039

2019年 07月 25日 星期四 02:45:50 CST
             total       used       free     shared    buffers     cached
Mem:         15945      13765       2180          0         85       8955
-/+ buffers/cache:       4723      11221
Swap:         8039          0       8039

2019年 07月 25日 星期四 02:45:54 CST
             total       used       free     shared    buffers     cached
Mem:         15945      14509       1436          0         85       9259
-/+ buffers/cache:       5164      10780
Swap:         8039          0       8039

2019年 07月 25日 星期四 02:45:58 CST
             total       used       free     shared    buffers     cached
Mem:         15945      15170        774          0         85       9556
-/+ buffers/cache:       5529      10416
Swap:         8039          0       8039

2019年 07月 25日 星期四 02:46:02 CST
             total       used       free     shared    buffers     cached
Mem:         15945      15717        227          0         85       9854
-/+ buffers/cache:       5778      10167
Swap:         8039          0       8039

2019年 07月 25日 星期四 02:46:06 CST
             total       used       free     shared    buffers     cached
Mem:         15945      14978        967          0         85       9766
-/+ buffers/cache:       5126      10818
Swap:         8039          0       8039

2019年 07月 25日 星期四 02:46:10 CST
             total       used       free     shared    buffers     cached
Mem:         15945      15391        553          0         85      10035
-/+ buffers/cache:       5270      10674
Swap:         8039          0       8039

2019年 07月 25日 星期四 02:46:14 CST
             total       used       free     shared    buffers     cached
Mem:         15945      15777        168          0         85      10115
-/+ buffers/cache:       5576      10369
Swap:         8039          0       8039

2019年 07月 25日 星期四 02:46:18 CST
             total       used       free     shared    buffers     cached
Mem:         15945      15782        163          0         85       9717
-/+ buffers/cache:       5979       9966
Swap:         8039          0       8039

2019年 07月 25日 星期四 02:46:22 CST
             total       used       free     shared    buffers     cached
Mem:         15945      15790        154          0         85       9611
-/+ buffers/cache:       6094       9851
Swap:         8039          0       8039

2019年 07月 25日 星期四 02:46:26 CST
             total       used       free     shared    buffers     cached
Mem:         15945      13726       2219          0         85       9406
-/+ buffers/cache:       4233      11711
Swap:         8039          0       8039

2019年 07月 25日 星期四 02:46:30 CST
             total       used       free     shared    buffers     cached
Mem:         15945      14440       1505          0         85       9429
-/+ buffers/cache:       4924      11020
Swap:         8039          0       8039

2019年 07月 25日 星期四 02:46:34 CST
             total       used       free     shared    buffers     cached
Mem:         15945      14455       1490          0         85       9494
-/+ buffers/cache:       4875      11070
Swap:         8039          0       8039

2019年 07月 25日 星期四 02:46:38 CST
             total       used       free     shared    buffers     cached
Mem:         15945      15255        690          0         85       9558
-/+ buffers/cache:       5610      10334
Swap:         8039          0       8039

2019年 07月 25日 星期四 02:46:42 CST
             total       used       free     shared    buffers     cached
Mem:         15945      15275        670          0         85       9409
-/+ buffers/cache:       5779      10166
Swap:         8039          0       8039

2019年 07月 25日 星期四 02:46:46 CST
             total       used       free     shared    buffers     cached
Mem:         15945      14400       1545          0         85       9431
-/+ buffers/cache:       4883      11062
Swap:         8039          0       8039

2019年 07月 25日 星期四 02:46:50 CST
             total       used       free     shared    buffers     cached
Mem:         15945      14982        963          0         85       9682
-/+ buffers/cache:       5214      10731
Swap:         8039          0       8039

2019年 07月 25日 星期四 02:46:55 CST
             total       used       free     shared    buffers     cached
Mem:         15945      14746       1198          0         85       9581
-/+ buffers/cache:       5079      10866
Swap:         8039          0       8039

2019年 07月 25日 星期四 02:46:59 CST
             total       used       free     shared    buffers     cached
Mem:         15945      15312        632          0         86       9613
-/+ buffers/cache:       5612      10332
Swap:         8039          0       8039

2019年 07月 25日 星期四 02:47:03 CST
             total       used       free     shared    buffers     cached
Mem:         15945      15772        172          0         86       9590
-/+ buffers/cache:       6096       9848
Swap:         8039          0       8039

2019年 07月 25日 星期四 02:47:07 CST
             total       used       free     shared    buffers     cached
Mem:         15945      15254        691          0         85       9381
-/+ buffers/cache:       5787      10158
Swap:         8039          0       8039

2019年 07月 25日 星期四 02:47:11 CST
             total       used       free     shared    buffers     cached
Mem:         15945      15422        522          0         86       9389
-/+ buffers/cache:       5947       9998
Swap:         8039          0       8039

2019年 07月 25日 星期四 02:47:15 CST
             total       used       free     shared    buffers     cached
Mem:         15945      15780        165          0         86       9417
-/+ buffers/cache:       6276       9668
Swap:         8039          0       8039

2019年 07月 25日 星期四 02:47:19 CST
             total       used       free     shared    buffers     cached
Mem:         15945      13661       2284          0         86       9421
-/+ buffers/cache:       4153      11791
Swap:         8039          0       8039

2019年 07月 25日 星期四 02:47:23 CST
             total       used       free     shared    buffers     cached
Mem:         15945      13367       2578          0         86       9255
-/+ buffers/cache:       4025      11919
Swap:         8039          0       8039

2019年 07月 25日 星期四 02:47:27 CST
             total       used       free     shared    buffers     cached
Mem:         15945      13795       2150          0         86       9283
-/+ buffers/cache:       4425      11520
Swap:         8039          0       8039

2019年 07月 25日 星期四 02:47:31 CST
             total       used       free     shared    buffers     cached
Mem:         15945      13328       2617          0         86       9283
-/+ buffers/cache:       3958      11987
Swap:         8039          0       8039

2019年 07月 25日 星期四 02:47:35 CST
             total       used       free     shared    buffers     cached
Mem:         15945      12660       3285          0         86       9406
-/+ buffers/cache:       3167      12778
Swap:         8039          0       8039

2019年 07月 25日 星期四 02:47:39 CST
             total       used       free     shared    buffers     cached
Mem:         15945      13460       2485          0         86       9633
-/+ buffers/cache:       3740      12205
Swap:         8039          0       8039

2019年 07月 25日 星期四 02:47:43 CST
             total       used       free     shared    buffers     cached
Mem:         15945      14068       1876          0         86       9649
-/+ buffers/cache:       4332      11612
Swap:         8039          0       8039

2019年 07月 25日 星期四 02:47:47 CST
             total       used       free     shared    buffers     cached
Mem:         15945      14562       1382          0         86       9786
-/+ buffers/cache:       4690      11255
Swap:         8039          0       8039

2019年 07月 25日 星期四 02:47:51 CST
             total       used       free     shared    buffers     cached
Mem:         15945      15532        412          0         86      10031
-/+ buffers/cache:       5414      10530
Swap:         8039          0       8039

2019年 07月 25日 星期四 02:47:55 CST
             total       used       free     shared    buffers     cached
Mem:         15945      15767        177          0         86       9980
-/+ buffers/cache:       5701      10244
Swap:         8039          0       8039

2019年 07月 25日 星期四 02:47:59 CST
             total       used       free     shared    buffers     cached
Mem:         15945      14680       1265          0         86      10043
-/+ buffers/cache:       4550      11395
Swap:         8039          0       8039

2019年 07月 25日 星期四 02:48:03 CST
             total       used       free     shared    buffers     cached
Mem:         15945      14810       1134          0         86      10219
-/+ buffers/cache:       4505      11440
Swap:         8039          0       8039

2019年 07月 25日 星期四 02:48:07 CST
             total       used       free     shared    buffers     cached
Mem:         15945      15428        516          0         86      10423
-/+ buffers/cache:       4919      11026
Swap:         8039          0       8039

2019年 07月 25日 星期四 02:48:11 CST
             total       used       free     shared    buffers     cached
Mem:         15945      15772        172          0         86      10406
-/+ buffers/cache:       5280      10664
Swap:         8039          0       8039

2019年 07月 25日 星期四 02:48:15 CST
             total       used       free     shared    buffers     cached
Mem:         15945      15767        177          0         85       9783
-/+ buffers/cache:       5898      10046
Swap:         8039          0       8039

2019年 07月 25日 星期四 02:48:19 CST
             total       used       free     shared    buffers     cached
Mem:         15945      15435        510          0         85       9429
-/+ buffers/cache:       5920      10024
Swap:         8039          0       8039

2019年 07月 25日 星期四 02:48:23 CST
             total       used       free     shared    buffers     cached
Mem:         15945      14474       1471          0         85       9516
-/+ buffers/cache:       4872      11073
Swap:         8039          0       8039

2019年 07月 25日 星期四 02:48:27 CST
             total       used       free     shared    buffers     cached
Mem:         15945      14945        999          0         85       9711
-/+ buffers/cache:       5148      10797
Swap:         8039          0       8039

2019年 07月 25日 星期四 02:48:31 CST
             total       used       free     shared    buffers     cached
Mem:         15945      14994        951          0         85       9374
-/+ buffers/cache:       5533      10411
Swap:         8039          0       8039

2019年 07月 25日 星期四 02:48:35 CST
             total       used       free     shared    buffers     cached
Mem:         15945      15486        458          0         85       9410
-/+ buffers/cache:       5990       9954
Swap:         8039          0       8039

2019年 07月 25日 星期四 02:48:39 CST
             total       used       free     shared    buffers     cached
Mem:         15945      15786        158          0         85       9393
-/+ buffers/cache:       6307       9637
Swap:         8039          0       8039

2019年 07月 25日 星期四 02:48:43 CST
             total       used       free     shared    buffers     cached
Mem:         15945      15784        161          0         85       9169
-/+ buffers/cache:       6528       9416
Swap:         8039          0       8039

2019年 07月 25日 星期四 02:48:47 CST
             total       used       free     shared    buffers     cached
Mem:         15945      15782        163          0         85       9074
-/+ buffers/cache:       6622       9323
Swap:         8039          0       8039

2019年 07月 25日 星期四 02:48:51 CST
             total       used       free     shared    buffers     cached
Mem:         15945      15793        151          0         85       8928
-/+ buffers/cache:       6779       9166
Swap:         8039          0       8039

2019年 07月 25日 星期四 02:48:55 CST
             total       used       free     shared    buffers     cached
Mem:         15945      15782        162          0         85       8850
-/+ buffers/cache:       6846       9099
Swap:         8039          0       8039

2019年 07月 25日 星期四 02:48:59 CST
             total       used       free     shared    buffers     cached
Mem:         15945      15790        155          0         85       8741
-/+ buffers/cache:       6962       8982
Swap:         8039          0       8039

2019年 07月 25日 星期四 02:49:04 CST
             total       used       free     shared    buffers     cached
Mem:         15945      15780        164          0         85       8628
-/+ buffers/cache:       7066       8878
Swap:         8039          0       8039

2019年 07月 25日 星期四 02:49:08 CST
             total       used       free     shared    buffers     cached
Mem:         15945      14460       1485          0         85       8642
-/+ buffers/cache:       5731      10213
Swap:         8039          0       8039

2019年 07月 25日 星期四 02:49:12 CST
             total       used       free     shared    buffers     cached
Mem:         15945      14784       1161          0         85       8552
-/+ buffers/cache:       6146       9799
Swap:         8039          0       8039

2019年 07月 25日 星期四 02:49:16 CST
             total       used       free     shared    buffers     cached
Mem:         15945      15225        719          0         86       8601
-/+ buffers/cache:       6537       9407
Swap:         8039          0       8039

2019年 07月 25日 星期四 02:49:20 CST
             total       used       free     shared    buffers     cached
Mem:         15945      13923       2022          0         86       8609
-/+ buffers/cache:       5227      10717
Swap:         8039          0       8039

2019年 07月 25日 星期四 02:49:24 CST
             total       used       free     shared    buffers     cached
Mem:         15945      12971       2974          0         86       8610
-/+ buffers/cache:       4274      11671
Swap:         8039          0       8039

2019年 07月 25日 星期四 02:49:28 CST
             total       used       free     shared    buffers     cached
Mem:         15945      13319       2625          0         86       8461
-/+ buffers/cache:       4772      11173
Swap:         8039          0       8039

2019年 07月 25日 星期四 02:49:33 CST
             total       used       free     shared    buffers     cached
Mem:         15945      13791       2153          0         86       8479
-/+ buffers/cache:       5226      10719
Swap:         8039          0       8039

2019年 07月 25日 星期四 02:49:37 CST
             total       used       free     shared    buffers     cached
Mem:         15945      12856       3088          0         86       7978
-/+ buffers/cache:       4792      11153
Swap:         8039          0       8039

2019年 07月 25日 星期四 02:49:41 CST
             total       used       free     shared    buffers     cached
Mem:         15945      13201       2743          0         86       8060
-/+ buffers/cache:       5055      10890
Swap:         8039          0       8039

2019年 07月 25日 星期四 02:49:45 CST
             total       used       free     shared    buffers     cached
Mem:         15945      13475       2469          0         86       8116
-/+ buffers/cache:       5273      10672
Swap:         8039          0       8039

2019年 07月 25日 星期四 02:49:49 CST
             total       used       free     shared    buffers     cached
Mem:         15945      14044       1901          0         86       8185
-/+ buffers/cache:       5772      10172
Swap:         8039          0       8039

2019年 07月 25日 星期四 02:49:53 CST
             total       used       free     shared    buffers     cached
Mem:         15945      14493       1451          0         86       8313
-/+ buffers/cache:       6093       9851
Swap:         8039          0       8039

2019年 07月 25日 星期四 02:49:57 CST
             total       used       free     shared    buffers     cached
Mem:         15945      14211       1733          0         86       8488
-/+ buffers/cache:       5637      10307
Swap:         8039          0       8039

2019年 07月 25日 星期四 02:50:01 CST
             total       used       free     shared    buffers     cached
Mem:         15945      14497       1448          0         86       8656
-/+ buffers/cache:       5755      10190
Swap:         8039          0       8039

2019年 07月 25日 星期四 02:50:05 CST
             total       used       free     shared    buffers     cached
Mem:         15945      15025        920          0         86       8912
-/+ buffers/cache:       6026       9918
Swap:         8039          0       8039

2019年 07月 25日 星期四 02:50:09 CST
             total       used       free     shared    buffers     cached
Mem:         15945      15295        650          0         86       9182
-/+ buffers/cache:       6026       9919
Swap:         8039          0       8039

2019年 07月 25日 星期四 02:50:13 CST
             total       used       free     shared    buffers     cached
Mem:         15945      15700        245          0         86       9428
-/+ buffers/cache:       6185       9760
Swap:         8039          0       8039

2019年 07月 25日 星期四 02:50:17 CST
             total       used       free     shared    buffers     cached
Mem:         15945      15035        909          0         86       9726
-/+ buffers/cache:       5222      10722
Swap:         8039          0       8039

2019年 07月 25日 星期四 02:50:21 CST
             total       used       free     shared    buffers     cached
Mem:         15945      15596        349          0         86      10025
-/+ buffers/cache:       5483      10461
Swap:         8039          0       8039

2019年 07月 25日 星期四 02:50:25 CST
             total       used       free     shared    buffers     cached
Mem:         15945      14919       1025          0         86      10265
-/+ buffers/cache:       4567      11378
Swap:         8039          0       8039

2019年 07月 25日 星期四 02:50:29 CST
             total       used       free     shared    buffers     cached
Mem:         15945      15599        345          0         86      10381
-/+ buffers/cache:       5132      10813
Swap:         8039          0       8039

2019年 07月 25日 星期四 02:50:33 CST
             total       used       free     shared    buffers     cached
Mem:         15945      15589        355          0         86       9892
-/+ buffers/cache:       5611      10334
Swap:         8039          0       8039

2019年 07月 25日 星期四 02:50:37 CST
             total       used       free     shared    buffers     cached
Mem:         15945      15776        169          0         86       9763
-/+ buffers/cache:       5925      10019
Swap:         8039          0       8039

2019年 07月 25日 星期四 02:50:41 CST
             total       used       free     shared    buffers     cached
Mem:         15945      15631        314          0         86       9976
-/+ buffers/cache:       5568      10377
Swap:         8039          0       8039

2019年 07月 25日 星期四 02:50:45 CST
             total       used       free     shared    buffers     cached
Mem:         15945      15687        258          0         86       9841
-/+ buffers/cache:       5758      10187
Swap:         8039          0       8039

2019年 07月 25日 星期四 02:50:49 CST
             total       used       free     shared    buffers     cached
Mem:         15945      15763        181          0         86       9710
-/+ buffers/cache:       5966       9978
Swap:         8039          0       8039

2019年 07月 25日 星期四 02:50:53 CST
             total       used       free     shared    buffers     cached
Mem:         15945      15775        169          0         86       9651
-/+ buffers/cache:       6037       9908
Swap:         8039          0       8039

2019年 07月 25日 星期四 02:50:57 CST
             total       used       free     shared    buffers     cached
Mem:         15945      15778        167          0         86       9616
-/+ buffers/cache:       6075       9870
Swap:         8039          0       8039

2019年 07月 25日 星期四 02:51:01 CST
             total       used       free     shared    buffers     cached
Mem:         15945      14736       1209          0         86       9639
-/+ buffers/cache:       5009      10935
Swap:         8039          0       8039

2019年 07月 25日 星期四 02:51:05 CST
             total       used       free     shared    buffers     cached
Mem:         15945      15154        791          0         86       9460
-/+ buffers/cache:       5607      10338
Swap:         8039          0       8039

2019年 07月 25日 星期四 02:51:09 CST
             total       used       free     shared    buffers     cached
Mem:         15945      15432        513          0         86       9485
-/+ buffers/cache:       5860      10085
Swap:         8039          0       8039

2019年 07月 25日 星期四 02:51:13 CST
             total       used       free     shared    buffers     cached
Mem:         15945      13956       1988          0         86       9521
-/+ buffers/cache:       4348      11597
Swap:         8039          0       8039

2019年 07月 25日 星期四 02:51:17 CST
             total       used       free     shared    buffers     cached
Mem:         15945      14263       1682          0         86       9153
-/+ buffers/cache:       5023      10922
Swap:         8039          0       8039

2019年 07月 25日 星期四 02:51:21 CST
             total       used       free     shared    buffers     cached
Mem:         15945      14983        961          0         86       9156
-/+ buffers/cache:       5740      10205
Swap:         8039          0       8039

2019年 07月 25日 星期四 02:51:25 CST
             total       used       free     shared    buffers     cached
Mem:         15945      13772       2172          0         86       9207
-/+ buffers/cache:       4478      11467
Swap:         8039          0       8039

2019年 07月 25日 星期四 02:51:29 CST
             total       used       free     shared    buffers     cached
Mem:         15945      14174       1771          0         87       9024
-/+ buffers/cache:       5063      10882
Swap:         8039          0       8039

2019年 07月 25日 星期四 02:51:33 CST
             total       used       free     shared    buffers     cached
Mem:         15945      14716       1229          0         87       9033
-/+ buffers/cache:       5595      10350
Swap:         8039          0       8039

2019年 07月 25日 星期四 02:51:37 CST
             total       used       free     shared    buffers     cached
Mem:         15945      14318       1626          0         87       9053
-/+ buffers/cache:       5177      10767
Swap:         8039          0       8039

2019年 07月 25日 星期四 02:51:41 CST
             total       used       free     shared    buffers     cached
Mem:         15945      14336       1609          0         87       9235
-/+ buffers/cache:       5013      10932
Swap:         8039          0       8039

2019年 07月 25日 星期四 02:51:45 CST
             total       used       free     shared    buffers     cached
Mem:         15945      14889       1056          0         87       9478
-/+ buffers/cache:       5323      10622
Swap:         8039          0       8039

2019年 07月 25日 星期四 02:51:49 CST
             total       used       free     shared    buffers     cached
Mem:         15945      15495        450          0         87       9688
-/+ buffers/cache:       5719      10225
Swap:         8039          0       8039

2019年 07月 25日 星期四 02:51:53 CST
             total       used       free     shared    buffers     cached
Mem:         15945      15765        179          0         87       9846
-/+ buffers/cache:       5831      10113
Swap:         8039          0       8039

2019年 07月 25日 星期四 02:51:57 CST
             total       used       free     shared    buffers     cached
Mem:         15945      15770        175          0         87       9676
-/+ buffers/cache:       6006       9939
Swap:         8039          0       8039

2019年 07月 25日 星期四 02:52:01 CST
             total       used       free     shared    buffers     cached
Mem:         15945      15766        179          0         87       9467
-/+ buffers/cache:       6211       9733
Swap:         8039          0       8039

2019年 07月 25日 星期四 02:52:05 CST
             total       used       free     shared    buffers     cached
Mem:         15945      15721        223          0         87       9249
-/+ buffers/cache:       6385       9560
Swap:         8039          0       8039

2019年 07月 25日 星期四 02:52:09 CST
             total       used       free     shared    buffers     cached
Mem:         15945      15771        173          0         87       9148
-/+ buffers/cache:       6535       9409
Swap:         8039          0       8039

2019年 07月 25日 星期四 02:52:13 CST
             total       used       free     shared    buffers     cached
Mem:         15945      15768        177          0         87       9098
-/+ buffers/cache:       6582       9362
Swap:         8039          0       8039

2019年 07月 25日 星期四 02:52:18 CST
             total       used       free     shared    buffers     cached
Mem:         15945      14872       1072          0         87       9309
-/+ buffers/cache:       5475      10470
Swap:         8039          0       8039

2019年 07月 25日 星期四 02:52:22 CST
             total       used       free     shared    buffers     cached
Mem:         15945      15205        740          0         87       9223
-/+ buffers/cache:       5894      10050
Swap:         8039          0       8039

2019年 07月 25日 星期四 02:52:26 CST
             total       used       free     shared    buffers     cached
Mem:         15945      14288       1657          0         87       9215
-/+ buffers/cache:       4985      10960
Swap:         8039          0       8039

2019年 07月 25日 星期四 02:52:30 CST
             total       used       free     shared    buffers     cached
Mem:         15945      14875       1070          0         87       9071
-/+ buffers/cache:       5717      10228
Swap:         8039          0       8039

2019年 07月 25日 星期四 02:52:34 CST
             total       used       free     shared    buffers     cached
Mem:         15945      12800       3144          0         87       9137
-/+ buffers/cache:       3575      12369
Swap:         8039          0       8039

2019年 07月 25日 星期四 02:52:38 CST
             total       used       free     shared    buffers     cached
Mem:         15945      13743       2202          0         87       9458
-/+ buffers/cache:       4197      11748
Swap:         8039          0       8039

2019年 07月 25日 星期四 02:52:42 CST
             total       used       free     shared    buffers     cached
Mem:         15945      14192       1753          0         87       9247
-/+ buffers/cache:       4857      11088
Swap:         8039          0       8039

2019年 07月 25日 星期四 02:52:46 CST
             total       used       free     shared    buffers     cached
Mem:         15945      14904       1041          0         87       9276
-/+ buffers/cache:       5540      10405
Swap:         8039          0       8039

2019年 07月 25日 星期四 02:52:50 CST
             total       used       free     shared    buffers     cached
Mem:         15945      15602        342          0         87       9355
-/+ buffers/cache:       6159       9785
Swap:         8039          0       8039

2019年 07月 25日 星期四 02:52:54 CST
             total       used       free     shared    buffers     cached
Mem:         15945      15789        155          0         87       9010
-/+ buffers/cache:       6692       9253
Swap:         8039          0       8039

2019年 07月 25日 星期四 02:52:58 CST
             total       used       free     shared    buffers     cached
Mem:         15945      15757        187          0         87       8896
-/+ buffers/cache:       6774       9171
Swap:         8039          0       8039

2019年 07月 25日 星期四 02:53:02 CST
             total       used       free     shared    buffers     cached
Mem:         15945      15783        162          0         87       8799
-/+ buffers/cache:       6895       9049
Swap:         8039          0       8039

2019年 07月 25日 星期四 02:53:06 CST
             total       used       free     shared    buffers     cached
Mem:         15945      15763        181          0         87       8742
-/+ buffers/cache:       6933       9012
Swap:         8039          0       8039

2019年 07月 25日 星期四 02:53:10 CST
             total       used       free     shared    buffers     cached
Mem:         15945      15769        175          0         87       8683
-/+ buffers/cache:       6998       8946
Swap:         8039          0       8039

2019年 07月 25日 星期四 02:53:14 CST
             total       used       free     shared    buffers     cached
Mem:         15945      15777        167          0         87       8510
-/+ buffers/cache:       7179       8765
Swap:         8039          0       8039

2019年 07月 25日 星期四 02:53:18 CST
             total       used       free     shared    buffers     cached
Mem:         15945      13572       2373          0         87       8465
-/+ buffers/cache:       5019      10926
Swap:         8039          0       8039

2019年 07月 25日 星期四 02:53:22 CST
             total       used       free     shared    buffers     cached
Mem:         15945      13923       2021          0         87       8562
-/+ buffers/cache:       5273      10672
Swap:         8039          0       8039

2019年 07月 25日 星期四 02:53:26 CST
             total       used       free     shared    buffers     cached
Mem:         15945      14581       1364          0         87       8640
-/+ buffers/cache:       5853      10092
Swap:         8039          0       8039

2019年 07月 25日 星期四 02:53:30 CST
             total       used       free     shared    buffers     cached
Mem:         15945      13235       2710          0         87       8739
-/+ buffers/cache:       4408      11537
Swap:         8039          0       8039

2019年 07月 25日 星期四 02:53:34 CST
             total       used       free     shared    buffers     cached
Mem:         15945      13053       2891          0         87       8389
-/+ buffers/cache:       4576      11368
Swap:         8039          0       8039

2019年 07月 25日 星期四 02:53:38 CST
             total       used       free     shared    buffers     cached
Mem:         15945      12682       3263          0         87       8425
-/+ buffers/cache:       4169      11776
Swap:         8039          0       8039

2019年 07月 25日 星期四 02:53:42 CST
             total       used       free     shared    buffers     cached
Mem:         15945      11938       4007          0         87       8456
-/+ buffers/cache:       3393      12551
Swap:         8039          0       8039

2019年 07月 25日 星期四 02:53:46 CST
             total       used       free     shared    buffers     cached
Mem:         15945      12229       3716          0         87       8129
-/+ buffers/cache:       4011      11933
Swap:         8039          0       8039

2019年 07月 25日 星期四 02:53:50 CST
             total       used       free     shared    buffers     cached
Mem:         15945      12769       3176          0         88       8131
-/+ buffers/cache:       4549      11396
Swap:         8039          0       8039

2019年 07月 25日 星期四 02:53:54 CST
             total       used       free     shared    buffers     cached
Mem:         15945      13440       2505          0         88       8133
-/+ buffers/cache:       5218      10727
Swap:         8039          0       8039

2019年 07月 25日 星期四 02:53:58 CST
             total       used       free     shared    buffers     cached
Mem:         15945      12909       3036          0         88       8137
-/+ buffers/cache:       4684      11261
Swap:         8039          0       8039

2019年 07月 25日 星期四 02:54:02 CST
             total       used       free     shared    buffers     cached
Mem:         15945      13350       2595          0         88       8118
-/+ buffers/cache:       5143      10801
Swap:         8039          0       8039

2019年 07月 25日 星期四 02:54:06 CST
             total       used       free     shared    buffers     cached
Mem:         15945      13542       2403          0         88       8308
-/+ buffers/cache:       5145      10800
Swap:         8039          0       8039

2019年 07月 25日 星期四 02:54:10 CST
             total       used       free     shared    buffers     cached
Mem:         15945      12943       3001          0         88       8157
-/+ buffers/cache:       4698      11246
Swap:         8039          0       8039

2019年 07月 25日 星期四 02:54:14 CST
             total       used       free     shared    buffers     cached
Mem:         15945      11783       4162          0         88       8590
-/+ buffers/cache:       3104      12841
Swap:         8039          0       8039

2019年 07月 25日 星期四 02:54:18 CST
             total       used       free     shared    buffers     cached
Mem:         15945      12232       3712          0         88       8490
-/+ buffers/cache:       3654      12291
Swap:         8039          0       8039

2019年 07月 25日 星期四 02:54:22 CST
             total       used       free     shared    buffers     cached
Mem:         15945      12582       3363          0         88       8491
-/+ buffers/cache:       4002      11942
Swap:         8039          0       8039

2019年 07月 25日 星期四 02:54:27 CST
             total       used       free     shared    buffers     cached
Mem:         15945      12875       3069          0         88       8491
-/+ buffers/cache:       4295      11649
Swap:         8039          0       8039

2019年 07月 25日 星期四 02:54:31 CST
             total       used       free     shared    buffers     cached
Mem:         15945      13487       2457          0         88       8492
-/+ buffers/cache:       4906      11038
Swap:         8039          0       8039

2019年 07月 25日 星期四 02:54:35 CST
             total       used       free     shared    buffers     cached
Mem:         15945      13934       2010          0         88       8493
-/+ buffers/cache:       5352      10593
Swap:         8039          0       8039

2019年 07月 25日 星期四 02:54:39 CST
             total       used       free     shared    buffers     cached
Mem:         15945      14481       1464          0         88       8495
-/+ buffers/cache:       5897      10048
Swap:         8039          0       8039

2019年 07月 25日 星期四 02:54:43 CST
             total       used       free     shared    buffers     cached
Mem:         15945      14600       1345          0         88       8495
-/+ buffers/cache:       6016       9929
Swap:         8039          0       8039

2019年 07月 25日 星期四 02:54:47 CST
             total       used       free     shared    buffers     cached
Mem:         15945      14642       1303          0         88       8496
-/+ buffers/cache:       6057       9887
Swap:         8039          0       8039

2019年 07月 25日 星期四 02:54:51 CST
             total       used       free     shared    buffers     cached
Mem:         15945      14008       1937          0         88       8499
-/+ buffers/cache:       5420      10525
Swap:         8039          0       8039

2019年 07月 25日 星期四 02:54:55 CST
             total       used       free     shared    buffers     cached
Mem:         15945      14232       1712          0         88       8480
-/+ buffers/cache:       5663      10282
Swap:         8039          0       8039

2019年 07月 25日 星期四 02:54:59 CST
             total       used       free     shared    buffers     cached
Mem:         15945      14025       1920          0         88       8467
-/+ buffers/cache:       5469      10476
Swap:         8039          0       8039

2019年 07月 25日 星期四 02:55:03 CST
             total       used       free     shared    buffers     cached
Mem:         15945      14460       1485          0         88       8470
-/+ buffers/cache:       5900      10044
Swap:         8039          0       8039

2019年 07月 25日 星期四 02:55:07 CST
             total       used       free     shared    buffers     cached
Mem:         15945      13636       2309          0         88       8478
-/+ buffers/cache:       5069      10875
Swap:         8039          0       8039

2019年 07月 25日 星期四 02:55:11 CST
             total       used       free     shared    buffers     cached
Mem:         15945      13953       1991          0         88       8507
-/+ buffers/cache:       5358      10587
Swap:         8039          0       8039

2019年 07月 25日 星期四 02:55:15 CST
             total       used       free     shared    buffers     cached
Mem:         15945      12540       3405          0         88       8141
-/+ buffers/cache:       4310      11635
Swap:         8039          0       8039

2019年 07月 25日 星期四 02:55:19 CST
             total       used       free     shared    buffers     cached
Mem:         15945      13517       2428          0         88       8305
-/+ buffers/cache:       5122      10823
Swap:         8039          0       8039

2019年 07月 25日 星期四 02:55:23 CST
             total       used       free     shared    buffers     cached
Mem:         15945      13966       1978          0         88       8334
-/+ buffers/cache:       5543      10402
Swap:         8039          0       8039

2019年 07月 25日 星期四 02:55:27 CST
             total       used       free     shared    buffers     cached
Mem:         15945      14545       1400          0         88       8335
-/+ buffers/cache:       6120       9824
Swap:         8039          0       8039

2019年 07月 25日 星期四 02:55:31 CST
             total       used       free     shared    buffers     cached
Mem:         15945      14640       1305          0         88       8347
-/+ buffers/cache:       6204       9741
Swap:         8039          0       8039

2019年 07月 25日 星期四 02:55:35 CST
             total       used       free     shared    buffers     cached
Mem:         15945      15275        669          0         88       8350
-/+ buffers/cache:       6836       9108
Swap:         8039          0       8039

2019年 07月 25日 星期四 02:55:39 CST
             total       used       free     shared    buffers     cached
Mem:         15945      13672       2272          0         89       8357
-/+ buffers/cache:       5225      10719
Swap:         8039          0       8039

2019年 07月 25日 星期四 02:55:43 CST
             total       used       free     shared    buffers     cached
Mem:         15945      13430       2514          0         89       8004
-/+ buffers/cache:       5336      10608
Swap:         8039          0       8039

2019年 07月 25日 星期四 02:55:47 CST
             total       used       free     shared    buffers     cached
Mem:         15945      11561       4384          0         89       8020
-/+ buffers/cache:       3451      12493
Swap:         8039          0       8039

2019年 07月 25日 星期四 02:55:51 CST
             total       used       free     shared    buffers     cached
Mem:         15945      10129       5816          0         89       8039
-/+ buffers/cache:       2000      13944
Swap:         8039          0       8039

2019年 07月 25日 星期四 02:55:55 CST
             total       used       free     shared    buffers     cached
Mem:         15945      10129       5816          0         89       8039
-/+ buffers/cache:       2000      13945
Swap:         8039          0       8039

2019年 07月 25日 星期四 02:55:59 CST
             total       used       free     shared    buffers     cached
Mem:         15945       9755       6189          0         89       7669
-/+ buffers/cache:       1997      13948
Swap:         8039          0       8039

2019年 07月 25日 星期四 02:56:03 CST
             total       used       free     shared    buffers     cached
Mem:         15945       9753       6191          0         89       7669
-/+ buffers/cache:       1994      13950
Swap:         8039          0       8039

2019年 07月 25日 星期四 02:56:07 CST
             total       used       free     shared    buffers     cached
Mem:         15945       9753       6192          0         89       7669
-/+ buffers/cache:       1994      13951
Swap:         8039          0       8039

2019年 07月 25日 星期四 02:56:11 CST
             total       used       free     shared    buffers     cached
Mem:         15945       9753       6192          0         89       7669
-/+ buffers/cache:       1994      13951
Swap:         8039          0       8039

2019年 07月 25日 星期四 02:56:15 CST
             total       used       free     shared    buffers     cached
Mem:         15945       9789       6156          0         89       7706
-/+ buffers/cache:       1993      13952
Swap:         8039          0       8039

2019年 07月 25日 星期四 02:56:19 CST
             total       used       free     shared    buffers     cached
Mem:         15945       9799       6146          0         89       7716
-/+ buffers/cache:       1993      13952
Swap:         8039          0       8039

2019年 07月 25日 星期四 02:56:23 CST
             total       used       free     shared    buffers     cached
Mem:         15945       9613       6332          0         89       7531
-/+ buffers/cache:       1992      13952
Swap:         8039          0       8039

