
2019年 07月 25日 星期四 02:41:25 CST
             total       used       free     shared    buffers     cached
Mem:         15945       9119       6825          0         81       7016
-/+ buffers/cache:       2021      13924
Swap:         8039          0       8039

2019年 07月 25日 星期四 02:41:29 CST
             total       used       free     shared    buffers     cached
Mem:         15945       9119       6825          0         81       7016
-/+ buffers/cache:       2021      13924
Swap:         8039          0       8039

2019年 07月 25日 星期四 02:41:33 CST
             total       used       free     shared    buffers     cached
Mem:         15945       9119       6825          0         81       7016
-/+ buffers/cache:       2021      13924
Swap:         8039          0       8039

2019年 07月 25日 星期四 02:41:37 CST
             total       used       free     shared    buffers     cached
Mem:         15945       9119       6825          0         81       7016
-/+ buffers/cache:       2021      13924
Swap:         8039          0       8039

2019年 07月 25日 星期四 02:41:41 CST
             total       used       free     shared    buffers     cached
Mem:         15945       9119       6825          0         81       7016
-/+ buffers/cache:       2021      13924
Swap:         8039          0       8039

2019年 07月 25日 星期四 02:41:45 CST
             total       used       free     shared    buffers     cached
Mem:         15945       9202       6743          0         81       7095
-/+ buffers/cache:       2025      13920
Swap:         8039          0       8039

2019年 07月 25日 星期四 02:41:49 CST
             total       used       free     shared    buffers     cached
Mem:         15945       9456       6489          0         81       7348
-/+ buffers/cache:       2025      13919
Swap:         8039          0       8039

2019年 07月 25日 星期四 02:41:53 CST
             total       used       free     shared    buffers     cached
Mem:         15945       9937       6007          0         81       7619
-/+ buffers/cache:       2236      13708
Swap:         8039          0       8039

2019年 07月 25日 星期四 02:41:57 CST
             total       used       free     shared    buffers     cached
Mem:         15945      10382       5562          0         81       7874
-/+ buffers/cache:       2426      13519
Swap:         8039          0       8039

2019年 07月 25日 星期四 02:42:02 CST
             total       used       free     shared    buffers     cached
Mem:         15945      10818       5126          0         82       8128
-/+ buffers/cache:       2608      13337
Swap:         8039          0       8039

2019年 07月 25日 星期四 02:42:06 CST
             total       used       free     shared    buffers     cached
Mem:         15945      11169       4775          0         82       8377
-/+ buffers/cache:       2710      13235
Swap:         8039          0       8039

2019年 07月 25日 星期四 02:42:10 CST
             total       used       free     shared    buffers     cached
Mem:         15945      11636       4308          0         82       8784
-/+ buffers/cache:       2770      13174
Swap:         8039          0       8039

2019年 07月 25日 星期四 02:42:14 CST
             total       used       free     shared    buffers     cached
Mem:         15945      11843       4102          0         82       8855
-/+ buffers/cache:       2906      13039
Swap:         8039          0       8039

2019年 07月 25日 星期四 02:42:18 CST
             total       used       free     shared    buffers     cached
Mem:         15945      12484       3461          0         82       8914
-/+ buffers/cache:       3487      12457
Swap:         8039          0       8039

2019年 07月 25日 星期四 02:42:22 CST
             total       used       free     shared    buffers     cached
Mem:         15945      13506       2438          0         82       8936
-/+ buffers/cache:       4488      11457
Swap:         8039          0       8039

2019年 07月 25日 星期四 02:42:26 CST
             total       used       free     shared    buffers     cached
Mem:         15945      13679       2266          0         82       8937
-/+ buffers/cache:       4659      11286
Swap:         8039          0       8039

2019年 07月 25日 星期四 02:42:30 CST
             total       used       free     shared    buffers     cached
Mem:         15945      13490       2455          0         82       9088
-/+ buffers/cache:       4319      11625
Swap:         8039          0       8039

2019年 07月 25日 星期四 02:42:34 CST
             total       used       free     shared    buffers     cached
Mem:         15945      13712       2233          0         82       9209
-/+ buffers/cache:       4420      11525
Swap:         8039          0       8039

2019年 07月 25日 星期四 02:42:38 CST
             total       used       free     shared    buffers     cached
Mem:         15945      14168       1777          0         82       9410
-/+ buffers/cache:       4675      11270
Swap:         8039          0       8039

2019年 07月 25日 星期四 02:42:42 CST
             total       used       free     shared    buffers     cached
Mem:         15945      14657       1287          0         82       9418
-/+ buffers/cache:       5156      10788
Swap:         8039          0       8039

2019年 07月 25日 星期四 02:42:46 CST
             total       used       free     shared    buffers     cached
Mem:         15945      15130        815          0         82       9419
-/+ buffers/cache:       5628      10316
Swap:         8039          0       8039

2019年 07月 25日 星期四 02:42:50 CST
             total       used       free     shared    buffers     cached
Mem:         15945      15393        552          0         82       9420
-/+ buffers/cache:       5890      10054
Swap:         8039          0       8039

2019年 07月 25日 星期四 02:42:54 CST
             total       used       free     shared    buffers     cached
Mem:         15945      15520        425          0         82       9420
-/+ buffers/cache:       6017       9928
Swap:         8039          0       8039

2019年 07月 25日 星期四 02:42:58 CST
             total       used       free     shared    buffers     cached
Mem:         15945      15586        358          0         82       9429
-/+ buffers/cache:       6075       9870
Swap:         8039          0       8039

2019年 07月 25日 星期四 02:43:02 CST
             total       used       free     shared    buffers     cached
Mem:         15945      15642        303          0         82       9429
-/+ buffers/cache:       6130       9815
Swap:         8039          0       8039

2019年 07月 25日 星期四 02:43:06 CST
             total       used       free     shared    buffers     cached
Mem:         15945      15672        273          0         82       9437
-/+ buffers/cache:       6152       9793
Swap:         8039          0       8039

2019年 07月 25日 星期四 02:43:10 CST
             total       used       free     shared    buffers     cached
Mem:         15945      14627       1318          0         82       9520
-/+ buffers/cache:       5024      10920
Swap:         8039          0       8039

2019年 07月 25日 星期四 02:43:14 CST
             total       used       free     shared    buffers     cached
Mem:         15945      15020        925          0         82       9574
-/+ buffers/cache:       5363      10581
Swap:         8039          0       8039

2019年 07月 25日 星期四 02:43:18 CST
             total       used       free     shared    buffers     cached
Mem:         15945      15226        718          0         82       9617
-/+ buffers/cache:       5526      10418
Swap:         8039          0       8039

2019年 07月 25日 星期四 02:43:22 CST
             total       used       free     shared    buffers     cached
Mem:         15945      14136       1808          0         82       9778
-/+ buffers/cache:       4275      11670
Swap:         8039          0       8039

2019年 07月 25日 星期四 02:43:26 CST
             total       used       free     shared    buffers     cached
Mem:         15945      14532       1413          0         82       9601
-/+ buffers/cache:       4847      11097
Swap:         8039          0       8039

2019年 07月 25日 星期四 02:43:30 CST
             total       used       free     shared    buffers     cached
Mem:         15945      15340        604          0         82       9646
-/+ buffers/cache:       5611      10333
Swap:         8039          0       8039

2019年 07月 25日 星期四 02:43:34 CST
             total       used       free     shared    buffers     cached
Mem:         15945      15009        936          0         82       9724
-/+ buffers/cache:       5202      10743
Swap:         8039          0       8039

2019年 07月 25日 星期四 02:43:38 CST
             total       used       free     shared    buffers     cached
Mem:         15945      15507        438          0         82       9727
-/+ buffers/cache:       5697      10247
Swap:         8039          0       8039

2019年 07月 25日 星期四 02:43:42 CST
             total       used       free     shared    buffers     cached
Mem:         15945      15783        161          0         82       9592
-/+ buffers/cache:       6108       9836
Swap:         8039          0       8039

2019年 07月 25日 星期四 02:43:46 CST
             total       used       free     shared    buffers     cached
Mem:         15945      15795        149          0         82       9396
-/+ buffers/cache:       6317       9628
Swap:         8039          0       8039

2019年 07月 25日 星期四 02:43:50 CST
             total       used       free     shared    buffers     cached
Mem:         15945      15763        181          0         82       9267
-/+ buffers/cache:       6414       9531
Swap:         8039          0       8039

2019年 07月 25日 星期四 02:43:54 CST
             total       used       free     shared    buffers     cached
Mem:         15945      15765        179          0         82       9216
-/+ buffers/cache:       6467       9478
Swap:         8039          0       8039

2019年 07月 25日 星期四 02:43:58 CST
             total       used       free     shared    buffers     cached
Mem:         15945      15769        176          0         82       9164
-/+ buffers/cache:       6522       9423
Swap:         8039          0       8039

2019年 07月 25日 星期四 02:44:03 CST
             total       used       free     shared    buffers     cached
Mem:         15945      15779        166          0         82       9082
-/+ buffers/cache:       6614       9331
Swap:         8039          0       8039

2019年 07月 25日 星期四 02:44:07 CST
             total       used       free     shared    buffers     cached
Mem:         15945      15783        161          0         82       9019
-/+ buffers/cache:       6682       9263
Swap:         8039          0       8039

2019年 07月 25日 星期四 02:44:11 CST
             total       used       free     shared    buffers     cached
Mem:         15945      15469        475          0         82       8385
-/+ buffers/cache:       7002       8942
Swap:         8039          0       8039

2019年 07月 25日 星期四 02:44:15 CST
             total       used       free     shared    buffers     cached
Mem:         15945      15782        162          0         82       8601
-/+ buffers/cache:       7099       8845
Swap:         8039          0       8039

2019年 07月 25日 星期四 02:44:19 CST
             total       used       free     shared    buffers     cached
Mem:         15945      15786        158          0         81       8519
-/+ buffers/cache:       7184       8760
Swap:         8039          0       8039

2019年 07月 25日 星期四 02:44:23 CST
             total       used       free     shared    buffers     cached
Mem:         15945      15777        167          0         81       8489
-/+ buffers/cache:       7206       8739
Swap:         8039          0       8039

2019年 07月 25日 星期四 02:44:27 CST
             total       used       free     shared    buffers     cached
Mem:         15945      11763       4181          0         81       8462
-/+ buffers/cache:       3219      12725
Swap:         8039          0       8039

2019年 07月 25日 星期四 02:44:31 CST
             total       used       free     shared    buffers     cached
Mem:         15945      11509       4436          0         81       8505
-/+ buffers/cache:       2922      13023
Swap:         8039          0       8039

2019年 07月 25日 星期四 02:44:35 CST
             total       used       free     shared    buffers     cached
Mem:         15945      11748       4197          0         81       7766
-/+ buffers/cache:       3899      12045
Swap:         8039          0       8039

2019年 07月 25日 星期四 02:44:39 CST
             total       used       free     shared    buffers     cached
Mem:         15945      12687       3257          0         81       7775
-/+ buffers/cache:       4830      11115
Swap:         8039          0       8039

2019年 07月 25日 星期四 02:44:43 CST
             total       used       free     shared    buffers     cached
Mem:         15945      11015       4930          0         81       8007
-/+ buffers/cache:       2925      13019
Swap:         8039          0       8039

2019年 07月 25日 星期四 02:44:47 CST
             total       used       free     shared    buffers     cached
Mem:         15945      11402       4543          0         81       7804
-/+ buffers/cache:       3515      12429
Swap:         8039          0       8039

2019年 07月 25日 星期四 02:44:51 CST
             total       used       free     shared    buffers     cached
Mem:         15945      12251       3694          0         81       7805
-/+ buffers/cache:       4363      11582
Swap:         8039          0       8039

2019年 07月 25日 星期四 02:44:55 CST
             total       used       free     shared    buffers     cached
Mem:         15945      12613       3332          0         82       7847
-/+ buffers/cache:       4683      11262
Swap:         8039          0       8039

2019年 07月 25日 星期四 02:44:59 CST
             total       used       free     shared    buffers     cached
Mem:         15945      12336       3608          0         82       8025
-/+ buffers/cache:       4229      11716
Swap:         8039          0       8039

2019年 07月 25日 星期四 02:45:03 CST
             total       used       free     shared    buffers     cached
Mem:         15945      12763       3181          0         82       8120
-/+ buffers/cache:       4560      11384
Swap:         8039          0       8039

2019年 07月 25日 星期四 02:45:07 CST
             total       used       free     shared    buffers     cached
Mem:         15945      13490       2455          0         82       8121
-/+ buffers/cache:       5286      10659
Swap:         8039          0       8039

2019年 07月 25日 星期四 02:45:11 CST
             total       used       free     shared    buffers     cached
Mem:         15945      13885       2059          0         82       8122
-/+ buffers/cache:       5681      10264
Swap:         8039          0       8039

2019年 07月 25日 星期四 02:45:15 CST
             total       used       free     shared    buffers     cached
Mem:         15945      14476       1468          0         82       8125
-/+ buffers/cache:       6269       9676
Swap:         8039          0       8039

2019年 07月 25日 星期四 02:45:19 CST
             total       used       free     shared    buffers     cached
Mem:         15945      12708       3237          0         82       8122
-/+ buffers/cache:       4503      11441
Swap:         8039          0       8039

2019年 07月 25日 星期四 02:45:23 CST
             total       used       free     shared    buffers     cached
Mem:         15945      13001       2943          0         82       8123
-/+ buffers/cache:       4796      11149
Swap:         8039          0       8039

2019年 07月 25日 星期四 02:45:27 CST
             total       used       free     shared    buffers     cached
Mem:         15945      13352       2593          0         82       8124
-/+ buffers/cache:       5145      10799
Swap:         8039          0       8039

2019年 07月 25日 星期四 02:45:31 CST
             total       used       free     shared    buffers     cached
Mem:         15945      13830       2114          0         82       8124
-/+ buffers/cache:       5624      10321
Swap:         8039          0       8039

2019年 07月 25日 星期四 02:45:35 CST
             total       used       free     shared    buffers     cached
Mem:         15945      14132       1812          0         82       8126
-/+ buffers/cache:       5924      10020
Swap:         8039          0       8039

2019年 07月 25日 星期四 02:45:39 CST
             total       used       free     shared    buffers     cached
Mem:         15945      12725       3219          0         82       8492
-/+ buffers/cache:       4150      11794
Swap:         8039          0       8039

2019年 07月 25日 星期四 02:45:43 CST
             total       used       free     shared    buffers     cached
Mem:         15945      12963       2981          0         82       8282
-/+ buffers/cache:       4599      11346
Swap:         8039          0       8039

2019年 07月 25日 星期四 02:45:47 CST
             total       used       free     shared    buffers     cached
Mem:         15945      13667       2277          0         82       8429
-/+ buffers/cache:       5156      10789
Swap:         8039          0       8039

2019年 07月 25日 星期四 02:45:52 CST
             total       used       free     shared    buffers     cached
Mem:         15945      14376       1569          0         82       8662
-/+ buffers/cache:       5631      10313
Swap:         8039          0       8039

2019年 07月 25日 星期四 02:45:56 CST
             total       used       free     shared    buffers     cached
Mem:         15945      15199        746          0         82       8961
-/+ buffers/cache:       6155       9789
Swap:         8039          0       8039

2019年 07月 25日 星期四 02:46:00 CST
             total       used       free     shared    buffers     cached
Mem:         15945      15708        237          0         82       9253
-/+ buffers/cache:       6372       9572
Swap:         8039          0       8039

2019年 07月 25日 星期四 02:46:04 CST
             total       used       free     shared    buffers     cached
Mem:         15945      15758        186          0         82       9255
-/+ buffers/cache:       6420       9524
Swap:         8039          0       8039

2019年 07月 25日 星期四 02:46:08 CST
             total       used       free     shared    buffers     cached
Mem:         15945      14825       1120          0         82       9358
-/+ buffers/cache:       5384      10561
Swap:         8039          0       8039

2019年 07月 25日 星期四 02:46:12 CST
             total       used       free     shared    buffers     cached
Mem:         15945      15289        656          0         82       9617
-/+ buffers/cache:       5589      10356
Swap:         8039          0       8039

2019年 07月 25日 星期四 02:46:16 CST
             total       used       free     shared    buffers     cached
Mem:         15945      15751        194          0         82       9559
-/+ buffers/cache:       6109       9835
Swap:         8039          0       8039

2019年 07月 25日 星期四 02:46:20 CST
             total       used       free     shared    buffers     cached
Mem:         15945      15787        158          0         82       9318
-/+ buffers/cache:       6386       9558
Swap:         8039          0       8039

2019年 07月 25日 星期四 02:46:24 CST
             total       used       free     shared    buffers     cached
Mem:         15945      15032        912          0         82       9202
-/+ buffers/cache:       5747      10197
Swap:         8039          0       8039

2019年 07月 25日 星期四 02:46:28 CST
             total       used       free     shared    buffers     cached
Mem:         15945      15526        419          0         82       9231
-/+ buffers/cache:       6212       9733
Swap:         8039          0       8039

2019年 07月 25日 星期四 02:46:32 CST
             total       used       free     shared    buffers     cached
Mem:         15945      15704        241          0         82       9100
-/+ buffers/cache:       6522       9423
Swap:         8039          0       8039

2019年 07月 25日 星期四 02:46:36 CST
             total       used       free     shared    buffers     cached
Mem:         15945      13751       2194          0         82       9011
-/+ buffers/cache:       4657      11287
Swap:         8039          0       8039

2019年 07月 25日 星期四 02:46:40 CST
             total       used       free     shared    buffers     cached
Mem:         15945      14089       1856          0         82       8852
-/+ buffers/cache:       5154      10791
Swap:         8039          0       8039

2019年 07月 25日 星期四 02:46:44 CST
             total       used       free     shared    buffers     cached
Mem:         15945      14737       1207          0         82       8857
-/+ buffers/cache:       5798      10147
Swap:         8039          0       8039

2019年 07月 25日 星期四 02:46:48 CST
             total       used       free     shared    buffers     cached
Mem:         15945      15287        658          0         82       8868
-/+ buffers/cache:       6336       9608
Swap:         8039          0       8039

2019年 07月 25日 星期四 02:46:52 CST
             total       used       free     shared    buffers     cached
Mem:         15945      15344        601          0         82       8689
-/+ buffers/cache:       6572       9373
Swap:         8039          0       8039

2019年 07月 25日 星期四 02:46:56 CST
             total       used       free     shared    buffers     cached
Mem:         15945      15043        902          0         82       8699
-/+ buffers/cache:       6261       9683
Swap:         8039          0       8039

2019年 07月 25日 星期四 02:47:00 CST
             total       used       free     shared    buffers     cached
Mem:         15945      15327        618          0         82       8743
-/+ buffers/cache:       6501       9443
Swap:         8039          0       8039

2019年 07月 25日 星期四 02:47:04 CST
             total       used       free     shared    buffers     cached
Mem:         15945      15543        401          0         82       8750
-/+ buffers/cache:       6710       9234
Swap:         8039          0       8039

2019年 07月 25日 星期四 02:47:08 CST
             total       used       free     shared    buffers     cached
Mem:         15945      15071        873          0         82       8756
-/+ buffers/cache:       6232       9712
Swap:         8039          0       8039

2019年 07月 25日 星期四 02:47:12 CST
             total       used       free     shared    buffers     cached
Mem:         15945      15308        637          0         82       8760
-/+ buffers/cache:       6465       9480
Swap:         8039          0       8039

2019年 07月 25日 星期四 02:47:16 CST
             total       used       free     shared    buffers     cached
Mem:         15945      15670        275          0         82       8799
-/+ buffers/cache:       6788       9156
Swap:         8039          0       8039

2019年 07月 25日 星期四 02:47:20 CST
             total       used       free     shared    buffers     cached
Mem:         15945      12969       2975          0         82       9131
-/+ buffers/cache:       3756      12189
Swap:         8039          0       8039

2019年 07月 25日 星期四 02:47:24 CST
             total       used       free     shared    buffers     cached
Mem:         15945      13507       2438          0         82       9305
-/+ buffers/cache:       4119      11826
Swap:         8039          0       8039

2019年 07月 25日 星期四 02:47:28 CST
             total       used       free     shared    buffers     cached
Mem:         15945      13864       2080          0         82       9320
-/+ buffers/cache:       4462      11483
Swap:         8039          0       8039

2019年 07月 25日 星期四 02:47:33 CST
             total       used       free     shared    buffers     cached
Mem:         15945      13071       2874          0         82       9447
-/+ buffers/cache:       3541      12404
Swap:         8039          0       8039

2019年 07月 25日 星期四 02:47:37 CST
             total       used       free     shared    buffers     cached
Mem:         15945      13578       2366          0         82       9478
-/+ buffers/cache:       4017      11927
Swap:         8039          0       8039

2019年 07月 25日 星期四 02:47:41 CST
             total       used       free     shared    buffers     cached
Mem:         15945      13912       2033          0         82       9478
-/+ buffers/cache:       4350      11594
Swap:         8039          0       8039

2019年 07月 25日 星期四 02:47:45 CST
             total       used       free     shared    buffers     cached
Mem:         15945      14537       1408          0         82       9511
-/+ buffers/cache:       4943      11002
Swap:         8039          0       8039

2019年 07月 25日 星期四 02:47:49 CST
             total       used       free     shared    buffers     cached
Mem:         15945      14887       1058          0         82       9714
-/+ buffers/cache:       5089      10855
Swap:         8039          0       8039

2019年 07月 25日 星期四 02:47:53 CST
             total       used       free     shared    buffers     cached
Mem:         15945      15699        245          0         82       9960
-/+ buffers/cache:       5657      10288
Swap:         8039          0       8039

2019年 07月 25日 星期四 02:47:57 CST
             total       used       free     shared    buffers     cached
Mem:         15945      15765        179          0         82       9962
-/+ buffers/cache:       5720      10224
Swap:         8039          0       8039

2019年 07月 25日 星期四 02:48:01 CST
             total       used       free     shared    buffers     cached
Mem:         15945      14693       1251          0         82      10041
-/+ buffers/cache:       4569      11376
Swap:         8039          0       8039

2019年 07月 25日 星期四 02:48:05 CST
             total       used       free     shared    buffers     cached
Mem:         15945      15035        909          0         82      10050
-/+ buffers/cache:       4902      11042
Swap:         8039          0       8039

2019年 07月 25日 星期四 02:48:09 CST
             total       used       free     shared    buffers     cached
Mem:         15945      15596        349          0         82      10212
-/+ buffers/cache:       5301      10643
Swap:         8039          0       8039

2019年 07月 25日 星期四 02:48:13 CST
             total       used       free     shared    buffers     cached
Mem:         15945      15788        156          0         82      10081
-/+ buffers/cache:       5624      10320
Swap:         8039          0       8039

2019年 07月 25日 星期四 02:48:17 CST
             total       used       free     shared    buffers     cached
Mem:         15945      15777        167          0         81       9650
-/+ buffers/cache:       6045       9900
Swap:         8039          0       8039

2019年 07月 25日 星期四 02:48:21 CST
             total       used       free     shared    buffers     cached
Mem:         15945      15235        710          0         82       9395
-/+ buffers/cache:       5757      10187
Swap:         8039          0       8039

2019年 07月 25日 星期四 02:48:25 CST
             total       used       free     shared    buffers     cached
Mem:         15945      13366       2579          0         82       9410
-/+ buffers/cache:       3874      12071
Swap:         8039          0       8039

2019年 07月 25日 星期四 02:48:29 CST
             total       used       free     shared    buffers     cached
Mem:         15945      13781       2164          0         82       9207
-/+ buffers/cache:       4491      11454
Swap:         8039          0       8039

2019年 07月 25日 星期四 02:48:33 CST
             total       used       free     shared    buffers     cached
Mem:         15945      14407       1537          0         82       9208
-/+ buffers/cache:       5117      10828
Swap:         8039          0       8039

2019年 07月 25日 星期四 02:48:37 CST
             total       used       free     shared    buffers     cached
Mem:         15945      13800       2145          0         82       9246
-/+ buffers/cache:       4471      11473
Swap:         8039          0       8039

2019年 07月 25日 星期四 02:48:41 CST
             total       used       free     shared    buffers     cached
Mem:         15945      14336       1608          0         82       9266
-/+ buffers/cache:       4987      10957
Swap:         8039          0       8039

2019年 07月 25日 星期四 02:48:45 CST
             total       used       free     shared    buffers     cached
Mem:         15945      14709       1235          0         82       9146
-/+ buffers/cache:       5481      10464
Swap:         8039          0       8039

2019年 07月 25日 星期四 02:48:49 CST
             total       used       free     shared    buffers     cached
Mem:         15945      15066        879          0         82       9184
-/+ buffers/cache:       5799      10146
Swap:         8039          0       8039

2019年 07月 25日 星期四 02:48:53 CST
             total       used       free     shared    buffers     cached
Mem:         15945      15335        609          0         82       9203
-/+ buffers/cache:       6049       9895
Swap:         8039          0       8039

2019年 07月 25日 星期四 02:48:57 CST
             total       used       free     shared    buffers     cached
Mem:         15945      15495        450          0         82       9265
-/+ buffers/cache:       6147       9797
Swap:         8039          0       8039

2019年 07月 25日 星期四 02:49:01 CST
             total       used       free     shared    buffers     cached
Mem:         15945      15611        333          0         82       9336
-/+ buffers/cache:       6192       9753
Swap:         8039          0       8039

2019年 07月 25日 星期四 02:49:05 CST
             total       used       free     shared    buffers     cached
Mem:         15945      14419       1525          0         82       9420
-/+ buffers/cache:       4916      11029
Swap:         8039          0       8039

2019年 07月 25日 星期四 02:49:10 CST
             total       used       free     shared    buffers     cached
Mem:         15945      14430       1515          0         82       9285
-/+ buffers/cache:       5062      10883
Swap:         8039          0       8039

2019年 07月 25日 星期四 02:49:14 CST
             total       used       free     shared    buffers     cached
Mem:         15945      15062        883          0         82       9311
-/+ buffers/cache:       5668      10277
Swap:         8039          0       8039

2019年 07月 25日 星期四 02:49:18 CST
             total       used       free     shared    buffers     cached
Mem:         15945      14720       1225          0         82       9339
-/+ buffers/cache:       5297      10647
Swap:         8039          0       8039

2019年 07月 25日 星期四 02:49:22 CST
             total       used       free     shared    buffers     cached
Mem:         15945      13748       2196          0         82       9661
-/+ buffers/cache:       4004      11941
Swap:         8039          0       8039

2019年 07月 25日 星期四 02:49:26 CST
             total       used       free     shared    buffers     cached
Mem:         15945      13470       2475          0         82       9544
-/+ buffers/cache:       3843      12102
Swap:         8039          0       8039

2019年 07月 25日 星期四 02:49:30 CST
             total       used       free     shared    buffers     cached
Mem:         15945      13990       1955          0         82       9361
-/+ buffers/cache:       4546      11399
Swap:         8039          0       8039

2019年 07月 25日 星期四 02:49:34 CST
             total       used       free     shared    buffers     cached
Mem:         15945      13561       2384          0         82       9378
-/+ buffers/cache:       4099      11845
Swap:         8039          0       8039

2019年 07月 25日 星期四 02:49:38 CST
             total       used       free     shared    buffers     cached
Mem:         15945      12887       3057          0         82       8848
-/+ buffers/cache:       3956      11989
Swap:         8039          0       8039

2019年 07月 25日 星期四 02:49:42 CST
             total       used       free     shared    buffers     cached
Mem:         15945      13363       2581          0         82       8949
-/+ buffers/cache:       4331      11614
Swap:         8039          0       8039

2019年 07月 25日 星期四 02:49:46 CST
             total       used       free     shared    buffers     cached
Mem:         15945      13938       2006          0         82       8951
-/+ buffers/cache:       4904      11041
Swap:         8039          0       8039

2019年 07月 25日 星期四 02:49:50 CST
             total       used       free     shared    buffers     cached
Mem:         15945      14510       1435          0         82       9024
-/+ buffers/cache:       5403      10542
Swap:         8039          0       8039

2019年 07月 25日 星期四 02:49:54 CST
             total       used       free     shared    buffers     cached
Mem:         15945      14030       1914          0         82       9200
-/+ buffers/cache:       4748      11197
Swap:         8039          0       8039

2019年 07月 25日 星期四 02:49:58 CST
             total       used       free     shared    buffers     cached
Mem:         15945      14677       1268          0         82       9540
-/+ buffers/cache:       5053      10891
Swap:         8039          0       8039

2019年 07月 25日 星期四 02:50:03 CST
             total       used       free     shared    buffers     cached
Mem:         15945      15192        753          0         82       9736
-/+ buffers/cache:       5373      10572
Swap:         8039          0       8039

2019年 07月 25日 星期四 02:50:07 CST
             total       used       free     shared    buffers     cached
Mem:         15945      15753        192          0         82       9997
-/+ buffers/cache:       5673      10271
Swap:         8039          0       8039

2019年 07月 25日 星期四 02:50:11 CST
             total       used       free     shared    buffers     cached
Mem:         15945      15770        175          0         82       9691
-/+ buffers/cache:       5996       9949
Swap:         8039          0       8039

2019年 07月 25日 星期四 02:50:15 CST
             total       used       free     shared    buffers     cached
Mem:         15945      15765        180          0         82       9538
-/+ buffers/cache:       6144       9801
Swap:         8039          0       8039

2019年 07月 25日 星期四 02:50:19 CST
             total       used       free     shared    buffers     cached
Mem:         15945      15781        163          0         82       9244
-/+ buffers/cache:       6454       9490
Swap:         8039          0       8039

2019年 07月 25日 星期四 02:50:23 CST
             total       used       free     shared    buffers     cached
Mem:         15945      14357       1588          0         82       9106
-/+ buffers/cache:       5168      10777
Swap:         8039          0       8039

2019年 07月 25日 星期四 02:50:27 CST
             total       used       free     shared    buffers     cached
Mem:         15945      13573       2371          0         82       9110
-/+ buffers/cache:       4380      11565
Swap:         8039          0       8039

2019年 07月 25日 星期四 02:50:31 CST
             total       used       free     shared    buffers     cached
Mem:         15945      14159       1786          0         82       8970
-/+ buffers/cache:       5105      10839
Swap:         8039          0       8039

2019年 07月 25日 星期四 02:50:35 CST
             total       used       free     shared    buffers     cached
Mem:         15945      15010        935          0         82       9014
-/+ buffers/cache:       5912      10032
Swap:         8039          0       8039

2019年 07月 25日 星期四 02:50:39 CST
             total       used       free     shared    buffers     cached
Mem:         15945      14716       1229          0         82       9069
-/+ buffers/cache:       5564      10381
Swap:         8039          0       8039

2019年 07月 25日 星期四 02:50:43 CST
             total       used       free     shared    buffers     cached
Mem:         15945      15208        736          0         82       9292
-/+ buffers/cache:       5833      10111
Swap:         8039          0       8039

2019年 07月 25日 星期四 02:50:47 CST
             total       used       free     shared    buffers     cached
Mem:         15945      15680        265          0         82       9344
-/+ buffers/cache:       6253       9692
Swap:         8039          0       8039

2019年 07月 25日 星期四 02:50:51 CST
             total       used       free     shared    buffers     cached
Mem:         15945      14583       1362          0         82       9088
-/+ buffers/cache:       5412      10532
Swap:         8039          0       8039

2019年 07月 25日 星期四 02:50:55 CST
             total       used       free     shared    buffers     cached
Mem:         15945      14970        975          0         82       9323
-/+ buffers/cache:       5564      10381
Swap:         8039          0       8039

2019年 07月 25日 星期四 02:50:59 CST
             total       used       free     shared    buffers     cached
Mem:         15945      14020       1924          0         82       9402
-/+ buffers/cache:       4535      11409
Swap:         8039          0       8039

2019年 07月 25日 星期四 02:51:03 CST
             total       used       free     shared    buffers     cached
Mem:         15945      14685       1259          0         82       9426
-/+ buffers/cache:       5176      10768
Swap:         8039          0       8039

2019年 07月 25日 星期四 02:51:08 CST
             total       used       free     shared    buffers     cached
Mem:         15945      14875       1069          0         82       9269
-/+ buffers/cache:       5523      10422
Swap:         8039          0       8039

2019年 07月 25日 星期四 02:51:12 CST
             total       used       free     shared    buffers     cached
Mem:         15945      13441       2503          0         82       9131
-/+ buffers/cache:       4227      11717
Swap:         8039          0       8039

2019年 07月 25日 星期四 02:51:16 CST
             total       used       free     shared    buffers     cached
Mem:         15945      14001       1944          0         82       9151
-/+ buffers/cache:       4767      11178
Swap:         8039          0       8039

2019年 07月 25日 星期四 02:51:20 CST
             total       used       free     shared    buffers     cached
Mem:         15945      14662       1282          0         82       9151
-/+ buffers/cache:       5428      10517
Swap:         8039          0       8039

2019年 07月 25日 星期四 02:51:24 CST
             total       used       free     shared    buffers     cached
Mem:         15945      14065       1879          0         82       9187
-/+ buffers/cache:       4795      11149
Swap:         8039          0       8039

2019年 07月 25日 星期四 02:51:28 CST
             total       used       free     shared    buffers     cached
Mem:         15945      14527       1417          0         82       9221
-/+ buffers/cache:       5223      10721
Swap:         8039          0       8039

2019年 07月 25日 星期四 02:51:32 CST
             total       used       free     shared    buffers     cached
Mem:         15945      14747       1198          0         82       9051
-/+ buffers/cache:       5612      10333
Swap:         8039          0       8039

2019年 07月 25日 星期四 02:51:36 CST
             total       used       free     shared    buffers     cached
Mem:         15945      15330        615          0         82       9126
-/+ buffers/cache:       6120       9824
Swap:         8039          0       8039

2019年 07月 25日 星期四 02:51:40 CST
             total       used       free     shared    buffers     cached
Mem:         15945      15125        819          0         82       9192
-/+ buffers/cache:       5850      10094
Swap:         8039          0       8039

2019年 07月 25日 星期四 02:51:44 CST
             total       used       free     shared    buffers     cached
Mem:         15945      14872       1073          0         83       9274
-/+ buffers/cache:       5514      10430
Swap:         8039          0       8039

2019年 07月 25日 星期四 02:51:48 CST
             total       used       free     shared    buffers     cached
Mem:         15945      15259        685          0         83       9443
-/+ buffers/cache:       5733      10211
Swap:         8039          0       8039

2019年 07月 25日 星期四 02:51:52 CST
             total       used       free     shared    buffers     cached
Mem:         15945      15786        158          0         82       9681
-/+ buffers/cache:       6022       9923
Swap:         8039          0       8039

2019年 07月 25日 星期四 02:51:56 CST
             total       used       free     shared    buffers     cached
Mem:         15945      15689        256          0         82       9340
-/+ buffers/cache:       6265       9679
Swap:         8039          0       8039

2019年 07月 25日 星期四 02:52:00 CST
             total       used       free     shared    buffers     cached
Mem:         15945      15537        408          0         82       9081
-/+ buffers/cache:       6373       9572
Swap:         8039          0       8039

2019年 07月 25日 星期四 02:52:04 CST
             total       used       free     shared    buffers     cached
Mem:         15945      15233        712          0         82       9494
-/+ buffers/cache:       5655      10289
Swap:         8039          0       8039

2019年 07月 25日 星期四 02:52:08 CST
             total       used       free     shared    buffers     cached
Mem:         15945      15787        157          0         82       9714
-/+ buffers/cache:       5990       9954
Swap:         8039          0       8039

2019年 07月 25日 星期四 02:52:12 CST
             total       used       free     shared    buffers     cached
Mem:         15945      15773        171          0         82       9366
-/+ buffers/cache:       6324       9620
Swap:         8039          0       8039

2019年 07月 25日 星期四 02:52:16 CST
             total       used       free     shared    buffers     cached
Mem:         15945      14445       1500          0         82       9332
-/+ buffers/cache:       5030      10915
Swap:         8039          0       8039

2019年 07月 25日 星期四 02:52:20 CST
             total       used       free     shared    buffers     cached
Mem:         15945      14993        951          0         82       9460
-/+ buffers/cache:       5450      10494
Swap:         8039          0       8039

2019年 07月 25日 星期四 02:52:24 CST
             total       used       free     shared    buffers     cached
Mem:         15945      14606       1339          0         82       9475
-/+ buffers/cache:       5048      10897
Swap:         8039          0       8039

2019年 07月 25日 星期四 02:52:28 CST
             total       used       free     shared    buffers     cached
Mem:         15945      15140        805          0         82       9519
-/+ buffers/cache:       5537      10407
Swap:         8039          0       8039

2019年 07月 25日 星期四 02:52:32 CST
             total       used       free     shared    buffers     cached
Mem:         15945      15422        523          0         82       9521
-/+ buffers/cache:       5818      10127
Swap:         8039          0       8039

2019年 07月 25日 星期四 02:52:36 CST
             total       used       free     shared    buffers     cached
Mem:         15945      14081       1863          0         82       9495
-/+ buffers/cache:       4503      11442
Swap:         8039          0       8039

2019年 07月 25日 星期四 02:52:40 CST
             total       used       free     shared    buffers     cached
Mem:         15945      14777       1167          0         82       9716
-/+ buffers/cache:       4978      10967
Swap:         8039          0       8039

2019年 07月 25日 星期四 02:52:44 CST
             total       used       free     shared    buffers     cached
Mem:         15945      15353        592          0         82       9761
-/+ buffers/cache:       5508      10437
Swap:         8039          0       8039

2019年 07月 25日 星期四 02:52:48 CST
             total       used       free     shared    buffers     cached
Mem:         15945      15652        293          0         82       9795
-/+ buffers/cache:       5773      10172
Swap:         8039          0       8039

2019年 07月 25日 星期四 02:52:52 CST
             total       used       free     shared    buffers     cached
Mem:         15945      15785        160          0         82       9419
-/+ buffers/cache:       6282       9663
Swap:         8039          0       8039

2019年 07月 25日 星期四 02:52:56 CST
             total       used       free     shared    buffers     cached
Mem:         15945      15778        167          0         82       9307
-/+ buffers/cache:       6388       9557
Swap:         8039          0       8039

2019年 07月 25日 星期四 02:53:00 CST
             total       used       free     shared    buffers     cached
Mem:         15945      15754        190          0         82       9195
-/+ buffers/cache:       6476       9469
Swap:         8039          0       8039

2019年 07月 25日 星期四 02:53:05 CST
             total       used       free     shared    buffers     cached
Mem:         15945      14893       1052          0         82       9306
-/+ buffers/cache:       5503      10441
Swap:         8039          0       8039

2019年 07月 25日 星期四 02:53:09 CST
             total       used       free     shared    buffers     cached
Mem:         15945      15243        702          0         82       9339
-/+ buffers/cache:       5821      10124
Swap:         8039          0       8039

2019年 07月 25日 星期四 02:53:13 CST
             total       used       free     shared    buffers     cached
Mem:         15945      15652        292          0         82       9379
-/+ buffers/cache:       6190       9755
Swap:         8039          0       8039

2019年 07月 25日 星期四 02:53:17 CST
             total       used       free     shared    buffers     cached
Mem:         15945      15781        164          0         82       9238
-/+ buffers/cache:       6460       9485
Swap:         8039          0       8039

2019年 07月 25日 星期四 02:53:21 CST
             total       used       free     shared    buffers     cached
Mem:         15945      15364        581          0         82       9299
-/+ buffers/cache:       5981       9963
Swap:         8039          0       8039

2019年 07月 25日 星期四 02:53:25 CST
             total       used       free     shared    buffers     cached
Mem:         15945      15415        530          0         82       9192
-/+ buffers/cache:       6139       9805
Swap:         8039          0       8039

2019年 07月 25日 星期四 02:53:29 CST
             total       used       free     shared    buffers     cached
Mem:         15945      15467        478          0         82       9065
-/+ buffers/cache:       6318       9627
Swap:         8039          0       8039

2019年 07月 25日 星期四 02:53:33 CST
             total       used       free     shared    buffers     cached
Mem:         15945      15002        943          0         83       9132
-/+ buffers/cache:       5786      10159
Swap:         8039          0       8039

2019年 07月 25日 星期四 02:53:37 CST
             total       used       free     shared    buffers     cached
Mem:         15945      14743       1202          0         83       9024
-/+ buffers/cache:       5635      10309
Swap:         8039          0       8039

2019年 07月 25日 星期四 02:53:41 CST
             total       used       free     shared    buffers     cached
Mem:         15945      12888       3057          0         83       8833
-/+ buffers/cache:       3971      11973
Swap:         8039          0       8039

2019年 07月 25日 星期四 02:53:45 CST
             total       used       free     shared    buffers     cached
Mem:         15945      13278       2667          0         83       8854
-/+ buffers/cache:       4341      11604
Swap:         8039          0       8039

2019年 07月 25日 星期四 02:53:49 CST
             total       used       free     shared    buffers     cached
Mem:         15945      13756       2189          0         83       8545
-/+ buffers/cache:       5128      10817
Swap:         8039          0       8039

2019年 07月 25日 星期四 02:53:53 CST
             total       used       free     shared    buffers     cached
Mem:         15945      14547       1398          0         83       8548
-/+ buffers/cache:       5915      10029
Swap:         8039          0       8039

2019年 07月 25日 星期四 02:53:57 CST
             total       used       free     shared    buffers     cached
Mem:         15945      14349       1595          0         83       8569
-/+ buffers/cache:       5696      10248
Swap:         8039          0       8039

2019年 07月 25日 星期四 02:54:01 CST
             total       used       free     shared    buffers     cached
Mem:         15945      15036        908          0         83       8557
-/+ buffers/cache:       6396       9549
Swap:         8039          0       8039

2019年 07月 25日 星期四 02:54:05 CST
             total       used       free     shared    buffers     cached
Mem:         15945      13519       2425          0         83       8444
-/+ buffers/cache:       4992      10953
Swap:         8039          0       8039

2019年 07月 25日 星期四 02:54:09 CST
             total       used       free     shared    buffers     cached
Mem:         15945      14121       1824          0         83       8595
-/+ buffers/cache:       5443      10502
Swap:         8039          0       8039

2019年 07月 25日 星期四 02:54:13 CST
             total       used       free     shared    buffers     cached
Mem:         15945      12611       3334          0         83       8595
-/+ buffers/cache:       3931      12013
Swap:         8039          0       8039

2019年 07月 25日 星期四 02:54:17 CST
             total       used       free     shared    buffers     cached
Mem:         15945      13030       2915          0         83       8560
-/+ buffers/cache:       4386      11558
Swap:         8039          0       8039

2019年 07月 25日 星期四 02:54:21 CST
             total       used       free     shared    buffers     cached
Mem:         15945      13278       2667          0         83       8521
-/+ buffers/cache:       4673      11271
Swap:         8039          0       8039

2019年 07月 25日 星期四 02:54:25 CST
             total       used       free     shared    buffers     cached
Mem:         15945      13689       2256          0         83       8576
-/+ buffers/cache:       5029      10915
Swap:         8039          0       8039

2019年 07月 25日 星期四 02:54:29 CST
             total       used       free     shared    buffers     cached
Mem:         15945      13943       2001          0         83       8577
-/+ buffers/cache:       5283      10662
Swap:         8039          0       8039

2019年 07月 25日 星期四 02:54:33 CST
             total       used       free     shared    buffers     cached
Mem:         15945      14450       1495          0         83       8577
-/+ buffers/cache:       5789      10156
Swap:         8039          0       8039

2019年 07月 25日 星期四 02:54:37 CST
             total       used       free     shared    buffers     cached
Mem:         15945      14966        979          0         83       8580
-/+ buffers/cache:       6303       9642
Swap:         8039          0       8039

2019年 07月 25日 星期四 02:54:41 CST
             total       used       free     shared    buffers     cached
Mem:         15945      15137        808          0         83       8580
-/+ buffers/cache:       6473       9472
Swap:         8039          0       8039

2019年 07月 25日 星期四 02:54:45 CST
             total       used       free     shared    buffers     cached
Mem:         15945      15196        749          0         83       8581
-/+ buffers/cache:       6532       9413
Swap:         8039          0       8039

2019年 07月 25日 星期四 02:54:49 CST
             total       used       free     shared    buffers     cached
Mem:         15945      14609       1335          0         83       8588
-/+ buffers/cache:       5938      10007
Swap:         8039          0       8039

2019年 07月 25日 星期四 02:54:53 CST
             total       used       free     shared    buffers     cached
Mem:         15945      14933       1011          0         83       8755
-/+ buffers/cache:       6095       9850
Swap:         8039          0       8039

2019年 07月 25日 星期四 02:54:57 CST
             total       used       free     shared    buffers     cached
Mem:         15945      14453       1491          0         83       8948
-/+ buffers/cache:       5422      10523
Swap:         8039          0       8039

2019年 07月 25日 星期四 02:55:01 CST
             total       used       free     shared    buffers     cached
Mem:         15945      13758       2186          0         83       9113
-/+ buffers/cache:       4561      11383
Swap:         8039          0       8039

2019年 07月 25日 星期四 02:55:05 CST
             total       used       free     shared    buffers     cached
Mem:         15945      13808       2136          0         83       9282
-/+ buffers/cache:       4443      11502
Swap:         8039          0       8039

2019年 07月 25日 星期四 02:55:10 CST
             total       used       free     shared    buffers     cached
Mem:         15945      14026       1919          0         83       9128
-/+ buffers/cache:       4814      11131
Swap:         8039          0       8039

2019年 07月 25日 星期四 02:55:14 CST
             total       used       free     shared    buffers     cached
Mem:         15945      12960       2985          0         83       9121
-/+ buffers/cache:       3755      12189
Swap:         8039          0       8039

2019年 07月 25日 星期四 02:55:18 CST
             total       used       free     shared    buffers     cached
Mem:         15945      13512       2433          0         83       9120
-/+ buffers/cache:       4308      11637
Swap:         8039          0       8039

2019年 07月 25日 星期四 02:55:22 CST
             total       used       free     shared    buffers     cached
Mem:         15945      13951       1994          0         83       8942
-/+ buffers/cache:       4925      11019
Swap:         8039          0       8039

2019年 07月 25日 星期四 02:55:26 CST
             total       used       free     shared    buffers     cached
Mem:         15945      14535       1409          0         83       8942
-/+ buffers/cache:       5509      10435
Swap:         8039          0       8039

2019年 07月 25日 星期四 02:55:30 CST
             total       used       free     shared    buffers     cached
Mem:         15945      15237        708          0         83       8948
-/+ buffers/cache:       6205       9739
Swap:         8039          0       8039

2019年 07月 25日 星期四 02:55:34 CST
             total       used       free     shared    buffers     cached
Mem:         15945      15454        490          0         83       8957
-/+ buffers/cache:       6414       9531
Swap:         8039          0       8039

2019年 07月 25日 星期四 02:55:38 CST
             total       used       free     shared    buffers     cached
Mem:         15945      15768        177          0         83       8812
-/+ buffers/cache:       6872       9072
Swap:         8039          0       8039

2019年 07月 25日 星期四 02:55:42 CST
             total       used       free     shared    buffers     cached
Mem:         15945      14880       1065          0         83       8779
-/+ buffers/cache:       6017       9928
Swap:         8039          0       8039

2019年 07月 25日 星期四 02:55:46 CST
             total       used       free     shared    buffers     cached
Mem:         15945      14724       1221          0         83       8504
-/+ buffers/cache:       6136       9808
Swap:         8039          0       8039

2019年 07月 25日 星期四 02:55:50 CST
             total       used       free     shared    buffers     cached
Mem:         15945      13172       2773          0         83       8347
-/+ buffers/cache:       4741      11203
Swap:         8039          0       8039

2019年 07月 25日 星期四 02:55:54 CST
             total       used       free     shared    buffers     cached
Mem:         15945      12241       3703          0         83       8159
-/+ buffers/cache:       3998      11947
Swap:         8039          0       8039

2019年 07月 25日 星期四 02:55:58 CST
             total       used       free     shared    buffers     cached
Mem:         15945      12347       3598          0         83       8219
-/+ buffers/cache:       4044      11900
Swap:         8039          0       8039

2019年 07月 25日 星期四 02:56:02 CST
             total       used       free     shared    buffers     cached
Mem:         15945      12459       3485          0         83       8289
-/+ buffers/cache:       4086      11858
Swap:         8039          0       8039

2019年 07月 25日 星期四 02:56:06 CST
             total       used       free     shared    buffers     cached
Mem:         15945      12544       3401          0         83       8339
-/+ buffers/cache:       4121      11824
Swap:         8039          0       8039

2019年 07月 25日 星期四 02:56:10 CST
             total       used       free     shared    buffers     cached
Mem:         15945      12582       3362          0         83       8343
-/+ buffers/cache:       4155      11789
Swap:         8039          0       8039

2019年 07月 25日 星期四 02:56:14 CST
             total       used       free     shared    buffers     cached
Mem:         15945      12758       3186          0         83       8370
-/+ buffers/cache:       4304      11641
Swap:         8039          0       8039

2019年 07月 25日 星期四 02:56:18 CST
             total       used       free     shared    buffers     cached
Mem:         15945      10482       5462          0         83       8359
-/+ buffers/cache:       2039      13905
Swap:         8039          0       8039

2019年 07月 25日 星期四 02:56:22 CST
             total       used       free     shared    buffers     cached
Mem:         15945      10295       5649          0         83       8174
-/+ buffers/cache:       2037      13907
Swap:         8039          0       8039

2019年 07月 25日 星期四 02:56:26 CST
             total       used       free     shared    buffers     cached
Mem:         15945      10295       5650          0         83       8174
-/+ buffers/cache:       2037      13908
Swap:         8039          0       8039

