
Linux 2.6.32-431.el6.x86_64 (slave1) 	2019年07月24日 	_x86_64_	(8 CPU)

04时35分32秒  CPU    %usr   %nice    %sys %iowait    %irq   %soft  %steal  %guest   %idle
04时35分33秒  all    0.00    0.00    0.13    0.00    0.00    0.00    0.00    0.00   99.87
平均时间:  all    0.00    0.00    0.13    0.00    0.00    0.00    0.00    0.00   99.87

Linux 2.6.32-431.el6.x86_64 (slave1) 	2019年07月24日 	_x86_64_	(8 CPU)

04时35分36秒  CPU    %usr   %nice    %sys %iowait    %irq   %soft  %steal  %guest   %idle
04时35分37秒  all    0.00    0.00    0.00    0.00    0.00    0.00    0.00    0.00  100.00
平均时间:  all    0.00    0.00    0.00    0.00    0.00    0.00    0.00    0.00  100.00

Linux 2.6.32-431.el6.x86_64 (slave1) 	2019年07月24日 	_x86_64_	(8 CPU)

04时35分40秒  CPU    %usr   %nice    %sys %iowait    %irq   %soft  %steal  %guest   %idle
04时35分41秒  all    0.13    0.00    0.00    0.00    0.00    0.00    0.00    0.00   99.87
平均时间:  all    0.13    0.00    0.00    0.00    0.00    0.00    0.00    0.00   99.87

Linux 2.6.32-431.el6.x86_64 (slave1) 	2019年07月24日 	_x86_64_	(8 CPU)

04时35分44秒  CPU    %usr   %nice    %sys %iowait    %irq   %soft  %steal  %guest   %idle
04时35分45秒  all    0.00    0.00    0.00    0.00    0.00    0.00    0.00    0.00  100.00
平均时间:  all    0.00    0.00    0.00    0.00    0.00    0.00    0.00    0.00  100.00

Linux 2.6.32-431.el6.x86_64 (slave1) 	2019年07月24日 	_x86_64_	(8 CPU)

04时35分48秒  CPU    %usr   %nice    %sys %iowait    %irq   %soft  %steal  %guest   %idle
04时35分49秒  all    0.63    0.00    1.13    0.00    0.13    0.25    0.00    0.00   97.86
平均时间:  all    0.63    0.00    1.13    0.00    0.13    0.25    0.00    0.00   97.86

Linux 2.6.32-431.el6.x86_64 (slave1) 	2019年07月24日 	_x86_64_	(8 CPU)

04时35分52秒  CPU    %usr   %nice    %sys %iowait    %irq   %soft  %steal  %guest   %idle
04时35分53秒  all    0.80    0.00    7.71    0.00    0.66   19.02    0.00    0.00   71.81
平均时间:  all    0.80    0.00    7.71    0.00    0.66   19.02    0.00    0.00   71.81

Linux 2.6.32-431.el6.x86_64 (slave1) 	2019年07月24日 	_x86_64_	(8 CPU)

04时35分56秒  CPU    %usr   %nice    %sys %iowait    %irq   %soft  %steal  %guest   %idle
04时35分57秒  all   50.38    0.00   24.87    0.00    0.51   19.49    0.00    0.00    4.74
平均时间:  all   50.38    0.00   24.87    0.00    0.51   19.49    0.00    0.00    4.74

Linux 2.6.32-431.el6.x86_64 (slave1) 	2019年07月24日 	_x86_64_	(8 CPU)

04时36分01秒  CPU    %usr   %nice    %sys %iowait    %irq   %soft  %steal  %guest   %idle
04时36分02秒  all   71.21    0.00   19.40    0.00    0.25    9.14    0.00    0.00    0.00
平均时间:  all   71.21    0.00   19.40    0.00    0.25    9.14    0.00    0.00    0.00

Linux 2.6.32-431.el6.x86_64 (slave1) 	2019年07月24日 	_x86_64_	(8 CPU)

04时36分05秒  CPU    %usr   %nice    %sys %iowait    %irq   %soft  %steal  %guest   %idle
04时36分06秒  all   76.38    0.00   14.70    0.00    0.13    8.79    0.00    0.00    0.00
平均时间:  all   76.38    0.00   14.70    0.00    0.13    8.79    0.00    0.00    0.00

Linux 2.6.32-431.el6.x86_64 (slave1) 	2019年07月24日 	_x86_64_	(8 CPU)

04时36分09秒  CPU    %usr   %nice    %sys %iowait    %irq   %soft  %steal  %guest   %idle
04时36分10秒  all   74.62    0.00   16.21    0.00    0.13    9.05    0.00    0.00    0.00
平均时间:  all   74.62    0.00   16.21    0.00    0.13    9.05    0.00    0.00    0.00

Linux 2.6.32-431.el6.x86_64 (slave1) 	2019年07月24日 	_x86_64_	(8 CPU)

04时36分13秒  CPU    %usr   %nice    %sys %iowait    %irq   %soft  %steal  %guest   %idle
04时36分14秒  all   84.25    0.00   11.75    0.00    0.12    3.88    0.00    0.00    0.00
平均时间:  all   84.25    0.00   11.75    0.00    0.12    3.88    0.00    0.00    0.00

Linux 2.6.32-431.el6.x86_64 (slave1) 	2019年07月24日 	_x86_64_	(8 CPU)

04时36分17秒  CPU    %usr   %nice    %sys %iowait    %irq   %soft  %steal  %guest   %idle
04时36分18秒  all   91.14    0.00    7.12    0.00    0.00    1.75    0.00    0.00    0.00
平均时间:  all   91.14    0.00    7.12    0.00    0.00    1.75    0.00    0.00    0.00

Linux 2.6.32-431.el6.x86_64 (slave1) 	2019年07月24日 	_x86_64_	(8 CPU)

04时36分21秒  CPU    %usr   %nice    %sys %iowait    %irq   %soft  %steal  %guest   %idle
04时36分22秒  all   93.63    0.00    6.37    0.00    0.00    0.00    0.00    0.00    0.00
平均时间:  all   93.63    0.00    6.37    0.00    0.00    0.00    0.00    0.00    0.00

Linux 2.6.32-431.el6.x86_64 (slave1) 	2019年07月24日 	_x86_64_	(8 CPU)

04时36分25秒  CPU    %usr   %nice    %sys %iowait    %irq   %soft  %steal  %guest   %idle
04时36分26秒  all   79.42    0.00    7.88    0.00    0.00    0.13    0.00    0.00   12.58
平均时间:  all   79.42    0.00    7.88    0.00    0.00    0.13    0.00    0.00   12.58

Linux 2.6.32-431.el6.x86_64 (slave1) 	2019年07月24日 	_x86_64_	(8 CPU)

04时36分29秒  CPU    %usr   %nice    %sys %iowait    %irq   %soft  %steal  %guest   %idle
04时36分30秒  all    0.51    0.00    0.25    0.00    0.00    0.00    0.00    0.00   99.24
平均时间:  all    0.51    0.00    0.25    0.00    0.00    0.00    0.00    0.00   99.24

Linux 2.6.32-431.el6.x86_64 (slave1) 	2019年07月24日 	_x86_64_	(8 CPU)

04时36分33秒  CPU    %usr   %nice    %sys %iowait    %irq   %soft  %steal  %guest   %idle
04时36分34秒  all   24.17    0.00    3.20    0.00    0.00    0.00    0.00    0.00   72.63
平均时间:  all   24.17    0.00    3.20    0.00    0.00    0.00    0.00    0.00   72.63

Linux 2.6.32-431.el6.x86_64 (slave1) 	2019年07月24日 	_x86_64_	(8 CPU)

04时36分37秒  CPU    %usr   %nice    %sys %iowait    %irq   %soft  %steal  %guest   %idle
04时36分38秒  all    1.27    0.00    0.76    0.00    0.00    0.13    0.00    0.00   97.84
平均时间:  all    1.27    0.00    0.76    0.00    0.00    0.13    0.00    0.00   97.84

Linux 2.6.32-431.el6.x86_64 (slave1) 	2019年07月24日 	_x86_64_	(8 CPU)

04时36分41秒  CPU    %usr   %nice    %sys %iowait    %irq   %soft  %steal  %guest   %idle
04时36分42秒  all   21.05    0.00    4.49    0.00    0.00    0.00    0.00    0.00   74.45
平均时间:  all   21.05    0.00    4.49    0.00    0.00    0.00    0.00    0.00   74.45

Linux 2.6.32-431.el6.x86_64 (slave1) 	2019年07月24日 	_x86_64_	(8 CPU)

04时36分45秒  CPU    %usr   %nice    %sys %iowait    %irq   %soft  %steal  %guest   %idle
04时36分46秒  all   21.35    0.00    2.54    0.00    0.00    0.00    0.00    0.00   76.11
平均时间:  all   21.35    0.00    2.54    0.00    0.00    0.00    0.00    0.00   76.11

Linux 2.6.32-431.el6.x86_64 (slave1) 	2019年07月24日 	_x86_64_	(8 CPU)

04时36分49秒  CPU    %usr   %nice    %sys %iowait    %irq   %soft  %steal  %guest   %idle
04时36分50秒  all   20.59    0.00    2.17    0.00    0.00    0.00    0.00    0.00   77.24
平均时间:  all   20.59    0.00    2.17    0.00    0.00    0.00    0.00    0.00   77.24

Linux 2.6.32-431.el6.x86_64 (slave1) 	2019年07月24日 	_x86_64_	(8 CPU)

04时36分53秒  CPU    %usr   %nice    %sys %iowait    %irq   %soft  %steal  %guest   %idle
04时36分54秒  all   13.14    0.00    2.55    0.00    0.00    0.00    0.00    0.00   84.31
平均时间:  all   13.14    0.00    2.55    0.00    0.00    0.00    0.00    0.00   84.31

Linux 2.6.32-431.el6.x86_64 (slave1) 	2019年07月24日 	_x86_64_	(8 CPU)

04时36分57秒  CPU    %usr   %nice    %sys %iowait    %irq   %soft  %steal  %guest   %idle
04时36分58秒  all   52.66    0.00    5.08    0.00    0.00    0.00    0.00    0.00   42.26
平均时间:  all   52.66    0.00    5.08    0.00    0.00    0.00    0.00    0.00   42.26

Linux 2.6.32-431.el6.x86_64 (slave1) 	2019年07月24日 	_x86_64_	(8 CPU)

04时37分01秒  CPU    %usr   %nice    %sys %iowait    %irq   %soft  %steal  %guest   %idle
04时37分02秒  all   54.86    0.00    9.08    0.00    0.00    0.13    0.00    0.00   35.93
平均时间:  all   54.86    0.00    9.08    0.00    0.00    0.13    0.00    0.00   35.93

Linux 2.6.32-431.el6.x86_64 (slave1) 	2019年07月24日 	_x86_64_	(8 CPU)

04时37分05秒  CPU    %usr   %nice    %sys %iowait    %irq   %soft  %steal  %guest   %idle
04时37分06秒  all   23.02    0.00    8.71    0.00    0.00    8.97    0.00    0.00   59.30
平均时间:  all   23.02    0.00    8.71    0.00    0.00    8.97    0.00    0.00   59.30

Linux 2.6.32-431.el6.x86_64 (slave1) 	2019年07月24日 	_x86_64_	(8 CPU)

04时37分09秒  CPU    %usr   %nice    %sys %iowait    %irq   %soft  %steal  %guest   %idle
04时37分10秒  all   70.57    0.00   10.96    0.00    0.00    0.00    0.00    0.00   18.47
平均时间:  all   70.57    0.00   10.96    0.00    0.00    0.00    0.00    0.00   18.47

Linux 2.6.32-431.el6.x86_64 (slave1) 	2019年07月24日 	_x86_64_	(8 CPU)

04时37分13秒  CPU    %usr   %nice    %sys %iowait    %irq   %soft  %steal  %guest   %idle
04时37分14秒  all   76.52    0.00    6.22    0.00    0.00    0.00    0.00    0.00   17.26
平均时间:  all   76.52    0.00    6.22    0.00    0.00    0.00    0.00    0.00   17.26

Linux 2.6.32-431.el6.x86_64 (slave1) 	2019年07月24日 	_x86_64_	(8 CPU)

04时37分17秒  CPU    %usr   %nice    %sys %iowait    %irq   %soft  %steal  %guest   %idle
04时37分18秒  all   87.28    0.00    7.68    0.00    0.00    0.13    0.00    0.00    4.91
平均时间:  all   87.28    0.00    7.68    0.00    0.00    0.13    0.00    0.00    4.91

Linux 2.6.32-431.el6.x86_64 (slave1) 	2019年07月24日 	_x86_64_	(8 CPU)

04时37分21秒  CPU    %usr   %nice    %sys %iowait    %irq   %soft  %steal  %guest   %idle
04时37分22秒  all   53.09    0.00    7.22    0.00    0.00    0.52    0.00    0.00   39.18
平均时间:  all   53.09    0.00    7.22    0.00    0.00    0.52    0.00    0.00   39.18

Linux 2.6.32-431.el6.x86_64 (slave1) 	2019年07月24日 	_x86_64_	(8 CPU)

04时37分25秒  CPU    %usr   %nice    %sys %iowait    %irq   %soft  %steal  %guest   %idle
04时37分26秒  all   65.39    0.00    7.79    0.00    0.00    0.77    0.00    0.00   26.05
平均时间:  all   65.39    0.00    7.79    0.00    0.00    0.77    0.00    0.00   26.05

Linux 2.6.32-431.el6.x86_64 (slave1) 	2019年07月24日 	_x86_64_	(8 CPU)

04时37分29秒  CPU    %usr   %nice    %sys %iowait    %irq   %soft  %steal  %guest   %idle
04时37分30秒  all   72.80    0.00    4.41    0.00    0.00    0.76    0.00    0.00   22.04
平均时间:  all   72.80    0.00    4.41    0.00    0.00    0.76    0.00    0.00   22.04

Linux 2.6.32-431.el6.x86_64 (slave1) 	2019年07月24日 	_x86_64_	(8 CPU)

04时37分33秒  CPU    %usr   %nice    %sys %iowait    %irq   %soft  %steal  %guest   %idle
04时37分34秒  all   41.90    0.00   13.97    0.00    0.66   10.67    0.00    0.00   32.81
平均时间:  all   41.90    0.00   13.97    0.00    0.66   10.67    0.00    0.00   32.81

Linux 2.6.32-431.el6.x86_64 (slave1) 	2019年07月24日 	_x86_64_	(8 CPU)

04时37分37秒  CPU    %usr   %nice    %sys %iowait    %irq   %soft  %steal  %guest   %idle
04时37分38秒  all   62.85    0.00   16.25    0.00    0.25   16.12    0.00    0.00    4.53
平均时间:  all   62.85    0.00   16.25    0.00    0.25   16.12    0.00    0.00    4.53

Linux 2.6.32-431.el6.x86_64 (slave1) 	2019年07月24日 	_x86_64_	(8 CPU)

04时37分41秒  CPU    %usr   %nice    %sys %iowait    %irq   %soft  %steal  %guest   %idle
04时37分42秒  all   39.97    0.00   15.62    0.00    0.39   18.23    0.00    0.00   25.78
平均时间:  all   39.97    0.00   15.62    0.00    0.39   18.23    0.00    0.00   25.78

Linux 2.6.32-431.el6.x86_64 (slave1) 	2019年07月24日 	_x86_64_	(8 CPU)

04时37分45秒  CPU    %usr   %nice    %sys %iowait    %irq   %soft  %steal  %guest   %idle
04时37分46秒  all   46.74    0.00   15.76    0.00    0.13   17.45    0.00    0.00   19.92
平均时间:  all   46.74    0.00   15.76    0.00    0.13   17.45    0.00    0.00   19.92

Linux 2.6.32-431.el6.x86_64 (slave1) 	2019年07月24日 	_x86_64_	(8 CPU)

04时37分49秒  CPU    %usr   %nice    %sys %iowait    %irq   %soft  %steal  %guest   %idle
04时37分50秒  all   52.90    0.00   18.40    0.00    0.39    9.40    0.00    0.00   18.92
平均时间:  all   52.90    0.00   18.40    0.00    0.39    9.40    0.00    0.00   18.92

Linux 2.6.32-431.el6.x86_64 (slave1) 	2019年07月24日 	_x86_64_	(8 CPU)

04时37分53秒  CPU    %usr   %nice    %sys %iowait    %irq   %soft  %steal  %guest   %idle
04时37分54秒  all   53.07    0.00   18.41    0.00    0.13    2.94    0.00    0.00   25.45
平均时间:  all   53.07    0.00   18.41    0.00    0.13    2.94    0.00    0.00   25.45

Linux 2.6.32-431.el6.x86_64 (slave1) 	2019年07月24日 	_x86_64_	(8 CPU)

04时37分57秒  CPU    %usr   %nice    %sys %iowait    %irq   %soft  %steal  %guest   %idle
04时37分58秒  all   66.83    0.00   27.16    0.00    0.00    1.88    0.00    0.00    4.13
平均时间:  all   66.83    0.00   27.16    0.00    0.00    1.88    0.00    0.00    4.13

Linux 2.6.32-431.el6.x86_64 (slave1) 	2019年07月24日 	_x86_64_	(8 CPU)

04时38分01秒  CPU    %usr   %nice    %sys %iowait    %irq   %soft  %steal  %guest   %idle
04时38分02秒  all   88.99    0.00   10.14    0.00    0.00    0.00    0.00    0.00    0.88
平均时间:  all   88.99    0.00   10.14    0.00    0.00    0.00    0.00    0.00    0.88

Linux 2.6.32-431.el6.x86_64 (slave1) 	2019年07月24日 	_x86_64_	(8 CPU)

04时38分05秒  CPU    %usr   %nice    %sys %iowait    %irq   %soft  %steal  %guest   %idle
04时38分06秒  all   92.72    0.00    6.78    0.00    0.00    0.25    0.00    0.00    0.25
平均时间:  all   92.72    0.00    6.78    0.00    0.00    0.25    0.00    0.00    0.25

Linux 2.6.32-431.el6.x86_64 (slave1) 	2019年07月24日 	_x86_64_	(8 CPU)

04时38分09秒  CPU    %usr   %nice    %sys %iowait    %irq   %soft  %steal  %guest   %idle
04时38分10秒  all   88.47    0.00    8.98    0.00    0.00    2.55    0.00    0.00    0.00
平均时间:  all   88.47    0.00    8.98    0.00    0.00    2.55    0.00    0.00    0.00

Linux 2.6.32-431.el6.x86_64 (slave1) 	2019年07月24日 	_x86_64_	(8 CPU)

04时38分14秒  CPU    %usr   %nice    %sys %iowait    %irq   %soft  %steal  %guest   %idle
04时38分15秒  all   91.08    0.00    6.03    0.00    0.00    0.38    0.00    0.00    2.51
平均时间:  all   91.08    0.00    6.03    0.00    0.00    0.38    0.00    0.00    2.51

Linux 2.6.32-431.el6.x86_64 (slave1) 	2019年07月24日 	_x86_64_	(8 CPU)

04时38分18秒  CPU    %usr   %nice    %sys %iowait    %irq   %soft  %steal  %guest   %idle
04时38分19秒  all   88.52    0.00    6.56    0.00    0.00    1.01    0.00    0.00    3.91
平均时间:  all   88.52    0.00    6.56    0.00    0.00    1.01    0.00    0.00    3.91

Linux 2.6.32-431.el6.x86_64 (slave1) 	2019年07月24日 	_x86_64_	(8 CPU)

04时38分22秒  CPU    %usr   %nice    %sys %iowait    %irq   %soft  %steal  %guest   %idle
04时38分23秒  all   82.28    0.00    6.84    0.00    0.00    1.27    0.00    0.00    9.62
平均时间:  all   82.28    0.00    6.84    0.00    0.00    1.27    0.00    0.00    9.62

Linux 2.6.32-431.el6.x86_64 (slave1) 	2019年07月24日 	_x86_64_	(8 CPU)

04时38分26秒  CPU    %usr   %nice    %sys %iowait    %irq   %soft  %steal  %guest   %idle
04时38分27秒  all   88.92    0.00    7.56    0.00    0.00    0.88    0.00    0.00    2.64
平均时间:  all   88.92    0.00    7.56    0.00    0.00    0.88    0.00    0.00    2.64

Linux 2.6.32-431.el6.x86_64 (slave1) 	2019年07月24日 	_x86_64_	(8 CPU)

04时38分30秒  CPU    %usr   %nice    %sys %iowait    %irq   %soft  %steal  %guest   %idle
04时38分31秒  all   89.43    0.00    7.55    0.00    0.25    0.88    0.00    0.00    1.89
平均时间:  all   89.43    0.00    7.55    0.00    0.25    0.88    0.00    0.00    1.89

Linux 2.6.32-431.el6.x86_64 (slave1) 	2019年07月24日 	_x86_64_	(8 CPU)

04时38分34秒  CPU    %usr   %nice    %sys %iowait    %irq   %soft  %steal  %guest   %idle
04时38分35秒  all   91.48    0.00    7.52    0.00    0.00    0.63    0.00    0.00    0.38
平均时间:  all   91.48    0.00    7.52    0.00    0.00    0.63    0.00    0.00    0.38

Linux 2.6.32-431.el6.x86_64 (slave1) 	2019年07月24日 	_x86_64_	(8 CPU)

04时38分38秒  CPU    %usr   %nice    %sys %iowait    %irq   %soft  %steal  %guest   %idle
04时38分39秒  all   76.11    0.00    7.46    0.00    0.00    0.38    0.00    0.00   16.06
平均时间:  all   76.11    0.00    7.46    0.00    0.00    0.38    0.00    0.00   16.06

Linux 2.6.32-431.el6.x86_64 (slave1) 	2019年07月24日 	_x86_64_	(8 CPU)

04时38分42秒  CPU    %usr   %nice    %sys %iowait    %irq   %soft  %steal  %guest   %idle
04时38分43秒  all   95.88    0.00    4.00    0.00    0.00    0.00    0.00    0.00    0.12
平均时间:  all   95.88    0.00    4.00    0.00    0.00    0.00    0.00    0.00    0.12

Linux 2.6.32-431.el6.x86_64 (slave1) 	2019年07月24日 	_x86_64_	(8 CPU)

04时38分46秒  CPU    %usr   %nice    %sys %iowait    %irq   %soft  %steal  %guest   %idle
04时38分47秒  all   91.76    0.00    6.99    0.00    0.12    1.12    0.00    0.00    0.00
平均时间:  all   91.76    0.00    6.99    0.00    0.12    1.12    0.00    0.00    0.00

Linux 2.6.32-431.el6.x86_64 (slave1) 	2019年07月24日 	_x86_64_	(8 CPU)

04时38分50秒  CPU    %usr   %nice    %sys %iowait    %irq   %soft  %steal  %guest   %idle
04时38分51秒  all   78.41    0.00   13.51    0.00    0.00    0.76    0.00    0.00    7.32
平均时间:  all   78.41    0.00   13.51    0.00    0.00    0.76    0.00    0.00    7.32

Linux 2.6.32-431.el6.x86_64 (slave1) 	2019年07月24日 	_x86_64_	(8 CPU)

04时38分54秒  CPU    %usr   %nice    %sys %iowait    %irq   %soft  %steal  %guest   %idle
04时38分55秒  all   77.46    0.00   14.48    0.00    0.00    0.88    0.00    0.00    7.18
平均时间:  all   77.46    0.00   14.48    0.00    0.00    0.88    0.00    0.00    7.18

Linux 2.6.32-431.el6.x86_64 (slave1) 	2019年07月24日 	_x86_64_	(8 CPU)

04时38分58秒  CPU    %usr   %nice    %sys %iowait    %irq   %soft  %steal  %guest   %idle
04时38分59秒  all   83.79    0.00   11.68    0.00    0.00    0.13    0.00    0.00    4.40
平均时间:  all   83.79    0.00   11.68    0.00    0.00    0.13    0.00    0.00    4.40

Linux 2.6.32-431.el6.x86_64 (slave1) 	2019年07月24日 	_x86_64_	(8 CPU)

04时39分02秒  CPU    %usr   %nice    %sys %iowait    %irq   %soft  %steal  %guest   %idle
04时39分03秒  all   66.37    0.00    5.44    0.13    0.00    0.00    0.00    0.00   28.07
平均时间:  all   66.37    0.00    5.44    0.13    0.00    0.00    0.00    0.00   28.07

Linux 2.6.32-431.el6.x86_64 (slave1) 	2019年07月24日 	_x86_64_	(8 CPU)

04时39分06秒  CPU    %usr   %nice    %sys %iowait    %irq   %soft  %steal  %guest   %idle
04时39分07秒  all   88.18    0.00    5.28    0.00    0.00    0.00    0.00    0.00    6.54
平均时间:  all   88.18    0.00    5.28    0.00    0.00    0.00    0.00    0.00    6.54

Linux 2.6.32-431.el6.x86_64 (slave1) 	2019年07月24日 	_x86_64_	(8 CPU)

04时39分10秒  CPU    %usr   %nice    %sys %iowait    %irq   %soft  %steal  %guest   %idle
04时39分11秒  all   93.50    0.00    6.00    0.00    0.00    0.00    0.00    0.00    0.50
平均时间:  all   93.50    0.00    6.00    0.00    0.00    0.00    0.00    0.00    0.50

Linux 2.6.32-431.el6.x86_64 (slave1) 	2019年07月24日 	_x86_64_	(8 CPU)

04时39分14秒  CPU    %usr   %nice    %sys %iowait    %irq   %soft  %steal  %guest   %idle
04时39分15秒  all   46.89    0.00    3.05    0.00    0.00    0.76    0.00    0.00   49.30
平均时间:  all   46.89    0.00    3.05    0.00    0.00    0.76    0.00    0.00   49.30

Linux 2.6.32-431.el6.x86_64 (slave1) 	2019年07月24日 	_x86_64_	(8 CPU)

04时39分18秒  CPU    %usr   %nice    %sys %iowait    %irq   %soft  %steal  %guest   %idle
04时39分19秒  all   50.00    0.00    5.12    0.00    0.00    1.41    0.00    0.00   43.48
平均时间:  all   50.00    0.00    5.12    0.00    0.00    1.41    0.00    0.00   43.48

Linux 2.6.32-431.el6.x86_64 (slave1) 	2019年07月24日 	_x86_64_	(8 CPU)

04时39分22秒  CPU    %usr   %nice    %sys %iowait    %irq   %soft  %steal  %guest   %idle
04时39分23秒  all   58.54    0.00    7.57    0.00    0.13    0.90    0.00    0.00   32.86
平均时间:  all   58.54    0.00    7.57    0.00    0.13    0.90    0.00    0.00   32.86

Linux 2.6.32-431.el6.x86_64 (slave1) 	2019年07月24日 	_x86_64_	(8 CPU)

04时39分26秒  CPU    %usr   %nice    %sys %iowait    %irq   %soft  %steal  %guest   %idle
04时39分27秒  all   69.57    0.00    7.16    0.00    0.13    0.51    0.00    0.00   22.63
平均时间:  all   69.57    0.00    7.16    0.00    0.13    0.51    0.00    0.00   22.63

Linux 2.6.32-431.el6.x86_64 (slave1) 	2019年07月24日 	_x86_64_	(8 CPU)

04时39分30秒  CPU    %usr   %nice    %sys %iowait    %irq   %soft  %steal  %guest   %idle
04时39分31秒  all   43.25    0.00    5.71    0.00    0.13    1.56    0.00    0.00   49.35
平均时间:  all   43.25    0.00    5.71    0.00    0.13    1.56    0.00    0.00   49.35

Linux 2.6.32-431.el6.x86_64 (slave1) 	2019年07月24日 	_x86_64_	(8 CPU)

04时39分34秒  CPU    %usr   %nice    %sys %iowait    %irq   %soft  %steal  %guest   %idle
04时39分35秒  all   44.34    0.00    7.46    0.00    0.13    2.83    0.00    0.00   45.24
平均时间:  all   44.34    0.00    7.46    0.00    0.13    2.83    0.00    0.00   45.24

Linux 2.6.32-431.el6.x86_64 (slave1) 	2019年07月24日 	_x86_64_	(8 CPU)

04时39分38秒  CPU    %usr   %nice    %sys %iowait    %irq   %soft  %steal  %guest   %idle
04时39分39秒  all   86.04    0.00    6.42    0.00    0.13    0.75    0.00    0.00    6.67
平均时间:  all   86.04    0.00    6.42    0.00    0.13    0.75    0.00    0.00    6.67

Linux 2.6.32-431.el6.x86_64 (slave1) 	2019年07月24日 	_x86_64_	(8 CPU)

04时39分42秒  CPU    %usr   %nice    %sys %iowait    %irq   %soft  %steal  %guest   %idle
04时39分43秒  all   86.73    0.00    9.39    0.00    0.13    0.88    0.00    0.00    2.88
平均时间:  all   86.73    0.00    9.39    0.00    0.13    0.88    0.00    0.00    2.88

Linux 2.6.32-431.el6.x86_64 (slave1) 	2019年07月24日 	_x86_64_	(8 CPU)

04时39分46秒  CPU    %usr   %nice    %sys %iowait    %irq   %soft  %steal  %guest   %idle
04时39分47秒  all   72.76    0.00   13.87    0.00    0.00    0.76    0.00    0.00   12.61
平均时间:  all   72.76    0.00   13.87    0.00    0.00    0.76    0.00    0.00   12.61

Linux 2.6.32-431.el6.x86_64 (slave1) 	2019年07月24日 	_x86_64_	(8 CPU)

04时39分50秒  CPU    %usr   %nice    %sys %iowait    %irq   %soft  %steal  %guest   %idle
04时39分51秒  all   91.50    0.00    8.25    0.00    0.00    0.00    0.00    0.00    0.25
平均时间:  all   91.50    0.00    8.25    0.00    0.00    0.00    0.00    0.00    0.25

Linux 2.6.32-431.el6.x86_64 (slave1) 	2019年07月24日 	_x86_64_	(8 CPU)

04时39分54秒  CPU    %usr   %nice    %sys %iowait    %irq   %soft  %steal  %guest   %idle
04时39分55秒  all   90.08    0.00    8.79    0.00    0.00    0.00    0.00    0.00    1.13
平均时间:  all   90.08    0.00    8.79    0.00    0.00    0.00    0.00    0.00    1.13

Linux 2.6.32-431.el6.x86_64 (slave1) 	2019年07月24日 	_x86_64_	(8 CPU)

04时39分58秒  CPU    %usr   %nice    %sys %iowait    %irq   %soft  %steal  %guest   %idle
04时39分59秒  all   87.75    0.00   11.12    0.00    0.12    0.12    0.00    0.00    0.88
平均时间:  all   87.75    0.00   11.12    0.00    0.12    0.12    0.00    0.00    0.88

Linux 2.6.32-431.el6.x86_64 (slave1) 	2019年07月24日 	_x86_64_	(8 CPU)

04时40分02秒  CPU    %usr   %nice    %sys %iowait    %irq   %soft  %steal  %guest   %idle
04时40分03秒  all   84.69    0.00    8.28    0.00    0.00    0.13    0.00    0.00    6.90
平均时间:  all   84.69    0.00    8.28    0.00    0.00    0.13    0.00    0.00    6.90

Linux 2.6.32-431.el6.x86_64 (slave1) 	2019年07月24日 	_x86_64_	(8 CPU)

04时40分06秒  CPU    %usr   %nice    %sys %iowait    %irq   %soft  %steal  %guest   %idle
04时40分07秒  all   75.86    0.00   12.64    0.00    0.00    0.38    0.00    0.00   11.11
平均时间:  all   75.86    0.00   12.64    0.00    0.00    0.38    0.00    0.00   11.11

Linux 2.6.32-431.el6.x86_64 (slave1) 	2019年07月24日 	_x86_64_	(8 CPU)

04时40分11秒  CPU    %usr   %nice    %sys %iowait    %irq   %soft  %steal  %guest   %idle
04时40分12秒  all   47.75    0.00    6.42    0.00    0.00    0.00    0.00    0.00   45.83
平均时间:  all   47.75    0.00    6.42    0.00    0.00    0.00    0.00    0.00   45.83

Linux 2.6.32-431.el6.x86_64 (slave1) 	2019年07月24日 	_x86_64_	(8 CPU)

04时40分15秒  CPU    %usr   %nice    %sys %iowait    %irq   %soft  %steal  %guest   %idle
04时40分16秒  all   93.25    0.00    6.38    0.00    0.12    0.12    0.00    0.00    0.12
平均时间:  all   93.25    0.00    6.38    0.00    0.12    0.12    0.00    0.00    0.12

Linux 2.6.32-431.el6.x86_64 (slave1) 	2019年07月24日 	_x86_64_	(8 CPU)

04时40分19秒  CPU    %usr   %nice    %sys %iowait    %irq   %soft  %steal  %guest   %idle
04时40分20秒  all   88.29    0.00    9.86    0.00    0.00    1.23    0.00    0.00    0.62
平均时间:  all   88.29    0.00    9.86    0.00    0.00    1.23    0.00    0.00    0.62

Linux 2.6.32-431.el6.x86_64 (slave1) 	2019年07月24日 	_x86_64_	(8 CPU)

04时40分23秒  CPU    %usr   %nice    %sys %iowait    %irq   %soft  %steal  %guest   %idle
04时40分24秒  all   61.33    0.00    9.73    0.00    0.00    0.51    0.00    0.00   28.43
平均时间:  all   61.33    0.00    9.73    0.00    0.00    0.51    0.00    0.00   28.43

Linux 2.6.32-431.el6.x86_64 (slave1) 	2019年07月24日 	_x86_64_	(8 CPU)

04时40分27秒  CPU    %usr   %nice    %sys %iowait    %irq   %soft  %steal  %guest   %idle
04时40分28秒  all   56.98    0.00    6.02    0.00    0.00    0.64    0.00    0.00   36.36
平均时间:  all   56.98    0.00    6.02    0.00    0.00    0.64    0.00    0.00   36.36

Linux 2.6.32-431.el6.x86_64 (slave1) 	2019年07月24日 	_x86_64_	(8 CPU)

04时40分31秒  CPU    %usr   %nice    %sys %iowait    %irq   %soft  %steal  %guest   %idle
04时40分32秒  all   34.46    0.00    5.57    0.00    0.00    0.91    0.00    0.00   59.07
平均时间:  all   34.46    0.00    5.57    0.00    0.00    0.91    0.00    0.00   59.07

Linux 2.6.32-431.el6.x86_64 (slave1) 	2019年07月24日 	_x86_64_	(8 CPU)

04时40分35秒  CPU    %usr   %nice    %sys %iowait    %irq   %soft  %steal  %guest   %idle
04时40分36秒  all    8.66    0.00    7.77    0.13    0.00    0.00    0.00    0.00   83.44
平均时间:  all    8.66    0.00    7.77    0.13    0.00    0.00    0.00    0.00   83.44

Linux 2.6.32-431.el6.x86_64 (slave1) 	2019年07月24日 	_x86_64_	(8 CPU)

04时40分39秒  CPU    %usr   %nice    %sys %iowait    %irq   %soft  %steal  %guest   %idle
04时40分40秒  all    0.00    0.00    0.00    0.00    0.00    0.00    0.00    0.00  100.00
平均时间:  all    0.00    0.00    0.00    0.00    0.00    0.00    0.00    0.00  100.00

Linux 2.6.32-431.el6.x86_64 (slave1) 	2019年07月24日 	_x86_64_	(8 CPU)

04时40分43秒  CPU    %usr   %nice    %sys %iowait    %irq   %soft  %steal  %guest   %idle
04时40分44秒  all    0.00    0.00    0.00    0.00    0.00    0.00    0.00    0.00  100.00
平均时间:  all    0.00    0.00    0.00    0.00    0.00    0.00    0.00    0.00  100.00

Linux 2.6.32-431.el6.x86_64 (slave1) 	2019年07月24日 	_x86_64_	(8 CPU)

04时40分47秒  CPU    %usr   %nice    %sys %iowait    %irq   %soft  %steal  %guest   %idle
04时40分48秒  all    0.00    0.00    0.00    0.00    0.00    0.00    0.00    0.00  100.00
平均时间:  all    0.00    0.00    0.00    0.00    0.00    0.00    0.00    0.00  100.00

Linux 2.6.32-431.el6.x86_64 (slave1) 	2019年07月24日 	_x86_64_	(8 CPU)

04时40分51秒  CPU    %usr   %nice    %sys %iowait    %irq   %soft  %steal  %guest   %idle
04时40分52秒  all    0.00    0.00    0.00    0.00    0.00    0.00    0.00    0.00  100.00
平均时间:  all    0.00    0.00    0.00    0.00    0.00    0.00    0.00    0.00  100.00

Linux 2.6.32-431.el6.x86_64 (slave1) 	2019年07月24日 	_x86_64_	(8 CPU)

04时40分55秒  CPU    %usr   %nice    %sys %iowait    %irq   %soft  %steal  %guest   %idle
04时40分56秒  all    0.00    0.00    0.13    0.00    0.00    0.00    0.00    0.00   99.87
平均时间:  all    0.00    0.00    0.13    0.00    0.00    0.00    0.00    0.00   99.87

Linux 2.6.32-431.el6.x86_64 (slave1) 	2019年07月24日 	_x86_64_	(8 CPU)

04时40分59秒  CPU    %usr   %nice    %sys %iowait    %irq   %soft  %steal  %guest   %idle
04时41分00秒  all    0.00    0.00    0.00    0.00    0.00    0.00    0.00    0.00  100.00
平均时间:  all    0.00    0.00    0.00    0.00    0.00    0.00    0.00    0.00  100.00

Linux 2.6.32-431.el6.x86_64 (slave1) 	2019年07月24日 	_x86_64_	(8 CPU)

04时41分03秒  CPU    %usr   %nice    %sys %iowait    %irq   %soft  %steal  %guest   %idle
04时41分04秒  all    0.00    0.00    0.00    0.00    0.00    0.00    0.00    0.00  100.00
平均时间:  all    0.00    0.00    0.00    0.00    0.00    0.00    0.00    0.00  100.00

Linux 2.6.32-431.el6.x86_64 (slave1) 	2019年07月24日 	_x86_64_	(8 CPU)

04时41分07秒  CPU    %usr   %nice    %sys %iowait    %irq   %soft  %steal  %guest   %idle
04时41分08秒  all    0.00    0.00    0.00    0.00    0.00    0.00    0.00    0.00  100.00
平均时间:  all    0.00    0.00    0.00    0.00    0.00    0.00    0.00    0.00  100.00

Linux 2.6.32-431.el6.x86_64 (slave1) 	2019年07月24日 	_x86_64_	(8 CPU)

04时41分11秒  CPU    %usr   %nice    %sys %iowait    %irq   %soft  %steal  %guest   %idle
04时41分12秒  all    0.00    0.00    0.00    0.00    0.00    0.00    0.00    0.00  100.00
平均时间:  all    0.00    0.00    0.00    0.00    0.00    0.00    0.00    0.00  100.00

Linux 2.6.32-431.el6.x86_64 (slave1) 	2019年07月24日 	_x86_64_	(8 CPU)

04时41分15秒  CPU    %usr   %nice    %sys %iowait    %irq   %soft  %steal  %guest   %idle
04时41分16秒  all    0.00    0.00    0.00    0.00    0.00    0.00    0.00    0.00  100.00
平均时间:  all    0.00    0.00    0.00    0.00    0.00    0.00    0.00    0.00  100.00

Linux 2.6.32-431.el6.x86_64 (slave1) 	2019年07月24日 	_x86_64_	(8 CPU)

04时41分19秒  CPU    %usr   %nice    %sys %iowait    %irq   %soft  %steal  %guest   %idle
04时41分20秒  all    0.25    0.00    0.25    0.00    0.00    0.00    0.00    0.00   99.50
平均时间:  all    0.25    0.00    0.25    0.00    0.00    0.00    0.00    0.00   99.50

Linux 2.6.32-431.el6.x86_64 (slave1) 	2019年07月24日 	_x86_64_	(8 CPU)

04时41分23秒  CPU    %usr   %nice    %sys %iowait    %irq   %soft  %steal  %guest   %idle
04时41分24秒  all    0.13    0.00    1.14    0.00    0.13    0.13    0.00    0.00   98.48
平均时间:  all    0.13    0.00    1.14    0.00    0.13    0.13    0.00    0.00   98.48

Linux 2.6.32-431.el6.x86_64 (slave1) 	2019年07月24日 	_x86_64_	(8 CPU)

04时41分27秒  CPU    %usr   %nice    %sys %iowait    %irq   %soft  %steal  %guest   %idle
04时41分28秒  all    0.00    0.00    0.88    0.00    0.00    0.13    0.00    0.00   98.99
平均时间:  all    0.00    0.00    0.88    0.00    0.00    0.13    0.00    0.00   98.99

Linux 2.6.32-431.el6.x86_64 (slave1) 	2019年07月24日 	_x86_64_	(8 CPU)

04时41分31秒  CPU    %usr   %nice    %sys %iowait    %irq   %soft  %steal  %guest   %idle
04时41分32秒  all    0.00    0.00    0.75    0.00    0.00    0.00    0.00    0.00   99.25
平均时间:  all    0.00    0.00    0.75    0.00    0.00    0.00    0.00    0.00   99.25

Linux 2.6.32-431.el6.x86_64 (slave1) 	2019年07月24日 	_x86_64_	(8 CPU)

04时41分35秒  CPU    %usr   %nice    %sys %iowait    %irq   %soft  %steal  %guest   %idle
04时41分36秒  all    2.14    0.00    1.26    0.00    0.00    0.00    0.00    0.00   96.60
平均时间:  all    2.14    0.00    1.26    0.00    0.00    0.00    0.00    0.00   96.60

Linux 2.6.32-431.el6.x86_64 (slave1) 	2019年07月24日 	_x86_64_	(8 CPU)

04时41分39秒  CPU    %usr   %nice    %sys %iowait    %irq   %soft  %steal  %guest   %idle
04时41分40秒  all    0.00    0.00    0.00    0.00    0.00    0.00    0.00    0.00  100.00
平均时间:  all    0.00    0.00    0.00    0.00    0.00    0.00    0.00    0.00  100.00

Linux 2.6.32-431.el6.x86_64 (slave1) 	2019年07月24日 	_x86_64_	(8 CPU)
