
Linux 2.6.32-431.el6.x86_64 (slave2) 	2019年07月24日 	_x86_64_	(8 CPU)

04时35分33秒  CPU    %usr   %nice    %sys %iowait    %irq   %soft  %steal  %guest   %idle
04时35分34秒  all    0.13    0.00    0.13    0.00    0.00    0.00    0.00    0.00   99.75
平均时间:  all    0.13    0.00    0.13    0.00    0.00    0.00    0.00    0.00   99.75

Linux 2.6.32-431.el6.x86_64 (slave2) 	2019年07月24日 	_x86_64_	(8 CPU)

04时35分37秒  CPU    %usr   %nice    %sys %iowait    %irq   %soft  %steal  %guest   %idle
04时35分38秒  all    0.13    0.00    0.13    0.00    0.00    0.00    0.00    0.00   99.75
平均时间:  all    0.13    0.00    0.13    0.00    0.00    0.00    0.00    0.00   99.75

Linux 2.6.32-431.el6.x86_64 (slave2) 	2019年07月24日 	_x86_64_	(8 CPU)

04时35分41秒  CPU    %usr   %nice    %sys %iowait    %irq   %soft  %steal  %guest   %idle
04时35分42秒  all    0.00    0.00    0.00    0.00    0.00    0.00    0.00    0.00  100.00
平均时间:  all    0.00    0.00    0.00    0.00    0.00    0.00    0.00    0.00  100.00

Linux 2.6.32-431.el6.x86_64 (slave2) 	2019年07月24日 	_x86_64_	(8 CPU)

04时35分45秒  CPU    %usr   %nice    %sys %iowait    %irq   %soft  %steal  %guest   %idle
04时35分46秒  all    0.00    0.00    0.00    0.00    0.00    0.00    0.00    0.00  100.00
平均时间:  all    0.00    0.00    0.00    0.00    0.00    0.00    0.00    0.00  100.00

Linux 2.6.32-431.el6.x86_64 (slave2) 	2019年07月24日 	_x86_64_	(8 CPU)

04时35分49秒  CPU    %usr   %nice    %sys %iowait    %irq   %soft  %steal  %guest   %idle
04时35分50秒  all    1.16    0.00    5.28    0.00    0.39    2.06    0.00    0.00   91.12
平均时间:  all    1.16    0.00    5.28    0.00    0.39    2.06    0.00    0.00   91.12

Linux 2.6.32-431.el6.x86_64 (slave2) 	2019年07月24日 	_x86_64_	(8 CPU)

04时35分53秒  CPU    %usr   %nice    %sys %iowait    %irq   %soft  %steal  %guest   %idle
04时35分54秒  all    1.33    0.00    7.87    0.00    0.67   11.73    0.00    0.00   78.40
平均时间:  all    1.33    0.00    7.87    0.00    0.67   11.73    0.00    0.00   78.40

Linux 2.6.32-431.el6.x86_64 (slave2) 	2019年07月24日 	_x86_64_	(8 CPU)

04时35分57秒  CPU    %usr   %nice    %sys %iowait    %irq   %soft  %steal  %guest   %idle
04时35分58秒  all    1.05    0.00    9.49    0.00    0.66   13.31    0.00    0.00   75.49
平均时间:  all    1.05    0.00    9.49    0.00    0.66   13.31    0.00    0.00   75.49

Linux 2.6.32-431.el6.x86_64 (slave2) 	2019年07月24日 	_x86_64_	(8 CPU)

04时36分02秒  CPU    %usr   %nice    %sys %iowait    %irq   %soft  %steal  %guest   %idle
04时36分03秒  all    0.91    0.00    8.36    0.00    0.78   16.71    0.00    0.00   73.24
平均时间:  all    0.91    0.00    8.36    0.00    0.78   16.71    0.00    0.00   73.24

Linux 2.6.32-431.el6.x86_64 (slave2) 	2019年07月24日 	_x86_64_	(8 CPU)

04时36分06秒  CPU    %usr   %nice    %sys %iowait    %irq   %soft  %steal  %guest   %idle
04时36分07秒  all    2.37    0.00    9.76    0.00    0.66   15.70    0.00    0.00   71.50
平均时间:  all    2.37    0.00    9.76    0.00    0.66   15.70    0.00    0.00   71.50

Linux 2.6.32-431.el6.x86_64 (slave2) 	2019年07月24日 	_x86_64_	(8 CPU)

04时36分10秒  CPU    %usr   %nice    %sys %iowait    %irq   %soft  %steal  %guest   %idle
04时36分11秒  all   30.32    0.00   27.74    0.00    0.13   16.52    0.00    0.00   25.29
平均时间:  all   30.32    0.00   27.74    0.00    0.13   16.52    0.00    0.00   25.29

Linux 2.6.32-431.el6.x86_64 (slave2) 	2019年07月24日 	_x86_64_	(8 CPU)

04时36分14秒  CPU    %usr   %nice    %sys %iowait    %irq   %soft  %steal  %guest   %idle
04时36分15秒  all   68.13    0.00   25.22    0.00    0.00    3.39    0.00    0.00    3.26
平均时间:  all   68.13    0.00   25.22    0.00    0.00    3.39    0.00    0.00    3.26

Linux 2.6.32-431.el6.x86_64 (slave2) 	2019年07月24日 	_x86_64_	(8 CPU)

04时36分18秒  CPU    %usr   %nice    %sys %iowait    %irq   %soft  %steal  %guest   %idle
04时36分19秒  all   92.88    0.00    6.75    0.00    0.00    0.00    0.00    0.00    0.38
平均时间:  all   92.88    0.00    6.75    0.00    0.00    0.00    0.00    0.00    0.38

Linux 2.6.32-431.el6.x86_64 (slave2) 	2019年07月24日 	_x86_64_	(8 CPU)

04时36分22秒  CPU    %usr   %nice    %sys %iowait    %irq   %soft  %steal  %guest   %idle
04时36分23秒  all   88.86    0.00    8.89    0.00    0.00    0.13    0.00    0.00    2.13
平均时间:  all   88.86    0.00    8.89    0.00    0.00    0.13    0.00    0.00    2.13

Linux 2.6.32-431.el6.x86_64 (slave2) 	2019年07月24日 	_x86_64_	(8 CPU)

04时36分26秒  CPU    %usr   %nice    %sys %iowait    %irq   %soft  %steal  %guest   %idle
04时36分27秒  all   94.49    0.00    5.26    0.00    0.00    0.00    0.00    0.00    0.25
平均时间:  all   94.49    0.00    5.26    0.00    0.00    0.00    0.00    0.00    0.25

Linux 2.6.32-431.el6.x86_64 (slave2) 	2019年07月24日 	_x86_64_	(8 CPU)

04时36分30秒  CPU    %usr   %nice    %sys %iowait    %irq   %soft  %steal  %guest   %idle
04时36分31秒  all   82.55    0.00    7.84    0.00    0.00    0.00    0.00    0.00    9.61
平均时间:  all   82.55    0.00    7.84    0.00    0.00    0.00    0.00    0.00    9.61

Linux 2.6.32-431.el6.x86_64 (slave2) 	2019年07月24日 	_x86_64_	(8 CPU)

04时36分34秒  CPU    %usr   %nice    %sys %iowait    %irq   %soft  %steal  %guest   %idle
04时36分35秒  all    9.77    0.00    1.40    0.00    0.00    0.00    0.00    0.00   88.83
平均时间:  all    9.77    0.00    1.40    0.00    0.00    0.00    0.00    0.00   88.83

Linux 2.6.32-431.el6.x86_64 (slave2) 	2019年07月24日 	_x86_64_	(8 CPU)

04时36分38秒  CPU    %usr   %nice    %sys %iowait    %irq   %soft  %steal  %guest   %idle
04时36分39秒  all    1.52    0.00    0.76    0.00    0.00    0.00    0.00    0.00   97.72
平均时间:  all    1.52    0.00    0.76    0.00    0.00    0.00    0.00    0.00   97.72

Linux 2.6.32-431.el6.x86_64 (slave2) 	2019年07月24日 	_x86_64_	(8 CPU)

04时36分42秒  CPU    %usr   %nice    %sys %iowait    %irq   %soft  %steal  %guest   %idle
04时36分43秒  all   30.46    0.00    4.06    0.00    0.00    0.00    0.00    0.00   65.48
平均时间:  all   30.46    0.00    4.06    0.00    0.00    0.00    0.00    0.00   65.48

Linux 2.6.32-431.el6.x86_64 (slave2) 	2019年07月24日 	_x86_64_	(8 CPU)

04时36分46秒  CPU    %usr   %nice    %sys %iowait    %irq   %soft  %steal  %guest   %idle
04时36分47秒  all   20.00    0.00    3.31    0.00    0.00    0.00    0.00    0.00   76.69
平均时间:  all   20.00    0.00    3.31    0.00    0.00    0.00    0.00    0.00   76.69

Linux 2.6.32-431.el6.x86_64 (slave2) 	2019年07月24日 	_x86_64_	(8 CPU)

04时36分50秒  CPU    %usr   %nice    %sys %iowait    %irq   %soft  %steal  %guest   %idle
04时36分51秒  all   32.10    0.00    7.13    0.00    0.00    1.78    0.00    0.00   58.98
平均时间:  all   32.10    0.00    7.13    0.00    0.00    1.78    0.00    0.00   58.98

Linux 2.6.32-431.el6.x86_64 (slave2) 	2019年07月24日 	_x86_64_	(8 CPU)

04时36分54秒  CPU    %usr   %nice    %sys %iowait    %irq   %soft  %steal  %guest   %idle
04时36分55秒  all   23.89    0.00    3.94    0.00    0.00    0.00    0.00    0.00   72.17
平均时间:  all   23.89    0.00    3.94    0.00    0.00    0.00    0.00    0.00   72.17

Linux 2.6.32-431.el6.x86_64 (slave2) 	2019年07月24日 	_x86_64_	(8 CPU)

04时36分58秒  CPU    %usr   %nice    %sys %iowait    %irq   %soft  %steal  %guest   %idle
04时36分59秒  all   58.04    0.00    7.53    0.00    0.00    0.13    0.00    0.00   34.31
平均时间:  all   58.04    0.00    7.53    0.00    0.00    0.13    0.00    0.00   34.31

Linux 2.6.32-431.el6.x86_64 (slave2) 	2019年07月24日 	_x86_64_	(8 CPU)

04时37分02秒  CPU    %usr   %nice    %sys %iowait    %irq   %soft  %steal  %guest   %idle
04时37分03秒  all   55.77    0.00    6.28    0.00    0.00    0.00    0.00    0.00   37.95
平均时间:  all   55.77    0.00    6.28    0.00    0.00    0.00    0.00    0.00   37.95

Linux 2.6.32-431.el6.x86_64 (slave2) 	2019年07月24日 	_x86_64_	(8 CPU)

04时37分06秒  CPU    %usr   %nice    %sys %iowait    %irq   %soft  %steal  %guest   %idle
04时37分07秒  all   19.85    0.00    5.51    0.00    0.00    0.00    0.00    0.00   74.65
平均时间:  all   19.85    0.00    5.51    0.00    0.00    0.00    0.00    0.00   74.65

Linux 2.6.32-431.el6.x86_64 (slave2) 	2019年07月24日 	_x86_64_	(8 CPU)

04时37分10秒  CPU    %usr   %nice    %sys %iowait    %irq   %soft  %steal  %guest   %idle
04时37分11秒  all    0.89    0.00    0.76    0.00    0.00    0.13    0.00    0.00   98.22
平均时间:  all    0.89    0.00    0.76    0.00    0.00    0.13    0.00    0.00   98.22

Linux 2.6.32-431.el6.x86_64 (slave2) 	2019年07月24日 	_x86_64_	(8 CPU)

04时37分14秒  CPU    %usr   %nice    %sys %iowait    %irq   %soft  %steal  %guest   %idle
04时37分15秒  all   54.41    0.00    6.26    0.00    0.00    0.00    0.00    0.00   39.34
平均时间:  all   54.41    0.00    6.26    0.00    0.00    0.00    0.00    0.00   39.34

Linux 2.6.32-431.el6.x86_64 (slave2) 	2019年07月24日 	_x86_64_	(8 CPU)

04时37分18秒  CPU    %usr   %nice    %sys %iowait    %irq   %soft  %steal  %guest   %idle
04时37分19秒  all   35.47    0.00    4.74    0.00    0.00    0.26    0.00    0.00   59.54
平均时间:  all   35.47    0.00    4.74    0.00    0.00    0.26    0.00    0.00   59.54

Linux 2.6.32-431.el6.x86_64 (slave2) 	2019年07月24日 	_x86_64_	(8 CPU)

04时37分22秒  CPU    %usr   %nice    %sys %iowait    %irq   %soft  %steal  %guest   %idle
04时37分23秒  all   30.40    0.00    4.60    0.00    0.00    0.26    0.00    0.00   64.75
平均时间:  all   30.40    0.00    4.60    0.00    0.00    0.26    0.00    0.00   64.75

Linux 2.6.32-431.el6.x86_64 (slave2) 	2019年07月24日 	_x86_64_	(8 CPU)

04时37分26秒  CPU    %usr   %nice    %sys %iowait    %irq   %soft  %steal  %guest   %idle
04时37分27秒  all   25.76    0.00    0.89    0.00    0.00    0.25    0.00    0.00   73.10
平均时间:  all   25.76    0.00    0.89    0.00    0.00    0.25    0.00    0.00   73.10

Linux 2.6.32-431.el6.x86_64 (slave2) 	2019年07月24日 	_x86_64_	(8 CPU)

04时37分30秒  CPU    %usr   %nice    %sys %iowait    %irq   %soft  %steal  %guest   %idle
04时37分31秒  all   53.82    0.00    4.96    0.00    0.00    0.51    0.00    0.00   40.71
平均时间:  all   53.82    0.00    4.96    0.00    0.00    0.51    0.00    0.00   40.71

Linux 2.6.32-431.el6.x86_64 (slave2) 	2019年07月24日 	_x86_64_	(8 CPU)

04时37分34秒  CPU    %usr   %nice    %sys %iowait    %irq   %soft  %steal  %guest   %idle
04时37分35秒  all   62.28    0.00   18.23    0.00    0.25   13.04    0.00    0.00    6.20
平均时间:  all   62.28    0.00   18.23    0.00    0.25   13.04    0.00    0.00    6.20

Linux 2.6.32-431.el6.x86_64 (slave2) 	2019年07月24日 	_x86_64_	(8 CPU)

04时37分38秒  CPU    %usr   %nice    %sys %iowait    %irq   %soft  %steal  %guest   %idle
04时37分39秒  all   36.51    0.00   15.57    0.00    0.13   17.45    0.00    0.00   30.34
平均时间:  all   36.51    0.00   15.57    0.00    0.13   17.45    0.00    0.00   30.34

Linux 2.6.32-431.el6.x86_64 (slave2) 	2019年07月24日 	_x86_64_	(8 CPU)

04时37分42秒  CPU    %usr   %nice    %sys %iowait    %irq   %soft  %steal  %guest   %idle
04时37分43秒  all   47.46    0.00   15.60    0.00    0.52    8.71    0.00    0.00   27.70
平均时间:  all   47.46    0.00   15.60    0.00    0.52    8.71    0.00    0.00   27.70

Linux 2.6.32-431.el6.x86_64 (slave2) 	2019年07月24日 	_x86_64_	(8 CPU)

04时37分46秒  CPU    %usr   %nice    %sys %iowait    %irq   %soft  %steal  %guest   %idle
04时37分47秒  all   59.76    0.00   15.78    0.00    0.13    6.68    0.00    0.00   17.65
平均时间:  all   59.76    0.00   15.78    0.00    0.13    6.68    0.00    0.00   17.65

Linux 2.6.32-431.el6.x86_64 (slave2) 	2019年07月24日 	_x86_64_	(8 CPU)

04时37分50秒  CPU    %usr   %nice    %sys %iowait    %irq   %soft  %steal  %guest   %idle
04时37分51秒  all   57.05    0.00   15.39    0.00    0.26    7.63    0.00    0.00   19.66
平均时间:  all   57.05    0.00   15.39    0.00    0.26    7.63    0.00    0.00   19.66

Linux 2.6.32-431.el6.x86_64 (slave2) 	2019年07月24日 	_x86_64_	(8 CPU)

04时37分54秒  CPU    %usr   %nice    %sys %iowait    %irq   %soft  %steal  %guest   %idle
04时37分55秒  all   55.88    0.00   10.36    0.00    0.13    1.53    0.00    0.00   32.10
平均时间:  all   55.88    0.00   10.36    0.00    0.13    1.53    0.00    0.00   32.10

Linux 2.6.32-431.el6.x86_64 (slave2) 	2019年07月24日 	_x86_64_	(8 CPU)

04时37分58秒  CPU    %usr   %nice    %sys %iowait    %irq   %soft  %steal  %guest   %idle
04时37分59秒  all   73.20    0.00   11.25    0.00    0.00    0.25    0.00    0.00   15.30
平均时间:  all   73.20    0.00   11.25    0.00    0.00    0.25    0.00    0.00   15.30

Linux 2.6.32-431.el6.x86_64 (slave2) 	2019年07月24日 	_x86_64_	(8 CPU)

04时38分02秒  CPU    %usr   %nice    %sys %iowait    %irq   %soft  %steal  %guest   %idle
04时38分03秒  all   61.22    0.00    6.89    0.00    0.00    0.38    0.00    0.00   31.51
平均时间:  all   61.22    0.00    6.89    0.00    0.00    0.38    0.00    0.00   31.51

Linux 2.6.32-431.el6.x86_64 (slave2) 	2019年07月24日 	_x86_64_	(8 CPU)

04时38分06秒  CPU    %usr   %nice    %sys %iowait    %irq   %soft  %steal  %guest   %idle
04时38分07秒  all   74.78    0.00   10.01    0.00    0.00    1.90    0.00    0.00   13.31
平均时间:  all   74.78    0.00   10.01    0.00    0.00    1.90    0.00    0.00   13.31

Linux 2.6.32-431.el6.x86_64 (slave2) 	2019年07月24日 	_x86_64_	(8 CPU)

04时38分10秒  CPU    %usr   %nice    %sys %iowait    %irq   %soft  %steal  %guest   %idle
04时38分11秒  all   54.01    0.00    5.35    0.00    0.00    1.15    0.00    0.00   39.49
平均时间:  all   54.01    0.00    5.35    0.00    0.00    1.15    0.00    0.00   39.49

Linux 2.6.32-431.el6.x86_64 (slave2) 	2019年07月24日 	_x86_64_	(8 CPU)

04时38分14秒  CPU    %usr   %nice    %sys %iowait    %irq   %soft  %steal  %guest   %idle
04时38分15秒  all   63.99    0.00    4.33    0.00    0.00    1.15    0.00    0.00   30.53
平均时间:  all   63.99    0.00    4.33    0.00    0.00    1.15    0.00    0.00   30.53

Linux 2.6.32-431.el6.x86_64 (slave2) 	2019年07月24日 	_x86_64_	(8 CPU)

04时38分18秒  CPU    %usr   %nice    %sys %iowait    %irq   %soft  %steal  %guest   %idle
04时38分19秒  all   67.00    0.00    5.06    0.00    0.00    0.63    0.00    0.00   27.31
平均时间:  all   67.00    0.00    5.06    0.00    0.00    0.63    0.00    0.00   27.31

Linux 2.6.32-431.el6.x86_64 (slave2) 	2019年07月24日 	_x86_64_	(8 CPU)

04时38分22秒  CPU    %usr   %nice    %sys %iowait    %irq   %soft  %steal  %guest   %idle
04时38分23秒  all   44.85    0.00    1.40    0.00    0.00    0.89    0.00    0.00   52.86
平均时间:  all   44.85    0.00    1.40    0.00    0.00    0.89    0.00    0.00   52.86

Linux 2.6.32-431.el6.x86_64 (slave2) 	2019年07月24日 	_x86_64_	(8 CPU)

04时38分26秒  CPU    %usr   %nice    %sys %iowait    %irq   %soft  %steal  %guest   %idle
04时38分27秒  all   69.68    0.00    4.71    0.00    0.00    0.76    0.00    0.00   24.84
平均时间:  all   69.68    0.00    4.71    0.00    0.00    0.76    0.00    0.00   24.84

Linux 2.6.32-431.el6.x86_64 (slave2) 	2019年07月24日 	_x86_64_	(8 CPU)

04时38分30秒  CPU    %usr   %nice    %sys %iowait    %irq   %soft  %steal  %guest   %idle
04时38分31秒  all   76.60    0.00    5.79    0.00    0.00    0.63    0.00    0.00   16.98
平均时间:  all   76.60    0.00    5.79    0.00    0.00    0.63    0.00    0.00   16.98

Linux 2.6.32-431.el6.x86_64 (slave2) 	2019年07月24日 	_x86_64_	(8 CPU)

04时38分34秒  CPU    %usr   %nice    %sys %iowait    %irq   %soft  %steal  %guest   %idle
04时38分35秒  all   70.08    0.00    6.14    0.00    0.00    0.51    0.00    0.00   23.27
平均时间:  all   70.08    0.00    6.14    0.00    0.00    0.51    0.00    0.00   23.27

Linux 2.6.32-431.el6.x86_64 (slave2) 	2019年07月24日 	_x86_64_	(8 CPU)

04时38分38秒  CPU    %usr   %nice    %sys %iowait    %irq   %soft  %steal  %guest   %idle
04时38分39秒  all   88.33    0.00    4.64    0.00    0.00    0.75    0.00    0.00    6.27
平均时间:  all   88.33    0.00    4.64    0.00    0.00    0.75    0.00    0.00    6.27

Linux 2.6.32-431.el6.x86_64 (slave2) 	2019年07月24日 	_x86_64_	(8 CPU)

04时38分42秒  CPU    %usr   %nice    %sys %iowait    %irq   %soft  %steal  %guest   %idle
04时38分43秒  all   92.13    0.00    6.49    0.00    0.00    1.25    0.00    0.00    0.12
平均时间:  all   92.13    0.00    6.49    0.00    0.00    1.25    0.00    0.00    0.12

Linux 2.6.32-431.el6.x86_64 (slave2) 	2019年07月24日 	_x86_64_	(8 CPU)

04时38分46秒  CPU    %usr   %nice    %sys %iowait    %irq   %soft  %steal  %guest   %idle
04时38分47秒  all   90.50    0.00    7.25    0.00    0.00    1.62    0.00    0.00    0.62
平均时间:  all   90.50    0.00    7.25    0.00    0.00    1.62    0.00    0.00    0.62

Linux 2.6.32-431.el6.x86_64 (slave2) 	2019年07月24日 	_x86_64_	(8 CPU)

04时38分50秒  CPU    %usr   %nice    %sys %iowait    %irq   %soft  %steal  %guest   %idle
04时38分51秒  all   61.32    0.00   16.30    0.00    0.26    3.10    0.00    0.00   19.02
平均时间:  all   61.32    0.00   16.30    0.00    0.26    3.10    0.00    0.00   19.02

Linux 2.6.32-431.el6.x86_64 (slave2) 	2019年07月24日 	_x86_64_	(8 CPU)

04时38分54秒  CPU    %usr   %nice    %sys %iowait    %irq   %soft  %steal  %guest   %idle
04时38分55秒  all   80.88    0.00   14.72    0.00    0.00    0.13    0.00    0.00    4.28
平均时间:  all   80.88    0.00   14.72    0.00    0.00    0.13    0.00    0.00    4.28

Linux 2.6.32-431.el6.x86_64 (slave2) 	2019年07月24日 	_x86_64_	(8 CPU)

04时38分58秒  CPU    %usr   %nice    %sys %iowait    %irq   %soft  %steal  %guest   %idle
04时38分59秒  all   79.62    0.00   10.00    0.00    0.00    0.00    0.00    0.00   10.38
平均时间:  all   79.62    0.00   10.00    0.00    0.00    0.00    0.00    0.00   10.38

Linux 2.6.32-431.el6.x86_64 (slave2) 	2019年07月24日 	_x86_64_	(8 CPU)

04时39分02秒  CPU    %usr   %nice    %sys %iowait    %irq   %soft  %steal  %guest   %idle
04时39分03秒  all   88.65    0.00   11.10    0.00    0.00    0.12    0.00    0.00    0.12
平均时间:  all   88.65    0.00   11.10    0.00    0.00    0.12    0.00    0.00    0.12

Linux 2.6.32-431.el6.x86_64 (slave2) 	2019年07月24日 	_x86_64_	(8 CPU)

04时39分06秒  CPU    %usr   %nice    %sys %iowait    %irq   %soft  %steal  %guest   %idle
04时39分07秒  all   89.22    0.00    8.90    0.00    0.00    0.50    0.00    0.00    1.38
平均时间:  all   89.22    0.00    8.90    0.00    0.00    0.50    0.00    0.00    1.38

Linux 2.6.32-431.el6.x86_64 (slave2) 	2019年07月24日 	_x86_64_	(8 CPU)

04时39分11秒  CPU    %usr   %nice    %sys %iowait    %irq   %soft  %steal  %guest   %idle
04时39分12秒  all   93.62    0.00    6.12    0.00    0.00    0.12    0.00    0.00    0.12
平均时间:  all   93.62    0.00    6.12    0.00    0.00    0.12    0.00    0.00    0.12

Linux 2.6.32-431.el6.x86_64 (slave2) 	2019年07月24日 	_x86_64_	(8 CPU)

04时39分15秒  CPU    %usr   %nice    %sys %iowait    %irq   %soft  %steal  %guest   %idle
04时39分16秒  all   95.75    0.00    4.25    0.00    0.00    0.00    0.00    0.00    0.00
平均时间:  all   95.75    0.00    4.25    0.00    0.00    0.00    0.00    0.00    0.00

Linux 2.6.32-431.el6.x86_64 (slave2) 	2019年07月24日 	_x86_64_	(8 CPU)

04时39分19秒  CPU    %usr   %nice    %sys %iowait    %irq   %soft  %steal  %guest   %idle
04时39分20秒  all   91.74    0.00    7.38    0.00    0.00    0.25    0.00    0.00    0.63
平均时间:  all   91.74    0.00    7.38    0.00    0.00    0.25    0.00    0.00    0.63

Linux 2.6.32-431.el6.x86_64 (slave2) 	2019年07月24日 	_x86_64_	(8 CPU)

04时39分23秒  CPU    %usr   %nice    %sys %iowait    %irq   %soft  %steal  %guest   %idle
04时39分24秒  all   57.22    0.00    5.06    0.00    0.13    1.01    0.00    0.00   36.58
平均时间:  all   57.22    0.00    5.06    0.00    0.13    1.01    0.00    0.00   36.58

Linux 2.6.32-431.el6.x86_64 (slave2) 	2019年07月24日 	_x86_64_	(8 CPU)

04时39分27秒  CPU    %usr   %nice    %sys %iowait    %irq   %soft  %steal  %guest   %idle
04时39分28秒  all   37.53    0.00    2.93    0.00    0.00    0.64    0.00    0.00   58.91
平均时间:  all   37.53    0.00    2.93    0.00    0.00    0.64    0.00    0.00   58.91

Linux 2.6.32-431.el6.x86_64 (slave2) 	2019年07月24日 	_x86_64_	(8 CPU)

04时39分31秒  CPU    %usr   %nice    %sys %iowait    %irq   %soft  %steal  %guest   %idle
04时39分32秒  all   21.78    0.00    4.59    0.00    0.00    0.89    0.00    0.00   72.74
平均时间:  all   21.78    0.00    4.59    0.00    0.00    0.89    0.00    0.00   72.74

Linux 2.6.32-431.el6.x86_64 (slave2) 	2019年07月24日 	_x86_64_	(8 CPU)

04时39分35秒  CPU    %usr   %nice    %sys %iowait    %irq   %soft  %steal  %guest   %idle
04时39分36秒  all   54.45    0.00    6.62    0.00    0.00    0.00    0.00    0.00   38.93
平均时间:  all   54.45    0.00    6.62    0.00    0.00    0.00    0.00    0.00   38.93

Linux 2.6.32-431.el6.x86_64 (slave2) 	2019年07月24日 	_x86_64_	(8 CPU)

04时39分39秒  CPU    %usr   %nice    %sys %iowait    %irq   %soft  %steal  %guest   %idle
04时39分40秒  all   88.46    0.00    6.90    0.00    0.00    0.00    0.00    0.00    4.64
平均时间:  all   88.46    0.00    6.90    0.00    0.00    0.00    0.00    0.00    4.64

Linux 2.6.32-431.el6.x86_64 (slave2) 	2019年07月24日 	_x86_64_	(8 CPU)

04时39分43秒  CPU    %usr   %nice    %sys %iowait    %irq   %soft  %steal  %guest   %idle
04时39分44秒  all   53.99    0.00    8.25    0.00    0.13    1.42    0.00    0.00   36.21
平均时间:  all   53.99    0.00    8.25    0.00    0.13    1.42    0.00    0.00   36.21

Linux 2.6.32-431.el6.x86_64 (slave2) 	2019年07月24日 	_x86_64_	(8 CPU)

04时39分47秒  CPU    %usr   %nice    %sys %iowait    %irq   %soft  %steal  %guest   %idle
04时39分48秒  all   72.61    0.00    8.15    0.00    0.00    0.25    0.00    0.00   18.98
平均时间:  all   72.61    0.00    8.15    0.00    0.00    0.25    0.00    0.00   18.98

Linux 2.6.32-431.el6.x86_64 (slave2) 	2019年07月24日 	_x86_64_	(8 CPU)

04时39分51秒  CPU    %usr   %nice    %sys %iowait    %irq   %soft  %steal  %guest   %idle
04时39分52秒  all   84.37    0.00    8.26    0.00    0.00    0.38    0.00    0.00    6.99
平均时间:  all   84.37    0.00    8.26    0.00    0.00    0.38    0.00    0.00    6.99

Linux 2.6.32-431.el6.x86_64 (slave2) 	2019年07月24日 	_x86_64_	(8 CPU)

04时39分55秒  CPU    %usr   %nice    %sys %iowait    %irq   %soft  %steal  %guest   %idle
04时39分56秒  all   84.21    0.00   12.41    0.00    0.00    0.13    0.00    0.00    3.26
平均时间:  all   84.21    0.00   12.41    0.00    0.00    0.13    0.00    0.00    3.26

Linux 2.6.32-431.el6.x86_64 (slave2) 	2019年07月24日 	_x86_64_	(8 CPU)

04时39分59秒  CPU    %usr   %nice    %sys %iowait    %irq   %soft  %steal  %guest   %idle
04时40分00秒  all   82.60    0.00    7.69    0.00    0.00    0.13    0.00    0.00    9.58
平均时间:  all   82.60    0.00    7.69    0.00    0.00    0.13    0.00    0.00    9.58

Linux 2.6.32-431.el6.x86_64 (slave2) 	2019年07月24日 	_x86_64_	(8 CPU)

04时40分03秒  CPU    %usr   %nice    %sys %iowait    %irq   %soft  %steal  %guest   %idle
04时40分04秒  all   77.72    0.00   11.39    0.00    0.00    0.63    0.00    0.00   10.25
平均时间:  all   77.72    0.00   11.39    0.00    0.00    0.63    0.00    0.00   10.25

Linux 2.6.32-431.el6.x86_64 (slave2) 	2019年07月24日 	_x86_64_	(8 CPU)

04时40分07秒  CPU    %usr   %nice    %sys %iowait    %irq   %soft  %steal  %guest   %idle
04时40分08秒  all   69.64    0.00    8.42    0.00    0.00    0.51    0.00    0.00   21.43
平均时间:  all   69.64    0.00    8.42    0.00    0.00    0.51    0.00    0.00   21.43

Linux 2.6.32-431.el6.x86_64 (slave2) 	2019年07月24日 	_x86_64_	(8 CPU)

04时40分11秒  CPU    %usr   %nice    %sys %iowait    %irq   %soft  %steal  %guest   %idle
04时40分12秒  all   85.18    0.00    8.67    0.00    0.00    0.50    0.00    0.00    5.65
平均时间:  all   85.18    0.00    8.67    0.00    0.00    0.50    0.00    0.00    5.65

Linux 2.6.32-431.el6.x86_64 (slave2) 	2019年07月24日 	_x86_64_	(8 CPU)

04时40分15秒  CPU    %usr   %nice    %sys %iowait    %irq   %soft  %steal  %guest   %idle
04时40分16秒  all   65.73    0.00    3.95    0.00    0.00    0.64    0.00    0.00   29.68
平均时间:  all   65.73    0.00    3.95    0.00    0.00    0.64    0.00    0.00   29.68

Linux 2.6.32-431.el6.x86_64 (slave2) 	2019年07月24日 	_x86_64_	(8 CPU)

04时40分19秒  CPU    %usr   %nice    %sys %iowait    %irq   %soft  %steal  %guest   %idle
04时40分20秒  all   84.76    0.00    3.02    0.00    0.00    0.13    0.00    0.00   12.09
平均时间:  all   84.76    0.00    3.02    0.00    0.00    0.13    0.00    0.00   12.09

Linux 2.6.32-431.el6.x86_64 (slave2) 	2019年07月24日 	_x86_64_	(8 CPU)

04时40分23秒  CPU    %usr   %nice    %sys %iowait    %irq   %soft  %steal  %guest   %idle
04时40分24秒  all   51.45    0.00    4.30    0.00    0.00    1.39    0.00    0.00   42.86
平均时间:  all   51.45    0.00    4.30    0.00    0.00    1.39    0.00    0.00   42.86

Linux 2.6.32-431.el6.x86_64 (slave2) 	2019年07月24日 	_x86_64_	(8 CPU)

04时40分27秒  CPU    %usr   %nice    %sys %iowait    %irq   %soft  %steal  %guest   %idle
04时40分28秒  all   90.44    0.00    3.77    0.00    0.00    0.50    0.00    0.00    5.28
平均时间:  all   90.44    0.00    3.77    0.00    0.00    0.50    0.00    0.00    5.28

Linux 2.6.32-431.el6.x86_64 (slave2) 	2019年07月24日 	_x86_64_	(8 CPU)

04时40分31秒  CPU    %usr   %nice    %sys %iowait    %irq   %soft  %steal  %guest   %idle
04时40分32秒  all   42.67    0.00    6.04    0.00    0.13    1.03    0.00    0.00   50.13
平均时间:  all   42.67    0.00    6.04    0.00    0.13    1.03    0.00    0.00   50.13

Linux 2.6.32-431.el6.x86_64 (slave2) 	2019年07月24日 	_x86_64_	(8 CPU)

04时40分35秒  CPU    %usr   %nice    %sys %iowait    %irq   %soft  %steal  %guest   %idle
04时40分36秒  all   21.59    0.00    0.88    0.00    0.00    0.76    0.00    0.00   76.77
平均时间:  all   21.59    0.00    0.88    0.00    0.00    0.76    0.00    0.00   76.77

Linux 2.6.32-431.el6.x86_64 (slave2) 	2019年07月24日 	_x86_64_	(8 CPU)

04时40分39秒  CPU    %usr   %nice    %sys %iowait    %irq   %soft  %steal  %guest   %idle
04时40分40秒  all   15.24    0.00    0.76    0.00    0.00    1.39    0.00    0.00   82.62
平均时间:  all   15.24    0.00    0.76    0.00    0.00    1.39    0.00    0.00   82.62

Linux 2.6.32-431.el6.x86_64 (slave2) 	2019年07月24日 	_x86_64_	(8 CPU)

04时40分43秒  CPU    %usr   %nice    %sys %iowait    %irq   %soft  %steal  %guest   %idle
04时40分44秒  all   13.02    0.00    0.13    0.00    0.00    1.01    0.00    0.00   85.84
平均时间:  all   13.02    0.00    0.13    0.00    0.00    1.01    0.00    0.00   85.84

Linux 2.6.32-431.el6.x86_64 (slave2) 	2019年07月24日 	_x86_64_	(8 CPU)

04时40分47秒  CPU    %usr   %nice    %sys %iowait    %irq   %soft  %steal  %guest   %idle
04时40分48秒  all   14.63    0.00    0.50    0.00    0.00    0.25    0.00    0.00   84.62
平均时间:  all   14.63    0.00    0.50    0.00    0.00    0.25    0.00    0.00   84.62

Linux 2.6.32-431.el6.x86_64 (slave2) 	2019年07月24日 	_x86_64_	(8 CPU)

04时40分51秒  CPU    %usr   %nice    %sys %iowait    %irq   %soft  %steal  %guest   %idle
04时40分52秒  all   14.39    0.00    0.76    0.00    0.00    0.25    0.00    0.00   84.60
平均时间:  all   14.39    0.00    0.76    0.00    0.00    0.25    0.00    0.00   84.60

Linux 2.6.32-431.el6.x86_64 (slave2) 	2019年07月24日 	_x86_64_	(8 CPU)

04时40分55秒  CPU    %usr   %nice    %sys %iowait    %irq   %soft  %steal  %guest   %idle
04时40分56秒  all   14.57    0.00    0.63    0.00    0.00    0.50    0.00    0.00   84.30
平均时间:  all   14.57    0.00    0.63    0.00    0.00    0.50    0.00    0.00   84.30

Linux 2.6.32-431.el6.x86_64 (slave2) 	2019年07月24日 	_x86_64_	(8 CPU)

04时41分00秒  CPU    %usr   %nice    %sys %iowait    %irq   %soft  %steal  %guest   %idle
04时41分01秒  all   13.24    0.00    0.50    0.00    0.00    1.26    0.00    0.00   84.99
平均时间:  all   13.24    0.00    0.50    0.00    0.00    1.26    0.00    0.00   84.99

Linux 2.6.32-431.el6.x86_64 (slave2) 	2019年07月24日 	_x86_64_	(8 CPU)

04时41分04秒  CPU    %usr   %nice    %sys %iowait    %irq   %soft  %steal  %guest   %idle
04时41分05秒  all   21.86    0.00    2.01    0.00    0.00    0.00    0.00    0.00   76.13
平均时间:  all   21.86    0.00    2.01    0.00    0.00    0.00    0.00    0.00   76.13

Linux 2.6.32-431.el6.x86_64 (slave2) 	2019年07月24日 	_x86_64_	(8 CPU)

04时41分08秒  CPU    %usr   %nice    %sys %iowait    %irq   %soft  %steal  %guest   %idle
04时41分09秒  all   16.75    0.00    0.63    0.00    0.00    0.76    0.00    0.00   81.86
平均时间:  all   16.75    0.00    0.63    0.00    0.00    0.76    0.00    0.00   81.86

Linux 2.6.32-431.el6.x86_64 (slave2) 	2019年07月24日 	_x86_64_	(8 CPU)

04时41分12秒  CPU    %usr   %nice    %sys %iowait    %irq   %soft  %steal  %guest   %idle
04时41分13秒  all   14.61    0.00    0.38    0.00    0.00    1.26    0.00    0.00   83.75
平均时间:  all   14.61    0.00    0.38    0.00    0.00    1.26    0.00    0.00   83.75

Linux 2.6.32-431.el6.x86_64 (slave2) 	2019年07月24日 	_x86_64_	(8 CPU)

04时41分16秒  CPU    %usr   %nice    %sys %iowait    %irq   %soft  %steal  %guest   %idle
04时41分17秒  all   15.08    0.00    0.38    0.00    0.00    0.75    0.00    0.00   83.79
平均时间:  all   15.08    0.00    0.38    0.00    0.00    0.75    0.00    0.00   83.79

Linux 2.6.32-431.el6.x86_64 (slave2) 	2019年07月24日 	_x86_64_	(8 CPU)

04时41分20秒  CPU    %usr   %nice    %sys %iowait    %irq   %soft  %steal  %guest   %idle
04时41分21秒  all   48.10    0.00    4.05    0.00    0.00    0.38    0.00    0.00   47.47
平均时间:  all   48.10    0.00    4.05    0.00    0.00    0.38    0.00    0.00   47.47

Linux 2.6.32-431.el6.x86_64 (slave2) 	2019年07月24日 	_x86_64_	(8 CPU)

04时41分24秒  CPU    %usr   %nice    %sys %iowait    %irq   %soft  %steal  %guest   %idle
04时41分25秒  all   17.65    0.00    2.94    0.00    0.00    0.51    0.00    0.00   78.90
平均时间:  all   17.65    0.00    2.94    0.00    0.00    0.51    0.00    0.00   78.90

Linux 2.6.32-431.el6.x86_64 (slave2) 	2019年07月24日 	_x86_64_	(8 CPU)

04时41分28秒  CPU    %usr   %nice    %sys %iowait    %irq   %soft  %steal  %guest   %idle
04时41分29秒  all    4.44    0.00    4.95    0.00    0.00    0.00    0.00    0.00   90.61
平均时间:  all    4.44    0.00    4.95    0.00    0.00    0.00    0.00    0.00   90.61

Linux 2.6.32-431.el6.x86_64 (slave2) 	2019年07月24日 	_x86_64_	(8 CPU)

04时41分32秒  CPU    %usr   %nice    %sys %iowait    %irq   %soft  %steal  %guest   %idle
04时41分33秒  all    0.00    0.00    0.00    0.00    0.00    0.00    0.00    0.00  100.00
平均时间:  all    0.00    0.00    0.00    0.00    0.00    0.00    0.00    0.00  100.00

Linux 2.6.32-431.el6.x86_64 (slave2) 	2019年07月24日 	_x86_64_	(8 CPU)

04时41分36秒  CPU    %usr   %nice    %sys %iowait    %irq   %soft  %steal  %guest   %idle
04时41分37秒  all    0.00    0.00    0.13    0.00    0.00    0.00    0.00    0.00   99.87
平均时间:  all    0.00    0.00    0.13    0.00    0.00    0.00    0.00    0.00   99.87

Linux 2.6.32-431.el6.x86_64 (slave2) 	2019年07月24日 	_x86_64_	(8 CPU)

04时41分40秒  CPU    %usr   %nice    %sys %iowait    %irq   %soft  %steal  %guest   %idle
04时41分41秒  all    0.00    0.00    0.00    0.00    0.00    0.00    0.00    0.00  100.00
平均时间:  all    0.00    0.00    0.00    0.00    0.00    0.00    0.00    0.00  100.00

