
2019年 07月 24日 星期三 04:35:33 CST
             total       used       free     shared    buffers     cached
Mem:         15945      10530       5415          0         87       8541
-/+ buffers/cache:       1901      14044
Swap:         8039          0       8039

2019年 07月 24日 星期三 04:35:37 CST
             total       used       free     shared    buffers     cached
Mem:         15945      10207       5738          0         87       8219
-/+ buffers/cache:       1900      14044
Swap:         8039          0       8039

2019年 07月 24日 星期三 04:35:41 CST
             total       used       free     shared    buffers     cached
Mem:         15945      10207       5737          0         87       8219
-/+ buffers/cache:       1900      14044
Swap:         8039          0       8039

2019年 07月 24日 星期三 04:35:45 CST
             total       used       free     shared    buffers     cached
Mem:         15945      10207       5737          0         87       8219
-/+ buffers/cache:       1900      14044
Swap:         8039          0       8039

2019年 07月 24日 星期三 04:35:49 CST
             total       used       free     shared    buffers     cached
Mem:         15945      10212       5733          0         87       8223
-/+ buffers/cache:       1901      14044
Swap:         8039          0       8039

2019年 07月 24日 星期三 04:35:53 CST
             total       used       free     shared    buffers     cached
Mem:         15945      10453       5492          0         87       8462
-/+ buffers/cache:       1903      14042
Swap:         8039          0       8039

2019年 07月 24日 星期三 04:35:57 CST
             total       used       free     shared    buffers     cached
Mem:         15945      10978       4966          0         87       8812
-/+ buffers/cache:       2079      13866
Swap:         8039          0       8039

2019年 07月 24日 星期三 04:36:02 CST
             total       used       free     shared    buffers     cached
Mem:         15945      11812       4133          0         87       9150
-/+ buffers/cache:       2574      13371
Swap:         8039          0       8039

2019年 07月 24日 星期三 04:36:06 CST
             total       used       free     shared    buffers     cached
Mem:         15945      12451       3494          0         87       9396
-/+ buffers/cache:       2966      12978
Swap:         8039          0       8039

2019年 07月 24日 星期三 04:36:10 CST
             total       used       free     shared    buffers     cached
Mem:         15945      13047       2898          0         87       9672
-/+ buffers/cache:       3286      12658
Swap:         8039          0       8039

2019年 07月 24日 星期三 04:36:14 CST
             total       used       free     shared    buffers     cached
Mem:         15945      13543       2401          0         87       9813
-/+ buffers/cache:       3642      12303
Swap:         8039          0       8039

2019年 07月 24日 星期三 04:36:18 CST
             total       used       free     shared    buffers     cached
Mem:         15945      13869       2076          0         87       9823
-/+ buffers/cache:       3957      11987
Swap:         8039          0       8039

2019年 07月 24日 星期三 04:36:22 CST
             total       used       free     shared    buffers     cached
Mem:         15945      14166       1778          0         87       9824
-/+ buffers/cache:       4255      11690
Swap:         8039          0       8039

2019年 07月 24日 星期三 04:36:26 CST
             total       used       free     shared    buffers     cached
Mem:         15945      14551       1394          0         87       9825
-/+ buffers/cache:       4638      11306
Swap:         8039          0       8039

2019年 07月 24日 星期三 04:36:30 CST
             total       used       free     shared    buffers     cached
Mem:         15945      14524       1420          0         87       9825
-/+ buffers/cache:       4611      11333
Swap:         8039          0       8039

2019年 07月 24日 星期三 04:36:34 CST
             total       used       free     shared    buffers     cached
Mem:         15945      14569       1376          0         87       9826
-/+ buffers/cache:       4654      11290
Swap:         8039          0       8039

2019年 07月 24日 星期三 04:36:38 CST
             total       used       free     shared    buffers     cached
Mem:         15945      14186       1758          0         87       9825
-/+ buffers/cache:       4273      11671
Swap:         8039          0       8039

2019年 07月 24日 星期三 04:36:42 CST
             total       used       free     shared    buffers     cached
Mem:         15945      14281       1663          0         87       9806
-/+ buffers/cache:       4387      11558
Swap:         8039          0       8039

2019年 07月 24日 星期三 04:36:46 CST
             total       used       free     shared    buffers     cached
Mem:         15945      14659       1286          0         87       9806
-/+ buffers/cache:       4765      11180
Swap:         8039          0       8039

2019年 07月 24日 星期三 04:36:50 CST
             total       used       free     shared    buffers     cached
Mem:         15945      14816       1128          0         87       9808
-/+ buffers/cache:       4920      11024
Swap:         8039          0       8039

2019年 07月 24日 星期三 04:36:54 CST
             total       used       free     shared    buffers     cached
Mem:         15945      13898       2046          0         87       9810
-/+ buffers/cache:       4000      11945
Swap:         8039          0       8039

2019年 07月 24日 星期三 04:36:58 CST
             total       used       free     shared    buffers     cached
Mem:         15945      14210       1735          0         87       9812
-/+ buffers/cache:       4310      11635
Swap:         8039          0       8039

2019年 07月 24日 星期三 04:37:02 CST
             total       used       free     shared    buffers     cached
Mem:         15945      14969        976          0         87       9795
-/+ buffers/cache:       5086      10858
Swap:         8039          0       8039

2019年 07月 24日 星期三 04:37:06 CST
             total       used       free     shared    buffers     cached
Mem:         15945      13758       2187          0         87      10006
-/+ buffers/cache:       3664      12281
Swap:         8039          0       8039

2019年 07月 24日 星期三 04:37:10 CST
             total       used       free     shared    buffers     cached
Mem:         15945      14592       1353          0         87      10143
-/+ buffers/cache:       4361      11584
Swap:         8039          0       8039

2019年 07月 24日 星期三 04:37:14 CST
             total       used       free     shared    buffers     cached
Mem:         15945      15257        687          0         87      10145
-/+ buffers/cache:       5024      10920
Swap:         8039          0       8039

2019年 07月 24日 星期三 04:37:18 CST
             total       used       free     shared    buffers     cached
Mem:         15945      15247        698          0         87       9796
-/+ buffers/cache:       5363      10582
Swap:         8039          0       8039

2019年 07月 24日 星期三 04:37:22 CST
             total       used       free     shared    buffers     cached
Mem:         15945      14960        984          0         87       9814
-/+ buffers/cache:       5058      10886
Swap:         8039          0       8039

2019年 07月 24日 星期三 04:37:26 CST
             total       used       free     shared    buffers     cached
Mem:         15945      15145        800          0         87       9652
-/+ buffers/cache:       5404      10540
Swap:         8039          0       8039

2019年 07月 24日 星期三 04:37:30 CST
             total       used       free     shared    buffers     cached
Mem:         15945      15514        430          0         87       9667
-/+ buffers/cache:       5759      10185
Swap:         8039          0       8039

2019年 07月 24日 星期三 04:37:34 CST
             total       used       free     shared    buffers     cached
Mem:         15945      15668        277          0         87       9777
-/+ buffers/cache:       5802      10142
Swap:         8039          0       8039

2019年 07月 24日 星期三 04:37:38 CST
             total       used       free     shared    buffers     cached
Mem:         15945      15773        172          0         87       9841
-/+ buffers/cache:       5844      10101
Swap:         8039          0       8039

2019年 07月 24日 星期三 04:37:42 CST
             total       used       free     shared    buffers     cached
Mem:         15945      15780        164          0         87       9807
-/+ buffers/cache:       5885      10059
Swap:         8039          0       8039

2019年 07月 24日 星期三 04:37:46 CST
             total       used       free     shared    buffers     cached
Mem:         15945      15783        162          0         87       9671
-/+ buffers/cache:       6023       9921
Swap:         8039          0       8039

2019年 07月 24日 星期三 04:37:50 CST
             total       used       free     shared    buffers     cached
Mem:         15945      15598        347          0         87       9414
-/+ buffers/cache:       6095       9849
Swap:         8039          0       8039

2019年 07月 24日 星期三 04:37:54 CST
             total       used       free     shared    buffers     cached
Mem:         15945      14318       1627          0         87       9768
-/+ buffers/cache:       4462      11483
Swap:         8039          0       8039

2019年 07月 24日 星期三 04:37:58 CST
             total       used       free     shared    buffers     cached
Mem:         15945      13614       2331          0         87      10020
-/+ buffers/cache:       3505      12439
Swap:         8039          0       8039

2019年 07月 24日 星期三 04:38:02 CST
             total       used       free     shared    buffers     cached
Mem:         15945      14567       1377          0         87      10023
-/+ buffers/cache:       4456      11489
Swap:         8039          0       8039

2019年 07月 24日 星期三 04:38:06 CST
             total       used       free     shared    buffers     cached
Mem:         15945      15255        690          0         87       9843
-/+ buffers/cache:       5324      10621
Swap:         8039          0       8039

2019年 07月 24日 星期三 04:38:11 CST
             total       used       free     shared    buffers     cached
Mem:         15945      15791        153          0         87       9828
-/+ buffers/cache:       5875      10070
Swap:         8039          0       8039

2019年 07月 24日 星期三 04:38:15 CST
             total       used       free     shared    buffers     cached
Mem:         15945      15547        398          0         87       9693
-/+ buffers/cache:       5766      10179
Swap:         8039          0       8039

2019年 07月 24日 星期三 04:38:19 CST
             total       used       free     shared    buffers     cached
Mem:         15945      15778        167          0         87       9629
-/+ buffers/cache:       6061       9884
Swap:         8039          0       8039

2019年 07月 24日 星期三 04:38:23 CST
             total       used       free     shared    buffers     cached
Mem:         15945      15054        891          0         87       9336
-/+ buffers/cache:       5630      10315
Swap:         8039          0       8039

2019年 07月 24日 星期三 04:38:27 CST
             total       used       free     shared    buffers     cached
Mem:         15945      15437        507          0         87       9557
-/+ buffers/cache:       5792      10152
Swap:         8039          0       8039

2019年 07月 24日 星期三 04:38:31 CST
             total       used       free     shared    buffers     cached
Mem:         15945      15780        165          0         87       9612
-/+ buffers/cache:       6079       9866
Swap:         8039          0       8039

2019年 07月 24日 星期三 04:38:35 CST
             total       used       free     shared    buffers     cached
Mem:         15945      15783        162          0         87       9122
-/+ buffers/cache:       6572       9372
Swap:         8039          0       8039

2019年 07月 24日 星期三 04:38:39 CST
             total       used       free     shared    buffers     cached
Mem:         15945      15429        515          0         87       9298
-/+ buffers/cache:       6044       9901
Swap:         8039          0       8039

2019年 07月 24日 星期三 04:38:43 CST
             total       used       free     shared    buffers     cached
Mem:         15945      15488        457          0         87       9121
-/+ buffers/cache:       6279       9666
Swap:         8039          0       8039

2019年 07月 24日 星期三 04:38:47 CST
             total       used       free     shared    buffers     cached
Mem:         15945      15780        164          0         87       9108
-/+ buffers/cache:       6585       9360
Swap:         8039          0       8039

2019年 07月 24日 星期三 04:38:51 CST
             total       used       free     shared    buffers     cached
Mem:         15945      14291       1653          0         87       9023
-/+ buffers/cache:       5180      10765
Swap:         8039          0       8039

2019年 07月 24日 星期三 04:38:55 CST
             total       used       free     shared    buffers     cached
Mem:         15945      12616       3328          0         87       9203
-/+ buffers/cache:       3325      12619
Swap:         8039          0       8039

2019年 07月 24日 星期三 04:38:59 CST
             total       used       free     shared    buffers     cached
Mem:         15945      12818       3126          0         87       8657
-/+ buffers/cache:       4073      11871
Swap:         8039          0       8039

2019年 07月 24日 星期三 04:39:03 CST
             total       used       free     shared    buffers     cached
Mem:         15945      13360       2585          0         87       8676
-/+ buffers/cache:       4596      11349
Swap:         8039          0       8039

2019年 07月 24日 星期三 04:39:07 CST
             total       used       free     shared    buffers     cached
Mem:         15945      13740       2204          0         87       8640
-/+ buffers/cache:       5013      10932
Swap:         8039          0       8039

2019年 07月 24日 星期三 04:39:11 CST
             total       used       free     shared    buffers     cached
Mem:         15945      14342       1603          0         87       8642
-/+ buffers/cache:       5612      10333
Swap:         8039          0       8039

2019年 07月 24日 星期三 04:39:15 CST
             total       used       free     shared    buffers     cached
Mem:         15945      14647       1297          0         87       8650
-/+ buffers/cache:       5909      10035
Swap:         8039          0       8039

2019年 07月 24日 星期三 04:39:19 CST
             total       used       free     shared    buffers     cached
Mem:         15945      14838       1107          0         87       8650
-/+ buffers/cache:       6100       9845
Swap:         8039          0       8039

2019年 07月 24日 星期三 04:39:23 CST
             total       used       free     shared    buffers     cached
Mem:         15945      14584       1361          0         87       8690
-/+ buffers/cache:       5805      10139
Swap:         8039          0       8039

2019年 07月 24日 星期三 04:39:27 CST
             total       used       free     shared    buffers     cached
Mem:         15945      15019        926          0         87       8751
-/+ buffers/cache:       6180       9764
Swap:         8039          0       8039

2019年 07月 24日 星期三 04:39:31 CST
             total       used       free     shared    buffers     cached
Mem:         15945      15249        695          0         87       8812
-/+ buffers/cache:       6350       9595
Swap:         8039          0       8039

2019年 07月 24日 星期三 04:39:35 CST
             total       used       free     shared    buffers     cached
Mem:         15945      14846       1099          0         87       9131
-/+ buffers/cache:       5627      10318
Swap:         8039          0       8039

2019年 07月 24日 星期三 04:39:39 CST
             total       used       free     shared    buffers     cached
Mem:         15945      15307        638          0         87       9168
-/+ buffers/cache:       6051       9894
Swap:         8039          0       8039

2019年 07月 24日 星期三 04:39:43 CST
             total       used       free     shared    buffers     cached
Mem:         15945      15721        224          0         87       9002
-/+ buffers/cache:       6631       9314
Swap:         8039          0       8039

2019年 07月 24日 星期三 04:39:47 CST
             total       used       free     shared    buffers     cached
Mem:         15945      12609       3336          0         87       9191
-/+ buffers/cache:       3330      12615
Swap:         8039          0       8039

2019年 07月 24日 星期三 04:39:51 CST
             total       used       free     shared    buffers     cached
Mem:         15945      13203       2742          0         87       9227
-/+ buffers/cache:       3888      12057
Swap:         8039          0       8039

2019年 07月 24日 星期三 04:39:55 CST
             total       used       free     shared    buffers     cached
Mem:         15945      13102       2843          0         87       8876
-/+ buffers/cache:       4138      11807
Swap:         8039          0       8039

2019年 07月 24日 星期三 04:39:59 CST
             total       used       free     shared    buffers     cached
Mem:         15945      12563       3382          0         87       8875
-/+ buffers/cache:       3601      12344
Swap:         8039          0       8039

2019年 07月 24日 星期三 04:40:03 CST
             total       used       free     shared    buffers     cached
Mem:         15945      13283       2662          0         87       8878
-/+ buffers/cache:       4317      11627
Swap:         8039          0       8039

2019年 07月 24日 星期三 04:40:08 CST
             total       used       free     shared    buffers     cached
Mem:         15945      13074       2871          0         87       8635
-/+ buffers/cache:       4351      11594
Swap:         8039          0       8039

2019年 07月 24日 星期三 04:40:12 CST
             total       used       free     shared    buffers     cached
Mem:         15945      13745       2199          0         87       8636
-/+ buffers/cache:       5021      10923
Swap:         8039          0       8039

2019年 07月 24日 星期三 04:40:16 CST
             total       used       free     shared    buffers     cached
Mem:         15945      14436       1509          0         87       8642
-/+ buffers/cache:       5706      10239
Swap:         8039          0       8039

2019年 07月 24日 星期三 04:40:20 CST
             total       used       free     shared    buffers     cached
Mem:         15945      15052        893          0         87       8642
-/+ buffers/cache:       6322       9623
Swap:         8039          0       8039

2019年 07月 24日 星期三 04:40:24 CST
             total       used       free     shared    buffers     cached
Mem:         15945      13774       2170          0         87       8642
-/+ buffers/cache:       5044      10900
Swap:         8039          0       8039

2019年 07月 24日 星期三 04:40:28 CST
             total       used       free     shared    buffers     cached
Mem:         15945      13245       2700          0         87       8645
-/+ buffers/cache:       4511      11433
Swap:         8039          0       8039

2019年 07月 24日 星期三 04:40:32 CST
             total       used       free     shared    buffers     cached
Mem:         15945      13300       2645          0         87       8648
-/+ buffers/cache:       4563      11381
Swap:         8039          0       8039

2019年 07月 24日 星期三 04:40:36 CST
             total       used       free     shared    buffers     cached
Mem:         15945      10669       5276          0         87       8640
-/+ buffers/cache:       1941      14003
Swap:         8039          0       8039

2019年 07月 24日 星期三 04:40:40 CST
             total       used       free     shared    buffers     cached
Mem:         15945      10481       5463          0         87       8455
-/+ buffers/cache:       1939      14006
Swap:         8039          0       8039

2019年 07月 24日 星期三 04:40:44 CST
             total       used       free     shared    buffers     cached
Mem:         15945      10461       5484          0         87       8436
-/+ buffers/cache:       1937      14007
Swap:         8039          0       8039

2019年 07月 24日 星期三 04:40:48 CST
             total       used       free     shared    buffers     cached
Mem:         15945      10460       5485          0         87       8436
-/+ buffers/cache:       1936      14008
Swap:         8039          0       8039

2019年 07月 24日 星期三 04:40:52 CST
             total       used       free     shared    buffers     cached
Mem:         15945      10459       5486          0         87       8436
-/+ buffers/cache:       1935      14009
Swap:         8039          0       8039

2019年 07月 24日 星期三 04:40:56 CST
             total       used       free     shared    buffers     cached
Mem:         15945      10458       5486          0         87       8436
-/+ buffers/cache:       1935      14010
Swap:         8039          0       8039

2019年 07月 24日 星期三 04:41:00 CST
             total       used       free     shared    buffers     cached
Mem:         15945      10458       5486          0         87       8436
-/+ buffers/cache:       1934      14010
Swap:         8039          0       8039

2019年 07月 24日 星期三 04:41:04 CST
             total       used       free     shared    buffers     cached
Mem:         15945      10457       5488          0         87       8436
-/+ buffers/cache:       1933      14012
Swap:         8039          0       8039

2019年 07月 24日 星期三 04:41:08 CST
             total       used       free     shared    buffers     cached
Mem:         15945      10457       5488          0         87       8436
-/+ buffers/cache:       1933      14011
Swap:         8039          0       8039

2019年 07月 24日 星期三 04:41:12 CST
             total       used       free     shared    buffers     cached
Mem:         15945      10457       5487          0         87       8436
-/+ buffers/cache:       1933      14011
Swap:         8039          0       8039

2019年 07月 24日 星期三 04:41:16 CST
             total       used       free     shared    buffers     cached
Mem:         15945      10457       5487          0         87       8436
-/+ buffers/cache:       1933      14011
Swap:         8039          0       8039

2019年 07月 24日 星期三 04:41:20 CST
             total       used       free     shared    buffers     cached
Mem:         15945      10457       5488          0         87       8436
-/+ buffers/cache:       1933      14011
Swap:         8039          0       8039

2019年 07月 24日 星期三 04:41:24 CST
             total       used       free     shared    buffers     cached
Mem:         15945      10482       5463          0         87       8461
-/+ buffers/cache:       1933      14012
Swap:         8039          0       8039

2019年 07月 24日 星期三 04:41:28 CST
             total       used       free     shared    buffers     cached
Mem:         15945      10506       5438          0         87       8486
-/+ buffers/cache:       1932      14013
Swap:         8039          0       8039

2019年 07月 24日 星期三 04:41:32 CST
             total       used       free     shared    buffers     cached
Mem:         15945      10320       5624          0         87       8302
-/+ buffers/cache:       1930      14014
Swap:         8039          0       8039

2019年 07月 24日 星期三 04:41:36 CST
             total       used       free     shared    buffers     cached
Mem:         15945      10319       5626          0         87       8302
-/+ buffers/cache:       1929      14016
Swap:         8039          0       8039

2019年 07月 24日 星期三 04:41:40 CST
             total       used       free     shared    buffers     cached
Mem:         15945      10318       5626          0         87       8302
-/+ buffers/cache:       1929      14016
Swap:         8039          0       8039

