
2019年 07月 24日 星期三 04:35:34 CST
             total       used       free     shared    buffers     cached
Mem:         15945      11035       4909          0         89       9002
-/+ buffers/cache:       1943      14001
Swap:         8039          0       8039

2019年 07月 24日 星期三 04:35:38 CST
             total       used       free     shared    buffers     cached
Mem:         15945      11035       4910          0         89       9002
-/+ buffers/cache:       1943      14002
Swap:         8039          0       8039

2019年 07月 24日 星期三 04:35:42 CST
             total       used       free     shared    buffers     cached
Mem:         15945      11035       4909          0         89       9002
-/+ buffers/cache:       1943      14001
Swap:         8039          0       8039

2019年 07月 24日 星期三 04:35:46 CST
             total       used       free     shared    buffers     cached
Mem:         15945      11035       4909          0         89       9002
-/+ buffers/cache:       1943      14001
Swap:         8039          0       8039

2019年 07月 24日 星期三 04:35:50 CST
             total       used       free     shared    buffers     cached
Mem:         15945      11078       4866          0         89       9045
-/+ buffers/cache:       1943      14001
Swap:         8039          0       8039

2019年 07月 24日 星期三 04:35:54 CST
             total       used       free     shared    buffers     cached
Mem:         15945      11345       4600          0         89       9308
-/+ buffers/cache:       1947      13997
Swap:         8039          0       8039

2019年 07月 24日 星期三 04:35:59 CST
             total       used       free     shared    buffers     cached
Mem:         15945      11598       4346          0         89       9562
-/+ buffers/cache:       1947      13998
Swap:         8039          0       8039

2019年 07月 24日 星期三 04:36:03 CST
             total       used       free     shared    buffers     cached
Mem:         15945      11878       4067          0         89       9842
-/+ buffers/cache:       1946      13999
Swap:         8039          0       8039

2019年 07月 24日 星期三 04:36:07 CST
             total       used       free     shared    buffers     cached
Mem:         15945      12131       3813          0         89      10093
-/+ buffers/cache:       1948      13997
Swap:         8039          0       8039

2019年 07月 24日 星期三 04:36:11 CST
             total       used       free     shared    buffers     cached
Mem:         15945      12848       3097          0         89      10716
-/+ buffers/cache:       2042      13902
Swap:         8039          0       8039

2019年 07月 24日 星期三 04:36:15 CST
             total       used       free     shared    buffers     cached
Mem:         15945      13838       2106          0         89      11405
-/+ buffers/cache:       2343      13602
Swap:         8039          0       8039

2019年 07月 24日 星期三 04:36:19 CST
             total       used       free     shared    buffers     cached
Mem:         15945      14727       1217          0         89      11747
-/+ buffers/cache:       2890      13054
Swap:         8039          0       8039

2019年 07月 24日 星期三 04:36:23 CST
             total       used       free     shared    buffers     cached
Mem:         15945      15226        718          0         89      11767
-/+ buffers/cache:       3369      12575
Swap:         8039          0       8039

2019年 07月 24日 星期三 04:36:27 CST
             total       used       free     shared    buffers     cached
Mem:         15945      15738        207          0         89      11768
-/+ buffers/cache:       3880      12065
Swap:         8039          0       8039

2019年 07月 24日 星期三 04:36:31 CST
             total       used       free     shared    buffers     cached
Mem:         15945      15795        150          0         89      11337
-/+ buffers/cache:       4367      11577
Swap:         8039          0       8039

2019年 07月 24日 星期三 04:36:35 CST
             total       used       free     shared    buffers     cached
Mem:         15945      15788        157          0         89      10980
-/+ buffers/cache:       4719      11226
Swap:         8039          0       8039

2019年 07月 24日 星期三 04:36:39 CST
             total       used       free     shared    buffers     cached
Mem:         15945      15201        743          0         89      10833
-/+ buffers/cache:       4278      11666
Swap:         8039          0       8039

2019年 07月 24日 星期三 04:36:43 CST
             total       used       free     shared    buffers     cached
Mem:         15945      15357        588          0         89      10853
-/+ buffers/cache:       4414      11531
Swap:         8039          0       8039

2019年 07月 24日 星期三 04:36:47 CST
             total       used       free     shared    buffers     cached
Mem:         15945      15460        484          0         89      10834
-/+ buffers/cache:       4537      11408
Swap:         8039          0       8039

2019年 07月 24日 星期三 04:36:51 CST
             total       used       free     shared    buffers     cached
Mem:         15945      15689        255          0         89      10835
-/+ buffers/cache:       4765      11180
Swap:         8039          0       8039

2019年 07月 24日 星期三 04:36:55 CST
             total       used       free     shared    buffers     cached
Mem:         15945      15341        603          0         89      10836
-/+ buffers/cache:       4416      11529
Swap:         8039          0       8039

2019年 07月 24日 星期三 04:36:59 CST
             total       used       free     shared    buffers     cached
Mem:         15945      15553        392          0         89      10838
-/+ buffers/cache:       4625      11320
Swap:         8039          0       8039

2019年 07月 24日 星期三 04:37:03 CST
             total       used       free     shared    buffers     cached
Mem:         15945      15785        159          0         89      10823
-/+ buffers/cache:       4872      11072
Swap:         8039          0       8039

2019年 07月 24日 星期三 04:37:07 CST
             total       used       free     shared    buffers     cached
Mem:         15945      15594        350          0         89      10823
-/+ buffers/cache:       4681      11263
Swap:         8039          0       8039

2019年 07月 24日 星期三 04:37:11 CST
             total       used       free     shared    buffers     cached
Mem:         15945      15699        246          0         89      10804
-/+ buffers/cache:       4805      11140
Swap:         8039          0       8039

2019年 07月 24日 星期三 04:37:15 CST
             total       used       free     shared    buffers     cached
Mem:         15945      15779        165          0         89      10533
-/+ buffers/cache:       5157      10788
Swap:         8039          0       8039

2019年 07月 24日 星期三 04:37:19 CST
             total       used       free     shared    buffers     cached
Mem:         15945      15765        180          0         89      10306
-/+ buffers/cache:       5369      10575
Swap:         8039          0       8039

2019年 07月 24日 星期三 04:37:23 CST
             total       used       free     shared    buffers     cached
Mem:         15945      15152        792          0         89      10120
-/+ buffers/cache:       4943      11002
Swap:         8039          0       8039

2019年 07月 24日 星期三 04:37:27 CST
             total       used       free     shared    buffers     cached
Mem:         15945      15429        516          0         89      10124
-/+ buffers/cache:       5215      10730
Swap:         8039          0       8039

2019年 07月 24日 星期三 04:37:31 CST
             total       used       free     shared    buffers     cached
Mem:         15945      15783        162          0         89      10147
-/+ buffers/cache:       5546      10398
Swap:         8039          0       8039

2019年 07月 24日 星期三 04:37:35 CST
             total       used       free     shared    buffers     cached
Mem:         15945      15753        191          0         89       9960
-/+ buffers/cache:       5703      10241
Swap:         8039          0       8039

2019年 07月 24日 星期三 04:37:39 CST
             total       used       free     shared    buffers     cached
Mem:         15945      15487        457          0         89       9657
-/+ buffers/cache:       5741      10204
Swap:         8039          0       8039

2019年 07月 24日 星期三 04:37:43 CST
             total       used       free     shared    buffers     cached
Mem:         15945      14863       1082          0         89       9831
-/+ buffers/cache:       4943      11002
Swap:         8039          0       8039

2019年 07月 24日 星期三 04:37:47 CST
             total       used       free     shared    buffers     cached
Mem:         15945      15483        462          0         89       9945
-/+ buffers/cache:       5448      10497
Swap:         8039          0       8039

2019年 07月 24日 星期三 04:37:51 CST
             total       used       free     shared    buffers     cached
Mem:         15945      14861       1084          0         55      10026
-/+ buffers/cache:       4779      11166
Swap:         8039          0       8039

2019年 07月 24日 星期三 04:37:55 CST
             total       used       free     shared    buffers     cached
Mem:         15945      15124        821          0         55      10099
-/+ buffers/cache:       4969      10976
Swap:         8039          0       8039

2019年 07月 24日 星期三 04:37:59 CST
             total       used       free     shared    buffers     cached
Mem:         15945      14407       1537          0         55      10068
-/+ buffers/cache:       4284      11661
Swap:         8039          0       8039

2019年 07月 24日 星期三 04:38:03 CST
             total       used       free     shared    buffers     cached
Mem:         15945      15073        871          0         55       9902
-/+ buffers/cache:       5115      10829
Swap:         8039          0       8039

2019年 07月 24日 星期三 04:38:07 CST
             total       used       free     shared    buffers     cached
Mem:         15945      15781        164          0         50       9798
-/+ buffers/cache:       5932      10013
Swap:         8039          0       8039

2019年 07月 24日 星期三 04:38:11 CST
             total       used       free     shared    buffers     cached
Mem:         15945      15374        571          0         50       9405
-/+ buffers/cache:       5918      10027
Swap:         8039          0       8039

2019年 07月 24日 星期三 04:38:15 CST
             total       used       free     shared    buffers     cached
Mem:         15945      15730        215          0         50       9498
-/+ buffers/cache:       6182       9763
Swap:         8039          0       8039

2019年 07月 24日 星期三 04:38:19 CST
             total       used       free     shared    buffers     cached
Mem:         15945      15790        154          0         50       9214
-/+ buffers/cache:       6526       9419
Swap:         8039          0       8039

2019年 07月 24日 星期三 04:38:23 CST
             total       used       free     shared    buffers     cached
Mem:         15945      15279        666          0         50       9080
-/+ buffers/cache:       6149       9796
Swap:         8039          0       8039

2019年 07月 24日 星期三 04:38:27 CST
             total       used       free     shared    buffers     cached
Mem:         15945      15481        464          0         50       9106
-/+ buffers/cache:       6325       9620
Swap:         8039          0       8039

2019年 07月 24日 星期三 04:38:31 CST
             total       used       free     shared    buffers     cached
Mem:         15945      15782        163          0         50       8946
-/+ buffers/cache:       6785       9159
Swap:         8039          0       8039

2019年 07月 24日 星期三 04:38:35 CST
             total       used       free     shared    buffers     cached
Mem:         15945      15776        168          0         50       8617
-/+ buffers/cache:       7109       8836
Swap:         8039          0       8039

2019年 07月 24日 星期三 04:38:39 CST
             total       used       free     shared    buffers     cached
Mem:         15945      14988        957          0         50       8676
-/+ buffers/cache:       6261       9683
Swap:         8039          0       8039

2019年 07月 24日 星期三 04:38:43 CST
             total       used       free     shared    buffers     cached
Mem:         15945      15101        844          0         50       8504
-/+ buffers/cache:       6546       9399
Swap:         8039          0       8039

2019年 07月 24日 星期三 04:38:47 CST
             total       used       free     shared    buffers     cached
Mem:         15945      15415        529          0         50       8564
-/+ buffers/cache:       6801       9144
Swap:         8039          0       8039

2019年 07月 24日 星期三 04:38:51 CST
             total       used       free     shared    buffers     cached
Mem:         15945      12818       3127          0         50       8596
-/+ buffers/cache:       4171      11773
Swap:         8039          0       8039

2019年 07月 24日 星期三 04:38:55 CST
             total       used       free     shared    buffers     cached
Mem:         15945      12017       3927          0         50       8282
-/+ buffers/cache:       3685      12260
Swap:         8039          0       8039

2019年 07月 24日 星期三 04:38:59 CST
             total       used       free     shared    buffers     cached
Mem:         15945      12957       2988          0         50       8404
-/+ buffers/cache:       4502      11443
Swap:         8039          0       8039

2019年 07月 24日 星期三 04:39:03 CST
             total       used       free     shared    buffers     cached
Mem:         15945      11995       3950          0         50       8643
-/+ buffers/cache:       3301      12644
Swap:         8039          0       8039

2019年 07月 24日 星期三 04:39:07 CST
             total       used       free     shared    buffers     cached
Mem:         15945      12774       3170          0         50       8607
-/+ buffers/cache:       4117      11828
Swap:         8039          0       8039

2019年 07月 24日 星期三 04:39:12 CST
             total       used       free     shared    buffers     cached
Mem:         15945      13430       2515          0         50       8608
-/+ buffers/cache:       4771      11174
Swap:         8039          0       8039

2019年 07月 24日 星期三 04:39:16 CST
             total       used       free     shared    buffers     cached
Mem:         15945      13823       2122          0         50       8609
-/+ buffers/cache:       5163      10781
Swap:         8039          0       8039

2019年 07月 24日 星期三 04:39:20 CST
             total       used       free     shared    buffers     cached
Mem:         15945      14171       1773          0         50       8610
-/+ buffers/cache:       5511      10434
Swap:         8039          0       8039

2019年 07月 24日 星期三 04:39:24 CST
             total       used       free     shared    buffers     cached
Mem:         15945      14050       1894          0         50       8795
-/+ buffers/cache:       5205      10740
Swap:         8039          0       8039

2019年 07月 24日 星期三 04:39:28 CST
             total       used       free     shared    buffers     cached
Mem:         15945      14200       1744          0         50       8814
-/+ buffers/cache:       5336      10608
Swap:         8039          0       8039

2019年 07月 24日 星期三 04:39:32 CST
             total       used       free     shared    buffers     cached
Mem:         15945      13250       2694          0         50       8884
-/+ buffers/cache:       4316      11629
Swap:         8039          0       8039

2019年 07月 24日 星期三 04:39:36 CST
             total       used       free     shared    buffers     cached
Mem:         15945      13486       2458          0         50       8908
-/+ buffers/cache:       4527      11417
Swap:         8039          0       8039

2019年 07月 24日 星期三 04:39:40 CST
             total       used       free     shared    buffers     cached
Mem:         15945      14146       1799          0         50       8891
-/+ buffers/cache:       5204      10741
Swap:         8039          0       8039

2019年 07月 24日 星期三 04:39:44 CST
             total       used       free     shared    buffers     cached
Mem:         15945      14678       1267          0         50       8937
-/+ buffers/cache:       5690      10254
Swap:         8039          0       8039

2019年 07月 24日 星期三 04:39:48 CST
             total       used       free     shared    buffers     cached
Mem:         15945      13037       2907          0         50       8947
-/+ buffers/cache:       4039      11905
Swap:         8039          0       8039

2019年 07月 24日 星期三 04:39:52 CST
             total       used       free     shared    buffers     cached
Mem:         15945      13117       2828          0         50       8579
-/+ buffers/cache:       4487      11458
Swap:         8039          0       8039

2019年 07月 24日 星期三 04:39:56 CST
             total       used       free     shared    buffers     cached
Mem:         15945      13770       2175          0         50       8765
-/+ buffers/cache:       4954      10991
Swap:         8039          0       8039

2019年 07月 24日 星期三 04:40:00 CST
             total       used       free     shared    buffers     cached
Mem:         15945      13371       2574          0         50       8580
-/+ buffers/cache:       4740      11204
Swap:         8039          0       8039

2019年 07月 24日 星期三 04:40:04 CST
             total       used       free     shared    buffers     cached
Mem:         15945      13302       2643          0         50       8560
-/+ buffers/cache:       4691      11254
Swap:         8039          0       8039

2019年 07月 24日 星期三 04:40:08 CST
             total       used       free     shared    buffers     cached
Mem:         15945      13598       2346          0         50       8648
-/+ buffers/cache:       4899      11045
Swap:         8039          0       8039

2019年 07月 24日 星期三 04:40:12 CST
             total       used       free     shared    buffers     cached
Mem:         15945      14160       1785          0         50       8675
-/+ buffers/cache:       5434      10511
Swap:         8039          0       8039

2019年 07月 24日 星期三 04:40:16 CST
             total       used       free     shared    buffers     cached
Mem:         15945      14600       1344          0         50       8728
-/+ buffers/cache:       5822      10123
Swap:         8039          0       8039

2019年 07月 24日 星期三 04:40:20 CST
             total       used       free     shared    buffers     cached
Mem:         15945      14891       1054          0         50       8784
-/+ buffers/cache:       6056       9889
Swap:         8039          0       8039

2019年 07月 24日 星期三 04:40:24 CST
             total       used       free     shared    buffers     cached
Mem:         15945      13988       1957          0         50       8784
-/+ buffers/cache:       5153      10792
Swap:         8039          0       8039

2019年 07月 24日 星期三 04:40:28 CST
             total       used       free     shared    buffers     cached
Mem:         15945      14030       1914          0         50       8758
-/+ buffers/cache:       5221      10724
Swap:         8039          0       8039

2019年 07月 24日 星期三 04:40:32 CST
             total       used       free     shared    buffers     cached
Mem:         15945      14111       1833          0         50       8780
-/+ buffers/cache:       5281      10664
Swap:         8039          0       8039

2019年 07月 24日 星期三 04:40:36 CST
             total       used       free     shared    buffers     cached
Mem:         15945      12000       3945          0         50       8780
-/+ buffers/cache:       3169      12776
Swap:         8039          0       8039

2019年 07月 24日 星期三 04:40:40 CST
             total       used       free     shared    buffers     cached
Mem:         15945      12013       3931          0         50       8781
-/+ buffers/cache:       3182      12763
Swap:         8039          0       8039

2019年 07月 24日 星期三 04:40:44 CST
             total       used       free     shared    buffers     cached
Mem:         15945      11831       4113          0         50       8581
-/+ buffers/cache:       3200      12745
Swap:         8039          0       8039

2019年 07月 24日 星期三 04:40:48 CST
             total       used       free     shared    buffers     cached
Mem:         15945      11849       4095          0         50       8581
-/+ buffers/cache:       3218      12727
Swap:         8039          0       8039

2019年 07月 24日 星期三 04:40:52 CST
             total       used       free     shared    buffers     cached
Mem:         15945      11875       4070          0         50       8585
-/+ buffers/cache:       3239      12705
Swap:         8039          0       8039

2019年 07月 24日 星期三 04:40:56 CST
             total       used       free     shared    buffers     cached
Mem:         15945      11897       4047          0         50       8585
-/+ buffers/cache:       3262      12682
Swap:         8039          0       8039

2019年 07月 24日 星期三 04:41:01 CST
             total       used       free     shared    buffers     cached
Mem:         15945      11919       4025          0         50       8589
-/+ buffers/cache:       3280      12665
Swap:         8039          0       8039

2019年 07月 24日 星期三 04:41:05 CST
             total       used       free     shared    buffers     cached
Mem:         15945      11945       4000          0         50       8592
-/+ buffers/cache:       3302      12643
Swap:         8039          0       8039

2019年 07月 24日 星期三 04:41:09 CST
             total       used       free     shared    buffers     cached
Mem:         15945      11965       3980          0         50       8592
-/+ buffers/cache:       3321      12623
Swap:         8039          0       8039

2019年 07月 24日 星期三 04:41:13 CST
             total       used       free     shared    buffers     cached
Mem:         15945      11984       3960          0         50       8596
-/+ buffers/cache:       3337      12608
Swap:         8039          0       8039

2019年 07月 24日 星期三 04:41:17 CST
             total       used       free     shared    buffers     cached
Mem:         15945      12008       3937          0         50       8596
-/+ buffers/cache:       3360      12584
Swap:         8039          0       8039

2019年 07月 24日 星期三 04:41:21 CST
             total       used       free     shared    buffers     cached
Mem:         15945      12071       3874          0         50       8606
-/+ buffers/cache:       3414      12531
Swap:         8039          0       8039

2019年 07月 24日 星期三 04:41:25 CST
             total       used       free     shared    buffers     cached
Mem:         15945      12104       3841          0         50       8631
-/+ buffers/cache:       3422      12522
Swap:         8039          0       8039

2019年 07月 24日 星期三 04:41:29 CST
             total       used       free     shared    buffers     cached
Mem:         15945      10609       5336          0         50       8617
-/+ buffers/cache:       1941      14004
Swap:         8039          0       8039

2019年 07月 24日 星期三 04:41:33 CST
             total       used       free     shared    buffers     cached
Mem:         15945      10608       5336          0         50       8617
-/+ buffers/cache:       1940      14004
Swap:         8039          0       8039

2019年 07月 24日 星期三 04:41:37 CST
             total       used       free     shared    buffers     cached
Mem:         15945      10420       5525          0         50       8432
-/+ buffers/cache:       1937      14008
Swap:         8039          0       8039

2019年 07月 24日 星期三 04:41:41 CST
             total       used       free     shared    buffers     cached
Mem:         15945      10418       5526          0         50       8432
-/+ buffers/cache:       1935      14009
Swap:         8039          0       8039

