
Linux 2.6.32-431.el6.x86_64 (slave1) 	2019年07月25日 	_x86_64_	(8 CPU)

02时22分36秒  CPU    %usr   %nice    %sys %iowait    %irq   %soft  %steal  %guest   %idle
02时22分37秒  all    2.38    0.00    1.00    0.00    0.00    0.00    0.00    0.00   96.61
平均时间:  all    2.38    0.00    1.00    0.00    0.00    0.00    0.00    0.00   96.61

Linux 2.6.32-431.el6.x86_64 (slave1) 	2019年07月25日 	_x86_64_	(8 CPU)

02时22分40秒  CPU    %usr   %nice    %sys %iowait    %irq   %soft  %steal  %guest   %idle
02时22分41秒  all    0.00    0.00    0.00    0.00    0.00    0.00    0.00    0.00  100.00
平均时间:  all    0.00    0.00    0.00    0.00    0.00    0.00    0.00    0.00  100.00

Linux 2.6.32-431.el6.x86_64 (slave1) 	2019年07月25日 	_x86_64_	(8 CPU)

02时22分44秒  CPU    %usr   %nice    %sys %iowait    %irq   %soft  %steal  %guest   %idle
02时22分45秒  all    0.13    0.00    0.00    0.00    0.00    0.00    0.00    0.00   99.87
平均时间:  all    0.13    0.00    0.00    0.00    0.00    0.00    0.00    0.00   99.87

Linux 2.6.32-431.el6.x86_64 (slave1) 	2019年07月25日 	_x86_64_	(8 CPU)

02时22分48秒  CPU    %usr   %nice    %sys %iowait    %irq   %soft  %steal  %guest   %idle
02时22分49秒  all    0.00    0.00    0.00    0.00    0.00    0.00    0.00    0.00  100.00
平均时间:  all    0.00    0.00    0.00    0.00    0.00    0.00    0.00    0.00  100.00

Linux 2.6.32-431.el6.x86_64 (slave1) 	2019年07月25日 	_x86_64_	(8 CPU)

02时22分52秒  CPU    %usr   %nice    %sys %iowait    %irq   %soft  %steal  %guest   %idle
02时22分53秒  all    0.13    0.00    0.00    0.00    0.00    0.00    0.00    0.00   99.87
平均时间:  all    0.13    0.00    0.00    0.00    0.00    0.00    0.00    0.00   99.87

Linux 2.6.32-431.el6.x86_64 (slave1) 	2019年07月25日 	_x86_64_	(8 CPU)

02时22分56秒  CPU    %usr   %nice    %sys %iowait    %irq   %soft  %steal  %guest   %idle
02时22分57秒  all    0.26    0.00    2.31    0.00    0.00    0.64    0.00    0.00   96.79
平均时间:  all    0.26    0.00    2.31    0.00    0.00    0.64    0.00    0.00   96.79

Linux 2.6.32-431.el6.x86_64 (slave1) 	2019年07月25日 	_x86_64_	(8 CPU)

02时23分00秒  CPU    %usr   %nice    %sys %iowait    %irq   %soft  %steal  %guest   %idle
02时23分01秒  all   32.46    0.00   10.38    0.00    0.53    8.15    0.00    0.00   48.49
平均时间:  all   32.46    0.00   10.38    0.00    0.53    8.15    0.00    0.00   48.49

Linux 2.6.32-431.el6.x86_64 (slave1) 	2019年07月25日 	_x86_64_	(8 CPU)

02时23分04秒  CPU    %usr   %nice    %sys %iowait    %irq   %soft  %steal  %guest   %idle
02时23分05秒  all   62.66    0.00   20.76    0.00    0.13   11.14    0.00    0.00    5.32
平均时间:  all   62.66    0.00   20.76    0.00    0.13   11.14    0.00    0.00    5.32

Linux 2.6.32-431.el6.x86_64 (slave1) 	2019年07月25日 	_x86_64_	(8 CPU)

02时23分08秒  CPU    %usr   %nice    %sys %iowait    %irq   %soft  %steal  %guest   %idle
02时23分09秒  all   69.17    0.00   18.92    0.00    0.25    9.77    0.00    0.00    1.88
平均时间:  all   69.17    0.00   18.92    0.00    0.25    9.77    0.00    0.00    1.88

Linux 2.6.32-431.el6.x86_64 (slave1) 	2019年07月25日 	_x86_64_	(8 CPU)

02时23分12秒  CPU    %usr   %nice    %sys %iowait    %irq   %soft  %steal  %guest   %idle
02时23分13秒  all   67.29    0.00   17.60    0.00    0.12   13.73    0.00    0.00    1.25
平均时间:  all   67.29    0.00   17.60    0.00    0.12   13.73    0.00    0.00    1.25

Linux 2.6.32-431.el6.x86_64 (slave1) 	2019年07月25日 	_x86_64_	(8 CPU)

02时23分16秒  CPU    %usr   %nice    %sys %iowait    %irq   %soft  %steal  %guest   %idle
02时23分17秒  all   61.84    0.00   20.03    0.00    0.25   14.23    0.00    0.00    3.65
平均时间:  all   61.84    0.00   20.03    0.00    0.25   14.23    0.00    0.00    3.65

Linux 2.6.32-431.el6.x86_64 (slave1) 	2019年07月25日 	_x86_64_	(8 CPU)

02时23分20秒  CPU    %usr   %nice    %sys %iowait    %irq   %soft  %steal  %guest   %idle
02时23分21秒  all   70.18    0.00   20.30    0.00    0.13    9.27    0.00    0.00    0.13
平均时间:  all   70.18    0.00   20.30    0.00    0.13    9.27    0.00    0.00    0.13

Linux 2.6.32-431.el6.x86_64 (slave1) 	2019年07月25日 	_x86_64_	(8 CPU)

02时23分24秒  CPU    %usr   %nice    %sys %iowait    %irq   %soft  %steal  %guest   %idle
02时23分25秒  all   77.23    0.00   11.07    0.00    0.00    0.00    0.00    0.00   11.70
平均时间:  all   77.23    0.00   11.07    0.00    0.00    0.00    0.00    0.00   11.70

Linux 2.6.32-431.el6.x86_64 (slave1) 	2019年07月25日 	_x86_64_	(8 CPU)

02时23分28秒  CPU    %usr   %nice    %sys %iowait    %irq   %soft  %steal  %guest   %idle
02时23分29秒  all   44.92    0.00    9.65    0.00    0.00    0.13    0.00    0.00   45.30
平均时间:  all   44.92    0.00    9.65    0.00    0.00    0.13    0.00    0.00   45.30

Linux 2.6.32-431.el6.x86_64 (slave1) 	2019年07月25日 	_x86_64_	(8 CPU)

02时23分32秒  CPU    %usr   %nice    %sys %iowait    %irq   %soft  %steal  %guest   %idle
02时23分33秒  all   64.31    0.00   17.78    0.00    0.00    1.51    0.00    0.00   16.39
平均时间:  all   64.31    0.00   17.78    0.00    0.00    1.51    0.00    0.00   16.39

Linux 2.6.32-431.el6.x86_64 (slave1) 	2019年07月25日 	_x86_64_	(8 CPU)

02时23分36秒  CPU    %usr   %nice    %sys %iowait    %irq   %soft  %steal  %guest   %idle
02时23分37秒  all   87.59    0.00   10.65    0.00    0.00    0.00    0.00    0.00    1.75
平均时间:  all   87.59    0.00   10.65    0.00    0.00    0.00    0.00    0.00    1.75

Linux 2.6.32-431.el6.x86_64 (slave1) 	2019年07月25日 	_x86_64_	(8 CPU)

02时23分40秒  CPU    %usr   %nice    %sys %iowait    %irq   %soft  %steal  %guest   %idle
02时23分41秒  all   93.13    0.00    6.49    0.00    0.00    0.00    0.00    0.00    0.37
平均时间:  all   93.13    0.00    6.49    0.00    0.00    0.00    0.00    0.00    0.37

Linux 2.6.32-431.el6.x86_64 (slave1) 	2019年07月25日 	_x86_64_	(8 CPU)

02时23分45秒  CPU    %usr   %nice    %sys %iowait    %irq   %soft  %steal  %guest   %idle
02时23分46秒  all   70.34    0.00    7.60    0.00    0.13    0.00    0.00    0.00   21.93
平均时间:  all   70.34    0.00    7.60    0.00    0.13    0.00    0.00    0.00   21.93

Linux 2.6.32-431.el6.x86_64 (slave1) 	2019年07月25日 	_x86_64_	(8 CPU)

02时23分49秒  CPU    %usr   %nice    %sys %iowait    %irq   %soft  %steal  %guest   %idle
02时23分50秒  all   85.26    0.00   10.33    0.00    0.00    0.00    0.00    0.00    4.41
平均时间:  all   85.26    0.00   10.33    0.00    0.00    0.00    0.00    0.00    4.41

Linux 2.6.32-431.el6.x86_64 (slave1) 	2019年07月25日 	_x86_64_	(8 CPU)

02时23分53秒  CPU    %usr   %nice    %sys %iowait    %irq   %soft  %steal  %guest   %idle
02时23分54秒  all    9.78    0.00    2.19    0.00    0.00    0.00    0.00    0.00   88.03
平均时间:  all    9.78    0.00    2.19    0.00    0.00    0.00    0.00    0.00   88.03

Linux 2.6.32-431.el6.x86_64 (slave1) 	2019年07月25日 	_x86_64_	(8 CPU)

02时23分57秒  CPU    %usr   %nice    %sys %iowait    %irq   %soft  %steal  %guest   %idle
02时23分58秒  all   42.15    0.00    4.73    0.00    0.13    0.13    0.00    0.00   52.87
平均时间:  all   42.15    0.00    4.73    0.00    0.13    0.13    0.00    0.00   52.87

Linux 2.6.32-431.el6.x86_64 (slave1) 	2019年07月25日 	_x86_64_	(8 CPU)

02时24分01秒  CPU    %usr   %nice    %sys %iowait    %irq   %soft  %steal  %guest   %idle
02时24分02秒  all   10.08    0.00    2.84    0.00    0.00    0.00    0.00    0.00   87.08
平均时间:  all   10.08    0.00    2.84    0.00    0.00    0.00    0.00    0.00   87.08

Linux 2.6.32-431.el6.x86_64 (slave1) 	2019年07月25日 	_x86_64_	(8 CPU)

02时24分05秒  CPU    %usr   %nice    %sys %iowait    %irq   %soft  %steal  %guest   %idle
02时24分06秒  all   14.92    0.00    8.82    0.00    0.00    1.43    0.00    0.00   74.84
平均时间:  all   14.92    0.00    8.82    0.00    0.00    1.43    0.00    0.00   74.84

Linux 2.6.32-431.el6.x86_64 (slave1) 	2019年07月25日 	_x86_64_	(8 CPU)

02时24分09秒  CPU    %usr   %nice    %sys %iowait    %irq   %soft  %steal  %guest   %idle
02时24分10秒  all    7.99    0.00    2.58    0.00    0.13    0.13    0.00    0.00   89.18
平均时间:  all    7.99    0.00    2.58    0.00    0.13    0.13    0.00    0.00   89.18

Linux 2.6.32-431.el6.x86_64 (slave1) 	2019年07月25日 	_x86_64_	(8 CPU)

02时24分13秒  CPU    %usr   %nice    %sys %iowait    %irq   %soft  %steal  %guest   %idle
02时24分14秒  all   37.26    0.00    7.17    0.00    0.00    0.26    0.00    0.00   55.31
平均时间:  all   37.26    0.00    7.17    0.00    0.00    0.26    0.00    0.00   55.31

Linux 2.6.32-431.el6.x86_64 (slave1) 	2019年07月25日 	_x86_64_	(8 CPU)

02时24分17秒  CPU    %usr   %nice    %sys %iowait    %irq   %soft  %steal  %guest   %idle
02时24分18秒  all   60.61    0.00   10.23    0.00    0.13    0.00    0.00    0.00   29.03
平均时间:  all   60.61    0.00   10.23    0.00    0.13    0.00    0.00    0.00   29.03

Linux 2.6.32-431.el6.x86_64 (slave1) 	2019年07月25日 	_x86_64_	(8 CPU)

02时24分21秒  CPU    %usr   %nice    %sys %iowait    %irq   %soft  %steal  %guest   %idle
02时24分22秒  all   88.04    0.00   10.45    0.00    0.00    0.13    0.00    0.00    1.39
平均时间:  all   88.04    0.00   10.45    0.00    0.00    0.13    0.00    0.00    1.39

Linux 2.6.32-431.el6.x86_64 (slave1) 	2019年07月25日 	_x86_64_	(8 CPU)

02时24分25秒  CPU    %usr   %nice    %sys %iowait    %irq   %soft  %steal  %guest   %idle
02时24分26秒  all   85.03    0.00   11.32    0.00    0.00    0.13    0.00    0.00    3.52
平均时间:  all   85.03    0.00   11.32    0.00    0.00    0.13    0.00    0.00    3.52

Linux 2.6.32-431.el6.x86_64 (slave1) 	2019年07月25日 	_x86_64_	(8 CPU)

02时24分29秒  CPU    %usr   %nice    %sys %iowait    %irq   %soft  %steal  %guest   %idle
02时24分30秒  all   38.42    0.00    4.96    0.00    0.00    0.25    0.00    0.00   56.36
平均时间:  all   38.42    0.00    4.96    0.00    0.00    0.25    0.00    0.00   56.36

Linux 2.6.32-431.el6.x86_64 (slave1) 	2019年07月25日 	_x86_64_	(8 CPU)

02时24分33秒  CPU    %usr   %nice    %sys %iowait    %irq   %soft  %steal  %guest   %idle
02时24分34秒  all   85.91    0.00    9.94    0.00    0.00    0.25    0.00    0.00    3.90
平均时间:  all   85.91    0.00    9.94    0.00    0.00    0.25    0.00    0.00    3.90

Linux 2.6.32-431.el6.x86_64 (slave1) 	2019年07月25日 	_x86_64_	(8 CPU)

02时24分37秒  CPU    %usr   %nice    %sys %iowait    %irq   %soft  %steal  %guest   %idle
02时24分38秒  all   91.35    0.00    7.02    0.00    0.00    0.38    0.00    0.00    1.25
平均时间:  all   91.35    0.00    7.02    0.00    0.00    0.38    0.00    0.00    1.25

Linux 2.6.32-431.el6.x86_64 (slave1) 	2019年07月25日 	_x86_64_	(8 CPU)

02时24分41秒  CPU    %usr   %nice    %sys %iowait    %irq   %soft  %steal  %guest   %idle
02时24分42秒  all   89.11    0.00    6.63    0.00    0.00    0.50    0.00    0.00    3.75
平均时间:  all   89.11    0.00    6.63    0.00    0.00    0.50    0.00    0.00    3.75

Linux 2.6.32-431.el6.x86_64 (slave1) 	2019年07月25日 	_x86_64_	(8 CPU)

02时24分45秒  CPU    %usr   %nice    %sys %iowait    %irq   %soft  %steal  %guest   %idle
02时24分46秒  all   72.64    0.00    5.30    0.00    0.00    1.64    0.00    0.00   20.43
平均时间:  all   72.64    0.00    5.30    0.00    0.00    1.64    0.00    0.00   20.43

Linux 2.6.32-431.el6.x86_64 (slave1) 	2019年07月25日 	_x86_64_	(8 CPU)

02时24分49秒  CPU    %usr   %nice    %sys %iowait    %irq   %soft  %steal  %guest   %idle
02时24分50秒  all   92.63    0.00    4.12    0.00    0.00    0.50    0.00    0.00    2.75
平均时间:  all   92.63    0.00    4.12    0.00    0.00    0.50    0.00    0.00    2.75

Linux 2.6.32-431.el6.x86_64 (slave1) 	2019年07月25日 	_x86_64_	(8 CPU)

02时24分53秒  CPU    %usr   %nice    %sys %iowait    %irq   %soft  %steal  %guest   %idle
02时24分54秒  all   87.45    0.00    8.53    0.00    0.00    1.13    0.00    0.00    2.89
平均时间:  all   87.45    0.00    8.53    0.00    0.00    1.13    0.00    0.00    2.89

Linux 2.6.32-431.el6.x86_64 (slave1) 	2019年07月25日 	_x86_64_	(8 CPU)

02时24分57秒  CPU    %usr   %nice    %sys %iowait    %irq   %soft  %steal  %guest   %idle
02时24分58秒  all   76.02    0.00    6.51    0.00    0.00    1.40    0.00    0.00   16.07
平均时间:  all   76.02    0.00    6.51    0.00    0.00    1.40    0.00    0.00   16.07

Linux 2.6.32-431.el6.x86_64 (slave1) 	2019年07月25日 	_x86_64_	(8 CPU)

02时25分01秒  CPU    %usr   %nice    %sys %iowait    %irq   %soft  %steal  %guest   %idle
02时25分02秒  all   28.91    0.00   11.43    0.00    0.26   15.64    0.00    0.00   43.76
平均时间:  all   28.91    0.00   11.43    0.00    0.26   15.64    0.00    0.00   43.76

Linux 2.6.32-431.el6.x86_64 (slave1) 	2019年07月25日 	_x86_64_	(8 CPU)

02时25分05秒  CPU    %usr   %nice    %sys %iowait    %irq   %soft  %steal  %guest   %idle
02时25分06秒  all   64.62    0.00   19.25    0.00    0.38   15.75    0.00    0.00    0.00
平均时间:  all   64.62    0.00   19.25    0.00    0.38   15.75    0.00    0.00    0.00

Linux 2.6.32-431.el6.x86_64 (slave1) 	2019年07月25日 	_x86_64_	(8 CPU)

02时25分09秒  CPU    %usr   %nice    %sys %iowait    %irq   %soft  %steal  %guest   %idle
02时25分10秒  all   63.52    0.00   16.98    0.00    0.63   17.48    0.00    0.00    1.38
平均时间:  all   63.52    0.00   16.98    0.00    0.63   17.48    0.00    0.00    1.38

Linux 2.6.32-431.el6.x86_64 (slave1) 	2019年07月25日 	_x86_64_	(8 CPU)

02时25分13秒  CPU    %usr   %nice    %sys %iowait    %irq   %soft  %steal  %guest   %idle
02时25分14秒  all   67.79    0.00   17.42    0.00    0.25   14.54    0.00    0.00    0.00
平均时间:  all   67.79    0.00   17.42    0.00    0.25   14.54    0.00    0.00    0.00

Linux 2.6.32-431.el6.x86_64 (slave1) 	2019年07月25日 	_x86_64_	(8 CPU)

02时25分17秒  CPU    %usr   %nice    %sys %iowait    %irq   %soft  %steal  %guest   %idle
02时25分18秒  all   54.23    0.00   17.17    0.00    0.39   10.53    0.00    0.00   17.69
平均时间:  all   54.23    0.00   17.17    0.00    0.39   10.53    0.00    0.00   17.69

Linux 2.6.32-431.el6.x86_64 (slave1) 	2019年07月25日 	_x86_64_	(8 CPU)

02时25分21秒  CPU    %usr   %nice    %sys %iowait    %irq   %soft  %steal  %guest   %idle
02时25分22秒  all   52.79    0.00   30.08    0.00    0.25   12.56    0.00    0.00    4.31
平均时间:  all   52.79    0.00   30.08    0.00    0.25   12.56    0.00    0.00    4.31

Linux 2.6.32-431.el6.x86_64 (slave1) 	2019年07月25日 	_x86_64_	(8 CPU)

02时25分25秒  CPU    %usr   %nice    %sys %iowait    %irq   %soft  %steal  %guest   %idle
02时25分26秒  all   40.64    0.00   13.33    0.00    0.13    2.82    0.00    0.00   43.08
平均时间:  all   40.64    0.00   13.33    0.00    0.13    2.82    0.00    0.00   43.08

Linux 2.6.32-431.el6.x86_64 (slave1) 	2019年07月25日 	_x86_64_	(8 CPU)

02时25分29秒  CPU    %usr   %nice    %sys %iowait    %irq   %soft  %steal  %guest   %idle
02时25分30秒  all   63.04    0.00   13.29    0.00    0.00    1.27    0.00    0.00   22.41
平均时间:  all   63.04    0.00   13.29    0.00    0.00    1.27    0.00    0.00   22.41

Linux 2.6.32-431.el6.x86_64 (slave1) 	2019年07月25日 	_x86_64_	(8 CPU)

02时25分33秒  CPU    %usr   %nice    %sys %iowait    %irq   %soft  %steal  %guest   %idle
02时25分34秒  all   82.64    0.00   10.69    0.00    0.00    0.63    0.00    0.00    6.04
平均时间:  all   82.64    0.00   10.69    0.00    0.00    0.63    0.00    0.00    6.04

Linux 2.6.32-431.el6.x86_64 (slave1) 	2019年07月25日 	_x86_64_	(8 CPU)

02时25分37秒  CPU    %usr   %nice    %sys %iowait    %irq   %soft  %steal  %guest   %idle
02时25分38秒  all   90.64    0.00    8.24    0.00    0.12    0.37    0.00    0.00    0.62
平均时间:  all   90.64    0.00    8.24    0.00    0.12    0.37    0.00    0.00    0.62

Linux 2.6.32-431.el6.x86_64 (slave1) 	2019年07月25日 	_x86_64_	(8 CPU)

02时25分41秒  CPU    %usr   %nice    %sys %iowait    %irq   %soft  %steal  %guest   %idle
02时25分42秒  all   93.89    0.00    5.86    0.00    0.00    0.12    0.00    0.00    0.12
平均时间:  all   93.89    0.00    5.86    0.00    0.00    0.12    0.00    0.00    0.12

Linux 2.6.32-431.el6.x86_64 (slave1) 	2019年07月25日 	_x86_64_	(8 CPU)

02时25分45秒  CPU    %usr   %nice    %sys %iowait    %irq   %soft  %steal  %guest   %idle
02时25分46秒  all   91.24    0.00    8.01    0.00    0.00    0.13    0.00    0.00    0.63
平均时间:  all   91.24    0.00    8.01    0.00    0.00    0.13    0.00    0.00    0.63

Linux 2.6.32-431.el6.x86_64 (slave1) 	2019年07月25日 	_x86_64_	(8 CPU)

02时25分49秒  CPU    %usr   %nice    %sys %iowait    %irq   %soft  %steal  %guest   %idle
02时25分50秒  all   51.65    0.00    4.44    0.00    0.00    0.76    0.00    0.00   43.15
平均时间:  all   51.65    0.00    4.44    0.00    0.00    0.76    0.00    0.00   43.15

Linux 2.6.32-431.el6.x86_64 (slave1) 	2019年07月25日 	_x86_64_	(8 CPU)

02时25分53秒  CPU    %usr   %nice    %sys %iowait    %irq   %soft  %steal  %guest   %idle
02时25分54秒  all   76.83    0.00    4.53    0.00    0.13    0.50    0.00    0.00   18.01
平均时间:  all   76.83    0.00    4.53    0.00    0.13    0.50    0.00    0.00   18.01

Linux 2.6.32-431.el6.x86_64 (slave1) 	2019年07月25日 	_x86_64_	(8 CPU)

02时25分57秒  CPU    %usr   %nice    %sys %iowait    %irq   %soft  %steal  %guest   %idle
02时25分58秒  all   58.82    0.00    2.52    0.13    0.00    1.13    0.00    0.00   37.41
平均时间:  all   58.82    0.00    2.52    0.13    0.00    1.13    0.00    0.00   37.41

Linux 2.6.32-431.el6.x86_64 (slave1) 	2019年07月25日 	_x86_64_	(8 CPU)

02时26分01秒  CPU    %usr   %nice    %sys %iowait    %irq   %soft  %steal  %guest   %idle
02时26分02秒  all   88.49    0.00    3.50    0.00    0.13    0.38    0.00    0.00    7.51
平均时间:  all   88.49    0.00    3.50    0.00    0.13    0.38    0.00    0.00    7.51

Linux 2.6.32-431.el6.x86_64 (slave1) 	2019年07月25日 	_x86_64_	(8 CPU)

02时26分05秒  CPU    %usr   %nice    %sys %iowait    %irq   %soft  %steal  %guest   %idle
02时26分06秒  all   50.25    0.00    5.56    0.00    0.00    1.01    0.00    0.00   43.18
平均时间:  all   50.25    0.00    5.56    0.00    0.00    1.01    0.00    0.00   43.18

Linux 2.6.32-431.el6.x86_64 (slave1) 	2019年07月25日 	_x86_64_	(8 CPU)

02时26分09秒  CPU    %usr   %nice    %sys %iowait    %irq   %soft  %steal  %guest   %idle
02时26分10秒  all   77.83    0.00    4.41    0.00    0.00    0.76    0.00    0.00   17.00
平均时间:  all   77.83    0.00    4.41    0.00    0.00    0.76    0.00    0.00   17.00

Linux 2.6.32-431.el6.x86_64 (slave1) 	2019年07月25日 	_x86_64_	(8 CPU)

02时26分14秒  CPU    %usr   %nice    %sys %iowait    %irq   %soft  %steal  %guest   %idle
02时26分15秒  all   38.58    0.00    6.60    0.00    0.00    0.63    0.00    0.00   54.19
平均时间:  all   38.58    0.00    6.60    0.00    0.00    0.63    0.00    0.00   54.19

Linux 2.6.32-431.el6.x86_64 (slave1) 	2019年07月25日 	_x86_64_	(8 CPU)

02时26分18秒  CPU    %usr   %nice    %sys %iowait    %irq   %soft  %steal  %guest   %idle
02时26分19秒  all   94.50    0.00    5.12    0.00    0.00    0.25    0.00    0.00    0.12
平均时间:  all   94.50    0.00    5.12    0.00    0.00    0.25    0.00    0.00    0.12

Linux 2.6.32-431.el6.x86_64 (slave1) 	2019年07月25日 	_x86_64_	(8 CPU)

02时26分22秒  CPU    %usr   %nice    %sys %iowait    %irq   %soft  %steal  %guest   %idle
02时26分23秒  all   75.41    0.00    8.75    0.00    0.00    0.63    0.00    0.00   15.21
平均时间:  all   75.41    0.00    8.75    0.00    0.00    0.63    0.00    0.00   15.21

Linux 2.6.32-431.el6.x86_64 (slave1) 	2019年07月25日 	_x86_64_	(8 CPU)

02时26分26秒  CPU    %usr   %nice    %sys %iowait    %irq   %soft  %steal  %guest   %idle
02时26分27秒  all   37.71    0.00   11.21    0.00    0.00    0.76    0.00    0.00   50.32
平均时间:  all   37.71    0.00   11.21    0.00    0.00    0.76    0.00    0.00   50.32

Linux 2.6.32-431.el6.x86_64 (slave1) 	2019年07月25日 	_x86_64_	(8 CPU)

02时26分30秒  CPU    %usr   %nice    %sys %iowait    %irq   %soft  %steal  %guest   %idle
02时26分31秒  all   70.13    0.00   12.28    0.00    0.00    0.51    0.00    0.00   17.09
平均时间:  all   70.13    0.00   12.28    0.00    0.00    0.51    0.00    0.00   17.09

Linux 2.6.32-431.el6.x86_64 (slave1) 	2019年07月25日 	_x86_64_	(8 CPU)

02时26分34秒  CPU    %usr   %nice    %sys %iowait    %irq   %soft  %steal  %guest   %idle
02时26分35秒  all   88.99    0.00    7.88    0.00    0.00    0.13    0.00    0.00    3.00
平均时间:  all   88.99    0.00    7.88    0.00    0.00    0.13    0.00    0.00    3.00

Linux 2.6.32-431.el6.x86_64 (slave1) 	2019年07月25日 	_x86_64_	(8 CPU)

02时26分38秒  CPU    %usr   %nice    %sys %iowait    %irq   %soft  %steal  %guest   %idle
02时26分39秒  all   93.51    0.00    5.49    0.00    0.00    0.12    0.00    0.00    0.87
平均时间:  all   93.51    0.00    5.49    0.00    0.00    0.12    0.00    0.00    0.87

Linux 2.6.32-431.el6.x86_64 (slave1) 	2019年07月25日 	_x86_64_	(8 CPU)

02时26分42秒  CPU    %usr   %nice    %sys %iowait    %irq   %soft  %steal  %guest   %idle
02时26分43秒  all   81.99    0.00    5.16    0.00    0.00    0.50    0.00    0.00   12.34
平均时间:  all   81.99    0.00    5.16    0.00    0.00    0.50    0.00    0.00   12.34

Linux 2.6.32-431.el6.x86_64 (slave1) 	2019年07月25日 	_x86_64_	(8 CPU)

02时26分46秒  CPU    %usr   %nice    %sys %iowait    %irq   %soft  %steal  %guest   %idle
02时26分47秒  all   59.97    0.00    6.23    0.00    0.13    1.52    0.00    0.00   32.15
平均时间:  all   59.97    0.00    6.23    0.00    0.13    1.52    0.00    0.00   32.15

Linux 2.6.32-431.el6.x86_64 (slave1) 	2019年07月25日 	_x86_64_	(8 CPU)

02时26分50秒  CPU    %usr   %nice    %sys %iowait    %irq   %soft  %steal  %guest   %idle
02时26分51秒  all   77.96    0.00    6.68    0.00    0.00    0.63    0.00    0.00   14.74
平均时间:  all   77.96    0.00    6.68    0.00    0.00    0.63    0.00    0.00   14.74

Linux 2.6.32-431.el6.x86_64 (slave1) 	2019年07月25日 	_x86_64_	(8 CPU)

02时26分54秒  CPU    %usr   %nice    %sys %iowait    %irq   %soft  %steal  %guest   %idle
02时26分55秒  all   82.07    0.00    7.45    0.00    0.13    0.63    0.00    0.00    9.72
平均时间:  all   82.07    0.00    7.45    0.00    0.13    0.63    0.00    0.00    9.72

Linux 2.6.32-431.el6.x86_64 (slave1) 	2019年07月25日 	_x86_64_	(8 CPU)

02时26分58秒  CPU    %usr   %nice    %sys %iowait    %irq   %soft  %steal  %guest   %idle
02时26分59秒  all   78.18    0.00    9.58    0.00    0.13    3.15    0.00    0.00    8.95
平均时间:  all   78.18    0.00    9.58    0.00    0.13    3.15    0.00    0.00    8.95

Linux 2.6.32-431.el6.x86_64 (slave1) 	2019年07月25日 	_x86_64_	(8 CPU)

02时27分02秒  CPU    %usr   %nice    %sys %iowait    %irq   %soft  %steal  %guest   %idle
02时27分03秒  all   64.40    0.00   19.62    0.00    0.50   14.84    0.00    0.00    0.63
平均时间:  all   64.40    0.00   19.62    0.00    0.50   14.84    0.00    0.00    0.63

Linux 2.6.32-431.el6.x86_64 (slave1) 	2019年07月25日 	_x86_64_	(8 CPU)

02时27分06秒  CPU    %usr   %nice    %sys %iowait    %irq   %soft  %steal  %guest   %idle
02时27分07秒  all   62.42    0.00   14.63    0.00    0.13    9.26    0.00    0.00   13.56
平均时间:  all   62.42    0.00   14.63    0.00    0.13    9.26    0.00    0.00   13.56

Linux 2.6.32-431.el6.x86_64 (slave1) 	2019年07月25日 	_x86_64_	(8 CPU)

02时27分10秒  CPU    %usr   %nice    %sys %iowait    %irq   %soft  %steal  %guest   %idle
02时27分11秒  all   64.73    0.00   19.22    0.00    0.38   13.40    0.00    0.00    2.28
平均时间:  all   64.73    0.00   19.22    0.00    0.38   13.40    0.00    0.00    2.28

Linux 2.6.32-431.el6.x86_64 (slave1) 	2019年07月25日 	_x86_64_	(8 CPU)

02时27分14秒  CPU    %usr   %nice    %sys %iowait    %irq   %soft  %steal  %guest   %idle
02时27分15秒  all   59.54    0.00   17.27    0.00    0.26   16.75    0.00    0.00    6.19
平均时间:  all   59.54    0.00   17.27    0.00    0.26   16.75    0.00    0.00    6.19

Linux 2.6.32-431.el6.x86_64 (slave1) 	2019年07月25日 	_x86_64_	(8 CPU)

02时27分18秒  CPU    %usr   %nice    %sys %iowait    %irq   %soft  %steal  %guest   %idle
02时27分19秒  all   69.77    0.00   17.25    0.00    0.25   12.09    0.00    0.00    0.63
平均时间:  all   69.77    0.00   17.25    0.00    0.25   12.09    0.00    0.00    0.63

Linux 2.6.32-431.el6.x86_64 (slave1) 	2019年07月25日 	_x86_64_	(8 CPU)

02时27分22秒  CPU    %usr   %nice    %sys %iowait    %irq   %soft  %steal  %guest   %idle
02时27分23秒  all   62.55    0.00   19.24    0.00    0.25   12.99    0.00    0.00    4.97
平均时间:  all   62.55    0.00   19.24    0.00    0.25   12.99    0.00    0.00    4.97

Linux 2.6.32-431.el6.x86_64 (slave1) 	2019年07月25日 	_x86_64_	(8 CPU)

02时27分26秒  CPU    %usr   %nice    %sys %iowait    %irq   %soft  %steal  %guest   %idle
02时27分27秒  all   59.46    0.00    8.62    0.00    0.13    1.03    0.00    0.00   30.76
平均时间:  all   59.46    0.00    8.62    0.00    0.13    1.03    0.00    0.00   30.76

Linux 2.6.32-431.el6.x86_64 (slave1) 	2019年07月25日 	_x86_64_	(8 CPU)

02时27分30秒  CPU    %usr   %nice    %sys %iowait    %irq   %soft  %steal  %guest   %idle
02时27分31秒  all   22.25    0.00    1.90    0.00    0.13    0.76    0.00    0.00   74.97
平均时间:  all   22.25    0.00    1.90    0.00    0.13    0.76    0.00    0.00   74.97

Linux 2.6.32-431.el6.x86_64 (slave1) 	2019年07月25日 	_x86_64_	(8 CPU)

02时27分34秒  CPU    %usr   %nice    %sys %iowait    %irq   %soft  %steal  %guest   %idle
02时27分35秒  all   35.01    0.00    8.79    0.00    0.13    4.13    0.00    0.00   51.94
平均时间:  all   35.01    0.00    8.79    0.00    0.13    4.13    0.00    0.00   51.94

Linux 2.6.32-431.el6.x86_64 (slave1) 	2019年07月25日 	_x86_64_	(8 CPU)

02时27分38秒  CPU    %usr   %nice    %sys %iowait    %irq   %soft  %steal  %guest   %idle
02时27分39秒  all   85.82    0.00   12.05    0.00    0.13    0.63    0.00    0.00    1.38
平均时间:  all   85.82    0.00   12.05    0.00    0.13    0.63    0.00    0.00    1.38

Linux 2.6.32-431.el6.x86_64 (slave1) 	2019年07月25日 	_x86_64_	(8 CPU)

02时27分42秒  CPU    %usr   %nice    %sys %iowait    %irq   %soft  %steal  %guest   %idle
02时27分43秒  all   89.86    0.00    9.26    0.00    0.00    0.25    0.00    0.00    0.63
平均时间:  all   89.86    0.00    9.26    0.00    0.00    0.25    0.00    0.00    0.63

Linux 2.6.32-431.el6.x86_64 (slave1) 	2019年07月25日 	_x86_64_	(8 CPU)

02时27分47秒  CPU    %usr   %nice    %sys %iowait    %irq   %soft  %steal  %guest   %idle
02时27分48秒  all   92.36    0.00    7.52    0.00    0.00    0.13    0.00    0.00    0.00
平均时间:  all   92.36    0.00    7.52    0.00    0.00    0.13    0.00    0.00    0.00

Linux 2.6.32-431.el6.x86_64 (slave1) 	2019年07月25日 	_x86_64_	(8 CPU)

02时27分51秒  CPU    %usr   %nice    %sys %iowait    %irq   %soft  %steal  %guest   %idle
02时27分52秒  all   75.06    0.00   10.56    0.00    0.13    0.38    0.00    0.00   13.87
平均时间:  all   75.06    0.00   10.56    0.00    0.13    0.38    0.00    0.00   13.87

Linux 2.6.32-431.el6.x86_64 (slave1) 	2019年07月25日 	_x86_64_	(8 CPU)

02时27分55秒  CPU    %usr   %nice    %sys %iowait    %irq   %soft  %steal  %guest   %idle
02时27分56秒  all   48.58    0.00   16.15    0.00    0.00    1.94    0.00    0.00   33.33
平均时间:  all   48.58    0.00   16.15    0.00    0.00    1.94    0.00    0.00   33.33

Linux 2.6.32-431.el6.x86_64 (slave1) 	2019年07月25日 	_x86_64_	(8 CPU)

02时27分59秒  CPU    %usr   %nice    %sys %iowait    %irq   %soft  %steal  %guest   %idle
02时28分00秒  all   41.30    0.00   12.02    0.00    0.00    0.13    0.00    0.00   46.55
平均时间:  all   41.30    0.00   12.02    0.00    0.00    0.13    0.00    0.00   46.55

Linux 2.6.32-431.el6.x86_64 (slave1) 	2019年07月25日 	_x86_64_	(8 CPU)

02时28分03秒  CPU    %usr   %nice    %sys %iowait    %irq   %soft  %steal  %guest   %idle
02时28分04秒  all   54.18    0.00   11.71    0.00    0.00    0.00    0.00    0.00   34.11
平均时间:  all   54.18    0.00   11.71    0.00    0.00    0.00    0.00    0.00   34.11

Linux 2.6.32-431.el6.x86_64 (slave1) 	2019年07月25日 	_x86_64_	(8 CPU)

02时28分07秒  CPU    %usr   %nice    %sys %iowait    %irq   %soft  %steal  %guest   %idle
02时28分08秒  all   42.03    0.00    8.87    0.00    0.00    0.00    0.00    0.00   49.10
平均时间:  all   42.03    0.00    8.87    0.00    0.00    0.00    0.00    0.00   49.10

Linux 2.6.32-431.el6.x86_64 (slave1) 	2019年07月25日 	_x86_64_	(8 CPU)

02时28分11秒  CPU    %usr   %nice    %sys %iowait    %irq   %soft  %steal  %guest   %idle
02时28分12秒  all   51.42    0.00   11.27    0.00    0.00    1.04    0.00    0.00   36.27
平均时间:  all   51.42    0.00   11.27    0.00    0.00    1.04    0.00    0.00   36.27

Linux 2.6.32-431.el6.x86_64 (slave1) 	2019年07月25日 	_x86_64_	(8 CPU)

02时28分15秒  CPU    %usr   %nice    %sys %iowait    %irq   %soft  %steal  %guest   %idle
02时28分16秒  all   67.14    0.00   14.07    0.00    0.00    0.00    0.00    0.00   18.80
平均时间:  all   67.14    0.00   14.07    0.00    0.00    0.00    0.00    0.00   18.80

Linux 2.6.32-431.el6.x86_64 (slave1) 	2019年07月25日 	_x86_64_	(8 CPU)

02时28分19秒  CPU    %usr   %nice    %sys %iowait    %irq   %soft  %steal  %guest   %idle
02时28分20秒  all   73.51    0.00    8.49    0.00    0.00    0.25    0.00    0.00   17.74
平均时间:  all   73.51    0.00    8.49    0.00    0.00    0.25    0.00    0.00   17.74

Linux 2.6.32-431.el6.x86_64 (slave1) 	2019年07月25日 	_x86_64_	(8 CPU)

02时28分23秒  CPU    %usr   %nice    %sys %iowait    %irq   %soft  %steal  %guest   %idle
02时28分24秒  all   87.86    0.00    8.89    0.00    0.13    0.25    0.00    0.00    2.88
平均时间:  all   87.86    0.00    8.89    0.00    0.13    0.25    0.00    0.00    2.88

Linux 2.6.32-431.el6.x86_64 (slave1) 	2019年07月25日 	_x86_64_	(8 CPU)

02时28分27秒  CPU    %usr   %nice    %sys %iowait    %irq   %soft  %steal  %guest   %idle
02时28分28秒  all   74.05    0.00    5.06    0.00    0.00    0.63    0.00    0.00   20.25
平均时间:  all   74.05    0.00    5.06    0.00    0.00    0.63    0.00    0.00   20.25

Linux 2.6.32-431.el6.x86_64 (slave1) 	2019年07月25日 	_x86_64_	(8 CPU)

02时28分31秒  CPU    %usr   %nice    %sys %iowait    %irq   %soft  %steal  %guest   %idle
02时28分32秒  all   53.69    0.00    3.31    0.00    0.13    1.78    0.00    0.00   41.09
平均时间:  all   53.69    0.00    3.31    0.00    0.13    1.78    0.00    0.00   41.09

Linux 2.6.32-431.el6.x86_64 (slave1) 	2019年07月25日 	_x86_64_	(8 CPU)

02时28分35秒  CPU    %usr   %nice    %sys %iowait    %irq   %soft  %steal  %guest   %idle
02时28分36秒  all   61.81    0.00    6.00    0.00    0.00    3.58    0.00    0.00   28.61
平均时间:  all   61.81    0.00    6.00    0.00    0.00    3.58    0.00    0.00   28.61

Linux 2.6.32-431.el6.x86_64 (slave1) 	2019年07月25日 	_x86_64_	(8 CPU)

02时28分39秒  CPU    %usr   %nice    %sys %iowait    %irq   %soft  %steal  %guest   %idle
02时28分40秒  all   52.66    0.00    2.93    0.00    0.00    2.26    0.00    0.00   42.15
平均时间:  all   52.66    0.00    2.93    0.00    0.00    2.26    0.00    0.00   42.15

Linux 2.6.32-431.el6.x86_64 (slave1) 	2019年07月25日 	_x86_64_	(8 CPU)

02时28分43秒  CPU    %usr   %nice    %sys %iowait    %irq   %soft  %steal  %guest   %idle
02时28分44秒  all   84.07    0.00    4.89    0.00    0.00    0.88    0.00    0.00   10.16
平均时间:  all   84.07    0.00    4.89    0.00    0.00    0.88    0.00    0.00   10.16

Linux 2.6.32-431.el6.x86_64 (slave1) 	2019年07月25日 	_x86_64_	(8 CPU)

02时28分47秒  CPU    %usr   %nice    %sys %iowait    %irq   %soft  %steal  %guest   %idle
02时28分48秒  all   69.07    0.00    3.80    0.00    0.13    1.27    0.00    0.00   25.73
平均时间:  all   69.07    0.00    3.80    0.00    0.13    1.27    0.00    0.00   25.73

Linux 2.6.32-431.el6.x86_64 (slave1) 	2019年07月25日 	_x86_64_	(8 CPU)

02时28分51秒  CPU    %usr   %nice    %sys %iowait    %irq   %soft  %steal  %guest   %idle
02时28分52秒  all   40.25    0.00    2.17    0.00    0.13    1.27    0.00    0.00   56.18
平均时间:  all   40.25    0.00    2.17    0.00    0.13    1.27    0.00    0.00   56.18

Linux 2.6.32-431.el6.x86_64 (slave1) 	2019年07月25日 	_x86_64_	(8 CPU)

02时28分55秒  CPU    %usr   %nice    %sys %iowait    %irq   %soft  %steal  %guest   %idle
02时28分56秒  all   43.55    0.00    6.26    0.00    0.00    1.43    0.00    0.00   48.76
平均时间:  all   43.55    0.00    6.26    0.00    0.00    1.43    0.00    0.00   48.76

Linux 2.6.32-431.el6.x86_64 (slave1) 	2019年07月25日 	_x86_64_	(8 CPU)

02时28分59秒  CPU    %usr   %nice    %sys %iowait    %irq   %soft  %steal  %guest   %idle
02时29分00秒  all   79.65    0.00   12.81    0.00    0.25    7.16    0.00    0.00    0.13
平均时间:  all   79.65    0.00   12.81    0.00    0.25    7.16    0.00    0.00    0.13

Linux 2.6.32-431.el6.x86_64 (slave1) 	2019年07月25日 	_x86_64_	(8 CPU)

02时29分03秒  CPU    %usr   %nice    %sys %iowait    %irq   %soft  %steal  %guest   %idle
02时29分04秒  all   20.56    0.00   13.00    0.00    0.53   15.78    0.00    0.00   50.13
平均时间:  all   20.56    0.00   13.00    0.00    0.53   15.78    0.00    0.00   50.13

Linux 2.6.32-431.el6.x86_64 (slave1) 	2019年07月25日 	_x86_64_	(8 CPU)

02时29分07秒  CPU    %usr   %nice    %sys %iowait    %irq   %soft  %steal  %guest   %idle
02时29分08秒  all   27.76    0.00   18.73    0.00    0.40   14.74    0.00    0.00   38.38
平均时间:  all   27.76    0.00   18.73    0.00    0.40   14.74    0.00    0.00   38.38

Linux 2.6.32-431.el6.x86_64 (slave1) 	2019年07月25日 	_x86_64_	(8 CPU)

02时29分11秒  CPU    %usr   %nice    %sys %iowait    %irq   %soft  %steal  %guest   %idle
02时29分12秒  all   53.48    0.00   23.84    0.13    0.26   13.79    0.00    0.00    8.51
平均时间:  all   53.48    0.00   23.84    0.13    0.26   13.79    0.00    0.00    8.51

Linux 2.6.32-431.el6.x86_64 (slave1) 	2019年07月25日 	_x86_64_	(8 CPU)

02时29分15秒  CPU    %usr   %nice    %sys %iowait    %irq   %soft  %steal  %guest   %idle
02时29分16秒  all   70.68    0.00   18.42    0.00    0.13   10.65    0.00    0.00    0.13
平均时间:  all   70.68    0.00   18.42    0.00    0.13   10.65    0.00    0.00    0.13

Linux 2.6.32-431.el6.x86_64 (slave1) 	2019年07月25日 	_x86_64_	(8 CPU)

02时29分19秒  CPU    %usr   %nice    %sys %iowait    %irq   %soft  %steal  %guest   %idle
02时29分20秒  all   67.17    0.00   16.04    0.00    0.25   16.42    0.00    0.00    0.13
平均时间:  all   67.17    0.00   16.04    0.00    0.25   16.42    0.00    0.00    0.13

Linux 2.6.32-431.el6.x86_64 (slave1) 	2019年07月25日 	_x86_64_	(8 CPU)

02时29分23秒  CPU    %usr   %nice    %sys %iowait    %irq   %soft  %steal  %guest   %idle
02时29分24秒  all   63.60    0.00   21.91    0.00    0.25   14.11    0.00    0.00    0.13
平均时间:  all   63.60    0.00   21.91    0.00    0.25   14.11    0.00    0.00    0.13

Linux 2.6.32-431.el6.x86_64 (slave1) 	2019年07月25日 	_x86_64_	(8 CPU)

02时29分27秒  CPU    %usr   %nice    %sys %iowait    %irq   %soft  %steal  %guest   %idle
02时29分28秒  all   91.15    0.00    8.23    0.00    0.12    0.50    0.00    0.00    0.00
平均时间:  all   91.15    0.00    8.23    0.00    0.12    0.50    0.00    0.00    0.00

Linux 2.6.32-431.el6.x86_64 (slave1) 	2019年07月25日 	_x86_64_	(8 CPU)

02时29分31秒  CPU    %usr   %nice    %sys %iowait    %irq   %soft  %steal  %guest   %idle
02时29分32秒  all   73.13    0.00    8.87    0.00    0.00    0.00    0.00    0.00   18.00
平均时间:  all   73.13    0.00    8.87    0.00    0.00    0.00    0.00    0.00   18.00

Linux 2.6.32-431.el6.x86_64 (slave1) 	2019年07月25日 	_x86_64_	(8 CPU)

02时29分35秒  CPU    %usr   %nice    %sys %iowait    %irq   %soft  %steal  %guest   %idle
02时29分36秒  all   79.80    0.00    8.59    0.00    0.00    0.13    0.00    0.00   11.49
平均时间:  all   79.80    0.00    8.59    0.00    0.00    0.13    0.00    0.00   11.49

Linux 2.6.32-431.el6.x86_64 (slave1) 	2019年07月25日 	_x86_64_	(8 CPU)

02时29分39秒  CPU    %usr   %nice    %sys %iowait    %irq   %soft  %steal  %guest   %idle
02时29分40秒  all   25.93    0.00    5.87    0.00    0.00    0.00    0.00    0.00   68.20
平均时间:  all   25.93    0.00    5.87    0.00    0.00    0.00    0.00    0.00   68.20

Linux 2.6.32-431.el6.x86_64 (slave1) 	2019年07月25日 	_x86_64_	(8 CPU)

02时29分43秒  CPU    %usr   %nice    %sys %iowait    %irq   %soft  %steal  %guest   %idle
02时29分44秒  all   78.89    0.00    4.80    0.00    0.00    0.00    0.00    0.00   16.31
平均时间:  all   78.89    0.00    4.80    0.00    0.00    0.00    0.00    0.00   16.31

Linux 2.6.32-431.el6.x86_64 (slave1) 	2019年07月25日 	_x86_64_	(8 CPU)

02时29分47秒  CPU    %usr   %nice    %sys %iowait    %irq   %soft  %steal  %guest   %idle
02时29分48秒  all   56.29    0.00    5.97    0.00    0.00    0.76    0.00    0.00   36.98
平均时间:  all   56.29    0.00    5.97    0.00    0.00    0.76    0.00    0.00   36.98

Linux 2.6.32-431.el6.x86_64 (slave1) 	2019年07月25日 	_x86_64_	(8 CPU)

02时29分51秒  CPU    %usr   %nice    %sys %iowait    %irq   %soft  %steal  %guest   %idle
02时29分52秒  all   55.06    0.00    4.05    0.00    0.00    0.25    0.00    0.00   40.63
平均时间:  all   55.06    0.00    4.05    0.00    0.00    0.25    0.00    0.00   40.63

Linux 2.6.32-431.el6.x86_64 (slave1) 	2019年07月25日 	_x86_64_	(8 CPU)

02时29分55秒  CPU    %usr   %nice    %sys %iowait    %irq   %soft  %steal  %guest   %idle
02时29分56秒  all   53.08    0.00    7.44    0.00    0.00    0.38    0.00    0.00   39.10
平均时间:  all   53.08    0.00    7.44    0.00    0.00    0.38    0.00    0.00   39.10

Linux 2.6.32-431.el6.x86_64 (slave1) 	2019年07月25日 	_x86_64_	(8 CPU)

02时29分59秒  CPU    %usr   %nice    %sys %iowait    %irq   %soft  %steal  %guest   %idle
02时30分00秒  all   60.71    0.00    7.35    0.00    0.00    0.00    0.00    0.00   31.94
平均时间:  all   60.71    0.00    7.35    0.00    0.00    0.00    0.00    0.00   31.94

Linux 2.6.32-431.el6.x86_64 (slave1) 	2019年07月25日 	_x86_64_	(8 CPU)

02时30分03秒  CPU    %usr   %nice    %sys %iowait    %irq   %soft  %steal  %guest   %idle
02时30分04秒  all   76.49    0.00    9.23    0.00    0.00    0.00    0.00    0.00   14.29
平均时间:  all   76.49    0.00    9.23    0.00    0.00    0.00    0.00    0.00   14.29

Linux 2.6.32-431.el6.x86_64 (slave1) 	2019年07月25日 	_x86_64_	(8 CPU)

02时30分07秒  CPU    %usr   %nice    %sys %iowait    %irq   %soft  %steal  %guest   %idle
02时30分08秒  all   49.18    0.00    4.69    0.00    0.13    0.38    0.00    0.00   45.63
平均时间:  all   49.18    0.00    4.69    0.00    0.13    0.38    0.00    0.00   45.63

Linux 2.6.32-431.el6.x86_64 (slave1) 	2019年07月25日 	_x86_64_	(8 CPU)

02时30分11秒  CPU    %usr   %nice    %sys %iowait    %irq   %soft  %steal  %guest   %idle
02时30分12秒  all   90.54    0.00    4.04    0.00    0.00    0.25    0.00    0.00    5.17
平均时间:  all   90.54    0.00    4.04    0.00    0.00    0.25    0.00    0.00    5.17

Linux 2.6.32-431.el6.x86_64 (slave1) 	2019年07月25日 	_x86_64_	(8 CPU)

02时30分16秒  CPU    %usr   %nice    %sys %iowait    %irq   %soft  %steal  %guest   %idle
02时30分17秒  all   50.32    0.00    8.37    0.00    0.00    1.42    0.00    0.00   39.90
平均时间:  all   50.32    0.00    8.37    0.00    0.00    1.42    0.00    0.00   39.90

Linux 2.6.32-431.el6.x86_64 (slave1) 	2019年07月25日 	_x86_64_	(8 CPU)

02时30分20秒  CPU    %usr   %nice    %sys %iowait    %irq   %soft  %steal  %guest   %idle
02时30分21秒  all   49.49    0.00    4.20    0.00    0.13    1.02    0.00    0.00   45.17
平均时间:  all   49.49    0.00    4.20    0.00    0.13    1.02    0.00    0.00   45.17

Linux 2.6.32-431.el6.x86_64 (slave1) 	2019年07月25日 	_x86_64_	(8 CPU)

02时30分24秒  CPU    %usr   %nice    %sys %iowait    %irq   %soft  %steal  %guest   %idle
02时30分25秒  all   49.62    0.00    3.44    0.00    0.00    0.76    0.00    0.00   46.18
平均时间:  all   49.62    0.00    3.44    0.00    0.00    0.76    0.00    0.00   46.18

Linux 2.6.32-431.el6.x86_64 (slave1) 	2019年07月25日 	_x86_64_	(8 CPU)

02时30分28秒  CPU    %usr   %nice    %sys %iowait    %irq   %soft  %steal  %guest   %idle
02时30分29秒  all   44.37    0.00    2.02    0.00    0.00    1.64    0.00    0.00   51.96
平均时间:  all   44.37    0.00    2.02    0.00    0.00    1.64    0.00    0.00   51.96

Linux 2.6.32-431.el6.x86_64 (slave1) 	2019年07月25日 	_x86_64_	(8 CPU)

02时30分32秒  CPU    %usr   %nice    %sys %iowait    %irq   %soft  %steal  %guest   %idle
02时30分33秒  all   75.38    0.00   15.78    0.00    0.13    1.39    0.00    0.00    7.32
平均时间:  all   75.38    0.00   15.78    0.00    0.13    1.39    0.00    0.00    7.32

Linux 2.6.32-431.el6.x86_64 (slave1) 	2019年07月25日 	_x86_64_	(8 CPU)

02时30分36秒  CPU    %usr   %nice    %sys %iowait    %irq   %soft  %steal  %guest   %idle
02时30分37秒  all   74.43    0.00    9.11    0.00    0.13    0.51    0.00    0.00   15.82
平均时间:  all   74.43    0.00    9.11    0.00    0.13    0.51    0.00    0.00   15.82

Linux 2.6.32-431.el6.x86_64 (slave1) 	2019年07月25日 	_x86_64_	(8 CPU)

02时30分40秒  CPU    %usr   %nice    %sys %iowait    %irq   %soft  %steal  %guest   %idle
02时30分41秒  all   89.74    0.00    6.88    0.00    0.00    0.00    0.00    0.00    3.38
平均时间:  all   89.74    0.00    6.88    0.00    0.00    0.00    0.00    0.00    3.38

Linux 2.6.32-431.el6.x86_64 (slave1) 	2019年07月25日 	_x86_64_	(8 CPU)

02时30分44秒  CPU    %usr   %nice    %sys %iowait    %irq   %soft  %steal  %guest   %idle
02时30分45秒  all   77.66    0.00    8.76    0.00    0.00    1.27    0.00    0.00   12.31
平均时间:  all   77.66    0.00    8.76    0.00    0.00    1.27    0.00    0.00   12.31

Linux 2.6.32-431.el6.x86_64 (slave1) 	2019年07月25日 	_x86_64_	(8 CPU)

02时30分48秒  CPU    %usr   %nice    %sys %iowait    %irq   %soft  %steal  %guest   %idle
02时30分49秒  all   62.52    0.00   16.48    0.00    0.00    0.25    0.00    0.00   20.75
平均时间:  all   62.52    0.00   16.48    0.00    0.00    0.25    0.00    0.00   20.75

Linux 2.6.32-431.el6.x86_64 (slave1) 	2019年07月25日 	_x86_64_	(8 CPU)

02时30分52秒  CPU    %usr   %nice    %sys %iowait    %irq   %soft  %steal  %guest   %idle
02时30分53秒  all   91.49    0.00    7.63    0.00    0.00    0.50    0.00    0.00    0.38
平均时间:  all   91.49    0.00    7.63    0.00    0.00    0.50    0.00    0.00    0.38

Linux 2.6.32-431.el6.x86_64 (slave1) 	2019年07月25日 	_x86_64_	(8 CPU)

02时30分56秒  CPU    %usr   %nice    %sys %iowait    %irq   %soft  %steal  %guest   %idle
02时30分57秒  all   87.34    0.00    8.15    0.00    0.13    0.75    0.00    0.00    3.63
平均时间:  all   87.34    0.00    8.15    0.00    0.13    0.75    0.00    0.00    3.63

Linux 2.6.32-431.el6.x86_64 (slave1) 	2019年07月25日 	_x86_64_	(8 CPU)

02时31分00秒  CPU    %usr   %nice    %sys %iowait    %irq   %soft  %steal  %guest   %idle
02时31分01秒  all   83.60    0.00   12.27    0.00    0.13    4.01    0.00    0.00    0.00
平均时间:  all   83.60    0.00   12.27    0.00    0.13    4.01    0.00    0.00    0.00

Linux 2.6.32-431.el6.x86_64 (slave1) 	2019年07月25日 	_x86_64_	(8 CPU)

02时31分04秒  CPU    %usr   %nice    %sys %iowait    %irq   %soft  %steal  %guest   %idle
02时31分05秒  all   65.16    0.00   19.37    0.00    0.63   14.84    0.00    0.00    0.00
平均时间:  all   65.16    0.00   19.37    0.00    0.63   14.84    0.00    0.00    0.00

Linux 2.6.32-431.el6.x86_64 (slave1) 	2019年07月25日 	_x86_64_	(8 CPU)

02时31分08秒  CPU    %usr   %nice    %sys %iowait    %irq   %soft  %steal  %guest   %idle
02时31分09秒  all   61.11    0.00   17.68    0.00    0.63   16.92    0.00    0.00    3.66
平均时间:  all   61.11    0.00   17.68    0.00    0.63   16.92    0.00    0.00    3.66

Linux 2.6.32-431.el6.x86_64 (slave1) 	2019年07月25日 	_x86_64_	(8 CPU)

02时31分12秒  CPU    %usr   %nice    %sys %iowait    %irq   %soft  %steal  %guest   %idle
02时31分13秒  all   60.00    0.00   24.62    0.00    0.25   14.25    0.00    0.00    0.88
平均时间:  all   60.00    0.00   24.62    0.00    0.25   14.25    0.00    0.00    0.88

Linux 2.6.32-431.el6.x86_64 (slave1) 	2019年07月25日 	_x86_64_	(8 CPU)

02时31分16秒  CPU    %usr   %nice    %sys %iowait    %irq   %soft  %steal  %guest   %idle
02时31分17秒  all   62.11    0.00   22.84    0.00    0.25   14.81    0.00    0.00    0.00
平均时间:  all   62.11    0.00   22.84    0.00    0.25   14.81    0.00    0.00    0.00

Linux 2.6.32-431.el6.x86_64 (slave1) 	2019年07月25日 	_x86_64_	(8 CPU)

02时31分20秒  CPU    %usr   %nice    %sys %iowait    %irq   %soft  %steal  %guest   %idle
02时31分21秒  all   67.84    0.00   19.60    0.00    0.38   11.56    0.00    0.00    0.63
平均时间:  all   67.84    0.00   19.60    0.00    0.38   11.56    0.00    0.00    0.63

Linux 2.6.32-431.el6.x86_64 (slave1) 	2019年07月25日 	_x86_64_	(8 CPU)

02时31分24秒  CPU    %usr   %nice    %sys %iowait    %irq   %soft  %steal  %guest   %idle
02时31分25秒  all   86.64    0.00   11.36    0.00    0.00    1.37    0.00    0.00    0.62
平均时间:  all   86.64    0.00   11.36    0.00    0.00    1.37    0.00    0.00    0.62

Linux 2.6.32-431.el6.x86_64 (slave1) 	2019年07月25日 	_x86_64_	(8 CPU)

02时31分28秒  CPU    %usr   %nice    %sys %iowait    %irq   %soft  %steal  %guest   %idle
02时31分29秒  all   92.74    0.00    6.63    0.00    0.00    0.38    0.00    0.00    0.25
平均时间:  all   92.74    0.00    6.63    0.00    0.00    0.38    0.00    0.00    0.25

Linux 2.6.32-431.el6.x86_64 (slave1) 	2019年07月25日 	_x86_64_	(8 CPU)

02时31分33秒  CPU    %usr   %nice    %sys %iowait    %irq   %soft  %steal  %guest   %idle
02时31分34秒  all   94.99    0.00    4.76    0.00    0.00    0.25    0.00    0.00    0.00
平均时间:  all   94.99    0.00    4.76    0.00    0.00    0.25    0.00    0.00    0.00

Linux 2.6.32-431.el6.x86_64 (slave1) 	2019年07月25日 	_x86_64_	(8 CPU)

02时31分37秒  CPU    %usr   %nice    %sys %iowait    %irq   %soft  %steal  %guest   %idle
02时31分38秒  all   94.99    0.00    4.63    0.00    0.00    0.25    0.00    0.00    0.13
平均时间:  all   94.99    0.00    4.63    0.00    0.00    0.25    0.00    0.00    0.13

Linux 2.6.32-431.el6.x86_64 (slave1) 	2019年07月25日 	_x86_64_	(8 CPU)

02时31分41秒  CPU    %usr   %nice    %sys %iowait    %irq   %soft  %steal  %guest   %idle
02时31分42秒  all   63.66    0.00   12.20    0.00    0.00    0.64    0.00    0.00   23.51
平均时间:  all   63.66    0.00   12.20    0.00    0.00    0.64    0.00    0.00   23.51

Linux 2.6.32-431.el6.x86_64 (slave1) 	2019年07月25日 	_x86_64_	(8 CPU)

02时31分45秒  CPU    %usr   %nice    %sys %iowait    %irq   %soft  %steal  %guest   %idle
02时31分46秒  all   39.80    0.00    3.17    0.00    0.00    1.14    0.00    0.00   55.89
平均时间:  all   39.80    0.00    3.17    0.00    0.00    1.14    0.00    0.00   55.89

Linux 2.6.32-431.el6.x86_64 (slave1) 	2019年07月25日 	_x86_64_	(8 CPU)

02时31分49秒  CPU    %usr   %nice    %sys %iowait    %irq   %soft  %steal  %guest   %idle
02时31分50秒  all   33.92    0.00    5.70    0.00    0.00    3.16    0.00    0.00   57.22
平均时间:  all   33.92    0.00    5.70    0.00    0.00    3.16    0.00    0.00   57.22

Linux 2.6.32-431.el6.x86_64 (slave1) 	2019年07月25日 	_x86_64_	(8 CPU)

02时31分53秒  CPU    %usr   %nice    %sys %iowait    %irq   %soft  %steal  %guest   %idle
02时31分54秒  all   93.99    0.00    5.88    0.00    0.00    0.00    0.00    0.00    0.13
平均时间:  all   93.99    0.00    5.88    0.00    0.00    0.00    0.00    0.00    0.13

Linux 2.6.32-431.el6.x86_64 (slave1) 	2019年07月25日 	_x86_64_	(8 CPU)

02时31分57秒  CPU    %usr   %nice    %sys %iowait    %irq   %soft  %steal  %guest   %idle
02时31分58秒  all   79.57    0.00    9.32    0.00    0.00    0.77    0.00    0.00   10.34
平均时间:  all   79.57    0.00    9.32    0.00    0.00    0.77    0.00    0.00   10.34

Linux 2.6.32-431.el6.x86_64 (slave1) 	2019年07月25日 	_x86_64_	(8 CPU)

02时32分01秒  CPU    %usr   %nice    %sys %iowait    %irq   %soft  %steal  %guest   %idle
02时32分02秒  all   47.55    0.00   12.92    0.00    0.00    3.23    0.00    0.00   36.30
平均时间:  all   47.55    0.00   12.92    0.00    0.00    3.23    0.00    0.00   36.30

Linux 2.6.32-431.el6.x86_64 (slave1) 	2019年07月25日 	_x86_64_	(8 CPU)

02时32分05秒  CPU    %usr   %nice    %sys %iowait    %irq   %soft  %steal  %guest   %idle
02时32分06秒  all   80.30    0.00   12.88    0.00    0.00    0.13    0.00    0.00    6.69
平均时间:  all   80.30    0.00   12.88    0.00    0.00    0.13    0.00    0.00    6.69

Linux 2.6.32-431.el6.x86_64 (slave1) 	2019年07月25日 	_x86_64_	(8 CPU)

02时32分09秒  CPU    %usr   %nice    %sys %iowait    %irq   %soft  %steal  %guest   %idle
02时32分10秒  all   38.78    0.00    5.23    0.00    0.00    0.00    0.00    0.00   55.99
平均时间:  all   38.78    0.00    5.23    0.00    0.00    0.00    0.00    0.00   55.99

Linux 2.6.32-431.el6.x86_64 (slave1) 	2019年07月25日 	_x86_64_	(8 CPU)

02时32分13秒  CPU    %usr   %nice    %sys %iowait    %irq   %soft  %steal  %guest   %idle
02时32分14秒  all   89.11    0.00    9.89    0.00    0.00    0.00    0.00    0.00    1.00
平均时间:  all   89.11    0.00    9.89    0.00    0.00    0.00    0.00    0.00    1.00

Linux 2.6.32-431.el6.x86_64 (slave1) 	2019年07月25日 	_x86_64_	(8 CPU)

02时32分17秒  CPU    %usr   %nice    %sys %iowait    %irq   %soft  %steal  %guest   %idle
02时32分18秒  all   83.40    0.00   11.07    0.00    0.00    0.00    0.00    0.00    5.53
平均时间:  all   83.40    0.00   11.07    0.00    0.00    0.00    0.00    0.00    5.53

Linux 2.6.32-431.el6.x86_64 (slave1) 	2019年07月25日 	_x86_64_	(8 CPU)

02时32分21秒  CPU    %usr   %nice    %sys %iowait    %irq   %soft  %steal  %guest   %idle
02时32分22秒  all   61.15    0.00   17.07    0.00    0.00    0.89    0.00    0.00   20.89
平均时间:  all   61.15    0.00   17.07    0.00    0.00    0.89    0.00    0.00   20.89

Linux 2.6.32-431.el6.x86_64 (slave1) 	2019年07月25日 	_x86_64_	(8 CPU)

02时32分25秒  CPU    %usr   %nice    %sys %iowait    %irq   %soft  %steal  %guest   %idle
02时32分26秒  all   74.81    0.00    9.82    0.00    0.00    0.00    0.00    0.00   15.37
平均时间:  all   74.81    0.00    9.82    0.00    0.00    0.00    0.00    0.00   15.37

Linux 2.6.32-431.el6.x86_64 (slave1) 	2019年07月25日 	_x86_64_	(8 CPU)

02时32分29秒  CPU    %usr   %nice    %sys %iowait    %irq   %soft  %steal  %guest   %idle
02时32分30秒  all   74.68    0.00   12.85    0.00    0.00    0.00    0.00    0.00   12.47
平均时间:  all   74.68    0.00   12.85    0.00    0.00    0.00    0.00    0.00   12.47

Linux 2.6.32-431.el6.x86_64 (slave1) 	2019年07月25日 	_x86_64_	(8 CPU)

02时32分33秒  CPU    %usr   %nice    %sys %iowait    %irq   %soft  %steal  %guest   %idle
02时32分34秒  all   70.61    0.00    8.52    0.00    0.00    0.00    0.00    0.00   20.87
平均时间:  all   70.61    0.00    8.52    0.00    0.00    0.00    0.00    0.00   20.87

Linux 2.6.32-431.el6.x86_64 (slave1) 	2019年07月25日 	_x86_64_	(8 CPU)

02时32分37秒  CPU    %usr   %nice    %sys %iowait    %irq   %soft  %steal  %guest   %idle
02时32分38秒  all   94.63    0.00    5.24    0.00    0.00    0.12    0.00    0.00    0.00
平均时间:  all   94.63    0.00    5.24    0.00    0.00    0.12    0.00    0.00    0.00

Linux 2.6.32-431.el6.x86_64 (slave1) 	2019年07月25日 	_x86_64_	(8 CPU)

02时32分41秒  CPU    %usr   %nice    %sys %iowait    %irq   %soft  %steal  %guest   %idle
02时32分42秒  all   93.25    0.00    5.62    0.00    0.00    1.00    0.00    0.00    0.12
平均时间:  all   93.25    0.00    5.62    0.00    0.00    1.00    0.00    0.00    0.12

Linux 2.6.32-431.el6.x86_64 (slave1) 	2019年07月25日 	_x86_64_	(8 CPU)

02时32分45秒  CPU    %usr   %nice    %sys %iowait    %irq   %soft  %steal  %guest   %idle
02时32分46秒  all   91.49    0.00    7.13    0.00    0.00    0.88    0.00    0.00    0.50
平均时间:  all   91.49    0.00    7.13    0.00    0.00    0.88    0.00    0.00    0.50

Linux 2.6.32-431.el6.x86_64 (slave1) 	2019年07月25日 	_x86_64_	(8 CPU)

02时32分49秒  CPU    %usr   %nice    %sys %iowait    %irq   %soft  %steal  %guest   %idle
02时32分50秒  all   93.88    0.00    5.37    0.00    0.00    0.50    0.00    0.00    0.25
平均时间:  all   93.88    0.00    5.37    0.00    0.00    0.50    0.00    0.00    0.25

Linux 2.6.32-431.el6.x86_64 (slave1) 	2019年07月25日 	_x86_64_	(8 CPU)

02时32分53秒  CPU    %usr   %nice    %sys %iowait    %irq   %soft  %steal  %guest   %idle
02时32分54秒  all   94.49    0.00    4.39    0.00    0.00    0.75    0.00    0.00    0.38
平均时间:  all   94.49    0.00    4.39    0.00    0.00    0.75    0.00    0.00    0.38

Linux 2.6.32-431.el6.x86_64 (slave1) 	2019年07月25日 	_x86_64_	(8 CPU)

02时32分57秒  CPU    %usr   %nice    %sys %iowait    %irq   %soft  %steal  %guest   %idle
02时32分58秒  all   88.61    0.00    8.39    0.00    0.25    2.25    0.00    0.00    0.50
平均时间:  all   88.61    0.00    8.39    0.00    0.25    2.25    0.00    0.00    0.50

Linux 2.6.32-431.el6.x86_64 (slave1) 	2019年07月25日 	_x86_64_	(8 CPU)

02时33分01秒  CPU    %usr   %nice    %sys %iowait    %irq   %soft  %steal  %guest   %idle
02时33分02秒  all   93.69    0.00    4.80    0.00    0.00    1.14    0.00    0.00    0.38
平均时间:  all   93.69    0.00    4.80    0.00    0.00    1.14    0.00    0.00    0.38

Linux 2.6.32-431.el6.x86_64 (slave1) 	2019年07月25日 	_x86_64_	(8 CPU)

02时33分05秒  CPU    %usr   %nice    %sys %iowait    %irq   %soft  %steal  %guest   %idle
02时33分06秒  all   70.13    0.00    8.10    0.00    0.00    1.14    0.00    0.00   20.63
平均时间:  all   70.13    0.00    8.10    0.00    0.00    1.14    0.00    0.00   20.63

Linux 2.6.32-431.el6.x86_64 (slave1) 	2019年07月25日 	_x86_64_	(8 CPU)

02时33分09秒  CPU    %usr   %nice    %sys %iowait    %irq   %soft  %steal  %guest   %idle
02时33分10秒  all   70.89    0.00    4.30    0.00    0.00    1.14    0.00    0.00   23.67
平均时间:  all   70.89    0.00    4.30    0.00    0.00    1.14    0.00    0.00   23.67

Linux 2.6.32-431.el6.x86_64 (slave1) 	2019年07月25日 	_x86_64_	(8 CPU)

02时33分13秒  CPU    %usr   %nice    %sys %iowait    %irq   %soft  %steal  %guest   %idle
02时33分14秒  all   65.53    0.00    3.40    0.00    0.00    0.38    0.00    0.00   30.69
平均时间:  all   65.53    0.00    3.40    0.00    0.00    0.38    0.00    0.00   30.69

Linux 2.6.32-431.el6.x86_64 (slave1) 	2019年07月25日 	_x86_64_	(8 CPU)

02时33分17秒  CPU    %usr   %nice    %sys %iowait    %irq   %soft  %steal  %guest   %idle
02时33分18秒  all   83.98    0.00    9.51    0.00    0.13    6.38    0.00    0.00    0.00
平均时间:  all   83.98    0.00    9.51    0.00    0.13    6.38    0.00    0.00    0.00

Linux 2.6.32-431.el6.x86_64 (slave1) 	2019年07月25日 	_x86_64_	(8 CPU)

02时33分21秒  CPU    %usr   %nice    %sys %iowait    %irq   %soft  %steal  %guest   %idle
02时33分22秒  all   76.04    0.00   14.68    0.00    0.25    7.90    0.00    0.00    1.13
平均时间:  all   76.04    0.00   14.68    0.00    0.25    7.90    0.00    0.00    1.13

Linux 2.6.32-431.el6.x86_64 (slave1) 	2019年07月25日 	_x86_64_	(8 CPU)

02时33分26秒  CPU    %usr   %nice    %sys %iowait    %irq   %soft  %steal  %guest   %idle
02时33分27秒  all   54.06    0.00   13.94    0.00    0.39   12.39    0.00    0.00   19.23
平均时间:  all   54.06    0.00   13.94    0.00    0.39   12.39    0.00    0.00   19.23

Linux 2.6.32-431.el6.x86_64 (slave1) 	2019年07月25日 	_x86_64_	(8 CPU)

02时33分30秒  CPU    %usr   %nice    %sys %iowait    %irq   %soft  %steal  %guest   %idle
02时33分31秒  all   30.97    0.00    6.97    0.13    0.39    7.61    0.00    0.00   53.94
平均时间:  all   30.97    0.00    6.97    0.13    0.39    7.61    0.00    0.00   53.94

Linux 2.6.32-431.el6.x86_64 (slave1) 	2019年07月25日 	_x86_64_	(8 CPU)

02时33分34秒  CPU    %usr   %nice    %sys %iowait    %irq   %soft  %steal  %guest   %idle
02时33分35秒  all   54.29    0.00   14.94    0.00    0.39    8.57    0.00    0.00   21.82
平均时间:  all   54.29    0.00   14.94    0.00    0.39    8.57    0.00    0.00   21.82

Linux 2.6.32-431.el6.x86_64 (slave1) 	2019年07月25日 	_x86_64_	(8 CPU)

02时33分38秒  CPU    %usr   %nice    %sys %iowait    %irq   %soft  %steal  %guest   %idle
02时33分39秒  all   69.92    0.00   19.55    0.00    0.25    9.27    0.00    0.00    1.00
平均时间:  all   69.92    0.00   19.55    0.00    0.25    9.27    0.00    0.00    1.00

Linux 2.6.32-431.el6.x86_64 (slave1) 	2019年07月25日 	_x86_64_	(8 CPU)

02时33分42秒  CPU    %usr   %nice    %sys %iowait    %irq   %soft  %steal  %guest   %idle
02时33分43秒  all   74.47    0.00   16.23    0.00    0.25    6.92    0.00    0.00    2.14
平均时间:  all   74.47    0.00   16.23    0.00    0.25    6.92    0.00    0.00    2.14

Linux 2.6.32-431.el6.x86_64 (slave1) 	2019年07月25日 	_x86_64_	(8 CPU)

02时33分46秒  CPU    %usr   %nice    %sys %iowait    %irq   %soft  %steal  %guest   %idle
02时33分47秒  all   66.16    0.00   20.13    0.00    0.38   12.83    0.00    0.00    0.50
平均时间:  all   66.16    0.00   20.13    0.00    0.38   12.83    0.00    0.00    0.50

Linux 2.6.32-431.el6.x86_64 (slave1) 	2019年07月25日 	_x86_64_	(8 CPU)

02时33分50秒  CPU    %usr   %nice    %sys %iowait    %irq   %soft  %steal  %guest   %idle
02时33分51秒  all   70.21    0.00   16.90    0.00    0.50   12.39    0.00    0.00    0.00
平均时间:  all   70.21    0.00   16.90    0.00    0.50   12.39    0.00    0.00    0.00

Linux 2.6.32-431.el6.x86_64 (slave1) 	2019年07月25日 	_x86_64_	(8 CPU)

02时33分54秒  CPU    %usr   %nice    %sys %iowait    %irq   %soft  %steal  %guest   %idle
02时33分55秒  all   73.20    0.00   16.81    0.00    0.13    9.48    0.00    0.00    0.38
平均时间:  all   73.20    0.00   16.81    0.00    0.13    9.48    0.00    0.00    0.38

Linux 2.6.32-431.el6.x86_64 (slave1) 	2019年07月25日 	_x86_64_	(8 CPU)

02时33分58秒  CPU    %usr   %nice    %sys %iowait    %irq   %soft  %steal  %guest   %idle
02时33分59秒  all   59.06    0.00   17.74    0.00    0.13    9.89    0.00    0.00   13.18
平均时间:  all   59.06    0.00   17.74    0.00    0.13    9.89    0.00    0.00   13.18

Linux 2.6.32-431.el6.x86_64 (slave1) 	2019年07月25日 	_x86_64_	(8 CPU)

02时34分02秒  CPU    %usr   %nice    %sys %iowait    %irq   %soft  %steal  %guest   %idle
02时34分03秒  all   66.50    0.00   17.83    0.00    0.13   12.01    0.00    0.00    3.54
平均时间:  all   66.50    0.00   17.83    0.00    0.13   12.01    0.00    0.00    3.54

Linux 2.6.32-431.el6.x86_64 (slave1) 	2019年07月25日 	_x86_64_	(8 CPU)

02时34分06秒  CPU    %usr   %nice    %sys %iowait    %irq   %soft  %steal  %guest   %idle
02时34分07秒  all   90.00    0.00    9.25    0.00    0.00    0.12    0.00    0.00    0.62
平均时间:  all   90.00    0.00    9.25    0.00    0.00    0.12    0.00    0.00    0.62

Linux 2.6.32-431.el6.x86_64 (slave1) 	2019年07月25日 	_x86_64_	(8 CPU)

02时34分10秒  CPU    %usr   %nice    %sys %iowait    %irq   %soft  %steal  %guest   %idle
02时34分11秒  all   91.25    0.00    8.12    0.00    0.00    0.12    0.00    0.00    0.50
平均时间:  all   91.25    0.00    8.12    0.00    0.00    0.12    0.00    0.00    0.50

Linux 2.6.32-431.el6.x86_64 (slave1) 	2019年07月25日 	_x86_64_	(8 CPU)

02时34分14秒  CPU    %usr   %nice    %sys %iowait    %irq   %soft  %steal  %guest   %idle
02时34分15秒  all   92.25    0.00    5.88    0.00    0.00    0.12    0.00    0.00    1.75
平均时间:  all   92.25    0.00    5.88    0.00    0.00    0.12    0.00    0.00    1.75

Linux 2.6.32-431.el6.x86_64 (slave1) 	2019年07月25日 	_x86_64_	(8 CPU)

02时34分18秒  CPU    %usr   %nice    %sys %iowait    %irq   %soft  %steal  %guest   %idle
02时34分19秒  all   54.44    0.00   16.47    0.00    0.51    2.96    0.00    0.00   25.61
平均时间:  all   54.44    0.00   16.47    0.00    0.51    2.96    0.00    0.00   25.61

Linux 2.6.32-431.el6.x86_64 (slave1) 	2019年07月25日 	_x86_64_	(8 CPU)

02时34分22秒  CPU    %usr   %nice    %sys %iowait    %irq   %soft  %steal  %guest   %idle
02时34分23秒  all   69.23    0.00   11.85    0.00    0.38    3.91    0.00    0.00   14.63
平均时间:  all   69.23    0.00   11.85    0.00    0.38    3.91    0.00    0.00   14.63

Linux 2.6.32-431.el6.x86_64 (slave1) 	2019年07月25日 	_x86_64_	(8 CPU)

02时34分26秒  CPU    %usr   %nice    %sys %iowait    %irq   %soft  %steal  %guest   %idle
02时34分27秒  all   77.03    0.00    6.73    0.00    0.00    0.13    0.00    0.00   16.12
平均时间:  all   77.03    0.00    6.73    0.00    0.00    0.13    0.00    0.00   16.12

Linux 2.6.32-431.el6.x86_64 (slave1) 	2019年07月25日 	_x86_64_	(8 CPU)

02时34分30秒  CPU    %usr   %nice    %sys %iowait    %irq   %soft  %steal  %guest   %idle
02时34分31秒  all   65.31    0.00    7.62    0.00    0.13    1.27    0.00    0.00   25.67
平均时间:  all   65.31    0.00    7.62    0.00    0.13    1.27    0.00    0.00   25.67

Linux 2.6.32-431.el6.x86_64 (slave1) 	2019年07月25日 	_x86_64_	(8 CPU)

02时34分34秒  CPU    %usr   %nice    %sys %iowait    %irq   %soft  %steal  %guest   %idle
02时34分35秒  all   77.88    0.00    9.99    0.00    0.13    0.76    0.00    0.00   11.25
平均时间:  all   77.88    0.00    9.99    0.00    0.13    0.76    0.00    0.00   11.25

Linux 2.6.32-431.el6.x86_64 (slave1) 	2019年07月25日 	_x86_64_	(8 CPU)

02时34分38秒  CPU    %usr   %nice    %sys %iowait    %irq   %soft  %steal  %guest   %idle
02时34分39秒  all   76.20    0.00    9.24    0.00    0.25    0.51    0.00    0.00   13.80
平均时间:  all   76.20    0.00    9.24    0.00    0.25    0.51    0.00    0.00   13.80

Linux 2.6.32-431.el6.x86_64 (slave1) 	2019年07月25日 	_x86_64_	(8 CPU)

02时34分42秒  CPU    %usr   %nice    %sys %iowait    %irq   %soft  %steal  %guest   %idle
02时34分43秒  all   76.05    0.00    8.62    0.00    0.00    0.25    0.00    0.00   15.08
平均时间:  all   76.05    0.00    8.62    0.00    0.00    0.25    0.00    0.00   15.08

Linux 2.6.32-431.el6.x86_64 (slave1) 	2019年07月25日 	_x86_64_	(8 CPU)

02时34分46秒  CPU    %usr   %nice    %sys %iowait    %irq   %soft  %steal  %guest   %idle
02时34分47秒  all   70.34    0.00    5.45    0.00    0.00    0.38    0.00    0.00   23.83
平均时间:  all   70.34    0.00    5.45    0.00    0.00    0.38    0.00    0.00   23.83

Linux 2.6.32-431.el6.x86_64 (slave1) 	2019年07月25日 	_x86_64_	(8 CPU)

02时34分50秒  CPU    %usr   %nice    %sys %iowait    %irq   %soft  %steal  %guest   %idle
02时34分51秒  all   40.03    0.00    8.88    0.00    0.00    1.54    0.00    0.00   49.55
平均时间:  all   40.03    0.00    8.88    0.00    0.00    1.54    0.00    0.00   49.55

Linux 2.6.32-431.el6.x86_64 (slave1) 	2019年07月25日 	_x86_64_	(8 CPU)

02时34分54秒  CPU    %usr   %nice    %sys %iowait    %irq   %soft  %steal  %guest   %idle
02时34分55秒  all   72.49    0.00   20.23    0.00    0.00    1.13    0.00    0.00    6.16
平均时间:  all   72.49    0.00   20.23    0.00    0.00    1.13    0.00    0.00    6.16

Linux 2.6.32-431.el6.x86_64 (slave1) 	2019年07月25日 	_x86_64_	(8 CPU)

02时34分58秒  CPU    %usr   %nice    %sys %iowait    %irq   %soft  %steal  %guest   %idle
02时34分59秒  all   90.74    0.00    8.51    0.00    0.00    0.00    0.00    0.00    0.75
平均时间:  all   90.74    0.00    8.51    0.00    0.00    0.00    0.00    0.00    0.75

Linux 2.6.32-431.el6.x86_64 (slave1) 	2019年07月25日 	_x86_64_	(8 CPU)

02时35分02秒  CPU    %usr   %nice    %sys %iowait    %irq   %soft  %steal  %guest   %idle
02时35分03秒  all   93.02    0.00    6.61    0.00    0.00    0.12    0.00    0.00    0.25
平均时间:  all   93.02    0.00    6.61    0.00    0.00    0.12    0.00    0.00    0.25

Linux 2.6.32-431.el6.x86_64 (slave1) 	2019年07月25日 	_x86_64_	(8 CPU)

02时35分06秒  CPU    %usr   %nice    %sys %iowait    %irq   %soft  %steal  %guest   %idle
02时35分07秒  all   89.10    0.00    7.64    0.00    0.00    0.00    0.00    0.00    3.26
平均时间:  all   89.10    0.00    7.64    0.00    0.00    0.00    0.00    0.00    3.26

Linux 2.6.32-431.el6.x86_64 (slave1) 	2019年07月25日 	_x86_64_	(8 CPU)

02时35分11秒  CPU    %usr   %nice    %sys %iowait    %irq   %soft  %steal  %guest   %idle
02时35分12秒  all   52.81    0.00   11.22    0.00    0.00    0.51    0.00    0.00   35.46
平均时间:  all   52.81    0.00   11.22    0.00    0.00    0.51    0.00    0.00   35.46

Linux 2.6.32-431.el6.x86_64 (slave1) 	2019年07月25日 	_x86_64_	(8 CPU)

02时35分15秒  CPU    %usr   %nice    %sys %iowait    %irq   %soft  %steal  %guest   %idle
02时35分16秒  all   11.89    0.00    3.07    0.00    0.00    0.00    0.00    0.00   85.04
平均时间:  all   11.89    0.00    3.07    0.00    0.00    0.00    0.00    0.00   85.04

Linux 2.6.32-431.el6.x86_64 (slave1) 	2019年07月25日 	_x86_64_	(8 CPU)

02时35分19秒  CPU    %usr   %nice    %sys %iowait    %irq   %soft  %steal  %guest   %idle
02时35分20秒  all    6.89    0.00    2.04    0.00    0.00    0.00    0.00    0.00   91.07
平均时间:  all    6.89    0.00    2.04    0.00    0.00    0.00    0.00    0.00   91.07

Linux 2.6.32-431.el6.x86_64 (slave1) 	2019年07月25日 	_x86_64_	(8 CPU)

02时35分23秒  CPU    %usr   %nice    %sys %iowait    %irq   %soft  %steal  %guest   %idle
02时35分24秒  all   31.20    0.00    6.27    0.13    0.00    0.00    0.00    0.00   62.40
平均时间:  all   31.20    0.00    6.27    0.13    0.00    0.00    0.00    0.00   62.40

Linux 2.6.32-431.el6.x86_64 (slave1) 	2019年07月25日 	_x86_64_	(8 CPU)

02时35分27秒  CPU    %usr   %nice    %sys %iowait    %irq   %soft  %steal  %guest   %idle
02时35分28秒  all   27.50    0.00    4.06    0.00    0.13    0.89    0.00    0.00   67.43
平均时间:  all   27.50    0.00    4.06    0.00    0.13    0.89    0.00    0.00   67.43

Linux 2.6.32-431.el6.x86_64 (slave1) 	2019年07月25日 	_x86_64_	(8 CPU)

02时35分31秒  CPU    %usr   %nice    %sys %iowait    %irq   %soft  %steal  %guest   %idle
02时35分32秒  all   58.67    0.00    3.95    0.00    0.00    0.13    0.00    0.00   37.24
平均时间:  all   58.67    0.00    3.95    0.00    0.00    0.13    0.00    0.00   37.24

Linux 2.6.32-431.el6.x86_64 (slave1) 	2019年07月25日 	_x86_64_	(8 CPU)

02时35分35秒  CPU    %usr   %nice    %sys %iowait    %irq   %soft  %steal  %guest   %idle
02时35分36秒  all   65.01    0.00    7.76    0.00    0.13    0.64    0.00    0.00   26.46
平均时间:  all   65.01    0.00    7.76    0.00    0.13    0.64    0.00    0.00   26.46

Linux 2.6.32-431.el6.x86_64 (slave1) 	2019年07月25日 	_x86_64_	(8 CPU)

02时35分39秒  CPU    %usr   %nice    %sys %iowait    %irq   %soft  %steal  %guest   %idle
02时35分40秒  all   90.84    0.00    6.27    0.00    0.00    0.25    0.00    0.00    2.63
平均时间:  all   90.84    0.00    6.27    0.00    0.00    0.25    0.00    0.00    2.63

Linux 2.6.32-431.el6.x86_64 (slave1) 	2019年07月25日 	_x86_64_	(8 CPU)

02时35分43秒  CPU    %usr   %nice    %sys %iowait    %irq   %soft  %steal  %guest   %idle
02时35分44秒  all   62.93    0.00    5.35    0.00    0.13    1.02    0.00    0.00   30.57
平均时间:  all   62.93    0.00    5.35    0.00    0.13    1.02    0.00    0.00   30.57

Linux 2.6.32-431.el6.x86_64 (slave1) 	2019年07月25日 	_x86_64_	(8 CPU)

02时35分47秒  CPU    %usr   %nice    %sys %iowait    %irq   %soft  %steal  %guest   %idle
02时35分48秒  all   54.49    0.00    4.23    0.00    0.13    1.28    0.00    0.00   39.87
平均时间:  all   54.49    0.00    4.23    0.00    0.13    1.28    0.00    0.00   39.87

Linux 2.6.32-431.el6.x86_64 (slave1) 	2019年07月25日 	_x86_64_	(8 CPU)

02时35分51秒  CPU    %usr   %nice    %sys %iowait    %irq   %soft  %steal  %guest   %idle
02时35分52秒  all   51.53    0.00    4.86    0.00    0.00    1.15    0.00    0.00   42.46
平均时间:  all   51.53    0.00    4.86    0.00    0.00    1.15    0.00    0.00   42.46

Linux 2.6.32-431.el6.x86_64 (slave1) 	2019年07月25日 	_x86_64_	(8 CPU)

02时35分55秒  CPU    %usr   %nice    %sys %iowait    %irq   %soft  %steal  %guest   %idle
02时35分56秒  all   66.84    0.00    6.71    0.00    0.00    0.38    0.00    0.00   26.08
平均时间:  all   66.84    0.00    6.71    0.00    0.00    0.38    0.00    0.00   26.08

Linux 2.6.32-431.el6.x86_64 (slave1) 	2019年07月25日 	_x86_64_	(8 CPU)

02时35分59秒  CPU    %usr   %nice    %sys %iowait    %irq   %soft  %steal  %guest   %idle
02时36分00秒  all   68.10    0.00    9.21    0.00    0.13    0.76    0.00    0.00   21.82
平均时间:  all   68.10    0.00    9.21    0.00    0.13    0.76    0.00    0.00   21.82

Linux 2.6.32-431.el6.x86_64 (slave1) 	2019年07月25日 	_x86_64_	(8 CPU)

02时36分03秒  CPU    %usr   %nice    %sys %iowait    %irq   %soft  %steal  %guest   %idle
02时36分04秒  all   33.50    0.00    5.50    0.00    0.00    1.66    0.00    0.00   59.34
平均时间:  all   33.50    0.00    5.50    0.00    0.00    1.66    0.00    0.00   59.34

Linux 2.6.32-431.el6.x86_64 (slave1) 	2019年07月25日 	_x86_64_	(8 CPU)

02时36分07秒  CPU    %usr   %nice    %sys %iowait    %irq   %soft  %steal  %guest   %idle
02时36分08秒  all   75.88    0.00    9.97    0.00    0.00    0.38    0.00    0.00   13.76
平均时间:  all   75.88    0.00    9.97    0.00    0.00    0.38    0.00    0.00   13.76

Linux 2.6.32-431.el6.x86_64 (slave1) 	2019年07月25日 	_x86_64_	(8 CPU)

02时36分11秒  CPU    %usr   %nice    %sys %iowait    %irq   %soft  %steal  %guest   %idle
02时36分12秒  all   81.39    0.00   11.52    0.00    0.13    1.39    0.00    0.00    5.57
平均时间:  all   81.39    0.00   11.52    0.00    0.13    1.39    0.00    0.00    5.57

Linux 2.6.32-431.el6.x86_64 (slave1) 	2019年07月25日 	_x86_64_	(8 CPU)

02时36分15秒  CPU    %usr   %nice    %sys %iowait    %irq   %soft  %steal  %guest   %idle
02时36分16秒  all   50.70    0.00    4.84    0.13    0.00    1.02    0.00    0.00   43.31
平均时间:  all   50.70    0.00    4.84    0.13    0.00    1.02    0.00    0.00   43.31

Linux 2.6.32-431.el6.x86_64 (slave1) 	2019年07月25日 	_x86_64_	(8 CPU)

02时36分19秒  CPU    %usr   %nice    %sys %iowait    %irq   %soft  %steal  %guest   %idle
02时36分20秒  all   42.21    0.00    5.32    0.00    0.13    1.04    0.00    0.00   51.30
平均时间:  all   42.21    0.00    5.32    0.00    0.13    1.04    0.00    0.00   51.30

Linux 2.6.32-431.el6.x86_64 (slave1) 	2019年07月25日 	_x86_64_	(8 CPU)

02时36分23秒  CPU    %usr   %nice    %sys %iowait    %irq   %soft  %steal  %guest   %idle
02时36分24秒  all   90.00    0.00    8.62    0.00    0.00    0.12    0.00    0.00    1.25
平均时间:  all   90.00    0.00    8.62    0.00    0.00    0.12    0.00    0.00    1.25

Linux 2.6.32-431.el6.x86_64 (slave1) 	2019年07月25日 	_x86_64_	(8 CPU)

02时36分27秒  CPU    %usr   %nice    %sys %iowait    %irq   %soft  %steal  %guest   %idle
02时36分28秒  all   88.72    0.00    8.56    0.00    0.13    0.52    0.00    0.00    2.08
平均时间:  all   88.72    0.00    8.56    0.00    0.13    0.52    0.00    0.00    2.08

Linux 2.6.32-431.el6.x86_64 (slave1) 	2019年07月25日 	_x86_64_	(8 CPU)

02时36分31秒  CPU    %usr   %nice    %sys %iowait    %irq   %soft  %steal  %guest   %idle
02时36分32秒  all   91.72    0.00    7.53    0.00    0.00    0.25    0.00    0.00    0.50
平均时间:  all   91.72    0.00    7.53    0.00    0.00    0.25    0.00    0.00    0.50

Linux 2.6.32-431.el6.x86_64 (slave1) 	2019年07月25日 	_x86_64_	(8 CPU)

02时36分35秒  CPU    %usr   %nice    %sys %iowait    %irq   %soft  %steal  %guest   %idle
02时36分36秒  all   89.11    0.00    6.26    0.00    0.13    0.50    0.00    0.00    4.01
平均时间:  all   89.11    0.00    6.26    0.00    0.13    0.50    0.00    0.00    4.01

Linux 2.6.32-431.el6.x86_64 (slave1) 	2019年07月25日 	_x86_64_	(8 CPU)

02时36分39秒  CPU    %usr   %nice    %sys %iowait    %irq   %soft  %steal  %guest   %idle
02时36分40秒  all   30.64    0.00    3.78    0.00    0.00    1.30    0.00    0.00   64.28
平均时间:  all   30.64    0.00    3.78    0.00    0.00    1.30    0.00    0.00   64.28

Linux 2.6.32-431.el6.x86_64 (slave1) 	2019年07月25日 	_x86_64_	(8 CPU)

02时36分43秒  CPU    %usr   %nice    %sys %iowait    %irq   %soft  %steal  %guest   %idle
02时36分44秒  all   45.59    0.00    8.17    0.00    0.13    0.64    0.00    0.00   45.47
平均时间:  all   45.59    0.00    8.17    0.00    0.13    0.64    0.00    0.00   45.47

Linux 2.6.32-431.el6.x86_64 (slave1) 	2019年07月25日 	_x86_64_	(8 CPU)

02时36分47秒  CPU    %usr   %nice    %sys %iowait    %irq   %soft  %steal  %guest   %idle
02时36分48秒  all   37.77    0.00    6.27    0.00    0.13    0.38    0.00    0.00   55.44
平均时间:  all   37.77    0.00    6.27    0.00    0.13    0.38    0.00    0.00   55.44

Linux 2.6.32-431.el6.x86_64 (slave1) 	2019年07月25日 	_x86_64_	(8 CPU)

02时36分51秒  CPU    %usr   %nice    %sys %iowait    %irq   %soft  %steal  %guest   %idle
02时36分52秒  all   79.19    0.00    7.11    0.00    0.00    0.25    0.00    0.00   13.45
平均时间:  all   79.19    0.00    7.11    0.00    0.00    0.25    0.00    0.00   13.45

Linux 2.6.32-431.el6.x86_64 (slave1) 	2019年07月25日 	_x86_64_	(8 CPU)

02时36分55秒  CPU    %usr   %nice    %sys %iowait    %irq   %soft  %steal  %guest   %idle
02时36分56秒  all   30.80    0.00   14.43    0.00    0.00    2.19    0.00    0.00   52.58
平均时间:  all   30.80    0.00   14.43    0.00    0.00    2.19    0.00    0.00   52.58

Linux 2.6.32-431.el6.x86_64 (slave1) 	2019年07月25日 	_x86_64_	(8 CPU)

02时36分59秒  CPU    %usr   %nice    %sys %iowait    %irq   %soft  %steal  %guest   %idle
02时37分00秒  all   84.13    0.00    8.56    0.00    0.00    0.13    0.00    0.00    7.18
平均时间:  all   84.13    0.00    8.56    0.00    0.00    0.13    0.00    0.00    7.18

Linux 2.6.32-431.el6.x86_64 (slave1) 	2019年07月25日 	_x86_64_	(8 CPU)

02时37分03秒  CPU    %usr   %nice    %sys %iowait    %irq   %soft  %steal  %guest   %idle
02时37分04秒  all   82.64    0.00   12.83    0.00    0.00    1.13    0.00    0.00    3.40
平均时间:  all   82.64    0.00   12.83    0.00    0.00    1.13    0.00    0.00    3.40

Linux 2.6.32-431.el6.x86_64 (slave1) 	2019年07月25日 	_x86_64_	(8 CPU)

02时37分07秒  CPU    %usr   %nice    %sys %iowait    %irq   %soft  %steal  %guest   %idle
02时37分08秒  all   90.39    0.00    8.11    0.00    0.12    1.25    0.00    0.00    0.12
平均时间:  all   90.39    0.00    8.11    0.00    0.12    1.25    0.00    0.00    0.12

Linux 2.6.32-431.el6.x86_64 (slave1) 	2019年07月25日 	_x86_64_	(8 CPU)

02时37分11秒  CPU    %usr   %nice    %sys %iowait    %irq   %soft  %steal  %guest   %idle
02时37分12秒  all   85.43    0.00    9.55    0.00    0.00    0.13    0.00    0.00    4.90
平均时间:  all   85.43    0.00    9.55    0.00    0.00    0.13    0.00    0.00    4.90

Linux 2.6.32-431.el6.x86_64 (slave1) 	2019年07月25日 	_x86_64_	(8 CPU)

02时37分15秒  CPU    %usr   %nice    %sys %iowait    %irq   %soft  %steal  %guest   %idle
02时37分16秒  all   79.29    0.00   10.73    0.00    0.00    0.00    0.00    0.00    9.97
平均时间:  all   79.29    0.00   10.73    0.00    0.00    0.00    0.00    0.00    9.97

Linux 2.6.32-431.el6.x86_64 (slave1) 	2019年07月25日 	_x86_64_	(8 CPU)

02时37分19秒  CPU    %usr   %nice    %sys %iowait    %irq   %soft  %steal  %guest   %idle
02时37分20秒  all   85.03    0.00    8.81    0.00    0.13    0.13    0.00    0.00    5.91
平均时间:  all   85.03    0.00    8.81    0.00    0.13    0.13    0.00    0.00    5.91

Linux 2.6.32-431.el6.x86_64 (slave1) 	2019年07月25日 	_x86_64_	(8 CPU)

02时37分23秒  CPU    %usr   %nice    %sys %iowait    %irq   %soft  %steal  %guest   %idle
02时37分24秒  all   94.13    0.00    5.62    0.00    0.00    0.12    0.00    0.00    0.12
平均时间:  all   94.13    0.00    5.62    0.00    0.00    0.12    0.00    0.00    0.12

Linux 2.6.32-431.el6.x86_64 (slave1) 	2019年07月25日 	_x86_64_	(8 CPU)

02时37分27秒  CPU    %usr   %nice    %sys %iowait    %irq   %soft  %steal  %guest   %idle
02时37分28秒  all   84.80    0.00    7.41    0.00    0.13    1.26    0.00    0.00    6.41
平均时间:  all   84.80    0.00    7.41    0.00    0.13    1.26    0.00    0.00    6.41

Linux 2.6.32-431.el6.x86_64 (slave1) 	2019年07月25日 	_x86_64_	(8 CPU)

02时37分31秒  CPU    %usr   %nice    %sys %iowait    %irq   %soft  %steal  %guest   %idle
02时37分32秒  all   83.75    0.00    6.30    0.00    0.00    0.38    0.00    0.00    9.57
平均时间:  all   83.75    0.00    6.30    0.00    0.00    0.38    0.00    0.00    9.57

Linux 2.6.32-431.el6.x86_64 (slave1) 	2019年07月25日 	_x86_64_	(8 CPU)

02时37分36秒  CPU    %usr   %nice    %sys %iowait    %irq   %soft  %steal  %guest   %idle
02时37分37秒  all   51.97    0.00    6.75    0.00    0.00    0.38    0.00    0.00   40.89
平均时间:  all   51.97    0.00    6.75    0.00    0.00    0.38    0.00    0.00   40.89

Linux 2.6.32-431.el6.x86_64 (slave1) 	2019年07月25日 	_x86_64_	(8 CPU)

02时37分40秒  CPU    %usr   %nice    %sys %iowait    %irq   %soft  %steal  %guest   %idle
02时37分41秒  all   77.59    0.00    9.87    0.00    0.00    0.13    0.00    0.00   12.41
平均时间:  all   77.59    0.00    9.87    0.00    0.00    0.13    0.00    0.00   12.41

Linux 2.6.32-431.el6.x86_64 (slave1) 	2019年07月25日 	_x86_64_	(8 CPU)

02时37分44秒  CPU    %usr   %nice    %sys %iowait    %irq   %soft  %steal  %guest   %idle
02时37分45秒  all   81.82    0.00    7.95    0.00    0.00    0.25    0.00    0.00    9.97
平均时间:  all   81.82    0.00    7.95    0.00    0.00    0.25    0.00    0.00    9.97

Linux 2.6.32-431.el6.x86_64 (slave1) 	2019年07月25日 	_x86_64_	(8 CPU)

02时37分48秒  CPU    %usr   %nice    %sys %iowait    %irq   %soft  %steal  %guest   %idle
02时37分49秒  all   57.83    0.00    7.64    0.00    0.00    0.25    0.00    0.00   34.27
平均时间:  all   57.83    0.00    7.64    0.00    0.00    0.25    0.00    0.00   34.27

Linux 2.6.32-431.el6.x86_64 (slave1) 	2019年07月25日 	_x86_64_	(8 CPU)

02时37分52秒  CPU    %usr   %nice    %sys %iowait    %irq   %soft  %steal  %guest   %idle
02时37分53秒  all   71.68    0.00    5.06    0.00    0.00    0.00    0.00    0.00   23.26
平均时间:  all   71.68    0.00    5.06    0.00    0.00    0.00    0.00    0.00   23.26

Linux 2.6.32-431.el6.x86_64 (slave1) 	2019年07月25日 	_x86_64_	(8 CPU)

02时37分56秒  CPU    %usr   %nice    %sys %iowait    %irq   %soft  %steal  %guest   %idle
02时37分57秒  all   49.81    0.00    4.32    0.00    0.00    0.25    0.00    0.00   45.62
平均时间:  all   49.81    0.00    4.32    0.00    0.00    0.25    0.00    0.00   45.62

Linux 2.6.32-431.el6.x86_64 (slave1) 	2019年07月25日 	_x86_64_	(8 CPU)

02时38分00秒  CPU    %usr   %nice    %sys %iowait    %irq   %soft  %steal  %guest   %idle
02时38分01秒  all   53.11    0.00    6.48    0.00    0.13    0.38    0.00    0.00   39.90
平均时间:  all   53.11    0.00    6.48    0.00    0.13    0.38    0.00    0.00   39.90

Linux 2.6.32-431.el6.x86_64 (slave1) 	2019年07月25日 	_x86_64_	(8 CPU)

02时38分04秒  CPU    %usr   %nice    %sys %iowait    %irq   %soft  %steal  %guest   %idle
02时38分05秒  all   40.58    0.00    3.16    0.00    0.00    0.13    0.00    0.00   56.13
平均时间:  all   40.58    0.00    3.16    0.00    0.00    0.13    0.00    0.00   56.13

Linux 2.6.32-431.el6.x86_64 (slave1) 	2019年07月25日 	_x86_64_	(8 CPU)

02时38分08秒  CPU    %usr   %nice    %sys %iowait    %irq   %soft  %steal  %guest   %idle
02时38分09秒  all   46.08    0.00    3.29    0.00    0.13    0.00    0.00    0.00   50.51
平均时间:  all   46.08    0.00    3.29    0.00    0.13    0.00    0.00    0.00   50.51

Linux 2.6.32-431.el6.x86_64 (slave1) 	2019年07月25日 	_x86_64_	(8 CPU)

02时38分12秒  CPU    %usr   %nice    %sys %iowait    %irq   %soft  %steal  %guest   %idle
02时38分13秒  all   23.20    0.00    1.89    0.00    0.13    0.00    0.00    0.00   74.78
平均时间:  all   23.20    0.00    1.89    0.00    0.13    0.00    0.00    0.00   74.78

Linux 2.6.32-431.el6.x86_64 (slave1) 	2019年07月25日 	_x86_64_	(8 CPU)

02时38分16秒  CPU    %usr   %nice    %sys %iowait    %irq   %soft  %steal  %guest   %idle
02时38分17秒  all   25.03    0.00    2.02    0.00    0.00    0.00    0.00    0.00   72.95
平均时间:  all   25.03    0.00    2.02    0.00    0.00    0.00    0.00    0.00   72.95

Linux 2.6.32-431.el6.x86_64 (slave1) 	2019年07月25日 	_x86_64_	(8 CPU)

02时38分20秒  CPU    %usr   %nice    %sys %iowait    %irq   %soft  %steal  %guest   %idle
02时38分21秒  all   31.19    0.00    2.27    0.00    0.13    0.00    0.00    0.00   66.41
平均时间:  all   31.19    0.00    2.27    0.00    0.13    0.00    0.00    0.00   66.41

Linux 2.6.32-431.el6.x86_64 (slave1) 	2019年07月25日 	_x86_64_	(8 CPU)

02时38分24秒  CPU    %usr   %nice    %sys %iowait    %irq   %soft  %steal  %guest   %idle
02时38分25秒  all   10.61    0.00    1.64    0.00    0.00    0.13    0.00    0.00   87.63
平均时间:  all   10.61    0.00    1.64    0.00    0.00    0.13    0.00    0.00   87.63

Linux 2.6.32-431.el6.x86_64 (slave1) 	2019年07月25日 	_x86_64_	(8 CPU)

02时38分28秒  CPU    %usr   %nice    %sys %iowait    %irq   %soft  %steal  %guest   %idle
02时38分29秒  all   10.84    0.00    1.01    0.00    0.00    0.00    0.00    0.00   88.15
平均时间:  all   10.84    0.00    1.01    0.00    0.00    0.00    0.00    0.00   88.15

Linux 2.6.32-431.el6.x86_64 (slave1) 	2019年07月25日 	_x86_64_	(8 CPU)

02时38分32秒  CPU    %usr   %nice    %sys %iowait    %irq   %soft  %steal  %guest   %idle
02时38分33秒  all   10.29    0.00    0.75    0.00    0.13    0.00    0.00    0.00   88.83
平均时间:  all   10.29    0.00    0.75    0.00    0.13    0.00    0.00    0.00   88.83

Linux 2.6.32-431.el6.x86_64 (slave1) 	2019年07月25日 	_x86_64_	(8 CPU)

02时38分36秒  CPU    %usr   %nice    %sys %iowait    %irq   %soft  %steal  %guest   %idle
02时38分37秒  all   11.21    0.00    1.01    0.00    0.00    0.00    0.00    0.00   87.78
平均时间:  all   11.21    0.00    1.01    0.00    0.00    0.00    0.00    0.00   87.78

Linux 2.6.32-431.el6.x86_64 (slave1) 	2019年07月25日 	_x86_64_	(8 CPU)

02时38分40秒  CPU    %usr   %nice    %sys %iowait    %irq   %soft  %steal  %guest   %idle
02时38分41秒  all    0.00    0.00    0.00    0.00    0.00    0.00    0.00    0.00  100.00
平均时间:  all    0.00    0.00    0.00    0.00    0.00    0.00    0.00    0.00  100.00

Linux 2.6.32-431.el6.x86_64 (slave1) 	2019年07月25日 	_x86_64_	(8 CPU)

02时38分44秒  CPU    %usr   %nice    %sys %iowait    %irq   %soft  %steal  %guest   %idle
02时38分45秒  all    0.25    0.00    0.13    0.00    0.00    0.00    0.00    0.00   99.62
平均时间:  all    0.25    0.00    0.13    0.00    0.00    0.00    0.00    0.00   99.62

Linux 2.6.32-431.el6.x86_64 (slave1) 	2019年07月25日 	_x86_64_	(8 CPU)
