
Linux 2.6.32-431.el6.x86_64 (slave2) 	2019年07月25日 	_x86_64_	(8 CPU)

02时22分37秒  CPU    %usr   %nice    %sys %iowait    %irq   %soft  %steal  %guest   %idle
02时22分38秒  all    0.13    0.00    0.13    0.00    0.00    0.00    0.00    0.00   99.75
平均时间:  all    0.13    0.00    0.13    0.00    0.00    0.00    0.00    0.00   99.75

Linux 2.6.32-431.el6.x86_64 (slave2) 	2019年07月25日 	_x86_64_	(8 CPU)

02时22分41秒  CPU    %usr   %nice    %sys %iowait    %irq   %soft  %steal  %guest   %idle
02时22分42秒  all    0.00    0.00    0.00    0.00    0.00    0.00    0.00    0.00  100.00
平均时间:  all    0.00    0.00    0.00    0.00    0.00    0.00    0.00    0.00  100.00

Linux 2.6.32-431.el6.x86_64 (slave2) 	2019年07月25日 	_x86_64_	(8 CPU)

02时22分45秒  CPU    %usr   %nice    %sys %iowait    %irq   %soft  %steal  %guest   %idle
02时22分46秒  all    0.00    0.00    0.13    0.00    0.00    0.00    0.00    0.00   99.87
平均时间:  all    0.00    0.00    0.13    0.00    0.00    0.00    0.00    0.00   99.87

Linux 2.6.32-431.el6.x86_64 (slave2) 	2019年07月25日 	_x86_64_	(8 CPU)

02时22分49秒  CPU    %usr   %nice    %sys %iowait    %irq   %soft  %steal  %guest   %idle
02时22分50秒  all    0.00    0.00    0.00    0.00    0.00    0.00    0.00    0.00  100.00
平均时间:  all    0.00    0.00    0.00    0.00    0.00    0.00    0.00    0.00  100.00

Linux 2.6.32-431.el6.x86_64 (slave2) 	2019年07月25日 	_x86_64_	(8 CPU)

02时22分53秒  CPU    %usr   %nice    %sys %iowait    %irq   %soft  %steal  %guest   %idle
02时22分54秒  all    0.25    0.00    0.76    0.00    0.00    0.13    0.00    0.00   98.87
平均时间:  all    0.25    0.00    0.76    0.00    0.00    0.13    0.00    0.00   98.87

Linux 2.6.32-431.el6.x86_64 (slave2) 	2019年07月25日 	_x86_64_	(8 CPU)

02时22分57秒  CPU    %usr   %nice    %sys %iowait    %irq   %soft  %steal  %guest   %idle
02时22分58秒  all    0.51    0.00    7.82    0.00    0.38    4.87    0.00    0.00   86.41
平均时间:  all    0.51    0.00    7.82    0.00    0.38    4.87    0.00    0.00   86.41

Linux 2.6.32-431.el6.x86_64 (slave2) 	2019年07月25日 	_x86_64_	(8 CPU)

02时23分01秒  CPU    %usr   %nice    %sys %iowait    %irq   %soft  %steal  %guest   %idle
02时23分02秒  all   21.34    0.00   15.84    0.00    0.13   19.87    0.00    0.00   42.82
平均时间:  all   21.34    0.00   15.84    0.00    0.13   19.87    0.00    0.00   42.82

Linux 2.6.32-431.el6.x86_64 (slave2) 	2019年07月25日 	_x86_64_	(8 CPU)

02时23分05秒  CPU    %usr   %nice    %sys %iowait    %irq   %soft  %steal  %guest   %idle
02时23分06秒  all   41.94    0.00   15.20    0.00    0.26   17.56    0.00    0.00   25.03
平均时间:  all   41.94    0.00   15.20    0.00    0.26   17.56    0.00    0.00   25.03

Linux 2.6.32-431.el6.x86_64 (slave2) 	2019年07月25日 	_x86_64_	(8 CPU)

02时23分09秒  CPU    %usr   %nice    %sys %iowait    %irq   %soft  %steal  %guest   %idle
02时23分10秒  all   55.09    0.00   17.05    0.00    0.25   18.58    0.00    0.00    9.03
平均时间:  all   55.09    0.00   17.05    0.00    0.25   18.58    0.00    0.00    9.03

Linux 2.6.32-431.el6.x86_64 (slave2) 	2019年07月25日 	_x86_64_	(8 CPU)

02时23分13秒  CPU    %usr   %nice    %sys %iowait    %irq   %soft  %steal  %guest   %idle
02时23分14秒  all   44.31    0.00   15.56    0.00    0.39   15.29    0.00    0.00   24.44
平均时间:  all   44.31    0.00   15.56    0.00    0.39   15.29    0.00    0.00   24.44

Linux 2.6.32-431.el6.x86_64 (slave2) 	2019年07月25日 	_x86_64_	(8 CPU)

02时23分17秒  CPU    %usr   %nice    %sys %iowait    %irq   %soft  %steal  %guest   %idle
02时23分18秒  all   47.21    0.00   16.86    0.00    0.26   15.18    0.00    0.00   20.49
平均时间:  all   47.21    0.00   16.86    0.00    0.26   15.18    0.00    0.00   20.49

Linux 2.6.32-431.el6.x86_64 (slave2) 	2019年07月25日 	_x86_64_	(8 CPU)

02时23分21秒  CPU    %usr   %nice    %sys %iowait    %irq   %soft  %steal  %guest   %idle
02时23分22秒  all   61.30    0.00   19.16    0.00    0.13    8.30    0.00    0.00   11.11
平均时间:  all   61.30    0.00   19.16    0.00    0.13    8.30    0.00    0.00   11.11

Linux 2.6.32-431.el6.x86_64 (slave2) 	2019年07月25日 	_x86_64_	(8 CPU)

02时23分25秒  CPU    %usr   %nice    %sys %iowait    %irq   %soft  %steal  %guest   %idle
02时23分26秒  all   71.74    0.00   11.41    0.00    0.00    0.25    0.00    0.00   16.60
平均时间:  all   71.74    0.00   11.41    0.00    0.00    0.25    0.00    0.00   16.60

Linux 2.6.32-431.el6.x86_64 (slave2) 	2019年07月25日 	_x86_64_	(8 CPU)

02时23分29秒  CPU    %usr   %nice    %sys %iowait    %irq   %soft  %steal  %guest   %idle
02时23分30秒  all   81.39    0.00    7.97    0.00    0.00    0.00    0.00    0.00   10.63
平均时间:  all   81.39    0.00    7.97    0.00    0.00    0.00    0.00    0.00   10.63

Linux 2.6.32-431.el6.x86_64 (slave2) 	2019年07月25日 	_x86_64_	(8 CPU)

02时23分33秒  CPU    %usr   %nice    %sys %iowait    %irq   %soft  %steal  %guest   %idle
02时23分34秒  all   86.54    0.00    5.66    0.00    0.00    0.13    0.00    0.00    7.67
平均时间:  all   86.54    0.00    5.66    0.00    0.00    0.13    0.00    0.00    7.67

Linux 2.6.32-431.el6.x86_64 (slave2) 	2019年07月25日 	_x86_64_	(8 CPU)

02时23分37秒  CPU    %usr   %nice    %sys %iowait    %irq   %soft  %steal  %guest   %idle
02时23分38秒  all   48.34    0.00    5.36    0.00    0.00    0.13    0.00    0.00   46.17
平均时间:  all   48.34    0.00    5.36    0.00    0.00    0.13    0.00    0.00   46.17

Linux 2.6.32-431.el6.x86_64 (slave2) 	2019年07月25日 	_x86_64_	(8 CPU)

02时23分41秒  CPU    %usr   %nice    %sys %iowait    %irq   %soft  %steal  %guest   %idle
02时23分42秒  all   79.65    0.00   16.60    0.00    0.12    1.12    0.00    0.00    2.50
平均时间:  all   79.65    0.00   16.60    0.00    0.12    1.12    0.00    0.00    2.50

Linux 2.6.32-431.el6.x86_64 (slave2) 	2019年07月25日 	_x86_64_	(8 CPU)

02时23分45秒  CPU    %usr   %nice    %sys %iowait    %irq   %soft  %steal  %guest   %idle
02时23分46秒  all   90.24    0.00    8.26    0.00    0.00    0.13    0.00    0.00    1.38
平均时间:  all   90.24    0.00    8.26    0.00    0.00    0.13    0.00    0.00    1.38

Linux 2.6.32-431.el6.x86_64 (slave2) 	2019年07月25日 	_x86_64_	(8 CPU)

02时23分49秒  CPU    %usr   %nice    %sys %iowait    %irq   %soft  %steal  %guest   %idle
02时23分50秒  all   93.62    0.00    5.88    0.00    0.00    0.00    0.00    0.00    0.50
平均时间:  all   93.62    0.00    5.88    0.00    0.00    0.00    0.00    0.00    0.50

Linux 2.6.32-431.el6.x86_64 (slave2) 	2019年07月25日 	_x86_64_	(8 CPU)

02时23分53秒  CPU    %usr   %nice    %sys %iowait    %irq   %soft  %steal  %guest   %idle
02时23分54秒  all   89.88    0.00    6.50    0.00    0.00    0.12    0.00    0.00    3.50
平均时间:  all   89.88    0.00    6.50    0.00    0.00    0.12    0.00    0.00    3.50

Linux 2.6.32-431.el6.x86_64 (slave2) 	2019年07月25日 	_x86_64_	(8 CPU)

02时23分57秒  CPU    %usr   %nice    %sys %iowait    %irq   %soft  %steal  %guest   %idle
02时23分58秒  all   75.25    0.00    6.60    0.00    0.00    0.25    0.00    0.00   17.89
平均时间:  all   75.25    0.00    6.60    0.00    0.00    0.25    0.00    0.00   17.89

Linux 2.6.32-431.el6.x86_64 (slave2) 	2019年07月25日 	_x86_64_	(8 CPU)

02时24分01秒  CPU    %usr   %nice    %sys %iowait    %irq   %soft  %steal  %guest   %idle
02时24分02秒  all   36.78    0.00    2.81    0.00    0.00    0.26    0.00    0.00   60.15
平均时间:  all   36.78    0.00    2.81    0.00    0.00    0.26    0.00    0.00   60.15

Linux 2.6.32-431.el6.x86_64 (slave2) 	2019年07月25日 	_x86_64_	(8 CPU)

02时24分05秒  CPU    %usr   %nice    %sys %iowait    %irq   %soft  %steal  %guest   %idle
02时24分06秒  all   26.15    0.00    4.10    0.00    0.00    2.31    0.00    0.00   67.44
平均时间:  all   26.15    0.00    4.10    0.00    0.00    2.31    0.00    0.00   67.44

Linux 2.6.32-431.el6.x86_64 (slave2) 	2019年07月25日 	_x86_64_	(8 CPU)

02时24分09秒  CPU    %usr   %nice    %sys %iowait    %irq   %soft  %steal  %guest   %idle
02时24分10秒  all   63.99    0.00    9.92    0.00    0.00    2.67    0.00    0.00   23.41
平均时间:  all   63.99    0.00    9.92    0.00    0.00    2.67    0.00    0.00   23.41

Linux 2.6.32-431.el6.x86_64 (slave2) 	2019年07月25日 	_x86_64_	(8 CPU)

02时24分13秒  CPU    %usr   %nice    %sys %iowait    %irq   %soft  %steal  %guest   %idle
02时24分14秒  all   40.61    0.00    5.87    0.26    0.00    0.00    0.00    0.00   53.26
平均时间:  all   40.61    0.00    5.87    0.26    0.00    0.00    0.00    0.00   53.26

Linux 2.6.32-431.el6.x86_64 (slave2) 	2019年07月25日 	_x86_64_	(8 CPU)

02时24分17秒  CPU    %usr   %nice    %sys %iowait    %irq   %soft  %steal  %guest   %idle
02时24分18秒  all   42.27    0.00    7.28    0.00    0.00    0.00    0.00    0.00   50.45
平均时间:  all   42.27    0.00    7.28    0.00    0.00    0.00    0.00    0.00   50.45

Linux 2.6.32-431.el6.x86_64 (slave2) 	2019年07月25日 	_x86_64_	(8 CPU)

02时24分21秒  CPU    %usr   %nice    %sys %iowait    %irq   %soft  %steal  %guest   %idle
02时24分22秒  all   70.47    0.00   13.43    0.00    0.00    1.65    0.00    0.00   14.45
平均时间:  all   70.47    0.00   13.43    0.00    0.00    1.65    0.00    0.00   14.45

Linux 2.6.32-431.el6.x86_64 (slave2) 	2019年07月25日 	_x86_64_	(8 CPU)

02时24分25秒  CPU    %usr   %nice    %sys %iowait    %irq   %soft  %steal  %guest   %idle
02时24分26秒  all   89.50    0.00    9.00    0.00    0.00    0.62    0.00    0.00    0.88
平均时间:  all   89.50    0.00    9.00    0.00    0.00    0.62    0.00    0.00    0.88

Linux 2.6.32-431.el6.x86_64 (slave2) 	2019年07月25日 	_x86_64_	(8 CPU)

02时24分29秒  CPU    %usr   %nice    %sys %iowait    %irq   %soft  %steal  %guest   %idle
02时24分30秒  all   84.38    0.00    6.17    0.00    0.00    0.25    0.00    0.00    9.19
平均时间:  all   84.38    0.00    6.17    0.00    0.00    0.25    0.00    0.00    9.19

Linux 2.6.32-431.el6.x86_64 (slave2) 	2019年07月25日 	_x86_64_	(8 CPU)

02时24分33秒  CPU    %usr   %nice    %sys %iowait    %irq   %soft  %steal  %guest   %idle
02时24分34秒  all   69.19    0.00    3.79    0.00    0.00    0.38    0.00    0.00   26.64
平均时间:  all   69.19    0.00    3.79    0.00    0.00    0.38    0.00    0.00   26.64

Linux 2.6.32-431.el6.x86_64 (slave2) 	2019年07月25日 	_x86_64_	(8 CPU)

02时24分37秒  CPU    %usr   %nice    %sys %iowait    %irq   %soft  %steal  %guest   %idle
02时24分38秒  all   69.07    0.00    4.56    0.00    0.00    0.76    0.00    0.00   25.60
平均时间:  all   69.07    0.00    4.56    0.00    0.00    0.76    0.00    0.00   25.60

Linux 2.6.32-431.el6.x86_64 (slave2) 	2019年07月25日 	_x86_64_	(8 CPU)

02时24分41秒  CPU    %usr   %nice    %sys %iowait    %irq   %soft  %steal  %guest   %idle
02时24分42秒  all   68.69    0.00    4.04    0.00    0.00    0.88    0.00    0.00   26.39
平均时间:  all   68.69    0.00    4.04    0.00    0.00    0.88    0.00    0.00   26.39

Linux 2.6.32-431.el6.x86_64 (slave2) 	2019年07月25日 	_x86_64_	(8 CPU)

02时24分45秒  CPU    %usr   %nice    %sys %iowait    %irq   %soft  %steal  %guest   %idle
02时24分46秒  all   56.87    0.00    2.93    0.13    0.00    1.02    0.00    0.00   39.06
平均时间:  all   56.87    0.00    2.93    0.13    0.00    1.02    0.00    0.00   39.06

Linux 2.6.32-431.el6.x86_64 (slave2) 	2019年07月25日 	_x86_64_	(8 CPU)

02时24分49秒  CPU    %usr   %nice    %sys %iowait    %irq   %soft  %steal  %guest   %idle
02时24分50秒  all   33.04    0.00    1.53    0.00    0.00    1.02    0.00    0.00   64.41
平均时间:  all   33.04    0.00    1.53    0.00    0.00    1.02    0.00    0.00   64.41

Linux 2.6.32-431.el6.x86_64 (slave2) 	2019年07月25日 	_x86_64_	(8 CPU)

02时24分53秒  CPU    %usr   %nice    %sys %iowait    %irq   %soft  %steal  %guest   %idle
02时24分54秒  all   96.12    0.00    3.38    0.00    0.00    0.38    0.00    0.00    0.12
平均时间:  all   96.12    0.00    3.38    0.00    0.00    0.38    0.00    0.00    0.12

Linux 2.6.32-431.el6.x86_64 (slave2) 	2019年07月25日 	_x86_64_	(8 CPU)

02时24分57秒  CPU    %usr   %nice    %sys %iowait    %irq   %soft  %steal  %guest   %idle
02时24分58秒  all   67.60    0.00   10.97    0.00    0.00    3.32    0.00    0.00   18.11
平均时间:  all   67.60    0.00   10.97    0.00    0.00    3.32    0.00    0.00   18.11

Linux 2.6.32-431.el6.x86_64 (slave2) 	2019年07月25日 	_x86_64_	(8 CPU)

02时25分01秒  CPU    %usr   %nice    %sys %iowait    %irq   %soft  %steal  %guest   %idle
02时25分02秒  all   33.42    0.00   16.05    0.00    0.27   13.79    0.00    0.00   36.47
平均时间:  all   33.42    0.00   16.05    0.00    0.27   13.79    0.00    0.00   36.47

Linux 2.6.32-431.el6.x86_64 (slave2) 	2019年07月25日 	_x86_64_	(8 CPU)

02时25分05秒  CPU    %usr   %nice    %sys %iowait    %irq   %soft  %steal  %guest   %idle
02时25分06秒  all   51.10    0.00   17.98    0.00    0.39   12.29    0.00    0.00   18.24
平均时间:  all   51.10    0.00   17.98    0.00    0.39   12.29    0.00    0.00   18.24

Linux 2.6.32-431.el6.x86_64 (slave2) 	2019年07月25日 	_x86_64_	(8 CPU)

02时25分09秒  CPU    %usr   %nice    %sys %iowait    %irq   %soft  %steal  %guest   %idle
02时25分10秒  all   63.95    0.00   18.60    0.00    0.26    8.27    0.00    0.00    8.91
平均时间:  all   63.95    0.00   18.60    0.00    0.26    8.27    0.00    0.00    8.91

Linux 2.6.32-431.el6.x86_64 (slave2) 	2019年07月25日 	_x86_64_	(8 CPU)

02时25分14秒  CPU    %usr   %nice    %sys %iowait    %irq   %soft  %steal  %guest   %idle
02时25分15秒  all   53.24    0.00   20.08    0.00    0.26   14.64    0.00    0.00   11.79
平均时间:  all   53.24    0.00   20.08    0.00    0.26   14.64    0.00    0.00   11.79

Linux 2.6.32-431.el6.x86_64 (slave2) 	2019年07月25日 	_x86_64_	(8 CPU)

02时25分18秒  CPU    %usr   %nice    %sys %iowait    %irq   %soft  %steal  %guest   %idle
02时25分19秒  all   64.31    0.00   17.65    0.00    0.25   14.38    0.00    0.00    3.40
平均时间:  all   64.31    0.00   17.65    0.00    0.25   14.38    0.00    0.00    3.40

Linux 2.6.32-431.el6.x86_64 (slave2) 	2019年07月25日 	_x86_64_	(8 CPU)

02时25分22秒  CPU    %usr   %nice    %sys %iowait    %irq   %soft  %steal  %guest   %idle
02时25分23秒  all   46.25    0.00   22.61    0.00    0.00   18.48    0.00    0.00   12.66
平均时间:  all   46.25    0.00   22.61    0.00    0.00   18.48    0.00    0.00   12.66

Linux 2.6.32-431.el6.x86_64 (slave2) 	2019年07月25日 	_x86_64_	(8 CPU)

02时25分26秒  CPU    %usr   %nice    %sys %iowait    %irq   %soft  %steal  %guest   %idle
02时25分27秒  all   50.26    0.00   20.97    0.00    0.00    3.58    0.00    0.00   25.19
平均时间:  all   50.26    0.00   20.97    0.00    0.00    3.58    0.00    0.00   25.19

Linux 2.6.32-431.el6.x86_64 (slave2) 	2019年07月25日 	_x86_64_	(8 CPU)

02时25分30秒  CPU    %usr   %nice    %sys %iowait    %irq   %soft  %steal  %guest   %idle
02时25分31秒  all   87.08    0.00   10.16    0.00    0.00    0.00    0.00    0.00    2.76
平均时间:  all   87.08    0.00   10.16    0.00    0.00    0.00    0.00    0.00    2.76

Linux 2.6.32-431.el6.x86_64 (slave2) 	2019年07月25日 	_x86_64_	(8 CPU)

02时25分34秒  CPU    %usr   %nice    %sys %iowait    %irq   %soft  %steal  %guest   %idle
02时25分35秒  all   89.22    0.00    9.27    0.00    0.00    0.00    0.00    0.00    1.50
平均时间:  all   89.22    0.00    9.27    0.00    0.00    0.00    0.00    0.00    1.50

Linux 2.6.32-431.el6.x86_64 (slave2) 	2019年07月25日 	_x86_64_	(8 CPU)

02时25分38秒  CPU    %usr   %nice    %sys %iowait    %irq   %soft  %steal  %guest   %idle
02时25分39秒  all   84.62    0.00   12.25    0.00    0.00    0.62    0.00    0.00    2.50
平均时间:  all   84.62    0.00   12.25    0.00    0.00    0.62    0.00    0.00    2.50

Linux 2.6.32-431.el6.x86_64 (slave2) 	2019年07月25日 	_x86_64_	(8 CPU)

02时25分42秒  CPU    %usr   %nice    %sys %iowait    %irq   %soft  %steal  %guest   %idle
02时25分43秒  all   88.35    0.00    8.90    0.00    0.00    0.00    0.00    0.00    2.76
平均时间:  all   88.35    0.00    8.90    0.00    0.00    0.00    0.00    0.00    2.76

Linux 2.6.32-431.el6.x86_64 (slave2) 	2019年07月25日 	_x86_64_	(8 CPU)

02时25分46秒  CPU    %usr   %nice    %sys %iowait    %irq   %soft  %steal  %guest   %idle
02时25分47秒  all    9.51    0.00    1.65    0.00    0.00    0.13    0.00    0.00   88.72
平均时间:  all    9.51    0.00    1.65    0.00    0.00    0.13    0.00    0.00   88.72

Linux 2.6.32-431.el6.x86_64 (slave2) 	2019年07月25日 	_x86_64_	(8 CPU)

02时25分50秒  CPU    %usr   %nice    %sys %iowait    %irq   %soft  %steal  %guest   %idle
02时25分51秒  all    2.80    0.00    0.76    0.00    0.00    0.00    0.00    0.00   96.44
平均时间:  all    2.80    0.00    0.76    0.00    0.00    0.00    0.00    0.00   96.44

Linux 2.6.32-431.el6.x86_64 (slave2) 	2019年07月25日 	_x86_64_	(8 CPU)

02时25分54秒  CPU    %usr   %nice    %sys %iowait    %irq   %soft  %steal  %guest   %idle
02时25分55秒  all   20.36    0.00    1.15    0.00    0.00    0.76    0.00    0.00   77.74
平均时间:  all   20.36    0.00    1.15    0.00    0.00    0.76    0.00    0.00   77.74

Linux 2.6.32-431.el6.x86_64 (slave2) 	2019年07月25日 	_x86_64_	(8 CPU)

02时25分58秒  CPU    %usr   %nice    %sys %iowait    %irq   %soft  %steal  %guest   %idle
02时25分59秒  all   21.09    0.00    2.67    0.00    0.00    0.51    0.00    0.00   75.73
平均时间:  all   21.09    0.00    2.67    0.00    0.00    0.51    0.00    0.00   75.73

Linux 2.6.32-431.el6.x86_64 (slave2) 	2019年07月25日 	_x86_64_	(8 CPU)

02时26分02秒  CPU    %usr   %nice    %sys %iowait    %irq   %soft  %steal  %guest   %idle
02时26分03秒  all   20.58    0.00    4.19    0.00    0.00    1.27    0.00    0.00   73.95
平均时间:  all   20.58    0.00    4.19    0.00    0.00    1.27    0.00    0.00   73.95

Linux 2.6.32-431.el6.x86_64 (slave2) 	2019年07月25日 	_x86_64_	(8 CPU)

02时26分06秒  CPU    %usr   %nice    %sys %iowait    %irq   %soft  %steal  %guest   %idle
02时26分07秒  all   39.29    0.00    4.97    0.13    0.00    0.51    0.00    0.00   55.10
平均时间:  all   39.29    0.00    4.97    0.13    0.00    0.51    0.00    0.00   55.10

Linux 2.6.32-431.el6.x86_64 (slave2) 	2019年07月25日 	_x86_64_	(8 CPU)

02时26分10秒  CPU    %usr   %nice    %sys %iowait    %irq   %soft  %steal  %guest   %idle
02时26分11秒  all   12.52    0.00    2.17    0.00    0.26    1.53    0.00    0.00   83.52
平均时间:  all   12.52    0.00    2.17    0.00    0.26    1.53    0.00    0.00   83.52

Linux 2.6.32-431.el6.x86_64 (slave2) 	2019年07月25日 	_x86_64_	(8 CPU)

02时26分14秒  CPU    %usr   %nice    %sys %iowait    %irq   %soft  %steal  %guest   %idle
02时26分15秒  all   57.80    0.00    4.60    0.00    0.00    0.13    0.00    0.00   37.47
平均时间:  all   57.80    0.00    4.60    0.00    0.00    0.13    0.00    0.00   37.47

Linux 2.6.32-431.el6.x86_64 (slave2) 	2019年07月25日 	_x86_64_	(8 CPU)

02时26分18秒  CPU    %usr   %nice    %sys %iowait    %irq   %soft  %steal  %guest   %idle
02时26分19秒  all   58.26    0.00    7.81    0.00    0.00    0.38    0.00    0.00   33.55
平均时间:  all   58.26    0.00    7.81    0.00    0.00    0.38    0.00    0.00   33.55

Linux 2.6.32-431.el6.x86_64 (slave2) 	2019年07月25日 	_x86_64_	(8 CPU)

02时26分22秒  CPU    %usr   %nice    %sys %iowait    %irq   %soft  %steal  %guest   %idle
02时26分23秒  all   45.64    0.00    7.05    0.00    0.00    0.26    0.00    0.00   47.05
平均时间:  all   45.64    0.00    7.05    0.00    0.00    0.26    0.00    0.00   47.05

Linux 2.6.32-431.el6.x86_64 (slave2) 	2019年07月25日 	_x86_64_	(8 CPU)

02时26分26秒  CPU    %usr   %nice    %sys %iowait    %irq   %soft  %steal  %guest   %idle
02时26分27秒  all   52.25    0.00    7.98    0.00    0.00    0.13    0.00    0.00   39.64
平均时间:  all   52.25    0.00    7.98    0.00    0.00    0.13    0.00    0.00   39.64

Linux 2.6.32-431.el6.x86_64 (slave2) 	2019年07月25日 	_x86_64_	(8 CPU)

02时26分30秒  CPU    %usr   %nice    %sys %iowait    %irq   %soft  %steal  %guest   %idle
02时26分31秒  all   67.39    0.00   10.74    0.00    0.00    0.13    0.00    0.00   21.74
平均时间:  all   67.39    0.00   10.74    0.00    0.00    0.13    0.00    0.00   21.74

Linux 2.6.32-431.el6.x86_64 (slave2) 	2019年07月25日 	_x86_64_	(8 CPU)

02时26分34秒  CPU    %usr   %nice    %sys %iowait    %irq   %soft  %steal  %guest   %idle
02时26分35秒  all   74.81    0.00   11.20    0.00    0.00    0.13    0.00    0.00   13.87
平均时间:  all   74.81    0.00   11.20    0.00    0.00    0.13    0.00    0.00   13.87

Linux 2.6.32-431.el6.x86_64 (slave2) 	2019年07月25日 	_x86_64_	(8 CPU)

02时26分38秒  CPU    %usr   %nice    %sys %iowait    %irq   %soft  %steal  %guest   %idle
02时26分39秒  all   54.72    0.00    4.85    0.00    0.00    0.64    0.00    0.00   39.80
平均时间:  all   54.72    0.00    4.85    0.00    0.00    0.64    0.00    0.00   39.80

Linux 2.6.32-431.el6.x86_64 (slave2) 	2019年07月25日 	_x86_64_	(8 CPU)

02时26分42秒  CPU    %usr   %nice    %sys %iowait    %irq   %soft  %steal  %guest   %idle
02时26分43秒  all   73.95    0.00    4.96    0.00    0.13    0.89    0.00    0.00   20.08
平均时间:  all   73.95    0.00    4.96    0.00    0.13    0.89    0.00    0.00   20.08

Linux 2.6.32-431.el6.x86_64 (slave2) 	2019年07月25日 	_x86_64_	(8 CPU)

02时26分46秒  CPU    %usr   %nice    %sys %iowait    %irq   %soft  %steal  %guest   %idle
02时26分47秒  all   57.69    0.00    4.70    0.00    0.00    0.51    0.00    0.00   37.10
平均时间:  all   57.69    0.00    4.70    0.00    0.00    0.51    0.00    0.00   37.10

Linux 2.6.32-431.el6.x86_64 (slave2) 	2019年07月25日 	_x86_64_	(8 CPU)

02时26分50秒  CPU    %usr   %nice    %sys %iowait    %irq   %soft  %steal  %guest   %idle
02时26分51秒  all   86.68    0.00    7.41    0.00    0.00    0.13    0.00    0.00    5.78
平均时间:  all   86.68    0.00    7.41    0.00    0.00    0.13    0.00    0.00    5.78

Linux 2.6.32-431.el6.x86_64 (slave2) 	2019年07月25日 	_x86_64_	(8 CPU)

02时26分54秒  CPU    %usr   %nice    %sys %iowait    %irq   %soft  %steal  %guest   %idle
02时26分55秒  all   53.11    0.00   11.03    0.00    0.00    1.01    0.00    0.00   34.85
平均时间:  all   53.11    0.00   11.03    0.00    0.00    1.01    0.00    0.00   34.85

Linux 2.6.32-431.el6.x86_64 (slave2) 	2019年07月25日 	_x86_64_	(8 CPU)

02时26分58秒  CPU    %usr   %nice    %sys %iowait    %irq   %soft  %steal  %guest   %idle
02时26分59秒  all   66.75    0.00   20.56    0.00    0.13    3.30    0.00    0.00    9.26
平均时间:  all   66.75    0.00   20.56    0.00    0.13    3.30    0.00    0.00    9.26

Linux 2.6.32-431.el6.x86_64 (slave2) 	2019年07月25日 	_x86_64_	(8 CPU)

02时27分02秒  CPU    %usr   %nice    %sys %iowait    %irq   %soft  %steal  %guest   %idle
02时27分03秒  all   53.19    0.00   17.73    0.00    0.39   13.95    0.00    0.00   14.73
平均时间:  all   53.19    0.00   17.73    0.00    0.39   13.95    0.00    0.00   14.73

Linux 2.6.32-431.el6.x86_64 (slave2) 	2019年07月25日 	_x86_64_	(8 CPU)

02时27分06秒  CPU    %usr   %nice    %sys %iowait    %irq   %soft  %steal  %guest   %idle
02时27分07秒  all   46.96    0.00   43.77    0.00    0.32    7.67    0.00    0.00    1.28
平均时间:  all   46.96    0.00   43.77    0.00    0.32    7.67    0.00    0.00    1.28

Linux 2.6.32-431.el6.x86_64 (slave2) 	2019年07月25日 	_x86_64_	(8 CPU)

02时27分10秒  CPU    %usr   %nice    %sys %iowait    %irq   %soft  %steal  %guest   %idle
02时27分11秒  all   67.25    0.00   18.95    0.00    0.25   13.43    0.00    0.00    0.13
平均时间:  all   67.25    0.00   18.95    0.00    0.25   13.43    0.00    0.00    0.13

Linux 2.6.32-431.el6.x86_64 (slave2) 	2019年07月25日 	_x86_64_	(8 CPU)

02时27分14秒  CPU    %usr   %nice    %sys %iowait    %irq   %soft  %steal  %guest   %idle
02时27分15秒  all   59.31    0.00   17.47    0.00    0.38   10.84    0.00    0.00   11.99
平均时间:  all   59.31    0.00   17.47    0.00    0.38   10.84    0.00    0.00   11.99

Linux 2.6.32-431.el6.x86_64 (slave2) 	2019年07月25日 	_x86_64_	(8 CPU)

02时27分18秒  CPU    %usr   %nice    %sys %iowait    %irq   %soft  %steal  %guest   %idle
02时27分19秒  all   65.83    0.00   19.97    0.00    0.25   13.57    0.00    0.00    0.38
平均时间:  all   65.83    0.00   19.97    0.00    0.25   13.57    0.00    0.00    0.38

Linux 2.6.32-431.el6.x86_64 (slave2) 	2019年07月25日 	_x86_64_	(8 CPU)

02时27分22秒  CPU    %usr   %nice    %sys %iowait    %irq   %soft  %steal  %guest   %idle
02时27分23秒  all   39.74    0.00   24.58    0.00    0.26   18.04    0.00    0.00   17.39
平均时间:  all   39.74    0.00   24.58    0.00    0.26   18.04    0.00    0.00   17.39

Linux 2.6.32-431.el6.x86_64 (slave2) 	2019年07月25日 	_x86_64_	(8 CPU)

02时27分26秒  CPU    %usr   %nice    %sys %iowait    %irq   %soft  %steal  %guest   %idle
02时27分27秒  all   85.70    0.00   10.66    0.00    0.00    0.50    0.00    0.00    3.14
平均时间:  all   85.70    0.00   10.66    0.00    0.00    0.50    0.00    0.00    3.14

Linux 2.6.32-431.el6.x86_64 (slave2) 	2019年07月25日 	_x86_64_	(8 CPU)

02时27分30秒  CPU    %usr   %nice    %sys %iowait    %irq   %soft  %steal  %guest   %idle
02时27分31秒  all   80.95    0.00   17.06    0.00    0.00    1.12    0.00    0.00    0.87
平均时间:  all   80.95    0.00   17.06    0.00    0.00    1.12    0.00    0.00    0.87

Linux 2.6.32-431.el6.x86_64 (slave2) 	2019年07月25日 	_x86_64_	(8 CPU)

02时27分34秒  CPU    %usr   %nice    %sys %iowait    %irq   %soft  %steal  %guest   %idle
02时27分35秒  all   87.88    0.00   12.12    0.00    0.00    0.00    0.00    0.00    0.00
平均时间:  all   87.88    0.00   12.12    0.00    0.00    0.00    0.00    0.00    0.00

Linux 2.6.32-431.el6.x86_64 (slave2) 	2019年07月25日 	_x86_64_	(8 CPU)

02时27分38秒  CPU    %usr   %nice    %sys %iowait    %irq   %soft  %steal  %guest   %idle
02时27分39秒  all   83.40    0.00   12.45    0.00    0.00    0.25    0.00    0.00    3.90
平均时间:  all   83.40    0.00   12.45    0.00    0.00    0.25    0.00    0.00    3.90

Linux 2.6.32-431.el6.x86_64 (slave2) 	2019年07月25日 	_x86_64_	(8 CPU)

02时27分43秒  CPU    %usr   %nice    %sys %iowait    %irq   %soft  %steal  %guest   %idle
02时27分44秒  all   90.74    0.00    6.88    0.00    0.00    0.25    0.00    0.00    2.13
平均时间:  all   90.74    0.00    6.88    0.00    0.00    0.25    0.00    0.00    2.13

Linux 2.6.32-431.el6.x86_64 (slave2) 	2019年07月25日 	_x86_64_	(8 CPU)

02时27分47秒  CPU    %usr   %nice    %sys %iowait    %irq   %soft  %steal  %guest   %idle
02时27分48秒  all   81.61    0.00   11.21    0.00    0.00    0.00    0.00    0.00    7.18
平均时间:  all   81.61    0.00   11.21    0.00    0.00    0.00    0.00    0.00    7.18

Linux 2.6.32-431.el6.x86_64 (slave2) 	2019年07月25日 	_x86_64_	(8 CPU)

02时27分51秒  CPU    %usr   %nice    %sys %iowait    %irq   %soft  %steal  %guest   %idle
02时27分52秒  all    1.52    0.00    2.79    0.00    0.00    0.00    0.00    0.00   95.69
平均时间:  all    1.52    0.00    2.79    0.00    0.00    0.00    0.00    0.00   95.69

Linux 2.6.32-431.el6.x86_64 (slave2) 	2019年07月25日 	_x86_64_	(8 CPU)

02时27分55秒  CPU    %usr   %nice    %sys %iowait    %irq   %soft  %steal  %guest   %idle
02时27分56秒  all   54.19    0.00    8.00    0.00    0.00    0.77    0.00    0.00   37.03
平均时间:  all   54.19    0.00    8.00    0.00    0.00    0.77    0.00    0.00   37.03

Linux 2.6.32-431.el6.x86_64 (slave2) 	2019年07月25日 	_x86_64_	(8 CPU)

02时27分59秒  CPU    %usr   %nice    %sys %iowait    %irq   %soft  %steal  %guest   %idle
02时28分00秒  all   14.89    0.00    6.74    0.00    0.00    1.53    0.00    0.00   76.84
平均时间:  all   14.89    0.00    6.74    0.00    0.00    1.53    0.00    0.00   76.84

Linux 2.6.32-431.el6.x86_64 (slave2) 	2019年07月25日 	_x86_64_	(8 CPU)

02时28分03秒  CPU    %usr   %nice    %sys %iowait    %irq   %soft  %steal  %guest   %idle
02时28分04秒  all   60.56    0.00    9.67    0.00    0.00    0.13    0.00    0.00   29.64
平均时间:  all   60.56    0.00    9.67    0.00    0.00    0.13    0.00    0.00   29.64

Linux 2.6.32-431.el6.x86_64 (slave2) 	2019年07月25日 	_x86_64_	(8 CPU)

02时28分07秒  CPU    %usr   %nice    %sys %iowait    %irq   %soft  %steal  %guest   %idle
02时28分08秒  all   54.76    0.00   15.17    0.00    0.13    0.13    0.00    0.00   29.82
平均时间:  all   54.76    0.00   15.17    0.00    0.13    0.13    0.00    0.00   29.82

Linux 2.6.32-431.el6.x86_64 (slave2) 	2019年07月25日 	_x86_64_	(8 CPU)

02时28分11秒  CPU    %usr   %nice    %sys %iowait    %irq   %soft  %steal  %guest   %idle
02时28分12秒  all   75.19    0.00   13.36    0.00    0.00    0.13    0.00    0.00   11.32
平均时间:  all   75.19    0.00   13.36    0.00    0.00    0.13    0.00    0.00   11.32

Linux 2.6.32-431.el6.x86_64 (slave2) 	2019年07月25日 	_x86_64_	(8 CPU)

02时28分15秒  CPU    %usr   %nice    %sys %iowait    %irq   %soft  %steal  %guest   %idle
02时28分16秒  all   41.54    0.00   13.85    0.00    0.00    3.46    0.00    0.00   41.15
平均时间:  all   41.54    0.00   13.85    0.00    0.00    3.46    0.00    0.00   41.15

Linux 2.6.32-431.el6.x86_64 (slave2) 	2019年07月25日 	_x86_64_	(8 CPU)

02时28分19秒  CPU    %usr   %nice    %sys %iowait    %irq   %soft  %steal  %guest   %idle
02时28分20秒  all   91.38    0.00    8.62    0.00    0.00    0.00    0.00    0.00    0.00
平均时间:  all   91.38    0.00    8.62    0.00    0.00    0.00    0.00    0.00    0.00

Linux 2.6.32-431.el6.x86_64 (slave2) 	2019年07月25日 	_x86_64_	(8 CPU)

02时28分23秒  CPU    %usr   %nice    %sys %iowait    %irq   %soft  %steal  %guest   %idle
02时28分24秒  all   81.11    0.00    8.69    0.00    0.00    0.25    0.00    0.00    9.95
平均时间:  all   81.11    0.00    8.69    0.00    0.00    0.25    0.00    0.00    9.95

Linux 2.6.32-431.el6.x86_64 (slave2) 	2019年07月25日 	_x86_64_	(8 CPU)

02时28分27秒  CPU    %usr   %nice    %sys %iowait    %irq   %soft  %steal  %guest   %idle
02时28分28秒  all   88.92    0.00    8.56    0.00    0.00    0.63    0.00    0.00    1.89
平均时间:  all   88.92    0.00    8.56    0.00    0.00    0.63    0.00    0.00    1.89

Linux 2.6.32-431.el6.x86_64 (slave2) 	2019年07月25日 	_x86_64_	(8 CPU)

02时28分31秒  CPU    %usr   %nice    %sys %iowait    %irq   %soft  %steal  %guest   %idle
02时28分32秒  all   95.61    0.00    3.88    0.00    0.00    0.39    0.00    0.00    0.13
平均时间:  all   95.61    0.00    3.88    0.00    0.00    0.39    0.00    0.00    0.13

Linux 2.6.32-431.el6.x86_64 (slave2) 	2019年07月25日 	_x86_64_	(8 CPU)

02时28分35秒  CPU    %usr   %nice    %sys %iowait    %irq   %soft  %steal  %guest   %idle
02时28分36秒  all   92.38    0.00    4.24    0.00    0.00    1.00    0.00    0.00    2.37
平均时间:  all   92.38    0.00    4.24    0.00    0.00    1.00    0.00    0.00    2.37

Linux 2.6.32-431.el6.x86_64 (slave2) 	2019年07月25日 	_x86_64_	(8 CPU)

02时28分39秒  CPU    %usr   %nice    %sys %iowait    %irq   %soft  %steal  %guest   %idle
02时28分40秒  all   77.32    0.00    7.33    0.28    0.00    1.94    0.00    0.00   13.14
平均时间:  all   77.32    0.00    7.33    0.28    0.00    1.94    0.00    0.00   13.14

Linux 2.6.32-431.el6.x86_64 (slave2) 	2019年07月25日 	_x86_64_	(8 CPU)

02时28分43秒  CPU    %usr   %nice    %sys %iowait    %irq   %soft  %steal  %guest   %idle
02时28分44秒  all   93.31    0.00    5.72    0.00    0.00    0.56    0.00    0.00    0.42
平均时间:  all   93.31    0.00    5.72    0.00    0.00    0.56    0.00    0.00    0.42

Linux 2.6.32-431.el6.x86_64 (slave2) 	2019年07月25日 	_x86_64_	(8 CPU)

02时28分47秒  CPU    %usr   %nice    %sys %iowait    %irq   %soft  %steal  %guest   %idle
02时28分48秒  all   88.24    0.00    4.68    0.00    0.00    0.63    0.00    0.00    6.45
平均时间:  all   88.24    0.00    4.68    0.00    0.00    0.63    0.00    0.00    6.45

Linux 2.6.32-431.el6.x86_64 (slave2) 	2019年07月25日 	_x86_64_	(8 CPU)

02时28分51秒  CPU    %usr   %nice    %sys %iowait    %irq   %soft  %steal  %guest   %idle
02时28分52秒  all   55.67    0.00    3.69    0.00    0.00    2.68    0.00    0.00   37.96
平均时间:  all   55.67    0.00    3.69    0.00    0.00    2.68    0.00    0.00   37.96

Linux 2.6.32-431.el6.x86_64 (slave2) 	2019年07月25日 	_x86_64_	(8 CPU)

02时28分55秒  CPU    %usr   %nice    %sys %iowait    %irq   %soft  %steal  %guest   %idle
02时28分56秒  all   90.68    0.00    6.93    0.00    0.00    1.51    0.00    0.00    0.88
平均时间:  all   90.68    0.00    6.93    0.00    0.00    1.51    0.00    0.00    0.88

Linux 2.6.32-431.el6.x86_64 (slave2) 	2019年07月25日 	_x86_64_	(8 CPU)

02时28分59秒  CPU    %usr   %nice    %sys %iowait    %irq   %soft  %steal  %guest   %idle
02时29分00秒  all   85.16    0.00   10.31    0.00    0.13    4.28    0.00    0.00    0.13
平均时间:  all   85.16    0.00   10.31    0.00    0.13    4.28    0.00    0.00    0.13

Linux 2.6.32-431.el6.x86_64 (slave2) 	2019年07月25日 	_x86_64_	(8 CPU)

02时29分03秒  CPU    %usr   %nice    %sys %iowait    %irq   %soft  %steal  %guest   %idle
02时29分04秒  all   50.84    0.00   17.59    0.00    0.26   18.24    0.00    0.00   13.07
平均时间:  all   50.84    0.00   17.59    0.00    0.26   18.24    0.00    0.00   13.07

Linux 2.6.32-431.el6.x86_64 (slave2) 	2019年07月25日 	_x86_64_	(8 CPU)

02时29分07秒  CPU    %usr   %nice    %sys %iowait    %irq   %soft  %steal  %guest   %idle
02时29分08秒  all   40.19    0.00   19.63    0.13    0.13   17.11    0.00    0.00   22.81
平均时间:  all   40.19    0.00   19.63    0.13    0.13   17.11    0.00    0.00   22.81

Linux 2.6.32-431.el6.x86_64 (slave2) 	2019年07月25日 	_x86_64_	(8 CPU)

02时29分11秒  CPU    %usr   %nice    %sys %iowait    %irq   %soft  %steal  %guest   %idle
02时29分12秒  all   54.95    0.00   21.66    0.00    0.40   13.74    0.00    0.00    9.25
平均时间:  all   54.95    0.00   21.66    0.00    0.40   13.74    0.00    0.00    9.25

Linux 2.6.32-431.el6.x86_64 (slave2) 	2019年07月25日 	_x86_64_	(8 CPU)

02时29分15秒  CPU    %usr   %nice    %sys %iowait    %irq   %soft  %steal  %guest   %idle
02时29分16秒  all   61.10    0.00   23.75    0.00    0.13   12.20    0.00    0.00    2.82
平均时间:  all   61.10    0.00   23.75    0.00    0.13   12.20    0.00    0.00    2.82

Linux 2.6.32-431.el6.x86_64 (slave2) 	2019年07月25日 	_x86_64_	(8 CPU)

02时29分19秒  CPU    %usr   %nice    %sys %iowait    %irq   %soft  %steal  %guest   %idle
02时29分20秒  all   74.25    0.00   18.59    0.00    0.25    6.53    0.00    0.00    0.38
平均时间:  all   74.25    0.00   18.59    0.00    0.25    6.53    0.00    0.00    0.38

Linux 2.6.32-431.el6.x86_64 (slave2) 	2019年07月25日 	_x86_64_	(8 CPU)

02时29分23秒  CPU    %usr   %nice    %sys %iowait    %irq   %soft  %steal  %guest   %idle
02时29分24秒  all   66.92    0.00   22.85    0.00    0.25    9.85    0.00    0.00    0.13
平均时间:  all   66.92    0.00   22.85    0.00    0.25    9.85    0.00    0.00    0.13

Linux 2.6.32-431.el6.x86_64 (slave2) 	2019年07月25日 	_x86_64_	(8 CPU)

02时29分27秒  CPU    %usr   %nice    %sys %iowait    %irq   %soft  %steal  %guest   %idle
02时29分28秒  all   91.31    0.00    7.30    0.00    0.00    0.38    0.00    0.00    1.01
平均时间:  all   91.31    0.00    7.30    0.00    0.00    0.38    0.00    0.00    1.01

Linux 2.6.32-431.el6.x86_64 (slave2) 	2019年07月25日 	_x86_64_	(8 CPU)

02时29分31秒  CPU    %usr   %nice    %sys %iowait    %irq   %soft  %steal  %guest   %idle
02时29分32秒  all   81.46    0.00   10.72    0.00    0.00    0.88    0.00    0.00    6.94
平均时间:  all   81.46    0.00   10.72    0.00    0.00    0.88    0.00    0.00    6.94

Linux 2.6.32-431.el6.x86_64 (slave2) 	2019年07月25日 	_x86_64_	(8 CPU)

02时29分35秒  CPU    %usr   %nice    %sys %iowait    %irq   %soft  %steal  %guest   %idle
02时29分36秒  all   90.46    0.00    8.41    0.00    0.00    0.63    0.00    0.00    0.50
平均时间:  all   90.46    0.00    8.41    0.00    0.00    0.63    0.00    0.00    0.50

Linux 2.6.32-431.el6.x86_64 (slave2) 	2019年07月25日 	_x86_64_	(8 CPU)

02时29分39秒  CPU    %usr   %nice    %sys %iowait    %irq   %soft  %steal  %guest   %idle
02时29分40秒  all   87.08    0.00    9.79    0.00    0.13    0.25    0.00    0.00    2.76
平均时间:  all   87.08    0.00    9.79    0.00    0.13    0.25    0.00    0.00    2.76

Linux 2.6.32-431.el6.x86_64 (slave2) 	2019年07月25日 	_x86_64_	(8 CPU)

02时29分43秒  CPU    %usr   %nice    %sys %iowait    %irq   %soft  %steal  %guest   %idle
02时29分44秒  all   84.82    0.00   11.17    0.00    0.00    0.00    0.00    0.00    4.02
平均时间:  all   84.82    0.00   11.17    0.00    0.00    0.00    0.00    0.00    4.02

Linux 2.6.32-431.el6.x86_64 (slave2) 	2019年07月25日 	_x86_64_	(8 CPU)

02时29分48秒  CPU    %usr   %nice    %sys %iowait    %irq   %soft  %steal  %guest   %idle
02时29分49秒  all   95.38    0.00    4.62    0.00    0.00    0.00    0.00    0.00    0.00
平均时间:  all   95.38    0.00    4.62    0.00    0.00    0.00    0.00    0.00    0.00

Linux 2.6.32-431.el6.x86_64 (slave2) 	2019年07月25日 	_x86_64_	(8 CPU)

02时29分52秒  CPU    %usr   %nice    %sys %iowait    %irq   %soft  %steal  %guest   %idle
02时29分53秒  all   93.38    0.00    6.24    0.00    0.00    0.37    0.00    0.00    0.00
平均时间:  all   93.38    0.00    6.24    0.00    0.00    0.37    0.00    0.00    0.00

Linux 2.6.32-431.el6.x86_64 (slave2) 	2019年07月25日 	_x86_64_	(8 CPU)

02时29分56秒  CPU    %usr   %nice    %sys %iowait    %irq   %soft  %steal  %guest   %idle
02时29分57秒  all   85.14    0.00    8.94    0.00    0.00    0.88    0.00    0.00    5.04
平均时间:  all   85.14    0.00    8.94    0.00    0.00    0.88    0.00    0.00    5.04

Linux 2.6.32-431.el6.x86_64 (slave2) 	2019年07月25日 	_x86_64_	(8 CPU)

02时30分00秒  CPU    %usr   %nice    %sys %iowait    %irq   %soft  %steal  %guest   %idle
02时30分01秒  all   46.86    0.00    5.63    0.00    0.13    0.26    0.00    0.00   47.12
平均时间:  all   46.86    0.00    5.63    0.00    0.13    0.26    0.00    0.00   47.12

Linux 2.6.32-431.el6.x86_64 (slave2) 	2019年07月25日 	_x86_64_	(8 CPU)

02时30分04秒  CPU    %usr   %nice    %sys %iowait    %irq   %soft  %steal  %guest   %idle
02时30分05秒  all   46.41    0.00    5.90    0.00    0.00    0.51    0.00    0.00   47.18
平均时间:  all   46.41    0.00    5.90    0.00    0.00    0.51    0.00    0.00   47.18

Linux 2.6.32-431.el6.x86_64 (slave2) 	2019年07月25日 	_x86_64_	(8 CPU)

02时30分08秒  CPU    %usr   %nice    %sys %iowait    %irq   %soft  %steal  %guest   %idle
02时30分09秒  all   54.85    0.00    7.78    0.00    0.00    0.26    0.00    0.00   37.12
平均时间:  all   54.85    0.00    7.78    0.00    0.00    0.26    0.00    0.00   37.12

Linux 2.6.32-431.el6.x86_64 (slave2) 	2019年07月25日 	_x86_64_	(8 CPU)

02时30分12秒  CPU    %usr   %nice    %sys %iowait    %irq   %soft  %steal  %guest   %idle
02时30分13秒  all   37.84    0.00    3.99    0.00    0.00    0.39    0.00    0.00   57.79
平均时间:  all   37.84    0.00    3.99    0.00    0.00    0.39    0.00    0.00   57.79

Linux 2.6.32-431.el6.x86_64 (slave2) 	2019年07月25日 	_x86_64_	(8 CPU)

02时30分16秒  CPU    %usr   %nice    %sys %iowait    %irq   %soft  %steal  %guest   %idle
02时30分17秒  all   38.87    0.00    4.60    0.00    0.00    0.51    0.00    0.00   56.01
平均时间:  all   38.87    0.00    4.60    0.00    0.00    0.51    0.00    0.00   56.01

Linux 2.6.32-431.el6.x86_64 (slave2) 	2019年07月25日 	_x86_64_	(8 CPU)

02时30分20秒  CPU    %usr   %nice    %sys %iowait    %irq   %soft  %steal  %guest   %idle
02时30分21秒  all   67.05    0.00   12.60    0.13    0.00    0.51    0.00    0.00   19.72
平均时间:  all   67.05    0.00   12.60    0.13    0.00    0.51    0.00    0.00   19.72

Linux 2.6.32-431.el6.x86_64 (slave2) 	2019年07月25日 	_x86_64_	(8 CPU)

02时30分24秒  CPU    %usr   %nice    %sys %iowait    %irq   %soft  %steal  %guest   %idle
02时30分25秒  all   65.00    0.00   12.56    0.00    0.00    0.13    0.00    0.00   22.31
平均时间:  all   65.00    0.00   12.56    0.00    0.00    0.13    0.00    0.00   22.31

Linux 2.6.32-431.el6.x86_64 (slave2) 	2019年07月25日 	_x86_64_	(8 CPU)

02时30分28秒  CPU    %usr   %nice    %sys %iowait    %irq   %soft  %steal  %guest   %idle
02时30分29秒  all   76.94    0.00   20.43    0.00    0.00    1.13    0.00    0.00    1.50
平均时间:  all   76.94    0.00   20.43    0.00    0.00    1.13    0.00    0.00    1.50

Linux 2.6.32-431.el6.x86_64 (slave2) 	2019年07月25日 	_x86_64_	(8 CPU)

02时30分32秒  CPU    %usr   %nice    %sys %iowait    %irq   %soft  %steal  %guest   %idle
02时30分33秒  all   85.93    0.00   11.81    0.00    0.00    0.00    0.00    0.00    2.26
平均时间:  all   85.93    0.00   11.81    0.00    0.00    0.00    0.00    0.00    2.26

Linux 2.6.32-431.el6.x86_64 (slave2) 	2019年07月25日 	_x86_64_	(8 CPU)

02时30分36秒  CPU    %usr   %nice    %sys %iowait    %irq   %soft  %steal  %guest   %idle
02时30分37秒  all   89.07    0.00    8.67    0.00    0.00    0.00    0.00    0.00    2.26
平均时间:  all   89.07    0.00    8.67    0.00    0.00    0.00    0.00    0.00    2.26

Linux 2.6.32-431.el6.x86_64 (slave2) 	2019年07月25日 	_x86_64_	(8 CPU)

02时30分40秒  CPU    %usr   %nice    %sys %iowait    %irq   %soft  %steal  %guest   %idle
02时30分41秒  all   93.77    0.00    6.23    0.00    0.00    0.00    0.00    0.00    0.00
平均时间:  all   93.77    0.00    6.23    0.00    0.00    0.00    0.00    0.00    0.00

Linux 2.6.32-431.el6.x86_64 (slave2) 	2019年07月25日 	_x86_64_	(8 CPU)

02时30分44秒  CPU    %usr   %nice    %sys %iowait    %irq   %soft  %steal  %guest   %idle
02时30分45秒  all   89.29    0.00    8.97    0.00    0.12    1.12    0.00    0.00    0.50
平均时间:  all   89.29    0.00    8.97    0.00    0.12    1.12    0.00    0.00    0.50

Linux 2.6.32-431.el6.x86_64 (slave2) 	2019年07月25日 	_x86_64_	(8 CPU)

02时30分48秒  CPU    %usr   %nice    %sys %iowait    %irq   %soft  %steal  %guest   %idle
02时30分49秒  all    5.65    0.00    1.80    0.00    0.00    0.00    0.00    0.00   92.55
平均时间:  all    5.65    0.00    1.80    0.00    0.00    0.00    0.00    0.00   92.55

Linux 2.6.32-431.el6.x86_64 (slave2) 	2019年07月25日 	_x86_64_	(8 CPU)

02时30分52秒  CPU    %usr   %nice    %sys %iowait    %irq   %soft  %steal  %guest   %idle
02时30分53秒  all    7.35    0.00    7.10    0.00    0.00    6.32    0.00    0.00   79.23
平均时间:  all    7.35    0.00    7.10    0.00    0.00    6.32    0.00    0.00   79.23

Linux 2.6.32-431.el6.x86_64 (slave2) 	2019年07月25日 	_x86_64_	(8 CPU)

02时30分56秒  CPU    %usr   %nice    %sys %iowait    %irq   %soft  %steal  %guest   %idle
02时30分57秒  all   13.28    0.00    2.30    0.00    0.00    0.13    0.00    0.00   84.29
平均时间:  all   13.28    0.00    2.30    0.00    0.00    0.13    0.00    0.00   84.29

Linux 2.6.32-431.el6.x86_64 (slave2) 	2019年07月25日 	_x86_64_	(8 CPU)

02时31分00秒  CPU    %usr   %nice    %sys %iowait    %irq   %soft  %steal  %guest   %idle
02时31分01秒  all   23.42    0.00   15.48    0.00    0.40    7.40    0.00    0.00   53.30
平均时间:  all   23.42    0.00   15.48    0.00    0.40    7.40    0.00    0.00   53.30

Linux 2.6.32-431.el6.x86_64 (slave2) 	2019年07月25日 	_x86_64_	(8 CPU)

02时31分04秒  CPU    %usr   %nice    %sys %iowait    %irq   %soft  %steal  %guest   %idle
02时31分05秒  all   11.11    0.00   11.24    0.00    0.26   12.83    0.00    0.00   64.55
平均时间:  all   11.11    0.00   11.24    0.00    0.26   12.83    0.00    0.00   64.55

Linux 2.6.32-431.el6.x86_64 (slave2) 	2019年07月25日 	_x86_64_	(8 CPU)

02时31分08秒  CPU    %usr   %nice    %sys %iowait    %irq   %soft  %steal  %guest   %idle
02时31分09秒  all   37.70    0.00   17.93    0.00    0.39   12.30    0.00    0.00   31.68
平均时间:  all   37.70    0.00   17.93    0.00    0.39   12.30    0.00    0.00   31.68

Linux 2.6.32-431.el6.x86_64 (slave2) 	2019年07月25日 	_x86_64_	(8 CPU)

02时31分12秒  CPU    %usr   %nice    %sys %iowait    %irq   %soft  %steal  %guest   %idle
02时31分13秒  all   26.95    0.00   20.35    0.00    0.40   13.75    0.00    0.00   38.54
平均时间:  all   26.95    0.00   20.35    0.00    0.40   13.75    0.00    0.00   38.54

Linux 2.6.32-431.el6.x86_64 (slave2) 	2019年07月25日 	_x86_64_	(8 CPU)

02时31分16秒  CPU    %usr   %nice    %sys %iowait    %irq   %soft  %steal  %guest   %idle
02时31分17秒  all   70.43    0.00   18.92    0.00    0.25    9.27    0.00    0.00    1.13
平均时间:  all   70.43    0.00   18.92    0.00    0.25    9.27    0.00    0.00    1.13

Linux 2.6.32-431.el6.x86_64 (slave2) 	2019年07月25日 	_x86_64_	(8 CPU)

02时31分20秒  CPU    %usr   %nice    %sys %iowait    %irq   %soft  %steal  %guest   %idle
02时31分21秒  all   39.68    0.00   21.29    0.00    0.39   14.06    0.00    0.00   24.57
平均时间:  all   39.68    0.00   21.29    0.00    0.39   14.06    0.00    0.00   24.57

Linux 2.6.32-431.el6.x86_64 (slave2) 	2019年07月25日 	_x86_64_	(8 CPU)

02时31分24秒  CPU    %usr   %nice    %sys %iowait    %irq   %soft  %steal  %guest   %idle
02时31分25秒  all   51.80    0.00    8.74    0.00    0.00    0.13    0.00    0.00   39.33
平均时间:  all   51.80    0.00    8.74    0.00    0.00    0.13    0.00    0.00   39.33

Linux 2.6.32-431.el6.x86_64 (slave2) 	2019年07月25日 	_x86_64_	(8 CPU)

02时31分28秒  CPU    %usr   %nice    %sys %iowait    %irq   %soft  %steal  %guest   %idle
02时31分29秒  all   56.63    0.00   14.54    2.17    0.00    2.68    0.00    0.00   23.98
平均时间:  all   56.63    0.00   14.54    2.17    0.00    2.68    0.00    0.00   23.98

Linux 2.6.32-431.el6.x86_64 (slave2) 	2019年07月25日 	_x86_64_	(8 CPU)

02时31分32秒  CPU    %usr   %nice    %sys %iowait    %irq   %soft  %steal  %guest   %idle
02时31分33秒  all   13.27    0.00    2.96    0.00    0.00    0.13    0.00    0.00   83.63
平均时间:  all   13.27    0.00    2.96    0.00    0.00    0.13    0.00    0.00   83.63

Linux 2.6.32-431.el6.x86_64 (slave2) 	2019年07月25日 	_x86_64_	(8 CPU)

02时31分36秒  CPU    %usr   %nice    %sys %iowait    %irq   %soft  %steal  %guest   %idle
02时31分37秒  all   73.89    0.00    8.41    0.00    0.00    0.64    0.00    0.00   17.07
平均时间:  all   73.89    0.00    8.41    0.00    0.00    0.64    0.00    0.00   17.07

Linux 2.6.32-431.el6.x86_64 (slave2) 	2019年07月25日 	_x86_64_	(8 CPU)

02时31分40秒  CPU    %usr   %nice    %sys %iowait    %irq   %soft  %steal  %guest   %idle
02时31分41秒  all   85.52    0.00   12.72    0.00    0.13    0.25    0.00    0.00    1.39
平均时间:  all   85.52    0.00   12.72    0.00    0.13    0.25    0.00    0.00    1.39

Linux 2.6.32-431.el6.x86_64 (slave2) 	2019年07月25日 	_x86_64_	(8 CPU)

02时31分44秒  CPU    %usr   %nice    %sys %iowait    %irq   %soft  %steal  %guest   %idle
02时31分45秒  all   73.39    0.00   20.18    0.00    0.00    1.89    0.00    0.00    4.54
平均时间:  all   73.39    0.00   20.18    0.00    0.00    1.89    0.00    0.00    4.54

Linux 2.6.32-431.el6.x86_64 (slave2) 	2019年07月25日 	_x86_64_	(8 CPU)

02时31分48秒  CPU    %usr   %nice    %sys %iowait    %irq   %soft  %steal  %guest   %idle
02时31分50秒  all   73.37    0.00   23.42    0.00    0.00    1.10    0.00    0.00    2.10
平均时间:  all   73.37    0.00   23.42    0.00    0.00    1.10    0.00    0.00    2.10

Linux 2.6.32-431.el6.x86_64 (slave2) 	2019年07月25日 	_x86_64_	(8 CPU)

02时31分53秒  CPU    %usr   %nice    %sys %iowait    %irq   %soft  %steal  %guest   %idle
02时31分54秒  all   87.09    0.00    9.15    0.00    0.00    1.38    0.00    0.00    2.38
平均时间:  all   87.09    0.00    9.15    0.00    0.00    1.38    0.00    0.00    2.38

Linux 2.6.32-431.el6.x86_64 (slave2) 	2019年07月25日 	_x86_64_	(8 CPU)

02时31分57秒  CPU    %usr   %nice    %sys %iowait    %irq   %soft  %steal  %guest   %idle
02时31分58秒  all   90.83    0.00    8.29    0.00    0.00    0.50    0.00    0.00    0.38
平均时间:  all   90.83    0.00    8.29    0.00    0.00    0.50    0.00    0.00    0.38

Linux 2.6.32-431.el6.x86_64 (slave2) 	2019年07月25日 	_x86_64_	(8 CPU)

02时32分01秒  CPU    %usr   %nice    %sys %iowait    %irq   %soft  %steal  %guest   %idle
02时32分02秒  all   91.72    0.00    7.78    0.00    0.00    0.50    0.00    0.00    0.00
平均时间:  all   91.72    0.00    7.78    0.00    0.00    0.50    0.00    0.00    0.00

Linux 2.6.32-431.el6.x86_64 (slave2) 	2019年07月25日 	_x86_64_	(8 CPU)

02时32分06秒  CPU    %usr   %nice    %sys %iowait    %irq   %soft  %steal  %guest   %idle
02时32分07秒  all   91.56    0.00    7.68    0.00    0.00    0.76    0.00    0.00    0.00
平均时间:  all   91.56    0.00    7.68    0.00    0.00    0.76    0.00    0.00    0.00

Linux 2.6.32-431.el6.x86_64 (slave2) 	2019年07月25日 	_x86_64_	(8 CPU)

02时32分10秒  CPU    %usr   %nice    %sys %iowait    %irq   %soft  %steal  %guest   %idle
02时32分11秒  all   72.78    0.00    7.97    0.00    0.00    1.27    0.00    0.00   17.97
平均时间:  all   72.78    0.00    7.97    0.00    0.00    1.27    0.00    0.00   17.97

Linux 2.6.32-431.el6.x86_64 (slave2) 	2019年07月25日 	_x86_64_	(8 CPU)

02时32分14秒  CPU    %usr   %nice    %sys %iowait    %irq   %soft  %steal  %guest   %idle
02时32分15秒  all   64.63    0.00    4.58    0.00    0.00    0.76    0.00    0.00   30.03
平均时间:  all   64.63    0.00    4.58    0.00    0.00    0.76    0.00    0.00   30.03

Linux 2.6.32-431.el6.x86_64 (slave2) 	2019年07月25日 	_x86_64_	(8 CPU)

02时32分18秒  CPU    %usr   %nice    %sys %iowait    %irq   %soft  %steal  %guest   %idle
02时32分19秒  all   39.95    0.00    3.84    0.00    0.00    1.15    0.00    0.00   55.06
平均时间:  all   39.95    0.00    3.84    0.00    0.00    1.15    0.00    0.00   55.06

Linux 2.6.32-431.el6.x86_64 (slave2) 	2019年07月25日 	_x86_64_	(8 CPU)

02时32分22秒  CPU    %usr   %nice    %sys %iowait    %irq   %soft  %steal  %guest   %idle
02时32分23秒  all   40.33    0.00    4.20    0.00    0.00    3.18    0.00    0.00   52.29
平均时间:  all   40.33    0.00    4.20    0.00    0.00    3.18    0.00    0.00   52.29

Linux 2.6.32-431.el6.x86_64 (slave2) 	2019年07月25日 	_x86_64_	(8 CPU)

02时32分26秒  CPU    %usr   %nice    %sys %iowait    %irq   %soft  %steal  %guest   %idle
02时32分27秒  all   40.13    0.00    4.33    0.00    0.00    0.89    0.00    0.00   54.65
平均时间:  all   40.13    0.00    4.33    0.00    0.00    0.89    0.00    0.00   54.65

Linux 2.6.32-431.el6.x86_64 (slave2) 	2019年07月25日 	_x86_64_	(8 CPU)

02时32分30秒  CPU    %usr   %nice    %sys %iowait    %irq   %soft  %steal  %guest   %idle
02时32分31秒  all   54.93    0.00    6.91    0.00    0.00    0.77    0.00    0.00   37.39
平均时间:  all   54.93    0.00    6.91    0.00    0.00    0.77    0.00    0.00   37.39

Linux 2.6.32-431.el6.x86_64 (slave2) 	2019年07月25日 	_x86_64_	(8 CPU)

02时32分34秒  CPU    %usr   %nice    %sys %iowait    %irq   %soft  %steal  %guest   %idle
02时32分35秒  all   55.01    0.00    4.63    0.00    0.00    0.51    0.00    0.00   39.85
平均时间:  all   55.01    0.00    4.63    0.00    0.00    0.51    0.00    0.00   39.85

Linux 2.6.32-431.el6.x86_64 (slave2) 	2019年07月25日 	_x86_64_	(8 CPU)

02时32分38秒  CPU    %usr   %nice    %sys %iowait    %irq   %soft  %steal  %guest   %idle
02时32分39秒  all   94.03    0.00    4.70    0.00    0.00    0.76    0.00    0.00    0.51
平均时间:  all   94.03    0.00    4.70    0.00    0.00    0.76    0.00    0.00    0.51

Linux 2.6.32-431.el6.x86_64 (slave2) 	2019年07月25日 	_x86_64_	(8 CPU)

02时32分42秒  CPU    %usr   %nice    %sys %iowait    %irq   %soft  %steal  %guest   %idle
02时32分43秒  all   72.54    0.00    5.36    0.00    0.00    0.51    0.00    0.00   21.58
平均时间:  all   72.54    0.00    5.36    0.00    0.00    0.51    0.00    0.00   21.58

Linux 2.6.32-431.el6.x86_64 (slave2) 	2019年07月25日 	_x86_64_	(8 CPU)

02时32分46秒  CPU    %usr   %nice    %sys %iowait    %irq   %soft  %steal  %guest   %idle
02时32分47秒  all   48.89    0.00    7.93    0.00    0.13    1.95    0.00    0.00   41.09
平均时间:  all   48.89    0.00    7.93    0.00    0.13    1.95    0.00    0.00   41.09

Linux 2.6.32-431.el6.x86_64 (slave2) 	2019年07月25日 	_x86_64_	(8 CPU)

02时32分50秒  CPU    %usr   %nice    %sys %iowait    %irq   %soft  %steal  %guest   %idle
02时32分51秒  all   52.30    0.00    8.70    0.00    0.00    0.13    0.00    0.00   38.87
平均时间:  all   52.30    0.00    8.70    0.00    0.00    0.13    0.00    0.00   38.87

Linux 2.6.32-431.el6.x86_64 (slave2) 	2019年07月25日 	_x86_64_	(8 CPU)

02时32分54秒  CPU    %usr   %nice    %sys %iowait    %irq   %soft  %steal  %guest   %idle
02时32分55秒  all   70.64    0.00   10.25    0.00    0.00    2.35    0.00    0.00   16.76
平均时间:  all   70.64    0.00   10.25    0.00    0.00    2.35    0.00    0.00   16.76

Linux 2.6.32-431.el6.x86_64 (slave2) 	2019年07月25日 	_x86_64_	(8 CPU)

02时32分58秒  CPU    %usr   %nice    %sys %iowait    %irq   %soft  %steal  %guest   %idle
02时32分59秒  all   78.51    0.00   11.25    0.00    0.00    0.00    0.00    0.00   10.24
平均时间:  all   78.51    0.00   11.25    0.00    0.00    0.00    0.00    0.00   10.24

Linux 2.6.32-431.el6.x86_64 (slave2) 	2019年07月25日 	_x86_64_	(8 CPU)

02时33分02秒  CPU    %usr   %nice    %sys %iowait    %irq   %soft  %steal  %guest   %idle
02时33分03秒  all   61.21    0.00    3.93    0.00    0.00    0.92    0.00    0.00   33.94
平均时间:  all   61.21    0.00    3.93    0.00    0.00    0.92    0.00    0.00   33.94

Linux 2.6.32-431.el6.x86_64 (slave2) 	2019年07月25日 	_x86_64_	(8 CPU)

02时33分06秒  CPU    %usr   %nice    %sys %iowait    %irq   %soft  %steal  %guest   %idle
02时33分07秒  all   40.54    0.00    3.07    2.69    0.00    0.90    0.00    0.00   52.81
平均时间:  all   40.54    0.00    3.07    2.69    0.00    0.90    0.00    0.00   52.81

Linux 2.6.32-431.el6.x86_64 (slave2) 	2019年07月25日 	_x86_64_	(8 CPU)

02时33分10秒  CPU    %usr   %nice    %sys %iowait    %irq   %soft  %steal  %guest   %idle
02时33分11秒  all    1.01    0.00    0.25    0.00    0.00    0.00    0.00    0.00   98.73
平均时间:  all    1.01    0.00    0.25    0.00    0.00    0.00    0.00    0.00   98.73

Linux 2.6.32-431.el6.x86_64 (slave2) 	2019年07月25日 	_x86_64_	(8 CPU)

02时33分14秒  CPU    %usr   %nice    %sys %iowait    %irq   %soft  %steal  %guest   %idle
02时33分15秒  all   39.67    0.00    4.08    0.00    0.00    0.89    0.00    0.00   55.36
平均时间:  all   39.67    0.00    4.08    0.00    0.00    0.89    0.00    0.00   55.36

Linux 2.6.32-431.el6.x86_64 (slave2) 	2019年07月25日 	_x86_64_	(8 CPU)

02时33分18秒  CPU    %usr   %nice    %sys %iowait    %irq   %soft  %steal  %guest   %idle
02时33分19秒  all   36.73    0.00    9.54    0.00    0.39    6.27    0.00    0.00   47.06
平均时间:  all   36.73    0.00    9.54    0.00    0.39    6.27    0.00    0.00   47.06

Linux 2.6.32-431.el6.x86_64 (slave2) 	2019年07月25日 	_x86_64_	(8 CPU)

02时33分22秒  CPU    %usr   %nice    %sys %iowait    %irq   %soft  %steal  %guest   %idle
02时33分23秒  all   25.72    0.00    6.96    0.00    0.26    3.67    0.00    0.00   63.39
平均时间:  all   25.72    0.00    6.96    0.00    0.26    3.67    0.00    0.00   63.39

Linux 2.6.32-431.el6.x86_64 (slave2) 	2019年07月25日 	_x86_64_	(8 CPU)

02时33分26秒  CPU    %usr   %nice    %sys %iowait    %irq   %soft  %steal  %guest   %idle
02时33分27秒  all   23.15    0.00   10.05    0.00    0.66   10.19    0.00    0.00   55.95
平均时间:  all   23.15    0.00   10.05    0.00    0.66   10.19    0.00    0.00   55.95

Linux 2.6.32-431.el6.x86_64 (slave2) 	2019年07月25日 	_x86_64_	(8 CPU)

02时33分30秒  CPU    %usr   %nice    %sys %iowait    %irq   %soft  %steal  %guest   %idle
02时33分31秒  all   90.25    0.00    7.00    0.00    0.12    2.25    0.00    0.00    0.38
平均时间:  all   90.25    0.00    7.00    0.00    0.12    2.25    0.00    0.00    0.38

Linux 2.6.32-431.el6.x86_64 (slave2) 	2019年07月25日 	_x86_64_	(8 CPU)

02时33分34秒  CPU    %usr   %nice    %sys %iowait    %irq   %soft  %steal  %guest   %idle
02时33分35秒  all   74.52    0.00   12.67    0.00    0.13    3.55    0.00    0.00    9.13
平均时间:  all   74.52    0.00   12.67    0.00    0.13    3.55    0.00    0.00    9.13

Linux 2.6.32-431.el6.x86_64 (slave2) 	2019年07月25日 	_x86_64_	(8 CPU)

02时33分38秒  CPU    %usr   %nice    %sys %iowait    %irq   %soft  %steal  %guest   %idle
02时33分39秒  all   55.12    0.00   25.58    0.00    0.26    9.08    0.00    0.00    9.97
平均时间:  all   55.12    0.00   25.58    0.00    0.26    9.08    0.00    0.00    9.97

Linux 2.6.32-431.el6.x86_64 (slave2) 	2019年07月25日 	_x86_64_	(8 CPU)

02时33分42秒  CPU    %usr   %nice    %sys %iowait    %irq   %soft  %steal  %guest   %idle
02时33分43秒  all   58.97    0.00   20.84    0.53    0.13   13.85    0.00    0.00    5.67
平均时间:  all   58.97    0.00   20.84    0.53    0.13   13.85    0.00    0.00    5.67

Linux 2.6.32-431.el6.x86_64 (slave2) 	2019年07月25日 	_x86_64_	(8 CPU)

02时33分46秒  CPU    %usr   %nice    %sys %iowait    %irq   %soft  %steal  %guest   %idle
02时33分47秒  all   68.84    0.00   17.65    0.00    0.38   12.39    0.00    0.00    0.75
平均时间:  all   68.84    0.00   17.65    0.00    0.38   12.39    0.00    0.00    0.75

Linux 2.6.32-431.el6.x86_64 (slave2) 	2019年07月25日 	_x86_64_	(8 CPU)

02时33分50秒  CPU    %usr   %nice    %sys %iowait    %irq   %soft  %steal  %guest   %idle
02时33分51秒  all   66.92    0.00   19.67    0.00    0.13   13.28    0.00    0.00    0.00
平均时间:  all   66.92    0.00   19.67    0.00    0.13   13.28    0.00    0.00    0.00

Linux 2.6.32-431.el6.x86_64 (slave2) 	2019年07月25日 	_x86_64_	(8 CPU)

02时33分54秒  CPU    %usr   %nice    %sys %iowait    %irq   %soft  %steal  %guest   %idle
02时33分55秒  all   81.58    0.00   12.03    0.00    0.25    6.02    0.00    0.00    0.13
平均时间:  all   81.58    0.00   12.03    0.00    0.25    6.02    0.00    0.00    0.13

Linux 2.6.32-431.el6.x86_64 (slave2) 	2019年07月25日 	_x86_64_	(8 CPU)

02时33分58秒  CPU    %usr   %nice    %sys %iowait    %irq   %soft  %steal  %guest   %idle
02时33分59秒  all   81.38    0.00   12.12    0.00    0.25    6.25    0.00    0.00    0.00
平均时间:  all   81.38    0.00   12.12    0.00    0.25    6.25    0.00    0.00    0.00

Linux 2.6.32-431.el6.x86_64 (slave2) 	2019年07月25日 	_x86_64_	(8 CPU)

02时34分02秒  CPU    %usr   %nice    %sys %iowait    %irq   %soft  %steal  %guest   %idle
02时34分03秒  all   73.67    0.00   13.16    0.00    0.51    7.72    0.00    0.00    4.94
平均时间:  all   73.67    0.00   13.16    0.00    0.51    7.72    0.00    0.00    4.94

Linux 2.6.32-431.el6.x86_64 (slave2) 	2019年07月25日 	_x86_64_	(8 CPU)

02时34分07秒  CPU    %usr   %nice    %sys %iowait    %irq   %soft  %steal  %guest   %idle
02时34分08秒  all   56.11    0.00    4.71    0.00    0.00    0.64    0.00    0.00   38.55
平均时间:  all   56.11    0.00    4.71    0.00    0.00    0.64    0.00    0.00   38.55

Linux 2.6.32-431.el6.x86_64 (slave2) 	2019年07月25日 	_x86_64_	(8 CPU)

02时34分11秒  CPU    %usr   %nice    %sys %iowait    %irq   %soft  %steal  %guest   %idle
02时34分12秒  all   48.35    0.00    4.57    0.00    0.00    0.63    0.00    0.00   46.45
平均时间:  all   48.35    0.00    4.57    0.00    0.00    0.63    0.00    0.00   46.45

Linux 2.6.32-431.el6.x86_64 (slave2) 	2019年07月25日 	_x86_64_	(8 CPU)

02时34分15秒  CPU    %usr   %nice    %sys %iowait    %irq   %soft  %steal  %guest   %idle
02时34分16秒  all   48.91    0.00    5.24    0.00    0.00    0.89    0.00    0.00   44.96
平均时间:  all   48.91    0.00    5.24    0.00    0.00    0.89    0.00    0.00   44.96

Linux 2.6.32-431.el6.x86_64 (slave2) 	2019年07月25日 	_x86_64_	(8 CPU)

02时34分19秒  CPU    %usr   %nice    %sys %iowait    %irq   %soft  %steal  %guest   %idle
02时34分20秒  all   54.21    0.00    5.48    0.00    0.00    0.64    0.00    0.00   39.67
平均时间:  all   54.21    0.00    5.48    0.00    0.00    0.64    0.00    0.00   39.67

Linux 2.6.32-431.el6.x86_64 (slave2) 	2019年07月25日 	_x86_64_	(8 CPU)

02时34分23秒  CPU    %usr   %nice    %sys %iowait    %irq   %soft  %steal  %guest   %idle
02时34分24秒  all   63.84    0.00    5.06    0.00    0.00    1.52    0.00    0.00   29.58
平均时间:  all   63.84    0.00    5.06    0.00    0.00    1.52    0.00    0.00   29.58

Linux 2.6.32-431.el6.x86_64 (slave2) 	2019年07月25日 	_x86_64_	(8 CPU)

02时34分27秒  CPU    %usr   %nice    %sys %iowait    %irq   %soft  %steal  %guest   %idle
02时34分28秒  all   94.76    0.00    4.99    0.00    0.00    0.00    0.00    0.00    0.25
平均时间:  all   94.76    0.00    4.99    0.00    0.00    0.00    0.00    0.00    0.25

Linux 2.6.32-431.el6.x86_64 (slave2) 	2019年07月25日 	_x86_64_	(8 CPU)

02时34分31秒  CPU    %usr   %nice    %sys %iowait    %irq   %soft  %steal  %guest   %idle
02时34分32秒  all   85.19    0.00   10.16    0.00    0.13    0.75    0.00    0.00    3.76
平均时间:  all   85.19    0.00   10.16    0.00    0.13    0.75    0.00    0.00    3.76

Linux 2.6.32-431.el6.x86_64 (slave2) 	2019年07月25日 	_x86_64_	(8 CPU)

02时34分35秒  CPU    %usr   %nice    %sys %iowait    %irq   %soft  %steal  %guest   %idle
02时34分36秒  all   43.21    0.00    9.87    0.00    0.13    0.13    0.00    0.00   46.67
平均时间:  all   43.21    0.00    9.87    0.00    0.13    0.13    0.00    0.00   46.67

Linux 2.6.32-431.el6.x86_64 (slave2) 	2019年07月25日 	_x86_64_	(8 CPU)

02时34分39秒  CPU    %usr   %nice    %sys %iowait    %irq   %soft  %steal  %guest   %idle
02时34分40秒  all   90.50    0.00    8.38    0.00    0.00    0.00    0.00    0.00    1.12
平均时间:  all   90.50    0.00    8.38    0.00    0.00    0.00    0.00    0.00    1.12

Linux 2.6.32-431.el6.x86_64 (slave2) 	2019年07月25日 	_x86_64_	(8 CPU)

02时34分43秒  CPU    %usr   %nice    %sys %iowait    %irq   %soft  %steal  %guest   %idle
02时34分44秒  all   52.54    0.00    6.74    0.00    0.00    0.00    0.00    0.00   40.71
平均时间:  all   52.54    0.00    6.74    0.00    0.00    0.00    0.00    0.00   40.71

Linux 2.6.32-431.el6.x86_64 (slave2) 	2019年07月25日 	_x86_64_	(8 CPU)

02时34分47秒  CPU    %usr   %nice    %sys %iowait    %irq   %soft  %steal  %guest   %idle
02时34分48秒  all   67.34    0.00   13.54    0.00    0.00    1.52    0.00    0.00   17.59
平均时间:  all   67.34    0.00   13.54    0.00    0.00    1.52    0.00    0.00   17.59

Linux 2.6.32-431.el6.x86_64 (slave2) 	2019年07月25日 	_x86_64_	(8 CPU)

02时34分51秒  CPU    %usr   %nice    %sys %iowait    %irq   %soft  %steal  %guest   %idle
02时34分52秒  all   78.84    0.00    6.05    0.00    0.13    0.00    0.00    0.00   14.99
平均时间:  all   78.84    0.00    6.05    0.00    0.13    0.00    0.00    0.00   14.99

Linux 2.6.32-431.el6.x86_64 (slave2) 	2019年07月25日 	_x86_64_	(8 CPU)

02时34分55秒  CPU    %usr   %nice    %sys %iowait    %irq   %soft  %steal  %guest   %idle
02时34分56秒  all   83.90    0.00    7.04    0.00    0.00    0.13    0.00    0.00    8.93
平均时间:  all   83.90    0.00    7.04    0.00    0.00    0.13    0.00    0.00    8.93

Linux 2.6.32-431.el6.x86_64 (slave2) 	2019年07月25日 	_x86_64_	(8 CPU)

02时34分59秒  CPU    %usr   %nice    %sys %iowait    %irq   %soft  %steal  %guest   %idle
02时35分00秒  all   89.11    0.00    9.14    0.00    0.13    0.25    0.00    0.00    1.38
平均时间:  all   89.11    0.00    9.14    0.00    0.13    0.25    0.00    0.00    1.38

Linux 2.6.32-431.el6.x86_64 (slave2) 	2019年07月25日 	_x86_64_	(8 CPU)

02时35分03秒  CPU    %usr   %nice    %sys %iowait    %irq   %soft  %steal  %guest   %idle
02时35分04秒  all   63.37    0.00    7.60    0.00    0.00    0.00    0.00    0.00   29.02
平均时间:  all   63.37    0.00    7.60    0.00    0.00    0.00    0.00    0.00   29.02

Linux 2.6.32-431.el6.x86_64 (slave2) 	2019年07月25日 	_x86_64_	(8 CPU)

02时35分07秒  CPU    %usr   %nice    %sys %iowait    %irq   %soft  %steal  %guest   %idle
02时35分08秒  all   66.24    0.00   11.97    0.00    0.00    0.13    0.00    0.00   21.66
平均时间:  all   66.24    0.00   11.97    0.00    0.00    0.13    0.00    0.00   21.66

Linux 2.6.32-431.el6.x86_64 (slave2) 	2019年07月25日 	_x86_64_	(8 CPU)

02时35分11秒  CPU    %usr   %nice    %sys %iowait    %irq   %soft  %steal  %guest   %idle
02时35分12秒  all   38.80    0.00    4.07    0.00    0.13    0.00    0.00    0.00   57.00
平均时间:  all   38.80    0.00    4.07    0.00    0.13    0.00    0.00    0.00   57.00

Linux 2.6.32-431.el6.x86_64 (slave2) 	2019年07月25日 	_x86_64_	(8 CPU)

02时35分15秒  CPU    %usr   %nice    %sys %iowait    %irq   %soft  %steal  %guest   %idle
02时35分16秒  all   48.66    0.00    7.39    0.00    0.00    0.13    0.00    0.00   43.82
平均时间:  all   48.66    0.00    7.39    0.00    0.00    0.13    0.00    0.00   43.82

Linux 2.6.32-431.el6.x86_64 (slave2) 	2019年07月25日 	_x86_64_	(8 CPU)

02时35分19秒  CPU    %usr   %nice    %sys %iowait    %irq   %soft  %steal  %guest   %idle
02时35分20秒  all   40.18    0.00    5.87    0.00    0.00    0.51    0.00    0.00   53.44
平均时间:  all   40.18    0.00    5.87    0.00    0.00    0.51    0.00    0.00   53.44

Linux 2.6.32-431.el6.x86_64 (slave2) 	2019年07月25日 	_x86_64_	(8 CPU)

02时35分23秒  CPU    %usr   %nice    %sys %iowait    %irq   %soft  %steal  %guest   %idle
02时35分24秒  all   92.52    0.00    7.36    0.00    0.00    0.12    0.00    0.00    0.00
平均时间:  all   92.52    0.00    7.36    0.00    0.00    0.12    0.00    0.00    0.00

Linux 2.6.32-431.el6.x86_64 (slave2) 	2019年07月25日 	_x86_64_	(8 CPU)

02时35分27秒  CPU    %usr   %nice    %sys %iowait    %irq   %soft  %steal  %guest   %idle
02时35分28秒  all   35.08    0.00    6.12    0.00    0.00    0.00    0.00    0.00   58.80
平均时间:  all   35.08    0.00    6.12    0.00    0.00    0.00    0.00    0.00   58.80

Linux 2.6.32-431.el6.x86_64 (slave2) 	2019年07月25日 	_x86_64_	(8 CPU)

02时35分31秒  CPU    %usr   %nice    %sys %iowait    %irq   %soft  %steal  %guest   %idle
02时35分32秒  all   91.64    0.00    7.62    0.00    0.00    0.00    0.00    0.00    0.75
平均时间:  all   91.64    0.00    7.62    0.00    0.00    0.00    0.00    0.00    0.75

Linux 2.6.32-431.el6.x86_64 (slave2) 	2019年07月25日 	_x86_64_	(8 CPU)

02时35分35秒  CPU    %usr   %nice    %sys %iowait    %irq   %soft  %steal  %guest   %idle
02时35分36秒  all   70.18    0.00    7.74    0.00    0.00    0.38    0.00    0.00   21.70
平均时间:  all   70.18    0.00    7.74    0.00    0.00    0.38    0.00    0.00   21.70

Linux 2.6.32-431.el6.x86_64 (slave2) 	2019年07月25日 	_x86_64_	(8 CPU)

02时35分39秒  CPU    %usr   %nice    %sys %iowait    %irq   %soft  %steal  %guest   %idle
02时35分40秒  all   93.75    0.00    5.88    0.00    0.00    0.25    0.00    0.00    0.12
平均时间:  all   93.75    0.00    5.88    0.00    0.00    0.25    0.00    0.00    0.12

Linux 2.6.32-431.el6.x86_64 (slave2) 	2019年07月25日 	_x86_64_	(8 CPU)

02时35分43秒  CPU    %usr   %nice    %sys %iowait    %irq   %soft  %steal  %guest   %idle
02时35分44秒  all   81.38    0.00   12.58    0.00    0.00    0.75    0.00    0.00    5.28
平均时间:  all   81.38    0.00   12.58    0.00    0.00    0.75    0.00    0.00    5.28

Linux 2.6.32-431.el6.x86_64 (slave2) 	2019年07月25日 	_x86_64_	(8 CPU)

02时35分47秒  CPU    %usr   %nice    %sys %iowait    %irq   %soft  %steal  %guest   %idle
02时35分48秒  all   58.88    0.00    4.19    0.00    0.00    1.27    0.00    0.00   35.66
平均时间:  all   58.88    0.00    4.19    0.00    0.00    1.27    0.00    0.00   35.66

Linux 2.6.32-431.el6.x86_64 (slave2) 	2019年07月25日 	_x86_64_	(8 CPU)

02时35分51秒  CPU    %usr   %nice    %sys %iowait    %irq   %soft  %steal  %guest   %idle
02时35分52秒  all   49.43    0.00   10.32    0.00    0.00    6.50    0.00    0.00   33.76
平均时间:  all   49.43    0.00   10.32    0.00    0.00    6.50    0.00    0.00   33.76

Linux 2.6.32-431.el6.x86_64 (slave2) 	2019年07月25日 	_x86_64_	(8 CPU)

02时35分55秒  CPU    %usr   %nice    %sys %iowait    %irq   %soft  %steal  %guest   %idle
02时35分56秒  all   74.65    0.00   11.10    0.00    0.00    2.27    0.00    0.00   11.98
平均时间:  all   74.65    0.00   11.10    0.00    0.00    2.27    0.00    0.00   11.98

Linux 2.6.32-431.el6.x86_64 (slave2) 	2019年07月25日 	_x86_64_	(8 CPU)

02时35分59秒  CPU    %usr   %nice    %sys %iowait    %irq   %soft  %steal  %guest   %idle
02时36分00秒  all   89.51    0.00    8.86    0.00    0.00    1.00    0.00    0.00    0.62
平均时间:  all   89.51    0.00    8.86    0.00    0.00    1.00    0.00    0.00    0.62

Linux 2.6.32-431.el6.x86_64 (slave2) 	2019年07月25日 	_x86_64_	(8 CPU)

02时36分03秒  CPU    %usr   %nice    %sys %iowait    %irq   %soft  %steal  %guest   %idle
02时36分04秒  all   83.31    0.00    8.66    0.00    0.00    0.50    0.00    0.00    7.53
平均时间:  all   83.31    0.00    8.66    0.00    0.00    0.50    0.00    0.00    7.53

Linux 2.6.32-431.el6.x86_64 (slave2) 	2019年07月25日 	_x86_64_	(8 CPU)

02时36分07秒  CPU    %usr   %nice    %sys %iowait    %irq   %soft  %steal  %guest   %idle
02时36分08秒  all   90.26    0.00    8.11    0.00    0.12    1.12    0.00    0.00    0.37
平均时间:  all   90.26    0.00    8.11    0.00    0.12    1.12    0.00    0.00    0.37

Linux 2.6.32-431.el6.x86_64 (slave2) 	2019年07月25日 	_x86_64_	(8 CPU)

02时36分11秒  CPU    %usr   %nice    %sys %iowait    %irq   %soft  %steal  %guest   %idle
02时36分12秒  all   88.38    0.00    9.50    0.00    0.12    1.00    0.00    0.00    1.00
平均时间:  all   88.38    0.00    9.50    0.00    0.12    1.00    0.00    0.00    1.00

Linux 2.6.32-431.el6.x86_64 (slave2) 	2019年07月25日 	_x86_64_	(8 CPU)

02时36分15秒  CPU    %usr   %nice    %sys %iowait    %irq   %soft  %steal  %guest   %idle
02时36分16秒  all   75.35    0.00   10.37    0.00    0.00    0.76    0.00    0.00   13.53
平均时间:  all   75.35    0.00   10.37    0.00    0.00    0.76    0.00    0.00   13.53

Linux 2.6.32-431.el6.x86_64 (slave2) 	2019年07月25日 	_x86_64_	(8 CPU)

02时36分19秒  CPU    %usr   %nice    %sys %iowait    %irq   %soft  %steal  %guest   %idle
02时36分20秒  all   95.00    0.00    4.00    0.00    0.00    0.50    0.00    0.00    0.50
平均时间:  all   95.00    0.00    4.00    0.00    0.00    0.50    0.00    0.00    0.50

Linux 2.6.32-431.el6.x86_64 (slave2) 	2019年07月25日 	_x86_64_	(8 CPU)

02时36分24秒  CPU    %usr   %nice    %sys %iowait    %irq   %soft  %steal  %guest   %idle
02时36分25秒  all   94.07    0.00    3.99    0.00    0.00    0.77    0.00    0.00    1.16
平均时间:  all   94.07    0.00    3.99    0.00    0.00    0.77    0.00    0.00    1.16

Linux 2.6.32-431.el6.x86_64 (slave2) 	2019年07月25日 	_x86_64_	(8 CPU)

02时36分28秒  CPU    %usr   %nice    %sys %iowait    %irq   %soft  %steal  %guest   %idle
02时36分29秒  all   60.15    0.00    5.33    0.00    0.00    0.51    0.00    0.00   34.01
平均时间:  all   60.15    0.00    5.33    0.00    0.00    0.51    0.00    0.00   34.01

Linux 2.6.32-431.el6.x86_64 (slave2) 	2019年07月25日 	_x86_64_	(8 CPU)

02时36分32秒  CPU    %usr   %nice    %sys %iowait    %irq   %soft  %steal  %guest   %idle
02时36分33秒  all   77.05    0.00    6.31    0.00    0.00    0.76    0.00    0.00   15.89
平均时间:  all   77.05    0.00    6.31    0.00    0.00    0.76    0.00    0.00   15.89

Linux 2.6.32-431.el6.x86_64 (slave2) 	2019年07月25日 	_x86_64_	(8 CPU)

02时36分36秒  CPU    %usr   %nice    %sys %iowait    %irq   %soft  %steal  %guest   %idle
02时36分37秒  all   95.13    0.00    4.49    0.00    0.00    0.25    0.00    0.00    0.12
平均时间:  all   95.13    0.00    4.49    0.00    0.00    0.25    0.00    0.00    0.12

Linux 2.6.32-431.el6.x86_64 (slave2) 	2019年07月25日 	_x86_64_	(8 CPU)

02时36分40秒  CPU    %usr   %nice    %sys %iowait    %irq   %soft  %steal  %guest   %idle
02时36分41秒  all   70.34    0.00    9.51    0.00    0.13    1.14    0.00    0.00   18.88
平均时间:  all   70.34    0.00    9.51    0.00    0.13    1.14    0.00    0.00   18.88

Linux 2.6.32-431.el6.x86_64 (slave2) 	2019年07月25日 	_x86_64_	(8 CPU)

02时36分44秒  CPU    %usr   %nice    %sys %iowait    %irq   %soft  %steal  %guest   %idle
02时36分45秒  all   64.88    0.00   13.46    0.11    0.00    0.55    0.00    0.00   21.01
平均时间:  all   64.88    0.00   13.46    0.11    0.00    0.55    0.00    0.00   21.01

Linux 2.6.32-431.el6.x86_64 (slave2) 	2019年07月25日 	_x86_64_	(8 CPU)

02时36分48秒  CPU    %usr   %nice    %sys %iowait    %irq   %soft  %steal  %guest   %idle
02时36分49秒  all   73.96    0.00   10.11    0.00    0.00    0.38    0.00    0.00   15.55
平均时间:  all   73.96    0.00   10.11    0.00    0.00    0.38    0.00    0.00   15.55

Linux 2.6.32-431.el6.x86_64 (slave2) 	2019年07月25日 	_x86_64_	(8 CPU)

02时36分52秒  CPU    %usr   %nice    %sys %iowait    %irq   %soft  %steal  %guest   %idle
02时36分53秒  all   90.76    0.00    8.11    0.00    0.00    0.12    0.00    0.00    1.00
平均时间:  all   90.76    0.00    8.11    0.00    0.00    0.12    0.00    0.00    1.00

Linux 2.6.32-431.el6.x86_64 (slave2) 	2019年07月25日 	_x86_64_	(8 CPU)

02时36分56秒  CPU    %usr   %nice    %sys %iowait    %irq   %soft  %steal  %guest   %idle
02时36分57秒  all   83.12    0.00    9.07    0.00    0.00    0.50    0.00    0.00    7.30
平均时间:  all   83.12    0.00    9.07    0.00    0.00    0.50    0.00    0.00    7.30

Linux 2.6.32-431.el6.x86_64 (slave2) 	2019年07月25日 	_x86_64_	(8 CPU)

02时37分00秒  CPU    %usr   %nice    %sys %iowait    %irq   %soft  %steal  %guest   %idle
02时37分01秒  all   89.26    0.00    9.86    0.00    0.00    0.75    0.00    0.00    0.12
平均时间:  all   89.26    0.00    9.86    0.00    0.00    0.75    0.00    0.00    0.12

Linux 2.6.32-431.el6.x86_64 (slave2) 	2019年07月25日 	_x86_64_	(8 CPU)

02时37分04秒  CPU    %usr   %nice    %sys %iowait    %irq   %soft  %steal  %guest   %idle
02时37分05秒  all   90.00    0.00    8.50    0.00    0.00    0.38    0.00    0.00    1.12
平均时间:  all   90.00    0.00    8.50    0.00    0.00    0.38    0.00    0.00    1.12

Linux 2.6.32-431.el6.x86_64 (slave2) 	2019年07月25日 	_x86_64_	(8 CPU)

02时37分08秒  CPU    %usr   %nice    %sys %iowait    %irq   %soft  %steal  %guest   %idle
02时37分09秒  all   89.88    0.00    9.50    0.00    0.00    0.25    0.00    0.00    0.38
平均时间:  all   89.88    0.00    9.50    0.00    0.00    0.25    0.00    0.00    0.38

Linux 2.6.32-431.el6.x86_64 (slave2) 	2019年07月25日 	_x86_64_	(8 CPU)

02时37分12秒  CPU    %usr   %nice    %sys %iowait    %irq   %soft  %steal  %guest   %idle
02时37分13秒  all   60.18    0.00    4.68    0.00    0.00    0.13    0.00    0.00   35.02
平均时间:  all   60.18    0.00    4.68    0.00    0.00    0.13    0.00    0.00   35.02

Linux 2.6.32-431.el6.x86_64 (slave2) 	2019年07月25日 	_x86_64_	(8 CPU)

02时37分16秒  CPU    %usr   %nice    %sys %iowait    %irq   %soft  %steal  %guest   %idle
02时37分17秒  all   91.98    0.00    6.52    0.00    0.00    0.00    0.00    0.00    1.50
平均时间:  all   91.98    0.00    6.52    0.00    0.00    0.00    0.00    0.00    1.50

Linux 2.6.32-431.el6.x86_64 (slave2) 	2019年07月25日 	_x86_64_	(8 CPU)

02时37分20秒  CPU    %usr   %nice    %sys %iowait    %irq   %soft  %steal  %guest   %idle
02时37分21秒  all   47.64    0.00    2.68    0.00    0.00    0.13    0.00    0.00   49.55
平均时间:  all   47.64    0.00    2.68    0.00    0.00    0.13    0.00    0.00   49.55

Linux 2.6.32-431.el6.x86_64 (slave2) 	2019年07月25日 	_x86_64_	(8 CPU)

02时37分24秒  CPU    %usr   %nice    %sys %iowait    %irq   %soft  %steal  %guest   %idle
02时37分25秒  all   65.53    0.00    5.20    0.00    0.00    0.00    0.00    0.00   29.28
平均时间:  all   65.53    0.00    5.20    0.00    0.00    0.00    0.00    0.00   29.28

Linux 2.6.32-431.el6.x86_64 (slave2) 	2019年07月25日 	_x86_64_	(8 CPU)

02时37分28秒  CPU    %usr   %nice    %sys %iowait    %irq   %soft  %steal  %guest   %idle
02时37分29秒  all   30.43    0.00    3.71    0.00    0.13    0.00    0.00    0.00   65.73
平均时间:  all   30.43    0.00    3.71    0.00    0.13    0.00    0.00    0.00   65.73

Linux 2.6.32-431.el6.x86_64 (slave2) 	2019年07月25日 	_x86_64_	(8 CPU)

02时37分32秒  CPU    %usr   %nice    %sys %iowait    %irq   %soft  %steal  %guest   %idle
02时37分33秒  all   43.88    0.00    5.23    0.00    0.00    0.51    0.00    0.00   50.38
平均时间:  all   43.88    0.00    5.23    0.00    0.00    0.51    0.00    0.00   50.38

Linux 2.6.32-431.el6.x86_64 (slave2) 	2019年07月25日 	_x86_64_	(8 CPU)

02时37分36秒  CPU    %usr   %nice    %sys %iowait    %irq   %soft  %steal  %guest   %idle
02时37分37秒  all   47.18    0.00    6.92    0.00    0.00    0.13    0.00    0.00   45.77
平均时间:  all   47.18    0.00    6.92    0.00    0.00    0.13    0.00    0.00   45.77

Linux 2.6.32-431.el6.x86_64 (slave2) 	2019年07月25日 	_x86_64_	(8 CPU)

02时37分40秒  CPU    %usr   %nice    %sys %iowait    %irq   %soft  %steal  %guest   %idle
02时37分41秒  all   56.94    0.00    8.87    0.00    0.00    0.00    0.00    0.00   34.19
平均时间:  all   56.94    0.00    8.87    0.00    0.00    0.00    0.00    0.00   34.19

Linux 2.6.32-431.el6.x86_64 (slave2) 	2019年07月25日 	_x86_64_	(8 CPU)

02时37分44秒  CPU    %usr   %nice    %sys %iowait    %irq   %soft  %steal  %guest   %idle
02时37分45秒  all   32.48    0.00    4.71    0.00    0.00    0.13    0.00    0.00   62.68
平均时间:  all   32.48    0.00    4.71    0.00    0.00    0.13    0.00    0.00   62.68

Linux 2.6.32-431.el6.x86_64 (slave2) 	2019年07月25日 	_x86_64_	(8 CPU)

02时37分48秒  CPU    %usr   %nice    %sys %iowait    %irq   %soft  %steal  %guest   %idle
02时37分49秒  all   63.62    0.00   11.57    0.00    0.00    0.13    0.00    0.00   24.68
平均时间:  all   63.62    0.00   11.57    0.00    0.00    0.13    0.00    0.00   24.68

Linux 2.6.32-431.el6.x86_64 (slave2) 	2019年07月25日 	_x86_64_	(8 CPU)

02时37分52秒  CPU    %usr   %nice    %sys %iowait    %irq   %soft  %steal  %guest   %idle
02时37分53秒  all   63.65    0.00    4.72    0.00    0.00    0.00    0.00    0.00   31.63
平均时间:  all   63.65    0.00    4.72    0.00    0.00    0.00    0.00    0.00   31.63

Linux 2.6.32-431.el6.x86_64 (slave2) 	2019年07月25日 	_x86_64_	(8 CPU)

02时37分56秒  CPU    %usr   %nice    %sys %iowait    %irq   %soft  %steal  %guest   %idle
02时37分57秒  all   48.79    0.00    5.49    0.00    0.00    0.00    0.00    0.00   45.72
平均时间:  all   48.79    0.00    5.49    0.00    0.00    0.00    0.00    0.00   45.72

Linux 2.6.32-431.el6.x86_64 (slave2) 	2019年07月25日 	_x86_64_	(8 CPU)

02时38分00秒  CPU    %usr   %nice    %sys %iowait    %irq   %soft  %steal  %guest   %idle
02时38分01秒  all    4.44    0.00    2.92    0.00    0.00    0.00    0.00    0.00   92.64
平均时间:  all    4.44    0.00    2.92    0.00    0.00    0.00    0.00    0.00   92.64

Linux 2.6.32-431.el6.x86_64 (slave2) 	2019年07月25日 	_x86_64_	(8 CPU)

02时38分04秒  CPU    %usr   %nice    %sys %iowait    %irq   %soft  %steal  %guest   %idle
02时38分05秒  all   13.99    0.00    2.16    0.00    0.00    0.13    0.00    0.00   83.72
平均时间:  all   13.99    0.00    2.16    0.00    0.00    0.13    0.00    0.00   83.72

Linux 2.6.32-431.el6.x86_64 (slave2) 	2019年07月25日 	_x86_64_	(8 CPU)

02时38分08秒  CPU    %usr   %nice    %sys %iowait    %irq   %soft  %steal  %guest   %idle
02时38分09秒  all   38.50    0.00    2.16    0.00    0.00    0.13    0.00    0.00   59.21
平均时间:  all   38.50    0.00    2.16    0.00    0.00    0.13    0.00    0.00   59.21

Linux 2.6.32-431.el6.x86_64 (slave2) 	2019年07月25日 	_x86_64_	(8 CPU)

02时38分12秒  CPU    %usr   %nice    %sys %iowait    %irq   %soft  %steal  %guest   %idle
02时38分13秒  all   20.18    0.00    2.68    0.00    0.00    0.00    0.00    0.00   77.14
平均时间:  all   20.18    0.00    2.68    0.00    0.00    0.00    0.00    0.00   77.14

Linux 2.6.32-431.el6.x86_64 (slave2) 	2019年07月25日 	_x86_64_	(8 CPU)

02时38分16秒  CPU    %usr   %nice    %sys %iowait    %irq   %soft  %steal  %guest   %idle
02时38分17秒  all   11.62    0.00    2.04    0.00    0.00    0.00    0.00    0.00   86.33
平均时间:  all   11.62    0.00    2.04    0.00    0.00    0.00    0.00    0.00   86.33

Linux 2.6.32-431.el6.x86_64 (slave2) 	2019年07月25日 	_x86_64_	(8 CPU)

02时38分20秒  CPU    %usr   %nice    %sys %iowait    %irq   %soft  %steal  %guest   %idle
02时38分21秒  all   11.34    0.00    2.55    0.00    0.13    0.00    0.00    0.00   85.99
平均时间:  all   11.34    0.00    2.55    0.00    0.13    0.00    0.00    0.00   85.99

Linux 2.6.32-431.el6.x86_64 (slave2) 	2019年07月25日 	_x86_64_	(8 CPU)

02时38分24秒  CPU    %usr   %nice    %sys %iowait    %irq   %soft  %steal  %guest   %idle
02时38分25秒  all    3.67    0.00    0.89    0.00    0.13    0.00    0.00    0.00   95.32
平均时间:  all    3.67    0.00    0.89    0.00    0.13    0.00    0.00    0.00   95.32

Linux 2.6.32-431.el6.x86_64 (slave2) 	2019年07月25日 	_x86_64_	(8 CPU)

02时38分28秒  CPU    %usr   %nice    %sys %iowait    %irq   %soft  %steal  %guest   %idle
02时38分29秒  all    7.59    0.00    1.77    0.00    0.00    0.00    0.00    0.00   90.64
平均时间:  all    7.59    0.00    1.77    0.00    0.00    0.00    0.00    0.00   90.64

Linux 2.6.32-431.el6.x86_64 (slave2) 	2019年07月25日 	_x86_64_	(8 CPU)

02时38分32秒  CPU    %usr   %nice    %sys %iowait    %irq   %soft  %steal  %guest   %idle
02时38分33秒  all    4.04    0.00    0.88    0.00    0.13    0.00    0.00    0.00   94.96
平均时间:  all    4.04    0.00    0.88    0.00    0.13    0.00    0.00    0.00   94.96

Linux 2.6.32-431.el6.x86_64 (slave2) 	2019年07月25日 	_x86_64_	(8 CPU)

02时38分37秒  CPU    %usr   %nice    %sys %iowait    %irq   %soft  %steal  %guest   %idle
02时38分38秒  all    3.78    0.00    1.39    0.00    0.00    0.13    0.00    0.00   94.71
平均时间:  all    3.78    0.00    1.39    0.00    0.00    0.13    0.00    0.00   94.71

Linux 2.6.32-431.el6.x86_64 (slave2) 	2019年07月25日 	_x86_64_	(8 CPU)

02时38分41秒  CPU    %usr   %nice    %sys %iowait    %irq   %soft  %steal  %guest   %idle
02时38分42秒  all    0.00    0.00    0.25    0.00    0.00    0.00    0.00    0.00   99.75
平均时间:  all    0.00    0.00    0.25    0.00    0.00    0.00    0.00    0.00   99.75

Linux 2.6.32-431.el6.x86_64 (slave2) 	2019年07月25日 	_x86_64_	(8 CPU)

02时38分45秒  CPU    %usr   %nice    %sys %iowait    %irq   %soft  %steal  %guest   %idle
02时38分46秒  all    0.00    0.00    0.00    0.00    0.00    0.00    0.00    0.00  100.00
平均时间:  all    0.00    0.00    0.00    0.00    0.00    0.00    0.00    0.00  100.00

Linux 2.6.32-431.el6.x86_64 (slave2) 	2019年07月25日 	_x86_64_	(8 CPU)
