
2019年 07月 25日 星期四 02:22:38 CST
             total       used       free     shared    buffers     cached
Mem:         15945       8893       7052          0         79       6863
-/+ buffers/cache:       1950      13994
Swap:         8039          0       8039

2019年 07月 25日 星期四 02:22:42 CST
             total       used       free     shared    buffers     cached
Mem:         15945       8893       7052          0         79       6862
-/+ buffers/cache:       1951      13994
Swap:         8039          0       8039

2019年 07月 25日 星期四 02:22:46 CST
             total       used       free     shared    buffers     cached
Mem:         15945       8893       7052          0         79       6862
-/+ buffers/cache:       1950      13994
Swap:         8039          0       8039

2019年 07月 25日 星期四 02:22:50 CST
             total       used       free     shared    buffers     cached
Mem:         15945       8893       7052          0         79       6862
-/+ buffers/cache:       1950      13994
Swap:         8039          0       8039

2019年 07月 25日 星期四 02:22:54 CST
             total       used       free     shared    buffers     cached
Mem:         15945       8899       7045          0         79       6869
-/+ buffers/cache:       1950      13994
Swap:         8039          0       8039

2019年 07月 25日 星期四 02:22:58 CST
             total       used       free     shared    buffers     cached
Mem:         15945       8998       6947          0         79       6969
-/+ buffers/cache:       1949      13995
Swap:         8039          0       8039

2019年 07月 25日 星期四 02:23:02 CST
             total       used       free     shared    buffers     cached
Mem:         15945       9300       6644          0         79       7218
-/+ buffers/cache:       2002      13943
Swap:         8039          0       8039

2019年 07月 25日 星期四 02:23:06 CST
             total       used       free     shared    buffers     cached
Mem:         15945       9801       6143          0         79       7486
-/+ buffers/cache:       2235      13709
Swap:         8039          0       8039

2019年 07月 25日 星期四 02:23:10 CST
             total       used       free     shared    buffers     cached
Mem:         15945      10330       5615          0         79       7749
-/+ buffers/cache:       2501      13443
Swap:         8039          0       8039

2019年 07月 25日 星期四 02:23:14 CST
             total       used       free     shared    buffers     cached
Mem:         15945      10763       5181          0         79       8032
-/+ buffers/cache:       2651      13293
Swap:         8039          0       8039

2019年 07月 25日 星期四 02:23:18 CST
             total       used       free     shared    buffers     cached
Mem:         15945      11282       4662          0         79       8302
-/+ buffers/cache:       2901      13044
Swap:         8039          0       8039

2019年 07月 25日 星期四 02:23:22 CST
             total       used       free     shared    buffers     cached
Mem:         15945      11990       3954          0         79       8523
-/+ buffers/cache:       3387      12557
Swap:         8039          0       8039

2019年 07月 25日 星期四 02:23:26 CST
             total       used       free     shared    buffers     cached
Mem:         15945      12831       3114          0         79       8559
-/+ buffers/cache:       4191      11753
Swap:         8039          0       8039

2019年 07月 25日 星期四 02:23:30 CST
             total       used       free     shared    buffers     cached
Mem:         15945      12374       3570          0         79       8577
-/+ buffers/cache:       3717      12227
Swap:         8039          0       8039

2019年 07月 25日 星期四 02:23:34 CST
             total       used       free     shared    buffers     cached
Mem:         15945      13059       2886          0         79       8578
-/+ buffers/cache:       4401      11544
Swap:         8039          0       8039

2019年 07月 25日 星期四 02:23:38 CST
             total       used       free     shared    buffers     cached
Mem:         15945      12834       3111          0         79       8521
-/+ buffers/cache:       4232      11712
Swap:         8039          0       8039

2019年 07月 25日 星期四 02:23:42 CST
             total       used       free     shared    buffers     cached
Mem:         15945      13726       2219          0         79       9166
-/+ buffers/cache:       4479      11465
Swap:         8039          0       8039

2019年 07月 25日 星期四 02:23:46 CST
             total       used       free     shared    buffers     cached
Mem:         15945      14242       1703          0         79       9244
-/+ buffers/cache:       4918      11027
Swap:         8039          0       8039

2019年 07月 25日 星期四 02:23:50 CST
             total       used       free     shared    buffers     cached
Mem:         15945      14642       1302          0         79       9244
-/+ buffers/cache:       5318      10627
Swap:         8039          0       8039

2019年 07月 25日 星期四 02:23:54 CST
             total       used       free     shared    buffers     cached
Mem:         15945      14920       1024          0         79       9245
-/+ buffers/cache:       5595      10349
Swap:         8039          0       8039

2019年 07月 25日 星期四 02:23:58 CST
             total       used       free     shared    buffers     cached
Mem:         15945      15217        727          0         79       9246
-/+ buffers/cache:       5891      10053
Swap:         8039          0       8039

2019年 07月 25日 星期四 02:24:02 CST
             total       used       free     shared    buffers     cached
Mem:         15945      15205        740          0         79       9246
-/+ buffers/cache:       5878      10066
Swap:         8039          0       8039

2019年 07月 25日 星期四 02:24:06 CST
             total       used       free     shared    buffers     cached
Mem:         15945      13986       1959          0         79       9280
-/+ buffers/cache:       4626      11319
Swap:         8039          0       8039

2019年 07月 25日 星期四 02:24:10 CST
             total       used       free     shared    buffers     cached
Mem:         15945      14495       1449          0         79       9615
-/+ buffers/cache:       4799      11145
Swap:         8039          0       8039

2019年 07月 25日 星期四 02:24:14 CST
             total       used       free     shared    buffers     cached
Mem:         15945      14075       1870          0         79       9596
-/+ buffers/cache:       4398      11546
Swap:         8039          0       8039

2019年 07月 25日 星期四 02:24:18 CST
             total       used       free     shared    buffers     cached
Mem:         15945      14020       1924          0         80       9578
-/+ buffers/cache:       4362      11583
Swap:         8039          0       8039

2019年 07月 25日 星期四 02:24:22 CST
             total       used       free     shared    buffers     cached
Mem:         15945      14703       1242          0         80       9697
-/+ buffers/cache:       4925      11020
Swap:         8039          0       8039

2019年 07月 25日 星期四 02:24:26 CST
             total       used       free     shared    buffers     cached
Mem:         15945      14854       1090          0         80       9888
-/+ buffers/cache:       4886      11059
Swap:         8039          0       8039

2019年 07月 25日 星期四 02:24:30 CST
             total       used       free     shared    buffers     cached
Mem:         15945      15113        832          0         80       9752
-/+ buffers/cache:       5280      10664
Swap:         8039          0       8039

2019年 07月 25日 星期四 02:24:34 CST
             total       used       free     shared    buffers     cached
Mem:         15945      15568        377          0         80       9754
-/+ buffers/cache:       5734      10211
Swap:         8039          0       8039

2019年 07月 25日 星期四 02:24:38 CST
             total       used       free     shared    buffers     cached
Mem:         15945      15783        162          0         80       9653
-/+ buffers/cache:       6049       9895
Swap:         8039          0       8039

2019年 07月 25日 星期四 02:24:42 CST
             total       used       free     shared    buffers     cached
Mem:         15945      15789        155          0         80       9428
-/+ buffers/cache:       6281       9663
Swap:         8039          0       8039

2019年 07月 25日 星期四 02:24:46 CST
             total       used       free     shared    buffers     cached
Mem:         15945      15785        160          0         80       9368
-/+ buffers/cache:       6336       9608
Swap:         8039          0       8039

2019年 07月 25日 星期四 02:24:50 CST
             total       used       free     shared    buffers     cached
Mem:         15945      15782        162          0         80       9335
-/+ buffers/cache:       6367       9578
Swap:         8039          0       8039

2019年 07月 25日 星期四 02:24:54 CST
             total       used       free     shared    buffers     cached
Mem:         15945      15786        158          0         80       9279
-/+ buffers/cache:       6426       9518
Swap:         8039          0       8039

2019年 07月 25日 星期四 02:24:58 CST
             total       used       free     shared    buffers     cached
Mem:         15945      15784        161          0         80       9171
-/+ buffers/cache:       6532       9413
Swap:         8039          0       8039

2019年 07月 25日 星期四 02:25:02 CST
             total       used       free     shared    buffers     cached
Mem:         15945      14501       1443          0         80       9324
-/+ buffers/cache:       5097      10847
Swap:         8039          0       8039

2019年 07月 25日 星期四 02:25:06 CST
             total       used       free     shared    buffers     cached
Mem:         15945      14821       1123          0         80       9400
-/+ buffers/cache:       5340      10604
Swap:         8039          0       8039

2019年 07月 25日 星期四 02:25:11 CST
             total       used       free     shared    buffers     cached
Mem:         15945      15592        353          0         80       9687
-/+ buffers/cache:       5823      10121
Swap:         8039          0       8039

2019年 07月 25日 星期四 02:25:15 CST
             total       used       free     shared    buffers     cached
Mem:         15945      15779        165          0         80       9454
-/+ buffers/cache:       6244       9700
Swap:         8039          0       8039

2019年 07月 25日 星期四 02:25:19 CST
             total       used       free     shared    buffers     cached
Mem:         15945      15261        683          0         80       9475
-/+ buffers/cache:       5706      10238
Swap:         8039          0       8039

2019年 07月 25日 星期四 02:25:23 CST
             total       used       free     shared    buffers     cached
Mem:         15945      13568       2377          0         80       9518
-/+ buffers/cache:       3969      11975
Swap:         8039          0       8039

2019年 07月 25日 星期四 02:25:27 CST
             total       used       free     shared    buffers     cached
Mem:         15945      13396       2548          0         80      10054
-/+ buffers/cache:       3261      12684
Swap:         8039          0       8039

2019年 07月 25日 星期四 02:25:31 CST
             total       used       free     shared    buffers     cached
Mem:         15945      13833       2111          0         80       9842
-/+ buffers/cache:       3910      12034
Swap:         8039          0       8039

2019年 07月 25日 星期四 02:25:35 CST
             total       used       free     shared    buffers     cached
Mem:         15945      13335       2610          0         80       9840
-/+ buffers/cache:       3414      12531
Swap:         8039          0       8039

2019年 07月 25日 星期四 02:25:39 CST
             total       used       free     shared    buffers     cached
Mem:         15945      13925       2020          0         80       9999
-/+ buffers/cache:       3845      12100
Swap:         8039          0       8039

2019年 07月 25日 星期四 02:25:43 CST
             total       used       free     shared    buffers     cached
Mem:         15945      14435       1510          0         80      10026
-/+ buffers/cache:       4328      11617
Swap:         8039          0       8039

2019年 07月 25日 星期四 02:25:47 CST
             total       used       free     shared    buffers     cached
Mem:         15945      14685       1260          0         80      10026
-/+ buffers/cache:       4577      11367
Swap:         8039          0       8039

2019年 07月 25日 星期四 02:25:51 CST
             total       used       free     shared    buffers     cached
Mem:         15945      14995        950          0         80      10027
-/+ buffers/cache:       4887      11057
Swap:         8039          0       8039

2019年 07月 25日 星期四 02:25:55 CST
             total       used       free     shared    buffers     cached
Mem:         15945      15254        690          0         80      10028
-/+ buffers/cache:       5146      10799
Swap:         8039          0       8039

2019年 07月 25日 星期四 02:25:59 CST
             total       used       free     shared    buffers     cached
Mem:         15945      15280        664          0         80      10028
-/+ buffers/cache:       5171      10773
Swap:         8039          0       8039

2019年 07月 25日 星期四 02:26:03 CST
             total       used       free     shared    buffers     cached
Mem:         15945      15310        635          0         80      10031
-/+ buffers/cache:       5197      10748
Swap:         8039          0       8039

2019年 07月 25日 星期四 02:26:07 CST
             total       used       free     shared    buffers     cached
Mem:         15945      15489        455          0         80      10061
-/+ buffers/cache:       5346      10598
Swap:         8039          0       8039

2019年 07月 25日 星期四 02:26:11 CST
             total       used       free     shared    buffers     cached
Mem:         15945      15603        342          0         81      10090
-/+ buffers/cache:       5431      10513
Swap:         8039          0       8039

2019年 07月 25日 星期四 02:26:15 CST
             total       used       free     shared    buffers     cached
Mem:         15945      15254        691          0         81      10102
-/+ buffers/cache:       5070      10874
Swap:         8039          0       8039

2019年 07月 25日 星期四 02:26:19 CST
             total       used       free     shared    buffers     cached
Mem:         15945      15409        535          0         81       9922
-/+ buffers/cache:       5405      10539
Swap:         8039          0       8039

2019年 07月 25日 星期四 02:26:23 CST
             total       used       free     shared    buffers     cached
Mem:         15945      15467        477          0         81       9749
-/+ buffers/cache:       5637      10308
Swap:         8039          0       8039

2019年 07月 25日 星期四 02:26:27 CST
             total       used       free     shared    buffers     cached
Mem:         15945      14999        946          0         81       9563
-/+ buffers/cache:       5354      10591
Swap:         8039          0       8039

2019年 07月 25日 星期四 02:26:31 CST
             total       used       free     shared    buffers     cached
Mem:         15945      14340       1605          0         81       9562
-/+ buffers/cache:       4696      11249
Swap:         8039          0       8039

2019年 07月 25日 星期四 02:26:35 CST
             total       used       free     shared    buffers     cached
Mem:         15945      15129        815          0         81       9378
-/+ buffers/cache:       5669      10275
Swap:         8039          0       8039

2019年 07月 25日 星期四 02:26:39 CST
             total       used       free     shared    buffers     cached
Mem:         15945      15664        281          0         81       9380
-/+ buffers/cache:       6203       9742
Swap:         8039          0       8039

2019年 07月 25日 星期四 02:26:43 CST
             total       used       free     shared    buffers     cached
Mem:         15945      15783        162          0         81       9299
-/+ buffers/cache:       6401       9543
Swap:         8039          0       8039

2019年 07月 25日 星期四 02:26:47 CST
             total       used       free     shared    buffers     cached
Mem:         15945      14767       1178          0         81       9278
-/+ buffers/cache:       5407      10538
Swap:         8039          0       8039

2019年 07月 25日 星期四 02:26:51 CST
             total       used       free     shared    buffers     cached
Mem:         15945      15058        887          0         81       9101
-/+ buffers/cache:       5875      10070
Swap:         8039          0       8039

2019年 07月 25日 星期四 02:26:55 CST
             total       used       free     shared    buffers     cached
Mem:         15945      14178       1767          0         81       9100
-/+ buffers/cache:       4996      10949
Swap:         8039          0       8039

2019年 07月 25日 星期四 02:26:59 CST
             total       used       free     shared    buffers     cached
Mem:         15945      14664       1280          0         81       9450
-/+ buffers/cache:       5133      10812
Swap:         8039          0       8039

2019年 07月 25日 星期四 02:27:03 CST
             total       used       free     shared    buffers     cached
Mem:         15945      15342        602          0         81       9736
-/+ buffers/cache:       5525      10420
Swap:         8039          0       8039

2019年 07月 25日 星期四 02:27:07 CST
             total       used       free     shared    buffers     cached
Mem:         15945      15794        151          0         81       9938
-/+ buffers/cache:       5774      10170
Swap:         8039          0       8039

2019年 07月 25日 星期四 02:27:11 CST
             total       used       free     shared    buffers     cached
Mem:         15945      15780        164          0         81       9360
-/+ buffers/cache:       6339       9606
Swap:         8039          0       8039

2019年 07月 25日 星期四 02:27:15 CST
             total       used       free     shared    buffers     cached
Mem:         15945      15671        274          0         81       8932
-/+ buffers/cache:       6657       9288
Swap:         8039          0       8039

2019年 07月 25日 星期四 02:27:19 CST
             total       used       free     shared    buffers     cached
Mem:         15945      14843       1102          0         81       9219
-/+ buffers/cache:       5542      10403
Swap:         8039          0       8039

2019年 07月 25日 星期四 02:27:23 CST
             total       used       free     shared    buffers     cached
Mem:         15945      14000       1945          0         81       9361
-/+ buffers/cache:       4557      11388
Swap:         8039          0       8039

2019年 07月 25日 星期四 02:27:27 CST
             total       used       free     shared    buffers     cached
Mem:         15945      14620       1324          0         81       9478
-/+ buffers/cache:       5061      10884
Swap:         8039          0       8039

2019年 07月 25日 星期四 02:27:31 CST
             total       used       free     shared    buffers     cached
Mem:         15945      13957       1988          0         81       9830
-/+ buffers/cache:       4045      11900
Swap:         8039          0       8039

2019年 07月 25日 星期四 02:27:35 CST
             total       used       free     shared    buffers     cached
Mem:         15945      13467       2478          0         81       9891
-/+ buffers/cache:       3493      12451
Swap:         8039          0       8039

2019年 07月 25日 星期四 02:27:39 CST
             total       used       free     shared    buffers     cached
Mem:         15945      13885       2060          0         81       9896
-/+ buffers/cache:       3906      12038
Swap:         8039          0       8039

2019年 07月 25日 星期四 02:27:44 CST
             total       used       free     shared    buffers     cached
Mem:         15945      14221       1724          0         81       9711
-/+ buffers/cache:       4428      11517
Swap:         8039          0       8039

2019年 07月 25日 星期四 02:27:48 CST
             total       used       free     shared    buffers     cached
Mem:         15945      14857       1088          0         81       9715
-/+ buffers/cache:       5059      10885
Swap:         8039          0       8039

2019年 07月 25日 星期四 02:27:52 CST
             total       used       free     shared    buffers     cached
Mem:         15945      14626       1319          0         81       9715
-/+ buffers/cache:       4828      11116
Swap:         8039          0       8039

2019年 07月 25日 星期四 02:27:56 CST
             total       used       free     shared    buffers     cached
Mem:         15945      14744       1201          0         81       9726
-/+ buffers/cache:       4936      11009
Swap:         8039          0       8039

2019年 07月 25日 星期四 02:28:00 CST
             total       used       free     shared    buffers     cached
Mem:         15945      14122       1823          0         81       9730
-/+ buffers/cache:       4309      11635
Swap:         8039          0       8039

2019年 07月 25日 星期四 02:28:04 CST
             total       used       free     shared    buffers     cached
Mem:         15945      14882       1062          0         81       9549
-/+ buffers/cache:       5251      10693
Swap:         8039          0       8039

2019年 07月 25日 星期四 02:28:08 CST
             total       used       free     shared    buffers     cached
Mem:         15945      13572       2373          0         81       9546
-/+ buffers/cache:       3943      12002
Swap:         8039          0       8039

2019年 07月 25日 星期四 02:28:12 CST
             total       used       free     shared    buffers     cached
Mem:         15945      14274       1671          0         81       9548
-/+ buffers/cache:       4644      11301
Swap:         8039          0       8039

2019年 07月 25日 星期四 02:28:16 CST
             total       used       free     shared    buffers     cached
Mem:         15945      13366       2579          0         81       9504
-/+ buffers/cache:       3780      12165
Swap:         8039          0       8039

2019年 07月 25日 星期四 02:28:20 CST
             total       used       free     shared    buffers     cached
Mem:         15945      14695       1250          0         81       9654
-/+ buffers/cache:       4959      10986
Swap:         8039          0       8039

2019年 07月 25日 星期四 02:28:24 CST
             total       used       free     shared    buffers     cached
Mem:         15945      15574        370          0         81       9592
-/+ buffers/cache:       5900      10044
Swap:         8039          0       8039

2019年 07月 25日 星期四 02:28:28 CST
             total       used       free     shared    buffers     cached
Mem:         15945      15782        162          0         81       9174
-/+ buffers/cache:       6527       9418
Swap:         8039          0       8039

2019年 07月 25日 星期四 02:28:32 CST
             total       used       free     shared    buffers     cached
Mem:         15945      15781        164          0         81       8778
-/+ buffers/cache:       6920       9024
Swap:         8039          0       8039

2019年 07月 25日 星期四 02:28:36 CST
             total       used       free     shared    buffers     cached
Mem:         15945      15794        150          0         81       8587
-/+ buffers/cache:       7125       8819
Swap:         8039          0       8039

2019年 07月 25日 星期四 02:28:40 CST
             total       used       free     shared    buffers     cached
Mem:         15945      15771        174          0         81       8492
-/+ buffers/cache:       7197       8747
Swap:         8039          0       8039

2019年 07月 25日 星期四 02:28:44 CST
             total       used       free     shared    buffers     cached
Mem:         15945      15782        162          0         81       8411
-/+ buffers/cache:       7289       8656
Swap:         8039          0       8039

2019年 07月 25日 星期四 02:28:48 CST
             total       used       free     shared    buffers     cached
Mem:         15945      15794        151          0         81       8331
-/+ buffers/cache:       7381       8564
Swap:         8039          0       8039

2019年 07月 25日 星期四 02:28:52 CST
             total       used       free     shared    buffers     cached
Mem:         15945      15770        174          0         80       8219
-/+ buffers/cache:       7470       8475
Swap:         8039          0       8039

2019年 07月 25日 星期四 02:28:56 CST
             total       used       free     shared    buffers     cached
Mem:         15945      15772        173          0         80       8120
-/+ buffers/cache:       7571       8374
Swap:         8039          0       8039

2019年 07月 25日 星期四 02:29:00 CST
             total       used       free     shared    buffers     cached
Mem:         15945      15786        158          0         80       8002
-/+ buffers/cache:       7703       8242
Swap:         8039          0       8039

2019年 07月 25日 星期四 02:29:04 CST
             total       used       free     shared    buffers     cached
Mem:         15945      15775        169          0         80       7942
-/+ buffers/cache:       7752       8192
Swap:         8039          0       8039

2019年 07月 25日 星期四 02:29:08 CST
             total       used       free     shared    buffers     cached
Mem:         15945      13262       2683          0         80       8187
-/+ buffers/cache:       4993      10951
Swap:         8039          0       8039

2019年 07月 25日 星期四 02:29:12 CST
             total       used       free     shared    buffers     cached
Mem:         15945      11871       4073          0         80       8671
-/+ buffers/cache:       3119      12826
Swap:         8039          0       8039

2019年 07月 25日 星期四 02:29:16 CST
             total       used       free     shared    buffers     cached
Mem:         15945      12183       3762          0         80       8482
-/+ buffers/cache:       3619      12325
Swap:         8039          0       8039

2019年 07月 25日 星期四 02:29:20 CST
             total       used       free     shared    buffers     cached
Mem:         15945      13122       2822          0         80       8792
-/+ buffers/cache:       4248      11696
Swap:         8039          0       8039

2019年 07月 25日 星期四 02:29:24 CST
             total       used       free     shared    buffers     cached
Mem:         15945      13959       1985          0         80       9039
-/+ buffers/cache:       4839      11106
Swap:         8039          0       8039

2019年 07月 25日 星期四 02:29:28 CST
             total       used       free     shared    buffers     cached
Mem:         15945      14312       1633          0         81       9183
-/+ buffers/cache:       5046      10898
Swap:         8039          0       8039

2019年 07月 25日 星期四 02:29:32 CST
             total       used       free     shared    buffers     cached
Mem:         15945      13510       2434          0         81       9315
-/+ buffers/cache:       4113      11832
Swap:         8039          0       8039

2019年 07月 25日 星期四 02:29:36 CST
             total       used       free     shared    buffers     cached
Mem:         15945      13360       2584          0         81       8712
-/+ buffers/cache:       4566      11378
Swap:         8039          0       8039

2019年 07月 25日 星期四 02:29:40 CST
             total       used       free     shared    buffers     cached
Mem:         15945      14284       1661          0         81       8776
-/+ buffers/cache:       5426      10519
Swap:         8039          0       8039

2019年 07月 25日 星期四 02:29:44 CST
             total       used       free     shared    buffers     cached
Mem:         15945      15162        783          0         81       8807
-/+ buffers/cache:       6273       9672
Swap:         8039          0       8039

2019年 07月 25日 星期四 02:29:49 CST
             total       used       free     shared    buffers     cached
Mem:         15945      15025        920          0         81       8809
-/+ buffers/cache:       6134       9811
Swap:         8039          0       8039

2019年 07月 25日 星期四 02:29:53 CST
             total       used       free     shared    buffers     cached
Mem:         15945      15173        772          0         81       8807
-/+ buffers/cache:       6284       9661
Swap:         8039          0       8039

2019年 07月 25日 星期四 02:29:57 CST
             total       used       free     shared    buffers     cached
Mem:         15945      15294        650          0         81       8836
-/+ buffers/cache:       6377       9568
Swap:         8039          0       8039

2019年 07月 25日 星期四 02:30:01 CST
             total       used       free     shared    buffers     cached
Mem:         15945      13724       2221          0         81       8804
-/+ buffers/cache:       4838      11106
Swap:         8039          0       8039

2019年 07月 25日 星期四 02:30:05 CST
             total       used       free     shared    buffers     cached
Mem:         15945      13752       2192          0         81       8804
-/+ buffers/cache:       4866      11079
Swap:         8039          0       8039

2019年 07月 25日 星期四 02:30:09 CST
             total       used       free     shared    buffers     cached
Mem:         15945      13726       2219          0         81       8626
-/+ buffers/cache:       5018      10927
Swap:         8039          0       8039

2019年 07月 25日 星期四 02:30:13 CST
             total       used       free     shared    buffers     cached
Mem:         15945      13773       2172          0         81       8627
-/+ buffers/cache:       5064      10881
Swap:         8039          0       8039

2019年 07月 25日 星期四 02:30:17 CST
             total       used       free     shared    buffers     cached
Mem:         15945      13777       2168          0         81       8628
-/+ buffers/cache:       5067      10877
Swap:         8039          0       8039

2019年 07月 25日 星期四 02:30:21 CST
             total       used       free     shared    buffers     cached
Mem:         15945      14268       1676          0         81       8997
-/+ buffers/cache:       5190      10755
Swap:         8039          0       8039

2019年 07月 25日 星期四 02:30:25 CST
             total       used       free     shared    buffers     cached
Mem:         15945      12887       3058          0         81       8978
-/+ buffers/cache:       3827      12118
Swap:         8039          0       8039

2019年 07月 25日 星期四 02:30:29 CST
             total       used       free     shared    buffers     cached
Mem:         15945      12293       3652          0         81       9516
-/+ buffers/cache:       2694      13251
Swap:         8039          0       8039

2019年 07月 25日 星期四 02:30:33 CST
             total       used       free     shared    buffers     cached
Mem:         15945      13099       2845          0         81       9677
-/+ buffers/cache:       3340      12604
Swap:         8039          0       8039

2019年 07月 25日 星期四 02:30:37 CST
             total       used       free     shared    buffers     cached
Mem:         15945      13667       2278          0         81       9677
-/+ buffers/cache:       3907      12037
Swap:         8039          0       8039

2019年 07月 25日 星期四 02:30:41 CST
             total       used       free     shared    buffers     cached
Mem:         15945      14215       1729          0         81       9677
-/+ buffers/cache:       4456      11488
Swap:         8039          0       8039

2019年 07月 25日 星期四 02:30:45 CST
             total       used       free     shared    buffers     cached
Mem:         15945      14755       1190          0         81       9695
-/+ buffers/cache:       4978      10967
Swap:         8039          0       8039

2019年 07月 25日 星期四 02:30:49 CST
             total       used       free     shared    buffers     cached
Mem:         15945      14974        970          0         81       9723
-/+ buffers/cache:       5169      10776
Swap:         8039          0       8039

2019年 07月 25日 星期四 02:30:53 CST
             total       used       free     shared    buffers     cached
Mem:         15945      14973        971          0         81       9723
-/+ buffers/cache:       5168      10777
Swap:         8039          0       8039

2019年 07月 25日 星期四 02:30:57 CST
             total       used       free     shared    buffers     cached
Mem:         15945      14929       1015          0         81       9543
-/+ buffers/cache:       5304      10641
Swap:         8039          0       8039

2019年 07月 25日 星期四 02:31:01 CST
             total       used       free     shared    buffers     cached
Mem:         15945      15326        619          0         81       9724
-/+ buffers/cache:       5519      10425
Swap:         8039          0       8039

2019年 07月 25日 星期四 02:31:05 CST
             total       used       free     shared    buffers     cached
Mem:         15945      15775        170          0         81       9877
-/+ buffers/cache:       5815      10129
Swap:         8039          0       8039

2019年 07月 25日 星期四 02:31:09 CST
             total       used       free     shared    buffers     cached
Mem:         15945      15775        170          0         81       9824
-/+ buffers/cache:       5868      10076
Swap:         8039          0       8039

2019年 07月 25日 星期四 02:31:13 CST
             total       used       free     shared    buffers     cached
Mem:         15945      14624       1321          0         81       9742
-/+ buffers/cache:       4800      11145
Swap:         8039          0       8039

2019年 07月 25日 星期四 02:31:17 CST
             total       used       free     shared    buffers     cached
Mem:         15945      14996        949          0         81       9826
-/+ buffers/cache:       5088      10857
Swap:         8039          0       8039

2019年 07月 25日 星期四 02:31:21 CST
             total       used       free     shared    buffers     cached
Mem:         15945      15775        170          0         81      10114
-/+ buffers/cache:       5578      10366
Swap:         8039          0       8039

2019年 07月 25日 星期四 02:31:25 CST
             total       used       free     shared    buffers     cached
Mem:         15945      15781        163          0         81       9708
-/+ buffers/cache:       5991       9953
Swap:         8039          0       8039

2019年 07月 25日 星期四 02:31:29 CST
             total       used       free     shared    buffers     cached
Mem:         15945      15793        152          0         81       9260
-/+ buffers/cache:       6450       9495
Swap:         8039          0       8039

2019年 07月 25日 星期四 02:31:33 CST
             total       used       free     shared    buffers     cached
Mem:         15945      14011       1934          0         81       9233
-/+ buffers/cache:       4696      11249
Swap:         8039          0       8039

2019年 07月 25日 星期四 02:31:37 CST
             total       used       free     shared    buffers     cached
Mem:         15945      14230       1714          0         81       9066
-/+ buffers/cache:       5082      10862
Swap:         8039          0       8039

2019年 07月 25日 星期四 02:31:41 CST
             total       used       free     shared    buffers     cached
Mem:         15945      14243       1702          0         81       9092
-/+ buffers/cache:       5068      10876
Swap:         8039          0       8039

2019年 07月 25日 星期四 02:31:45 CST
             total       used       free     shared    buffers     cached
Mem:         15945      14354       1591          0         82       9492
-/+ buffers/cache:       4779      11166
Swap:         8039          0       8039

2019年 07月 25日 星期四 02:31:50 CST
             total       used       free     shared    buffers     cached
Mem:         15945      14159       1785          0         82       9431
-/+ buffers/cache:       4646      11299
Swap:         8039          0       8039

2019年 07月 25日 星期四 02:31:54 CST
             total       used       free     shared    buffers     cached
Mem:         15945      14485       1459          0         82       9462
-/+ buffers/cache:       4940      11004
Swap:         8039          0       8039

2019年 07月 25日 星期四 02:31:58 CST
             total       used       free     shared    buffers     cached
Mem:         15945      14855       1089          0         82       9500
-/+ buffers/cache:       5273      10672
Swap:         8039          0       8039

2019年 07月 25日 星期四 02:32:03 CST
             total       used       free     shared    buffers     cached
Mem:         15945      14574       1371          0         82       9651
-/+ buffers/cache:       4840      11104
Swap:         8039          0       8039

2019年 07月 25日 星期四 02:32:07 CST
             total       used       free     shared    buffers     cached
Mem:         15945      14639       1306          0         82       9514
-/+ buffers/cache:       5042      10903
Swap:         8039          0       8039

2019年 07月 25日 星期四 02:32:11 CST
             total       used       free     shared    buffers     cached
Mem:         15945      14932       1012          0         82       9515
-/+ buffers/cache:       5335      10610
Swap:         8039          0       8039

2019年 07月 25日 星期四 02:32:15 CST
             total       used       free     shared    buffers     cached
Mem:         15945      15058        887          0         82       9519
-/+ buffers/cache:       5456      10488
Swap:         8039          0       8039

2019年 07月 25日 星期四 02:32:19 CST
             total       used       free     shared    buffers     cached
Mem:         15945      15204        741          0         82       9527
-/+ buffers/cache:       5594      10350
Swap:         8039          0       8039

2019年 07月 25日 星期四 02:32:23 CST
             total       used       free     shared    buffers     cached
Mem:         15945      15229        715          0         82       9508
-/+ buffers/cache:       5638      10306
Swap:         8039          0       8039

2019年 07月 25日 星期四 02:32:27 CST
             total       used       free     shared    buffers     cached
Mem:         15945      15122        822          0         82       9336
-/+ buffers/cache:       5703      10242
Swap:         8039          0       8039

2019年 07月 25日 星期四 02:32:31 CST
             total       used       free     shared    buffers     cached
Mem:         15945      15415        530          0         82       9336
-/+ buffers/cache:       5995       9949
Swap:         8039          0       8039

2019年 07月 25日 星期四 02:32:35 CST
             total       used       free     shared    buffers     cached
Mem:         15945      15790        154          0         82       9338
-/+ buffers/cache:       6369       9575
Swap:         8039          0       8039

2019年 07月 25日 星期四 02:32:39 CST
             total       used       free     shared    buffers     cached
Mem:         15945      15790        155          0         82       9170
-/+ buffers/cache:       6537       9408
Swap:         8039          0       8039

2019年 07月 25日 星期四 02:32:43 CST
             total       used       free     shared    buffers     cached
Mem:         15945      15787        158          0         82       9059
-/+ buffers/cache:       6645       9300
Swap:         8039          0       8039

2019年 07月 25日 星期四 02:32:47 CST
             total       used       free     shared    buffers     cached
Mem:         15945      15724        221          0         82       8943
-/+ buffers/cache:       6698       9246
Swap:         8039          0       8039

2019年 07月 25日 星期四 02:32:51 CST
             total       used       free     shared    buffers     cached
Mem:         15945      13698       2247          0         82       8911
-/+ buffers/cache:       4704      11240
Swap:         8039          0       8039

2019年 07月 25日 星期四 02:32:55 CST
             total       used       free     shared    buffers     cached
Mem:         15945      14306       1639          0         82       8911
-/+ buffers/cache:       5312      10632
Swap:         8039          0       8039

2019年 07月 25日 星期四 02:32:59 CST
             total       used       free     shared    buffers     cached
Mem:         15945      15043        901          0         82       8767
-/+ buffers/cache:       6193       9752
Swap:         8039          0       8039

2019年 07月 25日 星期四 02:33:03 CST
             total       used       free     shared    buffers     cached
Mem:         15945      15332        612          0         82       8805
-/+ buffers/cache:       6444       9500
Swap:         8039          0       8039

2019年 07月 25日 星期四 02:33:07 CST
             total       used       free     shared    buffers     cached
Mem:         15945      15397        547          0         82       8839
-/+ buffers/cache:       6475       9469
Swap:         8039          0       8039

2019年 07月 25日 星期四 02:33:11 CST
             total       used       free     shared    buffers     cached
Mem:         15945      15444        501          0         82       8858
-/+ buffers/cache:       6503       9442
Swap:         8039          0       8039

2019年 07月 25日 星期四 02:33:15 CST
             total       used       free     shared    buffers     cached
Mem:         15945      15483        462          0         82       8861
-/+ buffers/cache:       6539       9406
Swap:         8039          0       8039

2019年 07月 25日 星期四 02:33:19 CST
             total       used       free     shared    buffers     cached
Mem:         15945      15611        334          0         82       8942
-/+ buffers/cache:       6586       9358
Swap:         8039          0       8039

2019年 07月 25日 星期四 02:33:23 CST
             total       used       free     shared    buffers     cached
Mem:         15945      15786        158          0         82       9061
-/+ buffers/cache:       6642       9303
Swap:         8039          0       8039

2019年 07月 25日 星期四 02:33:27 CST
             total       used       free     shared    buffers     cached
Mem:         15945      14925       1020          0         82       9186
-/+ buffers/cache:       5656      10289
Swap:         8039          0       8039

2019年 07月 25日 星期四 02:33:31 CST
             total       used       free     shared    buffers     cached
Mem:         15945      13654       2291          0         82       8910
-/+ buffers/cache:       4661      11284
Swap:         8039          0       8039

2019年 07月 25日 星期四 02:33:35 CST
             total       used       free     shared    buffers     cached
Mem:         15945      14234       1711          0         82       9005
-/+ buffers/cache:       5146      10799
Swap:         8039          0       8039

2019年 07月 25日 星期四 02:33:39 CST
             total       used       free     shared    buffers     cached
Mem:         15945      12627       3317          0         82       8956
-/+ buffers/cache:       3588      12357
Swap:         8039          0       8039

2019年 07月 25日 星期四 02:33:43 CST
             total       used       free     shared    buffers     cached
Mem:         15945      13228       2716          0         82       9352
-/+ buffers/cache:       3793      12152
Swap:         8039          0       8039

2019年 07月 25日 星期四 02:33:47 CST
             total       used       free     shared    buffers     cached
Mem:         15945      13975       1970          0         82       9772
-/+ buffers/cache:       4120      11825
Swap:         8039          0       8039

2019年 07月 25日 星期四 02:33:51 CST
             total       used       free     shared    buffers     cached
Mem:         15945      14259       1686          0         82       9739
-/+ buffers/cache:       4436      11508
Swap:         8039          0       8039

2019年 07月 25日 星期四 02:33:55 CST
             total       used       free     shared    buffers     cached
Mem:         15945      14702       1242          0         82       9884
-/+ buffers/cache:       4735      11210
Swap:         8039          0       8039

2019年 07月 25日 星期四 02:33:59 CST
             total       used       free     shared    buffers     cached
Mem:         15945      15077        868          0         82       9946
-/+ buffers/cache:       5048      10897
Swap:         8039          0       8039

2019年 07月 25日 星期四 02:34:03 CST
             total       used       free     shared    buffers     cached
Mem:         15945      15356        589          0         82      10028
-/+ buffers/cache:       5244      10700
Swap:         8039          0       8039

2019年 07月 25日 星期四 02:34:08 CST
             total       used       free     shared    buffers     cached
Mem:         15945      15675        270          0         82      10091
-/+ buffers/cache:       5501      10444
Swap:         8039          0       8039

2019年 07月 25日 星期四 02:34:12 CST
             total       used       free     shared    buffers     cached
Mem:         15945      15781        163          0         82      10042
-/+ buffers/cache:       5656      10289
Swap:         8039          0       8039

2019年 07月 25日 星期四 02:34:16 CST
             total       used       free     shared    buffers     cached
Mem:         15945      15787        157          0         82       9978
-/+ buffers/cache:       5726      10219
Swap:         8039          0       8039

2019年 07月 25日 星期四 02:34:20 CST
             total       used       free     shared    buffers     cached
Mem:         15945      15456        489          0         82      10050
-/+ buffers/cache:       5322      10622
Swap:         8039          0       8039

2019年 07月 25日 星期四 02:34:24 CST
             total       used       free     shared    buffers     cached
Mem:         15945      15785        159          0         82      10031
-/+ buffers/cache:       5671      10273
Swap:         8039          0       8039

2019年 07月 25日 星期四 02:34:28 CST
             total       used       free     shared    buffers     cached
Mem:         15945      15784        161          0         82       9753
-/+ buffers/cache:       5948       9997
Swap:         8039          0       8039

2019年 07月 25日 星期四 02:34:32 CST
             total       used       free     shared    buffers     cached
Mem:         15945      15365        580          0         82       9406
-/+ buffers/cache:       5875      10070
Swap:         8039          0       8039

2019年 07月 25日 星期四 02:34:36 CST
             total       used       free     shared    buffers     cached
Mem:         15945      13246       2698          0         82       9226
-/+ buffers/cache:       3937      12008
Swap:         8039          0       8039

2019年 07月 25日 星期四 02:34:40 CST
             total       used       free     shared    buffers     cached
Mem:         15945      13774       2171          0         82       9233
-/+ buffers/cache:       4457      11488
Swap:         8039          0       8039

2019年 07月 25日 星期四 02:34:44 CST
             total       used       free     shared    buffers     cached
Mem:         15945      13949       1996          0         82       9234
-/+ buffers/cache:       4632      11313
Swap:         8039          0       8039

2019年 07月 25日 星期四 02:34:48 CST
             total       used       free     shared    buffers     cached
Mem:         15945      13699       2245          0         82       9480
-/+ buffers/cache:       4136      11809
Swap:         8039          0       8039

2019年 07月 25日 星期四 02:34:52 CST
             total       used       free     shared    buffers     cached
Mem:         15945      13701       2244          0         82       9509
-/+ buffers/cache:       4108      11836
Swap:         8039          0       8039

2019年 07月 25日 星期四 02:34:56 CST
             total       used       free     shared    buffers     cached
Mem:         15945      13747       2198          0         82       9325
-/+ buffers/cache:       4338      11606
Swap:         8039          0       8039

2019年 07月 25日 星期四 02:35:00 CST
             total       used       free     shared    buffers     cached
Mem:         15945      14091       1853          0         83       9346
-/+ buffers/cache:       4662      11283
Swap:         8039          0       8039

2019年 07月 25日 星期四 02:35:04 CST
             total       used       free     shared    buffers     cached
Mem:         15945      14456       1488          0         83       9347
-/+ buffers/cache:       5026      10918
Swap:         8039          0       8039

2019年 07月 25日 星期四 02:35:08 CST
             total       used       free     shared    buffers     cached
Mem:         15945      14330       1614          0         83       9346
-/+ buffers/cache:       4901      11044
Swap:         8039          0       8039

2019年 07月 25日 星期四 02:35:12 CST
             total       used       free     shared    buffers     cached
Mem:         15945      14535       1410          0         83       9328
-/+ buffers/cache:       5123      10822
Swap:         8039          0       8039

2019年 07月 25日 星期四 02:35:16 CST
             total       used       free     shared    buffers     cached
Mem:         15945      14104       1841          0         83       9309
-/+ buffers/cache:       4712      11233
Swap:         8039          0       8039

2019年 07月 25日 星期四 02:35:20 CST
             total       used       free     shared    buffers     cached
Mem:         15945      14509       1436          0         83       9312
-/+ buffers/cache:       5113      10832
Swap:         8039          0       8039

2019年 07月 25日 星期四 02:35:24 CST
             total       used       free     shared    buffers     cached
Mem:         15945      14901       1044          0         83       9293
-/+ buffers/cache:       5524      10421
Swap:         8039          0       8039

2019年 07月 25日 星期四 02:35:28 CST
             total       used       free     shared    buffers     cached
Mem:         15945      12715       3230          0         83       9290
-/+ buffers/cache:       3341      12603
Swap:         8039          0       8039

2019年 07月 25日 星期四 02:35:32 CST
             total       used       free     shared    buffers     cached
Mem:         15945      13748       2196          0         83       9477
-/+ buffers/cache:       4188      11757
Swap:         8039          0       8039

2019年 07月 25日 星期四 02:35:36 CST
             total       used       free     shared    buffers     cached
Mem:         15945      14344       1600          0         83       9478
-/+ buffers/cache:       4782      11162
Swap:         8039          0       8039

2019年 07月 25日 星期四 02:35:40 CST
             total       used       free     shared    buffers     cached
Mem:         15945      15260        685          0         83       9488
-/+ buffers/cache:       5689      10256
Swap:         8039          0       8039

2019年 07月 25日 星期四 02:35:44 CST
             total       used       free     shared    buffers     cached
Mem:         15945      15797        148          0         83       9207
-/+ buffers/cache:       6506       9439
Swap:         8039          0       8039

2019年 07月 25日 星期四 02:35:48 CST
             total       used       free     shared    buffers     cached
Mem:         15945      15777        168          0         83       9032
-/+ buffers/cache:       6661       9283
Swap:         8039          0       8039

2019年 07月 25日 星期四 02:35:52 CST
             total       used       free     shared    buffers     cached
Mem:         15945      14073       1871          0         83       9012
-/+ buffers/cache:       4977      10968
Swap:         8039          0       8039

2019年 07月 25日 星期四 02:35:56 CST
             total       used       free     shared    buffers     cached
Mem:         15945      14887       1058          0         83       9198
-/+ buffers/cache:       5605      10340
Swap:         8039          0       8039

2019年 07月 25日 星期四 02:36:00 CST
             total       used       free     shared    buffers     cached
Mem:         15945      15468        476          0         83       9224
-/+ buffers/cache:       6161       9784
Swap:         8039          0       8039

2019年 07月 25日 星期四 02:36:04 CST
             total       used       free     shared    buffers     cached
Mem:         15945      14467       1477          0         83       9042
-/+ buffers/cache:       5341      10603
Swap:         8039          0       8039

2019年 07月 25日 星期四 02:36:08 CST
             total       used       free     shared    buffers     cached
Mem:         15945      14758       1187          0         83       9050
-/+ buffers/cache:       5624      10321
Swap:         8039          0       8039

2019年 07月 25日 星期四 02:36:12 CST
             total       used       free     shared    buffers     cached
Mem:         15945      14584       1361          0         83       9072
-/+ buffers/cache:       5428      10517
Swap:         8039          0       8039

2019年 07月 25日 星期四 02:36:16 CST
             total       used       free     shared    buffers     cached
Mem:         15945      15385        560          0         83       9125
-/+ buffers/cache:       6176       9769
Swap:         8039          0       8039

2019年 07月 25日 星期四 02:36:20 CST
             total       used       free     shared    buffers     cached
Mem:         15945      13868       2077          0         83       8738
-/+ buffers/cache:       5046      10899
Swap:         8039          0       8039

2019年 07月 25日 星期四 02:36:25 CST
             total       used       free     shared    buffers     cached
Mem:         15945      14187       1758          0         83       8778
-/+ buffers/cache:       5325      10620
Swap:         8039          0       8039

2019年 07月 25日 星期四 02:36:29 CST
             total       used       free     shared    buffers     cached
Mem:         15945      14407       1537          0         83       8838
-/+ buffers/cache:       5485      10459
Swap:         8039          0       8039

2019年 07月 25日 星期四 02:36:33 CST
             total       used       free     shared    buffers     cached
Mem:         15945      14682       1263          0         83       8842
-/+ buffers/cache:       5756      10189
Swap:         8039          0       8039

2019年 07月 25日 星期四 02:36:37 CST
             total       used       free     shared    buffers     cached
Mem:         15945      15115        829          0         83       8868
-/+ buffers/cache:       6163       9781
Swap:         8039          0       8039

2019年 07月 25日 星期四 02:36:41 CST
             total       used       free     shared    buffers     cached
Mem:         15945      15566        379          0         83       8912
-/+ buffers/cache:       6570       9374
Swap:         8039          0       8039

2019年 07月 25日 星期四 02:36:45 CST
             total       used       free     shared    buffers     cached
Mem:         15945      13300       2645          0         83       8754
-/+ buffers/cache:       4461      11483
Swap:         8039          0       8039

2019年 07月 25日 星期四 02:36:49 CST
             total       used       free     shared    buffers     cached
Mem:         15945      13541       2404          0         83       8774
-/+ buffers/cache:       4683      11261
Swap:         8039          0       8039

2019年 07月 25日 星期四 02:36:53 CST
             total       used       free     shared    buffers     cached
Mem:         15945      14350       1594          0         83       8780
-/+ buffers/cache:       5486      10458
Swap:         8039          0       8039

2019年 07月 25日 星期四 02:36:57 CST
             total       used       free     shared    buffers     cached
Mem:         15945      13248       2696          0         83       8787
-/+ buffers/cache:       4377      11568
Swap:         8039          0       8039

2019年 07月 25日 星期四 02:37:01 CST
             total       used       free     shared    buffers     cached
Mem:         15945      12521       3424          0         83       9009
-/+ buffers/cache:       3427      12517
Swap:         8039          0       8039

2019年 07月 25日 星期四 02:37:05 CST
             total       used       free     shared    buffers     cached
Mem:         15945      13129       2815          0         83       9085
-/+ buffers/cache:       3960      11984
Swap:         8039          0       8039

2019年 07月 25日 星期四 02:37:09 CST
             total       used       free     shared    buffers     cached
Mem:         15945      12873       3072          0         83       8449
-/+ buffers/cache:       4340      11605
Swap:         8039          0       8039

2019年 07月 25日 星期四 02:37:13 CST
             total       used       free     shared    buffers     cached
Mem:         15945      12325       3619          0         83       8253
-/+ buffers/cache:       3988      11957
Swap:         8039          0       8039

2019年 07月 25日 星期四 02:37:17 CST
             total       used       free     shared    buffers     cached
Mem:         15945      12853       3091          0         83       8256
-/+ buffers/cache:       4513      11431
Swap:         8039          0       8039

2019年 07月 25日 星期四 02:37:21 CST
             total       used       free     shared    buffers     cached
Mem:         15945      13142       2803          0         83       8256
-/+ buffers/cache:       4801      11143
Swap:         8039          0       8039

2019年 07月 25日 星期四 02:37:25 CST
             total       used       free     shared    buffers     cached
Mem:         15945      13429       2515          0         83       8257
-/+ buffers/cache:       5088      10857
Swap:         8039          0       8039

2019年 07月 25日 星期四 02:37:29 CST
             total       used       free     shared    buffers     cached
Mem:         15945      12716       3229          0         83       8256
-/+ buffers/cache:       4375      11569
Swap:         8039          0       8039

2019年 07月 25日 星期四 02:37:33 CST
             total       used       free     shared    buffers     cached
Mem:         15945      12976       2968          0         83       8238
-/+ buffers/cache:       4654      11291
Swap:         8039          0       8039

2019年 07月 25日 星期四 02:37:37 CST
             total       used       free     shared    buffers     cached
Mem:         15945      13318       2627          0         83       8239
-/+ buffers/cache:       4995      10950
Swap:         8039          0       8039

2019年 07月 25日 星期四 02:37:41 CST
             total       used       free     shared    buffers     cached
Mem:         15945      13660       2285          0         83       8057
-/+ buffers/cache:       5519      10426
Swap:         8039          0       8039

2019年 07月 25日 星期四 02:37:45 CST
             total       used       free     shared    buffers     cached
Mem:         15945      13093       2851          0         83       8056
-/+ buffers/cache:       4953      10992
Swap:         8039          0       8039

2019年 07月 25日 星期四 02:37:49 CST
             total       used       free     shared    buffers     cached
Mem:         15945      12390       3554          0         83       8077
-/+ buffers/cache:       4229      11715
Swap:         8039          0       8039

2019年 07月 25日 星期四 02:37:53 CST
             total       used       free     shared    buffers     cached
Mem:         15945      12096       3849          0         83       8076
-/+ buffers/cache:       3936      12009
Swap:         8039          0       8039

2019年 07月 25日 星期四 02:37:57 CST
             total       used       free     shared    buffers     cached
Mem:         15945      12002       3943          0         83       7842
-/+ buffers/cache:       4076      11869
Swap:         8039          0       8039

2019年 07月 25日 星期四 02:38:01 CST
             total       used       free     shared    buffers     cached
Mem:         15945      10803       5141          0         83       7821
-/+ buffers/cache:       2898      13047
Swap:         8039          0       8039

2019年 07月 25日 星期四 02:38:05 CST
             total       used       free     shared    buffers     cached
Mem:         15945      10860       5085          0         83       7823
-/+ buffers/cache:       2953      12992
Swap:         8039          0       8039

2019年 07月 25日 星期四 02:38:09 CST
             total       used       free     shared    buffers     cached
Mem:         15945      10944       5001          0         83       7785
-/+ buffers/cache:       3075      12870
Swap:         8039          0       8039

2019年 07月 25日 星期四 02:38:13 CST
             total       used       free     shared    buffers     cached
Mem:         15945      10965       4980          0         83       7785
-/+ buffers/cache:       3096      12849
Swap:         8039          0       8039

2019年 07月 25日 星期四 02:38:17 CST
             total       used       free     shared    buffers     cached
Mem:         15945      10968       4977          0         83       7785
-/+ buffers/cache:       3098      12846
Swap:         8039          0       8039

2019年 07月 25日 星期四 02:38:21 CST
             total       used       free     shared    buffers     cached
Mem:         15945      11020       4925          0         83       7786
-/+ buffers/cache:       3150      12795
Swap:         8039          0       8039

2019年 07月 25日 星期四 02:38:25 CST
             total       used       free     shared    buffers     cached
Mem:         15945      10415       5530          0         83       7785
-/+ buffers/cache:       2545      13399
Swap:         8039          0       8039

2019年 07月 25日 星期四 02:38:29 CST
             total       used       free     shared    buffers     cached
Mem:         15945      10397       5547          0         83       7766
-/+ buffers/cache:       2547      13398
Swap:         8039          0       8039

2019年 07月 25日 星期四 02:38:33 CST
             total       used       free     shared    buffers     cached
Mem:         15945      10409       5535          0         83       7766
-/+ buffers/cache:       2559      13386
Swap:         8039          0       8039

2019年 07月 25日 星期四 02:38:38 CST
             total       used       free     shared    buffers     cached
Mem:         15945      10408       5536          0         83       7766
-/+ buffers/cache:       2557      13387
Swap:         8039          0       8039

2019年 07月 25日 星期四 02:38:42 CST
             total       used       free     shared    buffers     cached
Mem:         15945       9809       6135          0         83       7747
-/+ buffers/cache:       1978      13966
Swap:         8039          0       8039

2019年 07月 25日 星期四 02:38:46 CST
             total       used       free     shared    buffers     cached
Mem:         15945       9808       6136          0         83       7746
-/+ buffers/cache:       1977      13967
Swap:         8039          0       8039

