
2019年 07月 25日 星期四 02:22:37 CST
             total       used       free     shared    buffers     cached
Mem:         15945       8803       7141          0         79       6737
-/+ buffers/cache:       1985      13959
Swap:         8039          0       8039

2019年 07月 25日 星期四 02:22:41 CST
             total       used       free     shared    buffers     cached
Mem:         15945       8804       7141          0         79       6737
-/+ buffers/cache:       1986      13958
Swap:         8039          0       8039

2019年 07月 25日 星期四 02:22:45 CST
             total       used       free     shared    buffers     cached
Mem:         15945       8804       7141          0         79       6737
-/+ buffers/cache:       1986      13958
Swap:         8039          0       8039

2019年 07月 25日 星期四 02:22:49 CST
             total       used       free     shared    buffers     cached
Mem:         15945       8804       7141          0         79       6737
-/+ buffers/cache:       1986      13958
Swap:         8039          0       8039

2019年 07月 25日 星期四 02:22:53 CST
             total       used       free     shared    buffers     cached
Mem:         15945       8804       7140          0         79       6737
-/+ buffers/cache:       1986      13958
Swap:         8039          0       8039

2019年 07月 25日 星期四 02:22:57 CST
             total       used       free     shared    buffers     cached
Mem:         15945       8866       7078          0         79       6800
-/+ buffers/cache:       1986      13958
Swap:         8039          0       8039

2019年 07月 25日 星期四 02:23:01 CST
             total       used       free     shared    buffers     cached
Mem:         15945       9217       6728          0         79       7018
-/+ buffers/cache:       2118      13826
Swap:         8039          0       8039

2019年 07月 25日 星期四 02:23:05 CST
             total       used       free     shared    buffers     cached
Mem:         15945       9786       6159          0         79       7336
-/+ buffers/cache:       2369      13576
Swap:         8039          0       8039

2019年 07月 25日 星期四 02:23:09 CST
             total       used       free     shared    buffers     cached
Mem:         15945      10465       5479          0         79       7626
-/+ buffers/cache:       2759      13185
Swap:         8039          0       8039

2019年 07月 25日 星期四 02:23:13 CST
             total       used       free     shared    buffers     cached
Mem:         15945      11148       4796          0         79       7909
-/+ buffers/cache:       3159      12786
Swap:         8039          0       8039

2019年 07月 25日 星期四 02:23:17 CST
             total       used       free     shared    buffers     cached
Mem:         15945      11683       4262          0         79       8183
-/+ buffers/cache:       3419      12526
Swap:         8039          0       8039

2019年 07月 25日 星期四 02:23:21 CST
             total       used       free     shared    buffers     cached
Mem:         15945      12386       3558          0         79       8415
-/+ buffers/cache:       3891      12054
Swap:         8039          0       8039

2019年 07月 25日 星期四 02:23:25 CST
             total       used       free     shared    buffers     cached
Mem:         15945      13233       2712          0         80       8452
-/+ buffers/cache:       4700      11244
Swap:         8039          0       8039

2019年 07月 25日 星期四 02:23:29 CST
             total       used       free     shared    buffers     cached
Mem:         15945      13026       2919          0         80       8454
-/+ buffers/cache:       4492      11453
Swap:         8039          0       8039

2019年 07月 25日 星期四 02:23:33 CST
             total       used       free     shared    buffers     cached
Mem:         15945      12167       3778          0         80       8878
-/+ buffers/cache:       3208      12736
Swap:         8039          0       8039

2019年 07月 25日 星期四 02:23:37 CST
             total       used       free     shared    buffers     cached
Mem:         15945      12456       3489          0         80       9137
-/+ buffers/cache:       3239      12706
Swap:         8039          0       8039

2019年 07月 25日 星期四 02:23:41 CST
             total       used       free     shared    buffers     cached
Mem:         15945      12878       3066          0         80       9117
-/+ buffers/cache:       3681      12264
Swap:         8039          0       8039

2019年 07月 25日 星期四 02:23:46 CST
             total       used       free     shared    buffers     cached
Mem:         15945      13181       2764          0         80       9117
-/+ buffers/cache:       3983      11961
Swap:         8039          0       8039

2019年 07月 25日 星期四 02:23:50 CST
             total       used       free     shared    buffers     cached
Mem:         15945      13627       2318          0         80       9118
-/+ buffers/cache:       4428      11516
Swap:         8039          0       8039

2019年 07月 25日 星期四 02:23:54 CST
             total       used       free     shared    buffers     cached
Mem:         15945      13784       2160          0         80       9118
-/+ buffers/cache:       4585      11359
Swap:         8039          0       8039

2019年 07月 25日 星期四 02:23:58 CST
             total       used       free     shared    buffers     cached
Mem:         15945      14344       1600          0         80       9119
-/+ buffers/cache:       5145      10800
Swap:         8039          0       8039

2019年 07月 25日 星期四 02:24:02 CST
             total       used       free     shared    buffers     cached
Mem:         15945      14409       1536          0         80       9119
-/+ buffers/cache:       5209      10736
Swap:         8039          0       8039

2019年 07月 25日 星期四 02:24:06 CST
             total       used       free     shared    buffers     cached
Mem:         15945      14371       1574          0         80       9120
-/+ buffers/cache:       5170      10774
Swap:         8039          0       8039

2019年 07月 25日 星期四 02:24:10 CST
             total       used       free     shared    buffers     cached
Mem:         15945      14367       1578          0         80       9102
-/+ buffers/cache:       5185      10760
Swap:         8039          0       8039

2019年 07月 25日 星期四 02:24:14 CST
             total       used       free     shared    buffers     cached
Mem:         15945      13916       2029          0         80       9101
-/+ buffers/cache:       4734      11210
Swap:         8039          0       8039

2019年 07月 25日 星期四 02:24:18 CST
             total       used       free     shared    buffers     cached
Mem:         15945      14671       1274          0         80       9106
-/+ buffers/cache:       5485      10460
Swap:         8039          0       8039

2019年 07月 25日 星期四 02:24:22 CST
             total       used       free     shared    buffers     cached
Mem:         15945      14443       1502          0         80       9069
-/+ buffers/cache:       5293      10651
Swap:         8039          0       8039

2019年 07月 25日 星期四 02:24:26 CST
             total       used       free     shared    buffers     cached
Mem:         15945      13109       2835          0         80       8882
-/+ buffers/cache:       4147      11798
Swap:         8039          0       8039

2019年 07月 25日 星期四 02:24:30 CST
             total       used       free     shared    buffers     cached
Mem:         15945      13839       2106          0         80       8883
-/+ buffers/cache:       4875      11070
Swap:         8039          0       8039

2019年 07月 25日 星期四 02:24:34 CST
             total       used       free     shared    buffers     cached
Mem:         15945      14698       1246          0         80       8885
-/+ buffers/cache:       5732      10212
Swap:         8039          0       8039

2019年 07月 25日 星期四 02:24:38 CST
             total       used       free     shared    buffers     cached
Mem:         15945      15491        453          0         80       8890
-/+ buffers/cache:       6521       9424
Swap:         8039          0       8039

2019年 07月 25日 星期四 02:24:42 CST
             total       used       free     shared    buffers     cached
Mem:         15945      15781        164          0         80       8794
-/+ buffers/cache:       6906       9039
Swap:         8039          0       8039

2019年 07月 25日 星期四 02:24:46 CST
             total       used       free     shared    buffers     cached
Mem:         15945      15782        163          0         80       8710
-/+ buffers/cache:       6991       8954
Swap:         8039          0       8039

2019年 07月 25日 星期四 02:24:50 CST
             total       used       free     shared    buffers     cached
Mem:         15945      15789        156          0         80       8617
-/+ buffers/cache:       7091       8853
Swap:         8039          0       8039

2019年 07月 25日 星期四 02:24:54 CST
             total       used       free     shared    buffers     cached
Mem:         15945      15781        164          0         80       8354
-/+ buffers/cache:       7346       8598
Swap:         8039          0       8039

2019年 07月 25日 星期四 02:24:58 CST
             total       used       free     shared    buffers     cached
Mem:         15945      15789        156          0         80       8257
-/+ buffers/cache:       7451       8493
Swap:         8039          0       8039

2019年 07月 25日 星期四 02:25:02 CST
             total       used       free     shared    buffers     cached
Mem:         15945      14463       1482          0         80       8327
-/+ buffers/cache:       6056       9889
Swap:         8039          0       8039

2019年 07月 25日 星期四 02:25:06 CST
             total       used       free     shared    buffers     cached
Mem:         15945      15063        881          0         80       8746
-/+ buffers/cache:       6237       9708
Swap:         8039          0       8039

2019年 07月 25日 星期四 02:25:10 CST
             total       used       free     shared    buffers     cached
Mem:         15945      15378        566          0         80       8886
-/+ buffers/cache:       6411       9533
Swap:         8039          0       8039

2019年 07月 25日 星期四 02:25:14 CST
             total       used       free     shared    buffers     cached
Mem:         15945      15774        170          0         80       9018
-/+ buffers/cache:       6675       9269
Swap:         8039          0       8039

2019年 07月 25日 星期四 02:25:18 CST
             total       used       free     shared    buffers     cached
Mem:         15945      13981       1964          0         80       9053
-/+ buffers/cache:       4847      11098
Swap:         8039          0       8039

2019年 07月 25日 星期四 02:25:22 CST
             total       used       free     shared    buffers     cached
Mem:         15945      11639       4306          0         80       9450
-/+ buffers/cache:       2108      13836
Swap:         8039          0       8039

2019年 07月 25日 星期四 02:25:26 CST
             total       used       free     shared    buffers     cached
Mem:         15945      11932       4012          0         80       9424
-/+ buffers/cache:       2428      13517
Swap:         8039          0       8039

2019年 07月 25日 星期四 02:25:30 CST
             total       used       free     shared    buffers     cached
Mem:         15945      12724       3221          0         80       9324
-/+ buffers/cache:       3320      12625
Swap:         8039          0       8039

2019年 07月 25日 星期四 02:25:34 CST
             total       used       free     shared    buffers     cached
Mem:         15945      13428       2517          0         80       9633
-/+ buffers/cache:       3714      12231
Swap:         8039          0       8039

2019年 07月 25日 星期四 02:25:38 CST
             total       used       free     shared    buffers     cached
Mem:         15945      13999       1946          0         80       9669
-/+ buffers/cache:       4249      11695
Swap:         8039          0       8039

2019年 07月 25日 星期四 02:25:42 CST
             total       used       free     shared    buffers     cached
Mem:         15945      14387       1558          0         80       9512
-/+ buffers/cache:       4794      11151
Swap:         8039          0       8039

2019年 07月 25日 星期四 02:25:46 CST
             total       used       free     shared    buffers     cached
Mem:         15945      14947        998          0         80       9515
-/+ buffers/cache:       5352      10593
Swap:         8039          0       8039

2019年 07月 25日 星期四 02:25:50 CST
             total       used       free     shared    buffers     cached
Mem:         15945      15343        602          0         80       9519
-/+ buffers/cache:       5743      10202
Swap:         8039          0       8039

2019年 07月 25日 星期四 02:25:54 CST
             total       used       free     shared    buffers     cached
Mem:         15945      15786        159          0         80       9516
-/+ buffers/cache:       6189       9756
Swap:         8039          0       8039

2019年 07月 25日 星期四 02:25:58 CST
             total       used       free     shared    buffers     cached
Mem:         15945      15789        156          0         80       9354
-/+ buffers/cache:       6354       9591
Swap:         8039          0       8039

2019年 07月 25日 星期四 02:26:02 CST
             total       used       free     shared    buffers     cached
Mem:         15945      15779        166          0         80       9239
-/+ buffers/cache:       6459       9486
Swap:         8039          0       8039

2019年 07月 25日 星期四 02:26:06 CST
             total       used       free     shared    buffers     cached
Mem:         15945      15781        164          0         80       9167
-/+ buffers/cache:       6534       9411
Swap:         8039          0       8039

2019年 07月 25日 星期四 02:26:11 CST
             total       used       free     shared    buffers     cached
Mem:         15945      15784        161          0         80       9052
-/+ buffers/cache:       6651       9293
Swap:         8039          0       8039

2019年 07月 25日 星期四 02:26:15 CST
             total       used       free     shared    buffers     cached
Mem:         15945      14163       1781          0         80       8995
-/+ buffers/cache:       5088      10856
Swap:         8039          0       8039

2019年 07月 25日 星期四 02:26:19 CST
             total       used       free     shared    buffers     cached
Mem:         15945      14553       1391          0         80       9002
-/+ buffers/cache:       5471      10474
Swap:         8039          0       8039

2019年 07月 25日 星期四 02:26:23 CST
             total       used       free     shared    buffers     cached
Mem:         15945      15192        753          0         80       9047
-/+ buffers/cache:       6064       9881
Swap:         8039          0       8039

2019年 07月 25日 星期四 02:26:27 CST
             total       used       free     shared    buffers     cached
Mem:         15945      13672       2272          0         80       9270
-/+ buffers/cache:       4322      11623
Swap:         8039          0       8039

2019年 07月 25日 星期四 02:26:31 CST
             total       used       free     shared    buffers     cached
Mem:         15945      12981       2963          0         80       9083
-/+ buffers/cache:       3817      12127
Swap:         8039          0       8039

2019年 07月 25日 星期四 02:26:35 CST
             total       used       free     shared    buffers     cached
Mem:         15945      13899       2045          0         80       9211
-/+ buffers/cache:       4608      11337
Swap:         8039          0       8039

2019年 07月 25日 星期四 02:26:39 CST
             total       used       free     shared    buffers     cached
Mem:         15945      14701       1243          0         80       9212
-/+ buffers/cache:       5409      10536
Swap:         8039          0       8039

2019年 07月 25日 星期四 02:26:43 CST
             total       used       free     shared    buffers     cached
Mem:         15945      15404        541          0         80       9226
-/+ buffers/cache:       6097       9848
Swap:         8039          0       8039

2019年 07月 25日 星期四 02:26:47 CST
             total       used       free     shared    buffers     cached
Mem:         15945      14230       1714          0         80       9062
-/+ buffers/cache:       5088      10857
Swap:         8039          0       8039

2019年 07月 25日 星期四 02:26:51 CST
             total       used       free     shared    buffers     cached
Mem:         15945      14589       1356          0         80       9066
-/+ buffers/cache:       5442      10503
Swap:         8039          0       8039

2019年 07月 25日 星期四 02:26:55 CST
             total       used       free     shared    buffers     cached
Mem:         15945      15121        824          0         80       9089
-/+ buffers/cache:       5951       9994
Swap:         8039          0       8039

2019年 07月 25日 星期四 02:26:59 CST
             total       used       free     shared    buffers     cached
Mem:         15945      15603        341          0         80       9161
-/+ buffers/cache:       6361       9583
Swap:         8039          0       8039

2019年 07月 25日 星期四 02:27:03 CST
             total       used       free     shared    buffers     cached
Mem:         15945      15769        175          0         80       9162
-/+ buffers/cache:       6526       9418
Swap:         8039          0       8039

2019年 07月 25日 星期四 02:27:07 CST
             total       used       free     shared    buffers     cached
Mem:         15945      15778        167          0         80       9077
-/+ buffers/cache:       6620       9325
Swap:         8039          0       8039

2019年 07月 25日 星期四 02:27:11 CST
             total       used       free     shared    buffers     cached
Mem:         15945      15784        160          0         80       8902
-/+ buffers/cache:       6801       9143
Swap:         8039          0       8039

2019年 07月 25日 星期四 02:27:15 CST
             total       used       free     shared    buffers     cached
Mem:         15945      15792        152          0         80       8845
-/+ buffers/cache:       6866       9078
Swap:         8039          0       8039

2019年 07月 25日 星期四 02:27:19 CST
             total       used       free     shared    buffers     cached
Mem:         15945      14774       1170          0         80       9146
-/+ buffers/cache:       5548      10397
Swap:         8039          0       8039

2019年 07月 25日 星期四 02:27:23 CST
             total       used       free     shared    buffers     cached
Mem:         15945      14258       1686          0         80       9030
-/+ buffers/cache:       5148      10797
Swap:         8039          0       8039

2019年 07月 25日 星期四 02:27:27 CST
             total       used       free     shared    buffers     cached
Mem:         15945      14779       1166          0         80       9211
-/+ buffers/cache:       5487      10457
Swap:         8039          0       8039

2019年 07月 25日 星期四 02:27:31 CST
             total       used       free     shared    buffers     cached
Mem:         15945      12376       3569          0         80       9076
-/+ buffers/cache:       3219      12725
Swap:         8039          0       8039

2019年 07月 25日 星期四 02:27:35 CST
             total       used       free     shared    buffers     cached
Mem:         15945      12769       3176          0         80       9402
-/+ buffers/cache:       3286      12659
Swap:         8039          0       8039

2019年 07月 25日 星期四 02:27:39 CST
             total       used       free     shared    buffers     cached
Mem:         15945      13465       2479          0         80       9614
-/+ buffers/cache:       3770      12174
Swap:         8039          0       8039

2019年 07月 25日 星期四 02:27:44 CST
             total       used       free     shared    buffers     cached
Mem:         15945      14117       1828          0         80       9635
-/+ buffers/cache:       4401      11544
Swap:         8039          0       8039

2019年 07月 25日 星期四 02:27:48 CST
             total       used       free     shared    buffers     cached
Mem:         15945      14883       1062          0         80       9669
-/+ buffers/cache:       5133      10811
Swap:         8039          0       8039

2019年 07月 25日 星期四 02:27:52 CST
             total       used       free     shared    buffers     cached
Mem:         15945      14408       1537          0         80       9712
-/+ buffers/cache:       4614      11330
Swap:         8039          0       8039

2019年 07月 25日 星期四 02:27:56 CST
             total       used       free     shared    buffers     cached
Mem:         15945      14932       1013          0         80      10063
-/+ buffers/cache:       4787      11157
Swap:         8039          0       8039

2019年 07月 25日 星期四 02:28:00 CST
             total       used       free     shared    buffers     cached
Mem:         15945      14145       1799          0         80      10095
-/+ buffers/cache:       3969      11976
Swap:         8039          0       8039

2019年 07月 25日 星期四 02:28:04 CST
             total       used       free     shared    buffers     cached
Mem:         15945      14773       1171          0         80      10096
-/+ buffers/cache:       4595      11349
Swap:         8039          0       8039

2019年 07月 25日 星期四 02:28:08 CST
             total       used       free     shared    buffers     cached
Mem:         15945      14648       1296          0         80      10096
-/+ buffers/cache:       4471      11473
Swap:         8039          0       8039

2019年 07月 25日 星期四 02:28:12 CST
             total       used       free     shared    buffers     cached
Mem:         15945      15122        823          0         80      10098
-/+ buffers/cache:       4942      11002
Swap:         8039          0       8039

2019年 07月 25日 星期四 02:28:16 CST
             total       used       free     shared    buffers     cached
Mem:         15945      14246       1699          0         80       9912
-/+ buffers/cache:       4252      11693
Swap:         8039          0       8039

2019年 07月 25日 星期四 02:28:20 CST
             total       used       free     shared    buffers     cached
Mem:         15945      15006        939          0         80       9917
-/+ buffers/cache:       5007      10938
Swap:         8039          0       8039

2019年 07月 25日 星期四 02:28:24 CST
             total       used       free     shared    buffers     cached
Mem:         15945      15775        169          0         80       9880
-/+ buffers/cache:       5814      10131
Swap:         8039          0       8039

2019年 07月 25日 星期四 02:28:28 CST
             total       used       free     shared    buffers     cached
Mem:         15945      15781        164          0         80       9462
-/+ buffers/cache:       6238       9707
Swap:         8039          0       8039

2019年 07月 25日 星期四 02:28:32 CST
             total       used       free     shared    buffers     cached
Mem:         15945      15779        165          0         80       9321
-/+ buffers/cache:       6378       9567
Swap:         8039          0       8039

2019年 07月 25日 星期四 02:28:36 CST
             total       used       free     shared    buffers     cached
Mem:         15945      15769        176          0         80       9210
-/+ buffers/cache:       6478       9467
Swap:         8039          0       8039

2019年 07月 25日 星期四 02:28:40 CST
             total       used       free     shared    buffers     cached
Mem:         15945      15789        155          0         80       9168
-/+ buffers/cache:       6540       9404
Swap:         8039          0       8039

2019年 07月 25日 星期四 02:28:44 CST
             total       used       free     shared    buffers     cached
Mem:         15945      15785        159          0         80       9091
-/+ buffers/cache:       6614       9331
Swap:         8039          0       8039

2019年 07月 25日 星期四 02:28:48 CST
             total       used       free     shared    buffers     cached
Mem:         15945      15777        167          0         80       9010
-/+ buffers/cache:       6686       9258
Swap:         8039          0       8039

2019年 07月 25日 星期四 02:28:52 CST
             total       used       free     shared    buffers     cached
Mem:         15945      15780        164          0         80       8971
-/+ buffers/cache:       6728       9217
Swap:         8039          0       8039

2019年 07月 25日 星期四 02:28:56 CST
             total       used       free     shared    buffers     cached
Mem:         15945      15778        166          0         80       8914
-/+ buffers/cache:       6784       9161
Swap:         8039          0       8039

2019年 07月 25日 星期四 02:29:00 CST
             total       used       free     shared    buffers     cached
Mem:         15945      15785        160          0         80       8817
-/+ buffers/cache:       6887       9057
Swap:         8039          0       8039

2019年 07月 25日 星期四 02:29:04 CST
             total       used       free     shared    buffers     cached
Mem:         15945      15773        172          0         80       8786
-/+ buffers/cache:       6906       9038
Swap:         8039          0       8039

2019年 07月 25日 星期四 02:29:08 CST
             total       used       free     shared    buffers     cached
Mem:         15945      13792       2153          0         80       8778
-/+ buffers/cache:       4933      11011
Swap:         8039          0       8039

2019年 07月 25日 星期四 02:29:12 CST
             total       used       free     shared    buffers     cached
Mem:         15945      12572       3372          0         80       8894
-/+ buffers/cache:       3597      12347
Swap:         8039          0       8039

2019年 07月 25日 星期四 02:29:16 CST
             total       used       free     shared    buffers     cached
Mem:         15945      13179       2766          0         80       9003
-/+ buffers/cache:       4095      11850
Swap:         8039          0       8039

2019年 07月 25日 星期四 02:29:20 CST
             total       used       free     shared    buffers     cached
Mem:         15945      13914       2031          0         80       9272
-/+ buffers/cache:       4560      11384
Swap:         8039          0       8039

2019年 07月 25日 星期四 02:29:24 CST
             total       used       free     shared    buffers     cached
Mem:         15945      13501       2444          0         80       9472
-/+ buffers/cache:       3948      11996
Swap:         8039          0       8039

2019年 07月 25日 星期四 02:29:28 CST
             total       used       free     shared    buffers     cached
Mem:         15945      13989       1955          0         80       9582
-/+ buffers/cache:       4327      11618
Swap:         8039          0       8039

2019年 07月 25日 星期四 02:29:32 CST
             total       used       free     shared    buffers     cached
Mem:         15945      13890       2054          0         80       9582
-/+ buffers/cache:       4228      11717
Swap:         8039          0       8039

2019年 07月 25日 星期四 02:29:36 CST
             total       used       free     shared    buffers     cached
Mem:         15945      14194       1751          0         80       8864
-/+ buffers/cache:       5249      10696
Swap:         8039          0       8039

2019年 07月 25日 星期四 02:29:40 CST
             total       used       free     shared    buffers     cached
Mem:         15945      13327       2617          0         80       8865
-/+ buffers/cache:       4382      11563
Swap:         8039          0       8039

2019年 07月 25日 星期四 02:29:44 CST
             total       used       free     shared    buffers     cached
Mem:         15945      13647       2298          0         80       8867
-/+ buffers/cache:       4699      11246
Swap:         8039          0       8039

2019年 07月 25日 星期四 02:29:48 CST
             total       used       free     shared    buffers     cached
Mem:         15945      13427       2517          0         80       9012
-/+ buffers/cache:       4334      11611
Swap:         8039          0       8039

2019年 07月 25日 星期四 02:29:52 CST
             total       used       free     shared    buffers     cached
Mem:         15945      13619       2325          0         80       9027
-/+ buffers/cache:       4512      11433
Swap:         8039          0       8039

2019年 07月 25日 星期四 02:29:56 CST
             total       used       free     shared    buffers     cached
Mem:         15945      13829       2116          0         80       9050
-/+ buffers/cache:       4698      11247
Swap:         8039          0       8039

2019年 07月 25日 星期四 02:30:00 CST
             total       used       free     shared    buffers     cached
Mem:         15945      13536       2408          0         80       8873
-/+ buffers/cache:       4583      11362
Swap:         8039          0       8039

2019年 07月 25日 星期四 02:30:04 CST
             total       used       free     shared    buffers     cached
Mem:         15945      14090       1855          0         80       8873
-/+ buffers/cache:       5135      10809
Swap:         8039          0       8039

2019年 07月 25日 星期四 02:30:08 CST
             total       used       free     shared    buffers     cached
Mem:         15945      14489       1455          0         80       8875
-/+ buffers/cache:       5534      10411
Swap:         8039          0       8039

2019年 07月 25日 星期四 02:30:12 CST
             total       used       free     shared    buffers     cached
Mem:         15945      15172        773          0         80       8886
-/+ buffers/cache:       6205       9740
Swap:         8039          0       8039

2019年 07月 25日 星期四 02:30:17 CST
             total       used       free     shared    buffers     cached
Mem:         15945      14196       1749          0         80       8986
-/+ buffers/cache:       5129      10816
Swap:         8039          0       8039

2019年 07月 25日 星期四 02:30:21 CST
             total       used       free     shared    buffers     cached
Mem:         15945      14346       1598          0         80       9051
-/+ buffers/cache:       5214      10730
Swap:         8039          0       8039

2019年 07月 25日 星期四 02:30:25 CST
             total       used       free     shared    buffers     cached
Mem:         15945      14440       1504          0         80       9085
-/+ buffers/cache:       5274      10670
Swap:         8039          0       8039

2019年 07月 25日 星期四 02:30:29 CST
             total       used       free     shared    buffers     cached
Mem:         15945      13804       2140          0         80       9037
-/+ buffers/cache:       4686      11258
Swap:         8039          0       8039

2019年 07月 25日 星期四 02:30:33 CST
             total       used       free     shared    buffers     cached
Mem:         15945      14351       1593          0         80       9388
-/+ buffers/cache:       4882      11063
Swap:         8039          0       8039

2019年 07月 25日 星期四 02:30:37 CST
             total       used       free     shared    buffers     cached
Mem:         15945      15041        904          0         80       9531
-/+ buffers/cache:       5428      10516
Swap:         8039          0       8039

2019年 07月 25日 星期四 02:30:41 CST
             total       used       free     shared    buffers     cached
Mem:         15945      15786        159          0         80       9505
-/+ buffers/cache:       6199       9745
Swap:         8039          0       8039

2019年 07月 25日 星期四 02:30:45 CST
             total       used       free     shared    buffers     cached
Mem:         15945      15788        157          0         80       9347
-/+ buffers/cache:       6360       9585
Swap:         8039          0       8039

2019年 07月 25日 星期四 02:30:49 CST
             total       used       free     shared    buffers     cached
Mem:         15945      13049       2896          0         80       8963
-/+ buffers/cache:       4005      11939
Swap:         8039          0       8039

2019年 07月 25日 星期四 02:30:53 CST
             total       used       free     shared    buffers     cached
Mem:         15945      13520       2425          0         80       8955
-/+ buffers/cache:       4483      11461
Swap:         8039          0       8039

2019年 07月 25日 星期四 02:30:57 CST
             total       used       free     shared    buffers     cached
Mem:         15945      14200       1745          0         80       8958
-/+ buffers/cache:       5161      10784
Swap:         8039          0       8039

2019年 07月 25日 星期四 02:31:01 CST
             total       used       free     shared    buffers     cached
Mem:         15945      14724       1221          0         80       9125
-/+ buffers/cache:       5518      10427
Swap:         8039          0       8039

2019年 07月 25日 星期四 02:31:05 CST
             total       used       free     shared    buffers     cached
Mem:         15945      15520        424          0         80       9400
-/+ buffers/cache:       6040       9905
Swap:         8039          0       8039

2019年 07月 25日 星期四 02:31:09 CST
             total       used       free     shared    buffers     cached
Mem:         15945      15786        158          0         80       9513
-/+ buffers/cache:       6193       9752
Swap:         8039          0       8039

2019年 07月 25日 星期四 02:31:13 CST
             total       used       free     shared    buffers     cached
Mem:         15945      14686       1259          0         80       8973
-/+ buffers/cache:       5632      10313
Swap:         8039          0       8039

2019年 07月 25日 星期四 02:31:17 CST
             total       used       free     shared    buffers     cached
Mem:         15945      15179        766          0         80       9374
-/+ buffers/cache:       5724      10221
Swap:         8039          0       8039

2019年 07月 25日 星期四 02:31:21 CST
             total       used       free     shared    buffers     cached
Mem:         15945      15715        229          0         80       9730
-/+ buffers/cache:       5904      10040
Swap:         8039          0       8039

2019年 07月 25日 星期四 02:31:25 CST
             total       used       free     shared    buffers     cached
Mem:         15945      15769        176          0         80       9531
-/+ buffers/cache:       6156       9788
Swap:         8039          0       8039

2019年 07月 25日 星期四 02:31:29 CST
             total       used       free     shared    buffers     cached
Mem:         15945      15774        170          0         80       9085
-/+ buffers/cache:       6608       9336
Swap:         8039          0       8039

2019年 07月 25日 星期四 02:31:34 CST
             total       used       free     shared    buffers     cached
Mem:         15945      15567        378          0         80       8971
-/+ buffers/cache:       6515       9430
Swap:         8039          0       8039

2019年 07月 25日 星期四 02:31:38 CST
             total       used       free     shared    buffers     cached
Mem:         15945      15682        262          0         80       8768
-/+ buffers/cache:       6833       9111
Swap:         8039          0       8039

2019年 07月 25日 星期四 02:31:42 CST
             total       used       free     shared    buffers     cached
Mem:         15945      13581       2364          0         80       8615
-/+ buffers/cache:       4884      11060
Swap:         8039          0       8039

2019年 07月 25日 星期四 02:31:46 CST
             total       used       free     shared    buffers     cached
Mem:         15945      12881       3063          0         80       8257
-/+ buffers/cache:       4543      11401
Swap:         8039          0       8039

2019年 07月 25日 星期四 02:31:50 CST
             total       used       free     shared    buffers     cached
Mem:         15945      12661       3283          0         80       8444
-/+ buffers/cache:       4136      11808
Swap:         8039          0       8039

2019年 07月 25日 星期四 02:31:54 CST
             total       used       free     shared    buffers     cached
Mem:         15945      12965       2980          0         80       8449
-/+ buffers/cache:       4435      11510
Swap:         8039          0       8039

2019年 07月 25日 星期四 02:31:58 CST
             total       used       free     shared    buffers     cached
Mem:         15945      13269       2676          0         80       8494
-/+ buffers/cache:       4694      11250
Swap:         8039          0       8039

2019年 07月 25日 星期四 02:32:02 CST
             total       used       free     shared    buffers     cached
Mem:         15945      11217       4728          0         80       8379
-/+ buffers/cache:       2757      13188
Swap:         8039          0       8039

2019年 07月 25日 星期四 02:32:06 CST
             total       used       free     shared    buffers     cached
Mem:         15945      12069       3875          0         80       8461
-/+ buffers/cache:       3527      12418
Swap:         8039          0       8039

2019年 07月 25日 星期四 02:32:10 CST
             total       used       free     shared    buffers     cached
Mem:         15945      12873       3072          0         80       8462
-/+ buffers/cache:       4330      11615
Swap:         8039          0       8039

2019年 07月 25日 星期四 02:32:14 CST
             total       used       free     shared    buffers     cached
Mem:         15945      13904       2041          0         80       8467
-/+ buffers/cache:       5356      10589
Swap:         8039          0       8039

2019年 07月 25日 星期四 02:32:18 CST
             total       used       free     shared    buffers     cached
Mem:         15945      13215       2729          0         80       8465
-/+ buffers/cache:       4669      11276
Swap:         8039          0       8039

2019年 07月 25日 星期四 02:32:22 CST
             total       used       free     shared    buffers     cached
Mem:         15945      11264       4681          0         80       8631
-/+ buffers/cache:       2552      13393
Swap:         8039          0       8039

2019年 07月 25日 星期四 02:32:26 CST
             total       used       free     shared    buffers     cached
Mem:         15945      12151       3793          0         80       8813
-/+ buffers/cache:       3257      12688
Swap:         8039          0       8039

2019年 07月 25日 星期四 02:32:30 CST
             total       used       free     shared    buffers     cached
Mem:         15945      13032       2913          0         80       8813
-/+ buffers/cache:       4137      11808
Swap:         8039          0       8039

2019年 07月 25日 星期四 02:32:34 CST
             total       used       free     shared    buffers     cached
Mem:         15945      13923       2021          0         80       8816
-/+ buffers/cache:       5026      10919
Swap:         8039          0       8039

2019年 07月 25日 星期四 02:32:38 CST
             total       used       free     shared    buffers     cached
Mem:         15945      14549       1395          0         80       8819
-/+ buffers/cache:       5649      10296
Swap:         8039          0       8039

2019年 07月 25日 星期四 02:32:42 CST
             total       used       free     shared    buffers     cached
Mem:         15945      15169        775          0         80       8832
-/+ buffers/cache:       6256       9688
Swap:         8039          0       8039

2019年 07月 25日 星期四 02:32:46 CST
             total       used       free     shared    buffers     cached
Mem:         15945      15561        384          0         80       8856
-/+ buffers/cache:       6624       9321
Swap:         8039          0       8039

2019年 07月 25日 星期四 02:32:50 CST
             total       used       free     shared    buffers     cached
Mem:         15945      15790        155          0         80       8837
-/+ buffers/cache:       6872       9073
Swap:         8039          0       8039

2019年 07月 25日 星期四 02:32:54 CST
             total       used       free     shared    buffers     cached
Mem:         15945      15701        243          0         80       8633
-/+ buffers/cache:       6987       8957
Swap:         8039          0       8039

2019年 07月 25日 星期四 02:32:58 CST
             total       used       free     shared    buffers     cached
Mem:         15945      15788        156          0         80       8600
-/+ buffers/cache:       7107       8838
Swap:         8039          0       8039

2019年 07月 25日 星期四 02:33:02 CST
             total       used       free     shared    buffers     cached
Mem:         15945      15776        168          0         80       8484
-/+ buffers/cache:       7211       8733
Swap:         8039          0       8039

2019年 07月 25日 星期四 02:33:06 CST
             total       used       free     shared    buffers     cached
Mem:         15945      15781        163          0         80       8418
-/+ buffers/cache:       7282       8663
Swap:         8039          0       8039

2019年 07月 25日 星期四 02:33:10 CST
             total       used       free     shared    buffers     cached
Mem:         15945      15781        164          0         80       8334
-/+ buffers/cache:       7365       8579
Swap:         8039          0       8039

2019年 07月 25日 星期四 02:33:14 CST
             total       used       free     shared    buffers     cached
Mem:         15945      15791        153          0         80       8262
-/+ buffers/cache:       7448       8497
Swap:         8039          0       8039

2019年 07月 25日 星期四 02:33:18 CST
             total       used       free     shared    buffers     cached
Mem:         15945      15778        167          0         80       8121
-/+ buffers/cache:       7576       8369
Swap:         8039          0       8039

2019年 07月 25日 星期四 02:33:23 CST
             total       used       free     shared    buffers     cached
Mem:         15945      15778        167          0         80       8061
-/+ buffers/cache:       7636       8309
Swap:         8039          0       8039

2019年 07月 25日 星期四 02:33:27 CST
             total       used       free     shared    buffers     cached
Mem:         15945      15786        158          0         80       7988
-/+ buffers/cache:       7716       8228
Swap:         8039          0       8039

2019年 07月 25日 星期四 02:33:31 CST
             total       used       free     shared    buffers     cached
Mem:         15945      11150       4794          0         80       7816
-/+ buffers/cache:       3253      12691
Swap:         8039          0       8039

2019年 07月 25日 星期四 02:33:35 CST
             total       used       free     shared    buffers     cached
Mem:         15945      11112       4833          0         80       7562
-/+ buffers/cache:       3468      12476
Swap:         8039          0       8039

2019年 07月 25日 星期四 02:33:39 CST
             total       used       free     shared    buffers     cached
Mem:         15945      11926       4019          0         80       7740
-/+ buffers/cache:       4104      11840
Swap:         8039          0       8039

2019年 07月 25日 星期四 02:33:43 CST
             total       used       free     shared    buffers     cached
Mem:         15945      11627       4318          0         80       7702
-/+ buffers/cache:       3844      12101
Swap:         8039          0       8039

2019年 07月 25日 星期四 02:33:47 CST
             total       used       free     shared    buffers     cached
Mem:         15945      12302       3642          0         80       7879
-/+ buffers/cache:       4342      11603
Swap:         8039          0       8039

2019年 07月 25日 星期四 02:33:51 CST
             total       used       free     shared    buffers     cached
Mem:         15945      12706       3239          0         80       8038
-/+ buffers/cache:       4587      11358
Swap:         8039          0       8039

2019年 07月 25日 星期四 02:33:55 CST
             total       used       free     shared    buffers     cached
Mem:         15945      12512       3433          0         80       8191
-/+ buffers/cache:       4240      11705
Swap:         8039          0       8039

2019年 07月 25日 星期四 02:33:59 CST
             total       used       free     shared    buffers     cached
Mem:         15945      11540       4404          0         80       8176
-/+ buffers/cache:       3282      12662
Swap:         8039          0       8039

2019年 07月 25日 星期四 02:34:03 CST
             total       used       free     shared    buffers     cached
Mem:         15945      12286       3659          0         80       8387
-/+ buffers/cache:       3818      12127
Swap:         8039          0       8039

2019年 07月 25日 星期四 02:34:07 CST
             total       used       free     shared    buffers     cached
Mem:         15945      12958       2986          0         80       8487
-/+ buffers/cache:       4390      11555
Swap:         8039          0       8039

2019年 07月 25日 星期四 02:34:11 CST
             total       used       free     shared    buffers     cached
Mem:         15945      13853       2092          0         80       8489
-/+ buffers/cache:       5282      10662
Swap:         8039          0       8039

2019年 07月 25日 星期四 02:34:15 CST
             total       used       free     shared    buffers     cached
Mem:         15945      14255       1689          0         80       8492
-/+ buffers/cache:       5682      10263
Swap:         8039          0       8039

2019年 07月 25日 星期四 02:34:19 CST
             total       used       free     shared    buffers     cached
Mem:         15945      13102       2842          0         80       8709
-/+ buffers/cache:       4312      11633
Swap:         8039          0       8039

2019年 07月 25日 星期四 02:34:23 CST
             total       used       free     shared    buffers     cached
Mem:         15945      13723       2221          0         80       8858
-/+ buffers/cache:       4784      11161
Swap:         8039          0       8039

2019年 07月 25日 星期四 02:34:27 CST
             total       used       free     shared    buffers     cached
Mem:         15945      14458       1487          0         80       8859
-/+ buffers/cache:       5517      10428
Swap:         8039          0       8039

2019年 07月 25日 星期四 02:34:31 CST
             total       used       free     shared    buffers     cached
Mem:         15945      14351       1594          0         80       8882
-/+ buffers/cache:       5387      10557
Swap:         8039          0       8039

2019年 07月 25日 星期四 02:34:35 CST
             total       used       free     shared    buffers     cached
Mem:         15945      14846       1098          0         80       9097
-/+ buffers/cache:       5668      10277
Swap:         8039          0       8039

2019年 07月 25日 星期四 02:34:39 CST
             total       used       free     shared    buffers     cached
Mem:         15945      14905       1040          0         80       8894
-/+ buffers/cache:       5929      10016
Swap:         8039          0       8039

2019年 07月 25日 星期四 02:34:43 CST
             total       used       free     shared    buffers     cached
Mem:         15945      14638       1306          0         80       8710
-/+ buffers/cache:       5847      10098
Swap:         8039          0       8039

2019年 07月 25日 星期四 02:34:47 CST
             total       used       free     shared    buffers     cached
Mem:         15945      14349       1596          0         80       8711
-/+ buffers/cache:       5557      10388
Swap:         8039          0       8039

2019年 07月 25日 星期四 02:34:51 CST
             total       used       free     shared    buffers     cached
Mem:         15945      13676       2269          0         81       8557
-/+ buffers/cache:       5037      10908
Swap:         8039          0       8039

2019年 07月 25日 星期四 02:34:55 CST
             total       used       free     shared    buffers     cached
Mem:         15945      13397       2548          0         81       9364
-/+ buffers/cache:       3951      11994
Swap:         8039          0       8039

2019年 07月 25日 星期四 02:34:59 CST
             total       used       free     shared    buffers     cached
Mem:         15945      14017       1928          0         81       9411
-/+ buffers/cache:       4524      11421
Swap:         8039          0       8039

2019年 07月 25日 星期四 02:35:03 CST
             total       used       free     shared    buffers     cached
Mem:         15945      14390       1554          0         81       9412
-/+ buffers/cache:       4897      11048
Swap:         8039          0       8039

2019年 07月 25日 星期四 02:35:08 CST
             total       used       free     shared    buffers     cached
Mem:         15945      14742       1203          0         81       9413
-/+ buffers/cache:       5247      10697
Swap:         8039          0       8039

2019年 07月 25日 星期四 02:35:12 CST
             total       used       free     shared    buffers     cached
Mem:         15945      14595       1349          0         81       9578
-/+ buffers/cache:       4935      11009
Swap:         8039          0       8039

2019年 07月 25日 星期四 02:35:16 CST
             total       used       free     shared    buffers     cached
Mem:         15945      14126       1818          0         81       9578
-/+ buffers/cache:       4466      11478
Swap:         8039          0       8039

2019年 07月 25日 星期四 02:35:20 CST
             total       used       free     shared    buffers     cached
Mem:         15945      14440       1504          0         81       9559
-/+ buffers/cache:       4799      11145
Swap:         8039          0       8039

2019年 07月 25日 星期四 02:35:24 CST
             total       used       free     shared    buffers     cached
Mem:         15945      13970       1975          0         81       9559
-/+ buffers/cache:       4329      11615
Swap:         8039          0       8039

2019年 07月 25日 星期四 02:35:28 CST
             total       used       free     shared    buffers     cached
Mem:         15945      14119       1825          0         81       9559
-/+ buffers/cache:       4478      11466
Swap:         8039          0       8039

2019年 07月 25日 星期四 02:35:32 CST
             total       used       free     shared    buffers     cached
Mem:         15945      14566       1378          0         81       9362
-/+ buffers/cache:       5122      10822
Swap:         8039          0       8039

2019年 07月 25日 星期四 02:35:36 CST
             total       used       free     shared    buffers     cached
Mem:         15945      14930       1015          0         81       9432
-/+ buffers/cache:       5416      10528
Swap:         8039          0       8039

2019年 07月 25日 星期四 02:35:40 CST
             total       used       free     shared    buffers     cached
Mem:         15945      15353        592          0         81       9439
-/+ buffers/cache:       5832      10113
Swap:         8039          0       8039

2019年 07月 25日 星期四 02:35:44 CST
             total       used       free     shared    buffers     cached
Mem:         15945      15770        175          0         81       9487
-/+ buffers/cache:       6201       9744
Swap:         8039          0       8039

2019年 07月 25日 星期四 02:35:48 CST
             total       used       free     shared    buffers     cached
Mem:         15945      15769        175          0         81       9414
-/+ buffers/cache:       6274       9671
Swap:         8039          0       8039

2019年 07月 25日 星期四 02:35:52 CST
             total       used       free     shared    buffers     cached
Mem:         15945      15211        733          0         81       9413
-/+ buffers/cache:       5716      10228
Swap:         8039          0       8039

2019年 07月 25日 星期四 02:35:56 CST
             total       used       free     shared    buffers     cached
Mem:         15945      15450        495          0         81       9240
-/+ buffers/cache:       6127       9817
Swap:         8039          0       8039

2019年 07月 25日 星期四 02:36:00 CST
             total       used       free     shared    buffers     cached
Mem:         15945      15779        166          0         81       8970
-/+ buffers/cache:       6726       9218
Swap:         8039          0       8039

2019年 07月 25日 星期四 02:36:04 CST
             total       used       free     shared    buffers     cached
Mem:         15945      14491       1454          0         81       8812
-/+ buffers/cache:       5597      10347
Swap:         8039          0       8039

2019年 07月 25日 星期四 02:36:08 CST
             total       used       free     shared    buffers     cached
Mem:         15945      14500       1445          0         81       8816
-/+ buffers/cache:       5602      10343
Swap:         8039          0       8039

2019年 07月 25日 星期四 02:36:12 CST
             total       used       free     shared    buffers     cached
Mem:         15945      14995        950          0         81       8652
-/+ buffers/cache:       6261       9684
Swap:         8039          0       8039

2019年 07月 25日 星期四 02:36:16 CST
             total       used       free     shared    buffers     cached
Mem:         15945      14314       1631          0         81       8495
-/+ buffers/cache:       5737      10207
Swap:         8039          0       8039

2019年 07月 25日 星期四 02:36:20 CST
             total       used       free     shared    buffers     cached
Mem:         15945      13188       2756          0         81       8580
-/+ buffers/cache:       4526      11418
Swap:         8039          0       8039

2019年 07月 25日 星期四 02:36:24 CST
             total       used       free     shared    buffers     cached
Mem:         15945      13539       2406          0         81       8500
-/+ buffers/cache:       4957      10988
Swap:         8039          0       8039

2019年 07月 25日 星期四 02:36:28 CST
             total       used       free     shared    buffers     cached
Mem:         15945      13976       1969          0         81       8548
-/+ buffers/cache:       5346      10599
Swap:         8039          0       8039

2019年 07月 25日 星期四 02:36:32 CST
             total       used       free     shared    buffers     cached
Mem:         15945      14403       1541          0         81       8596
-/+ buffers/cache:       5725      10220
Swap:         8039          0       8039

2019年 07月 25日 星期四 02:36:36 CST
             total       used       free     shared    buffers     cached
Mem:         15945      14706       1239          0         81       8634
-/+ buffers/cache:       5990       9954
Swap:         8039          0       8039

2019年 07月 25日 星期四 02:36:40 CST
             total       used       free     shared    buffers     cached
Mem:         15945      14826       1118          0         81       8735
-/+ buffers/cache:       6010       9935
Swap:         8039          0       8039

2019年 07月 25日 星期四 02:36:44 CST
             total       used       free     shared    buffers     cached
Mem:         15945      13696       2249          0         81       8824
-/+ buffers/cache:       4790      11154
Swap:         8039          0       8039

2019年 07月 25日 星期四 02:36:48 CST
             total       used       free     shared    buffers     cached
Mem:         15945      13265       2679          0         81       8687
-/+ buffers/cache:       4496      11449
Swap:         8039          0       8039

2019年 07月 25日 星期四 02:36:52 CST
             total       used       free     shared    buffers     cached
Mem:         15945      13636       2309          0         81       8729
-/+ buffers/cache:       4825      11120
Swap:         8039          0       8039

2019年 07月 25日 星期四 02:36:56 CST
             total       used       free     shared    buffers     cached
Mem:         15945      13163       2782          0         81       8885
-/+ buffers/cache:       4196      11748
Swap:         8039          0       8039

2019年 07月 25日 星期四 02:37:00 CST
             total       used       free     shared    buffers     cached
Mem:         15945      13391       2553          0         81       8897
-/+ buffers/cache:       4412      11532
Swap:         8039          0       8039

2019年 07月 25日 星期四 02:37:04 CST
             total       used       free     shared    buffers     cached
Mem:         15945      13623       2322          0         81       8722
-/+ buffers/cache:       4819      11125
Swap:         8039          0       8039

2019年 07月 25日 星期四 02:37:08 CST
             total       used       free     shared    buffers     cached
Mem:         15945      14063       1882          0         81       8810
-/+ buffers/cache:       5170      10774
Swap:         8039          0       8039

2019年 07月 25日 星期四 02:37:12 CST
             total       used       free     shared    buffers     cached
Mem:         15945      12535       3409          0         81       8263
-/+ buffers/cache:       4190      11754
Swap:         8039          0       8039

2019年 07月 25日 星期四 02:37:16 CST
             total       used       free     shared    buffers     cached
Mem:         15945      13110       2835          0         81       8079
-/+ buffers/cache:       4949      10996
Swap:         8039          0       8039

2019年 07月 25日 星期四 02:37:20 CST
             total       used       free     shared    buffers     cached
Mem:         15945      13762       2182          0         81       8082
-/+ buffers/cache:       5598      10346
Swap:         8039          0       8039

2019年 07月 25日 星期四 02:37:24 CST
             total       used       free     shared    buffers     cached
Mem:         15945      14376       1568          0         81       8083
-/+ buffers/cache:       6211       9734
Swap:         8039          0       8039

2019年 07月 25日 星期四 02:37:28 CST
             total       used       free     shared    buffers     cached
Mem:         15945      14516       1428          0         81       8086
-/+ buffers/cache:       6349       9596
Swap:         8039          0       8039

2019年 07月 25日 星期四 02:37:33 CST
             total       used       free     shared    buffers     cached
Mem:         15945      14767       1177          0         81       8067
-/+ buffers/cache:       6618       9326
Swap:         8039          0       8039

2019年 07月 25日 星期四 02:37:37 CST
             total       used       free     shared    buffers     cached
Mem:         15945      13515       2429          0         81       7880
-/+ buffers/cache:       5553      10391
Swap:         8039          0       8039

2019年 07月 25日 星期四 02:37:41 CST
             total       used       free     shared    buffers     cached
Mem:         15945      13734       2211          0         81       7920
-/+ buffers/cache:       5732      10212
Swap:         8039          0       8039

2019年 07月 25日 星期四 02:37:45 CST
             total       used       free     shared    buffers     cached
Mem:         15945      14202       1742          0         81       7920
-/+ buffers/cache:       6200       9745
Swap:         8039          0       8039

2019年 07月 25日 星期四 02:37:49 CST
             total       used       free     shared    buffers     cached
Mem:         15945      13276       2668          0         81       7882
-/+ buffers/cache:       5312      10632
Swap:         8039          0       8039

2019年 07月 25日 星期四 02:37:53 CST
             total       used       free     shared    buffers     cached
Mem:         15945      12774       3170          0         81       7678
-/+ buffers/cache:       5014      10930
Swap:         8039          0       8039

2019年 07月 25日 星期四 02:37:57 CST
             total       used       free     shared    buffers     cached
Mem:         15945      12807       3138          0         81       7678
-/+ buffers/cache:       5047      10898
Swap:         8039          0       8039

2019年 07月 25日 星期四 02:38:01 CST
             total       used       free     shared    buffers     cached
Mem:         15945      12290       3655          0         81       7694
-/+ buffers/cache:       4513      11431
Swap:         8039          0       8039

2019年 07月 25日 星期四 02:38:05 CST
             total       used       free     shared    buffers     cached
Mem:         15945      10775       5170          0         81       7634
-/+ buffers/cache:       3059      12886
Swap:         8039          0       8039

2019年 07月 25日 星期四 02:38:09 CST
             total       used       free     shared    buffers     cached
Mem:         15945      10951       4993          0         81       7635
-/+ buffers/cache:       3234      12711
Swap:         8039          0       8039

2019年 07月 25日 星期四 02:38:13 CST
             total       used       free     shared    buffers     cached
Mem:         15945      11012       4932          0         81       7635
-/+ buffers/cache:       3295      12650
Swap:         8039          0       8039

2019年 07月 25日 星期四 02:38:17 CST
             total       used       free     shared    buffers     cached
Mem:         15945      11008       4936          0         81       7636
-/+ buffers/cache:       3291      12654
Swap:         8039          0       8039

2019年 07月 25日 星期四 02:38:21 CST
             total       used       free     shared    buffers     cached
Mem:         15945      11013       4931          0         81       7636
-/+ buffers/cache:       3295      12649
Swap:         8039          0       8039

2019年 07月 25日 星期四 02:38:25 CST
             total       used       free     shared    buffers     cached
Mem:         15945      10360       5585          0         81       7616
-/+ buffers/cache:       2661      13283
Swap:         8039          0       8039

2019年 07月 25日 星期四 02:38:29 CST
             total       used       free     shared    buffers     cached
Mem:         15945      10360       5584          0         81       7616
-/+ buffers/cache:       2662      13283
Swap:         8039          0       8039

2019年 07月 25日 星期四 02:38:33 CST
             total       used       free     shared    buffers     cached
Mem:         15945      10360       5585          0         81       7617
-/+ buffers/cache:       2661      13284
Swap:         8039          0       8039

2019年 07月 25日 星期四 02:38:37 CST
             total       used       free     shared    buffers     cached
Mem:         15945      10362       5582          0         81       7617
-/+ buffers/cache:       2664      13281
Swap:         8039          0       8039

2019年 07月 25日 星期四 02:38:41 CST
             total       used       free     shared    buffers     cached
Mem:         15945       9710       6234          0         81       7597
-/+ buffers/cache:       2031      13913
Swap:         8039          0       8039

2019年 07月 25日 星期四 02:38:45 CST
             total       used       free     shared    buffers     cached
Mem:         15945       9710       6235          0         81       7597
-/+ buffers/cache:       2031      13914
Swap:         8039          0       8039

