
Linux 2.6.32-431.el6.x86_64 (slave1) 	2019年07月27日 	_x86_64_	(8 CPU)

01时29分21秒  CPU    %usr   %nice    %sys %iowait    %irq   %soft  %steal  %guest   %idle
01时29分22秒  all    0.25    0.00    0.25    0.00    0.00    0.00    0.00    0.00   99.50
平均时间:  all    0.25    0.00    0.25    0.00    0.00    0.00    0.00    0.00   99.50

Linux 2.6.32-431.el6.x86_64 (slave1) 	2019年07月27日 	_x86_64_	(8 CPU)

01时29分25秒  CPU    %usr   %nice    %sys %iowait    %irq   %soft  %steal  %guest   %idle
01时29分26秒  all    0.25    0.00    4.05    0.00    0.13    1.52    0.00    0.00   94.06
平均时间:  all    0.25    0.00    4.05    0.00    0.13    1.52    0.00    0.00   94.06

Linux 2.6.32-431.el6.x86_64 (slave1) 	2019年07月27日 	_x86_64_	(8 CPU)

01时29分29秒  CPU    %usr   %nice    %sys %iowait    %irq   %soft  %steal  %guest   %idle
01时29分30秒  all    1.34    0.00    6.68    0.00    0.40   19.39    0.00    0.00   72.19
平均时间:  all    1.34    0.00    6.68    0.00    0.40   19.39    0.00    0.00   72.19

Linux 2.6.32-431.el6.x86_64 (slave1) 	2019年07月27日 	_x86_64_	(8 CPU)

01时29分33秒  CPU    %usr   %nice    %sys %iowait    %irq   %soft  %steal  %guest   %idle
01时29分34秒  all   43.92    0.00   21.83    0.00    0.52   18.43    0.00    0.00   15.29
平均时间:  all   43.92    0.00   21.83    0.00    0.52   18.43    0.00    0.00   15.29

Linux 2.6.32-431.el6.x86_64 (slave1) 	2019年07月27日 	_x86_64_	(8 CPU)

01时29分37秒  CPU    %usr   %nice    %sys %iowait    %irq   %soft  %steal  %guest   %idle
01时29分38秒  all   69.31    0.00   21.01    0.00    0.00    9.18    0.00    0.00    0.50
平均时间:  all   69.31    0.00   21.01    0.00    0.00    9.18    0.00    0.00    0.50

Linux 2.6.32-431.el6.x86_64 (slave1) 	2019年07月27日 	_x86_64_	(8 CPU)

01时29分41秒  CPU    %usr   %nice    %sys %iowait    %irq   %soft  %steal  %guest   %idle
01时29分42秒  all   80.18    0.00   14.05    0.00    0.13    5.65    0.00    0.00    0.00
平均时间:  all   80.18    0.00   14.05    0.00    0.13    5.65    0.00    0.00    0.00

Linux 2.6.32-431.el6.x86_64 (slave1) 	2019年07月27日 	_x86_64_	(8 CPU)

01时29分45秒  CPU    %usr   %nice    %sys %iowait    %irq   %soft  %steal  %guest   %idle
01时29分46秒  all   88.36    0.00   10.51    0.00    0.13    1.00    0.00    0.00    0.00
平均时间:  all   88.36    0.00   10.51    0.00    0.13    1.00    0.00    0.00    0.00

Linux 2.6.32-431.el6.x86_64 (slave1) 	2019年07月27日 	_x86_64_	(8 CPU)

01时29分49秒  CPU    %usr   %nice    %sys %iowait    %irq   %soft  %steal  %guest   %idle
01时29分50秒  all   95.13    0.00    4.74    0.00    0.00    0.12    0.00    0.00    0.00
平均时间:  all   95.13    0.00    4.74    0.00    0.00    0.12    0.00    0.00    0.00

Linux 2.6.32-431.el6.x86_64 (slave1) 	2019年07月27日 	_x86_64_	(8 CPU)

01时29分53秒  CPU    %usr   %nice    %sys %iowait    %irq   %soft  %steal  %guest   %idle
01时29分54秒  all   94.87    0.00    5.13    0.00    0.00    0.00    0.00    0.00    0.00
平均时间:  all   94.87    0.00    5.13    0.00    0.00    0.00    0.00    0.00    0.00

Linux 2.6.32-431.el6.x86_64 (slave1) 	2019年07月27日 	_x86_64_	(8 CPU)

01时29分57秒  CPU    %usr   %nice    %sys %iowait    %irq   %soft  %steal  %guest   %idle
01时29分58秒  all   88.94    0.00    7.79    0.00    0.00    0.13    0.00    0.00    3.14
平均时间:  all   88.94    0.00    7.79    0.00    0.00    0.13    0.00    0.00    3.14

Linux 2.6.32-431.el6.x86_64 (slave1) 	2019年07月27日 	_x86_64_	(8 CPU)

01时30分01秒  CPU    %usr   %nice    %sys %iowait    %irq   %soft  %steal  %guest   %idle
01时30分02秒  all    1.02    0.00    3.83    0.00    0.00    3.57    0.00    0.00   91.58
平均时间:  all    1.02    0.00    3.83    0.00    0.00    3.57    0.00    0.00   91.58

Linux 2.6.32-431.el6.x86_64 (slave1) 	2019年07月27日 	_x86_64_	(8 CPU)

01时30分05秒  CPU    %usr   %nice    %sys %iowait    %irq   %soft  %steal  %guest   %idle
01时30分06秒  all    5.32    0.00    1.52    0.00    0.00    0.00    0.00    0.00   93.16
平均时间:  all    5.32    0.00    1.52    0.00    0.00    0.00    0.00    0.00   93.16

Linux 2.6.32-431.el6.x86_64 (slave1) 	2019年07月27日 	_x86_64_	(8 CPU)

01时30分09秒  CPU    %usr   %nice    %sys %iowait    %irq   %soft  %steal  %guest   %idle
01时30分10秒  all    6.25    0.00    2.68    0.00    0.00    0.13    0.00    0.00   90.94
平均时间:  all    6.25    0.00    2.68    0.00    0.00    0.13    0.00    0.00   90.94

Linux 2.6.32-431.el6.x86_64 (slave1) 	2019年07月27日 	_x86_64_	(8 CPU)

01时30分13秒  CPU    %usr   %nice    %sys %iowait    %irq   %soft  %steal  %guest   %idle
01时30分14秒  all    0.38    0.00    0.13    0.00    0.00    0.00    0.00    0.00   99.49
平均时间:  all    0.38    0.00    0.13    0.00    0.00    0.00    0.00    0.00   99.49

Linux 2.6.32-431.el6.x86_64 (slave1) 	2019年07月27日 	_x86_64_	(8 CPU)

01时30分17秒  CPU    %usr   %nice    %sys %iowait    %irq   %soft  %steal  %guest   %idle
01时30分18秒  all    7.90    0.00    2.17    0.00    0.00    0.00    0.00    0.00   89.94
平均时间:  all    7.90    0.00    2.17    0.00    0.00    0.00    0.00    0.00   89.94

Linux 2.6.32-431.el6.x86_64 (slave1) 	2019年07月27日 	_x86_64_	(8 CPU)

01时30分21秒  CPU    %usr   %nice    %sys %iowait    %irq   %soft  %steal  %guest   %idle
01时30分22秒  all   23.66    0.00    4.71    0.00    0.00    0.00    0.00    0.00   71.63
平均时间:  all   23.66    0.00    4.71    0.00    0.00    0.00    0.00    0.00   71.63

Linux 2.6.32-431.el6.x86_64 (slave1) 	2019年07月27日 	_x86_64_	(8 CPU)

01时30分25秒  CPU    %usr   %nice    %sys %iowait    %irq   %soft  %steal  %guest   %idle
01时30分26秒  all   36.34    0.00    4.57    0.00    0.00    0.00    0.00    0.00   59.09
平均时间:  all   36.34    0.00    4.57    0.00    0.00    0.00    0.00    0.00   59.09

Linux 2.6.32-431.el6.x86_64 (slave1) 	2019年07月27日 	_x86_64_	(8 CPU)

01时30分29秒  CPU    %usr   %nice    %sys %iowait    %irq   %soft  %steal  %guest   %idle
01时30分30秒  all   52.81    0.00    7.29    0.00    0.00    0.00    0.00    0.00   39.90
平均时间:  all   52.81    0.00    7.29    0.00    0.00    0.00    0.00    0.00   39.90

Linux 2.6.32-431.el6.x86_64 (slave1) 	2019年07月27日 	_x86_64_	(8 CPU)

01时30分33秒  CPU    %usr   %nice    %sys %iowait    %irq   %soft  %steal  %guest   %idle
01时30分34秒  all   45.97    0.00    3.97    0.00    0.00    0.00    0.00    0.00   50.06
平均时间:  all   45.97    0.00    3.97    0.00    0.00    0.00    0.00    0.00   50.06

Linux 2.6.32-431.el6.x86_64 (slave1) 	2019年07月27日 	_x86_64_	(8 CPU)

01时30分37秒  CPU    %usr   %nice    %sys %iowait    %irq   %soft  %steal  %guest   %idle
01时30分38秒  all   47.76    0.00    7.81    0.00    0.00    0.13    0.00    0.00   44.30
平均时间:  all   47.76    0.00    7.81    0.00    0.00    0.13    0.00    0.00   44.30

Linux 2.6.32-431.el6.x86_64 (slave1) 	2019年07月27日 	_x86_64_	(8 CPU)

01时30分41秒  CPU    %usr   %nice    %sys %iowait    %irq   %soft  %steal  %guest   %idle
01时30分42秒  all   52.56    0.00    8.46    0.00    0.13    0.00    0.00    0.00   38.85
平均时间:  all   52.56    0.00    8.46    0.00    0.13    0.00    0.00    0.00   38.85

Linux 2.6.32-431.el6.x86_64 (slave1) 	2019年07月27日 	_x86_64_	(8 CPU)

01时30分45秒  CPU    %usr   %nice    %sys %iowait    %irq   %soft  %steal  %guest   %idle
01时30分46秒  all   63.14    0.00   11.61    0.00    0.13    0.00    0.00    0.00   25.13
平均时间:  all   63.14    0.00   11.61    0.00    0.13    0.00    0.00    0.00   25.13

Linux 2.6.32-431.el6.x86_64 (slave1) 	2019年07月27日 	_x86_64_	(8 CPU)

01时30分49秒  CPU    %usr   %nice    %sys %iowait    %irq   %soft  %steal  %guest   %idle
01时30分50秒  all    6.93    0.00    2.05    0.00    0.00    0.00    0.00    0.00   91.01
平均时间:  all    6.93    0.00    2.05    0.00    0.00    0.00    0.00    0.00   91.01

Linux 2.6.32-431.el6.x86_64 (slave1) 	2019年07月27日 	_x86_64_	(8 CPU)

01时30分53秒  CPU    %usr   %nice    %sys %iowait    %irq   %soft  %steal  %guest   %idle
01时30分54秒  all   83.46    0.00   13.13    0.00    0.00    0.25    0.00    0.00    3.16
平均时间:  all   83.46    0.00   13.13    0.00    0.00    0.25    0.00    0.00    3.16

Linux 2.6.32-431.el6.x86_64 (slave1) 	2019年07月27日 	_x86_64_	(8 CPU)

01时30分57秒  CPU    %usr   %nice    %sys %iowait    %irq   %soft  %steal  %guest   %idle
01时30分58秒  all   94.13    0.00    5.62    0.00    0.00    0.00    0.00    0.00    0.25
平均时间:  all   94.13    0.00    5.62    0.00    0.00    0.00    0.00    0.00    0.25

Linux 2.6.32-431.el6.x86_64 (slave1) 	2019年07月27日 	_x86_64_	(8 CPU)

01时31分01秒  CPU    %usr   %nice    %sys %iowait    %irq   %soft  %steal  %guest   %idle
01时31分02秒  all   83.10    0.00   10.09    0.00    0.25    0.25    0.00    0.00    6.31
平均时间:  all   83.10    0.00   10.09    0.00    0.25    0.25    0.00    0.00    6.31

Linux 2.6.32-431.el6.x86_64 (slave1) 	2019年07月27日 	_x86_64_	(8 CPU)

01时31分05秒  CPU    %usr   %nice    %sys %iowait    %irq   %soft  %steal  %guest   %idle
01时31分06秒  all   66.88    0.00    8.57    0.00    0.00    0.51    0.00    0.00   24.04
平均时间:  all   66.88    0.00    8.57    0.00    0.00    0.51    0.00    0.00   24.04

Linux 2.6.32-431.el6.x86_64 (slave1) 	2019年07月27日 	_x86_64_	(8 CPU)

01时31分09秒  CPU    %usr   %nice    %sys %iowait    %irq   %soft  %steal  %guest   %idle
01时31分10秒  all   76.29    0.00    6.31    0.00    0.00    0.25    0.00    0.00   17.15
平均时间:  all   76.29    0.00    6.31    0.00    0.00    0.25    0.00    0.00   17.15

Linux 2.6.32-431.el6.x86_64 (slave1) 	2019年07月27日 	_x86_64_	(8 CPU)

01时31分13秒  CPU    %usr   %nice    %sys %iowait    %irq   %soft  %steal  %guest   %idle
01时31分14秒  all   75.88    0.00   14.07    0.00    0.00    0.88    0.00    0.00    9.17
平均时间:  all   75.88    0.00   14.07    0.00    0.00    0.88    0.00    0.00    9.17

Linux 2.6.32-431.el6.x86_64 (slave1) 	2019年07月27日 	_x86_64_	(8 CPU)

01时31分17秒  CPU    %usr   %nice    %sys %iowait    %irq   %soft  %steal  %guest   %idle
01时31分18秒  all   93.16    0.00    6.59    0.00    0.00    0.12    0.00    0.00    0.12
平均时间:  all   93.16    0.00    6.59    0.00    0.00    0.12    0.00    0.00    0.12

Linux 2.6.32-431.el6.x86_64 (slave1) 	2019年07月27日 	_x86_64_	(8 CPU)

01时31分21秒  CPU    %usr   %nice    %sys %iowait    %irq   %soft  %steal  %guest   %idle
01时31分22秒  all   90.89    0.00    8.61    0.00    0.00    0.12    0.00    0.00    0.37
平均时间:  all   90.89    0.00    8.61    0.00    0.00    0.12    0.00    0.00    0.37

Linux 2.6.32-431.el6.x86_64 (slave1) 	2019年07月27日 	_x86_64_	(8 CPU)

01时31分26秒  CPU    %usr   %nice    %sys %iowait    %irq   %soft  %steal  %guest   %idle
01时31分27秒  all   90.91    0.00    8.59    0.00    0.12    0.25    0.00    0.00    0.12
平均时间:  all   90.91    0.00    8.59    0.00    0.12    0.25    0.00    0.00    0.12

Linux 2.6.32-431.el6.x86_64 (slave1) 	2019年07月27日 	_x86_64_	(8 CPU)

01时31分30秒  CPU    %usr   %nice    %sys %iowait    %irq   %soft  %steal  %guest   %idle
01时31分31秒  all   81.34    0.00   13.43    0.00    0.37    4.85    0.00    0.00    0.00
平均时间:  all   81.34    0.00   13.43    0.00    0.37    4.85    0.00    0.00    0.00

Linux 2.6.32-431.el6.x86_64 (slave1) 	2019年07月27日 	_x86_64_	(8 CPU)

01时31分34秒  CPU    %usr   %nice    %sys %iowait    %irq   %soft  %steal  %guest   %idle
01时31分35秒  all   71.71    0.00   18.15    0.00    0.38    9.64    0.00    0.00    0.13
平均时间:  all   71.71    0.00   18.15    0.00    0.38    9.64    0.00    0.00    0.13

Linux 2.6.32-431.el6.x86_64 (slave1) 	2019年07月27日 	_x86_64_	(8 CPU)

01时31分38秒  CPU    %usr   %nice    %sys %iowait    %irq   %soft  %steal  %guest   %idle
01时31分39秒  all   78.97    0.00   13.89    0.00    0.13    6.01    0.00    0.00    1.00
平均时间:  all   78.97    0.00   13.89    0.00    0.13    6.01    0.00    0.00    1.00

Linux 2.6.32-431.el6.x86_64 (slave1) 	2019年07月27日 	_x86_64_	(8 CPU)

01时31分42秒  CPU    %usr   %nice    %sys %iowait    %irq   %soft  %steal  %guest   %idle
01时31分43秒  all   68.13    0.00   17.06    0.00    0.25   14.18    0.00    0.00    0.38
平均时间:  all   68.13    0.00   17.06    0.00    0.25   14.18    0.00    0.00    0.38

Linux 2.6.32-431.el6.x86_64 (slave1) 	2019年07月27日 	_x86_64_	(8 CPU)

01时31分46秒  CPU    %usr   %nice    %sys %iowait    %irq   %soft  %steal  %guest   %idle
01时31分47秒  all   86.97    0.00    9.52    0.00    0.13    0.38    0.00    0.00    3.01
平均时间:  all   86.97    0.00    9.52    0.00    0.13    0.38    0.00    0.00    3.01

Linux 2.6.32-431.el6.x86_64 (slave1) 	2019年07月27日 	_x86_64_	(8 CPU)

01时31分50秒  CPU    %usr   %nice    %sys %iowait    %irq   %soft  %steal  %guest   %idle
01时31分51秒  all   81.98    0.00   15.02    0.00    0.00    2.00    0.00    0.00    1.00
平均时间:  all   81.98    0.00   15.02    0.00    0.00    2.00    0.00    0.00    1.00

Linux 2.6.32-431.el6.x86_64 (slave1) 	2019年07月27日 	_x86_64_	(8 CPU)

01时31分54秒  CPU    %usr   %nice    %sys %iowait    %irq   %soft  %steal  %guest   %idle
01时31分55秒  all   87.31    0.00    9.42    0.00    0.00    0.13    0.00    0.00    3.14
平均时间:  all   87.31    0.00    9.42    0.00    0.00    0.13    0.00    0.00    3.14

Linux 2.6.32-431.el6.x86_64 (slave1) 	2019年07月27日 	_x86_64_	(8 CPU)

01时31分58秒  CPU    %usr   %nice    %sys %iowait    %irq   %soft  %steal  %guest   %idle
01时31分59秒  all   83.42    0.00    8.62    0.00    0.13    1.96    0.00    0.00    5.87
平均时间:  all   83.42    0.00    8.62    0.00    0.13    1.96    0.00    0.00    5.87

Linux 2.6.32-431.el6.x86_64 (slave1) 	2019年07月27日 	_x86_64_	(8 CPU)

01时32分02秒  CPU    %usr   %nice    %sys %iowait    %irq   %soft  %steal  %guest   %idle
01时32分03秒  all   65.86    0.00    9.01    0.00    0.00    0.13    0.00    0.00   25.00
平均时间:  all   65.86    0.00    9.01    0.00    0.00    0.13    0.00    0.00   25.00

Linux 2.6.32-431.el6.x86_64 (slave1) 	2019年07月27日 	_x86_64_	(8 CPU)

01时32分06秒  CPU    %usr   %nice    %sys %iowait    %irq   %soft  %steal  %guest   %idle
01时32分07秒  all   64.10    0.00   16.19    0.00    0.13    3.13    0.00    0.00   16.45
平均时间:  all   64.10    0.00   16.19    0.00    0.13    3.13    0.00    0.00   16.45

Linux 2.6.32-431.el6.x86_64 (slave1) 	2019年07月27日 	_x86_64_	(8 CPU)

01时32分10秒  CPU    %usr   %nice    %sys %iowait    %irq   %soft  %steal  %guest   %idle
01时32分11秒  all   93.01    0.00    6.99    0.00    0.00    0.00    0.00    0.00    0.00
平均时间:  all   93.01    0.00    6.99    0.00    0.00    0.00    0.00    0.00    0.00

Linux 2.6.32-431.el6.x86_64 (slave1) 	2019年07月27日 	_x86_64_	(8 CPU)

01时32分14秒  CPU    %usr   %nice    %sys %iowait    %irq   %soft  %steal  %guest   %idle
01时32分15秒  all   94.03    0.00    5.72    0.00    0.00    0.12    0.00    0.00    0.12
平均时间:  all   94.03    0.00    5.72    0.00    0.00    0.12    0.00    0.00    0.12

Linux 2.6.32-431.el6.x86_64 (slave1) 	2019年07月27日 	_x86_64_	(8 CPU)

01时32分18秒  CPU    %usr   %nice    %sys %iowait    %irq   %soft  %steal  %guest   %idle
01时32分19秒  all   80.45    0.00    6.43    0.00    0.00    0.00    0.00    0.00   13.11
平均时间:  all   80.45    0.00    6.43    0.00    0.00    0.00    0.00    0.00   13.11

Linux 2.6.32-431.el6.x86_64 (slave1) 	2019年07月27日 	_x86_64_	(8 CPU)

01时32分22秒  CPU    %usr   %nice    %sys %iowait    %irq   %soft  %steal  %guest   %idle
01时32分23秒  all   93.12    0.00    6.50    0.00    0.00    0.12    0.00    0.00    0.25
平均时间:  all   93.12    0.00    6.50    0.00    0.00    0.12    0.00    0.00    0.25

Linux 2.6.32-431.el6.x86_64 (slave1) 	2019年07月27日 	_x86_64_	(8 CPU)

01时32分26秒  CPU    %usr   %nice    %sys %iowait    %irq   %soft  %steal  %guest   %idle
01时32分27秒  all   76.21    0.00    8.52    0.00    0.00    0.00    0.00    0.00   15.27
平均时间:  all   76.21    0.00    8.52    0.00    0.00    0.00    0.00    0.00   15.27

Linux 2.6.32-431.el6.x86_64 (slave1) 	2019年07月27日 	_x86_64_	(8 CPU)

01时32分30秒  CPU    %usr   %nice    %sys %iowait    %irq   %soft  %steal  %guest   %idle
01时32分31秒  all   19.97    0.00    8.76    0.00    0.00    4.12    0.00    0.00   67.14
平均时间:  all   19.97    0.00    8.76    0.00    0.00    4.12    0.00    0.00   67.14

Linux 2.6.32-431.el6.x86_64 (slave1) 	2019年07月27日 	_x86_64_	(8 CPU)

01时32分34秒  CPU    %usr   %nice    %sys %iowait    %irq   %soft  %steal  %guest   %idle
01时32分35秒  all   57.12    0.00    5.34    0.00    0.00    0.00    0.00    0.00   37.53
平均时间:  all   57.12    0.00    5.34    0.00    0.00    0.00    0.00    0.00   37.53

Linux 2.6.32-431.el6.x86_64 (slave1) 	2019年07月27日 	_x86_64_	(8 CPU)

01时32分38秒  CPU    %usr   %nice    %sys %iowait    %irq   %soft  %steal  %guest   %idle
01时32分39秒  all   63.45    0.00   10.66    0.00    0.00    0.00    0.00    0.00   25.89
平均时间:  all   63.45    0.00   10.66    0.00    0.00    0.00    0.00    0.00   25.89

Linux 2.6.32-431.el6.x86_64 (slave1) 	2019年07月27日 	_x86_64_	(8 CPU)

01时32分42秒  CPU    %usr   %nice    %sys %iowait    %irq   %soft  %steal  %guest   %idle
01时32分43秒  all   65.52    0.00   11.11    0.00    0.00    0.00    0.00    0.00   23.37
平均时间:  all   65.52    0.00   11.11    0.00    0.00    0.00    0.00    0.00   23.37

Linux 2.6.32-431.el6.x86_64 (slave1) 	2019年07月27日 	_x86_64_	(8 CPU)

01时32分46秒  CPU    %usr   %nice    %sys %iowait    %irq   %soft  %steal  %guest   %idle
01时32分47秒  all   67.64    0.00    5.18    0.00    0.00    0.00    0.00    0.00   27.18
平均时间:  all   67.64    0.00    5.18    0.00    0.00    0.00    0.00    0.00   27.18

Linux 2.6.32-431.el6.x86_64 (slave1) 	2019年07月27日 	_x86_64_	(8 CPU)

01时32分50秒  CPU    %usr   %nice    %sys %iowait    %irq   %soft  %steal  %guest   %idle
01时32分51秒  all   84.30    0.00    9.30    0.00    0.00    0.13    0.00    0.00    6.28
平均时间:  all   84.30    0.00    9.30    0.00    0.00    0.13    0.00    0.00    6.28

Linux 2.6.32-431.el6.x86_64 (slave1) 	2019年07月27日 	_x86_64_	(8 CPU)

01时32分54秒  CPU    %usr   %nice    %sys %iowait    %irq   %soft  %steal  %guest   %idle
01时32分55秒  all   63.57    0.00   10.96    0.00    0.00    0.00    0.00    0.00   25.48
平均时间:  all   63.57    0.00   10.96    0.00    0.00    0.00    0.00    0.00   25.48

Linux 2.6.32-431.el6.x86_64 (slave1) 	2019年07月27日 	_x86_64_	(8 CPU)

01时32分58秒  CPU    %usr   %nice    %sys %iowait    %irq   %soft  %steal  %guest   %idle
01时32分59秒  all   89.74    0.00    7.51    0.00    0.00    0.13    0.00    0.00    2.63
平均时间:  all   89.74    0.00    7.51    0.00    0.00    0.13    0.00    0.00    2.63

Linux 2.6.32-431.el6.x86_64 (slave1) 	2019年07月27日 	_x86_64_	(8 CPU)

01时33分02秒  CPU    %usr   %nice    %sys %iowait    %irq   %soft  %steal  %guest   %idle
01时33分03秒  all   92.46    0.00    7.02    0.00    0.00    0.51    0.00    0.00    0.00
平均时间:  all   92.46    0.00    7.02    0.00    0.00    0.51    0.00    0.00    0.00

Linux 2.6.32-431.el6.x86_64 (slave1) 	2019年07月27日 	_x86_64_	(8 CPU)

01时33分06秒  CPU    %usr   %nice    %sys %iowait    %irq   %soft  %steal  %guest   %idle
01时33分07秒  all   94.26    0.00    5.24    0.00    0.00    0.37    0.00    0.00    0.12
平均时间:  all   94.26    0.00    5.24    0.00    0.00    0.37    0.00    0.00    0.12

Linux 2.6.32-431.el6.x86_64 (slave1) 	2019年07月27日 	_x86_64_	(8 CPU)

01时33分11秒  CPU    %usr   %nice    %sys %iowait    %irq   %soft  %steal  %guest   %idle
01时33分12秒  all   91.76    0.00    6.87    0.00    0.12    0.37    0.00    0.00    0.87
平均时间:  all   91.76    0.00    6.87    0.00    0.12    0.37    0.00    0.00    0.87

Linux 2.6.32-431.el6.x86_64 (slave1) 	2019年07月27日 	_x86_64_	(8 CPU)

01时33分15秒  CPU    %usr   %nice    %sys %iowait    %irq   %soft  %steal  %guest   %idle
01时33分16秒  all   86.45    0.00    7.15    0.00    0.25    1.51    0.00    0.00    4.64
平均时间:  all   86.45    0.00    7.15    0.00    0.25    1.51    0.00    0.00    4.64

Linux 2.6.32-431.el6.x86_64 (slave1) 	2019年07月27日 	_x86_64_	(8 CPU)

01时33分19秒  CPU    %usr   %nice    %sys %iowait    %irq   %soft  %steal  %guest   %idle
01时33分20秒  all   84.49    0.00    7.06    0.00    0.00    1.01    0.00    0.00    7.44
平均时间:  all   84.49    0.00    7.06    0.00    0.00    1.01    0.00    0.00    7.44

Linux 2.6.32-431.el6.x86_64 (slave1) 	2019年07月27日 	_x86_64_	(8 CPU)

01时33分23秒  CPU    %usr   %nice    %sys %iowait    %irq   %soft  %steal  %guest   %idle
01时33分24秒  all   40.23    0.00   10.74    0.00    0.00    0.78    0.00    0.00   48.25
平均时间:  all   40.23    0.00   10.74    0.00    0.00    0.78    0.00    0.00   48.25

Linux 2.6.32-431.el6.x86_64 (slave1) 	2019年07月27日 	_x86_64_	(8 CPU)

01时33分27秒  CPU    %usr   %nice    %sys %iowait    %irq   %soft  %steal  %guest   %idle
01时33分28秒  all   15.73    0.00    8.39    0.00    0.26    5.37    0.00    0.00   70.25
平均时间:  all   15.73    0.00    8.39    0.00    0.26    5.37    0.00    0.00   70.25

Linux 2.6.32-431.el6.x86_64 (slave1) 	2019年07月27日 	_x86_64_	(8 CPU)

01时33分31秒  CPU    %usr   %nice    %sys %iowait    %irq   %soft  %steal  %guest   %idle
01时33分32秒  all    4.59    0.00   15.25    0.00    0.27   16.06    0.00    0.00   63.83
平均时间:  all    4.59    0.00   15.25    0.00    0.27   16.06    0.00    0.00   63.83

Linux 2.6.32-431.el6.x86_64 (slave1) 	2019年07月27日 	_x86_64_	(8 CPU)

01时33分35秒  CPU    %usr   %nice    %sys %iowait    %irq   %soft  %steal  %guest   %idle
01时33分36秒  all   57.14    0.00   20.08    0.00    0.51   11.84    0.00    0.00   10.42
平均时间:  all   57.14    0.00   20.08    0.00    0.51   11.84    0.00    0.00   10.42

Linux 2.6.32-431.el6.x86_64 (slave1) 	2019年07月27日 	_x86_64_	(8 CPU)

01时33分39秒  CPU    %usr   %nice    %sys %iowait    %irq   %soft  %steal  %guest   %idle
01时33分40秒  all   69.13    0.00   18.44    0.00    0.13   11.54    0.00    0.00    0.75
平均时间:  all   69.13    0.00   18.44    0.00    0.13   11.54    0.00    0.00    0.75

Linux 2.6.32-431.el6.x86_64 (slave1) 	2019年07月27日 	_x86_64_	(8 CPU)

01时33分43秒  CPU    %usr   %nice    %sys %iowait    %irq   %soft  %steal  %guest   %idle
01时33分44秒  all   70.26    0.00   17.31    0.00    0.13   12.17    0.00    0.00    0.13
平均时间:  all   70.26    0.00   17.31    0.00    0.13   12.17    0.00    0.00    0.13

Linux 2.6.32-431.el6.x86_64 (slave1) 	2019年07月27日 	_x86_64_	(8 CPU)

01时33分47秒  CPU    %usr   %nice    %sys %iowait    %irq   %soft  %steal  %guest   %idle
01时33分48秒  all   72.68    0.00   19.05    0.00    0.25    8.02    0.00    0.00    0.00
平均时间:  all   72.68    0.00   19.05    0.00    0.25    8.02    0.00    0.00    0.00

Linux 2.6.32-431.el6.x86_64 (slave1) 	2019年07月27日 	_x86_64_	(8 CPU)

01时33分51秒  CPU    %usr   %nice    %sys %iowait    %irq   %soft  %steal  %guest   %idle
01时33分52秒  all   67.67    0.00   22.26    0.00    0.13    9.56    0.00    0.00    0.38
平均时间:  all   67.67    0.00   22.26    0.00    0.13    9.56    0.00    0.00    0.38

Linux 2.6.32-431.el6.x86_64 (slave1) 	2019年07月27日 	_x86_64_	(8 CPU)

01时33分55秒  CPU    %usr   %nice    %sys %iowait    %irq   %soft  %steal  %guest   %idle
01时33分56秒  all   23.35    0.00    7.26    0.00    0.13    1.56    0.00    0.00   67.70
平均时间:  all   23.35    0.00    7.26    0.00    0.13    1.56    0.00    0.00   67.70

Linux 2.6.32-431.el6.x86_64 (slave1) 	2019年07月27日 	_x86_64_	(8 CPU)

01时33分59秒  CPU    %usr   %nice    %sys %iowait    %irq   %soft  %steal  %guest   %idle
01时34分00秒  all   34.57    0.00    5.36    0.00    0.00    0.00    0.00    0.00   60.08
平均时间:  all   34.57    0.00    5.36    0.00    0.00    0.00    0.00    0.00   60.08

Linux 2.6.32-431.el6.x86_64 (slave1) 	2019年07月27日 	_x86_64_	(8 CPU)

01时34分03秒  CPU    %usr   %nice    %sys %iowait    %irq   %soft  %steal  %guest   %idle
01时34分04秒  all   29.89    0.00    3.58    0.00    0.00    0.00    0.00    0.00   66.54
平均时间:  all   29.89    0.00    3.58    0.00    0.00    0.00    0.00    0.00   66.54

Linux 2.6.32-431.el6.x86_64 (slave1) 	2019年07月27日 	_x86_64_	(8 CPU)

01时34分07秒  CPU    %usr   %nice    %sys %iowait    %irq   %soft  %steal  %guest   %idle
01时34分08秒  all   28.86    0.00    2.94    0.00    0.00    0.00    0.00    0.00   68.20
平均时间:  all   28.86    0.00    2.94    0.00    0.00    0.00    0.00    0.00   68.20

Linux 2.6.32-431.el6.x86_64 (slave1) 	2019年07月27日 	_x86_64_	(8 CPU)

01时34分11秒  CPU    %usr   %nice    %sys %iowait    %irq   %soft  %steal  %guest   %idle
01时34分12秒  all   38.14    0.00    9.54    0.00    0.00    0.00    0.00    0.00   52.32
平均时间:  all   38.14    0.00    9.54    0.00    0.00    0.00    0.00    0.00   52.32

Linux 2.6.32-431.el6.x86_64 (slave1) 	2019年07月27日 	_x86_64_	(8 CPU)

01时34分15秒  CPU    %usr   %nice    %sys %iowait    %irq   %soft  %steal  %guest   %idle
01时34分16秒  all   74.97    0.00    7.96    0.00    0.00    0.88    0.00    0.00   16.18
平均时间:  all   74.97    0.00    7.96    0.00    0.00    0.88    0.00    0.00   16.18

Linux 2.6.32-431.el6.x86_64 (slave1) 	2019年07月27日 	_x86_64_	(8 CPU)

01时34分19秒  CPU    %usr   %nice    %sys %iowait    %irq   %soft  %steal  %guest   %idle
01时34分20秒  all   45.21    0.00    3.45    0.00    0.00    1.92    0.00    0.00   49.43
平均时间:  all   45.21    0.00    3.45    0.00    0.00    1.92    0.00    0.00   49.43

Linux 2.6.32-431.el6.x86_64 (slave1) 	2019年07月27日 	_x86_64_	(8 CPU)

01时34分23秒  CPU    %usr   %nice    %sys %iowait    %irq   %soft  %steal  %guest   %idle
01时34分24秒  all   89.85    0.00    7.02    0.00    0.00    0.00    0.00    0.00    3.13
平均时间:  all   89.85    0.00    7.02    0.00    0.00    0.00    0.00    0.00    3.13

Linux 2.6.32-431.el6.x86_64 (slave1) 	2019年07月27日 	_x86_64_	(8 CPU)

01时34分27秒  CPU    %usr   %nice    %sys %iowait    %irq   %soft  %steal  %guest   %idle
01时34分28秒  all   45.35    0.00    3.18    0.00    0.00    3.06    0.00    0.00   48.41
平均时间:  all   45.35    0.00    3.18    0.00    0.00    3.06    0.00    0.00   48.41

Linux 2.6.32-431.el6.x86_64 (slave1) 	2019年07月27日 	_x86_64_	(8 CPU)

01时34分31秒  CPU    %usr   %nice    %sys %iowait    %irq   %soft  %steal  %guest   %idle
01时34分32秒  all   47.46    0.00    2.93    0.00    0.00    1.27    0.00    0.00   48.35
平均时间:  all   47.46    0.00    2.93    0.00    0.00    1.27    0.00    0.00   48.35

Linux 2.6.32-431.el6.x86_64 (slave1) 	2019年07月27日 	_x86_64_	(8 CPU)

01时34分35秒  CPU    %usr   %nice    %sys %iowait    %irq   %soft  %steal  %guest   %idle
01时34分36秒  all   27.98    0.00    2.82    0.00    0.00    1.80    0.00    0.00   67.39
平均时间:  all   27.98    0.00    2.82    0.00    0.00    1.80    0.00    0.00   67.39

Linux 2.6.32-431.el6.x86_64 (slave1) 	2019年07月27日 	_x86_64_	(8 CPU)

01时34分39秒  CPU    %usr   %nice    %sys %iowait    %irq   %soft  %steal  %guest   %idle
01时34分40秒  all   26.87    0.00    0.89    0.00    0.00    0.89    0.00    0.00   71.36
平均时间:  all   26.87    0.00    0.89    0.00    0.00    0.89    0.00    0.00   71.36

Linux 2.6.32-431.el6.x86_64 (slave1) 	2019年07月27日 	_x86_64_	(8 CPU)

01时34分43秒  CPU    %usr   %nice    %sys %iowait    %irq   %soft  %steal  %guest   %idle
01时34分44秒  all   66.50    0.00    6.52    0.00    0.00    0.77    0.00    0.00   26.21
平均时间:  all   66.50    0.00    6.52    0.00    0.00    0.77    0.00    0.00   26.21

Linux 2.6.32-431.el6.x86_64 (slave1) 	2019年07月27日 	_x86_64_	(8 CPU)

01时34分47秒  CPU    %usr   %nice    %sys %iowait    %irq   %soft  %steal  %guest   %idle
01时34分48秒  all    6.83    0.00    8.76    0.00    0.00    7.47    0.00    0.00   76.93
平均时间:  all    6.83    0.00    8.76    0.00    0.00    7.47    0.00    0.00   76.93

Linux 2.6.32-431.el6.x86_64 (slave1) 	2019年07月27日 	_x86_64_	(8 CPU)

01时34分51秒  CPU    %usr   %nice    %sys %iowait    %irq   %soft  %steal  %guest   %idle
01时34分52秒  all   57.58    0.00    9.30    0.00    0.00    0.00    0.00    0.00   33.12
平均时间:  all   57.58    0.00    9.30    0.00    0.00    0.00    0.00    0.00   33.12

Linux 2.6.32-431.el6.x86_64 (slave1) 	2019年07月27日 	_x86_64_	(8 CPU)

01时34分55秒  CPU    %usr   %nice    %sys %iowait    %irq   %soft  %steal  %guest   %idle
01时34分56秒  all   70.49    0.00    9.46    0.00    0.13    0.13    0.00    0.00   19.80
平均时间:  all   70.49    0.00    9.46    0.00    0.13    0.13    0.00    0.00   19.80

Linux 2.6.32-431.el6.x86_64 (slave1) 	2019年07月27日 	_x86_64_	(8 CPU)

01时34分59秒  CPU    %usr   %nice    %sys %iowait    %irq   %soft  %steal  %guest   %idle
01时35分00秒  all   69.81    0.00    5.10    0.00    0.00    0.89    0.00    0.00   24.20
平均时间:  all   69.81    0.00    5.10    0.00    0.00    0.89    0.00    0.00   24.20

Linux 2.6.32-431.el6.x86_64 (slave1) 	2019年07月27日 	_x86_64_	(8 CPU)

01时35分03秒  CPU    %usr   %nice    %sys %iowait    %irq   %soft  %steal  %guest   %idle
01时35分04秒  all   46.21    0.00    3.47    0.00    0.00    1.16    0.00    0.00   49.17
平均时间:  all   46.21    0.00    3.47    0.00    0.00    1.16    0.00    0.00   49.17

Linux 2.6.32-431.el6.x86_64 (slave1) 	2019年07月27日 	_x86_64_	(8 CPU)

01时35分07秒  CPU    %usr   %nice    %sys %iowait    %irq   %soft  %steal  %guest   %idle
01时35分08秒  all   75.03    0.00    3.40    0.00    0.00    0.13    0.00    0.00   21.44
平均时间:  all   75.03    0.00    3.40    0.00    0.00    0.13    0.00    0.00   21.44

Linux 2.6.32-431.el6.x86_64 (slave1) 	2019年07月27日 	_x86_64_	(8 CPU)

01时35分11秒  CPU    %usr   %nice    %sys %iowait    %irq   %soft  %steal  %guest   %idle
01时35分12秒  all   80.00    0.00    7.64    0.00    0.13    1.02    0.00    0.00   11.21
平均时间:  all   80.00    0.00    7.64    0.00    0.13    1.02    0.00    0.00   11.21

Linux 2.6.32-431.el6.x86_64 (slave1) 	2019年07月27日 	_x86_64_	(8 CPU)

01时35分15秒  CPU    %usr   %nice    %sys %iowait    %irq   %soft  %steal  %guest   %idle
01时35分16秒  all   62.90    0.00    6.68    0.00    0.26    0.90    0.00    0.00   29.27
平均时间:  all   62.90    0.00    6.68    0.00    0.26    0.90    0.00    0.00   29.27

Linux 2.6.32-431.el6.x86_64 (slave1) 	2019年07月27日 	_x86_64_	(8 CPU)

01时35分19秒  CPU    %usr   %nice    %sys %iowait    %irq   %soft  %steal  %guest   %idle
01时35分20秒  all   49.42    0.00    1.92    0.00    0.00    0.00    0.00    0.00   48.66
平均时间:  all   49.42    0.00    1.92    0.00    0.00    0.00    0.00    0.00   48.66

Linux 2.6.32-431.el6.x86_64 (slave1) 	2019年07月27日 	_x86_64_	(8 CPU)

01时35分23秒  CPU    %usr   %nice    %sys %iowait    %irq   %soft  %steal  %guest   %idle
01时35分24秒  all   53.98    0.00    6.04    0.00    0.26    1.29    0.00    0.00   38.43
平均时间:  all   53.98    0.00    6.04    0.00    0.26    1.29    0.00    0.00   38.43

Linux 2.6.32-431.el6.x86_64 (slave1) 	2019年07月27日 	_x86_64_	(8 CPU)

01时35分27秒  CPU    %usr   %nice    %sys %iowait    %irq   %soft  %steal  %guest   %idle
01时35分28秒  all   67.35    0.00    7.23    0.00    0.13    1.94    0.00    0.00   23.35
平均时间:  all   67.35    0.00    7.23    0.00    0.13    1.94    0.00    0.00   23.35

Linux 2.6.32-431.el6.x86_64 (slave1) 	2019年07月27日 	_x86_64_	(8 CPU)

01时35分34秒  CPU    %usr   %nice    %sys %iowait    %irq   %soft  %steal  %guest   %idle
01时35分35秒  all   51.55    0.00    6.19    0.00    0.00    2.58    0.00    0.00   39.69
平均时间:  all   51.55    0.00    6.19    0.00    0.00    2.58    0.00    0.00   39.69

Linux 2.6.32-431.el6.x86_64 (slave1) 	2019年07月27日 	_x86_64_	(8 CPU)

01时35分38秒  CPU    %usr   %nice    %sys %iowait    %irq   %soft  %steal  %guest   %idle
01时35分39秒  all   47.80    0.00   15.71    0.00    0.27   12.38    0.00    0.00   23.83
平均时间:  all   47.80    0.00   15.71    0.00    0.27   12.38    0.00    0.00   23.83

Linux 2.6.32-431.el6.x86_64 (slave1) 	2019年07月27日 	_x86_64_	(8 CPU)

01时35分42秒  CPU    %usr   %nice    %sys %iowait    %irq   %soft  %steal  %guest   %idle
01时35分43秒  all   50.26    0.00   16.05    0.00    0.26   14.74    0.00    0.00   18.68
平均时间:  all   50.26    0.00   16.05    0.00    0.26   14.74    0.00    0.00   18.68

Linux 2.6.32-431.el6.x86_64 (slave1) 	2019年07月27日 	_x86_64_	(8 CPU)

01时35分46秒  CPU    %usr   %nice    %sys %iowait    %irq   %soft  %steal  %guest   %idle
01时35分47秒  all   41.86    0.00   13.18    0.00    0.26   15.63    0.00    0.00   29.07
平均时间:  all   41.86    0.00   13.18    0.00    0.26   15.63    0.00    0.00   29.07

Linux 2.6.32-431.el6.x86_64 (slave1) 	2019年07月27日 	_x86_64_	(8 CPU)

01时35分50秒  CPU    %usr   %nice    %sys %iowait    %irq   %soft  %steal  %guest   %idle
01时35分51秒  all   73.56    0.00   13.91    0.00    0.25   10.90    0.00    0.00    1.38
平均时间:  all   73.56    0.00   13.91    0.00    0.25   10.90    0.00    0.00    1.38

Linux 2.6.32-431.el6.x86_64 (slave1) 	2019年07月27日 	_x86_64_	(8 CPU)

01时35分54秒  CPU    %usr   %nice    %sys %iowait    %irq   %soft  %steal  %guest   %idle
01时35分55秒  all   71.97    0.00   11.85    0.00    0.13    3.57    0.00    0.00   12.48
平均时间:  all   71.97    0.00   11.85    0.00    0.13    3.57    0.00    0.00   12.48

Linux 2.6.32-431.el6.x86_64 (slave1) 	2019年07月27日 	_x86_64_	(8 CPU)

01时35分58秒  CPU    %usr   %nice    %sys %iowait    %irq   %soft  %steal  %guest   %idle
01时35分59秒  all   44.90    0.00   10.20    0.00    0.00    0.26    0.00    0.00   44.64
平均时间:  all   44.90    0.00   10.20    0.00    0.00    0.26    0.00    0.00   44.64

Linux 2.6.32-431.el6.x86_64 (slave1) 	2019年07月27日 	_x86_64_	(8 CPU)

01时36分02秒  CPU    %usr   %nice    %sys %iowait    %irq   %soft  %steal  %guest   %idle
01时36分03秒  all   85.55    0.00   10.55    0.00    0.25    0.25    0.00    0.00    3.39
平均时间:  all   85.55    0.00   10.55    0.00    0.25    0.25    0.00    0.00    3.39

Linux 2.6.32-431.el6.x86_64 (slave1) 	2019年07月27日 	_x86_64_	(8 CPU)

01时36分06秒  CPU    %usr   %nice    %sys %iowait    %irq   %soft  %steal  %guest   %idle
01时36分07秒  all   93.88    0.00    5.87    0.00    0.00    0.12    0.00    0.00    0.12
平均时间:  all   93.88    0.00    5.87    0.00    0.00    0.12    0.00    0.00    0.12

Linux 2.6.32-431.el6.x86_64 (slave1) 	2019年07月27日 	_x86_64_	(8 CPU)

01时36分10秒  CPU    %usr   %nice    %sys %iowait    %irq   %soft  %steal  %guest   %idle
01时36分11秒  all   89.88    0.00    6.62    0.00    0.00    3.50    0.00    0.00    0.00
平均时间:  all   89.88    0.00    6.62    0.00    0.00    3.50    0.00    0.00    0.00

Linux 2.6.32-431.el6.x86_64 (slave1) 	2019年07月27日 	_x86_64_	(8 CPU)

01时36分14秒  CPU    %usr   %nice    %sys %iowait    %irq   %soft  %steal  %guest   %idle
01时36分15秒  all   92.25    0.00    7.12    0.00    0.00    0.12    0.00    0.00    0.50
平均时间:  all   92.25    0.00    7.12    0.00    0.00    0.12    0.00    0.00    0.50

Linux 2.6.32-431.el6.x86_64 (slave1) 	2019年07月27日 	_x86_64_	(8 CPU)

01时36分18秒  CPU    %usr   %nice    %sys %iowait    %irq   %soft  %steal  %guest   %idle
01时36分19秒  all   64.37    0.00    5.75    0.00    0.00    0.13    0.00    0.00   29.76
平均时间:  all   64.37    0.00    5.75    0.00    0.00    0.13    0.00    0.00   29.76

Linux 2.6.32-431.el6.x86_64 (slave1) 	2019年07月27日 	_x86_64_	(8 CPU)

01时36分22秒  CPU    %usr   %nice    %sys %iowait    %irq   %soft  %steal  %guest   %idle
01时36分23秒  all   38.80    0.00    5.76    0.00    0.00    0.13    0.00    0.00   55.31
平均时间:  all   38.80    0.00    5.76    0.00    0.00    0.13    0.00    0.00   55.31

Linux 2.6.32-431.el6.x86_64 (slave1) 	2019年07月27日 	_x86_64_	(8 CPU)

01时36分26秒  CPU    %usr   %nice    %sys %iowait    %irq   %soft  %steal  %guest   %idle
01时36分27秒  all   37.60    0.00    6.14    0.00    0.00    0.77    0.00    0.00   55.50
平均时间:  all   37.60    0.00    6.14    0.00    0.00    0.77    0.00    0.00   55.50

Linux 2.6.32-431.el6.x86_64 (slave1) 	2019年07月27日 	_x86_64_	(8 CPU)

01时36分30秒  CPU    %usr   %nice    %sys %iowait    %irq   %soft  %steal  %guest   %idle
01时36分31秒  all   21.55    0.00    2.41    0.00    0.00    0.25    0.00    0.00   75.79
平均时间:  all   21.55    0.00    2.41    0.00    0.00    0.25    0.00    0.00   75.79

Linux 2.6.32-431.el6.x86_64 (slave1) 	2019年07月27日 	_x86_64_	(8 CPU)

01时36分34秒  CPU    %usr   %nice    %sys %iowait    %irq   %soft  %steal  %guest   %idle
01时36分35秒  all   61.38    0.00    9.46    0.00    0.00    0.00    0.00    0.00   29.16
平均时间:  all   61.38    0.00    9.46    0.00    0.00    0.00    0.00    0.00   29.16

Linux 2.6.32-431.el6.x86_64 (slave1) 	2019年07月27日 	_x86_64_	(8 CPU)

01时36分38秒  CPU    %usr   %nice    %sys %iowait    %irq   %soft  %steal  %guest   %idle
01时36分39秒  all   78.20    0.00   12.67    0.00    0.00    0.38    0.00    0.00    8.75
平均时间:  all   78.20    0.00   12.67    0.00    0.00    0.38    0.00    0.00    8.75

Linux 2.6.32-431.el6.x86_64 (slave1) 	2019年07月27日 	_x86_64_	(8 CPU)

01时36分42秒  CPU    %usr   %nice    %sys %iowait    %irq   %soft  %steal  %guest   %idle
01时36分43秒  all   75.03    0.00   16.14    0.00    0.13    0.63    0.00    0.00    8.07
平均时间:  all   75.03    0.00   16.14    0.00    0.13    0.63    0.00    0.00    8.07

Linux 2.6.32-431.el6.x86_64 (slave1) 	2019年07月27日 	_x86_64_	(8 CPU)

01时36分46秒  CPU    %usr   %nice    %sys %iowait    %irq   %soft  %steal  %guest   %idle
01时36分47秒  all   31.25    0.00    6.25    0.00    0.00    0.38    0.00    0.00   62.12
平均时间:  all   31.25    0.00    6.25    0.00    0.00    0.38    0.00    0.00   62.12

Linux 2.6.32-431.el6.x86_64 (slave1) 	2019年07月27日 	_x86_64_	(8 CPU)

01时36分50秒  CPU    %usr   %nice    %sys %iowait    %irq   %soft  %steal  %guest   %idle
01时36分51秒  all   77.97    0.00   11.90    0.00    0.00    0.00    0.00    0.00   10.13
平均时间:  all   77.97    0.00   11.90    0.00    0.00    0.00    0.00    0.00   10.13

Linux 2.6.32-431.el6.x86_64 (slave1) 	2019年07月27日 	_x86_64_	(8 CPU)

01时36分54秒  CPU    %usr   %nice    %sys %iowait    %irq   %soft  %steal  %guest   %idle
01时36分55秒  all   69.74    0.00   17.40    0.00    0.00    0.76    0.00    0.00   12.11
平均时间:  all   69.74    0.00   17.40    0.00    0.00    0.76    0.00    0.00   12.11

Linux 2.6.32-431.el6.x86_64 (slave1) 	2019年07月27日 	_x86_64_	(8 CPU)

01时36分59秒  CPU    %usr   %nice    %sys %iowait    %irq   %soft  %steal  %guest   %idle
01时37分00秒  all   89.38    0.00   10.12    0.00    0.00    0.50    0.00    0.00    0.00
平均时间:  all   89.38    0.00   10.12    0.00    0.00    0.50    0.00    0.00    0.00

Linux 2.6.32-431.el6.x86_64 (slave1) 	2019年07月27日 	_x86_64_	(8 CPU)

01时37分03秒  CPU    %usr   %nice    %sys %iowait    %irq   %soft  %steal  %guest   %idle
01时37分04秒  all   88.11    0.00   11.39    0.00    0.00    0.25    0.00    0.00    0.25
平均时间:  all   88.11    0.00   11.39    0.00    0.00    0.25    0.00    0.00    0.25

Linux 2.6.32-431.el6.x86_64 (slave1) 	2019年07月27日 	_x86_64_	(8 CPU)

01时37分07秒  CPU    %usr   %nice    %sys %iowait    %irq   %soft  %steal  %guest   %idle
01时37分08秒  all   71.48    0.00   13.31    0.00    0.00    0.13    0.00    0.00   15.08
平均时间:  all   71.48    0.00   13.31    0.00    0.00    0.13    0.00    0.00   15.08

Linux 2.6.32-431.el6.x86_64 (slave1) 	2019年07月27日 	_x86_64_	(8 CPU)

01时37分11秒  CPU    %usr   %nice    %sys %iowait    %irq   %soft  %steal  %guest   %idle
01时37分12秒  all   89.84    0.00    6.15    0.00    0.00    0.00    0.00    0.00    4.02
平均时间:  all   89.84    0.00    6.15    0.00    0.00    0.00    0.00    0.00    4.02

Linux 2.6.32-431.el6.x86_64 (slave1) 	2019年07月27日 	_x86_64_	(8 CPU)

01时37分15秒  CPU    %usr   %nice    %sys %iowait    %irq   %soft  %steal  %guest   %idle
01时37分16秒  all   75.60    0.00    9.15    0.00    0.00    0.13    0.00    0.00   15.12
平均时间:  all   75.60    0.00    9.15    0.00    0.00    0.13    0.00    0.00   15.12

Linux 2.6.32-431.el6.x86_64 (slave1) 	2019年07月27日 	_x86_64_	(8 CPU)

01时37分19秒  CPU    %usr   %nice    %sys %iowait    %irq   %soft  %steal  %guest   %idle
01时37分20秒  all   28.99    0.00    6.26    0.00    0.00    1.15    0.00    0.00   63.60
平均时间:  all   28.99    0.00    6.26    0.00    0.00    1.15    0.00    0.00   63.60

Linux 2.6.32-431.el6.x86_64 (slave1) 	2019年07月27日 	_x86_64_	(8 CPU)

01时37分23秒  CPU    %usr   %nice    %sys %iowait    %irq   %soft  %steal  %guest   %idle
01时37分24秒  all   52.80    0.00    6.36    0.00    0.00    0.00    0.00    0.00   40.84
平均时间:  all   52.80    0.00    6.36    0.00    0.00    0.00    0.00    0.00   40.84

Linux 2.6.32-431.el6.x86_64 (slave1) 	2019年07月27日 	_x86_64_	(8 CPU)

01时37分27秒  CPU    %usr   %nice    %sys %iowait    %irq   %soft  %steal  %guest   %idle
01时37分28秒  all    8.93    0.00    6.34    0.00    0.13    0.91    0.00    0.00   83.70
平均时间:  all    8.93    0.00    6.34    0.00    0.13    0.91    0.00    0.00   83.70

Linux 2.6.32-431.el6.x86_64 (slave1) 	2019年07月27日 	_x86_64_	(8 CPU)

01时37分31秒  CPU    %usr   %nice    %sys %iowait    %irq   %soft  %steal  %guest   %idle
01时37分32秒  all   43.29    0.00   16.60    0.00    0.27    6.77    0.00    0.00   33.07
平均时间:  all   43.29    0.00   16.60    0.00    0.27    6.77    0.00    0.00   33.07

Linux 2.6.32-431.el6.x86_64 (slave1) 	2019年07月27日 	_x86_64_	(8 CPU)

01时37分35秒  CPU    %usr   %nice    %sys %iowait    %irq   %soft  %steal  %guest   %idle
01时37分36秒  all   64.86    0.00   21.41    0.00    0.38   11.46    0.00    0.00    1.89
平均时间:  all   64.86    0.00   21.41    0.00    0.38   11.46    0.00    0.00    1.89

Linux 2.6.32-431.el6.x86_64 (slave1) 	2019年07月27日 	_x86_64_	(8 CPU)

01时37分39秒  CPU    %usr   %nice    %sys %iowait    %irq   %soft  %steal  %guest   %idle
01时37分40秒  all   25.40    0.00   12.77    0.13    0.66   11.84    0.00    0.00   49.20
平均时间:  all   25.40    0.00   12.77    0.13    0.66   11.84    0.00    0.00   49.20

Linux 2.6.32-431.el6.x86_64 (slave1) 	2019年07月27日 	_x86_64_	(8 CPU)

01时37分43秒  CPU    %usr   %nice    %sys %iowait    %irq   %soft  %steal  %guest   %idle
01时37分44秒  all   67.51    0.00   19.67    0.00    0.38    6.60    0.00    0.00    5.84
平均时间:  all   67.51    0.00   19.67    0.00    0.38    6.60    0.00    0.00    5.84

Linux 2.6.32-431.el6.x86_64 (slave1) 	2019年07月27日 	_x86_64_	(8 CPU)

01时37分47秒  CPU    %usr   %nice    %sys %iowait    %irq   %soft  %steal  %guest   %idle
01时37分48秒  all   75.59    0.00   14.89    0.00    0.00    9.14    0.00    0.00    0.38
平均时间:  all   75.59    0.00   14.89    0.00    0.00    9.14    0.00    0.00    0.38

Linux 2.6.32-431.el6.x86_64 (slave1) 	2019年07月27日 	_x86_64_	(8 CPU)

01时37分51秒  CPU    %usr   %nice    %sys %iowait    %irq   %soft  %steal  %guest   %idle
01时37分52秒  all   80.51    0.00   12.03    0.00    0.00    0.13    0.00    0.00    7.34
平均时间:  all   80.51    0.00   12.03    0.00    0.00    0.13    0.00    0.00    7.34

Linux 2.6.32-431.el6.x86_64 (slave1) 	2019年07月27日 	_x86_64_	(8 CPU)

01时37分55秒  CPU    %usr   %nice    %sys %iowait    %irq   %soft  %steal  %guest   %idle
01时37分56秒  all   74.62    0.00   10.03    0.00    0.00    0.25    0.00    0.00   15.10
平均时间:  all   74.62    0.00   10.03    0.00    0.00    0.25    0.00    0.00   15.10

Linux 2.6.32-431.el6.x86_64 (slave1) 	2019年07月27日 	_x86_64_	(8 CPU)

01时37分59秒  CPU    %usr   %nice    %sys %iowait    %irq   %soft  %steal  %guest   %idle
01时38分00秒  all   79.62    0.00    9.87    0.00    0.00    0.13    0.00    0.00   10.38
平均时间:  all   79.62    0.00    9.87    0.00    0.00    0.13    0.00    0.00   10.38

Linux 2.6.32-431.el6.x86_64 (slave1) 	2019年07月27日 	_x86_64_	(8 CPU)

01时38分03秒  CPU    %usr   %nice    %sys %iowait    %irq   %soft  %steal  %guest   %idle
01时38分04秒  all   90.50    0.00    9.38    0.00    0.00    0.12    0.00    0.00    0.00
平均时间:  all   90.50    0.00    9.38    0.00    0.00    0.12    0.00    0.00    0.00

Linux 2.6.32-431.el6.x86_64 (slave1) 	2019年07月27日 	_x86_64_	(8 CPU)

01时38分07秒  CPU    %usr   %nice    %sys %iowait    %irq   %soft  %steal  %guest   %idle
01时38分08秒  all   81.83    0.00   16.04    0.00    0.00    1.50    0.00    0.00    0.63
平均时间:  all   81.83    0.00   16.04    0.00    0.00    1.50    0.00    0.00    0.63

Linux 2.6.32-431.el6.x86_64 (slave1) 	2019年07月27日 	_x86_64_	(8 CPU)

01时38分11秒  CPU    %usr   %nice    %sys %iowait    %irq   %soft  %steal  %guest   %idle
01时38分12秒  all   59.14    0.00    9.73    0.00    0.13    0.78    0.00    0.00   30.22
平均时间:  all   59.14    0.00    9.73    0.00    0.13    0.78    0.00    0.00   30.22

Linux 2.6.32-431.el6.x86_64 (slave1) 	2019年07月27日 	_x86_64_	(8 CPU)

01时38分15秒  CPU    %usr   %nice    %sys %iowait    %irq   %soft  %steal  %guest   %idle
01时38分16秒  all   84.66    0.00   11.41    0.00    0.25    0.63    0.00    0.00    3.04
平均时间:  all   84.66    0.00   11.41    0.00    0.25    0.63    0.00    0.00    3.04

Linux 2.6.32-431.el6.x86_64 (slave1) 	2019年07月27日 	_x86_64_	(8 CPU)

01时38分19秒  CPU    %usr   %nice    %sys %iowait    %irq   %soft  %steal  %guest   %idle
01时38分20秒  all   85.52    0.00   10.83    0.00    0.13    0.50    0.00    0.00    3.02
平均时间:  all   85.52    0.00   10.83    0.00    0.13    0.50    0.00    0.00    3.02

Linux 2.6.32-431.el6.x86_64 (slave1) 	2019年07月27日 	_x86_64_	(8 CPU)

01时38分23秒  CPU    %usr   %nice    %sys %iowait    %irq   %soft  %steal  %guest   %idle
01时38分24秒  all   87.95    0.00   10.04    0.00    0.13    0.25    0.00    0.00    1.63
平均时间:  all   87.95    0.00   10.04    0.00    0.13    0.25    0.00    0.00    1.63

Linux 2.6.32-431.el6.x86_64 (slave1) 	2019年07月27日 	_x86_64_	(8 CPU)

01时38分27秒  CPU    %usr   %nice    %sys %iowait    %irq   %soft  %steal  %guest   %idle
01时38分28秒  all   93.09    0.00    6.66    0.00    0.00    0.25    0.00    0.00    0.00
平均时间:  all   93.09    0.00    6.66    0.00    0.00    0.25    0.00    0.00    0.00

Linux 2.6.32-431.el6.x86_64 (slave1) 	2019年07月27日 	_x86_64_	(8 CPU)

01时38分31秒  CPU    %usr   %nice    %sys %iowait    %irq   %soft  %steal  %guest   %idle
01时38分32秒  all   91.11    0.00    7.88    0.00    0.13    0.38    0.00    0.00    0.50
平均时间:  all   91.11    0.00    7.88    0.00    0.13    0.38    0.00    0.00    0.50

Linux 2.6.32-431.el6.x86_64 (slave1) 	2019年07月27日 	_x86_64_	(8 CPU)

01时38分35秒  CPU    %usr   %nice    %sys %iowait    %irq   %soft  %steal  %guest   %idle
01时38分36秒  all   90.49    0.00    7.76    0.00    0.00    0.25    0.00    0.00    1.50
平均时间:  all   90.49    0.00    7.76    0.00    0.00    0.25    0.00    0.00    1.50

Linux 2.6.32-431.el6.x86_64 (slave1) 	2019年07月27日 	_x86_64_	(8 CPU)

01时38分39秒  CPU    %usr   %nice    %sys %iowait    %irq   %soft  %steal  %guest   %idle
01时38分40秒  all   93.88    0.00    5.49    0.00    0.00    0.25    0.00    0.00    0.37
平均时间:  all   93.88    0.00    5.49    0.00    0.00    0.25    0.00    0.00    0.37

Linux 2.6.32-431.el6.x86_64 (slave1) 	2019年07月27日 	_x86_64_	(8 CPU)

01时38分43秒  CPU    %usr   %nice    %sys %iowait    %irq   %soft  %steal  %guest   %idle
01时38分44秒  all   89.07    0.00    6.91    0.00    0.00    0.38    0.00    0.00    3.64
平均时间:  all   89.07    0.00    6.91    0.00    0.00    0.38    0.00    0.00    3.64

Linux 2.6.32-431.el6.x86_64 (slave1) 	2019年07月27日 	_x86_64_	(8 CPU)

01时38分47秒  CPU    %usr   %nice    %sys %iowait    %irq   %soft  %steal  %guest   %idle
01时38分48秒  all   94.25    0.00    5.25    0.00    0.00    0.25    0.00    0.00    0.25
平均时间:  all   94.25    0.00    5.25    0.00    0.00    0.25    0.00    0.00    0.25

Linux 2.6.32-431.el6.x86_64 (slave1) 	2019年07月27日 	_x86_64_	(8 CPU)

01时38分51秒  CPU    %usr   %nice    %sys %iowait    %irq   %soft  %steal  %guest   %idle
01时38分52秒  all   57.47    0.00   12.90    0.00    0.00    1.02    0.00    0.00   28.61
平均时间:  all   57.47    0.00   12.90    0.00    0.00    1.02    0.00    0.00   28.61

Linux 2.6.32-431.el6.x86_64 (slave1) 	2019年07月27日 	_x86_64_	(8 CPU)

01时38分55秒  CPU    %usr   %nice    %sys %iowait    %irq   %soft  %steal  %guest   %idle
01时38分56秒  all   62.56    0.00    8.88    0.00    0.13    0.13    0.00    0.00   28.30
平均时间:  all   62.56    0.00    8.88    0.00    0.13    0.13    0.00    0.00   28.30

Linux 2.6.32-431.el6.x86_64 (slave1) 	2019年07月27日 	_x86_64_	(8 CPU)

01时38分59秒  CPU    %usr   %nice    %sys %iowait    %irq   %soft  %steal  %guest   %idle
01时39分00秒  all   79.17    0.00   17.06    0.00    0.13    1.51    0.00    0.00    2.13
平均时间:  all   79.17    0.00   17.06    0.00    0.13    1.51    0.00    0.00    2.13

Linux 2.6.32-431.el6.x86_64 (slave1) 	2019年07月27日 	_x86_64_	(8 CPU)

01时39分04秒  CPU    %usr   %nice    %sys %iowait    %irq   %soft  %steal  %guest   %idle
01时39分05秒  all   89.50    0.00    9.25    0.00    0.25    0.88    0.00    0.00    0.12
平均时间:  all   89.50    0.00    9.25    0.00    0.25    0.88    0.00    0.00    0.12

Linux 2.6.32-431.el6.x86_64 (slave1) 	2019年07月27日 	_x86_64_	(8 CPU)

01时39分08秒  CPU    %usr   %nice    %sys %iowait    %irq   %soft  %steal  %guest   %idle
01时39分09秒  all   93.12    0.00    6.50    0.00    0.00    0.00    0.00    0.00    0.38
平均时间:  all   93.12    0.00    6.50    0.00    0.00    0.00    0.00    0.00    0.38

Linux 2.6.32-431.el6.x86_64 (slave1) 	2019年07月27日 	_x86_64_	(8 CPU)

01时39分12秒  CPU    %usr   %nice    %sys %iowait    %irq   %soft  %steal  %guest   %idle
01时39分13秒  all   85.95    0.00   10.54    0.00    0.13    0.00    0.00    0.00    3.39
平均时间:  all   85.95    0.00   10.54    0.00    0.13    0.00    0.00    0.00    3.39

Linux 2.6.32-431.el6.x86_64 (slave1) 	2019年07月27日 	_x86_64_	(8 CPU)

01时39分16秒  CPU    %usr   %nice    %sys %iowait    %irq   %soft  %steal  %guest   %idle
01时39分17秒  all   88.47    0.00    6.64    0.00    0.13    0.00    0.00    0.00    4.76
平均时间:  all   88.47    0.00    6.64    0.00    0.13    0.00    0.00    0.00    4.76

Linux 2.6.32-431.el6.x86_64 (slave1) 	2019年07月27日 	_x86_64_	(8 CPU)

01时39分20秒  CPU    %usr   %nice    %sys %iowait    %irq   %soft  %steal  %guest   %idle
01时39分21秒  all   33.29    0.00    6.27    0.00    0.00    0.13    0.00    0.00   60.31
平均时间:  all   33.29    0.00    6.27    0.00    0.00    0.13    0.00    0.00   60.31

Linux 2.6.32-431.el6.x86_64 (slave1) 	2019年07月27日 	_x86_64_	(8 CPU)

01时39分24秒  CPU    %usr   %nice    %sys %iowait    %irq   %soft  %steal  %guest   %idle
01时39分25秒  all   38.31    0.00    5.24    0.00    0.00    1.15    0.00    0.00   55.30
平均时间:  all   38.31    0.00    5.24    0.00    0.00    1.15    0.00    0.00   55.30

Linux 2.6.32-431.el6.x86_64 (slave1) 	2019年07月27日 	_x86_64_	(8 CPU)

01时39分28秒  CPU    %usr   %nice    %sys %iowait    %irq   %soft  %steal  %guest   %idle
01时39分29秒  all   42.95    0.00    7.18    0.00    0.00    0.00    0.00    0.00   49.87
平均时间:  all   42.95    0.00    7.18    0.00    0.00    0.00    0.00    0.00   49.87

Linux 2.6.32-431.el6.x86_64 (slave1) 	2019年07月27日 	_x86_64_	(8 CPU)

01时39分32秒  CPU    %usr   %nice    %sys %iowait    %irq   %soft  %steal  %guest   %idle
01时39分33秒  all   50.19    0.00    8.66    0.00    0.00    0.13    0.00    0.00   41.02
平均时间:  all   50.19    0.00    8.66    0.00    0.00    0.13    0.00    0.00   41.02

Linux 2.6.32-431.el6.x86_64 (slave1) 	2019年07月27日 	_x86_64_	(8 CPU)

01时39分36秒  CPU    %usr   %nice    %sys %iowait    %irq   %soft  %steal  %guest   %idle
01时39分37秒  all   66.16    0.00   10.90    0.00    0.00    0.13    0.00    0.00   22.81
平均时间:  all   66.16    0.00   10.90    0.00    0.00    0.13    0.00    0.00   22.81

Linux 2.6.32-431.el6.x86_64 (slave1) 	2019年07月27日 	_x86_64_	(8 CPU)

01时39分40秒  CPU    %usr   %nice    %sys %iowait    %irq   %soft  %steal  %guest   %idle
01时39分41秒  all   74.49    0.00   11.87    0.00    0.00    0.00    0.00    0.00   13.64
平均时间:  all   74.49    0.00   11.87    0.00    0.00    0.00    0.00    0.00   13.64

Linux 2.6.32-431.el6.x86_64 (slave1) 	2019年07月27日 	_x86_64_	(8 CPU)

01时39分44秒  CPU    %usr   %nice    %sys %iowait    %irq   %soft  %steal  %guest   %idle
01时39分45秒  all   20.38    0.00    3.54    0.00    0.00    0.00    0.00    0.00   76.08
平均时间:  all   20.38    0.00    3.54    0.00    0.00    0.00    0.00    0.00   76.08

Linux 2.6.32-431.el6.x86_64 (slave1) 	2019年07月27日 	_x86_64_	(8 CPU)

01时39分48秒  CPU    %usr   %nice    %sys %iowait    %irq   %soft  %steal  %guest   %idle
01时39分49秒  all   92.39    0.00    7.36    0.00    0.00    0.12    0.00    0.00    0.12
平均时间:  all   92.39    0.00    7.36    0.00    0.00    0.12    0.00    0.00    0.12

Linux 2.6.32-431.el6.x86_64 (slave1) 	2019年07月27日 	_x86_64_	(8 CPU)

01时39分52秒  CPU    %usr   %nice    %sys %iowait    %irq   %soft  %steal  %guest   %idle
01时39分53秒  all   86.06    0.00    9.30    0.00    0.00    0.00    0.00    0.00    4.65
平均时间:  all   86.06    0.00    9.30    0.00    0.00    0.00    0.00    0.00    4.65

Linux 2.6.32-431.el6.x86_64 (slave1) 	2019年07月27日 	_x86_64_	(8 CPU)

01时39分56秒  CPU    %usr   %nice    %sys %iowait    %irq   %soft  %steal  %guest   %idle
01时39分57秒  all   76.83    0.00   10.45    0.00    0.00    0.25    0.00    0.00   12.47
平均时间:  all   76.83    0.00   10.45    0.00    0.00    0.25    0.00    0.00   12.47

Linux 2.6.32-431.el6.x86_64 (slave1) 	2019年07月27日 	_x86_64_	(8 CPU)

01时40分00秒  CPU    %usr   %nice    %sys %iowait    %irq   %soft  %steal  %guest   %idle
01时40分01秒  all   58.30    0.00    5.70    0.00    0.00    0.25    0.00    0.00   35.74
平均时间:  all   58.30    0.00    5.70    0.00    0.00    0.25    0.00    0.00   35.74

Linux 2.6.32-431.el6.x86_64 (slave1) 	2019年07月27日 	_x86_64_	(8 CPU)

01时40分04秒  CPU    %usr   %nice    %sys %iowait    %irq   %soft  %steal  %guest   %idle
01时40分05秒  all   36.01    0.00    1.88    0.00    0.00    0.00    0.00    0.00   62.11
平均时间:  all   36.01    0.00    1.88    0.00    0.00    0.00    0.00    0.00   62.11

Linux 2.6.32-431.el6.x86_64 (slave1) 	2019年07月27日 	_x86_64_	(8 CPU)

01时40分08秒  CPU    %usr   %nice    %sys %iowait    %irq   %soft  %steal  %guest   %idle
01时40分09秒  all   80.85    0.00   16.65    0.00    0.00    1.63    0.00    0.00    0.88
平均时间:  all   80.85    0.00   16.65    0.00    0.00    1.63    0.00    0.00    0.88

Linux 2.6.32-431.el6.x86_64 (slave1) 	2019年07月27日 	_x86_64_	(8 CPU)

01时40分12秒  CPU    %usr   %nice    %sys %iowait    %irq   %soft  %steal  %guest   %idle
01时40分13秒  all   89.60    0.00   10.03    0.00    0.00    0.00    0.00    0.00    0.38
平均时间:  all   89.60    0.00   10.03    0.00    0.00    0.00    0.00    0.00    0.38

Linux 2.6.32-431.el6.x86_64 (slave1) 	2019年07月27日 	_x86_64_	(8 CPU)

01时40分16秒  CPU    %usr   %nice    %sys %iowait    %irq   %soft  %steal  %guest   %idle
01时40分17秒  all   91.10    0.00    7.77    0.00    0.13    0.63    0.00    0.00    0.38
平均时间:  all   91.10    0.00    7.77    0.00    0.13    0.63    0.00    0.00    0.38

Linux 2.6.32-431.el6.x86_64 (slave1) 	2019年07月27日 	_x86_64_	(8 CPU)

01时40分20秒  CPU    %usr   %nice    %sys %iowait    %irq   %soft  %steal  %guest   %idle
01时40分21秒  all   91.98    0.00    7.27    0.00    0.25    0.50    0.00    0.00    0.00
平均时间:  all   91.98    0.00    7.27    0.00    0.25    0.50    0.00    0.00    0.00

Linux 2.6.32-431.el6.x86_64 (slave1) 	2019年07月27日 	_x86_64_	(8 CPU)

01时40分24秒  CPU    %usr   %nice    %sys %iowait    %irq   %soft  %steal  %guest   %idle
01时40分25秒  all   91.71    0.00    6.16    0.00    0.13    0.38    0.00    0.00    1.63
平均时间:  all   91.71    0.00    6.16    0.00    0.13    0.38    0.00    0.00    1.63

Linux 2.6.32-431.el6.x86_64 (slave1) 	2019年07月27日 	_x86_64_	(8 CPU)

01时40分28秒  CPU    %usr   %nice    %sys %iowait    %irq   %soft  %steal  %guest   %idle
01时40分29秒  all    0.76    0.00    0.25    0.00    0.00    0.00    0.00    0.00   98.99
平均时间:  all    0.76    0.00    0.25    0.00    0.00    0.00    0.00    0.00   98.99

Linux 2.6.32-431.el6.x86_64 (slave1) 	2019年07月27日 	_x86_64_	(8 CPU)

01时40分32秒  CPU    %usr   %nice    %sys %iowait    %irq   %soft  %steal  %guest   %idle
01时40分33秒  all   66.50    0.00    5.22    0.00    0.13    0.51    0.00    0.00   27.64
平均时间:  all   66.50    0.00    5.22    0.00    0.13    0.51    0.00    0.00   27.64

Linux 2.6.32-431.el6.x86_64 (slave1) 	2019年07月27日 	_x86_64_	(8 CPU)

01时40分36秒  CPU    %usr   %nice    %sys %iowait    %irq   %soft  %steal  %guest   %idle
01时40分37秒  all    2.80    0.00    9.94    0.00    0.00    1.02    0.00    0.00   86.24
平均时间:  all    2.80    0.00    9.94    0.00    0.00    1.02    0.00    0.00   86.24

Linux 2.6.32-431.el6.x86_64 (slave1) 	2019年07月27日 	_x86_64_	(8 CPU)

01时40分40秒  CPU    %usr   %nice    %sys %iowait    %irq   %soft  %steal  %guest   %idle
01时40分41秒  all   68.73    0.00    8.32    0.00    0.00    0.13    0.00    0.00   22.82
平均时间:  all   68.73    0.00    8.32    0.00    0.00    0.13    0.00    0.00   22.82

Linux 2.6.32-431.el6.x86_64 (slave1) 	2019年07月27日 	_x86_64_	(8 CPU)

01时40分44秒  CPU    %usr   %nice    %sys %iowait    %irq   %soft  %steal  %guest   %idle
01时40分45秒  all   92.52    0.00    7.11    0.00    0.00    0.12    0.00    0.00    0.25
平均时间:  all   92.52    0.00    7.11    0.00    0.00    0.12    0.00    0.00    0.25

Linux 2.6.32-431.el6.x86_64 (slave1) 	2019年07月27日 	_x86_64_	(8 CPU)

01时40分48秒  CPU    %usr   %nice    %sys %iowait    %irq   %soft  %steal  %guest   %idle
01时40分49秒  all   91.59    0.00    4.77    0.00    0.00    0.13    0.00    0.00    3.51
平均时间:  all   91.59    0.00    4.77    0.00    0.00    0.13    0.00    0.00    3.51

Linux 2.6.32-431.el6.x86_64 (slave1) 	2019年07月27日 	_x86_64_	(8 CPU)

01时40分52秒  CPU    %usr   %nice    %sys %iowait    %irq   %soft  %steal  %guest   %idle
01时40分53秒  all   87.06    0.00    8.04    0.00    0.00    0.00    0.00    0.00    4.90
平均时间:  all   87.06    0.00    8.04    0.00    0.00    0.00    0.00    0.00    4.90

Linux 2.6.32-431.el6.x86_64 (slave1) 	2019年07月27日 	_x86_64_	(8 CPU)

01时40分56秒  CPU    %usr   %nice    %sys %iowait    %irq   %soft  %steal  %guest   %idle
01时40分57秒  all   72.14    0.00    8.02    0.00    0.00    0.13    0.00    0.00   19.72
平均时间:  all   72.14    0.00    8.02    0.00    0.00    0.13    0.00    0.00   19.72

Linux 2.6.32-431.el6.x86_64 (slave1) 	2019年07月27日 	_x86_64_	(8 CPU)

01时41分00秒  CPU    %usr   %nice    %sys %iowait    %irq   %soft  %steal  %guest   %idle
01时41分01秒  all   27.68    0.00    6.34    0.00    0.00    0.13    0.00    0.00   65.85
平均时间:  all   27.68    0.00    6.34    0.00    0.00    0.13    0.00    0.00   65.85

Linux 2.6.32-431.el6.x86_64 (slave1) 	2019年07月27日 	_x86_64_	(8 CPU)

01时41分04秒  CPU    %usr   %nice    %sys %iowait    %irq   %soft  %steal  %guest   %idle
01时41分05秒  all   67.43    0.00   13.10    0.00    0.00    1.91    0.00    0.00   17.56
平均时间:  all   67.43    0.00   13.10    0.00    0.00    1.91    0.00    0.00   17.56

Linux 2.6.32-431.el6.x86_64 (slave1) 	2019年07月27日 	_x86_64_	(8 CPU)

01时41分08秒  CPU    %usr   %nice    %sys %iowait    %irq   %soft  %steal  %guest   %idle
01时41分09秒  all   78.10    0.00   10.38    0.00    0.00    0.00    0.00    0.00   11.52
平均时间:  all   78.10    0.00   10.38    0.00    0.00    0.00    0.00    0.00   11.52

Linux 2.6.32-431.el6.x86_64 (slave1) 	2019年07月27日 	_x86_64_	(8 CPU)

01时41分13秒  CPU    %usr   %nice    %sys %iowait    %irq   %soft  %steal  %guest   %idle
01时41分14秒  all   81.42    0.00   10.75    0.00    0.00    0.25    0.00    0.00    7.59
平均时间:  all   81.42    0.00   10.75    0.00    0.00    0.25    0.00    0.00    7.59

Linux 2.6.32-431.el6.x86_64 (slave1) 	2019年07月27日 	_x86_64_	(8 CPU)

01时41分17秒  CPU    %usr   %nice    %sys %iowait    %irq   %soft  %steal  %guest   %idle
01时41分18秒  all   89.32    0.00    5.53    0.00    0.00    0.13    0.00    0.00    5.03
平均时间:  all   89.32    0.00    5.53    0.00    0.00    0.13    0.00    0.00    5.03

Linux 2.6.32-431.el6.x86_64 (slave1) 	2019年07月27日 	_x86_64_	(8 CPU)

01时41分21秒  CPU    %usr   %nice    %sys %iowait    %irq   %soft  %steal  %guest   %idle
01时41分22秒  all   56.62    0.00    5.34    0.00    0.00    0.25    0.00    0.00   37.79
平均时间:  all   56.62    0.00    5.34    0.00    0.00    0.25    0.00    0.00   37.79

Linux 2.6.32-431.el6.x86_64 (slave1) 	2019年07月27日 	_x86_64_	(8 CPU)

01时41分25秒  CPU    %usr   %nice    %sys %iowait    %irq   %soft  %steal  %guest   %idle
01时41分26秒  all   70.94    0.00    4.82    0.00    0.00    0.13    0.00    0.00   24.11
平均时间:  all   70.94    0.00    4.82    0.00    0.00    0.13    0.00    0.00   24.11

Linux 2.6.32-431.el6.x86_64 (slave1) 	2019年07月27日 	_x86_64_	(8 CPU)

01时41分29秒  CPU    %usr   %nice    %sys %iowait    %irq   %soft  %steal  %guest   %idle
01时41分30秒  all   52.10    0.00    3.56    0.00    0.00    0.89    0.00    0.00   43.46
平均时间:  all   52.10    0.00    3.56    0.00    0.00    0.89    0.00    0.00   43.46

Linux 2.6.32-431.el6.x86_64 (slave1) 	2019年07月27日 	_x86_64_	(8 CPU)

01时41分33秒  CPU    %usr   %nice    %sys %iowait    %irq   %soft  %steal  %guest   %idle
01时41分34秒  all   43.09    0.00    3.93    0.00    0.00    0.76    0.00    0.00   52.22
平均时间:  all   43.09    0.00    3.93    0.00    0.00    0.76    0.00    0.00   52.22

Linux 2.6.32-431.el6.x86_64 (slave1) 	2019年07月27日 	_x86_64_	(8 CPU)

01时41分37秒  CPU    %usr   %nice    %sys %iowait    %irq   %soft  %steal  %guest   %idle
01时41分38秒  all   56.11    0.00    5.98    0.00    0.00    0.38    0.00    0.00   37.53
平均时间:  all   56.11    0.00    5.98    0.00    0.00    0.38    0.00    0.00   37.53

Linux 2.6.32-431.el6.x86_64 (slave1) 	2019年07月27日 	_x86_64_	(8 CPU)

01时41分41秒  CPU    %usr   %nice    %sys %iowait    %irq   %soft  %steal  %guest   %idle
01时41分42秒  all   69.31    0.00    7.16    0.00    0.00    0.38    0.00    0.00   23.15
平均时间:  all   69.31    0.00    7.16    0.00    0.00    0.38    0.00    0.00   23.15

Linux 2.6.32-431.el6.x86_64 (slave1) 	2019年07月27日 	_x86_64_	(8 CPU)

01时41分45秒  CPU    %usr   %nice    %sys %iowait    %irq   %soft  %steal  %guest   %idle
01时41分46秒  all   63.16    0.00    6.58    0.00    0.00    0.76    0.00    0.00   29.49
平均时间:  all   63.16    0.00    6.58    0.00    0.00    0.76    0.00    0.00   29.49

Linux 2.6.32-431.el6.x86_64 (slave1) 	2019年07月27日 	_x86_64_	(8 CPU)

01时41分49秒  CPU    %usr   %nice    %sys %iowait    %irq   %soft  %steal  %guest   %idle
01时41分50秒  all   42.62    0.00    3.56    0.00    0.00    1.27    0.00    0.00   52.54
平均时间:  all   42.62    0.00    3.56    0.00    0.00    1.27    0.00    0.00   52.54

Linux 2.6.32-431.el6.x86_64 (slave1) 	2019年07月27日 	_x86_64_	(8 CPU)

01时41分53秒  CPU    %usr   %nice    %sys %iowait    %irq   %soft  %steal  %guest   %idle
01时41分54秒  all   69.24    0.00    5.95    0.00    0.00    0.51    0.00    0.00   24.30
平均时间:  all   69.24    0.00    5.95    0.00    0.00    0.51    0.00    0.00   24.30

Linux 2.6.32-431.el6.x86_64 (slave1) 	2019年07月27日 	_x86_64_	(8 CPU)

01时41分57秒  CPU    %usr   %nice    %sys %iowait    %irq   %soft  %steal  %guest   %idle
01时41分58秒  all   54.78    0.00    5.73    0.00    0.00    0.25    0.00    0.00   39.24
平均时间:  all   54.78    0.00    5.73    0.00    0.00    0.25    0.00    0.00   39.24

Linux 2.6.32-431.el6.x86_64 (slave1) 	2019年07月27日 	_x86_64_	(8 CPU)

01时42分01秒  CPU    %usr   %nice    %sys %iowait    %irq   %soft  %steal  %guest   %idle
01时42分02秒  all   84.81    0.00    8.48    0.00    0.00    1.90    0.00    0.00    4.81
平均时间:  all   84.81    0.00    8.48    0.00    0.00    1.90    0.00    0.00    4.81

Linux 2.6.32-431.el6.x86_64 (slave1) 	2019年07月27日 	_x86_64_	(8 CPU)

01时42分05秒  CPU    %usr   %nice    %sys %iowait    %irq   %soft  %steal  %guest   %idle
01时42分06秒  all   49.94    0.00    8.54    0.00    0.13    2.20    0.00    0.00   39.20
平均时间:  all   49.94    0.00    8.54    0.00    0.13    2.20    0.00    0.00   39.20

Linux 2.6.32-431.el6.x86_64 (slave1) 	2019年07月27日 	_x86_64_	(8 CPU)

01时42分09秒  CPU    %usr   %nice    %sys %iowait    %irq   %soft  %steal  %guest   %idle
01时42分10秒  all   49.87    0.00    8.44    0.00    0.38    2.30    0.00    0.00   39.00
平均时间:  all   49.87    0.00    8.44    0.00    0.38    2.30    0.00    0.00   39.00

Linux 2.6.32-431.el6.x86_64 (slave1) 	2019年07月27日 	_x86_64_	(8 CPU)

01时42分13秒  CPU    %usr   %nice    %sys %iowait    %irq   %soft  %steal  %guest   %idle
01时42分14秒  all   59.49    0.00    9.36    0.00    0.13    0.90    0.00    0.00   30.13
平均时间:  all   59.49    0.00    9.36    0.00    0.13    0.90    0.00    0.00   30.13

Linux 2.6.32-431.el6.x86_64 (slave1) 	2019年07月27日 	_x86_64_	(8 CPU)

01时42分17秒  CPU    %usr   %nice    %sys %iowait    %irq   %soft  %steal  %guest   %idle
01时42分18秒  all   56.65    0.00    3.32    0.00    0.13    0.64    0.00    0.00   39.26
平均时间:  all   56.65    0.00    3.32    0.00    0.13    0.64    0.00    0.00   39.26

Linux 2.6.32-431.el6.x86_64 (slave1) 	2019年07月27日 	_x86_64_	(8 CPU)

01时42分21秒  CPU    %usr   %nice    %sys %iowait    %irq   %soft  %steal  %guest   %idle
01时42分22秒  all   79.08    0.00    4.59    0.00    0.13    0.77    0.00    0.00   15.43
平均时间:  all   79.08    0.00    4.59    0.00    0.13    0.77    0.00    0.00   15.43

Linux 2.6.32-431.el6.x86_64 (slave1) 	2019年07月27日 	_x86_64_	(8 CPU)

01时42分25秒  CPU    %usr   %nice    %sys %iowait    %irq   %soft  %steal  %guest   %idle
01时42分26秒  all   67.18    0.00    6.67    0.00    0.13    2.05    0.00    0.00   23.97
平均时间:  all   67.18    0.00    6.67    0.00    0.13    2.05    0.00    0.00   23.97

Linux 2.6.32-431.el6.x86_64 (slave1) 	2019年07月27日 	_x86_64_	(8 CPU)

01时42分29秒  CPU    %usr   %nice    %sys %iowait    %irq   %soft  %steal  %guest   %idle
01时42分30秒  all   29.03    0.00    2.05    0.00    0.00    1.79    0.00    0.00   67.14
平均时间:  all   29.03    0.00    2.05    0.00    0.00    1.79    0.00    0.00   67.14

Linux 2.6.32-431.el6.x86_64 (slave1) 	2019年07月27日 	_x86_64_	(8 CPU)

01时42分33秒  CPU    %usr   %nice    %sys %iowait    %irq   %soft  %steal  %guest   %idle
01时42分34秒  all   36.85    0.00    1.65    0.00    0.00    1.40    0.00    0.00   60.10
平均时间:  all   36.85    0.00    1.65    0.00    0.00    1.40    0.00    0.00   60.10

Linux 2.6.32-431.el6.x86_64 (slave1) 	2019年07月27日 	_x86_64_	(8 CPU)

01时42分37秒  CPU    %usr   %nice    %sys %iowait    %irq   %soft  %steal  %guest   %idle
01时42分38秒  all   27.62    0.00    2.30    0.00    0.00    2.17    0.00    0.00   67.90
平均时间:  all   27.62    0.00    2.30    0.00    0.00    2.17    0.00    0.00   67.90

Linux 2.6.32-431.el6.x86_64 (slave1) 	2019年07月27日 	_x86_64_	(8 CPU)

01时42分41秒  CPU    %usr   %nice    %sys %iowait    %irq   %soft  %steal  %guest   %idle
01时42分42秒  all   30.50    0.00    1.78    0.00    0.13    0.64    0.00    0.00   66.96
平均时间:  all   30.50    0.00    1.78    0.00    0.13    0.64    0.00    0.00   66.96

Linux 2.6.32-431.el6.x86_64 (slave1) 	2019年07月27日 	_x86_64_	(8 CPU)

01时42分45秒  CPU    %usr   %nice    %sys %iowait    %irq   %soft  %steal  %guest   %idle
01时42分46秒  all   27.01    0.00    1.66    0.00    0.25    2.04    0.00    0.00   69.04
平均时间:  all   27.01    0.00    1.66    0.00    0.25    2.04    0.00    0.00   69.04

Linux 2.6.32-431.el6.x86_64 (slave1) 	2019年07月27日 	_x86_64_	(8 CPU)

01时42分49秒  CPU    %usr   %nice    %sys %iowait    %irq   %soft  %steal  %guest   %idle
01时42分50秒  all   31.08    0.00    1.91    0.00    0.13    1.40    0.00    0.00   65.48
平均时间:  all   31.08    0.00    1.91    0.00    0.13    1.40    0.00    0.00   65.48

Linux 2.6.32-431.el6.x86_64 (slave1) 	2019年07月27日 	_x86_64_	(8 CPU)

01时42分53秒  CPU    %usr   %nice    %sys %iowait    %irq   %soft  %steal  %guest   %idle
01时42分54秒  all   32.48    0.00    2.17    0.00    0.00    2.04    0.00    0.00   63.31
平均时间:  all   32.48    0.00    2.17    0.00    0.00    2.04    0.00    0.00   63.31

Linux 2.6.32-431.el6.x86_64 (slave1) 	2019年07月27日 	_x86_64_	(8 CPU)

01时42分57秒  CPU    %usr   %nice    %sys %iowait    %irq   %soft  %steal  %guest   %idle
01时42分58秒  all   29.06    0.00    1.27    0.00    0.00    1.78    0.00    0.00   67.89
平均时间:  all   29.06    0.00    1.27    0.00    0.00    1.78    0.00    0.00   67.89

Linux 2.6.32-431.el6.x86_64 (slave1) 	2019年07月27日 	_x86_64_	(8 CPU)

01时43分01秒  CPU    %usr   %nice    %sys %iowait    %irq   %soft  %steal  %guest   %idle
01时43分02秒  all   25.42    0.00    2.48    0.00    0.00    2.22    0.00    0.00   69.88
平均时间:  all   25.42    0.00    2.48    0.00    0.00    2.22    0.00    0.00   69.88

Linux 2.6.32-431.el6.x86_64 (slave1) 	2019年07月27日 	_x86_64_	(8 CPU)

01时43分05秒  CPU    %usr   %nice    %sys %iowait    %irq   %soft  %steal  %guest   %idle
01时43分06秒  all   31.12    0.00    3.32    0.00    0.00    1.15    0.00    0.00   64.41
平均时间:  all   31.12    0.00    3.32    0.00    0.00    1.15    0.00    0.00   64.41

Linux 2.6.32-431.el6.x86_64 (slave1) 	2019年07月27日 	_x86_64_	(8 CPU)

01时43分09秒  CPU    %usr   %nice    %sys %iowait    %irq   %soft  %steal  %guest   %idle
01时43分10秒  all   38.60    0.00    4.46    0.00    0.13    1.40    0.00    0.00   55.41
平均时间:  all   38.60    0.00    4.46    0.00    0.13    1.40    0.00    0.00   55.41

Linux 2.6.32-431.el6.x86_64 (slave1) 	2019年07月27日 	_x86_64_	(8 CPU)

01时43分13秒  CPU    %usr   %nice    %sys %iowait    %irq   %soft  %steal  %guest   %idle
01时43分14秒  all   35.41    0.00    4.08    0.00    0.00    1.15    0.00    0.00   59.36
平均时间:  all   35.41    0.00    4.08    0.00    0.00    1.15    0.00    0.00   59.36

Linux 2.6.32-431.el6.x86_64 (slave1) 	2019年07月27日 	_x86_64_	(8 CPU)

01时43分17秒  CPU    %usr   %nice    %sys %iowait    %irq   %soft  %steal  %guest   %idle
01时43分18秒  all   14.77    0.00    3.03    0.00    0.00    0.88    0.00    0.00   81.31
平均时间:  all   14.77    0.00    3.03    0.00    0.00    0.88    0.00    0.00   81.31

Linux 2.6.32-431.el6.x86_64 (slave1) 	2019年07月27日 	_x86_64_	(8 CPU)

01时43分21秒  CPU    %usr   %nice    %sys %iowait    %irq   %soft  %steal  %guest   %idle
01时43分22秒  all   41.53    0.00    4.08    0.00    0.00    0.76    0.00    0.00   53.63
平均时间:  all   41.53    0.00    4.08    0.00    0.00    0.76    0.00    0.00   53.63

Linux 2.6.32-431.el6.x86_64 (slave1) 	2019年07月27日 	_x86_64_	(8 CPU)

01时43分25秒  CPU    %usr   %nice    %sys %iowait    %irq   %soft  %steal  %guest   %idle
01时43分26秒  all   16.81    0.00    3.29    0.00    0.00    0.25    0.00    0.00   79.65
平均时间:  all   16.81    0.00    3.29    0.00    0.00    0.25    0.00    0.00   79.65

Linux 2.6.32-431.el6.x86_64 (slave1) 	2019年07月27日 	_x86_64_	(8 CPU)

01时43分29秒  CPU    %usr   %nice    %sys %iowait    %irq   %soft  %steal  %guest   %idle
01时43分30秒  all    1.76    0.00    4.16    0.00    0.00    0.25    0.00    0.00   93.83
平均时间:  all    1.76    0.00    4.16    0.00    0.00    0.25    0.00    0.00   93.83

Linux 2.6.32-431.el6.x86_64 (slave1) 	2019年07月27日 	_x86_64_	(8 CPU)

01时43分33秒  CPU    %usr   %nice    %sys %iowait    %irq   %soft  %steal  %guest   %idle
01时43分34秒  all    0.12    0.00    0.12    0.00    0.00    0.00    0.00    0.00   99.75
平均时间:  all    0.12    0.00    0.12    0.00    0.00    0.00    0.00    0.00   99.75

Linux 2.6.32-431.el6.x86_64 (slave1) 	2019年07月27日 	_x86_64_	(8 CPU)

01时43分37秒  CPU    %usr   %nice    %sys %iowait    %irq   %soft  %steal  %guest   %idle
01时43分38秒  all    0.00    0.00    0.00    0.00    0.00    0.00    0.00    0.00  100.00
平均时间:  all    0.00    0.00    0.00    0.00    0.00    0.00    0.00    0.00  100.00

