
Linux 2.6.32-431.el6.x86_64 (slave2) 	2019年07月27日 	_x86_64_	(8 CPU)

01时29分21秒  CPU    %usr   %nice    %sys %iowait    %irq   %soft  %steal  %guest   %idle
01时29分22秒  all    0.00    0.00    0.00    0.00    0.00    0.00    0.00    0.00  100.00
平均时间:  all    0.00    0.00    0.00    0.00    0.00    0.00    0.00    0.00  100.00

Linux 2.6.32-431.el6.x86_64 (slave2) 	2019年07月27日 	_x86_64_	(8 CPU)

01时29分25秒  CPU    %usr   %nice    %sys %iowait    %irq   %soft  %steal  %guest   %idle
01时29分26秒  all    0.26    0.00    4.39    0.00    0.26    2.84    0.00    0.00   92.26
平均时间:  all    0.26    0.00    4.39    0.00    0.26    2.84    0.00    0.00   92.26

Linux 2.6.32-431.el6.x86_64 (slave2) 	2019年07月27日 	_x86_64_	(8 CPU)

01时29分29秒  CPU    %usr   %nice    %sys %iowait    %irq   %soft  %steal  %guest   %idle
01时29分30秒  all    1.45    0.00    9.89    0.00    0.66   13.59    0.00    0.00   74.41
平均时间:  all    1.45    0.00    9.89    0.00    0.66   13.59    0.00    0.00   74.41

Linux 2.6.32-431.el6.x86_64 (slave2) 	2019年07月27日 	_x86_64_	(8 CPU)

01时29分33秒  CPU    %usr   %nice    %sys %iowait    %irq   %soft  %steal  %guest   %idle
01时29分34秒  all   25.59    0.00   12.80    0.00    0.66   14.64    0.00    0.00   46.31
平均时间:  all   25.59    0.00   12.80    0.00    0.66   14.64    0.00    0.00   46.31

Linux 2.6.32-431.el6.x86_64 (slave2) 	2019年07月27日 	_x86_64_	(8 CPU)

01时29分37秒  CPU    %usr   %nice    %sys %iowait    %irq   %soft  %steal  %guest   %idle
01时29分38秒  all   33.47    0.00   11.59    0.00    0.53   18.18    0.00    0.00   36.23
平均时间:  all   33.47    0.00   11.59    0.00    0.53   18.18    0.00    0.00   36.23

Linux 2.6.32-431.el6.x86_64 (slave2) 	2019年07月27日 	_x86_64_	(8 CPU)

01时29分41秒  CPU    %usr   %nice    %sys %iowait    %irq   %soft  %steal  %guest   %idle
01时29分42秒  all   26.48    0.00   13.83    0.00    0.53    5.40    0.00    0.00   53.75
平均时间:  all   26.48    0.00   13.83    0.00    0.53    5.40    0.00    0.00   53.75

Linux 2.6.32-431.el6.x86_64 (slave2) 	2019年07月27日 	_x86_64_	(8 CPU)

01时29分45秒  CPU    %usr   %nice    %sys %iowait    %irq   %soft  %steal  %guest   %idle
01时29分46秒  all   67.13    0.00   19.62    0.00    0.13    3.18    0.00    0.00    9.94
平均时间:  all   67.13    0.00   19.62    0.00    0.13    3.18    0.00    0.00    9.94

Linux 2.6.32-431.el6.x86_64 (slave2) 	2019年07月27日 	_x86_64_	(8 CPU)

01时29分49秒  CPU    %usr   %nice    %sys %iowait    %irq   %soft  %steal  %guest   %idle
01时29分50秒  all   82.85    0.00   16.27    0.00    0.00    0.88    0.00    0.00    0.00
平均时间:  all   82.85    0.00   16.27    0.00    0.00    0.88    0.00    0.00    0.00

Linux 2.6.32-431.el6.x86_64 (slave2) 	2019年07月27日 	_x86_64_	(8 CPU)

01时29分53秒  CPU    %usr   %nice    %sys %iowait    %irq   %soft  %steal  %guest   %idle
01时29分54秒  all   83.25    0.00   14.75    0.00    0.00    1.38    0.00    0.00    0.62
平均时间:  all   83.25    0.00   14.75    0.00    0.00    1.38    0.00    0.00    0.62

Linux 2.6.32-431.el6.x86_64 (slave2) 	2019年07月27日 	_x86_64_	(8 CPU)

01时29分57秒  CPU    %usr   %nice    %sys %iowait    %irq   %soft  %steal  %guest   %idle
01时29分58秒  all   90.61    0.00    9.14    0.00    0.00    0.00    0.00    0.00    0.25
平均时间:  all   90.61    0.00    9.14    0.00    0.00    0.00    0.00    0.00    0.25

Linux 2.6.32-431.el6.x86_64 (slave2) 	2019年07月27日 	_x86_64_	(8 CPU)

01时30分01秒  CPU    %usr   %nice    %sys %iowait    %irq   %soft  %steal  %guest   %idle
01时30分02秒  all   81.46    0.00    9.58    0.00    0.00    0.00    0.00    0.00    8.95
平均时间:  all   81.46    0.00    9.58    0.00    0.00    0.00    0.00    0.00    8.95

Linux 2.6.32-431.el6.x86_64 (slave2) 	2019年07月27日 	_x86_64_	(8 CPU)

01时30分05秒  CPU    %usr   %nice    %sys %iowait    %irq   %soft  %steal  %guest   %idle
01时30分06秒  all   51.02    0.00    6.65    0.00    0.00    0.00    0.00    0.00   42.33
平均时间:  all   51.02    0.00    6.65    0.00    0.00    0.00    0.00    0.00   42.33

Linux 2.6.32-431.el6.x86_64 (slave2) 	2019年07月27日 	_x86_64_	(8 CPU)

01时30分09秒  CPU    %usr   %nice    %sys %iowait    %irq   %soft  %steal  %guest   %idle
01时30分10秒  all   51.09    0.00    4.74    0.00    0.00    0.00    0.00    0.00   44.17
平均时间:  all   51.09    0.00    4.74    0.00    0.00    0.00    0.00    0.00   44.17

Linux 2.6.32-431.el6.x86_64 (slave2) 	2019年07月27日 	_x86_64_	(8 CPU)

01时30分13秒  CPU    %usr   %nice    %sys %iowait    %irq   %soft  %steal  %guest   %idle
01时30分14秒  all    2.78    0.00    1.14    0.00    0.00    0.00    0.00    0.00   96.08
平均时间:  all    2.78    0.00    1.14    0.00    0.00    0.00    0.00    0.00   96.08

Linux 2.6.32-431.el6.x86_64 (slave2) 	2019年07月27日 	_x86_64_	(8 CPU)

01时30分17秒  CPU    %usr   %nice    %sys %iowait    %irq   %soft  %steal  %guest   %idle
01时30分18秒  all   32.05    0.00    7.69    0.00    0.00    0.00    0.00    0.00   60.26
平均时间:  all   32.05    0.00    7.69    0.00    0.00    0.00    0.00    0.00   60.26

Linux 2.6.32-431.el6.x86_64 (slave2) 	2019年07月27日 	_x86_64_	(8 CPU)

01时30分21秒  CPU    %usr   %nice    %sys %iowait    %irq   %soft  %steal  %guest   %idle
01时30分22秒  all   45.60    0.00    8.16    0.00    0.00    0.00    0.00    0.00   46.24
平均时间:  all   45.60    0.00    8.16    0.00    0.00    0.00    0.00    0.00   46.24

Linux 2.6.32-431.el6.x86_64 (slave2) 	2019年07月27日 	_x86_64_	(8 CPU)

01时30分25秒  CPU    %usr   %nice    %sys %iowait    %irq   %soft  %steal  %guest   %idle
01时30分26秒  all    0.50    0.00    0.25    0.00    0.00    0.00    0.00    0.00   99.24
平均时间:  all    0.50    0.00    0.25    0.00    0.00    0.00    0.00    0.00   99.24

Linux 2.6.32-431.el6.x86_64 (slave2) 	2019年07月27日 	_x86_64_	(8 CPU)

01时30分29秒  CPU    %usr   %nice    %sys %iowait    %irq   %soft  %steal  %guest   %idle
01时30分30秒  all   79.95    0.00   11.17    0.00    0.00    0.00    0.00    0.00    8.88
平均时间:  all   79.95    0.00   11.17    0.00    0.00    0.00    0.00    0.00    8.88

Linux 2.6.32-431.el6.x86_64 (slave2) 	2019年07月27日 	_x86_64_	(8 CPU)

01时30分33秒  CPU    %usr   %nice    %sys %iowait    %irq   %soft  %steal  %guest   %idle
01时30分34秒  all   83.04    0.00    7.54    0.00    0.00    0.13    0.00    0.00    9.30
平均时间:  all   83.04    0.00    7.54    0.00    0.00    0.13    0.00    0.00    9.30

Linux 2.6.32-431.el6.x86_64 (slave2) 	2019年07月27日 	_x86_64_	(8 CPU)

01时30分37秒  CPU    %usr   %nice    %sys %iowait    %irq   %soft  %steal  %guest   %idle
01时30分38秒  all   80.43    0.00    7.83    0.13    0.00    0.00    0.00    0.00   11.62
平均时间:  all   80.43    0.00    7.83    0.13    0.00    0.00    0.00    0.00   11.62

Linux 2.6.32-431.el6.x86_64 (slave2) 	2019年07月27日 	_x86_64_	(8 CPU)

01时30分41秒  CPU    %usr   %nice    %sys %iowait    %irq   %soft  %steal  %guest   %idle
01时30分42秒  all   18.11    0.00    2.17    0.00    0.00    0.00    0.00    0.00   79.72
平均时间:  all   18.11    0.00    2.17    0.00    0.00    0.00    0.00    0.00   79.72

Linux 2.6.32-431.el6.x86_64 (slave2) 	2019年07月27日 	_x86_64_	(8 CPU)

01时30分45秒  CPU    %usr   %nice    %sys %iowait    %irq   %soft  %steal  %guest   %idle
01时30分46秒  all   28.06    0.00    2.55    0.00    0.00    0.00    0.00    0.00   69.39
平均时间:  all   28.06    0.00    2.55    0.00    0.00    0.00    0.00    0.00   69.39

Linux 2.6.32-431.el6.x86_64 (slave2) 	2019年07月27日 	_x86_64_	(8 CPU)

01时30分49秒  CPU    %usr   %nice    %sys %iowait    %irq   %soft  %steal  %guest   %idle
01时30分50秒  all   21.47    0.00    3.18    0.00    0.00    0.00    0.00    0.00   75.35
平均时间:  all   21.47    0.00    3.18    0.00    0.00    0.00    0.00    0.00   75.35

Linux 2.6.32-431.el6.x86_64 (slave2) 	2019年07月27日 	_x86_64_	(8 CPU)

01时30分53秒  CPU    %usr   %nice    %sys %iowait    %irq   %soft  %steal  %guest   %idle
01时30分54秒  all   42.01    0.00    9.02    0.00    0.00    0.39    0.00    0.00   48.58
平均时间:  all   42.01    0.00    9.02    0.00    0.00    0.39    0.00    0.00   48.58

Linux 2.6.32-431.el6.x86_64 (slave2) 	2019年07月27日 	_x86_64_	(8 CPU)

01时30分57秒  CPU    %usr   %nice    %sys %iowait    %irq   %soft  %steal  %guest   %idle
01时30分58秒  all    0.25    0.00    0.25    0.00    0.00    0.00    0.00    0.00   99.49
平均时间:  all    0.25    0.00    0.25    0.00    0.00    0.00    0.00    0.00   99.49

Linux 2.6.32-431.el6.x86_64 (slave2) 	2019年07月27日 	_x86_64_	(8 CPU)

01时31分01秒  CPU    %usr   %nice    %sys %iowait    %irq   %soft  %steal  %guest   %idle
01时31分02秒  all   66.24    0.00    7.32    0.00    0.00    0.13    0.00    0.00   26.32
平均时间:  all   66.24    0.00    7.32    0.00    0.00    0.13    0.00    0.00   26.32

Linux 2.6.32-431.el6.x86_64 (slave2) 	2019年07月27日 	_x86_64_	(8 CPU)

01时31分05秒  CPU    %usr   %nice    %sys %iowait    %irq   %soft  %steal  %guest   %idle
01时31分06秒  all   18.06    0.00    5.68    0.00    0.00    1.42    0.00    0.00   74.84
平均时间:  all   18.06    0.00    5.68    0.00    0.00    1.42    0.00    0.00   74.84

Linux 2.6.32-431.el6.x86_64 (slave2) 	2019年07月27日 	_x86_64_	(8 CPU)

01时31分09秒  CPU    %usr   %nice    %sys %iowait    %irq   %soft  %steal  %guest   %idle
01时31分10秒  all   27.34    0.00    6.55    0.00    0.00    0.00    0.00    0.00   66.11
平均时间:  all   27.34    0.00    6.55    0.00    0.00    0.00    0.00    0.00   66.11

Linux 2.6.32-431.el6.x86_64 (slave2) 	2019年07月27日 	_x86_64_	(8 CPU)

01时31分13秒  CPU    %usr   %nice    %sys %iowait    %irq   %soft  %steal  %guest   %idle
01时31分14秒  all   62.82    0.00    5.38    0.00    0.00    0.00    0.00    0.00   31.79
平均时间:  all   62.82    0.00    5.38    0.00    0.00    0.00    0.00    0.00   31.79

Linux 2.6.32-431.el6.x86_64 (slave2) 	2019年07月27日 	_x86_64_	(8 CPU)

01时31分17秒  CPU    %usr   %nice    %sys %iowait    %irq   %soft  %steal  %guest   %idle
01时31分18秒  all   55.03    0.00    3.57    0.00    0.00    0.00    0.00    0.00   41.40
平均时间:  all   55.03    0.00    3.57    0.00    0.00    0.00    0.00    0.00   41.40

Linux 2.6.32-431.el6.x86_64 (slave2) 	2019年07月27日 	_x86_64_	(8 CPU)

01时31分21秒  CPU    %usr   %nice    %sys %iowait    %irq   %soft  %steal  %guest   %idle
01时31分22秒  all   38.75    0.00    2.81    0.00    0.00    0.00    0.00    0.00   58.44
平均时间:  all   38.75    0.00    2.81    0.00    0.00    0.00    0.00    0.00   58.44

Linux 2.6.32-431.el6.x86_64 (slave2) 	2019年07月27日 	_x86_64_	(8 CPU)

01时31分25秒  CPU    %usr   %nice    %sys %iowait    %irq   %soft  %steal  %guest   %idle
01时31分26秒  all   26.57    0.00    4.88    0.00    0.13    0.90    0.00    0.00   67.52
平均时间:  all   26.57    0.00    4.88    0.00    0.13    0.90    0.00    0.00   67.52

Linux 2.6.32-431.el6.x86_64 (slave2) 	2019年07月27日 	_x86_64_	(8 CPU)

01时31分29秒  CPU    %usr   %nice    %sys %iowait    %irq   %soft  %steal  %guest   %idle
01时31分30秒  all   30.08    0.00   15.24    0.00    0.27   18.05    0.00    0.00   36.36
平均时间:  all   30.08    0.00   15.24    0.00    0.27   18.05    0.00    0.00   36.36

Linux 2.6.32-431.el6.x86_64 (slave2) 	2019年07月27日 	_x86_64_	(8 CPU)

01时31分33秒  CPU    %usr   %nice    %sys %iowait    %irq   %soft  %steal  %guest   %idle
01时31分34秒  all   24.70    0.00   13.56    0.00    0.54   19.73    0.00    0.00   41.48
平均时间:  all   24.70    0.00   13.56    0.00    0.54   19.73    0.00    0.00   41.48

Linux 2.6.32-431.el6.x86_64 (slave2) 	2019年07月27日 	_x86_64_	(8 CPU)

01时31分37秒  CPU    %usr   %nice    %sys %iowait    %irq   %soft  %steal  %guest   %idle
01时31分38秒  all   28.70    0.00   15.48    0.00    0.26   16.93    0.00    0.00   38.62
平均时间:  all   28.70    0.00   15.48    0.00    0.26   16.93    0.00    0.00   38.62

Linux 2.6.32-431.el6.x86_64 (slave2) 	2019年07月27日 	_x86_64_	(8 CPU)

01时31分41秒  CPU    %usr   %nice    %sys %iowait    %irq   %soft  %steal  %guest   %idle
01时31分42秒  all   53.47    0.00   17.04    0.00    0.13    7.08    0.00    0.00   22.28
平均时间:  all   53.47    0.00   17.04    0.00    0.13    7.08    0.00    0.00   22.28

Linux 2.6.32-431.el6.x86_64 (slave2) 	2019年07月27日 	_x86_64_	(8 CPU)

01时31分45秒  CPU    %usr   %nice    %sys %iowait    %irq   %soft  %steal  %guest   %idle
01时31分46秒  all   62.34    0.00    9.90    0.00    0.00    0.26    0.00    0.00   27.51
平均时间:  all   62.34    0.00    9.90    0.00    0.00    0.26    0.00    0.00   27.51

Linux 2.6.32-431.el6.x86_64 (slave2) 	2019年07月27日 	_x86_64_	(8 CPU)

01时31分49秒  CPU    %usr   %nice    %sys %iowait    %irq   %soft  %steal  %guest   %idle
01时31分50秒  all   41.85    0.00    7.70    0.00    0.00    0.13    0.00    0.00   50.32
平均时间:  all   41.85    0.00    7.70    0.00    0.00    0.13    0.00    0.00   50.32

Linux 2.6.32-431.el6.x86_64 (slave2) 	2019年07月27日 	_x86_64_	(8 CPU)

01时31分53秒  CPU    %usr   %nice    %sys %iowait    %irq   %soft  %steal  %guest   %idle
01时31分54秒  all   73.95    0.00   14.05    0.00    0.00    0.13    0.00    0.00   11.88
平均时间:  all   73.95    0.00   14.05    0.00    0.00    0.13    0.00    0.00   11.88

Linux 2.6.32-431.el6.x86_64 (slave2) 	2019年07月27日 	_x86_64_	(8 CPU)

01时31分57秒  CPU    %usr   %nice    %sys %iowait    %irq   %soft  %steal  %guest   %idle
01时31分58秒  all   79.14    0.00    8.85    0.00    0.00    0.13    0.00    0.00   11.88
平均时间:  all   79.14    0.00    8.85    0.00    0.00    0.13    0.00    0.00   11.88

Linux 2.6.32-431.el6.x86_64 (slave2) 	2019年07月27日 	_x86_64_	(8 CPU)

01时32分01秒  CPU    %usr   %nice    %sys %iowait    %irq   %soft  %steal  %guest   %idle
01时32分02秒  all   79.77    0.00   11.70    0.00    0.00    0.51    0.00    0.00    8.02
平均时间:  all   79.77    0.00   11.70    0.00    0.00    0.51    0.00    0.00    8.02

Linux 2.6.32-431.el6.x86_64 (slave2) 	2019年07月27日 	_x86_64_	(8 CPU)

01时32分05秒  CPU    %usr   %nice    %sys %iowait    %irq   %soft  %steal  %guest   %idle
01时32分06秒  all   75.73    0.00   13.98    0.00    0.00    1.02    0.00    0.00    9.28
平均时间:  all   75.73    0.00   13.98    0.00    0.00    1.02    0.00    0.00    9.28

Linux 2.6.32-431.el6.x86_64 (slave2) 	2019年07月27日 	_x86_64_	(8 CPU)

01时32分09秒  CPU    %usr   %nice    %sys %iowait    %irq   %soft  %steal  %guest   %idle
01时32分10秒  all   71.65    0.00    6.51    0.00    0.00    0.26    0.00    0.00   21.58
平均时间:  all   71.65    0.00    6.51    0.00    0.00    0.26    0.00    0.00   21.58

Linux 2.6.32-431.el6.x86_64 (slave2) 	2019年07月27日 	_x86_64_	(8 CPU)

01时32分13秒  CPU    %usr   %nice    %sys %iowait    %irq   %soft  %steal  %guest   %idle
01时32分14秒  all   30.40    0.00    3.45    0.00    0.00    0.89    0.00    0.00   65.26
平均时间:  all   30.40    0.00    3.45    0.00    0.00    0.89    0.00    0.00   65.26

Linux 2.6.32-431.el6.x86_64 (slave2) 	2019年07月27日 	_x86_64_	(8 CPU)

01时32分17秒  CPU    %usr   %nice    %sys %iowait    %irq   %soft  %steal  %guest   %idle
01时32分18秒  all   72.86    0.00    8.04    0.00    0.00    0.13    0.00    0.00   18.97
平均时间:  all   72.86    0.00    8.04    0.00    0.00    0.13    0.00    0.00   18.97

Linux 2.6.32-431.el6.x86_64 (slave2) 	2019年07月27日 	_x86_64_	(8 CPU)

01时32分21秒  CPU    %usr   %nice    %sys %iowait    %irq   %soft  %steal  %guest   %idle
01时32分22秒  all   33.89    0.00    3.47    0.00    0.00    0.90    0.00    0.00   61.75
平均时间:  all   33.89    0.00    3.47    0.00    0.00    0.90    0.00    0.00   61.75

Linux 2.6.32-431.el6.x86_64 (slave2) 	2019年07月27日 	_x86_64_	(8 CPU)

01时32分25秒  CPU    %usr   %nice    %sys %iowait    %irq   %soft  %steal  %guest   %idle
01时32分26秒  all   44.83    0.00    9.43    0.00    0.00    1.42    0.00    0.00   44.32
平均时间:  all   44.83    0.00    9.43    0.00    0.00    1.42    0.00    0.00   44.32

Linux 2.6.32-431.el6.x86_64 (slave2) 	2019年07月27日 	_x86_64_	(8 CPU)

01时32分29秒  CPU    %usr   %nice    %sys %iowait    %irq   %soft  %steal  %guest   %idle
01时32分30秒  all   52.30    0.00   14.32    0.00    0.00    1.79    0.00    0.00   31.59
平均时间:  all   52.30    0.00   14.32    0.00    0.00    1.79    0.00    0.00   31.59

Linux 2.6.32-431.el6.x86_64 (slave2) 	2019年07月27日 	_x86_64_	(8 CPU)

01时32分33秒  CPU    %usr   %nice    %sys %iowait    %irq   %soft  %steal  %guest   %idle
01时32分34秒  all   50.57    0.00    7.54    0.00    0.00    0.38    0.00    0.00   41.51
平均时间:  all   50.57    0.00    7.54    0.00    0.00    0.38    0.00    0.00   41.51

Linux 2.6.32-431.el6.x86_64 (slave2) 	2019年07月27日 	_x86_64_	(8 CPU)

01时32分37秒  CPU    %usr   %nice    %sys %iowait    %irq   %soft  %steal  %guest   %idle
01时32分38秒  all   15.92    0.00    1.91    0.00    0.00    1.66    0.00    0.00   80.51
平均时间:  all   15.92    0.00    1.91    0.00    0.00    1.66    0.00    0.00   80.51

Linux 2.6.32-431.el6.x86_64 (slave2) 	2019年07月27日 	_x86_64_	(8 CPU)

01时32分41秒  CPU    %usr   %nice    %sys %iowait    %irq   %soft  %steal  %guest   %idle
01时32分42秒  all   57.11    0.00   10.37    0.00    0.00    0.77    0.00    0.00   31.75
平均时间:  all   57.11    0.00   10.37    0.00    0.00    0.77    0.00    0.00   31.75

Linux 2.6.32-431.el6.x86_64 (slave2) 	2019年07月27日 	_x86_64_	(8 CPU)

01时32分46秒  CPU    %usr   %nice    %sys %iowait    %irq   %soft  %steal  %guest   %idle
01时32分47秒  all   87.78    0.00    9.82    0.00    0.00    0.38    0.00    0.00    2.02
平均时间:  all   87.78    0.00    9.82    0.00    0.00    0.38    0.00    0.00    2.02

Linux 2.6.32-431.el6.x86_64 (slave2) 	2019年07月27日 	_x86_64_	(8 CPU)

01时32分50秒  CPU    %usr   %nice    %sys %iowait    %irq   %soft  %steal  %guest   %idle
01时32分51秒  all   38.14    0.00    5.48    0.00    0.00    1.40    0.00    0.00   54.97
平均时间:  all   38.14    0.00    5.48    0.00    0.00    1.40    0.00    0.00   54.97

Linux 2.6.32-431.el6.x86_64 (slave2) 	2019年07月27日 	_x86_64_	(8 CPU)

01时32分54秒  CPU    %usr   %nice    %sys %iowait    %irq   %soft  %steal  %guest   %idle
01时32分55秒  all   70.65    0.00   11.31    0.00    0.00    0.51    0.00    0.00   17.53
平均时间:  all   70.65    0.00   11.31    0.00    0.00    0.51    0.00    0.00   17.53

Linux 2.6.32-431.el6.x86_64 (slave2) 	2019年07月27日 	_x86_64_	(8 CPU)

01时32分58秒  CPU    %usr   %nice    %sys %iowait    %irq   %soft  %steal  %guest   %idle
01时32分59秒  all   93.23    0.00    6.39    0.00    0.00    0.38    0.00    0.00    0.00
平均时间:  all   93.23    0.00    6.39    0.00    0.00    0.38    0.00    0.00    0.00

Linux 2.6.32-431.el6.x86_64 (slave2) 	2019年07月27日 	_x86_64_	(8 CPU)

01时33分02秒  CPU    %usr   %nice    %sys %iowait    %irq   %soft  %steal  %guest   %idle
01时33分03秒  all   80.30    0.00    9.15    0.00    0.00    3.81    0.00    0.00    6.73
平均时间:  all   80.30    0.00    9.15    0.00    0.00    3.81    0.00    0.00    6.73

Linux 2.6.32-431.el6.x86_64 (slave2) 	2019年07月27日 	_x86_64_	(8 CPU)

01时33分06秒  CPU    %usr   %nice    %sys %iowait    %irq   %soft  %steal  %guest   %idle
01时33分07秒  all   75.80    0.00    6.37    0.00    0.00    0.76    0.00    0.00   17.07
平均时间:  all   75.80    0.00    6.37    0.00    0.00    0.76    0.00    0.00   17.07

Linux 2.6.32-431.el6.x86_64 (slave2) 	2019年07月27日 	_x86_64_	(8 CPU)

01时33分10秒  CPU    %usr   %nice    %sys %iowait    %irq   %soft  %steal  %guest   %idle
01时33分11秒  all   94.88    0.00    4.62    0.00    0.00    0.00    0.00    0.00    0.50
平均时间:  all   94.88    0.00    4.62    0.00    0.00    0.00    0.00    0.00    0.50

Linux 2.6.32-431.el6.x86_64 (slave2) 	2019年07月27日 	_x86_64_	(8 CPU)

01时33分14秒  CPU    %usr   %nice    %sys %iowait    %irq   %soft  %steal  %guest   %idle
01时33分15秒  all   76.66    0.00    7.53    0.00    0.13    1.66    0.00    0.00   14.03
平均时间:  all   76.66    0.00    7.53    0.00    0.13    1.66    0.00    0.00   14.03

Linux 2.6.32-431.el6.x86_64 (slave2) 	2019年07月27日 	_x86_64_	(8 CPU)

01时33分18秒  CPU    %usr   %nice    %sys %iowait    %irq   %soft  %steal  %guest   %idle
01时33分19秒  all   72.51    0.00    5.50    0.00    0.00    1.28    0.00    0.00   20.72
平均时间:  all   72.51    0.00    5.50    0.00    0.00    1.28    0.00    0.00   20.72

Linux 2.6.32-431.el6.x86_64 (slave2) 	2019年07月27日 	_x86_64_	(8 CPU)

01时33分22秒  CPU    %usr   %nice    %sys %iowait    %irq   %soft  %steal  %guest   %idle
01时33分23秒  all   67.43    0.00    7.10    0.00    0.13    1.27    0.00    0.00   24.08
平均时间:  all   67.43    0.00    7.10    0.00    0.13    1.27    0.00    0.00   24.08

Linux 2.6.32-431.el6.x86_64 (slave2) 	2019年07月27日 	_x86_64_	(8 CPU)

01时33分26秒  CPU    %usr   %nice    %sys %iowait    %irq   %soft  %steal  %guest   %idle
01时33分27秒  all   66.58    0.00   20.82    0.00    0.26    6.81    0.00    0.00    5.53
平均时间:  all   66.58    0.00   20.82    0.00    0.26    6.81    0.00    0.00    5.53

Linux 2.6.32-431.el6.x86_64 (slave2) 	2019年07月27日 	_x86_64_	(8 CPU)

01时33分30秒  CPU    %usr   %nice    %sys %iowait    %irq   %soft  %steal  %guest   %idle
01时33分31秒  all   70.56    0.00   19.80    0.00    0.13    9.52    0.00    0.00    0.00
平均时间:  all   70.56    0.00   19.80    0.00    0.13    9.52    0.00    0.00    0.00

Linux 2.6.32-431.el6.x86_64 (slave2) 	2019年07月27日 	_x86_64_	(8 CPU)

01时33分34秒  CPU    %usr   %nice    %sys %iowait    %irq   %soft  %steal  %guest   %idle
01时33分35秒  all   62.78    0.00   19.87    0.00    0.25   17.09    0.00    0.00    0.00
平均时间:  all   62.78    0.00   19.87    0.00    0.25   17.09    0.00    0.00    0.00

Linux 2.6.32-431.el6.x86_64 (slave2) 	2019年07月27日 	_x86_64_	(8 CPU)

01时33分38秒  CPU    %usr   %nice    %sys %iowait    %irq   %soft  %steal  %guest   %idle
01时33分39秒  all   65.70    0.00   19.35    0.00    0.13   14.70    0.00    0.00    0.13
平均时间:  all   65.70    0.00   19.35    0.00    0.13   14.70    0.00    0.00    0.13

Linux 2.6.32-431.el6.x86_64 (slave2) 	2019年07月27日 	_x86_64_	(8 CPU)

01时33分42秒  CPU    %usr   %nice    %sys %iowait    %irq   %soft  %steal  %guest   %idle
01时33分43秒  all   78.62    0.00   14.00    0.00    0.25    7.12    0.00    0.00    0.00
平均时间:  all   78.62    0.00   14.00    0.00    0.25    7.12    0.00    0.00    0.00

Linux 2.6.32-431.el6.x86_64 (slave2) 	2019年07月27日 	_x86_64_	(8 CPU)

01时33分46秒  CPU    %usr   %nice    %sys %iowait    %irq   %soft  %steal  %guest   %idle
01时33分47秒  all   71.28    0.00   16.25    0.00    0.25   12.22    0.00    0.00    0.00
平均时间:  all   71.28    0.00   16.25    0.00    0.25   12.22    0.00    0.00    0.00

Linux 2.6.32-431.el6.x86_64 (slave2) 	2019年07月27日 	_x86_64_	(8 CPU)

01时33分50秒  CPU    %usr   %nice    %sys %iowait    %irq   %soft  %steal  %guest   %idle
01时33分51秒  all   64.25    0.00   20.75    0.00    0.12   14.88    0.00    0.00    0.00
平均时间:  all   64.25    0.00   20.75    0.00    0.12   14.88    0.00    0.00    0.00

Linux 2.6.32-431.el6.x86_64 (slave2) 	2019年07月27日 	_x86_64_	(8 CPU)

01时33分54秒  CPU    %usr   %nice    %sys %iowait    %irq   %soft  %steal  %guest   %idle
01时33分55秒  all   81.62    0.00   15.75    0.00    0.12    2.38    0.00    0.00    0.12
平均时间:  all   81.62    0.00   15.75    0.00    0.12    2.38    0.00    0.00    0.12

Linux 2.6.32-431.el6.x86_64 (slave2) 	2019年07月27日 	_x86_64_	(8 CPU)

01时33分58秒  CPU    %usr   %nice    %sys %iowait    %irq   %soft  %steal  %guest   %idle
01时33分59秒  all   50.44    0.00    6.86    0.00    0.00    0.13    0.00    0.00   42.57
平均时间:  all   50.44    0.00    6.86    0.00    0.00    0.13    0.00    0.00   42.57

Linux 2.6.32-431.el6.x86_64 (slave2) 	2019年07月27日 	_x86_64_	(8 CPU)

01时34分02秒  CPU    %usr   %nice    %sys %iowait    %irq   %soft  %steal  %guest   %idle
01时34分03秒  all   41.63    0.00    4.09    0.00    0.00    0.00    0.00    0.00   54.28
平均时间:  all   41.63    0.00    4.09    0.00    0.00    0.00    0.00    0.00   54.28

Linux 2.6.32-431.el6.x86_64 (slave2) 	2019年07月27日 	_x86_64_	(8 CPU)

01时34分07秒  CPU    %usr   %nice    %sys %iowait    %irq   %soft  %steal  %guest   %idle
01时34分08秒  all   93.73    0.00    4.64    0.00    0.00    0.00    0.00    0.00    1.63
平均时间:  all   93.73    0.00    4.64    0.00    0.00    0.00    0.00    0.00    1.63

Linux 2.6.32-431.el6.x86_64 (slave2) 	2019年07月27日 	_x86_64_	(8 CPU)

01时34分11秒  CPU    %usr   %nice    %sys %iowait    %irq   %soft  %steal  %guest   %idle
01时34分12秒  all   45.70    0.00    6.68    0.00    0.13    0.26    0.00    0.00   47.24
平均时间:  all   45.70    0.00    6.68    0.00    0.13    0.26    0.00    0.00   47.24

Linux 2.6.32-431.el6.x86_64 (slave2) 	2019年07月27日 	_x86_64_	(8 CPU)

01时34分15秒  CPU    %usr   %nice    %sys %iowait    %irq   %soft  %steal  %guest   %idle
01时34分16秒  all   45.94    0.00    4.19    0.00    0.00    0.25    0.00    0.00   49.62
平均时间:  all   45.94    0.00    4.19    0.00    0.00    0.25    0.00    0.00   49.62

Linux 2.6.32-431.el6.x86_64 (slave2) 	2019年07月27日 	_x86_64_	(8 CPU)

01时34分19秒  CPU    %usr   %nice    %sys %iowait    %irq   %soft  %steal  %guest   %idle
01时34分20秒  all   45.67    0.00    4.07    0.13    0.00    0.25    0.00    0.00   49.87
平均时间:  all   45.67    0.00    4.07    0.13    0.00    0.25    0.00    0.00   49.87

Linux 2.6.32-431.el6.x86_64 (slave2) 	2019年07月27日 	_x86_64_	(8 CPU)

01时34分23秒  CPU    %usr   %nice    %sys %iowait    %irq   %soft  %steal  %guest   %idle
01时34分24秒  all   50.38    0.00    5.63    0.00    0.00    0.13    0.00    0.00   43.86
平均时间:  all   50.38    0.00    5.63    0.00    0.00    0.13    0.00    0.00   43.86

Linux 2.6.32-431.el6.x86_64 (slave2) 	2019年07月27日 	_x86_64_	(8 CPU)

01时34分27秒  CPU    %usr   %nice    %sys %iowait    %irq   %soft  %steal  %guest   %idle
01时34分28秒  all   75.25    0.00   10.03    0.00    0.00    0.00    0.00    0.00   14.72
平均时间:  all   75.25    0.00   10.03    0.00    0.00    0.00    0.00    0.00   14.72

Linux 2.6.32-431.el6.x86_64 (slave2) 	2019年07月27日 	_x86_64_	(8 CPU)

01时34分31秒  CPU    %usr   %nice    %sys %iowait    %irq   %soft  %steal  %guest   %idle
01时34分32秒  all   85.75    0.00    8.83    0.00    0.00    0.00    0.00    0.00    5.42
平均时间:  all   85.75    0.00    8.83    0.00    0.00    0.00    0.00    0.00    5.42

Linux 2.6.32-431.el6.x86_64 (slave2) 	2019年07月27日 	_x86_64_	(8 CPU)

01时34分35秒  CPU    %usr   %nice    %sys %iowait    %irq   %soft  %steal  %guest   %idle
01时34分36秒  all   93.38    0.00    5.38    0.00    0.00    0.12    0.00    0.00    1.12
平均时间:  all   93.38    0.00    5.38    0.00    0.00    0.12    0.00    0.00    1.12

Linux 2.6.32-431.el6.x86_64 (slave2) 	2019年07月27日 	_x86_64_	(8 CPU)

01时34分39秒  CPU    %usr   %nice    %sys %iowait    %irq   %soft  %steal  %guest   %idle
01时34分40秒  all   94.74    0.00    4.76    0.00    0.00    0.13    0.00    0.00    0.38
平均时间:  all   94.74    0.00    4.76    0.00    0.00    0.13    0.00    0.00    0.38

Linux 2.6.32-431.el6.x86_64 (slave2) 	2019年07月27日 	_x86_64_	(8 CPU)

01时34分43秒  CPU    %usr   %nice    %sys %iowait    %irq   %soft  %steal  %guest   %idle
01时34分44秒  all   61.20    0.00    6.66    0.00    0.13    1.28    0.00    0.00   30.73
平均时间:  all   61.20    0.00    6.66    0.00    0.13    1.28    0.00    0.00   30.73

Linux 2.6.32-431.el6.x86_64 (slave2) 	2019年07月27日 	_x86_64_	(8 CPU)

01时34分47秒  CPU    %usr   %nice    %sys %iowait    %irq   %soft  %steal  %guest   %idle
01时34分48秒  all   49.68    0.00    4.32    0.00    0.13    0.38    0.00    0.00   45.49
平均时间:  all   49.68    0.00    4.32    0.00    0.13    0.38    0.00    0.00   45.49

Linux 2.6.32-431.el6.x86_64 (slave2) 	2019年07月27日 	_x86_64_	(8 CPU)

01时34分51秒  CPU    %usr   %nice    %sys %iowait    %irq   %soft  %steal  %guest   %idle
01时34分52秒  all   74.46    0.00    7.96    0.13    0.00    0.25    0.00    0.00   17.19
平均时间:  all   74.46    0.00    7.96    0.13    0.00    0.25    0.00    0.00   17.19

Linux 2.6.32-431.el6.x86_64 (slave2) 	2019年07月27日 	_x86_64_	(8 CPU)

01时34分55秒  CPU    %usr   %nice    %sys %iowait    %irq   %soft  %steal  %guest   %idle
01时34分56秒  all   46.73    0.00   13.86    0.00    0.00    0.26    0.00    0.00   39.15
平均时间:  all   46.73    0.00   13.86    0.00    0.00    0.26    0.00    0.00   39.15

Linux 2.6.32-431.el6.x86_64 (slave2) 	2019年07月27日 	_x86_64_	(8 CPU)

01时34分59秒  CPU    %usr   %nice    %sys %iowait    %irq   %soft  %steal  %guest   %idle
01时35分00秒  all   86.98    0.00   10.76    0.00    0.00    0.25    0.00    0.00    2.00
平均时间:  all   86.98    0.00   10.76    0.00    0.00    0.25    0.00    0.00    2.00

Linux 2.6.32-431.el6.x86_64 (slave2) 	2019年07月27日 	_x86_64_	(8 CPU)

01时35分03秒  CPU    %usr   %nice    %sys %iowait    %irq   %soft  %steal  %guest   %idle
01时35分04秒  all   81.41    0.00    7.66    0.00    0.00    0.38    0.00    0.00   10.55
平均时间:  all   81.41    0.00    7.66    0.00    0.00    0.38    0.00    0.00   10.55

Linux 2.6.32-431.el6.x86_64 (slave2) 	2019年07月27日 	_x86_64_	(8 CPU)

01时35分07秒  CPU    %usr   %nice    %sys %iowait    %irq   %soft  %steal  %guest   %idle
01时35分08秒  all   87.83    0.00    7.15    0.00    0.00    0.13    0.00    0.00    4.89
平均时间:  all   87.83    0.00    7.15    0.00    0.00    0.13    0.00    0.00    4.89

Linux 2.6.32-431.el6.x86_64 (slave2) 	2019年07月27日 	_x86_64_	(8 CPU)

01时35分11秒  CPU    %usr   %nice    %sys %iowait    %irq   %soft  %steal  %guest   %idle
01时35分12秒  all   92.24    0.00    6.76    0.00    0.00    0.38    0.00    0.00    0.63
平均时间:  all   92.24    0.00    6.76    0.00    0.00    0.38    0.00    0.00    0.63

Linux 2.6.32-431.el6.x86_64 (slave2) 	2019年07月27日 	_x86_64_	(8 CPU)

01时35分15秒  CPU    %usr   %nice    %sys %iowait    %irq   %soft  %steal  %guest   %idle
01时35分16秒  all   88.97    0.00    9.15    0.00    0.13    0.38    0.00    0.00    1.38
平均时间:  all   88.97    0.00    9.15    0.00    0.13    0.38    0.00    0.00    1.38

Linux 2.6.32-431.el6.x86_64 (slave2) 	2019年07月27日 	_x86_64_	(8 CPU)

01时35分21秒  CPU    %usr   %nice    %sys %iowait    %irq   %soft  %steal  %guest   %idle
01时35分22秒  all   87.58    0.00    7.65    0.00    0.13    0.25    0.00    0.00    4.39
平均时间:  all   87.58    0.00    7.65    0.00    0.13    0.25    0.00    0.00    4.39

Linux 2.6.32-431.el6.x86_64 (slave2) 	2019年07月27日 	_x86_64_	(8 CPU)

01时35分25秒  CPU    %usr   %nice    %sys %iowait    %irq   %soft  %steal  %guest   %idle
01时35分26秒  all   80.45    0.00    8.52    0.00    0.13    0.63    0.00    0.00   10.28
平均时间:  all   80.45    0.00    8.52    0.00    0.13    0.63    0.00    0.00   10.28

Linux 2.6.32-431.el6.x86_64 (slave2) 	2019年07月27日 	_x86_64_	(8 CPU)

01时35分29秒  CPU    %usr   %nice    %sys %iowait    %irq   %soft  %steal  %guest   %idle
01时35分30秒  all   77.61    0.00    7.67    0.00    0.00    1.76    0.00    0.00   12.96
平均时间:  all   77.61    0.00    7.67    0.00    0.00    1.76    0.00    0.00   12.96

Linux 2.6.32-431.el6.x86_64 (slave2) 	2019年07月27日 	_x86_64_	(8 CPU)

01时35分33秒  CPU    %usr   %nice    %sys %iowait    %irq   %soft  %steal  %guest   %idle
01时35分34秒  all   80.10    0.00   12.27    0.00    0.13    4.01    0.00    0.00    3.49
平均时间:  all   80.10    0.00   12.27    0.00    0.13    4.01    0.00    0.00    3.49

Linux 2.6.32-431.el6.x86_64 (slave2) 	2019年07月27日 	_x86_64_	(8 CPU)

01时35分37秒  CPU    %usr   %nice    %sys %iowait    %irq   %soft  %steal  %guest   %idle
01时35分38秒  all   74.59    0.00   15.77    0.00    0.38    8.89    0.00    0.00    0.38
平均时间:  all   74.59    0.00   15.77    0.00    0.38    8.89    0.00    0.00    0.38

Linux 2.6.32-431.el6.x86_64 (slave2) 	2019年07月27日 	_x86_64_	(8 CPU)

01时35分41秒  CPU    %usr   %nice    %sys %iowait    %irq   %soft  %steal  %guest   %idle
01时35分42秒  all   65.87    0.00   15.87    0.00    0.25   13.10    0.00    0.00    4.91
平均时间:  all   65.87    0.00   15.87    0.00    0.25   13.10    0.00    0.00    4.91

Linux 2.6.32-431.el6.x86_64 (slave2) 	2019年07月27日 	_x86_64_	(8 CPU)

01时35分45秒  CPU    %usr   %nice    %sys %iowait    %irq   %soft  %steal  %guest   %idle
01时35分46秒  all   64.07    0.00   15.70    0.00    0.25   15.33    0.00    0.00    4.65
平均时间:  all   64.07    0.00   15.70    0.00    0.25   15.33    0.00    0.00    4.65

Linux 2.6.32-431.el6.x86_64 (slave2) 	2019年07月27日 	_x86_64_	(8 CPU)

01时35分49秒  CPU    %usr   %nice    %sys %iowait    %irq   %soft  %steal  %guest   %idle
01时35分50秒  all   65.48    0.00   14.65    0.00    0.13   10.96    0.00    0.00    8.79
平均时间:  all   65.48    0.00   14.65    0.00    0.13   10.96    0.00    0.00    8.79

Linux 2.6.32-431.el6.x86_64 (slave2) 	2019年07月27日 	_x86_64_	(8 CPU)

01时35分53秒  CPU    %usr   %nice    %sys %iowait    %irq   %soft  %steal  %guest   %idle
01时35分54秒  all   65.43    0.00   13.96    0.00    0.13    8.58    0.00    0.00   11.91
平均时间:  all   65.43    0.00   13.96    0.00    0.13    8.58    0.00    0.00   11.91

Linux 2.6.32-431.el6.x86_64 (slave2) 	2019年07月27日 	_x86_64_	(8 CPU)

01时35分57秒  CPU    %usr   %nice    %sys %iowait    %irq   %soft  %steal  %guest   %idle
01时35分58秒  all   82.33    0.00   10.65    0.00    0.00    0.63    0.00    0.00    6.39
平均时间:  all   82.33    0.00   10.65    0.00    0.00    0.63    0.00    0.00    6.39

Linux 2.6.32-431.el6.x86_64 (slave2) 	2019年07月27日 	_x86_64_	(8 CPU)

01时36分01秒  CPU    %usr   %nice    %sys %iowait    %irq   %soft  %steal  %guest   %idle
01时36分02秒  all   85.43    0.00    8.04    0.00    0.13    0.25    0.00    0.00    6.16
平均时间:  all   85.43    0.00    8.04    0.00    0.13    0.25    0.00    0.00    6.16

Linux 2.6.32-431.el6.x86_64 (slave2) 	2019年07月27日 	_x86_64_	(8 CPU)

01时36分05秒  CPU    %usr   %nice    %sys %iowait    %irq   %soft  %steal  %guest   %idle
01时36分06秒  all   89.75    0.00    7.38    0.00    0.12    0.38    0.00    0.00    2.38
平均时间:  all   89.75    0.00    7.38    0.00    0.12    0.38    0.00    0.00    2.38

Linux 2.6.32-431.el6.x86_64 (slave2) 	2019年07月27日 	_x86_64_	(8 CPU)

01时36分10秒  CPU    %usr   %nice    %sys %iowait    %irq   %soft  %steal  %guest   %idle
01时36分11秒  all   78.78    0.00   14.36    0.00    0.12    6.62    0.00    0.00    0.12
平均时间:  all   78.78    0.00   14.36    0.00    0.12    6.62    0.00    0.00    0.12

Linux 2.6.32-431.el6.x86_64 (slave2) 	2019年07月27日 	_x86_64_	(8 CPU)

01时36分14秒  CPU    %usr   %nice    %sys %iowait    %irq   %soft  %steal  %guest   %idle
01时36分15秒  all   91.61    0.00    7.63    0.00    0.00    0.25    0.00    0.00    0.50
平均时间:  all   91.61    0.00    7.63    0.00    0.00    0.25    0.00    0.00    0.50

Linux 2.6.32-431.el6.x86_64 (slave2) 	2019年07月27日 	_x86_64_	(8 CPU)

01时36分18秒  CPU    %usr   %nice    %sys %iowait    %irq   %soft  %steal  %guest   %idle
01时36分19秒  all   93.74    0.00    5.63    0.00    0.00    0.13    0.00    0.00    0.50
平均时间:  all   93.74    0.00    5.63    0.00    0.00    0.13    0.00    0.00    0.50

Linux 2.6.32-431.el6.x86_64 (slave2) 	2019年07月27日 	_x86_64_	(8 CPU)

01时36分22秒  CPU    %usr   %nice    %sys %iowait    %irq   %soft  %steal  %guest   %idle
01时36分23秒  all   74.62    0.00    7.58    0.00    0.00    0.25    0.00    0.00   17.55
平均时间:  all   74.62    0.00    7.58    0.00    0.00    0.25    0.00    0.00   17.55

Linux 2.6.32-431.el6.x86_64 (slave2) 	2019年07月27日 	_x86_64_	(8 CPU)

01时36分26秒  CPU    %usr   %nice    %sys %iowait    %irq   %soft  %steal  %guest   %idle
01时36分27秒  all   89.72    0.00    7.89    0.00    0.00    0.13    0.00    0.00    2.26
平均时间:  all   89.72    0.00    7.89    0.00    0.00    0.13    0.00    0.00    2.26

Linux 2.6.32-431.el6.x86_64 (slave2) 	2019年07月27日 	_x86_64_	(8 CPU)

01时36分30秒  CPU    %usr   %nice    %sys %iowait    %irq   %soft  %steal  %guest   %idle
01时36分31秒  all   17.09    0.00    1.65    0.00    0.00    0.76    0.00    0.00   80.51
平均时间:  all   17.09    0.00    1.65    0.00    0.00    0.76    0.00    0.00   80.51

Linux 2.6.32-431.el6.x86_64 (slave2) 	2019年07月27日 	_x86_64_	(8 CPU)

01时36分34秒  CPU    %usr   %nice    %sys %iowait    %irq   %soft  %steal  %guest   %idle
01时36分35秒  all   77.34    0.00    8.35    0.00    0.00    0.00    0.00    0.00   14.30
平均时间:  all   77.34    0.00    8.35    0.00    0.00    0.00    0.00    0.00   14.30

Linux 2.6.32-431.el6.x86_64 (slave2) 	2019年07月27日 	_x86_64_	(8 CPU)

01时36分38秒  CPU    %usr   %nice    %sys %iowait    %irq   %soft  %steal  %guest   %idle
01时36分39秒  all   37.44    0.00    6.54    0.00    0.00    0.51    0.00    0.00   55.51
平均时间:  all   37.44    0.00    6.54    0.00    0.00    0.51    0.00    0.00   55.51

Linux 2.6.32-431.el6.x86_64 (slave2) 	2019年07月27日 	_x86_64_	(8 CPU)

01时36分42秒  CPU    %usr   %nice    %sys %iowait    %irq   %soft  %steal  %guest   %idle
01时36分43秒  all   73.00    0.00    8.62    0.00    0.00    1.01    0.00    0.00   17.36
平均时间:  all   73.00    0.00    8.62    0.00    0.00    1.01    0.00    0.00   17.36

Linux 2.6.32-431.el6.x86_64 (slave2) 	2019年07月27日 	_x86_64_	(8 CPU)

01时36分46秒  CPU    %usr   %nice    %sys %iowait    %irq   %soft  %steal  %guest   %idle
01时36分47秒  all   45.35    0.00   14.27    0.00    0.00    0.89    0.00    0.00   39.49
平均时间:  all   45.35    0.00   14.27    0.00    0.00    0.89    0.00    0.00   39.49

Linux 2.6.32-431.el6.x86_64 (slave2) 	2019年07月27日 	_x86_64_	(8 CPU)

01时36分50秒  CPU    %usr   %nice    %sys %iowait    %irq   %soft  %steal  %guest   %idle
01时36分51秒  all   85.05    0.00    9.67    0.00    0.00    0.00    0.00    0.00    5.28
平均时间:  all   85.05    0.00    9.67    0.00    0.00    0.00    0.00    0.00    5.28

Linux 2.6.32-431.el6.x86_64 (slave2) 	2019年07月27日 	_x86_64_	(8 CPU)

01时36分54秒  CPU    %usr   %nice    %sys %iowait    %irq   %soft  %steal  %guest   %idle
01时36分55秒  all   43.98    0.00    3.55    0.13    0.00    0.00    0.00    0.00   52.34
平均时间:  all   43.98    0.00    3.55    0.13    0.00    0.00    0.00    0.00   52.34

Linux 2.6.32-431.el6.x86_64 (slave2) 	2019年07月27日 	_x86_64_	(8 CPU)

01时36分58秒  CPU    %usr   %nice    %sys %iowait    %irq   %soft  %steal  %guest   %idle
01时36分59秒  all   70.70    0.00    9.68    0.00    0.00    0.51    0.00    0.00   19.11
平均时间:  all   70.70    0.00    9.68    0.00    0.00    0.51    0.00    0.00   19.11

Linux 2.6.32-431.el6.x86_64 (slave2) 	2019年07月27日 	_x86_64_	(8 CPU)

01时37分02秒  CPU    %usr   %nice    %sys %iowait    %irq   %soft  %steal  %guest   %idle
01时37分03秒  all   86.73    0.00    8.76    0.00    0.00    0.13    0.00    0.00    4.38
平均时间:  all   86.73    0.00    8.76    0.00    0.00    0.13    0.00    0.00    4.38

Linux 2.6.32-431.el6.x86_64 (slave2) 	2019年07月27日 	_x86_64_	(8 CPU)

01时37分06秒  CPU    %usr   %nice    %sys %iowait    %irq   %soft  %steal  %guest   %idle
01时37分07秒  all   89.24    0.00    7.76    0.00    0.00    0.13    0.00    0.00    2.88
平均时间:  all   89.24    0.00    7.76    0.00    0.00    0.13    0.00    0.00    2.88

Linux 2.6.32-431.el6.x86_64 (slave2) 	2019年07月27日 	_x86_64_	(8 CPU)

01时37分10秒  CPU    %usr   %nice    %sys %iowait    %irq   %soft  %steal  %guest   %idle
01时37分11秒  all   91.49    0.00    7.88    0.00    0.00    0.00    0.00    0.00    0.63
平均时间:  all   91.49    0.00    7.88    0.00    0.00    0.00    0.00    0.00    0.63

Linux 2.6.32-431.el6.x86_64 (slave2) 	2019年07月27日 	_x86_64_	(8 CPU)

01时37分14秒  CPU    %usr   %nice    %sys %iowait    %irq   %soft  %steal  %guest   %idle
01时37分15秒  all   93.50    0.00    6.25    0.00    0.00    0.00    0.00    0.00    0.25
平均时间:  all   93.50    0.00    6.25    0.00    0.00    0.00    0.00    0.00    0.25

Linux 2.6.32-431.el6.x86_64 (slave2) 	2019年07月27日 	_x86_64_	(8 CPU)

01时37分18秒  CPU    %usr   %nice    %sys %iowait    %irq   %soft  %steal  %guest   %idle
01时37分19秒  all   68.49    0.00    8.04    0.00    0.00    0.00    0.00    0.00   23.47
平均时间:  all   68.49    0.00    8.04    0.00    0.00    0.00    0.00    0.00   23.47

Linux 2.6.32-431.el6.x86_64 (slave2) 	2019年07月27日 	_x86_64_	(8 CPU)

01时37分22秒  CPU    %usr   %nice    %sys %iowait    %irq   %soft  %steal  %guest   %idle
01时37分23秒  all   33.93    0.00    3.19    0.00    0.00    0.00    0.00    0.00   62.88
平均时间:  all   33.93    0.00    3.19    0.00    0.00    0.00    0.00    0.00   62.88

Linux 2.6.32-431.el6.x86_64 (slave2) 	2019年07月27日 	_x86_64_	(8 CPU)

01时37分26秒  CPU    %usr   %nice    %sys %iowait    %irq   %soft  %steal  %guest   %idle
01时37分27秒  all    6.66    0.00   10.44    0.00    0.26    5.35    0.00    0.00   77.28
平均时间:  all    6.66    0.00   10.44    0.00    0.26    5.35    0.00    0.00   77.28

Linux 2.6.32-431.el6.x86_64 (slave2) 	2019年07月27日 	_x86_64_	(8 CPU)

01时37分30秒  CPU    %usr   %nice    %sys %iowait    %irq   %soft  %steal  %guest   %idle
01时37分31秒  all   52.46    0.00   17.36    0.00    0.13   13.47    0.00    0.00   16.58
平均时间:  all   52.46    0.00   17.36    0.00    0.13   13.47    0.00    0.00   16.58

Linux 2.6.32-431.el6.x86_64 (slave2) 	2019年07月27日 	_x86_64_	(8 CPU)

01时37分34秒  CPU    %usr   %nice    %sys %iowait    %irq   %soft  %steal  %guest   %idle
01时37分35秒  all    8.00    0.00    8.83    0.00    0.41   19.31    0.00    0.00   63.45
平均时间:  all    8.00    0.00    8.83    0.00    0.41   19.31    0.00    0.00   63.45

Linux 2.6.32-431.el6.x86_64 (slave2) 	2019年07月27日 	_x86_64_	(8 CPU)

01时37分38秒  CPU    %usr   %nice    %sys %iowait    %irq   %soft  %steal  %guest   %idle
01时37分39秒  all   59.39    0.00   20.68    0.00    0.50   18.92    0.00    0.00    0.50
平均时间:  all   59.39    0.00   20.68    0.00    0.50   18.92    0.00    0.00    0.50

Linux 2.6.32-431.el6.x86_64 (slave2) 	2019年07月27日 	_x86_64_	(8 CPU)

01时37分42秒  CPU    %usr   %nice    %sys %iowait    %irq   %soft  %steal  %guest   %idle
01时37分43秒  all   28.74    0.00   12.98    0.00    0.93   17.88    0.00    0.00   39.47
平均时间:  all   28.74    0.00   12.98    0.00    0.93   17.88    0.00    0.00   39.47

Linux 2.6.32-431.el6.x86_64 (slave2) 	2019年07月27日 	_x86_64_	(8 CPU)

01时37分46秒  CPU    %usr   %nice    %sys %iowait    %irq   %soft  %steal  %guest   %idle
01时37分47秒  all   66.08    0.00   19.80    0.00    0.13   12.48    0.00    0.00    1.51
平均时间:  all   66.08    0.00   19.80    0.00    0.13   12.48    0.00    0.00    1.51

Linux 2.6.32-431.el6.x86_64 (slave2) 	2019年07月27日 	_x86_64_	(8 CPU)

01时37分50秒  CPU    %usr   %nice    %sys %iowait    %irq   %soft  %steal  %guest   %idle
01时37分51秒  all    9.66    0.00    6.99    0.00    0.00    0.00    0.00    0.00   83.35
平均时间:  all    9.66    0.00    6.99    0.00    0.00    0.00    0.00    0.00   83.35

Linux 2.6.32-431.el6.x86_64 (slave2) 	2019年07月27日 	_x86_64_	(8 CPU)

01时37分54秒  CPU    %usr   %nice    %sys %iowait    %irq   %soft  %steal  %guest   %idle
01时37分55秒  all   69.38    0.00    9.28    0.00    0.00    0.00    0.00    0.00   21.35
平均时间:  all   69.38    0.00    9.28    0.00    0.00    0.00    0.00    0.00   21.35

Linux 2.6.32-431.el6.x86_64 (slave2) 	2019年07月27日 	_x86_64_	(8 CPU)

01时37分58秒  CPU    %usr   %nice    %sys %iowait    %irq   %soft  %steal  %guest   %idle
01时37分59秒  all   42.73    0.00    2.02    0.00    0.13    0.00    0.00    0.00   55.12
平均时间:  all   42.73    0.00    2.02    0.00    0.13    0.00    0.00    0.00   55.12

Linux 2.6.32-431.el6.x86_64 (slave2) 	2019年07月27日 	_x86_64_	(8 CPU)

01时38分02秒  CPU    %usr   %nice    %sys %iowait    %irq   %soft  %steal  %guest   %idle
01时38分03秒  all   82.66    0.00    7.09    0.00    0.00    0.00    0.00    0.00   10.25
平均时间:  all   82.66    0.00    7.09    0.00    0.00    0.00    0.00    0.00   10.25

Linux 2.6.32-431.el6.x86_64 (slave2) 	2019年07月27日 	_x86_64_	(8 CPU)

01时38分06秒  CPU    %usr   %nice    %sys %iowait    %irq   %soft  %steal  %guest   %idle
01时38分07秒  all   75.53    0.00    3.89    0.00    0.13    1.63    0.00    0.00   18.82
平均时间:  all   75.53    0.00    3.89    0.00    0.13    1.63    0.00    0.00   18.82

Linux 2.6.32-431.el6.x86_64 (slave2) 	2019年07月27日 	_x86_64_	(8 CPU)

01时38分10秒  CPU    %usr   %nice    %sys %iowait    %irq   %soft  %steal  %guest   %idle
01时38分11秒  all   57.54    0.00   10.39    0.00    0.13    1.01    0.00    0.00   30.93
平均时间:  all   57.54    0.00   10.39    0.00    0.13    1.01    0.00    0.00   30.93

Linux 2.6.32-431.el6.x86_64 (slave2) 	2019年07月27日 	_x86_64_	(8 CPU)

01时38分14秒  CPU    %usr   %nice    %sys %iowait    %irq   %soft  %steal  %guest   %idle
01时38分15秒  all   48.66    0.00    4.59    0.00    0.00    0.00    0.00    0.00   46.75
平均时间:  all   48.66    0.00    4.59    0.00    0.00    0.00    0.00    0.00   46.75

Linux 2.6.32-431.el6.x86_64 (slave2) 	2019年07月27日 	_x86_64_	(8 CPU)

01时38分18秒  CPU    %usr   %nice    %sys %iowait    %irq   %soft  %steal  %guest   %idle
01时38分19秒  all   53.55    0.00    5.71    0.00    0.13    0.00    0.00    0.00   40.61
平均时间:  all   53.55    0.00    5.71    0.00    0.13    0.00    0.00    0.00   40.61

Linux 2.6.32-431.el6.x86_64 (slave2) 	2019年07月27日 	_x86_64_	(8 CPU)

01时38分22秒  CPU    %usr   %nice    %sys %iowait    %irq   %soft  %steal  %guest   %idle
01时38分23秒  all   64.89    0.00    7.38    0.00    0.00    0.64    0.00    0.00   27.10
平均时间:  all   64.89    0.00    7.38    0.00    0.00    0.64    0.00    0.00   27.10

Linux 2.6.32-431.el6.x86_64 (slave2) 	2019年07月27日 	_x86_64_	(8 CPU)

01时38分26秒  CPU    %usr   %nice    %sys %iowait    %irq   %soft  %steal  %guest   %idle
01时38分27秒  all   81.54    0.00    9.48    0.00    0.00    0.51    0.00    0.00    8.47
平均时间:  all   81.54    0.00    9.48    0.00    0.00    0.51    0.00    0.00    8.47

Linux 2.6.32-431.el6.x86_64 (slave2) 	2019年07月27日 	_x86_64_	(8 CPU)

01时38分30秒  CPU    %usr   %nice    %sys %iowait    %irq   %soft  %steal  %guest   %idle
01时38分31秒  all   90.35    0.00    7.64    0.00    0.13    0.13    0.00    0.00    1.75
平均时间:  all   90.35    0.00    7.64    0.00    0.13    0.13    0.00    0.00    1.75

Linux 2.6.32-431.el6.x86_64 (slave2) 	2019年07月27日 	_x86_64_	(8 CPU)

01时38分35秒  CPU    %usr   %nice    %sys %iowait    %irq   %soft  %steal  %guest   %idle
01时38分36秒  all   92.32    0.00    6.17    0.00    0.00    0.25    0.00    0.00    1.26
平均时间:  all   92.32    0.00    6.17    0.00    0.00    0.25    0.00    0.00    1.26

Linux 2.6.32-431.el6.x86_64 (slave2) 	2019年07月27日 	_x86_64_	(8 CPU)

01时38分39秒  CPU    %usr   %nice    %sys %iowait    %irq   %soft  %steal  %guest   %idle
01时38分40秒  all   92.96    0.00    5.65    0.00    0.00    0.25    0.00    0.00    1.13
平均时间:  all   92.96    0.00    5.65    0.00    0.00    0.25    0.00    0.00    1.13

Linux 2.6.32-431.el6.x86_64 (slave2) 	2019年07月27日 	_x86_64_	(8 CPU)

01时38分43秒  CPU    %usr   %nice    %sys %iowait    %irq   %soft  %steal  %guest   %idle
01时38分44秒  all   78.63    0.00    6.87    0.00    0.13    0.64    0.00    0.00   13.74
平均时间:  all   78.63    0.00    6.87    0.00    0.13    0.64    0.00    0.00   13.74

Linux 2.6.32-431.el6.x86_64 (slave2) 	2019年07月27日 	_x86_64_	(8 CPU)

01时38分47秒  CPU    %usr   %nice    %sys %iowait    %irq   %soft  %steal  %guest   %idle
01时38分48秒  all   82.30    0.00    6.83    0.00    0.13    0.38    0.00    0.00   10.37
平均时间:  all   82.30    0.00    6.83    0.00    0.13    0.38    0.00    0.00   10.37

Linux 2.6.32-431.el6.x86_64 (slave2) 	2019年07月27日 	_x86_64_	(8 CPU)

01时38分51秒  CPU    %usr   %nice    %sys %iowait    %irq   %soft  %steal  %guest   %idle
01时38分52秒  all   71.97    0.00   10.83    0.00    0.00    1.02    0.00    0.00   16.18
平均时间:  all   71.97    0.00   10.83    0.00    0.00    1.02    0.00    0.00   16.18

Linux 2.6.32-431.el6.x86_64 (slave2) 	2019年07月27日 	_x86_64_	(8 CPU)

01时38分55秒  CPU    %usr   %nice    %sys %iowait    %irq   %soft  %steal  %guest   %idle
01时38分56秒  all   57.67    0.00   14.19    0.00    0.00    0.64    0.00    0.00   27.49
平均时间:  all   57.67    0.00   14.19    0.00    0.00    0.64    0.00    0.00   27.49

Linux 2.6.32-431.el6.x86_64 (slave2) 	2019年07月27日 	_x86_64_	(8 CPU)

01时38分59秒  CPU    %usr   %nice    %sys %iowait    %irq   %soft  %steal  %guest   %idle
01时39分00秒  all   53.62    0.00    6.35    0.00    0.00    0.00    0.00    0.00   40.03
平均时间:  all   53.62    0.00    6.35    0.00    0.00    0.00    0.00    0.00   40.03

Linux 2.6.32-431.el6.x86_64 (slave2) 	2019年07月27日 	_x86_64_	(8 CPU)

01时39分03秒  CPU    %usr   %nice    %sys %iowait    %irq   %soft  %steal  %guest   %idle
01时39分04秒  all   80.78    0.00   14.57    0.00    0.00    1.13    0.00    0.00    3.52
平均时间:  all   80.78    0.00   14.57    0.00    0.00    1.13    0.00    0.00    3.52

Linux 2.6.32-431.el6.x86_64 (slave2) 	2019年07月27日 	_x86_64_	(8 CPU)

01时39分07秒  CPU    %usr   %nice    %sys %iowait    %irq   %soft  %steal  %guest   %idle
01时39分08秒  all   79.04    0.00    9.60    0.00    0.00    0.00    0.00    0.00   11.36
平均时间:  all   79.04    0.00    9.60    0.00    0.00    0.00    0.00    0.00   11.36

Linux 2.6.32-431.el6.x86_64 (slave2) 	2019年07月27日 	_x86_64_	(8 CPU)

01时39分11秒  CPU    %usr   %nice    %sys %iowait    %irq   %soft  %steal  %guest   %idle
01时39分12秒  all   49.62    0.00    4.70    0.00    0.13    0.00    0.00    0.00   45.56
平均时间:  all   49.62    0.00    4.70    0.00    0.13    0.00    0.00    0.00   45.56

Linux 2.6.32-431.el6.x86_64 (slave2) 	2019年07月27日 	_x86_64_	(8 CPU)

01时39分15秒  CPU    %usr   %nice    %sys %iowait    %irq   %soft  %steal  %guest   %idle
01时39分16秒  all   81.92    0.00    8.72    0.00    0.00    0.00    0.00    0.00    9.36
平均时间:  all   81.92    0.00    8.72    0.00    0.00    0.00    0.00    0.00    9.36

Linux 2.6.32-431.el6.x86_64 (slave2) 	2019年07月27日 	_x86_64_	(8 CPU)

01时39分19秒  CPU    %usr   %nice    %sys %iowait    %irq   %soft  %steal  %guest   %idle
01时39分20秒  all   24.39    0.00    6.03    0.00    0.00    0.00    0.00    0.00   69.58
平均时间:  all   24.39    0.00    6.03    0.00    0.00    0.00    0.00    0.00   69.58

Linux 2.6.32-431.el6.x86_64 (slave2) 	2019年07月27日 	_x86_64_	(8 CPU)

01时39分23秒  CPU    %usr   %nice    %sys %iowait    %irq   %soft  %steal  %guest   %idle
01时39分24秒  all   70.72    0.00    8.11    0.00    0.00    0.00    0.00    0.00   21.17
平均时间:  all   70.72    0.00    8.11    0.00    0.00    0.00    0.00    0.00   21.17

Linux 2.6.32-431.el6.x86_64 (slave2) 	2019年07月27日 	_x86_64_	(8 CPU)

01时39分27秒  CPU    %usr   %nice    %sys %iowait    %irq   %soft  %steal  %guest   %idle
01时39分28秒  all   61.53    0.00   10.19    0.00    0.00    0.13    0.00    0.00   28.15
平均时间:  all   61.53    0.00   10.19    0.00    0.00    0.13    0.00    0.00   28.15

Linux 2.6.32-431.el6.x86_64 (slave2) 	2019年07月27日 	_x86_64_	(8 CPU)

01时39分31秒  CPU    %usr   %nice    %sys %iowait    %irq   %soft  %steal  %guest   %idle
01时39分32秒  all   59.77    0.00    9.96    0.00    0.00    0.00    0.00    0.00   30.27
平均时间:  all   59.77    0.00    9.96    0.00    0.00    0.00    0.00    0.00   30.27

Linux 2.6.32-431.el6.x86_64 (slave2) 	2019年07月27日 	_x86_64_	(8 CPU)

01时39分35秒  CPU    %usr   %nice    %sys %iowait    %irq   %soft  %steal  %guest   %idle
01时39分36秒  all   21.12    0.00   10.30    0.00    0.00    5.35    0.00    0.00   63.23
平均时间:  all   21.12    0.00   10.30    0.00    0.00    5.35    0.00    0.00   63.23

Linux 2.6.32-431.el6.x86_64 (slave2) 	2019年07月27日 	_x86_64_	(8 CPU)

01时39分39秒  CPU    %usr   %nice    %sys %iowait    %irq   %soft  %steal  %guest   %idle
01时39分40秒  all   85.84    0.00   11.53    0.00    0.00    0.00    0.00    0.00    2.63
平均时间:  all   85.84    0.00   11.53    0.00    0.00    0.00    0.00    0.00    2.63

Linux 2.6.32-431.el6.x86_64 (slave2) 	2019年07月27日 	_x86_64_	(8 CPU)

01时39分43秒  CPU    %usr   %nice    %sys %iowait    %irq   %soft  %steal  %guest   %idle
01时39分44秒  all   57.69    0.00    7.88    0.00    0.00    0.13    0.00    0.00   34.31
平均时间:  all   57.69    0.00    7.88    0.00    0.00    0.13    0.00    0.00   34.31

Linux 2.6.32-431.el6.x86_64 (slave2) 	2019年07月27日 	_x86_64_	(8 CPU)

01时39分47秒  CPU    %usr   %nice    %sys %iowait    %irq   %soft  %steal  %guest   %idle
01时39分48秒  all   88.99    0.00   10.26    0.00    0.00    0.00    0.00    0.00    0.75
平均时间:  all   88.99    0.00   10.26    0.00    0.00    0.00    0.00    0.00    0.75

Linux 2.6.32-431.el6.x86_64 (slave2) 	2019年07月27日 	_x86_64_	(8 CPU)

01时39分51秒  CPU    %usr   %nice    %sys %iowait    %irq   %soft  %steal  %guest   %idle
01时39分52秒  all   75.25    0.00    9.64    0.13    0.00    0.00    0.00    0.00   14.97
平均时间:  all   75.25    0.00    9.64    0.13    0.00    0.00    0.00    0.00   14.97

Linux 2.6.32-431.el6.x86_64 (slave2) 	2019年07月27日 	_x86_64_	(8 CPU)

01时39分55秒  CPU    %usr   %nice    %sys %iowait    %irq   %soft  %steal  %guest   %idle
01时39分56秒  all   93.51    0.00    6.37    0.00    0.00    0.12    0.00    0.00    0.00
平均时间:  all   93.51    0.00    6.37    0.00    0.00    0.12    0.00    0.00    0.00

Linux 2.6.32-431.el6.x86_64 (slave2) 	2019年07月27日 	_x86_64_	(8 CPU)

01时39分59秒  CPU    %usr   %nice    %sys %iowait    %irq   %soft  %steal  %guest   %idle
01时40分00秒  all   34.74    0.00    4.98    0.00    0.00    1.15    0.00    0.00   59.13
平均时间:  all   34.74    0.00    4.98    0.00    0.00    1.15    0.00    0.00   59.13

Linux 2.6.32-431.el6.x86_64 (slave2) 	2019年07月27日 	_x86_64_	(8 CPU)

01时40分03秒  CPU    %usr   %nice    %sys %iowait    %irq   %soft  %steal  %guest   %idle
01时40分04秒  all   81.35    0.00   16.65    0.00    0.00    0.88    0.00    0.00    1.13
平均时间:  all   81.35    0.00   16.65    0.00    0.00    0.88    0.00    0.00    1.13

Linux 2.6.32-431.el6.x86_64 (slave2) 	2019年07月27日 	_x86_64_	(8 CPU)

01时40分07秒  CPU    %usr   %nice    %sys %iowait    %irq   %soft  %steal  %guest   %idle
01时40分08秒  all   89.36    0.00    8.89    0.00    0.00    0.13    0.00    0.00    1.63
平均时间:  all   89.36    0.00    8.89    0.00    0.00    0.13    0.00    0.00    1.63

Linux 2.6.32-431.el6.x86_64 (slave2) 	2019年07月27日 	_x86_64_	(8 CPU)

01时40分11秒  CPU    %usr   %nice    %sys %iowait    %irq   %soft  %steal  %guest   %idle
01时40分12秒  all   91.61    0.00    7.63    0.00    0.00    0.13    0.00    0.00    0.63
平均时间:  all   91.61    0.00    7.63    0.00    0.00    0.13    0.00    0.00    0.63

Linux 2.6.32-431.el6.x86_64 (slave2) 	2019年07月27日 	_x86_64_	(8 CPU)

01时40分15秒  CPU    %usr   %nice    %sys %iowait    %irq   %soft  %steal  %guest   %idle
01时40分16秒  all   92.69    0.00    7.19    0.00    0.00    0.00    0.00    0.00    0.12
平均时间:  all   92.69    0.00    7.19    0.00    0.00    0.00    0.00    0.00    0.12

Linux 2.6.32-431.el6.x86_64 (slave2) 	2019年07月27日 	_x86_64_	(8 CPU)

01时40分19秒  CPU    %usr   %nice    %sys %iowait    %irq   %soft  %steal  %guest   %idle
01时40分20秒  all   39.36    0.00    3.95    0.00    0.00    0.38    0.00    0.00   56.31
平均时间:  all   39.36    0.00    3.95    0.00    0.00    0.38    0.00    0.00   56.31

Linux 2.6.32-431.el6.x86_64 (slave2) 	2019年07月27日 	_x86_64_	(8 CPU)

01时40分23秒  CPU    %usr   %nice    %sys %iowait    %irq   %soft  %steal  %guest   %idle
01时40分24秒  all   17.94    0.00    0.76    0.00    0.00    0.76    0.00    0.00   80.53
平均时间:  all   17.94    0.00    0.76    0.00    0.00    0.76    0.00    0.00   80.53

Linux 2.6.32-431.el6.x86_64 (slave2) 	2019年07月27日 	_x86_64_	(8 CPU)

01时40分27秒  CPU    %usr   %nice    %sys %iowait    %irq   %soft  %steal  %guest   %idle
01时40分28秒  all   18.17    0.00    1.65    0.00    0.00    1.27    0.00    0.00   78.91
平均时间:  all   18.17    0.00    1.65    0.00    0.00    1.27    0.00    0.00   78.91

Linux 2.6.32-431.el6.x86_64 (slave2) 	2019年07月27日 	_x86_64_	(8 CPU)

01时40分31秒  CPU    %usr   %nice    %sys %iowait    %irq   %soft  %steal  %guest   %idle
01时40分32秒  all   50.44    0.00    1.77    0.00    0.00    0.00    0.00    0.00   47.78
平均时间:  all   50.44    0.00    1.77    0.00    0.00    0.00    0.00    0.00   47.78

Linux 2.6.32-431.el6.x86_64 (slave2) 	2019年07月27日 	_x86_64_	(8 CPU)

01时40分35秒  CPU    %usr   %nice    %sys %iowait    %irq   %soft  %steal  %guest   %idle
01时40分36秒  all    2.18    0.00   11.40    0.00    0.00    6.91    0.00    0.00   79.51
平均时间:  all    2.18    0.00   11.40    0.00    0.00    6.91    0.00    0.00   79.51

Linux 2.6.32-431.el6.x86_64 (slave2) 	2019年07月27日 	_x86_64_	(8 CPU)

01时40分39秒  CPU    %usr   %nice    %sys %iowait    %irq   %soft  %steal  %guest   %idle
01时40分40秒  all   48.66    0.00    6.39    0.00    0.00    0.00    0.00    0.00   44.96
平均时间:  all   48.66    0.00    6.39    0.00    0.00    0.00    0.00    0.00   44.96

Linux 2.6.32-431.el6.x86_64 (slave2) 	2019年07月27日 	_x86_64_	(8 CPU)

01时40分43秒  CPU    %usr   %nice    %sys %iowait    %irq   %soft  %steal  %guest   %idle
01时40分44秒  all   87.72    0.00   10.40    0.00    0.00    0.00    0.00    0.00    1.88
平均时间:  all   87.72    0.00   10.40    0.00    0.00    0.00    0.00    0.00    1.88

Linux 2.6.32-431.el6.x86_64 (slave2) 	2019年07月27日 	_x86_64_	(8 CPU)

01时40分47秒  CPU    %usr   %nice    %sys %iowait    %irq   %soft  %steal  %guest   %idle
01时40分48秒  all   94.74    0.00    5.26    0.00    0.00    0.00    0.00    0.00    0.00
平均时间:  all   94.74    0.00    5.26    0.00    0.00    0.00    0.00    0.00    0.00

Linux 2.6.32-431.el6.x86_64 (slave2) 	2019年07月27日 	_x86_64_	(8 CPU)

01时40分51秒  CPU    %usr   %nice    %sys %iowait    %irq   %soft  %steal  %guest   %idle
01时40分52秒  all   89.10    0.00    7.52    0.00    0.00    0.13    0.00    0.00    3.26
平均时间:  all   89.10    0.00    7.52    0.00    0.00    0.13    0.00    0.00    3.26

Linux 2.6.32-431.el6.x86_64 (slave2) 	2019年07月27日 	_x86_64_	(8 CPU)

01时40分55秒  CPU    %usr   %nice    %sys %iowait    %irq   %soft  %steal  %guest   %idle
01时40分56秒  all   44.99    0.00    4.37    0.00    0.00    0.13    0.00    0.00   50.51
平均时间:  all   44.99    0.00    4.37    0.00    0.00    0.13    0.00    0.00   50.51

Linux 2.6.32-431.el6.x86_64 (slave2) 	2019年07月27日 	_x86_64_	(8 CPU)

01时41分00秒  CPU    %usr   %nice    %sys %iowait    %irq   %soft  %steal  %guest   %idle
01时41分01秒  all   30.17    0.00    3.72    0.00    0.00    0.26    0.00    0.00   65.85
平均时间:  all   30.17    0.00    3.72    0.00    0.00    0.26    0.00    0.00   65.85

Linux 2.6.32-431.el6.x86_64 (slave2) 	2019年07月27日 	_x86_64_	(8 CPU)

01时41分04秒  CPU    %usr   %nice    %sys %iowait    %irq   %soft  %steal  %guest   %idle
01时41分05秒  all   45.44    0.00    5.91    0.00    0.00    0.13    0.00    0.00   48.52
平均时间:  all   45.44    0.00    5.91    0.00    0.00    0.13    0.00    0.00   48.52

Linux 2.6.32-431.el6.x86_64 (slave2) 	2019年07月27日 	_x86_64_	(8 CPU)

01时41分08秒  CPU    %usr   %nice    %sys %iowait    %irq   %soft  %steal  %guest   %idle
01时41分09秒  all   49.29    0.00   12.36    0.00    0.00    0.00    0.00    0.00   38.35
平均时间:  all   49.29    0.00   12.36    0.00    0.00    0.00    0.00    0.00   38.35

Linux 2.6.32-431.el6.x86_64 (slave2) 	2019年07月27日 	_x86_64_	(8 CPU)

01时41分12秒  CPU    %usr   %nice    %sys %iowait    %irq   %soft  %steal  %guest   %idle
01时41分13秒  all   92.76    0.00    6.99    0.00    0.12    0.12    0.00    0.00    0.00
平均时间:  all   92.76    0.00    6.99    0.00    0.12    0.12    0.00    0.00    0.00

Linux 2.6.32-431.el6.x86_64 (slave2) 	2019年07月27日 	_x86_64_	(8 CPU)

01时41分16秒  CPU    %usr   %nice    %sys %iowait    %irq   %soft  %steal  %guest   %idle
01时41分17秒  all   87.08    0.00   10.16    0.00    0.00    0.00    0.00    0.00    2.76
平均时间:  all   87.08    0.00   10.16    0.00    0.00    0.00    0.00    0.00    2.76

Linux 2.6.32-431.el6.x86_64 (slave2) 	2019年07月27日 	_x86_64_	(8 CPU)

01时41分20秒  CPU    %usr   %nice    %sys %iowait    %irq   %soft  %steal  %guest   %idle
01时41分21秒  all   71.36    0.00   10.23    0.00    0.00    0.13    0.00    0.00   18.29
平均时间:  all   71.36    0.00   10.23    0.00    0.00    0.13    0.00    0.00   18.29

Linux 2.6.32-431.el6.x86_64 (slave2) 	2019年07月27日 	_x86_64_	(8 CPU)

01时41分24秒  CPU    %usr   %nice    %sys %iowait    %irq   %soft  %steal  %guest   %idle
01时41分25秒  all   59.28    0.00    6.96    0.00    0.00    0.90    0.00    0.00   32.86
平均时间:  all   59.28    0.00    6.96    0.00    0.00    0.90    0.00    0.00   32.86

Linux 2.6.32-431.el6.x86_64 (slave2) 	2019年07月27日 	_x86_64_	(8 CPU)

01时41分28秒  CPU    %usr   %nice    %sys %iowait    %irq   %soft  %steal  %guest   %idle
01时41分29秒  all   59.82    0.00    6.80    0.00    0.00    1.16    0.00    0.00   32.22
平均时间:  all   59.82    0.00    6.80    0.00    0.00    1.16    0.00    0.00   32.22

Linux 2.6.32-431.el6.x86_64 (slave2) 	2019年07月27日 	_x86_64_	(8 CPU)

01时41分32秒  CPU    %usr   %nice    %sys %iowait    %irq   %soft  %steal  %guest   %idle
01时41分33秒  all   68.61    0.00    9.91    0.00    0.13    0.64    0.00    0.00   20.71
平均时间:  all   68.61    0.00    9.91    0.00    0.13    0.64    0.00    0.00   20.71

Linux 2.6.32-431.el6.x86_64 (slave2) 	2019年07月27日 	_x86_64_	(8 CPU)

01时41分36秒  CPU    %usr   %nice    %sys %iowait    %irq   %soft  %steal  %guest   %idle
01时41分37秒  all   56.94    0.00   11.95    0.00    0.00    3.08    0.00    0.00   28.02
平均时间:  all   56.94    0.00   11.95    0.00    0.00    3.08    0.00    0.00   28.02

Linux 2.6.32-431.el6.x86_64 (slave2) 	2019年07月27日 	_x86_64_	(8 CPU)

01时41分40秒  CPU    %usr   %nice    %sys %iowait    %irq   %soft  %steal  %guest   %idle
01时41分41秒  all   84.74    0.00    7.94    0.00    0.00    0.13    0.00    0.00    7.19
平均时间:  all   84.74    0.00    7.94    0.00    0.00    0.13    0.00    0.00    7.19

Linux 2.6.32-431.el6.x86_64 (slave2) 	2019年07月27日 	_x86_64_	(8 CPU)

01时41分44秒  CPU    %usr   %nice    %sys %iowait    %irq   %soft  %steal  %guest   %idle
01时41分45秒  all   83.14    0.00    8.30    0.00    0.00    1.02    0.00    0.00    7.54
平均时间:  all   83.14    0.00    8.30    0.00    0.00    1.02    0.00    0.00    7.54

Linux 2.6.32-431.el6.x86_64 (slave2) 	2019年07月27日 	_x86_64_	(8 CPU)

01时41分48秒  CPU    %usr   %nice    %sys %iowait    %irq   %soft  %steal  %guest   %idle
01时41分49秒  all   86.66    0.00    7.88    0.00    0.00    1.02    0.00    0.00    4.45
平均时间:  all   86.66    0.00    7.88    0.00    0.00    1.02    0.00    0.00    4.45

Linux 2.6.32-431.el6.x86_64 (slave2) 	2019年07月27日 	_x86_64_	(8 CPU)

01时41分52秒  CPU    %usr   %nice    %sys %iowait    %irq   %soft  %steal  %guest   %idle
01时41分53秒  all   70.42    0.00    7.30    0.00    0.00    1.28    0.00    0.00   21.00
平均时间:  all   70.42    0.00    7.30    0.00    0.00    1.28    0.00    0.00   21.00

Linux 2.6.32-431.el6.x86_64 (slave2) 	2019年07月27日 	_x86_64_	(8 CPU)

01时41分56秒  CPU    %usr   %nice    %sys %iowait    %irq   %soft  %steal  %guest   %idle
01时41分57秒  all   68.41    0.00    9.72    0.00    0.00    1.15    0.00    0.00   20.72
平均时间:  all   68.41    0.00    9.72    0.00    0.00    1.15    0.00    0.00   20.72

Linux 2.6.32-431.el6.x86_64 (slave2) 	2019年07月27日 	_x86_64_	(8 CPU)

01时42分00秒  CPU    %usr   %nice    %sys %iowait    %irq   %soft  %steal  %guest   %idle
01时42分01秒  all   86.78    0.00    9.76    0.00    0.00    1.93    0.00    0.00    1.54
平均时间:  all   86.78    0.00    9.76    0.00    0.00    1.93    0.00    0.00    1.54

Linux 2.6.32-431.el6.x86_64 (slave2) 	2019年07月27日 	_x86_64_	(8 CPU)

01时42分04秒  CPU    %usr   %nice    %sys %iowait    %irq   %soft  %steal  %guest   %idle
01时42分05秒  all   73.89    0.00   11.21    0.00    0.00    1.91    0.00    0.00   12.99
平均时间:  all   73.89    0.00   11.21    0.00    0.00    1.91    0.00    0.00   12.99

Linux 2.6.32-431.el6.x86_64 (slave2) 	2019年07月27日 	_x86_64_	(8 CPU)

01时42分08秒  CPU    %usr   %nice    %sys %iowait    %irq   %soft  %steal  %guest   %idle
01时42分09秒  all   44.16    0.00    5.58    0.00    0.00    1.65    0.00    0.00   48.60
平均时间:  all   44.16    0.00    5.58    0.00    0.00    1.65    0.00    0.00   48.60

Linux 2.6.32-431.el6.x86_64 (slave2) 	2019年07月27日 	_x86_64_	(8 CPU)

01时42分12秒  CPU    %usr   %nice    %sys %iowait    %irq   %soft  %steal  %guest   %idle
01时42分13秒  all   64.43    0.00    2.78    0.00    0.00    0.51    0.00    0.00   32.28
平均时间:  all   64.43    0.00    2.78    0.00    0.00    0.51    0.00    0.00   32.28

Linux 2.6.32-431.el6.x86_64 (slave2) 	2019年07月27日 	_x86_64_	(8 CPU)

01时42分16秒  CPU    %usr   %nice    %sys %iowait    %irq   %soft  %steal  %guest   %idle
01时42分17秒  all   47.28    0.00    3.80    0.00    0.00    1.65    0.00    0.00   47.28
平均时间:  all   47.28    0.00    3.80    0.00    0.00    1.65    0.00    0.00   47.28

Linux 2.6.32-431.el6.x86_64 (slave2) 	2019年07月27日 	_x86_64_	(8 CPU)

01时42分20秒  CPU    %usr   %nice    %sys %iowait    %irq   %soft  %steal  %guest   %idle
01时42分21秒  all   72.58    0.00    3.44    0.00    0.00    1.15    0.00    0.00   22.83
平均时间:  all   72.58    0.00    3.44    0.00    0.00    1.15    0.00    0.00   22.83

Linux 2.6.32-431.el6.x86_64 (slave2) 	2019年07月27日 	_x86_64_	(8 CPU)

01时42分24秒  CPU    %usr   %nice    %sys %iowait    %irq   %soft  %steal  %guest   %idle
01时42分25秒  all   41.72    0.00    4.62    0.00    0.00    1.54    0.00    0.00   52.12
平均时间:  all   41.72    0.00    4.62    0.00    0.00    1.54    0.00    0.00   52.12

Linux 2.6.32-431.el6.x86_64 (slave2) 	2019年07月27日 	_x86_64_	(8 CPU)

01时42分28秒  CPU    %usr   %nice    %sys %iowait    %irq   %soft  %steal  %guest   %idle
01时42分29秒  all   26.90    0.00    1.27    0.00    0.00    1.65    0.00    0.00   70.18
平均时间:  all   26.90    0.00    1.27    0.00    0.00    1.65    0.00    0.00   70.18

Linux 2.6.32-431.el6.x86_64 (slave2) 	2019年07月27日 	_x86_64_	(8 CPU)

01时42分32秒  CPU    %usr   %nice    %sys %iowait    %irq   %soft  %steal  %guest   %idle
01时42分33秒  all   26.36    0.00    0.88    0.00    0.00    1.77    0.00    0.00   71.00
平均时间:  all   26.36    0.00    0.88    0.00    0.00    1.77    0.00    0.00   71.00

Linux 2.6.32-431.el6.x86_64 (slave2) 	2019年07月27日 	_x86_64_	(8 CPU)

01时42分36秒  CPU    %usr   %nice    %sys %iowait    %irq   %soft  %steal  %guest   %idle
01时42分37秒  all   28.77    0.00    1.77    0.00    0.00    1.27    0.00    0.00   68.19
平均时间:  all   28.77    0.00    1.77    0.00    0.00    1.27    0.00    0.00   68.19

Linux 2.6.32-431.el6.x86_64 (slave2) 	2019年07月27日 	_x86_64_	(8 CPU)

01时42分40秒  CPU    %usr   %nice    %sys %iowait    %irq   %soft  %steal  %guest   %idle
01时42分41秒  all   29.06    0.00    1.14    0.00    0.00    1.40    0.00    0.00   68.40
平均时间:  all   29.06    0.00    1.14    0.00    0.00    1.40    0.00    0.00   68.40

Linux 2.6.32-431.el6.x86_64 (slave2) 	2019年07月27日 	_x86_64_	(8 CPU)

01时42分44秒  CPU    %usr   %nice    %sys %iowait    %irq   %soft  %steal  %guest   %idle
01时42分45秒  all   29.61    0.00    1.27    0.00    0.00    2.54    0.00    0.00   66.58
平均时间:  all   29.61    0.00    1.27    0.00    0.00    2.54    0.00    0.00   66.58

Linux 2.6.32-431.el6.x86_64 (slave2) 	2019年07月27日 	_x86_64_	(8 CPU)

01时42分48秒  CPU    %usr   %nice    %sys %iowait    %irq   %soft  %steal  %guest   %idle
01时42分49秒  all   29.28    0.00    1.77    0.00    0.00    2.03    0.00    0.00   66.92
平均时间:  all   29.28    0.00    1.77    0.00    0.00    2.03    0.00    0.00   66.92

Linux 2.6.32-431.el6.x86_64 (slave2) 	2019年07月27日 	_x86_64_	(8 CPU)

01时42分52秒  CPU    %usr   %nice    %sys %iowait    %irq   %soft  %steal  %guest   %idle
01时42分53秒  all   30.76    0.00    2.15    0.00    0.00    1.90    0.00    0.00   65.19
平均时间:  all   30.76    0.00    2.15    0.00    0.00    1.90    0.00    0.00   65.19

Linux 2.6.32-431.el6.x86_64 (slave2) 	2019年07月27日 	_x86_64_	(8 CPU)

01时42分56秒  CPU    %usr   %nice    %sys %iowait    %irq   %soft  %steal  %guest   %idle
01时42分57秒  all   63.38    0.00    2.02    0.00    0.00    0.00    0.00    0.00   34.60
平均时间:  all   63.38    0.00    2.02    0.00    0.00    0.00    0.00    0.00   34.60

Linux 2.6.32-431.el6.x86_64 (slave2) 	2019年07月27日 	_x86_64_	(8 CPU)

01时43分00秒  CPU    %usr   %nice    %sys %iowait    %irq   %soft  %steal  %guest   %idle
01时43分01秒  all   28.77    0.00    3.10    0.00    0.00    1.81    0.00    0.00   66.32
平均时间:  all   28.77    0.00    3.10    0.00    0.00    1.81    0.00    0.00   66.32

Linux 2.6.32-431.el6.x86_64 (slave2) 	2019年07月27日 	_x86_64_	(8 CPU)

01时43分04秒  CPU    %usr   %nice    %sys %iowait    %irq   %soft  %steal  %guest   %idle
01时43分05秒  all   25.06    0.00    3.05    0.00    0.00    1.27    0.00    0.00   70.61
平均时间:  all   25.06    0.00    3.05    0.00    0.00    1.27    0.00    0.00   70.61

Linux 2.6.32-431.el6.x86_64 (slave2) 	2019年07月27日 	_x86_64_	(8 CPU)

01时43分08秒  CPU    %usr   %nice    %sys %iowait    %irq   %soft  %steal  %guest   %idle
01时43分09秒  all   22.70    0.00    4.08    0.00    0.00    0.77    0.00    0.00   72.45
平均时间:  all   22.70    0.00    4.08    0.00    0.00    0.77    0.00    0.00   72.45

Linux 2.6.32-431.el6.x86_64 (slave2) 	2019年07月27日 	_x86_64_	(8 CPU)

01时43分12秒  CPU    %usr   %nice    %sys %iowait    %irq   %soft  %steal  %guest   %idle
01时43分13秒  all   19.72    0.00    2.94    0.00    0.00    0.38    0.00    0.00   76.95
平均时间:  all   19.72    0.00    2.94    0.00    0.00    0.38    0.00    0.00   76.95

Linux 2.6.32-431.el6.x86_64 (slave2) 	2019年07月27日 	_x86_64_	(8 CPU)

01时43分16秒  CPU    %usr   %nice    %sys %iowait    %irq   %soft  %steal  %guest   %idle
01时43分17秒  all    1.76    0.00    3.27    0.00    0.00    0.00    0.00    0.00   94.97
平均时间:  all    1.76    0.00    3.27    0.00    0.00    0.00    0.00    0.00   94.97

Linux 2.6.32-431.el6.x86_64 (slave2) 	2019年07月27日 	_x86_64_	(8 CPU)

01时43分20秒  CPU    %usr   %nice    %sys %iowait    %irq   %soft  %steal  %guest   %idle
01时43分21秒  all    0.13    0.00    0.88    0.00    0.00    0.13    0.00    0.00   98.87
平均时间:  all    0.13    0.00    0.88    0.00    0.00    0.13    0.00    0.00   98.87

Linux 2.6.32-431.el6.x86_64 (slave2) 	2019年07月27日 	_x86_64_	(8 CPU)

01时43分24秒  CPU    %usr   %nice    %sys %iowait    %irq   %soft  %steal  %guest   %idle
01时43分25秒  all    0.13    0.00    1.01    0.00    0.00    0.13    0.00    0.00   98.74
平均时间:  all    0.13    0.00    1.01    0.00    0.00    0.13    0.00    0.00   98.74

Linux 2.6.32-431.el6.x86_64 (slave2) 	2019年07月27日 	_x86_64_	(8 CPU)

01时43分28秒  CPU    %usr   %nice    %sys %iowait    %irq   %soft  %steal  %guest   %idle
01时43分29秒  all    0.00    0.00    0.00    0.00    0.00    0.00    0.00    0.00  100.00
平均时间:  all    0.00    0.00    0.00    0.00    0.00    0.00    0.00    0.00  100.00

Linux 2.6.32-431.el6.x86_64 (slave2) 	2019年07月27日 	_x86_64_	(8 CPU)

01时43分32秒  CPU    %usr   %nice    %sys %iowait    %irq   %soft  %steal  %guest   %idle
01时43分33秒  all    0.00    0.00    0.38    0.00    0.00    0.38    0.00    0.00   99.25
平均时间:  all    0.00    0.00    0.38    0.00    0.00    0.38    0.00    0.00   99.25

Linux 2.6.32-431.el6.x86_64 (slave2) 	2019年07月27日 	_x86_64_	(8 CPU)

01时43分36秒  CPU    %usr   %nice    %sys %iowait    %irq   %soft  %steal  %guest   %idle
01时43分37秒  all    0.00    0.00    0.00    0.00    0.00    0.00    0.00    0.00  100.00
平均时间:  all    0.00    0.00    0.00    0.00    0.00    0.00    0.00    0.00  100.00

