
2019年 07月 27日 星期六 01:29:22 CST
             total       used       free     shared    buffers     cached
Mem:         15945      10322       5623          0        102       8168
-/+ buffers/cache:       2051      13894
Swap:         8039          0       8039

2019年 07月 27日 星期六 01:29:26 CST
             total       used       free     shared    buffers     cached
Mem:         15945      10370       5575          0        102       8217
-/+ buffers/cache:       2050      13895
Swap:         8039          0       8039

2019年 07月 27日 星期六 01:29:30 CST
             total       used       free     shared    buffers     cached
Mem:         15945      10605       5339          0        102       8451
-/+ buffers/cache:       2051      13893
Swap:         8039          0       8039

2019年 07月 27日 星期六 01:29:34 CST
             total       used       free     shared    buffers     cached
Mem:         15945      11039       4906          0        102       8747
-/+ buffers/cache:       2188      13756
Swap:         8039          0       8039

2019年 07月 27日 星期六 01:29:38 CST
             total       used       free     shared    buffers     cached
Mem:         15945      11774       4170          0        102       9088
-/+ buffers/cache:       2583      13362
Swap:         8039          0       8039

2019年 07月 27日 星期六 01:29:42 CST
             total       used       free     shared    buffers     cached
Mem:         15945      12495       3449          0        102       9327
-/+ buffers/cache:       3065      12880
Swap:         8039          0       8039

2019年 07月 27日 星期六 01:29:46 CST
             total       used       free     shared    buffers     cached
Mem:         15945      13053       2892          0        102       9437
-/+ buffers/cache:       3512      12432
Swap:         8039          0       8039

2019年 07月 27日 星期六 01:29:50 CST
             total       used       free     shared    buffers     cached
Mem:         15945      13492       2453          0        102       9437
-/+ buffers/cache:       3951      11993
Swap:         8039          0       8039

2019年 07月 27日 星期六 01:29:54 CST
             total       used       free     shared    buffers     cached
Mem:         15945      13859       2085          0        102       9438
-/+ buffers/cache:       4318      11626
Swap:         8039          0       8039

2019年 07月 27日 星期六 01:29:58 CST
             total       used       free     shared    buffers     cached
Mem:         15945      14197       1748          0        102       9438
-/+ buffers/cache:       4656      11289
Swap:         8039          0       8039

2019年 07月 27日 星期六 01:30:02 CST
             total       used       free     shared    buffers     cached
Mem:         15945      14373       1572          0        102       9420
-/+ buffers/cache:       4850      11095
Swap:         8039          0       8039

2019年 07月 27日 星期六 01:30:06 CST
             total       used       free     shared    buffers     cached
Mem:         15945      14367       1578          0        102       9420
-/+ buffers/cache:       4844      11101
Swap:         8039          0       8039

2019年 07月 27日 星期六 01:30:10 CST
             total       used       free     shared    buffers     cached
Mem:         15945      14550       1395          0        103       9420
-/+ buffers/cache:       5026      10918
Swap:         8039          0       8039

2019年 07月 27日 星期六 01:30:14 CST
             total       used       free     shared    buffers     cached
Mem:         15945      14550       1395          0        103       9420
-/+ buffers/cache:       5026      10918
Swap:         8039          0       8039

2019年 07月 27日 星期六 01:30:18 CST
             total       used       free     shared    buffers     cached
Mem:         15945      14590       1355          0        103       9421
-/+ buffers/cache:       5066      10879
Swap:         8039          0       8039

2019年 07月 27日 星期六 01:30:22 CST
             total       used       free     shared    buffers     cached
Mem:         15945      14096       1848          0        103       9402
-/+ buffers/cache:       4591      11354
Swap:         8039          0       8039

2019年 07月 27日 星期六 01:30:26 CST
             total       used       free     shared    buffers     cached
Mem:         15945      14281       1663          0        103       9404
-/+ buffers/cache:       4774      11170
Swap:         8039          0       8039

2019年 07月 27日 星期六 01:30:30 CST
             total       used       free     shared    buffers     cached
Mem:         15945      14907       1037          0        103       9409
-/+ buffers/cache:       5395      10550
Swap:         8039          0       8039

2019年 07月 27日 星期六 01:30:34 CST
             total       used       free     shared    buffers     cached
Mem:         15945      14002       1942          0        103       9406
-/+ buffers/cache:       4492      11452
Swap:         8039          0       8039

2019年 07月 27日 星期六 01:30:38 CST
             total       used       free     shared    buffers     cached
Mem:         15945      14506       1438          0        103       9388
-/+ buffers/cache:       5015      10929
Swap:         8039          0       8039

2019年 07月 27日 星期六 01:30:42 CST
             total       used       free     shared    buffers     cached
Mem:         15945      15199        746          0        103       9390
-/+ buffers/cache:       5706      10239
Swap:         8039          0       8039

2019年 07月 27日 星期六 01:30:46 CST
             total       used       free     shared    buffers     cached
Mem:         15945      13998       1947          0        103       9368
-/+ buffers/cache:       4526      11418
Swap:         8039          0       8039

2019年 07月 27日 星期六 01:30:50 CST
             total       used       free     shared    buffers     cached
Mem:         15945      14236       1709          0        103       9369
-/+ buffers/cache:       4764      11181
Swap:         8039          0       8039

2019年 07月 27日 星期六 01:30:54 CST
             total       used       free     shared    buffers     cached
Mem:         15945      14463       1481          0        103       9369
-/+ buffers/cache:       4991      10954
Swap:         8039          0       8039

2019年 07月 27日 星期六 01:30:58 CST
             total       used       free     shared    buffers     cached
Mem:         15945      15053        892          0        103       9352
-/+ buffers/cache:       5598      10347
Swap:         8039          0       8039

2019年 07月 27日 星期六 01:31:02 CST
             total       used       free     shared    buffers     cached
Mem:         15945      15603        341          0        103       9352
-/+ buffers/cache:       6148       9797
Swap:         8039          0       8039

2019年 07月 27日 星期六 01:31:06 CST
             total       used       free     shared    buffers     cached
Mem:         15945      14487       1458          0        103       8983
-/+ buffers/cache:       5400      10544
Swap:         8039          0       8039

2019年 07月 27日 星期六 01:31:10 CST
             total       used       free     shared    buffers     cached
Mem:         15945      14787       1157          0        103       8984
-/+ buffers/cache:       5700      10245
Swap:         8039          0       8039

2019年 07月 27日 星期六 01:31:14 CST
             total       used       free     shared    buffers     cached
Mem:         15945      12688       3257          0        103       9108
-/+ buffers/cache:       3477      12468
Swap:         8039          0       8039

2019年 07月 27日 星期六 01:31:18 CST
             total       used       free     shared    buffers     cached
Mem:         15945      13586       2358          0        103       9147
-/+ buffers/cache:       4335      11609
Swap:         8039          0       8039

2019年 07月 27日 星期六 01:31:22 CST
             total       used       free     shared    buffers     cached
Mem:         15945      14323       1622          0        103       9149
-/+ buffers/cache:       5070      10874
Swap:         8039          0       8039

2019年 07月 27日 星期六 01:31:27 CST
             total       used       free     shared    buffers     cached
Mem:         15945      14840       1105          0        103       9150
-/+ buffers/cache:       5587      10358
Swap:         8039          0       8039

2019年 07月 27日 星期六 01:31:31 CST
             total       used       free     shared    buffers     cached
Mem:         15945      15546        399          0        103       9353
-/+ buffers/cache:       6089       9855
Swap:         8039          0       8039

2019年 07月 27日 星期六 01:31:35 CST
             total       used       free     shared    buffers     cached
Mem:         15945      15765        180          0        103       9156
-/+ buffers/cache:       6505       9439
Swap:         8039          0       8039

2019年 07月 27日 星期六 01:31:39 CST
             total       used       free     shared    buffers     cached
Mem:         15945      14504       1440          0        100       8850
-/+ buffers/cache:       5553      10392
Swap:         8039          0       8039

2019年 07月 27日 星期六 01:31:43 CST
             total       used       free     shared    buffers     cached
Mem:         15945      15099        846          0        100       9270
-/+ buffers/cache:       5728      10217
Swap:         8039          0       8039

2019年 07月 27日 星期六 01:31:47 CST
             total       used       free     shared    buffers     cached
Mem:         15945      14436       1509          0        100       9465
-/+ buffers/cache:       4870      11075
Swap:         8039          0       8039

2019年 07月 27日 星期六 01:31:51 CST
             total       used       free     shared    buffers     cached
Mem:         15945      15130        815          0        100       9439
-/+ buffers/cache:       5589      10356
Swap:         8039          0       8039

2019年 07月 27日 星期六 01:31:55 CST
             total       used       free     shared    buffers     cached
Mem:         15945      15753        192          0        100       9258
-/+ buffers/cache:       6394       9551
Swap:         8039          0       8039

2019年 07月 27日 星期六 01:31:59 CST
             total       used       free     shared    buffers     cached
Mem:         15945      15676        268          0        100       8885
-/+ buffers/cache:       6690       9254
Swap:         8039          0       8039

2019年 07月 27日 星期六 01:32:03 CST
             total       used       free     shared    buffers     cached
Mem:         15945      11607       4338          0        100       8164
-/+ buffers/cache:       3341      12603
Swap:         8039          0       8039

2019年 07月 27日 星期六 01:32:07 CST
             total       used       free     shared    buffers     cached
Mem:         15945      11470       4475          0        100       8364
-/+ buffers/cache:       3005      12940
Swap:         8039          0       8039

2019年 07月 27日 星期六 01:32:11 CST
             total       used       free     shared    buffers     cached
Mem:         15945      11876       4069          0        100       8242
-/+ buffers/cache:       3532      12412
Swap:         8039          0       8039

2019年 07月 27日 星期六 01:32:15 CST
             total       used       free     shared    buffers     cached
Mem:         15945      12239       3705          0        100       8242
-/+ buffers/cache:       3896      12049
Swap:         8039          0       8039

2019年 07月 27日 星期六 01:32:19 CST
             total       used       free     shared    buffers     cached
Mem:         15945      12793       3151          0        100       8243
-/+ buffers/cache:       4449      11496
Swap:         8039          0       8039

2019年 07月 27日 星期六 01:32:23 CST
             total       used       free     shared    buffers     cached
Mem:         15945      13319       2626          0        100       8244
-/+ buffers/cache:       4973      10971
Swap:         8039          0       8039

2019年 07月 27日 星期六 01:32:27 CST
             total       used       free     shared    buffers     cached
Mem:         15945      13287       2657          0        100       8245
-/+ buffers/cache:       4941      11003
Swap:         8039          0       8039

2019年 07月 27日 星期六 01:32:31 CST
             total       used       free     shared    buffers     cached
Mem:         15945      12439       3505          0        100       8402
-/+ buffers/cache:       3936      12009
Swap:         8039          0       8039

2019年 07月 27日 星期六 01:32:35 CST
             total       used       free     shared    buffers     cached
Mem:         15945      12993       2952          0        100       8371
-/+ buffers/cache:       4521      11424
Swap:         8039          0       8039

2019年 07月 27日 星期六 01:32:39 CST
             total       used       free     shared    buffers     cached
Mem:         15945      12745       3199          0        100       8371
-/+ buffers/cache:       4273      11672
Swap:         8039          0       8039

2019年 07月 27日 星期六 01:32:43 CST
             total       used       free     shared    buffers     cached
Mem:         15945      12213       3732          0        100       8372
-/+ buffers/cache:       3740      12204
Swap:         8039          0       8039

2019年 07月 27日 星期六 01:32:47 CST
             total       used       free     shared    buffers     cached
Mem:         15945      12732       3212          0        100       8334
-/+ buffers/cache:       4297      11647
Swap:         8039          0       8039

2019年 07月 27日 星期六 01:32:51 CST
             total       used       free     shared    buffers     cached
Mem:         15945      13204       2741          0        100       8333
-/+ buffers/cache:       4769      11175
Swap:         8039          0       8039

2019年 07月 27日 星期六 01:32:55 CST
             total       used       free     shared    buffers     cached
Mem:         15945      13802       2143          0        100       8152
-/+ buffers/cache:       5549      10396
Swap:         8039          0       8039

2019年 07月 27日 星期六 01:32:59 CST
             total       used       free     shared    buffers     cached
Mem:         15945      14369       1575          0        100       8154
-/+ buffers/cache:       6113       9831
Swap:         8039          0       8039

2019年 07月 27日 星期六 01:33:03 CST
             total       used       free     shared    buffers     cached
Mem:         15945      14687       1257          0        100       8155
-/+ buffers/cache:       6431       9513
Swap:         8039          0       8039

2019年 07月 27日 星期六 01:33:07 CST
             total       used       free     shared    buffers     cached
Mem:         15945      14909       1035          0        100       8155
-/+ buffers/cache:       6653       9291
Swap:         8039          0       8039

2019年 07月 27日 星期六 01:33:12 CST
             total       used       free     shared    buffers     cached
Mem:         15945      14978        967          0        100       8155
-/+ buffers/cache:       6722       9223
Swap:         8039          0       8039

2019年 07月 27日 星期六 01:33:16 CST
             total       used       free     shared    buffers     cached
Mem:         15945      14988        957          0        100       8168
-/+ buffers/cache:       6719       9226
Swap:         8039          0       8039

2019年 07月 27日 星期六 01:33:20 CST
             total       used       free     shared    buffers     cached
Mem:         15945      15088        857          0        100       8189
-/+ buffers/cache:       6798       9147
Swap:         8039          0       8039

2019年 07月 27日 星期六 01:33:24 CST
             total       used       free     shared    buffers     cached
Mem:         15945      13043       2901          0        100       8206
-/+ buffers/cache:       4736      11208
Swap:         8039          0       8039

2019年 07月 27日 星期六 01:33:28 CST
             total       used       free     shared    buffers     cached
Mem:         15945      11727       4218          0        100       8271
-/+ buffers/cache:       3354      12591
Swap:         8039          0       8039

2019年 07月 27日 星期六 01:33:32 CST
             total       used       free     shared    buffers     cached
Mem:         15945      11876       4069          0        100       8412
-/+ buffers/cache:       3362      12582
Swap:         8039          0       8039

2019年 07月 27日 星期六 01:33:36 CST
             total       used       free     shared    buffers     cached
Mem:         15945      12510       3434          0        100       8753
-/+ buffers/cache:       3656      12288
Swap:         8039          0       8039

2019年 07月 27日 星期六 01:33:40 CST
             total       used       free     shared    buffers     cached
Mem:         15945      13162       2782          0        100       8988
-/+ buffers/cache:       4073      11872
Swap:         8039          0       8039

2019年 07月 27日 星期六 01:33:44 CST
             total       used       free     shared    buffers     cached
Mem:         15945      13785       2160          0        100       9254
-/+ buffers/cache:       4429      11516
Swap:         8039          0       8039

2019年 07月 27日 星期六 01:33:48 CST
             total       used       free     shared    buffers     cached
Mem:         15945      14320       1625          0        100       9530
-/+ buffers/cache:       4688      11257
Swap:         8039          0       8039

2019年 07月 27日 星期六 01:33:52 CST
             total       used       free     shared    buffers     cached
Mem:         15945      14877       1068          0        100       9771
-/+ buffers/cache:       5004      10940
Swap:         8039          0       8039

2019年 07月 27日 星期六 01:33:56 CST
             total       used       free     shared    buffers     cached
Mem:         15945      15411        533          0        100      10095
-/+ buffers/cache:       5215      10730
Swap:         8039          0       8039

2019年 07月 27日 星期六 01:34:00 CST
             total       used       free     shared    buffers     cached
Mem:         15945      14198       1747          0        100       9901
-/+ buffers/cache:       4196      11749
Swap:         8039          0       8039

2019年 07月 27日 星期六 01:34:04 CST
             total       used       free     shared    buffers     cached
Mem:         15945      14642       1303          0        100       9901
-/+ buffers/cache:       4640      11305
Swap:         8039          0       8039

2019年 07月 27日 星期六 01:34:08 CST
             total       used       free     shared    buffers     cached
Mem:         15945      14874       1071          0        100       9901
-/+ buffers/cache:       4871      11073
Swap:         8039          0       8039

2019年 07月 27日 星期六 01:34:12 CST
             total       used       free     shared    buffers     cached
Mem:         15945      15052        893          0        100       9904
-/+ buffers/cache:       5046      10898
Swap:         8039          0       8039

2019年 07月 27日 星期六 01:34:16 CST
             total       used       free     shared    buffers     cached
Mem:         15945      15646        299          0        100       9924
-/+ buffers/cache:       5620      10325
Swap:         8039          0       8039

2019年 07月 27日 星期六 01:34:20 CST
             total       used       free     shared    buffers     cached
Mem:         15945      15772        172          0        100       9918
-/+ buffers/cache:       5753      10192
Swap:         8039          0       8039

2019年 07月 27日 星期六 01:34:24 CST
             total       used       free     shared    buffers     cached
Mem:         15945      15774        170          0        100       9762
-/+ buffers/cache:       5911      10034
Swap:         8039          0       8039

2019年 07月 27日 星期六 01:34:28 CST
             total       used       free     shared    buffers     cached
Mem:         15945      15785        160          0        100       9699
-/+ buffers/cache:       5984       9961
Swap:         8039          0       8039

2019年 07月 27日 星期六 01:34:32 CST
             total       used       free     shared    buffers     cached
Mem:         15945      15776        169          0        100       9635
-/+ buffers/cache:       6039       9906
Swap:         8039          0       8039

2019年 07月 27日 星期六 01:34:36 CST
             total       used       free     shared    buffers     cached
Mem:         15945      15777        167          0        100       9603
-/+ buffers/cache:       6073       9872
Swap:         8039          0       8039

2019年 07月 27日 星期六 01:34:40 CST
             total       used       free     shared    buffers     cached
Mem:         15945      15768        177          0        100       9554
-/+ buffers/cache:       6112       9832
Swap:         8039          0       8039

2019年 07月 27日 星期六 01:34:44 CST
             total       used       free     shared    buffers     cached
Mem:         15945      15777        167          0        100       9454
-/+ buffers/cache:       6222       9722
Swap:         8039          0       8039

2019年 07月 27日 星期六 01:34:48 CST
             total       used       free     shared    buffers     cached
Mem:         15945      13481       2463          0        100       9383
-/+ buffers/cache:       3996      11948
Swap:         8039          0       8039

2019年 07月 27日 星期六 01:34:52 CST
             total       used       free     shared    buffers     cached
Mem:         15945      14035       1910          0        100       9433
-/+ buffers/cache:       4501      11443
Swap:         8039          0       8039

2019年 07月 27日 星期六 01:34:56 CST
             total       used       free     shared    buffers     cached
Mem:         15945      14967        978          0        100       9436
-/+ buffers/cache:       5430      10515
Swap:         8039          0       8039

2019年 07月 27日 星期六 01:35:00 CST
             total       used       free     shared    buffers     cached
Mem:         15945      15450        494          0        100       9463
-/+ buffers/cache:       5885      10059
Swap:         8039          0       8039

2019年 07月 27日 星期六 01:35:04 CST
             total       used       free     shared    buffers     cached
Mem:         15945      15660        285          0        100       9586
-/+ buffers/cache:       5973       9972
Swap:         8039          0       8039

2019年 07月 27日 星期六 01:35:08 CST
             total       used       free     shared    buffers     cached
Mem:         15945      15797        148          0        100       9610
-/+ buffers/cache:       6085       9860
Swap:         8039          0       8039

2019年 07月 27日 星期六 01:35:12 CST
             total       used       free     shared    buffers     cached
Mem:         15945      15770        174          0        100       9449
-/+ buffers/cache:       6220       9725
Swap:         8039          0       8039

2019年 07月 27日 星期六 01:35:16 CST
             total       used       free     shared    buffers     cached
Mem:         15945      15766        179          0        100       9358
-/+ buffers/cache:       6306       9638
Swap:         8039          0       8039

2019年 07月 27日 星期六 01:35:20 CST
             total       used       free     shared    buffers     cached
Mem:         15945      15776        169          0        100       9220
-/+ buffers/cache:       6454       9490
Swap:         8039          0       8039

2019年 07月 27日 星期六 01:35:24 CST
             total       used       free     shared    buffers     cached
Mem:         15945      15780        164          0        100       9198
-/+ buffers/cache:       6481       9463
Swap:         8039          0       8039

2019年 07月 27日 星期六 01:35:28 CST
             total       used       free     shared    buffers     cached
Mem:         15945      15780        164          0        100       9115
-/+ buffers/cache:       6564       9381
Swap:         8039          0       8039

2019年 07月 27日 星期六 01:35:35 CST
             total       used       free     shared    buffers     cached
Mem:         15945      15780        165          0        100       9076
-/+ buffers/cache:       6603       9342
Swap:         8039          0       8039

2019年 07月 27日 星期六 01:35:39 CST
             total       used       free     shared    buffers     cached
Mem:         15945      15773        171          0        100       8937
-/+ buffers/cache:       6734       9210
Swap:         8039          0       8039

2019年 07月 27日 星期六 01:35:43 CST
             total       used       free     shared    buffers     cached
Mem:         15945      15781        164          0        100       8761
-/+ buffers/cache:       6919       9026
Swap:         8039          0       8039

2019年 07月 27日 星期六 01:35:47 CST
             total       used       free     shared    buffers     cached
Mem:         15945      15765        179          0        100       8722
-/+ buffers/cache:       6942       9003
Swap:         8039          0       8039

2019年 07月 27日 星期六 01:35:51 CST
             total       used       free     shared    buffers     cached
Mem:         15945      15766        178          0        100       8691
-/+ buffers/cache:       6974       8970
Swap:         8039          0       8039

2019年 07月 27日 星期六 01:35:55 CST
             total       used       free     shared    buffers     cached
Mem:         15945      15270        675          0        100       8821
-/+ buffers/cache:       6347       9597
Swap:         8039          0       8039

2019年 07月 27日 星期六 01:35:59 CST
             total       used       free     shared    buffers     cached
Mem:         15945      13277       2668          0        100       8847
-/+ buffers/cache:       4329      11616
Swap:         8039          0       8039

2019年 07月 27日 星期六 01:36:03 CST
             total       used       free     shared    buffers     cached
Mem:         15945      13902       2042          0        100       8734
-/+ buffers/cache:       5067      10878
Swap:         8039          0       8039

2019年 07月 27日 星期六 01:36:07 CST
             total       used       free     shared    buffers     cached
Mem:         15945      13625       2320          0        100       8753
-/+ buffers/cache:       4771      11174
Swap:         8039          0       8039

2019年 07月 27日 星期六 01:36:11 CST
             total       used       free     shared    buffers     cached
Mem:         15945      13964       1981          0        100       8734
-/+ buffers/cache:       5129      10816
Swap:         8039          0       8039

2019年 07月 27日 星期六 01:36:15 CST
             total       used       free     shared    buffers     cached
Mem:         15945      14359       1585          0        100       8735
-/+ buffers/cache:       5523      10421
Swap:         8039          0       8039

2019年 07月 27日 星期六 01:36:19 CST
             total       used       free     shared    buffers     cached
Mem:         15945      14607       1337          0        100       8736
-/+ buffers/cache:       5770      10174
Swap:         8039          0       8039

2019年 07月 27日 星期六 01:36:23 CST
             total       used       free     shared    buffers     cached
Mem:         15945      14053       1891          0        100       8737
-/+ buffers/cache:       5216      10729
Swap:         8039          0       8039

2019年 07月 27日 星期六 01:36:27 CST
             total       used       free     shared    buffers     cached
Mem:         15945      14178       1767          0        100       8736
-/+ buffers/cache:       5340      10604
Swap:         8039          0       8039

2019年 07月 27日 星期六 01:36:31 CST
             total       used       free     shared    buffers     cached
Mem:         15945      13185       2760          0        100       8715
-/+ buffers/cache:       4368      11576
Swap:         8039          0       8039

2019年 07月 27日 星期六 01:36:35 CST
             total       used       free     shared    buffers     cached
Mem:         15945      13840       2105          0        100       8697
-/+ buffers/cache:       5042      10903
Swap:         8039          0       8039

2019年 07月 27日 星期六 01:36:39 CST
             total       used       free     shared    buffers     cached
Mem:         15945      13993       1952          0        100       8714
-/+ buffers/cache:       5178      10767
Swap:         8039          0       8039

2019年 07月 27日 星期六 01:36:43 CST
             total       used       free     shared    buffers     cached
Mem:         15945      12774       3170          0        100       9061
-/+ buffers/cache:       3612      12332
Swap:         8039          0       8039

2019年 07月 27日 星期六 01:36:47 CST
             total       used       free     shared    buffers     cached
Mem:         15945      12107       3837          0        100       9094
-/+ buffers/cache:       2912      13032
Swap:         8039          0       8039

2019年 07月 27日 星期六 01:36:51 CST
             total       used       free     shared    buffers     cached
Mem:         15945      13312       2633          0        100       9430
-/+ buffers/cache:       3780      12164
Swap:         8039          0       8039

2019年 07月 27日 星期六 01:36:55 CST
             total       used       free     shared    buffers     cached
Mem:         15945      12996       2949          0        100       9511
-/+ buffers/cache:       3384      12561
Swap:         8039          0       8039

2019年 07月 27日 星期六 01:37:00 CST
             total       used       free     shared    buffers     cached
Mem:         15945      13755       2189          0        100       9694
-/+ buffers/cache:       3961      11984
Swap:         8039          0       8039

2019年 07月 27日 星期六 01:37:04 CST
             total       used       free     shared    buffers     cached
Mem:         15945      13634       2310          0        100       9757
-/+ buffers/cache:       3776      12169
Swap:         8039          0       8039

2019年 07月 27日 星期六 01:37:08 CST
             total       used       free     shared    buffers     cached
Mem:         15945      13236       2708          0        100       9508
-/+ buffers/cache:       3627      12318
Swap:         8039          0       8039

2019年 07月 27日 星期六 01:37:12 CST
             total       used       free     shared    buffers     cached
Mem:         15945      13512       2432          0        100       9323
-/+ buffers/cache:       4088      11857
Swap:         8039          0       8039

2019年 07月 27日 星期六 01:37:16 CST
             total       used       free     shared    buffers     cached
Mem:         15945      14205       1740          0        100       9324
-/+ buffers/cache:       4779      11165
Swap:         8039          0       8039

2019年 07月 27日 星期六 01:37:20 CST
             total       used       free     shared    buffers     cached
Mem:         15945      14344       1600          0        100       9324
-/+ buffers/cache:       4918      11026
Swap:         8039          0       8039

2019年 07月 27日 星期六 01:37:24 CST
             total       used       free     shared    buffers     cached
Mem:         15945      14873       1072          0        100       9327
-/+ buffers/cache:       5444      10500
Swap:         8039          0       8039

2019年 07月 27日 星期六 01:37:28 CST
             total       used       free     shared    buffers     cached
Mem:         15945      13254       2690          0        100       9344
-/+ buffers/cache:       3809      12136
Swap:         8039          0       8039

2019年 07月 27日 星期六 01:37:32 CST
             total       used       free     shared    buffers     cached
Mem:         15945      13816       2129          0        100       9547
-/+ buffers/cache:       4168      11777
Swap:         8039          0       8039

2019年 07月 27日 星期六 01:37:36 CST
             total       used       free     shared    buffers     cached
Mem:         15945      14421       1524          0        100       9408
-/+ buffers/cache:       4911      11033
Swap:         8039          0       8039

2019年 07月 27日 星期六 01:37:40 CST
             total       used       free     shared    buffers     cached
Mem:         15945      15277        667          0        100       9675
-/+ buffers/cache:       5501      10444
Swap:         8039          0       8039

2019年 07月 27日 星期六 01:37:44 CST
             total       used       free     shared    buffers     cached
Mem:         15945      15787        157          0        100       9920
-/+ buffers/cache:       5766      10178
Swap:         8039          0       8039

2019年 07月 27日 星期六 01:37:48 CST
             total       used       free     shared    buffers     cached
Mem:         15945      15049        896          0        100       9874
-/+ buffers/cache:       5074      10871
Swap:         8039          0       8039

2019年 07月 27日 星期六 01:37:52 CST
             total       used       free     shared    buffers     cached
Mem:         15945      14278       1667          0        100       9893
-/+ buffers/cache:       4284      11660
Swap:         8039          0       8039

2019年 07月 27日 星期六 01:37:56 CST
             total       used       free     shared    buffers     cached
Mem:         15945      14766       1178          0        100       9709
-/+ buffers/cache:       4956      10989
Swap:         8039          0       8039

2019年 07月 27日 星期六 01:38:00 CST
             total       used       free     shared    buffers     cached
Mem:         15945      15196        748          0        100       9525
-/+ buffers/cache:       5570      10375
Swap:         8039          0       8039

2019年 07月 27日 星期六 01:38:04 CST
             total       used       free     shared    buffers     cached
Mem:         15945      15717        228          0        100       9263
-/+ buffers/cache:       6353       9592
Swap:         8039          0       8039

2019年 07月 27日 星期六 01:38:08 CST
             total       used       free     shared    buffers     cached
Mem:         15945      15750        194          0        100       8626
-/+ buffers/cache:       7023       8921
Swap:         8039          0       8039

2019年 07月 27日 星期六 01:38:12 CST
             total       used       free     shared    buffers     cached
Mem:         15945      13848       2096          0        100       8574
-/+ buffers/cache:       5173      10772
Swap:         8039          0       8039

2019年 07月 27日 星期六 01:38:16 CST
             total       used       free     shared    buffers     cached
Mem:         15945      14331       1614          0        100       8730
-/+ buffers/cache:       5500      10444
Swap:         8039          0       8039

2019年 07月 27日 星期六 01:38:20 CST
             total       used       free     shared    buffers     cached
Mem:         15945      15153        791          0        100       8800
-/+ buffers/cache:       6252       9692
Swap:         8039          0       8039

2019年 07月 27日 星期六 01:38:24 CST
             total       used       free     shared    buffers     cached
Mem:         15945      14358       1587          0        100       8845
-/+ buffers/cache:       5412      10533
Swap:         8039          0       8039

2019年 07月 27日 星期六 01:38:28 CST
             total       used       free     shared    buffers     cached
Mem:         15945      14997        947          0        100       8897
-/+ buffers/cache:       5999       9946
Swap:         8039          0       8039

2019年 07月 27日 星期六 01:38:32 CST
             total       used       free     shared    buffers     cached
Mem:         15945      15574        371          0        100       8945
-/+ buffers/cache:       6528       9417
Swap:         8039          0       8039

2019年 07月 27日 星期六 01:38:36 CST
             total       used       free     shared    buffers     cached
Mem:         15945      15775        169          0        100       8741
-/+ buffers/cache:       6933       9012
Swap:         8039          0       8039

2019年 07月 27日 星期六 01:38:40 CST
             total       used       free     shared    buffers     cached
Mem:         15945      15777        168          0        100       8474
-/+ buffers/cache:       7202       8742
Swap:         8039          0       8039

2019年 07月 27日 星期六 01:38:44 CST
             total       used       free     shared    buffers     cached
Mem:         15945      15782        162          0        100       8331
-/+ buffers/cache:       7350       8594
Swap:         8039          0       8039

2019年 07月 27日 星期六 01:38:48 CST
             total       used       free     shared    buffers     cached
Mem:         15945      15777        167          0        100       8307
-/+ buffers/cache:       7369       8575
Swap:         8039          0       8039

2019年 07月 27日 星期六 01:38:52 CST
             total       used       free     shared    buffers     cached
Mem:         15945      14518       1426          0        100       8256
-/+ buffers/cache:       6161       9783
Swap:         8039          0       8039

2019年 07月 27日 星期六 01:38:56 CST
             total       used       free     shared    buffers     cached
Mem:         15945      12006       3939          0        100       8275
-/+ buffers/cache:       3630      12315
Swap:         8039          0       8039

2019年 07月 27日 星期六 01:39:00 CST
             total       used       free     shared    buffers     cached
Mem:         15945      11965       3980          0        100       8252
-/+ buffers/cache:       3612      12333
Swap:         8039          0       8039

2019年 07月 27日 星期六 01:39:05 CST
             total       used       free     shared    buffers     cached
Mem:         15945      12809       3135          0        100       8628
-/+ buffers/cache:       4080      11864
Swap:         8039          0       8039

2019年 07月 27日 星期六 01:39:09 CST
             total       used       free     shared    buffers     cached
Mem:         15945      13276       2668          0        100       8629
-/+ buffers/cache:       4546      11399
Swap:         8039          0       8039

2019年 07月 27日 星期六 01:39:13 CST
             total       used       free     shared    buffers     cached
Mem:         15945      13627       2318          0        100       8630
-/+ buffers/cache:       4896      11048
Swap:         8039          0       8039

2019年 07月 27日 星期六 01:39:17 CST
             total       used       free     shared    buffers     cached
Mem:         15945      13920       2025          0        100       8630
-/+ buffers/cache:       5188      10756
Swap:         8039          0       8039

2019年 07月 27日 星期六 01:39:21 CST
             total       used       free     shared    buffers     cached
Mem:         15945      13756       2188          0        100       8612
-/+ buffers/cache:       5044      10901
Swap:         8039          0       8039

2019年 07月 27日 星期六 01:39:25 CST
             total       used       free     shared    buffers     cached
Mem:         15945      13263       2681          0        100       8612
-/+ buffers/cache:       4551      11394
Swap:         8039          0       8039

2019年 07月 27日 星期六 01:39:29 CST
             total       used       free     shared    buffers     cached
Mem:         15945      13564       2381          0        100       8573
-/+ buffers/cache:       4889      11055
Swap:         8039          0       8039

2019年 07月 27日 星期六 01:39:33 CST
             total       used       free     shared    buffers     cached
Mem:         15945      14189       1755          0        100       8575
-/+ buffers/cache:       5514      10431
Swap:         8039          0       8039

2019年 07月 27日 星期六 01:39:37 CST
             total       used       free     shared    buffers     cached
Mem:         15945      13105       2839          0        100       8577
-/+ buffers/cache:       4428      11517
Swap:         8039          0       8039

2019年 07月 27日 星期六 01:39:41 CST
             total       used       free     shared    buffers     cached
Mem:         15945      12930       3015          0        100       8702
-/+ buffers/cache:       4127      11818
Swap:         8039          0       8039

2019年 07月 27日 星期六 01:39:45 CST
             total       used       free     shared    buffers     cached
Mem:         15945      12921       3023          0        100       8886
-/+ buffers/cache:       3934      12011
Swap:         8039          0       8039

2019年 07月 27日 星期六 01:39:49 CST
             total       used       free     shared    buffers     cached
Mem:         15945      13966       1979          0        100       8868
-/+ buffers/cache:       4997      10948
Swap:         8039          0       8039

2019年 07月 27日 星期六 01:39:53 CST
             total       used       free     shared    buffers     cached
Mem:         15945      15061        884          0        100       8874
-/+ buffers/cache:       6086       9859
Swap:         8039          0       8039

2019年 07月 27日 星期六 01:39:57 CST
             total       used       free     shared    buffers     cached
Mem:         15945      13762       2183          0        100       8872
-/+ buffers/cache:       4789      11156
Swap:         8039          0       8039

2019年 07月 27日 星期六 01:40:01 CST
             total       used       free     shared    buffers     cached
Mem:         15945      11460       4485          0        100       8517
-/+ buffers/cache:       2842      13103
Swap:         8039          0       8039

2019年 07月 27日 星期六 01:40:05 CST
             total       used       free     shared    buffers     cached
Mem:         15945      11259       4685          0        100       8151
-/+ buffers/cache:       3007      12937
Swap:         8039          0       8039

2019年 07月 27日 星期六 01:40:09 CST
             total       used       free     shared    buffers     cached
Mem:         15945      12288       3657          0        100       8691
-/+ buffers/cache:       3495      12449
Swap:         8039          0       8039

2019年 07月 27日 星期六 01:40:13 CST
             total       used       free     shared    buffers     cached
Mem:         15945      13150       2794          0        100       8952
-/+ buffers/cache:       4098      11847
Swap:         8039          0       8039

2019年 07月 27日 星期六 01:40:17 CST
             total       used       free     shared    buffers     cached
Mem:         15945      13693       2252          0        100       8986
-/+ buffers/cache:       4606      11338
Swap:         8039          0       8039

2019年 07月 27日 星期六 01:40:21 CST
             total       used       free     shared    buffers     cached
Mem:         15945      14303       1642          0        100       9036
-/+ buffers/cache:       5166      10779
Swap:         8039          0       8039

2019年 07月 27日 星期六 01:40:25 CST
             total       used       free     shared    buffers     cached
Mem:         15945      14751       1194          0        100       9079
-/+ buffers/cache:       5571      10374
Swap:         8039          0       8039

2019年 07月 27日 星期六 01:40:29 CST
             total       used       free     shared    buffers     cached
Mem:         15945      14791       1154          0        100       9087
-/+ buffers/cache:       5603      10342
Swap:         8039          0       8039

2019年 07月 27日 星期六 01:40:33 CST
             total       used       free     shared    buffers     cached
Mem:         15945      14837       1108          0        100       9097
-/+ buffers/cache:       5638      10306
Swap:         8039          0       8039

2019年 07月 27日 星期六 01:40:37 CST
             total       used       free     shared    buffers     cached
Mem:         15945      13260       2684          0        100       8928
-/+ buffers/cache:       4231      11714
Swap:         8039          0       8039

2019年 07月 27日 星期六 01:40:41 CST
             total       used       free     shared    buffers     cached
Mem:         15945      13657       2288          0        100       8950
-/+ buffers/cache:       4606      11339
Swap:         8039          0       8039

2019年 07月 27日 星期六 01:40:45 CST
             total       used       free     shared    buffers     cached
Mem:         15945      14363       1582          0        100       8950
-/+ buffers/cache:       5312      10633
Swap:         8039          0       8039

2019年 07月 27日 星期六 01:40:49 CST
             total       used       free     shared    buffers     cached
Mem:         15945      14968        977          0        100       8952
-/+ buffers/cache:       5915      10030
Swap:         8039          0       8039

2019年 07月 27日 星期六 01:40:53 CST
             total       used       free     shared    buffers     cached
Mem:         15945      15141        804          0        100       8954
-/+ buffers/cache:       6086       9859
Swap:         8039          0       8039

2019年 07月 27日 星期六 01:40:57 CST
             total       used       free     shared    buffers     cached
Mem:         15945      15490        455          0        100       8957
-/+ buffers/cache:       6432       9512
Swap:         8039          0       8039

2019年 07月 27日 星期六 01:41:01 CST
             total       used       free     shared    buffers     cached
Mem:         15945      14541       1403          0        100       8957
-/+ buffers/cache:       5483      10462
Swap:         8039          0       8039

2019年 07月 27日 星期六 01:41:05 CST
             total       used       free     shared    buffers     cached
Mem:         15945      13864       2080          0        100       9181
-/+ buffers/cache:       4582      11363
Swap:         8039          0       8039

2019年 07月 27日 星期六 01:41:09 CST
             total       used       free     shared    buffers     cached
Mem:         15945      14002       1943          0        100       9212
-/+ buffers/cache:       4688      11256
Swap:         8039          0       8039

2019年 07月 27日 星期六 01:41:14 CST
             total       used       free     shared    buffers     cached
Mem:         15945      14765       1180          0        100       9380
-/+ buffers/cache:       5283      10661
Swap:         8039          0       8039

2019年 07月 27日 星期六 01:41:18 CST
             total       used       free     shared    buffers     cached
Mem:         15945      15209        735          0        100       9381
-/+ buffers/cache:       5727      10218
Swap:         8039          0       8039

2019年 07月 27日 星期六 01:41:22 CST
             total       used       free     shared    buffers     cached
Mem:         15945      15661        284          0        100       9382
-/+ buffers/cache:       6178       9767
Swap:         8039          0       8039

2019年 07月 27日 星期六 01:41:26 CST
             total       used       free     shared    buffers     cached
Mem:         15945      15751        193          0        100       9384
-/+ buffers/cache:       6266       9679
Swap:         8039          0       8039

2019年 07月 27日 星期六 01:41:30 CST
             total       used       free     shared    buffers     cached
Mem:         15945      15785        159          0        100       9347
-/+ buffers/cache:       6337       9608
Swap:         8039          0       8039

2019年 07月 27日 星期六 01:41:34 CST
             total       used       free     shared    buffers     cached
Mem:         15945      15163        781          0        100       9317
-/+ buffers/cache:       5745      10200
Swap:         8039          0       8039

2019年 07月 27日 星期六 01:41:38 CST
             total       used       free     shared    buffers     cached
Mem:         15945      15472        473          0        100       9487
-/+ buffers/cache:       5884      10060
Swap:         8039          0       8039

2019年 07月 27日 星期六 01:41:42 CST
             total       used       free     shared    buffers     cached
Mem:         15945      15780        164          0        100       9443
-/+ buffers/cache:       6236       9708
Swap:         8039          0       8039

2019年 07月 27日 星期六 01:41:46 CST
             total       used       free     shared    buffers     cached
Mem:         15945      15777        167          0        100       9172
-/+ buffers/cache:       6504       9441
Swap:         8039          0       8039

2019年 07月 27日 星期六 01:41:50 CST
             total       used       free     shared    buffers     cached
Mem:         15945      15162        782          0        100       9133
-/+ buffers/cache:       5928      10016
Swap:         8039          0       8039

2019年 07月 27日 星期六 01:41:54 CST
             total       used       free     shared    buffers     cached
Mem:         15945      15289        655          0        100       9122
-/+ buffers/cache:       6066       9879
Swap:         8039          0       8039

2019年 07月 27日 星期六 01:41:58 CST
             total       used       free     shared    buffers     cached
Mem:         15945      15676        268          0        100       9126
-/+ buffers/cache:       6449       9496
Swap:         8039          0       8039

2019年 07月 27日 星期六 01:42:02 CST
             total       used       free     shared    buffers     cached
Mem:         15945      15623        322          0        100       8809
-/+ buffers/cache:       6712       9232
Swap:         8039          0       8039

2019年 07月 27日 星期六 01:42:06 CST
             total       used       free     shared    buffers     cached
Mem:         15945      15573        372          0        100       8874
-/+ buffers/cache:       6598       9347
Swap:         8039          0       8039

2019年 07月 27日 星期六 01:42:10 CST
             total       used       free     shared    buffers     cached
Mem:         15945      14324       1621          0        100       8948
-/+ buffers/cache:       5275      10670
Swap:         8039          0       8039

2019年 07月 27日 星期六 01:42:14 CST
             total       used       free     shared    buffers     cached
Mem:         15945      14377       1568          0        100       8653
-/+ buffers/cache:       5623      10322
Swap:         8039          0       8039

2019年 07月 27日 星期六 01:42:18 CST
             total       used       free     shared    buffers     cached
Mem:         15945      14749       1196          0        100       8726
-/+ buffers/cache:       5922      10023
Swap:         8039          0       8039

2019年 07月 27日 星期六 01:42:22 CST
             total       used       free     shared    buffers     cached
Mem:         15945      14889       1056          0        100       8782
-/+ buffers/cache:       6005       9939
Swap:         8039          0       8039

2019年 07月 27日 星期六 01:42:26 CST
             total       used       free     shared    buffers     cached
Mem:         15945      15097        848          0        100       8887
-/+ buffers/cache:       6108       9836
Swap:         8039          0       8039

2019年 07月 27日 星期六 01:42:30 CST
             total       used       free     shared    buffers     cached
Mem:         15945      14363       1581          0        100       8942
-/+ buffers/cache:       5320      10625
Swap:         8039          0       8039

2019年 07月 27日 星期六 01:42:34 CST
             total       used       free     shared    buffers     cached
Mem:         15945      14287       1658          0        100       8831
-/+ buffers/cache:       5354      10590
Swap:         8039          0       8039

2019年 07月 27日 星期六 01:42:38 CST
             total       used       free     shared    buffers     cached
Mem:         15945      14389       1555          0        100       8892
-/+ buffers/cache:       5397      10548
Swap:         8039          0       8039

2019年 07月 27日 星期六 01:42:42 CST
             total       used       free     shared    buffers     cached
Mem:         15945      14500       1444          0        100       8966
-/+ buffers/cache:       5434      10511
Swap:         8039          0       8039

2019年 07月 27日 星期六 01:42:46 CST
             total       used       free     shared    buffers     cached
Mem:         15945      14595       1349          0        100       9024
-/+ buffers/cache:       5470      10475
Swap:         8039          0       8039

2019年 07月 27日 星期六 01:42:50 CST
             total       used       free     shared    buffers     cached
Mem:         15945      14710       1235          0        100       9100
-/+ buffers/cache:       5508      10436
Swap:         8039          0       8039

2019年 07月 27日 星期六 01:42:54 CST
             total       used       free     shared    buffers     cached
Mem:         15945      14808       1137          0        100       9162
-/+ buffers/cache:       5544      10400
Swap:         8039          0       8039

2019年 07月 27日 星期六 01:42:58 CST
             total       used       free     shared    buffers     cached
Mem:         15945      14915       1029          0        100       9233
-/+ buffers/cache:       5581      10363
Swap:         8039          0       8039

2019年 07月 27日 星期六 01:43:02 CST
             total       used       free     shared    buffers     cached
Mem:         15945      15039        905          0        100       9324
-/+ buffers/cache:       5614      10331
Swap:         8039          0       8039

2019年 07月 27日 星期六 01:43:06 CST
             total       used       free     shared    buffers     cached
Mem:         15945      15168        776          0        100       9414
-/+ buffers/cache:       5653      10292
Swap:         8039          0       8039

2019年 07月 27日 星期六 01:43:10 CST
             total       used       free     shared    buffers     cached
Mem:         15945      14685       1260          0        100       9271
-/+ buffers/cache:       5312      10633
Swap:         8039          0       8039

2019年 07月 27日 星期六 01:43:14 CST
             total       used       free     shared    buffers     cached
Mem:         15945      14751       1194          0        100       9325
-/+ buffers/cache:       5324      10620
Swap:         8039          0       8039

2019年 07月 27日 星期六 01:43:18 CST
             total       used       free     shared    buffers     cached
Mem:         15945      12876       3068          0        100       9322
-/+ buffers/cache:       3453      12492
Swap:         8039          0       8039

2019年 07月 27日 星期六 01:43:22 CST
             total       used       free     shared    buffers     cached
Mem:         15945      12948       2996          0        100       9332
-/+ buffers/cache:       3515      12430
Swap:         8039          0       8039

2019年 07月 27日 星期六 01:43:26 CST
             total       used       free     shared    buffers     cached
Mem:         15945      12638       3306          0        100       9028
-/+ buffers/cache:       3509      12436
Swap:         8039          0       8039

2019年 07月 27日 星期六 01:43:30 CST
             total       used       free     shared    buffers     cached
Mem:         15945      11173       4772          0        100       9013
-/+ buffers/cache:       2058      13887
Swap:         8039          0       8039

2019年 07月 27日 星期六 01:43:34 CST
             total       used       free     shared    buffers     cached
Mem:         15945      11172       4772          0        100       9013
-/+ buffers/cache:       2057      13887
Swap:         8039          0       8039

2019年 07月 27日 星期六 01:43:38 CST
             total       used       free     shared    buffers     cached
Mem:         15945      10986       4958          0        100       8829
-/+ buffers/cache:       2057      13888
Swap:         8039          0       8039

