
Linux 2.6.32-431.el6.x86_64 (slave1) 	2019年07月23日 	_x86_64_	(8 CPU)

23时07分28秒  CPU    %usr   %nice    %sys %iowait    %irq   %soft  %steal  %guest   %idle
23时07分29秒  all    0.00    0.00    0.00    0.00    0.00    0.00    0.00    0.00  100.00
平均时间:  all    0.00    0.00    0.00    0.00    0.00    0.00    0.00    0.00  100.00

Linux 2.6.32-431.el6.x86_64 (slave1) 	2019年07月23日 	_x86_64_	(8 CPU)

23时07分32秒  CPU    %usr   %nice    %sys %iowait    %irq   %soft  %steal  %guest   %idle
23时07分33秒  all    1.51    0.00    0.75    0.00    0.00    0.00    0.00    0.00   97.74
平均时间:  all    1.51    0.00    0.75    0.00    0.00    0.00    0.00    0.00   97.74

Linux 2.6.32-431.el6.x86_64 (slave1) 	2019年07月23日 	_x86_64_	(8 CPU)

23时07分36秒  CPU    %usr   %nice    %sys %iowait    %irq   %soft  %steal  %guest   %idle
23时07分37秒  all    0.00    0.00    0.00    0.00    0.00    0.00    0.00    0.00  100.00
平均时间:  all    0.00    0.00    0.00    0.00    0.00    0.00    0.00    0.00  100.00

Linux 2.6.32-431.el6.x86_64 (slave1) 	2019年07月23日 	_x86_64_	(8 CPU)

23时07分40秒  CPU    %usr   %nice    %sys %iowait    %irq   %soft  %steal  %guest   %idle
23时07分41秒  all    0.00    0.00    0.13    0.00    0.00    0.13    0.00    0.00   99.75
平均时间:  all    0.00    0.00    0.13    0.00    0.00    0.13    0.00    0.00   99.75

Linux 2.6.32-431.el6.x86_64 (slave1) 	2019年07月23日 	_x86_64_	(8 CPU)

23时07分44秒  CPU    %usr   %nice    %sys %iowait    %irq   %soft  %steal  %guest   %idle
23时07分45秒  all    0.25    0.00    1.27    0.00    0.00    0.25    0.00    0.00   98.23
平均时间:  all    0.25    0.00    1.27    0.00    0.00    0.25    0.00    0.00   98.23

Linux 2.6.32-431.el6.x86_64 (slave1) 	2019年07月23日 	_x86_64_	(8 CPU)

23时07分48秒  CPU    %usr   %nice    %sys %iowait    %irq   %soft  %steal  %guest   %idle
23时07分49秒  all   11.20    0.00   13.04    0.00    0.40   16.60    0.00    0.00   58.76
平均时间:  all   11.20    0.00   13.04    0.00    0.40   16.60    0.00    0.00   58.76

Linux 2.6.32-431.el6.x86_64 (slave1) 	2019年07月23日 	_x86_64_	(8 CPU)

23时07分52秒  CPU    %usr   %nice    %sys %iowait    %irq   %soft  %steal  %guest   %idle
23时07分53秒  all   41.18    0.00   22.48    0.00    0.52   16.73    0.00    0.00   19.08
平均时间:  all   41.18    0.00   22.48    0.00    0.52   16.73    0.00    0.00   19.08

Linux 2.6.32-431.el6.x86_64 (slave1) 	2019年07月23日 	_x86_64_	(8 CPU)

23时07分56秒  CPU    %usr   %nice    %sys %iowait    %irq   %soft  %steal  %guest   %idle
23时07分57秒  all   64.87    0.00   19.07    0.00    0.25   15.56    0.00    0.00    0.25
平均时间:  all   64.87    0.00   19.07    0.00    0.25   15.56    0.00    0.00    0.25

Linux 2.6.32-431.el6.x86_64 (slave1) 	2019年07月23日 	_x86_64_	(8 CPU)

23时08分00秒  CPU    %usr   %nice    %sys %iowait    %irq   %soft  %steal  %guest   %idle
23时08分01秒  all   73.50    0.00   16.25    0.00    0.38    9.88    0.00    0.00    0.00
平均时间:  all   73.50    0.00   16.25    0.00    0.38    9.88    0.00    0.00    0.00

Linux 2.6.32-431.el6.x86_64 (slave1) 	2019年07月23日 	_x86_64_	(8 CPU)

23时08分04秒  CPU    %usr   %nice    %sys %iowait    %irq   %soft  %steal  %guest   %idle
23时08分05秒  all   78.12    0.00   14.62    0.00    0.12    7.12    0.00    0.00    0.00
平均时间:  all   78.12    0.00   14.62    0.00    0.12    7.12    0.00    0.00    0.00

Linux 2.6.32-431.el6.x86_64 (slave1) 	2019年07月23日 	_x86_64_	(8 CPU)

23时08分08秒  CPU    %usr   %nice    %sys %iowait    %irq   %soft  %steal  %guest   %idle
23时08分09秒  all   71.11    0.00   19.22    0.00    0.25    9.42    0.00    0.00    0.00
平均时间:  all   71.11    0.00   19.22    0.00    0.25    9.42    0.00    0.00    0.00

Linux 2.6.32-431.el6.x86_64 (slave1) 	2019年07月23日 	_x86_64_	(8 CPU)

23时08分12秒  CPU    %usr   %nice    %sys %iowait    %irq   %soft  %steal  %guest   %idle
23时08分13秒  all   86.75    0.00   11.25    0.00    0.12    1.88    0.00    0.00    0.00
平均时间:  all   86.75    0.00   11.25    0.00    0.12    1.88    0.00    0.00    0.00

Linux 2.6.32-431.el6.x86_64 (slave1) 	2019年07月23日 	_x86_64_	(8 CPU)

23时08分16秒  CPU    %usr   %nice    %sys %iowait    %irq   %soft  %steal  %guest   %idle
23时08分17秒  all   88.26    0.00   10.99    0.00    0.00    0.75    0.00    0.00    0.00
平均时间:  all   88.26    0.00   10.99    0.00    0.00    0.75    0.00    0.00    0.00

Linux 2.6.32-431.el6.x86_64 (slave1) 	2019年07月23日 	_x86_64_	(8 CPU)

23时08分20秒  CPU    %usr   %nice    %sys %iowait    %irq   %soft  %steal  %guest   %idle
23时08分21秒  all   75.22    0.00    8.72    0.00    0.00    0.00    0.00    0.00   16.06
平均时间:  all   75.22    0.00    8.72    0.00    0.00    0.00    0.00    0.00   16.06

Linux 2.6.32-431.el6.x86_64 (slave1) 	2019年07月23日 	_x86_64_	(8 CPU)

23时08分24秒  CPU    %usr   %nice    %sys %iowait    %irq   %soft  %steal  %guest   %idle
23时08分25秒  all   47.39    0.00    6.24    0.00    0.00    0.13    0.00    0.00   46.24
平均时间:  all   47.39    0.00    6.24    0.00    0.00    0.13    0.00    0.00   46.24

Linux 2.6.32-431.el6.x86_64 (slave1) 	2019年07月23日 	_x86_64_	(8 CPU)

23时08分28秒  CPU    %usr   %nice    %sys %iowait    %irq   %soft  %steal  %guest   %idle
23时08分29秒  all   72.41    0.00    7.72    0.00    0.00    0.13    0.00    0.00   19.75
平均时间:  all   72.41    0.00    7.72    0.00    0.00    0.13    0.00    0.00   19.75

Linux 2.6.32-431.el6.x86_64 (slave1) 	2019年07月23日 	_x86_64_	(8 CPU)

23时08分32秒  CPU    %usr   %nice    %sys %iowait    %irq   %soft  %steal  %guest   %idle
23时08分33秒  all   33.42    0.00   10.45    0.00    0.00    2.45    0.00    0.00   53.68
平均时间:  all   33.42    0.00   10.45    0.00    0.00    2.45    0.00    0.00   53.68

Linux 2.6.32-431.el6.x86_64 (slave1) 	2019年07月23日 	_x86_64_	(8 CPU)

23时08分36秒  CPU    %usr   %nice    %sys %iowait    %irq   %soft  %steal  %guest   %idle
23时08分37秒  all   76.84    0.00   10.92    0.00    0.00    1.84    0.00    0.00   10.39
平均时间:  all   76.84    0.00   10.92    0.00    0.00    1.84    0.00    0.00   10.39

Linux 2.6.32-431.el6.x86_64 (slave1) 	2019年07月23日 	_x86_64_	(8 CPU)

23时08分41秒  CPU    %usr   %nice    %sys %iowait    %irq   %soft  %steal  %guest   %idle
23时08分42秒  all   90.68    0.00    8.56    0.00    0.00    0.50    0.00    0.00    0.25
平均时间:  all   90.68    0.00    8.56    0.00    0.00    0.50    0.00    0.00    0.25

Linux 2.6.32-431.el6.x86_64 (slave1) 	2019年07月23日 	_x86_64_	(8 CPU)

23时08分45秒  CPU    %usr   %nice    %sys %iowait    %irq   %soft  %steal  %guest   %idle
23时08分46秒  all   83.56    0.00   11.92    0.00    0.00    1.00    0.00    0.00    3.51
平均时间:  all   83.56    0.00   11.92    0.00    0.00    1.00    0.00    0.00    3.51

Linux 2.6.32-431.el6.x86_64 (slave1) 	2019年07月23日 	_x86_64_	(8 CPU)

23时08分49秒  CPU    %usr   %nice    %sys %iowait    %irq   %soft  %steal  %guest   %idle
23时08分50秒  all   58.22    0.00    8.54    0.00    0.13    0.25    0.00    0.00   32.87
平均时间:  all   58.22    0.00    8.54    0.00    0.13    0.25    0.00    0.00   32.87

Linux 2.6.32-431.el6.x86_64 (slave1) 	2019年07月23日 	_x86_64_	(8 CPU)

23时08分53秒  CPU    %usr   %nice    %sys %iowait    %irq   %soft  %steal  %guest   %idle
23时08分54秒  all   75.73    0.00   10.67    0.00    0.00    0.13    0.00    0.00   13.47
平均时间:  all   75.73    0.00   10.67    0.00    0.00    0.13    0.00    0.00   13.47

Linux 2.6.32-431.el6.x86_64 (slave1) 	2019年07月23日 	_x86_64_	(8 CPU)

23时08分57秒  CPU    %usr   %nice    %sys %iowait    %irq   %soft  %steal  %guest   %idle
23时08分58秒  all   55.01    0.00    4.37    0.00    0.00    0.26    0.00    0.00   40.36
平均时间:  all   55.01    0.00    4.37    0.00    0.00    0.26    0.00    0.00   40.36

Linux 2.6.32-431.el6.x86_64 (slave1) 	2019年07月23日 	_x86_64_	(8 CPU)

23时09分01秒  CPU    %usr   %nice    %sys %iowait    %irq   %soft  %steal  %guest   %idle
23时09分02秒  all   52.95    0.00    7.56    0.00    0.00    0.51    0.00    0.00   38.97
平均时间:  all   52.95    0.00    7.56    0.00    0.00    0.51    0.00    0.00   38.97

Linux 2.6.32-431.el6.x86_64 (slave1) 	2019年07月23日 	_x86_64_	(8 CPU)

23时09分05秒  CPU    %usr   %nice    %sys %iowait    %irq   %soft  %steal  %guest   %idle
23时09分06秒  all   71.50    0.00   14.88    0.00    0.13    0.76    0.00    0.00   12.74
平均时间:  all   71.50    0.00   14.88    0.00    0.13    0.76    0.00    0.00   12.74

Linux 2.6.32-431.el6.x86_64 (slave1) 	2019年07月23日 	_x86_64_	(8 CPU)

23时09分09秒  CPU    %usr   %nice    %sys %iowait    %irq   %soft  %steal  %guest   %idle
23时09分10秒  all   73.04    0.00    7.34    0.00    0.00    0.25    0.00    0.00   19.37
平均时间:  all   73.04    0.00    7.34    0.00    0.00    0.25    0.00    0.00   19.37

Linux 2.6.32-431.el6.x86_64 (slave1) 	2019年07月23日 	_x86_64_	(8 CPU)

23时09分13秒  CPU    %usr   %nice    %sys %iowait    %irq   %soft  %steal  %guest   %idle
23时09分14秒  all   63.07    0.00    8.25    0.00    0.00    0.51    0.00    0.00   28.17
平均时间:  all   63.07    0.00    8.25    0.00    0.00    0.51    0.00    0.00   28.17

Linux 2.6.32-431.el6.x86_64 (slave1) 	2019年07月23日 	_x86_64_	(8 CPU)

23时09分17秒  CPU    %usr   %nice    %sys %iowait    %irq   %soft  %steal  %guest   %idle
23时09分18秒  all   82.60    0.00   10.09    0.00    0.00    0.25    0.00    0.00    7.06
平均时间:  all   82.60    0.00   10.09    0.00    0.00    0.25    0.00    0.00    7.06

Linux 2.6.32-431.el6.x86_64 (slave1) 	2019年07月23日 	_x86_64_	(8 CPU)

23时09分21秒  CPU    %usr   %nice    %sys %iowait    %irq   %soft  %steal  %guest   %idle
23时09分22秒  all   84.28    0.00   10.69    0.00    0.00    0.50    0.00    0.00    4.53
平均时间:  all   84.28    0.00   10.69    0.00    0.00    0.50    0.00    0.00    4.53

Linux 2.6.32-431.el6.x86_64 (slave1) 	2019年07月23日 	_x86_64_	(8 CPU)

23时09分25秒  CPU    %usr   %nice    %sys %iowait    %irq   %soft  %steal  %guest   %idle
23时09分26秒  all   77.51    0.00    9.78    0.00    0.00    0.89    0.00    0.00   11.82
平均时间:  all   77.51    0.00    9.78    0.00    0.00    0.89    0.00    0.00   11.82

Linux 2.6.32-431.el6.x86_64 (slave1) 	2019年07月23日 	_x86_64_	(8 CPU)

23时09分29秒  CPU    %usr   %nice    %sys %iowait    %irq   %soft  %steal  %guest   %idle
23时09分30秒  all   79.32    0.00   10.21    0.00    0.00    0.25    0.00    0.00   10.21
平均时间:  all   79.32    0.00   10.21    0.00    0.00    0.25    0.00    0.00   10.21

Linux 2.6.32-431.el6.x86_64 (slave1) 	2019年07月23日 	_x86_64_	(8 CPU)

23时09分33秒  CPU    %usr   %nice    %sys %iowait    %irq   %soft  %steal  %guest   %idle
23时09分34秒  all   86.06    0.00    7.66    0.00    0.00    0.00    0.00    0.00    6.28
平均时间:  all   86.06    0.00    7.66    0.00    0.00    0.00    0.00    0.00    6.28

Linux 2.6.32-431.el6.x86_64 (slave1) 	2019年07月23日 	_x86_64_	(8 CPU)

23时09分37秒  CPU    %usr   %nice    %sys %iowait    %irq   %soft  %steal  %guest   %idle
23时09分38秒  all   82.68    0.00    8.60    0.00    0.13    0.25    0.00    0.00    8.34
平均时间:  all   82.68    0.00    8.60    0.00    0.13    0.25    0.00    0.00    8.34

Linux 2.6.32-431.el6.x86_64 (slave1) 	2019年07月23日 	_x86_64_	(8 CPU)

23时09分41秒  CPU    %usr   %nice    %sys %iowait    %irq   %soft  %steal  %guest   %idle
23时09分42秒  all   70.39    0.00    9.91    0.00    0.00    0.25    0.00    0.00   19.44
平均时间:  all   70.39    0.00    9.91    0.00    0.00    0.25    0.00    0.00   19.44

Linux 2.6.32-431.el6.x86_64 (slave1) 	2019年07月23日 	_x86_64_	(8 CPU)

23时09分45秒  CPU    %usr   %nice    %sys %iowait    %irq   %soft  %steal  %guest   %idle
23时09分46秒  all   75.73    0.00    5.84    0.00    0.13    1.02    0.00    0.00   17.28
平均时间:  all   75.73    0.00    5.84    0.00    0.13    1.02    0.00    0.00   17.28

Linux 2.6.32-431.el6.x86_64 (slave1) 	2019年07月23日 	_x86_64_	(8 CPU)

23时09分49秒  CPU    %usr   %nice    %sys %iowait    %irq   %soft  %steal  %guest   %idle
23时09分50秒  all   67.86    0.00    5.99    0.13    0.38    3.70    0.00    0.00   21.94
平均时间:  all   67.86    0.00    5.99    0.13    0.38    3.70    0.00    0.00   21.94

Linux 2.6.32-431.el6.x86_64 (slave1) 	2019年07月23日 	_x86_64_	(8 CPU)

23时09分53秒  CPU    %usr   %nice    %sys %iowait    %irq   %soft  %steal  %guest   %idle
23时09分54秒  all   73.12    0.00    4.20    0.00    0.13    1.02    0.00    0.00   21.53
平均时间:  all   73.12    0.00    4.20    0.00    0.13    1.02    0.00    0.00   21.53

Linux 2.6.32-431.el6.x86_64 (slave1) 	2019年07月23日 	_x86_64_	(8 CPU)

23时09分57秒  CPU    %usr   %nice    %sys %iowait    %irq   %soft  %steal  %guest   %idle
23时09分58秒  all   63.23    0.00    5.47    0.00    0.13    2.29    0.00    0.00   28.88
平均时间:  all   63.23    0.00    5.47    0.00    0.13    2.29    0.00    0.00   28.88

Linux 2.6.32-431.el6.x86_64 (slave1) 	2019年07月23日 	_x86_64_	(8 CPU)

23时10分01秒  CPU    %usr   %nice    %sys %iowait    %irq   %soft  %steal  %guest   %idle
23时10分02秒  all   89.70    0.00    7.16    0.00    0.13    2.01    0.00    0.00    1.01
平均时间:  all   89.70    0.00    7.16    0.00    0.13    2.01    0.00    0.00    1.01

Linux 2.6.32-431.el6.x86_64 (slave1) 	2019年07月23日 	_x86_64_	(8 CPU)

23时10分05秒  CPU    %usr   %nice    %sys %iowait    %irq   %soft  %steal  %guest   %idle
23时10分06秒  all   58.31    0.00    7.93    0.00    0.13    0.90    0.00    0.00   32.74
平均时间:  all   58.31    0.00    7.93    0.00    0.13    0.90    0.00    0.00   32.74

Linux 2.6.32-431.el6.x86_64 (slave1) 	2019年07月23日 	_x86_64_	(8 CPU)

23时10分10秒  CPU    %usr   %nice    %sys %iowait    %irq   %soft  %steal  %guest   %idle
23时10分11秒  all   36.42    0.00    2.41    0.00    0.13    1.40    0.00    0.00   59.64
平均时间:  all   36.42    0.00    2.41    0.00    0.13    1.40    0.00    0.00   59.64

Linux 2.6.32-431.el6.x86_64 (slave1) 	2019年07月23日 	_x86_64_	(8 CPU)

23时10分16秒  CPU    %usr   %nice    %sys %iowait    %irq   %soft  %steal  %guest   %idle
23时10分17秒  all   10.83    0.00    1.17    0.00    0.17    0.33    0.00    0.00   87.50
平均时间:  all   10.83    0.00    1.17    0.00    0.17    0.33    0.00    0.00   87.50

Linux 2.6.32-431.el6.x86_64 (slave1) 	2019年07月23日 	_x86_64_	(8 CPU)

23时10分20秒  CPU    %usr   %nice    %sys %iowait    %irq   %soft  %steal  %guest   %idle
23时10分21秒  all   59.51    0.00    4.85    0.00    0.13    1.40    0.00    0.00   34.10
平均时间:  all   59.51    0.00    4.85    0.00    0.13    1.40    0.00    0.00   34.10

Linux 2.6.32-431.el6.x86_64 (slave1) 	2019年07月23日 	_x86_64_	(8 CPU)

23时10分24秒  CPU    %usr   %nice    %sys %iowait    %irq   %soft  %steal  %guest   %idle
23时10分25秒  all   16.05    0.00    7.13    0.00    0.00    1.02    0.00    0.00   75.80
平均时间:  all   16.05    0.00    7.13    0.00    0.00    1.02    0.00    0.00   75.80

Linux 2.6.32-431.el6.x86_64 (slave1) 	2019年07月23日 	_x86_64_	(8 CPU)

23时10分28秒  CPU    %usr   %nice    %sys %iowait    %irq   %soft  %steal  %guest   %idle
23时10分29秒  all   23.32    0.00    4.25    0.00    0.00    0.52    0.00    0.00   71.91
平均时间:  all   23.32    0.00    4.25    0.00    0.00    0.52    0.00    0.00   71.91

Linux 2.6.32-431.el6.x86_64 (slave1) 	2019年07月23日 	_x86_64_	(8 CPU)

23时10分32秒  CPU    %usr   %nice    %sys %iowait    %irq   %soft  %steal  %guest   %idle
23时10分33秒  all    3.41    0.00    4.93    0.00    0.00    0.00    0.00    0.00   91.66
平均时间:  all    3.41    0.00    4.93    0.00    0.00    0.00    0.00    0.00   91.66

Linux 2.6.32-431.el6.x86_64 (slave1) 	2019年07月23日 	_x86_64_	(8 CPU)

23时10分36秒  CPU    %usr   %nice    %sys %iowait    %irq   %soft  %steal  %guest   %idle
23时10分37秒  all    0.13    0.00    1.25    0.00    0.00    0.00    0.00    0.00   98.62
平均时间:  all    0.13    0.00    1.25    0.00    0.00    0.00    0.00    0.00   98.62

