
Linux 2.6.32-431.el6.x86_64 (slave2) 	2019年07月23日 	_x86_64_	(8 CPU)

23时07分29秒  CPU    %usr   %nice    %sys %iowait    %irq   %soft  %steal  %guest   %idle
23时07分30秒  all    0.13    0.00    0.13    0.00    0.00    0.00    0.00    0.00   99.75
平均时间:  all    0.13    0.00    0.13    0.00    0.00    0.00    0.00    0.00   99.75

Linux 2.6.32-431.el6.x86_64 (slave2) 	2019年07月23日 	_x86_64_	(8 CPU)

23时07分33秒  CPU    %usr   %nice    %sys %iowait    %irq   %soft  %steal  %guest   %idle
23时07分34秒  all    0.13    0.00    0.00    0.00    0.00    0.00    0.00    0.00   99.87
平均时间:  all    0.13    0.00    0.00    0.00    0.00    0.00    0.00    0.00   99.87

Linux 2.6.32-431.el6.x86_64 (slave2) 	2019年07月23日 	_x86_64_	(8 CPU)

23时07分37秒  CPU    %usr   %nice    %sys %iowait    %irq   %soft  %steal  %guest   %idle
23时07分38秒  all    0.00    0.00    0.00    0.00    0.00    0.00    0.00    0.00  100.00
平均时间:  all    0.00    0.00    0.00    0.00    0.00    0.00    0.00    0.00  100.00

Linux 2.6.32-431.el6.x86_64 (slave2) 	2019年07月23日 	_x86_64_	(8 CPU)

23时07分41秒  CPU    %usr   %nice    %sys %iowait    %irq   %soft  %steal  %guest   %idle
23时07分42秒  all    0.00    0.00    0.00    0.00    0.00    0.00    0.00    0.00  100.00
平均时间:  all    0.00    0.00    0.00    0.00    0.00    0.00    0.00    0.00  100.00

Linux 2.6.32-431.el6.x86_64 (slave2) 	2019年07月23日 	_x86_64_	(8 CPU)

23时07分45秒  CPU    %usr   %nice    %sys %iowait    %irq   %soft  %steal  %guest   %idle
23时07分46秒  all    0.25    0.00    3.82    0.00    0.13    1.27    0.00    0.00   94.53
平均时间:  all    0.25    0.00    3.82    0.00    0.13    1.27    0.00    0.00   94.53

Linux 2.6.32-431.el6.x86_64 (slave2) 	2019年07月23日 	_x86_64_	(8 CPU)

23时07分49秒  CPU    %usr   %nice    %sys %iowait    %irq   %soft  %steal  %guest   %idle
23时07分50秒  all    0.95    0.00    6.64    0.00    0.54   19.65    0.00    0.00   72.22
平均时间:  all    0.95    0.00    6.64    0.00    0.54   19.65    0.00    0.00   72.22

Linux 2.6.32-431.el6.x86_64 (slave2) 	2019年07月23日 	_x86_64_	(8 CPU)

23时07分53秒  CPU    %usr   %nice    %sys %iowait    %irq   %soft  %steal  %guest   %idle
23时07分54秒  all    0.79    0.00    8.40    0.00    0.79   16.40    0.00    0.00   73.62
平均时间:  all    0.79    0.00    8.40    0.00    0.79   16.40    0.00    0.00   73.62

Linux 2.6.32-431.el6.x86_64 (slave2) 	2019年07月23日 	_x86_64_	(8 CPU)

23时07分57秒  CPU    %usr   %nice    %sys %iowait    %irq   %soft  %steal  %guest   %idle
23时07分58秒  all    0.79    0.00    8.43    0.00    0.66   16.21    0.00    0.00   73.91
平均时间:  all    0.79    0.00    8.43    0.00    0.66   16.21    0.00    0.00   73.91

Linux 2.6.32-431.el6.x86_64 (slave2) 	2019年07月23日 	_x86_64_	(8 CPU)

23时08分01秒  CPU    %usr   %nice    %sys %iowait    %irq   %soft  %steal  %guest   %idle
23时08分02秒  all    0.92    0.00    6.46    0.00    0.53   19.89    0.00    0.00   72.20
平均时间:  all    0.92    0.00    6.46    0.00    0.53   19.89    0.00    0.00   72.20

Linux 2.6.32-431.el6.x86_64 (slave2) 	2019年07月23日 	_x86_64_	(8 CPU)

23时08分05秒  CPU    %usr   %nice    %sys %iowait    %irq   %soft  %steal  %guest   %idle
23时08分06秒  all    3.05    0.00   10.09    0.00    0.53   16.07    0.00    0.00   70.25
平均时间:  all    3.05    0.00   10.09    0.00    0.53   16.07    0.00    0.00   70.25

Linux 2.6.32-431.el6.x86_64 (slave2) 	2019年07月23日 	_x86_64_	(8 CPU)

23时08分09秒  CPU    %usr   %nice    %sys %iowait    %irq   %soft  %steal  %guest   %idle
23时08分10秒  all   52.65    0.00   22.97    0.00    0.26   11.87    0.00    0.00   12.26
平均时间:  all   52.65    0.00   22.97    0.00    0.26   11.87    0.00    0.00   12.26

Linux 2.6.32-431.el6.x86_64 (slave2) 	2019年07月23日 	_x86_64_	(8 CPU)

23时08分13秒  CPU    %usr   %nice    %sys %iowait    %irq   %soft  %steal  %guest   %idle
23时08分14秒  all   61.77    0.00   11.01    0.00    0.13    1.01    0.00    0.00   26.08
平均时间:  all   61.77    0.00   11.01    0.00    0.13    1.01    0.00    0.00   26.08

Linux 2.6.32-431.el6.x86_64 (slave2) 	2019年07月23日 	_x86_64_	(8 CPU)

23时08分17秒  CPU    %usr   %nice    %sys %iowait    %irq   %soft  %steal  %guest   %idle
23时08分18秒  all    0.26    0.00    5.81    0.00    0.00    7.23    0.00    0.00   86.71
平均时间:  all    0.26    0.00    5.81    0.00    0.00    7.23    0.00    0.00   86.71

Linux 2.6.32-431.el6.x86_64 (slave2) 	2019年07月23日 	_x86_64_	(8 CPU)

23时08分21秒  CPU    %usr   %nice    %sys %iowait    %irq   %soft  %steal  %guest   %idle
23时08分22秒  all   74.72    0.00   16.56    0.00    0.00    0.13    0.00    0.00    8.60
平均时间:  all   74.72    0.00   16.56    0.00    0.00    0.13    0.00    0.00    8.60

Linux 2.6.32-431.el6.x86_64 (slave2) 	2019年07月23日 	_x86_64_	(8 CPU)

23时08分25秒  CPU    %usr   %nice    %sys %iowait    %irq   %soft  %steal  %guest   %idle
23时08分26秒  all   88.00    0.00   11.12    0.00    0.00    0.00    0.00    0.00    0.88
平均时间:  all   88.00    0.00   11.12    0.00    0.00    0.00    0.00    0.00    0.88

Linux 2.6.32-431.el6.x86_64 (slave2) 	2019年07月23日 	_x86_64_	(8 CPU)

23时08分29秒  CPU    %usr   %nice    %sys %iowait    %irq   %soft  %steal  %guest   %idle
23时08分30秒  all   82.24    0.00   11.21    0.00    0.00    0.13    0.00    0.00    6.42
平均时间:  all   82.24    0.00   11.21    0.00    0.00    0.13    0.00    0.00    6.42

Linux 2.6.32-431.el6.x86_64 (slave2) 	2019年07月23日 	_x86_64_	(8 CPU)

23时08分33秒  CPU    %usr   %nice    %sys %iowait    %irq   %soft  %steal  %guest   %idle
23时08分34秒  all   82.83    0.00   14.04    0.00    0.00    0.88    0.00    0.00    2.26
平均时间:  all   82.83    0.00   14.04    0.00    0.00    0.88    0.00    0.00    2.26

Linux 2.6.32-431.el6.x86_64 (slave2) 	2019年07月23日 	_x86_64_	(8 CPU)

23时08分37秒  CPU    %usr   %nice    %sys %iowait    %irq   %soft  %steal  %guest   %idle
23时08分38秒  all   88.61    0.00   10.51    0.00    0.00    0.13    0.00    0.00    0.75
平均时间:  all   88.61    0.00   10.51    0.00    0.00    0.13    0.00    0.00    0.75

Linux 2.6.32-431.el6.x86_64 (slave2) 	2019年07月23日 	_x86_64_	(8 CPU)

23时08分42秒  CPU    %usr   %nice    %sys %iowait    %irq   %soft  %steal  %guest   %idle
23时08分43秒  all   81.91    0.00   13.44    0.00    0.00    0.75    0.00    0.00    3.89
平均时间:  all   81.91    0.00   13.44    0.00    0.00    0.75    0.00    0.00    3.89

Linux 2.6.32-431.el6.x86_64 (slave2) 	2019年07月23日 	_x86_64_	(8 CPU)

23时08分46秒  CPU    %usr   %nice    %sys %iowait    %irq   %soft  %steal  %guest   %idle
23时08分47秒  all   90.35    0.00    7.39    0.00    0.00    0.13    0.00    0.00    2.13
平均时间:  all   90.35    0.00    7.39    0.00    0.00    0.13    0.00    0.00    2.13

Linux 2.6.32-431.el6.x86_64 (slave2) 	2019年07月23日 	_x86_64_	(8 CPU)

23时08分50秒  CPU    %usr   %nice    %sys %iowait    %irq   %soft  %steal  %guest   %idle
23时08分51秒  all   89.32    0.00    8.54    0.00    0.00    0.00    0.00    0.00    2.14
平均时间:  all   89.32    0.00    8.54    0.00    0.00    0.00    0.00    0.00    2.14

Linux 2.6.32-431.el6.x86_64 (slave2) 	2019年07月23日 	_x86_64_	(8 CPU)

23时08分54秒  CPU    %usr   %nice    %sys %iowait    %irq   %soft  %steal  %guest   %idle
23时08分55秒  all   75.70    0.00   11.65    0.00    0.00    2.03    0.00    0.00   10.63
平均时间:  all   75.70    0.00   11.65    0.00    0.00    2.03    0.00    0.00   10.63

Linux 2.6.32-431.el6.x86_64 (slave2) 	2019年07月23日 	_x86_64_	(8 CPU)

23时08分58秒  CPU    %usr   %nice    %sys %iowait    %irq   %soft  %steal  %guest   %idle
23时08分59秒  all   76.27    0.00    8.25    0.00    0.00    0.38    0.00    0.00   15.10
平均时间:  all   76.27    0.00    8.25    0.00    0.00    0.38    0.00    0.00   15.10

Linux 2.6.32-431.el6.x86_64 (slave2) 	2019年07月23日 	_x86_64_	(8 CPU)

23时09分02秒  CPU    %usr   %nice    %sys %iowait    %irq   %soft  %steal  %guest   %idle
23时09分03秒  all   70.48    0.00   12.85    0.00    0.00    1.02    0.00    0.00   15.65
平均时间:  all   70.48    0.00   12.85    0.00    0.00    1.02    0.00    0.00   15.65

Linux 2.6.32-431.el6.x86_64 (slave2) 	2019年07月23日 	_x86_64_	(8 CPU)

23时09分06秒  CPU    %usr   %nice    %sys %iowait    %irq   %soft  %steal  %guest   %idle
23时09分07秒  all   88.35    0.00    6.14    0.00    0.00    0.13    0.00    0.00    5.39
平均时间:  all   88.35    0.00    6.14    0.00    0.00    0.13    0.00    0.00    5.39

Linux 2.6.32-431.el6.x86_64 (slave2) 	2019年07月23日 	_x86_64_	(8 CPU)

23时09分10秒  CPU    %usr   %nice    %sys %iowait    %irq   %soft  %steal  %guest   %idle
23时09分11秒  all   69.16    0.00   10.41    0.00    0.00    1.27    0.00    0.00   19.16
平均时间:  all   69.16    0.00   10.41    0.00    0.00    1.27    0.00    0.00   19.16

Linux 2.6.32-431.el6.x86_64 (slave2) 	2019年07月23日 	_x86_64_	(8 CPU)

23时09分14秒  CPU    %usr   %nice    %sys %iowait    %irq   %soft  %steal  %guest   %idle
23时09分15秒  all   71.17    0.00    8.55    0.00    0.00    0.13    0.00    0.00   20.15
平均时间:  all   71.17    0.00    8.55    0.00    0.00    0.13    0.00    0.00   20.15

Linux 2.6.32-431.el6.x86_64 (slave2) 	2019年07月23日 	_x86_64_	(8 CPU)

23时09分18秒  CPU    %usr   %nice    %sys %iowait    %irq   %soft  %steal  %guest   %idle
23时09分19秒  all   24.87    0.00    2.41    0.00    0.00    0.13    0.00    0.00   72.59
平均时间:  all   24.87    0.00    2.41    0.00    0.00    0.13    0.00    0.00   72.59

Linux 2.6.32-431.el6.x86_64 (slave2) 	2019年07月23日 	_x86_64_	(8 CPU)

23时09分22秒  CPU    %usr   %nice    %sys %iowait    %irq   %soft  %steal  %guest   %idle
23时09分23秒  all   93.25    0.00    6.00    0.00    0.00    0.00    0.00    0.00    0.75
平均时间:  all   93.25    0.00    6.00    0.00    0.00    0.00    0.00    0.00    0.75

Linux 2.6.32-431.el6.x86_64 (slave2) 	2019年07月23日 	_x86_64_	(8 CPU)

23时09分26秒  CPU    %usr   %nice    %sys %iowait    %irq   %soft  %steal  %guest   %idle
23时09分27秒  all   77.30    0.00   15.38    0.00    0.00    1.26    0.00    0.00    6.05
平均时间:  all   77.30    0.00   15.38    0.00    0.00    1.26    0.00    0.00    6.05

Linux 2.6.32-431.el6.x86_64 (slave2) 	2019年07月23日 	_x86_64_	(8 CPU)

23时09分30秒  CPU    %usr   %nice    %sys %iowait    %irq   %soft  %steal  %guest   %idle
23时09分31秒  all   74.43    0.00   12.15    0.00    0.00    0.63    0.00    0.00   12.78
平均时间:  all   74.43    0.00   12.15    0.00    0.00    0.63    0.00    0.00   12.78

Linux 2.6.32-431.el6.x86_64 (slave2) 	2019年07月23日 	_x86_64_	(8 CPU)

23时09分34秒  CPU    %usr   %nice    %sys %iowait    %irq   %soft  %steal  %guest   %idle
23时09分35秒  all   79.06    0.00   10.15    0.00    0.00    0.25    0.00    0.00   10.53
平均时间:  all   79.06    0.00   10.15    0.00    0.00    0.25    0.00    0.00   10.53

Linux 2.6.32-431.el6.x86_64 (slave2) 	2019年07月23日 	_x86_64_	(8 CPU)

23时09分38秒  CPU    %usr   %nice    %sys %iowait    %irq   %soft  %steal  %guest   %idle
23时09分39秒  all   41.74    0.00    4.87    0.00    0.00    0.77    0.00    0.00   52.62
平均时间:  all   41.74    0.00    4.87    0.00    0.00    0.77    0.00    0.00   52.62

Linux 2.6.32-431.el6.x86_64 (slave2) 	2019年07月23日 	_x86_64_	(8 CPU)

23时09分42秒  CPU    %usr   %nice    %sys %iowait    %irq   %soft  %steal  %guest   %idle
23时09分43秒  all   40.08    0.00    4.45    0.00    0.00    0.89    0.00    0.00   54.58
平均时间:  all   40.08    0.00    4.45    0.00    0.00    0.89    0.00    0.00   54.58

Linux 2.6.32-431.el6.x86_64 (slave2) 	2019年07月23日 	_x86_64_	(8 CPU)

23时09分46秒  CPU    %usr   %nice    %sys %iowait    %irq   %soft  %steal  %guest   %idle
23时09分47秒  all   59.19    0.00    3.17    0.00    0.00    1.39    0.00    0.00   36.25
平均时间:  all   59.19    0.00    3.17    0.00    0.00    1.39    0.00    0.00   36.25

Linux 2.6.32-431.el6.x86_64 (slave2) 	2019年07月23日 	_x86_64_	(8 CPU)

23时09分50秒  CPU    %usr   %nice    %sys %iowait    %irq   %soft  %steal  %guest   %idle
23时09分51秒  all   51.77    0.00    1.89    0.00    0.00    0.88    0.00    0.00   45.45
平均时间:  all   51.77    0.00    1.89    0.00    0.00    0.88    0.00    0.00   45.45

Linux 2.6.32-431.el6.x86_64 (slave2) 	2019年07月23日 	_x86_64_	(8 CPU)

23时09分54秒  CPU    %usr   %nice    %sys %iowait    %irq   %soft  %steal  %guest   %idle
23时09分55秒  all   47.48    0.00    2.14    0.00    0.00    0.25    0.00    0.00   50.13
平均时间:  all   47.48    0.00    2.14    0.00    0.00    0.25    0.00    0.00   50.13

Linux 2.6.32-431.el6.x86_64 (slave2) 	2019年07月23日 	_x86_64_	(8 CPU)

23时09分58秒  CPU    %usr   %nice    %sys %iowait    %irq   %soft  %steal  %guest   %idle
23时09分59秒  all   31.40    0.00    1.39    0.00    0.00    1.13    0.00    0.00   66.08
平均时间:  all   31.40    0.00    1.39    0.00    0.00    1.13    0.00    0.00   66.08

Linux 2.6.32-431.el6.x86_64 (slave2) 	2019年07月23日 	_x86_64_	(8 CPU)

23时10分02秒  CPU    %usr   %nice    %sys %iowait    %irq   %soft  %steal  %guest   %idle
23时10分03秒  all   57.59    0.00    3.92    0.00    0.13    1.52    0.00    0.00   36.84
平均时间:  all   57.59    0.00    3.92    0.00    0.13    1.52    0.00    0.00   36.84

Linux 2.6.32-431.el6.x86_64 (slave2) 	2019年07月23日 	_x86_64_	(8 CPU)

23时10分06秒  CPU    %usr   %nice    %sys %iowait    %irq   %soft  %steal  %guest   %idle
23时10分07秒  all   28.12    0.00    1.26    0.00    0.00    1.13    0.00    0.00   69.48
平均时间:  all   28.12    0.00    1.26    0.00    0.00    1.13    0.00    0.00   69.48

Linux 2.6.32-431.el6.x86_64 (slave2) 	2019年07月23日 	_x86_64_	(8 CPU)

23时10分10秒  CPU    %usr   %nice    %sys %iowait    %irq   %soft  %steal  %guest   %idle
23时10分11秒  all   30.06    0.00    2.64    0.00    0.00    1.26    0.00    0.00   66.04
平均时间:  all   30.06    0.00    2.64    0.00    0.00    1.26    0.00    0.00   66.04

Linux 2.6.32-431.el6.x86_64 (slave2) 	2019年07月23日 	_x86_64_	(8 CPU)

23时10分14秒  CPU    %usr   %nice    %sys %iowait    %irq   %soft  %steal  %guest   %idle
23时10分15秒  all   13.98    0.00    0.25    0.00    0.00    1.13    0.00    0.00   84.63
平均时间:  all   13.98    0.00    0.25    0.00    0.00    1.13    0.00    0.00   84.63

Linux 2.6.32-431.el6.x86_64 (slave2) 	2019年07月23日 	_x86_64_	(8 CPU)

23时10分18秒  CPU    %usr   %nice    %sys %iowait    %irq   %soft  %steal  %guest   %idle
23时10分19秒  all   50.57    0.00    3.05    0.00    0.00    0.38    0.00    0.00   46.00
平均时间:  all   50.57    0.00    3.05    0.00    0.00    0.38    0.00    0.00   46.00

Linux 2.6.32-431.el6.x86_64 (slave2) 	2019年07月23日 	_x86_64_	(8 CPU)

23时10分22秒  CPU    %usr   %nice    %sys %iowait    %irq   %soft  %steal  %guest   %idle
23时10分23秒  all    0.63    0.00    0.13    0.00    0.00    0.00    0.00    0.00   99.25
平均时间:  all    0.63    0.00    0.13    0.00    0.00    0.00    0.00    0.00   99.25

Linux 2.6.32-431.el6.x86_64 (slave2) 	2019年07月23日 	_x86_64_	(8 CPU)

23时10分26秒  CPU    %usr   %nice    %sys %iowait    %irq   %soft  %steal  %guest   %idle
23时10分27秒  all   33.67    0.00    1.51    0.00    0.00    0.13    0.00    0.00   64.69
平均时间:  all   33.67    0.00    1.51    0.00    0.00    0.13    0.00    0.00   64.69

Linux 2.6.32-431.el6.x86_64 (slave2) 	2019年07月23日 	_x86_64_	(8 CPU)

23时10分30秒  CPU    %usr   %nice    %sys %iowait    %irq   %soft  %steal  %guest   %idle
23时10分31秒  all   19.01    0.00    4.08    0.00    0.00    0.89    0.00    0.00   76.02
平均时间:  all   19.01    0.00    4.08    0.00    0.00    0.89    0.00    0.00   76.02

Linux 2.6.32-431.el6.x86_64 (slave2) 	2019年07月23日 	_x86_64_	(8 CPU)

23时10分34秒  CPU    %usr   %nice    %sys %iowait    %irq   %soft  %steal  %guest   %idle
23时10分35秒  all    2.26    0.00    1.01    0.00    0.00    0.00    0.00    0.00   96.73
平均时间:  all    2.26    0.00    1.01    0.00    0.00    0.00    0.00    0.00   96.73

Linux 2.6.32-431.el6.x86_64 (slave2) 	2019年07月23日 	_x86_64_	(8 CPU)
