
2019年 07月 23日 星期二 23:07:30 CST
             total       used       free     shared    buffers     cached
Mem:         15945       9529       6416          0        114       7487
-/+ buffers/cache:       1926      14019
Swap:         8039          0       8039

2019年 07月 23日 星期二 23:07:34 CST
             total       used       free     shared    buffers     cached
Mem:         15945       9528       6416          0        114       7487
-/+ buffers/cache:       1926      14019
Swap:         8039          0       8039

2019年 07月 23日 星期二 23:07:38 CST
             total       used       free     shared    buffers     cached
Mem:         15945       9527       6418          0        114       7487
-/+ buffers/cache:       1924      14020
Swap:         8039          0       8039

2019年 07月 23日 星期二 23:07:42 CST
             total       used       free     shared    buffers     cached
Mem:         15945       9527       6418          0        114       7487
-/+ buffers/cache:       1924      14020
Swap:         8039          0       8039

2019年 07月 23日 星期二 23:07:46 CST
             total       used       free     shared    buffers     cached
Mem:         15945       9572       6372          0        114       7532
-/+ buffers/cache:       1925      14020
Swap:         8039          0       8039

2019年 07月 23日 星期二 23:07:50 CST
             total       used       free     shared    buffers     cached
Mem:         15945       9788       6157          0        114       7746
-/+ buffers/cache:       1927      14018
Swap:         8039          0       8039

2019年 07月 23日 星期二 23:07:54 CST
             total       used       free     shared    buffers     cached
Mem:         15945      10033       5911          0        114       7990
-/+ buffers/cache:       1927      14017
Swap:         8039          0       8039

2019年 07月 23日 星期二 23:07:58 CST
             total       used       free     shared    buffers     cached
Mem:         15945      10304       5641          0        114       8261
-/+ buffers/cache:       1927      14017
Swap:         8039          0       8039

2019年 07月 23日 星期二 23:08:02 CST
             total       used       free     shared    buffers     cached
Mem:         15945      10577       5367          0        114       8536
-/+ buffers/cache:       1926      14018
Swap:         8039          0       8039

2019年 07月 23日 星期二 23:08:06 CST
             total       used       free     shared    buffers     cached
Mem:         15945      10798       5147          0        114       8755
-/+ buffers/cache:       1927      14017
Swap:         8039          0       8039

2019年 07月 23日 星期二 23:08:10 CST
             total       used       free     shared    buffers     cached
Mem:         15945      11270       4675          0        114       8986
-/+ buffers/cache:       2168      13776
Swap:         8039          0       8039

2019年 07月 23日 星期二 23:08:14 CST
             total       used       free     shared    buffers     cached
Mem:         15945      11953       3991          0        114       9105
-/+ buffers/cache:       2732      13212
Swap:         8039          0       8039

2019年 07月 23日 星期二 23:08:18 CST
             total       used       free     shared    buffers     cached
Mem:         15945      12304       3641          0        114       9122
-/+ buffers/cache:       3067      12878
Swap:         8039          0       8039

2019年 07月 23日 星期二 23:08:22 CST
             total       used       free     shared    buffers     cached
Mem:         15945      11536       4409          0        114       9216
-/+ buffers/cache:       2205      13740
Swap:         8039          0       8039

2019年 07月 23日 星期二 23:08:26 CST
             total       used       free     shared    buffers     cached
Mem:         15945      12641       3303          0        114       9401
-/+ buffers/cache:       3125      12820
Swap:         8039          0       8039

2019年 07月 23日 星期二 23:08:30 CST
             total       used       free     shared    buffers     cached
Mem:         15945      13624       2321          0        114       9403
-/+ buffers/cache:       4105      11840
Swap:         8039          0       8039

2019年 07月 23日 星期二 23:08:34 CST
             total       used       free     shared    buffers     cached
Mem:         15945      13749       2196          0        114       9523
-/+ buffers/cache:       4110      11834
Swap:         8039          0       8039

2019年 07月 23日 星期二 23:08:38 CST
             total       used       free     shared    buffers     cached
Mem:         15945      14173       1771          0        114       9737
-/+ buffers/cache:       4321      11624
Swap:         8039          0       8039

2019年 07月 23日 星期二 23:08:43 CST
             total       used       free     shared    buffers     cached
Mem:         15945      13902       2043          0        114       9915
-/+ buffers/cache:       3872      12073
Swap:         8039          0       8039

2019年 07月 23日 星期二 23:08:47 CST
             total       used       free     shared    buffers     cached
Mem:         15945      14417       1528          0        114       9883
-/+ buffers/cache:       4418      11526
Swap:         8039          0       8039

2019年 07月 23日 星期二 23:08:51 CST
             total       used       free     shared    buffers     cached
Mem:         15945      14945       1000          0        114       9884
-/+ buffers/cache:       4946      10999
Swap:         8039          0       8039

2019年 07月 23日 星期二 23:08:55 CST
             total       used       free     shared    buffers     cached
Mem:         15945      15416        529          0        114       9886
-/+ buffers/cache:       5415      10530
Swap:         8039          0       8039

2019年 07月 23日 星期二 23:08:59 CST
             total       used       free     shared    buffers     cached
Mem:         15945      15785        159          0        114       9695
-/+ buffers/cache:       5975       9970
Swap:         8039          0       8039

2019年 07月 23日 星期二 23:09:03 CST
             total       used       free     shared    buffers     cached
Mem:         15945      15404        541          0        114       9676
-/+ buffers/cache:       5612      10333
Swap:         8039          0       8039

2019年 07月 23日 星期二 23:09:07 CST
             total       used       free     shared    buffers     cached
Mem:         15945      14312       1633          0        114       9489
-/+ buffers/cache:       4707      11237
Swap:         8039          0       8039

2019年 07月 23日 星期二 23:09:11 CST
             total       used       free     shared    buffers     cached
Mem:         15945      14834       1111          0        114       9490
-/+ buffers/cache:       5229      10716
Swap:         8039          0       8039

2019年 07月 23日 星期二 23:09:15 CST
             total       used       free     shared    buffers     cached
Mem:         15945      14655       1289          0        114       9496
-/+ buffers/cache:       5043      10901
Swap:         8039          0       8039

2019年 07月 23日 星期二 23:09:19 CST
             total       used       free     shared    buffers     cached
Mem:         15945      14912       1033          0        114       9478
-/+ buffers/cache:       5318      10627
Swap:         8039          0       8039

2019年 07月 23日 星期二 23:09:23 CST
             total       used       free     shared    buffers     cached
Mem:         15945      15446        499          0        114       9300
-/+ buffers/cache:       6030       9915
Swap:         8039          0       8039

2019年 07月 23日 星期二 23:09:27 CST
             total       used       free     shared    buffers     cached
Mem:         15945      14665       1279          0        114       9320
-/+ buffers/cache:       5231      10714
Swap:         8039          0       8039

2019年 07月 23日 星期二 23:09:31 CST
             total       used       free     shared    buffers     cached
Mem:         15945      14098       1846          0        114       9566
-/+ buffers/cache:       4416      11528
Swap:         8039          0       8039

2019年 07月 23日 星期二 23:09:35 CST
             total       used       free     shared    buffers     cached
Mem:         15945      14257       1688          0        114       9315
-/+ buffers/cache:       4826      11118
Swap:         8039          0       8039

2019年 07月 23日 星期二 23:09:39 CST
             total       used       free     shared    buffers     cached
Mem:         15945      13327       2618          0        114       9340
-/+ buffers/cache:       3872      12073
Swap:         8039          0       8039

2019年 07月 23日 星期二 23:09:43 CST
             total       used       free     shared    buffers     cached
Mem:         15945      13494       2451          0        114       9229
-/+ buffers/cache:       4149      11795
Swap:         8039          0       8039

2019年 07月 23日 星期二 23:09:47 CST
             total       used       free     shared    buffers     cached
Mem:         15945      13813       2132          0        114       9253
-/+ buffers/cache:       4444      11500
Swap:         8039          0       8039

2019年 07月 23日 星期二 23:09:51 CST
             total       used       free     shared    buffers     cached
Mem:         15945      13888       2057          0        114       9265
-/+ buffers/cache:       4507      11437
Swap:         8039          0       8039

2019年 07月 23日 星期二 23:09:55 CST
             total       used       free     shared    buffers     cached
Mem:         15945      13950       1995          0        114       9276
-/+ buffers/cache:       4558      11386
Swap:         8039          0       8039

2019年 07月 23日 星期二 23:09:59 CST
             total       used       free     shared    buffers     cached
Mem:         15945      14002       1942          0        114       9278
-/+ buffers/cache:       4609      11335
Swap:         8039          0       8039

2019年 07月 23日 星期二 23:10:03 CST
             total       used       free     shared    buffers     cached
Mem:         15945      14152       1793          0        114       9307
-/+ buffers/cache:       4730      11215
Swap:         8039          0       8039

2019年 07月 23日 星期二 23:10:07 CST
             total       used       free     shared    buffers     cached
Mem:         15945      12769       3175          0        114       9319
-/+ buffers/cache:       3335      12609
Swap:         8039          0       8039

2019年 07月 23日 星期二 23:10:11 CST
             total       used       free     shared    buffers     cached
Mem:         15945      12609       3336          0        114       9135
-/+ buffers/cache:       3358      12586
Swap:         8039          0       8039

2019年 07月 23日 星期二 23:10:15 CST
             total       used       free     shared    buffers     cached
Mem:         15945      12634       3310          0        115       9138
-/+ buffers/cache:       3381      12564
Swap:         8039          0       8039

2019年 07月 23日 星期二 23:10:19 CST
             total       used       free     shared    buffers     cached
Mem:         15945      12695       3250          0        115       9146
-/+ buffers/cache:       3433      12511
Swap:         8039          0       8039

2019年 07月 23日 星期二 23:10:23 CST
             total       used       free     shared    buffers     cached
Mem:         15945      12795       3150          0        115       9181
-/+ buffers/cache:       3499      12446
Swap:         8039          0       8039

2019年 07月 23日 星期二 23:10:27 CST
             total       used       free     shared    buffers     cached
Mem:         15945      11995       3950          0        115       9173
-/+ buffers/cache:       2706      13239
Swap:         8039          0       8039

2019年 07月 23日 星期二 23:10:31 CST
             total       used       free     shared    buffers     cached
Mem:         15945      11877       4068          0        115       9025
-/+ buffers/cache:       2736      13209
Swap:         8039          0       8039

2019年 07月 23日 星期二 23:10:35 CST
             total       used       free     shared    buffers     cached
Mem:         15945      11075       4870          0        115       9018
-/+ buffers/cache:       1941      14004
Swap:         8039          0       8039

