
2019年 07月 23日 星期二 23:07:29 CST
             total       used       free     shared    buffers     cached
Mem:         15945       9490       6454          0        107       7443
-/+ buffers/cache:       1939      14005
Swap:         8039          0       8039

2019年 07月 23日 星期二 23:07:33 CST
             total       used       free     shared    buffers     cached
Mem:         15945       9497       6447          0        107       7443
-/+ buffers/cache:       1947      13998
Swap:         8039          0       8039

2019年 07月 23日 星期二 23:07:37 CST
             total       used       free     shared    buffers     cached
Mem:         15945       9489       6456          0        107       7443
-/+ buffers/cache:       1938      14007
Swap:         8039          0       8039

2019年 07月 23日 星期二 23:07:41 CST
             total       used       free     shared    buffers     cached
Mem:         15945       9489       6456          0        107       7443
-/+ buffers/cache:       1938      14007
Swap:         8039          0       8039

2019年 07月 23日 星期二 23:07:45 CST
             total       used       free     shared    buffers     cached
Mem:         15945       9507       6438          0        107       7461
-/+ buffers/cache:       1937      14008
Swap:         8039          0       8039

2019年 07月 23日 星期二 23:07:49 CST
             total       used       free     shared    buffers     cached
Mem:         15945       9724       6220          0        107       7651
-/+ buffers/cache:       1965      13979
Swap:         8039          0       8039

2019年 07月 23日 星期二 23:07:53 CST
             total       used       free     shared    buffers     cached
Mem:         15945      10195       5749          0        107       7946
-/+ buffers/cache:       2141      13803
Swap:         8039          0       8039

2019年 07月 23日 星期二 23:07:57 CST
             total       used       free     shared    buffers     cached
Mem:         15945      10920       5025          0        107       8254
-/+ buffers/cache:       2558      13387
Swap:         8039          0       8039

2019年 07月 23日 星期二 23:08:01 CST
             total       used       free     shared    buffers     cached
Mem:         15945      11575       4369          0        107       8551
-/+ buffers/cache:       2916      13029
Swap:         8039          0       8039

2019年 07月 23日 星期二 23:08:05 CST
             total       used       free     shared    buffers     cached
Mem:         15945      12211       3733          0        107       8831
-/+ buffers/cache:       3271      12673
Swap:         8039          0       8039

2019年 07月 23日 星期二 23:08:09 CST
             total       used       free     shared    buffers     cached
Mem:         15945      12876       3068          0        107       9169
-/+ buffers/cache:       3599      12346
Swap:         8039          0       8039

2019年 07月 23日 星期二 23:08:13 CST
             total       used       free     shared    buffers     cached
Mem:         15945      13467       2477          0        107       9351
-/+ buffers/cache:       4008      11937
Swap:         8039          0       8039

2019年 07月 23日 星期二 23:08:17 CST
             total       used       free     shared    buffers     cached
Mem:         15945      13859       2085          0        107       9379
-/+ buffers/cache:       4372      11573
Swap:         8039          0       8039

2019年 07月 23日 星期二 23:08:21 CST
             total       used       free     shared    buffers     cached
Mem:         15945      14413       1531          0        107       9381
-/+ buffers/cache:       4924      11021
Swap:         8039          0       8039

2019年 07月 23日 星期二 23:08:25 CST
             total       used       free     shared    buffers     cached
Mem:         15945      13927       2017          0        107       9380
-/+ buffers/cache:       4439      11506
Swap:         8039          0       8039

2019年 07月 23日 星期二 23:08:29 CST
             total       used       free     shared    buffers     cached
Mem:         15945      14437       1508          0        107       9363
-/+ buffers/cache:       4966      10979
Swap:         8039          0       8039

2019年 07月 23日 星期二 23:08:33 CST
             total       used       free     shared    buffers     cached
Mem:         15945      13850       2094          0        107       9455
-/+ buffers/cache:       4286      11658
Swap:         8039          0       8039

2019年 07月 23日 星期二 23:08:37 CST
             total       used       free     shared    buffers     cached
Mem:         15945      14566       1379          0        107       9550
-/+ buffers/cache:       4907      11037
Swap:         8039          0       8039

2019年 07月 23日 星期二 23:08:42 CST
             total       used       free     shared    buffers     cached
Mem:         15945      14218       1727          0        107       9657
-/+ buffers/cache:       4452      11493
Swap:         8039          0       8039

2019年 07月 23日 星期二 23:08:46 CST
             total       used       free     shared    buffers     cached
Mem:         15945      14706       1239          0        107       9827
-/+ buffers/cache:       4770      11174
Swap:         8039          0       8039

2019年 07月 23日 星期二 23:08:50 CST
             total       used       free     shared    buffers     cached
Mem:         15945      15182        762          0        107       9843
-/+ buffers/cache:       5231      10714
Swap:         8039          0       8039

2019年 07月 23日 星期二 23:08:54 CST
             total       used       free     shared    buffers     cached
Mem:         15945      15587        357          0        107       9846
-/+ buffers/cache:       5633      10311
Swap:         8039          0       8039

2019年 07月 23日 星期二 23:08:58 CST
             total       used       free     shared    buffers     cached
Mem:         15945      15796        149          0        107       9659
-/+ buffers/cache:       6028       9917
Swap:         8039          0       8039

2019年 07月 23日 星期二 23:09:02 CST
             total       used       free     shared    buffers     cached
Mem:         15945      14532       1412          0        107       9419
-/+ buffers/cache:       5005      10940
Swap:         8039          0       8039

2019年 07月 23日 星期二 23:09:06 CST
             total       used       free     shared    buffers     cached
Mem:         15945      14756       1188          0        107       9776
-/+ buffers/cache:       4872      11073
Swap:         8039          0       8039

2019年 07月 23日 星期二 23:09:10 CST
             total       used       free     shared    buffers     cached
Mem:         15945      15198        747          0        108       9595
-/+ buffers/cache:       5494      10450
Swap:         8039          0       8039

2019年 07月 23日 星期二 23:09:14 CST
             total       used       free     shared    buffers     cached
Mem:         15945      15065        879          0        108       9599
-/+ buffers/cache:       5358      10587
Swap:         8039          0       8039

2019年 07月 23日 星期二 23:09:18 CST
             total       used       free     shared    buffers     cached
Mem:         15945      14262       1682          0        108       9578
-/+ buffers/cache:       4575      11369
Swap:         8039          0       8039

2019年 07月 23日 星期二 23:09:22 CST
             total       used       free     shared    buffers     cached
Mem:         15945      14881       1064          0        108       9770
-/+ buffers/cache:       5003      10942
Swap:         8039          0       8039

2019年 07月 23日 星期二 23:09:26 CST
             total       used       free     shared    buffers     cached
Mem:         15945      15420        525          0        108       9792
-/+ buffers/cache:       5519      10426
Swap:         8039          0       8039

2019年 07月 23日 星期二 23:09:30 CST
             total       used       free     shared    buffers     cached
Mem:         15945      13297       2647          0        108       9430
-/+ buffers/cache:       3759      12186
Swap:         8039          0       8039

2019年 07月 23日 星期二 23:09:34 CST
             total       used       free     shared    buffers     cached
Mem:         15945      14016       1929          0        108       9433
-/+ buffers/cache:       4474      11470
Swap:         8039          0       8039

2019年 07月 23日 星期二 23:09:38 CST
             total       used       free     shared    buffers     cached
Mem:         15945      14394       1550          0        108       9499
-/+ buffers/cache:       4787      11158
Swap:         8039          0       8039

2019年 07月 23日 星期二 23:09:42 CST
             total       used       free     shared    buffers     cached
Mem:         15945      14958        986          0        108       9370
-/+ buffers/cache:       5480      10465
Swap:         8039          0       8039

2019年 07月 23日 星期二 23:09:46 CST
             total       used       free     shared    buffers     cached
Mem:         15945      15685        259          0        108       9446
-/+ buffers/cache:       6131       9814
Swap:         8039          0       8039

2019年 07月 23日 星期二 23:09:50 CST
             total       used       free     shared    buffers     cached
Mem:         15945      15791        153          0        108       9384
-/+ buffers/cache:       6298       9646
Swap:         8039          0       8039

2019年 07月 23日 星期二 23:09:54 CST
             total       used       free     shared    buffers     cached
Mem:         15945      15765        180          0        108       9251
-/+ buffers/cache:       6405       9540
Swap:         8039          0       8039

2019年 07月 23日 星期二 23:09:58 CST
             total       used       free     shared    buffers     cached
Mem:         15945      15767        178          0        107       9176
-/+ buffers/cache:       6482       9463
Swap:         8039          0       8039

2019年 07月 23日 星期二 23:10:02 CST
             total       used       free     shared    buffers     cached
Mem:         15945      15771        173          0        107       9071
-/+ buffers/cache:       6591       9353
Swap:         8039          0       8039

2019年 07月 23日 星期二 23:10:06 CST
             total       used       free     shared    buffers     cached
Mem:         15945      14313       1631          0        107       9022
-/+ buffers/cache:       5183      10762
Swap:         8039          0       8039

2019年 07月 23日 星期二 23:10:11 CST
             total       used       free     shared    buffers     cached
Mem:         15945      14426       1519          0        107       9094
-/+ buffers/cache:       5223      10722
Swap:         8039          0       8039

2019年 07月 23日 星期二 23:10:17 CST
             total       used       free     shared    buffers     cached
Mem:         15945      14301       1644          0        107       8947
-/+ buffers/cache:       5245      10700
Swap:         8039          0       8039

2019年 07月 23日 星期二 23:10:21 CST
             total       used       free     shared    buffers     cached
Mem:         15945      14471       1474          0        107       9030
-/+ buffers/cache:       5333      10612
Swap:         8039          0       8039

2019年 07月 23日 星期二 23:10:25 CST
             total       used       free     shared    buffers     cached
Mem:         15945      12433       3511          0        107       9075
-/+ buffers/cache:       3250      12695
Swap:         8039          0       8039

2019年 07月 23日 星期二 23:10:29 CST
             total       used       free     shared    buffers     cached
Mem:         15945      12323       3622          0        107       8906
-/+ buffers/cache:       3308      12636
Swap:         8039          0       8039

2019年 07月 23日 星期二 23:10:33 CST
             total       used       free     shared    buffers     cached
Mem:         15945      10996       4949          0        108       8923
-/+ buffers/cache:       1964      13980
Swap:         8039          0       8039

2019年 07月 23日 星期二 23:10:37 CST
             total       used       free     shared    buffers     cached
Mem:         15945      10810       5135          0        108       8738
-/+ buffers/cache:       1963      13981
Swap:         8039          0       8039

