
Linux 2.6.32-431.el6.x86_64 (slave2) 	2019年07月24日 	_x86_64_	(8 CPU)

05时12分49秒  CPU    %usr   %nice    %sys %iowait    %irq   %soft  %steal  %guest   %idle
05时12分50秒  all    0.00    0.00    0.00    0.00    0.00    0.00    0.00    0.00  100.00
平均时间:  all    0.00    0.00    0.00    0.00    0.00    0.00    0.00    0.00  100.00

Linux 2.6.32-431.el6.x86_64 (slave2) 	2019年07月24日 	_x86_64_	(8 CPU)

05时12分53秒  CPU    %usr   %nice    %sys %iowait    %irq   %soft  %steal  %guest   %idle
05时12分54秒  all    0.13    0.00    0.00    0.00    0.00    0.00    0.00    0.00   99.87
平均时间:  all    0.13    0.00    0.00    0.00    0.00    0.00    0.00    0.00   99.87

Linux 2.6.32-431.el6.x86_64 (slave2) 	2019年07月24日 	_x86_64_	(8 CPU)

05时12分57秒  CPU    %usr   %nice    %sys %iowait    %irq   %soft  %steal  %guest   %idle
05时12分58秒  all    0.00    0.00    0.00    0.00    0.00    0.00    0.00    0.00  100.00
平均时间:  all    0.00    0.00    0.00    0.00    0.00    0.00    0.00    0.00  100.00

Linux 2.6.32-431.el6.x86_64 (slave2) 	2019年07月24日 	_x86_64_	(8 CPU)

05时13分01秒  CPU    %usr   %nice    %sys %iowait    %irq   %soft  %steal  %guest   %idle
05时13分02秒  all    0.13    0.00    0.00    0.00    0.00    0.00    0.00    0.00   99.87
平均时间:  all    0.13    0.00    0.00    0.00    0.00    0.00    0.00    0.00   99.87

Linux 2.6.32-431.el6.x86_64 (slave2) 	2019年07月24日 	_x86_64_	(8 CPU)

05时13分05秒  CPU    %usr   %nice    %sys %iowait    %irq   %soft  %steal  %guest   %idle
05时13分06秒  all    4.70    0.00    3.94    0.00    0.00    0.64    0.00    0.00   90.72
平均时间:  all    4.70    0.00    3.94    0.00    0.00    0.64    0.00    0.00   90.72

Linux 2.6.32-431.el6.x86_64 (slave2) 	2019年07月24日 	_x86_64_	(8 CPU)

05时13分09秒  CPU    %usr   %nice    %sys %iowait    %irq   %soft  %steal  %guest   %idle
05时13分10秒  all    0.80    0.00    9.15    0.00    0.53   14.59    0.00    0.00   74.93
平均时间:  all    0.80    0.00    9.15    0.00    0.53   14.59    0.00    0.00   74.93

Linux 2.6.32-431.el6.x86_64 (slave2) 	2019年07月24日 	_x86_64_	(8 CPU)

05时13分13秒  CPU    %usr   %nice    %sys %iowait    %irq   %soft  %steal  %guest   %idle
05时13分14秒  all    5.89    0.00   12.32    0.00    0.80   13.79    0.00    0.00   67.20
平均时间:  all    5.89    0.00   12.32    0.00    0.80   13.79    0.00    0.00   67.20

Linux 2.6.32-431.el6.x86_64 (slave2) 	2019年07月24日 	_x86_64_	(8 CPU)

05时13分17秒  CPU    %usr   %nice    %sys %iowait    %irq   %soft  %steal  %guest   %idle
05时13分18秒  all   61.23    0.00   22.98    0.00    0.26   10.14    0.00    0.00    5.39
平均时间:  all   61.23    0.00   22.98    0.00    0.26   10.14    0.00    0.00    5.39

Linux 2.6.32-431.el6.x86_64 (slave2) 	2019年07月24日 	_x86_64_	(8 CPU)

05时13分21秒  CPU    %usr   %nice    %sys %iowait    %irq   %soft  %steal  %guest   %idle
05时13分22秒  all   75.78    0.00   17.48    0.00    0.25    6.37    0.00    0.00    0.12
平均时间:  all   75.78    0.00   17.48    0.00    0.25    6.37    0.00    0.00    0.12

Linux 2.6.32-431.el6.x86_64 (slave2) 	2019年07月24日 	_x86_64_	(8 CPU)

05时13分25秒  CPU    %usr   %nice    %sys %iowait    %irq   %soft  %steal  %guest   %idle
05时13分26秒  all   76.48    0.00   14.97    0.00    0.25    8.30    0.00    0.00    0.00
平均时间:  all   76.48    0.00   14.97    0.00    0.25    8.30    0.00    0.00    0.00

Linux 2.6.32-431.el6.x86_64 (slave2) 	2019年07月24日 	_x86_64_	(8 CPU)

05时13分29秒  CPU    %usr   %nice    %sys %iowait    %irq   %soft  %steal  %guest   %idle
05时13分30秒  all   85.25    0.00   12.75    0.00    0.12    1.88    0.00    0.00    0.00
平均时间:  all   85.25    0.00   12.75    0.00    0.12    1.88    0.00    0.00    0.00

Linux 2.6.32-431.el6.x86_64 (slave2) 	2019年07月24日 	_x86_64_	(8 CPU)

05时13分33秒  CPU    %usr   %nice    %sys %iowait    %irq   %soft  %steal  %guest   %idle
05时13分34秒  all   94.12    0.00    5.75    0.00    0.00    0.12    0.00    0.00    0.00
平均时间:  all   94.12    0.00    5.75    0.00    0.00    0.12    0.00    0.00    0.00

Linux 2.6.32-431.el6.x86_64 (slave2) 	2019年07月24日 	_x86_64_	(8 CPU)

05时13分37秒  CPU    %usr   %nice    %sys %iowait    %irq   %soft  %steal  %guest   %idle
05时13分38秒  all   83.46    0.00   15.17    0.00    0.00    1.24    0.00    0.00    0.12
平均时间:  all   83.46    0.00   15.17    0.00    0.00    1.24    0.00    0.00    0.12

Linux 2.6.32-431.el6.x86_64 (slave2) 	2019年07月24日 	_x86_64_	(8 CPU)

05时13分41秒  CPU    %usr   %nice    %sys %iowait    %irq   %soft  %steal  %guest   %idle
05时13分42秒  all   63.21    0.00    7.82    0.00    0.00    0.13    0.00    0.00   28.85
平均时间:  all   63.21    0.00    7.82    0.00    0.00    0.13    0.00    0.00   28.85

Linux 2.6.32-431.el6.x86_64 (slave2) 	2019年07月24日 	_x86_64_	(8 CPU)

05时13分45秒  CPU    %usr   %nice    %sys %iowait    %irq   %soft  %steal  %guest   %idle
05时13分46秒  all   16.30    0.00    4.62    0.00    0.00    0.00    0.00    0.00   79.08
平均时间:  all   16.30    0.00    4.62    0.00    0.00    0.00    0.00    0.00   79.08

Linux 2.6.32-431.el6.x86_64 (slave2) 	2019年07月24日 	_x86_64_	(8 CPU)

05时13分49秒  CPU    %usr   %nice    %sys %iowait    %irq   %soft  %steal  %guest   %idle
05时13分50秒  all   43.92    0.00    7.55    0.00    0.00    0.00    0.00    0.00   48.53
平均时间:  all   43.92    0.00    7.55    0.00    0.00    0.00    0.00    0.00   48.53

Linux 2.6.32-431.el6.x86_64 (slave2) 	2019年07月24日 	_x86_64_	(8 CPU)

05时13分53秒  CPU    %usr   %nice    %sys %iowait    %irq   %soft  %steal  %guest   %idle
05时13分54秒  all   51.97    0.00    5.35    0.00    0.00    0.00    0.00    0.00   42.68
平均时间:  all   51.97    0.00    5.35    0.00    0.00    0.00    0.00    0.00   42.68

Linux 2.6.32-431.el6.x86_64 (slave2) 	2019年07月24日 	_x86_64_	(8 CPU)

05时13分57秒  CPU    %usr   %nice    %sys %iowait    %irq   %soft  %steal  %guest   %idle
05时13分58秒  all   67.64    0.00   10.19    0.00    0.00    0.38    0.00    0.00   21.78
平均时间:  all   67.64    0.00   10.19    0.00    0.00    0.38    0.00    0.00   21.78

Linux 2.6.32-431.el6.x86_64 (slave2) 	2019年07月24日 	_x86_64_	(8 CPU)

05时14分01秒  CPU    %usr   %nice    %sys %iowait    %irq   %soft  %steal  %guest   %idle
05时14分02秒  all   70.15    0.00    7.53    0.00    0.00    0.00    0.00    0.00   22.32
平均时间:  all   70.15    0.00    7.53    0.00    0.00    0.00    0.00    0.00   22.32

Linux 2.6.32-431.el6.x86_64 (slave2) 	2019年07月24日 	_x86_64_	(8 CPU)

05时14分05秒  CPU    %usr   %nice    %sys %iowait    %irq   %soft  %steal  %guest   %idle
05时14分06秒  all   49.49    0.00    9.31    0.00    0.00    0.51    0.00    0.00   40.69
平均时间:  all   49.49    0.00    9.31    0.00    0.00    0.51    0.00    0.00   40.69

Linux 2.6.32-431.el6.x86_64 (slave2) 	2019年07月24日 	_x86_64_	(8 CPU)

05时14分09秒  CPU    %usr   %nice    %sys %iowait    %irq   %soft  %steal  %guest   %idle
05时14分10秒  all   40.90    0.00    4.36    0.00    0.00    0.00    0.00    0.00   54.74
平均时间:  all   40.90    0.00    4.36    0.00    0.00    0.00    0.00    0.00   54.74

Linux 2.6.32-431.el6.x86_64 (slave2) 	2019年07月24日 	_x86_64_	(8 CPU)

05时14分13秒  CPU    %usr   %nice    %sys %iowait    %irq   %soft  %steal  %guest   %idle
05时14分14秒  all   66.67    0.00    6.51    0.00    0.00    0.00    0.00    0.00   26.82
平均时间:  all   66.67    0.00    6.51    0.00    0.00    0.00    0.00    0.00   26.82

Linux 2.6.32-431.el6.x86_64 (slave2) 	2019年07月24日 	_x86_64_	(8 CPU)

05时14分17秒  CPU    %usr   %nice    %sys %iowait    %irq   %soft  %steal  %guest   %idle
05时14分18秒  all   45.43    0.00   10.42    0.00    0.00    0.00    0.00    0.00   44.14
平均时间:  all   45.43    0.00   10.42    0.00    0.00    0.00    0.00    0.00   44.14

Linux 2.6.32-431.el6.x86_64 (slave2) 	2019年07月24日 	_x86_64_	(8 CPU)

05时14分21秒  CPU    %usr   %nice    %sys %iowait    %irq   %soft  %steal  %guest   %idle
05时14分22秒  all   75.79    0.00   12.93    0.00    0.00    0.00    0.00    0.00   11.28
平均时间:  all   75.79    0.00   12.93    0.00    0.00    0.00    0.00    0.00   11.28

Linux 2.6.32-431.el6.x86_64 (slave2) 	2019年07月24日 	_x86_64_	(8 CPU)

05时14分26秒  CPU    %usr   %nice    %sys %iowait    %irq   %soft  %steal  %guest   %idle
05时14分27秒  all   52.32    0.00    6.57    0.00    0.00    0.13    0.00    0.00   40.98
平均时间:  all   52.32    0.00    6.57    0.00    0.00    0.13    0.00    0.00   40.98

Linux 2.6.32-431.el6.x86_64 (slave2) 	2019年07月24日 	_x86_64_	(8 CPU)

05时14分30秒  CPU    %usr   %nice    %sys %iowait    %irq   %soft  %steal  %guest   %idle
05时14分31秒  all   80.35    0.00   13.22    0.00    0.00    0.13    0.00    0.00    6.30
平均时间:  all   80.35    0.00   13.22    0.00    0.00    0.13    0.00    0.00    6.30

Linux 2.6.32-431.el6.x86_64 (slave2) 	2019年07月24日 	_x86_64_	(8 CPU)

05时14分34秒  CPU    %usr   %nice    %sys %iowait    %irq   %soft  %steal  %guest   %idle
05时14分35秒  all   67.64    0.00    8.76    0.00    0.00    0.51    0.00    0.00   23.10
平均时间:  all   67.64    0.00    8.76    0.00    0.00    0.51    0.00    0.00   23.10

Linux 2.6.32-431.el6.x86_64 (slave2) 	2019年07月24日 	_x86_64_	(8 CPU)

05时14分38秒  CPU    %usr   %nice    %sys %iowait    %irq   %soft  %steal  %guest   %idle
05时14分39秒  all   83.79    0.00    9.17    0.00    0.00    0.38    0.00    0.00    6.66
平均时间:  all   83.79    0.00    9.17    0.00    0.00    0.38    0.00    0.00    6.66

Linux 2.6.32-431.el6.x86_64 (slave2) 	2019年07月24日 	_x86_64_	(8 CPU)

05时14分42秒  CPU    %usr   %nice    %sys %iowait    %irq   %soft  %steal  %guest   %idle
05时14分43秒  all   78.45    0.00   10.78    0.00    0.13    1.63    0.00    0.00    9.02
平均时间:  all   78.45    0.00   10.78    0.00    0.13    1.63    0.00    0.00    9.02

Linux 2.6.32-431.el6.x86_64 (slave2) 	2019年07月24日 	_x86_64_	(8 CPU)

05时14分46秒  CPU    %usr   %nice    %sys %iowait    %irq   %soft  %steal  %guest   %idle
05时14分47秒  all   94.25    0.00    5.50    0.00    0.00    0.25    0.00    0.00    0.00
平均时间:  all   94.25    0.00    5.50    0.00    0.00    0.25    0.00    0.00    0.00

Linux 2.6.32-431.el6.x86_64 (slave2) 	2019年07月24日 	_x86_64_	(8 CPU)

05时14分50秒  CPU    %usr   %nice    %sys %iowait    %irq   %soft  %steal  %guest   %idle
05时14分51秒  all   80.38    0.00   14.47    0.00    0.13    3.52    0.00    0.00    1.51
平均时间:  all   80.38    0.00   14.47    0.00    0.13    3.52    0.00    0.00    1.51

Linux 2.6.32-431.el6.x86_64 (slave2) 	2019年07月24日 	_x86_64_	(8 CPU)

05时14分54秒  CPU    %usr   %nice    %sys %iowait    %irq   %soft  %steal  %guest   %idle
05时14分55秒  all   80.81    0.00   13.26    0.13    0.00    5.81    0.00    0.00    0.00
平均时间:  all   80.81    0.00   13.26    0.13    0.00    5.81    0.00    0.00    0.00

Linux 2.6.32-431.el6.x86_64 (slave2) 	2019年07月24日 	_x86_64_	(8 CPU)

05时14分58秒  CPU    %usr   %nice    %sys %iowait    %irq   %soft  %steal  %guest   %idle
05时14分59秒  all   71.96    0.00   17.90    0.00    0.25    9.64    0.00    0.00    0.25
平均时间:  all   71.96    0.00   17.90    0.00    0.25    9.64    0.00    0.00    0.25

Linux 2.6.32-431.el6.x86_64 (slave2) 	2019年07月24日 	_x86_64_	(8 CPU)

05时15分02秒  CPU    %usr   %nice    %sys %iowait    %irq   %soft  %steal  %guest   %idle
05时15分03秒  all   72.10    0.00   19.70    0.00    0.25    7.83    0.00    0.00    0.13
平均时间:  all   72.10    0.00   19.70    0.00    0.25    7.83    0.00    0.00    0.13

Linux 2.6.32-431.el6.x86_64 (slave2) 	2019年07月24日 	_x86_64_	(8 CPU)

05时15分06秒  CPU    %usr   %nice    %sys %iowait    %irq   %soft  %steal  %guest   %idle
05时15分07秒  all   65.24    0.00   21.46    0.00    0.13   13.17    0.00    0.00    0.00
平均时间:  all   65.24    0.00   21.46    0.00    0.13   13.17    0.00    0.00    0.00

Linux 2.6.32-431.el6.x86_64 (slave2) 	2019年07月24日 	_x86_64_	(8 CPU)

05时15分10秒  CPU    %usr   %nice    %sys %iowait    %irq   %soft  %steal  %guest   %idle
05时15分11秒  all   76.71    0.00   15.44    0.00    0.25    7.47    0.00    0.00    0.13
平均时间:  all   76.71    0.00   15.44    0.00    0.25    7.47    0.00    0.00    0.13

Linux 2.6.32-431.el6.x86_64 (slave2) 	2019年07月24日 	_x86_64_	(8 CPU)

05时15分14秒  CPU    %usr   %nice    %sys %iowait    %irq   %soft  %steal  %guest   %idle
05时15分15秒  all   89.02    0.00    6.44    0.00    0.00    1.01    0.00    0.00    3.54
平均时间:  all   89.02    0.00    6.44    0.00    0.00    1.01    0.00    0.00    3.54

Linux 2.6.32-431.el6.x86_64 (slave2) 	2019年07月24日 	_x86_64_	(8 CPU)

05时15分18秒  CPU    %usr   %nice    %sys %iowait    %irq   %soft  %steal  %guest   %idle
05时15分19秒  all   95.01    0.00    4.61    0.00    0.00    0.25    0.00    0.00    0.12
平均时间:  all   95.01    0.00    4.61    0.00    0.00    0.25    0.00    0.00    0.12

Linux 2.6.32-431.el6.x86_64 (slave2) 	2019年07月24日 	_x86_64_	(8 CPU)

05时15分22秒  CPU    %usr   %nice    %sys %iowait    %irq   %soft  %steal  %guest   %idle
05时15分23秒  all   80.35    0.00    7.35    0.00    0.00    1.01    0.00    0.00   11.28
平均时间:  all   80.35    0.00    7.35    0.00    0.00    1.01    0.00    0.00   11.28

Linux 2.6.32-431.el6.x86_64 (slave2) 	2019年07月24日 	_x86_64_	(8 CPU)

05时15分26秒  CPU    %usr   %nice    %sys %iowait    %irq   %soft  %steal  %guest   %idle
05时15分27秒  all   87.92    0.00    8.30    0.00    0.00    1.89    0.00    0.00    1.89
平均时间:  all   87.92    0.00    8.30    0.00    0.00    1.89    0.00    0.00    1.89

Linux 2.6.32-431.el6.x86_64 (slave2) 	2019年07月24日 	_x86_64_	(8 CPU)

05时15分30秒  CPU    %usr   %nice    %sys %iowait    %irq   %soft  %steal  %guest   %idle
05时15分31秒  all   28.72    0.00    8.22    0.00    0.00    1.31    0.00    0.00   61.75
平均时间:  all   28.72    0.00    8.22    0.00    0.00    1.31    0.00    0.00   61.75

Linux 2.6.32-431.el6.x86_64 (slave2) 	2019年07月24日 	_x86_64_	(8 CPU)

05时15分34秒  CPU    %usr   %nice    %sys %iowait    %irq   %soft  %steal  %guest   %idle
05时15分35秒  all   26.74    0.00    5.32    0.00    0.00    0.00    0.00    0.00   67.93
平均时间:  all   26.74    0.00    5.32    0.00    0.00    0.00    0.00    0.00   67.93

Linux 2.6.32-431.el6.x86_64 (slave2) 	2019年07月24日 	_x86_64_	(8 CPU)

05时15分38秒  CPU    %usr   %nice    %sys %iowait    %irq   %soft  %steal  %guest   %idle
05时15分39秒  all   76.81    0.00    8.49    0.00    0.00    0.00    0.00    0.00   14.70
平均时间:  all   76.81    0.00    8.49    0.00    0.00    0.00    0.00    0.00   14.70

Linux 2.6.32-431.el6.x86_64 (slave2) 	2019年07月24日 	_x86_64_	(8 CPU)

05时15分42秒  CPU    %usr   %nice    %sys %iowait    %irq   %soft  %steal  %guest   %idle
05时15分43秒  all   85.09    0.00   11.90    0.00    0.13    0.13    0.00    0.00    2.76
平均时间:  all   85.09    0.00   11.90    0.00    0.13    0.13    0.00    0.00    2.76

Linux 2.6.32-431.el6.x86_64 (slave2) 	2019年07月24日 	_x86_64_	(8 CPU)

05时15分47秒  CPU    %usr   %nice    %sys %iowait    %irq   %soft  %steal  %guest   %idle
05时15分48秒  all   93.50    0.00    6.50    0.00    0.00    0.00    0.00    0.00    0.00
平均时间:  all   93.50    0.00    6.50    0.00    0.00    0.00    0.00    0.00    0.00

Linux 2.6.32-431.el6.x86_64 (slave2) 	2019年07月24日 	_x86_64_	(8 CPU)

05时15分51秒  CPU    %usr   %nice    %sys %iowait    %irq   %soft  %steal  %guest   %idle
05时15分52秒  all   30.45    0.00    4.20    0.00    0.00    0.13    0.00    0.00   65.22
平均时间:  all   30.45    0.00    4.20    0.00    0.00    0.13    0.00    0.00   65.22

Linux 2.6.32-431.el6.x86_64 (slave2) 	2019年07月24日 	_x86_64_	(8 CPU)

05时15分55秒  CPU    %usr   %nice    %sys %iowait    %irq   %soft  %steal  %guest   %idle
05时15分56秒  all   23.36    0.00    1.64    0.00    0.00    0.00    0.00    0.00   75.00
平均时间:  all   23.36    0.00    1.64    0.00    0.00    0.00    0.00    0.00   75.00

Linux 2.6.32-431.el6.x86_64 (slave2) 	2019年07月24日 	_x86_64_	(8 CPU)

05时15分59秒  CPU    %usr   %nice    %sys %iowait    %irq   %soft  %steal  %guest   %idle
05时16分00秒  all    2.28    0.00    1.52    0.00    0.00    0.00    0.00    0.00   96.21
平均时间:  all    2.28    0.00    1.52    0.00    0.00    0.00    0.00    0.00   96.21

Linux 2.6.32-431.el6.x86_64 (slave2) 	2019年07月24日 	_x86_64_	(8 CPU)

05时16分03秒  CPU    %usr   %nice    %sys %iowait    %irq   %soft  %steal  %guest   %idle
05时16分04秒  all   59.36    0.00   12.36    0.00    0.00    3.18    0.00    0.00   25.10
平均时间:  all   59.36    0.00   12.36    0.00    0.00    3.18    0.00    0.00   25.10

Linux 2.6.32-431.el6.x86_64 (slave2) 	2019年07月24日 	_x86_64_	(8 CPU)

05时16分07秒  CPU    %usr   %nice    %sys %iowait    %irq   %soft  %steal  %guest   %idle
05时16分08秒  all   29.28    0.00    3.45    0.00    0.00    0.13    0.00    0.00   67.14
平均时间:  all   29.28    0.00    3.45    0.00    0.00    0.13    0.00    0.00   67.14

Linux 2.6.32-431.el6.x86_64 (slave2) 	2019年07月24日 	_x86_64_	(8 CPU)

05时16分11秒  CPU    %usr   %nice    %sys %iowait    %irq   %soft  %steal  %guest   %idle
05时16分12秒  all   85.26    0.00    8.94    0.00    0.00    0.00    0.00    0.00    5.79
平均时间:  all   85.26    0.00    8.94    0.00    0.00    0.00    0.00    0.00    5.79

Linux 2.6.32-431.el6.x86_64 (slave2) 	2019年07月24日 	_x86_64_	(8 CPU)

05时16分15秒  CPU    %usr   %nice    %sys %iowait    %irq   %soft  %steal  %guest   %idle
05时16分16秒  all   80.68    0.00    9.60    0.00    0.13    0.88    0.00    0.00    8.71
平均时间:  all   80.68    0.00    9.60    0.00    0.13    0.88    0.00    0.00    8.71

Linux 2.6.32-431.el6.x86_64 (slave2) 	2019年07月24日 	_x86_64_	(8 CPU)

05时16分19秒  CPU    %usr   %nice    %sys %iowait    %irq   %soft  %steal  %guest   %idle
05时16分20秒  all   71.95    0.00    5.58    0.00    0.00    1.02    0.00    0.00   21.45
平均时间:  all   71.95    0.00    5.58    0.00    0.00    1.02    0.00    0.00   21.45

Linux 2.6.32-431.el6.x86_64 (slave2) 	2019年07月24日 	_x86_64_	(8 CPU)

05时16分23秒  CPU    %usr   %nice    %sys %iowait    %irq   %soft  %steal  %guest   %idle
05时16分24秒  all   55.26    0.00    3.30    0.00    0.00    1.77    0.00    0.00   39.67
平均时间:  all   55.26    0.00    3.30    0.00    0.00    1.77    0.00    0.00   39.67

Linux 2.6.32-431.el6.x86_64 (slave2) 	2019年07月24日 	_x86_64_	(8 CPU)

05时16分27秒  CPU    %usr   %nice    %sys %iowait    %irq   %soft  %steal  %guest   %idle
05时16分28秒  all   80.43    0.00    4.55    0.00    0.00    0.88    0.00    0.00   14.14
平均时间:  all   80.43    0.00    4.55    0.00    0.00    0.88    0.00    0.00   14.14

Linux 2.6.32-431.el6.x86_64 (slave2) 	2019年07月24日 	_x86_64_	(8 CPU)

05时16分31秒  CPU    %usr   %nice    %sys %iowait    %irq   %soft  %steal  %guest   %idle
05时16分32秒  all   54.88    0.00    4.18    0.00    0.00    2.92    0.00    0.00   38.02
平均时间:  all   54.88    0.00    4.18    0.00    0.00    2.92    0.00    0.00   38.02

Linux 2.6.32-431.el6.x86_64 (slave2) 	2019年07月24日 	_x86_64_	(8 CPU)

05时16分35秒  CPU    %usr   %nice    %sys %iowait    %irq   %soft  %steal  %guest   %idle
05时16分36秒  all   53.22    0.00    2.40    0.00    0.00    1.39    0.00    0.00   42.98
平均时间:  all   53.22    0.00    2.40    0.00    0.00    1.39    0.00    0.00   42.98

Linux 2.6.32-431.el6.x86_64 (slave2) 	2019年07月24日 	_x86_64_	(8 CPU)

05时16分39秒  CPU    %usr   %nice    %sys %iowait    %irq   %soft  %steal  %guest   %idle
05时16分40秒  all   44.53    0.00    2.29    0.00    0.00    1.53    0.00    0.00   51.65
平均时间:  all   44.53    0.00    2.29    0.00    0.00    1.53    0.00    0.00   51.65

Linux 2.6.32-431.el6.x86_64 (slave2) 	2019年07月24日 	_x86_64_	(8 CPU)

05时16分43秒  CPU    %usr   %nice    %sys %iowait    %irq   %soft  %steal  %guest   %idle
05时16分44秒  all   95.99    0.00    2.51    0.00    0.00    0.00    0.00    0.00    1.50
平均时间:  all   95.99    0.00    2.51    0.00    0.00    0.00    0.00    0.00    1.50

Linux 2.6.32-431.el6.x86_64 (slave2) 	2019年07月24日 	_x86_64_	(8 CPU)

05时16分47秒  CPU    %usr   %nice    %sys %iowait    %irq   %soft  %steal  %guest   %idle
05时16分48秒  all   10.34    0.00    8.68    0.00    0.00    0.00    0.00    0.00   80.97
平均时间:  all   10.34    0.00    8.68    0.00    0.00    0.00    0.00    0.00   80.97

Linux 2.6.32-431.el6.x86_64 (slave2) 	2019年07月24日 	_x86_64_	(8 CPU)

05时16分51秒  CPU    %usr   %nice    %sys %iowait    %irq   %soft  %steal  %guest   %idle
05时16分52秒  all   89.71    0.00    7.90    0.00    0.00    0.00    0.00    0.00    2.38
平均时间:  all   89.71    0.00    7.90    0.00    0.00    0.00    0.00    0.00    2.38

Linux 2.6.32-431.el6.x86_64 (slave2) 	2019年07月24日 	_x86_64_	(8 CPU)

05时16分55秒  CPU    %usr   %nice    %sys %iowait    %irq   %soft  %steal  %guest   %idle
05时16分56秒  all   70.66    0.00   13.14    0.00    0.13    0.77    0.00    0.00   15.31
平均时间:  all   70.66    0.00   13.14    0.00    0.13    0.77    0.00    0.00   15.31

Linux 2.6.32-431.el6.x86_64 (slave2) 	2019年07月24日 	_x86_64_	(8 CPU)

05时16分59秒  CPU    %usr   %nice    %sys %iowait    %irq   %soft  %steal  %guest   %idle
05时17分00秒  all   86.51    0.00    6.81    0.00    0.00    0.13    0.00    0.00    6.56
平均时间:  all   86.51    0.00    6.81    0.00    0.00    0.13    0.00    0.00    6.56

Linux 2.6.32-431.el6.x86_64 (slave2) 	2019年07月24日 	_x86_64_	(8 CPU)

05时17分03秒  CPU    %usr   %nice    %sys %iowait    %irq   %soft  %steal  %guest   %idle
05时17分04秒  all   91.48    0.00    7.27    0.00    0.00    0.13    0.00    0.00    1.13
平均时间:  all   91.48    0.00    7.27    0.00    0.00    0.13    0.00    0.00    1.13

Linux 2.6.32-431.el6.x86_64 (slave2) 	2019年07月24日 	_x86_64_	(8 CPU)

05时17分07秒  CPU    %usr   %nice    %sys %iowait    %irq   %soft  %steal  %guest   %idle
05时17分08秒  all   78.51    0.00   14.29    0.00    0.00    0.25    0.00    0.00    6.95
平均时间:  all   78.51    0.00   14.29    0.00    0.00    0.25    0.00    0.00    6.95

Linux 2.6.32-431.el6.x86_64 (slave2) 	2019年07月24日 	_x86_64_	(8 CPU)

05时17分11秒  CPU    %usr   %nice    %sys %iowait    %irq   %soft  %steal  %guest   %idle
05时17分12秒  all   85.41    0.00    7.30    0.00    0.00    0.13    0.00    0.00    7.17
平均时间:  all   85.41    0.00    7.30    0.00    0.00    0.13    0.00    0.00    7.17

Linux 2.6.32-431.el6.x86_64 (slave2) 	2019年07月24日 	_x86_64_	(8 CPU)

05时17分15秒  CPU    %usr   %nice    %sys %iowait    %irq   %soft  %steal  %guest   %idle
05时17分16秒  all   86.40    0.00    7.56    0.00    0.00    0.13    0.00    0.00    5.92
平均时间:  all   86.40    0.00    7.56    0.00    0.00    0.13    0.00    0.00    5.92

Linux 2.6.32-431.el6.x86_64 (slave2) 	2019年07月24日 	_x86_64_	(8 CPU)

05时17分19秒  CPU    %usr   %nice    %sys %iowait    %irq   %soft  %steal  %guest   %idle
05时17分20秒  all   92.99    0.00    6.13    0.00    0.00    0.13    0.00    0.00    0.75
平均时间:  all   92.99    0.00    6.13    0.00    0.00    0.13    0.00    0.00    0.75

Linux 2.6.32-431.el6.x86_64 (slave2) 	2019年07月24日 	_x86_64_	(8 CPU)

05时17分23秒  CPU    %usr   %nice    %sys %iowait    %irq   %soft  %steal  %guest   %idle
05时17分24秒  all   63.44    0.00   11.46    0.00    0.00    2.55    0.00    0.00   22.55
平均时间:  all   63.44    0.00   11.46    0.00    0.00    2.55    0.00    0.00   22.55

Linux 2.6.32-431.el6.x86_64 (slave2) 	2019年07月24日 	_x86_64_	(8 CPU)

05时17分27秒  CPU    %usr   %nice    %sys %iowait    %irq   %soft  %steal  %guest   %idle
05时17分28秒  all    1.01    0.00    0.63    0.00    0.00    0.13    0.00    0.00   98.24
平均时间:  all    1.01    0.00    0.63    0.00    0.00    0.13    0.00    0.00   98.24

Linux 2.6.32-431.el6.x86_64 (slave2) 	2019年07月24日 	_x86_64_	(8 CPU)

05时17分31秒  CPU    %usr   %nice    %sys %iowait    %irq   %soft  %steal  %guest   %idle
05时17分32秒  all    7.42    0.00    1.51    0.00    0.00    0.00    0.00    0.00   91.07
平均时间:  all    7.42    0.00    1.51    0.00    0.00    0.00    0.00    0.00   91.07

Linux 2.6.32-431.el6.x86_64 (slave2) 	2019年07月24日 	_x86_64_	(8 CPU)

05时17分35秒  CPU    %usr   %nice    %sys %iowait    %irq   %soft  %steal  %guest   %idle
05时17分36秒  all   43.57    0.00    5.48    0.00    0.00    0.00    0.00    0.00   50.96
平均时间:  all   43.57    0.00    5.48    0.00    0.00    0.00    0.00    0.00   50.96

Linux 2.6.32-431.el6.x86_64 (slave2) 	2019年07月24日 	_x86_64_	(8 CPU)

05时17分40秒  CPU    %usr   %nice    %sys %iowait    %irq   %soft  %steal  %guest   %idle
05时17分41秒  all   30.76    0.00    2.41    0.00    0.00    0.51    0.00    0.00   66.33
平均时间:  all   30.76    0.00    2.41    0.00    0.00    0.51    0.00    0.00   66.33

Linux 2.6.32-431.el6.x86_64 (slave2) 	2019年07月24日 	_x86_64_	(8 CPU)

05时17分44秒  CPU    %usr   %nice    %sys %iowait    %irq   %soft  %steal  %guest   %idle
05时17分45秒  all   17.68    0.00    1.64    0.00    0.00    0.00    0.00    0.00   80.68
平均时间:  all   17.68    0.00    1.64    0.00    0.00    0.00    0.00    0.00   80.68

Linux 2.6.32-431.el6.x86_64 (slave2) 	2019年07月24日 	_x86_64_	(8 CPU)

05时17分48秒  CPU    %usr   %nice    %sys %iowait    %irq   %soft  %steal  %guest   %idle
05时17分49秒  all    4.82    0.00    0.51    0.00    0.00    0.00    0.00    0.00   94.67
平均时间:  all    4.82    0.00    0.51    0.00    0.00    0.00    0.00    0.00   94.67

Linux 2.6.32-431.el6.x86_64 (slave2) 	2019年07月24日 	_x86_64_	(8 CPU)

05时17分52秒  CPU    %usr   %nice    %sys %iowait    %irq   %soft  %steal  %guest   %idle
05时17分53秒  all    4.04    0.00    1.52    0.00    0.00    0.00    0.00    0.00   94.44
平均时间:  all    4.04    0.00    1.52    0.00    0.00    0.00    0.00    0.00   94.44

Linux 2.6.32-431.el6.x86_64 (slave2) 	2019年07月24日 	_x86_64_	(8 CPU)

05时17分56秒  CPU    %usr   %nice    %sys %iowait    %irq   %soft  %steal  %guest   %idle
05时17分57秒  all    3.91    0.00    1.26    0.00    0.00    0.00    0.00    0.00   94.82
平均时间:  all    3.91    0.00    1.26    0.00    0.00    0.00    0.00    0.00   94.82

Linux 2.6.32-431.el6.x86_64 (slave2) 	2019年07月24日 	_x86_64_	(8 CPU)

05时18分00秒  CPU    %usr   %nice    %sys %iowait    %irq   %soft  %steal  %guest   %idle
05时18分01秒  all    3.80    0.00    0.76    0.00    0.00    0.00    0.00    0.00   95.44
平均时间:  all    3.80    0.00    0.76    0.00    0.00    0.00    0.00    0.00   95.44

Linux 2.6.32-431.el6.x86_64 (slave2) 	2019年07月24日 	_x86_64_	(8 CPU)

05时18分04秒  CPU    %usr   %nice    %sys %iowait    %irq   %soft  %steal  %guest   %idle
05时18分05秒  all    4.42    0.00    1.64    0.00    0.00    0.00    0.00    0.00   93.94
平均时间:  all    4.42    0.00    1.64    0.00    0.00    0.00    0.00    0.00   93.94

Linux 2.6.32-431.el6.x86_64 (slave2) 	2019年07月24日 	_x86_64_	(8 CPU)

05时18分08秒  CPU    %usr   %nice    %sys %iowait    %irq   %soft  %steal  %guest   %idle
05时18分09秒  all    4.68    0.00    1.39    0.00    0.00    0.00    0.00    0.00   93.93
平均时间:  all    4.68    0.00    1.39    0.00    0.00    0.00    0.00    0.00   93.93

Linux 2.6.32-431.el6.x86_64 (slave2) 	2019年07月24日 	_x86_64_	(8 CPU)

05时18分12秒  CPU    %usr   %nice    %sys %iowait    %irq   %soft  %steal  %guest   %idle
05时18分13秒  all    0.13    0.00    0.13    0.00    0.00    0.00    0.00    0.00   99.75
平均时间:  all    0.13    0.00    0.13    0.00    0.00    0.00    0.00    0.00   99.75

Linux 2.6.32-431.el6.x86_64 (slave2) 	2019年07月24日 	_x86_64_	(8 CPU)

05时18分16秒  CPU    %usr   %nice    %sys %iowait    %irq   %soft  %steal  %guest   %idle
05时18分17秒  all    0.00    0.00    0.00    0.00    0.00    0.00    0.00    0.00  100.00
平均时间:  all    0.00    0.00    0.00    0.00    0.00    0.00    0.00    0.00  100.00

Linux 2.6.32-431.el6.x86_64 (slave2) 	2019年07月24日 	_x86_64_	(8 CPU)

05时18分20秒  CPU    %usr   %nice    %sys %iowait    %irq   %soft  %steal  %guest   %idle
05时18分21秒  all    0.00    0.00    0.00    0.00    0.00    0.00    0.00    0.00  100.00
平均时间:  all    0.00    0.00    0.00    0.00    0.00    0.00    0.00    0.00  100.00

Linux 2.6.32-431.el6.x86_64 (slave2) 	2019年07月24日 	_x86_64_	(8 CPU)

05时18分24秒  CPU    %usr   %nice    %sys %iowait    %irq   %soft  %steal  %guest   %idle
05时18分25秒  all    0.00    0.00    0.13    0.00    0.00    0.00    0.00    0.00   99.87
平均时间:  all    0.00    0.00    0.13    0.00    0.00    0.00    0.00    0.00   99.87

Linux 2.6.32-431.el6.x86_64 (slave2) 	2019年07月24日 	_x86_64_	(8 CPU)

05时18分28秒  CPU    %usr   %nice    %sys %iowait    %irq   %soft  %steal  %guest   %idle
05时18分29秒  all    0.00    0.00    0.00    0.00    0.00    0.00    0.00    0.00  100.00
平均时间:  all    0.00    0.00    0.00    0.00    0.00    0.00    0.00    0.00  100.00

Linux 2.6.32-431.el6.x86_64 (slave2) 	2019年07月24日 	_x86_64_	(8 CPU)

05时18分32秒  CPU    %usr   %nice    %sys %iowait    %irq   %soft  %steal  %guest   %idle
05时18分33秒  all    0.00    0.00    0.00    0.00    0.00    0.00    0.00    0.00  100.00
平均时间:  all    0.00    0.00    0.00    0.00    0.00    0.00    0.00    0.00  100.00

Linux 2.6.32-431.el6.x86_64 (slave2) 	2019年07月24日 	_x86_64_	(8 CPU)

05时18分36秒  CPU    %usr   %nice    %sys %iowait    %irq   %soft  %steal  %guest   %idle
05时18分37秒  all    0.13    0.00    1.01    0.00    0.00    0.00    0.00    0.00   98.86
平均时间:  all    0.13    0.00    1.01    0.00    0.00    0.00    0.00    0.00   98.86

Linux 2.6.32-431.el6.x86_64 (slave2) 	2019年07月24日 	_x86_64_	(8 CPU)

05时18分40秒  CPU    %usr   %nice    %sys %iowait    %irq   %soft  %steal  %guest   %idle
05时18分41秒  all    0.13    0.00    0.51    0.00    0.00    0.00    0.00    0.00   99.37
平均时间:  all    0.13    0.00    0.51    0.00    0.00    0.00    0.00    0.00   99.37

Linux 2.6.32-431.el6.x86_64 (slave2) 	2019年07月24日 	_x86_64_	(8 CPU)

05时18分44秒  CPU    %usr   %nice    %sys %iowait    %irq   %soft  %steal  %guest   %idle
05时18分45秒  all    0.00    0.00    1.13    0.00    0.00    0.00    0.00    0.00   98.87
平均时间:  all    0.00    0.00    1.13    0.00    0.00    0.00    0.00    0.00   98.87

Linux 2.6.32-431.el6.x86_64 (slave2) 	2019年07月24日 	_x86_64_	(8 CPU)
