
2019年 07月 24日 星期三 05:12:49 CST
             total       used       free     shared    buffers     cached
Mem:         15945      11198       4747          0         51       9207
-/+ buffers/cache:       1939      14006
Swap:         8039          0       8039

2019年 07月 24日 星期三 05:12:53 CST
             total       used       free     shared    buffers     cached
Mem:         15945      11198       4747          0         51       9207
-/+ buffers/cache:       1939      14006
Swap:         8039          0       8039

2019年 07月 24日 星期三 05:12:57 CST
             total       used       free     shared    buffers     cached
Mem:         15945      11198       4747          0         51       9207
-/+ buffers/cache:       1939      14006
Swap:         8039          0       8039

2019年 07月 24日 星期三 05:13:01 CST
             total       used       free     shared    buffers     cached
Mem:         15945      11198       4747          0         51       9207
-/+ buffers/cache:       1939      14006
Swap:         8039          0       8039

2019年 07月 24日 星期三 05:13:05 CST
             total       used       free     shared    buffers     cached
Mem:         15945      11197       4747          0         51       9207
-/+ buffers/cache:       1938      14006
Swap:         8039          0       8039

2019年 07月 24日 星期三 05:13:09 CST
             total       used       free     shared    buffers     cached
Mem:         15945      11343       4601          0         51       9354
-/+ buffers/cache:       1938      14007
Swap:         8039          0       8039

2019年 07月 24日 星期三 05:13:13 CST
             total       used       free     shared    buffers     cached
Mem:         15945      11671       4273          0         51       9643
-/+ buffers/cache:       1977      13968
Swap:         8039          0       8039

2019年 07月 24日 星期三 05:13:17 CST
             total       used       free     shared    buffers     cached
Mem:         15945      12042       3902          0         51       9892
-/+ buffers/cache:       2099      13846
Swap:         8039          0       8039

2019年 07月 24日 星期三 05:13:21 CST
             total       used       free     shared    buffers     cached
Mem:         15945      12445       3500          0         51      10141
-/+ buffers/cache:       2252      13692
Swap:         8039          0       8039

2019年 07月 24日 星期三 05:13:25 CST
             total       used       free     shared    buffers     cached
Mem:         15945      12797       3148          0         51      10369
-/+ buffers/cache:       2376      13568
Swap:         8039          0       8039

2019年 07月 24日 星期三 05:13:29 CST
             total       used       free     shared    buffers     cached
Mem:         15945      13550       2395          0         51      10737
-/+ buffers/cache:       2761      13184
Swap:         8039          0       8039

2019年 07月 24日 星期三 05:13:33 CST
             total       used       free     shared    buffers     cached
Mem:         15945      14293       1652          0         51      10861
-/+ buffers/cache:       3380      12564
Swap:         8039          0       8039

2019年 07月 24日 星期三 05:13:37 CST
             total       used       free     shared    buffers     cached
Mem:         15945      14739       1206          0         51      10893
-/+ buffers/cache:       3794      12150
Swap:         8039          0       8039

2019年 07月 24日 星期三 05:13:41 CST
             total       used       free     shared    buffers     cached
Mem:         15945      15526        418          0         51      10901
-/+ buffers/cache:       4573      11372
Swap:         8039          0       8039

2019年 07月 24日 星期三 05:13:45 CST
             total       used       free     shared    buffers     cached
Mem:         15945      14424       1521          0         51      10476
-/+ buffers/cache:       3896      12049
Swap:         8039          0       8039

2019年 07月 24日 星期三 05:13:49 CST
             total       used       free     shared    buffers     cached
Mem:         15945      13759       2186          0         51      10513
-/+ buffers/cache:       3194      12750
Swap:         8039          0       8039

2019年 07月 24日 星期三 05:13:53 CST
             total       used       free     shared    buffers     cached
Mem:         15945      14167       1777          0         51      10513
-/+ buffers/cache:       3602      12342
Swap:         8039          0       8039

2019年 07月 24日 星期三 05:13:57 CST
             total       used       free     shared    buffers     cached
Mem:         15945      15510        434          0         51      10514
-/+ buffers/cache:       4944      11000
Swap:         8039          0       8039

2019年 07月 24日 星期三 05:14:01 CST
             total       used       free     shared    buffers     cached
Mem:         15945      13641       2303          0         51      10254
-/+ buffers/cache:       3335      12609
Swap:         8039          0       8039

2019年 07月 24日 星期三 05:14:05 CST
             total       used       free     shared    buffers     cached
Mem:         15945      14442       1502          0         51      10770
-/+ buffers/cache:       3621      12324
Swap:         8039          0       8039

2019年 07月 24日 星期三 05:14:09 CST
             total       used       free     shared    buffers     cached
Mem:         15945      15324        620          0         51      11108
-/+ buffers/cache:       4165      11780
Swap:         8039          0       8039

2019年 07月 24日 星期三 05:14:13 CST
             total       used       free     shared    buffers     cached
Mem:         15945      15764        181          0         51      11125
-/+ buffers/cache:       4587      11357
Swap:         8039          0       8039

2019年 07月 24日 星期三 05:14:17 CST
             total       used       free     shared    buffers     cached
Mem:         15945      15764        181          0         51      10765
-/+ buffers/cache:       4947      10998
Swap:         8039          0       8039

2019年 07月 24日 星期三 05:14:21 CST
             total       used       free     shared    buffers     cached
Mem:         15945      15294        651          0         51      10481
-/+ buffers/cache:       4762      11183
Swap:         8039          0       8039

2019年 07月 24日 星期三 05:14:25 CST
             total       used       free     shared    buffers     cached
Mem:         15945      15556        388          0         51      10482
-/+ buffers/cache:       5023      10922
Swap:         8039          0       8039

2019年 07月 24日 星期三 05:14:29 CST
             total       used       free     shared    buffers     cached
Mem:         15945      15791        153          0         51      10412
-/+ buffers/cache:       5327      10617
Swap:         8039          0       8039

2019年 07月 24日 星期三 05:14:33 CST
             total       used       free     shared    buffers     cached
Mem:         15945      15779        165          0         51      10170
-/+ buffers/cache:       5558      10387
Swap:         8039          0       8039

2019年 07月 24日 星期三 05:14:37 CST
             total       used       free     shared    buffers     cached
Mem:         15945      15784        160          0         51      10109
-/+ buffers/cache:       5623      10321
Swap:         8039          0       8039

2019年 07月 24日 星期三 05:14:42 CST
             total       used       free     shared    buffers     cached
Mem:         15945      14660       1285          0         51      10108
-/+ buffers/cache:       4500      11444
Swap:         8039          0       8039

2019年 07月 24日 星期三 05:14:46 CST
             total       used       free     shared    buffers     cached
Mem:         15945      15032        913          0         51      10070
-/+ buffers/cache:       4910      11035
Swap:         8039          0       8039

2019年 07月 24日 星期三 05:14:50 CST
             total       used       free     shared    buffers     cached
Mem:         15945      15298        647          0         51      10089
-/+ buffers/cache:       5157      10787
Swap:         8039          0       8039

2019年 07月 24日 星期三 05:14:54 CST
             total       used       free     shared    buffers     cached
Mem:         15945      15772        173          0         51       9795
-/+ buffers/cache:       5925      10019
Swap:         8039          0       8039

2019年 07月 24日 星期三 05:14:58 CST
             total       used       free     shared    buffers     cached
Mem:         15945      15778        166          0         50       9400
-/+ buffers/cache:       6327       9617
Swap:         8039          0       8039

2019年 07月 24日 星期三 05:15:02 CST
             total       used       free     shared    buffers     cached
Mem:         15945      15772        172          0         50       9335
-/+ buffers/cache:       6386       9558
Swap:         8039          0       8039

2019年 07月 24日 星期三 05:15:06 CST
             total       used       free     shared    buffers     cached
Mem:         15945      15021        923          0         50       9473
-/+ buffers/cache:       5497      10448
Swap:         8039          0       8039

2019年 07月 24日 星期三 05:15:10 CST
             total       used       free     shared    buffers     cached
Mem:         15945      15484        460          0         50       9577
-/+ buffers/cache:       5856      10089
Swap:         8039          0       8039

2019年 07月 24日 星期三 05:15:14 CST
             total       used       free     shared    buffers     cached
Mem:         15945      15793        151          0         50       9160
-/+ buffers/cache:       6582       9362
Swap:         8039          0       8039

2019年 07月 24日 星期三 05:15:18 CST
             total       used       free     shared    buffers     cached
Mem:         15945      15778        167          0         50       8810
-/+ buffers/cache:       6916       9028
Swap:         8039          0       8039

2019年 07月 24日 星期三 05:15:22 CST
             total       used       free     shared    buffers     cached
Mem:         15945      15780        165          0         50       8767
-/+ buffers/cache:       6962       8983
Swap:         8039          0       8039

2019年 07月 24日 星期三 05:15:26 CST
             total       used       free     shared    buffers     cached
Mem:         15945      13325       2620          0         50       8616
-/+ buffers/cache:       4658      11287
Swap:         8039          0       8039

2019年 07月 24日 星期三 05:15:30 CST
             total       used       free     shared    buffers     cached
Mem:         15945      13820       2125          0         50       8622
-/+ buffers/cache:       5146      10798
Swap:         8039          0       8039

2019年 07月 24日 星期三 05:15:34 CST
             total       used       free     shared    buffers     cached
Mem:         15945      12259       3685          0         50       8426
-/+ buffers/cache:       3782      12163
Swap:         8039          0       8039

2019年 07月 24日 星期三 05:15:38 CST
             total       used       free     shared    buffers     cached
Mem:         15945      13029       2916          0         50       8510
-/+ buffers/cache:       4468      11477
Swap:         8039          0       8039

2019年 07月 24日 星期三 05:15:42 CST
             total       used       free     shared    buffers     cached
Mem:         15945      13483       2461          0         50       8596
-/+ buffers/cache:       4836      11108
Swap:         8039          0       8039

2019年 07月 24日 星期三 05:15:46 CST
             total       used       free     shared    buffers     cached
Mem:         15945      13952       1993          0         50       8712
-/+ buffers/cache:       5188      10756
Swap:         8039          0       8039

2019年 07月 24日 星期三 05:15:50 CST
             total       used       free     shared    buffers     cached
Mem:         15945      14265       1680          0         50       8779
-/+ buffers/cache:       5434      10510
Swap:         8039          0       8039

2019年 07月 24日 星期三 05:15:54 CST
             total       used       free     shared    buffers     cached
Mem:         15945      14560       1385          0         50       8898
-/+ buffers/cache:       5611      10334
Swap:         8039          0       8039

2019年 07月 24日 星期三 05:15:58 CST
             total       used       free     shared    buffers     cached
Mem:         15945      14244       1700          0         50       8983
-/+ buffers/cache:       5210      10735
Swap:         8039          0       8039

2019年 07月 24日 星期三 05:16:02 CST
             total       used       free     shared    buffers     cached
Mem:         15945      14622       1323          0         50       9278
-/+ buffers/cache:       5292      10652
Swap:         8039          0       8039

2019年 07月 24日 星期三 05:16:06 CST
             total       used       free     shared    buffers     cached
Mem:         15945      15019        925          0         50       9337
-/+ buffers/cache:       5632      10313
Swap:         8039          0       8039

2019年 07月 24日 星期三 05:16:10 CST
             total       used       free     shared    buffers     cached
Mem:         15945      15340        605          0         50       9396
-/+ buffers/cache:       5893      10052
Swap:         8039          0       8039

2019年 07月 24日 星期三 05:16:14 CST
             total       used       free     shared    buffers     cached
Mem:         15945      15651        293          0         50       9438
-/+ buffers/cache:       6162       9783
Swap:         8039          0       8039

2019年 07月 24日 星期三 05:16:18 CST
             total       used       free     shared    buffers     cached
Mem:         15945      15776        168          0         50       9237
-/+ buffers/cache:       6488       9457
Swap:         8039          0       8039

2019年 07月 24日 星期三 05:16:22 CST
             total       used       free     shared    buffers     cached
Mem:         15945      13599       2346          0         50       9124
-/+ buffers/cache:       4424      11521
Swap:         8039          0       8039

2019年 07月 24日 星期三 05:16:26 CST
             total       used       free     shared    buffers     cached
Mem:         15945      14134       1811          0         50       8966
-/+ buffers/cache:       5116      10828
Swap:         8039          0       8039

2019年 07月 24日 星期三 05:16:30 CST
             total       used       free     shared    buffers     cached
Mem:         15945      15148        796          0         50       9028
-/+ buffers/cache:       6068       9876
Swap:         8039          0       8039

2019年 07月 24日 星期三 05:16:34 CST
             total       used       free     shared    buffers     cached
Mem:         15945      13772       2173          0         50       9087
-/+ buffers/cache:       4634      11311
Swap:         8039          0       8039

2019年 07月 24日 星期三 05:16:38 CST
             total       used       free     shared    buffers     cached
Mem:         15945      14084       1861          0         50       8994
-/+ buffers/cache:       5038      10907
Swap:         8039          0       8039

2019年 07月 24日 星期三 05:16:43 CST
             total       used       free     shared    buffers     cached
Mem:         15945      15150        794          0         50       9075
-/+ buffers/cache:       6024       9921
Swap:         8039          0       8039

2019年 07月 24日 星期三 05:16:47 CST
             total       used       free     shared    buffers     cached
Mem:         15945      14219       1725          0         50       9086
-/+ buffers/cache:       5082      10863
Swap:         8039          0       8039

2019年 07月 24日 星期三 05:16:51 CST
             total       used       free     shared    buffers     cached
Mem:         15945      13679       2266          0         50       8916
-/+ buffers/cache:       4711      11234
Swap:         8039          0       8039

2019年 07月 24日 星期三 05:16:55 CST
             total       used       free     shared    buffers     cached
Mem:         15945      14198       1746          0         50       8950
-/+ buffers/cache:       5197      10748
Swap:         8039          0       8039

2019年 07月 24日 星期三 05:16:59 CST
             total       used       free     shared    buffers     cached
Mem:         15945      13553       2391          0         50       8960
-/+ buffers/cache:       4542      11403
Swap:         8039          0       8039

2019年 07月 24日 星期三 05:17:03 CST
             total       used       free     shared    buffers     cached
Mem:         15945      14187       1757          0         50       8927
-/+ buffers/cache:       5209      10736
Swap:         8039          0       8039

2019年 07月 24日 星期三 05:17:07 CST
             total       used       free     shared    buffers     cached
Mem:         15945      13172       2773          0         50       8961
-/+ buffers/cache:       4160      11785
Swap:         8039          0       8039

2019年 07月 24日 星期三 05:17:11 CST
             total       used       free     shared    buffers     cached
Mem:         15945      13405       2540          0         50       8942
-/+ buffers/cache:       4411      11533
Swap:         8039          0       8039

2019年 07月 24日 星期三 05:17:15 CST
             total       used       free     shared    buffers     cached
Mem:         15945      11680       4265          0         50       8940
-/+ buffers/cache:       2688      13256
Swap:         8039          0       8039

2019年 07月 24日 星期三 05:17:19 CST
             total       used       free     shared    buffers     cached
Mem:         15945      11622       4323          0         50       8593
-/+ buffers/cache:       2978      12967
Swap:         8039          0       8039

2019年 07月 24日 星期三 05:17:23 CST
             total       used       free     shared    buffers     cached
Mem:         15945      12194       3750          0         50       8595
-/+ buffers/cache:       3548      12397
Swap:         8039          0       8039

2019年 07月 24日 星期三 05:17:27 CST
             total       used       free     shared    buffers     cached
Mem:         15945      11740       4205          0         51       8654
-/+ buffers/cache:       3035      12910
Swap:         8039          0       8039

2019年 07月 24日 星期三 05:17:31 CST
             total       used       free     shared    buffers     cached
Mem:         15945      11949       3996          0         51       8431
-/+ buffers/cache:       3467      12478
Swap:         8039          0       8039

2019年 07月 24日 星期三 05:17:35 CST
             total       used       free     shared    buffers     cached
Mem:         15945      12651       3294          0         51       8432
-/+ buffers/cache:       4167      11777
Swap:         8039          0       8039

2019年 07月 24日 星期三 05:17:39 CST
             total       used       free     shared    buffers     cached
Mem:         15945      12000       3944          0         51       8397
-/+ buffers/cache:       3552      12393
Swap:         8039          0       8039

2019年 07月 24日 星期三 05:17:43 CST
             total       used       free     shared    buffers     cached
Mem:         15945      12144       3800          0         51       8433
-/+ buffers/cache:       3659      12285
Swap:         8039          0       8039

2019年 07月 24日 星期三 05:17:47 CST
             total       used       free     shared    buffers     cached
Mem:         15945      12168       3776          0         51       8439
-/+ buffers/cache:       3678      12266
Swap:         8039          0       8039

2019年 07月 24日 星期三 05:17:51 CST
             total       used       free     shared    buffers     cached
Mem:         15945      12195       3750          0         51       8439
-/+ buffers/cache:       3704      12241
Swap:         8039          0       8039

2019年 07月 24日 星期三 05:17:55 CST
             total       used       free     shared    buffers     cached
Mem:         15945      12210       3735          0         51       8443
-/+ buffers/cache:       3716      12229
Swap:         8039          0       8039

2019年 07月 24日 星期三 05:17:59 CST
             total       used       free     shared    buffers     cached
Mem:         15945      12231       3713          0         51       8443
-/+ buffers/cache:       3736      12208
Swap:         8039          0       8039

2019年 07月 24日 星期三 05:18:03 CST
             total       used       free     shared    buffers     cached
Mem:         15945      12251       3693          0         51       8447
-/+ buffers/cache:       3753      12191
Swap:         8039          0       8039

2019年 07月 24日 星期三 05:18:07 CST
             total       used       free     shared    buffers     cached
Mem:         15945      12274       3670          0         51       8448
-/+ buffers/cache:       3775      12170
Swap:         8039          0       8039

2019年 07月 24日 星期三 05:18:11 CST
             total       used       free     shared    buffers     cached
Mem:         15945      11665       4279          0         51       8451
-/+ buffers/cache:       3163      12782
Swap:         8039          0       8039

2019年 07月 24日 星期三 05:18:15 CST
             total       used       free     shared    buffers     cached
Mem:         15945      11664       4280          0         51       8432
-/+ buffers/cache:       3181      12764
Swap:         8039          0       8039

2019年 07月 24日 星期三 05:18:19 CST
             total       used       free     shared    buffers     cached
Mem:         15945      11686       4258          0         51       8436
-/+ buffers/cache:       3199      12746
Swap:         8039          0       8039

2019年 07月 24日 星期三 05:18:23 CST
             total       used       free     shared    buffers     cached
Mem:         15945      11706       4238          0         51       8436
-/+ buffers/cache:       3219      12726
Swap:         8039          0       8039

2019年 07月 24日 星期三 05:18:27 CST
             total       used       free     shared    buffers     cached
Mem:         15945      11726       4219          0         51       8440
-/+ buffers/cache:       3234      12710
Swap:         8039          0       8039

2019年 07月 24日 星期三 05:18:31 CST
             total       used       free     shared    buffers     cached
Mem:         15945      11744       4200          0         51       8440
-/+ buffers/cache:       3253      12692
Swap:         8039          0       8039

2019年 07月 24日 星期三 05:18:35 CST
             total       used       free     shared    buffers     cached
Mem:         15945      11769       4175          0         51       8444
-/+ buffers/cache:       3274      12671
Swap:         8039          0       8039

2019年 07月 24日 星期三 05:18:39 CST
             total       used       free     shared    buffers     cached
Mem:         15945      11842       4103          0         51       8463
-/+ buffers/cache:       3327      12618
Swap:         8039          0       8039

2019年 07月 24日 星期三 05:18:43 CST
             total       used       free     shared    buffers     cached
Mem:         15945      11872       4073          0         51       8489
-/+ buffers/cache:       3332      12613
Swap:         8039          0       8039

2019年 07月 24日 星期三 05:18:47 CST
             total       used       free     shared    buffers     cached
Mem:         15945      10437       5508          0         51       8461
-/+ buffers/cache:       1925      14020
Swap:         8039          0       8039

