
2019年 07月 24日 星期三 05:12:50 CST
             total       used       free     shared    buffers     cached
Mem:         15945      10457       5487          0         50       8473
-/+ buffers/cache:       1933      14011
Swap:         8039          0       8039

2019年 07月 24日 星期三 05:12:54 CST
             total       used       free     shared    buffers     cached
Mem:         15945      10457       5487          0         50       8473
-/+ buffers/cache:       1933      14011
Swap:         8039          0       8039

2019年 07月 24日 星期三 05:12:58 CST
             total       used       free     shared    buffers     cached
Mem:         15945      10457       5488          0         50       8473
-/+ buffers/cache:       1933      14012
Swap:         8039          0       8039

2019年 07月 24日 星期三 05:13:02 CST
             total       used       free     shared    buffers     cached
Mem:         15945      10457       5488          0         50       8473
-/+ buffers/cache:       1933      14012
Swap:         8039          0       8039

2019年 07月 24日 星期三 05:13:06 CST
             total       used       free     shared    buffers     cached
Mem:         15945      10469       5475          0         50       8485
-/+ buffers/cache:       1934      14011
Swap:         8039          0       8039

2019年 07月 24日 星期三 05:13:10 CST
             total       used       free     shared    buffers     cached
Mem:         15945      10678       5267          0         50       8693
-/+ buffers/cache:       1934      14011
Swap:         8039          0       8039

2019年 07月 24日 星期三 05:13:14 CST
             total       used       free     shared    buffers     cached
Mem:         15945      10973       4971          0         50       8976
-/+ buffers/cache:       1946      13998
Swap:         8039          0       8039

2019年 07月 24日 星期三 05:13:18 CST
             total       used       free     shared    buffers     cached
Mem:         15945      11644       4301          0         50       9306
-/+ buffers/cache:       2287      13658
Swap:         8039          0       8039

2019年 07月 24日 星期三 05:13:22 CST
             total       used       free     shared    buffers     cached
Mem:         15945      12404       3541          0         50       9595
-/+ buffers/cache:       2758      13187
Swap:         8039          0       8039

2019年 07月 24日 星期三 05:13:26 CST
             total       used       free     shared    buffers     cached
Mem:         15945      13089       2855          0         50       9845
-/+ buffers/cache:       3194      12751
Swap:         8039          0       8039

2019年 07月 24日 星期三 05:13:30 CST
             total       used       free     shared    buffers     cached
Mem:         15945      13648       2296          0         50      10051
-/+ buffers/cache:       3546      12399
Swap:         8039          0       8039

2019年 07月 24日 星期三 05:13:34 CST
             total       used       free     shared    buffers     cached
Mem:         15945      14111       1834          0         50      10078
-/+ buffers/cache:       3982      11963
Swap:         8039          0       8039

2019年 07月 24日 星期三 05:13:38 CST
             total       used       free     shared    buffers     cached
Mem:         15945      14508       1436          0         50      10078
-/+ buffers/cache:       4379      11565
Swap:         8039          0       8039

2019年 07月 24日 星期三 05:13:42 CST
             total       used       free     shared    buffers     cached
Mem:         15945      15049        896          0         50      10079
-/+ buffers/cache:       4919      11025
Swap:         8039          0       8039

2019年 07月 24日 星期三 05:13:46 CST
             total       used       free     shared    buffers     cached
Mem:         15945      14162       1782          0         50      10079
-/+ buffers/cache:       4033      11912
Swap:         8039          0       8039

2019年 07月 24日 星期三 05:13:50 CST
             total       used       free     shared    buffers     cached
Mem:         15945      14528       1416          0         50      10079
-/+ buffers/cache:       4398      11546
Swap:         8039          0       8039

2019年 07月 24日 星期三 05:13:54 CST
             total       used       free     shared    buffers     cached
Mem:         15945      15233        711          0         50      10042
-/+ buffers/cache:       5141      10804
Swap:         8039          0       8039

2019年 07月 24日 星期三 05:13:58 CST
             total       used       free     shared    buffers     cached
Mem:         15945      14779       1166          0         50      10057
-/+ buffers/cache:       4670      11275
Swap:         8039          0       8039

2019年 07月 24日 星期三 05:14:02 CST
             total       used       free     shared    buffers     cached
Mem:         15945      13107       2838          0         50      10150
-/+ buffers/cache:       2906      13039
Swap:         8039          0       8039

2019年 07月 24日 星期三 05:14:06 CST
             total       used       free     shared    buffers     cached
Mem:         15945      13422       2523          0         50      10206
-/+ buffers/cache:       3165      12780
Swap:         8039          0       8039

2019年 07月 24日 星期三 05:14:10 CST
             total       used       free     shared    buffers     cached
Mem:         15945      13766       2178          0         50      10335
-/+ buffers/cache:       3380      12565
Swap:         8039          0       8039

2019年 07月 24日 星期三 05:14:14 CST
             total       used       free     shared    buffers     cached
Mem:         15945      14074       1871          0         50      10337
-/+ buffers/cache:       3686      12259
Swap:         8039          0       8039

2019年 07月 24日 星期三 05:14:18 CST
             total       used       free     shared    buffers     cached
Mem:         15945      13764       2181          0         50      10336
-/+ buffers/cache:       3376      12568
Swap:         8039          0       8039

2019年 07月 24日 星期三 05:14:22 CST
             total       used       free     shared    buffers     cached
Mem:         15945      14467       1477          0         50      10523
-/+ buffers/cache:       3893      12051
Swap:         8039          0       8039

2019年 07月 24日 星期三 05:14:27 CST
             total       used       free     shared    buffers     cached
Mem:         15945      15019        925          0         50      10338
-/+ buffers/cache:       4630      11315
Swap:         8039          0       8039

2019年 07月 24日 星期三 05:14:31 CST
             total       used       free     shared    buffers     cached
Mem:         15945      15691        253          0         50      10342
-/+ buffers/cache:       5299      10646
Swap:         8039          0       8039

2019年 07月 24日 星期三 05:14:35 CST
             total       used       free     shared    buffers     cached
Mem:         15945      15787        157          0         50       9874
-/+ buffers/cache:       5862      10082
Swap:         8039          0       8039

2019年 07月 24日 星期三 05:14:39 CST
             total       used       free     shared    buffers     cached
Mem:         15945      15240        705          0         50       9205
-/+ buffers/cache:       5984       9961
Swap:         8039          0       8039

2019年 07月 24日 星期三 05:14:43 CST
             total       used       free     shared    buffers     cached
Mem:         15945      14972        973          0         50       9348
-/+ buffers/cache:       5573      10372
Swap:         8039          0       8039

2019年 07月 24日 星期三 05:14:47 CST
             total       used       free     shared    buffers     cached
Mem:         15945      15190        755          0         50       9375
-/+ buffers/cache:       5764      10181
Swap:         8039          0       8039

2019年 07月 24日 星期三 05:14:51 CST
             total       used       free     shared    buffers     cached
Mem:         15945      15720        225          0         50       9583
-/+ buffers/cache:       6086       9859
Swap:         8039          0       8039

2019年 07月 24日 星期三 05:14:55 CST
             total       used       free     shared    buffers     cached
Mem:         15945      15768        176          0         50       9395
-/+ buffers/cache:       6323       9622
Swap:         8039          0       8039

2019年 07月 24日 星期三 05:14:59 CST
             total       used       free     shared    buffers     cached
Mem:         15945      15783        161          0         50       9084
-/+ buffers/cache:       6648       9297
Swap:         8039          0       8039

2019年 07月 24日 星期三 05:15:03 CST
             total       used       free     shared    buffers     cached
Mem:         15945      15777        168          0         50       8886
-/+ buffers/cache:       6840       9104
Swap:         8039          0       8039

2019年 07月 24日 星期三 05:15:07 CST
             total       used       free     shared    buffers     cached
Mem:         15945      15736        209          0         50       9122
-/+ buffers/cache:       6564       9381
Swap:         8039          0       8039

2019年 07月 24日 星期三 05:15:11 CST
             total       used       free     shared    buffers     cached
Mem:         15945      15765        180          0         50       9008
-/+ buffers/cache:       6706       9238
Swap:         8039          0       8039

2019年 07月 24日 星期三 05:15:15 CST
             total       used       free     shared    buffers     cached
Mem:         15945      15787        158          0         50       8719
-/+ buffers/cache:       7018       8927
Swap:         8039          0       8039

2019年 07月 24日 星期三 05:15:19 CST
             total       used       free     shared    buffers     cached
Mem:         15945      15782        163          0         50       8380
-/+ buffers/cache:       7352       8593
Swap:         8039          0       8039

2019年 07月 24日 星期三 05:15:23 CST
             total       used       free     shared    buffers     cached
Mem:         15945      15782        163          0         50       8229
-/+ buffers/cache:       7502       8443
Swap:         8039          0       8039

2019年 07月 24日 星期三 05:15:27 CST
             total       used       free     shared    buffers     cached
Mem:         15945      13044       2900          0         50       8220
-/+ buffers/cache:       4774      11171
Swap:         8039          0       8039

2019年 07月 24日 星期三 05:15:31 CST
             total       used       free     shared    buffers     cached
Mem:         15945      12071       3874          0         50       7892
-/+ buffers/cache:       4128      11816
Swap:         8039          0       8039

2019年 07月 24日 星期三 05:15:35 CST
             total       used       free     shared    buffers     cached
Mem:         15945       9808       6137          0         50       7695
-/+ buffers/cache:       2062      13883
Swap:         8039          0       8039

2019年 07月 24日 星期三 05:15:39 CST
             total       used       free     shared    buffers     cached
Mem:         15945      10159       5786          0         50       7734
-/+ buffers/cache:       2374      13571
Swap:         8039          0       8039

2019年 07月 24日 星期三 05:15:43 CST
             total       used       free     shared    buffers     cached
Mem:         15945      10720       5225          0         50       7775
-/+ buffers/cache:       2894      13051
Swap:         8039          0       8039

2019年 07月 24日 星期三 05:15:48 CST
             total       used       free     shared    buffers     cached
Mem:         15945      11371       4574          0         50       7775
-/+ buffers/cache:       3545      12400
Swap:         8039          0       8039

2019年 07月 24日 星期三 05:15:52 CST
             total       used       free     shared    buffers     cached
Mem:         15945      11757       4188          0         50       7776
-/+ buffers/cache:       3930      12015
Swap:         8039          0       8039

2019年 07月 24日 星期三 05:15:56 CST
             total       used       free     shared    buffers     cached
Mem:         15945      12660       3285          0         50       7776
-/+ buffers/cache:       4833      11111
Swap:         8039          0       8039

2019年 07月 24日 星期三 05:16:00 CST
             total       used       free     shared    buffers     cached
Mem:         15945      11456       4488          0         50       7756
-/+ buffers/cache:       3649      12295
Swap:         8039          0       8039

2019年 07月 24日 星期三 05:16:04 CST
             total       used       free     shared    buffers     cached
Mem:         15945      11870       4075          0         50       7942
-/+ buffers/cache:       3877      12067
Swap:         8039          0       8039

2019年 07月 24日 星期三 05:16:08 CST
             total       used       free     shared    buffers     cached
Mem:         15945      12326       3619          0         50       7942
-/+ buffers/cache:       4333      11611
Swap:         8039          0       8039

2019年 07月 24日 星期三 05:16:12 CST
             total       used       free     shared    buffers     cached
Mem:         15945      12858       3086          0         50       7942
-/+ buffers/cache:       4866      11079
Swap:         8039          0       8039

2019年 07月 24日 星期三 05:16:16 CST
             total       used       free     shared    buffers     cached
Mem:         15945      13714       2231          0         50       7963
-/+ buffers/cache:       5700      10245
Swap:         8039          0       8039

2019年 07月 24日 星期三 05:16:20 CST
             total       used       free     shared    buffers     cached
Mem:         15945      14078       1867          0         50       8042
-/+ buffers/cache:       5985       9960
Swap:         8039          0       8039

2019年 07月 24日 星期三 05:16:24 CST
             total       used       free     shared    buffers     cached
Mem:         15945      14075       1870          0         50       7906
-/+ buffers/cache:       6118       9827
Swap:         8039          0       8039

2019年 07月 24日 星期三 05:16:28 CST
             total       used       free     shared    buffers     cached
Mem:         15945      14182       1763          0         50       7950
-/+ buffers/cache:       6181       9763
Swap:         8039          0       8039

2019年 07月 24日 星期三 05:16:32 CST
             total       used       free     shared    buffers     cached
Mem:         15945      14372       1573          0         50       8041
-/+ buffers/cache:       6280       9665
Swap:         8039          0       8039

2019年 07月 24日 星期三 05:16:36 CST
             total       used       free     shared    buffers     cached
Mem:         15945      14306       1639          0         50       7909
-/+ buffers/cache:       6346       9599
Swap:         8039          0       8039

2019年 07月 24日 星期三 05:16:40 CST
             total       used       free     shared    buffers     cached
Mem:         15945      14392       1552          0         50       7935
-/+ buffers/cache:       6407       9538
Swap:         8039          0       8039

2019年 07月 24日 星期三 05:16:44 CST
             total       used       free     shared    buffers     cached
Mem:         15945      14498       1446          0         50       7953
-/+ buffers/cache:       6495       9450
Swap:         8039          0       8039

2019年 07月 24日 星期三 05:16:48 CST
             total       used       free     shared    buffers     cached
Mem:         15945      12310       3634          0         50       7962
-/+ buffers/cache:       4297      11648
Swap:         8039          0       8039

2019年 07月 24日 星期三 05:16:52 CST
             total       used       free     shared    buffers     cached
Mem:         15945      12757       3187          0         50       8148
-/+ buffers/cache:       4558      11387
Swap:         8039          0       8039

2019年 07月 24日 星期三 05:16:56 CST
             total       used       free     shared    buffers     cached
Mem:         15945      13244       2700          0         50       7972
-/+ buffers/cache:       5221      10723
Swap:         8039          0       8039

2019年 07月 24日 星期三 05:17:00 CST
             total       used       free     shared    buffers     cached
Mem:         15945      12648       3296          0         50       7977
-/+ buffers/cache:       4621      11324
Swap:         8039          0       8039

2019年 07月 24日 星期三 05:17:04 CST
             total       used       free     shared    buffers     cached
Mem:         15945      12850       3095          0         50       7792
-/+ buffers/cache:       5007      10938
Swap:         8039          0       8039

2019年 07月 24日 星期三 05:17:08 CST
             total       used       free     shared    buffers     cached
Mem:         15945      12330       3615          0         50       7848
-/+ buffers/cache:       4430      11514
Swap:         8039          0       8039

2019年 07月 24日 星期三 05:17:12 CST
             total       used       free     shared    buffers     cached
Mem:         15945      12731       3213          0         50       7849
-/+ buffers/cache:       4831      11113
Swap:         8039          0       8039

2019年 07月 24日 星期三 05:17:16 CST
             total       used       free     shared    buffers     cached
Mem:         15945      13101       2843          0         50       7812
-/+ buffers/cache:       5238      10706
Swap:         8039          0       8039

2019年 07月 24日 星期三 05:17:20 CST
             total       used       free     shared    buffers     cached
Mem:         15945      12966       2979          0         50       7360
-/+ buffers/cache:       5555      10390
Swap:         8039          0       8039

2019年 07月 24日 星期三 05:17:24 CST
             total       used       free     shared    buffers     cached
Mem:         15945      11985       3959          0         50       7362
-/+ buffers/cache:       4573      11372
Swap:         8039          0       8039

2019年 07月 24日 星期三 05:17:28 CST
             total       used       free     shared    buffers     cached
Mem:         15945      10096       5848          0         50       7133
-/+ buffers/cache:       2912      13032
Swap:         8039          0       8039

2019年 07月 24日 星期三 05:17:32 CST
             total       used       free     shared    buffers     cached
Mem:         15945      10180       5765          0         50       7133
-/+ buffers/cache:       2996      12949
Swap:         8039          0       8039

2019年 07月 24日 星期三 05:17:37 CST
             total       used       free     shared    buffers     cached
Mem:         15945      10426       5519          0         50       7136
-/+ buffers/cache:       3239      12705
Swap:         8039          0       8039

2019年 07月 24日 星期三 05:17:41 CST
             total       used       free     shared    buffers     cached
Mem:         15945       9606       6338          0         50       7134
-/+ buffers/cache:       2422      13523
Swap:         8039          0       8039

2019年 07月 24日 星期三 05:17:45 CST
             total       used       free     shared    buffers     cached
Mem:         15945       9567       6377          0         50       7095
-/+ buffers/cache:       2421      13523
Swap:         8039          0       8039

2019年 07月 24日 星期三 05:17:49 CST
             total       used       free     shared    buffers     cached
Mem:         15945       9572       6372          0         50       7095
-/+ buffers/cache:       2426      13518
Swap:         8039          0       8039

2019年 07月 24日 星期三 05:17:53 CST
             total       used       free     shared    buffers     cached
Mem:         15945       9584       6361          0         50       7096
-/+ buffers/cache:       2438      13507
Swap:         8039          0       8039

2019年 07月 24日 星期三 05:17:57 CST
             total       used       free     shared    buffers     cached
Mem:         15945       9624       6320          0         50       7096
-/+ buffers/cache:       2478      13467
Swap:         8039          0       8039

2019年 07月 24日 星期三 05:18:01 CST
             total       used       free     shared    buffers     cached
Mem:         15945       9625       6320          0         50       7096
-/+ buffers/cache:       2478      13467
Swap:         8039          0       8039

2019年 07月 24日 星期三 05:18:05 CST
             total       used       free     shared    buffers     cached
Mem:         15945       9652       6292          0         50       7096
-/+ buffers/cache:       2505      13439
Swap:         8039          0       8039

2019年 07月 24日 星期三 05:18:09 CST
             total       used       free     shared    buffers     cached
Mem:         15945       9657       6287          0         50       7096
-/+ buffers/cache:       2510      13435
Swap:         8039          0       8039

2019年 07月 24日 星期三 05:18:13 CST
             total       used       free     shared    buffers     cached
Mem:         15945       9057       6887          0         50       7076
-/+ buffers/cache:       1930      14014
Swap:         8039          0       8039

2019年 07月 24日 星期三 05:18:17 CST
             total       used       free     shared    buffers     cached
Mem:         15945       9057       6888          0         50       7076
-/+ buffers/cache:       1930      14015
Swap:         8039          0       8039

2019年 07月 24日 星期三 05:18:21 CST
             total       used       free     shared    buffers     cached
Mem:         15945       9056       6888          0         50       7076
-/+ buffers/cache:       1929      14015
Swap:         8039          0       8039

2019年 07月 24日 星期三 05:18:25 CST
             total       used       free     shared    buffers     cached
Mem:         15945       9056       6889          0         50       7076
-/+ buffers/cache:       1929      14016
Swap:         8039          0       8039

2019年 07月 24日 星期三 05:18:29 CST
             total       used       free     shared    buffers     cached
Mem:         15945       9056       6889          0         50       7076
-/+ buffers/cache:       1928      14016
Swap:         8039          0       8039

2019年 07月 24日 星期三 05:18:33 CST
             total       used       free     shared    buffers     cached
Mem:         15945       9055       6889          0         50       7076
-/+ buffers/cache:       1928      14017
Swap:         8039          0       8039

2019年 07月 24日 星期三 05:18:37 CST
             total       used       free     shared    buffers     cached
Mem:         15945       9061       6883          0         50       7083
-/+ buffers/cache:       1928      14017
Swap:         8039          0       8039

2019年 07月 24日 星期三 05:18:41 CST
             total       used       free     shared    buffers     cached
Mem:         15945       9085       6860          0         50       7108
-/+ buffers/cache:       1926      14019
Swap:         8039          0       8039

2019年 07月 24日 星期三 05:18:45 CST
             total       used       free     shared    buffers     cached
Mem:         15945       8917       7028          0         50       6942
-/+ buffers/cache:       1923      14021
Swap:         8039          0       8039

