
Linux 2.6.32-431.el6.x86_64 (slave1) 	2019年07月23日 	_x86_64_	(8 CPU)

22时48分50秒  CPU    %usr   %nice    %sys %iowait    %irq   %soft  %steal  %guest   %idle
22时48分51秒  all    0.00    0.00    0.00    0.00    0.00    0.00    0.00    0.00  100.00
平均时间:  all    0.00    0.00    0.00    0.00    0.00    0.00    0.00    0.00  100.00

Linux 2.6.32-431.el6.x86_64 (slave1) 	2019年07月23日 	_x86_64_	(8 CPU)

22时48分54秒  CPU    %usr   %nice    %sys %iowait    %irq   %soft  %steal  %guest   %idle
22时48分55秒  all    0.12    0.00    0.12    0.00    0.00    0.00    0.00    0.00   99.75
平均时间:  all    0.12    0.00    0.12    0.00    0.00    0.00    0.00    0.00   99.75

Linux 2.6.32-431.el6.x86_64 (slave1) 	2019年07月23日 	_x86_64_	(8 CPU)

22时48分58秒  CPU    %usr   %nice    %sys %iowait    %irq   %soft  %steal  %guest   %idle
22时48分59秒  all    0.13    0.00    0.00    0.00    0.00    0.00    0.00    0.00   99.87
平均时间:  all    0.13    0.00    0.00    0.00    0.00    0.00    0.00    0.00   99.87

Linux 2.6.32-431.el6.x86_64 (slave1) 	2019年07月23日 	_x86_64_	(8 CPU)

22时49分02秒  CPU    %usr   %nice    %sys %iowait    %irq   %soft  %steal  %guest   %idle
22时49分03秒  all    0.00    0.00    0.00    0.00    0.00    0.00    0.00    0.00  100.00
平均时间:  all    0.00    0.00    0.00    0.00    0.00    0.00    0.00    0.00  100.00

Linux 2.6.32-431.el6.x86_64 (slave1) 	2019年07月23日 	_x86_64_	(8 CPU)

22时49分06秒  CPU    %usr   %nice    %sys %iowait    %irq   %soft  %steal  %guest   %idle
22时49分07秒  all    0.76    0.00    5.35    0.13    0.13    3.06    0.00    0.00   90.57
平均时间:  all    0.76    0.00    5.35    0.13    0.13    3.06    0.00    0.00   90.57

Linux 2.6.32-431.el6.x86_64 (slave1) 	2019年07月23日 	_x86_64_	(8 CPU)

22时49分10秒  CPU    %usr   %nice    %sys %iowait    %irq   %soft  %steal  %guest   %idle
22时49分11秒  all    2.38    0.00    7.41    0.00    0.40   17.99    0.00    0.00   71.83
平均时间:  all    2.38    0.00    7.41    0.00    0.40   17.99    0.00    0.00   71.83

Linux 2.6.32-431.el6.x86_64 (slave1) 	2019年07月23日 	_x86_64_	(8 CPU)

22时49分14秒  CPU    %usr   %nice    %sys %iowait    %irq   %soft  %steal  %guest   %idle
22时49分15秒  all   37.14    0.00   18.50    0.00    0.39   20.21    0.00    0.00   23.75
平均时间:  all   37.14    0.00   18.50    0.00    0.39   20.21    0.00    0.00   23.75

Linux 2.6.32-431.el6.x86_64 (slave1) 	2019年07月23日 	_x86_64_	(8 CPU)

22时49分18秒  CPU    %usr   %nice    %sys %iowait    %irq   %soft  %steal  %guest   %idle
22时49分19秒  all   63.25    0.00   19.75    0.00    0.38   16.38    0.00    0.00    0.25
平均时间:  all   63.25    0.00   19.75    0.00    0.38   16.38    0.00    0.00    0.25

Linux 2.6.32-431.el6.x86_64 (slave1) 	2019年07月23日 	_x86_64_	(8 CPU)

22时49分22秒  CPU    %usr   %nice    %sys %iowait    %irq   %soft  %steal  %guest   %idle
22时49分23秒  all   73.09    0.00   14.39    0.00    0.38   11.89    0.00    0.00    0.25
平均时间:  all   73.09    0.00   14.39    0.00    0.38   11.89    0.00    0.00    0.25

Linux 2.6.32-431.el6.x86_64 (slave1) 	2019年07月23日 	_x86_64_	(8 CPU)

22时49分26秒  CPU    %usr   %nice    %sys %iowait    %irq   %soft  %steal  %guest   %idle
22时49分27秒  all   71.66    0.00   19.48    0.00    0.25    8.61    0.00    0.00    0.00
平均时间:  all   71.66    0.00   19.48    0.00    0.25    8.61    0.00    0.00    0.00

Linux 2.6.32-431.el6.x86_64 (slave1) 	2019年07月23日 	_x86_64_	(8 CPU)

22时49分30秒  CPU    %usr   %nice    %sys %iowait    %irq   %soft  %steal  %guest   %idle
22时49分31秒  all   71.75    0.00   17.00    0.00    0.25   11.00    0.00    0.00    0.00
平均时间:  all   71.75    0.00   17.00    0.00    0.25   11.00    0.00    0.00    0.00

Linux 2.6.32-431.el6.x86_64 (slave1) 	2019年07月23日 	_x86_64_	(8 CPU)

22时49分35秒  CPU    %usr   %nice    %sys %iowait    %irq   %soft  %steal  %guest   %idle
22时49分36秒  all   83.38    0.00   13.88    0.00    0.25    2.50    0.00    0.00    0.00
平均时间:  all   83.38    0.00   13.88    0.00    0.25    2.50    0.00    0.00    0.00

Linux 2.6.32-431.el6.x86_64 (slave1) 	2019年07月23日 	_x86_64_	(8 CPU)

22时49分39秒  CPU    %usr   %nice    %sys %iowait    %irq   %soft  %steal  %guest   %idle
22时49分40秒  all   91.25    0.00    8.25    0.00    0.12    0.25    0.00    0.00    0.12
平均时间:  all   91.25    0.00    8.25    0.00    0.12    0.25    0.00    0.00    0.12

Linux 2.6.32-431.el6.x86_64 (slave1) 	2019年07月23日 	_x86_64_	(8 CPU)

22时49分43秒  CPU    %usr   %nice    %sys %iowait    %irq   %soft  %steal  %guest   %idle
22时49分44秒  all   50.00    0.00    4.97    0.00    0.00    0.00    0.00    0.00   45.03
平均时间:  all   50.00    0.00    4.97    0.00    0.00    0.00    0.00    0.00   45.03

Linux 2.6.32-431.el6.x86_64 (slave1) 	2019年07月23日 	_x86_64_	(8 CPU)

22时49分47秒  CPU    %usr   %nice    %sys %iowait    %irq   %soft  %steal  %guest   %idle
22时49分48秒  all   46.94    0.00    3.19    0.00    0.00    0.00    0.00    0.00   49.87
平均时间:  all   46.94    0.00    3.19    0.00    0.00    0.00    0.00    0.00   49.87

Linux 2.6.32-431.el6.x86_64 (slave1) 	2019年07月23日 	_x86_64_	(8 CPU)

22时49分51秒  CPU    %usr   %nice    %sys %iowait    %irq   %soft  %steal  %guest   %idle
22时49分52秒  all   24.68    0.00    1.92    0.00    0.00    0.00    0.00    0.00   73.40
平均时间:  all   24.68    0.00    1.92    0.00    0.00    0.00    0.00    0.00   73.40

Linux 2.6.32-431.el6.x86_64 (slave1) 	2019年07月23日 	_x86_64_	(8 CPU)

22时49分55秒  CPU    %usr   %nice    %sys %iowait    %irq   %soft  %steal  %guest   %idle
22时49分56秒  all   21.27    0.00    1.91    0.00    0.00    0.00    0.00    0.00   76.82
平均时间:  all   21.27    0.00    1.91    0.00    0.00    0.00    0.00    0.00   76.82

Linux 2.6.32-431.el6.x86_64 (slave1) 	2019年07月23日 	_x86_64_	(8 CPU)

22时49分59秒  CPU    %usr   %nice    %sys %iowait    %irq   %soft  %steal  %guest   %idle
22时50分00秒  all   17.72    0.00    2.57    0.00    0.00    0.00    0.00    0.00   79.72
平均时间:  all   17.72    0.00    2.57    0.00    0.00    0.00    0.00    0.00   79.72

Linux 2.6.32-431.el6.x86_64 (slave1) 	2019年07月23日 	_x86_64_	(8 CPU)

22时50分03秒  CPU    %usr   %nice    %sys %iowait    %irq   %soft  %steal  %guest   %idle
22时50分04秒  all   19.72    0.00    4.61    0.00    0.00    0.00    0.00    0.00   75.67
平均时间:  all   19.72    0.00    4.61    0.00    0.00    0.00    0.00    0.00   75.67

Linux 2.6.32-431.el6.x86_64 (slave1) 	2019年07月23日 	_x86_64_	(8 CPU)

22时50分07秒  CPU    %usr   %nice    %sys %iowait    %irq   %soft  %steal  %guest   %idle
22时50分08秒  all   59.77    0.00    4.34    0.00    0.00    0.13    0.00    0.00   35.76
平均时间:  all   59.77    0.00    4.34    0.00    0.00    0.13    0.00    0.00   35.76

Linux 2.6.32-431.el6.x86_64 (slave1) 	2019年07月23日 	_x86_64_	(8 CPU)

22时50分11秒  CPU    %usr   %nice    %sys %iowait    %irq   %soft  %steal  %guest   %idle
22时50分12秒  all   23.08    0.00    4.87    0.00    0.00    0.00    0.00    0.00   72.05
平均时间:  all   23.08    0.00    4.87    0.00    0.00    0.00    0.00    0.00   72.05

Linux 2.6.32-431.el6.x86_64 (slave1) 	2019年07月23日 	_x86_64_	(8 CPU)

22时50分15秒  CPU    %usr   %nice    %sys %iowait    %irq   %soft  %steal  %guest   %idle
22时50分16秒  all   52.62    0.00    5.76    0.00    0.00    0.00    0.00    0.00   41.61
平均时间:  all   52.62    0.00    5.76    0.00    0.00    0.00    0.00    0.00   41.61

Linux 2.6.32-431.el6.x86_64 (slave1) 	2019年07月23日 	_x86_64_	(8 CPU)

22时50分19秒  CPU    %usr   %nice    %sys %iowait    %irq   %soft  %steal  %guest   %idle
22时50分20秒  all   48.52    0.00    4.49    0.00    0.00    0.26    0.00    0.00   46.73
平均时间:  all   48.52    0.00    4.49    0.00    0.00    0.26    0.00    0.00   46.73

Linux 2.6.32-431.el6.x86_64 (slave1) 	2019年07月23日 	_x86_64_	(8 CPU)

22时50分23秒  CPU    %usr   %nice    %sys %iowait    %irq   %soft  %steal  %guest   %idle
22时50分24秒  all   38.77    0.00    4.36    0.00    0.00    0.13    0.00    0.00   56.74
平均时间:  all   38.77    0.00    4.36    0.00    0.00    0.13    0.00    0.00   56.74

Linux 2.6.32-431.el6.x86_64 (slave1) 	2019年07月23日 	_x86_64_	(8 CPU)

22时50分27秒  CPU    %usr   %nice    %sys %iowait    %irq   %soft  %steal  %guest   %idle
22时50分28秒  all   13.55    0.00   14.21    0.00    0.13    8.42    0.00    0.00   63.68
平均时间:  all   13.55    0.00   14.21    0.00    0.13    8.42    0.00    0.00   63.68

Linux 2.6.32-431.el6.x86_64 (slave1) 	2019年07月23日 	_x86_64_	(8 CPU)

22时50分31秒  CPU    %usr   %nice    %sys %iowait    %irq   %soft  %steal  %guest   %idle
22时50分32秒  all   61.75    0.00    7.37    0.00    0.00    0.00    0.00    0.00   30.88
平均时间:  all   61.75    0.00    7.37    0.00    0.00    0.00    0.00    0.00   30.88

Linux 2.6.32-431.el6.x86_64 (slave1) 	2019年07月23日 	_x86_64_	(8 CPU)

22时50分35秒  CPU    %usr   %nice    %sys %iowait    %irq   %soft  %steal  %guest   %idle
22时50分36秒  all   58.91    0.00    7.59    0.00    0.00    0.00    0.00    0.00   33.50
平均时间:  all   58.91    0.00    7.59    0.00    0.00    0.00    0.00    0.00   33.50

Linux 2.6.32-431.el6.x86_64 (slave1) 	2019年07月23日 	_x86_64_	(8 CPU)

22时50分39秒  CPU    %usr   %nice    %sys %iowait    %irq   %soft  %steal  %guest   %idle
22时50分40秒  all   36.64    0.00    2.80    0.00    0.00    0.89    0.00    0.00   59.67
平均时间:  all   36.64    0.00    2.80    0.00    0.00    0.89    0.00    0.00   59.67

Linux 2.6.32-431.el6.x86_64 (slave1) 	2019年07月23日 	_x86_64_	(8 CPU)

22时50分43秒  CPU    %usr   %nice    %sys %iowait    %irq   %soft  %steal  %guest   %idle
22时50分44秒  all   40.03    0.00    2.03    0.00    0.00    0.76    0.00    0.00   57.18
平均时间:  all   40.03    0.00    2.03    0.00    0.00    0.76    0.00    0.00   57.18

Linux 2.6.32-431.el6.x86_64 (slave1) 	2019年07月23日 	_x86_64_	(8 CPU)

22时50分47秒  CPU    %usr   %nice    %sys %iowait    %irq   %soft  %steal  %guest   %idle
22时50分48秒  all   59.59    0.00    5.59    0.00    0.00    0.51    0.00    0.00   34.31
平均时间:  all   59.59    0.00    5.59    0.00    0.00    0.51    0.00    0.00   34.31

Linux 2.6.32-431.el6.x86_64 (slave1) 	2019年07月23日 	_x86_64_	(8 CPU)

22时50分51秒  CPU    %usr   %nice    %sys %iowait    %irq   %soft  %steal  %guest   %idle
22时50分52秒  all   75.98    0.00    7.88    0.00    0.00    0.25    0.00    0.00   15.88
平均时间:  all   75.98    0.00    7.88    0.00    0.00    0.25    0.00    0.00   15.88

Linux 2.6.32-431.el6.x86_64 (slave1) 	2019年07月23日 	_x86_64_	(8 CPU)

22时50分55秒  CPU    %usr   %nice    %sys %iowait    %irq   %soft  %steal  %guest   %idle
22时50分56秒  all   69.41    0.00   13.53    0.00    0.00    1.01    0.00    0.00   16.06
平均时间:  all   69.41    0.00   13.53    0.00    0.00    1.01    0.00    0.00   16.06

Linux 2.6.32-431.el6.x86_64 (slave1) 	2019年07月23日 	_x86_64_	(8 CPU)

22时50分59秒  CPU    %usr   %nice    %sys %iowait    %irq   %soft  %steal  %guest   %idle
22时51分00秒  all   83.73    0.00   13.52    0.25    0.00    1.00    0.00    0.00    1.50
平均时间:  all   83.73    0.00   13.52    0.25    0.00    1.00    0.00    0.00    1.50

Linux 2.6.32-431.el6.x86_64 (slave1) 	2019年07月23日 	_x86_64_	(8 CPU)

22时51分03秒  CPU    %usr   %nice    %sys %iowait    %irq   %soft  %steal  %guest   %idle
22时51分04秒  all   95.62    0.00    4.38    0.00    0.00    0.00    0.00    0.00    0.00
平均时间:  all   95.62    0.00    4.38    0.00    0.00    0.00    0.00    0.00    0.00

Linux 2.6.32-431.el6.x86_64 (slave1) 	2019年07月23日 	_x86_64_	(8 CPU)

22时51分07秒  CPU    %usr   %nice    %sys %iowait    %irq   %soft  %steal  %guest   %idle
22时51分08秒  all   91.25    0.00    8.00    0.00    0.00    0.62    0.00    0.00    0.12
平均时间:  all   91.25    0.00    8.00    0.00    0.00    0.62    0.00    0.00    0.12

Linux 2.6.32-431.el6.x86_64 (slave1) 	2019年07月23日 	_x86_64_	(8 CPU)

22时51分11秒  CPU    %usr   %nice    %sys %iowait    %irq   %soft  %steal  %guest   %idle
22时51分12秒  all   39.49    0.00    9.62    0.00    0.00    3.59    0.00    0.00   47.31
平均时间:  all   39.49    0.00    9.62    0.00    0.00    3.59    0.00    0.00   47.31

Linux 2.6.32-431.el6.x86_64 (slave1) 	2019年07月23日 	_x86_64_	(8 CPU)

22时51分15秒  CPU    %usr   %nice    %sys %iowait    %irq   %soft  %steal  %guest   %idle
22时51分16秒  all   82.91    0.00    9.92    0.00    0.00    0.13    0.00    0.00    7.04
平均时间:  all   82.91    0.00    9.92    0.00    0.00    0.13    0.00    0.00    7.04

Linux 2.6.32-431.el6.x86_64 (slave1) 	2019年07月23日 	_x86_64_	(8 CPU)

22时51分19秒  CPU    %usr   %nice    %sys %iowait    %irq   %soft  %steal  %guest   %idle
22时51分20秒  all   73.11    0.00    6.82    0.00    0.00    0.13    0.00    0.00   19.95
平均时间:  all   73.11    0.00    6.82    0.00    0.00    0.13    0.00    0.00   19.95

Linux 2.6.32-431.el6.x86_64 (slave1) 	2019年07月23日 	_x86_64_	(8 CPU)

22时51分23秒  CPU    %usr   %nice    %sys %iowait    %irq   %soft  %steal  %guest   %idle
22时51分24秒  all   92.88    0.00    6.62    0.00    0.00    0.12    0.00    0.00    0.37
平均时间:  all   92.88    0.00    6.62    0.00    0.00    0.12    0.00    0.00    0.37

Linux 2.6.32-431.el6.x86_64 (slave1) 	2019年07月23日 	_x86_64_	(8 CPU)

22时51分27秒  CPU    %usr   %nice    %sys %iowait    %irq   %soft  %steal  %guest   %idle
22时51分28秒  all   79.34    0.00    7.60    0.00    0.00    0.63    0.00    0.00   12.42
平均时间:  all   79.34    0.00    7.60    0.00    0.00    0.63    0.00    0.00   12.42

Linux 2.6.32-431.el6.x86_64 (slave1) 	2019年07月23日 	_x86_64_	(8 CPU)

22时51分31秒  CPU    %usr   %nice    %sys %iowait    %irq   %soft  %steal  %guest   %idle
22时51分32秒  all   82.66    0.00    5.15    0.00    0.00    0.50    0.00    0.00   11.68
平均时间:  all   82.66    0.00    5.15    0.00    0.00    0.50    0.00    0.00   11.68

Linux 2.6.32-431.el6.x86_64 (slave1) 	2019年07月23日 	_x86_64_	(8 CPU)

22时51分35秒  CPU    %usr   %nice    %sys %iowait    %irq   %soft  %steal  %guest   %idle
22时51分36秒  all   95.88    0.00    3.38    0.00    0.00    0.25    0.00    0.00    0.50
平均时间:  all   95.88    0.00    3.38    0.00    0.00    0.25    0.00    0.00    0.50

Linux 2.6.32-431.el6.x86_64 (slave1) 	2019年07月23日 	_x86_64_	(8 CPU)

22时51分39秒  CPU    %usr   %nice    %sys %iowait    %irq   %soft  %steal  %guest   %idle
22时51分40秒  all   91.24    0.00    5.63    0.00    0.00    1.25    0.00    0.00    1.88
平均时间:  all   91.24    0.00    5.63    0.00    0.00    1.25    0.00    0.00    1.88

Linux 2.6.32-431.el6.x86_64 (slave1) 	2019年07月23日 	_x86_64_	(8 CPU)

22时51分43秒  CPU    %usr   %nice    %sys %iowait    %irq   %soft  %steal  %guest   %idle
22时51分44秒  all   61.51    0.00    4.91    0.00    0.00    0.38    0.00    0.00   33.21
平均时间:  all   61.51    0.00    4.91    0.00    0.00    0.38    0.00    0.00   33.21

Linux 2.6.32-431.el6.x86_64 (slave1) 	2019年07月23日 	_x86_64_	(8 CPU)

22时51分47秒  CPU    %usr   %nice    %sys %iowait    %irq   %soft  %steal  %guest   %idle
22时51分48秒  all   51.14    0.00    5.44    0.00    0.00    0.89    0.00    0.00   42.53
平均时间:  all   51.14    0.00    5.44    0.00    0.00    0.89    0.00    0.00   42.53

Linux 2.6.32-431.el6.x86_64 (slave1) 	2019年07月23日 	_x86_64_	(8 CPU)

22时51分51秒  CPU    %usr   %nice    %sys %iowait    %irq   %soft  %steal  %guest   %idle
22时51分52秒  all   28.14    0.00    1.01    0.00    0.00    0.88    0.00    0.00   69.97
平均时间:  all   28.14    0.00    1.01    0.00    0.00    0.88    0.00    0.00   69.97

Linux 2.6.32-431.el6.x86_64 (slave1) 	2019年07月23日 	_x86_64_	(8 CPU)

22时51分55秒  CPU    %usr   %nice    %sys %iowait    %irq   %soft  %steal  %guest   %idle
22时51分56秒  all   76.43    0.00    8.03    0.00    0.00    0.89    0.00    0.00   14.65
平均时间:  all   76.43    0.00    8.03    0.00    0.00    0.89    0.00    0.00   14.65

Linux 2.6.32-431.el6.x86_64 (slave1) 	2019年07月23日 	_x86_64_	(8 CPU)

22时51分59秒  CPU    %usr   %nice    %sys %iowait    %irq   %soft  %steal  %guest   %idle
22时52分00秒  all    0.25    0.00    0.25    0.00    0.00    0.00    0.00    0.00   99.50
平均时间:  all    0.25    0.00    0.25    0.00    0.00    0.00    0.00    0.00   99.50

Linux 2.6.32-431.el6.x86_64 (slave1) 	2019年07月23日 	_x86_64_	(8 CPU)

22时52分03秒  CPU    %usr   %nice    %sys %iowait    %irq   %soft  %steal  %guest   %idle
22时52分04秒  all    1.91    0.00    2.17    0.00    0.00    0.25    0.00    0.00   95.67
平均时间:  all    1.91    0.00    2.17    0.00    0.00    0.25    0.00    0.00   95.67

Linux 2.6.32-431.el6.x86_64 (slave1) 	2019年07月23日 	_x86_64_	(8 CPU)

22时52分07秒  CPU    %usr   %nice    %sys %iowait    %irq   %soft  %steal  %guest   %idle
22时52分08秒  all    0.25    0.00    0.63    0.00    0.00    0.13    0.00    0.00   98.99
平均时间:  all    0.25    0.00    0.63    0.00    0.00    0.13    0.00    0.00   98.99

Linux 2.6.32-431.el6.x86_64 (slave1) 	2019年07月23日 	_x86_64_	(8 CPU)

22时52分11秒  CPU    %usr   %nice    %sys %iowait    %irq   %soft  %steal  %guest   %idle
22时52分12秒  all    0.00    0.00    0.38    0.00    0.00    0.38    0.00    0.00   99.25
平均时间:  all    0.00    0.00    0.38    0.00    0.00    0.38    0.00    0.00   99.25

