
Linux 2.6.32-431.el6.x86_64 (slave2) 	2019年07月23日 	_x86_64_	(8 CPU)

22时48分52秒  CPU    %usr   %nice    %sys %iowait    %irq   %soft  %steal  %guest   %idle
22时48分53秒  all    0.00    0.00    0.00    0.00    0.00    0.00    0.00    0.00  100.00
平均时间:  all    0.00    0.00    0.00    0.00    0.00    0.00    0.00    0.00  100.00

Linux 2.6.32-431.el6.x86_64 (slave2) 	2019年07月23日 	_x86_64_	(8 CPU)

22时48分56秒  CPU    %usr   %nice    %sys %iowait    %irq   %soft  %steal  %guest   %idle
22时48分57秒  all    0.00    0.00    0.00    0.00    0.00    0.00    0.00    0.00  100.00
平均时间:  all    0.00    0.00    0.00    0.00    0.00    0.00    0.00    0.00  100.00

Linux 2.6.32-431.el6.x86_64 (slave2) 	2019年07月23日 	_x86_64_	(8 CPU)

22时49分00秒  CPU    %usr   %nice    %sys %iowait    %irq   %soft  %steal  %guest   %idle
22时49分01秒  all    0.00    0.00    0.00    0.00    0.00    0.00    0.00    0.00  100.00
平均时间:  all    0.00    0.00    0.00    0.00    0.00    0.00    0.00    0.00  100.00

Linux 2.6.32-431.el6.x86_64 (slave2) 	2019年07月23日 	_x86_64_	(8 CPU)

22时49分04秒  CPU    %usr   %nice    %sys %iowait    %irq   %soft  %steal  %guest   %idle
22时49分05秒  all    2.01    0.00    0.88    0.00    0.00    0.00    0.00    0.00   97.11
平均时间:  all    2.01    0.00    0.88    0.00    0.00    0.00    0.00    0.00   97.11

Linux 2.6.32-431.el6.x86_64 (slave2) 	2019年07月23日 	_x86_64_	(8 CPU)

22时49分08秒  CPU    %usr   %nice    %sys %iowait    %irq   %soft  %steal  %guest   %idle
22时49分09秒  all    0.51    0.00    1.65    0.00    0.13    0.89    0.00    0.00   96.82
平均时间:  all    0.51    0.00    1.65    0.00    0.13    0.89    0.00    0.00   96.82

Linux 2.6.32-431.el6.x86_64 (slave2) 	2019年07月23日 	_x86_64_	(8 CPU)

22时49分12秒  CPU    %usr   %nice    %sys %iowait    %irq   %soft  %steal  %guest   %idle
22时49分13秒  all    0.79    0.00    9.46    0.00    0.53   13.14    0.00    0.00   76.08
平均时间:  all    0.79    0.00    9.46    0.00    0.53   13.14    0.00    0.00   76.08

Linux 2.6.32-431.el6.x86_64 (slave2) 	2019年07月23日 	_x86_64_	(8 CPU)

22时49分16秒  CPU    %usr   %nice    %sys %iowait    %irq   %soft  %steal  %guest   %idle
22时49分17秒  all   19.71    0.00   13.80    0.00    0.66   12.22    0.00    0.00   53.61
平均时间:  all   19.71    0.00   13.80    0.00    0.66   12.22    0.00    0.00   53.61

Linux 2.6.32-431.el6.x86_64 (slave2) 	2019年07月23日 	_x86_64_	(8 CPU)

22时49分20秒  CPU    %usr   %nice    %sys %iowait    %irq   %soft  %steal  %guest   %idle
22时49分21秒  all   34.08    0.00   15.38    0.13    0.40   13.00    0.00    0.00   37.00
平均时间:  all   34.08    0.00   15.38    0.13    0.40   13.00    0.00    0.00   37.00

Linux 2.6.32-431.el6.x86_64 (slave2) 	2019年07月23日 	_x86_64_	(8 CPU)

22时49分24秒  CPU    %usr   %nice    %sys %iowait    %irq   %soft  %steal  %guest   %idle
22时49分25秒  all   25.23    0.00   13.41    0.13    0.27   15.80    0.00    0.00   45.15
平均时间:  all   25.23    0.00   13.41    0.13    0.27   15.80    0.00    0.00   45.15

Linux 2.6.32-431.el6.x86_64 (slave2) 	2019年07月23日 	_x86_64_	(8 CPU)

22时49分28秒  CPU    %usr   %nice    %sys %iowait    %irq   %soft  %steal  %guest   %idle
22时49分29秒  all   29.70    0.00   15.11    0.00    0.39   12.35    0.00    0.00   42.44
平均时间:  all   29.70    0.00   15.11    0.00    0.39   12.35    0.00    0.00   42.44

Linux 2.6.32-431.el6.x86_64 (slave2) 	2019年07月23日 	_x86_64_	(8 CPU)

22时49分32秒  CPU    %usr   %nice    %sys %iowait    %irq   %soft  %steal  %guest   %idle
22时49分33秒  all   59.23    0.00   22.56    0.00    0.26   10.13    0.00    0.00    7.82
平均时间:  all   59.23    0.00   22.56    0.00    0.26   10.13    0.00    0.00    7.82

Linux 2.6.32-431.el6.x86_64 (slave2) 	2019年07月23日 	_x86_64_	(8 CPU)

22时49分36秒  CPU    %usr   %nice    %sys %iowait    %irq   %soft  %steal  %guest   %idle
22时49分37秒  all   66.04    0.00   26.19    0.00    0.00    6.39    0.00    0.00    1.38
平均时间:  all   66.04    0.00   26.19    0.00    0.00    6.39    0.00    0.00    1.38

Linux 2.6.32-431.el6.x86_64 (slave2) 	2019年07月23日 	_x86_64_	(8 CPU)

22时49分40秒  CPU    %usr   %nice    %sys %iowait    %irq   %soft  %steal  %guest   %idle
22时49分41秒  all   88.96    0.00    7.28    0.00    0.00    0.00    0.00    0.00    3.76
平均时间:  all   88.96    0.00    7.28    0.00    0.00    0.00    0.00    0.00    3.76

Linux 2.6.32-431.el6.x86_64 (slave2) 	2019年07月23日 	_x86_64_	(8 CPU)

22时49分44秒  CPU    %usr   %nice    %sys %iowait    %irq   %soft  %steal  %guest   %idle
22时49分45秒  all   94.99    0.00    5.01    0.00    0.00    0.00    0.00    0.00    0.00
平均时间:  all   94.99    0.00    5.01    0.00    0.00    0.00    0.00    0.00    0.00

Linux 2.6.32-431.el6.x86_64 (slave2) 	2019年07月23日 	_x86_64_	(8 CPU)

22时49分48秒  CPU    %usr   %nice    %sys %iowait    %irq   %soft  %steal  %guest   %idle
22时49分49秒  all   93.77    0.00    6.11    0.00    0.00    0.12    0.00    0.00    0.00
平均时间:  all   93.77    0.00    6.11    0.00    0.00    0.12    0.00    0.00    0.00

Linux 2.6.32-431.el6.x86_64 (slave2) 	2019年07月23日 	_x86_64_	(8 CPU)

22时49分52秒  CPU    %usr   %nice    %sys %iowait    %irq   %soft  %steal  %guest   %idle
22时49分53秒  all   93.56    0.00    6.07    0.00    0.12    0.00    0.00    0.00    0.25
平均时间:  all   93.56    0.00    6.07    0.00    0.12    0.00    0.00    0.00    0.25

Linux 2.6.32-431.el6.x86_64 (slave2) 	2019年07月23日 	_x86_64_	(8 CPU)

22时49分56秒  CPU    %usr   %nice    %sys %iowait    %irq   %soft  %steal  %guest   %idle
22时49分57秒  all   74.30    0.00    5.70    0.00    0.00    0.13    0.00    0.00   19.87
平均时间:  all   74.30    0.00    5.70    0.00    0.00    0.13    0.00    0.00   19.87

Linux 2.6.32-431.el6.x86_64 (slave2) 	2019年07月23日 	_x86_64_	(8 CPU)

22时50分00秒  CPU    %usr   %nice    %sys %iowait    %irq   %soft  %steal  %guest   %idle
22时50分01秒  all   32.86    0.00    3.47    0.13    0.13    0.00    0.00    0.00   63.41
平均时间:  all   32.86    0.00    3.47    0.13    0.13    0.00    0.00    0.00   63.41

Linux 2.6.32-431.el6.x86_64 (slave2) 	2019年07月23日 	_x86_64_	(8 CPU)

22时50分04秒  CPU    %usr   %nice    %sys %iowait    %irq   %soft  %steal  %guest   %idle
22时50分05秒  all   28.79    0.00    4.37    0.00    0.00    0.26    0.00    0.00   66.58
平均时间:  all   28.79    0.00    4.37    0.00    0.00    0.26    0.00    0.00   66.58

Linux 2.6.32-431.el6.x86_64 (slave2) 	2019年07月23日 	_x86_64_	(8 CPU)

22时50分08秒  CPU    %usr   %nice    %sys %iowait    %irq   %soft  %steal  %guest   %idle
22时50分09秒  all   14.94    0.00    6.51    0.00    0.00    0.00    0.00    0.00   78.54
平均时间:  all   14.94    0.00    6.51    0.00    0.00    0.00    0.00    0.00   78.54

Linux 2.6.32-431.el6.x86_64 (slave2) 	2019年07月23日 	_x86_64_	(8 CPU)

22时50分12秒  CPU    %usr   %nice    %sys %iowait    %irq   %soft  %steal  %guest   %idle
22时50分13秒  all   58.25    0.00    8.12    0.00    0.00    0.13    0.00    0.00   33.50
平均时间:  all   58.25    0.00    8.12    0.00    0.00    0.13    0.00    0.00   33.50

Linux 2.6.32-431.el6.x86_64 (slave2) 	2019年07月23日 	_x86_64_	(8 CPU)

22时50分16秒  CPU    %usr   %nice    %sys %iowait    %irq   %soft  %steal  %guest   %idle
22时50分17秒  all   48.16    0.00    6.23    0.00    0.00    0.13    0.00    0.00   45.49
平均时间:  all   48.16    0.00    6.23    0.00    0.00    0.13    0.00    0.00   45.49

Linux 2.6.32-431.el6.x86_64 (slave2) 	2019年07月23日 	_x86_64_	(8 CPU)

22时50分20秒  CPU    %usr   %nice    %sys %iowait    %irq   %soft  %steal  %guest   %idle
22时50分21秒  all   55.22    0.00    7.38    0.00    0.00    0.00    0.00    0.00   37.40
平均时间:  all   55.22    0.00    7.38    0.00    0.00    0.00    0.00    0.00   37.40

Linux 2.6.32-431.el6.x86_64 (slave2) 	2019年07月23日 	_x86_64_	(8 CPU)

22时50分24秒  CPU    %usr   %nice    %sys %iowait    %irq   %soft  %steal  %guest   %idle
22时50分25秒  all   67.94    0.00    8.27    0.00    0.00    0.13    0.00    0.00   23.66
平均时间:  all   67.94    0.00    8.27    0.00    0.00    0.13    0.00    0.00   23.66

Linux 2.6.32-431.el6.x86_64 (slave2) 	2019年07月23日 	_x86_64_	(8 CPU)

22时50分28秒  CPU    %usr   %nice    %sys %iowait    %irq   %soft  %steal  %guest   %idle
22时50分29秒  all   67.81    0.00    9.89    0.13    0.00    0.00    0.00    0.00   22.18
平均时间:  all   67.81    0.00    9.89    0.13    0.00    0.00    0.00    0.00   22.18

Linux 2.6.32-431.el6.x86_64 (slave2) 	2019年07月23日 	_x86_64_	(8 CPU)

22时50分32秒  CPU    %usr   %nice    %sys %iowait    %irq   %soft  %steal  %guest   %idle
22时50分33秒  all   12.64    0.00    4.55    0.00    0.00    0.13    0.00    0.00   82.68
平均时间:  all   12.64    0.00    4.55    0.00    0.00    0.13    0.00    0.00   82.68

Linux 2.6.32-431.el6.x86_64 (slave2) 	2019年07月23日 	_x86_64_	(8 CPU)

22时50分36秒  CPU    %usr   %nice    %sys %iowait    %irq   %soft  %steal  %guest   %idle
22时50分37秒  all   66.54    0.00    7.35    0.00    0.00    0.00    0.00    0.00   26.11
平均时间:  all   66.54    0.00    7.35    0.00    0.00    0.00    0.00    0.00   26.11

Linux 2.6.32-431.el6.x86_64 (slave2) 	2019年07月23日 	_x86_64_	(8 CPU)

22时50分40秒  CPU    %usr   %nice    %sys %iowait    %irq   %soft  %steal  %guest   %idle
22时50分41秒  all   22.56    0.00    2.95    0.00    0.00    0.77    0.00    0.00   73.72
平均时间:  all   22.56    0.00    2.95    0.00    0.00    0.77    0.00    0.00   73.72

Linux 2.6.32-431.el6.x86_64 (slave2) 	2019年07月23日 	_x86_64_	(8 CPU)

22时50分44秒  CPU    %usr   %nice    %sys %iowait    %irq   %soft  %steal  %guest   %idle
22时50分45秒  all   45.65    0.00    7.29    0.00    0.00    1.53    0.00    0.00   45.52
平均时间:  all   45.65    0.00    7.29    0.00    0.00    1.53    0.00    0.00   45.52

Linux 2.6.32-431.el6.x86_64 (slave2) 	2019年07月23日 	_x86_64_	(8 CPU)

22时50分48秒  CPU    %usr   %nice    %sys %iowait    %irq   %soft  %steal  %guest   %idle
22时50分49秒  all   80.65    0.00   11.06    0.00    0.00    0.25    0.00    0.00    8.04
平均时间:  all   80.65    0.00   11.06    0.00    0.00    0.25    0.00    0.00    8.04

Linux 2.6.32-431.el6.x86_64 (slave2) 	2019年07月23日 	_x86_64_	(8 CPU)

22时50分52秒  CPU    %usr   %nice    %sys %iowait    %irq   %soft  %steal  %guest   %idle
22时50分53秒  all   43.28    0.00    6.15    0.00    0.00    0.51    0.00    0.00   50.06
平均时间:  all   43.28    0.00    6.15    0.00    0.00    0.51    0.00    0.00   50.06

Linux 2.6.32-431.el6.x86_64 (slave2) 	2019年07月23日 	_x86_64_	(8 CPU)

22时50分56秒  CPU    %usr   %nice    %sys %iowait    %irq   %soft  %steal  %guest   %idle
22时50分57秒  all   66.92    0.00   10.35    0.00    0.00    0.76    0.00    0.00   21.97
平均时间:  all   66.92    0.00   10.35    0.00    0.00    0.76    0.00    0.00   21.97

Linux 2.6.32-431.el6.x86_64 (slave2) 	2019年07月23日 	_x86_64_	(8 CPU)

22时51分00秒  CPU    %usr   %nice    %sys %iowait    %irq   %soft  %steal  %guest   %idle
22时51分01秒  all   60.36    0.00    8.13    0.00    0.00    0.13    0.00    0.00   31.39
平均时间:  all   60.36    0.00    8.13    0.00    0.00    0.13    0.00    0.00   31.39

Linux 2.6.32-431.el6.x86_64 (slave2) 	2019年07月23日 	_x86_64_	(8 CPU)

22时51分04秒  CPU    %usr   %nice    %sys %iowait    %irq   %soft  %steal  %guest   %idle
22时51分05秒  all   91.75    0.00    7.12    0.00    0.00    0.50    0.00    0.00    0.62
平均时间:  all   91.75    0.00    7.12    0.00    0.00    0.50    0.00    0.00    0.62

Linux 2.6.32-431.el6.x86_64 (slave2) 	2019年07月23日 	_x86_64_	(8 CPU)

22时51分08秒  CPU    %usr   %nice    %sys %iowait    %irq   %soft  %steal  %guest   %idle
22时51分09秒  all   66.45    0.00    9.40    0.00    0.00    1.14    0.00    0.00   23.00
平均时间:  all   66.45    0.00    9.40    0.00    0.00    1.14    0.00    0.00   23.00

Linux 2.6.32-431.el6.x86_64 (slave2) 	2019年07月23日 	_x86_64_	(8 CPU)

22时51分12秒  CPU    %usr   %nice    %sys %iowait    %irq   %soft  %steal  %guest   %idle
22时51分13秒  all   85.66    0.00    8.30    0.00    0.00    0.50    0.00    0.00    5.53
平均时间:  all   85.66    0.00    8.30    0.00    0.00    0.50    0.00    0.00    5.53

Linux 2.6.32-431.el6.x86_64 (slave2) 	2019年07月23日 	_x86_64_	(8 CPU)

22时51分16秒  CPU    %usr   %nice    %sys %iowait    %irq   %soft  %steal  %guest   %idle
22时51分17秒  all   53.86    0.00    2.78    0.00    0.00    0.25    0.00    0.00   43.11
平均时间:  all   53.86    0.00    2.78    0.00    0.00    0.25    0.00    0.00   43.11

Linux 2.6.32-431.el6.x86_64 (slave2) 	2019年07月23日 	_x86_64_	(8 CPU)

22时51分20秒  CPU    %usr   %nice    %sys %iowait    %irq   %soft  %steal  %guest   %idle
22时51分21秒  all   90.61    0.00    7.01    0.00    0.00    0.25    0.00    0.00    2.13
平均时间:  all   90.61    0.00    7.01    0.00    0.00    0.25    0.00    0.00    2.13

Linux 2.6.32-431.el6.x86_64 (slave2) 	2019年07月23日 	_x86_64_	(8 CPU)

22时51分24秒  CPU    %usr   %nice    %sys %iowait    %irq   %soft  %steal  %guest   %idle
22时51分25秒  all   64.52    0.00    8.21    0.00    0.00    0.38    0.00    0.00   26.89
平均时间:  all   64.52    0.00    8.21    0.00    0.00    0.38    0.00    0.00   26.89

Linux 2.6.32-431.el6.x86_64 (slave2) 	2019年07月23日 	_x86_64_	(8 CPU)

22时51分29秒  CPU    %usr   %nice    %sys %iowait    %irq   %soft  %steal  %guest   %idle
22时51分30秒  all   61.66    0.00    3.03    0.00    0.00    1.01    0.00    0.00   34.30
平均时间:  all   61.66    0.00    3.03    0.00    0.00    1.01    0.00    0.00   34.30

Linux 2.6.32-431.el6.x86_64 (slave2) 	2019年07月23日 	_x86_64_	(8 CPU)

22时51分33秒  CPU    %usr   %nice    %sys %iowait    %irq   %soft  %steal  %guest   %idle
22时51分34秒  all   44.59    0.00    2.17    0.00    0.00    1.02    0.00    0.00   52.23
平均时间:  all   44.59    0.00    2.17    0.00    0.00    1.02    0.00    0.00   52.23

Linux 2.6.32-431.el6.x86_64 (slave2) 	2019年07月23日 	_x86_64_	(8 CPU)

22时51分37秒  CPU    %usr   %nice    %sys %iowait    %irq   %soft  %steal  %guest   %idle
22时51分38秒  all   94.38    0.00    4.49    0.00    0.12    0.37    0.00    0.00    0.62
平均时间:  all   94.38    0.00    4.49    0.00    0.12    0.37    0.00    0.00    0.62

Linux 2.6.32-431.el6.x86_64 (slave2) 	2019年07月23日 	_x86_64_	(8 CPU)

22时51分41秒  CPU    %usr   %nice    %sys %iowait    %irq   %soft  %steal  %guest   %idle
22时51分42秒  all   39.79    0.00   10.34    0.00    0.00    1.42    0.00    0.00   48.45
平均时间:  all   39.79    0.00   10.34    0.00    0.00    1.42    0.00    0.00   48.45

Linux 2.6.32-431.el6.x86_64 (slave2) 	2019年07月23日 	_x86_64_	(8 CPU)

22时51分45秒  CPU    %usr   %nice    %sys %iowait    %irq   %soft  %steal  %guest   %idle
22时51分46秒  all   34.69    0.00    1.91    0.00    0.00    1.65    0.00    0.00   61.75
平均时间:  all   34.69    0.00    1.91    0.00    0.00    1.65    0.00    0.00   61.75

Linux 2.6.32-431.el6.x86_64 (slave2) 	2019年07月23日 	_x86_64_	(8 CPU)

22时51分49秒  CPU    %usr   %nice    %sys %iowait    %irq   %soft  %steal  %guest   %idle
22时51分50秒  all   33.33    0.00    3.16    0.00    0.00    1.52    0.00    0.00   61.99
平均时间:  all   33.33    0.00    3.16    0.00    0.00    1.52    0.00    0.00   61.99

Linux 2.6.32-431.el6.x86_64 (slave2) 	2019年07月23日 	_x86_64_	(8 CPU)

22时51分53秒  CPU    %usr   %nice    %sys %iowait    %irq   %soft  %steal  %guest   %idle
22时51分54秒  all   31.99    0.00    1.39    0.00    0.00    0.13    0.00    0.00   66.50
平均时间:  all   31.99    0.00    1.39    0.00    0.00    0.13    0.00    0.00   66.50

Linux 2.6.32-431.el6.x86_64 (slave2) 	2019年07月23日 	_x86_64_	(8 CPU)

22时51分57秒  CPU    %usr   %nice    %sys %iowait    %irq   %soft  %steal  %guest   %idle
22时51分58秒  all   29.30    0.00    3.44    0.00    0.00    2.04    0.00    0.00   65.22
平均时间:  all   29.30    0.00    3.44    0.00    0.00    2.04    0.00    0.00   65.22

Linux 2.6.32-431.el6.x86_64 (slave2) 	2019年07月23日 	_x86_64_	(8 CPU)

22时52分01秒  CPU    %usr   %nice    %sys %iowait    %irq   %soft  %steal  %guest   %idle
22时52分02秒  all   21.26    0.00    0.88    0.00    0.00    0.00    0.00    0.00   77.86
平均时间:  all   21.26    0.00    0.88    0.00    0.00    0.00    0.00    0.00   77.86

Linux 2.6.32-431.el6.x86_64 (slave2) 	2019年07月23日 	_x86_64_	(8 CPU)

22时52分05秒  CPU    %usr   %nice    %sys %iowait    %irq   %soft  %steal  %guest   %idle
22时52分06秒  all   36.24    0.00    5.76    0.00    0.13    1.02    0.00    0.00   56.85
平均时间:  all   36.24    0.00    5.76    0.00    0.13    1.02    0.00    0.00   56.85

Linux 2.6.32-431.el6.x86_64 (slave2) 	2019年07月23日 	_x86_64_	(8 CPU)

22时52分09秒  CPU    %usr   %nice    %sys %iowait    %irq   %soft  %steal  %guest   %idle
22时52分10秒  all    0.13    0.00    0.63    0.00    0.00    0.00    0.00    0.00   99.25
平均时间:  all    0.13    0.00    0.63    0.00    0.00    0.00    0.00    0.00   99.25

Linux 2.6.32-431.el6.x86_64 (slave2) 	2019年07月23日 	_x86_64_	(8 CPU)

22时52分13秒  CPU    %usr   %nice    %sys %iowait    %irq   %soft  %steal  %guest   %idle
22时52分14秒  all    0.00    0.00    0.25    0.00    0.00    0.25    0.00    0.00   99.50
平均时间:  all    0.00    0.00    0.25    0.00    0.00    0.25    0.00    0.00   99.50

