
2019年 07月 23日 星期二 22:48:53 CST
             total       used       free     shared    buffers     cached
Mem:         15945       9981       5964          0        114       7933
-/+ buffers/cache:       1933      14012
Swap:         8039          0       8039

2019年 07月 23日 星期二 22:48:57 CST
             total       used       free     shared    buffers     cached
Mem:         15945       9981       5964          0        114       7933
-/+ buffers/cache:       1933      14012
Swap:         8039          0       8039

2019年 07月 23日 星期二 22:49:01 CST
             total       used       free     shared    buffers     cached
Mem:         15945       9981       5964          0        114       7933
-/+ buffers/cache:       1933      14012
Swap:         8039          0       8039

2019年 07月 23日 星期二 22:49:05 CST
             total       used       free     shared    buffers     cached
Mem:         15945       9980       5964          0        114       7933
-/+ buffers/cache:       1932      14012
Swap:         8039          0       8039

2019年 07月 23日 星期二 22:49:09 CST
             total       used       free     shared    buffers     cached
Mem:         15945      10045       5899          0        114       7997
-/+ buffers/cache:       1933      14011
Swap:         8039          0       8039

2019年 07月 23日 星期二 22:49:13 CST
             total       used       free     shared    buffers     cached
Mem:         15945      10270       5675          0        114       8219
-/+ buffers/cache:       1936      14008
Swap:         8039          0       8039

2019年 07月 23日 星期二 22:49:17 CST
             total       used       free     shared    buffers     cached
Mem:         15945      10642       5303          0        114       8496
-/+ buffers/cache:       2031      13914
Swap:         8039          0       8039

2019年 07月 23日 星期二 22:49:21 CST
             total       used       free     shared    buffers     cached
Mem:         15945      11056       4889          0        114       8776
-/+ buffers/cache:       2165      13779
Swap:         8039          0       8039

2019年 07月 23日 星期二 22:49:25 CST
             total       used       free     shared    buffers     cached
Mem:         15945      11430       4515          0        114       9019
-/+ buffers/cache:       2295      13649
Swap:         8039          0       8039

2019年 07月 23日 星期二 22:49:29 CST
             total       used       free     shared    buffers     cached
Mem:         15945      11786       4158          0        114       9250
-/+ buffers/cache:       2421      13523
Swap:         8039          0       8039

2019年 07月 23日 星期二 22:49:33 CST
             total       used       free     shared    buffers     cached
Mem:         15945      12511       3433          0        114       9567
-/+ buffers/cache:       2829      13115
Swap:         8039          0       8039

2019年 07月 23日 星期二 22:49:37 CST
             total       used       free     shared    buffers     cached
Mem:         15945      13891       2053          0        114      10505
-/+ buffers/cache:       3271      12674
Swap:         8039          0       8039

2019年 07月 23日 星期二 22:49:41 CST
             total       used       free     shared    buffers     cached
Mem:         15945      14556       1389          0        114      10513
-/+ buffers/cache:       3928      12017
Swap:         8039          0       8039

2019年 07月 23日 星期二 22:49:45 CST
             total       used       free     shared    buffers     cached
Mem:         15945      15200        745          0        114      10515
-/+ buffers/cache:       4569      11376
Swap:         8039          0       8039

2019年 07月 23日 星期二 22:49:49 CST
             total       used       free     shared    buffers     cached
Mem:         15945      15462        482          0        114      10516
-/+ buffers/cache:       4831      11114
Swap:         8039          0       8039

2019年 07月 23日 星期二 22:49:53 CST
             total       used       free     shared    buffers     cached
Mem:         15945      15777        168          0        114      10439
-/+ buffers/cache:       5223      10722
Swap:         8039          0       8039

2019年 07月 23日 星期二 22:49:57 CST
             total       used       free     shared    buffers     cached
Mem:         15945      15780        165          0        114      10131
-/+ buffers/cache:       5534      10411
Swap:         8039          0       8039

2019年 07月 23日 星期二 22:50:01 CST
             total       used       free     shared    buffers     cached
Mem:         15945      15781        164          0        114      10070
-/+ buffers/cache:       5595      10349
Swap:         8039          0       8039

2019年 07月 23日 星期二 22:50:05 CST
             total       used       free     shared    buffers     cached
Mem:         15945      15786        158          0        114      10071
-/+ buffers/cache:       5600      10344
Swap:         8039          0       8039

2019年 07月 23日 星期二 22:50:09 CST
             total       used       free     shared    buffers     cached
Mem:         15945      14424       1521          0        114      10054
-/+ buffers/cache:       4255      11690
Swap:         8039          0       8039

2019年 07月 23日 星期二 22:50:13 CST
             total       used       free     shared    buffers     cached
Mem:         15945      14807       1137          0        114      10220
-/+ buffers/cache:       4472      11472
Swap:         8039          0       8039

2019年 07月 23日 星期二 22:50:17 CST
             total       used       free     shared    buffers     cached
Mem:         15945      15017        928          0        114      10220
-/+ buffers/cache:       4682      11263
Swap:         8039          0       8039

2019年 07月 23日 星期二 22:50:21 CST
             total       used       free     shared    buffers     cached
Mem:         15945      15775        170          0        114      10224
-/+ buffers/cache:       5436      10509
Swap:         8039          0       8039

2019年 07月 23日 星期二 22:50:25 CST
             total       used       free     shared    buffers     cached
Mem:         15945      15161        783          0        114      10029
-/+ buffers/cache:       5017      10927
Swap:         8039          0       8039

2019年 07月 23日 星期二 22:50:29 CST
             total       used       free     shared    buffers     cached
Mem:         15945      14370       1574          0        114      10027
-/+ buffers/cache:       4228      11716
Swap:         8039          0       8039

2019年 07月 23日 星期二 22:50:33 CST
             total       used       free     shared    buffers     cached
Mem:         15945      14416       1528          0        114       9822
-/+ buffers/cache:       4479      11466
Swap:         8039          0       8039

2019年 07月 23日 星期二 22:50:37 CST
             total       used       free     shared    buffers     cached
Mem:         15945      15538        406          0        114       9825
-/+ buffers/cache:       5598      10347
Swap:         8039          0       8039

2019年 07月 23日 星期二 22:50:41 CST
             total       used       free     shared    buffers     cached
Mem:         15945      15788        157          0        114       9509
-/+ buffers/cache:       6163       9781
Swap:         8039          0       8039

2019年 07月 23日 星期二 22:50:45 CST
             total       used       free     shared    buffers     cached
Mem:         15945      14032       1913          0        114       9392
-/+ buffers/cache:       4524      11420
Swap:         8039          0       8039

2019年 07月 23日 星期二 22:50:49 CST
             total       used       free     shared    buffers     cached
Mem:         15945      14718       1227          0        114       9414
-/+ buffers/cache:       5188      10756
Swap:         8039          0       8039

2019年 07月 23日 星期二 22:50:53 CST
             total       used       free     shared    buffers     cached
Mem:         15945      14912       1032          0        114       9416
-/+ buffers/cache:       5381      10564
Swap:         8039          0       8039

2019年 07月 23日 星期二 22:50:57 CST
             total       used       free     shared    buffers     cached
Mem:         15945      14401       1544          0        114       9546
-/+ buffers/cache:       4739      11205
Swap:         8039          0       8039

2019年 07月 23日 星期二 22:51:01 CST
             total       used       free     shared    buffers     cached
Mem:         15945      15160        784          0        114       9547
-/+ buffers/cache:       5498      10447
Swap:         8039          0       8039

2019年 07月 23日 星期二 22:51:05 CST
             total       used       free     shared    buffers     cached
Mem:         15945      15623        321          0        114       9554
-/+ buffers/cache:       5954       9990
Swap:         8039          0       8039

2019年 07月 23日 星期二 22:51:09 CST
             total       used       free     shared    buffers     cached
Mem:         15945      15782        163          0        114       9337
-/+ buffers/cache:       6330       9614
Swap:         8039          0       8039

2019年 07月 23日 星期二 22:51:13 CST
             total       used       free     shared    buffers     cached
Mem:         15945      14268       1677          0        114       9345
-/+ buffers/cache:       4808      11137
Swap:         8039          0       8039

2019年 07月 23日 星期二 22:51:17 CST
             total       used       free     shared    buffers     cached
Mem:         15945      14135       1810          0        114       8964
-/+ buffers/cache:       5055      10889
Swap:         8039          0       8039

2019年 07月 23日 星期二 22:51:21 CST
             total       used       free     shared    buffers     cached
Mem:         15945      14966        979          0        114       8964
-/+ buffers/cache:       5887      10058
Swap:         8039          0       8039

2019年 07月 23日 星期二 22:51:25 CST
             total       used       free     shared    buffers     cached
Mem:         15945      15260        685          0        114       8971
-/+ buffers/cache:       6174       9771
Swap:         8039          0       8039

2019年 07月 23日 星期二 22:51:30 CST
             total       used       free     shared    buffers     cached
Mem:         15945      15435        510          0        114       8975
-/+ buffers/cache:       6345       9600
Swap:         8039          0       8039

2019年 07月 23日 星期二 22:51:34 CST
             total       used       free     shared    buffers     cached
Mem:         15945      15553        391          0        114       9028
-/+ buffers/cache:       6410       9535
Swap:         8039          0       8039

2019年 07月 23日 星期二 22:51:38 CST
             total       used       free     shared    buffers     cached
Mem:         15945      15729        216          0        114       9067
-/+ buffers/cache:       6546       9398
Swap:         8039          0       8039

2019年 07月 23日 星期二 22:51:42 CST
             total       used       free     shared    buffers     cached
Mem:         15945      13582       2363          0        114       9046
-/+ buffers/cache:       4420      11525
Swap:         8039          0       8039

2019年 07月 23日 星期二 22:51:46 CST
             total       used       free     shared    buffers     cached
Mem:         15945      13675       2269          0        114       9103
-/+ buffers/cache:       4457      11487
Swap:         8039          0       8039

2019年 07月 23日 星期二 22:51:50 CST
             total       used       free     shared    buffers     cached
Mem:         15945      13541       2403          0        114       8928
-/+ buffers/cache:       4497      11447
Swap:         8039          0       8039

2019年 07月 23日 星期二 22:51:54 CST
             total       used       free     shared    buffers     cached
Mem:         15945      13404       2540          0        114       8758
-/+ buffers/cache:       4531      11414
Swap:         8039          0       8039

2019年 07月 23日 星期二 22:51:58 CST
             total       used       free     shared    buffers     cached
Mem:         15945      13514       2430          0        114       8794
-/+ buffers/cache:       4605      11340
Swap:         8039          0       8039

2019年 07月 23日 星期二 22:52:02 CST
             total       used       free     shared    buffers     cached
Mem:         15945      12932       3013          0        114       8823
-/+ buffers/cache:       3993      11951
Swap:         8039          0       8039

2019年 07月 23日 星期二 22:52:06 CST
             total       used       free     shared    buffers     cached
Mem:         15945      13061       2884          0        114       8847
-/+ buffers/cache:       4098      11847
Swap:         8039          0       8039

2019年 07月 23日 星期二 22:52:10 CST
             total       used       free     shared    buffers     cached
Mem:         15945      10723       5222          0        114       8652
-/+ buffers/cache:       1955      13989
Swap:         8039          0       8039

2019年 07月 23日 星期二 22:52:14 CST
             total       used       free     shared    buffers     cached
Mem:         15945      10535       5409          0        115       8467
-/+ buffers/cache:       1953      13991
Swap:         8039          0       8039

