
2019年 07月 23日 星期二 22:48:51 CST
             total       used       free     shared    buffers     cached
Mem:         15945       9659       6285          0        106       7620
-/+ buffers/cache:       1933      14011
Swap:         8039          0       8039

2019年 07月 23日 星期二 22:48:55 CST
             total       used       free     shared    buffers     cached
Mem:         15945       9659       6285          0        106       7620
-/+ buffers/cache:       1933      14011
Swap:         8039          0       8039

2019年 07月 23日 星期二 22:48:59 CST
             total       used       free     shared    buffers     cached
Mem:         15945       9659       6285          0        106       7620
-/+ buffers/cache:       1933      14012
Swap:         8039          0       8039

2019年 07月 23日 星期二 22:49:03 CST
             total       used       free     shared    buffers     cached
Mem:         15945       9658       6286          0        106       7620
-/+ buffers/cache:       1932      14012
Swap:         8039          0       8039

2019年 07月 23日 星期二 22:49:07 CST
             total       used       free     shared    buffers     cached
Mem:         15945       9693       6252          0        106       7654
-/+ buffers/cache:       1932      14013
Swap:         8039          0       8039

2019年 07月 23日 星期二 22:49:11 CST
             total       used       free     shared    buffers     cached
Mem:         15945       9870       6075          0        106       7828
-/+ buffers/cache:       1935      14010
Swap:         8039          0       8039

2019年 07月 23日 星期二 22:49:15 CST
             total       used       free     shared    buffers     cached
Mem:         15945      10364       5581          0        106       8139
-/+ buffers/cache:       2118      13827
Swap:         8039          0       8039

2019年 07月 23日 星期二 22:49:19 CST
             total       used       free     shared    buffers     cached
Mem:         15945      11117       4827          0        106       8475
-/+ buffers/cache:       2536      13409
Swap:         8039          0       8039

2019年 07月 23日 星期二 22:49:23 CST
             total       used       free     shared    buffers     cached
Mem:         15945      11747       4197          0        106       8735
-/+ buffers/cache:       2906      13039
Swap:         8039          0       8039

2019年 07月 23日 星期二 22:49:27 CST
             total       used       free     shared    buffers     cached
Mem:         15945      12370       3574          0        106       9063
-/+ buffers/cache:       3201      12744
Swap:         8039          0       8039

2019年 07月 23日 星期二 22:49:31 CST
             total       used       free     shared    buffers     cached
Mem:         15945      13076       2869          0        106       9429
-/+ buffers/cache:       3540      12405
Swap:         8039          0       8039

2019年 07月 23日 星期二 22:49:36 CST
             total       used       free     shared    buffers     cached
Mem:         15945      13595       2349          0        106       9537
-/+ buffers/cache:       3951      11993
Swap:         8039          0       8039

2019年 07月 23日 星期二 22:49:40 CST
             total       used       free     shared    buffers     cached
Mem:         15945      14056       1889          0        106       9557
-/+ buffers/cache:       4392      11553
Swap:         8039          0       8039

2019年 07月 23日 星期二 22:49:44 CST
             total       used       free     shared    buffers     cached
Mem:         15945      14445       1500          0        106       9558
-/+ buffers/cache:       4780      11164
Swap:         8039          0       8039

2019年 07月 23日 星期二 22:49:48 CST
             total       used       free     shared    buffers     cached
Mem:         15945      14721       1224          0        106       9559
-/+ buffers/cache:       5055      10890
Swap:         8039          0       8039

2019年 07月 23日 星期二 22:49:52 CST
             total       used       free     shared    buffers     cached
Mem:         15945      14786       1159          0        106       9559
-/+ buffers/cache:       5120      10825
Swap:         8039          0       8039

2019年 07月 23日 星期二 22:49:56 CST
             total       used       free     shared    buffers     cached
Mem:         15945      14789       1155          0        106       9559
-/+ buffers/cache:       5123      10821
Swap:         8039          0       8039

2019年 07月 23日 星期二 22:50:00 CST
             total       used       free     shared    buffers     cached
Mem:         15945      14830       1114          0        106       9560
-/+ buffers/cache:       5164      10781
Swap:         8039          0       8039

2019年 07月 23日 星期二 22:50:04 CST
             total       used       free     shared    buffers     cached
Mem:         15945      14858       1087          0        106       9562
-/+ buffers/cache:       5189      10756
Swap:         8039          0       8039

2019年 07月 23日 星期二 22:50:08 CST
             total       used       free     shared    buffers     cached
Mem:         15945      14873       1071          0        106       9564
-/+ buffers/cache:       5202      10743
Swap:         8039          0       8039

2019年 07月 23日 星期二 22:50:12 CST
             total       used       free     shared    buffers     cached
Mem:         15945      14350       1595          0        106       9565
-/+ buffers/cache:       4678      11267
Swap:         8039          0       8039

2019年 07月 23日 星期二 22:50:16 CST
             total       used       free     shared    buffers     cached
Mem:         15945      14726       1218          0        106       9547
-/+ buffers/cache:       5073      10872
Swap:         8039          0       8039

2019年 07月 23日 星期二 22:50:20 CST
             total       used       free     shared    buffers     cached
Mem:         15945      14996        948          0        106       9548
-/+ buffers/cache:       5341      10603
Swap:         8039          0       8039

2019年 07月 23日 星期二 22:50:24 CST
             total       used       free     shared    buffers     cached
Mem:         15945      15037        907          0        106       9548
-/+ buffers/cache:       5382      10563
Swap:         8039          0       8039

2019年 07月 23日 星期二 22:50:28 CST
             total       used       free     shared    buffers     cached
Mem:         15945      13584       2360          0        106       9826
-/+ buffers/cache:       3652      12293
Swap:         8039          0       8039

2019年 07月 23日 星期二 22:50:32 CST
             total       used       free     shared    buffers     cached
Mem:         15945      14136       1808          0        106       9712
-/+ buffers/cache:       4317      11627
Swap:         8039          0       8039

2019年 07月 23日 星期二 22:50:36 CST
             total       used       free     shared    buffers     cached
Mem:         15945      15038        907          0        106       9715
-/+ buffers/cache:       5216      10729
Swap:         8039          0       8039

2019年 07月 23日 星期二 22:50:40 CST
             total       used       free     shared    buffers     cached
Mem:         15945      15283        662          0        106       9715
-/+ buffers/cache:       5461      10484
Swap:         8039          0       8039

2019年 07月 23日 星期二 22:50:44 CST
             total       used       free     shared    buffers     cached
Mem:         15945      14782       1162          0        106       9714
-/+ buffers/cache:       4961      10983
Swap:         8039          0       8039

2019年 07月 23日 星期二 22:50:48 CST
             total       used       free     shared    buffers     cached
Mem:         15945      14917       1027          0        106       9537
-/+ buffers/cache:       5273      10671
Swap:         8039          0       8039

2019年 07月 23日 星期二 22:50:52 CST
             total       used       free     shared    buffers     cached
Mem:         15945      15547        398          0        106       9538
-/+ buffers/cache:       5902      10043
Swap:         8039          0       8039

2019年 07月 23日 星期二 22:50:56 CST
             total       used       free     shared    buffers     cached
Mem:         15945      14214       1731          0        106       9892
-/+ buffers/cache:       4215      11729
Swap:         8039          0       8039

2019年 07月 23日 星期二 22:51:00 CST
             total       used       free     shared    buffers     cached
Mem:         15945      14789       1156          0        106       9855
-/+ buffers/cache:       4827      11117
Swap:         8039          0       8039

2019年 07月 23日 星期二 22:51:04 CST
             total       used       free     shared    buffers     cached
Mem:         15945      15506        439          0        106       9865
-/+ buffers/cache:       5534      10410
Swap:         8039          0       8039

2019年 07月 23日 星期二 22:51:08 CST
             total       used       free     shared    buffers     cached
Mem:         15945      15782        162          0        106       9577
-/+ buffers/cache:       6098       9847
Swap:         8039          0       8039

2019年 07月 23日 星期二 22:51:12 CST
             total       used       free     shared    buffers     cached
Mem:         15945      12428       3516          0        106       9462
-/+ buffers/cache:       2860      13085
Swap:         8039          0       8039

2019年 07月 23日 星期二 22:51:16 CST
             total       used       free     shared    buffers     cached
Mem:         15945      13266       2678          0        106       9718
-/+ buffers/cache:       3442      12503
Swap:         8039          0       8039

2019年 07月 23日 星期二 22:51:20 CST
             total       used       free     shared    buffers     cached
Mem:         15945      13579       2365          0        106       9333
-/+ buffers/cache:       4140      11805
Swap:         8039          0       8039

2019年 07月 23日 星期二 22:51:24 CST
             total       used       free     shared    buffers     cached
Mem:         15945      14426       1518          0        106       9339
-/+ buffers/cache:       4981      10964
Swap:         8039          0       8039

2019年 07月 23日 星期二 22:51:28 CST
             total       used       free     shared    buffers     cached
Mem:         15945      14061       1884          0        106       9339
-/+ buffers/cache:       4616      11329
Swap:         8039          0       8039

2019年 07月 23日 星期二 22:51:32 CST
             total       used       free     shared    buffers     cached
Mem:         15945      14329       1616          0        106       9323
-/+ buffers/cache:       4899      11046
Swap:         8039          0       8039

2019年 07月 23日 星期二 22:51:36 CST
             total       used       free     shared    buffers     cached
Mem:         15945      14522       1423          0        106       9327
-/+ buffers/cache:       5088      10857
Swap:         8039          0       8039

2019年 07月 23日 星期二 22:51:40 CST
             total       used       free     shared    buffers     cached
Mem:         15945      14854       1090          0        106       9375
-/+ buffers/cache:       5373      10572
Swap:         8039          0       8039

2019年 07月 23日 星期二 22:51:44 CST
             total       used       free     shared    buffers     cached
Mem:         15945      14285       1660          0        106       9189
-/+ buffers/cache:       4989      10956
Swap:         8039          0       8039

2019年 07月 23日 星期二 22:51:48 CST
             total       used       free     shared    buffers     cached
Mem:         15945      13724       2221          0        106       9199
-/+ buffers/cache:       4418      11526
Swap:         8039          0       8039

2019年 07月 23日 星期二 22:51:52 CST
             total       used       free     shared    buffers     cached
Mem:         15945      13380       2565          0        106       9201
-/+ buffers/cache:       4072      11873
Swap:         8039          0       8039

2019年 07月 23日 星期二 22:51:56 CST
             total       used       free     shared    buffers     cached
Mem:         15945      13288       2656          0        106       9036
-/+ buffers/cache:       4145      11799
Swap:         8039          0       8039

2019年 07月 23日 星期二 22:52:00 CST
             total       used       free     shared    buffers     cached
Mem:         15945      11093       4852          0        106       9030
-/+ buffers/cache:       1956      13989
Swap:         8039          0       8039

2019年 07月 23日 星期二 22:52:04 CST
             total       used       free     shared    buffers     cached
Mem:         15945      10917       5028          0        106       8856
-/+ buffers/cache:       1953      13991
Swap:         8039          0       8039

2019年 07月 23日 星期二 22:52:08 CST
             total       used       free     shared    buffers     cached
Mem:         15945      10951       4994          0        106       8892
-/+ buffers/cache:       1952      13992
Swap:         8039          0       8039

2019年 07月 23日 星期二 22:52:12 CST
             total       used       free     shared    buffers     cached
Mem:         15945      10951       4994          0        106       8892
-/+ buffers/cache:       1952      13993
Swap:         8039          0       8039

