
Linux 2.6.32-431.el6.x86_64 (slave1) 	2019年07月25日 	_x86_64_	(8 CPU)

00时00分24秒  CPU    %usr   %nice    %sys %iowait    %irq   %soft  %steal  %guest   %idle
00时00分25秒  all    0.38    0.00    0.13    0.00    0.00    0.00    0.00    0.00   99.50
平均时间:  all    0.38    0.00    0.13    0.00    0.00    0.00    0.00    0.00   99.50

Linux 2.6.32-431.el6.x86_64 (slave1) 	2019年07月25日 	_x86_64_	(8 CPU)

00时00分28秒  CPU    %usr   %nice    %sys %iowait    %irq   %soft  %steal  %guest   %idle
00时00分29秒  all    0.00    0.00    0.13    0.00    0.00    0.00    0.00    0.00   99.87
平均时间:  all    0.00    0.00    0.13    0.00    0.00    0.00    0.00    0.00   99.87

Linux 2.6.32-431.el6.x86_64 (slave1) 	2019年07月25日 	_x86_64_	(8 CPU)

00时00分32秒  CPU    %usr   %nice    %sys %iowait    %irq   %soft  %steal  %guest   %idle
00时00分33秒  all    0.00    0.00    0.00    0.00    0.00    0.00    0.00    0.00  100.00
平均时间:  all    0.00    0.00    0.00    0.00    0.00    0.00    0.00    0.00  100.00

Linux 2.6.32-431.el6.x86_64 (slave1) 	2019年07月25日 	_x86_64_	(8 CPU)

00时00分36秒  CPU    %usr   %nice    %sys %iowait    %irq   %soft  %steal  %guest   %idle
00时00分37秒  all    0.00    0.00    0.00    0.00    0.00    0.00    0.00    0.00  100.00
平均时间:  all    0.00    0.00    0.00    0.00    0.00    0.00    0.00    0.00  100.00

Linux 2.6.32-431.el6.x86_64 (slave1) 	2019年07月25日 	_x86_64_	(8 CPU)

00时00分40秒  CPU    %usr   %nice    %sys %iowait    %irq   %soft  %steal  %guest   %idle
00时00分41秒  all    0.00    0.00    0.00    0.00    0.00    0.00    0.00    0.00  100.00
平均时间:  all    0.00    0.00    0.00    0.00    0.00    0.00    0.00    0.00  100.00

Linux 2.6.32-431.el6.x86_64 (slave1) 	2019年07月25日 	_x86_64_	(8 CPU)

00时00分44秒  CPU    %usr   %nice    %sys %iowait    %irq   %soft  %steal  %guest   %idle
00时00分45秒  all    0.90    0.00    9.25    0.00    0.51   10.15    0.00    0.00   79.18
平均时间:  all    0.90    0.00    9.25    0.00    0.51   10.15    0.00    0.00   79.18

Linux 2.6.32-431.el6.x86_64 (slave1) 	2019年07月25日 	_x86_64_	(8 CPU)

00时00分48秒  CPU    %usr   %nice    %sys %iowait    %irq   %soft  %steal  %guest   %idle
00时00分49秒  all    1.30    0.00    7.77    0.00    1.04   16.06    0.00    0.00   73.83
平均时间:  all    1.30    0.00    7.77    0.00    1.04   16.06    0.00    0.00   73.83

Linux 2.6.32-431.el6.x86_64 (slave1) 	2019年07月25日 	_x86_64_	(8 CPU)

00时00分52秒  CPU    %usr   %nice    %sys %iowait    %irq   %soft  %steal  %guest   %idle
00时00分53秒  all    1.06    0.00    7.53    0.00    0.79   19.82    0.00    0.00   70.81
平均时间:  all    1.06    0.00    7.53    0.00    0.79   19.82    0.00    0.00   70.81

Linux 2.6.32-431.el6.x86_64 (slave1) 	2019年07月25日 	_x86_64_	(8 CPU)

00时00分56秒  CPU    %usr   %nice    %sys %iowait    %irq   %soft  %steal  %guest   %idle
00时00分57秒  all    1.06    0.00    6.89    0.00    0.79   19.74    0.00    0.00   71.52
平均时间:  all    1.06    0.00    6.89    0.00    0.79   19.74    0.00    0.00   71.52

Linux 2.6.32-431.el6.x86_64 (slave1) 	2019年07月25日 	_x86_64_	(8 CPU)

00时01分00秒  CPU    %usr   %nice    %sys %iowait    %irq   %soft  %steal  %guest   %idle
00时01分01秒  all    1.07    0.00    7.47    0.13    0.40   20.93    0.00    0.00   70.00
平均时间:  all    1.07    0.00    7.47    0.13    0.40   20.93    0.00    0.00   70.00

Linux 2.6.32-431.el6.x86_64 (slave1) 	2019年07月25日 	_x86_64_	(8 CPU)

00时01分04秒  CPU    %usr   %nice    %sys %iowait    %irq   %soft  %steal  %guest   %idle
00时01分05秒  all    6.52    0.00   11.84    0.00    0.66   19.15    0.00    0.00   61.84
平均时间:  all    6.52    0.00   11.84    0.00    0.66   19.15    0.00    0.00   61.84

Linux 2.6.32-431.el6.x86_64 (slave1) 	2019年07月25日 	_x86_64_	(8 CPU)

00时01分08秒  CPU    %usr   %nice    %sys %iowait    %irq   %soft  %steal  %guest   %idle
00时01分09秒  all    1.04    0.00    9.72    0.00    0.52    8.94    0.00    0.00   79.79
平均时间:  all    1.04    0.00    9.72    0.00    0.52    8.94    0.00    0.00   79.79

Linux 2.6.32-431.el6.x86_64 (slave1) 	2019年07月25日 	_x86_64_	(8 CPU)

00时01分12秒  CPU    %usr   %nice    %sys %iowait    %irq   %soft  %steal  %guest   %idle
00时01分13秒  all    7.35    0.00    3.04    0.00    0.13    1.14    0.00    0.00   88.34
平均时间:  all    7.35    0.00    3.04    0.00    0.13    1.14    0.00    0.00   88.34

Linux 2.6.32-431.el6.x86_64 (slave1) 	2019年07月25日 	_x86_64_	(8 CPU)

00时01分16秒  CPU    %usr   %nice    %sys %iowait    %irq   %soft  %steal  %guest   %idle
00时01分17秒  all   67.30    0.00   20.96    0.13    0.00    3.41    0.00    0.00    8.21
平均时间:  all   67.30    0.00   20.96    0.13    0.00    3.41    0.00    0.00    8.21

Linux 2.6.32-431.el6.x86_64 (slave1) 	2019年07月25日 	_x86_64_	(8 CPU)

00时01分20秒  CPU    %usr   %nice    %sys %iowait    %irq   %soft  %steal  %guest   %idle
00时01分21秒  all   89.89    0.00    9.74    0.00    0.00    0.00    0.00    0.00    0.37
平均时间:  all   89.89    0.00    9.74    0.00    0.00    0.00    0.00    0.00    0.37

Linux 2.6.32-431.el6.x86_64 (slave1) 	2019年07月25日 	_x86_64_	(8 CPU)

00时01分24秒  CPU    %usr   %nice    %sys %iowait    %irq   %soft  %steal  %guest   %idle
00时01分25秒  all   42.71    0.00    5.58    0.00    0.00    0.00    0.00    0.00   51.71
平均时间:  all   42.71    0.00    5.58    0.00    0.00    0.00    0.00    0.00   51.71

Linux 2.6.32-431.el6.x86_64 (slave1) 	2019年07月25日 	_x86_64_	(8 CPU)

00时01分28秒  CPU    %usr   %nice    %sys %iowait    %irq   %soft  %steal  %guest   %idle
00时01分29秒  all   90.14    0.00    9.49    0.00    0.12    0.00    0.00    0.00    0.25
平均时间:  all   90.14    0.00    9.49    0.00    0.12    0.00    0.00    0.00    0.25

Linux 2.6.32-431.el6.x86_64 (slave1) 	2019年07月25日 	_x86_64_	(8 CPU)

00时01分32秒  CPU    %usr   %nice    %sys %iowait    %irq   %soft  %steal  %guest   %idle
00时01分33秒  all   90.49    0.00    8.51    0.00    0.00    0.13    0.00    0.00    0.88
平均时间:  all   90.49    0.00    8.51    0.00    0.00    0.13    0.00    0.00    0.88

Linux 2.6.32-431.el6.x86_64 (slave1) 	2019年07月25日 	_x86_64_	(8 CPU)

00时01分36秒  CPU    %usr   %nice    %sys %iowait    %irq   %soft  %steal  %guest   %idle
00时01分37秒  all   79.75    0.00   13.46    0.00    0.00    0.63    0.00    0.00    6.16
平均时间:  all   79.75    0.00   13.46    0.00    0.00    0.63    0.00    0.00    6.16

Linux 2.6.32-431.el6.x86_64 (slave1) 	2019年07月25日 	_x86_64_	(8 CPU)

00时01分40秒  CPU    %usr   %nice    %sys %iowait    %irq   %soft  %steal  %guest   %idle
00时01分41秒  all   87.73    0.00   11.39    0.00    0.00    0.13    0.00    0.00    0.75
平均时间:  all   87.73    0.00   11.39    0.00    0.00    0.13    0.00    0.00    0.75

Linux 2.6.32-431.el6.x86_64 (slave1) 	2019年07月25日 	_x86_64_	(8 CPU)

00时01分45秒  CPU    %usr   %nice    %sys %iowait    %irq   %soft  %steal  %guest   %idle
00时01分46秒  all   87.59    0.00    8.40    0.00    0.00    0.00    0.00    0.00    4.01
平均时间:  all   87.59    0.00    8.40    0.00    0.00    0.00    0.00    0.00    4.01

Linux 2.6.32-431.el6.x86_64 (slave1) 	2019年07月25日 	_x86_64_	(8 CPU)

00时01分49秒  CPU    %usr   %nice    %sys %iowait    %irq   %soft  %steal  %guest   %idle
00时01分50秒  all   88.92    0.00    7.30    0.00    0.00    0.00    0.00    0.00    3.78
平均时间:  all   88.92    0.00    7.30    0.00    0.00    0.00    0.00    0.00    3.78

Linux 2.6.32-431.el6.x86_64 (slave1) 	2019年07月25日 	_x86_64_	(8 CPU)

00时01分53秒  CPU    %usr   %nice    %sys %iowait    %irq   %soft  %steal  %guest   %idle
00时01分54秒  all   87.33    0.00    9.66    0.00    0.00    0.38    0.00    0.00    2.63
平均时间:  all   87.33    0.00    9.66    0.00    0.00    0.38    0.00    0.00    2.63

Linux 2.6.32-431.el6.x86_64 (slave1) 	2019年07月25日 	_x86_64_	(8 CPU)

00时01分57秒  CPU    %usr   %nice    %sys %iowait    %irq   %soft  %steal  %guest   %idle
00时01分58秒  all   48.10    0.00    4.82    0.00    0.00    0.00    0.00    0.00   47.08
平均时间:  all   48.10    0.00    4.82    0.00    0.00    0.00    0.00    0.00   47.08

Linux 2.6.32-431.el6.x86_64 (slave1) 	2019年07月25日 	_x86_64_	(8 CPU)

00时02分01秒  CPU    %usr   %nice    %sys %iowait    %irq   %soft  %steal  %guest   %idle
00时02分02秒  all   35.37    0.00    4.07    0.00    0.00    0.00    0.00    0.00   60.56
平均时间:  all   35.37    0.00    4.07    0.00    0.00    0.00    0.00    0.00   60.56

Linux 2.6.32-431.el6.x86_64 (slave1) 	2019年07月25日 	_x86_64_	(8 CPU)

00时02分05秒  CPU    %usr   %nice    %sys %iowait    %irq   %soft  %steal  %guest   %idle
00时02分06秒  all   83.52    0.00   10.69    0.00    0.00    0.00    0.00    0.00    5.79
平均时间:  all   83.52    0.00   10.69    0.00    0.00    0.00    0.00    0.00    5.79

Linux 2.6.32-431.el6.x86_64 (slave1) 	2019年07月25日 	_x86_64_	(8 CPU)

00时02分09秒  CPU    %usr   %nice    %sys %iowait    %irq   %soft  %steal  %guest   %idle
00时02分10秒  all   28.06    0.00    5.10    0.00    0.13    1.02    0.00    0.00   65.69
平均时间:  all   28.06    0.00    5.10    0.00    0.13    1.02    0.00    0.00   65.69

Linux 2.6.32-431.el6.x86_64 (slave1) 	2019年07月25日 	_x86_64_	(8 CPU)

00时02分13秒  CPU    %usr   %nice    %sys %iowait    %irq   %soft  %steal  %guest   %idle
00时02分14秒  all   38.41    0.00    6.91    0.00    0.00    0.00    0.00    0.00   54.67
平均时间:  all   38.41    0.00    6.91    0.00    0.00    0.00    0.00    0.00   54.67

Linux 2.6.32-431.el6.x86_64 (slave1) 	2019年07月25日 	_x86_64_	(8 CPU)

00时02分17秒  CPU    %usr   %nice    %sys %iowait    %irq   %soft  %steal  %guest   %idle
00时02分18秒  all    4.20    0.00   12.74    0.00    0.41   12.33    0.00    0.00   70.33
平均时间:  all    4.20    0.00   12.74    0.00    0.41   12.33    0.00    0.00   70.33

Linux 2.6.32-431.el6.x86_64 (slave1) 	2019年07月25日 	_x86_64_	(8 CPU)

00时02分21秒  CPU    %usr   %nice    %sys %iowait    %irq   %soft  %steal  %guest   %idle
00时02分22秒  all   62.52    0.00   19.75    0.00    0.38   14.97    0.00    0.00    2.39
平均时间:  all   62.52    0.00   19.75    0.00    0.38   14.97    0.00    0.00    2.39

Linux 2.6.32-431.el6.x86_64 (slave1) 	2019年07月25日 	_x86_64_	(8 CPU)

00时02分25秒  CPU    %usr   %nice    %sys %iowait    %irq   %soft  %steal  %guest   %idle
00时02分26秒  all   59.37    0.00   20.63    0.00    0.38   17.85    0.00    0.00    1.77
平均时间:  all   59.37    0.00   20.63    0.00    0.38   17.85    0.00    0.00    1.77

Linux 2.6.32-431.el6.x86_64 (slave1) 	2019年07月25日 	_x86_64_	(8 CPU)

00时02分29秒  CPU    %usr   %nice    %sys %iowait    %irq   %soft  %steal  %guest   %idle
00时02分30秒  all   45.75    0.00   19.48    0.00    0.39   19.08    0.00    0.00   15.29
平均时间:  all   45.75    0.00   19.48    0.00    0.39   19.08    0.00    0.00   15.29

Linux 2.6.32-431.el6.x86_64 (slave1) 	2019年07月25日 	_x86_64_	(8 CPU)

00时02分33秒  CPU    %usr   %nice    %sys %iowait    %irq   %soft  %steal  %guest   %idle
00时02分34秒  all   68.58    0.00   16.99    0.00    0.00    9.20    0.00    0.00    5.24
平均时间:  all   68.58    0.00   16.99    0.00    0.00    9.20    0.00    0.00    5.24

Linux 2.6.32-431.el6.x86_64 (slave1) 	2019年07月25日 	_x86_64_	(8 CPU)

00时02分37秒  CPU    %usr   %nice    %sys %iowait    %irq   %soft  %steal  %guest   %idle
00时02分38秒  all   22.56    0.00   13.89    0.00    0.53    9.08    0.00    0.00   53.94
平均时间:  all   22.56    0.00   13.89    0.00    0.53    9.08    0.00    0.00   53.94

Linux 2.6.32-431.el6.x86_64 (slave1) 	2019年07月25日 	_x86_64_	(8 CPU)

00时02分41秒  CPU    %usr   %nice    %sys %iowait    %irq   %soft  %steal  %guest   %idle
00时02分42秒  all   19.34    0.00    4.33    0.00    0.00    1.15    0.00    0.00   75.19
平均时间:  all   19.34    0.00    4.33    0.00    0.00    1.15    0.00    0.00   75.19

Linux 2.6.32-431.el6.x86_64 (slave1) 	2019年07月25日 	_x86_64_	(8 CPU)

00时02分45秒  CPU    %usr   %nice    %sys %iowait    %irq   %soft  %steal  %guest   %idle
00时02分46秒  all   74.37    0.00   11.36    0.00    0.13    2.65    0.00    0.00   11.49
平均时间:  all   74.37    0.00   11.36    0.00    0.13    2.65    0.00    0.00   11.49

Linux 2.6.32-431.el6.x86_64 (slave1) 	2019年07月25日 	_x86_64_	(8 CPU)

00时02分49秒  CPU    %usr   %nice    %sys %iowait    %irq   %soft  %steal  %guest   %idle
00时02分50秒  all   75.16    0.00    9.51    0.00    0.00    0.13    0.00    0.00   15.21
平均时间:  all   75.16    0.00    9.51    0.00    0.00    0.13    0.00    0.00   15.21

Linux 2.6.32-431.el6.x86_64 (slave1) 	2019年07月25日 	_x86_64_	(8 CPU)

00时02分53秒  CPU    %usr   %nice    %sys %iowait    %irq   %soft  %steal  %guest   %idle
00时02分54秒  all   48.21    0.00    5.75    0.00    0.13    1.79    0.00    0.00   44.12
平均时间:  all   48.21    0.00    5.75    0.00    0.13    1.79    0.00    0.00   44.12

Linux 2.6.32-431.el6.x86_64 (slave1) 	2019年07月25日 	_x86_64_	(8 CPU)

00时02分57秒  CPU    %usr   %nice    %sys %iowait    %irq   %soft  %steal  %guest   %idle
00时02分58秒  all   42.88    0.00   11.01    0.00    0.00    1.81    0.00    0.00   44.30
平均时间:  all   42.88    0.00   11.01    0.00    0.00    1.81    0.00    0.00   44.30

Linux 2.6.32-431.el6.x86_64 (slave1) 	2019年07月25日 	_x86_64_	(8 CPU)

00时03分01秒  CPU    %usr   %nice    %sys %iowait    %irq   %soft  %steal  %guest   %idle
00时03分02秒  all   85.52    0.00    8.31    0.00    0.00    0.25    0.00    0.00    5.92
平均时间:  all   85.52    0.00    8.31    0.00    0.00    0.25    0.00    0.00    5.92

Linux 2.6.32-431.el6.x86_64 (slave1) 	2019年07月25日 	_x86_64_	(8 CPU)

00时03分05秒  CPU    %usr   %nice    %sys %iowait    %irq   %soft  %steal  %guest   %idle
00时03分06秒  all   75.72    0.00    9.31    0.00    0.00    0.13    0.00    0.00   14.84
平均时间:  all   75.72    0.00    9.31    0.00    0.00    0.13    0.00    0.00   14.84

Linux 2.6.32-431.el6.x86_64 (slave1) 	2019年07月25日 	_x86_64_	(8 CPU)

00时03分09秒  CPU    %usr   %nice    %sys %iowait    %irq   %soft  %steal  %guest   %idle
00时03分10秒  all   91.10    0.00    6.77    0.00    0.13    0.38    0.00    0.00    1.63
平均时间:  all   91.10    0.00    6.77    0.00    0.13    0.38    0.00    0.00    1.63

Linux 2.6.32-431.el6.x86_64 (slave1) 	2019年07月25日 	_x86_64_	(8 CPU)

00时03分13秒  CPU    %usr   %nice    %sys %iowait    %irq   %soft  %steal  %guest   %idle
00时03分14秒  all   75.54    0.00    4.44    0.00    0.13    0.89    0.00    0.00   19.01
平均时间:  all   75.54    0.00    4.44    0.00    0.13    0.89    0.00    0.00   19.01

Linux 2.6.32-431.el6.x86_64 (slave1) 	2019年07月25日 	_x86_64_	(8 CPU)

00时03分17秒  CPU    %usr   %nice    %sys %iowait    %irq   %soft  %steal  %guest   %idle
00时03分18秒  all   93.49    0.00    4.63    0.00    0.00    0.13    0.00    0.00    1.75
平均时间:  all   93.49    0.00    4.63    0.00    0.00    0.13    0.00    0.00    1.75

Linux 2.6.32-431.el6.x86_64 (slave1) 	2019年07月25日 	_x86_64_	(8 CPU)

00时03分21秒  CPU    %usr   %nice    %sys %iowait    %irq   %soft  %steal  %guest   %idle
00时03分22秒  all   58.85    0.00    6.15    0.00    0.13    1.15    0.00    0.00   33.72
平均时间:  all   58.85    0.00    6.15    0.00    0.13    1.15    0.00    0.00   33.72

Linux 2.6.32-431.el6.x86_64 (slave1) 	2019年07月25日 	_x86_64_	(8 CPU)

00时03分25秒  CPU    %usr   %nice    %sys %iowait    %irq   %soft  %steal  %guest   %idle
00时03分26秒  all   44.79    0.00    6.44    0.00    0.13    1.16    0.00    0.00   47.49
平均时间:  all   44.79    0.00    6.44    0.00    0.13    1.16    0.00    0.00   47.49

Linux 2.6.32-431.el6.x86_64 (slave1) 	2019年07月25日 	_x86_64_	(8 CPU)

00时03分29秒  CPU    %usr   %nice    %sys %iowait    %irq   %soft  %steal  %guest   %idle
00时03分30秒  all   75.99    0.00   12.26    0.00    0.26    2.04    0.00    0.00    9.45
平均时间:  all   75.99    0.00   12.26    0.00    0.26    2.04    0.00    0.00    9.45

Linux 2.6.32-431.el6.x86_64 (slave1) 	2019年07月25日 	_x86_64_	(8 CPU)

00时03分33秒  CPU    %usr   %nice    %sys %iowait    %irq   %soft  %steal  %guest   %idle
00时03分34秒  all   85.48    0.00   11.74    0.00    0.13    0.63    0.00    0.00    2.02
平均时间:  all   85.48    0.00   11.74    0.00    0.13    0.63    0.00    0.00    2.02

Linux 2.6.32-431.el6.x86_64 (slave1) 	2019年07月25日 	_x86_64_	(8 CPU)

00时03分37秒  CPU    %usr   %nice    %sys %iowait    %irq   %soft  %steal  %guest   %idle
00时03分38秒  all   87.45    0.00    8.16    0.00    0.13    0.25    0.00    0.00    4.02
平均时间:  all   87.45    0.00    8.16    0.00    0.13    0.25    0.00    0.00    4.02

Linux 2.6.32-431.el6.x86_64 (slave1) 	2019年07月25日 	_x86_64_	(8 CPU)

00时03分41秒  CPU    %usr   %nice    %sys %iowait    %irq   %soft  %steal  %guest   %idle
00时03分42秒  all   86.62    0.00    8.84    0.00    0.13    0.51    0.00    0.00    3.91
平均时间:  all   86.62    0.00    8.84    0.00    0.13    0.51    0.00    0.00    3.91

Linux 2.6.32-431.el6.x86_64 (slave1) 	2019年07月25日 	_x86_64_	(8 CPU)

00时03分45秒  CPU    %usr   %nice    %sys %iowait    %irq   %soft  %steal  %guest   %idle
00时03分46秒  all   54.78    0.00   25.22    0.00    0.00   16.31    0.00    0.00    3.69
平均时间:  all   54.78    0.00   25.22    0.00    0.00   16.31    0.00    0.00    3.69

Linux 2.6.32-431.el6.x86_64 (slave1) 	2019年07月25日 	_x86_64_	(8 CPU)

00时03分49秒  CPU    %usr   %nice    %sys %iowait    %irq   %soft  %steal  %guest   %idle
00时03分50秒  all   69.67    0.00   18.30    0.00    0.38   11.65    0.00    0.00    0.00
平均时间:  all   69.67    0.00   18.30    0.00    0.38   11.65    0.00    0.00    0.00

Linux 2.6.32-431.el6.x86_64 (slave1) 	2019年07月25日 	_x86_64_	(8 CPU)

00时03分53秒  CPU    %usr   %nice    %sys %iowait    %irq   %soft  %steal  %guest   %idle
00时03分54秒  all   62.26    0.00   16.77    0.00    0.64   10.17    0.00    0.00   10.17
平均时间:  all   62.26    0.00   16.77    0.00    0.64   10.17    0.00    0.00   10.17

Linux 2.6.32-431.el6.x86_64 (slave1) 	2019年07月25日 	_x86_64_	(8 CPU)

00时03分57秒  CPU    %usr   %nice    %sys %iowait    %irq   %soft  %steal  %guest   %idle
00时03分58秒  all   73.91    0.00   16.10    0.00    0.12    9.86    0.00    0.00    0.00
平均时间:  all   73.91    0.00   16.10    0.00    0.12    9.86    0.00    0.00    0.00

Linux 2.6.32-431.el6.x86_64 (slave1) 	2019年07月25日 	_x86_64_	(8 CPU)

00时04分01秒  CPU    %usr   %nice    %sys %iowait    %irq   %soft  %steal  %guest   %idle
00时04分02秒  all   56.49    0.00   21.25    0.00    0.38   12.34    0.00    0.00    9.54
平均时间:  all   56.49    0.00   21.25    0.00    0.38   12.34    0.00    0.00    9.54

Linux 2.6.32-431.el6.x86_64 (slave1) 	2019年07月25日 	_x86_64_	(8 CPU)

00时04分05秒  CPU    %usr   %nice    %sys %iowait    %irq   %soft  %steal  %guest   %idle
00时04分06秒  all   61.99    0.00   23.74    0.00    0.13    9.60    0.00    0.00    4.55
平均时间:  all   61.99    0.00   23.74    0.00    0.13    9.60    0.00    0.00    4.55

Linux 2.6.32-431.el6.x86_64 (slave1) 	2019年07月25日 	_x86_64_	(8 CPU)

00时04分09秒  CPU    %usr   %nice    %sys %iowait    %irq   %soft  %steal  %guest   %idle
00时04分10秒  all   80.78    0.00   14.70    0.00    0.00    1.88    0.00    0.00    2.64
平均时间:  all   80.78    0.00   14.70    0.00    0.00    1.88    0.00    0.00    2.64

Linux 2.6.32-431.el6.x86_64 (slave1) 	2019年07月25日 	_x86_64_	(8 CPU)

00时04分13秒  CPU    %usr   %nice    %sys %iowait    %irq   %soft  %steal  %guest   %idle
00时04分14秒  all   86.09    0.00    9.77    0.00    0.00    0.13    0.00    0.00    4.01
平均时间:  all   86.09    0.00    9.77    0.00    0.00    0.13    0.00    0.00    4.01

Linux 2.6.32-431.el6.x86_64 (slave1) 	2019年07月25日 	_x86_64_	(8 CPU)

00时04分17秒  CPU    %usr   %nice    %sys %iowait    %irq   %soft  %steal  %guest   %idle
00时04分18秒  all   82.83    0.00   10.35    0.00    0.00    0.00    0.00    0.00    6.82
平均时间:  all   82.83    0.00   10.35    0.00    0.00    0.00    0.00    0.00    6.82

Linux 2.6.32-431.el6.x86_64 (slave1) 	2019年07月25日 	_x86_64_	(8 CPU)

00时04分21秒  CPU    %usr   %nice    %sys %iowait    %irq   %soft  %steal  %guest   %idle
00时04分22秒  all   23.66    0.00    4.93    0.00    0.00    0.00    0.00    0.00   71.41
平均时间:  all   23.66    0.00    4.93    0.00    0.00    0.00    0.00    0.00   71.41

Linux 2.6.32-431.el6.x86_64 (slave1) 	2019年07月25日 	_x86_64_	(8 CPU)

00时04分26秒  CPU    %usr   %nice    %sys %iowait    %irq   %soft  %steal  %guest   %idle
00时04分27秒  all   87.85    0.00    6.58    0.00    0.13    0.25    0.00    0.00    5.19
平均时间:  all   87.85    0.00    6.58    0.00    0.13    0.25    0.00    0.00    5.19

Linux 2.6.32-431.el6.x86_64 (slave1) 	2019年07月25日 	_x86_64_	(8 CPU)

00时04分30秒  CPU    %usr   %nice    %sys %iowait    %irq   %soft  %steal  %guest   %idle
00时04分31秒  all   44.12    0.00    3.84    0.00    0.13    0.77    0.00    0.00   51.15
平均时间:  all   44.12    0.00    3.84    0.00    0.13    0.77    0.00    0.00   51.15

Linux 2.6.32-431.el6.x86_64 (slave1) 	2019年07月25日 	_x86_64_	(8 CPU)

00时04分34秒  CPU    %usr   %nice    %sys %iowait    %irq   %soft  %steal  %guest   %idle
00时04分35秒  all   75.35    0.00    4.80    0.00    0.00    0.25    0.00    0.00   19.60
平均时间:  all   75.35    0.00    4.80    0.00    0.00    0.25    0.00    0.00   19.60

Linux 2.6.32-431.el6.x86_64 (slave1) 	2019年07月25日 	_x86_64_	(8 CPU)

00时04分38秒  CPU    %usr   %nice    %sys %iowait    %irq   %soft  %steal  %guest   %idle
00时04分39秒  all   38.00    0.00    8.04    0.00    0.13    4.54    0.00    0.00   49.29
平均时间:  all   38.00    0.00    8.04    0.00    0.13    4.54    0.00    0.00   49.29

Linux 2.6.32-431.el6.x86_64 (slave1) 	2019年07月25日 	_x86_64_	(8 CPU)

00时04分42秒  CPU    %usr   %nice    %sys %iowait    %irq   %soft  %steal  %guest   %idle
00时04分43秒  all   51.02    0.00    4.59    0.00    0.00    0.51    0.00    0.00   43.88
平均时间:  all   51.02    0.00    4.59    0.00    0.00    0.51    0.00    0.00   43.88

Linux 2.6.32-431.el6.x86_64 (slave1) 	2019年07月25日 	_x86_64_	(8 CPU)

00时04分46秒  CPU    %usr   %nice    %sys %iowait    %irq   %soft  %steal  %guest   %idle
00时04分47秒  all   84.74    0.00    6.43    0.00    0.00    0.13    0.00    0.00    8.70
平均时间:  all   84.74    0.00    6.43    0.00    0.00    0.13    0.00    0.00    8.70

Linux 2.6.32-431.el6.x86_64 (slave1) 	2019年07月25日 	_x86_64_	(8 CPU)

00时04分50秒  CPU    %usr   %nice    %sys %iowait    %irq   %soft  %steal  %guest   %idle
00时04分51秒  all   35.75    0.00    4.96    0.00    0.00    0.00    0.00    0.00   59.29
平均时间:  all   35.75    0.00    4.96    0.00    0.00    0.00    0.00    0.00   59.29

Linux 2.6.32-431.el6.x86_64 (slave1) 	2019年07月25日 	_x86_64_	(8 CPU)

00时04分54秒  CPU    %usr   %nice    %sys %iowait    %irq   %soft  %steal  %guest   %idle
00时04分55秒  all   88.33    0.00    7.65    0.00    0.13    0.13    0.00    0.00    3.76
平均时间:  all   88.33    0.00    7.65    0.00    0.13    0.13    0.00    0.00    3.76

Linux 2.6.32-431.el6.x86_64 (slave1) 	2019年07月25日 	_x86_64_	(8 CPU)

00时04分58秒  CPU    %usr   %nice    %sys %iowait    %irq   %soft  %steal  %guest   %idle
00时04分59秒  all   59.36    0.00   11.28    0.00    0.13    0.38    0.00    0.00   28.85
平均时间:  all   59.36    0.00   11.28    0.00    0.13    0.38    0.00    0.00   28.85

Linux 2.6.32-431.el6.x86_64 (slave1) 	2019年07月25日 	_x86_64_	(8 CPU)

00时05分02秒  CPU    %usr   %nice    %sys %iowait    %irq   %soft  %steal  %guest   %idle
00时05分03秒  all   82.12    0.00   14.36    0.00    0.00    0.00    0.00    0.00    3.53
平均时间:  all   82.12    0.00   14.36    0.00    0.00    0.00    0.00    0.00    3.53

Linux 2.6.32-431.el6.x86_64 (slave1) 	2019年07月25日 	_x86_64_	(8 CPU)

00时05分06秒  CPU    %usr   %nice    %sys %iowait    %irq   %soft  %steal  %guest   %idle
00时05分07秒  all   74.75    0.00   11.17    0.00    0.00    0.13    0.00    0.00   13.96
平均时间:  all   74.75    0.00   11.17    0.00    0.00    0.13    0.00    0.00   13.96

Linux 2.6.32-431.el6.x86_64 (slave1) 	2019年07月25日 	_x86_64_	(8 CPU)

00时05分10秒  CPU    %usr   %nice    %sys %iowait    %irq   %soft  %steal  %guest   %idle
00时05分11秒  all   84.86    0.00   12.39    0.00    0.00    1.63    0.00    0.00    1.13
平均时间:  all   84.86    0.00   12.39    0.00    0.00    1.63    0.00    0.00    1.13

Linux 2.6.32-431.el6.x86_64 (slave1) 	2019年07月25日 	_x86_64_	(8 CPU)

00时05分14秒  CPU    %usr   %nice    %sys %iowait    %irq   %soft  %steal  %guest   %idle
00时05分15秒  all   87.55    0.00    8.30    0.00    0.00    0.13    0.00    0.00    4.03
平均时间:  all   87.55    0.00    8.30    0.00    0.00    0.13    0.00    0.00    4.03

Linux 2.6.32-431.el6.x86_64 (slave1) 	2019年07月25日 	_x86_64_	(8 CPU)

00时05分18秒  CPU    %usr   %nice    %sys %iowait    %irq   %soft  %steal  %guest   %idle
00时05分19秒  all   74.56    0.00   16.50    0.00    0.38    7.93    0.00    0.00    0.63
平均时间:  all   74.56    0.00   16.50    0.00    0.38    7.93    0.00    0.00    0.63

Linux 2.6.32-431.el6.x86_64 (slave1) 	2019年07月25日 	_x86_64_	(8 CPU)

00时05分22秒  CPU    %usr   %nice    %sys %iowait    %irq   %soft  %steal  %guest   %idle
00时05分23秒  all   69.28    0.00   16.31    0.00    0.38   13.91    0.00    0.00    0.13
平均时间:  all   69.28    0.00   16.31    0.00    0.38   13.91    0.00    0.00    0.13

Linux 2.6.32-431.el6.x86_64 (slave1) 	2019年07月25日 	_x86_64_	(8 CPU)

00时05分26秒  CPU    %usr   %nice    %sys %iowait    %irq   %soft  %steal  %guest   %idle
00时05分27秒  all   69.09    0.00   16.27    0.00    0.13   14.39    0.00    0.00    0.13
平均时间:  all   69.09    0.00   16.27    0.00    0.13   14.39    0.00    0.00    0.13

Linux 2.6.32-431.el6.x86_64 (slave1) 	2019年07月25日 	_x86_64_	(8 CPU)

00时05分30秒  CPU    %usr   %nice    %sys %iowait    %irq   %soft  %steal  %guest   %idle
00时05分31秒  all   60.61    0.00   18.16    0.00    0.26   16.50    0.00    0.00    4.48
平均时间:  all   60.61    0.00   18.16    0.00    0.26   16.50    0.00    0.00    4.48

Linux 2.6.32-431.el6.x86_64 (slave1) 	2019年07月25日 	_x86_64_	(8 CPU)

00时05分34秒  CPU    %usr   %nice    %sys %iowait    %irq   %soft  %steal  %guest   %idle
00时05分35秒  all   66.07    0.00   15.17    0.13    0.39   11.44    0.00    0.00    6.81
平均时间:  all   66.07    0.00   15.17    0.13    0.39   11.44    0.00    0.00    6.81

Linux 2.6.32-431.el6.x86_64 (slave1) 	2019年07月25日 	_x86_64_	(8 CPU)

00时05分38秒  CPU    %usr   %nice    %sys %iowait    %irq   %soft  %steal  %guest   %idle
00时05分39秒  all   65.37    0.00   16.73    0.00    0.13   11.80    0.00    0.00    5.97
平均时间:  all   65.37    0.00   16.73    0.00    0.13   11.80    0.00    0.00    5.97

Linux 2.6.32-431.el6.x86_64 (slave1) 	2019年07月25日 	_x86_64_	(8 CPU)

00时05分42秒  CPU    %usr   %nice    %sys %iowait    %irq   %soft  %steal  %guest   %idle
00时05分43秒  all   69.29    0.00   15.22    0.00    0.27    6.41    0.00    0.00    8.81
平均时间:  all   69.29    0.00   15.22    0.00    0.27    6.41    0.00    0.00    8.81

Linux 2.6.32-431.el6.x86_64 (slave1) 	2019年07月25日 	_x86_64_	(8 CPU)

00时05分46秒  CPU    %usr   %nice    %sys %iowait    %irq   %soft  %steal  %guest   %idle
00时05分47秒  all   94.35    0.00    4.15    0.00    0.13    1.01    0.00    0.00    0.38
平均时间:  all   94.35    0.00    4.15    0.00    0.13    1.01    0.00    0.00    0.38

Linux 2.6.32-431.el6.x86_64 (slave1) 	2019年07月25日 	_x86_64_	(8 CPU)

00时05分50秒  CPU    %usr   %nice    %sys %iowait    %irq   %soft  %steal  %guest   %idle
00时05分51秒  all   62.40    0.00   14.83    0.00    0.13    5.63    0.00    0.00   17.01
平均时间:  all   62.40    0.00   14.83    0.00    0.13    5.63    0.00    0.00   17.01

Linux 2.6.32-431.el6.x86_64 (slave1) 	2019年07月25日 	_x86_64_	(8 CPU)

00时05分54秒  CPU    %usr   %nice    %sys %iowait    %irq   %soft  %steal  %guest   %idle
00时05分55秒  all   37.45    0.00    5.22    0.00    0.00    0.76    0.00    0.00   56.56
平均时间:  all   37.45    0.00    5.22    0.00    0.00    0.76    0.00    0.00   56.56

Linux 2.6.32-431.el6.x86_64 (slave1) 	2019年07月25日 	_x86_64_	(8 CPU)

00时05分58秒  CPU    %usr   %nice    %sys %iowait    %irq   %soft  %steal  %guest   %idle
00时05分59秒  all   92.24    0.00    6.63    0.00    0.00    1.00    0.00    0.00    0.13
平均时间:  all   92.24    0.00    6.63    0.00    0.00    1.00    0.00    0.00    0.13

Linux 2.6.32-431.el6.x86_64 (slave1) 	2019年07月25日 	_x86_64_	(8 CPU)

00时06分02秒  CPU    %usr   %nice    %sys %iowait    %irq   %soft  %steal  %guest   %idle
00时06分03秒  all   75.32    0.00   15.01    0.00    0.00    1.15    0.00    0.00    8.52
平均时间:  all   75.32    0.00   15.01    0.00    0.00    1.15    0.00    0.00    8.52

Linux 2.6.32-431.el6.x86_64 (slave1) 	2019年07月25日 	_x86_64_	(8 CPU)

00时06分06秒  CPU    %usr   %nice    %sys %iowait    %irq   %soft  %steal  %guest   %idle
00时06分07秒  all   81.50    0.00   17.00    0.00    0.00    0.50    0.00    0.00    1.00
平均时间:  all   81.50    0.00   17.00    0.00    0.00    0.50    0.00    0.00    1.00

Linux 2.6.32-431.el6.x86_64 (slave1) 	2019年07月25日 	_x86_64_	(8 CPU)

00时06分10秒  CPU    %usr   %nice    %sys %iowait    %irq   %soft  %steal  %guest   %idle
00时06分11秒  all   90.40    0.00    9.10    0.00    0.00    0.00    0.00    0.00    0.50
平均时间:  all   90.40    0.00    9.10    0.00    0.00    0.00    0.00    0.00    0.50

Linux 2.6.32-431.el6.x86_64 (slave1) 	2019年07月25日 	_x86_64_	(8 CPU)

00时06分14秒  CPU    %usr   %nice    %sys %iowait    %irq   %soft  %steal  %guest   %idle
00时06分15秒  all   83.42    0.00   12.94    0.00    0.00    0.25    0.00    0.00    3.39
平均时间:  all   83.42    0.00   12.94    0.00    0.00    0.25    0.00    0.00    3.39

Linux 2.6.32-431.el6.x86_64 (slave1) 	2019年07月25日 	_x86_64_	(8 CPU)

00时06分19秒  CPU    %usr   %nice    %sys %iowait    %irq   %soft  %steal  %guest   %idle
00时06分20秒  all   52.53    0.00    6.46    0.00    0.13    0.00    0.00    0.00   40.89
平均时间:  all   52.53    0.00    6.46    0.00    0.13    0.00    0.00    0.00   40.89

Linux 2.6.32-431.el6.x86_64 (slave1) 	2019年07月25日 	_x86_64_	(8 CPU)

00时06分23秒  CPU    %usr   %nice    %sys %iowait    %irq   %soft  %steal  %guest   %idle
00时06分24秒  all   57.81    0.00    6.86    0.13    0.00    0.00    0.00    0.00   35.20
平均时间:  all   57.81    0.00    6.86    0.13    0.00    0.00    0.00    0.00   35.20

Linux 2.6.32-431.el6.x86_64 (slave1) 	2019年07月25日 	_x86_64_	(8 CPU)

00时06分27秒  CPU    %usr   %nice    %sys %iowait    %irq   %soft  %steal  %guest   %idle
00时06分28秒  all   71.50    0.00   12.98    0.00    0.00    0.64    0.00    0.00   14.89
平均时间:  all   71.50    0.00   12.98    0.00    0.00    0.64    0.00    0.00   14.89

Linux 2.6.32-431.el6.x86_64 (slave1) 	2019年07月25日 	_x86_64_	(8 CPU)

00时06分31秒  CPU    %usr   %nice    %sys %iowait    %irq   %soft  %steal  %guest   %idle
00时06分32秒  all   21.62    0.00    4.68    0.00    0.00    0.00    0.00    0.00   73.70
平均时间:  all   21.62    0.00    4.68    0.00    0.00    0.00    0.00    0.00   73.70

Linux 2.6.32-431.el6.x86_64 (slave1) 	2019年07月25日 	_x86_64_	(8 CPU)

00时06分35秒  CPU    %usr   %nice    %sys %iowait    %irq   %soft  %steal  %guest   %idle
00时06分36秒  all   81.11    0.00    9.82    0.00    0.00    0.13    0.00    0.00    8.94
平均时间:  all   81.11    0.00    9.82    0.00    0.00    0.13    0.00    0.00    8.94

Linux 2.6.32-431.el6.x86_64 (slave1) 	2019年07月25日 	_x86_64_	(8 CPU)

00时06分39秒  CPU    %usr   %nice    %sys %iowait    %irq   %soft  %steal  %guest   %idle
00时06分40秒  all   17.31    0.00    4.23    0.00    0.00    5.00    0.00    0.00   73.46
平均时间:  all   17.31    0.00    4.23    0.00    0.00    5.00    0.00    0.00   73.46

Linux 2.6.32-431.el6.x86_64 (slave1) 	2019年07月25日 	_x86_64_	(8 CPU)

00时06分43秒  CPU    %usr   %nice    %sys %iowait    %irq   %soft  %steal  %guest   %idle
00时06分44秒  all    5.91    0.00    6.16    0.00    0.00    4.62    0.00    0.00   83.31
平均时间:  all    5.91    0.00    6.16    0.00    0.00    4.62    0.00    0.00   83.31

Linux 2.6.32-431.el6.x86_64 (slave1) 	2019年07月25日 	_x86_64_	(8 CPU)

00时06分47秒  CPU    %usr   %nice    %sys %iowait    %irq   %soft  %steal  %guest   %idle
00时06分48秒  all   55.95    0.00    7.94    0.00    0.00    1.02    0.00    0.00   35.08
平均时间:  all   55.95    0.00    7.94    0.00    0.00    1.02    0.00    0.00   35.08

Linux 2.6.32-431.el6.x86_64 (slave1) 	2019年07月25日 	_x86_64_	(8 CPU)

00时06分51秒  CPU    %usr   %nice    %sys %iowait    %irq   %soft  %steal  %guest   %idle
00时06分52秒  all    0.63    0.00    0.38    0.00    0.00    0.00    0.00    0.00   98.98
平均时间:  all    0.63    0.00    0.38    0.00    0.00    0.00    0.00    0.00   98.98

Linux 2.6.32-431.el6.x86_64 (slave1) 	2019年07月25日 	_x86_64_	(8 CPU)

00时06分55秒  CPU    %usr   %nice    %sys %iowait    %irq   %soft  %steal  %guest   %idle
00时06分56秒  all   71.68    0.00    8.16    0.00    0.00    0.00    0.00    0.00   20.15
平均时间:  all   71.68    0.00    8.16    0.00    0.00    0.00    0.00    0.00   20.15

Linux 2.6.32-431.el6.x86_64 (slave1) 	2019年07月25日 	_x86_64_	(8 CPU)

00时06分59秒  CPU    %usr   %nice    %sys %iowait    %irq   %soft  %steal  %guest   %idle
00时07分00秒  all   84.76    0.00    6.05    0.00    0.00    0.00    0.00    0.00    9.19
平均时间:  all   84.76    0.00    6.05    0.00    0.00    0.00    0.00    0.00    9.19

Linux 2.6.32-431.el6.x86_64 (slave1) 	2019年07月25日 	_x86_64_	(8 CPU)

00时07分03秒  CPU    %usr   %nice    %sys %iowait    %irq   %soft  %steal  %guest   %idle
00时07分04秒  all   47.21    0.00    2.92    0.00    0.00    2.03    0.00    0.00   47.84
平均时间:  all   47.21    0.00    2.92    0.00    0.00    2.03    0.00    0.00   47.84

Linux 2.6.32-431.el6.x86_64 (slave1) 	2019年07月25日 	_x86_64_	(8 CPU)

00时07分07秒  CPU    %usr   %nice    %sys %iowait    %irq   %soft  %steal  %guest   %idle
00时07分08秒  all   86.92    0.00    4.78    0.00    0.00    0.13    0.00    0.00    8.18
平均时间:  all   86.92    0.00    4.78    0.00    0.00    0.13    0.00    0.00    8.18

Linux 2.6.32-431.el6.x86_64 (slave1) 	2019年07月25日 	_x86_64_	(8 CPU)

00时07分11秒  CPU    %usr   %nice    %sys %iowait    %irq   %soft  %steal  %guest   %idle
00时07分12秒  all   81.46    0.00    6.94    0.00    0.00    0.63    0.00    0.00   10.97
平均时间:  all   81.46    0.00    6.94    0.00    0.00    0.63    0.00    0.00   10.97

Linux 2.6.32-431.el6.x86_64 (slave1) 	2019年07月25日 	_x86_64_	(8 CPU)

00时07分15秒  CPU    %usr   %nice    %sys %iowait    %irq   %soft  %steal  %guest   %idle
00时07分16秒  all   74.02    0.00    5.42    0.00    0.00    0.00    0.00    0.00   20.55
平均时间:  all   74.02    0.00    5.42    0.00    0.00    0.00    0.00    0.00   20.55

Linux 2.6.32-431.el6.x86_64 (slave1) 	2019年07月25日 	_x86_64_	(8 CPU)

00时07分19秒  CPU    %usr   %nice    %sys %iowait    %irq   %soft  %steal  %guest   %idle
00时07分20秒  all   86.51    0.00    9.33    0.00    0.00    0.50    0.00    0.00    3.66
平均时间:  all   86.51    0.00    9.33    0.00    0.00    0.50    0.00    0.00    3.66

Linux 2.6.32-431.el6.x86_64 (slave1) 	2019年07月25日 	_x86_64_	(8 CPU)

00时07分23秒  CPU    %usr   %nice    %sys %iowait    %irq   %soft  %steal  %guest   %idle
00时07分24秒  all   47.16    0.00    3.92    0.00    0.00    0.63    0.00    0.00   48.29
平均时间:  all   47.16    0.00    3.92    0.00    0.00    0.63    0.00    0.00   48.29

Linux 2.6.32-431.el6.x86_64 (slave1) 	2019年07月25日 	_x86_64_	(8 CPU)

00时07分27秒  CPU    %usr   %nice    %sys %iowait    %irq   %soft  %steal  %guest   %idle
00时07分28秒  all   36.73    0.00    3.19    0.00    0.00    1.66    0.00    0.00   58.42
平均时间:  all   36.73    0.00    3.19    0.00    0.00    1.66    0.00    0.00   58.42

Linux 2.6.32-431.el6.x86_64 (slave1) 	2019年07月25日 	_x86_64_	(8 CPU)

00时07分31秒  CPU    %usr   %nice    %sys %iowait    %irq   %soft  %steal  %guest   %idle
00时07分32秒  all   94.74    0.00    4.88    0.00    0.00    0.38    0.00    0.00    0.00
平均时间:  all   94.74    0.00    4.88    0.00    0.00    0.38    0.00    0.00    0.00

Linux 2.6.32-431.el6.x86_64 (slave1) 	2019年07月25日 	_x86_64_	(8 CPU)

00时07分35秒  CPU    %usr   %nice    %sys %iowait    %irq   %soft  %steal  %guest   %idle
00时07分36秒  all   65.69    0.00   10.08    0.00    0.13    1.79    0.00    0.00   22.32
平均时间:  all   65.69    0.00   10.08    0.00    0.13    1.79    0.00    0.00   22.32

Linux 2.6.32-431.el6.x86_64 (slave1) 	2019年07月25日 	_x86_64_	(8 CPU)

00时07分39秒  CPU    %usr   %nice    %sys %iowait    %irq   %soft  %steal  %guest   %idle
00时07分40秒  all   53.31    0.00   12.85    0.00    0.00    0.51    0.00    0.00   33.33
平均时间:  all   53.31    0.00   12.85    0.00    0.00    0.51    0.00    0.00   33.33

Linux 2.6.32-431.el6.x86_64 (slave1) 	2019年07月25日 	_x86_64_	(8 CPU)

00时07分43秒  CPU    %usr   %nice    %sys %iowait    %irq   %soft  %steal  %guest   %idle
00时07分44秒  all   87.62    0.00   11.12    0.00    0.00    1.00    0.00    0.00    0.25
平均时间:  all   87.62    0.00   11.12    0.00    0.00    1.00    0.00    0.00    0.25

Linux 2.6.32-431.el6.x86_64 (slave1) 	2019年07月25日 	_x86_64_	(8 CPU)

00时07分47秒  CPU    %usr   %nice    %sys %iowait    %irq   %soft  %steal  %guest   %idle
00时07分48秒  all   77.43    0.00    7.69    0.13    0.00    0.13    0.00    0.00   14.63
平均时间:  all   77.43    0.00    7.69    0.13    0.00    0.13    0.00    0.00   14.63

Linux 2.6.32-431.el6.x86_64 (slave1) 	2019年07月25日 	_x86_64_	(8 CPU)

00时07分51秒  CPU    %usr   %nice    %sys %iowait    %irq   %soft  %steal  %guest   %idle
00时07分52秒  all   83.96    0.00   12.12    0.00    0.00    0.13    0.00    0.00    3.79
平均时间:  all   83.96    0.00   12.12    0.00    0.00    0.13    0.00    0.00    3.79

Linux 2.6.32-431.el6.x86_64 (slave1) 	2019年07月25日 	_x86_64_	(8 CPU)

00时07分55秒  CPU    %usr   %nice    %sys %iowait    %irq   %soft  %steal  %guest   %idle
00时07分56秒  all   66.58    0.00   10.17    0.00    0.00    0.25    0.00    0.00   23.00
平均时间:  all   66.58    0.00   10.17    0.00    0.00    0.25    0.00    0.00   23.00

Linux 2.6.32-431.el6.x86_64 (slave1) 	2019年07月25日 	_x86_64_	(8 CPU)

00时07分59秒  CPU    %usr   %nice    %sys %iowait    %irq   %soft  %steal  %guest   %idle
00时08分00秒  all   56.53    0.00    5.58    0.00    0.00    0.38    0.00    0.00   37.52
平均时间:  all   56.53    0.00    5.58    0.00    0.00    0.38    0.00    0.00   37.52

Linux 2.6.32-431.el6.x86_64 (slave1) 	2019年07月25日 	_x86_64_	(8 CPU)

00时08分03秒  CPU    %usr   %nice    %sys %iowait    %irq   %soft  %steal  %guest   %idle
00时08分04秒  all   75.22    0.00    5.91    0.00    0.00    0.25    0.00    0.00   18.62
平均时间:  all   75.22    0.00    5.91    0.00    0.00    0.25    0.00    0.00   18.62

Linux 2.6.32-431.el6.x86_64 (slave1) 	2019年07月25日 	_x86_64_	(8 CPU)

00时08分07秒  CPU    %usr   %nice    %sys %iowait    %irq   %soft  %steal  %guest   %idle
00时08分08秒  all   70.80    0.00    6.45    0.00    0.00    0.25    0.00    0.00   22.50
平均时间:  all   70.80    0.00    6.45    0.00    0.00    0.25    0.00    0.00   22.50

Linux 2.6.32-431.el6.x86_64 (slave1) 	2019年07月25日 	_x86_64_	(8 CPU)

00时08分11秒  CPU    %usr   %nice    %sys %iowait    %irq   %soft  %steal  %guest   %idle
00时08分12秒  all   54.43    0.00    2.28    0.00    0.13    0.25    0.00    0.00   42.91
平均时间:  all   54.43    0.00    2.28    0.00    0.13    0.25    0.00    0.00   42.91

Linux 2.6.32-431.el6.x86_64 (slave1) 	2019年07月25日 	_x86_64_	(8 CPU)

00时08分15秒  CPU    %usr   %nice    %sys %iowait    %irq   %soft  %steal  %guest   %idle
00时08分16秒  all   68.06    0.00    7.07    0.00    0.13    0.38    0.00    0.00   24.37
平均时间:  all   68.06    0.00    7.07    0.00    0.13    0.38    0.00    0.00   24.37

Linux 2.6.32-431.el6.x86_64 (slave1) 	2019年07月25日 	_x86_64_	(8 CPU)

00时08分19秒  CPU    %usr   %nice    %sys %iowait    %irq   %soft  %steal  %guest   %idle
00时08分20秒  all   62.07    0.00   12.26    0.00    0.00    0.89    0.00    0.00   24.78
平均时间:  all   62.07    0.00   12.26    0.00    0.00    0.89    0.00    0.00   24.78

Linux 2.6.32-431.el6.x86_64 (slave1) 	2019年07月25日 	_x86_64_	(8 CPU)

00时08分23秒  CPU    %usr   %nice    %sys %iowait    %irq   %soft  %steal  %guest   %idle
00时08分24秒  all   75.63    0.00    9.01    0.00    0.00    0.13    0.00    0.00   15.23
平均时间:  all   75.63    0.00    9.01    0.00    0.00    0.13    0.00    0.00   15.23

Linux 2.6.32-431.el6.x86_64 (slave1) 	2019年07月25日 	_x86_64_	(8 CPU)

00时08分27秒  CPU    %usr   %nice    %sys %iowait    %irq   %soft  %steal  %guest   %idle
00时08分28秒  all   41.40    0.00    4.08    0.00    0.00    0.64    0.00    0.00   53.89
平均时间:  all   41.40    0.00    4.08    0.00    0.00    0.64    0.00    0.00   53.89

Linux 2.6.32-431.el6.x86_64 (slave1) 	2019年07月25日 	_x86_64_	(8 CPU)

00时08分31秒  CPU    %usr   %nice    %sys %iowait    %irq   %soft  %steal  %guest   %idle
00时08分32秒  all   82.22    0.00    5.93    0.00    0.13    0.50    0.00    0.00   11.22
平均时间:  all   82.22    0.00    5.93    0.00    0.13    0.50    0.00    0.00   11.22

Linux 2.6.32-431.el6.x86_64 (slave1) 	2019年07月25日 	_x86_64_	(8 CPU)

00时08分35秒  CPU    %usr   %nice    %sys %iowait    %irq   %soft  %steal  %guest   %idle
00时08分36秒  all   60.28    0.00    5.62    0.00    0.13    0.89    0.00    0.00   33.08
平均时间:  all   60.28    0.00    5.62    0.00    0.13    0.89    0.00    0.00   33.08

Linux 2.6.32-431.el6.x86_64 (slave1) 	2019年07月25日 	_x86_64_	(8 CPU)

00时08分39秒  CPU    %usr   %nice    %sys %iowait    %irq   %soft  %steal  %guest   %idle
00时08分40秒  all   79.65    0.00    9.61    0.00    0.13    0.25    0.00    0.00   10.37
平均时间:  all   79.65    0.00    9.61    0.00    0.13    0.25    0.00    0.00   10.37

Linux 2.6.32-431.el6.x86_64 (slave1) 	2019年07月25日 	_x86_64_	(8 CPU)

00时08分43秒  CPU    %usr   %nice    %sys %iowait    %irq   %soft  %steal  %guest   %idle
00时08分44秒  all   70.53    0.00   19.77    0.00    0.00    1.01    0.00    0.00    8.69
平均时间:  all   70.53    0.00   19.77    0.00    0.00    1.01    0.00    0.00    8.69

Linux 2.6.32-431.el6.x86_64 (slave1) 	2019年07月25日 	_x86_64_	(8 CPU)

00时08分47秒  CPU    %usr   %nice    %sys %iowait    %irq   %soft  %steal  %guest   %idle
00时08分48秒  all   70.65    0.00    8.13    0.00    0.00    0.00    0.00    0.00   21.22
平均时间:  all   70.65    0.00    8.13    0.00    0.00    0.00    0.00    0.00   21.22

Linux 2.6.32-431.el6.x86_64 (slave1) 	2019年07月25日 	_x86_64_	(8 CPU)

00时08分51秒  CPU    %usr   %nice    %sys %iowait    %irq   %soft  %steal  %guest   %idle
00时08分52秒  all   62.56    0.00    9.39    0.00    0.00    0.25    0.00    0.00   27.79
平均时间:  all   62.56    0.00    9.39    0.00    0.00    0.25    0.00    0.00   27.79

Linux 2.6.32-431.el6.x86_64 (slave1) 	2019年07月25日 	_x86_64_	(8 CPU)

00时08分55秒  CPU    %usr   %nice    %sys %iowait    %irq   %soft  %steal  %guest   %idle
00时08分56秒  all   76.83    0.00    9.19    0.00    0.13    1.76    0.00    0.00   12.09
平均时间:  all   76.83    0.00    9.19    0.00    0.13    1.76    0.00    0.00   12.09

Linux 2.6.32-431.el6.x86_64 (slave1) 	2019年07月25日 	_x86_64_	(8 CPU)

00时08分59秒  CPU    %usr   %nice    %sys %iowait    %irq   %soft  %steal  %guest   %idle
00时09分00秒  all   80.86    0.00    6.68    0.00    0.13    0.25    0.00    0.00   12.09
平均时间:  all   80.86    0.00    6.68    0.00    0.13    0.25    0.00    0.00   12.09

Linux 2.6.32-431.el6.x86_64 (slave1) 	2019年07月25日 	_x86_64_	(8 CPU)

00时09分03秒  CPU    %usr   %nice    %sys %iowait    %irq   %soft  %steal  %guest   %idle
00时09分04秒  all   58.17    0.00    5.83    0.00    0.00    0.63    0.00    0.00   35.36
平均时间:  all   58.17    0.00    5.83    0.00    0.00    0.63    0.00    0.00   35.36

Linux 2.6.32-431.el6.x86_64 (slave1) 	2019年07月25日 	_x86_64_	(8 CPU)

00时09分07秒  CPU    %usr   %nice    %sys %iowait    %irq   %soft  %steal  %guest   %idle
00时09分08秒  all   96.37    0.00    3.38    0.00    0.00    0.13    0.00    0.00    0.13
平均时间:  all   96.37    0.00    3.38    0.00    0.00    0.13    0.00    0.00    0.13

Linux 2.6.32-431.el6.x86_64 (slave1) 	2019年07月25日 	_x86_64_	(8 CPU)

00时09分11秒  CPU    %usr   %nice    %sys %iowait    %irq   %soft  %steal  %guest   %idle
00时09分12秒  all   86.52    0.00    5.16    0.00    0.13    0.76    0.00    0.00    7.43
平均时间:  all   86.52    0.00    5.16    0.00    0.13    0.76    0.00    0.00    7.43

Linux 2.6.32-431.el6.x86_64 (slave1) 	2019年07月25日 	_x86_64_	(8 CPU)

00时09分15秒  CPU    %usr   %nice    %sys %iowait    %irq   %soft  %steal  %guest   %idle
00时09分16秒  all   79.75    0.00   14.21    0.00    0.13    1.64    0.00    0.00    4.28
平均时间:  all   79.75    0.00   14.21    0.00    0.13    1.64    0.00    0.00    4.28

Linux 2.6.32-431.el6.x86_64 (slave1) 	2019年07月25日 	_x86_64_	(8 CPU)

00时09分20秒  CPU    %usr   %nice    %sys %iowait    %irq   %soft  %steal  %guest   %idle
00时09分21秒  all   74.24    0.00    5.58    0.00    0.25    1.40    0.00    0.00   18.53
平均时间:  all   74.24    0.00    5.58    0.00    0.25    1.40    0.00    0.00   18.53

Linux 2.6.32-431.el6.x86_64 (slave1) 	2019年07月25日 	_x86_64_	(8 CPU)

00时09分24秒  CPU    %usr   %nice    %sys %iowait    %irq   %soft  %steal  %guest   %idle
00时09分25秒  all   77.95    0.00    5.45    0.00    0.25    1.14    0.00    0.00   15.21
平均时间:  all   77.95    0.00    5.45    0.00    0.25    1.14    0.00    0.00   15.21

Linux 2.6.32-431.el6.x86_64 (slave1) 	2019年07月25日 	_x86_64_	(8 CPU)

00时09分28秒  CPU    %usr   %nice    %sys %iowait    %irq   %soft  %steal  %guest   %idle
00时09分29秒  all   93.74    0.00    5.76    0.00    0.13    0.38    0.00    0.00    0.00
平均时间:  all   93.74    0.00    5.76    0.00    0.13    0.38    0.00    0.00    0.00

Linux 2.6.32-431.el6.x86_64 (slave1) 	2019年07月25日 	_x86_64_	(8 CPU)

00时09分32秒  CPU    %usr   %nice    %sys %iowait    %irq   %soft  %steal  %guest   %idle
00时09分33秒  all   82.57    0.00    7.38    0.00    0.13    1.27    0.00    0.00    8.65
平均时间:  all   82.57    0.00    7.38    0.00    0.13    1.27    0.00    0.00    8.65

Linux 2.6.32-431.el6.x86_64 (slave1) 	2019年07月25日 	_x86_64_	(8 CPU)

00时09分36秒  CPU    %usr   %nice    %sys %iowait    %irq   %soft  %steal  %guest   %idle
00时09分37秒  all   58.34    0.00   14.39    0.00    0.00    2.17    0.00    0.00   25.10
平均时间:  all   58.34    0.00   14.39    0.00    0.00    2.17    0.00    0.00   25.10

Linux 2.6.32-431.el6.x86_64 (slave1) 	2019年07月25日 	_x86_64_	(8 CPU)

00时09分40秒  CPU    %usr   %nice    %sys %iowait    %irq   %soft  %steal  %guest   %idle
00时09分41秒  all   89.80    0.00    9.07    0.00    0.00    0.63    0.00    0.00    0.50
平均时间:  all   89.80    0.00    9.07    0.00    0.00    0.63    0.00    0.00    0.50

Linux 2.6.32-431.el6.x86_64 (slave1) 	2019年07月25日 	_x86_64_	(8 CPU)

00时09分44秒  CPU    %usr   %nice    %sys %iowait    %irq   %soft  %steal  %guest   %idle
00时09分45秒  all   82.11    0.00    8.88    0.00    0.25    0.51    0.00    0.00    8.25
平均时间:  all   82.11    0.00    8.88    0.00    0.25    0.51    0.00    0.00    8.25

Linux 2.6.32-431.el6.x86_64 (slave1) 	2019年07月25日 	_x86_64_	(8 CPU)

00时09分48秒  CPU    %usr   %nice    %sys %iowait    %irq   %soft  %steal  %guest   %idle
00时09分49秒  all   92.97    0.00    4.39    0.00    0.00    0.00    0.00    0.00    2.63
平均时间:  all   92.97    0.00    4.39    0.00    0.00    0.00    0.00    0.00    2.63

Linux 2.6.32-431.el6.x86_64 (slave1) 	2019年07月25日 	_x86_64_	(8 CPU)

00时09分52秒  CPU    %usr   %nice    %sys %iowait    %irq   %soft  %steal  %guest   %idle
00时09分53秒  all   52.17    0.00    5.88    0.00    0.00    1.02    0.00    0.00   40.92
平均时间:  all   52.17    0.00    5.88    0.00    0.00    1.02    0.00    0.00   40.92

Linux 2.6.32-431.el6.x86_64 (slave1) 	2019年07月25日 	_x86_64_	(8 CPU)

00时09分56秒  CPU    %usr   %nice    %sys %iowait    %irq   %soft  %steal  %guest   %idle
00时09分57秒  all   59.69    0.00   12.12    0.00    0.00    0.00    0.00    0.00   28.19
平均时间:  all   59.69    0.00   12.12    0.00    0.00    0.00    0.00    0.00   28.19

Linux 2.6.32-431.el6.x86_64 (slave1) 	2019年07月25日 	_x86_64_	(8 CPU)

00时10分00秒  CPU    %usr   %nice    %sys %iowait    %irq   %soft  %steal  %guest   %idle
00时10分01秒  all   45.49    0.00    3.68    0.13    0.13    0.64    0.00    0.00   49.94
平均时间:  all   45.49    0.00    3.68    0.13    0.13    0.64    0.00    0.00   49.94

Linux 2.6.32-431.el6.x86_64 (slave1) 	2019年07月25日 	_x86_64_	(8 CPU)

00时10分04秒  CPU    %usr   %nice    %sys %iowait    %irq   %soft  %steal  %guest   %idle
00时10分05秒  all   36.90    0.00    4.03    0.00    0.00    0.88    0.00    0.00   58.19
平均时间:  all   36.90    0.00    4.03    0.00    0.00    0.88    0.00    0.00   58.19

Linux 2.6.32-431.el6.x86_64 (slave1) 	2019年07月25日 	_x86_64_	(8 CPU)

00时10分08秒  CPU    %usr   %nice    %sys %iowait    %irq   %soft  %steal  %guest   %idle
00时10分09秒  all   25.47    0.00    1.39    0.00    0.00    1.39    0.00    0.00   71.75
平均时间:  all   25.47    0.00    1.39    0.00    0.00    1.39    0.00    0.00   71.75

Linux 2.6.32-431.el6.x86_64 (slave1) 	2019年07月25日 	_x86_64_	(8 CPU)

00时10分12秒  CPU    %usr   %nice    %sys %iowait    %irq   %soft  %steal  %guest   %idle
00时10分13秒  all   31.40    0.00    0.88    0.00    0.00    1.77    0.00    0.00   65.95
平均时间:  all   31.40    0.00    0.88    0.00    0.00    1.77    0.00    0.00   65.95

Linux 2.6.32-431.el6.x86_64 (slave1) 	2019年07月25日 	_x86_64_	(8 CPU)

00时10分16秒  CPU    %usr   %nice    %sys %iowait    %irq   %soft  %steal  %guest   %idle
00时10分17秒  all   12.99    0.00    0.13    0.00    0.00    1.26    0.00    0.00   85.62
平均时间:  all   12.99    0.00    0.13    0.00    0.00    1.26    0.00    0.00   85.62

Linux 2.6.32-431.el6.x86_64 (slave1) 	2019年07月25日 	_x86_64_	(8 CPU)

00时10分20秒  CPU    %usr   %nice    %sys %iowait    %irq   %soft  %steal  %guest   %idle
00时10分21秒  all   15.38    0.00    0.63    0.00    0.00    0.50    0.00    0.00   83.48
平均时间:  all   15.38    0.00    0.63    0.00    0.00    0.50    0.00    0.00   83.48

Linux 2.6.32-431.el6.x86_64 (slave1) 	2019年07月25日 	_x86_64_	(8 CPU)

00时10分24秒  CPU    %usr   %nice    %sys %iowait    %irq   %soft  %steal  %guest   %idle
00时10分25秒  all   48.72    0.00    5.23    0.00    0.00    1.02    0.00    0.00   45.03
平均时间:  all   48.72    0.00    5.23    0.00    0.00    1.02    0.00    0.00   45.03

Linux 2.6.32-431.el6.x86_64 (slave1) 	2019年07月25日 	_x86_64_	(8 CPU)

00时10分28秒  CPU    %usr   %nice    %sys %iowait    %irq   %soft  %steal  %guest   %idle
00时10分29秒  all    0.13    0.00    0.38    0.00    0.00    0.00    0.00    0.00   99.50
平均时间:  all    0.13    0.00    0.38    0.00    0.00    0.00    0.00    0.00   99.50

Linux 2.6.32-431.el6.x86_64 (slave1) 	2019年07月25日 	_x86_64_	(8 CPU)

00时10分32秒  CPU    %usr   %nice    %sys %iowait    %irq   %soft  %steal  %guest   %idle
00时10分33秒  all    0.00    0.00    0.13    0.00    0.00    0.13    0.00    0.00   99.75
平均时间:  all    0.00    0.00    0.13    0.00    0.00    0.13    0.00    0.00   99.75

Linux 2.6.32-431.el6.x86_64 (slave1) 	2019年07月25日 	_x86_64_	(8 CPU)

00时10分36秒  CPU    %usr   %nice    %sys %iowait    %irq   %soft  %steal  %guest   %idle
00时10分37秒  all    0.00    0.00    0.13    0.00    0.00    0.00    0.00    0.00   99.87
平均时间:  all    0.00    0.00    0.13    0.00    0.00    0.00    0.00    0.00   99.87

Linux 2.6.32-431.el6.x86_64 (slave1) 	2019年07月25日 	_x86_64_	(8 CPU)

00时10分40秒  CPU    %usr   %nice    %sys %iowait    %irq   %soft  %steal  %guest   %idle
00时10分41秒  all    0.38    0.00    0.13    0.00    0.00    0.00    0.00    0.00   99.50
平均时间:  all    0.38    0.00    0.13    0.00    0.00    0.00    0.00    0.00   99.50

Linux 2.6.32-431.el6.x86_64 (slave1) 	2019年07月25日 	_x86_64_	(8 CPU)

00时10分44秒  CPU    %usr   %nice    %sys %iowait    %irq   %soft  %steal  %guest   %idle
00时10分45秒  all    0.00    0.00    0.00    0.00    0.00    0.00    0.00    0.00  100.00
平均时间:  all    0.00    0.00    0.00    0.00    0.00    0.00    0.00    0.00  100.00

Linux 2.6.32-431.el6.x86_64 (slave1) 	2019年07月25日 	_x86_64_	(8 CPU)

00时10分48秒  CPU    %usr   %nice    %sys %iowait    %irq   %soft  %steal  %guest   %idle
00时10分49秒  all    0.00    0.00    0.00    0.00    0.00    0.00    0.00    0.00  100.00
平均时间:  all    0.00    0.00    0.00    0.00    0.00    0.00    0.00    0.00  100.00

Linux 2.6.32-431.el6.x86_64 (slave1) 	2019年07月25日 	_x86_64_	(8 CPU)

00时10分52秒  CPU    %usr   %nice    %sys %iowait    %irq   %soft  %steal  %guest   %idle
00时10分53秒  all    0.00    0.00    0.00    0.00    0.00    0.00    0.00    0.00  100.00
平均时间:  all    0.00    0.00    0.00    0.00    0.00    0.00    0.00    0.00  100.00

Linux 2.6.32-431.el6.x86_64 (slave1) 	2019年07月25日 	_x86_64_	(8 CPU)

00时10分56秒  CPU    %usr   %nice    %sys %iowait    %irq   %soft  %steal  %guest   %idle
00时10分57秒  all    0.00    0.00    0.13    0.00    0.00    0.00    0.00    0.00   99.87
平均时间:  all    0.00    0.00    0.13    0.00    0.00    0.00    0.00    0.00   99.87

Linux 2.6.32-431.el6.x86_64 (slave1) 	2019年07月25日 	_x86_64_	(8 CPU)

00时11分00秒  CPU    %usr   %nice    %sys %iowait    %irq   %soft  %steal  %guest   %idle
00时11分01秒  all    0.50    0.00    0.63    0.00    0.00    0.00    0.00    0.00   98.87
平均时间:  all    0.50    0.00    0.63    0.00    0.00    0.00    0.00    0.00   98.87

Linux 2.6.32-431.el6.x86_64 (slave1) 	2019年07月25日 	_x86_64_	(8 CPU)

00时11分04秒  CPU    %usr   %nice    %sys %iowait    %irq   %soft  %steal  %guest   %idle
00时11分05秒  all    3.65    0.00    3.40    0.00    0.00    0.13    0.00    0.00   92.83
平均时间:  all    3.65    0.00    3.40    0.00    0.00    0.13    0.00    0.00   92.83

Linux 2.6.32-431.el6.x86_64 (slave1) 	2019年07月25日 	_x86_64_	(8 CPU)

00时11分08秒  CPU    %usr   %nice    %sys %iowait    %irq   %soft  %steal  %guest   %idle
00时11分09秒  all    0.00    0.00    0.00    0.00    0.00    0.00    0.00    0.00  100.00
平均时间:  all    0.00    0.00    0.00    0.00    0.00    0.00    0.00    0.00  100.00

Linux 2.6.32-431.el6.x86_64 (slave1) 	2019年07月25日 	_x86_64_	(8 CPU)

00时11分12秒  CPU    %usr   %nice    %sys %iowait    %irq   %soft  %steal  %guest   %idle
00时11分13秒  all    0.00    0.00    0.13    0.00    0.00    0.00    0.00    0.00   99.87
平均时间:  all    0.00    0.00    0.13    0.00    0.00    0.00    0.00    0.00   99.87

