
Linux 2.6.32-431.el6.x86_64 (slave2) 	2019年07月25日 	_x86_64_	(8 CPU)

00时00分24秒  CPU    %usr   %nice    %sys %iowait    %irq   %soft  %steal  %guest   %idle
00时00分25秒  all    0.00    0.00    0.00    0.00    0.00    0.00    0.00    0.00  100.00
平均时间:  all    0.00    0.00    0.00    0.00    0.00    0.00    0.00    0.00  100.00

Linux 2.6.32-431.el6.x86_64 (slave2) 	2019年07月25日 	_x86_64_	(8 CPU)

00时00分28秒  CPU    %usr   %nice    %sys %iowait    %irq   %soft  %steal  %guest   %idle
00时00分29秒  all    0.00    0.00    0.00    0.00    0.00    0.00    0.00    0.00  100.00
平均时间:  all    0.00    0.00    0.00    0.00    0.00    0.00    0.00    0.00  100.00

Linux 2.6.32-431.el6.x86_64 (slave2) 	2019年07月25日 	_x86_64_	(8 CPU)

00时00分32秒  CPU    %usr   %nice    %sys %iowait    %irq   %soft  %steal  %guest   %idle
00时00分33秒  all    0.00    0.00    0.00    0.00    0.00    0.00    0.00    0.00  100.00
平均时间:  all    0.00    0.00    0.00    0.00    0.00    0.00    0.00    0.00  100.00

Linux 2.6.32-431.el6.x86_64 (slave2) 	2019年07月25日 	_x86_64_	(8 CPU)

00时00分36秒  CPU    %usr   %nice    %sys %iowait    %irq   %soft  %steal  %guest   %idle
00时00分37秒  all    0.13    0.00    0.00    0.00    0.00    0.00    0.00    0.00   99.87
平均时间:  all    0.13    0.00    0.00    0.00    0.00    0.00    0.00    0.00   99.87

Linux 2.6.32-431.el6.x86_64 (slave2) 	2019年07月25日 	_x86_64_	(8 CPU)

00时00分40秒  CPU    %usr   %nice    %sys %iowait    %irq   %soft  %steal  %guest   %idle
00时00分41秒  all    0.13    0.00    0.13    0.00    0.00    0.00    0.00    0.00   99.75
平均时间:  all    0.13    0.00    0.13    0.00    0.00    0.00    0.00    0.00   99.75

Linux 2.6.32-431.el6.x86_64 (slave2) 	2019年07月25日 	_x86_64_	(8 CPU)

00时00分44秒  CPU    %usr   %nice    %sys %iowait    %irq   %soft  %steal  %guest   %idle
00时00分45秒  all    0.65    0.00    7.68    0.00    0.65    4.56    0.00    0.00   86.46
平均时间:  all    0.65    0.00    7.68    0.00    0.65    4.56    0.00    0.00   86.46

Linux 2.6.32-431.el6.x86_64 (slave2) 	2019年07月25日 	_x86_64_	(8 CPU)

00时00分48秒  CPU    %usr   %nice    %sys %iowait    %irq   %soft  %steal  %guest   %idle
00时00分49秒  all    6.31    0.00   13.29    0.00    0.67   20.27    0.00    0.00   59.46
平均时间:  all    6.31    0.00   13.29    0.00    0.67   20.27    0.00    0.00   59.46

Linux 2.6.32-431.el6.x86_64 (slave2) 	2019年07月25日 	_x86_64_	(8 CPU)

00时00分52秒  CPU    %usr   %nice    %sys %iowait    %irq   %soft  %steal  %guest   %idle
00时00分53秒  all   70.82    0.00   18.99    0.00    0.38    9.31    0.00    0.00    0.50
平均时间:  all   70.82    0.00   18.99    0.00    0.38    9.31    0.00    0.00    0.50

Linux 2.6.32-431.el6.x86_64 (slave2) 	2019年07月25日 	_x86_64_	(8 CPU)

00时00分56秒  CPU    %usr   %nice    %sys %iowait    %irq   %soft  %steal  %guest   %idle
00时00分57秒  all   78.72    0.00   15.52    0.00    0.13    5.63    0.00    0.00    0.00
平均时间:  all   78.72    0.00   15.52    0.00    0.13    5.63    0.00    0.00    0.00

Linux 2.6.32-431.el6.x86_64 (slave2) 	2019年07月25日 	_x86_64_	(8 CPU)

00时01分01秒  CPU    %usr   %nice    %sys %iowait    %irq   %soft  %steal  %guest   %idle
00时01分02秒  all   75.38    0.00   14.62    0.00    0.38    9.50    0.00    0.00    0.12
平均时间:  all   75.38    0.00   14.62    0.00    0.38    9.50    0.00    0.00    0.12

Linux 2.6.32-431.el6.x86_64 (slave2) 	2019年07月25日 	_x86_64_	(8 CPU)

00时01分05秒  CPU    %usr   %nice    %sys %iowait    %irq   %soft  %steal  %guest   %idle
00时01分06秒  all   78.00    0.00   14.37    0.00    0.25    7.38    0.00    0.00    0.00
平均时间:  all   78.00    0.00   14.37    0.00    0.25    7.38    0.00    0.00    0.00

Linux 2.6.32-431.el6.x86_64 (slave2) 	2019年07月25日 	_x86_64_	(8 CPU)

00时01分09秒  CPU    %usr   %nice    %sys %iowait    %irq   %soft  %steal  %guest   %idle
00时01分10秒  all   75.88    0.00   16.75    0.00    0.25    7.12    0.00    0.00    0.00
平均时间:  all   75.88    0.00   16.75    0.00    0.25    7.12    0.00    0.00    0.00

Linux 2.6.32-431.el6.x86_64 (slave2) 	2019年07月25日 	_x86_64_	(8 CPU)

00时01分13秒  CPU    %usr   %nice    %sys %iowait    %irq   %soft  %steal  %guest   %idle
00时01分14秒  all   87.47    0.00    8.65    0.00    0.00    0.00    0.00    0.00    3.88
平均时间:  all   87.47    0.00    8.65    0.00    0.00    0.00    0.00    0.00    3.88

Linux 2.6.32-431.el6.x86_64 (slave2) 	2019年07月25日 	_x86_64_	(8 CPU)

00时01分17秒  CPU    %usr   %nice    %sys %iowait    %irq   %soft  %steal  %guest   %idle
00时01分18秒  all   29.59    0.00    8.55    0.00    0.00    6.89    0.00    0.00   54.97
平均时间:  all   29.59    0.00    8.55    0.00    0.00    6.89    0.00    0.00   54.97

Linux 2.6.32-431.el6.x86_64 (slave2) 	2019年07月25日 	_x86_64_	(8 CPU)

00时01分21秒  CPU    %usr   %nice    %sys %iowait    %irq   %soft  %steal  %guest   %idle
00时01分22秒  all   42.07    0.00    4.60    0.00    0.00    0.13    0.00    0.00   53.20
平均时间:  all   42.07    0.00    4.60    0.00    0.00    0.13    0.00    0.00   53.20

Linux 2.6.32-431.el6.x86_64 (slave2) 	2019年07月25日 	_x86_64_	(8 CPU)

00时01分25秒  CPU    %usr   %nice    %sys %iowait    %irq   %soft  %steal  %guest   %idle
00时01分26秒  all   40.72    0.00    6.15    0.00    0.00    0.13    0.00    0.00   53.01
平均时间:  all   40.72    0.00    6.15    0.00    0.00    0.13    0.00    0.00   53.01

Linux 2.6.32-431.el6.x86_64 (slave2) 	2019年07月25日 	_x86_64_	(8 CPU)

00时01分29秒  CPU    %usr   %nice    %sys %iowait    %irq   %soft  %steal  %guest   %idle
00时01分30秒  all   60.36    0.00    6.86    0.00    0.00    0.00    0.00    0.00   32.78
平均时间:  all   60.36    0.00    6.86    0.00    0.00    0.00    0.00    0.00   32.78

Linux 2.6.32-431.el6.x86_64 (slave2) 	2019年07月25日 	_x86_64_	(8 CPU)

00时01分33秒  CPU    %usr   %nice    %sys %iowait    %irq   %soft  %steal  %guest   %idle
00时01分34秒  all   75.72    0.00    6.79    0.00    0.00    0.00    0.00    0.00   17.48
平均时间:  all   75.72    0.00    6.79    0.00    0.00    0.00    0.00    0.00   17.48

Linux 2.6.32-431.el6.x86_64 (slave2) 	2019年07月25日 	_x86_64_	(8 CPU)

00时01分37秒  CPU    %usr   %nice    %sys %iowait    %irq   %soft  %steal  %guest   %idle
00时01分38秒  all   85.84    0.00    6.77    0.00    0.00    0.00    0.00    0.00    7.39
平均时间:  all   85.84    0.00    6.77    0.00    0.00    0.00    0.00    0.00    7.39

Linux 2.6.32-431.el6.x86_64 (slave2) 	2019年07月25日 	_x86_64_	(8 CPU)

00时01分41秒  CPU    %usr   %nice    %sys %iowait    %irq   %soft  %steal  %guest   %idle
00时01分42秒  all   73.23    0.00    6.06    0.00    0.00    0.00    0.00    0.00   20.71
平均时间:  all   73.23    0.00    6.06    0.00    0.00    0.00    0.00    0.00   20.71

Linux 2.6.32-431.el6.x86_64 (slave2) 	2019年07月25日 	_x86_64_	(8 CPU)

00时01分45秒  CPU    %usr   %nice    %sys %iowait    %irq   %soft  %steal  %guest   %idle
00时01分46秒  all   54.50    0.00    6.46    0.00    0.00    0.13    0.00    0.00   38.91
平均时间:  all   54.50    0.00    6.46    0.00    0.00    0.13    0.00    0.00   38.91

Linux 2.6.32-431.el6.x86_64 (slave2) 	2019年07月25日 	_x86_64_	(8 CPU)

00时01分49秒  CPU    %usr   %nice    %sys %iowait    %irq   %soft  %steal  %guest   %idle
00时01分50秒  all   47.63    0.00    8.22    0.00    0.13    0.13    0.00    0.00   43.90
平均时间:  all   47.63    0.00    8.22    0.00    0.13    0.13    0.00    0.00   43.90

Linux 2.6.32-431.el6.x86_64 (slave2) 	2019年07月25日 	_x86_64_	(8 CPU)

00时01分53秒  CPU    %usr   %nice    %sys %iowait    %irq   %soft  %steal  %guest   %idle
00时01分54秒  all   38.44    0.00   12.26    0.00    0.00    1.92    0.00    0.00   47.38
平均时间:  all   38.44    0.00   12.26    0.00    0.00    1.92    0.00    0.00   47.38

Linux 2.6.32-431.el6.x86_64 (slave2) 	2019年07月25日 	_x86_64_	(8 CPU)

00时01分57秒  CPU    %usr   %nice    %sys %iowait    %irq   %soft  %steal  %guest   %idle
00时01分58秒  all   86.36    0.00   11.01    0.00    0.13    0.13    0.00    0.00    2.38
平均时间:  all   86.36    0.00   11.01    0.00    0.13    0.13    0.00    0.00    2.38

Linux 2.6.32-431.el6.x86_64 (slave2) 	2019年07月25日 	_x86_64_	(8 CPU)

00时02分01秒  CPU    %usr   %nice    %sys %iowait    %irq   %soft  %steal  %guest   %idle
00时02分02秒  all   83.40    0.00   11.07    0.00    0.13    0.13    0.00    0.00    5.28
平均时间:  all   83.40    0.00   11.07    0.00    0.13    0.13    0.00    0.00    5.28

Linux 2.6.32-431.el6.x86_64 (slave2) 	2019年07月25日 	_x86_64_	(8 CPU)

00时02分05秒  CPU    %usr   %nice    %sys %iowait    %irq   %soft  %steal  %guest   %idle
00时02分06秒  all   58.46    0.00   10.00    0.00    0.00    0.00    0.00    0.00   31.54
平均时间:  all   58.46    0.00   10.00    0.00    0.00    0.00    0.00    0.00   31.54

Linux 2.6.32-431.el6.x86_64 (slave2) 	2019年07月25日 	_x86_64_	(8 CPU)

00时02分09秒  CPU    %usr   %nice    %sys %iowait    %irq   %soft  %steal  %guest   %idle
00时02分10秒  all   66.54    0.00    7.51    0.00    0.00    0.00    0.00    0.00   25.95
平均时间:  all   66.54    0.00    7.51    0.00    0.00    0.00    0.00    0.00   25.95

Linux 2.6.32-431.el6.x86_64 (slave2) 	2019年07月25日 	_x86_64_	(8 CPU)

00时02分13秒  CPU    %usr   %nice    %sys %iowait    %irq   %soft  %steal  %guest   %idle
00时02分14秒  all   54.30    0.00   13.09    0.00    0.13    5.91    0.00    0.00   26.57
平均时间:  all   54.30    0.00   13.09    0.00    0.13    5.91    0.00    0.00   26.57

Linux 2.6.32-431.el6.x86_64 (slave2) 	2019年07月25日 	_x86_64_	(8 CPU)

00时02分17秒  CPU    %usr   %nice    %sys %iowait    %irq   %soft  %steal  %guest   %idle
00时02分18秒  all   63.97    0.00   19.60    0.00    0.13   14.29    0.00    0.00    2.02
平均时间:  all   63.97    0.00   19.60    0.00    0.13   14.29    0.00    0.00    2.02

Linux 2.6.32-431.el6.x86_64 (slave2) 	2019年07月25日 	_x86_64_	(8 CPU)

00时02分21秒  CPU    %usr   %nice    %sys %iowait    %irq   %soft  %steal  %guest   %idle
00时02分22秒  all   74.47    0.00   16.40    0.00    0.38    8.26    0.00    0.00    0.50
平均时间:  all   74.47    0.00   16.40    0.00    0.38    8.26    0.00    0.00    0.50

Linux 2.6.32-431.el6.x86_64 (slave2) 	2019年07月25日 	_x86_64_	(8 CPU)

00时02分25秒  CPU    %usr   %nice    %sys %iowait    %irq   %soft  %steal  %guest   %idle
00时02分26秒  all   73.93    0.00   17.42    0.00    0.38    8.02    0.00    0.00    0.25
平均时间:  all   73.93    0.00   17.42    0.00    0.38    8.02    0.00    0.00    0.25

Linux 2.6.32-431.el6.x86_64 (slave2) 	2019年07月25日 	_x86_64_	(8 CPU)

00时02分29秒  CPU    %usr   %nice    %sys %iowait    %irq   %soft  %steal  %guest   %idle
00时02分30秒  all   69.85    0.00   20.85    0.00    0.25    9.05    0.00    0.00    0.00
平均时间:  all   69.85    0.00   20.85    0.00    0.25    9.05    0.00    0.00    0.00

Linux 2.6.32-431.el6.x86_64 (slave2) 	2019年07月25日 	_x86_64_	(8 CPU)

00时02分33秒  CPU    %usr   %nice    %sys %iowait    %irq   %soft  %steal  %guest   %idle
00时02分34秒  all   62.20    0.00   22.03    0.00    0.25   15.52    0.00    0.00    0.00
平均时间:  all   62.20    0.00   22.03    0.00    0.25   15.52    0.00    0.00    0.00

Linux 2.6.32-431.el6.x86_64 (slave2) 	2019年07月25日 	_x86_64_	(8 CPU)

00时02分37秒  CPU    %usr   %nice    %sys %iowait    %irq   %soft  %steal  %guest   %idle
00时02分38秒  all   71.02    0.00   18.07    0.00    0.25   10.41    0.00    0.00    0.25
平均时间:  all   71.02    0.00   18.07    0.00    0.25   10.41    0.00    0.00    0.25

Linux 2.6.32-431.el6.x86_64 (slave2) 	2019年07月25日 	_x86_64_	(8 CPU)

00时02分42秒  CPU    %usr   %nice    %sys %iowait    %irq   %soft  %steal  %guest   %idle
00时02分43秒  all   84.76    0.00   10.71    0.00    0.00    1.51    0.00    0.00    3.02
平均时间:  all   84.76    0.00   10.71    0.00    0.00    1.51    0.00    0.00    3.02

Linux 2.6.32-431.el6.x86_64 (slave2) 	2019年07月25日 	_x86_64_	(8 CPU)

00时02分46秒  CPU    %usr   %nice    %sys %iowait    %irq   %soft  %steal  %guest   %idle
00时02分47秒  all   87.06    0.00    6.41    0.13    0.00    0.63    0.00    0.00    5.78
平均时间:  all   87.06    0.00    6.41    0.13    0.00    0.63    0.00    0.00    5.78

Linux 2.6.32-431.el6.x86_64 (slave2) 	2019年07月25日 	_x86_64_	(8 CPU)

00时02分50秒  CPU    %usr   %nice    %sys %iowait    %irq   %soft  %steal  %guest   %idle
00时02分51秒  all   96.38    0.00    3.50    0.00    0.00    0.12    0.00    0.00    0.00
平均时间:  all   96.38    0.00    3.50    0.00    0.00    0.12    0.00    0.00    0.00

Linux 2.6.32-431.el6.x86_64 (slave2) 	2019年07月25日 	_x86_64_	(8 CPU)

00时02分54秒  CPU    %usr   %nice    %sys %iowait    %irq   %soft  %steal  %guest   %idle
00时02分55秒  all   93.25    0.00    6.38    0.00    0.00    0.38    0.00    0.00    0.00
平均时间:  all   93.25    0.00    6.38    0.00    0.00    0.38    0.00    0.00    0.00

Linux 2.6.32-431.el6.x86_64 (slave2) 	2019年07月25日 	_x86_64_	(8 CPU)

00时02分58秒  CPU    %usr   %nice    %sys %iowait    %irq   %soft  %steal  %guest   %idle
00时02分59秒  all   63.43    0.00   12.66    0.00    0.00    1.53    0.00    0.00   22.38
平均时间:  all   63.43    0.00   12.66    0.00    0.00    1.53    0.00    0.00   22.38

Linux 2.6.32-431.el6.x86_64 (slave2) 	2019年07月25日 	_x86_64_	(8 CPU)

00时03分02秒  CPU    %usr   %nice    %sys %iowait    %irq   %soft  %steal  %guest   %idle
00时03分03秒  all   86.75    0.00   10.00    0.00    0.12    3.12    0.00    0.00    0.00
平均时间:  all   86.75    0.00   10.00    0.00    0.12    3.12    0.00    0.00    0.00

Linux 2.6.32-431.el6.x86_64 (slave2) 	2019年07月25日 	_x86_64_	(8 CPU)

00时03分06秒  CPU    %usr   %nice    %sys %iowait    %irq   %soft  %steal  %guest   %idle
00时03分07秒  all   92.12    0.00    7.38    0.00    0.00    0.25    0.00    0.00    0.25
平均时间:  all   92.12    0.00    7.38    0.00    0.00    0.25    0.00    0.00    0.25

Linux 2.6.32-431.el6.x86_64 (slave2) 	2019年07月25日 	_x86_64_	(8 CPU)

00时03分10秒  CPU    %usr   %nice    %sys %iowait    %irq   %soft  %steal  %guest   %idle
00时03分11秒  all   85.16    0.00    8.55    0.00    0.00    0.25    0.00    0.00    6.04
平均时间:  all   85.16    0.00    8.55    0.00    0.00    0.25    0.00    0.00    6.04

Linux 2.6.32-431.el6.x86_64 (slave2) 	2019年07月25日 	_x86_64_	(8 CPU)

00时03分14秒  CPU    %usr   %nice    %sys %iowait    %irq   %soft  %steal  %guest   %idle
00时03分15秒  all   75.35    0.00    5.06    0.00    0.00    1.01    0.00    0.00   18.58
平均时间:  all   75.35    0.00    5.06    0.00    0.00    1.01    0.00    0.00   18.58

Linux 2.6.32-431.el6.x86_64 (slave2) 	2019年07月25日 	_x86_64_	(8 CPU)

00时03分18秒  CPU    %usr   %nice    %sys %iowait    %irq   %soft  %steal  %guest   %idle
00时03分19秒  all   69.99    0.00    3.15    0.00    0.00    1.01    0.00    0.00   25.85
平均时间:  all   69.99    0.00    3.15    0.00    0.00    1.01    0.00    0.00   25.85

Linux 2.6.32-431.el6.x86_64 (slave2) 	2019年07月25日 	_x86_64_	(8 CPU)

00时03分22秒  CPU    %usr   %nice    %sys %iowait    %irq   %soft  %steal  %guest   %idle
00时03分23秒  all   64.39    0.00    4.92    0.00    0.00    0.88    0.00    0.00   29.80
平均时间:  all   64.39    0.00    4.92    0.00    0.00    0.88    0.00    0.00   29.80

Linux 2.6.32-431.el6.x86_64 (slave2) 	2019年07月25日 	_x86_64_	(8 CPU)

00时03分26秒  CPU    %usr   %nice    %sys %iowait    %irq   %soft  %steal  %guest   %idle
00时03分27秒  all   94.89    0.00    4.86    0.00    0.00    0.25    0.00    0.00    0.00
平均时间:  all   94.89    0.00    4.86    0.00    0.00    0.25    0.00    0.00    0.00

Linux 2.6.32-431.el6.x86_64 (slave2) 	2019年07月25日 	_x86_64_	(8 CPU)

00时03分30秒  CPU    %usr   %nice    %sys %iowait    %irq   %soft  %steal  %guest   %idle
00时03分31秒  all   50.64    0.00    6.70    0.00    0.00    1.68    0.00    0.00   40.98
平均时间:  all   50.64    0.00    6.70    0.00    0.00    1.68    0.00    0.00   40.98

Linux 2.6.32-431.el6.x86_64 (slave2) 	2019年07月25日 	_x86_64_	(8 CPU)

00时03分34秒  CPU    %usr   %nice    %sys %iowait    %irq   %soft  %steal  %guest   %idle
00时03分35秒  all   71.05    0.00   10.24    0.00    0.00    0.25    0.00    0.00   18.46
平均时间:  all   71.05    0.00   10.24    0.00    0.00    0.25    0.00    0.00   18.46

Linux 2.6.32-431.el6.x86_64 (slave2) 	2019年07月25日 	_x86_64_	(8 CPU)

00时03分38秒  CPU    %usr   %nice    %sys %iowait    %irq   %soft  %steal  %guest   %idle
00时03分39秒  all   88.10    0.00    9.27    0.00    0.13    0.25    0.00    0.00    2.26
平均时间:  all   88.10    0.00    9.27    0.00    0.13    0.25    0.00    0.00    2.26

Linux 2.6.32-431.el6.x86_64 (slave2) 	2019年07月25日 	_x86_64_	(8 CPU)

00时03分42秒  CPU    %usr   %nice    %sys %iowait    %irq   %soft  %steal  %guest   %idle
00时03分43秒  all   77.02    0.00    9.60    0.00    0.00    0.38    0.00    0.00   13.01
平均时间:  all   77.02    0.00    9.60    0.00    0.00    0.38    0.00    0.00   13.01

Linux 2.6.32-431.el6.x86_64 (slave2) 	2019年07月25日 	_x86_64_	(8 CPU)

00时03分46秒  CPU    %usr   %nice    %sys %iowait    %irq   %soft  %steal  %guest   %idle
00时03分47秒  all   63.74    0.00   19.47    0.00    0.13    9.16    0.00    0.00    7.51
平均时间:  all   63.74    0.00   19.47    0.00    0.13    9.16    0.00    0.00    7.51

Linux 2.6.32-431.el6.x86_64 (slave2) 	2019年07月25日 	_x86_64_	(8 CPU)

00时03分50秒  CPU    %usr   %nice    %sys %iowait    %irq   %soft  %steal  %guest   %idle
00时03分51秒  all   64.12    0.00   20.50    0.00    0.38   14.00    0.00    0.00    1.00
平均时间:  all   64.12    0.00   20.50    0.00    0.38   14.00    0.00    0.00    1.00

Linux 2.6.32-431.el6.x86_64 (slave2) 	2019年07月25日 	_x86_64_	(8 CPU)

00时03分54秒  CPU    %usr   %nice    %sys %iowait    %irq   %soft  %steal  %guest   %idle
00时03分55秒  all   62.77    0.00   19.50    0.00    0.63   15.47    0.00    0.00    1.64
平均时间:  all   62.77    0.00   19.50    0.00    0.63   15.47    0.00    0.00    1.64

Linux 2.6.32-431.el6.x86_64 (slave2) 	2019年07月25日 	_x86_64_	(8 CPU)

00时03分58秒  CPU    %usr   %nice    %sys %iowait    %irq   %soft  %steal  %guest   %idle
00时03分59秒  all   68.22    0.00   18.59    0.00    0.25   12.94    0.00    0.00    0.00
平均时间:  all   68.22    0.00   18.59    0.00    0.25   12.94    0.00    0.00    0.00

Linux 2.6.32-431.el6.x86_64 (slave2) 	2019年07月25日 	_x86_64_	(8 CPU)

00时04分02秒  CPU    %usr   %nice    %sys %iowait    %irq   %soft  %steal  %guest   %idle
00时04分03秒  all   63.86    0.00   21.08    0.00    0.25   13.93    0.00    0.00    0.88
平均时间:  all   63.86    0.00   21.08    0.00    0.25   13.93    0.00    0.00    0.88

Linux 2.6.32-431.el6.x86_64 (slave2) 	2019年07月25日 	_x86_64_	(8 CPU)

00时04分06秒  CPU    %usr   %nice    %sys %iowait    %irq   %soft  %steal  %guest   %idle
00时04分07秒  all   66.29    0.00   21.93    0.00    0.13   11.65    0.00    0.00    0.00
平均时间:  all   66.29    0.00   21.93    0.00    0.13   11.65    0.00    0.00    0.00

Linux 2.6.32-431.el6.x86_64 (slave2) 	2019年07月25日 	_x86_64_	(8 CPU)

00时04分10秒  CPU    %usr   %nice    %sys %iowait    %irq   %soft  %steal  %guest   %idle
00时04分11秒  all   47.69    0.00   10.54    0.00    0.00    0.39    0.00    0.00   41.39
平均时间:  all   47.69    0.00   10.54    0.00    0.00    0.39    0.00    0.00   41.39

Linux 2.6.32-431.el6.x86_64 (slave2) 	2019年07月25日 	_x86_64_	(8 CPU)

00时04分14秒  CPU    %usr   %nice    %sys %iowait    %irq   %soft  %steal  %guest   %idle
00时04分15秒  all   82.39    0.00   11.19    0.00    0.00    0.13    0.00    0.00    6.29
平均时间:  all   82.39    0.00   11.19    0.00    0.00    0.13    0.00    0.00    6.29

Linux 2.6.32-431.el6.x86_64 (slave2) 	2019年07月25日 	_x86_64_	(8 CPU)

00时04分18秒  CPU    %usr   %nice    %sys %iowait    %irq   %soft  %steal  %guest   %idle
00时04分19秒  all   71.19    0.00   12.56    0.00    0.00    0.51    0.00    0.00   15.74
平均时间:  all   71.19    0.00   12.56    0.00    0.00    0.51    0.00    0.00   15.74

Linux 2.6.32-431.el6.x86_64 (slave2) 	2019年07月25日 	_x86_64_	(8 CPU)

00时04分23秒  CPU    %usr   %nice    %sys %iowait    %irq   %soft  %steal  %guest   %idle
00时04分24秒  all   68.28    0.00    9.17    0.00    0.00    0.13    0.00    0.00   22.42
平均时间:  all   68.28    0.00    9.17    0.00    0.00    0.13    0.00    0.00   22.42

Linux 2.6.32-431.el6.x86_64 (slave2) 	2019年07月25日 	_x86_64_	(8 CPU)

00时04分27秒  CPU    %usr   %nice    %sys %iowait    %irq   %soft  %steal  %guest   %idle
00时04分28秒  all   71.28    0.00   10.55    0.00    0.00    0.38    0.00    0.00   17.79
平均时间:  all   71.28    0.00   10.55    0.00    0.00    0.38    0.00    0.00   17.79

Linux 2.6.32-431.el6.x86_64 (slave2) 	2019年07月25日 	_x86_64_	(8 CPU)

00时04分31秒  CPU    %usr   %nice    %sys %iowait    %irq   %soft  %steal  %guest   %idle
00时04分32秒  all   80.86    0.00    8.24    0.00    0.00    0.51    0.00    0.00   10.39
平均时间:  all   80.86    0.00    8.24    0.00    0.00    0.51    0.00    0.00   10.39

Linux 2.6.32-431.el6.x86_64 (slave2) 	2019年07月25日 	_x86_64_	(8 CPU)

00时04分35秒  CPU    %usr   %nice    %sys %iowait    %irq   %soft  %steal  %guest   %idle
00时04分36秒  all   46.15    0.00    7.82    0.00    0.00    0.90    0.00    0.00   45.13
平均时间:  all   46.15    0.00    7.82    0.00    0.00    0.90    0.00    0.00   45.13

Linux 2.6.32-431.el6.x86_64 (slave2) 	2019年07月25日 	_x86_64_	(8 CPU)

00时04分39秒  CPU    %usr   %nice    %sys %iowait    %irq   %soft  %steal  %guest   %idle
00时04分40秒  all   80.35    0.00   14.86    0.00    0.00    1.51    0.00    0.00    3.27
平均时间:  all   80.35    0.00   14.86    0.00    0.00    1.51    0.00    0.00    3.27

Linux 2.6.32-431.el6.x86_64 (slave2) 	2019年07月25日 	_x86_64_	(8 CPU)

00时04分43秒  CPU    %usr   %nice    %sys %iowait    %irq   %soft  %steal  %guest   %idle
00时04分44秒  all   89.71    0.00    8.78    0.00    0.00    0.00    0.00    0.00    1.51
平均时间:  all   89.71    0.00    8.78    0.00    0.00    0.00    0.00    0.00    1.51

Linux 2.6.32-431.el6.x86_64 (slave2) 	2019年07月25日 	_x86_64_	(8 CPU)

00时04分47秒  CPU    %usr   %nice    %sys %iowait    %irq   %soft  %steal  %guest   %idle
00时04分48秒  all   74.97    0.00    9.83    0.00    0.00    0.51    0.00    0.00   14.69
平均时间:  all   74.97    0.00    9.83    0.00    0.00    0.51    0.00    0.00   14.69

Linux 2.6.32-431.el6.x86_64 (slave2) 	2019年07月25日 	_x86_64_	(8 CPU)

00时04分51秒  CPU    %usr   %nice    %sys %iowait    %irq   %soft  %steal  %guest   %idle
00时04分52秒  all   88.93    0.00    8.18    0.00    0.00    0.00    0.00    0.00    2.89
平均时间:  all   88.93    0.00    8.18    0.00    0.00    0.00    0.00    0.00    2.89

Linux 2.6.32-431.el6.x86_64 (slave2) 	2019年07月25日 	_x86_64_	(8 CPU)

00时04分55秒  CPU    %usr   %nice    %sys %iowait    %irq   %soft  %steal  %guest   %idle
00时04分56秒  all   78.84    0.00   16.75    0.00    0.00    1.51    0.00    0.00    2.90
平均时间:  all   78.84    0.00   16.75    0.00    0.00    1.51    0.00    0.00    2.90

Linux 2.6.32-431.el6.x86_64 (slave2) 	2019年07月25日 	_x86_64_	(8 CPU)

00时04分59秒  CPU    %usr   %nice    %sys %iowait    %irq   %soft  %steal  %guest   %idle
00时05分00秒  all   77.55    0.00   15.89    0.00    0.00    0.50    0.00    0.00    6.05
平均时间:  all   77.55    0.00   15.89    0.00    0.00    0.50    0.00    0.00    6.05

Linux 2.6.32-431.el6.x86_64 (slave2) 	2019年07月25日 	_x86_64_	(8 CPU)

00时05分03秒  CPU    %usr   %nice    %sys %iowait    %irq   %soft  %steal  %guest   %idle
00时05分04秒  all   92.88    0.00    6.88    0.00    0.00    0.25    0.00    0.00    0.00
平均时间:  all   92.88    0.00    6.88    0.00    0.00    0.25    0.00    0.00    0.00

Linux 2.6.32-431.el6.x86_64 (slave2) 	2019年07月25日 	_x86_64_	(8 CPU)

00时05分07秒  CPU    %usr   %nice    %sys %iowait    %irq   %soft  %steal  %guest   %idle
00时05分08秒  all   88.18    0.00    9.06    0.00    0.00    0.38    0.00    0.00    2.39
平均时间:  all   88.18    0.00    9.06    0.00    0.00    0.38    0.00    0.00    2.39

Linux 2.6.32-431.el6.x86_64 (slave2) 	2019年07月25日 	_x86_64_	(8 CPU)

00时05分11秒  CPU    %usr   %nice    %sys %iowait    %irq   %soft  %steal  %guest   %idle
00时05分12秒  all   86.15    0.00    9.95    0.00    0.00    1.26    0.00    0.00    2.64
平均时间:  all   86.15    0.00    9.95    0.00    0.00    1.26    0.00    0.00    2.64

Linux 2.6.32-431.el6.x86_64 (slave2) 	2019年07月25日 	_x86_64_	(8 CPU)

00时05分15秒  CPU    %usr   %nice    %sys %iowait    %irq   %soft  %steal  %guest   %idle
00时05分16秒  all   92.24    0.00    6.51    0.00    0.00    0.38    0.00    0.00    0.88
平均时间:  all   92.24    0.00    6.51    0.00    0.00    0.38    0.00    0.00    0.88

Linux 2.6.32-431.el6.x86_64 (slave2) 	2019年07月25日 	_x86_64_	(8 CPU)

00时05分19秒  CPU    %usr   %nice    %sys %iowait    %irq   %soft  %steal  %guest   %idle
00时05分20秒  all   62.32    0.00   20.69    0.00    0.13   14.30    0.00    0.00    2.55
平均时间:  all   62.32    0.00   20.69    0.00    0.13   14.30    0.00    0.00    2.55

Linux 2.6.32-431.el6.x86_64 (slave2) 	2019年07月25日 	_x86_64_	(8 CPU)

00时05分23秒  CPU    %usr   %nice    %sys %iowait    %irq   %soft  %steal  %guest   %idle
00时05分24秒  all   66.41    0.00   18.76    0.00    0.25   11.41    0.00    0.00    3.17
平均时间:  all   66.41    0.00   18.76    0.00    0.25   11.41    0.00    0.00    3.17

Linux 2.6.32-431.el6.x86_64 (slave2) 	2019年07月25日 	_x86_64_	(8 CPU)

00时05分27秒  CPU    %usr   %nice    %sys %iowait    %irq   %soft  %steal  %guest   %idle
00时05分28秒  all   46.59    0.00   21.49    0.00    0.13   22.01    0.00    0.00    9.78
平均时间:  all   46.59    0.00   21.49    0.00    0.13   22.01    0.00    0.00    9.78

Linux 2.6.32-431.el6.x86_64 (slave2) 	2019年07月25日 	_x86_64_	(8 CPU)

00时05分31秒  CPU    %usr   %nice    %sys %iowait    %irq   %soft  %steal  %guest   %idle
00时05分32秒  all   59.76    0.00   13.63    0.00    0.13   12.71    0.00    0.00   13.76
平均时间:  all   59.76    0.00   13.63    0.00    0.13   12.71    0.00    0.00   13.76

Linux 2.6.32-431.el6.x86_64 (slave2) 	2019年07月25日 	_x86_64_	(8 CPU)

00时05分35秒  CPU    %usr   %nice    %sys %iowait    %irq   %soft  %steal  %guest   %idle
00时05分36秒  all   46.87    0.00   14.78    0.00    0.27   14.65    0.00    0.00   23.44
平均时间:  all   46.87    0.00   14.78    0.00    0.27   14.65    0.00    0.00   23.44

Linux 2.6.32-431.el6.x86_64 (slave2) 	2019年07月25日 	_x86_64_	(8 CPU)

00时05分39秒  CPU    %usr   %nice    %sys %iowait    %irq   %soft  %steal  %guest   %idle
00时05分40秒  all   54.62    0.00   15.96    0.00    0.26   14.51    0.00    0.00   14.64
平均时间:  all   54.62    0.00   15.96    0.00    0.26   14.51    0.00    0.00   14.64

Linux 2.6.32-431.el6.x86_64 (slave2) 	2019年07月25日 	_x86_64_	(8 CPU)

00时05分43秒  CPU    %usr   %nice    %sys %iowait    %irq   %soft  %steal  %guest   %idle
00时05分44秒  all   60.18    0.00   20.10    0.00    0.13   14.79    0.00    0.00    4.80
平均时间:  all   60.18    0.00   20.10    0.00    0.13   14.79    0.00    0.00    4.80

Linux 2.6.32-431.el6.x86_64 (slave2) 	2019年07月25日 	_x86_64_	(8 CPU)

00时05分47秒  CPU    %usr   %nice    %sys %iowait    %irq   %soft  %steal  %guest   %idle
00时05分48秒  all   70.17    0.00    4.99    0.00    0.00    0.77    0.00    0.00   24.07
平均时间:  all   70.17    0.00    4.99    0.00    0.00    0.77    0.00    0.00   24.07

Linux 2.6.32-431.el6.x86_64 (slave2) 	2019年07月25日 	_x86_64_	(8 CPU)

00时05分51秒  CPU    %usr   %nice    %sys %iowait    %irq   %soft  %steal  %guest   %idle
00时05分52秒  all   22.97    0.00    8.39    0.00    0.00    2.45    0.00    0.00   66.19
平均时间:  all   22.97    0.00    8.39    0.00    0.00    2.45    0.00    0.00   66.19

Linux 2.6.32-431.el6.x86_64 (slave2) 	2019年07月25日 	_x86_64_	(8 CPU)

00时05分55秒  CPU    %usr   %nice    %sys %iowait    %irq   %soft  %steal  %guest   %idle
00时05分56秒  all   59.26    0.00    6.64    0.00    0.00    0.64    0.00    0.00   33.46
平均时间:  all   59.26    0.00    6.64    0.00    0.00    0.64    0.00    0.00   33.46

Linux 2.6.32-431.el6.x86_64 (slave2) 	2019年07月25日 	_x86_64_	(8 CPU)

00时05分59秒  CPU    %usr   %nice    %sys %iowait    %irq   %soft  %steal  %guest   %idle
00时06分00秒  all   91.61    0.00    6.76    0.00    0.13    0.88    0.00    0.00    0.63
平均时间:  all   91.61    0.00    6.76    0.00    0.13    0.88    0.00    0.00    0.63

Linux 2.6.32-431.el6.x86_64 (slave2) 	2019年07月25日 	_x86_64_	(8 CPU)

00时06分03秒  CPU    %usr   %nice    %sys %iowait    %irq   %soft  %steal  %guest   %idle
00时06分04秒  all   75.25    0.00   13.96    0.00    0.13    1.02    0.00    0.00    9.64
平均时间:  all   75.25    0.00   13.96    0.00    0.13    1.02    0.00    0.00    9.64

Linux 2.6.32-431.el6.x86_64 (slave2) 	2019年07月25日 	_x86_64_	(8 CPU)

00时06分07秒  CPU    %usr   %nice    %sys %iowait    %irq   %soft  %steal  %guest   %idle
00时06分08秒  all   60.92    0.00   11.49    0.00    0.00    0.13    0.00    0.00   27.46
平均时间:  all   60.92    0.00   11.49    0.00    0.00    0.13    0.00    0.00   27.46

Linux 2.6.32-431.el6.x86_64 (slave2) 	2019年07月25日 	_x86_64_	(8 CPU)

00时06分11秒  CPU    %usr   %nice    %sys %iowait    %irq   %soft  %steal  %guest   %idle
00时06分12秒  all   19.67    0.00    3.70    0.00    0.00    0.00    0.00    0.00   76.63
平均时间:  all   19.67    0.00    3.70    0.00    0.00    0.00    0.00    0.00   76.63

Linux 2.6.32-431.el6.x86_64 (slave2) 	2019年07月25日 	_x86_64_	(8 CPU)

00时06分15秒  CPU    %usr   %nice    %sys %iowait    %irq   %soft  %steal  %guest   %idle
00时06分16秒  all   63.81    0.00    9.46    0.00    0.00    0.13    0.00    0.00   26.60
平均时间:  all   63.81    0.00    9.46    0.00    0.00    0.13    0.00    0.00   26.60

Linux 2.6.32-431.el6.x86_64 (slave2) 	2019年07月25日 	_x86_64_	(8 CPU)

00时06分19秒  CPU    %usr   %nice    %sys %iowait    %irq   %soft  %steal  %guest   %idle
00时06分20秒  all   89.36    0.00    9.51    0.00    0.00    0.63    0.00    0.00    0.50
平均时间:  all   89.36    0.00    9.51    0.00    0.00    0.63    0.00    0.00    0.50

Linux 2.6.32-431.el6.x86_64 (slave2) 	2019年07月25日 	_x86_64_	(8 CPU)

00时06分24秒  CPU    %usr   %nice    %sys %iowait    %irq   %soft  %steal  %guest   %idle
00时06分25秒  all   89.31    0.00    8.02    0.00    0.00    0.13    0.00    0.00    2.54
平均时间:  all   89.31    0.00    8.02    0.00    0.00    0.13    0.00    0.00    2.54

Linux 2.6.32-431.el6.x86_64 (slave2) 	2019年07月25日 	_x86_64_	(8 CPU)

00时06分28秒  CPU    %usr   %nice    %sys %iowait    %irq   %soft  %steal  %guest   %idle
00时06分29秒  all   73.89    0.00   11.91    0.00    0.00    0.76    0.00    0.00   13.43
平均时间:  all   73.89    0.00   11.91    0.00    0.00    0.76    0.00    0.00   13.43

Linux 2.6.32-431.el6.x86_64 (slave2) 	2019年07月25日 	_x86_64_	(8 CPU)

00时06分32秒  CPU    %usr   %nice    %sys %iowait    %irq   %soft  %steal  %guest   %idle
00时06分33秒  all   74.81    0.00    9.54    0.00    0.00    0.51    0.00    0.00   15.14
平均时间:  all   74.81    0.00    9.54    0.00    0.00    0.51    0.00    0.00   15.14

Linux 2.6.32-431.el6.x86_64 (slave2) 	2019年07月25日 	_x86_64_	(8 CPU)

00时06分36秒  CPU    %usr   %nice    %sys %iowait    %irq   %soft  %steal  %guest   %idle
00时06分37秒  all   82.07    0.00   12.25    0.00    0.00    0.25    0.00    0.00    5.43
平均时间:  all   82.07    0.00   12.25    0.00    0.00    0.25    0.00    0.00    5.43

Linux 2.6.32-431.el6.x86_64 (slave2) 	2019年07月25日 	_x86_64_	(8 CPU)

00时06分40秒  CPU    %usr   %nice    %sys %iowait    %irq   %soft  %steal  %guest   %idle
00时06分41秒  all   48.78    0.00    9.52    0.00    0.00    3.22    0.00    0.00   38.48
平均时间:  all   48.78    0.00    9.52    0.00    0.00    3.22    0.00    0.00   38.48

Linux 2.6.32-431.el6.x86_64 (slave2) 	2019年07月25日 	_x86_64_	(8 CPU)

00时06分44秒  CPU    %usr   %nice    %sys %iowait    %irq   %soft  %steal  %guest   %idle
00时06分45秒  all   57.67    0.00    6.27    0.00    0.00    0.51    0.00    0.00   35.55
平均时间:  all   57.67    0.00    6.27    0.00    0.00    0.51    0.00    0.00   35.55

Linux 2.6.32-431.el6.x86_64 (slave2) 	2019年07月25日 	_x86_64_	(8 CPU)

00时06分48秒  CPU    %usr   %nice    %sys %iowait    %irq   %soft  %steal  %guest   %idle
00时06分49秒  all   64.62    0.00    7.54    0.00    0.00    0.13    0.00    0.00   27.71
平均时间:  all   64.62    0.00    7.54    0.00    0.00    0.13    0.00    0.00   27.71

Linux 2.6.32-431.el6.x86_64 (slave2) 	2019年07月25日 	_x86_64_	(8 CPU)

00时06分52秒  CPU    %usr   %nice    %sys %iowait    %irq   %soft  %steal  %guest   %idle
00时06分53秒  all   39.00    0.00    6.05    0.00    0.00    2.45    0.00    0.00   52.51
平均时间:  all   39.00    0.00    6.05    0.00    0.00    2.45    0.00    0.00   52.51

Linux 2.6.32-431.el6.x86_64 (slave2) 	2019年07月25日 	_x86_64_	(8 CPU)

00时06分56秒  CPU    %usr   %nice    %sys %iowait    %irq   %soft  %steal  %guest   %idle
00时06分57秒  all   58.33    0.00   19.23    0.00    0.00    3.59    0.00    0.00   18.85
平均时间:  all   58.33    0.00   19.23    0.00    0.00    3.59    0.00    0.00   18.85

Linux 2.6.32-431.el6.x86_64 (slave2) 	2019年07月25日 	_x86_64_	(8 CPU)

00时07分00秒  CPU    %usr   %nice    %sys %iowait    %irq   %soft  %steal  %guest   %idle
00时07分01秒  all   85.82    0.00   12.55    0.00    0.00    0.25    0.00    0.00    1.38
平均时间:  all   85.82    0.00   12.55    0.00    0.00    0.25    0.00    0.00    1.38

Linux 2.6.32-431.el6.x86_64 (slave2) 	2019年07月25日 	_x86_64_	(8 CPU)

00时07分04秒  CPU    %usr   %nice    %sys %iowait    %irq   %soft  %steal  %guest   %idle
00时07分05秒  all   92.88    0.00    6.99    0.00    0.00    0.12    0.00    0.00    0.00
平均时间:  all   92.88    0.00    6.99    0.00    0.00    0.12    0.00    0.00    0.00

Linux 2.6.32-431.el6.x86_64 (slave2) 	2019年07月25日 	_x86_64_	(8 CPU)

00时07分08秒  CPU    %usr   %nice    %sys %iowait    %irq   %soft  %steal  %guest   %idle
00时07分09秒  all   83.90    0.00   15.36    0.00    0.00    0.12    0.00    0.00    0.62
平均时间:  all   83.90    0.00   15.36    0.00    0.00    0.12    0.00    0.00    0.62

Linux 2.6.32-431.el6.x86_64 (slave2) 	2019年07月25日 	_x86_64_	(8 CPU)

00时07分12秒  CPU    %usr   %nice    %sys %iowait    %irq   %soft  %steal  %guest   %idle
00时07分13秒  all   90.39    0.00    9.11    0.00    0.00    0.37    0.00    0.00    0.12
平均时间:  all   90.39    0.00    9.11    0.00    0.00    0.37    0.00    0.00    0.12

Linux 2.6.32-431.el6.x86_64 (slave2) 	2019年07月25日 	_x86_64_	(8 CPU)

00时07分16秒  CPU    %usr   %nice    %sys %iowait    %irq   %soft  %steal  %guest   %idle
00时07分17秒  all   85.52    0.00    7.68    0.00    0.00    0.25    0.00    0.00    6.55
平均时间:  all   85.52    0.00    7.68    0.00    0.00    0.25    0.00    0.00    6.55

Linux 2.6.32-431.el6.x86_64 (slave2) 	2019年07月25日 	_x86_64_	(8 CPU)

00时07分20秒  CPU    %usr   %nice    %sys %iowait    %irq   %soft  %steal  %guest   %idle
00时07分21秒  all   81.01    0.00    6.67    0.00    0.00    0.25    0.00    0.00   12.08
平均时间:  all   81.01    0.00    6.67    0.00    0.00    0.25    0.00    0.00   12.08

Linux 2.6.32-431.el6.x86_64 (slave2) 	2019年07月25日 	_x86_64_	(8 CPU)

00时07分24秒  CPU    %usr   %nice    %sys %iowait    %irq   %soft  %steal  %guest   %idle
00时07分25秒  all   73.54    0.00    8.73    0.00    0.00    0.25    0.00    0.00   17.47
平均时间:  all   73.54    0.00    8.73    0.00    0.00    0.25    0.00    0.00   17.47

Linux 2.6.32-431.el6.x86_64 (slave2) 	2019年07月25日 	_x86_64_	(8 CPU)

00时07分28秒  CPU    %usr   %nice    %sys %iowait    %irq   %soft  %steal  %guest   %idle
00时07分29秒  all   72.01    0.00   14.12    0.25    0.00    2.40    0.00    0.00   11.22
平均时间:  all   72.01    0.00   14.12    0.25    0.00    2.40    0.00    0.00   11.22

Linux 2.6.32-431.el6.x86_64 (slave2) 	2019年07月25日 	_x86_64_	(8 CPU)

00时07分32秒  CPU    %usr   %nice    %sys %iowait    %irq   %soft  %steal  %guest   %idle
00时07分33秒  all   88.21    0.00    9.66    0.00    0.00    0.88    0.00    0.00    1.25
平均时间:  all   88.21    0.00    9.66    0.00    0.00    0.88    0.00    0.00    1.25

Linux 2.6.32-431.el6.x86_64 (slave2) 	2019年07月25日 	_x86_64_	(8 CPU)

00时07分36秒  CPU    %usr   %nice    %sys %iowait    %irq   %soft  %steal  %guest   %idle
00时07分37秒  all   44.33    0.00    8.38    0.00    0.00    2.45    0.00    0.00   44.85
平均时间:  all   44.33    0.00    8.38    0.00    0.00    2.45    0.00    0.00   44.85

Linux 2.6.32-431.el6.x86_64 (slave2) 	2019年07月25日 	_x86_64_	(8 CPU)

00时07分40秒  CPU    %usr   %nice    %sys %iowait    %irq   %soft  %steal  %guest   %idle
00时07分41秒  all   84.86    0.00   12.27    0.00    0.00    0.75    0.00    0.00    2.13
平均时间:  all   84.86    0.00   12.27    0.00    0.00    0.75    0.00    0.00    2.13

Linux 2.6.32-431.el6.x86_64 (slave2) 	2019年07月25日 	_x86_64_	(8 CPU)

00时07分44秒  CPU    %usr   %nice    %sys %iowait    %irq   %soft  %steal  %guest   %idle
00时07分45秒  all   84.11    0.00   12.52    0.00    0.00    1.13    0.00    0.00    2.25
平均时间:  all   84.11    0.00   12.52    0.00    0.00    1.13    0.00    0.00    2.25

Linux 2.6.32-431.el6.x86_64 (slave2) 	2019年07月25日 	_x86_64_	(8 CPU)

00时07分48秒  CPU    %usr   %nice    %sys %iowait    %irq   %soft  %steal  %guest   %idle
00时07分49秒  all   91.62    0.00    7.75    0.00    0.00    0.25    0.00    0.00    0.38
平均时间:  all   91.62    0.00    7.75    0.00    0.00    0.25    0.00    0.00    0.38

Linux 2.6.32-431.el6.x86_64 (slave2) 	2019年07月25日 	_x86_64_	(8 CPU)

00时07分52秒  CPU    %usr   %nice    %sys %iowait    %irq   %soft  %steal  %guest   %idle
00时07分53秒  all   54.49    0.00    9.49    0.00    0.00    1.92    0.00    0.00   34.10
平均时间:  all   54.49    0.00    9.49    0.00    0.00    1.92    0.00    0.00   34.10

Linux 2.6.32-431.el6.x86_64 (slave2) 	2019年07月25日 	_x86_64_	(8 CPU)

00时07分56秒  CPU    %usr   %nice    %sys %iowait    %irq   %soft  %steal  %guest   %idle
00时07分57秒  all   89.72    0.00    8.52    0.00    0.00    0.50    0.00    0.00    1.25
平均时间:  all   89.72    0.00    8.52    0.00    0.00    0.50    0.00    0.00    1.25

Linux 2.6.32-431.el6.x86_64 (slave2) 	2019年07月25日 	_x86_64_	(8 CPU)

00时08分00秒  CPU    %usr   %nice    %sys %iowait    %irq   %soft  %steal  %guest   %idle
00时08分01秒  all   88.08    0.00    9.91    0.00    0.00    0.50    0.00    0.00    1.51
平均时间:  all   88.08    0.00    9.91    0.00    0.00    0.50    0.00    0.00    1.51

Linux 2.6.32-431.el6.x86_64 (slave2) 	2019年07月25日 	_x86_64_	(8 CPU)

00时08分04秒  CPU    %usr   %nice    %sys %iowait    %irq   %soft  %steal  %guest   %idle
00时08分05秒  all   86.47    0.00   12.16    0.00    0.00    0.88    0.00    0.00    0.50
平均时间:  all   86.47    0.00   12.16    0.00    0.00    0.88    0.00    0.00    0.50

Linux 2.6.32-431.el6.x86_64 (slave2) 	2019年07月25日 	_x86_64_	(8 CPU)

00时08分08秒  CPU    %usr   %nice    %sys %iowait    %irq   %soft  %steal  %guest   %idle
00时08分09秒  all   91.90    0.00    7.23    0.00    0.12    0.50    0.00    0.00    0.25
平均时间:  all   91.90    0.00    7.23    0.00    0.12    0.50    0.00    0.00    0.25

Linux 2.6.32-431.el6.x86_64 (slave2) 	2019年07月25日 	_x86_64_	(8 CPU)

00时08分12秒  CPU    %usr   %nice    %sys %iowait    %irq   %soft  %steal  %guest   %idle
00时08分13秒  all   93.62    0.00    6.00    0.00    0.00    0.12    0.00    0.00    0.25
平均时间:  all   93.62    0.00    6.00    0.00    0.00    0.12    0.00    0.00    0.25

Linux 2.6.32-431.el6.x86_64 (slave2) 	2019年07月25日 	_x86_64_	(8 CPU)

00时08分16秒  CPU    %usr   %nice    %sys %iowait    %irq   %soft  %steal  %guest   %idle
00时08分17秒  all   91.50    0.00    7.38    0.00    0.00    0.88    0.00    0.00    0.25
平均时间:  all   91.50    0.00    7.38    0.00    0.00    0.88    0.00    0.00    0.25

Linux 2.6.32-431.el6.x86_64 (slave2) 	2019年07月25日 	_x86_64_	(8 CPU)

00时08分20秒  CPU    %usr   %nice    %sys %iowait    %irq   %soft  %steal  %guest   %idle
00时08分21秒  all   80.78    0.00    8.72    0.00    0.00    1.26    0.00    0.00    9.23
平均时间:  all   80.78    0.00    8.72    0.00    0.00    1.26    0.00    0.00    9.23

Linux 2.6.32-431.el6.x86_64 (slave2) 	2019年07月25日 	_x86_64_	(8 CPU)

00时08分24秒  CPU    %usr   %nice    %sys %iowait    %irq   %soft  %steal  %guest   %idle
00时08分25秒  all   51.67    0.00   15.42    0.00    0.13    4.88    0.00    0.00   27.89
平均时间:  all   51.67    0.00   15.42    0.00    0.13    4.88    0.00    0.00   27.89

Linux 2.6.32-431.el6.x86_64 (slave2) 	2019年07月25日 	_x86_64_	(8 CPU)

00时08分28秒  CPU    %usr   %nice    %sys %iowait    %irq   %soft  %steal  %guest   %idle
00时08分29秒  all   78.20    0.00   10.39    0.00    0.00    0.13    0.00    0.00   11.28
平均时间:  all   78.20    0.00   10.39    0.00    0.00    0.13    0.00    0.00   11.28

Linux 2.6.32-431.el6.x86_64 (slave2) 	2019年07月25日 	_x86_64_	(8 CPU)

00时08分33秒  CPU    %usr   %nice    %sys %iowait    %irq   %soft  %steal  %guest   %idle
00时08分34秒  all   92.38    0.00    6.99    0.00    0.00    0.50    0.00    0.00    0.12
平均时间:  all   92.38    0.00    6.99    0.00    0.00    0.50    0.00    0.00    0.12

Linux 2.6.32-431.el6.x86_64 (slave2) 	2019年07月25日 	_x86_64_	(8 CPU)

00时08分37秒  CPU    %usr   %nice    %sys %iowait    %irq   %soft  %steal  %guest   %idle
00时08分38秒  all   91.62    0.00    7.75    0.00    0.12    0.50    0.00    0.00    0.00
平均时间:  all   91.62    0.00    7.75    0.00    0.12    0.50    0.00    0.00    0.00

Linux 2.6.32-431.el6.x86_64 (slave2) 	2019年07月25日 	_x86_64_	(8 CPU)

00时08分41秒  CPU    %usr   %nice    %sys %iowait    %irq   %soft  %steal  %guest   %idle
00时08分42秒  all   47.11    0.00    7.32    0.00    0.13    0.26    0.00    0.00   45.19
平均时间:  all   47.11    0.00    7.32    0.00    0.13    0.26    0.00    0.00   45.19

Linux 2.6.32-431.el6.x86_64 (slave2) 	2019年07月25日 	_x86_64_	(8 CPU)

00时08分45秒  CPU    %usr   %nice    %sys %iowait    %irq   %soft  %steal  %guest   %idle
00时08分46秒  all   57.75    0.00    9.35    0.00    0.00    0.26    0.00    0.00   32.65
平均时间:  all   57.75    0.00    9.35    0.00    0.00    0.26    0.00    0.00   32.65

Linux 2.6.32-431.el6.x86_64 (slave2) 	2019年07月25日 	_x86_64_	(8 CPU)

00时08分49秒  CPU    %usr   %nice    %sys %iowait    %irq   %soft  %steal  %guest   %idle
00时08分50秒  all   54.53    0.00    7.92    0.00    0.13    0.13    0.00    0.00   37.29
平均时间:  all   54.53    0.00    7.92    0.00    0.13    0.13    0.00    0.00   37.29

Linux 2.6.32-431.el6.x86_64 (slave2) 	2019年07月25日 	_x86_64_	(8 CPU)

00时08分53秒  CPU    %usr   %nice    %sys %iowait    %irq   %soft  %steal  %guest   %idle
00时08分54秒  all   65.01    0.00   12.13    0.00    0.00    0.51    0.00    0.00   22.35
平均时间:  all   65.01    0.00   12.13    0.00    0.00    0.51    0.00    0.00   22.35

Linux 2.6.32-431.el6.x86_64 (slave2) 	2019年07月25日 	_x86_64_	(8 CPU)

00时08分57秒  CPU    %usr   %nice    %sys %iowait    %irq   %soft  %steal  %guest   %idle
00时08分58秒  all   43.81    0.00    7.54    0.00    0.00    2.55    0.00    0.00   46.10
平均时间:  all   43.81    0.00    7.54    0.00    0.00    2.55    0.00    0.00   46.10

Linux 2.6.32-431.el6.x86_64 (slave2) 	2019年07月25日 	_x86_64_	(8 CPU)

00时09分01秒  CPU    %usr   %nice    %sys %iowait    %irq   %soft  %steal  %guest   %idle
00时09分02秒  all   66.45    0.00    6.51    0.00    0.00    0.38    0.00    0.00   26.66
平均时间:  all   66.45    0.00    6.51    0.00    0.00    0.38    0.00    0.00   26.66

Linux 2.6.32-431.el6.x86_64 (slave2) 	2019年07月25日 	_x86_64_	(8 CPU)

00时09分05秒  CPU    %usr   %nice    %sys %iowait    %irq   %soft  %steal  %guest   %idle
00时09分06秒  all   35.97    0.00    3.70    0.00    0.00    0.77    0.00    0.00   59.57
平均时间:  all   35.97    0.00    3.70    0.00    0.00    0.77    0.00    0.00   59.57

Linux 2.6.32-431.el6.x86_64 (slave2) 	2019年07月25日 	_x86_64_	(8 CPU)

00时09分09秒  CPU    %usr   %nice    %sys %iowait    %irq   %soft  %steal  %guest   %idle
00时09分10秒  all   40.15    0.00    5.34    0.00    0.00    0.64    0.00    0.00   53.88
平均时间:  all   40.15    0.00    5.34    0.00    0.00    0.64    0.00    0.00   53.88

Linux 2.6.32-431.el6.x86_64 (slave2) 	2019年07月25日 	_x86_64_	(8 CPU)

00时09分13秒  CPU    %usr   %nice    %sys %iowait    %irq   %soft  %steal  %guest   %idle
00时09分14秒  all   54.94    0.00   10.65    0.00    0.00    3.98    0.00    0.00   30.42
平均时间:  all   54.94    0.00   10.65    0.00    0.00    3.98    0.00    0.00   30.42

Linux 2.6.32-431.el6.x86_64 (slave2) 	2019年07月25日 	_x86_64_	(8 CPU)

00时09分17秒  CPU    %usr   %nice    %sys %iowait    %irq   %soft  %steal  %guest   %idle
00时09分18秒  all   76.36    0.00    8.60    0.13    0.00    2.53    0.00    0.00   12.39
平均时间:  all   76.36    0.00    8.60    0.13    0.00    2.53    0.00    0.00   12.39

Linux 2.6.32-431.el6.x86_64 (slave2) 	2019年07月25日 	_x86_64_	(8 CPU)

00时09分21秒  CPU    %usr   %nice    %sys %iowait    %irq   %soft  %steal  %guest   %idle
00时09分22秒  all   75.06    0.00   10.38    0.00    0.00    0.76    0.00    0.00   13.80
平均时间:  all   75.06    0.00   10.38    0.00    0.00    0.76    0.00    0.00   13.80

Linux 2.6.32-431.el6.x86_64 (slave2) 	2019年07月25日 	_x86_64_	(8 CPU)

00时09分25秒  CPU    %usr   %nice    %sys %iowait    %irq   %soft  %steal  %guest   %idle
00时09分26秒  all   47.21    0.00    4.70    0.00    0.00    0.25    0.00    0.00   47.84
平均时间:  all   47.21    0.00    4.70    0.00    0.00    0.25    0.00    0.00   47.84

Linux 2.6.32-431.el6.x86_64 (slave2) 	2019年07月25日 	_x86_64_	(8 CPU)

00时09分29秒  CPU    %usr   %nice    %sys %iowait    %irq   %soft  %steal  %guest   %idle
00时09分30秒  all   81.06    0.00    9.60    0.00    0.00    0.51    0.00    0.00    8.84
平均时间:  all   81.06    0.00    9.60    0.00    0.00    0.51    0.00    0.00    8.84

Linux 2.6.32-431.el6.x86_64 (slave2) 	2019年07月25日 	_x86_64_	(8 CPU)

00时09分33秒  CPU    %usr   %nice    %sys %iowait    %irq   %soft  %steal  %guest   %idle
00时09分34秒  all   67.94    0.00    7.12    0.00    0.00    0.51    0.00    0.00   24.43
平均时间:  all   67.94    0.00    7.12    0.00    0.00    0.51    0.00    0.00   24.43

Linux 2.6.32-431.el6.x86_64 (slave2) 	2019年07月25日 	_x86_64_	(8 CPU)

00时09分37秒  CPU    %usr   %nice    %sys %iowait    %irq   %soft  %steal  %guest   %idle
00时09分38秒  all   55.29    0.00    7.52    0.00    0.00    0.38    0.00    0.00   36.82
平均时间:  all   55.29    0.00    7.52    0.00    0.00    0.38    0.00    0.00   36.82

Linux 2.6.32-431.el6.x86_64 (slave2) 	2019年07月25日 	_x86_64_	(8 CPU)

00时09分41秒  CPU    %usr   %nice    %sys %iowait    %irq   %soft  %steal  %guest   %idle
00时09分42秒  all   27.35    0.00   11.20    0.00    0.00    0.38    0.00    0.00   61.07
平均时间:  all   27.35    0.00   11.20    0.00    0.00    0.38    0.00    0.00   61.07

Linux 2.6.32-431.el6.x86_64 (slave2) 	2019年07月25日 	_x86_64_	(8 CPU)

00时09分45秒  CPU    %usr   %nice    %sys %iowait    %irq   %soft  %steal  %guest   %idle
00时09分46秒  all   74.94    0.00    8.23    0.00    0.00    0.13    0.00    0.00   16.71
平均时间:  all   74.94    0.00    8.23    0.00    0.00    0.13    0.00    0.00   16.71

Linux 2.6.32-431.el6.x86_64 (slave2) 	2019年07月25日 	_x86_64_	(8 CPU)

00时09分49秒  CPU    %usr   %nice    %sys %iowait    %irq   %soft  %steal  %guest   %idle
00时09分50秒  all   87.84    0.00    9.52    0.00    0.13    0.88    0.00    0.00    1.63
平均时间:  all   87.84    0.00    9.52    0.00    0.13    0.88    0.00    0.00    1.63

Linux 2.6.32-431.el6.x86_64 (slave2) 	2019年07月25日 	_x86_64_	(8 CPU)

00时09分53秒  CPU    %usr   %nice    %sys %iowait    %irq   %soft  %steal  %guest   %idle
00时09分54秒  all   76.26    0.00   13.51    0.00    0.13    4.04    0.00    0.00    6.06
平均时间:  all   76.26    0.00   13.51    0.00    0.13    4.04    0.00    0.00    6.06

Linux 2.6.32-431.el6.x86_64 (slave2) 	2019年07月25日 	_x86_64_	(8 CPU)

00时09分57秒  CPU    %usr   %nice    %sys %iowait    %irq   %soft  %steal  %guest   %idle
00时09分58秒  all   62.48    0.00    8.49    0.00    0.00    0.13    0.00    0.00   28.90
平均时间:  all   62.48    0.00    8.49    0.00    0.00    0.13    0.00    0.00   28.90

Linux 2.6.32-431.el6.x86_64 (slave2) 	2019年07月25日 	_x86_64_	(8 CPU)

00时10分01秒  CPU    %usr   %nice    %sys %iowait    %irq   %soft  %steal  %guest   %idle
00时10分02秒  all   22.15    0.00    5.44    0.00    0.00    0.38    0.00    0.00   72.03
平均时间:  all   22.15    0.00    5.44    0.00    0.00    0.38    0.00    0.00   72.03

Linux 2.6.32-431.el6.x86_64 (slave2) 	2019年07月25日 	_x86_64_	(8 CPU)

00时10分05秒  CPU    %usr   %nice    %sys %iowait    %irq   %soft  %steal  %guest   %idle
00时10分06秒  all   28.41    0.00    2.27    0.00    0.00    0.25    0.00    0.00   69.07
平均时间:  all   28.41    0.00    2.27    0.00    0.00    0.25    0.00    0.00   69.07

Linux 2.6.32-431.el6.x86_64 (slave2) 	2019年07月25日 	_x86_64_	(8 CPU)

00时10分09秒  CPU    %usr   %nice    %sys %iowait    %irq   %soft  %steal  %guest   %idle
00时10分10秒  all   14.11    0.00    0.50    0.00    0.00    0.76    0.00    0.00   84.63
平均时间:  all   14.11    0.00    0.50    0.00    0.00    0.76    0.00    0.00   84.63

Linux 2.6.32-431.el6.x86_64 (slave2) 	2019年07月25日 	_x86_64_	(8 CPU)

00时10分13秒  CPU    %usr   %nice    %sys %iowait    %irq   %soft  %steal  %guest   %idle
00时10分14秒  all   17.99    0.00    3.65    0.00    0.00    1.01    0.00    0.00   77.36
平均时间:  all   17.99    0.00    3.65    0.00    0.00    1.01    0.00    0.00   77.36

Linux 2.6.32-431.el6.x86_64 (slave2) 	2019年07月25日 	_x86_64_	(8 CPU)

00时10分17秒  CPU    %usr   %nice    %sys %iowait    %irq   %soft  %steal  %guest   %idle
00时10分18秒  all   12.99    0.00    0.50    0.00    0.00    1.64    0.00    0.00   84.87
平均时间:  all   12.99    0.00    0.50    0.00    0.00    1.64    0.00    0.00   84.87

Linux 2.6.32-431.el6.x86_64 (slave2) 	2019年07月25日 	_x86_64_	(8 CPU)

00时10分21秒  CPU    %usr   %nice    %sys %iowait    %irq   %soft  %steal  %guest   %idle
00时10分22秒  all   28.57    0.00    2.68    0.00    0.00    0.51    0.00    0.00   68.24
平均时间:  all   28.57    0.00    2.68    0.00    0.00    0.51    0.00    0.00   68.24

Linux 2.6.32-431.el6.x86_64 (slave2) 	2019年07月25日 	_x86_64_	(8 CPU)

00时10分25秒  CPU    %usr   %nice    %sys %iowait    %irq   %soft  %steal  %guest   %idle
00时10分26秒  all    2.80    0.00    2.29    0.00    0.00    0.76    0.00    0.00   94.14
平均时间:  all    2.80    0.00    2.29    0.00    0.00    0.76    0.00    0.00   94.14

Linux 2.6.32-431.el6.x86_64 (slave2) 	2019年07月25日 	_x86_64_	(8 CPU)

00时10分29秒  CPU    %usr   %nice    %sys %iowait    %irq   %soft  %steal  %guest   %idle
00时10分30秒  all    0.00    0.00    0.13    0.00    0.00    0.13    0.00    0.00   99.75
平均时间:  all    0.00    0.00    0.13    0.00    0.00    0.13    0.00    0.00   99.75

Linux 2.6.32-431.el6.x86_64 (slave2) 	2019年07月25日 	_x86_64_	(8 CPU)

00时10分33秒  CPU    %usr   %nice    %sys %iowait    %irq   %soft  %steal  %guest   %idle
00时10分34秒  all    0.00    0.00    0.00    0.00    0.00    0.00    0.00    0.00  100.00
平均时间:  all    0.00    0.00    0.00    0.00    0.00    0.00    0.00    0.00  100.00

Linux 2.6.32-431.el6.x86_64 (slave2) 	2019年07月25日 	_x86_64_	(8 CPU)

00时10分37秒  CPU    %usr   %nice    %sys %iowait    %irq   %soft  %steal  %guest   %idle
00时10分38秒  all    0.00    0.00    0.00    0.00    0.00    0.00    0.00    0.00  100.00
平均时间:  all    0.00    0.00    0.00    0.00    0.00    0.00    0.00    0.00  100.00

Linux 2.6.32-431.el6.x86_64 (slave2) 	2019年07月25日 	_x86_64_	(8 CPU)

00时10分41秒  CPU    %usr   %nice    %sys %iowait    %irq   %soft  %steal  %guest   %idle
00时10分42秒  all    0.00    0.00    0.00    0.00    0.00    0.00    0.00    0.00  100.00
平均时间:  all    0.00    0.00    0.00    0.00    0.00    0.00    0.00    0.00  100.00

Linux 2.6.32-431.el6.x86_64 (slave2) 	2019年07月25日 	_x86_64_	(8 CPU)

00时10分45秒  CPU    %usr   %nice    %sys %iowait    %irq   %soft  %steal  %guest   %idle
00时10分46秒  all    0.00    0.00    0.00    0.00    0.00    0.00    0.00    0.00  100.00
平均时间:  all    0.00    0.00    0.00    0.00    0.00    0.00    0.00    0.00  100.00

Linux 2.6.32-431.el6.x86_64 (slave2) 	2019年07月25日 	_x86_64_	(8 CPU)

00时10分49秒  CPU    %usr   %nice    %sys %iowait    %irq   %soft  %steal  %guest   %idle
00时10分50秒  all    0.00    0.00    0.00    0.00    0.00    0.00    0.00    0.00  100.00
平均时间:  all    0.00    0.00    0.00    0.00    0.00    0.00    0.00    0.00  100.00

Linux 2.6.32-431.el6.x86_64 (slave2) 	2019年07月25日 	_x86_64_	(8 CPU)

00时10分53秒  CPU    %usr   %nice    %sys %iowait    %irq   %soft  %steal  %guest   %idle
00时10分54秒  all    0.00    0.00    0.00    0.00    0.00    0.00    0.00    0.00  100.00
平均时间:  all    0.00    0.00    0.00    0.00    0.00    0.00    0.00    0.00  100.00

Linux 2.6.32-431.el6.x86_64 (slave2) 	2019年07月25日 	_x86_64_	(8 CPU)

00时10分57秒  CPU    %usr   %nice    %sys %iowait    %irq   %soft  %steal  %guest   %idle
00时10分58秒  all    0.00    0.00    0.13    0.00    0.00    0.00    0.00    0.00   99.87
平均时间:  all    0.00    0.00    0.13    0.00    0.00    0.00    0.00    0.00   99.87

Linux 2.6.32-431.el6.x86_64 (slave2) 	2019年07月25日 	_x86_64_	(8 CPU)

00时11分01秒  CPU    %usr   %nice    %sys %iowait    %irq   %soft  %steal  %guest   %idle
00时11分02秒  all    0.00    0.00    0.13    0.00    0.00    0.00    0.00    0.00   99.87
平均时间:  all    0.00    0.00    0.13    0.00    0.00    0.00    0.00    0.00   99.87

Linux 2.6.32-431.el6.x86_64 (slave2) 	2019年07月25日 	_x86_64_	(8 CPU)

00时11分05秒  CPU    %usr   %nice    %sys %iowait    %irq   %soft  %steal  %guest   %idle
00时11分06秒  all    0.00    0.00    0.00    0.00    0.00    0.00    0.00    0.00  100.00
平均时间:  all    0.00    0.00    0.00    0.00    0.00    0.00    0.00    0.00  100.00

Linux 2.6.32-431.el6.x86_64 (slave2) 	2019年07月25日 	_x86_64_	(8 CPU)

00时11分09秒  CPU    %usr   %nice    %sys %iowait    %irq   %soft  %steal  %guest   %idle
00时11分10秒  all    0.38    0.00    0.13    0.00    0.00    0.00    0.00    0.00   99.50
平均时间:  all    0.38    0.00    0.13    0.00    0.00    0.00    0.00    0.00   99.50

Linux 2.6.32-431.el6.x86_64 (slave2) 	2019年07月25日 	_x86_64_	(8 CPU)

00时11分13秒  CPU    %usr   %nice    %sys %iowait    %irq   %soft  %steal  %guest   %idle
00时11分14秒  all    0.00    0.00    0.13    0.00    0.00    0.00    0.00    0.00   99.87
平均时间:  all    0.00    0.00    0.13    0.00    0.00    0.00    0.00    0.00   99.87

