
2019年 07月 25日 星期四 00:00:25 CST
             total       used       free     shared    buffers     cached
Mem:         15945       8677       7267          0         73       6620
-/+ buffers/cache:       1983      13961
Swap:         8039          0       8039

2019年 07月 25日 星期四 00:00:29 CST
             total       used       free     shared    buffers     cached
Mem:         15945       8677       7267          0         73       6620
-/+ buffers/cache:       1983      13961
Swap:         8039          0       8039

2019年 07月 25日 星期四 00:00:33 CST
             total       used       free     shared    buffers     cached
Mem:         15945       8677       7267          0         73       6620
-/+ buffers/cache:       1983      13961
Swap:         8039          0       8039

2019年 07月 25日 星期四 00:00:37 CST
             total       used       free     shared    buffers     cached
Mem:         15945       8677       7267          0         73       6620
-/+ buffers/cache:       1983      13961
Swap:         8039          0       8039

2019年 07月 25日 星期四 00:00:41 CST
             total       used       free     shared    buffers     cached
Mem:         15945       8677       7267          0         73       6620
-/+ buffers/cache:       1983      13961
Swap:         8039          0       8039

2019年 07月 25日 星期四 00:00:45 CST
             total       used       free     shared    buffers     cached
Mem:         15945       8823       7121          0         73       6766
-/+ buffers/cache:       1984      13961
Swap:         8039          0       8039

2019年 07月 25日 星期四 00:00:49 CST
             total       used       free     shared    buffers     cached
Mem:         15945       9076       6868          0         73       7014
-/+ buffers/cache:       1989      13956
Swap:         8039          0       8039

2019年 07月 25日 星期四 00:00:53 CST
             total       used       free     shared    buffers     cached
Mem:         15945       9310       6634          0         73       7249
-/+ buffers/cache:       1988      13957
Swap:         8039          0       8039

2019年 07月 25日 星期四 00:00:57 CST
             total       used       free     shared    buffers     cached
Mem:         15945       9528       6416          0         73       7468
-/+ buffers/cache:       1987      13958
Swap:         8039          0       8039

2019年 07月 25日 星期四 00:01:01 CST
             total       used       free     shared    buffers     cached
Mem:         15945       9755       6189          0         73       7696
-/+ buffers/cache:       1985      13959
Swap:         8039          0       8039

2019年 07月 25日 星期四 00:01:05 CST
             total       used       free     shared    buffers     cached
Mem:         15945       9982       5963          0         73       7922
-/+ buffers/cache:       1986      13959
Swap:         8039          0       8039

2019年 07月 25日 星期四 00:01:09 CST
             total       used       free     shared    buffers     cached
Mem:         15945      10235       5709          0         73       8174
-/+ buffers/cache:       1988      13957
Swap:         8039          0       8039

2019年 07月 25日 星期四 00:01:13 CST
             total       used       free     shared    buffers     cached
Mem:         15945      10334       5610          0         73       8256
-/+ buffers/cache:       2005      13940
Swap:         8039          0       8039

2019年 07月 25日 星期四 00:01:17 CST
             total       used       free     shared    buffers     cached
Mem:         15945      10845       5099          0         73       8341
-/+ buffers/cache:       2431      13514
Swap:         8039          0       8039

2019年 07月 25日 星期四 00:01:21 CST
             total       used       free     shared    buffers     cached
Mem:         15945      11755       4190          0         73       8374
-/+ buffers/cache:       3307      12638
Swap:         8039          0       8039

2019年 07月 25日 星期四 00:01:25 CST
             total       used       free     shared    buffers     cached
Mem:         15945      12080       3864          0         73       8374
-/+ buffers/cache:       3633      12312
Swap:         8039          0       8039

2019年 07月 25日 星期四 00:01:29 CST
             total       used       free     shared    buffers     cached
Mem:         15945      13398       2547          0         73       8543
-/+ buffers/cache:       4781      11163
Swap:         8039          0       8039

2019年 07月 25日 星期四 00:01:33 CST
             total       used       free     shared    buffers     cached
Mem:         15945      13460       2485          0         73       8548
-/+ buffers/cache:       4838      11107
Swap:         8039          0       8039

2019年 07月 25日 星期四 00:01:37 CST
             total       used       free     shared    buffers     cached
Mem:         15945      13451       2493          0         73       8809
-/+ buffers/cache:       4569      11376
Swap:         8039          0       8039

2019年 07月 25日 星期四 00:01:41 CST
             total       used       free     shared    buffers     cached
Mem:         15945      13775       2170          0         73       9226
-/+ buffers/cache:       4475      11469
Swap:         8039          0       8039

2019年 07月 25日 星期四 00:01:46 CST
             total       used       free     shared    buffers     cached
Mem:         15945      14234       1710          0         73       9227
-/+ buffers/cache:       4933      11011
Swap:         8039          0       8039

2019年 07月 25日 星期四 00:01:50 CST
             total       used       free     shared    buffers     cached
Mem:         15945      14585       1360          0         73       9228
-/+ buffers/cache:       5283      10662
Swap:         8039          0       8039

2019年 07月 25日 星期四 00:01:54 CST
             total       used       free     shared    buffers     cached
Mem:         15945      14385       1559          0         73       9227
-/+ buffers/cache:       5084      10860
Swap:         8039          0       8039

2019年 07月 25日 星期四 00:01:58 CST
             total       used       free     shared    buffers     cached
Mem:         15945      14666       1279          0         73       9228
-/+ buffers/cache:       5364      10581
Swap:         8039          0       8039

2019年 07月 25日 星期四 00:02:02 CST
             total       used       free     shared    buffers     cached
Mem:         15945      14793       1151          0         73       9229
-/+ buffers/cache:       5491      10454
Swap:         8039          0       8039

2019年 07月 25日 星期四 00:02:06 CST
             total       used       free     shared    buffers     cached
Mem:         15945      15090        854          0         73       9230
-/+ buffers/cache:       5787      10158
Swap:         8039          0       8039

2019年 07月 25日 星期四 00:02:10 CST
             total       used       free     shared    buffers     cached
Mem:         15945      15229        715          0         73       9231
-/+ buffers/cache:       5925      10020
Swap:         8039          0       8039

2019年 07月 25日 星期四 00:02:14 CST
             total       used       free     shared    buffers     cached
Mem:         15945      14031       1913          0         73       9192
-/+ buffers/cache:       4766      11179
Swap:         8039          0       8039

2019年 07月 25日 星期四 00:02:18 CST
             total       used       free     shared    buffers     cached
Mem:         15945      13803       2141          0         73       9415
-/+ buffers/cache:       4315      11630
Swap:         8039          0       8039

2019年 07月 25日 星期四 00:02:22 CST
             total       used       free     shared    buffers     cached
Mem:         15945      14618       1327          0         73       9727
-/+ buffers/cache:       4817      11128
Swap:         8039          0       8039

2019年 07月 25日 星期四 00:02:26 CST
             total       used       free     shared    buffers     cached
Mem:         15945      15298        646          0         73      10015
-/+ buffers/cache:       5209      10735
Swap:         8039          0       8039

2019年 07月 25日 星期四 00:02:30 CST
             total       used       free     shared    buffers     cached
Mem:         15945      15781        164          0         73      10127
-/+ buffers/cache:       5580      10365
Swap:         8039          0       8039

2019年 07月 25日 星期四 00:02:34 CST
             total       used       free     shared    buffers     cached
Mem:         15945      15759        186          0         73       9745
-/+ buffers/cache:       5939      10005
Swap:         8039          0       8039

2019年 07月 25日 星期四 00:02:38 CST
             total       used       free     shared    buffers     cached
Mem:         15945      15772        172          0         73       9555
-/+ buffers/cache:       6144       9801
Swap:         8039          0       8039

2019年 07月 25日 星期四 00:02:42 CST
             total       used       free     shared    buffers     cached
Mem:         15945      14151       1794          0         73       9518
-/+ buffers/cache:       4559      11385
Swap:         8039          0       8039

2019年 07月 25日 星期四 00:02:46 CST
             total       used       free     shared    buffers     cached
Mem:         15945      14398       1547          0         73       9339
-/+ buffers/cache:       4984      10960
Swap:         8039          0       8039

2019年 07月 25日 星期四 00:02:50 CST
             total       used       free     shared    buffers     cached
Mem:         15945      15353        592          0         73       9340
-/+ buffers/cache:       5939      10006
Swap:         8039          0       8039

2019年 07月 25日 星期四 00:02:54 CST
             total       used       free     shared    buffers     cached
Mem:         15945      15747        197          0         73       9360
-/+ buffers/cache:       6313       9631
Swap:         8039          0       8039

2019年 07月 25日 星期四 00:02:58 CST
             total       used       free     shared    buffers     cached
Mem:         15945      14787       1157          0         73       9336
-/+ buffers/cache:       5377      10567
Swap:         8039          0       8039

2019年 07月 25日 星期四 00:03:02 CST
             total       used       free     shared    buffers     cached
Mem:         15945      14588       1356          0         73       9382
-/+ buffers/cache:       5132      10812
Swap:         8039          0       8039

2019年 07月 25日 星期四 00:03:06 CST
             total       used       free     shared    buffers     cached
Mem:         15945      14816       1128          0         73       9014
-/+ buffers/cache:       5729      10216
Swap:         8039          0       8039

2019年 07月 25日 星期四 00:03:10 CST
             total       used       free     shared    buffers     cached
Mem:         15945      15218        727          0         73       9038
-/+ buffers/cache:       6107       9838
Swap:         8039          0       8039

2019年 07月 25日 星期四 00:03:14 CST
             total       used       free     shared    buffers     cached
Mem:         15945      15581        364          0         73       9098
-/+ buffers/cache:       6409       9536
Swap:         8039          0       8039

2019年 07月 25日 星期四 00:03:18 CST
             total       used       free     shared    buffers     cached
Mem:         15945      15762        182          0         73       9154
-/+ buffers/cache:       6534       9410
Swap:         8039          0       8039

2019年 07月 25日 星期四 00:03:22 CST
             total       used       free     shared    buffers     cached
Mem:         15945      15769        175          0         73       9078
-/+ buffers/cache:       6618       9327
Swap:         8039          0       8039

2019年 07月 25日 星期四 00:03:26 CST
             total       used       free     shared    buffers     cached
Mem:         15945      13804       2140          0         73       9058
-/+ buffers/cache:       4672      11272
Swap:         8039          0       8039

2019年 07月 25日 星期四 00:03:30 CST
             total       used       free     shared    buffers     cached
Mem:         15945      14019       1925          0         73       8970
-/+ buffers/cache:       4976      10969
Swap:         8039          0       8039

2019年 07月 25日 星期四 00:03:34 CST
             total       used       free     shared    buffers     cached
Mem:         15945      14020       1924          0         73       9060
-/+ buffers/cache:       4887      11058
Swap:         8039          0       8039

2019年 07月 25日 星期四 00:03:38 CST
             total       used       free     shared    buffers     cached
Mem:         15945      14351       1594          0         73       8895
-/+ buffers/cache:       5382      10562
Swap:         8039          0       8039

2019年 07月 25日 星期四 00:03:42 CST
             total       used       free     shared    buffers     cached
Mem:         15945      14365       1579          0         73       8956
-/+ buffers/cache:       5335      10609
Swap:         8039          0       8039

2019年 07月 25日 星期四 00:03:46 CST
             total       used       free     shared    buffers     cached
Mem:         15945      14091       1853          0         73       9168
-/+ buffers/cache:       4850      11095
Swap:         8039          0       8039

2019年 07月 25日 星期四 00:03:50 CST
             total       used       free     shared    buffers     cached
Mem:         15945      14815       1130          0         73       9490
-/+ buffers/cache:       5250      10694
Swap:         8039          0       8039

2019年 07月 25日 星期四 00:03:54 CST
             total       used       free     shared    buffers     cached
Mem:         15945      15518        427          0         73       9790
-/+ buffers/cache:       5654      10290
Swap:         8039          0       8039

2019年 07月 25日 星期四 00:03:58 CST
             total       used       free     shared    buffers     cached
Mem:         15945      14859       1086          0         73       9764
-/+ buffers/cache:       5021      10924
Swap:         8039          0       8039

2019年 07月 25日 星期四 00:04:02 CST
             total       used       free     shared    buffers     cached
Mem:         15945      15447        497          0         73      10199
-/+ buffers/cache:       5174      10770
Swap:         8039          0       8039

2019年 07月 25日 星期四 00:04:06 CST
             total       used       free     shared    buffers     cached
Mem:         15945      15553        391          0         73      10613
-/+ buffers/cache:       4867      11078
Swap:         8039          0       8039

2019年 07月 25日 星期四 00:04:10 CST
             total       used       free     shared    buffers     cached
Mem:         15945      14690       1255          0         73      10778
-/+ buffers/cache:       3838      12106
Swap:         8039          0       8039

2019年 07月 25日 星期四 00:04:14 CST
             total       used       free     shared    buffers     cached
Mem:         15945      15450        494          0         73      10963
-/+ buffers/cache:       4413      11532
Swap:         8039          0       8039

2019年 07月 25日 星期四 00:04:18 CST
             total       used       free     shared    buffers     cached
Mem:         15945      15774        171          0         73      10613
-/+ buffers/cache:       5087      10857
Swap:         8039          0       8039

2019年 07月 25日 星期四 00:04:22 CST
             total       used       free     shared    buffers     cached
Mem:         15945      15773        171          0         73      10243
-/+ buffers/cache:       5456      10488
Swap:         8039          0       8039

2019年 07月 25日 星期四 00:04:27 CST
             total       used       free     shared    buffers     cached
Mem:         15945      15792        152          0         73       9784
-/+ buffers/cache:       5934      10010
Swap:         8039          0       8039

2019年 07月 25日 星期四 00:04:31 CST
             total       used       free     shared    buffers     cached
Mem:         15945      15783        162          0         73       9669
-/+ buffers/cache:       6041       9904
Swap:         8039          0       8039

2019年 07月 25日 星期四 00:04:35 CST
             total       used       free     shared    buffers     cached
Mem:         15945      15788        157          0         73       9566
-/+ buffers/cache:       6148       9797
Swap:         8039          0       8039

2019年 07月 25日 星期四 00:04:39 CST
             total       used       free     shared    buffers     cached
Mem:         15945      15438        507          0         73       9783
-/+ buffers/cache:       5581      10364
Swap:         8039          0       8039

2019年 07月 25日 星期四 00:04:43 CST
             total       used       free     shared    buffers     cached
Mem:         15945      14954        991          0         73       9662
-/+ buffers/cache:       5218      10726
Swap:         8039          0       8039

2019年 07月 25日 星期四 00:04:47 CST
             total       used       free     shared    buffers     cached
Mem:         15945      15520        425          0         73       9662
-/+ buffers/cache:       5784      10161
Swap:         8039          0       8039

2019年 07月 25日 星期四 00:04:51 CST
             total       used       free     shared    buffers     cached
Mem:         15945      15771        173          0         73       9527
-/+ buffers/cache:       6170       9774
Swap:         8039          0       8039

2019年 07月 25日 星期四 00:04:55 CST
             total       used       free     shared    buffers     cached
Mem:         15945      15279        666          0         73       9286
-/+ buffers/cache:       5919      10026
Swap:         8039          0       8039

2019年 07月 25日 星期四 00:04:59 CST
             total       used       free     shared    buffers     cached
Mem:         15945      15457        488          0         73       9227
-/+ buffers/cache:       6156       9789
Swap:         8039          0       8039

2019年 07月 25日 星期四 00:05:03 CST
             total       used       free     shared    buffers     cached
Mem:         15945      12663       3282          0         73       9055
-/+ buffers/cache:       3534      12410
Swap:         8039          0       8039

2019年 07月 25日 星期四 00:05:07 CST
             total       used       free     shared    buffers     cached
Mem:         15945      13602       2342          0         73       9056
-/+ buffers/cache:       4473      11472
Swap:         8039          0       8039

2019年 07月 25日 星期四 00:05:11 CST
             total       used       free     shared    buffers     cached
Mem:         15945      14107       1838          0         73       9075
-/+ buffers/cache:       4958      10987
Swap:         8039          0       8039

2019年 07月 25日 星期四 00:05:15 CST
             total       used       free     shared    buffers     cached
Mem:         15945      14766       1178          0         73       9059
-/+ buffers/cache:       5633      10311
Swap:         8039          0       8039

2019年 07月 25日 星期四 00:05:19 CST
             total       used       free     shared    buffers     cached
Mem:         15945      15418        526          0         73       9216
-/+ buffers/cache:       6128       9816
Swap:         8039          0       8039

2019年 07月 25日 星期四 00:05:23 CST
             total       used       free     shared    buffers     cached
Mem:         15945      15772        173          0         73       9274
-/+ buffers/cache:       6424       9520
Swap:         8039          0       8039

2019年 07月 25日 星期四 00:05:27 CST
             total       used       free     shared    buffers     cached
Mem:         15945      15766        178          0         73       9099
-/+ buffers/cache:       6593       9351
Swap:         8039          0       8039

2019年 07月 25日 星期四 00:05:31 CST
             total       used       free     shared    buffers     cached
Mem:         15945      15766        179          0         73       8985
-/+ buffers/cache:       6707       9237
Swap:         8039          0       8039

2019年 07月 25日 星期四 00:05:35 CST
             total       used       free     shared    buffers     cached
Mem:         15945      15766        179          0         72       8896
-/+ buffers/cache:       6796       9148
Swap:         8039          0       8039

2019年 07月 25日 星期四 00:05:39 CST
             total       used       free     shared    buffers     cached
Mem:         15945      15767        177          0         72       8818
-/+ buffers/cache:       6876       9068
Swap:         8039          0       8039

2019年 07月 25日 星期四 00:05:43 CST
             total       used       free     shared    buffers     cached
Mem:         15945      15768        176          0         72       8749
-/+ buffers/cache:       6947       8998
Swap:         8039          0       8039

2019年 07月 25日 星期四 00:05:47 CST
             total       used       free     shared    buffers     cached
Mem:         15945      15767        178          0         72       8676
-/+ buffers/cache:       7017       8928
Swap:         8039          0       8039

2019年 07月 25日 星期四 00:05:51 CST
             total       used       free     shared    buffers     cached
Mem:         15945      15772        173          0         72       8605
-/+ buffers/cache:       7093       8851
Swap:         8039          0       8039

2019年 07月 25日 星期四 00:05:55 CST
             total       used       free     shared    buffers     cached
Mem:         15945      14246       1699          0         72       8491
-/+ buffers/cache:       5681      10263
Swap:         8039          0       8039

2019年 07月 25日 星期四 00:05:59 CST
             total       used       free     shared    buffers     cached
Mem:         15945      14766       1179          0         72       8703
-/+ buffers/cache:       5990       9955
Swap:         8039          0       8039

2019年 07月 25日 星期四 00:06:03 CST
             total       used       free     shared    buffers     cached
Mem:         15945      15350        594          0         72       8743
-/+ buffers/cache:       6534       9410
Swap:         8039          0       8039

2019年 07月 25日 星期四 00:06:07 CST
             total       used       free     shared    buffers     cached
Mem:         15945      12570       3374          0         72       8861
-/+ buffers/cache:       3636      12309
Swap:         8039          0       8039

2019年 07月 25日 星期四 00:06:11 CST
             total       used       free     shared    buffers     cached
Mem:         15945      13162       2782          0         72       8871
-/+ buffers/cache:       4218      11727
Swap:         8039          0       8039

2019年 07月 25日 星期四 00:06:16 CST
             total       used       free     shared    buffers     cached
Mem:         15945      13651       2293          0         72       9057
-/+ buffers/cache:       4521      11424
Swap:         8039          0       8039

2019年 07月 25日 星期四 00:06:20 CST
             total       used       free     shared    buffers     cached
Mem:         15945      12424       3520          0         72       8850
-/+ buffers/cache:       3501      12444
Swap:         8039          0       8039

2019年 07月 25日 星期四 00:06:24 CST
             total       used       free     shared    buffers     cached
Mem:         15945      12753       3191          0         72       8850
-/+ buffers/cache:       3830      12115
Swap:         8039          0       8039

2019年 07月 25日 星期四 00:06:28 CST
             total       used       free     shared    buffers     cached
Mem:         15945      12995       2949          0         72       8851
-/+ buffers/cache:       4071      11874
Swap:         8039          0       8039

2019年 07月 25日 星期四 00:06:32 CST
             total       used       free     shared    buffers     cached
Mem:         15945      12991       2953          0         72       8492
-/+ buffers/cache:       4426      11519
Swap:         8039          0       8039

2019年 07月 25日 星期四 00:06:36 CST
             total       used       free     shared    buffers     cached
Mem:         15945      13794       2150          0         72       8494
-/+ buffers/cache:       5228      10717
Swap:         8039          0       8039

2019年 07月 25日 星期四 00:06:40 CST
             total       used       free     shared    buffers     cached
Mem:         15945      13589       2355          0         72       8678
-/+ buffers/cache:       4838      11106
Swap:         8039          0       8039

2019年 07月 25日 星期四 00:06:44 CST
             total       used       free     shared    buffers     cached
Mem:         15945      13147       2797          0         72       8740
-/+ buffers/cache:       4334      11611
Swap:         8039          0       8039

2019年 07月 25日 星期四 00:06:48 CST
             total       used       free     shared    buffers     cached
Mem:         15945      13548       2397          0         72       8825
-/+ buffers/cache:       4649      11295
Swap:         8039          0       8039

2019年 07月 25日 星期四 00:06:52 CST
             total       used       free     shared    buffers     cached
Mem:         15945      13640       2304          0         72       8825
-/+ buffers/cache:       4742      11203
Swap:         8039          0       8039

2019年 07月 25日 星期四 00:06:56 CST
             total       used       free     shared    buffers     cached
Mem:         15945      14064       1880          0         72       8827
-/+ buffers/cache:       5164      10781
Swap:         8039          0       8039

2019年 07月 25日 星期四 00:07:00 CST
             total       used       free     shared    buffers     cached
Mem:         15945      14913       1031          0         72       8833
-/+ buffers/cache:       6007       9937
Swap:         8039          0       8039

2019年 07月 25日 星期四 00:07:04 CST
             total       used       free     shared    buffers     cached
Mem:         15945      15071        873          0         72       8795
-/+ buffers/cache:       6203       9741
Swap:         8039          0       8039

2019年 07月 25日 星期四 00:07:08 CST
             total       used       free     shared    buffers     cached
Mem:         15945      15216        729          0         72       8803
-/+ buffers/cache:       6339       9605
Swap:         8039          0       8039

2019年 07月 25日 星期四 00:07:12 CST
             total       used       free     shared    buffers     cached
Mem:         15945      15019        925          0         72       8807
-/+ buffers/cache:       6139       9805
Swap:         8039          0       8039

2019年 07月 25日 星期四 00:07:16 CST
             total       used       free     shared    buffers     cached
Mem:         15945      14629       1315          0         72       8815
-/+ buffers/cache:       5741      10203
Swap:         8039          0       8039

2019年 07月 25日 星期四 00:07:20 CST
             total       used       free     shared    buffers     cached
Mem:         15945      14869       1075          0         72       8818
-/+ buffers/cache:       5978       9967
Swap:         8039          0       8039

2019年 07月 25日 星期四 00:07:24 CST
             total       used       free     shared    buffers     cached
Mem:         15945      15123        821          0         72       8829
-/+ buffers/cache:       6221       9724
Swap:         8039          0       8039

2019年 07月 25日 星期四 00:07:28 CST
             total       used       free     shared    buffers     cached
Mem:         15945      15556        389          0         72       8831
-/+ buffers/cache:       6652       9293
Swap:         8039          0       8039

2019年 07月 25日 星期四 00:07:32 CST
             total       used       free     shared    buffers     cached
Mem:         15945      15775        170          0         72       8791
-/+ buffers/cache:       6911       9034
Swap:         8039          0       8039

2019年 07月 25日 星期四 00:07:36 CST
             total       used       free     shared    buffers     cached
Mem:         15945      15425        520          0         72       8305
-/+ buffers/cache:       7046       8898
Swap:         8039          0       8039

2019年 07月 25日 星期四 00:07:40 CST
             total       used       free     shared    buffers     cached
Mem:         15945      11074       4870          0         72       7816
-/+ buffers/cache:       3186      12759
Swap:         8039          0       8039

2019年 07月 25日 星期四 00:07:44 CST
             total       used       free     shared    buffers     cached
Mem:         15945      11686       4259          0         72       7971
-/+ buffers/cache:       3642      12303
Swap:         8039          0       8039

2019年 07月 25日 星期四 00:07:48 CST
             total       used       free     shared    buffers     cached
Mem:         15945      12403       3542          0         72       7971
-/+ buffers/cache:       4358      11586
Swap:         8039          0       8039

2019年 07月 25日 星期四 00:07:52 CST
             total       used       free     shared    buffers     cached
Mem:         15945      12641       3304          0         72       8011
-/+ buffers/cache:       4557      11387
Swap:         8039          0       8039

2019年 07月 25日 星期四 00:07:56 CST
             total       used       free     shared    buffers     cached
Mem:         15945      12893       3051          0         72       8032
-/+ buffers/cache:       4789      11156
Swap:         8039          0       8039

2019年 07月 25日 星期四 00:08:00 CST
             total       used       free     shared    buffers     cached
Mem:         15945      13088       2857          0         72       7828
-/+ buffers/cache:       5187      10758
Swap:         8039          0       8039

2019年 07月 25日 星期四 00:08:04 CST
             total       used       free     shared    buffers     cached
Mem:         15945      13676       2269          0         72       7830
-/+ buffers/cache:       5773      10172
Swap:         8039          0       8039

2019年 07月 25日 星期四 00:08:08 CST
             total       used       free     shared    buffers     cached
Mem:         15945      13474       2471          0         72       7834
-/+ buffers/cache:       5567      10378
Swap:         8039          0       8039

2019年 07月 25日 星期四 00:08:12 CST
             total       used       free     shared    buffers     cached
Mem:         15945      13675       2270          0         72       7815
-/+ buffers/cache:       5787      10158
Swap:         8039          0       8039

2019年 07月 25日 星期四 00:08:16 CST
             total       used       free     shared    buffers     cached
Mem:         15945      13992       1953          0         72       7819
-/+ buffers/cache:       6100       9845
Swap:         8039          0       8039

2019年 07月 25日 星期四 00:08:20 CST
             total       used       free     shared    buffers     cached
Mem:         15945      13395       2550          0         72       7882
-/+ buffers/cache:       5440      10505
Swap:         8039          0       8039

2019年 07月 25日 星期四 00:08:24 CST
             total       used       free     shared    buffers     cached
Mem:         15945      12912       3032          0         72       8073
-/+ buffers/cache:       4766      11178
Swap:         8039          0       8039

2019年 07月 25日 星期四 00:08:28 CST
             total       used       free     shared    buffers     cached
Mem:         15945      12899       3045          0         72       7850
-/+ buffers/cache:       4976      10968
Swap:         8039          0       8039

2019年 07月 25日 星期四 00:08:32 CST
             total       used       free     shared    buffers     cached
Mem:         15945      13260       2685          0         72       7854
-/+ buffers/cache:       5333      10612
Swap:         8039          0       8039

2019年 07月 25日 星期四 00:08:36 CST
             total       used       free     shared    buffers     cached
Mem:         15945      13546       2398          0         72       7877
-/+ buffers/cache:       5596      10348
Swap:         8039          0       8039

2019年 07月 25日 星期四 00:08:40 CST
             total       used       free     shared    buffers     cached
Mem:         15945      13895       2050          0         72       7885
-/+ buffers/cache:       5937      10008
Swap:         8039          0       8039

2019年 07月 25日 星期四 00:08:44 CST
             total       used       free     shared    buffers     cached
Mem:         15945      12386       3559          0         72       8273
-/+ buffers/cache:       4040      11905
Swap:         8039          0       8039

2019年 07月 25日 星期四 00:08:48 CST
             total       used       free     shared    buffers     cached
Mem:         15945      12972       2972          0         72       8234
-/+ buffers/cache:       4665      11280
Swap:         8039          0       8039

2019年 07月 25日 星期四 00:08:52 CST
             total       used       free     shared    buffers     cached
Mem:         15945      12771       3174          0         72       8234
-/+ buffers/cache:       4464      11480
Swap:         8039          0       8039

2019年 07月 25日 星期四 00:08:56 CST
             total       used       free     shared    buffers     cached
Mem:         15945      13351       2593          0         72       8218
-/+ buffers/cache:       5060      10884
Swap:         8039          0       8039

2019年 07月 25日 星期四 00:09:00 CST
             total       used       free     shared    buffers     cached
Mem:         15945      14055       1889          0         72       8225
-/+ buffers/cache:       5757      10188
Swap:         8039          0       8039

2019年 07月 25日 星期四 00:09:04 CST
             total       used       free     shared    buffers     cached
Mem:         15945      14234       1711          0         72       8227
-/+ buffers/cache:       5933      10011
Swap:         8039          0       8039

2019年 07月 25日 星期四 00:09:08 CST
             total       used       free     shared    buffers     cached
Mem:         15945      14645       1299          0         72       8246
-/+ buffers/cache:       6326       9618
Swap:         8039          0       8039

2019年 07月 25日 星期四 00:09:12 CST
             total       used       free     shared    buffers     cached
Mem:         15945      15013        931          0         72       8333
-/+ buffers/cache:       6607       9337
Swap:         8039          0       8039

2019年 07月 25日 星期四 00:09:16 CST
             total       used       free     shared    buffers     cached
Mem:         15945      14818       1127          0         72       8560
-/+ buffers/cache:       6184       9760
Swap:         8039          0       8039

2019年 07月 25日 星期四 00:09:21 CST
             total       used       free     shared    buffers     cached
Mem:         15945      15033        911          0         72       8636
-/+ buffers/cache:       6324       9620
Swap:         8039          0       8039

2019年 07月 25日 星期四 00:09:25 CST
             total       used       free     shared    buffers     cached
Mem:         15945      15209        736          0         72       8577
-/+ buffers/cache:       6558       9386
Swap:         8039          0       8039

2019年 07月 25日 星期四 00:09:29 CST
             total       used       free     shared    buffers     cached
Mem:         15945      15533        412          0         72       8650
-/+ buffers/cache:       6809       9135
Swap:         8039          0       8039

2019年 07月 25日 星期四 00:09:33 CST
             total       used       free     shared    buffers     cached
Mem:         15945      15776        169          0         72       8691
-/+ buffers/cache:       7012       8933
Swap:         8039          0       8039

2019年 07月 25日 星期四 00:09:37 CST
             total       used       free     shared    buffers     cached
Mem:         15945      13807       2137          0         72       8819
-/+ buffers/cache:       4915      11030
Swap:         8039          0       8039

2019年 07月 25日 星期四 00:09:41 CST
             total       used       free     shared    buffers     cached
Mem:         15945      13879       2066          0         72       8930
-/+ buffers/cache:       4875      11069
Swap:         8039          0       8039

2019年 07月 25日 星期四 00:09:45 CST
             total       used       free     shared    buffers     cached
Mem:         15945      14580       1364          0         72       9000
-/+ buffers/cache:       5507      10438
Swap:         8039          0       8039

2019年 07月 25日 星期四 00:09:49 CST
             total       used       free     shared    buffers     cached
Mem:         15945      14541       1403          0         72       8650
-/+ buffers/cache:       5818      10127
Swap:         8039          0       8039

2019年 07月 25日 星期四 00:09:53 CST
             total       used       free     shared    buffers     cached
Mem:         15945      14725       1219          0         72       8705
-/+ buffers/cache:       5947       9998
Swap:         8039          0       8039

2019年 07月 25日 星期四 00:09:57 CST
             total       used       free     shared    buffers     cached
Mem:         15945      12894       3050          0         72       8699
-/+ buffers/cache:       4122      11823
Swap:         8039          0       8039

2019年 07月 25日 星期四 00:10:01 CST
             total       used       free     shared    buffers     cached
Mem:         15945      12877       3068          0         72       8344
-/+ buffers/cache:       4459      11485
Swap:         8039          0       8039

2019年 07月 25日 星期四 00:10:05 CST
             total       used       free     shared    buffers     cached
Mem:         15945      11649       4296          0         72       8342
-/+ buffers/cache:       3233      12711
Swap:         8039          0       8039

2019年 07月 25日 星期四 00:10:09 CST
             total       used       free     shared    buffers     cached
Mem:         15945      11518       4427          0         72       8165
-/+ buffers/cache:       3280      12665
Swap:         8039          0       8039

2019年 07月 25日 星期四 00:10:13 CST
             total       used       free     shared    buffers     cached
Mem:         15945      11563       4382          0         72       8165
-/+ buffers/cache:       3324      12620
Swap:         8039          0       8039

2019年 07月 25日 星期四 00:10:17 CST
             total       used       free     shared    buffers     cached
Mem:         15945      11595       4349          0         72       8173
-/+ buffers/cache:       3349      12595
Swap:         8039          0       8039

2019年 07月 25日 星期四 00:10:21 CST
             total       used       free     shared    buffers     cached
Mem:         15945      11615       4329          0         72       8173
-/+ buffers/cache:       3369      12576
Swap:         8039          0       8039

2019年 07月 25日 星期四 00:10:25 CST
             total       used       free     shared    buffers     cached
Mem:         15945      11733       4211          0         72       8195
-/+ buffers/cache:       3465      12479
Swap:         8039          0       8039

2019年 07月 25日 星期四 00:10:29 CST
             total       used       free     shared    buffers     cached
Mem:         15945      10089       5855          0         72       8014
-/+ buffers/cache:       2002      13943
Swap:         8039          0       8039

2019年 07月 25日 星期四 00:10:33 CST
             total       used       free     shared    buffers     cached
Mem:         15945      10088       5857          0         72       8014
-/+ buffers/cache:       2000      13945
Swap:         8039          0       8039

2019年 07月 25日 星期四 00:10:37 CST
             total       used       free     shared    buffers     cached
Mem:         15945      10087       5858          0         72       8014
-/+ buffers/cache:       1999      13946
Swap:         8039          0       8039

2019年 07月 25日 星期四 00:10:41 CST
             total       used       free     shared    buffers     cached
Mem:         15945      10086       5858          0         72       8014
-/+ buffers/cache:       1998      13946
Swap:         8039          0       8039

2019年 07月 25日 星期四 00:10:45 CST
             total       used       free     shared    buffers     cached
Mem:         15945      10086       5859          0         72       8014
-/+ buffers/cache:       1998      13947
Swap:         8039          0       8039

2019年 07月 25日 星期四 00:10:49 CST
             total       used       free     shared    buffers     cached
Mem:         15945      10085       5859          0         72       8014
-/+ buffers/cache:       1998      13947
Swap:         8039          0       8039

2019年 07月 25日 星期四 00:10:53 CST
             total       used       free     shared    buffers     cached
Mem:         15945      10085       5859          0         72       8014
-/+ buffers/cache:       1998      13947
Swap:         8039          0       8039

2019年 07月 25日 星期四 00:10:57 CST
             total       used       free     shared    buffers     cached
Mem:         15945      10085       5859          0         72       8014
-/+ buffers/cache:       1997      13947
Swap:         8039          0       8039

2019年 07月 25日 星期四 00:11:01 CST
             total       used       free     shared    buffers     cached
Mem:         15945      10084       5860          0         72       8014
-/+ buffers/cache:       1996      13948
Swap:         8039          0       8039

2019年 07月 25日 星期四 00:11:05 CST
             total       used       free     shared    buffers     cached
Mem:         15945      10083       5861          0         72       8014
-/+ buffers/cache:       1996      13949
Swap:         8039          0       8039

2019年 07月 25日 星期四 00:11:09 CST
             total       used       free     shared    buffers     cached
Mem:         15945      10084       5861          0         72       8014
-/+ buffers/cache:       1996      13949
Swap:         8039          0       8039

2019年 07月 25日 星期四 00:11:13 CST
             total       used       free     shared    buffers     cached
Mem:         15945      10084       5861          0         72       8014
-/+ buffers/cache:       1996      13949
Swap:         8039          0       8039

