
2019年 07月 25日 星期四 00:00:25 CST
             total       used       free     shared    buffers     cached
Mem:         15945       9242       6703          0         55       7238
-/+ buffers/cache:       1949      13996
Swap:         8039          0       8039

2019年 07月 25日 星期四 00:00:29 CST
             total       used       free     shared    buffers     cached
Mem:         15945       9242       6703          0         55       7237
-/+ buffers/cache:       1949      13996
Swap:         8039          0       8039

2019年 07月 25日 星期四 00:00:33 CST
             total       used       free     shared    buffers     cached
Mem:         15945       9242       6703          0         55       7237
-/+ buffers/cache:       1949      13996
Swap:         8039          0       8039

2019年 07月 25日 星期四 00:00:37 CST
             total       used       free     shared    buffers     cached
Mem:         15945       9242       6703          0         55       7237
-/+ buffers/cache:       1949      13996
Swap:         8039          0       8039

2019年 07月 25日 星期四 00:00:41 CST
             total       used       free     shared    buffers     cached
Mem:         15945       9242       6703          0         55       7237
-/+ buffers/cache:       1949      13996
Swap:         8039          0       8039

2019年 07月 25日 星期四 00:00:45 CST
             total       used       free     shared    buffers     cached
Mem:         15945       9417       6528          0         55       7412
-/+ buffers/cache:       1949      13996
Swap:         8039          0       8039

2019年 07月 25日 星期四 00:00:49 CST
             total       used       free     shared    buffers     cached
Mem:         15945       9704       6241          0         55       7695
-/+ buffers/cache:       1953      13991
Swap:         8039          0       8039

2019年 07月 25日 星期四 00:00:53 CST
             total       used       free     shared    buffers     cached
Mem:         15945      10488       5456          0         55       8007
-/+ buffers/cache:       2426      13519
Swap:         8039          0       8039

2019年 07月 25日 星期四 00:00:57 CST
             total       used       free     shared    buffers     cached
Mem:         15945      11131       4814          0         55       8247
-/+ buffers/cache:       2828      13116
Swap:         8039          0       8039

2019年 07月 25日 星期四 00:01:02 CST
             total       used       free     shared    buffers     cached
Mem:         15945      11767       4177          0         55       8481
-/+ buffers/cache:       3231      12714
Swap:         8039          0       8039

2019年 07月 25日 星期四 00:01:06 CST
             total       used       free     shared    buffers     cached
Mem:         15945      12375       3569          0         55       8706
-/+ buffers/cache:       3614      12331
Swap:         8039          0       8039

2019年 07月 25日 星期四 00:01:10 CST
             total       used       free     shared    buffers     cached
Mem:         15945      12876       3069          0         55       9038
-/+ buffers/cache:       3782      12163
Swap:         8039          0       8039

2019年 07月 25日 星期四 00:01:14 CST
             total       used       free     shared    buffers     cached
Mem:         15945      13361       2583          0         55       9176
-/+ buffers/cache:       4129      11816
Swap:         8039          0       8039

2019年 07月 25日 星期四 00:01:18 CST
             total       used       free     shared    buffers     cached
Mem:         15945      13694       2251          0         55       9177
-/+ buffers/cache:       4461      11484
Swap:         8039          0       8039

2019年 07月 25日 星期四 00:01:22 CST
             total       used       free     shared    buffers     cached
Mem:         15945      14034       1911          0         55       9178
-/+ buffers/cache:       4800      11144
Swap:         8039          0       8039

2019年 07月 25日 星期四 00:01:26 CST
             total       used       free     shared    buffers     cached
Mem:         15945      13728       2216          0         55       9179
-/+ buffers/cache:       4494      11451
Swap:         8039          0       8039

2019年 07月 25日 星期四 00:01:30 CST
             total       used       free     shared    buffers     cached
Mem:         15945      14289       1656          0         55       9180
-/+ buffers/cache:       5053      10891
Swap:         8039          0       8039

2019年 07月 25日 星期四 00:01:34 CST
             total       used       free     shared    buffers     cached
Mem:         15945      14163       1782          0         55       9163
-/+ buffers/cache:       4945      11000
Swap:         8039          0       8039

2019年 07月 25日 星期四 00:01:38 CST
             total       used       free     shared    buffers     cached
Mem:         15945      13476       2468          0         55       9142
-/+ buffers/cache:       4279      11666
Swap:         8039          0       8039

2019年 07月 25日 星期四 00:01:42 CST
             total       used       free     shared    buffers     cached
Mem:         15945      13970       1975          0         55       9141
-/+ buffers/cache:       4772      11172
Swap:         8039          0       8039

2019年 07月 25日 星期四 00:01:46 CST
             total       used       free     shared    buffers     cached
Mem:         15945      14359       1585          0         55       9106
-/+ buffers/cache:       5197      10747
Swap:         8039          0       8039

2019年 07月 25日 星期四 00:01:50 CST
             total       used       free     shared    buffers     cached
Mem:         15945      14500       1444          0         55       9107
-/+ buffers/cache:       5338      10607
Swap:         8039          0       8039

2019年 07月 25日 星期四 00:01:54 CST
             total       used       free     shared    buffers     cached
Mem:         15945      12905       3039          0         55       9243
-/+ buffers/cache:       3607      12338
Swap:         8039          0       8039

2019年 07月 25日 星期四 00:01:58 CST
             total       used       free     shared    buffers     cached
Mem:         15945      13379       2566          0         55       9291
-/+ buffers/cache:       4032      11912
Swap:         8039          0       8039

2019年 07月 25日 星期四 00:02:02 CST
             total       used       free     shared    buffers     cached
Mem:         15945      14144       1801          0         55       9291
-/+ buffers/cache:       4797      11148
Swap:         8039          0       8039

2019年 07月 25日 星期四 00:02:06 CST
             total       used       free     shared    buffers     cached
Mem:         15945      14661       1284          0         55       9292
-/+ buffers/cache:       5313      10631
Swap:         8039          0       8039

2019年 07月 25日 星期四 00:02:10 CST
             total       used       free     shared    buffers     cached
Mem:         15945      15410        535          0         55       9295
-/+ buffers/cache:       6059       9886
Swap:         8039          0       8039

2019年 07月 25日 星期四 00:02:14 CST
             total       used       free     shared    buffers     cached
Mem:         15945      14655       1289          0         55       9574
-/+ buffers/cache:       5025      10920
Swap:         8039          0       8039

2019年 07月 25日 星期四 00:02:18 CST
             total       used       free     shared    buffers     cached
Mem:         15945      14578       1367          0         55       9781
-/+ buffers/cache:       4741      11204
Swap:         8039          0       8039

2019年 07月 25日 星期四 00:02:22 CST
             total       used       free     shared    buffers     cached
Mem:         15945      15228        716          0         55      10214
-/+ buffers/cache:       4958      10986
Swap:         8039          0       8039

2019年 07月 25日 星期四 00:02:26 CST
             total       used       free     shared    buffers     cached
Mem:         15945      15785        159          0         55      10485
-/+ buffers/cache:       5244      10700
Swap:         8039          0       8039

2019年 07月 25日 星期四 00:02:30 CST
             total       used       free     shared    buffers     cached
Mem:         15945      15796        148          0         55       9826
-/+ buffers/cache:       5915      10030
Swap:         8039          0       8039

2019年 07月 25日 星期四 00:02:34 CST
             total       used       free     shared    buffers     cached
Mem:         15945      15763        182          0         55       9484
-/+ buffers/cache:       6223       9722
Swap:         8039          0       8039

2019年 07月 25日 星期四 00:02:38 CST
             total       used       free     shared    buffers     cached
Mem:         15945      15773        172          0         55       9222
-/+ buffers/cache:       6495       9450
Swap:         8039          0       8039

2019年 07月 25日 星期四 00:02:43 CST
             total       used       free     shared    buffers     cached
Mem:         15945      14403       1541          0         55       9203
-/+ buffers/cache:       5144      10800
Swap:         8039          0       8039

2019年 07月 25日 星期四 00:02:47 CST
             total       used       free     shared    buffers     cached
Mem:         15945      14852       1092          0         55       9260
-/+ buffers/cache:       5536      10408
Swap:         8039          0       8039

2019年 07月 25日 星期四 00:02:51 CST
             total       used       free     shared    buffers     cached
Mem:         15945      14991        953          0         55       8899
-/+ buffers/cache:       6037       9908
Swap:         8039          0       8039

2019年 07月 25日 星期四 00:02:55 CST
             total       used       free     shared    buffers     cached
Mem:         15945      15337        607          0         55       8925
-/+ buffers/cache:       6357       9588
Swap:         8039          0       8039

2019年 07月 25日 星期四 00:02:59 CST
             total       used       free     shared    buffers     cached
Mem:         15945      13424       2520          0         55       9007
-/+ buffers/cache:       4362      11583
Swap:         8039          0       8039

2019年 07月 25日 星期四 00:03:03 CST
             total       used       free     shared    buffers     cached
Mem:         15945      13548       2397          0         55       8725
-/+ buffers/cache:       4767      11177
Swap:         8039          0       8039

2019年 07月 25日 星期四 00:03:07 CST
             total       used       free     shared    buffers     cached
Mem:         15945      14208       1737          0         55       8759
-/+ buffers/cache:       5393      10552
Swap:         8039          0       8039

2019年 07月 25日 星期四 00:03:11 CST
             total       used       free     shared    buffers     cached
Mem:         15945      14931       1013          0         55       8764
-/+ buffers/cache:       6112       9832
Swap:         8039          0       8039

2019年 07月 25日 星期四 00:03:15 CST
             total       used       free     shared    buffers     cached
Mem:         15945      15155        790          0         55       8790
-/+ buffers/cache:       6309       9635
Swap:         8039          0       8039

2019年 07月 25日 星期四 00:03:19 CST
             total       used       free     shared    buffers     cached
Mem:         15945      15286        659          0         55       8835
-/+ buffers/cache:       6395       9550
Swap:         8039          0       8039

2019年 07月 25日 星期四 00:03:23 CST
             total       used       free     shared    buffers     cached
Mem:         15945      15426        518          0         55       8884
-/+ buffers/cache:       6486       9458
Swap:         8039          0       8039

2019年 07月 25日 星期四 00:03:27 CST
             total       used       free     shared    buffers     cached
Mem:         15945      15581        364          0         55       8900
-/+ buffers/cache:       6625       9320
Swap:         8039          0       8039

2019年 07月 25日 星期四 00:03:31 CST
             total       used       free     shared    buffers     cached
Mem:         15945      15743        202          0         55       8945
-/+ buffers/cache:       6742       9203
Swap:         8039          0       8039

2019年 07月 25日 星期四 00:03:35 CST
             total       used       free     shared    buffers     cached
Mem:         15945      13336       2609          0         55       8603
-/+ buffers/cache:       4677      11267
Swap:         8039          0       8039

2019年 07月 25日 星期四 00:03:39 CST
             total       used       free     shared    buffers     cached
Mem:         15945      13946       1998          0         55       8604
-/+ buffers/cache:       5287      10658
Swap:         8039          0       8039

2019年 07月 25日 星期四 00:03:43 CST
             total       used       free     shared    buffers     cached
Mem:         15945      13912       2032          0         55       8609
-/+ buffers/cache:       5248      10697
Swap:         8039          0       8039

2019年 07月 25日 星期四 00:03:47 CST
             total       used       free     shared    buffers     cached
Mem:         15945      14161       1784          0         55       8862
-/+ buffers/cache:       5243      10701
Swap:         8039          0       8039

2019年 07月 25日 星期四 00:03:51 CST
             total       used       free     shared    buffers     cached
Mem:         15945      14837       1108          0         55       9165
-/+ buffers/cache:       5616      10329
Swap:         8039          0       8039

2019年 07月 25日 星期四 00:03:55 CST
             total       used       free     shared    buffers     cached
Mem:         15945      15372        573          0         55       9475
-/+ buffers/cache:       5841      10104
Swap:         8039          0       8039

2019年 07月 25日 星期四 00:03:59 CST
             total       used       free     shared    buffers     cached
Mem:         15945      15764        180          0         55       9618
-/+ buffers/cache:       6090       9854
Swap:         8039          0       8039

2019年 07月 25日 星期四 00:04:03 CST
             total       used       free     shared    buffers     cached
Mem:         15945      15271        674          0         55       9362
-/+ buffers/cache:       5853      10092
Swap:         8039          0       8039

2019年 07月 25日 星期四 00:04:07 CST
             total       used       free     shared    buffers     cached
Mem:         15945      15555        389          0         55       9578
-/+ buffers/cache:       5921      10023
Swap:         8039          0       8039

2019年 07月 25日 星期四 00:04:11 CST
             total       used       free     shared    buffers     cached
Mem:         15945      13634       2311          0         55      10062
-/+ buffers/cache:       3516      12429
Swap:         8039          0       8039

2019年 07月 25日 星期四 00:04:15 CST
             total       used       free     shared    buffers     cached
Mem:         15945      13979       1965          0         55       9840
-/+ buffers/cache:       4084      11861
Swap:         8039          0       8039

2019年 07月 25日 星期四 00:04:20 CST
             total       used       free     shared    buffers     cached
Mem:         15945      14700       1245          0         55      10025
-/+ buffers/cache:       4619      11326
Swap:         8039          0       8039

2019年 07月 25日 星期四 00:04:24 CST
             total       used       free     shared    buffers     cached
Mem:         15945      15239        705          0         55      10027
-/+ buffers/cache:       5157      10788
Swap:         8039          0       8039

2019年 07月 25日 星期四 00:04:28 CST
             total       used       free     shared    buffers     cached
Mem:         15945      15781        164          0         55       9947
-/+ buffers/cache:       5778      10167
Swap:         8039          0       8039

2019年 07月 25日 星期四 00:04:32 CST
             total       used       free     shared    buffers     cached
Mem:         15945      15766        178          0         54       9480
-/+ buffers/cache:       6231       9713
Swap:         8039          0       8039

2019年 07月 25日 星期四 00:04:36 CST
             total       used       free     shared    buffers     cached
Mem:         15945      14297       1647          0         55       9677
-/+ buffers/cache:       4565      11380
Swap:         8039          0       8039

2019年 07月 25日 星期四 00:04:40 CST
             total       used       free     shared    buffers     cached
Mem:         15945      14224       1721          0         55       9749
-/+ buffers/cache:       4419      11526
Swap:         8039          0       8039

2019年 07月 25日 星期四 00:04:44 CST
             total       used       free     shared    buffers     cached
Mem:         15945      14530       1415          0         55       9801
-/+ buffers/cache:       4673      11272
Swap:         8039          0       8039

2019年 07月 25日 星期四 00:04:48 CST
             total       used       free     shared    buffers     cached
Mem:         15945      15050        894          0         55       9838
-/+ buffers/cache:       5157      10787
Swap:         8039          0       8039

2019年 07月 25日 星期四 00:04:52 CST
             total       used       free     shared    buffers     cached
Mem:         15945      15616        328          0         55       9891
-/+ buffers/cache:       5670      10275
Swap:         8039          0       8039

2019年 07月 25日 星期四 00:04:56 CST
             total       used       free     shared    buffers     cached
Mem:         15945      15303        642          0         55      10228
-/+ buffers/cache:       5020      10925
Swap:         8039          0       8039

2019年 07月 25日 星期四 00:05:00 CST
             total       used       free     shared    buffers     cached
Mem:         15945      14330       1614          0         55      10152
-/+ buffers/cache:       4123      11822
Swap:         8039          0       8039

2019年 07月 25日 星期四 00:05:04 CST
             total       used       free     shared    buffers     cached
Mem:         15945      15088        856          0         55      10156
-/+ buffers/cache:       4876      11068
Swap:         8039          0       8039

2019年 07月 25日 星期四 00:05:08 CST
             total       used       free     shared    buffers     cached
Mem:         15945      15037        907          0         55       9823
-/+ buffers/cache:       5159      10786
Swap:         8039          0       8039

2019年 07月 25日 星期四 00:05:12 CST
             total       used       free     shared    buffers     cached
Mem:         15945      15046        898          0         55       9900
-/+ buffers/cache:       5090      10854
Swap:         8039          0       8039

2019年 07月 25日 星期四 00:05:16 CST
             total       used       free     shared    buffers     cached
Mem:         15945      15523        421          0         55       9934
-/+ buffers/cache:       5534      10411
Swap:         8039          0       8039

2019年 07月 25日 星期四 00:05:20 CST
             total       used       free     shared    buffers     cached
Mem:         15945      15772        173          0         55       9850
-/+ buffers/cache:       5867      10078
Swap:         8039          0       8039

2019年 07月 25日 星期四 00:05:24 CST
             total       used       free     shared    buffers     cached
Mem:         15945      15770        174          0         55       9738
-/+ buffers/cache:       5976       9968
Swap:         8039          0       8039

2019年 07月 25日 星期四 00:05:28 CST
             total       used       free     shared    buffers     cached
Mem:         15945      15767        178          0         54       9626
-/+ buffers/cache:       6085       9860
Swap:         8039          0       8039

2019年 07月 25日 星期四 00:05:32 CST
             total       used       free     shared    buffers     cached
Mem:         15945      15766        178          0         54       9578
-/+ buffers/cache:       6133       9811
Swap:         8039          0       8039

2019年 07月 25日 星期四 00:05:36 CST
             total       used       free     shared    buffers     cached
Mem:         15945      15774        171          0         54       9543
-/+ buffers/cache:       6175       9769
Swap:         8039          0       8039

2019年 07月 25日 星期四 00:05:40 CST
             total       used       free     shared    buffers     cached
Mem:         15945      15766        179          0         53       9484
-/+ buffers/cache:       6228       9717
Swap:         8039          0       8039

2019年 07月 25日 星期四 00:05:44 CST
             total       used       free     shared    buffers     cached
Mem:         15945      15766        179          0         53       9398
-/+ buffers/cache:       6314       9630
Swap:         8039          0       8039

2019年 07月 25日 星期四 00:05:48 CST
             total       used       free     shared    buffers     cached
Mem:         15945      15782        163          0         53       9325
-/+ buffers/cache:       6403       9542
Swap:         8039          0       8039

2019年 07月 25日 星期四 00:05:52 CST
             total       used       free     shared    buffers     cached
Mem:         15945      15762        183          0         53       9289
-/+ buffers/cache:       6419       9526
Swap:         8039          0       8039

2019年 07月 25日 星期四 00:05:56 CST
             total       used       free     shared    buffers     cached
Mem:         15945      14584       1360          0         53       9375
-/+ buffers/cache:       5155      10789
Swap:         8039          0       8039

2019年 07月 25日 星期四 00:06:00 CST
             total       used       free     shared    buffers     cached
Mem:         15945      14832       1113          0         53       9251
-/+ buffers/cache:       5527      10418
Swap:         8039          0       8039

2019年 07月 25日 星期四 00:06:04 CST
             total       used       free     shared    buffers     cached
Mem:         15945      14707       1238          0         53       9305
-/+ buffers/cache:       5348      10597
Swap:         8039          0       8039

2019年 07月 25日 星期四 00:06:08 CST
             total       used       free     shared    buffers     cached
Mem:         15945      12930       3014          0         53       9139
-/+ buffers/cache:       3737      12207
Swap:         8039          0       8039

2019年 07月 25日 星期四 00:06:12 CST
             total       used       free     shared    buffers     cached
Mem:         15945      12673       3271          0         53       9138
-/+ buffers/cache:       3481      12463
Swap:         8039          0       8039

2019年 07月 25日 星期四 00:06:16 CST
             total       used       free     shared    buffers     cached
Mem:         15945      13363       2582          0         53       8972
-/+ buffers/cache:       4337      11607
Swap:         8039          0       8039

2019年 07月 25日 星期四 00:06:20 CST
             total       used       free     shared    buffers     cached
Mem:         15945      13583       2362          0         53       8876
-/+ buffers/cache:       4653      11292
Swap:         8039          0       8039

2019年 07月 25日 星期四 00:06:25 CST
             total       used       free     shared    buffers     cached
Mem:         15945      13920       2024          0         53       8986
-/+ buffers/cache:       4881      11064
Swap:         8039          0       8039

2019年 07月 25日 星期四 00:06:29 CST
             total       used       free     shared    buffers     cached
Mem:         15945      14346       1598          0         53       9171
-/+ buffers/cache:       5121      10824
Swap:         8039          0       8039

2019年 07月 25日 星期四 00:06:33 CST
             total       used       free     shared    buffers     cached
Mem:         15945      14758       1186          0         53       9172
-/+ buffers/cache:       5532      10412
Swap:         8039          0       8039

2019年 07月 25日 星期四 00:06:37 CST
             total       used       free     shared    buffers     cached
Mem:         15945      14938       1006          0         53       8814
-/+ buffers/cache:       6071       9874
Swap:         8039          0       8039

2019年 07月 25日 星期四 00:06:41 CST
             total       used       free     shared    buffers     cached
Mem:         15945      14622       1323          0         53       8891
-/+ buffers/cache:       5677      10268
Swap:         8039          0       8039

2019年 07月 25日 星期四 00:06:45 CST
             total       used       free     shared    buffers     cached
Mem:         15945      14264       1681          0         53       8979
-/+ buffers/cache:       5231      10713
Swap:         8039          0       8039

2019年 07月 25日 星期四 00:06:49 CST
             total       used       free     shared    buffers     cached
Mem:         15945      14493       1451          0         53       8979
-/+ buffers/cache:       5460      10485
Swap:         8039          0       8039

2019年 07月 25日 星期四 00:06:53 CST
             total       used       free     shared    buffers     cached
Mem:         15945      14709       1235          0         53       8961
-/+ buffers/cache:       5694      10250
Swap:         8039          0       8039

2019年 07月 25日 星期四 00:06:57 CST
             total       used       free     shared    buffers     cached
Mem:         15945      12851       3094          0         53       9228
-/+ buffers/cache:       3569      12375
Swap:         8039          0       8039

2019年 07月 25日 星期四 00:07:01 CST
             total       used       free     shared    buffers     cached
Mem:         15945      13759       2186          0         53       9312
-/+ buffers/cache:       4393      11552
Swap:         8039          0       8039

2019年 07月 25日 星期四 00:07:05 CST
             total       used       free     shared    buffers     cached
Mem:         15945      14514       1430          0         53       9341
-/+ buffers/cache:       5120      10825
Swap:         8039          0       8039

2019年 07月 25日 星期四 00:07:09 CST
             total       used       free     shared    buffers     cached
Mem:         15945      13950       1995          0         53       9343
-/+ buffers/cache:       4553      11392
Swap:         8039          0       8039

2019年 07月 25日 星期四 00:07:13 CST
             total       used       free     shared    buffers     cached
Mem:         15945      14579       1366          0         53       9418
-/+ buffers/cache:       5106      10838
Swap:         8039          0       8039

2019年 07月 25日 星期四 00:07:17 CST
             total       used       free     shared    buffers     cached
Mem:         15945      13759       2186          0         53       9363
-/+ buffers/cache:       4341      11603
Swap:         8039          0       8039

2019年 07月 25日 星期四 00:07:21 CST
             total       used       free     shared    buffers     cached
Mem:         15945      14231       1713          0         53       9368
-/+ buffers/cache:       4810      11135
Swap:         8039          0       8039

2019年 07月 25日 星期四 00:07:25 CST
             total       used       free     shared    buffers     cached
Mem:         15945      14517       1428          0         53       9187
-/+ buffers/cache:       5276      10669
Swap:         8039          0       8039

2019年 07月 25日 星期四 00:07:29 CST
             total       used       free     shared    buffers     cached
Mem:         15945      15306        638          0         53       9193
-/+ buffers/cache:       6059       9886
Swap:         8039          0       8039

2019年 07月 25日 星期四 00:07:33 CST
             total       used       free     shared    buffers     cached
Mem:         15945      14987        958          0         53       8657
-/+ buffers/cache:       6276       9668
Swap:         8039          0       8039

2019年 07月 25日 星期四 00:07:37 CST
             total       used       free     shared    buffers     cached
Mem:         15945      14746       1198          0         53       8805
-/+ buffers/cache:       5887      10057
Swap:         8039          0       8039

2019年 07月 25日 星期四 00:07:41 CST
             total       used       free     shared    buffers     cached
Mem:         15945      13666       2278          0         53       8982
-/+ buffers/cache:       4631      11314
Swap:         8039          0       8039

2019年 07月 25日 星期四 00:07:45 CST
             total       used       free     shared    buffers     cached
Mem:         15945      13737       2207          0         53       8475
-/+ buffers/cache:       5208      10737
Swap:         8039          0       8039

2019年 07月 25日 星期四 00:07:49 CST
             total       used       free     shared    buffers     cached
Mem:         15945      14328       1617          0         53       8476
-/+ buffers/cache:       5798      10147
Swap:         8039          0       8039

2019年 07月 25日 星期四 00:07:53 CST
             total       used       free     shared    buffers     cached
Mem:         15945      13815       2129          0         53       8534
-/+ buffers/cache:       5227      10718
Swap:         8039          0       8039

2019年 07月 25日 星期四 00:07:57 CST
             total       used       free     shared    buffers     cached
Mem:         15945      13255       2689          0         53       8436
-/+ buffers/cache:       4765      11179
Swap:         8039          0       8039

2019年 07月 25日 星期四 00:08:01 CST
             total       used       free     shared    buffers     cached
Mem:         15945      14041       1903          0         53       8476
-/+ buffers/cache:       5511      10433
Swap:         8039          0       8039

2019年 07月 25日 星期四 00:08:05 CST
             total       used       free     shared    buffers     cached
Mem:         15945      14707       1238          0         53       8536
-/+ buffers/cache:       6117       9828
Swap:         8039          0       8039

2019年 07月 25日 星期四 00:08:09 CST
             total       used       free     shared    buffers     cached
Mem:         15945      14673       1272          0         53       8585
-/+ buffers/cache:       6033       9912
Swap:         8039          0       8039

2019年 07月 25日 星期四 00:08:13 CST
             total       used       free     shared    buffers     cached
Mem:         15945      14949        995          0         53       8604
-/+ buffers/cache:       6291       9654
Swap:         8039          0       8039

2019年 07月 25日 星期四 00:08:17 CST
             total       used       free     shared    buffers     cached
Mem:         15945      15271        674          0         53       8623
-/+ buffers/cache:       6594       9350
Swap:         8039          0       8039

2019年 07月 25日 星期四 00:08:21 CST
             total       used       free     shared    buffers     cached
Mem:         15945      15585        360          0         53       8696
-/+ buffers/cache:       6835       9110
Swap:         8039          0       8039

2019年 07月 25日 星期四 00:08:25 CST
             total       used       free     shared    buffers     cached
Mem:         15945      14032       1912          0         53       9106
-/+ buffers/cache:       4872      11072
Swap:         8039          0       8039

2019年 07月 25日 星期四 00:08:29 CST
             total       used       free     shared    buffers     cached
Mem:         15945      14400       1544          0         53       9009
-/+ buffers/cache:       5337      10607
Swap:         8039          0       8039

2019年 07月 25日 星期四 00:08:34 CST
             total       used       free     shared    buffers     cached
Mem:         15945      14762       1183          0         53       9020
-/+ buffers/cache:       5688      10257
Swap:         8039          0       8039

2019年 07月 25日 星期四 00:08:38 CST
             total       used       free     shared    buffers     cached
Mem:         15945      15064        880          0         53       9048
-/+ buffers/cache:       5963       9982
Swap:         8039          0       8039

2019年 07月 25日 星期四 00:08:42 CST
             total       used       free     shared    buffers     cached
Mem:         15945      13795       2149          0         53       9041
-/+ buffers/cache:       4700      11245
Swap:         8039          0       8039

2019年 07月 25日 星期四 00:08:46 CST
             total       used       free     shared    buffers     cached
Mem:         15945      13441       2503          0         53       9042
-/+ buffers/cache:       4345      11599
Swap:         8039          0       8039

2019年 07月 25日 星期四 00:08:50 CST
             total       used       free     shared    buffers     cached
Mem:         15945      13913       2032          0         53       9042
-/+ buffers/cache:       4816      11128
Swap:         8039          0       8039

2019年 07月 25日 星期四 00:08:54 CST
             total       used       free     shared    buffers     cached
Mem:         15945      13959       1985          0         53       9189
-/+ buffers/cache:       4716      11228
Swap:         8039          0       8039

2019年 07月 25日 星期四 00:08:58 CST
             total       used       free     shared    buffers     cached
Mem:         15945      14365       1579          0         53       9190
-/+ buffers/cache:       5121      10823
Swap:         8039          0       8039

2019年 07月 25日 星期四 00:09:02 CST
             total       used       free     shared    buffers     cached
Mem:         15945      14610       1335          0         53       9190
-/+ buffers/cache:       5366      10579
Swap:         8039          0       8039

2019年 07月 25日 星期四 00:09:06 CST
             total       used       free     shared    buffers     cached
Mem:         15945      14958        987          0         53       9191
-/+ buffers/cache:       5713      10232
Swap:         8039          0       8039

2019年 07月 25日 星期四 00:09:10 CST
             total       used       free     shared    buffers     cached
Mem:         15945      15255        690          0         53       9197
-/+ buffers/cache:       6003       9941
Swap:         8039          0       8039

2019年 07月 25日 星期四 00:09:14 CST
             total       used       free     shared    buffers     cached
Mem:         15945      15011        934          0         53       9299
-/+ buffers/cache:       5657      10287
Swap:         8039          0       8039

2019年 07月 25日 星期四 00:09:18 CST
             total       used       free     shared    buffers     cached
Mem:         15945      15425        520          0         53       9388
-/+ buffers/cache:       5983       9962
Swap:         8039          0       8039

2019年 07月 25日 星期四 00:09:22 CST
             total       used       free     shared    buffers     cached
Mem:         15945      14811       1133          0         53       9555
-/+ buffers/cache:       5202      10743
Swap:         8039          0       8039

2019年 07月 25日 星期四 00:09:26 CST
             total       used       free     shared    buffers     cached
Mem:         15945      15164        780          0         53       9560
-/+ buffers/cache:       5550      10394
Swap:         8039          0       8039

2019年 07月 25日 星期四 00:09:30 CST
             total       used       free     shared    buffers     cached
Mem:         15945      15320        624          0         53       9384
-/+ buffers/cache:       5882      10063
Swap:         8039          0       8039

2019年 07月 25日 星期四 00:09:34 CST
             total       used       free     shared    buffers     cached
Mem:         15945      15697        248          0         53       9416
-/+ buffers/cache:       6226       9718
Swap:         8039          0       8039

2019年 07月 25日 星期四 00:09:38 CST
             total       used       free     shared    buffers     cached
Mem:         15945      14800       1144          0         53       9416
-/+ buffers/cache:       5330      10615
Swap:         8039          0       8039

2019年 07月 25日 星期四 00:09:42 CST
             total       used       free     shared    buffers     cached
Mem:         15945      13759       2185          0         53       9234
-/+ buffers/cache:       4472      11473
Swap:         8039          0       8039

2019年 07月 25日 星期四 00:09:46 CST
             total       used       free     shared    buffers     cached
Mem:         15945      14369       1576          0         53       9049
-/+ buffers/cache:       5265      10679
Swap:         8039          0       8039

2019年 07月 25日 星期四 00:09:50 CST
             total       used       free     shared    buffers     cached
Mem:         15945      14842       1103          0         53       9066
-/+ buffers/cache:       5722      10223
Swap:         8039          0       8039

2019年 07月 25日 星期四 00:09:54 CST
             total       used       free     shared    buffers     cached
Mem:         15945      15081        864          0         53       9130
-/+ buffers/cache:       5897      10048
Swap:         8039          0       8039

2019年 07月 25日 星期四 00:09:58 CST
             total       used       free     shared    buffers     cached
Mem:         15945      13417       2528          0         53       8940
-/+ buffers/cache:       4422      11522
Swap:         8039          0       8039

2019年 07月 25日 星期四 00:10:02 CST
             total       used       free     shared    buffers     cached
Mem:         15945      12353       3592          0         53       8938
-/+ buffers/cache:       3360      12584
Swap:         8039          0       8039

2019年 07月 25日 星期四 00:10:06 CST
             total       used       free     shared    buffers     cached
Mem:         15945      12013       3932          0         53       8569
-/+ buffers/cache:       3389      12555
Swap:         8039          0       8039

2019年 07月 25日 星期四 00:10:10 CST
             total       used       free     shared    buffers     cached
Mem:         15945      12038       3906          0         53       8572
-/+ buffers/cache:       3412      12533
Swap:         8039          0       8039

2019年 07月 25日 星期四 00:10:14 CST
             total       used       free     shared    buffers     cached
Mem:         15945      12059       3886          0         53       8574
-/+ buffers/cache:       3430      12514
Swap:         8039          0       8039

2019年 07月 25日 星期四 00:10:18 CST
             total       used       free     shared    buffers     cached
Mem:         15945      12081       3864          0         53       8576
-/+ buffers/cache:       3451      12494
Swap:         8039          0       8039

2019年 07月 25日 星期四 00:10:22 CST
             total       used       free     shared    buffers     cached
Mem:         15945      12103       3842          0         53       8580
-/+ buffers/cache:       3469      12476
Swap:         8039          0       8039

2019年 07月 25日 星期四 00:10:26 CST
             total       used       free     shared    buffers     cached
Mem:         15945      12171       3773          0         53       8623
-/+ buffers/cache:       3494      12450
Swap:         8039          0       8039

2019年 07月 25日 星期四 00:10:30 CST
             total       used       free     shared    buffers     cached
Mem:         15945      10652       5292          0         53       8610
-/+ buffers/cache:       1988      13957
Swap:         8039          0       8039

2019年 07月 25日 星期四 00:10:34 CST
             total       used       free     shared    buffers     cached
Mem:         15945      10465       5479          0         53       8425
-/+ buffers/cache:       1986      13959
Swap:         8039          0       8039

2019年 07月 25日 星期四 00:10:38 CST
             total       used       free     shared    buffers     cached
Mem:         15945      10464       5481          0         53       8425
-/+ buffers/cache:       1984      13961
Swap:         8039          0       8039

2019年 07月 25日 星期四 00:10:42 CST
             total       used       free     shared    buffers     cached
Mem:         15945      10463       5482          0         53       8425
-/+ buffers/cache:       1983      13961
Swap:         8039          0       8039

2019年 07月 25日 星期四 00:10:46 CST
             total       used       free     shared    buffers     cached
Mem:         15945      10462       5482          0         53       8425
-/+ buffers/cache:       1983      13962
Swap:         8039          0       8039

2019年 07月 25日 星期四 00:10:50 CST
             total       used       free     shared    buffers     cached
Mem:         15945      10462       5483          0         53       8425
-/+ buffers/cache:       1982      13962
Swap:         8039          0       8039

2019年 07月 25日 星期四 00:10:54 CST
             total       used       free     shared    buffers     cached
Mem:         15945      10462       5483          0         53       8425
-/+ buffers/cache:       1982      13962
Swap:         8039          0       8039

2019年 07月 25日 星期四 00:10:58 CST
             total       used       free     shared    buffers     cached
Mem:         15945      10461       5483          0         53       8425
-/+ buffers/cache:       1982      13963
Swap:         8039          0       8039

2019年 07月 25日 星期四 00:11:02 CST
             total       used       free     shared    buffers     cached
Mem:         15945      10461       5483          0         53       8425
-/+ buffers/cache:       1982      13963
Swap:         8039          0       8039

2019年 07月 25日 星期四 00:11:06 CST
             total       used       free     shared    buffers     cached
Mem:         15945      10461       5484          0         53       8425
-/+ buffers/cache:       1981      13963
Swap:         8039          0       8039

2019年 07月 25日 星期四 00:11:10 CST
             total       used       free     shared    buffers     cached
Mem:         15945      10460       5485          0         53       8425
-/+ buffers/cache:       1980      13964
Swap:         8039          0       8039

2019年 07月 25日 星期四 00:11:14 CST
             total       used       free     shared    buffers     cached
Mem:         15945      10460       5485          0         53       8425
-/+ buffers/cache:       1980      13964
Swap:         8039          0       8039

