
Linux 2.6.32-431.el6.x86_64 (slave1) 	2019年07月25日 	_x86_64_	(8 CPU)

22时38分15秒  CPU    %usr   %nice    %sys %iowait    %irq   %soft  %steal  %guest   %idle
22时38分16秒  all    0.00    0.00    0.00    0.00    0.00    0.00    0.00    0.00  100.00
平均时间:  all    0.00    0.00    0.00    0.00    0.00    0.00    0.00    0.00  100.00

Linux 2.6.32-431.el6.x86_64 (slave1) 	2019年07月25日 	_x86_64_	(8 CPU)

22时38分19秒  CPU    %usr   %nice    %sys %iowait    %irq   %soft  %steal  %guest   %idle
22时38分20秒  all    0.00    0.00    0.00    0.00    0.00    0.00    0.00    0.00  100.00
平均时间:  all    0.00    0.00    0.00    0.00    0.00    0.00    0.00    0.00  100.00

Linux 2.6.32-431.el6.x86_64 (slave1) 	2019年07月25日 	_x86_64_	(8 CPU)

22时38分23秒  CPU    %usr   %nice    %sys %iowait    %irq   %soft  %steal  %guest   %idle
22时38分24秒  all    0.00    0.00    0.00    0.00    0.00    0.00    0.00    0.00  100.00
平均时间:  all    0.00    0.00    0.00    0.00    0.00    0.00    0.00    0.00  100.00

Linux 2.6.32-431.el6.x86_64 (slave1) 	2019年07月25日 	_x86_64_	(8 CPU)

22时38分27秒  CPU    %usr   %nice    %sys %iowait    %irq   %soft  %steal  %guest   %idle
22时38分28秒  all    0.00    0.00    0.00    0.00    0.00    0.00    0.00    0.00  100.00
平均时间:  all    0.00    0.00    0.00    0.00    0.00    0.00    0.00    0.00  100.00

Linux 2.6.32-431.el6.x86_64 (slave1) 	2019年07月25日 	_x86_64_	(8 CPU)

22时38分31秒  CPU    %usr   %nice    %sys %iowait    %irq   %soft  %steal  %guest   %idle
22时38分32秒  all    0.00    0.00    0.38    0.00    0.00    0.13    0.00    0.00   99.50
平均时间:  all    0.00    0.00    0.38    0.00    0.00    0.13    0.00    0.00   99.50

Linux 2.6.32-431.el6.x86_64 (slave1) 	2019年07月25日 	_x86_64_	(8 CPU)

22时38分35秒  CPU    %usr   %nice    %sys %iowait    %irq   %soft  %steal  %guest   %idle
22时38分36秒  all    0.80    0.00    9.08    0.00    0.67   18.02    0.00    0.00   71.43
平均时间:  all    0.80    0.00    9.08    0.00    0.67   18.02    0.00    0.00   71.43

Linux 2.6.32-431.el6.x86_64 (slave1) 	2019年07月25日 	_x86_64_	(8 CPU)

22时38分39秒  CPU    %usr   %nice    %sys %iowait    %irq   %soft  %steal  %guest   %idle
22时38分40秒  all    0.94    0.00    7.39    0.00    0.67   19.62    0.00    0.00   71.37
平均时间:  all    0.94    0.00    7.39    0.00    0.67   19.62    0.00    0.00   71.37

Linux 2.6.32-431.el6.x86_64 (slave1) 	2019年07月25日 	_x86_64_	(8 CPU)

22时38分43秒  CPU    %usr   %nice    %sys %iowait    %irq   %soft  %steal  %guest   %idle
22时38分44秒  all   58.05    0.00   21.80    0.00    0.38   17.49    0.00    0.00    2.28
平均时间:  all   58.05    0.00   21.80    0.00    0.38   17.49    0.00    0.00    2.28

Linux 2.6.32-431.el6.x86_64 (slave1) 	2019年07月25日 	_x86_64_	(8 CPU)

22时38分47秒  CPU    %usr   %nice    %sys %iowait    %irq   %soft  %steal  %guest   %idle
22时38分48秒  all   60.25    0.00   20.25    0.00    0.13   18.87    0.00    0.00    0.50
平均时间:  all   60.25    0.00   20.25    0.00    0.13   18.87    0.00    0.00    0.50

Linux 2.6.32-431.el6.x86_64 (slave1) 	2019年07月25日 	_x86_64_	(8 CPU)

22时38分51秒  CPU    %usr   %nice    %sys %iowait    %irq   %soft  %steal  %guest   %idle
22时38分52秒  all   66.88    0.00   18.58    0.00    0.13   14.16    0.00    0.00    0.25
平均时间:  all   66.88    0.00   18.58    0.00    0.13   14.16    0.00    0.00    0.25

Linux 2.6.32-431.el6.x86_64 (slave1) 	2019年07月25日 	_x86_64_	(8 CPU)

22时38分55秒  CPU    %usr   %nice    %sys %iowait    %irq   %soft  %steal  %guest   %idle
22时38分56秒  all   71.27    0.00   19.07    0.00    0.25    9.41    0.00    0.00    0.00
平均时间:  all   71.27    0.00   19.07    0.00    0.25    9.41    0.00    0.00    0.00

Linux 2.6.32-431.el6.x86_64 (slave1) 	2019年07月25日 	_x86_64_	(8 CPU)

22时38分59秒  CPU    %usr   %nice    %sys %iowait    %irq   %soft  %steal  %guest   %idle
22时39分00秒  all   81.98    0.00   13.77    0.00    0.25    4.01    0.00    0.00    0.00
平均时间:  all   81.98    0.00   13.77    0.00    0.25    4.01    0.00    0.00    0.00

Linux 2.6.32-431.el6.x86_64 (slave1) 	2019年07月25日 	_x86_64_	(8 CPU)

22时39分03秒  CPU    %usr   %nice    %sys %iowait    %irq   %soft  %steal  %guest   %idle
22时39分04秒  all   89.26    0.00    8.49    0.00    0.12    2.12    0.00    0.00    0.00
平均时间:  all   89.26    0.00    8.49    0.00    0.12    2.12    0.00    0.00    0.00

Linux 2.6.32-431.el6.x86_64 (slave1) 	2019年07月25日 	_x86_64_	(8 CPU)

22时39分07秒  CPU    %usr   %nice    %sys %iowait    %irq   %soft  %steal  %guest   %idle
22时39分08秒  all   91.64    0.00    7.74    0.00    0.00    0.12    0.00    0.00    0.50
平均时间:  all   91.64    0.00    7.74    0.00    0.00    0.12    0.00    0.00    0.50

Linux 2.6.32-431.el6.x86_64 (slave1) 	2019年07月25日 	_x86_64_	(8 CPU)

22时39分11秒  CPU    %usr   %nice    %sys %iowait    %irq   %soft  %steal  %guest   %idle
22时39分12秒  all   41.98    0.00    3.94    0.13    0.00    0.00    0.00    0.00   53.94
平均时间:  all   41.98    0.00    3.94    0.13    0.00    0.00    0.00    0.00   53.94

Linux 2.6.32-431.el6.x86_64 (slave1) 	2019年07月25日 	_x86_64_	(8 CPU)

22时39分15秒  CPU    %usr   %nice    %sys %iowait    %irq   %soft  %steal  %guest   %idle
22时39分16秒  all   11.21    0.00    1.78    0.00    0.00    0.00    0.00    0.00   87.01
平均时间:  all   11.21    0.00    1.78    0.00    0.00    0.00    0.00    0.00   87.01

Linux 2.6.32-431.el6.x86_64 (slave1) 	2019年07月25日 	_x86_64_	(8 CPU)

22时39分19秒  CPU    %usr   %nice    %sys %iowait    %irq   %soft  %steal  %guest   %idle
22时39分20秒  all    9.43    0.00    2.80    0.00    0.00    0.00    0.00    0.00   87.77
平均时间:  all    9.43    0.00    2.80    0.00    0.00    0.00    0.00    0.00   87.77

Linux 2.6.32-431.el6.x86_64 (slave1) 	2019年07月25日 	_x86_64_	(8 CPU)

22时39分23秒  CPU    %usr   %nice    %sys %iowait    %irq   %soft  %steal  %guest   %idle
22时39分24秒  all   30.64    0.00    7.44    0.00    0.00    0.13    0.00    0.00   61.79
平均时间:  all   30.64    0.00    7.44    0.00    0.00    0.13    0.00    0.00   61.79

Linux 2.6.32-431.el6.x86_64 (slave1) 	2019年07月25日 	_x86_64_	(8 CPU)

22时39分27秒  CPU    %usr   %nice    %sys %iowait    %irq   %soft  %steal  %guest   %idle
22时39分28秒  all   33.42    0.00    6.25    0.00    0.00    0.13    0.00    0.00   60.20
平均时间:  all   33.42    0.00    6.25    0.00    0.00    0.13    0.00    0.00   60.20

Linux 2.6.32-431.el6.x86_64 (slave1) 	2019年07月25日 	_x86_64_	(8 CPU)

22时39分31秒  CPU    %usr   %nice    %sys %iowait    %irq   %soft  %steal  %guest   %idle
22时39分32秒  all   12.09    0.00    2.67    0.00    0.00    0.00    0.00    0.00   85.24
平均时间:  all   12.09    0.00    2.67    0.00    0.00    0.00    0.00    0.00   85.24

Linux 2.6.32-431.el6.x86_64 (slave1) 	2019年07月25日 	_x86_64_	(8 CPU)

22时39分35秒  CPU    %usr   %nice    %sys %iowait    %irq   %soft  %steal  %guest   %idle
22时39分36秒  all   50.45    0.00    8.47    0.00    0.00    0.00    0.00    0.00   41.08
平均时间:  all   50.45    0.00    8.47    0.00    0.00    0.00    0.00    0.00   41.08

Linux 2.6.32-431.el6.x86_64 (slave1) 	2019年07月25日 	_x86_64_	(8 CPU)

22时39分39秒  CPU    %usr   %nice    %sys %iowait    %irq   %soft  %steal  %guest   %idle
22时39分40秒  all   78.76    0.00   13.15    0.00    0.00    0.00    0.00    0.00    8.09
平均时间:  all   78.76    0.00   13.15    0.00    0.00    0.00    0.00    0.00    8.09

Linux 2.6.32-431.el6.x86_64 (slave1) 	2019年07月25日 	_x86_64_	(8 CPU)

22时39分43秒  CPU    %usr   %nice    %sys %iowait    %irq   %soft  %steal  %guest   %idle
22时39分44秒  all   27.11    0.00    6.78    0.00    0.00    0.00    0.00    0.00   66.11
平均时间:  all   27.11    0.00    6.78    0.00    0.00    0.00    0.00    0.00   66.11

Linux 2.6.32-431.el6.x86_64 (slave1) 	2019年07月25日 	_x86_64_	(8 CPU)

22时39分47秒  CPU    %usr   %nice    %sys %iowait    %irq   %soft  %steal  %guest   %idle
22时39分48秒  all   88.26    0.00   11.11    0.00    0.00    0.25    0.00    0.00    0.37
平均时间:  all   88.26    0.00   11.11    0.00    0.00    0.25    0.00    0.00    0.37

Linux 2.6.32-431.el6.x86_64 (slave1) 	2019年07月25日 	_x86_64_	(8 CPU)

22时39分51秒  CPU    %usr   %nice    %sys %iowait    %irq   %soft  %steal  %guest   %idle
22时39分52秒  all   92.62    0.00    7.26    0.00    0.00    0.00    0.00    0.00    0.13
平均时间:  all   92.62    0.00    7.26    0.00    0.00    0.00    0.00    0.00    0.13

Linux 2.6.32-431.el6.x86_64 (slave1) 	2019年07月25日 	_x86_64_	(8 CPU)

22时39分56秒  CPU    %usr   %nice    %sys %iowait    %irq   %soft  %steal  %guest   %idle
22时39分57秒  all   91.35    0.00    7.64    0.00    0.00    0.00    0.00    0.00    1.00
平均时间:  all   91.35    0.00    7.64    0.00    0.00    0.00    0.00    0.00    1.00

Linux 2.6.32-431.el6.x86_64 (slave1) 	2019年07月25日 	_x86_64_	(8 CPU)

22时40分00秒  CPU    %usr   %nice    %sys %iowait    %irq   %soft  %steal  %guest   %idle
22时40分01秒  all   87.12    0.00    9.09    0.00    0.00    0.13    0.00    0.00    3.66
平均时间:  all   87.12    0.00    9.09    0.00    0.00    0.13    0.00    0.00    3.66

Linux 2.6.32-431.el6.x86_64 (slave1) 	2019年07月25日 	_x86_64_	(8 CPU)

22时40分05秒  CPU    %usr   %nice    %sys %iowait    %irq   %soft  %steal  %guest   %idle
22时40分06秒  all   86.78    0.00    7.93    0.00    0.13    0.25    0.00    0.00    4.91
平均时间:  all   86.78    0.00    7.93    0.00    0.13    0.25    0.00    0.00    4.91

Linux 2.6.32-431.el6.x86_64 (slave1) 	2019年07月25日 	_x86_64_	(8 CPU)

22时40分09秒  CPU    %usr   %nice    %sys %iowait    %irq   %soft  %steal  %guest   %idle
22时40分10秒  all   66.12    0.00   18.02    0.00    0.00    2.03    0.00    0.00   13.83
平均时间:  all   66.12    0.00   18.02    0.00    0.00    2.03    0.00    0.00   13.83

Linux 2.6.32-431.el6.x86_64 (slave1) 	2019年07月25日 	_x86_64_	(8 CPU)

22时40分13秒  CPU    %usr   %nice    %sys %iowait    %irq   %soft  %steal  %guest   %idle
22时40分14秒  all   84.44    0.00    8.53    0.00    0.00    0.38    0.00    0.00    6.65
平均时间:  all   84.44    0.00    8.53    0.00    0.00    0.38    0.00    0.00    6.65

Linux 2.6.32-431.el6.x86_64 (slave1) 	2019年07月25日 	_x86_64_	(8 CPU)

22时40分17秒  CPU    %usr   %nice    %sys %iowait    %irq   %soft  %steal  %guest   %idle
22时40分18秒  all   92.11    0.00    7.39    0.00    0.00    0.25    0.00    0.00    0.25
平均时间:  all   92.11    0.00    7.39    0.00    0.00    0.25    0.00    0.00    0.25

Linux 2.6.32-431.el6.x86_64 (slave1) 	2019年07月25日 	_x86_64_	(8 CPU)

22时40分21秒  CPU    %usr   %nice    %sys %iowait    %irq   %soft  %steal  %guest   %idle
22时40分22秒  all   89.12    0.00    9.25    0.00    0.00    0.12    0.00    0.00    1.50
平均时间:  all   89.12    0.00    9.25    0.00    0.00    0.12    0.00    0.00    1.50

Linux 2.6.32-431.el6.x86_64 (slave1) 	2019年07月25日 	_x86_64_	(8 CPU)

22时40分25秒  CPU    %usr   %nice    %sys %iowait    %irq   %soft  %steal  %guest   %idle
22时40分26秒  all   93.01    0.00    6.62    0.00    0.00    0.25    0.00    0.00    0.12
平均时间:  all   93.01    0.00    6.62    0.00    0.00    0.25    0.00    0.00    0.12

Linux 2.6.32-431.el6.x86_64 (slave1) 	2019年07月25日 	_x86_64_	(8 CPU)

22时40分29秒  CPU    %usr   %nice    %sys %iowait    %irq   %soft  %steal  %guest   %idle
22时40分30秒  all   90.77    0.00    6.73    0.00    0.00    0.75    0.00    0.00    1.75
平均时间:  all   90.77    0.00    6.73    0.00    0.00    0.75    0.00    0.00    1.75

Linux 2.6.32-431.el6.x86_64 (slave1) 	2019年07月25日 	_x86_64_	(8 CPU)

22时40分33秒  CPU    %usr   %nice    %sys %iowait    %irq   %soft  %steal  %guest   %idle
22时40分34秒  all   95.12    0.00    4.50    0.00    0.00    0.25    0.00    0.00    0.12
平均时间:  all   95.12    0.00    4.50    0.00    0.00    0.25    0.00    0.00    0.12

Linux 2.6.32-431.el6.x86_64 (slave1) 	2019年07月25日 	_x86_64_	(8 CPU)

22时40分37秒  CPU    %usr   %nice    %sys %iowait    %irq   %soft  %steal  %guest   %idle
22时40分38秒  all   81.11    0.00    5.79    0.00    0.00    0.88    0.00    0.00   12.22
平均时间:  all   81.11    0.00    5.79    0.00    0.00    0.88    0.00    0.00   12.22

Linux 2.6.32-431.el6.x86_64 (slave1) 	2019年07月25日 	_x86_64_	(8 CPU)

22时40分41秒  CPU    %usr   %nice    %sys %iowait    %irq   %soft  %steal  %guest   %idle
22时40分42秒  all   89.85    0.00    8.02    0.00    0.00    0.50    0.00    0.00    1.63
平均时间:  all   89.85    0.00    8.02    0.00    0.00    0.50    0.00    0.00    1.63

Linux 2.6.32-431.el6.x86_64 (slave1) 	2019年07月25日 	_x86_64_	(8 CPU)

22时40分45秒  CPU    %usr   %nice    %sys %iowait    %irq   %soft  %steal  %guest   %idle
22时40分46秒  all   82.12    0.00    7.93    0.00    0.00    3.15    0.00    0.00    6.80
平均时间:  all   82.12    0.00    7.93    0.00    0.00    3.15    0.00    0.00    6.80

Linux 2.6.32-431.el6.x86_64 (slave1) 	2019年07月25日 	_x86_64_	(8 CPU)

22时40分49秒  CPU    %usr   %nice    %sys %iowait    %irq   %soft  %steal  %guest   %idle
22时40分50秒  all   91.61    0.00    6.26    0.00    0.00    0.38    0.00    0.00    1.75
平均时间:  all   91.61    0.00    6.26    0.00    0.00    0.38    0.00    0.00    1.75

Linux 2.6.32-431.el6.x86_64 (slave1) 	2019年07月25日 	_x86_64_	(8 CPU)

22时40分53秒  CPU    %usr   %nice    %sys %iowait    %irq   %soft  %steal  %guest   %idle
22时40分54秒  all   93.37    0.00    5.51    0.00    0.00    1.13    0.00    0.00    0.00
平均时间:  all   93.37    0.00    5.51    0.00    0.00    1.13    0.00    0.00    0.00

Linux 2.6.32-431.el6.x86_64 (slave1) 	2019年07月25日 	_x86_64_	(8 CPU)

22时40分57秒  CPU    %usr   %nice    %sys %iowait    %irq   %soft  %steal  %guest   %idle
22时40分58秒  all   87.47    0.00   10.40    0.00    0.38    1.63    0.00    0.00    0.13
平均时间:  all   87.47    0.00   10.40    0.00    0.38    1.63    0.00    0.00    0.13

Linux 2.6.32-431.el6.x86_64 (slave1) 	2019年07月25日 	_x86_64_	(8 CPU)

22时41分01秒  CPU    %usr   %nice    %sys %iowait    %irq   %soft  %steal  %guest   %idle
22时41分02秒  all   76.83    0.00   13.10    0.00    0.00    0.38    0.00    0.00    9.70
平均时间:  all   76.83    0.00   13.10    0.00    0.00    0.38    0.00    0.00    9.70

Linux 2.6.32-431.el6.x86_64 (slave1) 	2019年07月25日 	_x86_64_	(8 CPU)

22时41分05秒  CPU    %usr   %nice    %sys %iowait    %irq   %soft  %steal  %guest   %idle
22时41分06秒  all   46.78    0.00    2.27    0.00    0.00    1.13    0.00    0.00   49.81
平均时间:  all   46.78    0.00    2.27    0.00    0.00    1.13    0.00    0.00   49.81

Linux 2.6.32-431.el6.x86_64 (slave1) 	2019年07月25日 	_x86_64_	(8 CPU)

22时41分09秒  CPU    %usr   %nice    %sys %iowait    %irq   %soft  %steal  %guest   %idle
22时41分10秒  all   56.66    0.00    2.01    0.13    0.00    0.75    0.00    0.00   40.45
平均时间:  all   56.66    0.00    2.01    0.13    0.00    0.75    0.00    0.00   40.45

Linux 2.6.32-431.el6.x86_64 (slave1) 	2019年07月25日 	_x86_64_	(8 CPU)

22时41分13秒  CPU    %usr   %nice    %sys %iowait    %irq   %soft  %steal  %guest   %idle
22时41分14秒  all   69.94    0.00    2.64    0.00    0.00    0.50    0.00    0.00   26.92
平均时间:  all   69.94    0.00    2.64    0.00    0.00    0.50    0.00    0.00   26.92

Linux 2.6.32-431.el6.x86_64 (slave1) 	2019年07月25日 	_x86_64_	(8 CPU)

22时41分17秒  CPU    %usr   %nice    %sys %iowait    %irq   %soft  %steal  %guest   %idle
22时41分18秒  all   42.24    0.00    1.77    0.00    0.00    0.38    0.00    0.00   55.61
平均时间:  all   42.24    0.00    1.77    0.00    0.00    0.38    0.00    0.00   55.61

Linux 2.6.32-431.el6.x86_64 (slave1) 	2019年07月25日 	_x86_64_	(8 CPU)

22时41分21秒  CPU    %usr   %nice    %sys %iowait    %irq   %soft  %steal  %guest   %idle
22时41分22秒  all   78.87    0.00    6.29    0.00    0.00    0.88    0.00    0.00   13.96
平均时间:  all   78.87    0.00    6.29    0.00    0.00    0.88    0.00    0.00   13.96

Linux 2.6.32-431.el6.x86_64 (slave1) 	2019年07月25日 	_x86_64_	(8 CPU)

22时41分25秒  CPU    %usr   %nice    %sys %iowait    %irq   %soft  %steal  %guest   %idle
22时41分26秒  all   13.21    0.00    0.88    0.00    0.00    0.50    0.00    0.00   85.41
平均时间:  all   13.21    0.00    0.88    0.00    0.00    0.50    0.00    0.00   85.41

Linux 2.6.32-431.el6.x86_64 (slave1) 	2019年07月25日 	_x86_64_	(8 CPU)

22时41分29秒  CPU    %usr   %nice    %sys %iowait    %irq   %soft  %steal  %guest   %idle
22时41分30秒  all   13.35    0.00    0.25    0.00    0.00    0.88    0.00    0.00   85.52
平均时间:  all   13.35    0.00    0.25    0.00    0.00    0.88    0.00    0.00   85.52

Linux 2.6.32-431.el6.x86_64 (slave1) 	2019年07月25日 	_x86_64_	(8 CPU)

22时41分33秒  CPU    %usr   %nice    %sys %iowait    %irq   %soft  %steal  %guest   %idle
22时41分34秒  all    0.50    0.00    0.13    0.00    0.00    0.00    0.00    0.00   99.37
平均时间:  all    0.50    0.00    0.13    0.00    0.00    0.00    0.00    0.00   99.37

Linux 2.6.32-431.el6.x86_64 (slave1) 	2019年07月25日 	_x86_64_	(8 CPU)

22时41分37秒  CPU    %usr   %nice    %sys %iowait    %irq   %soft  %steal  %guest   %idle
22时41分38秒  all   14.81    0.00    1.77    0.00    0.13    0.25    0.00    0.00   83.04
平均时间:  all   14.81    0.00    1.77    0.00    0.13    0.25    0.00    0.00   83.04

Linux 2.6.32-431.el6.x86_64 (slave1) 	2019年07月25日 	_x86_64_	(8 CPU)

22时41分41秒  CPU    %usr   %nice    %sys %iowait    %irq   %soft  %steal  %guest   %idle
22时41分42秒  all   11.47    0.00    3.09    0.00    0.00    0.39    0.00    0.00   85.05
平均时间:  all   11.47    0.00    3.09    0.00    0.00    0.39    0.00    0.00   85.05

Linux 2.6.32-431.el6.x86_64 (slave1) 	2019年07月25日 	_x86_64_	(8 CPU)

22时41分45秒  CPU    %usr   %nice    %sys %iowait    %irq   %soft  %steal  %guest   %idle
22时41分46秒  all    0.13    0.00    0.13    0.00    0.00    0.00    0.00    0.00   99.75
平均时间:  all    0.13    0.00    0.13    0.00    0.00    0.00    0.00    0.00   99.75

Linux 2.6.32-431.el6.x86_64 (slave1) 	2019年07月25日 	_x86_64_	(8 CPU)

22时41分49秒  CPU    %usr   %nice    %sys %iowait    %irq   %soft  %steal  %guest   %idle
22时41分50秒  all    0.00    0.00    0.00    0.00    0.00    0.00    0.00    0.00  100.00
平均时间:  all    0.00    0.00    0.00    0.00    0.00    0.00    0.00    0.00  100.00

Linux 2.6.32-431.el6.x86_64 (slave1) 	2019年07月25日 	_x86_64_	(8 CPU)

22时41分53秒  CPU    %usr   %nice    %sys %iowait    %irq   %soft  %steal  %guest   %idle
22时41分54秒  all    0.12    0.00    0.12    0.00    0.00    0.00    0.00    0.00   99.75
平均时间:  all    0.12    0.00    0.12    0.00    0.00    0.00    0.00    0.00   99.75

