
Linux 2.6.32-431.el6.x86_64 (slave2) 	2019年07月25日 	_x86_64_	(8 CPU)

22时38分15秒  CPU    %usr   %nice    %sys %iowait    %irq   %soft  %steal  %guest   %idle
22时38分16秒  all    0.13    0.00    0.00    0.00    0.00    0.00    0.00    0.00   99.87
平均时间:  all    0.13    0.00    0.00    0.00    0.00    0.00    0.00    0.00   99.87

Linux 2.6.32-431.el6.x86_64 (slave2) 	2019年07月25日 	_x86_64_	(8 CPU)

22时38分19秒  CPU    %usr   %nice    %sys %iowait    %irq   %soft  %steal  %guest   %idle
22时38分20秒  all    0.00    0.00    0.00    0.00    0.00    0.00    0.00    0.00  100.00
平均时间:  all    0.00    0.00    0.00    0.00    0.00    0.00    0.00    0.00  100.00

Linux 2.6.32-431.el6.x86_64 (slave2) 	2019年07月25日 	_x86_64_	(8 CPU)

22时38分23秒  CPU    %usr   %nice    %sys %iowait    %irq   %soft  %steal  %guest   %idle
22时38分24秒  all    0.00    0.00    0.00    0.00    0.00    0.00    0.00    0.00  100.00
平均时间:  all    0.00    0.00    0.00    0.00    0.00    0.00    0.00    0.00  100.00

Linux 2.6.32-431.el6.x86_64 (slave2) 	2019年07月25日 	_x86_64_	(8 CPU)

22时38分27秒  CPU    %usr   %nice    %sys %iowait    %irq   %soft  %steal  %guest   %idle
22时38分28秒  all    2.14    0.00    1.13    0.00    0.00    0.00    0.00    0.00   96.73
平均时间:  all    2.14    0.00    1.13    0.00    0.00    0.00    0.00    0.00   96.73

Linux 2.6.32-431.el6.x86_64 (slave2) 	2019年07月25日 	_x86_64_	(8 CPU)

22时38分31秒  CPU    %usr   %nice    %sys %iowait    %irq   %soft  %steal  %guest   %idle
22时38分32秒  all    0.38    0.00    2.04    0.00    0.13    0.26    0.00    0.00   97.19
平均时间:  all    0.38    0.00    2.04    0.00    0.13    0.26    0.00    0.00   97.19

Linux 2.6.32-431.el6.x86_64 (slave2) 	2019年07月25日 	_x86_64_	(8 CPU)

22时38分35秒  CPU    %usr   %nice    %sys %iowait    %irq   %soft  %steal  %guest   %idle
22时38分36秒  all    0.92    0.00    8.29    0.00    0.92   15.26    0.00    0.00   74.61
平均时间:  all    0.92    0.00    8.29    0.00    0.92   15.26    0.00    0.00   74.61

Linux 2.6.32-431.el6.x86_64 (slave2) 	2019年07月25日 	_x86_64_	(8 CPU)

22时38分39秒  CPU    %usr   %nice    %sys %iowait    %irq   %soft  %steal  %guest   %idle
22时38分40秒  all    1.05    0.00    7.64    0.00    0.53    8.30    0.00    0.00   82.48
平均时间:  all    1.05    0.00    7.64    0.00    0.53    8.30    0.00    0.00   82.48

Linux 2.6.32-431.el6.x86_64 (slave2) 	2019年07月25日 	_x86_64_	(8 CPU)

22时38分43秒  CPU    %usr   %nice    %sys %iowait    %irq   %soft  %steal  %guest   %idle
22时38分44秒  all    0.79    0.00    8.92    0.00    0.52    8.66    0.00    0.00   81.10
平均时间:  all    0.79    0.00    8.92    0.00    0.52    8.66    0.00    0.00   81.10

Linux 2.6.32-431.el6.x86_64 (slave2) 	2019年07月25日 	_x86_64_	(8 CPU)

22时38分47秒  CPU    %usr   %nice    %sys %iowait    %irq   %soft  %steal  %guest   %idle
22时38分48秒  all    0.66    0.00    8.13    0.00    0.52    5.11    0.00    0.00   85.58
平均时间:  all    0.66    0.00    8.13    0.00    0.52    5.11    0.00    0.00   85.58

Linux 2.6.32-431.el6.x86_64 (slave2) 	2019年07月25日 	_x86_64_	(8 CPU)

22时38分51秒  CPU    %usr   %nice    %sys %iowait    %irq   %soft  %steal  %guest   %idle
22时38分52秒  all    1.05    0.00    9.02    0.00    0.65    6.93    0.00    0.00   82.35
平均时间:  all    1.05    0.00    9.02    0.00    0.65    6.93    0.00    0.00   82.35

Linux 2.6.32-431.el6.x86_64 (slave2) 	2019年07月25日 	_x86_64_	(8 CPU)

22时38分55秒  CPU    %usr   %nice    %sys %iowait    %irq   %soft  %steal  %guest   %idle
22时38分56秒  all    7.74    0.00   18.02    0.00    0.27   10.55    0.00    0.00   63.42
平均时间:  all    7.74    0.00   18.02    0.00    0.27   10.55    0.00    0.00   63.42

Linux 2.6.32-431.el6.x86_64 (slave2) 	2019年07月25日 	_x86_64_	(8 CPU)

22时38分59秒  CPU    %usr   %nice    %sys %iowait    %irq   %soft  %steal  %guest   %idle
22时39分00秒  all   51.66    0.00   13.14    0.00    0.00    8.93    0.00    0.00   26.28
平均时间:  all   51.66    0.00   13.14    0.00    0.00    8.93    0.00    0.00   26.28

Linux 2.6.32-431.el6.x86_64 (slave2) 	2019年07月25日 	_x86_64_	(8 CPU)

22时39分03秒  CPU    %usr   %nice    %sys %iowait    %irq   %soft  %steal  %guest   %idle
22时39分04秒  all   80.75    0.00   17.50    0.00    0.00    0.75    0.00    0.00    1.00
平均时间:  all   80.75    0.00   17.50    0.00    0.00    0.75    0.00    0.00    1.00

Linux 2.6.32-431.el6.x86_64 (slave2) 	2019年07月25日 	_x86_64_	(8 CPU)

22时39分07秒  CPU    %usr   %nice    %sys %iowait    %irq   %soft  %steal  %guest   %idle
22时39分08秒  all   91.88    0.00    8.00    0.00    0.00    0.12    0.00    0.00    0.00
平均时间:  all   91.88    0.00    8.00    0.00    0.00    0.12    0.00    0.00    0.00

Linux 2.6.32-431.el6.x86_64 (slave2) 	2019年07月25日 	_x86_64_	(8 CPU)

22时39分11秒  CPU    %usr   %nice    %sys %iowait    %irq   %soft  %steal  %guest   %idle
22时39分12秒  all   91.74    0.00    8.01    0.00    0.00    0.00    0.00    0.00    0.25
平均时间:  all   91.74    0.00    8.01    0.00    0.00    0.00    0.00    0.00    0.25

Linux 2.6.32-431.el6.x86_64 (slave2) 	2019年07月25日 	_x86_64_	(8 CPU)

22时39分15秒  CPU    %usr   %nice    %sys %iowait    %irq   %soft  %steal  %guest   %idle
22时39分16秒  all   68.65    0.00    6.98    0.00    0.00    0.00    0.00    0.00   24.37
平均时间:  all   68.65    0.00    6.98    0.00    0.00    0.00    0.00    0.00   24.37

Linux 2.6.32-431.el6.x86_64 (slave2) 	2019年07月25日 	_x86_64_	(8 CPU)

22时39分19秒  CPU    %usr   %nice    %sys %iowait    %irq   %soft  %steal  %guest   %idle
22时39分20秒  all   70.72    0.00    9.13    0.00    0.00    0.13    0.00    0.00   20.03
平均时间:  all   70.72    0.00    9.13    0.00    0.00    0.13    0.00    0.00   20.03

Linux 2.6.32-431.el6.x86_64 (slave2) 	2019年07月25日 	_x86_64_	(8 CPU)

22时39分23秒  CPU    %usr   %nice    %sys %iowait    %irq   %soft  %steal  %guest   %idle
22时39分24秒  all    2.28    0.00    1.27    0.00    0.00    0.00    0.00    0.00   96.45
平均时间:  all    2.28    0.00    1.27    0.00    0.00    0.00    0.00    0.00   96.45

Linux 2.6.32-431.el6.x86_64 (slave2) 	2019年07月25日 	_x86_64_	(8 CPU)

22时39分27秒  CPU    %usr   %nice    %sys %iowait    %irq   %soft  %steal  %guest   %idle
22时39分28秒  all   54.41    0.00    6.13    0.00    0.00    0.00    0.00    0.00   39.46
平均时间:  all   54.41    0.00    6.13    0.00    0.00    0.00    0.00    0.00   39.46

Linux 2.6.32-431.el6.x86_64 (slave2) 	2019年07月25日 	_x86_64_	(8 CPU)

22时39分31秒  CPU    %usr   %nice    %sys %iowait    %irq   %soft  %steal  %guest   %idle
22时39分32秒  all    6.46    0.00    1.27    0.00    0.00    0.00    0.00    0.00   92.27
平均时间:  all    6.46    0.00    1.27    0.00    0.00    0.00    0.00    0.00   92.27

Linux 2.6.32-431.el6.x86_64 (slave2) 	2019年07月25日 	_x86_64_	(8 CPU)

22时39分35秒  CPU    %usr   %nice    %sys %iowait    %irq   %soft  %steal  %guest   %idle
22时39分36秒  all   43.51    0.00   12.09    0.00    0.00    4.83    0.00    0.00   39.57
平均时间:  all   43.51    0.00   12.09    0.00    0.00    4.83    0.00    0.00   39.57

Linux 2.6.32-431.el6.x86_64 (slave2) 	2019年07月25日 	_x86_64_	(8 CPU)

22时39分40秒  CPU    %usr   %nice    %sys %iowait    %irq   %soft  %steal  %guest   %idle
22时39分41秒  all   42.49    0.00    5.60    0.00    0.00    0.00    0.00    0.00   51.91
平均时间:  all   42.49    0.00    5.60    0.00    0.00    0.00    0.00    0.00   51.91

Linux 2.6.32-431.el6.x86_64 (slave2) 	2019年07月25日 	_x86_64_	(8 CPU)

22时39分44秒  CPU    %usr   %nice    %sys %iowait    %irq   %soft  %steal  %guest   %idle
22时39分45秒  all   37.20    0.00    8.41    0.00    0.13    0.64    0.00    0.00   53.63
平均时间:  all   37.20    0.00    8.41    0.00    0.13    0.64    0.00    0.00   53.63

Linux 2.6.32-431.el6.x86_64 (slave2) 	2019年07月25日 	_x86_64_	(8 CPU)

22时39分48秒  CPU    %usr   %nice    %sys %iowait    %irq   %soft  %steal  %guest   %idle
22时39分49秒  all   75.82    0.00    7.47    0.00    0.00    0.00    0.00    0.00   16.71
平均时间:  all   75.82    0.00    7.47    0.00    0.00    0.00    0.00    0.00   16.71

Linux 2.6.32-431.el6.x86_64 (slave2) 	2019年07月25日 	_x86_64_	(8 CPU)

22时39分52秒  CPU    %usr   %nice    %sys %iowait    %irq   %soft  %steal  %guest   %idle
22时39分53秒  all   49.68    0.00    5.48    0.00    0.00    0.25    0.00    0.00   44.59
平均时间:  all   49.68    0.00    5.48    0.00    0.00    0.25    0.00    0.00   44.59

Linux 2.6.32-431.el6.x86_64 (slave2) 	2019年07月25日 	_x86_64_	(8 CPU)

22时39分56秒  CPU    %usr   %nice    %sys %iowait    %irq   %soft  %steal  %guest   %idle
22时39分57秒  all   44.09    0.00    5.08    0.00    0.00    0.00    0.00    0.00   50.83
平均时间:  all   44.09    0.00    5.08    0.00    0.00    0.00    0.00    0.00   50.83

Linux 2.6.32-431.el6.x86_64 (slave2) 	2019年07月25日 	_x86_64_	(8 CPU)

22时40分00秒  CPU    %usr   %nice    %sys %iowait    %irq   %soft  %steal  %guest   %idle
22时40分01秒  all   18.73    0.00    2.29    0.00    0.00    0.13    0.00    0.00   78.85
平均时间:  all   18.73    0.00    2.29    0.00    0.00    0.13    0.00    0.00   78.85

Linux 2.6.32-431.el6.x86_64 (slave2) 	2019年07月25日 	_x86_64_	(8 CPU)

22时40分04秒  CPU    %usr   %nice    %sys %iowait    %irq   %soft  %steal  %guest   %idle
22时40分05秒  all   25.54    0.00    3.83    0.00    0.00    0.13    0.00    0.00   70.50
平均时间:  all   25.54    0.00    3.83    0.00    0.00    0.13    0.00    0.00   70.50

Linux 2.6.32-431.el6.x86_64 (slave2) 	2019年07月25日 	_x86_64_	(8 CPU)

22时40分08秒  CPU    %usr   %nice    %sys %iowait    %irq   %soft  %steal  %guest   %idle
22时40分09秒  all   35.98    0.00    5.38    0.00    0.13    0.00    0.00    0.00   58.51
平均时间:  all   35.98    0.00    5.38    0.00    0.13    0.00    0.00    0.00   58.51

Linux 2.6.32-431.el6.x86_64 (slave2) 	2019年07月25日 	_x86_64_	(8 CPU)

22时40分12秒  CPU    %usr   %nice    %sys %iowait    %irq   %soft  %steal  %guest   %idle
22时40分13秒  all   34.78    0.00    8.82    0.00    0.00    0.13    0.00    0.00   56.27
平均时间:  all   34.78    0.00    8.82    0.00    0.00    0.13    0.00    0.00   56.27

Linux 2.6.32-431.el6.x86_64 (slave2) 	2019年07月25日 	_x86_64_	(8 CPU)

22时40分16秒  CPU    %usr   %nice    %sys %iowait    %irq   %soft  %steal  %guest   %idle
22时40分17秒  all   38.34    0.00    4.20    0.00    0.00    1.15    0.00    0.00   56.31
平均时间:  all   38.34    0.00    4.20    0.00    0.00    1.15    0.00    0.00   56.31

Linux 2.6.32-431.el6.x86_64 (slave2) 	2019年07月25日 	_x86_64_	(8 CPU)

22时40分20秒  CPU    %usr   %nice    %sys %iowait    %irq   %soft  %steal  %guest   %idle
22时40分21秒  all   44.97    0.00    6.50    0.00    0.00    0.51    0.00    0.00   48.03
平均时间:  all   44.97    0.00    6.50    0.00    0.00    0.51    0.00    0.00   48.03

Linux 2.6.32-431.el6.x86_64 (slave2) 	2019年07月25日 	_x86_64_	(8 CPU)

22时40分24秒  CPU    %usr   %nice    %sys %iowait    %irq   %soft  %steal  %guest   %idle
22时40分25秒  all   63.67    0.00    3.67    0.00    0.00    0.25    0.00    0.00   32.41
平均时间:  all   63.67    0.00    3.67    0.00    0.00    0.25    0.00    0.00   32.41

Linux 2.6.32-431.el6.x86_64 (slave2) 	2019年07月25日 	_x86_64_	(8 CPU)

22时40分28秒  CPU    %usr   %nice    %sys %iowait    %irq   %soft  %steal  %guest   %idle
22时40分29秒  all   29.21    0.00    3.83    0.00    0.00    0.38    0.00    0.00   66.58
平均时间:  all   29.21    0.00    3.83    0.00    0.00    0.38    0.00    0.00   66.58

Linux 2.6.32-431.el6.x86_64 (slave2) 	2019年07月25日 	_x86_64_	(8 CPU)

22时40分32秒  CPU    %usr   %nice    %sys %iowait    %irq   %soft  %steal  %guest   %idle
22时40分33秒  all   41.17    0.00    4.07    0.00    0.00    0.13    0.00    0.00   54.64
平均时间:  all   41.17    0.00    4.07    0.00    0.00    0.13    0.00    0.00   54.64

Linux 2.6.32-431.el6.x86_64 (slave2) 	2019年07月25日 	_x86_64_	(8 CPU)

22时40分36秒  CPU    %usr   %nice    %sys %iowait    %irq   %soft  %steal  %guest   %idle
22时40分37秒  all   62.60    0.00    6.23    0.00    0.00    0.13    0.00    0.00   31.04
平均时间:  all   62.60    0.00    6.23    0.00    0.00    0.13    0.00    0.00   31.04

Linux 2.6.32-431.el6.x86_64 (slave2) 	2019年07月25日 	_x86_64_	(8 CPU)

22时40分40秒  CPU    %usr   %nice    %sys %iowait    %irq   %soft  %steal  %guest   %idle
22时40分41秒  all   80.74    0.00    7.35    0.00    0.00    0.13    0.00    0.00   11.79
平均时间:  all   80.74    0.00    7.35    0.00    0.00    0.13    0.00    0.00   11.79

Linux 2.6.32-431.el6.x86_64 (slave2) 	2019年07月25日 	_x86_64_	(8 CPU)

22时40分44秒  CPU    %usr   %nice    %sys %iowait    %irq   %soft  %steal  %guest   %idle
22时40分45秒  all   16.41    0.00    2.80    0.00    0.00    1.40    0.00    0.00   79.39
平均时间:  all   16.41    0.00    2.80    0.00    0.00    1.40    0.00    0.00   79.39

Linux 2.6.32-431.el6.x86_64 (slave2) 	2019年07月25日 	_x86_64_	(8 CPU)

22时40分48秒  CPU    %usr   %nice    %sys %iowait    %irq   %soft  %steal  %guest   %idle
22时40分49秒  all   46.10    0.00    3.27    0.00    0.00    0.13    0.00    0.00   50.50
平均时间:  all   46.10    0.00    3.27    0.00    0.00    0.13    0.00    0.00   50.50

Linux 2.6.32-431.el6.x86_64 (slave2) 	2019年07月25日 	_x86_64_	(8 CPU)

22时40分52秒  CPU    %usr   %nice    %sys %iowait    %irq   %soft  %steal  %guest   %idle
22时40分53秒  all   62.28    0.00    6.01    0.00    0.00    0.90    0.00    0.00   30.82
平均时间:  all   62.28    0.00    6.01    0.00    0.00    0.90    0.00    0.00   30.82

Linux 2.6.32-431.el6.x86_64 (slave2) 	2019年07月25日 	_x86_64_	(8 CPU)

22时40分56秒  CPU    %usr   %nice    %sys %iowait    %irq   %soft  %steal  %guest   %idle
22时40分57秒  all   19.38    0.00    7.02    0.00    0.00    0.65    0.00    0.00   72.95
平均时间:  all   19.38    0.00    7.02    0.00    0.00    0.65    0.00    0.00   72.95

Linux 2.6.32-431.el6.x86_64 (slave2) 	2019年07月25日 	_x86_64_	(8 CPU)

22时41分00秒  CPU    %usr   %nice    %sys %iowait    %irq   %soft  %steal  %guest   %idle
22时41分01秒  all   28.46    0.00    6.92    0.00    0.00    0.13    0.00    0.00   64.49
平均时间:  all   28.46    0.00    6.92    0.00    0.00    0.13    0.00    0.00   64.49

Linux 2.6.32-431.el6.x86_64 (slave2) 	2019年07月25日 	_x86_64_	(8 CPU)

22时41分04秒  CPU    %usr   %nice    %sys %iowait    %irq   %soft  %steal  %guest   %idle
22时41分05秒  all   30.54    0.00    3.04    0.00    0.00    0.13    0.00    0.00   66.29
平均时间:  all   30.54    0.00    3.04    0.00    0.00    0.13    0.00    0.00   66.29

Linux 2.6.32-431.el6.x86_64 (slave2) 	2019年07月25日 	_x86_64_	(8 CPU)

22时41分08秒  CPU    %usr   %nice    %sys %iowait    %irq   %soft  %steal  %guest   %idle
22时41分09秒  all   17.34    0.00    2.15    0.00    0.00    0.00    0.00    0.00   80.51
平均时间:  all   17.34    0.00    2.15    0.00    0.00    0.00    0.00    0.00   80.51

Linux 2.6.32-431.el6.x86_64 (slave2) 	2019年07月25日 	_x86_64_	(8 CPU)

22时41分12秒  CPU    %usr   %nice    %sys %iowait    %irq   %soft  %steal  %guest   %idle
22时41分13秒  all   47.41    0.00    5.67    0.00    0.00    0.00    0.00    0.00   46.91
平均时间:  all   47.41    0.00    5.67    0.00    0.00    0.00    0.00    0.00   46.91

Linux 2.6.32-431.el6.x86_64 (slave2) 	2019年07月25日 	_x86_64_	(8 CPU)

22时41分16秒  CPU    %usr   %nice    %sys %iowait    %irq   %soft  %steal  %guest   %idle
22时41分17秒  all   26.79    0.00    1.64    0.00    0.00    0.75    0.00    0.00   70.82
平均时间:  all   26.79    0.00    1.64    0.00    0.00    0.75    0.00    0.00   70.82

Linux 2.6.32-431.el6.x86_64 (slave2) 	2019年07月25日 	_x86_64_	(8 CPU)

22时41分20秒  CPU    %usr   %nice    %sys %iowait    %irq   %soft  %steal  %guest   %idle
22时41分21秒  all   53.82    0.00    3.69    0.00    0.13    1.02    0.00    0.00   41.35
平均时间:  all   53.82    0.00    3.69    0.00    0.13    1.02    0.00    0.00   41.35

Linux 2.6.32-431.el6.x86_64 (slave2) 	2019年07月25日 	_x86_64_	(8 CPU)

22时41分24秒  CPU    %usr   %nice    %sys %iowait    %irq   %soft  %steal  %guest   %idle
22时41分25秒  all   31.69    0.00    3.42    0.00    0.00    0.89    0.00    0.00   64.01
平均时间:  all   31.69    0.00    3.42    0.00    0.00    0.89    0.00    0.00   64.01

Linux 2.6.32-431.el6.x86_64 (slave2) 	2019年07月25日 	_x86_64_	(8 CPU)

22时41分29秒  CPU    %usr   %nice    %sys %iowait    %irq   %soft  %steal  %guest   %idle
22时41分30秒  all   32.15    0.00    1.27    0.00    0.00    0.63    0.00    0.00   65.95
平均时间:  all   32.15    0.00    1.27    0.00    0.00    0.63    0.00    0.00   65.95

Linux 2.6.32-431.el6.x86_64 (slave2) 	2019年07月25日 	_x86_64_	(8 CPU)

22时41分33秒  CPU    %usr   %nice    %sys %iowait    %irq   %soft  %steal  %guest   %idle
22时41分34秒  all   26.29    0.00    1.38    0.13    0.00    1.76    0.00    0.00   70.44
平均时间:  all   26.29    0.00    1.38    0.13    0.00    1.76    0.00    0.00   70.44

Linux 2.6.32-431.el6.x86_64 (slave2) 	2019年07月25日 	_x86_64_	(8 CPU)

22时41分37秒  CPU    %usr   %nice    %sys %iowait    %irq   %soft  %steal  %guest   %idle
22时41分38秒  all   24.59    0.00    1.26    0.00    0.00    0.00    0.00    0.00   74.15
平均时间:  all   24.59    0.00    1.26    0.00    0.00    0.00    0.00    0.00   74.15

Linux 2.6.32-431.el6.x86_64 (slave2) 	2019年07月25日 	_x86_64_	(8 CPU)

22时41分41秒  CPU    %usr   %nice    %sys %iowait    %irq   %soft  %steal  %guest   %idle
22时41分42秒  all   32.69    0.00    4.85    0.00    0.26    1.66    0.00    0.00   60.54
平均时间:  all   32.69    0.00    4.85    0.00    0.26    1.66    0.00    0.00   60.54

Linux 2.6.32-431.el6.x86_64 (slave2) 	2019年07月25日 	_x86_64_	(8 CPU)

22时41分45秒  CPU    %usr   %nice    %sys %iowait    %irq   %soft  %steal  %guest   %idle
22时41分46秒  all    0.00    0.00    0.00    0.00    0.00    0.00    0.00    0.00  100.00
平均时间:  all    0.00    0.00    0.00    0.00    0.00    0.00    0.00    0.00  100.00

Linux 2.6.32-431.el6.x86_64 (slave2) 	2019年07月25日 	_x86_64_	(8 CPU)

22时41分49秒  CPU    %usr   %nice    %sys %iowait    %irq   %soft  %steal  %guest   %idle
22时41分50秒  all    0.00    0.00    0.00    0.00    0.00    0.00    0.00    0.00  100.00
平均时间:  all    0.00    0.00    0.00    0.00    0.00    0.00    0.00    0.00  100.00

Linux 2.6.32-431.el6.x86_64 (slave2) 	2019年07月25日 	_x86_64_	(8 CPU)

22时41分53秒  CPU    %usr   %nice    %sys %iowait    %irq   %soft  %steal  %guest   %idle
22时41分54秒  all    0.00    0.00    0.50    0.00    0.00    0.13    0.00    0.00   99.37
平均时间:  all    0.00    0.00    0.50    0.00    0.00    0.13    0.00    0.00   99.37

