
2019年 07月 25日 星期四 22:38:16 CST
             total       used       free     shared    buffers     cached
Mem:         15945       9276       6669          0        107       7257
-/+ buffers/cache:       1911      14034
Swap:         8039          0       8039

2019年 07月 25日 星期四 22:38:20 CST
             total       used       free     shared    buffers     cached
Mem:         15945       9276       6669          0        107       7257
-/+ buffers/cache:       1911      14034
Swap:         8039          0       8039

2019年 07月 25日 星期四 22:38:24 CST
             total       used       free     shared    buffers     cached
Mem:         15945       9276       6669          0        107       7257
-/+ buffers/cache:       1911      14034
Swap:         8039          0       8039

2019年 07月 25日 星期四 22:38:28 CST
             total       used       free     shared    buffers     cached
Mem:         15945       9275       6669          0        107       7257
-/+ buffers/cache:       1910      14034
Swap:         8039          0       8039

2019年 07月 25日 星期四 22:38:32 CST
             total       used       free     shared    buffers     cached
Mem:         15945       9296       6648          0        107       7277
-/+ buffers/cache:       1911      14034
Swap:         8039          0       8039

2019年 07月 25日 星期四 22:38:36 CST
             total       used       free     shared    buffers     cached
Mem:         15945       9535       6410          0        107       7514
-/+ buffers/cache:       1913      14031
Swap:         8039          0       8039

2019年 07月 25日 星期四 22:38:40 CST
             total       used       free     shared    buffers     cached
Mem:         15945       9783       6161          0        107       7762
-/+ buffers/cache:       1913      14032
Swap:         8039          0       8039

2019年 07月 25日 星期四 22:38:44 CST
             total       used       free     shared    buffers     cached
Mem:         15945      10033       5911          0        107       8013
-/+ buffers/cache:       1913      14032
Swap:         8039          0       8039

2019年 07月 25日 星期四 22:38:48 CST
             total       used       free     shared    buffers     cached
Mem:         15945      10281       5664          0        107       8261
-/+ buffers/cache:       1911      14033
Swap:         8039          0       8039

2019年 07月 25日 星期四 22:38:52 CST
             total       used       free     shared    buffers     cached
Mem:         15945      10531       5413          0        107       8512
-/+ buffers/cache:       1911      14033
Swap:         8039          0       8039

2019年 07月 25日 星期四 22:38:56 CST
             total       used       free     shared    buffers     cached
Mem:         15945      10987       4958          0        107       8962
-/+ buffers/cache:       1917      14028
Swap:         8039          0       8039

2019年 07月 25日 星期四 22:39:00 CST
             total       used       free     shared    buffers     cached
Mem:         15945      11488       4457          0        107       9256
-/+ buffers/cache:       2124      13821
Swap:         8039          0       8039

2019年 07月 25日 星期四 22:39:04 CST
             total       used       free     shared    buffers     cached
Mem:         15945      12474       3471          0        107       9898
-/+ buffers/cache:       2468      13477
Swap:         8039          0       8039

2019年 07月 25日 星期四 22:39:08 CST
             total       used       free     shared    buffers     cached
Mem:         15945      13136       2809          0        107      10006
-/+ buffers/cache:       3021      12923
Swap:         8039          0       8039

2019年 07月 25日 星期四 22:39:12 CST
             total       used       free     shared    buffers     cached
Mem:         15945      13798       2146          0        107      10023
-/+ buffers/cache:       3667      12277
Swap:         8039          0       8039

2019年 07月 25日 星期四 22:39:16 CST
             total       used       free     shared    buffers     cached
Mem:         15945      14241       1703          0        107      10024
-/+ buffers/cache:       4109      11835
Swap:         8039          0       8039

2019年 07月 25日 星期四 22:39:20 CST
             total       used       free     shared    buffers     cached
Mem:         15945      14400       1545          0        107      10042
-/+ buffers/cache:       4249      11695
Swap:         8039          0       8039

2019年 07月 25日 星期四 22:39:24 CST
             total       used       free     shared    buffers     cached
Mem:         15945      14148       1796          0        107      10023
-/+ buffers/cache:       4017      11928
Swap:         8039          0       8039

2019年 07月 25日 星期四 22:39:28 CST
             total       used       free     shared    buffers     cached
Mem:         15945      14529       1415          0        107      10043
-/+ buffers/cache:       4378      11567
Swap:         8039          0       8039

2019年 07月 25日 星期四 22:39:32 CST
             total       used       free     shared    buffers     cached
Mem:         15945      14190       1755          0        107      10024
-/+ buffers/cache:       4058      11887
Swap:         8039          0       8039

2019年 07月 25日 星期四 22:39:36 CST
             total       used       free     shared    buffers     cached
Mem:         15945      14129       1816          0        107      10043
-/+ buffers/cache:       3978      11967
Swap:         8039          0       8039

2019年 07月 25日 星期四 22:39:41 CST
             total       used       free     shared    buffers     cached
Mem:         15945      14401       1544          0        107      10064
-/+ buffers/cache:       4228      11717
Swap:         8039          0       8039

2019年 07月 25日 星期四 22:39:45 CST
             total       used       free     shared    buffers     cached
Mem:         15945      14376       1569          0        107      10079
-/+ buffers/cache:       4188      11756
Swap:         8039          0       8039

2019年 07月 25日 星期四 22:39:49 CST
             total       used       free     shared    buffers     cached
Mem:         15945      15097        847          0        107      10195
-/+ buffers/cache:       4794      11151
Swap:         8039          0       8039

2019年 07月 25日 星期四 22:39:53 CST
             total       used       free     shared    buffers     cached
Mem:         15945      15358        586          0        107      10197
-/+ buffers/cache:       5053      10892
Swap:         8039          0       8039

2019年 07月 25日 星期四 22:39:57 CST
             total       used       free     shared    buffers     cached
Mem:         15945      15705        239          0        107      10198
-/+ buffers/cache:       5399      10546
Swap:         8039          0       8039

2019年 07月 25日 星期四 22:40:01 CST
             total       used       free     shared    buffers     cached
Mem:         15945      15778        166          0        107      10199
-/+ buffers/cache:       5472      10473
Swap:         8039          0       8039

2019年 07月 25日 星期四 22:40:05 CST
             total       used       free     shared    buffers     cached
Mem:         15945      15476        469          0        107      10176
-/+ buffers/cache:       5192      10753
Swap:         8039          0       8039

2019年 07月 25日 星期四 22:40:09 CST
             total       used       free     shared    buffers     cached
Mem:         15945      15109        835          0        107       9990
-/+ buffers/cache:       5011      10933
Swap:         8039          0       8039

2019年 07月 25日 星期四 22:40:13 CST
             total       used       free     shared    buffers     cached
Mem:         15945      14695       1249          0        107       9990
-/+ buffers/cache:       4597      11347
Swap:         8039          0       8039

2019年 07月 25日 星期四 22:40:17 CST
             total       used       free     shared    buffers     cached
Mem:         15945      15169        775          0        107       9972
-/+ buffers/cache:       5089      10855
Swap:         8039          0       8039

2019年 07月 25日 星期四 22:40:21 CST
             total       used       free     shared    buffers     cached
Mem:         15945      15582        362          0        107       9972
-/+ buffers/cache:       5502      10442
Swap:         8039          0       8039

2019年 07月 25日 星期四 22:40:25 CST
             total       used       free     shared    buffers     cached
Mem:         15945      15789        155          0        107       9850
-/+ buffers/cache:       5831      10114
Swap:         8039          0       8039

2019年 07月 25日 星期四 22:40:29 CST
             total       used       free     shared    buffers     cached
Mem:         15945      14734       1211          0        107       9756
-/+ buffers/cache:       4869      11075
Swap:         8039          0       8039

2019年 07月 25日 星期四 22:40:33 CST
             total       used       free     shared    buffers     cached
Mem:         15945      15072        873          0        107       9571
-/+ buffers/cache:       5392      10553
Swap:         8039          0       8039

2019年 07月 25日 星期四 22:40:37 CST
             total       used       free     shared    buffers     cached
Mem:         15945      14986        958          0        107       9390
-/+ buffers/cache:       5488      10457
Swap:         8039          0       8039

2019年 07月 25日 星期四 22:40:41 CST
             total       used       free     shared    buffers     cached
Mem:         15945      15410        534          0        107       9373
-/+ buffers/cache:       5929      10016
Swap:         8039          0       8039

2019年 07月 25日 星期四 22:40:45 CST
             total       used       free     shared    buffers     cached
Mem:         15945      13555       2390          0        107       9207
-/+ buffers/cache:       4239      11705
Swap:         8039          0       8039

2019年 07月 25日 星期四 22:40:49 CST
             total       used       free     shared    buffers     cached
Mem:         15945      13920       2025          0        107       9376
-/+ buffers/cache:       4435      11509
Swap:         8039          0       8039

2019年 07月 25日 星期四 22:40:53 CST
             total       used       free     shared    buffers     cached
Mem:         15945      14195       1749          0        107       9395
-/+ buffers/cache:       4692      11253
Swap:         8039          0       8039

2019年 07月 25日 星期四 22:40:57 CST
             total       used       free     shared    buffers     cached
Mem:         15945      14338       1606          0        107       9436
-/+ buffers/cache:       4794      11151
Swap:         8039          0       8039

2019年 07月 25日 星期四 22:41:01 CST
             total       used       free     shared    buffers     cached
Mem:         15945      12752       3193          0        107       9450
-/+ buffers/cache:       3193      12751
Swap:         8039          0       8039

2019年 07月 25日 星期四 22:41:05 CST
             total       used       free     shared    buffers     cached
Mem:         15945      12754       3191          0        107       9081
-/+ buffers/cache:       3565      12380
Swap:         8039          0       8039

2019年 07月 25日 星期四 22:41:09 CST
             total       used       free     shared    buffers     cached
Mem:         15945      12981       2963          0        107       9081
-/+ buffers/cache:       3792      12152
Swap:         8039          0       8039

2019年 07月 25日 星期四 22:41:13 CST
             total       used       free     shared    buffers     cached
Mem:         15945      13440       2505          0        107       9083
-/+ buffers/cache:       4248      11696
Swap:         8039          0       8039

2019年 07月 25日 星期四 22:41:17 CST
             total       used       free     shared    buffers     cached
Mem:         15945      13579       2366          0        107       9084
-/+ buffers/cache:       4387      11558
Swap:         8039          0       8039

2019年 07月 25日 星期四 22:41:21 CST
             total       used       free     shared    buffers     cached
Mem:         15945      13693       2251          0        107       9100
-/+ buffers/cache:       4485      11460
Swap:         8039          0       8039

2019年 07月 25日 星期四 22:41:26 CST
             total       used       free     shared    buffers     cached
Mem:         15945      12960       2985          0        107       9004
-/+ buffers/cache:       3848      12097
Swap:         8039          0       8039

2019年 07月 25日 星期四 22:41:30 CST
             total       used       free     shared    buffers     cached
Mem:         15945      13071       2874          0        107       9072
-/+ buffers/cache:       3891      12054
Swap:         8039          0       8039

2019年 07月 25日 星期四 22:41:34 CST
             total       used       free     shared    buffers     cached
Mem:         15945      13115       2829          0        107       9080
-/+ buffers/cache:       3927      12017
Swap:         8039          0       8039

2019年 07月 25日 星期四 22:41:38 CST
             total       used       free     shared    buffers     cached
Mem:         15945      13160       2785          0        107       9088
-/+ buffers/cache:       3963      11981
Swap:         8039          0       8039

2019年 07月 25日 星期四 22:41:42 CST
             total       used       free     shared    buffers     cached
Mem:         15945      13357       2587          0        107       9126
-/+ buffers/cache:       4122      11822
Swap:         8039          0       8039

2019年 07月 25日 星期四 22:41:46 CST
             total       used       free     shared    buffers     cached
Mem:         15945      11143       4801          0        107       9105
-/+ buffers/cache:       1930      14015
Swap:         8039          0       8039

2019年 07月 25日 星期四 22:41:50 CST
             total       used       free     shared    buffers     cached
Mem:         15945      10957       4987          0        107       8920
-/+ buffers/cache:       1929      14016
Swap:         8039          0       8039

2019年 07月 25日 星期四 22:41:54 CST
             total       used       free     shared    buffers     cached
Mem:         15945      10957       4988          0        107       8920
-/+ buffers/cache:       1928      14016
Swap:         8039          0       8039

