
2019年 07月 25日 星期四 22:38:16 CST
             total       used       free     shared    buffers     cached
Mem:         15945       9434       6511          0         90       7427
-/+ buffers/cache:       1917      14028
Swap:         8039          0       8039

2019年 07月 25日 星期四 22:38:20 CST
             total       used       free     shared    buffers     cached
Mem:         15945       9434       6510          0         90       7427
-/+ buffers/cache:       1917      14028
Swap:         8039          0       8039

2019年 07月 25日 星期四 22:38:24 CST
             total       used       free     shared    buffers     cached
Mem:         15945       9434       6510          0         90       7427
-/+ buffers/cache:       1917      14028
Swap:         8039          0       8039

2019年 07月 25日 星期四 22:38:28 CST
             total       used       free     shared    buffers     cached
Mem:         15945       9434       6510          0         90       7427
-/+ buffers/cache:       1917      14028
Swap:         8039          0       8039

2019年 07月 25日 星期四 22:38:32 CST
             total       used       free     shared    buffers     cached
Mem:         15945       9436       6508          0         90       7429
-/+ buffers/cache:       1917      14028
Swap:         8039          0       8039

2019年 07月 25日 星期四 22:38:36 CST
             total       used       free     shared    buffers     cached
Mem:         15945       9636       6309          0         90       7626
-/+ buffers/cache:       1918      14026
Swap:         8039          0       8039

2019年 07月 25日 星期四 22:38:40 CST
             total       used       free     shared    buffers     cached
Mem:         15945       9898       6046          0         90       7888
-/+ buffers/cache:       1920      14025
Swap:         8039          0       8039

2019年 07月 25日 星期四 22:38:44 CST
             total       used       free     shared    buffers     cached
Mem:         15945      10497       5447          0         90       8208
-/+ buffers/cache:       2198      13746
Swap:         8039          0       8039

2019年 07月 25日 星期四 22:38:48 CST
             total       used       free     shared    buffers     cached
Mem:         15945      11164       4780          0         90       8521
-/+ buffers/cache:       2552      13393
Swap:         8039          0       8039

2019年 07月 25日 星期四 22:38:52 CST
             total       used       free     shared    buffers     cached
Mem:         15945      11813       4132          0         90       8774
-/+ buffers/cache:       2948      12997
Swap:         8039          0       8039

2019年 07月 25日 星期四 22:38:56 CST
             total       used       free     shared    buffers     cached
Mem:         15945      12497       3447          0         90       9144
-/+ buffers/cache:       3263      12682
Swap:         8039          0       8039

2019年 07月 25日 星期四 22:39:00 CST
             total       used       free     shared    buffers     cached
Mem:         15945      13084       2860          0         90       9356
-/+ buffers/cache:       3638      12307
Swap:         8039          0       8039

2019年 07月 25日 星期四 22:39:04 CST
             total       used       free     shared    buffers     cached
Mem:         15945      13452       2492          0         90       9363
-/+ buffers/cache:       3998      11946
Swap:         8039          0       8039

2019年 07月 25日 星期四 22:39:08 CST
             total       used       free     shared    buffers     cached
Mem:         15945      13777       2168          0         90       9364
-/+ buffers/cache:       4322      11622
Swap:         8039          0       8039

2019年 07月 25日 星期四 22:39:12 CST
             total       used       free     shared    buffers     cached
Mem:         15945      14164       1781          0         90       9364
-/+ buffers/cache:       4708      11236
Swap:         8039          0       8039

2019年 07月 25日 星期四 22:39:16 CST
             total       used       free     shared    buffers     cached
Mem:         15945      14247       1697          0         90       9365
-/+ buffers/cache:       4791      11154
Swap:         8039          0       8039

2019年 07月 25日 星期四 22:39:20 CST
             total       used       free     shared    buffers     cached
Mem:         15945      13907       2038          0         90       9364
-/+ buffers/cache:       4451      11493
Swap:         8039          0       8039

2019年 07月 25日 星期四 22:39:24 CST
             total       used       free     shared    buffers     cached
Mem:         15945      13770       2174          0         90       9365
-/+ buffers/cache:       4314      11630
Swap:         8039          0       8039

2019年 07月 25日 星期四 22:39:28 CST
             total       used       free     shared    buffers     cached
Mem:         15945      14113       1832          0         90       9327
-/+ buffers/cache:       4695      11249
Swap:         8039          0       8039

2019年 07月 25日 星期四 22:39:32 CST
             total       used       free     shared    buffers     cached
Mem:         15945      13955       1989          0         90       9327
-/+ buffers/cache:       4538      11407
Swap:         8039          0       8039

2019年 07月 25日 星期四 22:39:36 CST
             total       used       free     shared    buffers     cached
Mem:         15945      14261       1684          0         90       9328
-/+ buffers/cache:       4841      11103
Swap:         8039          0       8039

2019年 07月 25日 星期四 22:39:40 CST
             total       used       free     shared    buffers     cached
Mem:         15945      13837       2108          0         90       9286
-/+ buffers/cache:       4460      11484
Swap:         8039          0       8039

2019年 07月 25日 星期四 22:39:44 CST
             total       used       free     shared    buffers     cached
Mem:         15945      12741       3204          0         90       9284
-/+ buffers/cache:       3366      12579
Swap:         8039          0       8039

2019年 07月 25日 星期四 22:39:48 CST
             total       used       free     shared    buffers     cached
Mem:         15945      13906       2038          0         90       9450
-/+ buffers/cache:       4365      11580
Swap:         8039          0       8039

2019年 07月 25日 星期四 22:39:52 CST
             total       used       free     shared    buffers     cached
Mem:         15945      14591       1354          0         90       9453
-/+ buffers/cache:       5047      10897
Swap:         8039          0       8039

2019年 07月 25日 星期四 22:39:57 CST
             total       used       free     shared    buffers     cached
Mem:         15945      15135        810          0         90       9453
-/+ buffers/cache:       5591      10354
Swap:         8039          0       8039

2019年 07月 25日 星期四 22:40:01 CST
             total       used       free     shared    buffers     cached
Mem:         15945      15769        176          0         90       9340
-/+ buffers/cache:       6338       9607
Swap:         8039          0       8039

2019年 07月 25日 星期四 22:40:06 CST
             total       used       free     shared    buffers     cached
Mem:         15945      15791        154          0         90       9084
-/+ buffers/cache:       6616       9328
Swap:         8039          0       8039

2019年 07月 25日 星期四 22:40:10 CST
             total       used       free     shared    buffers     cached
Mem:         15945      14307       1637          0         90       9271
-/+ buffers/cache:       4945      10999
Swap:         8039          0       8039

2019年 07月 25日 星期四 22:40:14 CST
             total       used       free     shared    buffers     cached
Mem:         15945      13279       2666          0         90       9105
-/+ buffers/cache:       4083      11862
Swap:         8039          0       8039

2019年 07月 25日 星期四 22:40:18 CST
             total       used       free     shared    buffers     cached
Mem:         15945      14185       1759          0         90       9319
-/+ buffers/cache:       4775      11169
Swap:         8039          0       8039

2019年 07月 25日 星期四 22:40:22 CST
             total       used       free     shared    buffers     cached
Mem:         15945      15072        873          0         90       9322
-/+ buffers/cache:       5659      10286
Swap:         8039          0       8039

2019年 07月 25日 星期四 22:40:26 CST
             total       used       free     shared    buffers     cached
Mem:         15945      15722        223          0         90       9323
-/+ buffers/cache:       6307       9637
Swap:         8039          0       8039

2019年 07月 25日 星期四 22:40:30 CST
             total       used       free     shared    buffers     cached
Mem:         15945      15777        167          0         90       8966
-/+ buffers/cache:       6720       9225
Swap:         8039          0       8039

2019年 07月 25日 星期四 22:40:34 CST
             total       used       free     shared    buffers     cached
Mem:         15945      15782        163          0         90       8726
-/+ buffers/cache:       6965       8980
Swap:         8039          0       8039

2019年 07月 25日 星期四 22:40:38 CST
             total       used       free     shared    buffers     cached
Mem:         15945      14341       1604          0         90       8534
-/+ buffers/cache:       5716      10229
Swap:         8039          0       8039

2019年 07月 25日 星期四 22:40:42 CST
             total       used       free     shared    buffers     cached
Mem:         15945      13829       2116          0         90       8717
-/+ buffers/cache:       5021      10924
Swap:         8039          0       8039

2019年 07月 25日 星期四 22:40:46 CST
             total       used       free     shared    buffers     cached
Mem:         15945      14348       1597          0         90       8731
-/+ buffers/cache:       5526      10419
Swap:         8039          0       8039

2019年 07月 25日 星期四 22:40:50 CST
             total       used       free     shared    buffers     cached
Mem:         15945      14695       1249          0         90       8346
-/+ buffers/cache:       6258       9686
Swap:         8039          0       8039

2019年 07月 25日 星期四 22:40:54 CST
             total       used       free     shared    buffers     cached
Mem:         15945      15110        834          0         90       8373
-/+ buffers/cache:       6647       9298
Swap:         8039          0       8039

2019年 07月 25日 星期四 22:40:58 CST
             total       used       free     shared    buffers     cached
Mem:         15945      15318        627          0         90       8458
-/+ buffers/cache:       6769       9176
Swap:         8039          0       8039

2019年 07月 25日 星期四 22:41:02 CST
             total       used       free     shared    buffers     cached
Mem:         15945      12459       3485          0         90       8397
-/+ buffers/cache:       3972      11973
Swap:         8039          0       8039

2019年 07月 25日 星期四 22:41:06 CST
             total       used       free     shared    buffers     cached
Mem:         15945      12609       3336          0         90       8403
-/+ buffers/cache:       4115      11830
Swap:         8039          0       8039

2019年 07月 25日 星期四 22:41:10 CST
             total       used       free     shared    buffers     cached
Mem:         15945      12705       3239          0         90       8223
-/+ buffers/cache:       4391      11553
Swap:         8039          0       8039

2019年 07月 25日 星期四 22:41:14 CST
             total       used       free     shared    buffers     cached
Mem:         15945      12937       3008          0         90       8231
-/+ buffers/cache:       4615      11329
Swap:         8039          0       8039

2019年 07月 25日 星期四 22:41:18 CST
             total       used       free     shared    buffers     cached
Mem:         15945      13054       2890          0         90       8240
-/+ buffers/cache:       4723      11222
Swap:         8039          0       8039

2019年 07月 25日 星期四 22:41:22 CST
             total       used       free     shared    buffers     cached
Mem:         15945      13162       2783          0         90       8259
-/+ buffers/cache:       4812      11133
Swap:         8039          0       8039

2019年 07月 25日 星期四 22:41:26 CST
             total       used       free     shared    buffers     cached
Mem:         15945      10920       5025          0         90       8256
-/+ buffers/cache:       2573      13371
Swap:         8039          0       8039

2019年 07月 25日 星期四 22:41:30 CST
             total       used       free     shared    buffers     cached
Mem:         15945      10757       5187          0         90       8071
-/+ buffers/cache:       2596      13349
Swap:         8039          0       8039

2019年 07月 25日 星期四 22:41:34 CST
             total       used       free     shared    buffers     cached
Mem:         15945      10764       5181          0         90       8075
-/+ buffers/cache:       2598      13346
Swap:         8039          0       8039

2019年 07月 25日 星期四 22:41:38 CST
             total       used       free     shared    buffers     cached
Mem:         15945      10779       5165          0         90       8075
-/+ buffers/cache:       2614      13331
Swap:         8039          0       8039

2019年 07月 25日 星期四 22:41:42 CST
             total       used       free     shared    buffers     cached
Mem:         15945      10850       5094          0         90       8118
-/+ buffers/cache:       2641      13304
Swap:         8039          0       8039

2019年 07月 25日 星期四 22:41:46 CST
             total       used       free     shared    buffers     cached
Mem:         15945       9953       5992          0         90       7925
-/+ buffers/cache:       1936      14008
Swap:         8039          0       8039

2019年 07月 25日 星期四 22:41:50 CST
             total       used       free     shared    buffers     cached
Mem:         15945       9952       5992          0         90       7925
-/+ buffers/cache:       1936      14009
Swap:         8039          0       8039

2019年 07月 25日 星期四 22:41:54 CST
             total       used       free     shared    buffers     cached
Mem:         15945       9952       5993          0         90       7925
-/+ buffers/cache:       1935      14009
Swap:         8039          0       8039

