
Linux 2.6.32-431.el6.x86_64 (slave1) 	2019年07月26日 	_x86_64_	(8 CPU)

23时41分53秒  CPU    %usr   %nice    %sys %iowait    %irq   %soft  %steal  %guest   %idle
23时41分54秒  all    0.13    0.00    0.00    0.00    0.00    0.00    0.00    0.00   99.87
平均时间:  all    0.13    0.00    0.00    0.00    0.00    0.00    0.00    0.00   99.87

Linux 2.6.32-431.el6.x86_64 (slave1) 	2019年07月26日 	_x86_64_	(8 CPU)

23时41分57秒  CPU    %usr   %nice    %sys %iowait    %irq   %soft  %steal  %guest   %idle
23时41分58秒  all    0.13    0.00    0.13    0.00    0.00    0.00    0.00    0.00   99.75
平均时间:  all    0.13    0.00    0.13    0.00    0.00    0.00    0.00    0.00   99.75

Linux 2.6.32-431.el6.x86_64 (slave1) 	2019年07月26日 	_x86_64_	(8 CPU)

23时42分01秒  CPU    %usr   %nice    %sys %iowait    %irq   %soft  %steal  %guest   %idle
23时42分02秒  all    0.00    0.00    0.00    0.00    0.00    0.00    0.00    0.00  100.00
平均时间:  all    0.00    0.00    0.00    0.00    0.00    0.00    0.00    0.00  100.00

Linux 2.6.32-431.el6.x86_64 (slave1) 	2019年07月26日 	_x86_64_	(8 CPU)

23时42分05秒  CPU    %usr   %nice    %sys %iowait    %irq   %soft  %steal  %guest   %idle
23时42分06秒  all    0.00    0.00    0.13    0.00    0.00    0.00    0.00    0.00   99.87
平均时间:  all    0.00    0.00    0.13    0.00    0.00    0.00    0.00    0.00   99.87

Linux 2.6.32-431.el6.x86_64 (slave1) 	2019年07月26日 	_x86_64_	(8 CPU)

23时42分09秒  CPU    %usr   %nice    %sys %iowait    %irq   %soft  %steal  %guest   %idle
23时42分10秒  all    0.00    0.00    0.00    0.00    0.00    0.00    0.00    0.00  100.00
平均时间:  all    0.00    0.00    0.00    0.00    0.00    0.00    0.00    0.00  100.00

Linux 2.6.32-431.el6.x86_64 (slave1) 	2019年07月26日 	_x86_64_	(8 CPU)

23时42分14秒  CPU    %usr   %nice    %sys %iowait    %irq   %soft  %steal  %guest   %idle
23时42分15秒  all    0.91    0.00    6.99    0.00    0.39    6.09    0.00    0.00   85.62
平均时间:  all    0.91    0.00    6.99    0.00    0.39    6.09    0.00    0.00   85.62

Linux 2.6.32-431.el6.x86_64 (slave1) 	2019年07月26日 	_x86_64_	(8 CPU)

23时42分18秒  CPU    %usr   %nice    %sys %iowait    %irq   %soft  %steal  %guest   %idle
23时42分19秒  all    1.45    0.00   10.04    0.00    0.53   18.76    0.00    0.00   69.22
平均时间:  all    1.45    0.00   10.04    0.00    0.53   18.76    0.00    0.00   69.22

Linux 2.6.32-431.el6.x86_64 (slave1) 	2019年07月26日 	_x86_64_	(8 CPU)

23时42分22秒  CPU    %usr   %nice    %sys %iowait    %irq   %soft  %steal  %guest   %idle
23时42分23秒  all    2.75    0.00   12.19    0.00    0.39   12.98    0.00    0.00   71.69
平均时间:  all    2.75    0.00   12.19    0.00    0.39   12.98    0.00    0.00   71.69

Linux 2.6.32-431.el6.x86_64 (slave1) 	2019年07月26日 	_x86_64_	(8 CPU)

23时42分26秒  CPU    %usr   %nice    %sys %iowait    %irq   %soft  %steal  %guest   %idle
23时42分27秒  all   43.08    0.00   17.34    0.00    0.39   12.29    0.00    0.00   26.91
平均时间:  all   43.08    0.00   17.34    0.00    0.39   12.29    0.00    0.00   26.91

Linux 2.6.32-431.el6.x86_64 (slave1) 	2019年07月26日 	_x86_64_	(8 CPU)

23时42分30秒  CPU    %usr   %nice    %sys %iowait    %irq   %soft  %steal  %guest   %idle
23时42分31秒  all   62.44    0.00   28.64    0.00    0.13    3.39    0.00    0.00    5.40
平均时间:  all   62.44    0.00   28.64    0.00    0.13    3.39    0.00    0.00    5.40

Linux 2.6.32-431.el6.x86_64 (slave1) 	2019年07月26日 	_x86_64_	(8 CPU)

23时42分34秒  CPU    %usr   %nice    %sys %iowait    %irq   %soft  %steal  %guest   %idle
23时42分35秒  all   91.75    0.00    8.12    0.00    0.00    0.00    0.00    0.00    0.12
平均时间:  all   91.75    0.00    8.12    0.00    0.00    0.00    0.00    0.00    0.12

Linux 2.6.32-431.el6.x86_64 (slave1) 	2019年07月26日 	_x86_64_	(8 CPU)

23时42分38秒  CPU    %usr   %nice    %sys %iowait    %irq   %soft  %steal  %guest   %idle
23时42分39秒  all   83.10    0.00   15.02    0.00    0.13    1.00    0.00    0.00    0.75
平均时间:  all   83.10    0.00   15.02    0.00    0.13    1.00    0.00    0.00    0.75

Linux 2.6.32-431.el6.x86_64 (slave1) 	2019年07月26日 	_x86_64_	(8 CPU)

23时42分42秒  CPU    %usr   %nice    %sys %iowait    %irq   %soft  %steal  %guest   %idle
23时42分43秒  all   92.88    0.00    6.99    0.00    0.00    0.00    0.00    0.00    0.12
平均时间:  all   92.88    0.00    6.99    0.00    0.00    0.00    0.00    0.00    0.12

Linux 2.6.32-431.el6.x86_64 (slave1) 	2019年07月26日 	_x86_64_	(8 CPU)

23时42分46秒  CPU    %usr   %nice    %sys %iowait    %irq   %soft  %steal  %guest   %idle
23时42分47秒  all   92.25    0.00    7.75    0.00    0.00    0.00    0.00    0.00    0.00
平均时间:  all   92.25    0.00    7.75    0.00    0.00    0.00    0.00    0.00    0.00

Linux 2.6.32-431.el6.x86_64 (slave1) 	2019年07月26日 	_x86_64_	(8 CPU)

23时42分50秒  CPU    %usr   %nice    %sys %iowait    %irq   %soft  %steal  %guest   %idle
23时42分51秒  all   40.36    0.00    6.13    0.00    0.00    0.13    0.00    0.00   53.38
平均时间:  all   40.36    0.00    6.13    0.00    0.00    0.13    0.00    0.00   53.38

Linux 2.6.32-431.el6.x86_64 (slave1) 	2019年07月26日 	_x86_64_	(8 CPU)

23时42分54秒  CPU    %usr   %nice    %sys %iowait    %irq   %soft  %steal  %guest   %idle
23时42分55秒  all   24.01    0.00    6.16    0.00    0.00    0.00    0.00    0.00   69.83
平均时间:  all   24.01    0.00    6.16    0.00    0.00    0.00    0.00    0.00   69.83

Linux 2.6.32-431.el6.x86_64 (slave1) 	2019年07月26日 	_x86_64_	(8 CPU)

23时42分58秒  CPU    %usr   %nice    %sys %iowait    %irq   %soft  %steal  %guest   %idle
23时42分59秒  all   23.41    0.00    3.69    0.00    0.00    0.00    0.00    0.00   72.90
平均时间:  all   23.41    0.00    3.69    0.00    0.00    0.00    0.00    0.00   72.90

Linux 2.6.32-431.el6.x86_64 (slave1) 	2019年07月26日 	_x86_64_	(8 CPU)

23时43分02秒  CPU    %usr   %nice    %sys %iowait    %irq   %soft  %steal  %guest   %idle
23时43分03秒  all   26.72    0.00    2.29    0.00    0.00    0.00    0.00    0.00   70.99
平均时间:  all   26.72    0.00    2.29    0.00    0.00    0.00    0.00    0.00   70.99

Linux 2.6.32-431.el6.x86_64 (slave1) 	2019年07月26日 	_x86_64_	(8 CPU)

23时43分06秒  CPU    %usr   %nice    %sys %iowait    %irq   %soft  %steal  %guest   %idle
23时43分07秒  all    5.96    0.00    1.78    0.00    0.00    0.00    0.00    0.00   92.26
平均时间:  all    5.96    0.00    1.78    0.00    0.00    0.00    0.00    0.00   92.26

Linux 2.6.32-431.el6.x86_64 (slave1) 	2019年07月26日 	_x86_64_	(8 CPU)

23时43分10秒  CPU    %usr   %nice    %sys %iowait    %irq   %soft  %steal  %guest   %idle
23时43分11秒  all    2.66    0.00    0.76    0.00    0.00    0.13    0.00    0.00   96.46
平均时间:  all    2.66    0.00    0.76    0.00    0.00    0.13    0.00    0.00   96.46

Linux 2.6.32-431.el6.x86_64 (slave1) 	2019年07月26日 	_x86_64_	(8 CPU)

23时43分14秒  CPU    %usr   %nice    %sys %iowait    %irq   %soft  %steal  %guest   %idle
23时43分15秒  all   45.26    0.00    4.17    0.00    0.00    0.00    0.00    0.00   50.57
平均时间:  all   45.26    0.00    4.17    0.00    0.00    0.00    0.00    0.00   50.57

Linux 2.6.32-431.el6.x86_64 (slave1) 	2019年07月26日 	_x86_64_	(8 CPU)

23时43分18秒  CPU    %usr   %nice    %sys %iowait    %irq   %soft  %steal  %guest   %idle
23时43分19秒  all   48.98    0.00    7.89    0.00    0.00    0.00    0.00    0.00   43.13
平均时间:  all   48.98    0.00    7.89    0.00    0.00    0.00    0.00    0.00   43.13

Linux 2.6.32-431.el6.x86_64 (slave1) 	2019年07月26日 	_x86_64_	(8 CPU)

23时43分22秒  CPU    %usr   %nice    %sys %iowait    %irq   %soft  %steal  %guest   %idle
23时43分23秒  all    1.78    0.00    4.19    0.00    0.00    0.13    0.00    0.00   93.90
平均时间:  all    1.78    0.00    4.19    0.00    0.00    0.13    0.00    0.00   93.90

Linux 2.6.32-431.el6.x86_64 (slave1) 	2019年07月26日 	_x86_64_	(8 CPU)

23时43分26秒  CPU    %usr   %nice    %sys %iowait    %irq   %soft  %steal  %guest   %idle
23时43分27秒  all   68.31    0.00    8.75    0.00    0.00    0.00    0.00    0.00   22.94
平均时间:  all   68.31    0.00    8.75    0.00    0.00    0.00    0.00    0.00   22.94

Linux 2.6.32-431.el6.x86_64 (slave1) 	2019年07月26日 	_x86_64_	(8 CPU)

23时43分30秒  CPU    %usr   %nice    %sys %iowait    %irq   %soft  %steal  %guest   %idle
23时43分31秒  all   35.92    0.00    6.11    0.00    0.00    0.00    0.00    0.00   57.96
平均时间:  all   35.92    0.00    6.11    0.00    0.00    0.00    0.00    0.00   57.96

Linux 2.6.32-431.el6.x86_64 (slave1) 	2019年07月26日 	_x86_64_	(8 CPU)

23时43分34秒  CPU    %usr   %nice    %sys %iowait    %irq   %soft  %steal  %guest   %idle
23时43分35秒  all   40.68    0.00    5.70    0.00    0.00    0.13    0.00    0.00   53.49
平均时间:  all   40.68    0.00    5.70    0.00    0.00    0.13    0.00    0.00   53.49

Linux 2.6.32-431.el6.x86_64 (slave1) 	2019年07月26日 	_x86_64_	(8 CPU)

23时43分38秒  CPU    %usr   %nice    %sys %iowait    %irq   %soft  %steal  %guest   %idle
23时43分39秒  all   41.98    0.00    8.47    0.00    0.00    0.26    0.00    0.00   49.29
平均时间:  all   41.98    0.00    8.47    0.00    0.00    0.26    0.00    0.00   49.29

Linux 2.6.32-431.el6.x86_64 (slave1) 	2019年07月26日 	_x86_64_	(8 CPU)

23时43分42秒  CPU    %usr   %nice    %sys %iowait    %irq   %soft  %steal  %guest   %idle
23时43分43秒  all   83.04    0.00   11.43    0.00    0.00    0.00    0.00    0.00    5.53
平均时间:  all   83.04    0.00   11.43    0.00    0.00    0.00    0.00    0.00    5.53

Linux 2.6.32-431.el6.x86_64 (slave1) 	2019年07月26日 	_x86_64_	(8 CPU)

23时43分46秒  CPU    %usr   %nice    %sys %iowait    %irq   %soft  %steal  %guest   %idle
23时43分47秒  all   19.62    0.00    3.57    0.00    0.00    0.00    0.00    0.00   76.82
平均时间:  all   19.62    0.00    3.57    0.00    0.00    0.00    0.00    0.00   76.82

Linux 2.6.32-431.el6.x86_64 (slave1) 	2019年07月26日 	_x86_64_	(8 CPU)

23时43分50秒  CPU    %usr   %nice    %sys %iowait    %irq   %soft  %steal  %guest   %idle
23时43分51秒  all   90.50    0.00    9.12    0.00    0.00    0.00    0.00    0.00    0.38
平均时间:  all   90.50    0.00    9.12    0.00    0.00    0.00    0.00    0.00    0.38

Linux 2.6.32-431.el6.x86_64 (slave1) 	2019年07月26日 	_x86_64_	(8 CPU)

23时43分54秒  CPU    %usr   %nice    %sys %iowait    %irq   %soft  %steal  %guest   %idle
23时43分55秒  all   68.66    0.00   10.83    0.00    0.00    0.76    0.00    0.00   19.75
平均时间:  all   68.66    0.00   10.83    0.00    0.00    0.76    0.00    0.00   19.75

Linux 2.6.32-431.el6.x86_64 (slave1) 	2019年07月26日 	_x86_64_	(8 CPU)

23时43分58秒  CPU    %usr   %nice    %sys %iowait    %irq   %soft  %steal  %guest   %idle
23时43分59秒  all   73.00    0.00    8.87    0.00    0.00    0.00    0.00    0.00   18.12
平均时间:  all   73.00    0.00    8.87    0.00    0.00    0.00    0.00    0.00   18.12

Linux 2.6.32-431.el6.x86_64 (slave1) 	2019年07月26日 	_x86_64_	(8 CPU)

23时44分02秒  CPU    %usr   %nice    %sys %iowait    %irq   %soft  %steal  %guest   %idle
23时44分03秒  all   83.88    0.00   10.45    0.00    0.00    0.00    0.00    0.00    5.67
平均时间:  all   83.88    0.00   10.45    0.00    0.00    0.00    0.00    0.00    5.67

Linux 2.6.32-431.el6.x86_64 (slave1) 	2019年07月26日 	_x86_64_	(8 CPU)

23时44分06秒  CPU    %usr   %nice    %sys %iowait    %irq   %soft  %steal  %guest   %idle
23时44分07秒  all   86.36    0.00    8.89    0.00    0.13    0.13    0.00    0.00    4.51
平均时间:  all   86.36    0.00    8.89    0.00    0.13    0.13    0.00    0.00    4.51

Linux 2.6.32-431.el6.x86_64 (slave1) 	2019年07月26日 	_x86_64_	(8 CPU)

23时44分10秒  CPU    %usr   %nice    %sys %iowait    %irq   %soft  %steal  %guest   %idle
23时44分11秒  all   28.46    0.00    3.18    0.13    0.13    0.13    0.00    0.00   67.98
平均时间:  all   28.46    0.00    3.18    0.13    0.13    0.13    0.00    0.00   67.98

Linux 2.6.32-431.el6.x86_64 (slave1) 	2019年07月26日 	_x86_64_	(8 CPU)

23时44分14秒  CPU    %usr   %nice    %sys %iowait    %irq   %soft  %steal  %guest   %idle
23时44分15秒  all   73.89    0.00   12.04    0.00    0.25    2.66    0.00    0.00   11.15
平均时间:  all   73.89    0.00   12.04    0.00    0.25    2.66    0.00    0.00   11.15

Linux 2.6.32-431.el6.x86_64 (slave1) 	2019年07月26日 	_x86_64_	(8 CPU)

23时44分18秒  CPU    %usr   %nice    %sys %iowait    %irq   %soft  %steal  %guest   %idle
23时44分19秒  all   64.65    0.00   20.52    0.00    0.13    6.71    0.00    0.00    8.00
平均时间:  all   64.65    0.00   20.52    0.00    0.13    6.71    0.00    0.00    8.00

Linux 2.6.32-431.el6.x86_64 (slave1) 	2019年07月26日 	_x86_64_	(8 CPU)

23时44分22秒  CPU    %usr   %nice    %sys %iowait    %irq   %soft  %steal  %guest   %idle
23时44分23秒  all   66.16    0.00   19.62    0.00    0.25   12.96    0.00    0.00    1.01
平均时间:  all   66.16    0.00   19.62    0.00    0.25   12.96    0.00    0.00    1.01

Linux 2.6.32-431.el6.x86_64 (slave1) 	2019年07月26日 	_x86_64_	(8 CPU)

23时44分26秒  CPU    %usr   %nice    %sys %iowait    %irq   %soft  %steal  %guest   %idle
23时44分27秒  all   65.99    0.00   19.85    0.00    0.25   12.39    0.00    0.00    1.52
平均时间:  all   65.99    0.00   19.85    0.00    0.25   12.39    0.00    0.00    1.52

Linux 2.6.32-431.el6.x86_64 (slave1) 	2019年07月26日 	_x86_64_	(8 CPU)

23时44分30秒  CPU    %usr   %nice    %sys %iowait    %irq   %soft  %steal  %guest   %idle
23时44分31秒  all   77.51    0.00   13.82    0.00    0.25    7.54    0.00    0.00    0.88
平均时间:  all   77.51    0.00   13.82    0.00    0.25    7.54    0.00    0.00    0.88

Linux 2.6.32-431.el6.x86_64 (slave1) 	2019年07月26日 	_x86_64_	(8 CPU)

23时44分34秒  CPU    %usr   %nice    %sys %iowait    %irq   %soft  %steal  %guest   %idle
23时44分35秒  all   76.35    0.00    7.55    0.00    0.00    0.00    0.00    0.00   16.10
平均时间:  all   76.35    0.00    7.55    0.00    0.00    0.00    0.00    0.00   16.10

Linux 2.6.32-431.el6.x86_64 (slave1) 	2019年07月26日 	_x86_64_	(8 CPU)

23时44分38秒  CPU    %usr   %nice    %sys %iowait    %irq   %soft  %steal  %guest   %idle
23时44分39秒  all   72.48    0.00   15.54    0.00    0.00    0.13    0.00    0.00   11.85
平均时间:  all   72.48    0.00   15.54    0.00    0.00    0.13    0.00    0.00   11.85

Linux 2.6.32-431.el6.x86_64 (slave1) 	2019年07月26日 	_x86_64_	(8 CPU)

23时44分42秒  CPU    %usr   %nice    %sys %iowait    %irq   %soft  %steal  %guest   %idle
23时44分43秒  all   68.70    0.00   11.58    0.00    0.00    0.13    0.00    0.00   19.59
平均时间:  all   68.70    0.00   11.58    0.00    0.00    0.13    0.00    0.00   19.59

Linux 2.6.32-431.el6.x86_64 (slave1) 	2019年07月26日 	_x86_64_	(8 CPU)

23时44分46秒  CPU    %usr   %nice    %sys %iowait    %irq   %soft  %steal  %guest   %idle
23时44分47秒  all   89.49    0.00    8.51    0.00    0.00    0.25    0.00    0.00    1.75
平均时间:  all   89.49    0.00    8.51    0.00    0.00    0.25    0.00    0.00    1.75

Linux 2.6.32-431.el6.x86_64 (slave1) 	2019年07月26日 	_x86_64_	(8 CPU)

23时44分51秒  CPU    %usr   %nice    %sys %iowait    %irq   %soft  %steal  %guest   %idle
23时44分52秒  all   66.79    0.00   16.41    0.00    0.00    0.64    0.00    0.00   16.16
平均时间:  all   66.79    0.00   16.41    0.00    0.00    0.64    0.00    0.00   16.16

Linux 2.6.32-431.el6.x86_64 (slave1) 	2019年07月26日 	_x86_64_	(8 CPU)

23时44分55秒  CPU    %usr   %nice    %sys %iowait    %irq   %soft  %steal  %guest   %idle
23时44分56秒  all   94.24    0.00    5.63    0.00    0.00    0.00    0.00    0.00    0.13
平均时间:  all   94.24    0.00    5.63    0.00    0.00    0.00    0.00    0.00    0.13

Linux 2.6.32-431.el6.x86_64 (slave1) 	2019年07月26日 	_x86_64_	(8 CPU)

23时44分59秒  CPU    %usr   %nice    %sys %iowait    %irq   %soft  %steal  %guest   %idle
23时45分00秒  all   92.75    0.00    6.62    0.00    0.00    0.12    0.00    0.00    0.50
平均时间:  all   92.75    0.00    6.62    0.00    0.00    0.12    0.00    0.00    0.50

Linux 2.6.32-431.el6.x86_64 (slave1) 	2019年07月26日 	_x86_64_	(8 CPU)

23时45分03秒  CPU    %usr   %nice    %sys %iowait    %irq   %soft  %steal  %guest   %idle
23时45分04秒  all   80.33    0.00   10.84    0.00    0.13    1.89    0.00    0.00    6.81
平均时间:  all   80.33    0.00   10.84    0.00    0.13    1.89    0.00    0.00    6.81

Linux 2.6.32-431.el6.x86_64 (slave1) 	2019年07月26日 	_x86_64_	(8 CPU)

23时45分07秒  CPU    %usr   %nice    %sys %iowait    %irq   %soft  %steal  %guest   %idle
23时45分08秒  all   56.39    0.00    5.88    0.00    0.00    0.26    0.00    0.00   37.47
平均时间:  all   56.39    0.00    5.88    0.00    0.00    0.26    0.00    0.00   37.47

Linux 2.6.32-431.el6.x86_64 (slave1) 	2019年07月26日 	_x86_64_	(8 CPU)

23时45分11秒  CPU    %usr   %nice    %sys %iowait    %irq   %soft  %steal  %guest   %idle
23时45分12秒  all   32.52    0.00    6.53    0.00    0.00    0.90    0.00    0.00   60.05
平均时间:  all   32.52    0.00    6.53    0.00    0.00    0.90    0.00    0.00   60.05

Linux 2.6.32-431.el6.x86_64 (slave1) 	2019年07月26日 	_x86_64_	(8 CPU)

23时45分15秒  CPU    %usr   %nice    %sys %iowait    %irq   %soft  %steal  %guest   %idle
23时45分16秒  all   74.33    0.00    8.39    0.00    0.00    0.38    0.00    0.00   16.90
平均时间:  all   74.33    0.00    8.39    0.00    0.00    0.38    0.00    0.00   16.90

Linux 2.6.32-431.el6.x86_64 (slave1) 	2019年07月26日 	_x86_64_	(8 CPU)

23时45分19秒  CPU    %usr   %nice    %sys %iowait    %irq   %soft  %steal  %guest   %idle
23时45分20秒  all   50.96    0.00    3.95    0.00    0.00    0.64    0.00    0.00   44.46
平均时间:  all   50.96    0.00    3.95    0.00    0.00    0.64    0.00    0.00   44.46

Linux 2.6.32-431.el6.x86_64 (slave1) 	2019年07月26日 	_x86_64_	(8 CPU)

23时45分23秒  CPU    %usr   %nice    %sys %iowait    %irq   %soft  %steal  %guest   %idle
23时45分24秒  all   61.07    0.00    6.62    0.00    0.13    0.51    0.00    0.00   31.68
平均时间:  all   61.07    0.00    6.62    0.00    0.13    0.51    0.00    0.00   31.68

Linux 2.6.32-431.el6.x86_64 (slave1) 	2019年07月26日 	_x86_64_	(8 CPU)

23时45分27秒  CPU    %usr   %nice    %sys %iowait    %irq   %soft  %steal  %guest   %idle
23时45分28秒  all   78.86    0.00    8.86    0.00    0.00    0.25    0.00    0.00   12.03
平均时间:  all   78.86    0.00    8.86    0.00    0.00    0.25    0.00    0.00   12.03

Linux 2.6.32-431.el6.x86_64 (slave1) 	2019年07月26日 	_x86_64_	(8 CPU)

23时45分31秒  CPU    %usr   %nice    %sys %iowait    %irq   %soft  %steal  %guest   %idle
23时45分32秒  all   52.60    0.00    6.10    0.00    0.00    0.51    0.00    0.00   40.79
平均时间:  all   52.60    0.00    6.10    0.00    0.00    0.51    0.00    0.00   40.79

Linux 2.6.32-431.el6.x86_64 (slave1) 	2019年07月26日 	_x86_64_	(8 CPU)

23时45分35秒  CPU    %usr   %nice    %sys %iowait    %irq   %soft  %steal  %guest   %idle
23时45分36秒  all   84.24    0.00    8.70    0.00    0.00    0.50    0.00    0.00    6.56
平均时间:  all   84.24    0.00    8.70    0.00    0.00    0.50    0.00    0.00    6.56

Linux 2.6.32-431.el6.x86_64 (slave1) 	2019年07月26日 	_x86_64_	(8 CPU)

23时45分39秒  CPU    %usr   %nice    %sys %iowait    %irq   %soft  %steal  %guest   %idle
23时45分40秒  all   68.10    0.00    7.22    0.00    0.00    0.63    0.00    0.00   24.05
平均时间:  all   68.10    0.00    7.22    0.00    0.00    0.63    0.00    0.00   24.05

Linux 2.6.32-431.el6.x86_64 (slave1) 	2019年07月26日 	_x86_64_	(8 CPU)

23时45分43秒  CPU    %usr   %nice    %sys %iowait    %irq   %soft  %steal  %guest   %idle
23时45分44秒  all   78.76    0.00    7.96    0.00    0.13    0.63    0.00    0.00   12.52
平均时间:  all   78.76    0.00    7.96    0.00    0.13    0.63    0.00    0.00   12.52

Linux 2.6.32-431.el6.x86_64 (slave1) 	2019年07月26日 	_x86_64_	(8 CPU)

23时45分47秒  CPU    %usr   %nice    %sys %iowait    %irq   %soft  %steal  %guest   %idle
23时45分48秒  all   64.56    0.00    5.57    0.00    0.00    0.76    0.00    0.00   29.11
平均时间:  all   64.56    0.00    5.57    0.00    0.00    0.76    0.00    0.00   29.11

Linux 2.6.32-431.el6.x86_64 (slave1) 	2019年07月26日 	_x86_64_	(8 CPU)

23时45分51秒  CPU    %usr   %nice    %sys %iowait    %irq   %soft  %steal  %guest   %idle
23时45分52秒  all   77.89    0.00    6.91    0.00    0.00    0.38    0.00    0.00   14.82
平均时间:  all   77.89    0.00    6.91    0.00    0.00    0.38    0.00    0.00   14.82

Linux 2.6.32-431.el6.x86_64 (slave1) 	2019年07月26日 	_x86_64_	(8 CPU)

23时45分55秒  CPU    %usr   %nice    %sys %iowait    %irq   %soft  %steal  %guest   %idle
23时45分56秒  all   94.76    0.00    4.49    0.00    0.12    0.25    0.00    0.00    0.37
平均时间:  all   94.76    0.00    4.49    0.00    0.12    0.25    0.00    0.00    0.37

Linux 2.6.32-431.el6.x86_64 (slave1) 	2019年07月26日 	_x86_64_	(8 CPU)

23时45分59秒  CPU    %usr   %nice    %sys %iowait    %irq   %soft  %steal  %guest   %idle
23时46分00秒  all   77.90    0.00    7.45    0.00    0.13    0.63    0.00    0.00   13.89
平均时间:  all   77.90    0.00    7.45    0.00    0.13    0.63    0.00    0.00   13.89

Linux 2.6.32-431.el6.x86_64 (slave1) 	2019年07月26日 	_x86_64_	(8 CPU)

23时46分03秒  CPU    %usr   %nice    %sys %iowait    %irq   %soft  %steal  %guest   %idle
23时46分04秒  all   68.99    0.00    5.82    0.00    0.00    0.63    0.00    0.00   24.56
平均时间:  all   68.99    0.00    5.82    0.00    0.00    0.63    0.00    0.00   24.56

Linux 2.6.32-431.el6.x86_64 (slave1) 	2019年07月26日 	_x86_64_	(8 CPU)

23时46分07秒  CPU    %usr   %nice    %sys %iowait    %irq   %soft  %steal  %guest   %idle
23时46分08秒  all   70.98    0.00    7.86    0.00    0.00    0.13    0.00    0.00   21.04
平均时间:  all   70.98    0.00    7.86    0.00    0.00    0.13    0.00    0.00   21.04

Linux 2.6.32-431.el6.x86_64 (slave1) 	2019年07月26日 	_x86_64_	(8 CPU)

23时46分11秒  CPU    %usr   %nice    %sys %iowait    %irq   %soft  %steal  %guest   %idle
23时46分12秒  all   43.55    0.00    7.92    0.00    0.13    0.64    0.00    0.00   47.77
平均时间:  all   43.55    0.00    7.92    0.00    0.13    0.64    0.00    0.00   47.77

Linux 2.6.32-431.el6.x86_64 (slave1) 	2019年07月26日 	_x86_64_	(8 CPU)

23时46分15秒  CPU    %usr   %nice    %sys %iowait    %irq   %soft  %steal  %guest   %idle
23时46分16秒  all   62.29    0.00    8.54    0.00    0.13    1.53    0.00    0.00   27.52
平均时间:  all   62.29    0.00    8.54    0.00    0.13    1.53    0.00    0.00   27.52

Linux 2.6.32-431.el6.x86_64 (slave1) 	2019年07月26日 	_x86_64_	(8 CPU)

23时46分19秒  CPU    %usr   %nice    %sys %iowait    %irq   %soft  %steal  %guest   %idle
23时46分20秒  all   24.87    0.00   17.42    0.00    0.53   21.41    0.00    0.00   35.77
平均时间:  all   24.87    0.00   17.42    0.00    0.53   21.41    0.00    0.00   35.77

Linux 2.6.32-431.el6.x86_64 (slave1) 	2019年07月26日 	_x86_64_	(8 CPU)

23时46分23秒  CPU    %usr   %nice    %sys %iowait    %irq   %soft  %steal  %guest   %idle
23时46分24秒  all   54.95    0.00   18.28    0.00    0.51   15.06    0.00    0.00   11.20
平均时间:  all   54.95    0.00   18.28    0.00    0.51   15.06    0.00    0.00   11.20

Linux 2.6.32-431.el6.x86_64 (slave1) 	2019年07月26日 	_x86_64_	(8 CPU)

23时46分27秒  CPU    %usr   %nice    %sys %iowait    %irq   %soft  %steal  %guest   %idle
23时46分28秒  all   31.86    0.00   13.39    0.00    0.54   10.58    0.00    0.00   43.64
平均时间:  all   31.86    0.00   13.39    0.00    0.54   10.58    0.00    0.00   43.64

Linux 2.6.32-431.el6.x86_64 (slave1) 	2019年07月26日 	_x86_64_	(8 CPU)

23时46分31秒  CPU    %usr   %nice    %sys %iowait    %irq   %soft  %steal  %guest   %idle
23时46分32秒  all   54.20    0.00   17.21    0.00    0.39   12.03    0.00    0.00   16.17
平均时间:  all   54.20    0.00   17.21    0.00    0.39   12.03    0.00    0.00   16.17

Linux 2.6.32-431.el6.x86_64 (slave1) 	2019年07月26日 	_x86_64_	(8 CPU)

23时46分35秒  CPU    %usr   %nice    %sys %iowait    %irq   %soft  %steal  %guest   %idle
23时46分36秒  all   45.58    0.00   19.61    0.00    0.26   14.55    0.00    0.00   20.00
平均时间:  all   45.58    0.00   19.61    0.00    0.26   14.55    0.00    0.00   20.00

Linux 2.6.32-431.el6.x86_64 (slave1) 	2019年07月26日 	_x86_64_	(8 CPU)

23时46分39秒  CPU    %usr   %nice    %sys %iowait    %irq   %soft  %steal  %guest   %idle
23时46分40秒  all   64.98    0.00   20.35    0.00    0.25   11.50    0.00    0.00    2.91
平均时间:  all   64.98    0.00   20.35    0.00    0.25   11.50    0.00    0.00    2.91

Linux 2.6.32-431.el6.x86_64 (slave1) 	2019年07月26日 	_x86_64_	(8 CPU)

23时46分43秒  CPU    %usr   %nice    %sys %iowait    %irq   %soft  %steal  %guest   %idle
23时46分44秒  all   68.88    0.00   23.59    0.00    0.25    6.90    0.00    0.00    0.38
平均时间:  all   68.88    0.00   23.59    0.00    0.25    6.90    0.00    0.00    0.38

Linux 2.6.32-431.el6.x86_64 (slave1) 	2019年07月26日 	_x86_64_	(8 CPU)

23时46分47秒  CPU    %usr   %nice    %sys %iowait    %irq   %soft  %steal  %guest   %idle
23时46分48秒  all   93.62    0.00    6.25    0.00    0.00    0.12    0.00    0.00    0.00
平均时间:  all   93.62    0.00    6.25    0.00    0.00    0.12    0.00    0.00    0.00

Linux 2.6.32-431.el6.x86_64 (slave1) 	2019年07月26日 	_x86_64_	(8 CPU)

23时46分51秒  CPU    %usr   %nice    %sys %iowait    %irq   %soft  %steal  %guest   %idle
23时46分52秒  all   92.45    0.00    6.42    0.00    0.13    0.63    0.00    0.00    0.38
平均时间:  all   92.45    0.00    6.42    0.00    0.13    0.63    0.00    0.00    0.38

Linux 2.6.32-431.el6.x86_64 (slave1) 	2019年07月26日 	_x86_64_	(8 CPU)

23时46分55秒  CPU    %usr   %nice    %sys %iowait    %irq   %soft  %steal  %guest   %idle
23时46分56秒  all   82.55    0.00    8.09    0.00    0.00    0.63    0.00    0.00    8.72
平均时间:  all   82.55    0.00    8.09    0.00    0.00    0.63    0.00    0.00    8.72

Linux 2.6.32-431.el6.x86_64 (slave1) 	2019年07月26日 	_x86_64_	(8 CPU)

23时46分59秒  CPU    %usr   %nice    %sys %iowait    %irq   %soft  %steal  %guest   %idle
23时47分00秒  all   92.37    0.00    5.51    0.00    0.00    0.25    0.00    0.00    1.88
平均时间:  all   92.37    0.00    5.51    0.00    0.00    0.25    0.00    0.00    1.88

Linux 2.6.32-431.el6.x86_64 (slave1) 	2019年07月26日 	_x86_64_	(8 CPU)

23时47分03秒  CPU    %usr   %nice    %sys %iowait    %irq   %soft  %steal  %guest   %idle
23时47分04秒  all   82.78    0.00    7.22    0.00    0.13    1.01    0.00    0.00    8.86
平均时间:  all   82.78    0.00    7.22    0.00    0.13    1.01    0.00    0.00    8.86

Linux 2.6.32-431.el6.x86_64 (slave1) 	2019年07月26日 	_x86_64_	(8 CPU)

23时47分07秒  CPU    %usr   %nice    %sys %iowait    %irq   %soft  %steal  %guest   %idle
23时47分08秒  all   83.33    0.00    6.31    0.00    0.00    0.88    0.00    0.00    9.47
平均时间:  all   83.33    0.00    6.31    0.00    0.00    0.88    0.00    0.00    9.47

Linux 2.6.32-431.el6.x86_64 (slave1) 	2019年07月26日 	_x86_64_	(8 CPU)

23时47分12秒  CPU    %usr   %nice    %sys %iowait    %irq   %soft  %steal  %guest   %idle
23时47分13秒  all   84.32    0.00   10.37    0.00    0.13    1.01    0.00    0.00    4.17
平均时间:  all   84.32    0.00   10.37    0.00    0.13    1.01    0.00    0.00    4.17

Linux 2.6.32-431.el6.x86_64 (slave1) 	2019年07月26日 	_x86_64_	(8 CPU)

23时47分16秒  CPU    %usr   %nice    %sys %iowait    %irq   %soft  %steal  %guest   %idle
23时47分17秒  all   83.80    0.00    7.34    0.00    0.13    1.27    0.00    0.00    7.47
平均时间:  all   83.80    0.00    7.34    0.00    0.13    1.27    0.00    0.00    7.47

Linux 2.6.32-431.el6.x86_64 (slave1) 	2019年07月26日 	_x86_64_	(8 CPU)

23时47分20秒  CPU    %usr   %nice    %sys %iowait    %irq   %soft  %steal  %guest   %idle
23时47分21秒  all   97.25    0.00    2.50    0.00    0.12    0.12    0.00    0.00    0.00
平均时间:  all   97.25    0.00    2.50    0.00    0.12    0.12    0.00    0.00    0.00

Linux 2.6.32-431.el6.x86_64 (slave1) 	2019年07月26日 	_x86_64_	(8 CPU)

23时47分24秒  CPU    %usr   %nice    %sys %iowait    %irq   %soft  %steal  %guest   %idle
23时47分25秒  all   79.52    0.00    9.41    0.00    0.00    1.02    0.00    0.00   10.05
平均时间:  all   79.52    0.00    9.41    0.00    0.00    1.02    0.00    0.00   10.05

Linux 2.6.32-431.el6.x86_64 (slave1) 	2019年07月26日 	_x86_64_	(8 CPU)

23时47分28秒  CPU    %usr   %nice    %sys %iowait    %irq   %soft  %steal  %guest   %idle
23时47分29秒  all   83.38    0.00   13.10    0.00    0.00    0.38    0.00    0.00    3.15
平均时间:  all   83.38    0.00   13.10    0.00    0.00    0.38    0.00    0.00    3.15

Linux 2.6.32-431.el6.x86_64 (slave1) 	2019年07月26日 	_x86_64_	(8 CPU)

23时47分32秒  CPU    %usr   %nice    %sys %iowait    %irq   %soft  %steal  %guest   %idle
23时47分33秒  all   78.91    0.00   12.12    0.00    0.00    0.25    0.00    0.00    8.71
平均时间:  all   78.91    0.00   12.12    0.00    0.00    0.25    0.00    0.00    8.71

Linux 2.6.32-431.el6.x86_64 (slave1) 	2019年07月26日 	_x86_64_	(8 CPU)

23时47分36秒  CPU    %usr   %nice    %sys %iowait    %irq   %soft  %steal  %guest   %idle
23时47分37秒  all   22.19    0.00    5.94    0.00    0.13    4.90    0.00    0.00   66.84
平均时间:  all   22.19    0.00    5.94    0.00    0.13    4.90    0.00    0.00   66.84

Linux 2.6.32-431.el6.x86_64 (slave1) 	2019年07月26日 	_x86_64_	(8 CPU)

23时47分40秒  CPU    %usr   %nice    %sys %iowait    %irq   %soft  %steal  %guest   %idle
23时47分41秒  all   90.25    0.00    8.62    0.00    0.00    0.25    0.00    0.00    0.88
平均时间:  all   90.25    0.00    8.62    0.00    0.00    0.25    0.00    0.00    0.88

Linux 2.6.32-431.el6.x86_64 (slave1) 	2019年07月26日 	_x86_64_	(8 CPU)

23时47分44秒  CPU    %usr   %nice    %sys %iowait    %irq   %soft  %steal  %guest   %idle
23时47分45秒  all   73.89    0.00    9.17    0.00    0.00    0.00    0.00    0.00   16.94
平均时间:  all   73.89    0.00    9.17    0.00    0.00    0.00    0.00    0.00   16.94

Linux 2.6.32-431.el6.x86_64 (slave1) 	2019年07月26日 	_x86_64_	(8 CPU)

23时47分48秒  CPU    %usr   %nice    %sys %iowait    %irq   %soft  %steal  %guest   %idle
23时47分49秒  all   69.30    0.00    6.62    0.00    0.00    0.13    0.00    0.00   23.95
平均时间:  all   69.30    0.00    6.62    0.00    0.00    0.13    0.00    0.00   23.95

Linux 2.6.32-431.el6.x86_64 (slave1) 	2019年07月26日 	_x86_64_	(8 CPU)

23时47分52秒  CPU    %usr   %nice    %sys %iowait    %irq   %soft  %steal  %guest   %idle
23时47分53秒  all   85.14    0.00    8.82    0.00    0.00    0.00    0.00    0.00    6.05
平均时间:  all   85.14    0.00    8.82    0.00    0.00    0.00    0.00    0.00    6.05

Linux 2.6.32-431.el6.x86_64 (slave1) 	2019年07月26日 	_x86_64_	(8 CPU)

23时47分56秒  CPU    %usr   %nice    %sys %iowait    %irq   %soft  %steal  %guest   %idle
23时47分57秒  all   39.64    0.00    4.70    0.00    0.00    0.00    0.00    0.00   55.65
平均时间:  all   39.64    0.00    4.70    0.00    0.00    0.00    0.00    0.00   55.65

Linux 2.6.32-431.el6.x86_64 (slave1) 	2019年07月26日 	_x86_64_	(8 CPU)

23时48分00秒  CPU    %usr   %nice    %sys %iowait    %irq   %soft  %steal  %guest   %idle
23时48分01秒  all   31.79    0.00    5.77    0.00    0.13    0.77    0.00    0.00   61.54
平均时间:  all   31.79    0.00    5.77    0.00    0.13    0.77    0.00    0.00   61.54

Linux 2.6.32-431.el6.x86_64 (slave1) 	2019年07月26日 	_x86_64_	(8 CPU)

23时48分04秒  CPU    %usr   %nice    %sys %iowait    %irq   %soft  %steal  %guest   %idle
23时48分05秒  all   66.71    0.00   11.31    0.00    0.00    0.13    0.00    0.00   21.85
平均时间:  all   66.71    0.00   11.31    0.00    0.00    0.13    0.00    0.00   21.85

Linux 2.6.32-431.el6.x86_64 (slave1) 	2019年07月26日 	_x86_64_	(8 CPU)

23时48分08秒  CPU    %usr   %nice    %sys %iowait    %irq   %soft  %steal  %guest   %idle
23时48分09秒  all   92.99    0.00    6.51    0.00    0.00    0.00    0.00    0.00    0.50
平均时间:  all   92.99    0.00    6.51    0.00    0.00    0.00    0.00    0.00    0.50

Linux 2.6.32-431.el6.x86_64 (slave1) 	2019年07月26日 	_x86_64_	(8 CPU)

23时48分12秒  CPU    %usr   %nice    %sys %iowait    %irq   %soft  %steal  %guest   %idle
23时48分13秒  all   80.25    0.00   15.88    0.00    0.25    3.25    0.00    0.00    0.38
平均时间:  all   80.25    0.00   15.88    0.00    0.25    3.25    0.00    0.00    0.38

Linux 2.6.32-431.el6.x86_64 (slave1) 	2019年07月26日 	_x86_64_	(8 CPU)

23时48分16秒  CPU    %usr   %nice    %sys %iowait    %irq   %soft  %steal  %guest   %idle
23时48分17秒  all   59.53    0.00   15.82    0.00    0.52    6.61    0.00    0.00   17.51
平均时间:  all   59.53    0.00   15.82    0.00    0.52    6.61    0.00    0.00   17.51

Linux 2.6.32-431.el6.x86_64 (slave1) 	2019年07月26日 	_x86_64_	(8 CPU)

23时48分20秒  CPU    %usr   %nice    %sys %iowait    %irq   %soft  %steal  %guest   %idle
23时48分21秒  all   59.75    0.00   21.78    0.00    0.38   14.39    0.00    0.00    3.69
平均时间:  all   59.75    0.00   21.78    0.00    0.38   14.39    0.00    0.00    3.69

Linux 2.6.32-431.el6.x86_64 (slave1) 	2019年07月26日 	_x86_64_	(8 CPU)

23时48分24秒  CPU    %usr   %nice    %sys %iowait    %irq   %soft  %steal  %guest   %idle
23时48分25秒  all   75.69    0.00   15.24    0.00    0.38    7.18    0.00    0.00    1.51
平均时间:  all   75.69    0.00   15.24    0.00    0.38    7.18    0.00    0.00    1.51

Linux 2.6.32-431.el6.x86_64 (slave1) 	2019年07月26日 	_x86_64_	(8 CPU)

23时48分28秒  CPU    %usr   %nice    %sys %iowait    %irq   %soft  %steal  %guest   %idle
23时48分29秒  all   73.65    0.00   16.56    0.00    0.13    9.41    0.00    0.00    0.25
平均时间:  all   73.65    0.00   16.56    0.00    0.13    9.41    0.00    0.00    0.25

Linux 2.6.32-431.el6.x86_64 (slave1) 	2019年07月26日 	_x86_64_	(8 CPU)

23时48分32秒  CPU    %usr   %nice    %sys %iowait    %irq   %soft  %steal  %guest   %idle
23时48分33秒  all   63.34    0.00   13.47    0.00    0.26    4.27    0.00    0.00   18.65
平均时间:  all   63.34    0.00   13.47    0.00    0.26    4.27    0.00    0.00   18.65

Linux 2.6.32-431.el6.x86_64 (slave1) 	2019年07月26日 	_x86_64_	(8 CPU)

23时48分36秒  CPU    %usr   %nice    %sys %iowait    %irq   %soft  %steal  %guest   %idle
23时48分37秒  all   66.58    0.00   13.70    0.00    0.00    0.00    0.00    0.00   19.72
平均时间:  all   66.58    0.00   13.70    0.00    0.00    0.00    0.00    0.00   19.72

Linux 2.6.32-431.el6.x86_64 (slave1) 	2019年07月26日 	_x86_64_	(8 CPU)

23时48分40秒  CPU    %usr   %nice    %sys %iowait    %irq   %soft  %steal  %guest   %idle
23时48分41秒  all   26.93    0.00    5.54    0.00    0.00    0.26    0.00    0.00   67.27
平均时间:  all   26.93    0.00    5.54    0.00    0.00    0.26    0.00    0.00   67.27

Linux 2.6.32-431.el6.x86_64 (slave1) 	2019年07月26日 	_x86_64_	(8 CPU)

23时48分44秒  CPU    %usr   %nice    %sys %iowait    %irq   %soft  %steal  %guest   %idle
23时48分45秒  all   76.24    0.00   12.07    0.00    0.00    0.13    0.00    0.00   11.56
平均时间:  all   76.24    0.00   12.07    0.00    0.00    0.13    0.00    0.00   11.56

Linux 2.6.32-431.el6.x86_64 (slave1) 	2019年07月26日 	_x86_64_	(8 CPU)

23时48分48秒  CPU    %usr   %nice    %sys %iowait    %irq   %soft  %steal  %guest   %idle
23时48分49秒  all   61.02    0.00   10.96    0.00    0.00    0.13    0.00    0.00   27.90
平均时间:  all   61.02    0.00   10.96    0.00    0.00    0.13    0.00    0.00   27.90

Linux 2.6.32-431.el6.x86_64 (slave1) 	2019年07月26日 	_x86_64_	(8 CPU)

23时48分52秒  CPU    %usr   %nice    %sys %iowait    %irq   %soft  %steal  %guest   %idle
23时48分53秒  all   86.48    0.00   10.14    0.00    0.00    2.75    0.00    0.00    0.63
平均时间:  all   86.48    0.00   10.14    0.00    0.00    2.75    0.00    0.00    0.63

Linux 2.6.32-431.el6.x86_64 (slave1) 	2019年07月26日 	_x86_64_	(8 CPU)

23时48分56秒  CPU    %usr   %nice    %sys %iowait    %irq   %soft  %steal  %guest   %idle
23时48分57秒  all   74.30    0.00   16.46    0.00    0.13    1.01    0.00    0.00    8.10
平均时间:  all   74.30    0.00   16.46    0.00    0.13    1.01    0.00    0.00    8.10

Linux 2.6.32-431.el6.x86_64 (slave1) 	2019年07月26日 	_x86_64_	(8 CPU)

23时49分00秒  CPU    %usr   %nice    %sys %iowait    %irq   %soft  %steal  %guest   %idle
23时49分01秒  all   83.44    0.00   13.17    0.00    0.00    0.13    0.00    0.00    3.26
平均时间:  all   83.44    0.00   13.17    0.00    0.00    0.13    0.00    0.00    3.26

Linux 2.6.32-431.el6.x86_64 (slave1) 	2019年07月26日 	_x86_64_	(8 CPU)

23时49分04秒  CPU    %usr   %nice    %sys %iowait    %irq   %soft  %steal  %guest   %idle
23时49分05秒  all   90.23    0.00    8.65    0.00    0.13    0.88    0.00    0.00    0.13
平均时间:  all   90.23    0.00    8.65    0.00    0.13    0.88    0.00    0.00    0.13

Linux 2.6.32-431.el6.x86_64 (slave1) 	2019年07月26日 	_x86_64_	(8 CPU)

23时49分08秒  CPU    %usr   %nice    %sys %iowait    %irq   %soft  %steal  %guest   %idle
23时49分09秒  all   93.25    0.00    6.75    0.00    0.00    0.00    0.00    0.00    0.00
平均时间:  all   93.25    0.00    6.75    0.00    0.00    0.00    0.00    0.00    0.00

Linux 2.6.32-431.el6.x86_64 (slave1) 	2019年07月26日 	_x86_64_	(8 CPU)

23时49分13秒  CPU    %usr   %nice    %sys %iowait    %irq   %soft  %steal  %guest   %idle
23时49分14秒  all   90.14    0.00    9.11    0.00    0.00    0.00    0.00    0.00    0.75
平均时间:  all   90.14    0.00    9.11    0.00    0.00    0.00    0.00    0.00    0.75

Linux 2.6.32-431.el6.x86_64 (slave1) 	2019年07月26日 	_x86_64_	(8 CPU)

23时49分17秒  CPU    %usr   %nice    %sys %iowait    %irq   %soft  %steal  %guest   %idle
23时49分18秒  all   76.61    0.00   11.88    0.00    0.13    0.25    0.00    0.00   11.13
平均时间:  all   76.61    0.00   11.88    0.00    0.13    0.25    0.00    0.00   11.13

Linux 2.6.32-431.el6.x86_64 (slave1) 	2019年07月26日 	_x86_64_	(8 CPU)

23时49分21秒  CPU    %usr   %nice    %sys %iowait    %irq   %soft  %steal  %guest   %idle
23时49分22秒  all   85.73    0.00   10.64    0.00    0.13    0.38    0.00    0.00    3.13
平均时间:  all   85.73    0.00   10.64    0.00    0.13    0.38    0.00    0.00    3.13

Linux 2.6.32-431.el6.x86_64 (slave1) 	2019年07月26日 	_x86_64_	(8 CPU)

23时49分25秒  CPU    %usr   %nice    %sys %iowait    %irq   %soft  %steal  %guest   %idle
23时49分26秒  all   81.59    0.00   11.85    0.00    0.25    0.25    0.00    0.00    6.05
平均时间:  all   81.59    0.00   11.85    0.00    0.25    0.25    0.00    0.00    6.05

Linux 2.6.32-431.el6.x86_64 (slave1) 	2019年07月26日 	_x86_64_	(8 CPU)

23时49分29秒  CPU    %usr   %nice    %sys %iowait    %irq   %soft  %steal  %guest   %idle
23时49分30秒  all   86.38    0.00   11.75    0.00    0.00    0.75    0.00    0.00    1.12
平均时间:  all   86.38    0.00   11.75    0.00    0.00    0.75    0.00    0.00    1.12

Linux 2.6.32-431.el6.x86_64 (slave1) 	2019年07月26日 	_x86_64_	(8 CPU)

23时49分33秒  CPU    %usr   %nice    %sys %iowait    %irq   %soft  %steal  %guest   %idle
23时49分34秒  all   84.63    0.00   11.21    0.00    0.00    0.00    0.00    0.00    4.16
平均时间:  all   84.63    0.00   11.21    0.00    0.00    0.00    0.00    0.00    4.16

Linux 2.6.32-431.el6.x86_64 (slave1) 	2019年07月26日 	_x86_64_	(8 CPU)

23时49分37秒  CPU    %usr   %nice    %sys %iowait    %irq   %soft  %steal  %guest   %idle
23时49分38秒  all   75.89    0.00    9.77    0.00    0.00    0.63    0.00    0.00   13.71
平均时间:  all   75.89    0.00    9.77    0.00    0.00    0.63    0.00    0.00   13.71

Linux 2.6.32-431.el6.x86_64 (slave1) 	2019年07月26日 	_x86_64_	(8 CPU)

23时49分41秒  CPU    %usr   %nice    %sys %iowait    %irq   %soft  %steal  %guest   %idle
23时49分42秒  all   92.01    0.00    7.37    0.00    0.12    0.50    0.00    0.00    0.00
平均时间:  all   92.01    0.00    7.37    0.00    0.12    0.50    0.00    0.00    0.00

Linux 2.6.32-431.el6.x86_64 (slave1) 	2019年07月26日 	_x86_64_	(8 CPU)

23时49分45秒  CPU    %usr   %nice    %sys %iowait    %irq   %soft  %steal  %guest   %idle
23时49分46秒  all   87.58    0.00    9.03    0.00    0.00    0.13    0.00    0.00    3.26
平均时间:  all   87.58    0.00    9.03    0.00    0.00    0.13    0.00    0.00    3.26

Linux 2.6.32-431.el6.x86_64 (slave1) 	2019年07月26日 	_x86_64_	(8 CPU)

23时49分49秒  CPU    %usr   %nice    %sys %iowait    %irq   %soft  %steal  %guest   %idle
23时49分50秒  all   55.54    0.00    6.24    0.00    0.00    0.25    0.00    0.00   37.96
平均时间:  all   55.54    0.00    6.24    0.00    0.00    0.25    0.00    0.00   37.96

Linux 2.6.32-431.el6.x86_64 (slave1) 	2019年07月26日 	_x86_64_	(8 CPU)

23时49分53秒  CPU    %usr   %nice    %sys %iowait    %irq   %soft  %steal  %guest   %idle
23时49分54秒  all   86.81    0.00    8.29    0.00    0.00    0.25    0.00    0.00    4.65
平均时间:  all   86.81    0.00    8.29    0.00    0.00    0.25    0.00    0.00    4.65

Linux 2.6.32-431.el6.x86_64 (slave1) 	2019年07月26日 	_x86_64_	(8 CPU)

23时49分57秒  CPU    %usr   %nice    %sys %iowait    %irq   %soft  %steal  %guest   %idle
23时49分58秒  all   50.51    0.00    5.60    0.00    0.00    0.38    0.00    0.00   43.51
平均时间:  all   50.51    0.00    5.60    0.00    0.00    0.38    0.00    0.00   43.51

Linux 2.6.32-431.el6.x86_64 (slave1) 	2019年07月26日 	_x86_64_	(8 CPU)

23时50分01秒  CPU    %usr   %nice    %sys %iowait    %irq   %soft  %steal  %guest   %idle
23时50分02秒  all   66.29    0.00   16.35    0.38    0.00    3.93    0.00    0.00   13.05
平均时间:  all   66.29    0.00   16.35    0.38    0.00    3.93    0.00    0.00   13.05

Linux 2.6.32-431.el6.x86_64 (slave1) 	2019年07月26日 	_x86_64_	(8 CPU)

23时50分05秒  CPU    %usr   %nice    %sys %iowait    %irq   %soft  %steal  %guest   %idle
23时50分06秒  all   88.54    0.00    8.19    0.00    0.00    0.38    0.00    0.00    2.90
平均时间:  all   88.54    0.00    8.19    0.00    0.00    0.38    0.00    0.00    2.90

Linux 2.6.32-431.el6.x86_64 (slave1) 	2019年07月26日 	_x86_64_	(8 CPU)

23时50分09秒  CPU    %usr   %nice    %sys %iowait    %irq   %soft  %steal  %guest   %idle
23时50分10秒  all   92.73    0.00    6.02    0.00    0.00    0.63    0.00    0.00    0.63
平均时间:  all   92.73    0.00    6.02    0.00    0.00    0.63    0.00    0.00    0.63

Linux 2.6.32-431.el6.x86_64 (slave1) 	2019年07月26日 	_x86_64_	(8 CPU)

23时50分13秒  CPU    %usr   %nice    %sys %iowait    %irq   %soft  %steal  %guest   %idle
23时50分14秒  all   88.01    0.00    6.57    0.00    0.00    0.63    0.00    0.00    4.80
平均时间:  all   88.01    0.00    6.57    0.00    0.00    0.63    0.00    0.00    4.80

Linux 2.6.32-431.el6.x86_64 (slave1) 	2019年07月26日 	_x86_64_	(8 CPU)

23时50分17秒  CPU    %usr   %nice    %sys %iowait    %irq   %soft  %steal  %guest   %idle
23时50分18秒  all   77.68    0.00   11.10    0.00    0.13    2.90    0.00    0.00    8.20
平均时间:  all   77.68    0.00   11.10    0.00    0.13    2.90    0.00    0.00    8.20

Linux 2.6.32-431.el6.x86_64 (slave1) 	2019年07月26日 	_x86_64_	(8 CPU)

23时50分21秒  CPU    %usr   %nice    %sys %iowait    %irq   %soft  %steal  %guest   %idle
23时50分22秒  all   69.51    0.00   14.47    0.00    0.13    6.98    0.00    0.00    8.91
平均时间:  all   69.51    0.00   14.47    0.00    0.13    6.98    0.00    0.00    8.91

Linux 2.6.32-431.el6.x86_64 (slave1) 	2019年07月26日 	_x86_64_	(8 CPU)

23时50分25秒  CPU    %usr   %nice    %sys %iowait    %irq   %soft  %steal  %guest   %idle
23时50分26秒  all   44.62    0.00   15.32    0.00    0.27   13.98    0.00    0.00   25.81
平均时间:  all   44.62    0.00   15.32    0.00    0.27   13.98    0.00    0.00   25.81

Linux 2.6.32-431.el6.x86_64 (slave1) 	2019年07月26日 	_x86_64_	(8 CPU)

23时50分29秒  CPU    %usr   %nice    %sys %iowait    %irq   %soft  %steal  %guest   %idle
23时50分30秒  all   63.10    0.00   15.74    0.00    0.13   13.94    0.00    0.00    7.10
平均时间:  all   63.10    0.00   15.74    0.00    0.13   13.94    0.00    0.00    7.10

Linux 2.6.32-431.el6.x86_64 (slave1) 	2019年07月26日 	_x86_64_	(8 CPU)

23时50分33秒  CPU    %usr   %nice    %sys %iowait    %irq   %soft  %steal  %guest   %idle
23时50分34秒  all   40.58    0.00   13.04    0.00    0.26   12.52    0.00    0.00   33.60
平均时间:  all   40.58    0.00   13.04    0.00    0.26   12.52    0.00    0.00   33.60

Linux 2.6.32-431.el6.x86_64 (slave1) 	2019年07月26日 	_x86_64_	(8 CPU)

23时50分37秒  CPU    %usr   %nice    %sys %iowait    %irq   %soft  %steal  %guest   %idle
23时50分38秒  all   44.21    0.00   12.37    0.00    0.53    7.24    0.00    0.00   35.66
平均时间:  all   44.21    0.00   12.37    0.00    0.53    7.24    0.00    0.00   35.66

Linux 2.6.32-431.el6.x86_64 (slave1) 	2019年07月26日 	_x86_64_	(8 CPU)

23时50分41秒  CPU    %usr   %nice    %sys %iowait    %irq   %soft  %steal  %guest   %idle
23时50分42秒  all   63.68    0.00    5.37    0.00    0.00    1.79    0.00    0.00   29.16
平均时间:  all   63.68    0.00    5.37    0.00    0.00    1.79    0.00    0.00   29.16

Linux 2.6.32-431.el6.x86_64 (slave1) 	2019年07月26日 	_x86_64_	(8 CPU)

23时50分45秒  CPU    %usr   %nice    %sys %iowait    %irq   %soft  %steal  %guest   %idle
23时50分46秒  all   79.17    0.00   10.74    0.00    0.13    1.29    0.00    0.00    8.67
平均时间:  all   79.17    0.00   10.74    0.00    0.13    1.29    0.00    0.00    8.67

Linux 2.6.32-431.el6.x86_64 (slave1) 	2019年07月26日 	_x86_64_	(8 CPU)

23时50分49秒  CPU    %usr   %nice    %sys %iowait    %irq   %soft  %steal  %guest   %idle
23时50分50秒  all   61.19    0.00    5.82    0.00    0.00    0.76    0.00    0.00   32.24
平均时间:  all   61.19    0.00    5.82    0.00    0.00    0.76    0.00    0.00   32.24

Linux 2.6.32-431.el6.x86_64 (slave1) 	2019年07月26日 	_x86_64_	(8 CPU)

23时50分53秒  CPU    %usr   %nice    %sys %iowait    %irq   %soft  %steal  %guest   %idle
23时50分54秒  all   75.25    0.00    9.47    0.00    0.00    4.04    0.00    0.00   11.24
平均时间:  all   75.25    0.00    9.47    0.00    0.00    4.04    0.00    0.00   11.24

Linux 2.6.32-431.el6.x86_64 (slave1) 	2019年07月26日 	_x86_64_	(8 CPU)

23时50分57秒  CPU    %usr   %nice    %sys %iowait    %irq   %soft  %steal  %guest   %idle
23时50分58秒  all   49.36    0.00    2.93    0.00    0.00    1.15    0.00    0.00   46.56
平均时间:  all   49.36    0.00    2.93    0.00    0.00    1.15    0.00    0.00   46.56

Linux 2.6.32-431.el6.x86_64 (slave1) 	2019年07月26日 	_x86_64_	(8 CPU)

23时51分01秒  CPU    %usr   %nice    %sys %iowait    %irq   %soft  %steal  %guest   %idle
23时51分02秒  all   69.48    0.00   11.98    0.00    0.00    0.76    0.00    0.00   17.78
平均时间:  all   69.48    0.00   11.98    0.00    0.00    0.76    0.00    0.00   17.78

Linux 2.6.32-431.el6.x86_64 (slave1) 	2019年07月26日 	_x86_64_	(8 CPU)

23时51分05秒  CPU    %usr   %nice    %sys %iowait    %irq   %soft  %steal  %guest   %idle
23时51分06秒  all   87.34    0.00    8.73    0.00    0.00    0.63    0.00    0.00    3.29
平均时间:  all   87.34    0.00    8.73    0.00    0.00    0.63    0.00    0.00    3.29

Linux 2.6.32-431.el6.x86_64 (slave1) 	2019年07月26日 	_x86_64_	(8 CPU)

23时51分09秒  CPU    %usr   %nice    %sys %iowait    %irq   %soft  %steal  %guest   %idle
23时51分10秒  all   87.20    0.00   10.92    0.00    0.00    1.13    0.00    0.00    0.75
平均时间:  all   87.20    0.00   10.92    0.00    0.00    1.13    0.00    0.00    0.75

Linux 2.6.32-431.el6.x86_64 (slave1) 	2019年07月26日 	_x86_64_	(8 CPU)

23时51分14秒  CPU    %usr   %nice    %sys %iowait    %irq   %soft  %steal  %guest   %idle
23时51分15秒  all   93.00    0.00    6.88    0.00    0.00    0.12    0.00    0.00    0.00
平均时间:  all   93.00    0.00    6.88    0.00    0.00    0.12    0.00    0.00    0.00

Linux 2.6.32-431.el6.x86_64 (slave1) 	2019年07月26日 	_x86_64_	(8 CPU)

23时51分18秒  CPU    %usr   %nice    %sys %iowait    %irq   %soft  %steal  %guest   %idle
23时51分19秒  all   67.14    0.00    6.14    0.00    0.00    0.38    0.00    0.00   26.34
平均时间:  all   67.14    0.00    6.14    0.00    0.00    0.38    0.00    0.00   26.34

Linux 2.6.32-431.el6.x86_64 (slave1) 	2019年07月26日 	_x86_64_	(8 CPU)

23时51分22秒  CPU    %usr   %nice    %sys %iowait    %irq   %soft  %steal  %guest   %idle
23时51分23秒  all   62.02    0.00    6.52    0.00    0.00    0.64    0.00    0.00   30.82
平均时间:  all   62.02    0.00    6.52    0.00    0.00    0.64    0.00    0.00   30.82

Linux 2.6.32-431.el6.x86_64 (slave1) 	2019年07月26日 	_x86_64_	(8 CPU)

23时51分26秒  CPU    %usr   %nice    %sys %iowait    %irq   %soft  %steal  %guest   %idle
23时51分27秒  all   63.95    0.00    9.30    0.00    0.00    0.13    0.00    0.00   26.62
平均时间:  all   63.95    0.00    9.30    0.00    0.00    0.13    0.00    0.00   26.62

Linux 2.6.32-431.el6.x86_64 (slave1) 	2019年07月26日 	_x86_64_	(8 CPU)

23时51分30秒  CPU    %usr   %nice    %sys %iowait    %irq   %soft  %steal  %guest   %idle
23时51分31秒  all   79.72    0.00    8.24    0.00    0.00    0.63    0.00    0.00   11.41
平均时间:  all   79.72    0.00    8.24    0.00    0.00    0.63    0.00    0.00   11.41

Linux 2.6.32-431.el6.x86_64 (slave1) 	2019年07月26日 	_x86_64_	(8 CPU)

23时51分34秒  CPU    %usr   %nice    %sys %iowait    %irq   %soft  %steal  %guest   %idle
23时51分35秒  all   65.82    0.00    6.76    0.00    0.00    0.26    0.00    0.00   27.17
平均时间:  all   65.82    0.00    6.76    0.00    0.00    0.26    0.00    0.00   27.17

Linux 2.6.32-431.el6.x86_64 (slave1) 	2019年07月26日 	_x86_64_	(8 CPU)

23时51分38秒  CPU    %usr   %nice    %sys %iowait    %irq   %soft  %steal  %guest   %idle
23时51分39秒  all   86.15    0.00    9.32    0.00    0.00    0.50    0.00    0.00    4.03
平均时间:  all   86.15    0.00    9.32    0.00    0.00    0.50    0.00    0.00    4.03

Linux 2.6.32-431.el6.x86_64 (slave1) 	2019年07月26日 	_x86_64_	(8 CPU)

23时51分42秒  CPU    %usr   %nice    %sys %iowait    %irq   %soft  %steal  %guest   %idle
23时51分43秒  all   94.26    0.00    5.62    0.00    0.00    0.00    0.00    0.00    0.12
平均时间:  all   94.26    0.00    5.62    0.00    0.00    0.00    0.00    0.00    0.12

Linux 2.6.32-431.el6.x86_64 (slave1) 	2019年07月26日 	_x86_64_	(8 CPU)

23时51分46秒  CPU    %usr   %nice    %sys %iowait    %irq   %soft  %steal  %guest   %idle
23时51分47秒  all   90.35    0.00    8.65    0.00    0.00    0.13    0.00    0.00    0.88
平均时间:  all   90.35    0.00    8.65    0.00    0.00    0.13    0.00    0.00    0.88

Linux 2.6.32-431.el6.x86_64 (slave1) 	2019年07月26日 	_x86_64_	(8 CPU)

23时51分50秒  CPU    %usr   %nice    %sys %iowait    %irq   %soft  %steal  %guest   %idle
23时51分51秒  all   79.39    0.00    8.60    0.00    0.13    0.63    0.00    0.00   11.25
平均时间:  all   79.39    0.00    8.60    0.00    0.13    0.63    0.00    0.00   11.25

Linux 2.6.32-431.el6.x86_64 (slave1) 	2019年07月26日 	_x86_64_	(8 CPU)

23时51分54秒  CPU    %usr   %nice    %sys %iowait    %irq   %soft  %steal  %guest   %idle
23时51分55秒  all   84.74    0.00    6.81    0.00    0.00    0.38    0.00    0.00    8.07
平均时间:  all   84.74    0.00    6.81    0.00    0.00    0.38    0.00    0.00    8.07

Linux 2.6.32-431.el6.x86_64 (slave1) 	2019年07月26日 	_x86_64_	(8 CPU)

23时51分58秒  CPU    %usr   %nice    %sys %iowait    %irq   %soft  %steal  %guest   %idle
23时51分59秒  all   55.02    0.00   23.13    0.00    0.00    2.03    0.00    0.00   19.82
平均时间:  all   55.02    0.00   23.13    0.00    0.00    2.03    0.00    0.00   19.82

Linux 2.6.32-431.el6.x86_64 (slave1) 	2019年07月26日 	_x86_64_	(8 CPU)

23时52分02秒  CPU    %usr   %nice    %sys %iowait    %irq   %soft  %steal  %guest   %idle
23时52分03秒  all   93.62    0.00    6.25    0.00    0.00    0.00    0.00    0.00    0.12
平均时间:  all   93.62    0.00    6.25    0.00    0.00    0.00    0.00    0.00    0.12

Linux 2.6.32-431.el6.x86_64 (slave1) 	2019年07月26日 	_x86_64_	(8 CPU)

23时52分06秒  CPU    %usr   %nice    %sys %iowait    %irq   %soft  %steal  %guest   %idle
23时52分07秒  all   89.74    0.00    9.39    0.00    0.00    0.25    0.00    0.00    0.63
平均时间:  all   89.74    0.00    9.39    0.00    0.00    0.25    0.00    0.00    0.63

Linux 2.6.32-431.el6.x86_64 (slave1) 	2019年07月26日 	_x86_64_	(8 CPU)

23时52分10秒  CPU    %usr   %nice    %sys %iowait    %irq   %soft  %steal  %guest   %idle
23时52分11秒  all   89.12    0.00   10.25    0.00    0.00    0.62    0.00    0.00    0.00
平均时间:  all   89.12    0.00   10.25    0.00    0.00    0.62    0.00    0.00    0.00

Linux 2.6.32-431.el6.x86_64 (slave1) 	2019年07月26日 	_x86_64_	(8 CPU)

23时52分14秒  CPU    %usr   %nice    %sys %iowait    %irq   %soft  %steal  %guest   %idle
23时52分15秒  all   84.15    0.00   12.33    0.00    0.00    0.75    0.00    0.00    2.77
平均时间:  all   84.15    0.00   12.33    0.00    0.00    0.75    0.00    0.00    2.77

Linux 2.6.32-431.el6.x86_64 (slave1) 	2019年07月26日 	_x86_64_	(8 CPU)

23时52分18秒  CPU    %usr   %nice    %sys %iowait    %irq   %soft  %steal  %guest   %idle
23时52分19秒  all   88.79    0.00   10.08    0.00    0.00    0.88    0.00    0.00    0.25
平均时间:  all   88.79    0.00   10.08    0.00    0.00    0.88    0.00    0.00    0.25

Linux 2.6.32-431.el6.x86_64 (slave1) 	2019年07月26日 	_x86_64_	(8 CPU)

23时52分22秒  CPU    %usr   %nice    %sys %iowait    %irq   %soft  %steal  %guest   %idle
23时52分23秒  all   91.98    0.00    7.27    0.00    0.00    0.25    0.00    0.00    0.50
平均时间:  all   91.98    0.00    7.27    0.00    0.00    0.25    0.00    0.00    0.50

Linux 2.6.32-431.el6.x86_64 (slave1) 	2019年07月26日 	_x86_64_	(8 CPU)

23时52分26秒  CPU    %usr   %nice    %sys %iowait    %irq   %soft  %steal  %guest   %idle
23时52分27秒  all   92.35    0.00    7.15    0.00    0.00    0.38    0.00    0.00    0.13
平均时间:  all   92.35    0.00    7.15    0.00    0.00    0.38    0.00    0.00    0.13

Linux 2.6.32-431.el6.x86_64 (slave1) 	2019年07月26日 	_x86_64_	(8 CPU)

23时52分30秒  CPU    %usr   %nice    %sys %iowait    %irq   %soft  %steal  %guest   %idle
23时52分31秒  all   64.69    0.00   16.73    0.13    0.40    3.03    0.00    0.00   15.02
平均时间:  all   64.69    0.00   16.73    0.13    0.40    3.03    0.00    0.00   15.02

Linux 2.6.32-431.el6.x86_64 (slave1) 	2019年07月26日 	_x86_64_	(8 CPU)

23时52分34秒  CPU    %usr   %nice    %sys %iowait    %irq   %soft  %steal  %guest   %idle
23时52分35秒  all   55.22    0.00    7.89    0.00    0.25    0.89    0.00    0.00   35.75
平均时间:  all   55.22    0.00    7.89    0.00    0.25    0.89    0.00    0.00   35.75

Linux 2.6.32-431.el6.x86_64 (slave1) 	2019年07月26日 	_x86_64_	(8 CPU)

23时52分38秒  CPU    %usr   %nice    %sys %iowait    %irq   %soft  %steal  %guest   %idle
23时52分39秒  all   52.96    0.00    5.91    0.00    0.13    1.29    0.00    0.00   39.72
平均时间:  all   52.96    0.00    5.91    0.00    0.13    1.29    0.00    0.00   39.72

Linux 2.6.32-431.el6.x86_64 (slave1) 	2019年07月26日 	_x86_64_	(8 CPU)

23时52分42秒  CPU    %usr   %nice    %sys %iowait    %irq   %soft  %steal  %guest   %idle
23时52分43秒  all   46.73    0.00    5.38    0.00    0.13    1.41    0.00    0.00   46.35
平均时间:  all   46.73    0.00    5.38    0.00    0.13    1.41    0.00    0.00   46.35

Linux 2.6.32-431.el6.x86_64 (slave1) 	2019年07月26日 	_x86_64_	(8 CPU)

23时52分46秒  CPU    %usr   %nice    %sys %iowait    %irq   %soft  %steal  %guest   %idle
23时52分47秒  all   28.85    0.00    3.85    0.00    0.13    3.59    0.00    0.00   63.59
平均时间:  all   28.85    0.00    3.85    0.00    0.13    3.59    0.00    0.00   63.59

Linux 2.6.32-431.el6.x86_64 (slave1) 	2019年07月26日 	_x86_64_	(8 CPU)

23时52分50秒  CPU    %usr   %nice    %sys %iowait    %irq   %soft  %steal  %guest   %idle
23时52分51秒  all   93.87    0.00    2.75    0.00    0.00    0.00    0.00    0.00    3.38
平均时间:  all   93.87    0.00    2.75    0.00    0.00    0.00    0.00    0.00    3.38

Linux 2.6.32-431.el6.x86_64 (slave1) 	2019年07月26日 	_x86_64_	(8 CPU)

23时52分54秒  CPU    %usr   %nice    %sys %iowait    %irq   %soft  %steal  %guest   %idle
23时52分55秒  all   49.16    0.00    6.32    0.00    0.13    0.77    0.00    0.00   43.61
平均时间:  all   49.16    0.00    6.32    0.00    0.13    0.77    0.00    0.00   43.61

Linux 2.6.32-431.el6.x86_64 (slave1) 	2019年07月26日 	_x86_64_	(8 CPU)

23时52分58秒  CPU    %usr   %nice    %sys %iowait    %irq   %soft  %steal  %guest   %idle
23时52分59秒  all   69.38    0.00   12.20    0.00    0.00    0.13    0.00    0.00   18.30
平均时间:  all   69.38    0.00   12.20    0.00    0.00    0.13    0.00    0.00   18.30

Linux 2.6.32-431.el6.x86_64 (slave1) 	2019年07月26日 	_x86_64_	(8 CPU)

23时53分02秒  CPU    %usr   %nice    %sys %iowait    %irq   %soft  %steal  %guest   %idle
23时53分03秒  all   82.47    0.00    9.02    0.00    0.00    0.25    0.00    0.00    8.26
平均时间:  all   82.47    0.00    9.02    0.00    0.00    0.25    0.00    0.00    8.26

Linux 2.6.32-431.el6.x86_64 (slave1) 	2019年07月26日 	_x86_64_	(8 CPU)

23时53分06秒  CPU    %usr   %nice    %sys %iowait    %irq   %soft  %steal  %guest   %idle
23时53分07秒  all   83.40    0.00    5.91    0.00    0.00    2.26    0.00    0.00    8.43
平均时间:  all   83.40    0.00    5.91    0.00    0.00    2.26    0.00    0.00    8.43

Linux 2.6.32-431.el6.x86_64 (slave1) 	2019年07月26日 	_x86_64_	(8 CPU)

23时53分11秒  CPU    %usr   %nice    %sys %iowait    %irq   %soft  %steal  %guest   %idle
23时53分12秒  all   56.87    0.00    3.91    0.00    0.00    0.88    0.00    0.00   38.34
平均时间:  all   56.87    0.00    3.91    0.00    0.00    0.88    0.00    0.00   38.34

Linux 2.6.32-431.el6.x86_64 (slave1) 	2019年07月26日 	_x86_64_	(8 CPU)

23时53分15秒  CPU    %usr   %nice    %sys %iowait    %irq   %soft  %steal  %guest   %idle
23时53分16秒  all   79.67    0.00    3.54    0.00    0.00    0.38    0.00    0.00   16.41
平均时间:  all   79.67    0.00    3.54    0.00    0.00    0.38    0.00    0.00   16.41

Linux 2.6.32-431.el6.x86_64 (slave1) 	2019年07月26日 	_x86_64_	(8 CPU)

23时53分19秒  CPU    %usr   %nice    %sys %iowait    %irq   %soft  %steal  %guest   %idle
23时53分20秒  all   45.04    0.00    2.29    0.00    0.13    2.04    0.00    0.00   50.51
平均时间:  all   45.04    0.00    2.29    0.00    0.13    2.04    0.00    0.00   50.51

Linux 2.6.32-431.el6.x86_64 (slave1) 	2019年07月26日 	_x86_64_	(8 CPU)

23时53分23秒  CPU    %usr   %nice    %sys %iowait    %irq   %soft  %steal  %guest   %idle
23时53分24秒  all   45.13    0.00    2.15    0.00    0.00    0.88    0.00    0.00   51.83
平均时间:  all   45.13    0.00    2.15    0.00    0.00    0.88    0.00    0.00   51.83

Linux 2.6.32-431.el6.x86_64 (slave1) 	2019年07月26日 	_x86_64_	(8 CPU)

23时53分27秒  CPU    %usr   %nice    %sys %iowait    %irq   %soft  %steal  %guest   %idle
23时53分28秒  all   42.18    0.00    2.31    0.00    0.00    2.31    0.00    0.00   53.21
平均时间:  all   42.18    0.00    2.31    0.00    0.00    2.31    0.00    0.00   53.21

Linux 2.6.32-431.el6.x86_64 (slave1) 	2019年07月26日 	_x86_64_	(8 CPU)

23时53分31秒  CPU    %usr   %nice    %sys %iowait    %irq   %soft  %steal  %guest   %idle
23时53分32秒  all   51.95    0.00    3.03    0.00    0.00    1.13    0.00    0.00   43.88
平均时间:  all   51.95    0.00    3.03    0.00    0.00    1.13    0.00    0.00   43.88

Linux 2.6.32-431.el6.x86_64 (slave1) 	2019年07月26日 	_x86_64_	(8 CPU)

23时53分35秒  CPU    %usr   %nice    %sys %iowait    %irq   %soft  %steal  %guest   %idle
23时53分36秒  all   30.59    0.00    1.39    0.00    0.00    1.14    0.00    0.00   66.88
平均时间:  all   30.59    0.00    1.39    0.00    0.00    1.14    0.00    0.00   66.88

Linux 2.6.32-431.el6.x86_64 (slave1) 	2019年07月26日 	_x86_64_	(8 CPU)

23时53分39秒  CPU    %usr   %nice    %sys %iowait    %irq   %soft  %steal  %guest   %idle
23时53分40秒  all   27.00    0.00    1.01    0.00    0.00    1.39    0.00    0.00   70.60
平均时间:  all   27.00    0.00    1.01    0.00    0.00    1.39    0.00    0.00   70.60

Linux 2.6.32-431.el6.x86_64 (slave1) 	2019年07月26日 	_x86_64_	(8 CPU)

23时53分43秒  CPU    %usr   %nice    %sys %iowait    %irq   %soft  %steal  %guest   %idle
23时53分44秒  all   47.89    0.00    5.38    0.00    0.00    0.64    0.00    0.00   46.09
平均时间:  all   47.89    0.00    5.38    0.00    0.00    0.64    0.00    0.00   46.09

Linux 2.6.32-431.el6.x86_64 (slave1) 	2019年07月26日 	_x86_64_	(8 CPU)

23时53分47秒  CPU    %usr   %nice    %sys %iowait    %irq   %soft  %steal  %guest   %idle
23时53分48秒  all   46.57    0.00   11.13    0.00    0.13    0.65    0.00    0.00   41.53
平均时间:  all   46.57    0.00   11.13    0.00    0.13    0.65    0.00    0.00   41.53

Linux 2.6.32-431.el6.x86_64 (slave1) 	2019年07月26日 	_x86_64_	(8 CPU)

23时53分51秒  CPU    %usr   %nice    %sys %iowait    %irq   %soft  %steal  %guest   %idle
23时53分52秒  all   56.65    0.00   12.53    0.00    0.00    0.90    0.00    0.00   29.92
平均时间:  all   56.65    0.00   12.53    0.00    0.00    0.90    0.00    0.00   29.92

Linux 2.6.32-431.el6.x86_64 (slave1) 	2019年07月26日 	_x86_64_	(8 CPU)

23时53分55秒  CPU    %usr   %nice    %sys %iowait    %irq   %soft  %steal  %guest   %idle
23时53分56秒  all   50.32    0.00   14.12    0.00    0.00    5.01    0.00    0.00   30.55
平均时间:  all   50.32    0.00   14.12    0.00    0.00    5.01    0.00    0.00   30.55

Linux 2.6.32-431.el6.x86_64 (slave1) 	2019年07月26日 	_x86_64_	(8 CPU)

23时53分59秒  CPU    %usr   %nice    %sys %iowait    %irq   %soft  %steal  %guest   %idle
23时54分00秒  all   72.92    0.00   11.59    0.00    0.00    0.50    0.00    0.00   14.99
平均时间:  all   72.92    0.00   11.59    0.00    0.00    0.50    0.00    0.00   14.99

Linux 2.6.32-431.el6.x86_64 (slave1) 	2019年07月26日 	_x86_64_	(8 CPU)

23时54分03秒  CPU    %usr   %nice    %sys %iowait    %irq   %soft  %steal  %guest   %idle
23时54分04秒  all   80.28    0.00   10.11    0.00    0.00    0.51    0.00    0.00    9.10
平均时间:  all   80.28    0.00   10.11    0.00    0.00    0.51    0.00    0.00    9.10

Linux 2.6.32-431.el6.x86_64 (slave1) 	2019年07月26日 	_x86_64_	(8 CPU)

23时54分07秒  CPU    %usr   %nice    %sys %iowait    %irq   %soft  %steal  %guest   %idle
23时54分08秒  all   62.88    0.00    9.57    0.00    0.13    0.51    0.00    0.00   26.91
平均时间:  all   62.88    0.00    9.57    0.00    0.13    0.51    0.00    0.00   26.91

Linux 2.6.32-431.el6.x86_64 (slave1) 	2019年07月26日 	_x86_64_	(8 CPU)

23时54分11秒  CPU    %usr   %nice    %sys %iowait    %irq   %soft  %steal  %guest   %idle
23时54分12秒  all   75.31    0.00   12.84    0.00    0.00    0.62    0.00    0.00   11.22
平均时间:  all   75.31    0.00   12.84    0.00    0.00    0.62    0.00    0.00   11.22

Linux 2.6.32-431.el6.x86_64 (slave1) 	2019年07月26日 	_x86_64_	(8 CPU)

23时54分15秒  CPU    %usr   %nice    %sys %iowait    %irq   %soft  %steal  %guest   %idle
23时54分16秒  all   87.70    0.00    7.65    0.00    0.00    0.00    0.00    0.00    4.64
平均时间:  all   87.70    0.00    7.65    0.00    0.00    0.00    0.00    0.00    4.64

Linux 2.6.32-431.el6.x86_64 (slave1) 	2019年07月26日 	_x86_64_	(8 CPU)

23时54分19秒  CPU    %usr   %nice    %sys %iowait    %irq   %soft  %steal  %guest   %idle
23时54分20秒  all   52.03    0.00    3.29    0.00    0.13    0.00    0.00    0.00   44.56
平均时间:  all   52.03    0.00    3.29    0.00    0.13    0.00    0.00    0.00   44.56

Linux 2.6.32-431.el6.x86_64 (slave1) 	2019年07月26日 	_x86_64_	(8 CPU)

23时54分23秒  CPU    %usr   %nice    %sys %iowait    %irq   %soft  %steal  %guest   %idle
23时54分24秒  all   87.20    0.00   10.92    0.00    0.00    0.63    0.00    0.00    1.25
平均时间:  all   87.20    0.00   10.92    0.00    0.00    0.63    0.00    0.00    1.25

Linux 2.6.32-431.el6.x86_64 (slave1) 	2019年07月26日 	_x86_64_	(8 CPU)

23时54分27秒  CPU    %usr   %nice    %sys %iowait    %irq   %soft  %steal  %guest   %idle
23时54分28秒  all   75.22    0.00   13.65    0.00    0.00    0.51    0.00    0.00   10.62
平均时间:  all   75.22    0.00   13.65    0.00    0.00    0.51    0.00    0.00   10.62

Linux 2.6.32-431.el6.x86_64 (slave1) 	2019年07月26日 	_x86_64_	(8 CPU)

23时54分31秒  CPU    %usr   %nice    %sys %iowait    %irq   %soft  %steal  %guest   %idle
23时54分32秒  all   82.89    0.00    9.56    0.00    0.00    0.13    0.00    0.00    7.42
平均时间:  all   82.89    0.00    9.56    0.00    0.00    0.13    0.00    0.00    7.42

Linux 2.6.32-431.el6.x86_64 (slave1) 	2019年07月26日 	_x86_64_	(8 CPU)

23时54分35秒  CPU    %usr   %nice    %sys %iowait    %irq   %soft  %steal  %guest   %idle
23时54分36秒  all   57.54    0.00    4.44    0.00    0.00    0.13    0.00    0.00   37.90
平均时间:  all   57.54    0.00    4.44    0.00    0.00    0.13    0.00    0.00   37.90

Linux 2.6.32-431.el6.x86_64 (slave1) 	2019年07月26日 	_x86_64_	(8 CPU)

23时54分39秒  CPU    %usr   %nice    %sys %iowait    %irq   %soft  %steal  %guest   %idle
23时54分40秒  all   80.58    0.00    5.80    0.00    0.00    0.00    0.00    0.00   13.62
平均时间:  all   80.58    0.00    5.80    0.00    0.00    0.00    0.00    0.00   13.62

Linux 2.6.32-431.el6.x86_64 (slave1) 	2019年07月26日 	_x86_64_	(8 CPU)

23时54分43秒  CPU    %usr   %nice    %sys %iowait    %irq   %soft  %steal  %guest   %idle
23时54分44秒  all   63.20    0.00   12.31    0.00    0.13    0.89    0.00    0.00   23.48
平均时间:  all   63.20    0.00   12.31    0.00    0.13    0.89    0.00    0.00   23.48

Linux 2.6.32-431.el6.x86_64 (slave1) 	2019年07月26日 	_x86_64_	(8 CPU)

23时54分47秒  CPU    %usr   %nice    %sys %iowait    %irq   %soft  %steal  %guest   %idle
23时54分48秒  all   26.43    0.00    2.67    0.00    0.00    0.13    0.00    0.00   70.78
平均时间:  all   26.43    0.00    2.67    0.00    0.00    0.13    0.00    0.00   70.78

Linux 2.6.32-431.el6.x86_64 (slave1) 	2019年07月26日 	_x86_64_	(8 CPU)

23时54分51秒  CPU    %usr   %nice    %sys %iowait    %irq   %soft  %steal  %guest   %idle
23时54分52秒  all   89.21    0.00    8.78    0.00    0.00    0.13    0.00    0.00    1.88
平均时间:  all   89.21    0.00    8.78    0.00    0.00    0.13    0.00    0.00    1.88

Linux 2.6.32-431.el6.x86_64 (slave1) 	2019年07月26日 	_x86_64_	(8 CPU)

23时54分55秒  CPU    %usr   %nice    %sys %iowait    %irq   %soft  %steal  %guest   %idle
23时54分56秒  all   90.23    0.00    5.01    0.00    0.00    0.00    0.00    0.00    4.76
平均时间:  all   90.23    0.00    5.01    0.00    0.00    0.00    0.00    0.00    4.76

Linux 2.6.32-431.el6.x86_64 (slave1) 	2019年07月26日 	_x86_64_	(8 CPU)

23时54分59秒  CPU    %usr   %nice    %sys %iowait    %irq   %soft  %steal  %guest   %idle
23时55分00秒  all   85.28    0.00    7.92    0.00    0.00    0.13    0.00    0.00    6.67
平均时间:  all   85.28    0.00    7.92    0.00    0.00    0.13    0.00    0.00    6.67

Linux 2.6.32-431.el6.x86_64 (slave1) 	2019年07月26日 	_x86_64_	(8 CPU)

23时55分03秒  CPU    %usr   %nice    %sys %iowait    %irq   %soft  %steal  %guest   %idle
23时55分04秒  all   41.00    0.00    9.38    0.00    0.00    0.26    0.00    0.00   49.36
平均时间:  all   41.00    0.00    9.38    0.00    0.00    0.26    0.00    0.00   49.36

Linux 2.6.32-431.el6.x86_64 (slave1) 	2019年07月26日 	_x86_64_	(8 CPU)

23时55分07秒  CPU    %usr   %nice    %sys %iowait    %irq   %soft  %steal  %guest   %idle
23时55分08秒  all   22.22    0.00    2.90    0.00    0.13    0.00    0.00    0.00   74.75
平均时间:  all   22.22    0.00    2.90    0.00    0.13    0.00    0.00    0.00   74.75

Linux 2.6.32-431.el6.x86_64 (slave1) 	2019年07月26日 	_x86_64_	(8 CPU)

23时55分11秒  CPU    %usr   %nice    %sys %iowait    %irq   %soft  %steal  %guest   %idle
23时55分12秒  all   26.04    0.00    3.29    0.00    0.00    0.13    0.00    0.00   70.54
平均时间:  all   26.04    0.00    3.29    0.00    0.00    0.13    0.00    0.00   70.54

Linux 2.6.32-431.el6.x86_64 (slave1) 	2019年07月26日 	_x86_64_	(8 CPU)

23时55分15秒  CPU    %usr   %nice    %sys %iowait    %irq   %soft  %steal  %guest   %idle
23时55分16秒  all    0.38    0.00    0.25    0.00    0.00    0.00    0.00    0.00   99.37
平均时间:  all    0.38    0.00    0.25    0.00    0.00    0.00    0.00    0.00   99.37

Linux 2.6.32-431.el6.x86_64 (slave1) 	2019年07月26日 	_x86_64_	(8 CPU)
