
Linux 2.6.32-431.el6.x86_64 (slave2) 	2019年07月26日 	_x86_64_	(8 CPU)

23时41分54秒  CPU    %usr   %nice    %sys %iowait    %irq   %soft  %steal  %guest   %idle
23时41分55秒  all    0.00    0.00    0.00    0.00    0.00    0.00    0.00    0.00  100.00
平均时间:  all    0.00    0.00    0.00    0.00    0.00    0.00    0.00    0.00  100.00

Linux 2.6.32-431.el6.x86_64 (slave2) 	2019年07月26日 	_x86_64_	(8 CPU)

23时41分58秒  CPU    %usr   %nice    %sys %iowait    %irq   %soft  %steal  %guest   %idle
23时41分59秒  all    0.00    0.00    0.00    0.00    0.00    0.00    0.00    0.00  100.00
平均时间:  all    0.00    0.00    0.00    0.00    0.00    0.00    0.00    0.00  100.00

Linux 2.6.32-431.el6.x86_64 (slave2) 	2019年07月26日 	_x86_64_	(8 CPU)

23时42分02秒  CPU    %usr   %nice    %sys %iowait    %irq   %soft  %steal  %guest   %idle
23时42分03秒  all    0.00    0.00    0.00    0.00    0.00    0.00    0.00    0.00  100.00
平均时间:  all    0.00    0.00    0.00    0.00    0.00    0.00    0.00    0.00  100.00

Linux 2.6.32-431.el6.x86_64 (slave2) 	2019年07月26日 	_x86_64_	(8 CPU)

23时42分06秒  CPU    %usr   %nice    %sys %iowait    %irq   %soft  %steal  %guest   %idle
23时42分07秒  all    0.13    0.00    0.00    0.00    0.00    0.00    0.00    0.00   99.87
平均时间:  all    0.13    0.00    0.00    0.00    0.00    0.00    0.00    0.00   99.87

Linux 2.6.32-431.el6.x86_64 (slave2) 	2019年07月26日 	_x86_64_	(8 CPU)

23时42分10秒  CPU    %usr   %nice    %sys %iowait    %irq   %soft  %steal  %guest   %idle
23时42分11秒  all    0.25    0.00    1.78    0.00    0.00    0.51    0.00    0.00   97.46
平均时间:  all    0.25    0.00    1.78    0.00    0.00    0.51    0.00    0.00   97.46

Linux 2.6.32-431.el6.x86_64 (slave2) 	2019年07月26日 	_x86_64_	(8 CPU)

23时42分14秒  CPU    %usr   %nice    %sys %iowait    %irq   %soft  %steal  %guest   %idle
23时42分15秒  all    0.78    0.00    8.04    0.00    0.65    6.74    0.00    0.00   83.79
平均时间:  all    0.78    0.00    8.04    0.00    0.65    6.74    0.00    0.00   83.79

Linux 2.6.32-431.el6.x86_64 (slave2) 	2019年07月26日 	_x86_64_	(8 CPU)

23时42分18秒  CPU    %usr   %nice    %sys %iowait    %irq   %soft  %steal  %guest   %idle
23时42分19秒  all   37.86    0.00   24.80    0.00    0.52   19.19    0.00    0.00   17.62
平均时间:  all   37.86    0.00   24.80    0.00    0.52   19.19    0.00    0.00   17.62

Linux 2.6.32-431.el6.x86_64 (slave2) 	2019年07月26日 	_x86_64_	(8 CPU)

23时42分22秒  CPU    %usr   %nice    %sys %iowait    %irq   %soft  %steal  %guest   %idle
23时42分23秒  all   72.15    0.00   17.19    0.00    0.25   10.29    0.00    0.00    0.13
平均时间:  all   72.15    0.00   17.19    0.00    0.25   10.29    0.00    0.00    0.13

Linux 2.6.32-431.el6.x86_64 (slave2) 	2019年07月26日 	_x86_64_	(8 CPU)

23时42分26秒  CPU    %usr   %nice    %sys %iowait    %irq   %soft  %steal  %guest   %idle
23时42分27秒  all   71.43    0.00   16.92    0.00    0.38   11.28    0.00    0.00    0.00
平均时间:  all   71.43    0.00   16.92    0.00    0.38   11.28    0.00    0.00    0.00

Linux 2.6.32-431.el6.x86_64 (slave2) 	2019年07月26日 	_x86_64_	(8 CPU)

23时42分30秒  CPU    %usr   %nice    %sys %iowait    %irq   %soft  %steal  %guest   %idle
23时42分31秒  all   93.52    0.00    6.36    0.00    0.00    0.12    0.00    0.00    0.00
平均时间:  all   93.52    0.00    6.36    0.00    0.00    0.12    0.00    0.00    0.00

Linux 2.6.32-431.el6.x86_64 (slave2) 	2019年07月26日 	_x86_64_	(8 CPU)

23时42分34秒  CPU    %usr   %nice    %sys %iowait    %irq   %soft  %steal  %guest   %idle
23时42分35秒  all   94.74    0.00    5.26    0.00    0.00    0.00    0.00    0.00    0.00
平均时间:  all   94.74    0.00    5.26    0.00    0.00    0.00    0.00    0.00    0.00

Linux 2.6.32-431.el6.x86_64 (slave2) 	2019年07月26日 	_x86_64_	(8 CPU)

23时42分38秒  CPU    %usr   %nice    %sys %iowait    %irq   %soft  %steal  %guest   %idle
23时42分39秒  all   93.50    0.00    6.50    0.00    0.00    0.00    0.00    0.00    0.00
平均时间:  all   93.50    0.00    6.50    0.00    0.00    0.00    0.00    0.00    0.00

Linux 2.6.32-431.el6.x86_64 (slave2) 	2019年07月26日 	_x86_64_	(8 CPU)

23时42分42秒  CPU    %usr   %nice    %sys %iowait    %irq   %soft  %steal  %guest   %idle
23时42分43秒  all   48.92    0.00    4.56    0.00    0.00    0.25    0.00    0.00   46.26
平均时间:  all   48.92    0.00    4.56    0.00    0.00    0.25    0.00    0.00   46.26

Linux 2.6.32-431.el6.x86_64 (slave2) 	2019年07月26日 	_x86_64_	(8 CPU)

23时42分46秒  CPU    %usr   %nice    %sys %iowait    %irq   %soft  %steal  %guest   %idle
23时42分47秒  all    1.78    0.00    2.92    0.00    0.00    3.68    0.00    0.00   91.61
平均时间:  all    1.78    0.00    2.92    0.00    0.00    3.68    0.00    0.00   91.61

Linux 2.6.32-431.el6.x86_64 (slave2) 	2019年07月26日 	_x86_64_	(8 CPU)

23时42分50秒  CPU    %usr   %nice    %sys %iowait    %irq   %soft  %steal  %guest   %idle
23时42分51秒  all    0.63    0.00    0.51    0.00    0.00    0.00    0.00    0.00   98.86
平均时间:  all    0.63    0.00    0.51    0.00    0.00    0.00    0.00    0.00   98.86

Linux 2.6.32-431.el6.x86_64 (slave2) 	2019年07月26日 	_x86_64_	(8 CPU)

23时42分54秒  CPU    %usr   %nice    %sys %iowait    %irq   %soft  %steal  %guest   %idle
23时42分55秒  all    5.06    0.00    1.39    0.00    0.00    0.00    0.00    0.00   93.55
平均时间:  all    5.06    0.00    1.39    0.00    0.00    0.00    0.00    0.00   93.55

Linux 2.6.32-431.el6.x86_64 (slave2) 	2019年07月26日 	_x86_64_	(8 CPU)

23时42分58秒  CPU    %usr   %nice    %sys %iowait    %irq   %soft  %steal  %guest   %idle
23时42分59秒  all    2.80    0.00    2.41    0.00    0.00    1.40    0.00    0.00   93.39
平均时间:  all    2.80    0.00    2.41    0.00    0.00    1.40    0.00    0.00   93.39

Linux 2.6.32-431.el6.x86_64 (slave2) 	2019年07月26日 	_x86_64_	(8 CPU)

23时43分02秒  CPU    %usr   %nice    %sys %iowait    %irq   %soft  %steal  %guest   %idle
23时43分03秒  all    4.95    0.00    0.51    0.00    0.00    0.00    0.00    0.00   94.54
平均时间:  all    4.95    0.00    0.51    0.00    0.00    0.00    0.00    0.00   94.54

Linux 2.6.32-431.el6.x86_64 (slave2) 	2019年07月26日 	_x86_64_	(8 CPU)

23时43分06秒  CPU    %usr   %nice    %sys %iowait    %irq   %soft  %steal  %guest   %idle
23时43分07秒  all    0.51    0.00    0.25    0.00    0.00    0.00    0.00    0.00   99.24
平均时间:  all    0.51    0.00    0.25    0.00    0.00    0.00    0.00    0.00   99.24

Linux 2.6.32-431.el6.x86_64 (slave2) 	2019年07月26日 	_x86_64_	(8 CPU)

23时43分10秒  CPU    %usr   %nice    %sys %iowait    %irq   %soft  %steal  %guest   %idle
23时43分11秒  all   40.08    0.00    4.33    0.00    0.00    0.00    0.00    0.00   55.60
平均时间:  all   40.08    0.00    4.33    0.00    0.00    0.00    0.00    0.00   55.60

Linux 2.6.32-431.el6.x86_64 (slave2) 	2019年07月26日 	_x86_64_	(8 CPU)

23时43分14秒  CPU    %usr   %nice    %sys %iowait    %irq   %soft  %steal  %guest   %idle
23时43分15秒  all    3.17    0.00    1.14    0.00    0.00    0.00    0.00    0.00   95.69
平均时间:  all    3.17    0.00    1.14    0.00    0.00    0.00    0.00    0.00   95.69

Linux 2.6.32-431.el6.x86_64 (slave2) 	2019年07月26日 	_x86_64_	(8 CPU)

23时43分18秒  CPU    %usr   %nice    %sys %iowait    %irq   %soft  %steal  %guest   %idle
23时43分19秒  all    1.65    0.00    0.25    0.00    0.00    0.00    0.00    0.00   98.10
平均时间:  all    1.65    0.00    0.25    0.00    0.00    0.00    0.00    0.00   98.10

Linux 2.6.32-431.el6.x86_64 (slave2) 	2019年07月26日 	_x86_64_	(8 CPU)

23时43分22秒  CPU    %usr   %nice    %sys %iowait    %irq   %soft  %steal  %guest   %idle
23时43分23秒  all    0.64    0.00    0.13    0.00    0.00    0.00    0.00    0.00   99.24
平均时间:  all    0.64    0.00    0.13    0.00    0.00    0.00    0.00    0.00   99.24

Linux 2.6.32-431.el6.x86_64 (slave2) 	2019年07月26日 	_x86_64_	(8 CPU)

23时43分26秒  CPU    %usr   %nice    %sys %iowait    %irq   %soft  %steal  %guest   %idle
23时43分27秒  all    0.63    0.00    0.00    0.00    0.00    0.00    0.00    0.00   99.37
平均时间:  all    0.63    0.00    0.00    0.00    0.00    0.00    0.00    0.00   99.37

Linux 2.6.32-431.el6.x86_64 (slave2) 	2019年07月26日 	_x86_64_	(8 CPU)

23时43分30秒  CPU    %usr   %nice    %sys %iowait    %irq   %soft  %steal  %guest   %idle
23时43分31秒  all    4.18    0.00    1.14    0.00    0.00    0.00    0.00    0.00   94.68
平均时间:  all    4.18    0.00    1.14    0.00    0.00    0.00    0.00    0.00   94.68

Linux 2.6.32-431.el6.x86_64 (slave2) 	2019年07月26日 	_x86_64_	(8 CPU)

23时43分34秒  CPU    %usr   %nice    %sys %iowait    %irq   %soft  %steal  %guest   %idle
23时43分35秒  all    3.42    0.00    1.27    0.00    0.00    0.00    0.00    0.00   95.31
平均时间:  all    3.42    0.00    1.27    0.00    0.00    0.00    0.00    0.00   95.31

Linux 2.6.32-431.el6.x86_64 (slave2) 	2019年07月26日 	_x86_64_	(8 CPU)

23时43分39秒  CPU    %usr   %nice    %sys %iowait    %irq   %soft  %steal  %guest   %idle
23时43分40秒  all   12.99    0.00    1.53    0.00    0.00    0.13    0.00    0.00   85.35
平均时间:  all   12.99    0.00    1.53    0.00    0.00    0.13    0.00    0.00   85.35

Linux 2.6.32-431.el6.x86_64 (slave2) 	2019年07月26日 	_x86_64_	(8 CPU)

23时43分43秒  CPU    %usr   %nice    %sys %iowait    %irq   %soft  %steal  %guest   %idle
23时43分44秒  all    2.78    0.00    0.38    0.00    0.00    0.00    0.00    0.00   96.84
平均时间:  all    2.78    0.00    0.38    0.00    0.00    0.00    0.00    0.00   96.84

Linux 2.6.32-431.el6.x86_64 (slave2) 	2019年07月26日 	_x86_64_	(8 CPU)

23时43分47秒  CPU    %usr   %nice    %sys %iowait    %irq   %soft  %steal  %guest   %idle
23时43分48秒  all   29.28    0.00    5.63    0.00    0.00    0.00    0.00    0.00   65.09
平均时间:  all   29.28    0.00    5.63    0.00    0.00    0.00    0.00    0.00   65.09

Linux 2.6.32-431.el6.x86_64 (slave2) 	2019年07月26日 	_x86_64_	(8 CPU)

23时43分51秒  CPU    %usr   %nice    %sys %iowait    %irq   %soft  %steal  %guest   %idle
23时43分52秒  all   47.65    0.00    9.15    0.00    0.00    0.00    0.00    0.00   43.20
平均时间:  all   47.65    0.00    9.15    0.00    0.00    0.00    0.00    0.00   43.20

Linux 2.6.32-431.el6.x86_64 (slave2) 	2019年07月26日 	_x86_64_	(8 CPU)

23时43分55秒  CPU    %usr   %nice    %sys %iowait    %irq   %soft  %steal  %guest   %idle
23时43分56秒  all   83.06    0.00    7.46    0.00    0.00    0.00    0.00    0.00    9.48
平均时间:  all   83.06    0.00    7.46    0.00    0.00    0.00    0.00    0.00    9.48

Linux 2.6.32-431.el6.x86_64 (slave2) 	2019年07月26日 	_x86_64_	(8 CPU)

23时43分59秒  CPU    %usr   %nice    %sys %iowait    %irq   %soft  %steal  %guest   %idle
23时44分00秒  all   87.30    0.00    7.04    0.00    0.00    0.00    0.00    0.00    5.66
平均时间:  all   87.30    0.00    7.04    0.00    0.00    0.00    0.00    0.00    5.66

Linux 2.6.32-431.el6.x86_64 (slave2) 	2019年07月26日 	_x86_64_	(8 CPU)

23时44分03秒  CPU    %usr   %nice    %sys %iowait    %irq   %soft  %steal  %guest   %idle
23时44分04秒  all   90.34    0.00    4.39    0.00    0.00    0.00    0.00    0.00    5.27
平均时间:  all   90.34    0.00    4.39    0.00    0.00    0.00    0.00    0.00    5.27

Linux 2.6.32-431.el6.x86_64 (slave2) 	2019年07月26日 	_x86_64_	(8 CPU)

23时44分07秒  CPU    %usr   %nice    %sys %iowait    %irq   %soft  %steal  %guest   %idle
23时44分08秒  all   60.44    0.00    6.79    0.00    0.13    0.26    0.00    0.00   32.39
平均时间:  all   60.44    0.00    6.79    0.00    0.13    0.26    0.00    0.00   32.39

Linux 2.6.32-431.el6.x86_64 (slave2) 	2019年07月26日 	_x86_64_	(8 CPU)

23时44分11秒  CPU    %usr   %nice    %sys %iowait    %irq   %soft  %steal  %guest   %idle
23时44分12秒  all   56.28    0.00    8.33    0.00    0.13    0.64    0.00    0.00   34.62
平均时间:  all   56.28    0.00    8.33    0.00    0.13    0.64    0.00    0.00   34.62

Linux 2.6.32-431.el6.x86_64 (slave2) 	2019年07月26日 	_x86_64_	(8 CPU)

23时44分15秒  CPU    %usr   %nice    %sys %iowait    %irq   %soft  %steal  %guest   %idle
23时44分16秒  all   73.92    0.00   14.81    0.00    0.13    2.53    0.00    0.00    8.61
平均时间:  all   73.92    0.00   14.81    0.00    0.13    2.53    0.00    0.00    8.61

Linux 2.6.32-431.el6.x86_64 (slave2) 	2019年07月26日 	_x86_64_	(8 CPU)

23时44分19秒  CPU    %usr   %nice    %sys %iowait    %irq   %soft  %steal  %guest   %idle
23时44分20秒  all   66.54    0.00   17.62    0.00    0.25    8.11    0.00    0.00    7.48
平均时间:  all   66.54    0.00   17.62    0.00    0.25    8.11    0.00    0.00    7.48

Linux 2.6.32-431.el6.x86_64 (slave2) 	2019年07月26日 	_x86_64_	(8 CPU)

23时44分23秒  CPU    %usr   %nice    %sys %iowait    %irq   %soft  %steal  %guest   %idle
23时44分24秒  all   69.00    0.00   18.12    0.00    0.62   12.12    0.00    0.00    0.12
平均时间:  all   69.00    0.00   18.12    0.00    0.62   12.12    0.00    0.00    0.12

Linux 2.6.32-431.el6.x86_64 (slave2) 	2019年07月26日 	_x86_64_	(8 CPU)

23时44分27秒  CPU    %usr   %nice    %sys %iowait    %irq   %soft  %steal  %guest   %idle
23时44分28秒  all   72.86    0.00   15.58    0.00    0.13   10.05    0.00    0.00    1.38
平均时间:  all   72.86    0.00   15.58    0.00    0.13   10.05    0.00    0.00    1.38

Linux 2.6.32-431.el6.x86_64 (slave2) 	2019年07月26日 	_x86_64_	(8 CPU)

23时44分31秒  CPU    %usr   %nice    %sys %iowait    %irq   %soft  %steal  %guest   %idle
23时44分32秒  all   73.88    0.00   15.50    0.00    0.38   10.12    0.00    0.00    0.12
平均时间:  all   73.88    0.00   15.50    0.00    0.38   10.12    0.00    0.00    0.12

Linux 2.6.32-431.el6.x86_64 (slave2) 	2019年07月26日 	_x86_64_	(8 CPU)

23时44分35秒  CPU    %usr   %nice    %sys %iowait    %irq   %soft  %steal  %guest   %idle
23时44分36秒  all   72.59    0.00   13.07    0.00    0.00    0.51    0.00    0.00   13.83
平均时间:  all   72.59    0.00   13.07    0.00    0.00    0.51    0.00    0.00   13.83

Linux 2.6.32-431.el6.x86_64 (slave2) 	2019年07月26日 	_x86_64_	(8 CPU)

23时44分39秒  CPU    %usr   %nice    %sys %iowait    %irq   %soft  %steal  %guest   %idle
23时44分40秒  all   72.54    0.00    9.57    0.00    0.00    0.25    0.00    0.00   17.63
平均时间:  all   72.54    0.00    9.57    0.00    0.00    0.25    0.00    0.00   17.63

Linux 2.6.32-431.el6.x86_64 (slave2) 	2019年07月26日 	_x86_64_	(8 CPU)

23时44分43秒  CPU    %usr   %nice    %sys %iowait    %irq   %soft  %steal  %guest   %idle
23时44分44秒  all   90.11    0.00    8.89    0.00    0.00    0.00    0.00    0.00    1.00
平均时间:  all   90.11    0.00    8.89    0.00    0.00    0.00    0.00    0.00    1.00

Linux 2.6.32-431.el6.x86_64 (slave2) 	2019年07月26日 	_x86_64_	(8 CPU)

23时44分47秒  CPU    %usr   %nice    %sys %iowait    %irq   %soft  %steal  %guest   %idle
23时44分48秒  all   86.89    0.00    9.36    0.00    0.00    3.50    0.00    0.00    0.25
平均时间:  all   86.89    0.00    9.36    0.00    0.00    3.50    0.00    0.00    0.25

Linux 2.6.32-431.el6.x86_64 (slave2) 	2019年07月26日 	_x86_64_	(8 CPU)

23时44分51秒  CPU    %usr   %nice    %sys %iowait    %irq   %soft  %steal  %guest   %idle
23时44分52秒  all   91.36    0.00    8.51    0.00    0.00    0.13    0.00    0.00    0.00
平均时间:  all   91.36    0.00    8.51    0.00    0.00    0.13    0.00    0.00    0.00

Linux 2.6.32-431.el6.x86_64 (slave2) 	2019年07月26日 	_x86_64_	(8 CPU)

23时44分55秒  CPU    %usr   %nice    %sys %iowait    %irq   %soft  %steal  %guest   %idle
23时44分56秒  all   93.62    0.00    6.38    0.00    0.00    0.00    0.00    0.00    0.00
平均时间:  all   93.62    0.00    6.38    0.00    0.00    0.00    0.00    0.00    0.00

Linux 2.6.32-431.el6.x86_64 (slave2) 	2019年07月26日 	_x86_64_	(8 CPU)

23时44分59秒  CPU    %usr   %nice    %sys %iowait    %irq   %soft  %steal  %guest   %idle
23时45分00秒  all   30.88    0.00    2.92    0.00    0.00    0.00    0.00    0.00   66.20
平均时间:  all   30.88    0.00    2.92    0.00    0.00    0.00    0.00    0.00   66.20

Linux 2.6.32-431.el6.x86_64 (slave2) 	2019年07月26日 	_x86_64_	(8 CPU)

23时45分03秒  CPU    %usr   %nice    %sys %iowait    %irq   %soft  %steal  %guest   %idle
23时45分04秒  all   78.56    0.00    6.18    0.00    0.00    0.00    0.00    0.00   15.26
平均时间:  all   78.56    0.00    6.18    0.00    0.00    0.00    0.00    0.00   15.26

Linux 2.6.32-431.el6.x86_64 (slave2) 	2019年07月26日 	_x86_64_	(8 CPU)

23时45分07秒  CPU    %usr   %nice    %sys %iowait    %irq   %soft  %steal  %guest   %idle
23时45分08秒  all   76.08    0.00    3.67    0.00    0.00    0.13    0.00    0.00   20.13
平均时间:  all   76.08    0.00    3.67    0.00    0.00    0.13    0.00    0.00   20.13

Linux 2.6.32-431.el6.x86_64 (slave2) 	2019年07月26日 	_x86_64_	(8 CPU)

23时45分11秒  CPU    %usr   %nice    %sys %iowait    %irq   %soft  %steal  %guest   %idle
23时45分12秒  all   44.84    0.00    5.48    0.00    0.00    0.51    0.00    0.00   49.17
平均时间:  all   44.84    0.00    5.48    0.00    0.00    0.51    0.00    0.00   49.17

Linux 2.6.32-431.el6.x86_64 (slave2) 	2019年07月26日 	_x86_64_	(8 CPU)

23时45分15秒  CPU    %usr   %nice    %sys %iowait    %irq   %soft  %steal  %guest   %idle
23时45分16秒  all   68.60    0.00    8.45    0.00    0.00    0.25    0.00    0.00   22.70
平均时间:  all   68.60    0.00    8.45    0.00    0.00    0.25    0.00    0.00   22.70

Linux 2.6.32-431.el6.x86_64 (slave2) 	2019年07月26日 	_x86_64_	(8 CPU)

23时45分19秒  CPU    %usr   %nice    %sys %iowait    %irq   %soft  %steal  %guest   %idle
23时45分20秒  all   42.35    0.00    5.36    0.00    0.00    0.13    0.00    0.00   52.17
平均时间:  all   42.35    0.00    5.36    0.00    0.00    0.13    0.00    0.00   52.17

Linux 2.6.32-431.el6.x86_64 (slave2) 	2019年07月26日 	_x86_64_	(8 CPU)

23时45分23秒  CPU    %usr   %nice    %sys %iowait    %irq   %soft  %steal  %guest   %idle
23时45分24秒  all   41.30    0.00    3.45    0.00    0.00    0.26    0.00    0.00   54.99
平均时间:  all   41.30    0.00    3.45    0.00    0.00    0.26    0.00    0.00   54.99

Linux 2.6.32-431.el6.x86_64 (slave2) 	2019年07月26日 	_x86_64_	(8 CPU)

23时45分27秒  CPU    %usr   %nice    %sys %iowait    %irq   %soft  %steal  %guest   %idle
23时45分28秒  all   58.16    0.00    6.89    0.00    0.00    0.13    0.00    0.00   34.82
平均时间:  all   58.16    0.00    6.89    0.00    0.00    0.13    0.00    0.00   34.82

Linux 2.6.32-431.el6.x86_64 (slave2) 	2019年07月26日 	_x86_64_	(8 CPU)

23时45分31秒  CPU    %usr   %nice    %sys %iowait    %irq   %soft  %steal  %guest   %idle
23时45分32秒  all   80.43    0.00    6.57    0.00    0.00    0.25    0.00    0.00   12.75
平均时间:  all   80.43    0.00    6.57    0.00    0.00    0.25    0.00    0.00   12.75

Linux 2.6.32-431.el6.x86_64 (slave2) 	2019年07月26日 	_x86_64_	(8 CPU)

23时45分35秒  CPU    %usr   %nice    %sys %iowait    %irq   %soft  %steal  %guest   %idle
23时45分36秒  all   77.19    0.00   10.14    0.00    0.00    0.25    0.00    0.00   12.42
平均时间:  all   77.19    0.00   10.14    0.00    0.00    0.25    0.00    0.00   12.42

Linux 2.6.32-431.el6.x86_64 (slave2) 	2019年07月26日 	_x86_64_	(8 CPU)

23时45分39秒  CPU    %usr   %nice    %sys %iowait    %irq   %soft  %steal  %guest   %idle
23时45分40秒  all   67.76    0.00   13.27    0.00    0.13    0.76    0.00    0.00   18.08
平均时间:  all   67.76    0.00   13.27    0.00    0.13    0.76    0.00    0.00   18.08

Linux 2.6.32-431.el6.x86_64 (slave2) 	2019年07月26日 	_x86_64_	(8 CPU)

23时45分43秒  CPU    %usr   %nice    %sys %iowait    %irq   %soft  %steal  %guest   %idle
23时45分44秒  all   82.56    0.00   12.42    0.00    0.00    0.75    0.00    0.00    4.27
平均时间:  all   82.56    0.00   12.42    0.00    0.00    0.75    0.00    0.00    4.27

Linux 2.6.32-431.el6.x86_64 (slave2) 	2019年07月26日 	_x86_64_	(8 CPU)

23时45分47秒  CPU    %usr   %nice    %sys %iowait    %irq   %soft  %steal  %guest   %idle
23时45分48秒  all   57.40    0.00   13.78    0.00    0.00    0.89    0.00    0.00   27.93
平均时间:  all   57.40    0.00   13.78    0.00    0.00    0.89    0.00    0.00   27.93

Linux 2.6.32-431.el6.x86_64 (slave2) 	2019年07月26日 	_x86_64_	(8 CPU)

23时45分51秒  CPU    %usr   %nice    %sys %iowait    %irq   %soft  %steal  %guest   %idle
23时45分52秒  all   87.59    0.00   11.03    0.00    0.00    0.25    0.00    0.00    1.13
平均时间:  all   87.59    0.00   11.03    0.00    0.00    0.25    0.00    0.00    1.13

Linux 2.6.32-431.el6.x86_64 (slave2) 	2019年07月26日 	_x86_64_	(8 CPU)

23时45分55秒  CPU    %usr   %nice    %sys %iowait    %irq   %soft  %steal  %guest   %idle
23时45分56秒  all   86.72    0.00   10.15    0.00    0.00    0.75    0.00    0.00    2.38
平均时间:  all   86.72    0.00   10.15    0.00    0.00    0.75    0.00    0.00    2.38

Linux 2.6.32-431.el6.x86_64 (slave2) 	2019年07月26日 	_x86_64_	(8 CPU)

23时45分59秒  CPU    %usr   %nice    %sys %iowait    %irq   %soft  %steal  %guest   %idle
23时46分00秒  all   91.51    0.00    8.11    0.00    0.00    0.37    0.00    0.00    0.00
平均时间:  all   91.51    0.00    8.11    0.00    0.00    0.37    0.00    0.00    0.00

Linux 2.6.32-431.el6.x86_64 (slave2) 	2019年07月26日 	_x86_64_	(8 CPU)

23时46分04秒  CPU    %usr   %nice    %sys %iowait    %irq   %soft  %steal  %guest   %idle
23时46分05秒  all   93.76    0.00    5.99    0.00    0.00    0.25    0.00    0.00    0.00
平均时间:  all   93.76    0.00    5.99    0.00    0.00    0.25    0.00    0.00    0.00

Linux 2.6.32-431.el6.x86_64 (slave2) 	2019年07月26日 	_x86_64_	(8 CPU)

23时46分08秒  CPU    %usr   %nice    %sys %iowait    %irq   %soft  %steal  %guest   %idle
23时46分09秒  all   94.88    0.00    4.87    0.00    0.00    0.12    0.00    0.00    0.12
平均时间:  all   94.88    0.00    4.87    0.00    0.00    0.12    0.00    0.00    0.12

Linux 2.6.32-431.el6.x86_64 (slave2) 	2019年07月26日 	_x86_64_	(8 CPU)

23时46分12秒  CPU    %usr   %nice    %sys %iowait    %irq   %soft  %steal  %guest   %idle
23时46分13秒  all   64.92    0.00    6.38    0.00    0.00    1.28    0.00    0.00   27.42
平均时间:  all   64.92    0.00    6.38    0.00    0.00    1.28    0.00    0.00   27.42

Linux 2.6.32-431.el6.x86_64 (slave2) 	2019年07月26日 	_x86_64_	(8 CPU)

23时46分16秒  CPU    %usr   %nice    %sys %iowait    %irq   %soft  %steal  %guest   %idle
23时46分17秒  all   85.54    0.00   12.34    0.00    0.12    1.75    0.00    0.00    0.25
平均时间:  all   85.54    0.00   12.34    0.00    0.12    1.75    0.00    0.00    0.25

Linux 2.6.32-431.el6.x86_64 (slave2) 	2019年07月26日 	_x86_64_	(8 CPU)

23时46分20秒  CPU    %usr   %nice    %sys %iowait    %irq   %soft  %steal  %guest   %idle
23时46分21秒  all   57.09    0.00   18.52    0.00    0.51   15.58    0.00    0.00    8.30
平均时间:  all   57.09    0.00   18.52    0.00    0.51   15.58    0.00    0.00    8.30

Linux 2.6.32-431.el6.x86_64 (slave2) 	2019年07月26日 	_x86_64_	(8 CPU)

23时46分24秒  CPU    %usr   %nice    %sys %iowait    %irq   %soft  %steal  %guest   %idle
23时46分25秒  all   45.91    0.00   15.12    0.00    0.41   14.99    0.00    0.00   23.57
平均时间:  all   45.91    0.00   15.12    0.00    0.41   14.99    0.00    0.00   23.57

Linux 2.6.32-431.el6.x86_64 (slave2) 	2019年07月26日 	_x86_64_	(8 CPU)

23时46分28秒  CPU    %usr   %nice    %sys %iowait    %irq   %soft  %steal  %guest   %idle
23时46分29秒  all   48.03    0.00   19.42    0.00    0.39   18.37    0.00    0.00   13.78
平均时间:  all   48.03    0.00   19.42    0.00    0.39   18.37    0.00    0.00   13.78

Linux 2.6.32-431.el6.x86_64 (slave2) 	2019年07月26日 	_x86_64_	(8 CPU)

23时46分32秒  CPU    %usr   %nice    %sys %iowait    %irq   %soft  %steal  %guest   %idle
23时46分33秒  all   69.89    0.00   19.09    0.00    0.37   10.53    0.00    0.00    0.12
平均时间:  all   69.89    0.00   19.09    0.00    0.37   10.53    0.00    0.00    0.12

Linux 2.6.32-431.el6.x86_64 (slave2) 	2019年07月26日 	_x86_64_	(8 CPU)

23时46分36秒  CPU    %usr   %nice    %sys %iowait    %irq   %soft  %steal  %guest   %idle
23时46分37秒  all   71.91    0.00   17.51    0.00    0.13   10.45    0.00    0.00    0.00
平均时间:  all   71.91    0.00   17.51    0.00    0.13   10.45    0.00    0.00    0.00

Linux 2.6.32-431.el6.x86_64 (slave2) 	2019年07月26日 	_x86_64_	(8 CPU)

23时46分40秒  CPU    %usr   %nice    %sys %iowait    %irq   %soft  %steal  %guest   %idle
23时46分41秒  all   74.02    0.00   18.03    0.00    0.25    7.69    0.00    0.00    0.00
平均时间:  all   74.02    0.00   18.03    0.00    0.25    7.69    0.00    0.00    0.00

Linux 2.6.32-431.el6.x86_64 (slave2) 	2019年07月26日 	_x86_64_	(8 CPU)

23时46分44秒  CPU    %usr   %nice    %sys %iowait    %irq   %soft  %steal  %guest   %idle
23时46分45秒  all   84.03    0.00   13.71    0.00    0.13    2.14    0.00    0.00    0.00
平均时间:  all   84.03    0.00   13.71    0.00    0.13    2.14    0.00    0.00    0.00

Linux 2.6.32-431.el6.x86_64 (slave2) 	2019年07月26日 	_x86_64_	(8 CPU)

23时46分48秒  CPU    %usr   %nice    %sys %iowait    %irq   %soft  %steal  %guest   %idle
23时46分49秒  all   88.36    0.00   10.26    0.00    0.00    0.75    0.00    0.00    0.63
平均时间:  all   88.36    0.00   10.26    0.00    0.00    0.75    0.00    0.00    0.63

Linux 2.6.32-431.el6.x86_64 (slave2) 	2019年07月26日 	_x86_64_	(8 CPU)

23时46分52秒  CPU    %usr   %nice    %sys %iowait    %irq   %soft  %steal  %guest   %idle
23时46分53秒  all   88.43    0.00   10.06    0.00    0.00    1.51    0.00    0.00    0.00
平均时间:  all   88.43    0.00   10.06    0.00    0.00    1.51    0.00    0.00    0.00

Linux 2.6.32-431.el6.x86_64 (slave2) 	2019年07月26日 	_x86_64_	(8 CPU)

23时46分56秒  CPU    %usr   %nice    %sys %iowait    %irq   %soft  %steal  %guest   %idle
23时46分57秒  all   74.81    0.00    6.91    0.00    0.00    1.02    0.00    0.00   17.26
平均时间:  all   74.81    0.00    6.91    0.00    0.00    1.02    0.00    0.00   17.26

Linux 2.6.32-431.el6.x86_64 (slave2) 	2019年07月26日 	_x86_64_	(8 CPU)

23时47分00秒  CPU    %usr   %nice    %sys %iowait    %irq   %soft  %steal  %guest   %idle
23时47分01秒  all   75.42    0.00    7.08    0.00    0.00    1.16    0.00    0.00   16.34
平均时间:  all   75.42    0.00    7.08    0.00    0.00    1.16    0.00    0.00   16.34

Linux 2.6.32-431.el6.x86_64 (slave2) 	2019年07月26日 	_x86_64_	(8 CPU)

23时47分04秒  CPU    %usr   %nice    %sys %iowait    %irq   %soft  %steal  %guest   %idle
23时47分05秒  all   83.57    0.00    8.22    0.00    0.00    1.77    0.00    0.00    6.45
平均时间:  all   83.57    0.00    8.22    0.00    0.00    1.77    0.00    0.00    6.45

Linux 2.6.32-431.el6.x86_64 (slave2) 	2019年07月26日 	_x86_64_	(8 CPU)

23时47分08秒  CPU    %usr   %nice    %sys %iowait    %irq   %soft  %steal  %guest   %idle
23时47分09秒  all   89.97    0.00    8.02    0.00    0.00    0.63    0.00    0.00    1.38
平均时间:  all   89.97    0.00    8.02    0.00    0.00    0.63    0.00    0.00    1.38

Linux 2.6.32-431.el6.x86_64 (slave2) 	2019年07月26日 	_x86_64_	(8 CPU)

23时47分12秒  CPU    %usr   %nice    %sys %iowait    %irq   %soft  %steal  %guest   %idle
23时47分13秒  all   91.54    0.00    6.94    0.00    0.00    1.26    0.00    0.00    0.25
平均时间:  all   91.54    0.00    6.94    0.00    0.00    1.26    0.00    0.00    0.25

Linux 2.6.32-431.el6.x86_64 (slave2) 	2019年07月26日 	_x86_64_	(8 CPU)

23时47分16秒  CPU    %usr   %nice    %sys %iowait    %irq   %soft  %steal  %guest   %idle
23时47分17秒  all   88.26    0.00    9.34    0.00    0.00    0.88    0.00    0.00    1.52
平均时间:  all   88.26    0.00    9.34    0.00    0.00    0.88    0.00    0.00    1.52

Linux 2.6.32-431.el6.x86_64 (slave2) 	2019年07月26日 	_x86_64_	(8 CPU)

23时47分20秒  CPU    %usr   %nice    %sys %iowait    %irq   %soft  %steal  %guest   %idle
23时47分21秒  all   88.39    0.00    6.38    0.00    0.00    0.64    0.00    0.00    4.59
平均时间:  all   88.39    0.00    6.38    0.00    0.00    0.64    0.00    0.00    4.59

Linux 2.6.32-431.el6.x86_64 (slave2) 	2019年07月26日 	_x86_64_	(8 CPU)

23时47分24秒  CPU    %usr   %nice    %sys %iowait    %irq   %soft  %steal  %guest   %idle
23时47分25秒  all   43.25    0.00    9.09    0.00    0.13    1.30    0.00    0.00   46.23
平均时间:  all   43.25    0.00    9.09    0.00    0.13    1.30    0.00    0.00   46.23

Linux 2.6.32-431.el6.x86_64 (slave2) 	2019年07月26日 	_x86_64_	(8 CPU)

23时47分28秒  CPU    %usr   %nice    %sys %iowait    %irq   %soft  %steal  %guest   %idle
23时47分29秒  all   81.70    0.00   13.03    0.00    0.13    1.50    0.00    0.00    3.63
平均时间:  all   81.70    0.00   13.03    0.00    0.13    1.50    0.00    0.00    3.63

Linux 2.6.32-431.el6.x86_64 (slave2) 	2019年07月26日 	_x86_64_	(8 CPU)

23时47分33秒  CPU    %usr   %nice    %sys %iowait    %irq   %soft  %steal  %guest   %idle
23时47分34秒  all   80.65    0.00   17.09    0.00    0.00    0.25    0.00    0.00    2.01
平均时间:  all   80.65    0.00   17.09    0.00    0.00    0.25    0.00    0.00    2.01

Linux 2.6.32-431.el6.x86_64 (slave2) 	2019年07月26日 	_x86_64_	(8 CPU)

23时47分37秒  CPU    %usr   %nice    %sys %iowait    %irq   %soft  %steal  %guest   %idle
23时47分38秒  all   87.98    0.00   11.01    0.00    0.00    0.13    0.00    0.00    0.88
平均时间:  all   87.98    0.00   11.01    0.00    0.00    0.13    0.00    0.00    0.88

Linux 2.6.32-431.el6.x86_64 (slave2) 	2019年07月26日 	_x86_64_	(8 CPU)

23时47分41秒  CPU    %usr   %nice    %sys %iowait    %irq   %soft  %steal  %guest   %idle
23时47分42秒  all   92.87    0.00    7.13    0.00    0.00    0.00    0.00    0.00    0.00
平均时间:  all   92.87    0.00    7.13    0.00    0.00    0.00    0.00    0.00    0.00

Linux 2.6.32-431.el6.x86_64 (slave2) 	2019年07月26日 	_x86_64_	(8 CPU)

23时47分45秒  CPU    %usr   %nice    %sys %iowait    %irq   %soft  %steal  %guest   %idle
23时47分46秒  all   90.64    0.00    8.74    0.00    0.12    0.50    0.00    0.00    0.00
平均时间:  all   90.64    0.00    8.74    0.00    0.12    0.50    0.00    0.00    0.00

Linux 2.6.32-431.el6.x86_64 (slave2) 	2019年07月26日 	_x86_64_	(8 CPU)

23时47分49秒  CPU    %usr   %nice    %sys %iowait    %irq   %soft  %steal  %guest   %idle
23时47分50秒  all   90.62    0.00    9.38    0.00    0.00    0.00    0.00    0.00    0.00
平均时间:  all   90.62    0.00    9.38    0.00    0.00    0.00    0.00    0.00    0.00

Linux 2.6.32-431.el6.x86_64 (slave2) 	2019年07月26日 	_x86_64_	(8 CPU)

23时47分53秒  CPU    %usr   %nice    %sys %iowait    %irq   %soft  %steal  %guest   %idle
23时47分54秒  all   87.86    0.00   10.39    0.00    0.00    0.25    0.00    0.00    1.50
平均时间:  all   87.86    0.00   10.39    0.00    0.00    0.25    0.00    0.00    1.50

Linux 2.6.32-431.el6.x86_64 (slave2) 	2019年07月26日 	_x86_64_	(8 CPU)

23时47分57秒  CPU    %usr   %nice    %sys %iowait    %irq   %soft  %steal  %guest   %idle
23时47分58秒  all   25.77    0.00    3.99    0.00    0.00    0.13    0.00    0.00   70.10
平均时间:  all   25.77    0.00    3.99    0.00    0.00    0.13    0.00    0.00   70.10

Linux 2.6.32-431.el6.x86_64 (slave2) 	2019年07月26日 	_x86_64_	(8 CPU)

23时48分01秒  CPU    %usr   %nice    %sys %iowait    %irq   %soft  %steal  %guest   %idle
23时48分02秒  all   64.08    0.00    6.37    0.00    0.00    0.13    0.00    0.00   29.43
平均时间:  all   64.08    0.00    6.37    0.00    0.00    0.13    0.00    0.00   29.43

Linux 2.6.32-431.el6.x86_64 (slave2) 	2019年07月26日 	_x86_64_	(8 CPU)

23时48分05秒  CPU    %usr   %nice    %sys %iowait    %irq   %soft  %steal  %guest   %idle
23时48分06秒  all   43.93    0.00    5.49    0.00    0.13    0.13    0.00    0.00   50.32
平均时间:  all   43.93    0.00    5.49    0.00    0.13    0.13    0.00    0.00   50.32

Linux 2.6.32-431.el6.x86_64 (slave2) 	2019年07月26日 	_x86_64_	(8 CPU)

23时48分09秒  CPU    %usr   %nice    %sys %iowait    %irq   %soft  %steal  %guest   %idle
23时48分10秒  all   54.86    0.00    7.42    0.00    0.00    0.77    0.00    0.00   36.96
平均时间:  all   54.86    0.00    7.42    0.00    0.00    0.77    0.00    0.00   36.96

Linux 2.6.32-431.el6.x86_64 (slave2) 	2019年07月26日 	_x86_64_	(8 CPU)

23时48分13秒  CPU    %usr   %nice    %sys %iowait    %irq   %soft  %steal  %guest   %idle
23时48分14秒  all   47.93    0.00   17.62    0.00    0.26   14.77    0.00    0.00   19.43
平均时间:  all   47.93    0.00   17.62    0.00    0.26   14.77    0.00    0.00   19.43

Linux 2.6.32-431.el6.x86_64 (slave2) 	2019年07月26日 	_x86_64_	(8 CPU)

23时48分17秒  CPU    %usr   %nice    %sys %iowait    %irq   %soft  %steal  %guest   %idle
23时48分18秒  all   51.68    0.00   21.26    0.00    0.39   17.14    0.00    0.00    9.54
平均时间:  all   51.68    0.00   21.26    0.00    0.39   17.14    0.00    0.00    9.54

Linux 2.6.32-431.el6.x86_64 (slave2) 	2019年07月26日 	_x86_64_	(8 CPU)

23时48分21秒  CPU    %usr   %nice    %sys %iowait    %irq   %soft  %steal  %guest   %idle
23时48分22秒  all   56.39    0.00   17.26    0.00    0.77   18.67    0.00    0.00    6.91
平均时间:  all   56.39    0.00   17.26    0.00    0.77   18.67    0.00    0.00    6.91

Linux 2.6.32-431.el6.x86_64 (slave2) 	2019年07月26日 	_x86_64_	(8 CPU)

23时48分25秒  CPU    %usr   %nice    %sys %iowait    %irq   %soft  %steal  %guest   %idle
23时48分26秒  all   55.47    0.00   17.19    0.00    0.52   13.41    0.00    0.00   13.41
平均时间:  all   55.47    0.00   17.19    0.00    0.52   13.41    0.00    0.00   13.41

Linux 2.6.32-431.el6.x86_64 (slave2) 	2019年07月26日 	_x86_64_	(8 CPU)

23时48分30秒  CPU    %usr   %nice    %sys %iowait    %irq   %soft  %steal  %guest   %idle
23时48分31秒  all   37.58    0.00   13.00    0.00    0.26   16.60    0.00    0.00   32.56
平均时间:  all   37.58    0.00   13.00    0.00    0.26   16.60    0.00    0.00   32.56

Linux 2.6.32-431.el6.x86_64 (slave2) 	2019年07月26日 	_x86_64_	(8 CPU)

23时48分34秒  CPU    %usr   %nice    %sys %iowait    %irq   %soft  %steal  %guest   %idle
23时48分35秒  all   67.35    0.00    6.89    0.00    0.00    0.64    0.00    0.00   25.13
平均时间:  all   67.35    0.00    6.89    0.00    0.00    0.64    0.00    0.00   25.13

Linux 2.6.32-431.el6.x86_64 (slave2) 	2019年07月26日 	_x86_64_	(8 CPU)

23时48分38秒  CPU    %usr   %nice    %sys %iowait    %irq   %soft  %steal  %guest   %idle
23时48分39秒  all   41.15    0.00    4.23    0.00    0.13    0.51    0.00    0.00   53.97
平均时间:  all   41.15    0.00    4.23    0.00    0.13    0.51    0.00    0.00   53.97

Linux 2.6.32-431.el6.x86_64 (slave2) 	2019年07月26日 	_x86_64_	(8 CPU)

23时48分42秒  CPU    %usr   %nice    %sys %iowait    %irq   %soft  %steal  %guest   %idle
23时48分43秒  all   49.81    0.00    5.36    0.00    0.00    0.26    0.00    0.00   44.57
平均时间:  all   49.81    0.00    5.36    0.00    0.00    0.26    0.00    0.00   44.57

Linux 2.6.32-431.el6.x86_64 (slave2) 	2019年07月26日 	_x86_64_	(8 CPU)

23时48分46秒  CPU    %usr   %nice    %sys %iowait    %irq   %soft  %steal  %guest   %idle
23时48分47秒  all   42.47    0.00   11.99    0.00    0.00    3.19    0.00    0.00   42.35
平均时间:  all   42.47    0.00   11.99    0.00    0.00    3.19    0.00    0.00   42.35

Linux 2.6.32-431.el6.x86_64 (slave2) 	2019年07月26日 	_x86_64_	(8 CPU)

23时48分50秒  CPU    %usr   %nice    %sys %iowait    %irq   %soft  %steal  %guest   %idle
23时48分51秒  all   53.68    0.00    8.39    2.32    0.00    0.00    0.00    0.00   35.61
平均时间:  all   53.68    0.00    8.39    2.32    0.00    0.00    0.00    0.00   35.61

Linux 2.6.32-431.el6.x86_64 (slave2) 	2019年07月26日 	_x86_64_	(8 CPU)

23时48分54秒  CPU    %usr   %nice    %sys %iowait    %irq   %soft  %steal  %guest   %idle
23时48分55秒  all   65.04    0.00    8.83    0.00    0.00    0.13    0.00    0.00   25.99
平均时间:  all   65.04    0.00    8.83    0.00    0.00    0.13    0.00    0.00   25.99

Linux 2.6.32-431.el6.x86_64 (slave2) 	2019年07月26日 	_x86_64_	(8 CPU)

23时48分58秒  CPU    %usr   %nice    %sys %iowait    %irq   %soft  %steal  %guest   %idle
23时48分59秒  all   75.85    0.00    9.73    0.00    0.00    0.13    0.00    0.00   14.29
平均时间:  all   75.85    0.00    9.73    0.00    0.00    0.13    0.00    0.00   14.29

Linux 2.6.32-431.el6.x86_64 (slave2) 	2019年07月26日 	_x86_64_	(8 CPU)

23时49分02秒  CPU    %usr   %nice    %sys %iowait    %irq   %soft  %steal  %guest   %idle
23时49分03秒  all   75.60    0.00   10.55    0.00    0.00    0.51    0.00    0.00   13.34
平均时间:  all   75.60    0.00   10.55    0.00    0.00    0.51    0.00    0.00   13.34

Linux 2.6.32-431.el6.x86_64 (slave2) 	2019年07月26日 	_x86_64_	(8 CPU)

23时49分06秒  CPU    %usr   %nice    %sys %iowait    %irq   %soft  %steal  %guest   %idle
23时49分07秒  all   74.65    0.00   17.91    0.00    0.00    1.77    0.00    0.00    5.67
平均时间:  all   74.65    0.00   17.91    0.00    0.00    1.77    0.00    0.00    5.67

Linux 2.6.32-431.el6.x86_64 (slave2) 	2019年07月26日 	_x86_64_	(8 CPU)

23时49分10秒  CPU    %usr   %nice    %sys %iowait    %irq   %soft  %steal  %guest   %idle
23时49分11秒  all   72.55    0.00    9.40    0.00    0.13    0.25    0.00    0.00   17.66
平均时间:  all   72.55    0.00    9.40    0.00    0.13    0.25    0.00    0.00   17.66

Linux 2.6.32-431.el6.x86_64 (slave2) 	2019年07月26日 	_x86_64_	(8 CPU)

23时49分14秒  CPU    %usr   %nice    %sys %iowait    %irq   %soft  %steal  %guest   %idle
23时49分15秒  all   87.64    0.00   10.09    0.00    0.00    0.13    0.00    0.00    2.14
平均时间:  all   87.64    0.00   10.09    0.00    0.00    0.13    0.00    0.00    2.14

Linux 2.6.32-431.el6.x86_64 (slave2) 	2019年07月26日 	_x86_64_	(8 CPU)

23时49分18秒  CPU    %usr   %nice    %sys %iowait    %irq   %soft  %steal  %guest   %idle
23时49分19秒  all   78.27    0.00   13.69    0.00    0.00    0.88    0.00    0.00    7.16
平均时间:  all   78.27    0.00   13.69    0.00    0.00    0.88    0.00    0.00    7.16

Linux 2.6.32-431.el6.x86_64 (slave2) 	2019年07月26日 	_x86_64_	(8 CPU)

23时49分22秒  CPU    %usr   %nice    %sys %iowait    %irq   %soft  %steal  %guest   %idle
23时49分23秒  all   63.18    0.00    8.15    0.00    0.13    0.25    0.00    0.00   28.28
平均时间:  all   63.18    0.00    8.15    0.00    0.13    0.25    0.00    0.00   28.28

Linux 2.6.32-431.el6.x86_64 (slave2) 	2019年07月26日 	_x86_64_	(8 CPU)

23时49分26秒  CPU    %usr   %nice    %sys %iowait    %irq   %soft  %steal  %guest   %idle
23时49分27秒  all   37.23    0.00    6.68    0.00    0.00    0.77    0.00    0.00   55.33
平均时间:  all   37.23    0.00    6.68    0.00    0.00    0.77    0.00    0.00   55.33

Linux 2.6.32-431.el6.x86_64 (slave2) 	2019年07月26日 	_x86_64_	(8 CPU)

23时49分30秒  CPU    %usr   %nice    %sys %iowait    %irq   %soft  %steal  %guest   %idle
23时49分31秒  all   65.35    0.00    8.57    0.00    0.00    0.38    0.00    0.00   25.70
平均时间:  all   65.35    0.00    8.57    0.00    0.00    0.38    0.00    0.00   25.70

Linux 2.6.32-431.el6.x86_64 (slave2) 	2019年07月26日 	_x86_64_	(8 CPU)

23时49分34秒  CPU    %usr   %nice    %sys %iowait    %irq   %soft  %steal  %guest   %idle
23时49分35秒  all   50.83    0.00    6.27    0.00    0.00    0.00    0.00    0.00   42.89
平均时间:  all   50.83    0.00    6.27    0.00    0.00    0.00    0.00    0.00   42.89

Linux 2.6.32-431.el6.x86_64 (slave2) 	2019年07月26日 	_x86_64_	(8 CPU)

23时49分38秒  CPU    %usr   %nice    %sys %iowait    %irq   %soft  %steal  %guest   %idle
23时49分39秒  all   58.65    0.00   14.38    0.13    0.13    4.58    0.00    0.00   22.14
平均时间:  all   58.65    0.00   14.38    0.13    0.13    4.58    0.00    0.00   22.14

Linux 2.6.32-431.el6.x86_64 (slave2) 	2019年07月26日 	_x86_64_	(8 CPU)

23时49分42秒  CPU    %usr   %nice    %sys %iowait    %irq   %soft  %steal  %guest   %idle
23时49分43秒  all   58.08    0.00   13.33    0.00    0.00    3.85    0.00    0.00   24.74
平均时间:  all   58.08    0.00   13.33    0.00    0.00    3.85    0.00    0.00   24.74

Linux 2.6.32-431.el6.x86_64 (slave2) 	2019年07月26日 	_x86_64_	(8 CPU)

23时49分46秒  CPU    %usr   %nice    %sys %iowait    %irq   %soft  %steal  %guest   %idle
23时49分47秒  all   71.57    0.00   11.91    0.00    0.00    0.64    0.00    0.00   15.88
平均时间:  all   71.57    0.00   11.91    0.00    0.00    0.64    0.00    0.00   15.88

Linux 2.6.32-431.el6.x86_64 (slave2) 	2019年07月26日 	_x86_64_	(8 CPU)

23时49分50秒  CPU    %usr   %nice    %sys %iowait    %irq   %soft  %steal  %guest   %idle
23时49分51秒  all   82.41    0.00   10.25    0.00    0.00    0.51    0.00    0.00    6.84
平均时间:  all   82.41    0.00   10.25    0.00    0.00    0.51    0.00    0.00    6.84

Linux 2.6.32-431.el6.x86_64 (slave2) 	2019年07月26日 	_x86_64_	(8 CPU)

23时49分54秒  CPU    %usr   %nice    %sys %iowait    %irq   %soft  %steal  %guest   %idle
23时49分55秒  all   87.73    0.00   10.51    0.00    0.00    0.00    0.00    0.00    1.75
平均时间:  all   87.73    0.00   10.51    0.00    0.00    0.00    0.00    0.00    1.75

Linux 2.6.32-431.el6.x86_64 (slave2) 	2019年07月26日 	_x86_64_	(8 CPU)

23时49分58秒  CPU    %usr   %nice    %sys %iowait    %irq   %soft  %steal  %guest   %idle
23时49分59秒  all   83.69    0.00    9.61    0.00    0.00    1.39    0.00    0.00    5.31
平均时间:  all   83.69    0.00    9.61    0.00    0.00    1.39    0.00    0.00    5.31

Linux 2.6.32-431.el6.x86_64 (slave2) 	2019年07月26日 	_x86_64_	(8 CPU)

23时50分02秒  CPU    %usr   %nice    %sys %iowait    %irq   %soft  %steal  %guest   %idle
23时50分03秒  all   82.78    0.00   12.66    0.00    0.00    0.89    0.00    0.00    3.67
平均时间:  all   82.78    0.00   12.66    0.00    0.00    0.89    0.00    0.00    3.67

Linux 2.6.32-431.el6.x86_64 (slave2) 	2019年07月26日 	_x86_64_	(8 CPU)

23时50分06秒  CPU    %usr   %nice    %sys %iowait    %irq   %soft  %steal  %guest   %idle
23时50分07秒  all   89.04    0.00    9.19    0.00    0.00    0.76    0.00    0.00    1.01
平均时间:  all   89.04    0.00    9.19    0.00    0.00    0.76    0.00    0.00    1.01

Linux 2.6.32-431.el6.x86_64 (slave2) 	2019年07月26日 	_x86_64_	(8 CPU)

23时50分10秒  CPU    %usr   %nice    %sys %iowait    %irq   %soft  %steal  %guest   %idle
23时50分11秒  all   80.99    0.00   11.73    0.00    0.00    0.77    0.00    0.00    6.51
平均时间:  all   80.99    0.00   11.73    0.00    0.00    0.77    0.00    0.00    6.51

Linux 2.6.32-431.el6.x86_64 (slave2) 	2019年07月26日 	_x86_64_	(8 CPU)

23时50分14秒  CPU    %usr   %nice    %sys %iowait    %irq   %soft  %steal  %guest   %idle
23时50分15秒  all   74.27    0.00   16.94    0.00    0.13    8.41    0.00    0.00    0.25
平均时间:  all   74.27    0.00   16.94    0.00    0.13    8.41    0.00    0.00    0.25

Linux 2.6.32-431.el6.x86_64 (slave2) 	2019年07月26日 	_x86_64_	(8 CPU)

23时50分18秒  CPU    %usr   %nice    %sys %iowait    %irq   %soft  %steal  %guest   %idle
23时50分19秒  all   78.28    0.00   14.02    0.00    0.13    7.58    0.00    0.00    0.00
平均时间:  all   78.28    0.00   14.02    0.00    0.13    7.58    0.00    0.00    0.00

Linux 2.6.32-431.el6.x86_64 (slave2) 	2019年07月26日 	_x86_64_	(8 CPU)

23时50分22秒  CPU    %usr   %nice    %sys %iowait    %irq   %soft  %steal  %guest   %idle
23时50分23秒  all   65.36    0.00   18.46    0.00    0.25   15.93    0.00    0.00    0.00
平均时间:  all   65.36    0.00   18.46    0.00    0.25   15.93    0.00    0.00    0.00

Linux 2.6.32-431.el6.x86_64 (slave2) 	2019年07月26日 	_x86_64_	(8 CPU)

23时50分26秒  CPU    %usr   %nice    %sys %iowait    %irq   %soft  %steal  %guest   %idle
23时50分27秒  all   73.17    0.00   15.99    0.00    0.38   10.45    0.00    0.00    0.00
平均时间:  all   73.17    0.00   15.99    0.00    0.38   10.45    0.00    0.00    0.00

Linux 2.6.32-431.el6.x86_64 (slave2) 	2019年07月26日 	_x86_64_	(8 CPU)

23时50分30秒  CPU    %usr   %nice    %sys %iowait    %irq   %soft  %steal  %guest   %idle
23时50分31秒  all   67.85    0.00   19.87    0.00    0.25   11.90    0.00    0.00    0.13
平均时间:  all   67.85    0.00   19.87    0.00    0.25   11.90    0.00    0.00    0.13

Linux 2.6.32-431.el6.x86_64 (slave2) 	2019年07月26日 	_x86_64_	(8 CPU)

23时50分34秒  CPU    %usr   %nice    %sys %iowait    %irq   %soft  %steal  %guest   %idle
23时50分35秒  all   67.88    0.00   17.49    0.00    0.13   11.92    0.00    0.00    2.59
平均时间:  all   67.88    0.00   17.49    0.00    0.13   11.92    0.00    0.00    2.59

Linux 2.6.32-431.el6.x86_64 (slave2) 	2019年07月26日 	_x86_64_	(8 CPU)

23时50分38秒  CPU    %usr   %nice    %sys %iowait    %irq   %soft  %steal  %guest   %idle
23时50分39秒  all   48.91    0.00    6.26    0.00    0.00    0.89    0.00    0.00   43.93
平均时间:  all   48.91    0.00    6.26    0.00    0.00    0.89    0.00    0.00   43.93

Linux 2.6.32-431.el6.x86_64 (slave2) 	2019年07月26日 	_x86_64_	(8 CPU)

23时50分43秒  CPU    %usr   %nice    %sys %iowait    %irq   %soft  %steal  %guest   %idle
23时50分44秒  all   76.52    0.00    9.14    0.00    0.13    1.40    0.00    0.00   12.82
平均时间:  all   76.52    0.00    9.14    0.00    0.13    1.40    0.00    0.00   12.82

Linux 2.6.32-431.el6.x86_64 (slave2) 	2019年07月26日 	_x86_64_	(8 CPU)

23时50分47秒  CPU    %usr   %nice    %sys %iowait    %irq   %soft  %steal  %guest   %idle
23时50分48秒  all   24.84    0.00    8.80    0.00    0.13    3.75    0.00    0.00   62.48
平均时间:  all   24.84    0.00    8.80    0.00    0.13    3.75    0.00    0.00   62.48

Linux 2.6.32-431.el6.x86_64 (slave2) 	2019年07月26日 	_x86_64_	(8 CPU)

23时50分51秒  CPU    %usr   %nice    %sys %iowait    %irq   %soft  %steal  %guest   %idle
23时50分52秒  all   85.18    0.00    9.67    0.00    0.00    0.00    0.00    0.00    5.15
平均时间:  all   85.18    0.00    9.67    0.00    0.00    0.00    0.00    0.00    5.15

Linux 2.6.32-431.el6.x86_64 (slave2) 	2019年07月26日 	_x86_64_	(8 CPU)

23时50分55秒  CPU    %usr   %nice    %sys %iowait    %irq   %soft  %steal  %guest   %idle
23时50分56秒  all   71.91    0.00   11.31    0.00    0.00    0.52    0.00    0.00   16.25
平均时间:  all   71.91    0.00   11.31    0.00    0.00    0.52    0.00    0.00   16.25

Linux 2.6.32-431.el6.x86_64 (slave2) 	2019年07月26日 	_x86_64_	(8 CPU)

23时50分59秒  CPU    %usr   %nice    %sys %iowait    %irq   %soft  %steal  %guest   %idle
23时51分00秒  all   57.36    0.00   12.29    0.00    0.00    0.26    0.00    0.00   30.09
平均时间:  all   57.36    0.00   12.29    0.00    0.00    0.26    0.00    0.00   30.09

Linux 2.6.32-431.el6.x86_64 (slave2) 	2019年07月26日 	_x86_64_	(8 CPU)

23时51分03秒  CPU    %usr   %nice    %sys %iowait    %irq   %soft  %steal  %guest   %idle
23时51分04秒  all   88.88    0.00    9.50    0.00    0.00    0.25    0.00    0.00    1.38
平均时间:  all   88.88    0.00    9.50    0.00    0.00    0.25    0.00    0.00    1.38

Linux 2.6.32-431.el6.x86_64 (slave2) 	2019年07月26日 	_x86_64_	(8 CPU)

23时51分07秒  CPU    %usr   %nice    %sys %iowait    %irq   %soft  %steal  %guest   %idle
23时51分08秒  all   78.80    0.00   19.45    0.00    0.00    0.88    0.00    0.00    0.88
平均时间:  all   78.80    0.00   19.45    0.00    0.00    0.88    0.00    0.00    0.88

Linux 2.6.32-431.el6.x86_64 (slave2) 	2019年07月26日 	_x86_64_	(8 CPU)

23时51分11秒  CPU    %usr   %nice    %sys %iowait    %irq   %soft  %steal  %guest   %idle
23时51分12秒  all   92.90    0.00    6.85    0.00    0.12    0.12    0.00    0.00    0.00
平均时间:  all   92.90    0.00    6.85    0.00    0.12    0.12    0.00    0.00    0.00

Linux 2.6.32-431.el6.x86_64 (slave2) 	2019年07月26日 	_x86_64_	(8 CPU)

23时51分15秒  CPU    %usr   %nice    %sys %iowait    %irq   %soft  %steal  %guest   %idle
23时51分16秒  all   90.60    0.00    8.27    0.00    0.16    0.97    0.00    0.00    0.00
平均时间:  all   90.60    0.00    8.27    0.00    0.16    0.97    0.00    0.00    0.00

Linux 2.6.32-431.el6.x86_64 (slave2) 	2019年07月26日 	_x86_64_	(8 CPU)

23时51分19秒  CPU    %usr   %nice    %sys %iowait    %irq   %soft  %steal  %guest   %idle
23时51分20秒  all   85.57    0.00   12.81    0.00    0.12    1.37    0.00    0.00    0.12
平均时间:  all   85.57    0.00   12.81    0.00    0.12    1.37    0.00    0.00    0.12

Linux 2.6.32-431.el6.x86_64 (slave2) 	2019年07月26日 	_x86_64_	(8 CPU)

23时51分23秒  CPU    %usr   %nice    %sys %iowait    %irq   %soft  %steal  %guest   %idle
23时51分24秒  all   92.38    0.00    6.88    0.00    0.12    0.62    0.00    0.00    0.00
平均时间:  all   92.38    0.00    6.88    0.00    0.12    0.62    0.00    0.00    0.00

Linux 2.6.32-431.el6.x86_64 (slave2) 	2019年07月26日 	_x86_64_	(8 CPU)

23时51分27秒  CPU    %usr   %nice    %sys %iowait    %irq   %soft  %steal  %guest   %idle
23时51分28秒  all   92.74    0.00    7.13    0.00    0.00    0.13    0.00    0.00    0.00
平均时间:  all   92.74    0.00    7.13    0.00    0.00    0.13    0.00    0.00    0.00

Linux 2.6.32-431.el6.x86_64 (slave2) 	2019年07月26日 	_x86_64_	(8 CPU)

23时51分31秒  CPU    %usr   %nice    %sys %iowait    %irq   %soft  %steal  %guest   %idle
23时51分32秒  all   38.17    0.00    5.27    0.00    0.00    0.26    0.00    0.00   56.30
平均时间:  all   38.17    0.00    5.27    0.00    0.00    0.26    0.00    0.00   56.30

Linux 2.6.32-431.el6.x86_64 (slave2) 	2019年07月26日 	_x86_64_	(8 CPU)

23时51分35秒  CPU    %usr   %nice    %sys %iowait    %irq   %soft  %steal  %guest   %idle
23时51分36秒  all   45.44    0.00    8.60    0.00    0.00    0.13    0.00    0.00   45.83
平均时间:  all   45.44    0.00    8.60    0.00    0.00    0.13    0.00    0.00   45.83

Linux 2.6.32-431.el6.x86_64 (slave2) 	2019年07月26日 	_x86_64_	(8 CPU)

23时51分39秒  CPU    %usr   %nice    %sys %iowait    %irq   %soft  %steal  %guest   %idle
23时51分40秒  all   79.01    0.00   11.00    0.00    0.00    0.38    0.00    0.00    9.61
平均时间:  all   79.01    0.00   11.00    0.00    0.00    0.38    0.00    0.00    9.61

Linux 2.6.32-431.el6.x86_64 (slave2) 	2019年07月26日 	_x86_64_	(8 CPU)

23时51分43秒  CPU    %usr   %nice    %sys %iowait    %irq   %soft  %steal  %guest   %idle
23时51分44秒  all   72.46    0.00    7.23    0.00    0.00    0.13    0.00    0.00   20.18
平均时间:  all   72.46    0.00    7.23    0.00    0.00    0.13    0.00    0.00   20.18

Linux 2.6.32-431.el6.x86_64 (slave2) 	2019年07月26日 	_x86_64_	(8 CPU)

23时51分47秒  CPU    %usr   %nice    %sys %iowait    %irq   %soft  %steal  %guest   %idle
23时51分48秒  all   35.58    0.00    4.19    0.00    0.13    0.00    0.00    0.00   60.10
平均时间:  all   35.58    0.00    4.19    0.00    0.13    0.00    0.00    0.00   60.10

Linux 2.6.32-431.el6.x86_64 (slave2) 	2019年07月26日 	_x86_64_	(8 CPU)

23时51分51秒  CPU    %usr   %nice    %sys %iowait    %irq   %soft  %steal  %guest   %idle
23时51分52秒  all   80.93    0.00   10.35    0.00    0.00    0.13    0.00    0.00    8.59
平均时间:  all   80.93    0.00   10.35    0.00    0.00    0.13    0.00    0.00    8.59

Linux 2.6.32-431.el6.x86_64 (slave2) 	2019年07月26日 	_x86_64_	(8 CPU)

23时51分55秒  CPU    %usr   %nice    %sys %iowait    %irq   %soft  %steal  %guest   %idle
23时51分56秒  all   91.49    0.00    8.01    0.00    0.00    0.38    0.00    0.00    0.13
平均时间:  all   91.49    0.00    8.01    0.00    0.00    0.38    0.00    0.00    0.13

Linux 2.6.32-431.el6.x86_64 (slave2) 	2019年07月26日 	_x86_64_	(8 CPU)

23时51分59秒  CPU    %usr   %nice    %sys %iowait    %irq   %soft  %steal  %guest   %idle
23时52分00秒  all   85.59    0.00   12.16    0.00    0.13    0.13    0.00    0.00    2.01
平均时间:  all   85.59    0.00   12.16    0.00    0.13    0.13    0.00    0.00    2.01

Linux 2.6.32-431.el6.x86_64 (slave2) 	2019年07月26日 	_x86_64_	(8 CPU)

23时52分03秒  CPU    %usr   %nice    %sys %iowait    %irq   %soft  %steal  %guest   %idle
23时52分04秒  all   79.47    0.00   10.01    0.00    0.00    0.89    0.00    0.00    9.63
平均时间:  all   79.47    0.00   10.01    0.00    0.00    0.89    0.00    0.00    9.63

Linux 2.6.32-431.el6.x86_64 (slave2) 	2019年07月26日 	_x86_64_	(8 CPU)

23时52分07秒  CPU    %usr   %nice    %sys %iowait    %irq   %soft  %steal  %guest   %idle
23时52分08秒  all   60.13    0.00   20.64    0.00    0.13    1.79    0.00    0.00   17.31
平均时间:  all   60.13    0.00   20.64    0.00    0.13    1.79    0.00    0.00   17.31

Linux 2.6.32-431.el6.x86_64 (slave2) 	2019年07月26日 	_x86_64_	(8 CPU)

23时52分11秒  CPU    %usr   %nice    %sys %iowait    %irq   %soft  %steal  %guest   %idle
23时52分12秒  all   84.82    0.00   11.67    0.00    0.00    0.13    0.00    0.00    3.39
平均时间:  all   84.82    0.00   11.67    0.00    0.00    0.13    0.00    0.00    3.39

Linux 2.6.32-431.el6.x86_64 (slave2) 	2019年07月26日 	_x86_64_	(8 CPU)

23时52分15秒  CPU    %usr   %nice    %sys %iowait    %irq   %soft  %steal  %guest   %idle
23时52分16秒  all   86.47    0.00   12.16    0.00    0.00    0.38    0.00    0.00    1.00
平均时间:  all   86.47    0.00   12.16    0.00    0.00    0.38    0.00    0.00    1.00

Linux 2.6.32-431.el6.x86_64 (slave2) 	2019年07月26日 	_x86_64_	(8 CPU)

23时52分19秒  CPU    %usr   %nice    %sys %iowait    %irq   %soft  %steal  %guest   %idle
23时52分20秒  all   89.35    0.00    9.02    0.00    0.00    0.00    0.00    0.00    1.63
平均时间:  all   89.35    0.00    9.02    0.00    0.00    0.00    0.00    0.00    1.63

Linux 2.6.32-431.el6.x86_64 (slave2) 	2019年07月26日 	_x86_64_	(8 CPU)

23时52分23秒  CPU    %usr   %nice    %sys %iowait    %irq   %soft  %steal  %guest   %idle
23时52分24秒  all   92.12    0.00    6.75    0.00    0.00    0.25    0.00    0.00    0.88
平均时间:  all   92.12    0.00    6.75    0.00    0.00    0.25    0.00    0.00    0.88

Linux 2.6.32-431.el6.x86_64 (slave2) 	2019年07月26日 	_x86_64_	(8 CPU)

23时52分27秒  CPU    %usr   %nice    %sys %iowait    %irq   %soft  %steal  %guest   %idle
23时52分28秒  all    9.90    0.00    1.52    0.00    0.00    0.00    0.00    0.00   88.58
平均时间:  all    9.90    0.00    1.52    0.00    0.00    0.00    0.00    0.00   88.58

Linux 2.6.32-431.el6.x86_64 (slave2) 	2019年07月26日 	_x86_64_	(8 CPU)

23时52分31秒  CPU    %usr   %nice    %sys %iowait    %irq   %soft  %steal  %guest   %idle
23时52分32秒  all    6.16    0.00    3.59    0.00    0.00    5.65    0.00    0.00   84.60
平均时间:  all    6.16    0.00    3.59    0.00    0.00    5.65    0.00    0.00   84.60

Linux 2.6.32-431.el6.x86_64 (slave2) 	2019年07月26日 	_x86_64_	(8 CPU)

23时52分35秒  CPU    %usr   %nice    %sys %iowait    %irq   %soft  %steal  %guest   %idle
23时52分36秒  all   23.47    0.00    3.57    0.00    0.00    0.26    0.00    0.00   72.70
平均时间:  all   23.47    0.00    3.57    0.00    0.00    0.26    0.00    0.00   72.70

Linux 2.6.32-431.el6.x86_64 (slave2) 	2019年07月26日 	_x86_64_	(8 CPU)

23时52分39秒  CPU    %usr   %nice    %sys %iowait    %irq   %soft  %steal  %guest   %idle
23时52分40秒  all   22.58    0.00    4.97    0.00    0.00    0.00    0.00    0.00   72.45
平均时间:  all   22.58    0.00    4.97    0.00    0.00    0.00    0.00    0.00   72.45

Linux 2.6.32-431.el6.x86_64 (slave2) 	2019年07月26日 	_x86_64_	(8 CPU)

23时52分43秒  CPU    %usr   %nice    %sys %iowait    %irq   %soft  %steal  %guest   %idle
23时52分44秒  all    5.96    0.00    1.65    0.00    0.00    0.13    0.00    0.00   92.27
平均时间:  all    5.96    0.00    1.65    0.00    0.00    0.13    0.00    0.00   92.27

Linux 2.6.32-431.el6.x86_64 (slave2) 	2019年07月26日 	_x86_64_	(8 CPU)

23时52分48秒  CPU    %usr   %nice    %sys %iowait    %irq   %soft  %steal  %guest   %idle
23时52分49秒  all   17.15    0.00    1.27    0.00    0.00    1.02    0.00    0.00   80.56
平均时间:  all   17.15    0.00    1.27    0.00    0.00    1.02    0.00    0.00   80.56

Linux 2.6.32-431.el6.x86_64 (slave2) 	2019年07月26日 	_x86_64_	(8 CPU)

23时52分52秒  CPU    %usr   %nice    %sys %iowait    %irq   %soft  %steal  %guest   %idle
23时52分53秒  all   48.08    0.00    4.74    0.00    0.13    1.03    0.00    0.00   46.03
平均时间:  all   48.08    0.00    4.74    0.00    0.13    1.03    0.00    0.00   46.03

Linux 2.6.32-431.el6.x86_64 (slave2) 	2019年07月26日 	_x86_64_	(8 CPU)

23时52分56秒  CPU    %usr   %nice    %sys %iowait    %irq   %soft  %steal  %guest   %idle
23时52分57秒  all   90.49    0.00    7.51    0.00    0.00    0.00    0.00    0.00    2.00
平均时间:  all   90.49    0.00    7.51    0.00    0.00    0.00    0.00    0.00    2.00

Linux 2.6.32-431.el6.x86_64 (slave2) 	2019年07月26日 	_x86_64_	(8 CPU)

23时53分00秒  CPU    %usr   %nice    %sys %iowait    %irq   %soft  %steal  %guest   %idle
23时53分01秒  all   23.97    0.00    6.03    0.00    0.00    6.54    0.00    0.00   63.46
平均时间:  all   23.97    0.00    6.03    0.00    0.00    6.54    0.00    0.00   63.46

Linux 2.6.32-431.el6.x86_64 (slave2) 	2019年07月26日 	_x86_64_	(8 CPU)

23时53分04秒  CPU    %usr   %nice    %sys %iowait    %irq   %soft  %steal  %guest   %idle
23时53分05秒  all   50.95    0.00    4.18    0.00    0.00    0.00    0.00    0.00   44.87
平均时间:  all   50.95    0.00    4.18    0.00    0.00    0.00    0.00    0.00   44.87

Linux 2.6.32-431.el6.x86_64 (slave2) 	2019年07月26日 	_x86_64_	(8 CPU)

23时53分08秒  CPU    %usr   %nice    %sys %iowait    %irq   %soft  %steal  %guest   %idle
23时53分09秒  all   38.35    0.00    3.29    0.00    0.00    0.25    0.00    0.00   58.10
平均时间:  all   38.35    0.00    3.29    0.00    0.00    0.25    0.00    0.00   58.10

Linux 2.6.32-431.el6.x86_64 (slave2) 	2019年07月26日 	_x86_64_	(8 CPU)

23时53分12秒  CPU    %usr   %nice    %sys %iowait    %irq   %soft  %steal  %guest   %idle
23时53分13秒  all   27.71    0.00    1.79    0.00    0.00    1.66    0.00    0.00   68.84
平均时间:  all   27.71    0.00    1.79    0.00    0.00    1.66    0.00    0.00   68.84

Linux 2.6.32-431.el6.x86_64 (slave2) 	2019年07月26日 	_x86_64_	(8 CPU)

23时53分16秒  CPU    %usr   %nice    %sys %iowait    %irq   %soft  %steal  %guest   %idle
23时53分17秒  all   42.95    0.00    7.56    0.00    0.00    1.67    0.00    0.00   47.82
平均时间:  all   42.95    0.00    7.56    0.00    0.00    1.67    0.00    0.00   47.82

Linux 2.6.32-431.el6.x86_64 (slave2) 	2019年07月26日 	_x86_64_	(8 CPU)

23时53分20秒  CPU    %usr   %nice    %sys %iowait    %irq   %soft  %steal  %guest   %idle
23时53分21秒  all   35.87    0.00    3.88    0.00    0.00    2.63    0.00    0.00   57.62
平均时间:  all   35.87    0.00    3.88    0.00    0.00    2.63    0.00    0.00   57.62

Linux 2.6.32-431.el6.x86_64 (slave2) 	2019年07月26日 	_x86_64_	(8 CPU)

23时53分24秒  CPU    %usr   %nice    %sys %iowait    %irq   %soft  %steal  %guest   %idle
23时53分25秒  all   30.43    0.00    2.17    0.00    0.00    1.79    0.00    0.00   65.60
平均时间:  all   30.43    0.00    2.17    0.00    0.00    1.79    0.00    0.00   65.60

Linux 2.6.32-431.el6.x86_64 (slave2) 	2019年07月26日 	_x86_64_	(8 CPU)

23时53分28秒  CPU    %usr   %nice    %sys %iowait    %irq   %soft  %steal  %guest   %idle
23时53分29秒  all   39.57    0.00    1.52    0.00    0.00    0.13    0.00    0.00   58.79
平均时间:  all   39.57    0.00    1.52    0.00    0.00    0.13    0.00    0.00   58.79

Linux 2.6.32-431.el6.x86_64 (slave2) 	2019年07月26日 	_x86_64_	(8 CPU)

23时53分32秒  CPU    %usr   %nice    %sys %iowait    %irq   %soft  %steal  %guest   %idle
23时53分33秒  all   28.72    0.00    2.67    0.00    0.00    3.43    0.00    0.00   65.18
平均时间:  all   28.72    0.00    2.67    0.00    0.00    3.43    0.00    0.00   65.18

Linux 2.6.32-431.el6.x86_64 (slave2) 	2019年07月26日 	_x86_64_	(8 CPU)

23时53分36秒  CPU    %usr   %nice    %sys %iowait    %irq   %soft  %steal  %guest   %idle
23时53分37秒  all   32.82    0.00    3.46    0.00    0.00    1.03    0.00    0.00   62.69
平均时间:  all   32.82    0.00    3.46    0.00    0.00    1.03    0.00    0.00   62.69

Linux 2.6.32-431.el6.x86_64 (slave2) 	2019年07月26日 	_x86_64_	(8 CPU)

23时53分40秒  CPU    %usr   %nice    %sys %iowait    %irq   %soft  %steal  %guest   %idle
23时53分41秒  all   31.35    0.00    2.66    0.00    0.00    1.52    0.00    0.00   64.47
平均时间:  all   31.35    0.00    2.66    0.00    0.00    1.52    0.00    0.00   64.47

Linux 2.6.32-431.el6.x86_64 (slave2) 	2019年07月26日 	_x86_64_	(8 CPU)

23时53分44秒  CPU    %usr   %nice    %sys %iowait    %irq   %soft  %steal  %guest   %idle
23时53分45秒  all   28.55    0.00    3.49    0.00    0.00    1.42    0.00    0.00   66.54
平均时间:  all   28.55    0.00    3.49    0.00    0.00    1.42    0.00    0.00   66.54

Linux 2.6.32-431.el6.x86_64 (slave2) 	2019年07月26日 	_x86_64_	(8 CPU)

23时53分48秒  CPU    %usr   %nice    %sys %iowait    %irq   %soft  %steal  %guest   %idle
23时53分49秒  all   40.08    0.00    6.61    0.00    0.00    2.08    0.00    0.00   51.23
平均时间:  all   40.08    0.00    6.61    0.00    0.00    2.08    0.00    0.00   51.23

Linux 2.6.32-431.el6.x86_64 (slave2) 	2019年07月26日 	_x86_64_	(8 CPU)

23时53分52秒  CPU    %usr   %nice    %sys %iowait    %irq   %soft  %steal  %guest   %idle
23时53分53秒  all   48.98    0.00    8.31    0.13    0.00    0.51    0.00    0.00   42.07
平均时间:  all   48.98    0.00    8.31    0.13    0.00    0.51    0.00    0.00   42.07

Linux 2.6.32-431.el6.x86_64 (slave2) 	2019年07月26日 	_x86_64_	(8 CPU)

23时53分56秒  CPU    %usr   %nice    %sys %iowait    %irq   %soft  %steal  %guest   %idle
23时53分57秒  all   75.32    0.00   10.56    0.00    0.13    0.38    0.00    0.00   13.61
平均时间:  all   75.32    0.00   10.56    0.00    0.13    0.38    0.00    0.00   13.61

Linux 2.6.32-431.el6.x86_64 (slave2) 	2019年07月26日 	_x86_64_	(8 CPU)

23时54分00秒  CPU    %usr   %nice    %sys %iowait    %irq   %soft  %steal  %guest   %idle
23时54分01秒  all   85.07    0.00    9.16    0.00    0.00    0.13    0.00    0.00    5.65
平均时间:  all   85.07    0.00    9.16    0.00    0.00    0.13    0.00    0.00    5.65

Linux 2.6.32-431.el6.x86_64 (slave2) 	2019年07月26日 	_x86_64_	(8 CPU)

23时54分04秒  CPU    %usr   %nice    %sys %iowait    %irq   %soft  %steal  %guest   %idle
23时54分05秒  all   67.26    0.00    7.29    0.00    0.00    0.38    0.00    0.00   25.06
平均时间:  all   67.26    0.00    7.29    0.00    0.00    0.38    0.00    0.00   25.06

Linux 2.6.32-431.el6.x86_64 (slave2) 	2019年07月26日 	_x86_64_	(8 CPU)

23时54分08秒  CPU    %usr   %nice    %sys %iowait    %irq   %soft  %steal  %guest   %idle
23时54分09秒  all   67.81    0.00   10.31    0.00    0.13    0.13    0.00    0.00   21.63
平均时间:  all   67.81    0.00   10.31    0.00    0.13    0.13    0.00    0.00   21.63

Linux 2.6.32-431.el6.x86_64 (slave2) 	2019年07月26日 	_x86_64_	(8 CPU)

23时54分12秒  CPU    %usr   %nice    %sys %iowait    %irq   %soft  %steal  %guest   %idle
23时54分13秒  all   89.08    0.00    7.28    0.00    0.00    0.38    0.00    0.00    3.26
平均时间:  all   89.08    0.00    7.28    0.00    0.00    0.38    0.00    0.00    3.26

Linux 2.6.32-431.el6.x86_64 (slave2) 	2019年07月26日 	_x86_64_	(8 CPU)

23时54分16秒  CPU    %usr   %nice    %sys %iowait    %irq   %soft  %steal  %guest   %idle
23时54分17秒  all   76.93    0.00   12.29    0.00    0.00    0.25    0.00    0.00   10.52
平均时间:  all   76.93    0.00   12.29    0.00    0.00    0.25    0.00    0.00   10.52

Linux 2.6.32-431.el6.x86_64 (slave2) 	2019年07月26日 	_x86_64_	(8 CPU)

23时54分20秒  CPU    %usr   %nice    %sys %iowait    %irq   %soft  %steal  %guest   %idle
23时54分21秒  all   76.82    0.00    9.81    0.00    0.13    0.13    0.00    0.00   13.12
平均时间:  all   76.82    0.00    9.81    0.00    0.13    0.13    0.00    0.00   13.12

Linux 2.6.32-431.el6.x86_64 (slave2) 	2019年07月26日 	_x86_64_	(8 CPU)

23时54分24秒  CPU    %usr   %nice    %sys %iowait    %irq   %soft  %steal  %guest   %idle
23时54分25秒  all   73.92    0.00    9.92    0.00    0.00    0.13    0.00    0.00   16.03
平均时间:  all   73.92    0.00    9.92    0.00    0.00    0.13    0.00    0.00   16.03

Linux 2.6.32-431.el6.x86_64 (slave2) 	2019年07月26日 	_x86_64_	(8 CPU)

23时54分28秒  CPU    %usr   %nice    %sys %iowait    %irq   %soft  %steal  %guest   %idle
23时54分29秒  all   80.00    0.00   12.66    0.00    0.00    0.25    0.00    0.00    7.09
平均时间:  all   80.00    0.00   12.66    0.00    0.00    0.25    0.00    0.00    7.09

Linux 2.6.32-431.el6.x86_64 (slave2) 	2019年07月26日 	_x86_64_	(8 CPU)

23时54分32秒  CPU    %usr   %nice    %sys %iowait    %irq   %soft  %steal  %guest   %idle
23时54分33秒  all   67.30    0.00   10.98    0.00    0.00    0.13    0.00    0.00   21.59
平均时间:  all   67.30    0.00   10.98    0.00    0.00    0.13    0.00    0.00   21.59

Linux 2.6.32-431.el6.x86_64 (slave2) 	2019年07月26日 	_x86_64_	(8 CPU)

23时54分36秒  CPU    %usr   %nice    %sys %iowait    %irq   %soft  %steal  %guest   %idle
23时54分37秒  all   58.22    0.00    6.62    0.00    0.00    0.00    0.00    0.00   35.16
平均时间:  all   58.22    0.00    6.62    0.00    0.00    0.00    0.00    0.00   35.16

Linux 2.6.32-431.el6.x86_64 (slave2) 	2019年07月26日 	_x86_64_	(8 CPU)

23时54分40秒  CPU    %usr   %nice    %sys %iowait    %irq   %soft  %steal  %guest   %idle
23时54分41秒  all   31.17    0.00    3.69    0.00    0.00    0.00    0.00    0.00   65.14
平均时间:  all   31.17    0.00    3.69    0.00    0.00    0.00    0.00    0.00   65.14

Linux 2.6.32-431.el6.x86_64 (slave2) 	2019年07月26日 	_x86_64_	(8 CPU)

23时54分44秒  CPU    %usr   %nice    %sys %iowait    %irq   %soft  %steal  %guest   %idle
23时54分45秒  all   72.51    0.00   12.61    0.00    0.00    0.63    0.00    0.00   14.25
平均时间:  all   72.51    0.00   12.61    0.00    0.00    0.63    0.00    0.00   14.25

Linux 2.6.32-431.el6.x86_64 (slave2) 	2019年07月26日 	_x86_64_	(8 CPU)

23时54分48秒  CPU    %usr   %nice    %sys %iowait    %irq   %soft  %steal  %guest   %idle
23时54分49秒  all   68.23    0.00   11.14    0.00    0.00    1.14    0.00    0.00   19.49
平均时间:  all   68.23    0.00   11.14    0.00    0.00    1.14    0.00    0.00   19.49

Linux 2.6.32-431.el6.x86_64 (slave2) 	2019年07月26日 	_x86_64_	(8 CPU)

23时54分52秒  CPU    %usr   %nice    %sys %iowait    %irq   %soft  %steal  %guest   %idle
23时54分53秒  all   44.00    0.00    7.74    0.00    0.00    0.00    0.00    0.00   48.26
平均时间:  all   44.00    0.00    7.74    0.00    0.00    0.00    0.00    0.00   48.26

Linux 2.6.32-431.el6.x86_64 (slave2) 	2019年07月26日 	_x86_64_	(8 CPU)

23时54分56秒  CPU    %usr   %nice    %sys %iowait    %irq   %soft  %steal  %guest   %idle
23时54分57秒  all   30.04    0.00    2.53    0.00    0.00    0.00    0.00    0.00   67.43
平均时间:  all   30.04    0.00    2.53    0.00    0.00    0.00    0.00    0.00   67.43

Linux 2.6.32-431.el6.x86_64 (slave2) 	2019年07月26日 	_x86_64_	(8 CPU)

23时55分00秒  CPU    %usr   %nice    %sys %iowait    %irq   %soft  %steal  %guest   %idle
23时55分01秒  all   34.14    0.00    3.44    0.00    0.00    0.13    0.00    0.00   62.29
平均时间:  all   34.14    0.00    3.44    0.00    0.00    0.13    0.00    0.00   62.29

Linux 2.6.32-431.el6.x86_64 (slave2) 	2019年07月26日 	_x86_64_	(8 CPU)

23时55分04秒  CPU    %usr   %nice    %sys %iowait    %irq   %soft  %steal  %guest   %idle
23时55分05秒  all   10.83    0.00    2.55    0.00    0.00    0.13    0.00    0.00   86.50
平均时间:  all   10.83    0.00    2.55    0.00    0.00    0.13    0.00    0.00   86.50

Linux 2.6.32-431.el6.x86_64 (slave2) 	2019年07月26日 	_x86_64_	(8 CPU)

23时55分08秒  CPU    %usr   %nice    %sys %iowait    %irq   %soft  %steal  %guest   %idle
23时55分09秒  all    9.58    0.00    2.68    0.00    0.00    0.13    0.00    0.00   87.61
平均时间:  all    9.58    0.00    2.68    0.00    0.00    0.13    0.00    0.00   87.61

Linux 2.6.32-431.el6.x86_64 (slave2) 	2019年07月26日 	_x86_64_	(8 CPU)

23时55分12秒  CPU    %usr   %nice    %sys %iowait    %irq   %soft  %steal  %guest   %idle
23时55分13秒  all    7.04    0.00    2.82    0.00    0.00    0.00    0.00    0.00   90.14
平均时间:  all    7.04    0.00    2.82    0.00    0.00    0.00    0.00    0.00   90.14

Linux 2.6.32-431.el6.x86_64 (slave2) 	2019年07月26日 	_x86_64_	(8 CPU)

23时55分16秒  CPU    %usr   %nice    %sys %iowait    %irq   %soft  %steal  %guest   %idle
23时55分17秒  all    0.38    0.00    0.13    0.13    0.00    0.00    0.00    0.00   99.37
平均时间:  all    0.38    0.00    0.13    0.13    0.00    0.00    0.00    0.00   99.37

Linux 2.6.32-431.el6.x86_64 (slave2) 	2019年07月26日 	_x86_64_	(8 CPU)
