
2019年 07月 26日 星期五 23:41:54 CST
             total       used       free     shared    buffers     cached
Mem:         15945      10005       5940          0         99       7887
-/+ buffers/cache:       2017      13927
Swap:         8039          0       8039

2019年 07月 26日 星期五 23:41:58 CST
             total       used       free     shared    buffers     cached
Mem:         15945      10005       5939          0         99       7887
-/+ buffers/cache:       2018      13927
Swap:         8039          0       8039

2019年 07月 26日 星期五 23:42:02 CST
             total       used       free     shared    buffers     cached
Mem:         15945       9604       6341          0         99       7489
-/+ buffers/cache:       2015      13930
Swap:         8039          0       8039

2019年 07月 26日 星期五 23:42:06 CST
             total       used       free     shared    buffers     cached
Mem:         15945       9604       6341          0         99       7489
-/+ buffers/cache:       2015      13930
Swap:         8039          0       8039

2019年 07月 26日 星期五 23:42:10 CST
             total       used       free     shared    buffers     cached
Mem:         15945       9604       6341          0         99       7489
-/+ buffers/cache:       2015      13930
Swap:         8039          0       8039

2019年 07月 26日 星期五 23:42:15 CST
             total       used       free     shared    buffers     cached
Mem:         15945       9717       6228          0         99       7601
-/+ buffers/cache:       2015      13929
Swap:         8039          0       8039

2019年 07月 26日 星期五 23:42:19 CST
             total       used       free     shared    buffers     cached
Mem:         15945       9974       5971          0         99       7858
-/+ buffers/cache:       2015      13929
Swap:         8039          0       8039

2019年 07月 26日 星期五 23:42:23 CST
             total       used       free     shared    buffers     cached
Mem:         15945      10271       5673          0         99       8153
-/+ buffers/cache:       2018      13926
Swap:         8039          0       8039

2019年 07月 26日 星期五 23:42:27 CST
             total       used       free     shared    buffers     cached
Mem:         15945      10740       5205          0         99       8442
-/+ buffers/cache:       2197      13747
Swap:         8039          0       8039

2019年 07月 26日 星期五 23:42:31 CST
             total       used       free     shared    buffers     cached
Mem:         15945      11580       4365          0         99       9003
-/+ buffers/cache:       2476      13468
Swap:         8039          0       8039

2019年 07月 26日 星期五 23:42:35 CST
             total       used       free     shared    buffers     cached
Mem:         15945      12669       3275          0         99       9571
-/+ buffers/cache:       2998      12947
Swap:         8039          0       8039

2019年 07月 26日 星期五 23:42:39 CST
             total       used       free     shared    buffers     cached
Mem:         15945      13202       2743          0         99       9572
-/+ buffers/cache:       3529      12415
Swap:         8039          0       8039

2019年 07月 26日 星期五 23:42:43 CST
             total       used       free     shared    buffers     cached
Mem:         15945      13772       2172          0         99       9572
-/+ buffers/cache:       4100      11845
Swap:         8039          0       8039

2019年 07月 26日 星期五 23:42:47 CST
             total       used       free     shared    buffers     cached
Mem:         15945      14334       1610          0         99       9572
-/+ buffers/cache:       4661      11283
Swap:         8039          0       8039

2019年 07月 26日 星期五 23:42:51 CST
             total       used       free     shared    buffers     cached
Mem:         15945      14790       1154          0         99       9575
-/+ buffers/cache:       5115      10830
Swap:         8039          0       8039

2019年 07月 26日 星期五 23:42:55 CST
             total       used       free     shared    buffers     cached
Mem:         15945      13735       2209          0        100       9573
-/+ buffers/cache:       4062      11883
Swap:         8039          0       8039

2019年 07月 26日 星期五 23:42:59 CST
             total       used       free     shared    buffers     cached
Mem:         15945      14092       1853          0        100       9554
-/+ buffers/cache:       4437      11507
Swap:         8039          0       8039

2019年 07月 26日 星期五 23:43:03 CST
             total       used       free     shared    buffers     cached
Mem:         15945      14462       1482          0        100       9554
-/+ buffers/cache:       4808      11137
Swap:         8039          0       8039

2019年 07月 26日 星期五 23:43:07 CST
             total       used       free     shared    buffers     cached
Mem:         15945      14427       1517          0        100       9555
-/+ buffers/cache:       4772      11173
Swap:         8039          0       8039

2019年 07月 26日 星期五 23:43:11 CST
             total       used       free     shared    buffers     cached
Mem:         15945      14428       1517          0        100       9555
-/+ buffers/cache:       4772      11172
Swap:         8039          0       8039

2019年 07月 26日 星期五 23:43:15 CST
             total       used       free     shared    buffers     cached
Mem:         15945      14536       1409          0        100       9555
-/+ buffers/cache:       4880      11064
Swap:         8039          0       8039

2019年 07月 26日 星期五 23:43:19 CST
             total       used       free     shared    buffers     cached
Mem:         15945      15190        755          0        100       9562
-/+ buffers/cache:       5528      10417
Swap:         8039          0       8039

2019年 07月 26日 星期五 23:43:23 CST
             total       used       free     shared    buffers     cached
Mem:         15945      13581       2364          0        100       9558
-/+ buffers/cache:       3922      12023
Swap:         8039          0       8039

2019年 07月 26日 星期五 23:43:27 CST
             total       used       free     shared    buffers     cached
Mem:         15945      13739       2206          0        100       9374
-/+ buffers/cache:       4264      11680
Swap:         8039          0       8039

2019年 07月 26日 星期五 23:43:31 CST
             total       used       free     shared    buffers     cached
Mem:         15945      14327       1617          0        100       9375
-/+ buffers/cache:       4852      11093
Swap:         8039          0       8039

2019年 07月 26日 星期五 23:43:35 CST
             total       used       free     shared    buffers     cached
Mem:         15945      15072        872          0        100       9377
-/+ buffers/cache:       5595      10350
Swap:         8039          0       8039

2019年 07月 26日 星期五 23:43:39 CST
             total       used       free     shared    buffers     cached
Mem:         15945      13668       2276          0        100       9374
-/+ buffers/cache:       4194      11751
Swap:         8039          0       8039

2019年 07月 26日 星期五 23:43:43 CST
             total       used       free     shared    buffers     cached
Mem:         15945      13252       2692          0        100       9427
-/+ buffers/cache:       3724      12220
Swap:         8039          0       8039

2019年 07月 26日 星期五 23:43:47 CST
             total       used       free     shared    buffers     cached
Mem:         15945      13395       2549          0        100       9058
-/+ buffers/cache:       4236      11708
Swap:         8039          0       8039

2019年 07月 26日 星期五 23:43:51 CST
             total       used       free     shared    buffers     cached
Mem:         15945      13953       1991          0        100       9058
-/+ buffers/cache:       4794      11150
Swap:         8039          0       8039

2019年 07月 26日 星期五 23:43:55 CST
             total       used       free     shared    buffers     cached
Mem:         15945      13110       2835          0        100       9059
-/+ buffers/cache:       3951      11994
Swap:         8039          0       8039

2019年 07月 26日 星期五 23:43:59 CST
             total       used       free     shared    buffers     cached
Mem:         15945      13681       2264          0        100       9040
-/+ buffers/cache:       4541      11404
Swap:         8039          0       8039

2019年 07月 26日 星期五 23:44:03 CST
             total       used       free     shared    buffers     cached
Mem:         15945      14301       1644          0        100       9041
-/+ buffers/cache:       5160      10785
Swap:         8039          0       8039

2019年 07月 26日 星期五 23:44:07 CST
             total       used       free     shared    buffers     cached
Mem:         15945      14984        960          0        100       9044
-/+ buffers/cache:       5840      10105
Swap:         8039          0       8039

2019年 07月 26日 星期五 23:44:11 CST
             total       used       free     shared    buffers     cached
Mem:         15945      13613       2332          0        100       9041
-/+ buffers/cache:       4471      11474
Swap:         8039          0       8039

2019年 07月 26日 星期五 23:44:15 CST
             total       used       free     shared    buffers     cached
Mem:         15945      12756       3189          0        100       9102
-/+ buffers/cache:       3553      12392
Swap:         8039          0       8039

2019年 07月 26日 星期五 23:44:19 CST
             total       used       free     shared    buffers     cached
Mem:         15945      13410       2535          0        100       9242
-/+ buffers/cache:       4068      11877
Swap:         8039          0       8039

2019年 07月 26日 星期五 23:44:23 CST
             total       used       free     shared    buffers     cached
Mem:         15945      14304       1641          0        100       9470
-/+ buffers/cache:       4733      11212
Swap:         8039          0       8039

2019年 07月 26日 星期五 23:44:27 CST
             total       used       free     shared    buffers     cached
Mem:         15945      15172        773          0        100       9766
-/+ buffers/cache:       5305      10640
Swap:         8039          0       8039

2019年 07月 26日 星期五 23:44:31 CST
             total       used       free     shared    buffers     cached
Mem:         15945      15259        686          0        100      10062
-/+ buffers/cache:       5096      10849
Swap:         8039          0       8039

2019年 07月 26日 星期五 23:44:35 CST
             total       used       free     shared    buffers     cached
Mem:         15945      15723        221          0        100      10181
-/+ buffers/cache:       5442      10503
Swap:         8039          0       8039

2019年 07月 26日 星期五 23:44:39 CST
             total       used       free     shared    buffers     cached
Mem:         15945      14829       1115          0        100      10180
-/+ buffers/cache:       4549      11395
Swap:         8039          0       8039

2019年 07月 26日 星期五 23:44:43 CST
             total       used       free     shared    buffers     cached
Mem:         15945      15284        661          0        100      10366
-/+ buffers/cache:       4817      11127
Swap:         8039          0       8039

2019年 07月 26日 星期五 23:44:47 CST
             total       used       free     shared    buffers     cached
Mem:         15945      15684        260          0        100      10162
-/+ buffers/cache:       5421      10523
Swap:         8039          0       8039

2019年 07月 26日 星期五 23:44:52 CST
             total       used       free     shared    buffers     cached
Mem:         15945      15363        581          0        100       9841
-/+ buffers/cache:       5422      10523
Swap:         8039          0       8039

2019年 07月 26日 星期五 23:44:56 CST
             total       used       free     shared    buffers     cached
Mem:         15945      15762        183          0        100       9936
-/+ buffers/cache:       5725      10219
Swap:         8039          0       8039

2019年 07月 26日 星期五 23:45:00 CST
             total       used       free     shared    buffers     cached
Mem:         15945      15767        178          0        100       9694
-/+ buffers/cache:       5972       9973
Swap:         8039          0       8039

2019年 07月 26日 星期五 23:45:04 CST
             total       used       free     shared    buffers     cached
Mem:         15945      15780        164          0         99       9536
-/+ buffers/cache:       6144       9801
Swap:         8039          0       8039

2019年 07月 26日 星期五 23:45:08 CST
             total       used       free     shared    buffers     cached
Mem:         15945      15790        155          0         99       9423
-/+ buffers/cache:       6266       9678
Swap:         8039          0       8039

2019年 07月 26日 星期五 23:45:12 CST
             total       used       free     shared    buffers     cached
Mem:         15945      14513       1431          0         99       9309
-/+ buffers/cache:       5104      10840
Swap:         8039          0       8039

2019年 07月 26日 星期五 23:45:16 CST
             total       used       free     shared    buffers     cached
Mem:         15945      14855       1090          0         99       9354
-/+ buffers/cache:       5400      10545
Swap:         8039          0       8039

2019年 07月 26日 星期五 23:45:20 CST
             total       used       free     shared    buffers     cached
Mem:         15945      15397        547          0         99       9335
-/+ buffers/cache:       5962       9983
Swap:         8039          0       8039

2019年 07月 26日 星期五 23:45:24 CST
             total       used       free     shared    buffers     cached
Mem:         15945      15254        690          0         99       9320
-/+ buffers/cache:       5834      10111
Swap:         8039          0       8039

2019年 07月 26日 星期五 23:45:28 CST
             total       used       free     shared    buffers     cached
Mem:         15945      15562        383          0         99       9320
-/+ buffers/cache:       6141       9804
Swap:         8039          0       8039

2019年 07月 26日 星期五 23:45:32 CST
             total       used       free     shared    buffers     cached
Mem:         15945      14871       1073          0         99       9305
-/+ buffers/cache:       5466      10479
Swap:         8039          0       8039

2019年 07月 26日 星期五 23:45:36 CST
             total       used       free     shared    buffers     cached
Mem:         15945      15351        593          0        100       9491
-/+ buffers/cache:       5760      10185
Swap:         8039          0       8039

2019年 07月 26日 星期五 23:45:40 CST
             total       used       free     shared    buffers     cached
Mem:         15945      15776        169          0        100       9478
-/+ buffers/cache:       6197       9748
Swap:         8039          0       8039

2019年 07月 26日 星期五 23:45:44 CST
             total       used       free     shared    buffers     cached
Mem:         15945      15779        166          0        100       9023
-/+ buffers/cache:       6656       9289
Swap:         8039          0       8039

2019年 07月 26日 星期五 23:45:48 CST
             total       used       free     shared    buffers     cached
Mem:         15945      15780        164          0         99       8787
-/+ buffers/cache:       6893       9052
Swap:         8039          0       8039

2019年 07月 26日 星期五 23:45:52 CST
             total       used       free     shared    buffers     cached
Mem:         15945      14961        983          0         99       8816
-/+ buffers/cache:       6045       9899
Swap:         8039          0       8039

2019年 07月 26日 星期五 23:45:56 CST
             total       used       free     shared    buffers     cached
Mem:         15945      14996        949          0         99       8635
-/+ buffers/cache:       6260       9684
Swap:         8039          0       8039

2019年 07月 26日 星期五 23:46:00 CST
             total       used       free     shared    buffers     cached
Mem:         15945      15244        700          0         99       8660
-/+ buffers/cache:       6484       9461
Swap:         8039          0       8039

2019年 07月 26日 星期五 23:46:04 CST
             total       used       free     shared    buffers     cached
Mem:         15945      14835       1110          0         99       8703
-/+ buffers/cache:       6031       9913
Swap:         8039          0       8039

2019年 07月 26日 星期五 23:46:08 CST
             total       used       free     shared    buffers     cached
Mem:         15945      13559       2385          0        100       8667
-/+ buffers/cache:       4792      11153
Swap:         8039          0       8039

2019年 07月 26日 星期五 23:46:12 CST
             total       used       free     shared    buffers     cached
Mem:         15945      13832       2113          0        100       8505
-/+ buffers/cache:       5226      10718
Swap:         8039          0       8039

2019年 07月 26日 星期五 23:46:16 CST
             total       used       free     shared    buffers     cached
Mem:         15945      14625       1320          0        100       8535
-/+ buffers/cache:       5989       9955
Swap:         8039          0       8039

2019年 07月 26日 星期五 23:46:20 CST
             total       used       free     shared    buffers     cached
Mem:         15945      13558       2387          0        100       8799
-/+ buffers/cache:       4658      11286
Swap:         8039          0       8039

2019年 07月 26日 星期五 23:46:24 CST
             total       used       free     shared    buffers     cached
Mem:         15945      14122       1823          0        100       9091
-/+ buffers/cache:       4930      11014
Swap:         8039          0       8039

2019年 07月 26日 星期五 23:46:28 CST
             total       used       free     shared    buffers     cached
Mem:         15945      14699       1246          0        100       9324
-/+ buffers/cache:       5274      10671
Swap:         8039          0       8039

2019年 07月 26日 星期五 23:46:32 CST
             total       used       free     shared    buffers     cached
Mem:         15945      13904       2040          0        100       9535
-/+ buffers/cache:       4269      11676
Swap:         8039          0       8039

2019年 07月 26日 星期五 23:46:36 CST
             total       used       free     shared    buffers     cached
Mem:         15945      14510       1435          0        100       9936
-/+ buffers/cache:       4473      11471
Swap:         8039          0       8039

2019年 07月 26日 星期五 23:46:40 CST
             total       used       free     shared    buffers     cached
Mem:         15945      15000        944          0        100      10012
-/+ buffers/cache:       4887      11057
Swap:         8039          0       8039

2019年 07月 26日 星期五 23:46:44 CST
             total       used       free     shared    buffers     cached
Mem:         15945      15777        167          0        100       9858
-/+ buffers/cache:       5818      10126
Swap:         8039          0       8039

2019年 07月 26日 星期五 23:46:48 CST
             total       used       free     shared    buffers     cached
Mem:         15945      15772        173          0         99       9500
-/+ buffers/cache:       6171       9774
Swap:         8039          0       8039

2019年 07月 26日 星期五 23:46:52 CST
             total       used       free     shared    buffers     cached
Mem:         15945      15780        165          0         99       9172
-/+ buffers/cache:       6508       9437
Swap:         8039          0       8039

2019年 07月 26日 星期五 23:46:56 CST
             total       used       free     shared    buffers     cached
Mem:         15945      15795        150          0         99       8942
-/+ buffers/cache:       6752       9192
Swap:         8039          0       8039

2019年 07月 26日 星期五 23:47:00 CST
             total       used       free     shared    buffers     cached
Mem:         15945      15780        164          0         99       8823
-/+ buffers/cache:       6857       9088
Swap:         8039          0       8039

2019年 07月 26日 星期五 23:47:04 CST
             total       used       free     shared    buffers     cached
Mem:         15945      15777        168          0         99       8726
-/+ buffers/cache:       6951       8994
Swap:         8039          0       8039

2019年 07月 26日 星期五 23:47:09 CST
             total       used       free     shared    buffers     cached
Mem:         15945      15310        634          0         99       8785
-/+ buffers/cache:       6425       9520
Swap:         8039          0       8039

2019年 07月 26日 星期五 23:47:13 CST
             total       used       free     shared    buffers     cached
Mem:         15945      15623        321          0         99       8875
-/+ buffers/cache:       6648       9297
Swap:         8039          0       8039

2019年 07月 26日 星期五 23:47:17 CST
             total       used       free     shared    buffers     cached
Mem:         15945      15785        159          0         99       8850
-/+ buffers/cache:       6835       9109
Swap:         8039          0       8039

2019年 07月 26日 星期五 23:47:21 CST
             total       used       free     shared    buffers     cached
Mem:         15945      15785        159          0         99       8684
-/+ buffers/cache:       7001       8943
Swap:         8039          0       8039

2019年 07月 26日 星期五 23:47:25 CST
             total       used       free     shared    buffers     cached
Mem:         15945      15778        167          0         99       8555
-/+ buffers/cache:       7122       8822
Swap:         8039          0       8039

2019年 07月 26日 星期五 23:47:29 CST
             total       used       free     shared    buffers     cached
Mem:         15945      12525       3419          0         99       8600
-/+ buffers/cache:       3825      12120
Swap:         8039          0       8039

2019年 07月 26日 星期五 23:47:33 CST
             total       used       free     shared    buffers     cached
Mem:         15945      13092       2852          0         99       8463
-/+ buffers/cache:       4529      11416
Swap:         8039          0       8039

2019年 07月 26日 星期五 23:47:37 CST
             total       used       free     shared    buffers     cached
Mem:         15945      13150       2795          0         99       8648
-/+ buffers/cache:       4401      11543
Swap:         8039          0       8039

2019年 07月 26日 星期五 23:47:41 CST
             total       used       free     shared    buffers     cached
Mem:         15945      13453       2492          0         99       8488
-/+ buffers/cache:       4864      11080
Swap:         8039          0       8039

2019年 07月 26日 星期五 23:47:45 CST
             total       used       free     shared    buffers     cached
Mem:         15945      12941       3004          0         99       8517
-/+ buffers/cache:       4324      11621
Swap:         8039          0       8039

2019年 07月 26日 星期五 23:47:49 CST
             total       used       free     shared    buffers     cached
Mem:         15945      13297       2647          0         99       8520
-/+ buffers/cache:       4676      11268
Swap:         8039          0       8039

2019年 07月 26日 星期五 23:47:53 CST
             total       used       free     shared    buffers     cached
Mem:         15945      13312       2633          0         99       8522
-/+ buffers/cache:       4689      11256
Swap:         8039          0       8039

2019年 07月 26日 星期五 23:47:57 CST
             total       used       free     shared    buffers     cached
Mem:         15945      13409       2536          0         99       8351
-/+ buffers/cache:       4957      10988
Swap:         8039          0       8039

2019年 07月 26日 星期五 23:48:01 CST
             total       used       free     shared    buffers     cached
Mem:         15945      13590       2355          0         99       8352
-/+ buffers/cache:       5138      10807
Swap:         8039          0       8039

2019年 07月 26日 星期五 23:48:05 CST
             total       used       free     shared    buffers     cached
Mem:         15945      14063       1882          0         99       8356
-/+ buffers/cache:       5606      10338
Swap:         8039          0       8039

2019年 07月 26日 星期五 23:48:09 CST
             total       used       free     shared    buffers     cached
Mem:         15945      13767       2177          0         99       8355
-/+ buffers/cache:       5311      10633
Swap:         8039          0       8039

2019年 07月 26日 星期五 23:48:13 CST
             total       used       free     shared    buffers     cached
Mem:         15945      14043       1902          0         99       8391
-/+ buffers/cache:       5551      10393
Swap:         8039          0       8039

2019年 07月 26日 星期五 23:48:17 CST
             total       used       free     shared    buffers     cached
Mem:         15945      14292       1652          0         99       8573
-/+ buffers/cache:       5619      10326
Swap:         8039          0       8039

2019年 07月 26日 星期五 23:48:21 CST
             total       used       free     shared    buffers     cached
Mem:         15945      14989        955          0         99       8834
-/+ buffers/cache:       6055       9890
Swap:         8039          0       8039

2019年 07月 26日 星期五 23:48:25 CST
             total       used       free     shared    buffers     cached
Mem:         15945      15522        422          0         99       9113
-/+ buffers/cache:       6309       9635
Swap:         8039          0       8039

2019年 07月 26日 星期五 23:48:29 CST
             total       used       free     shared    buffers     cached
Mem:         15945      15766        178          0         99       9245
-/+ buffers/cache:       6421       9523
Swap:         8039          0       8039

2019年 07月 26日 星期五 23:48:33 CST
             total       used       free     shared    buffers     cached
Mem:         15945      15767        178          0         99       9119
-/+ buffers/cache:       6547       9398
Swap:         8039          0       8039

2019年 07月 26日 星期五 23:48:37 CST
             total       used       free     shared    buffers     cached
Mem:         15945      13987       1958          0         99       9156
-/+ buffers/cache:       4730      11214
Swap:         8039          0       8039

2019年 07月 26日 星期五 23:48:41 CST
             total       used       free     shared    buffers     cached
Mem:         15945      14336       1608          0         99       9137
-/+ buffers/cache:       5099      10846
Swap:         8039          0       8039

2019年 07月 26日 星期五 23:48:45 CST
             total       used       free     shared    buffers     cached
Mem:         15945      14885       1060          0         99       9137
-/+ buffers/cache:       5647      10298
Swap:         8039          0       8039

2019年 07月 26日 星期五 23:48:49 CST
             total       used       free     shared    buffers     cached
Mem:         15945      14291       1654          0         99       9138
-/+ buffers/cache:       5052      10893
Swap:         8039          0       8039

2019年 07月 26日 星期五 23:48:53 CST
             total       used       free     shared    buffers     cached
Mem:         15945      13883       2062          0         99       9119
-/+ buffers/cache:       4663      11281
Swap:         8039          0       8039

2019年 07月 26日 星期五 23:48:57 CST
             total       used       free     shared    buffers     cached
Mem:         15945      13535       2409          0         99       9282
-/+ buffers/cache:       4153      11792
Swap:         8039          0       8039

2019年 07月 26日 星期五 23:49:01 CST
             total       used       free     shared    buffers     cached
Mem:         15945      14151       1793          0         99       9101
-/+ buffers/cache:       4950      10994
Swap:         8039          0       8039

2019年 07月 26日 星期五 23:49:05 CST
             total       used       free     shared    buffers     cached
Mem:         15945      14813       1131          0         99       9101
-/+ buffers/cache:       5612      10333
Swap:         8039          0       8039

2019年 07月 26日 星期五 23:49:10 CST
             total       used       free     shared    buffers     cached
Mem:         15945      15284        660          0        100       9123
-/+ buffers/cache:       6061       9884
Swap:         8039          0       8039

2019年 07月 26日 星期五 23:49:14 CST
             total       used       free     shared    buffers     cached
Mem:         15945      15541        404          0        100       8938
-/+ buffers/cache:       6502       9443
Swap:         8039          0       8039

2019年 07月 26日 星期五 23:49:18 CST
             total       used       free     shared    buffers     cached
Mem:         15945      14537       1407          0        100       8939
-/+ buffers/cache:       5498      10447
Swap:         8039          0       8039

2019年 07月 26日 星期五 23:49:22 CST
             total       used       free     shared    buffers     cached
Mem:         15945      15107        838          0        100       9308
-/+ buffers/cache:       5699      10246
Swap:         8039          0       8039

2019年 07月 26日 星期五 23:49:26 CST
             total       used       free     shared    buffers     cached
Mem:         15945      13921       2024          0        100       9122
-/+ buffers/cache:       4698      11246
Swap:         8039          0       8039

2019年 07月 26日 星期五 23:49:30 CST
             total       used       free     shared    buffers     cached
Mem:         15945      13239       2705          0        100       9262
-/+ buffers/cache:       3876      12068
Swap:         8039          0       8039

2019年 07月 26日 星期五 23:49:34 CST
             total       used       free     shared    buffers     cached
Mem:         15945      14208       1737          0        100       9492
-/+ buffers/cache:       4616      11329
Swap:         8039          0       8039

2019年 07月 26日 星期五 23:49:38 CST
             total       used       free     shared    buffers     cached
Mem:         15945      14832       1113          0        100       9462
-/+ buffers/cache:       5269      10675
Swap:         8039          0       8039

2019年 07月 26日 星期五 23:49:42 CST
             total       used       free     shared    buffers     cached
Mem:         15945      14615       1330          0        100       9481
-/+ buffers/cache:       5033      10911
Swap:         8039          0       8039

2019年 07月 26日 星期五 23:49:46 CST
             total       used       free     shared    buffers     cached
Mem:         15945      14983        962          0        100       9481
-/+ buffers/cache:       5401      10544
Swap:         8039          0       8039

2019年 07月 26日 星期五 23:49:50 CST
             total       used       free     shared    buffers     cached
Mem:         15945      15222        723          0        100       9489
-/+ buffers/cache:       5632      10312
Swap:         8039          0       8039

2019年 07月 26日 星期五 23:49:54 CST
             total       used       free     shared    buffers     cached
Mem:         15945      15587        358          0        100       9306
-/+ buffers/cache:       6180       9764
Swap:         8039          0       8039

2019年 07月 26日 星期五 23:49:58 CST
             total       used       free     shared    buffers     cached
Mem:         15945      15268        677          0        100       9307
-/+ buffers/cache:       5860      10084
Swap:         8039          0       8039

2019年 07月 26日 星期五 23:50:02 CST
             total       used       free     shared    buffers     cached
Mem:         15945      13841       2104          0        100       9527
-/+ buffers/cache:       4214      11731
Swap:         8039          0       8039

2019年 07月 26日 星期五 23:50:06 CST
             total       used       free     shared    buffers     cached
Mem:         15945      14148       1797          0        100       9609
-/+ buffers/cache:       4437      11507
Swap:         8039          0       8039

2019年 07月 26日 星期五 23:50:10 CST
             total       used       free     shared    buffers     cached
Mem:         15945      14800       1144          0        100       9667
-/+ buffers/cache:       5032      10912
Swap:         8039          0       8039

2019年 07月 26日 星期五 23:50:14 CST
             total       used       free     shared    buffers     cached
Mem:         15945      14824       1120          0        100       9343
-/+ buffers/cache:       5380      10565
Swap:         8039          0       8039

2019年 07月 26日 星期五 23:50:18 CST
             total       used       free     shared    buffers     cached
Mem:         15945      15621        323          0        100       9497
-/+ buffers/cache:       6024       9921
Swap:         8039          0       8039

2019年 07月 26日 星期五 23:50:22 CST
             total       used       free     shared    buffers     cached
Mem:         15945      15766        179          0        100       9424
-/+ buffers/cache:       6241       9704
Swap:         8039          0       8039

2019年 07月 26日 星期五 23:50:26 CST
             total       used       free     shared    buffers     cached
Mem:         15945      15769        176          0        100       9343
-/+ buffers/cache:       6325       9620
Swap:         8039          0       8039

2019年 07月 26日 星期五 23:50:30 CST
             total       used       free     shared    buffers     cached
Mem:         15945      15767        178          0        100       9252
-/+ buffers/cache:       6414       9530
Swap:         8039          0       8039

2019年 07月 26日 星期五 23:50:34 CST
             total       used       free     shared    buffers     cached
Mem:         15945      15773        171          0        100       9114
-/+ buffers/cache:       6559       9386
Swap:         8039          0       8039

2019年 07月 26日 星期五 23:50:38 CST
             total       used       free     shared    buffers     cached
Mem:         15945      15324        620          0         99       9140
-/+ buffers/cache:       6084       9861
Swap:         8039          0       8039

2019年 07月 26日 星期五 23:50:42 CST
             total       used       free     shared    buffers     cached
Mem:         15945      15707        238          0         99       9348
-/+ buffers/cache:       6259       9686
Swap:         8039          0       8039

2019年 07月 26日 星期五 23:50:46 CST
             total       used       free     shared    buffers     cached
Mem:         15945      15777        168          0         99       8978
-/+ buffers/cache:       6698       9246
Swap:         8039          0       8039

2019年 07月 26日 星期五 23:50:50 CST
             total       used       free     shared    buffers     cached
Mem:         15945      15781        163          0         99       8730
-/+ buffers/cache:       6951       8993
Swap:         8039          0       8039

2019年 07月 26日 星期五 23:50:54 CST
             total       used       free     shared    buffers     cached
Mem:         15945      15726        218          0         99       8578
-/+ buffers/cache:       7049       8896
Swap:         8039          0       8039

2019年 07月 26日 星期五 23:50:58 CST
             total       used       free     shared    buffers     cached
Mem:         15945      13588       2356          0         99       8571
-/+ buffers/cache:       4917      11028
Swap:         8039          0       8039

2019年 07月 26日 星期五 23:51:02 CST
             total       used       free     shared    buffers     cached
Mem:         15945      13334       2610          0         99       8534
-/+ buffers/cache:       4700      11244
Swap:         8039          0       8039

2019年 07月 26日 星期五 23:51:06 CST
             total       used       free     shared    buffers     cached
Mem:         15945      14005       1939          0         99       8624
-/+ buffers/cache:       5282      10663
Swap:         8039          0       8039

2019年 07月 26日 星期五 23:51:10 CST
             total       used       free     shared    buffers     cached
Mem:         15945      14756       1188          0         99       8664
-/+ buffers/cache:       5992       9952
Swap:         8039          0       8039

2019年 07月 26日 星期五 23:51:15 CST
             total       used       free     shared    buffers     cached
Mem:         15945      14953        992          0         99       8512
-/+ buffers/cache:       6340       9604
Swap:         8039          0       8039

2019年 07月 26日 星期五 23:51:19 CST
             total       used       free     shared    buffers     cached
Mem:         15945      14706       1239          0         99       8534
-/+ buffers/cache:       6072       9873
Swap:         8039          0       8039

2019年 07月 26日 星期五 23:51:23 CST
             total       used       free     shared    buffers     cached
Mem:         15945      15074        871          0         99       8558
-/+ buffers/cache:       6416       9529
Swap:         8039          0       8039

2019年 07月 26日 星期五 23:51:27 CST
             total       used       free     shared    buffers     cached
Mem:         15945      13808       2136          0         99       8518
-/+ buffers/cache:       5190      10754
Swap:         8039          0       8039

2019年 07月 26日 星期五 23:51:31 CST
             total       used       free     shared    buffers     cached
Mem:         15945      14535       1410          0         99       8518
-/+ buffers/cache:       5916      10028
Swap:         8039          0       8039

2019年 07月 26日 星期五 23:51:35 CST
             total       used       free     shared    buffers     cached
Mem:         15945      14901       1043          0         99       8396
-/+ buffers/cache:       6406       9539
Swap:         8039          0       8039

2019年 07月 26日 星期五 23:51:39 CST
             total       used       free     shared    buffers     cached
Mem:         15945      14611       1333          0         99       8415
-/+ buffers/cache:       6096       9848
Swap:         8039          0       8039

2019年 07月 26日 星期五 23:51:43 CST
             total       used       free     shared    buffers     cached
Mem:         15945      15081        864          0         99       8429
-/+ buffers/cache:       6552       9393
Swap:         8039          0       8039

2019年 07月 26日 星期五 23:51:47 CST
             total       used       free     shared    buffers     cached
Mem:         15945      15391        554          0         99       8410
-/+ buffers/cache:       6880       9065
Swap:         8039          0       8039

2019年 07月 26日 星期五 23:51:51 CST
             total       used       free     shared    buffers     cached
Mem:         15945      15704        240          0         99       8411
-/+ buffers/cache:       7193       8752
Swap:         8039          0       8039

2019年 07月 26日 星期五 23:51:55 CST
             total       used       free     shared    buffers     cached
Mem:         15945      15781        163          0         99       8298
-/+ buffers/cache:       7383       8561
Swap:         8039          0       8039

2019年 07月 26日 星期五 23:51:59 CST
             total       used       free     shared    buffers     cached
Mem:         15945      12879       3066          0         99       8662
-/+ buffers/cache:       4117      11828
Swap:         8039          0       8039

2019年 07月 26日 星期五 23:52:03 CST
             total       used       free     shared    buffers     cached
Mem:         15945      12950       2994          0         99       8163
-/+ buffers/cache:       4687      11258
Swap:         8039          0       8039

2019年 07月 26日 星期五 23:52:07 CST
             total       used       free     shared    buffers     cached
Mem:         15945      13759       2186          0         99       8167
-/+ buffers/cache:       5491      10453
Swap:         8039          0       8039

2019年 07月 26日 星期五 23:52:11 CST
             total       used       free     shared    buffers     cached
Mem:         15945      13704       2240          0         99       8397
-/+ buffers/cache:       5207      10737
Swap:         8039          0       8039

2019年 07月 26日 星期五 23:52:15 CST
             total       used       free     shared    buffers     cached
Mem:         15945      13014       2931          0         99       8401
-/+ buffers/cache:       4513      11432
Swap:         8039          0       8039

2019年 07月 26日 星期五 23:52:19 CST
             total       used       free     shared    buffers     cached
Mem:         15945      13071       2874          0         99       8727
-/+ buffers/cache:       4243      11702
Swap:         8039          0       8039

2019年 07月 26日 星期五 23:52:23 CST
             total       used       free     shared    buffers     cached
Mem:         15945      13475       2469          0         99       8622
-/+ buffers/cache:       4753      11191
Swap:         8039          0       8039

2019年 07月 26日 星期五 23:52:27 CST
             total       used       free     shared    buffers     cached
Mem:         15945      13992       1952          0         99       8657
-/+ buffers/cache:       5234      10710
Swap:         8039          0       8039

2019年 07月 26日 星期五 23:52:31 CST
             total       used       free     shared    buffers     cached
Mem:         15945      13951       1993          0         99       8777
-/+ buffers/cache:       5074      10871
Swap:         8039          0       8039

2019年 07月 26日 星期五 23:52:35 CST
             total       used       free     shared    buffers     cached
Mem:         15945      14304       1641          0         99       9049
-/+ buffers/cache:       5154      10790
Swap:         8039          0       8039

2019年 07月 26日 星期五 23:52:39 CST
             total       used       free     shared    buffers     cached
Mem:         15945      14778       1167          0         99       9210
-/+ buffers/cache:       5467      10478
Swap:         8039          0       8039

2019年 07月 26日 星期五 23:52:43 CST
             total       used       free     shared    buffers     cached
Mem:         15945      15156        789          0         99       9329
-/+ buffers/cache:       5727      10218
Swap:         8039          0       8039

2019年 07月 26日 星期五 23:52:47 CST
             total       used       free     shared    buffers     cached
Mem:         15945      15340        605          0         99       9472
-/+ buffers/cache:       5768      10177
Swap:         8039          0       8039

2019年 07月 26日 星期五 23:52:51 CST
             total       used       free     shared    buffers     cached
Mem:         15945      15455        489          0         99       9524
-/+ buffers/cache:       5831      10114
Swap:         8039          0       8039

2019年 07月 26日 星期五 23:52:55 CST
             total       used       free     shared    buffers     cached
Mem:         15945      15545        400          0         99       9570
-/+ buffers/cache:       5875      10070
Swap:         8039          0       8039

2019年 07月 26日 星期五 23:52:59 CST
             total       used       free     shared    buffers     cached
Mem:         15945      14259       1686          0         99       9542
-/+ buffers/cache:       4617      11328
Swap:         8039          0       8039

2019年 07月 26日 星期五 23:53:03 CST
             total       used       free     shared    buffers     cached
Mem:         15945      14845       1099          0         99       9359
-/+ buffers/cache:       5385      10559
Swap:         8039          0       8039

2019年 07月 26日 星期五 23:53:07 CST
             total       used       free     shared    buffers     cached
Mem:         15945      15390        555          0         99       9361
-/+ buffers/cache:       5928      10016
Swap:         8039          0       8039

2019年 07月 26日 星期五 23:53:12 CST
             total       used       free     shared    buffers     cached
Mem:         15945      15524        421          0        100       9367
-/+ buffers/cache:       6057       9888
Swap:         8039          0       8039

2019年 07月 26日 星期五 23:53:16 CST
             total       used       free     shared    buffers     cached
Mem:         15945      15627        317          0        100       9376
-/+ buffers/cache:       6150       9794
Swap:         8039          0       8039

2019年 07月 26日 星期五 23:53:20 CST
             total       used       free     shared    buffers     cached
Mem:         15945      15726        219          0        100       9414
-/+ buffers/cache:       6211       9733
Swap:         8039          0       8039

2019年 07月 26日 星期五 23:53:24 CST
             total       used       free     shared    buffers     cached
Mem:         15945      15783        162          0        100       9416
-/+ buffers/cache:       6266       9679
Swap:         8039          0       8039

2019年 07月 26日 星期五 23:53:28 CST
             total       used       free     shared    buffers     cached
Mem:         15945      15778        167          0         99       9348
-/+ buffers/cache:       6329       9615
Swap:         8039          0       8039

2019年 07月 26日 星期五 23:53:32 CST
             total       used       free     shared    buffers     cached
Mem:         15945      15786        159          0         99       9296
-/+ buffers/cache:       6389       9556
Swap:         8039          0       8039

2019年 07月 26日 星期五 23:53:36 CST
             total       used       free     shared    buffers     cached
Mem:         15945      15787        158          0         99       9259
-/+ buffers/cache:       6427       9517
Swap:         8039          0       8039

2019年 07月 26日 星期五 23:53:40 CST
             total       used       free     shared    buffers     cached
Mem:         15945      15784        161          0         99       9211
-/+ buffers/cache:       6472       9472
Swap:         8039          0       8039

2019年 07月 26日 星期五 23:53:44 CST
             total       used       free     shared    buffers     cached
Mem:         15945      15776        169          0         99       9115
-/+ buffers/cache:       6561       9384
Swap:         8039          0       8039

2019年 07月 26日 星期五 23:53:48 CST
             total       used       free     shared    buffers     cached
Mem:         15945      14145       1800          0         99       9080
-/+ buffers/cache:       4964      10980
Swap:         8039          0       8039

2019年 07月 26日 星期五 23:53:52 CST
             total       used       free     shared    buffers     cached
Mem:         15945      14627       1318          0         99       9119
-/+ buffers/cache:       5407      10537
Swap:         8039          0       8039

2019年 07月 26日 星期五 23:53:56 CST
             total       used       free     shared    buffers     cached
Mem:         15945      13497       2447          0         99       9293
-/+ buffers/cache:       4104      11841
Swap:         8039          0       8039

2019年 07月 26日 星期五 23:54:00 CST
             total       used       free     shared    buffers     cached
Mem:         15945      13317       2628          0         99       8964
-/+ buffers/cache:       4253      11692
Swap:         8039          0       8039

2019年 07月 26日 星期五 23:54:04 CST
             total       used       free     shared    buffers     cached
Mem:         15945      13974       1970          0         99       8965
-/+ buffers/cache:       4908      11036
Swap:         8039          0       8039

2019年 07月 26日 星期五 23:54:08 CST
             total       used       free     shared    buffers     cached
Mem:         15945      14640       1304          0         99       8985
-/+ buffers/cache:       5554      10390
Swap:         8039          0       8039

2019年 07月 26日 星期五 23:54:12 CST
             total       used       free     shared    buffers     cached
Mem:         15945      14745       1200          0         99       9154
-/+ buffers/cache:       5490      10455
Swap:         8039          0       8039

2019年 07月 26日 星期五 23:54:16 CST
             total       used       free     shared    buffers     cached
Mem:         15945      14115       1830          0         99       9070
-/+ buffers/cache:       4944      11000
Swap:         8039          0       8039

2019年 07月 26日 星期五 23:54:20 CST
             total       used       free     shared    buffers     cached
Mem:         15945      14166       1778          0         99       8886
-/+ buffers/cache:       5180      10764
Swap:         8039          0       8039

2019年 07月 26日 星期五 23:54:24 CST
             total       used       free     shared    buffers     cached
Mem:         15945      14224       1721          0         99       8906
-/+ buffers/cache:       5217      10728
Swap:         8039          0       8039

2019年 07月 26日 星期五 23:54:28 CST
             total       used       free     shared    buffers     cached
Mem:         15945      13595       2350          0        100       8923
-/+ buffers/cache:       4572      11373
Swap:         8039          0       8039

2019年 07月 26日 星期五 23:54:32 CST
             total       used       free     shared    buffers     cached
Mem:         15945      12810       3134          0        100       9070
-/+ buffers/cache:       3640      12305
Swap:         8039          0       8039

2019年 07月 26日 星期五 23:54:36 CST
             total       used       free     shared    buffers     cached
Mem:         15945      12410       3535          0        100       8700
-/+ buffers/cache:       3609      12335
Swap:         8039          0       8039

2019年 07月 26日 星期五 23:54:40 CST
             total       used       free     shared    buffers     cached
Mem:         15945      12645       3299          0        100       8681
-/+ buffers/cache:       3864      12081
Swap:         8039          0       8039

2019年 07月 26日 星期五 23:54:44 CST
             total       used       free     shared    buffers     cached
Mem:         15945      13041       2904          0        100       8702
-/+ buffers/cache:       4238      11706
Swap:         8039          0       8039

2019年 07月 26日 星期五 23:54:48 CST
             total       used       free     shared    buffers     cached
Mem:         15945      13434       2511          0        100       8702
-/+ buffers/cache:       4631      11314
Swap:         8039          0       8039

2019年 07月 26日 星期五 23:54:52 CST
             total       used       free     shared    buffers     cached
Mem:         15945      14332       1613          0        100       8703
-/+ buffers/cache:       5529      10416
Swap:         8039          0       8039

2019年 07月 26日 星期五 23:54:56 CST
             total       used       free     shared    buffers     cached
Mem:         15945      14578       1367          0        100       8705
-/+ buffers/cache:       5773      10172
Swap:         8039          0       8039

2019年 07月 26日 星期五 23:55:00 CST
             total       used       free     shared    buffers     cached
Mem:         15945      15137        807          0        100       8708
-/+ buffers/cache:       6329       9615
Swap:         8039          0       8039

2019年 07月 26日 星期五 23:55:04 CST
             total       used       free     shared    buffers     cached
Mem:         15945      14202       1742          0        100       8669
-/+ buffers/cache:       5433      10512
Swap:         8039          0       8039

2019年 07月 26日 星期五 23:55:08 CST
             total       used       free     shared    buffers     cached
Mem:         15945      11868       4076          0        100       8460
-/+ buffers/cache:       3307      12637
Swap:         8039          0       8039

2019年 07月 26日 星期五 23:55:12 CST
             total       used       free     shared    buffers     cached
Mem:         15945      11870       4074          0        100       8461
-/+ buffers/cache:       3309      12635
Swap:         8039          0       8039

2019年 07月 26日 星期五 23:55:16 CST
             total       used       free     shared    buffers     cached
Mem:         15945      10601       5344          0        100       8459
-/+ buffers/cache:       2041      13903
Swap:         8039          0       8039

