
2019年 07月 26日 星期五 23:41:55 CST
             total       used       free     shared    buffers     cached
Mem:         15945      10526       5418          0        120       8413
-/+ buffers/cache:       1992      13952
Swap:         8039          0       8039

2019年 07月 26日 星期五 23:41:59 CST
             total       used       free     shared    buffers     cached
Mem:         15945      10526       5418          0        120       8413
-/+ buffers/cache:       1992      13952
Swap:         8039          0       8039

2019年 07月 26日 星期五 23:42:03 CST
             total       used       free     shared    buffers     cached
Mem:         15945      10106       5839          0        120       7992
-/+ buffers/cache:       1992      13953
Swap:         8039          0       8039

2019年 07月 26日 星期五 23:42:07 CST
             total       used       free     shared    buffers     cached
Mem:         15945      10104       5841          0        120       7992
-/+ buffers/cache:       1990      13954
Swap:         8039          0       8039

2019年 07月 26日 星期五 23:42:11 CST
             total       used       free     shared    buffers     cached
Mem:         15945      10123       5822          0        120       8011
-/+ buffers/cache:       1990      13954
Swap:         8039          0       8039

2019年 07月 26日 星期五 23:42:15 CST
             total       used       free     shared    buffers     cached
Mem:         15945      10288       5657          0        120       8172
-/+ buffers/cache:       1994      13950
Swap:         8039          0       8039

2019年 07月 26日 星期五 23:42:19 CST
             total       used       free     shared    buffers     cached
Mem:         15945      10751       5194          0        120       8554
-/+ buffers/cache:       2075      13870
Swap:         8039          0       8039

2019年 07月 26日 星期五 23:42:23 CST
             total       used       free     shared    buffers     cached
Mem:         15945      11637       4308          0        120       8877
-/+ buffers/cache:       2639      13306
Swap:         8039          0       8039

2019年 07月 26日 星期五 23:42:27 CST
             total       used       free     shared    buffers     cached
Mem:         15945      12315       3630          0        120       9157
-/+ buffers/cache:       3037      12908
Swap:         8039          0       8039

2019年 07月 26日 星期五 23:42:31 CST
             total       used       free     shared    buffers     cached
Mem:         15945      12869       3075          0        120       9265
-/+ buffers/cache:       3483      12462
Swap:         8039          0       8039

2019年 07月 26日 星期五 23:42:35 CST
             total       used       free     shared    buffers     cached
Mem:         15945      13244       2701          0        120       9266
-/+ buffers/cache:       3857      12088
Swap:         8039          0       8039

2019年 07月 26日 星期五 23:42:39 CST
             total       used       free     shared    buffers     cached
Mem:         15945      13647       2298          0        120       9266
-/+ buffers/cache:       4259      11685
Swap:         8039          0       8039

2019年 07月 26日 星期五 23:42:43 CST
             total       used       free     shared    buffers     cached
Mem:         15945      14056       1889          0        120       9266
-/+ buffers/cache:       4668      11276
Swap:         8039          0       8039

2019年 07月 26日 星期五 23:42:47 CST
             total       used       free     shared    buffers     cached
Mem:         15945      14057       1887          0        120       9267
-/+ buffers/cache:       4669      11276
Swap:         8039          0       8039

2019年 07月 26日 星期五 23:42:51 CST
             total       used       free     shared    buffers     cached
Mem:         15945      14059       1886          0        120       9267
-/+ buffers/cache:       4670      11275
Swap:         8039          0       8039

2019年 07月 26日 星期五 23:42:55 CST
             total       used       free     shared    buffers     cached
Mem:         15945      14058       1886          0        120       9267
-/+ buffers/cache:       4670      11275
Swap:         8039          0       8039

2019年 07月 26日 星期五 23:42:59 CST
             total       used       free     shared    buffers     cached
Mem:         15945      14039       1905          0        120       9248
-/+ buffers/cache:       4670      11275
Swap:         8039          0       8039

2019年 07月 26日 星期五 23:43:03 CST
             total       used       free     shared    buffers     cached
Mem:         15945      14041       1904          0        120       9248
-/+ buffers/cache:       4671      11274
Swap:         8039          0       8039

2019年 07月 26日 星期五 23:43:07 CST
             total       used       free     shared    buffers     cached
Mem:         15945      14057       1887          0        120       9250
-/+ buffers/cache:       4686      11259
Swap:         8039          0       8039

2019年 07月 26日 星期五 23:43:11 CST
             total       used       free     shared    buffers     cached
Mem:         15945      14123       1822          0        120       9254
-/+ buffers/cache:       4747      11197
Swap:         8039          0       8039

2019年 07月 26日 星期五 23:43:15 CST
             total       used       free     shared    buffers     cached
Mem:         15945      14170       1775          0        120       9256
-/+ buffers/cache:       4793      11152
Swap:         8039          0       8039

2019年 07月 26日 星期五 23:43:19 CST
             total       used       free     shared    buffers     cached
Mem:         15945      14171       1773          0        120       9256
-/+ buffers/cache:       4794      11151
Swap:         8039          0       8039

2019年 07月 26日 星期五 23:43:23 CST
             total       used       free     shared    buffers     cached
Mem:         15945      14171       1774          0        120       9256
-/+ buffers/cache:       4793      11151
Swap:         8039          0       8039

2019年 07月 26日 星期五 23:43:27 CST
             total       used       free     shared    buffers     cached
Mem:         15945      13987       1958          0        120       9071
-/+ buffers/cache:       4794      11151
Swap:         8039          0       8039

2019年 07月 26日 星期五 23:43:31 CST
             total       used       free     shared    buffers     cached
Mem:         15945      13979       1966          0        120       9071
-/+ buffers/cache:       4786      11158
Swap:         8039          0       8039

2019年 07月 26日 星期五 23:43:36 CST
             total       used       free     shared    buffers     cached
Mem:         15945      13979       1965          0        120       9071
-/+ buffers/cache:       4787      11158
Swap:         8039          0       8039

2019年 07月 26日 星期五 23:43:40 CST
             total       used       free     shared    buffers     cached
Mem:         15945      13984       1961          0        120       9072
-/+ buffers/cache:       4791      11154
Swap:         8039          0       8039

2019年 07月 26日 星期五 23:43:44 CST
             total       used       free     shared    buffers     cached
Mem:         15945      14004       1940          0        120       9072
-/+ buffers/cache:       4811      11133
Swap:         8039          0       8039

2019年 07月 26日 星期五 23:43:48 CST
             total       used       free     shared    buffers     cached
Mem:         15945      13349       2595          0        120       8701
-/+ buffers/cache:       4527      11418
Swap:         8039          0       8039

2019年 07月 26日 星期五 23:43:52 CST
             total       used       free     shared    buffers     cached
Mem:         15945      13787       2157          0        120       8701
-/+ buffers/cache:       4965      10980
Swap:         8039          0       8039

2019年 07月 26日 星期五 23:43:56 CST
             total       used       free     shared    buffers     cached
Mem:         15945      13584       2360          0        121       8681
-/+ buffers/cache:       4782      11163
Swap:         8039          0       8039

2019年 07月 26日 星期五 23:44:00 CST
             total       used       free     shared    buffers     cached
Mem:         15945      14169       1776          0        121       8663
-/+ buffers/cache:       5385      10560
Swap:         8039          0       8039

2019年 07月 26日 星期五 23:44:04 CST
             total       used       free     shared    buffers     cached
Mem:         15945      14744       1201          0        121       8664
-/+ buffers/cache:       5959       9986
Swap:         8039          0       8039

2019年 07月 26日 星期五 23:44:08 CST
             total       used       free     shared    buffers     cached
Mem:         15945      14952        993          0        121       8664
-/+ buffers/cache:       6166       9778
Swap:         8039          0       8039

2019年 07月 26日 星期五 23:44:12 CST
             total       used       free     shared    buffers     cached
Mem:         15945      14454       1491          0        121       8664
-/+ buffers/cache:       5668      10276
Swap:         8039          0       8039

2019年 07月 26日 星期五 23:44:16 CST
             total       used       free     shared    buffers     cached
Mem:         15945      13580       2365          0        121       8794
-/+ buffers/cache:       4664      11281
Swap:         8039          0       8039

2019年 07月 26日 星期五 23:44:20 CST
             total       used       free     shared    buffers     cached
Mem:         15945      14494       1451          0        121       9046
-/+ buffers/cache:       5326      10618
Swap:         8039          0       8039

2019年 07月 26日 星期五 23:44:24 CST
             total       used       free     shared    buffers     cached
Mem:         15945      15189        755          0        121       9301
-/+ buffers/cache:       5767      10177
Swap:         8039          0       8039

2019年 07月 26日 星期五 23:44:28 CST
             total       used       free     shared    buffers     cached
Mem:         15945      14812       1132          0        121       9597
-/+ buffers/cache:       5093      10851
Swap:         8039          0       8039

2019年 07月 26日 星期五 23:44:32 CST
             total       used       free     shared    buffers     cached
Mem:         15945      15369        576          0        121       9852
-/+ buffers/cache:       5395      10550
Swap:         8039          0       8039

2019年 07月 26日 星期五 23:44:36 CST
             total       used       free     shared    buffers     cached
Mem:         15945      14460       1484          0        121       9775
-/+ buffers/cache:       4563      11381
Swap:         8039          0       8039

2019年 07月 26日 星期五 23:44:40 CST
             total       used       free     shared    buffers     cached
Mem:         15945      14099       1845          0        121       9775
-/+ buffers/cache:       4203      11742
Swap:         8039          0       8039

2019年 07月 26日 星期五 23:44:44 CST
             total       used       free     shared    buffers     cached
Mem:         15945      14439       1506          0        121       9795
-/+ buffers/cache:       4522      11423
Swap:         8039          0       8039

2019年 07月 26日 星期五 23:44:48 CST
             total       used       free     shared    buffers     cached
Mem:         15945      14730       1214          0        121       9795
-/+ buffers/cache:       4813      11131
Swap:         8039          0       8039

2019年 07月 26日 星期五 23:44:52 CST
             total       used       free     shared    buffers     cached
Mem:         15945      13790       2154          0        121       9813
-/+ buffers/cache:       3855      12089
Swap:         8039          0       8039

2019年 07月 26日 星期五 23:44:56 CST
             total       used       free     shared    buffers     cached
Mem:         15945      14306       1638          0        121       9795
-/+ buffers/cache:       4390      11555
Swap:         8039          0       8039

2019年 07月 26日 星期五 23:45:00 CST
             total       used       free     shared    buffers     cached
Mem:         15945      14531       1413          0        121       9795
-/+ buffers/cache:       4614      11330
Swap:         8039          0       8039

2019年 07月 26日 星期五 23:45:04 CST
             total       used       free     shared    buffers     cached
Mem:         15945      14997        948          0        121       9797
-/+ buffers/cache:       5078      10866
Swap:         8039          0       8039

2019年 07月 26日 星期五 23:45:08 CST
             total       used       free     shared    buffers     cached
Mem:         15945      15286        658          0        121       9798
-/+ buffers/cache:       5366      10578
Swap:         8039          0       8039

2019年 07月 26日 星期五 23:45:12 CST
             total       used       free     shared    buffers     cached
Mem:         15945      14736       1208          0        121       9832
-/+ buffers/cache:       4782      11162
Swap:         8039          0       8039

2019年 07月 26日 星期五 23:45:16 CST
             total       used       free     shared    buffers     cached
Mem:         15945      15062        882          0        121       9983
-/+ buffers/cache:       4957      10987
Swap:         8039          0       8039

2019年 07月 26日 星期五 23:45:20 CST
             total       used       free     shared    buffers     cached
Mem:         15945      15328        617          0        121       9966
-/+ buffers/cache:       5240      10705
Swap:         8039          0       8039

2019年 07月 26日 星期五 23:45:24 CST
             total       used       free     shared    buffers     cached
Mem:         15945      15070        875          0        121       9946
-/+ buffers/cache:       5002      10943
Swap:         8039          0       8039

2019年 07月 26日 星期五 23:45:28 CST
             total       used       free     shared    buffers     cached
Mem:         15945      15299        645          0        121       9949
-/+ buffers/cache:       5229      10716
Swap:         8039          0       8039

2019年 07月 26日 星期五 23:45:32 CST
             total       used       free     shared    buffers     cached
Mem:         15945      15731        213          0        121       9932
-/+ buffers/cache:       5678      10267
Swap:         8039          0       8039

2019年 07月 26日 星期五 23:45:36 CST
             total       used       free     shared    buffers     cached
Mem:         15945      15782        162          0        121       9559
-/+ buffers/cache:       6102       9842
Swap:         8039          0       8039

2019年 07月 26日 星期五 23:45:40 CST
             total       used       free     shared    buffers     cached
Mem:         15945      13890       2054          0        121       9570
-/+ buffers/cache:       4198      11746
Swap:         8039          0       8039

2019年 07月 26日 星期五 23:45:44 CST
             total       used       free     shared    buffers     cached
Mem:         15945      14414       1531          0        121       9622
-/+ buffers/cache:       4670      11275
Swap:         8039          0       8039

2019年 07月 26日 星期五 23:45:48 CST
             total       used       free     shared    buffers     cached
Mem:         15945      14053       1892          0        121       9690
-/+ buffers/cache:       4241      11704
Swap:         8039          0       8039

2019年 07月 26日 星期五 23:45:52 CST
             total       used       free     shared    buffers     cached
Mem:         15945      15185        759          0        121      10001
-/+ buffers/cache:       5063      10882
Swap:         8039          0       8039

2019年 07月 26日 星期五 23:45:56 CST
             total       used       free     shared    buffers     cached
Mem:         15945      15595        349          0        121       9832
-/+ buffers/cache:       5641      10303
Swap:         8039          0       8039

2019年 07月 26日 星期五 23:46:01 CST
             total       used       free     shared    buffers     cached
Mem:         15945      15245        699          0        121       9717
-/+ buffers/cache:       5406      10539
Swap:         8039          0       8039

2019年 07月 26日 星期五 23:46:05 CST
             total       used       free     shared    buffers     cached
Mem:         15945      15556        388          0        121       9740
-/+ buffers/cache:       5695      10250
Swap:         8039          0       8039

2019年 07月 26日 星期五 23:46:09 CST
             total       used       free     shared    buffers     cached
Mem:         15945      15785        159          0        121       9758
-/+ buffers/cache:       5905      10039
Swap:         8039          0       8039

2019年 07月 26日 星期五 23:46:13 CST
             total       used       free     shared    buffers     cached
Mem:         15945      15673        272          0        121       9371
-/+ buffers/cache:       6180       9765
Swap:         8039          0       8039

2019年 07月 26日 星期五 23:46:17 CST
             total       used       free     shared    buffers     cached
Mem:         15945      15766        178          0        121       9184
-/+ buffers/cache:       6461       9484
Swap:         8039          0       8039

2019年 07月 26日 星期五 23:46:21 CST
             total       used       free     shared    buffers     cached
Mem:         15945      15778        167          0        121       9146
-/+ buffers/cache:       6510       9434
Swap:         8039          0       8039

2019年 07月 26日 星期五 23:46:25 CST
             total       used       free     shared    buffers     cached
Mem:         15945      15745        200          0        121       9088
-/+ buffers/cache:       6535       9410
Swap:         8039          0       8039

2019年 07月 26日 星期五 23:46:29 CST
             total       used       free     shared    buffers     cached
Mem:         15945      14035       1910          0        121       9244
-/+ buffers/cache:       4669      11276
Swap:         8039          0       8039

2019年 07月 26日 星期五 23:46:33 CST
             total       used       free     shared    buffers     cached
Mem:         15945      13812       2133          0        121       9295
-/+ buffers/cache:       4396      11549
Swap:         8039          0       8039

2019年 07月 26日 星期五 23:46:37 CST
             total       used       free     shared    buffers     cached
Mem:         15945      14589       1356          0        121       9548
-/+ buffers/cache:       4919      11026
Swap:         8039          0       8039

2019年 07月 26日 星期五 23:46:41 CST
             total       used       free     shared    buffers     cached
Mem:         15945      15290        654          0        121       9833
-/+ buffers/cache:       5335      10609
Swap:         8039          0       8039

2019年 07月 26日 星期五 23:46:45 CST
             total       used       free     shared    buffers     cached
Mem:         15945      15781        163          0        121       9559
-/+ buffers/cache:       6100       9844
Swap:         8039          0       8039

2019年 07月 26日 星期五 23:46:49 CST
             total       used       free     shared    buffers     cached
Mem:         15945      15779        166          0        121       8958
-/+ buffers/cache:       6699       9246
Swap:         8039          0       8039

2019年 07月 26日 星期五 23:46:53 CST
             total       used       free     shared    buffers     cached
Mem:         15945      15674        270          0        121       8526
-/+ buffers/cache:       7027       8917
Swap:         8039          0       8039

2019年 07月 26日 星期五 23:46:57 CST
             total       used       free     shared    buffers     cached
Mem:         15945      15768        177          0        120       8452
-/+ buffers/cache:       7194       8751
Swap:         8039          0       8039

2019年 07月 26日 星期五 23:47:01 CST
             total       used       free     shared    buffers     cached
Mem:         15945      15774        171          0        120       8351
-/+ buffers/cache:       7301       8644
Swap:         8039          0       8039

2019年 07月 26日 星期五 23:47:05 CST
             total       used       free     shared    buffers     cached
Mem:         15945      13973       1971          0        120       8387
-/+ buffers/cache:       5465      10479
Swap:         8039          0       8039

2019年 07月 26日 星期五 23:47:09 CST
             total       used       free     shared    buffers     cached
Mem:         15945      14477       1467          0        120       8510
-/+ buffers/cache:       5845      10099
Swap:         8039          0       8039

2019年 07月 26日 星期五 23:47:13 CST
             total       used       free     shared    buffers     cached
Mem:         15945      15153        792          0        120       8628
-/+ buffers/cache:       6403       9541
Swap:         8039          0       8039

2019年 07月 26日 星期五 23:47:17 CST
             total       used       free     shared    buffers     cached
Mem:         15945      15724        220          0        120       8728
-/+ buffers/cache:       6874       9070
Swap:         8039          0       8039

2019年 07月 26日 星期五 23:47:21 CST
             total       used       free     shared    buffers     cached
Mem:         15945      15794        151          0        120       8502
-/+ buffers/cache:       7171       8774
Swap:         8039          0       8039

2019年 07月 26日 星期五 23:47:25 CST
             total       used       free     shared    buffers     cached
Mem:         15945      14571       1374          0        120       8453
-/+ buffers/cache:       5996       9948
Swap:         8039          0       8039

2019年 07月 26日 星期五 23:47:29 CST
             total       used       free     shared    buffers     cached
Mem:         15945      14395       1550          0        120       8735
-/+ buffers/cache:       5538      10406
Swap:         8039          0       8039

2019年 07月 26日 星期五 23:47:34 CST
             total       used       free     shared    buffers     cached
Mem:         15945      12725       3219          0        120       8587
-/+ buffers/cache:       4017      11927
Swap:         8039          0       8039

2019年 07月 26日 星期五 23:47:38 CST
             total       used       free     shared    buffers     cached
Mem:         15945      13451       2494          0        120       8676
-/+ buffers/cache:       4654      11291
Swap:         8039          0       8039

2019年 07月 26日 星期五 23:47:42 CST
             total       used       free     shared    buffers     cached
Mem:         15945      13746       2198          0        120       8690
-/+ buffers/cache:       4935      11010
Swap:         8039          0       8039

2019年 07月 26日 星期五 23:47:46 CST
             total       used       free     shared    buffers     cached
Mem:         15945      14011       1933          0        120       8877
-/+ buffers/cache:       5013      10932
Swap:         8039          0       8039

2019年 07月 26日 星期五 23:47:50 CST
             total       used       free     shared    buffers     cached
Mem:         15945      13276       2669          0        120       8732
-/+ buffers/cache:       4423      11522
Swap:         8039          0       8039

2019年 07月 26日 星期五 23:47:54 CST
             total       used       free     shared    buffers     cached
Mem:         15945      13721       2224          0        120       8752
-/+ buffers/cache:       4848      11097
Swap:         8039          0       8039

2019年 07月 26日 星期五 23:47:58 CST
             total       used       free     shared    buffers     cached
Mem:         15945      13962       1982          0        120       8752
-/+ buffers/cache:       5089      10856
Swap:         8039          0       8039

2019年 07月 26日 星期五 23:48:02 CST
             total       used       free     shared    buffers     cached
Mem:         15945      14309       1635          0        120       8753
-/+ buffers/cache:       5435      10509
Swap:         8039          0       8039

2019年 07月 26日 星期五 23:48:06 CST
             total       used       free     shared    buffers     cached
Mem:         15945      13165       2779          0        120       8752
-/+ buffers/cache:       4292      11652
Swap:         8039          0       8039

2019年 07月 26日 星期五 23:48:10 CST
             total       used       free     shared    buffers     cached
Mem:         15945      13440       2505          0        120       8752
-/+ buffers/cache:       4566      11379
Swap:         8039          0       8039

2019年 07月 26日 星期五 23:48:14 CST
             total       used       free     shared    buffers     cached
Mem:         15945      13794       2150          0        120       8876
-/+ buffers/cache:       4797      11148
Swap:         8039          0       8039

2019年 07月 26日 星期五 23:48:18 CST
             total       used       free     shared    buffers     cached
Mem:         15945      14463       1482          0        120       9117
-/+ buffers/cache:       5224      10721
Swap:         8039          0       8039

2019年 07月 26日 星期五 23:48:22 CST
             total       used       free     shared    buffers     cached
Mem:         15945      15130        815          0        120       9408
-/+ buffers/cache:       5601      10344
Swap:         8039          0       8039

2019年 07月 26日 星期五 23:48:27 CST
             total       used       free     shared    buffers     cached
Mem:         15945      15657        287          0        120       9716
-/+ buffers/cache:       5820      10125
Swap:         8039          0       8039

2019年 07月 26日 星期五 23:48:31 CST
             total       used       free     shared    buffers     cached
Mem:         15945      15754        191          0        120       9740
-/+ buffers/cache:       5892      10053
Swap:         8039          0       8039

2019年 07月 26日 星期五 23:48:35 CST
             total       used       free     shared    buffers     cached
Mem:         15945      15778        167          0        120       9693
-/+ buffers/cache:       5964       9981
Swap:         8039          0       8039

2019年 07月 26日 星期五 23:48:39 CST
             total       used       free     shared    buffers     cached
Mem:         15945      15774        170          0        120       9649
-/+ buffers/cache:       6004       9941
Swap:         8039          0       8039

2019年 07月 26日 星期五 23:48:43 CST
             total       used       free     shared    buffers     cached
Mem:         15945      15779        165          0        120       9601
-/+ buffers/cache:       6057       9888
Swap:         8039          0       8039

2019年 07月 26日 星期五 23:48:47 CST
             total       used       free     shared    buffers     cached
Mem:         15945      15793        151          0        120       9537
-/+ buffers/cache:       6135       9810
Swap:         8039          0       8039

2019年 07月 26日 星期五 23:48:51 CST
             total       used       free     shared    buffers     cached
Mem:         15945      15269        676          0        120       9508
-/+ buffers/cache:       5640      10304
Swap:         8039          0       8039

2019年 07月 26日 星期五 23:48:55 CST
             total       used       free     shared    buffers     cached
Mem:         15945      14815       1129          0        120       9494
-/+ buffers/cache:       5201      10744
Swap:         8039          0       8039

2019年 07月 26日 星期五 23:48:59 CST
             total       used       free     shared    buffers     cached
Mem:         15945      15472        472          0        120       9495
-/+ buffers/cache:       5856      10089
Swap:         8039          0       8039

2019年 07月 26日 星期五 23:49:03 CST
             total       used       free     shared    buffers     cached
Mem:         15945      15777        168          0        120       9326
-/+ buffers/cache:       6330       9615
Swap:         8039          0       8039

2019年 07月 26日 星期五 23:49:07 CST
             total       used       free     shared    buffers     cached
Mem:         15945      15019        925          0        120       9337
-/+ buffers/cache:       5561      10384
Swap:         8039          0       8039

2019年 07月 26日 星期五 23:49:11 CST
             total       used       free     shared    buffers     cached
Mem:         15945      15542        403          0        120       9556
-/+ buffers/cache:       5865      10080
Swap:         8039          0       8039

2019年 07月 26日 星期五 23:49:15 CST
             total       used       free     shared    buffers     cached
Mem:         15945      15712        233          0        120       9388
-/+ buffers/cache:       6202       9742
Swap:         8039          0       8039

2019年 07月 26日 星期五 23:49:19 CST
             total       used       free     shared    buffers     cached
Mem:         15945      15360        585          0        120       9436
-/+ buffers/cache:       5802      10143
Swap:         8039          0       8039

2019年 07月 26日 星期五 23:49:23 CST
             total       used       free     shared    buffers     cached
Mem:         15945      15675        269          0        120       9502
-/+ buffers/cache:       6051       9893
Swap:         8039          0       8039

2019年 07月 26日 星期五 23:49:27 CST
             total       used       free     shared    buffers     cached
Mem:         15945      14499       1445          0        120       9322
-/+ buffers/cache:       5056      10889
Swap:         8039          0       8039

2019年 07月 26日 星期五 23:49:31 CST
             total       used       free     shared    buffers     cached
Mem:         15945      14607       1337          0        120       9302
-/+ buffers/cache:       5183      10761
Swap:         8039          0       8039

2019年 07月 26日 星期五 23:49:35 CST
             total       used       free     shared    buffers     cached
Mem:         15945      14922       1022          0        120       9307
-/+ buffers/cache:       5494      10450
Swap:         8039          0       8039

2019年 07月 26日 星期五 23:49:39 CST
             total       used       free     shared    buffers     cached
Mem:         15945      14692       1252          0        120       9319
-/+ buffers/cache:       5252      10692
Swap:         8039          0       8039

2019年 07月 26日 星期五 23:49:43 CST
             total       used       free     shared    buffers     cached
Mem:         15945      15312        632          0        120       9466
-/+ buffers/cache:       5725      10220
Swap:         8039          0       8039

2019年 07月 26日 星期五 23:49:47 CST
             total       used       free     shared    buffers     cached
Mem:         15945      15580        365          0        120       9553
-/+ buffers/cache:       5905      10039
Swap:         8039          0       8039

2019年 07月 26日 星期五 23:49:51 CST
             total       used       free     shared    buffers     cached
Mem:         15945      14828       1116          0        120       9646
-/+ buffers/cache:       5060      10884
Swap:         8039          0       8039

2019年 07月 26日 星期五 23:49:55 CST
             total       used       free     shared    buffers     cached
Mem:         15945      15118        827          0        120       9513
-/+ buffers/cache:       5483      10462
Swap:         8039          0       8039

2019年 07月 26日 星期五 23:49:59 CST
             total       used       free     shared    buffers     cached
Mem:         15945      15303        641          0        120       9517
-/+ buffers/cache:       5665      10280
Swap:         8039          0       8039

2019年 07月 26日 星期五 23:50:03 CST
             total       used       free     shared    buffers     cached
Mem:         15945      15759        186          0        120       9693
-/+ buffers/cache:       5944      10001
Swap:         8039          0       8039

2019年 07月 26日 星期五 23:50:07 CST
             total       used       free     shared    buffers     cached
Mem:         15945      15629        316          0        121       9685
-/+ buffers/cache:       5822      10122
Swap:         8039          0       8039

2019年 07月 26日 星期五 23:50:11 CST
             total       used       free     shared    buffers     cached
Mem:         15945      15771        174          0        120       9474
-/+ buffers/cache:       6175       9770
Swap:         8039          0       8039

2019年 07月 26日 星期五 23:50:15 CST
             total       used       free     shared    buffers     cached
Mem:         15945      14192       1753          0        121       9438
-/+ buffers/cache:       4633      11312
Swap:         8039          0       8039

2019年 07月 26日 星期五 23:50:19 CST
             total       used       free     shared    buffers     cached
Mem:         15945      14693       1251          0        121       9637
-/+ buffers/cache:       4935      11009
Swap:         8039          0       8039

2019年 07月 26日 星期五 23:50:23 CST
             total       used       free     shared    buffers     cached
Mem:         15945      15166        779          0        121       9867
-/+ buffers/cache:       5177      10767
Swap:         8039          0       8039

2019年 07月 26日 星期五 23:50:27 CST
             total       used       free     shared    buffers     cached
Mem:         15945      15707        237          0        121      10151
-/+ buffers/cache:       5435      10509
Swap:         8039          0       8039

2019年 07月 26日 星期五 23:50:31 CST
             total       used       free     shared    buffers     cached
Mem:         15945      15767        178          0        120       9843
-/+ buffers/cache:       5802      10143
Swap:         8039          0       8039

2019年 07月 26日 星期五 23:50:35 CST
             total       used       free     shared    buffers     cached
Mem:         15945      15771        174          0        120       9657
-/+ buffers/cache:       5993       9952
Swap:         8039          0       8039

2019年 07月 26日 星期五 23:50:39 CST
             total       used       free     shared    buffers     cached
Mem:         15945      15486        459          0        120       9642
-/+ buffers/cache:       5723      10221
Swap:         8039          0       8039

2019年 07月 26日 星期五 23:50:44 CST
             total       used       free     shared    buffers     cached
Mem:         15945      15787        158          0        120       9629
-/+ buffers/cache:       6037       9908
Swap:         8039          0       8039

2019年 07月 26日 星期五 23:50:48 CST
             total       used       free     shared    buffers     cached
Mem:         15945      14955        990          0        120       9451
-/+ buffers/cache:       5383      10562
Swap:         8039          0       8039

2019年 07月 26日 星期五 23:50:52 CST
             total       used       free     shared    buffers     cached
Mem:         15945      13866       2078          0        120       9471
-/+ buffers/cache:       4274      11671
Swap:         8039          0       8039

2019年 07月 26日 星期五 23:50:56 CST
             total       used       free     shared    buffers     cached
Mem:         15945      14494       1451          0        120       9392
-/+ buffers/cache:       4981      10964
Swap:         8039          0       8039

2019年 07月 26日 星期五 23:51:00 CST
             total       used       free     shared    buffers     cached
Mem:         15945      14583       1361          0        120       9388
-/+ buffers/cache:       5074      10870
Swap:         8039          0       8039

2019年 07月 26日 星期五 23:51:04 CST
             total       used       free     shared    buffers     cached
Mem:         15945      14503       1441          0        120       9185
-/+ buffers/cache:       5197      10747
Swap:         8039          0       8039

2019年 07月 26日 星期五 23:51:08 CST
             total       used       free     shared    buffers     cached
Mem:         15945      12948       2997          0        120       9333
-/+ buffers/cache:       3494      12450
Swap:         8039          0       8039

2019年 07月 26日 星期五 23:51:12 CST
             total       used       free     shared    buffers     cached
Mem:         15945      13735       2209          0        120       9245
-/+ buffers/cache:       4369      11576
Swap:         8039          0       8039

2019年 07月 26日 星期五 23:51:16 CST
             total       used       free     shared    buffers     cached
Mem:         15945      14111       1833          0        120       9253
-/+ buffers/cache:       4737      11207
Swap:         8039          0       8039

2019年 07月 26日 星期五 23:51:20 CST
             total       used       free     shared    buffers     cached
Mem:         15945      13613       2331          0        120       9298
-/+ buffers/cache:       4194      11750
Swap:         8039          0       8039

2019年 07月 26日 星期五 23:51:24 CST
             total       used       free     shared    buffers     cached
Mem:         15945      13987       1957          0        120       9318
-/+ buffers/cache:       4548      11396
Swap:         8039          0       8039

2019年 07月 26日 星期五 23:51:28 CST
             total       used       free     shared    buffers     cached
Mem:         15945      14235       1710          0        120       9191
-/+ buffers/cache:       4923      11022
Swap:         8039          0       8039

2019年 07月 26日 星期五 23:51:32 CST
             total       used       free     shared    buffers     cached
Mem:         15945      14664       1281          0        120       9192
-/+ buffers/cache:       5351      10594
Swap:         8039          0       8039

2019年 07月 26日 星期五 23:51:36 CST
             total       used       free     shared    buffers     cached
Mem:         15945      13889       2056          0        120       9192
-/+ buffers/cache:       4576      11369
Swap:         8039          0       8039

2019年 07月 26日 星期五 23:51:40 CST
             total       used       free     shared    buffers     cached
Mem:         15945      14095       1849          0        120       9174
-/+ buffers/cache:       4800      11144
Swap:         8039          0       8039

2019年 07月 26日 星期五 23:51:44 CST
             total       used       free     shared    buffers     cached
Mem:         15945      14497       1447          0        120       9174
-/+ buffers/cache:       5202      10743
Swap:         8039          0       8039

2019年 07月 26日 星期五 23:51:48 CST
             total       used       free     shared    buffers     cached
Mem:         15945      14948        996          0        120       9174
-/+ buffers/cache:       5653      10292
Swap:         8039          0       8039

2019年 07月 26日 星期五 23:51:52 CST
             total       used       free     shared    buffers     cached
Mem:         15945      15326        619          0        120       9178
-/+ buffers/cache:       6027       9918
Swap:         8039          0       8039

2019年 07月 26日 星期五 23:51:56 CST
             total       used       free     shared    buffers     cached
Mem:         15945      14951        993          0        120       9179
-/+ buffers/cache:       5651      10294
Swap:         8039          0       8039

2019年 07月 26日 星期五 23:52:00 CST
             total       used       free     shared    buffers     cached
Mem:         15945      14189       1755          0        120       8719
-/+ buffers/cache:       5349      10596
Swap:         8039          0       8039

2019年 07月 26日 星期五 23:52:04 CST
             total       used       free     shared    buffers     cached
Mem:         15945      14670       1275          0        120       8731
-/+ buffers/cache:       5817      10127
Swap:         8039          0       8039

2019年 07月 26日 星期五 23:52:08 CST
             total       used       free     shared    buffers     cached
Mem:         15945      12141       3804          0        120       8806
-/+ buffers/cache:       3214      12731
Swap:         8039          0       8039

2019年 07月 26日 星期五 23:52:12 CST
             total       used       free     shared    buffers     cached
Mem:         15945      13282       2663          0        120       9354
-/+ buffers/cache:       3807      12138
Swap:         8039          0       8039

2019年 07月 26日 星期五 23:52:16 CST
             total       used       free     shared    buffers     cached
Mem:         15945      13254       2691          0        120       9340
-/+ buffers/cache:       3792      12152
Swap:         8039          0       8039

2019年 07月 26日 星期五 23:52:20 CST
             total       used       free     shared    buffers     cached
Mem:         15945      13462       2482          0        120       9139
-/+ buffers/cache:       4202      11743
Swap:         8039          0       8039

2019年 07月 26日 星期五 23:52:24 CST
             total       used       free     shared    buffers     cached
Mem:         15945      13909       2036          0        120       9139
-/+ buffers/cache:       4648      11296
Swap:         8039          0       8039

2019年 07月 26日 星期五 23:52:28 CST
             total       used       free     shared    buffers     cached
Mem:         15945      14304       1640          0        120       9141
-/+ buffers/cache:       5042      10902
Swap:         8039          0       8039

2019年 07月 26日 星期五 23:52:32 CST
             total       used       free     shared    buffers     cached
Mem:         15945      13838       2107          0        120       9223
-/+ buffers/cache:       4494      11451
Swap:         8039          0       8039

2019年 07月 26日 星期五 23:52:36 CST
             total       used       free     shared    buffers     cached
Mem:         15945      14065       1880          0        120       9306
-/+ buffers/cache:       4637      11307
Swap:         8039          0       8039

2019年 07月 26日 星期五 23:52:40 CST
             total       used       free     shared    buffers     cached
Mem:         15945      14263       1681          0        120       9306
-/+ buffers/cache:       4836      11109
Swap:         8039          0       8039

2019年 07月 26日 星期五 23:52:44 CST
             total       used       free     shared    buffers     cached
Mem:         15945      14374       1570          0        120       9307
-/+ buffers/cache:       4946      10998
Swap:         8039          0       8039

2019年 07月 26日 星期五 23:52:49 CST
             total       used       free     shared    buffers     cached
Mem:         15945      14571       1374          0        120       9311
-/+ buffers/cache:       5139      10806
Swap:         8039          0       8039

2019年 07月 26日 星期五 23:52:53 CST
             total       used       free     shared    buffers     cached
Mem:         15945      14662       1283          0        120       9361
-/+ buffers/cache:       5179      10765
Swap:         8039          0       8039

2019年 07月 26日 星期五 23:52:57 CST
             total       used       free     shared    buffers     cached
Mem:         15945      14374       1570          0        120       9411
-/+ buffers/cache:       4842      11103
Swap:         8039          0       8039

2019年 07月 26日 星期五 23:53:01 CST
             total       used       free     shared    buffers     cached
Mem:         15945      14642       1303          0        120       9568
-/+ buffers/cache:       4953      10992
Swap:         8039          0       8039

2019年 07月 26日 星期五 23:53:05 CST
             total       used       free     shared    buffers     cached
Mem:         15945      14749       1195          0        120       9417
-/+ buffers/cache:       5211      10734
Swap:         8039          0       8039

2019年 07月 26日 星期五 23:53:09 CST
             total       used       free     shared    buffers     cached
Mem:         15945      15098        846          0        120       9418
-/+ buffers/cache:       5559      10386
Swap:         8039          0       8039

2019年 07月 26日 星期五 23:53:13 CST
             total       used       free     shared    buffers     cached
Mem:         15945      15235        709          0        120       9476
-/+ buffers/cache:       5638      10307
Swap:         8039          0       8039

2019年 07月 26日 星期五 23:53:17 CST
             total       used       free     shared    buffers     cached
Mem:         15945      15370        575          0        120       9574
-/+ buffers/cache:       5674      10270
Swap:         8039          0       8039

2019年 07月 26日 星期五 23:53:21 CST
             total       used       free     shared    buffers     cached
Mem:         15945      15470        474          0        120       9628
-/+ buffers/cache:       5721      10224
Swap:         8039          0       8039

2019年 07月 26日 星期五 23:53:25 CST
             total       used       free     shared    buffers     cached
Mem:         15945      15560        385          0        120       9684
-/+ buffers/cache:       5755      10190
Swap:         8039          0       8039

2019年 07月 26日 星期五 23:53:29 CST
             total       used       free     shared    buffers     cached
Mem:         15945      15643        302          0        120       9731
-/+ buffers/cache:       5791      10154
Swap:         8039          0       8039

2019年 07月 26日 星期五 23:53:33 CST
             total       used       free     shared    buffers     cached
Mem:         15945      15682        263          0        120       9736
-/+ buffers/cache:       5825      10120
Swap:         8039          0       8039

2019年 07月 26日 星期五 23:53:37 CST
             total       used       free     shared    buffers     cached
Mem:         15945      15736        208          0        120       9753
-/+ buffers/cache:       5862      10083
Swap:         8039          0       8039

2019年 07月 26日 星期五 23:53:41 CST
             total       used       free     shared    buffers     cached
Mem:         15945      15785        160          0        120       9753
-/+ buffers/cache:       5911      10034
Swap:         8039          0       8039

2019年 07月 26日 星期五 23:53:45 CST
             total       used       free     shared    buffers     cached
Mem:         15945      15776        168          0        120       9707
-/+ buffers/cache:       5948       9996
Swap:         8039          0       8039

2019年 07月 26日 星期五 23:53:49 CST
             total       used       free     shared    buffers     cached
Mem:         15945      15268        677          0        120       9705
-/+ buffers/cache:       5442      10503
Swap:         8039          0       8039

2019年 07月 26日 星期五 23:53:53 CST
             total       used       free     shared    buffers     cached
Mem:         15945      14600       1345          0        120       9525
-/+ buffers/cache:       4953      10992
Swap:         8039          0       8039

2019年 07月 26日 星期五 23:53:57 CST
             total       used       free     shared    buffers     cached
Mem:         15945      15014        931          0        120       9351
-/+ buffers/cache:       5541      10403
Swap:         8039          0       8039

2019年 07月 26日 星期五 23:54:01 CST
             total       used       free     shared    buffers     cached
Mem:         15945      15022        922          0        120       9366
-/+ buffers/cache:       5535      10409
Swap:         8039          0       8039

2019年 07月 26日 星期五 23:54:05 CST
             total       used       free     shared    buffers     cached
Mem:         15945      15362        583          0        120       9367
-/+ buffers/cache:       5873      10071
Swap:         8039          0       8039

2019年 07月 26日 星期五 23:54:09 CST
             total       used       free     shared    buffers     cached
Mem:         15945      15050        895          0        120       9346
-/+ buffers/cache:       5583      10362
Swap:         8039          0       8039

2019年 07月 26日 星期五 23:54:13 CST
             total       used       free     shared    buffers     cached
Mem:         15945      14705       1239          0        120       9345
-/+ buffers/cache:       5239      10706
Swap:         8039          0       8039

2019年 07月 26日 星期五 23:54:17 CST
             total       used       free     shared    buffers     cached
Mem:         15945      15285        660          0        120       9531
-/+ buffers/cache:       5633      10312
Swap:         8039          0       8039

2019年 07月 26日 星期五 23:54:21 CST
             total       used       free     shared    buffers     cached
Mem:         15945      15377        568          0        120       9202
-/+ buffers/cache:       6053       9892
Swap:         8039          0       8039

2019年 07月 26日 星期五 23:54:25 CST
             total       used       free     shared    buffers     cached
Mem:         15945      14898       1047          0        120       9199
-/+ buffers/cache:       5577      10367
Swap:         8039          0       8039

2019年 07月 26日 星期五 23:54:29 CST
             total       used       free     shared    buffers     cached
Mem:         15945      14085       1860          0        120       9217
-/+ buffers/cache:       4746      11199
Swap:         8039          0       8039

2019年 07月 26日 星期五 23:54:33 CST
             total       used       free     shared    buffers     cached
Mem:         15945      12265       3680          0        120       9214
-/+ buffers/cache:       2929      13015
Swap:         8039          0       8039

2019年 07月 26日 星期五 23:54:37 CST
             total       used       free     shared    buffers     cached
Mem:         15945      11891       4053          0        120       9213
-/+ buffers/cache:       2557      13387
Swap:         8039          0       8039

2019年 07月 26日 星期五 23:54:41 CST
             total       used       free     shared    buffers     cached
Mem:         15945      11752       4193          0        120       8805
-/+ buffers/cache:       2825      13119
Swap:         8039          0       8039

2019年 07月 26日 星期五 23:54:45 CST
             total       used       free     shared    buffers     cached
Mem:         15945      12323       3622          0        120       8920
-/+ buffers/cache:       3282      12663
Swap:         8039          0       8039

2019年 07月 26日 星期五 23:54:49 CST
             total       used       free     shared    buffers     cached
Mem:         15945      13090       2855          0        121       9012
-/+ buffers/cache:       3956      11989
Swap:         8039          0       8039

2019年 07月 26日 星期五 23:54:53 CST
             total       used       free     shared    buffers     cached
Mem:         15945      12808       3136          0        121       8994
-/+ buffers/cache:       3693      12251
Swap:         8039          0       8039

2019年 07月 26日 星期五 23:54:57 CST
             total       used       free     shared    buffers     cached
Mem:         15945      12008       3937          0        121       8972
-/+ buffers/cache:       2914      13031
Swap:         8039          0       8039

2019年 07月 26日 星期五 23:55:01 CST
             total       used       free     shared    buffers     cached
Mem:         15945      12249       3695          0        121       8974
-/+ buffers/cache:       3154      12790
Swap:         8039          0       8039

2019年 07月 26日 星期五 23:55:05 CST
             total       used       free     shared    buffers     cached
Mem:         15945      11801       4144          0        121       8974
-/+ buffers/cache:       2706      13239
Swap:         8039          0       8039

2019年 07月 26日 星期五 23:55:09 CST
             total       used       free     shared    buffers     cached
Mem:         15945      11643       4301          0        121       8770
-/+ buffers/cache:       2752      13193
Swap:         8039          0       8039

2019年 07月 26日 星期五 23:55:13 CST
             total       used       free     shared    buffers     cached
Mem:         15945      11643       4301          0        121       8770
-/+ buffers/cache:       2752      13193
Swap:         8039          0       8039

2019年 07月 26日 星期五 23:55:17 CST
             total       used       free     shared    buffers     cached
Mem:         15945      10890       5055          0        121       8750
-/+ buffers/cache:       2018      13927
Swap:         8039          0       8039

