
Linux 2.6.32-431.el6.x86_64 (slave1) 	2019年07月25日 	_x86_64_	(8 CPU)

23时30分40秒  CPU    %usr   %nice    %sys %iowait    %irq   %soft  %steal  %guest   %idle
23时30分41秒  all    2.01    0.00    0.88    0.00    0.00    0.00    0.00    0.00   97.11
平均时间:  all    2.01    0.00    0.88    0.00    0.00    0.00    0.00    0.00   97.11

Linux 2.6.32-431.el6.x86_64 (slave1) 	2019年07月25日 	_x86_64_	(8 CPU)

23时30分44秒  CPU    %usr   %nice    %sys %iowait    %irq   %soft  %steal  %guest   %idle
23时30分45秒  all    0.00    0.00    0.00    0.00    0.00    0.13    0.00    0.00   99.87
平均时间:  all    0.00    0.00    0.00    0.00    0.00    0.13    0.00    0.00   99.87

Linux 2.6.32-431.el6.x86_64 (slave1) 	2019年07月25日 	_x86_64_	(8 CPU)

23时30分48秒  CPU    %usr   %nice    %sys %iowait    %irq   %soft  %steal  %guest   %idle
23时30分49秒  all    0.00    0.00    0.00    0.00    0.00    0.00    0.00    0.00  100.00
平均时间:  all    0.00    0.00    0.00    0.00    0.00    0.00    0.00    0.00  100.00

Linux 2.6.32-431.el6.x86_64 (slave1) 	2019年07月25日 	_x86_64_	(8 CPU)

23时30分52秒  CPU    %usr   %nice    %sys %iowait    %irq   %soft  %steal  %guest   %idle
23时30分53秒  all    0.00    0.00    0.00    0.00    0.00    0.00    0.00    0.00  100.00
平均时间:  all    0.00    0.00    0.00    0.00    0.00    0.00    0.00    0.00  100.00

Linux 2.6.32-431.el6.x86_64 (slave1) 	2019年07月25日 	_x86_64_	(8 CPU)

23时30分56秒  CPU    %usr   %nice    %sys %iowait    %irq   %soft  %steal  %guest   %idle
23时30分57秒  all    0.00    0.00    0.00    0.00    0.00    0.00    0.00    0.00  100.00
平均时间:  all    0.00    0.00    0.00    0.00    0.00    0.00    0.00    0.00  100.00

Linux 2.6.32-431.el6.x86_64 (slave1) 	2019年07月25日 	_x86_64_	(8 CPU)

23时31分00秒  CPU    %usr   %nice    %sys %iowait    %irq   %soft  %steal  %guest   %idle
23时31分01秒  all    0.66    0.00    7.08    0.00    0.52    4.19    0.00    0.00   87.55
平均时间:  all    0.66    0.00    7.08    0.00    0.52    4.19    0.00    0.00   87.55

Linux 2.6.32-431.el6.x86_64 (slave1) 	2019年07月25日 	_x86_64_	(8 CPU)

23时31分04秒  CPU    %usr   %nice    %sys %iowait    %irq   %soft  %steal  %guest   %idle
23时31分05秒  all   20.29    0.00   13.53    0.00    0.40   11.80    0.00    0.00   53.98
平均时间:  all   20.29    0.00   13.53    0.00    0.40   11.80    0.00    0.00   53.98

Linux 2.6.32-431.el6.x86_64 (slave1) 	2019年07月25日 	_x86_64_	(8 CPU)

23时31分08秒  CPU    %usr   %nice    %sys %iowait    %irq   %soft  %steal  %guest   %idle
23时31分09秒  all   66.12    0.00   22.29    0.00    0.38    9.32    0.00    0.00    1.89
平均时间:  all   66.12    0.00   22.29    0.00    0.38    9.32    0.00    0.00    1.89

Linux 2.6.32-431.el6.x86_64 (slave1) 	2019年07月25日 	_x86_64_	(8 CPU)

23时31分12秒  CPU    %usr   %nice    %sys %iowait    %irq   %soft  %steal  %guest   %idle
23时31分13秒  all   70.84    0.00   19.40    0.00    0.25    8.76    0.00    0.00    0.75
平均时间:  all   70.84    0.00   19.40    0.00    0.25    8.76    0.00    0.00    0.75

Linux 2.6.32-431.el6.x86_64 (slave1) 	2019年07月25日 	_x86_64_	(8 CPU)

23时31分16秒  CPU    %usr   %nice    %sys %iowait    %irq   %soft  %steal  %guest   %idle
23时31分17秒  all   73.97    0.00   17.02    0.00    0.13    8.89    0.00    0.00    0.00
平均时间:  all   73.97    0.00   17.02    0.00    0.13    8.89    0.00    0.00    0.00

Linux 2.6.32-431.el6.x86_64 (slave1) 	2019年07月25日 	_x86_64_	(8 CPU)

23时31分20秒  CPU    %usr   %nice    %sys %iowait    %irq   %soft  %steal  %guest   %idle
23时31分21秒  all   71.14    0.00   17.69    0.00    0.13   11.04    0.00    0.00    0.00
平均时间:  all   71.14    0.00   17.69    0.00    0.13   11.04    0.00    0.00    0.00

Linux 2.6.32-431.el6.x86_64 (slave1) 	2019年07月25日 	_x86_64_	(8 CPU)

23时31分24秒  CPU    %usr   %nice    %sys %iowait    %irq   %soft  %steal  %guest   %idle
23时31分25秒  all   79.35    0.00   15.77    0.00    0.13    4.76    0.00    0.00    0.00
平均时间:  all   79.35    0.00   15.77    0.00    0.13    4.76    0.00    0.00    0.00

Linux 2.6.32-431.el6.x86_64 (slave1) 	2019年07月25日 	_x86_64_	(8 CPU)

23时31分28秒  CPU    %usr   %nice    %sys %iowait    %irq   %soft  %steal  %guest   %idle
23时31分29秒  all   77.57    0.00   16.79    0.00    0.13    3.63    0.00    0.00    1.88
平均时间:  all   77.57    0.00   16.79    0.00    0.13    3.63    0.00    0.00    1.88

Linux 2.6.32-431.el6.x86_64 (slave1) 	2019年07月25日 	_x86_64_	(8 CPU)

23时31分32秒  CPU    %usr   %nice    %sys %iowait    %irq   %soft  %steal  %guest   %idle
23时31分33秒  all   54.08    0.00    6.25    0.00    0.00    0.00    0.00    0.00   39.67
平均时间:  all   54.08    0.00    6.25    0.00    0.00    0.00    0.00    0.00   39.67

Linux 2.6.32-431.el6.x86_64 (slave1) 	2019年07月25日 	_x86_64_	(8 CPU)

23时31分36秒  CPU    %usr   %nice    %sys %iowait    %irq   %soft  %steal  %guest   %idle
23时31分37秒  all   91.85    0.00    6.14    0.00    0.00    0.00    0.00    0.00    2.01
平均时间:  all   91.85    0.00    6.14    0.00    0.00    0.00    0.00    0.00    2.01

Linux 2.6.32-431.el6.x86_64 (slave1) 	2019年07月25日 	_x86_64_	(8 CPU)

23时31分40秒  CPU    %usr   %nice    %sys %iowait    %irq   %soft  %steal  %guest   %idle
23时31分41秒  all   64.33    0.00    6.50    0.00    0.00    0.13    0.00    0.00   29.04
平均时间:  all   64.33    0.00    6.50    0.00    0.00    0.13    0.00    0.00   29.04

Linux 2.6.32-431.el6.x86_64 (slave1) 	2019年07月25日 	_x86_64_	(8 CPU)

23时31分44秒  CPU    %usr   %nice    %sys %iowait    %irq   %soft  %steal  %guest   %idle
23时31分45秒  all   57.22    0.00    6.90    0.00    0.00    0.13    0.00    0.00   35.76
平均时间:  all   57.22    0.00    6.90    0.00    0.00    0.13    0.00    0.00   35.76

Linux 2.6.32-431.el6.x86_64 (slave1) 	2019年07月25日 	_x86_64_	(8 CPU)

23时31分48秒  CPU    %usr   %nice    %sys %iowait    %irq   %soft  %steal  %guest   %idle
23时31分49秒  all   56.98    0.00    7.04    0.00    0.00    0.26    0.00    0.00   35.72
平均时间:  all   56.98    0.00    7.04    0.00    0.00    0.26    0.00    0.00   35.72

Linux 2.6.32-431.el6.x86_64 (slave1) 	2019年07月25日 	_x86_64_	(8 CPU)

23时31分52秒  CPU    %usr   %nice    %sys %iowait    %irq   %soft  %steal  %guest   %idle
23时31分53秒  all   65.30    0.00    7.94    0.00    0.00    0.13    0.00    0.00   26.63
平均时间:  all   65.30    0.00    7.94    0.00    0.00    0.13    0.00    0.00   26.63

Linux 2.6.32-431.el6.x86_64 (slave1) 	2019年07月25日 	_x86_64_	(8 CPU)

23时31分56秒  CPU    %usr   %nice    %sys %iowait    %irq   %soft  %steal  %guest   %idle
23时31分57秒  all   55.60    0.00   10.94    0.00    0.00    0.26    0.00    0.00   33.20
平均时间:  all   55.60    0.00   10.94    0.00    0.00    0.26    0.00    0.00   33.20

Linux 2.6.32-431.el6.x86_64 (slave1) 	2019年07月25日 	_x86_64_	(8 CPU)

23时32分00秒  CPU    %usr   %nice    %sys %iowait    %irq   %soft  %steal  %guest   %idle
23时32分01秒  all   80.08    0.00   15.26    0.00    0.00    0.00    0.00    0.00    4.67
平均时间:  all   80.08    0.00   15.26    0.00    0.00    0.00    0.00    0.00    4.67

Linux 2.6.32-431.el6.x86_64 (slave1) 	2019年07月25日 	_x86_64_	(8 CPU)

23时32分04秒  CPU    %usr   %nice    %sys %iowait    %irq   %soft  %steal  %guest   %idle
23时32分05秒  all   46.71    0.00    7.35    0.00    0.00    0.26    0.00    0.00   45.68
平均时间:  all   46.71    0.00    7.35    0.00    0.00    0.26    0.00    0.00   45.68

Linux 2.6.32-431.el6.x86_64 (slave1) 	2019年07月25日 	_x86_64_	(8 CPU)

23时32分08秒  CPU    %usr   %nice    %sys %iowait    %irq   %soft  %steal  %guest   %idle
23时32分09秒  all   68.37    0.00   18.24    0.00    0.00    0.13    0.00    0.00   13.27
平均时间:  all   68.37    0.00   18.24    0.00    0.00    0.13    0.00    0.00   13.27

Linux 2.6.32-431.el6.x86_64 (slave1) 	2019年07月25日 	_x86_64_	(8 CPU)

23时32分12秒  CPU    %usr   %nice    %sys %iowait    %irq   %soft  %steal  %guest   %idle
23时32分13秒  all   70.34    0.00    9.00    0.00    0.00    0.38    0.00    0.00   20.28
平均时间:  all   70.34    0.00    9.00    0.00    0.00    0.38    0.00    0.00   20.28

Linux 2.6.32-431.el6.x86_64 (slave1) 	2019年07月25日 	_x86_64_	(8 CPU)

23时32分16秒  CPU    %usr   %nice    %sys %iowait    %irq   %soft  %steal  %guest   %idle
23时32分17秒  all   69.30    0.00    9.94    0.00    0.13    0.76    0.00    0.00   19.87
平均时间:  all   69.30    0.00    9.94    0.00    0.13    0.76    0.00    0.00   19.87

Linux 2.6.32-431.el6.x86_64 (slave1) 	2019年07月25日 	_x86_64_	(8 CPU)

23时32分20秒  CPU    %usr   %nice    %sys %iowait    %irq   %soft  %steal  %guest   %idle
23时32分21秒  all   60.56    0.00    9.99    0.00    0.00    1.77    0.00    0.00   27.69
平均时间:  all   60.56    0.00    9.99    0.00    0.00    1.77    0.00    0.00   27.69

Linux 2.6.32-431.el6.x86_64 (slave1) 	2019年07月25日 	_x86_64_	(8 CPU)

23时32分24秒  CPU    %usr   %nice    %sys %iowait    %irq   %soft  %steal  %guest   %idle
23时32分25秒  all   80.80    0.00   13.17    0.00    0.00    3.01    0.00    0.00    3.01
平均时间:  all   80.80    0.00   13.17    0.00    0.00    3.01    0.00    0.00    3.01

Linux 2.6.32-431.el6.x86_64 (slave1) 	2019年07月25日 	_x86_64_	(8 CPU)

23时32分28秒  CPU    %usr   %nice    %sys %iowait    %irq   %soft  %steal  %guest   %idle
23时32分29秒  all   95.01    0.00    4.74    0.00    0.12    0.12    0.00    0.00    0.00
平均时间:  all   95.01    0.00    4.74    0.00    0.12    0.12    0.00    0.00    0.00

Linux 2.6.32-431.el6.x86_64 (slave1) 	2019年07月25日 	_x86_64_	(8 CPU)

23时32分32秒  CPU    %usr   %nice    %sys %iowait    %irq   %soft  %steal  %guest   %idle
23时32分33秒  all   86.27    0.00    7.93    0.00    0.00    0.13    0.00    0.00    5.67
平均时间:  all   86.27    0.00    7.93    0.00    0.00    0.13    0.00    0.00    5.67

Linux 2.6.32-431.el6.x86_64 (slave1) 	2019年07月25日 	_x86_64_	(8 CPU)

23时32分36秒  CPU    %usr   %nice    %sys %iowait    %irq   %soft  %steal  %guest   %idle
23时32分37秒  all   79.04    0.00   10.35    0.00    0.00    0.25    0.00    0.00   10.35
平均时间:  all   79.04    0.00   10.35    0.00    0.00    0.25    0.00    0.00   10.35

Linux 2.6.32-431.el6.x86_64 (slave1) 	2019年07月25日 	_x86_64_	(8 CPU)

23时32分40秒  CPU    %usr   %nice    %sys %iowait    %irq   %soft  %steal  %guest   %idle
23时32分41秒  all   76.58    0.00   11.14    0.00    0.00    1.14    0.00    0.00   11.14
平均时间:  all   76.58    0.00   11.14    0.00    0.00    1.14    0.00    0.00   11.14

Linux 2.6.32-431.el6.x86_64 (slave1) 	2019年07月25日 	_x86_64_	(8 CPU)

23时32分44秒  CPU    %usr   %nice    %sys %iowait    %irq   %soft  %steal  %guest   %idle
23时32分45秒  all   32.36    0.00    4.33    0.00    0.00    0.00    0.00    0.00   63.31
平均时间:  all   32.36    0.00    4.33    0.00    0.00    0.00    0.00    0.00   63.31

Linux 2.6.32-431.el6.x86_64 (slave1) 	2019年07月25日 	_x86_64_	(8 CPU)

23时32分48秒  CPU    %usr   %nice    %sys %iowait    %irq   %soft  %steal  %guest   %idle
23时32分49秒  all   76.08    0.00    8.10    0.00    0.00    0.00    0.00    0.00   15.82
平均时间:  all   76.08    0.00    8.10    0.00    0.00    0.00    0.00    0.00   15.82

Linux 2.6.32-431.el6.x86_64 (slave1) 	2019年07月25日 	_x86_64_	(8 CPU)

23时32分52秒  CPU    %usr   %nice    %sys %iowait    %irq   %soft  %steal  %guest   %idle
23时32分53秒  all   59.02    0.00    4.54    0.00    0.00    0.00    0.00    0.00   36.44
平均时间:  all   59.02    0.00    4.54    0.00    0.00    0.00    0.00    0.00   36.44

Linux 2.6.32-431.el6.x86_64 (slave1) 	2019年07月25日 	_x86_64_	(8 CPU)

23时32分56秒  CPU    %usr   %nice    %sys %iowait    %irq   %soft  %steal  %guest   %idle
23时32分57秒  all   52.53    0.00    4.30    0.00    0.00    0.25    0.00    0.00   42.91
平均时间:  all   52.53    0.00    4.30    0.00    0.00    0.25    0.00    0.00   42.91

Linux 2.6.32-431.el6.x86_64 (slave1) 	2019年07月25日 	_x86_64_	(8 CPU)

23时33分00秒  CPU    %usr   %nice    %sys %iowait    %irq   %soft  %steal  %guest   %idle
23时33分01秒  all   44.27    0.00    4.96    0.00    0.00    0.76    0.00    0.00   50.00
平均时间:  all   44.27    0.00    4.96    0.00    0.00    0.76    0.00    0.00   50.00

Linux 2.6.32-431.el6.x86_64 (slave1) 	2019年07月25日 	_x86_64_	(8 CPU)

23时33分04秒  CPU    %usr   %nice    %sys %iowait    %irq   %soft  %steal  %guest   %idle
23时33分05秒  all   29.64    0.00   13.97    0.00    0.53   18.71    0.00    0.00   37.15
平均时间:  all   29.64    0.00   13.97    0.00    0.53   18.71    0.00    0.00   37.15

Linux 2.6.32-431.el6.x86_64 (slave1) 	2019年07月25日 	_x86_64_	(8 CPU)

23时33分08秒  CPU    %usr   %nice    %sys %iowait    %irq   %soft  %steal  %guest   %idle
23时33分09秒  all   59.77    0.00   24.59    0.00    0.50   13.62    0.00    0.00    1.51
平均时间:  all   59.77    0.00   24.59    0.00    0.50   13.62    0.00    0.00    1.51

Linux 2.6.32-431.el6.x86_64 (slave1) 	2019年07月25日 	_x86_64_	(8 CPU)

23时33分12秒  CPU    %usr   %nice    %sys %iowait    %irq   %soft  %steal  %guest   %idle
23时33分13秒  all   76.44    0.00   14.54    0.00    0.25    6.89    0.00    0.00    1.88
平均时间:  all   76.44    0.00   14.54    0.00    0.25    6.89    0.00    0.00    1.88

Linux 2.6.32-431.el6.x86_64 (slave1) 	2019年07月25日 	_x86_64_	(8 CPU)

23时33分16秒  CPU    %usr   %nice    %sys %iowait    %irq   %soft  %steal  %guest   %idle
23时33分17秒  all   75.38    0.00   15.25    0.00    0.38    9.00    0.00    0.00    0.00
平均时间:  all   75.38    0.00   15.25    0.00    0.38    9.00    0.00    0.00    0.00

Linux 2.6.32-431.el6.x86_64 (slave1) 	2019年07月25日 	_x86_64_	(8 CPU)

23时33分21秒  CPU    %usr   %nice    %sys %iowait    %irq   %soft  %steal  %guest   %idle
23时33分22秒  all   69.12    0.00   16.38    0.00    0.12   14.25    0.00    0.00    0.12
平均时间:  all   69.12    0.00   16.38    0.00    0.12   14.25    0.00    0.00    0.12

Linux 2.6.32-431.el6.x86_64 (slave1) 	2019年07月25日 	_x86_64_	(8 CPU)

23时33分25秒  CPU    %usr   %nice    %sys %iowait    %irq   %soft  %steal  %guest   %idle
23时33分26秒  all   57.36    0.00   17.16    0.00    0.13   13.96    0.00    0.00   11.40
平均时间:  all   57.36    0.00   17.16    0.00    0.13   13.96    0.00    0.00   11.40

Linux 2.6.32-431.el6.x86_64 (slave1) 	2019年07月25日 	_x86_64_	(8 CPU)

23时33分29秒  CPU    %usr   %nice    %sys %iowait    %irq   %soft  %steal  %guest   %idle
23时33分30秒  all   30.33    0.00    9.64    0.64    0.13    7.71    0.00    0.00   51.54
平均时间:  all   30.33    0.00    9.64    0.64    0.13    7.71    0.00    0.00   51.54

Linux 2.6.32-431.el6.x86_64 (slave1) 	2019年07月25日 	_x86_64_	(8 CPU)

23时33分33秒  CPU    %usr   %nice    %sys %iowait    %irq   %soft  %steal  %guest   %idle
23时33分34秒  all   70.05    0.00    5.33    0.00    0.13    1.02    0.00    0.00   23.48
平均时间:  all   70.05    0.00    5.33    0.00    0.13    1.02    0.00    0.00   23.48

Linux 2.6.32-431.el6.x86_64 (slave1) 	2019年07月25日 	_x86_64_	(8 CPU)

23时33分37秒  CPU    %usr   %nice    %sys %iowait    %irq   %soft  %steal  %guest   %idle
23时33分38秒  all   28.52    0.00    7.48    0.00    0.13    1.42    0.00    0.00   62.45
平均时间:  all   28.52    0.00    7.48    0.00    0.13    1.42    0.00    0.00   62.45

Linux 2.6.32-431.el6.x86_64 (slave1) 	2019年07月25日 	_x86_64_	(8 CPU)

23时33分41秒  CPU    %usr   %nice    %sys %iowait    %irq   %soft  %steal  %guest   %idle
23时33分42秒  all   15.75    0.00    1.41    3.80    0.00    0.28    0.00    0.00   78.76
平均时间:  all   15.75    0.00    1.41    3.80    0.00    0.28    0.00    0.00   78.76

Linux 2.6.32-431.el6.x86_64 (slave1) 	2019年07月25日 	_x86_64_	(8 CPU)

23时33分45秒  CPU    %usr   %nice    %sys %iowait    %irq   %soft  %steal  %guest   %idle
23时33分46秒  all   57.42    0.00    6.39    0.00    0.00    0.38    0.00    0.00   35.81
平均时间:  all   57.42    0.00    6.39    0.00    0.00    0.38    0.00    0.00   35.81

Linux 2.6.32-431.el6.x86_64 (slave1) 	2019年07月25日 	_x86_64_	(8 CPU)

23时33分49秒  CPU    %usr   %nice    %sys %iowait    %irq   %soft  %steal  %guest   %idle
23时33分50秒  all   58.58    0.00    5.72    0.00    0.00    0.25    0.00    0.00   35.45
平均时间:  all   58.58    0.00    5.72    0.00    0.00    0.25    0.00    0.00   35.45

Linux 2.6.32-431.el6.x86_64 (slave1) 	2019年07月25日 	_x86_64_	(8 CPU)

23时33分53秒  CPU    %usr   %nice    %sys %iowait    %irq   %soft  %steal  %guest   %idle
23时33分54秒  all   89.11    0.00    8.89    0.00    0.00    0.63    0.00    0.00    1.38
平均时间:  all   89.11    0.00    8.89    0.00    0.00    0.63    0.00    0.00    1.38

Linux 2.6.32-431.el6.x86_64 (slave1) 	2019年07月25日 	_x86_64_	(8 CPU)

23时33分57秒  CPU    %usr   %nice    %sys %iowait    %irq   %soft  %steal  %guest   %idle
23时33分58秒  all   87.95    0.00    8.28    0.00    0.13    1.00    0.00    0.00    2.63
平均时间:  all   87.95    0.00    8.28    0.00    0.13    1.00    0.00    0.00    2.63

Linux 2.6.32-431.el6.x86_64 (slave1) 	2019年07月25日 	_x86_64_	(8 CPU)

23时34分01秒  CPU    %usr   %nice    %sys %iowait    %irq   %soft  %steal  %guest   %idle
23时34分02秒  all   50.06    0.00    6.88    0.00    0.00    0.51    0.00    0.00   42.55
平均时间:  all   50.06    0.00    6.88    0.00    0.00    0.51    0.00    0.00   42.55

Linux 2.6.32-431.el6.x86_64 (slave1) 	2019年07月25日 	_x86_64_	(8 CPU)

23时34分05秒  CPU    %usr   %nice    %sys %iowait    %irq   %soft  %steal  %guest   %idle
23时34分06秒  all   71.76    0.00    9.41    0.00    0.00    0.13    0.00    0.00   18.70
平均时间:  all   71.76    0.00    9.41    0.00    0.00    0.13    0.00    0.00   18.70

Linux 2.6.32-431.el6.x86_64 (slave1) 	2019年07月25日 	_x86_64_	(8 CPU)

23时34分09秒  CPU    %usr   %nice    %sys %iowait    %irq   %soft  %steal  %guest   %idle
23时34分10秒  all   77.69    0.00    8.24    0.00    0.00    0.00    0.00    0.00   14.07
平均时间:  all   77.69    0.00    8.24    0.00    0.00    0.00    0.00    0.00   14.07

Linux 2.6.32-431.el6.x86_64 (slave1) 	2019年07月25日 	_x86_64_	(8 CPU)

23时34分13秒  CPU    %usr   %nice    %sys %iowait    %irq   %soft  %steal  %guest   %idle
23时34分14秒  all   55.46    0.00    8.09    0.00    0.00    0.39    0.00    0.00   36.07
平均时间:  all   55.46    0.00    8.09    0.00    0.00    0.39    0.00    0.00   36.07

Linux 2.6.32-431.el6.x86_64 (slave1) 	2019年07月25日 	_x86_64_	(8 CPU)

23时34分17秒  CPU    %usr   %nice    %sys %iowait    %irq   %soft  %steal  %guest   %idle
23时34分18秒  all   73.38    0.00    9.25    0.00    0.00    0.13    0.00    0.00   17.24
平均时间:  all   73.38    0.00    9.25    0.00    0.00    0.13    0.00    0.00   17.24

Linux 2.6.32-431.el6.x86_64 (slave1) 	2019年07月25日 	_x86_64_	(8 CPU)

23时34分21秒  CPU    %usr   %nice    %sys %iowait    %irq   %soft  %steal  %guest   %idle
23时34分22秒  all   67.73    0.00   10.59    0.00    0.00    0.00    0.00    0.00   21.68
平均时间:  all   67.73    0.00   10.59    0.00    0.00    0.00    0.00    0.00   21.68

Linux 2.6.32-431.el6.x86_64 (slave1) 	2019年07月25日 	_x86_64_	(8 CPU)

23时34分25秒  CPU    %usr   %nice    %sys %iowait    %irq   %soft  %steal  %guest   %idle
23时34分26秒  all   57.80    0.00    9.46    0.00    0.13    0.51    0.00    0.00   32.10
平均时间:  all   57.80    0.00    9.46    0.00    0.13    0.51    0.00    0.00   32.10

Linux 2.6.32-431.el6.x86_64 (slave1) 	2019年07月25日 	_x86_64_	(8 CPU)

23时34分29秒  CPU    %usr   %nice    %sys %iowait    %irq   %soft  %steal  %guest   %idle
23时34分30秒  all   77.57    0.00    9.63    0.00    0.00    0.00    0.00    0.00   12.80
平均时间:  all   77.57    0.00    9.63    0.00    0.00    0.00    0.00    0.00   12.80

Linux 2.6.32-431.el6.x86_64 (slave1) 	2019年07月25日 	_x86_64_	(8 CPU)

23时34分33秒  CPU    %usr   %nice    %sys %iowait    %irq   %soft  %steal  %guest   %idle
23时34分34秒  all   33.38    0.00    5.50    0.00    0.00    0.00    0.00    0.00   61.13
平均时间:  all   33.38    0.00    5.50    0.00    0.00    0.00    0.00    0.00   61.13

Linux 2.6.32-431.el6.x86_64 (slave1) 	2019年07月25日 	_x86_64_	(8 CPU)

23时34分37秒  CPU    %usr   %nice    %sys %iowait    %irq   %soft  %steal  %guest   %idle
23时34分38秒  all   80.88    0.00   13.96    0.00    0.00    0.13    0.00    0.00    5.03
平均时间:  all   80.88    0.00   13.96    0.00    0.00    0.13    0.00    0.00    5.03

Linux 2.6.32-431.el6.x86_64 (slave1) 	2019年07月25日 	_x86_64_	(8 CPU)

23时34分41秒  CPU    %usr   %nice    %sys %iowait    %irq   %soft  %steal  %guest   %idle
23时34分42秒  all   53.64    0.00   10.60    0.00    0.00    0.13    0.00    0.00   35.63
平均时间:  all   53.64    0.00   10.60    0.00    0.00    0.13    0.00    0.00   35.63

Linux 2.6.32-431.el6.x86_64 (slave1) 	2019年07月25日 	_x86_64_	(8 CPU)

23时34分45秒  CPU    %usr   %nice    %sys %iowait    %irq   %soft  %steal  %guest   %idle
23时34分46秒  all   81.19    0.00   14.77    0.00    0.00    0.00    0.00    0.00    4.04
平均时间:  all   81.19    0.00   14.77    0.00    0.00    0.00    0.00    0.00    4.04

Linux 2.6.32-431.el6.x86_64 (slave1) 	2019年07月25日 	_x86_64_	(8 CPU)

23时34分49秒  CPU    %usr   %nice    %sys %iowait    %irq   %soft  %steal  %guest   %idle
23时34分50秒  all   92.75    0.00    6.75    0.00    0.12    0.00    0.00    0.00    0.38
平均时间:  all   92.75    0.00    6.75    0.00    0.12    0.00    0.00    0.00    0.38

Linux 2.6.32-431.el6.x86_64 (slave1) 	2019年07月25日 	_x86_64_	(8 CPU)

23时34分53秒  CPU    %usr   %nice    %sys %iowait    %irq   %soft  %steal  %guest   %idle
23时34分54秒  all   55.36    0.00    8.67    0.00    0.00    0.00    0.00    0.00   35.97
平均时间:  all   55.36    0.00    8.67    0.00    0.00    0.00    0.00    0.00   35.97

Linux 2.6.32-431.el6.x86_64 (slave1) 	2019年07月25日 	_x86_64_	(8 CPU)

23时34分57秒  CPU    %usr   %nice    %sys %iowait    %irq   %soft  %steal  %guest   %idle
23时34分58秒  all   51.60    0.00    3.59    0.00    0.00    0.26    0.00    0.00   44.56
平均时间:  all   51.60    0.00    3.59    0.00    0.00    0.26    0.00    0.00   44.56

Linux 2.6.32-431.el6.x86_64 (slave1) 	2019年07月25日 	_x86_64_	(8 CPU)

23时35分01秒  CPU    %usr   %nice    %sys %iowait    %irq   %soft  %steal  %guest   %idle
23时35分02秒  all   75.60    0.00   11.94    0.00    0.00    1.91    0.00    0.00   10.55
平均时间:  all   75.60    0.00   11.94    0.00    0.00    1.91    0.00    0.00   10.55

Linux 2.6.32-431.el6.x86_64 (slave1) 	2019年07月25日 	_x86_64_	(8 CPU)

23时35分05秒  CPU    %usr   %nice    %sys %iowait    %irq   %soft  %steal  %guest   %idle
23时35分06秒  all   69.60    0.00   21.20    0.00    0.26    5.87    0.00    0.00    3.07
平均时间:  all   69.60    0.00   21.20    0.00    0.26    5.87    0.00    0.00    3.07

Linux 2.6.32-431.el6.x86_64 (slave1) 	2019年07月25日 	_x86_64_	(8 CPU)

23时35分09秒  CPU    %usr   %nice    %sys %iowait    %irq   %soft  %steal  %guest   %idle
23时35分10秒  all   68.90    0.00   20.07    0.00    0.37   10.66    0.00    0.00    0.00
平均时间:  all   68.90    0.00   20.07    0.00    0.37   10.66    0.00    0.00    0.00

Linux 2.6.32-431.el6.x86_64 (slave1) 	2019年07月25日 	_x86_64_	(8 CPU)

23时35分13秒  CPU    %usr   %nice    %sys %iowait    %irq   %soft  %steal  %guest   %idle
23时35分14秒  all   74.34    0.00   18.36    0.00    0.25    6.92    0.00    0.00    0.13
平均时间:  all   74.34    0.00   18.36    0.00    0.25    6.92    0.00    0.00    0.13

Linux 2.6.32-431.el6.x86_64 (slave1) 	2019年07月25日 	_x86_64_	(8 CPU)

23时35分17秒  CPU    %usr   %nice    %sys %iowait    %irq   %soft  %steal  %guest   %idle
23时35分18秒  all   72.06    0.00   20.23    0.00    0.38    6.95    0.00    0.00    0.38
平均时间:  all   72.06    0.00   20.23    0.00    0.38    6.95    0.00    0.00    0.38

Linux 2.6.32-431.el6.x86_64 (slave1) 	2019年07月25日 	_x86_64_	(8 CPU)

23时35分21秒  CPU    %usr   %nice    %sys %iowait    %irq   %soft  %steal  %guest   %idle
23时35分22秒  all   67.25    0.00   21.33    0.00    0.38   10.92    0.00    0.00    0.13
平均时间:  all   67.25    0.00   21.33    0.00    0.38   10.92    0.00    0.00    0.13

Linux 2.6.32-431.el6.x86_64 (slave1) 	2019年07月25日 	_x86_64_	(8 CPU)

23时35分25秒  CPU    %usr   %nice    %sys %iowait    %irq   %soft  %steal  %guest   %idle
23时35分26秒  all   69.11    0.00   19.49    0.00    0.25   11.14    0.00    0.00    0.00
平均时间:  all   69.11    0.00   19.49    0.00    0.25   11.14    0.00    0.00    0.00

Linux 2.6.32-431.el6.x86_64 (slave1) 	2019年07月25日 	_x86_64_	(8 CPU)

23时35分29秒  CPU    %usr   %nice    %sys %iowait    %irq   %soft  %steal  %guest   %idle
23时35分30秒  all   74.65    0.00   19.90    0.00    0.38    5.07    0.00    0.00    0.00
平均时间:  all   74.65    0.00   19.90    0.00    0.38    5.07    0.00    0.00    0.00

Linux 2.6.32-431.el6.x86_64 (slave1) 	2019年07月25日 	_x86_64_	(8 CPU)

23时35分34秒  CPU    %usr   %nice    %sys %iowait    %irq   %soft  %steal  %guest   %idle
23时35分35秒  all   87.01    0.00   10.06    0.00    0.25    2.17    0.00    0.00    0.51
平均时间:  all   87.01    0.00   10.06    0.00    0.25    2.17    0.00    0.00    0.51

Linux 2.6.32-431.el6.x86_64 (slave1) 	2019年07月25日 	_x86_64_	(8 CPU)

23时35分38秒  CPU    %usr   %nice    %sys %iowait    %irq   %soft  %steal  %guest   %idle
23时35分39秒  all   93.38    0.00    5.37    0.00    0.00    0.75    0.00    0.00    0.50
平均时间:  all   93.38    0.00    5.37    0.00    0.00    0.75    0.00    0.00    0.50

Linux 2.6.32-431.el6.x86_64 (slave1) 	2019年07月25日 	_x86_64_	(8 CPU)

23时35分42秒  CPU    %usr   %nice    %sys %iowait    %irq   %soft  %steal  %guest   %idle
23时35分43秒  all   90.16    0.00    7.94    0.00    0.25    1.51    0.00    0.00    0.13
平均时间:  all   90.16    0.00    7.94    0.00    0.25    1.51    0.00    0.00    0.13

Linux 2.6.32-431.el6.x86_64 (slave1) 	2019年07月25日 	_x86_64_	(8 CPU)

23时35分46秒  CPU    %usr   %nice    %sys %iowait    %irq   %soft  %steal  %guest   %idle
23时35分47秒  all   92.12    0.00    7.13    0.00    0.13    0.38    0.00    0.00    0.25
平均时间:  all   92.12    0.00    7.13    0.00    0.13    0.38    0.00    0.00    0.25

Linux 2.6.32-431.el6.x86_64 (slave1) 	2019年07月25日 	_x86_64_	(8 CPU)

23时35分50秒  CPU    %usr   %nice    %sys %iowait    %irq   %soft  %steal  %guest   %idle
23时35分51秒  all   82.16    0.00    3.14    0.00    0.00    0.75    0.00    0.00   13.94
平均时间:  all   82.16    0.00    3.14    0.00    0.00    0.75    0.00    0.00   13.94

Linux 2.6.32-431.el6.x86_64 (slave1) 	2019年07月25日 	_x86_64_	(8 CPU)

23时35分54秒  CPU    %usr   %nice    %sys %iowait    %irq   %soft  %steal  %guest   %idle
23时35分55秒  all   76.57    0.00    3.40    0.00    0.00    1.26    0.00    0.00   18.77
平均时间:  all   76.57    0.00    3.40    0.00    0.00    1.26    0.00    0.00   18.77

Linux 2.6.32-431.el6.x86_64 (slave1) 	2019年07月25日 	_x86_64_	(8 CPU)

23时35分58秒  CPU    %usr   %nice    %sys %iowait    %irq   %soft  %steal  %guest   %idle
23时35分59秒  all   50.06    0.00    2.91    0.00    0.00    1.64    0.00    0.00   45.39
平均时间:  all   50.06    0.00    2.91    0.00    0.00    1.64    0.00    0.00   45.39

Linux 2.6.32-431.el6.x86_64 (slave1) 	2019年07月25日 	_x86_64_	(8 CPU)

23时36分02秒  CPU    %usr   %nice    %sys %iowait    %irq   %soft  %steal  %guest   %idle
23时36分03秒  all   85.14    0.00   12.73    0.00    0.12    1.75    0.00    0.00    0.25
平均时间:  all   85.14    0.00   12.73    0.00    0.12    1.75    0.00    0.00    0.25

Linux 2.6.32-431.el6.x86_64 (slave1) 	2019年07月25日 	_x86_64_	(8 CPU)

23时36分06秒  CPU    %usr   %nice    %sys %iowait    %irq   %soft  %steal  %guest   %idle
23时36分07秒  all   92.27    0.00    6.61    0.00    0.00    0.87    0.00    0.00    0.25
平均时间:  all   92.27    0.00    6.61    0.00    0.00    0.87    0.00    0.00    0.25

Linux 2.6.32-431.el6.x86_64 (slave1) 	2019年07月25日 	_x86_64_	(8 CPU)

23时36分10秒  CPU    %usr   %nice    %sys %iowait    %irq   %soft  %steal  %guest   %idle
23时36分11秒  all   81.25    0.00   16.75    0.00    0.12    1.50    0.00    0.00    0.38
平均时间:  all   81.25    0.00   16.75    0.00    0.12    1.50    0.00    0.00    0.38

Linux 2.6.32-431.el6.x86_64 (slave1) 	2019年07月25日 	_x86_64_	(8 CPU)

23时36分14秒  CPU    %usr   %nice    %sys %iowait    %irq   %soft  %steal  %guest   %idle
23时36分15秒  all   78.87    0.00   14.97    0.00    0.00    0.63    0.00    0.00    5.53
平均时间:  all   78.87    0.00   14.97    0.00    0.00    0.63    0.00    0.00    5.53

Linux 2.6.32-431.el6.x86_64 (slave1) 	2019年07月25日 	_x86_64_	(8 CPU)

23时36分18秒  CPU    %usr   %nice    %sys %iowait    %irq   %soft  %steal  %guest   %idle
23时36分19秒  all   81.77    0.00   16.73    0.00    0.00    0.75    0.00    0.00    0.75
平均时间:  all   81.77    0.00   16.73    0.00    0.00    0.75    0.00    0.00    0.75

Linux 2.6.32-431.el6.x86_64 (slave1) 	2019年07月25日 	_x86_64_	(8 CPU)

23时36分22秒  CPU    %usr   %nice    %sys %iowait    %irq   %soft  %steal  %guest   %idle
23时36分23秒  all   92.38    0.00    7.49    0.00    0.00    0.00    0.00    0.00    0.12
平均时间:  all   92.38    0.00    7.49    0.00    0.00    0.00    0.00    0.00    0.12

Linux 2.6.32-431.el6.x86_64 (slave1) 	2019年07月25日 	_x86_64_	(8 CPU)

23时36分26秒  CPU    %usr   %nice    %sys %iowait    %irq   %soft  %steal  %guest   %idle
23时36分27秒  all   88.58    0.00    9.16    0.00    0.00    0.00    0.00    0.00    2.26
平均时间:  all   88.58    0.00    9.16    0.00    0.00    0.00    0.00    0.00    2.26

Linux 2.6.32-431.el6.x86_64 (slave1) 	2019年07月25日 	_x86_64_	(8 CPU)

23时36分30秒  CPU    %usr   %nice    %sys %iowait    %irq   %soft  %steal  %guest   %idle
23时36分31秒  all   90.34    0.00    7.53    0.00    0.00    0.25    0.00    0.00    1.88
平均时间:  all   90.34    0.00    7.53    0.00    0.00    0.25    0.00    0.00    1.88

Linux 2.6.32-431.el6.x86_64 (slave1) 	2019年07月25日 	_x86_64_	(8 CPU)

23时36分34秒  CPU    %usr   %nice    %sys %iowait    %irq   %soft  %steal  %guest   %idle
23时36分35秒  all   70.52    0.00   10.04    0.00    0.00    0.13    0.00    0.00   19.31
平均时间:  all   70.52    0.00   10.04    0.00    0.00    0.13    0.00    0.00   19.31

Linux 2.6.32-431.el6.x86_64 (slave1) 	2019年07月25日 	_x86_64_	(8 CPU)

23时36分38秒  CPU    %usr   %nice    %sys %iowait    %irq   %soft  %steal  %guest   %idle
23时36分39秒  all   31.31    0.00    4.06    0.00    0.00    0.00    0.00    0.00   64.64
平均时间:  all   31.31    0.00    4.06    0.00    0.00    0.00    0.00    0.00   64.64

Linux 2.6.32-431.el6.x86_64 (slave1) 	2019年07月25日 	_x86_64_	(8 CPU)

23时36分42秒  CPU    %usr   %nice    %sys %iowait    %irq   %soft  %steal  %guest   %idle
23时36分43秒  all   17.07    0.00    2.68    0.00    0.00    0.13    0.00    0.00   80.13
平均时间:  all   17.07    0.00    2.68    0.00    0.00    0.13    0.00    0.00   80.13

Linux 2.6.32-431.el6.x86_64 (slave1) 	2019年07月25日 	_x86_64_	(8 CPU)

23时36分46秒  CPU    %usr   %nice    %sys %iowait    %irq   %soft  %steal  %guest   %idle
23时36分47秒  all   38.22    0.00    4.84    0.00    0.00    0.00    0.00    0.00   56.94
平均时间:  all   38.22    0.00    4.84    0.00    0.00    0.00    0.00    0.00   56.94

Linux 2.6.32-431.el6.x86_64 (slave1) 	2019年07月25日 	_x86_64_	(8 CPU)

23时36分50秒  CPU    %usr   %nice    %sys %iowait    %irq   %soft  %steal  %guest   %idle
23时36分51秒  all   29.66    0.00    1.52    0.00    0.00    0.00    0.00    0.00   68.82
平均时间:  all   29.66    0.00    1.52    0.00    0.00    0.00    0.00    0.00   68.82

Linux 2.6.32-431.el6.x86_64 (slave1) 	2019年07月25日 	_x86_64_	(8 CPU)

23时36分54秒  CPU    %usr   %nice    %sys %iowait    %irq   %soft  %steal  %guest   %idle
23时36分55秒  all    9.71    0.00    3.83    0.00    0.00    0.13    0.00    0.00   86.33
平均时间:  all    9.71    0.00    3.83    0.00    0.00    0.13    0.00    0.00   86.33

Linux 2.6.32-431.el6.x86_64 (slave1) 	2019年07月25日 	_x86_64_	(8 CPU)

23时36分58秒  CPU    %usr   %nice    %sys %iowait    %irq   %soft  %steal  %guest   %idle
23时36分59秒  all   66.88    0.00    9.72    0.00    0.00    0.64    0.00    0.00   22.76
平均时间:  all   66.88    0.00    9.72    0.00    0.00    0.64    0.00    0.00   22.76

Linux 2.6.32-431.el6.x86_64 (slave1) 	2019年07月25日 	_x86_64_	(8 CPU)

23时37分02秒  CPU    %usr   %nice    %sys %iowait    %irq   %soft  %steal  %guest   %idle
23时37分03秒  all   58.08    0.00   16.79    0.00    0.13   12.69    0.00    0.00   12.31
平均时间:  all   58.08    0.00   16.79    0.00    0.13   12.69    0.00    0.00   12.31

Linux 2.6.32-431.el6.x86_64 (slave1) 	2019年07月25日 	_x86_64_	(8 CPU)

23时37分06秒  CPU    %usr   %nice    %sys %iowait    %irq   %soft  %steal  %guest   %idle
23时37分07秒  all   73.12    0.00   17.50    0.00    0.25    9.12    0.00    0.00    0.00
平均时间:  all   73.12    0.00   17.50    0.00    0.25    9.12    0.00    0.00    0.00

Linux 2.6.32-431.el6.x86_64 (slave1) 	2019年07月25日 	_x86_64_	(8 CPU)

23时37分10秒  CPU    %usr   %nice    %sys %iowait    %irq   %soft  %steal  %guest   %idle
23时37分11秒  all   62.71    0.00   17.24    0.00    0.38    8.81    0.00    0.00   10.86
平均时间:  all   62.71    0.00   17.24    0.00    0.38    8.81    0.00    0.00   10.86

Linux 2.6.32-431.el6.x86_64 (slave1) 	2019年07月25日 	_x86_64_	(8 CPU)

23时37分14秒  CPU    %usr   %nice    %sys %iowait    %irq   %soft  %steal  %guest   %idle
23时37分15秒  all   52.00    0.00   12.00    0.00    0.27    5.47    0.00    0.00   30.27
平均时间:  all   52.00    0.00   12.00    0.00    0.27    5.47    0.00    0.00   30.27

Linux 2.6.32-431.el6.x86_64 (slave1) 	2019年07月25日 	_x86_64_	(8 CPU)

23时37分18秒  CPU    %usr   %nice    %sys %iowait    %irq   %soft  %steal  %guest   %idle
23时37分19秒  all   56.57    0.00   20.71    0.00    0.51   17.17    0.00    0.00    5.05
平均时间:  all   56.57    0.00   20.71    0.00    0.51   17.17    0.00    0.00    5.05

Linux 2.6.32-431.el6.x86_64 (slave1) 	2019年07月25日 	_x86_64_	(8 CPU)

23时37分22秒  CPU    %usr   %nice    %sys %iowait    %irq   %soft  %steal  %guest   %idle
23时37分23秒  all   20.91    0.00   12.06    0.00    0.40   13.27    0.00    0.00   53.35
平均时间:  all   20.91    0.00   12.06    0.00    0.40   13.27    0.00    0.00   53.35

Linux 2.6.32-431.el6.x86_64 (slave1) 	2019年07月25日 	_x86_64_	(8 CPU)

23时37分26秒  CPU    %usr   %nice    %sys %iowait    %irq   %soft  %steal  %guest   %idle
23时37分27秒  all   85.01    0.00    7.93    0.00    0.00    0.13    0.00    0.00    6.93
平均时间:  all   85.01    0.00    7.93    0.00    0.00    0.13    0.00    0.00    6.93

Linux 2.6.32-431.el6.x86_64 (slave1) 	2019年07月25日 	_x86_64_	(8 CPU)

23时37分30秒  CPU    %usr   %nice    %sys %iowait    %irq   %soft  %steal  %guest   %idle
23时37分31秒  all   81.35    0.00   15.77    0.00    0.25    2.13    0.00    0.00    0.50
平均时间:  all   81.35    0.00   15.77    0.00    0.25    2.13    0.00    0.00    0.50

Linux 2.6.32-431.el6.x86_64 (slave1) 	2019年07月25日 	_x86_64_	(8 CPU)

23时37分35秒  CPU    %usr   %nice    %sys %iowait    %irq   %soft  %steal  %guest   %idle
23时37分36秒  all   89.72    0.00    5.64    0.00    0.00    0.25    0.00    0.00    4.39
平均时间:  all   89.72    0.00    5.64    0.00    0.00    0.25    0.00    0.00    4.39

Linux 2.6.32-431.el6.x86_64 (slave1) 	2019年07月25日 	_x86_64_	(8 CPU)

23时37分39秒  CPU    %usr   %nice    %sys %iowait    %irq   %soft  %steal  %guest   %idle
23时37分40秒  all   61.41    0.00    3.78    0.00    0.00    1.39    0.00    0.00   33.42
平均时间:  all   61.41    0.00    3.78    0.00    0.00    1.39    0.00    0.00   33.42

Linux 2.6.32-431.el6.x86_64 (slave1) 	2019年07月25日 	_x86_64_	(8 CPU)

23时37分43秒  CPU    %usr   %nice    %sys %iowait    %irq   %soft  %steal  %guest   %idle
23时37分44秒  all   90.45    0.00    3.64    0.00    0.13    0.50    0.00    0.00    5.28
平均时间:  all   90.45    0.00    3.64    0.00    0.13    0.50    0.00    0.00    5.28

Linux 2.6.32-431.el6.x86_64 (slave1) 	2019年07月25日 	_x86_64_	(8 CPU)

23时37分47秒  CPU    %usr   %nice    %sys %iowait    %irq   %soft  %steal  %guest   %idle
23时37分48秒  all   59.09    0.00    2.53    0.00    0.00    1.01    0.00    0.00   37.37
平均时间:  all   59.09    0.00    2.53    0.00    0.00    1.01    0.00    0.00   37.37

Linux 2.6.32-431.el6.x86_64 (slave1) 	2019年07月25日 	_x86_64_	(8 CPU)

23时37分51秒  CPU    %usr   %nice    %sys %iowait    %irq   %soft  %steal  %guest   %idle
23时37分52秒  all   87.81    0.00    3.14    0.00    0.00    0.63    0.00    0.00    8.42
平均时间:  all   87.81    0.00    3.14    0.00    0.00    0.63    0.00    0.00    8.42

Linux 2.6.32-431.el6.x86_64 (slave1) 	2019年07月25日 	_x86_64_	(8 CPU)

23时37分55秒  CPU    %usr   %nice    %sys %iowait    %irq   %soft  %steal  %guest   %idle
23时37分56秒  all   75.70    0.00    7.93    0.00    0.13    2.17    0.00    0.00   14.07
平均时间:  all   75.70    0.00    7.93    0.00    0.13    2.17    0.00    0.00   14.07

Linux 2.6.32-431.el6.x86_64 (slave1) 	2019年07月25日 	_x86_64_	(8 CPU)

23时37分59秒  CPU    %usr   %nice    %sys %iowait    %irq   %soft  %steal  %guest   %idle
23时38分00秒  all   72.65    0.00   10.05    0.00    0.00    1.27    0.00    0.00   16.03
平均时间:  all   72.65    0.00   10.05    0.00    0.00    1.27    0.00    0.00   16.03

Linux 2.6.32-431.el6.x86_64 (slave1) 	2019年07月25日 	_x86_64_	(8 CPU)

23时38分03秒  CPU    %usr   %nice    %sys %iowait    %irq   %soft  %steal  %guest   %idle
23时38分04秒  all   87.12    0.00   11.25    0.00    0.00    1.12    0.00    0.00    0.50
平均时间:  all   87.12    0.00   11.25    0.00    0.00    1.12    0.00    0.00    0.50

Linux 2.6.32-431.el6.x86_64 (slave1) 	2019年07月25日 	_x86_64_	(8 CPU)

23时38分07秒  CPU    %usr   %nice    %sys %iowait    %irq   %soft  %steal  %guest   %idle
23时38分08秒  all   83.25    0.00   10.45    0.00    0.00    0.25    0.00    0.00    6.05
平均时间:  all   83.25    0.00   10.45    0.00    0.00    0.25    0.00    0.00    6.05

Linux 2.6.32-431.el6.x86_64 (slave1) 	2019年07月25日 	_x86_64_	(8 CPU)

23时38分11秒  CPU    %usr   %nice    %sys %iowait    %irq   %soft  %steal  %guest   %idle
23时38分12秒  all   80.71    0.00    9.21    0.00    0.00    0.25    0.00    0.00    9.84
平均时间:  all   80.71    0.00    9.21    0.00    0.00    0.25    0.00    0.00    9.84

Linux 2.6.32-431.el6.x86_64 (slave1) 	2019年07月25日 	_x86_64_	(8 CPU)

23时38分15秒  CPU    %usr   %nice    %sys %iowait    %irq   %soft  %steal  %guest   %idle
23时38分16秒  all   85.73    0.00   11.64    0.00    0.00    0.50    0.00    0.00    2.13
平均时间:  all   85.73    0.00   11.64    0.00    0.00    0.50    0.00    0.00    2.13

Linux 2.6.32-431.el6.x86_64 (slave1) 	2019年07月25日 	_x86_64_	(8 CPU)

23时38分19秒  CPU    %usr   %nice    %sys %iowait    %irq   %soft  %steal  %guest   %idle
23时38分20秒  all   86.79    0.00   10.44    0.00    0.13    0.50    0.00    0.00    2.14
平均时间:  all   86.79    0.00   10.44    0.00    0.13    0.50    0.00    0.00    2.14

Linux 2.6.32-431.el6.x86_64 (slave1) 	2019年07月25日 	_x86_64_	(8 CPU)

23时38分23秒  CPU    %usr   %nice    %sys %iowait    %irq   %soft  %steal  %guest   %idle
23时38分24秒  all   93.60    0.00    6.15    0.00    0.00    0.13    0.00    0.00    0.13
平均时间:  all   93.60    0.00    6.15    0.00    0.00    0.13    0.00    0.00    0.13

Linux 2.6.32-431.el6.x86_64 (slave1) 	2019年07月25日 	_x86_64_	(8 CPU)

23时38分27秒  CPU    %usr   %nice    %sys %iowait    %irq   %soft  %steal  %guest   %idle
23时38分28秒  all   92.02    0.00    6.11    0.00    0.00    0.62    0.00    0.00    1.25
平均时间:  all   92.02    0.00    6.11    0.00    0.00    0.62    0.00    0.00    1.25

Linux 2.6.32-431.el6.x86_64 (slave1) 	2019年07月25日 	_x86_64_	(8 CPU)

23时38分31秒  CPU    %usr   %nice    %sys %iowait    %irq   %soft  %steal  %guest   %idle
23时38分32秒  all   55.83    0.00    7.55    0.00    0.13    0.64    0.00    0.00   35.85
平均时间:  all   55.83    0.00    7.55    0.00    0.13    0.64    0.00    0.00   35.85

Linux 2.6.32-431.el6.x86_64 (slave1) 	2019年07月25日 	_x86_64_	(8 CPU)

23时38分35秒  CPU    %usr   %nice    %sys %iowait    %irq   %soft  %steal  %guest   %idle
23时38分36秒  all   45.52    0.00    9.54    0.00    0.00    0.59    0.00    0.00   44.35
平均时间:  all   45.52    0.00    9.54    0.00    0.00    0.59    0.00    0.00   44.35

Linux 2.6.32-431.el6.x86_64 (slave1) 	2019年07月25日 	_x86_64_	(8 CPU)

23时38分39秒  CPU    %usr   %nice    %sys %iowait    %irq   %soft  %steal  %guest   %idle
23时38分40秒  all   59.67    0.00    6.91    0.00    0.13    0.51    0.00    0.00   32.78
平均时间:  all   59.67    0.00    6.91    0.00    0.13    0.51    0.00    0.00   32.78

Linux 2.6.32-431.el6.x86_64 (slave1) 	2019年07月25日 	_x86_64_	(8 CPU)

23时38分43秒  CPU    %usr   %nice    %sys %iowait    %irq   %soft  %steal  %guest   %idle
23时38分44秒  all   55.04    0.00    5.49    0.00    0.00    0.89    0.00    0.00   38.57
平均时间:  all   55.04    0.00    5.49    0.00    0.00    0.89    0.00    0.00   38.57

Linux 2.6.32-431.el6.x86_64 (slave1) 	2019年07月25日 	_x86_64_	(8 CPU)

23时38分47秒  CPU    %usr   %nice    %sys %iowait    %irq   %soft  %steal  %guest   %idle
23时38分48秒  all   43.17    0.00    6.44    0.00    0.00    1.03    0.00    0.00   49.36
平均时间:  all   43.17    0.00    6.44    0.00    0.00    1.03    0.00    0.00   49.36

Linux 2.6.32-431.el6.x86_64 (slave1) 	2019年07月25日 	_x86_64_	(8 CPU)

23时38分51秒  CPU    %usr   %nice    %sys %iowait    %irq   %soft  %steal  %guest   %idle
23时38分52秒  all   65.05    0.00    8.42    0.00    0.13    0.38    0.00    0.00   26.02
平均时间:  all   65.05    0.00    8.42    0.00    0.13    0.38    0.00    0.00   26.02

Linux 2.6.32-431.el6.x86_64 (slave1) 	2019年07月25日 	_x86_64_	(8 CPU)

23时38分55秒  CPU    %usr   %nice    %sys %iowait    %irq   %soft  %steal  %guest   %idle
23时38分56秒  all   82.90    0.00   15.86    0.00    0.00    1.12    0.00    0.00    0.12
平均时间:  all   82.90    0.00   15.86    0.00    0.00    1.12    0.00    0.00    0.12

Linux 2.6.32-431.el6.x86_64 (slave1) 	2019年07月25日 	_x86_64_	(8 CPU)

23时38分59秒  CPU    %usr   %nice    %sys %iowait    %irq   %soft  %steal  %guest   %idle
23时39分00秒  all   80.96    0.00   13.24    0.00    0.00    1.13    0.00    0.00    4.67
平均时间:  all   80.96    0.00   13.24    0.00    0.00    1.13    0.00    0.00    4.67

Linux 2.6.32-431.el6.x86_64 (slave1) 	2019年07月25日 	_x86_64_	(8 CPU)

23时39分03秒  CPU    %usr   %nice    %sys %iowait    %irq   %soft  %steal  %guest   %idle
23时39分04秒  all   67.56    0.00   15.20    0.00    0.13    7.41    0.00    0.00    9.71
平均时间:  all   67.56    0.00   15.20    0.00    0.13    7.41    0.00    0.00    9.71

Linux 2.6.32-431.el6.x86_64 (slave1) 	2019年07月25日 	_x86_64_	(8 CPU)

23时39分07秒  CPU    %usr   %nice    %sys %iowait    %irq   %soft  %steal  %guest   %idle
23时39分08秒  all   64.54    0.00   19.30    0.00    0.50   15.66    0.00    0.00    0.00
平均时间:  all   64.54    0.00   19.30    0.00    0.50   15.66    0.00    0.00    0.00

Linux 2.6.32-431.el6.x86_64 (slave1) 	2019年07月25日 	_x86_64_	(8 CPU)

23时39分11秒  CPU    %usr   %nice    %sys %iowait    %irq   %soft  %steal  %guest   %idle
23时39分12秒  all   61.10    0.00   20.33    0.00    0.25   16.81    0.00    0.00    1.51
平均时间:  all   61.10    0.00   20.33    0.00    0.25   16.81    0.00    0.00    1.51

Linux 2.6.32-431.el6.x86_64 (slave1) 	2019年07月25日 	_x86_64_	(8 CPU)

23时39分15秒  CPU    %usr   %nice    %sys %iowait    %irq   %soft  %steal  %guest   %idle
23时39分16秒  all   56.50    0.00   26.38    0.00    0.25   16.00    0.00    0.00    0.88
平均时间:  all   56.50    0.00   26.38    0.00    0.25   16.00    0.00    0.00    0.88

Linux 2.6.32-431.el6.x86_64 (slave1) 	2019年07月25日 	_x86_64_	(8 CPU)

23时39分19秒  CPU    %usr   %nice    %sys %iowait    %irq   %soft  %steal  %guest   %idle
23时39分20秒  all   65.41    0.00   21.18    0.00    0.25   13.16    0.00    0.00    0.00
平均时间:  all   65.41    0.00   21.18    0.00    0.25   13.16    0.00    0.00    0.00

Linux 2.6.32-431.el6.x86_64 (slave1) 	2019年07月25日 	_x86_64_	(8 CPU)

23时39分23秒  CPU    %usr   %nice    %sys %iowait    %irq   %soft  %steal  %guest   %idle
23时39分24秒  all   58.11    0.00   24.53    0.00    0.63   16.73    0.00    0.00    0.00
平均时间:  all   58.11    0.00   24.53    0.00    0.63   16.73    0.00    0.00    0.00

Linux 2.6.32-431.el6.x86_64 (slave1) 	2019年07月25日 	_x86_64_	(8 CPU)

23时39分27秒  CPU    %usr   %nice    %sys %iowait    %irq   %soft  %steal  %guest   %idle
23时39分28秒  all   82.23    0.00   15.39    0.00    0.13    2.25    0.00    0.00    0.00
平均时间:  all   82.23    0.00   15.39    0.00    0.13    2.25    0.00    0.00    0.00

Linux 2.6.32-431.el6.x86_64 (slave1) 	2019年07月25日 	_x86_64_	(8 CPU)

23时39分32秒  CPU    %usr   %nice    %sys %iowait    %irq   %soft  %steal  %guest   %idle
23时39分33秒  all   24.33    0.00    4.35    0.00    0.00    0.00    0.00    0.00   71.32
平均时间:  all   24.33    0.00    4.35    0.00    0.00    0.00    0.00    0.00   71.32

Linux 2.6.32-431.el6.x86_64 (slave1) 	2019年07月25日 	_x86_64_	(8 CPU)

23时39分36秒  CPU    %usr   %nice    %sys %iowait    %irq   %soft  %steal  %guest   %idle
23时39分37秒  all   75.89    0.00    9.64    0.00    0.00    0.76    0.00    0.00   13.71
平均时间:  all   75.89    0.00    9.64    0.00    0.00    0.76    0.00    0.00   13.71

Linux 2.6.32-431.el6.x86_64 (slave1) 	2019年07月25日 	_x86_64_	(8 CPU)

23时39分40秒  CPU    %usr   %nice    %sys %iowait    %irq   %soft  %steal  %guest   %idle
23时39分41秒  all   62.71    0.00   11.75    0.00    0.00    0.13    0.00    0.00   25.42
平均时间:  all   62.71    0.00   11.75    0.00    0.00    0.13    0.00    0.00   25.42

Linux 2.6.32-431.el6.x86_64 (slave1) 	2019年07月25日 	_x86_64_	(8 CPU)

23时39分44秒  CPU    %usr   %nice    %sys %iowait    %irq   %soft  %steal  %guest   %idle
23时39分45秒  all   63.99    0.00   13.49    0.00    0.00    0.00    0.00    0.00   22.52
平均时间:  all   63.99    0.00   13.49    0.00    0.00    0.00    0.00    0.00   22.52

Linux 2.6.32-431.el6.x86_64 (slave1) 	2019年07月25日 	_x86_64_	(8 CPU)

23时39分48秒  CPU    %usr   %nice    %sys %iowait    %irq   %soft  %steal  %guest   %idle
23时39分49秒  all   52.12    0.00    6.93    0.00    0.00    0.00    0.00    0.00   40.95
平均时间:  all   52.12    0.00    6.93    0.00    0.00    0.00    0.00    0.00   40.95

Linux 2.6.32-431.el6.x86_64 (slave1) 	2019年07月25日 	_x86_64_	(8 CPU)

23时39分52秒  CPU    %usr   %nice    %sys %iowait    %irq   %soft  %steal  %guest   %idle
23时39分53秒  all   54.82    0.00   10.41    0.00    0.00    0.00    0.00    0.00   34.77
平均时间:  all   54.82    0.00   10.41    0.00    0.00    0.00    0.00    0.00   34.77

Linux 2.6.32-431.el6.x86_64 (slave1) 	2019年07月25日 	_x86_64_	(8 CPU)

23时39分56秒  CPU    %usr   %nice    %sys %iowait    %irq   %soft  %steal  %guest   %idle
23时39分57秒  all   84.23    0.00   14.39    0.00    0.00    1.00    0.00    0.00    0.38
平均时间:  all   84.23    0.00   14.39    0.00    0.00    1.00    0.00    0.00    0.38

Linux 2.6.32-431.el6.x86_64 (slave1) 	2019年07月25日 	_x86_64_	(8 CPU)

23时40分00秒  CPU    %usr   %nice    %sys %iowait    %irq   %soft  %steal  %guest   %idle
23时40分01秒  all   84.15    0.00    8.05    0.00    0.00    0.50    0.00    0.00    7.30
平均时间:  all   84.15    0.00    8.05    0.00    0.00    0.50    0.00    0.00    7.30

Linux 2.6.32-431.el6.x86_64 (slave1) 	2019年07月25日 	_x86_64_	(8 CPU)

23时40分04秒  CPU    %usr   %nice    %sys %iowait    %irq   %soft  %steal  %guest   %idle
23时40分05秒  all   92.73    0.00    7.27    0.00    0.00    0.00    0.00    0.00    0.00
平均时间:  all   92.73    0.00    7.27    0.00    0.00    0.00    0.00    0.00    0.00

Linux 2.6.32-431.el6.x86_64 (slave1) 	2019年07月25日 	_x86_64_	(8 CPU)

23时40分08秒  CPU    %usr   %nice    %sys %iowait    %irq   %soft  %steal  %guest   %idle
23时40分09秒  all   90.46    0.00    8.16    0.00    0.13    0.50    0.00    0.00    0.75
平均时间:  all   90.46    0.00    8.16    0.00    0.13    0.50    0.00    0.00    0.75

Linux 2.6.32-431.el6.x86_64 (slave1) 	2019年07月25日 	_x86_64_	(8 CPU)

23时40分12秒  CPU    %usr   %nice    %sys %iowait    %irq   %soft  %steal  %guest   %idle
23时40分13秒  all   77.92    0.00    3.76    0.00    0.00    1.38    0.00    0.00   16.94
平均时间:  all   77.92    0.00    3.76    0.00    0.00    1.38    0.00    0.00   16.94

Linux 2.6.32-431.el6.x86_64 (slave1) 	2019年07月25日 	_x86_64_	(8 CPU)

23时40分16秒  CPU    %usr   %nice    %sys %iowait    %irq   %soft  %steal  %guest   %idle
23时40分17秒  all   68.43    0.00    3.57    0.00    0.00    1.19    0.00    0.00   26.82
平均时间:  all   68.43    0.00    3.57    0.00    0.00    1.19    0.00    0.00   26.82

Linux 2.6.32-431.el6.x86_64 (slave1) 	2019年07月25日 	_x86_64_	(8 CPU)

23时40分20秒  CPU    %usr   %nice    %sys %iowait    %irq   %soft  %steal  %guest   %idle
23时40分21秒  all   72.96    0.00    3.27    0.00    0.00    1.26    0.00    0.00   22.52
平均时间:  all   72.96    0.00    3.27    0.00    0.00    1.26    0.00    0.00   22.52

Linux 2.6.32-431.el6.x86_64 (slave1) 	2019年07月25日 	_x86_64_	(8 CPU)

23时40分24秒  CPU    %usr   %nice    %sys %iowait    %irq   %soft  %steal  %guest   %idle
23时40分25秒  all   96.50    0.00    3.50    0.00    0.00    0.00    0.00    0.00    0.00
平均时间:  all   96.50    0.00    3.50    0.00    0.00    0.00    0.00    0.00    0.00

Linux 2.6.32-431.el6.x86_64 (slave1) 	2019年07月25日 	_x86_64_	(8 CPU)

23时40分28秒  CPU    %usr   %nice    %sys %iowait    %irq   %soft  %steal  %guest   %idle
23时40分29秒  all   92.70    0.00    6.27    0.00    0.00    0.64    0.00    0.00    0.38
平均时间:  all   92.70    0.00    6.27    0.00    0.00    0.64    0.00    0.00    0.38

Linux 2.6.32-431.el6.x86_64 (slave1) 	2019年07月25日 	_x86_64_	(8 CPU)

23时40分32秒  CPU    %usr   %nice    %sys %iowait    %irq   %soft  %steal  %guest   %idle
23时40分33秒  all   30.99    0.00    3.33    0.00    0.13    1.92    0.00    0.00   63.64
平均时间:  all   30.99    0.00    3.33    0.00    0.13    1.92    0.00    0.00   63.64

Linux 2.6.32-431.el6.x86_64 (slave1) 	2019年07月25日 	_x86_64_	(8 CPU)

23时40分36秒  CPU    %usr   %nice    %sys %iowait    %irq   %soft  %steal  %guest   %idle
23时40分37秒  all   81.86    0.00    8.06    0.00    0.00    0.00    0.00    0.00   10.08
平均时间:  all   81.86    0.00    8.06    0.00    0.00    0.00    0.00    0.00   10.08

Linux 2.6.32-431.el6.x86_64 (slave1) 	2019年07月25日 	_x86_64_	(8 CPU)

23时40分40秒  CPU    %usr   %nice    %sys %iowait    %irq   %soft  %steal  %guest   %idle
23时40分41秒  all   93.62    0.00    6.13    0.00    0.00    0.25    0.00    0.00    0.00
平均时间:  all   93.62    0.00    6.13    0.00    0.00    0.25    0.00    0.00    0.00

Linux 2.6.32-431.el6.x86_64 (slave1) 	2019年07月25日 	_x86_64_	(8 CPU)

23时40分44秒  CPU    %usr   %nice    %sys %iowait    %irq   %soft  %steal  %guest   %idle
23时40分45秒  all   75.82    0.00   11.46    0.00    0.00    0.25    0.00    0.00   12.47
平均时间:  all   75.82    0.00   11.46    0.00    0.00    0.25    0.00    0.00   12.47

Linux 2.6.32-431.el6.x86_64 (slave1) 	2019年07月25日 	_x86_64_	(8 CPU)

23时40分48秒  CPU    %usr   %nice    %sys %iowait    %irq   %soft  %steal  %guest   %idle
23时40分49秒  all   91.52    0.00    8.10    0.00    0.12    0.12    0.00    0.00    0.12
平均时间:  all   91.52    0.00    8.10    0.00    0.12    0.12    0.00    0.00    0.12

Linux 2.6.32-431.el6.x86_64 (slave1) 	2019年07月25日 	_x86_64_	(8 CPU)

23时40分52秒  CPU    %usr   %nice    %sys %iowait    %irq   %soft  %steal  %guest   %idle
23时40分53秒  all   93.26    0.00    6.24    0.00    0.00    0.25    0.00    0.00    0.25
平均时间:  all   93.26    0.00    6.24    0.00    0.00    0.25    0.00    0.00    0.25

Linux 2.6.32-431.el6.x86_64 (slave1) 	2019年07月25日 	_x86_64_	(8 CPU)

23时40分56秒  CPU    %usr   %nice    %sys %iowait    %irq   %soft  %steal  %guest   %idle
23时40分57秒  all   83.25    0.00    5.29    0.00    0.00    0.63    0.00    0.00   10.83
平均时间:  all   83.25    0.00    5.29    0.00    0.00    0.63    0.00    0.00   10.83

Linux 2.6.32-431.el6.x86_64 (slave1) 	2019年07月25日 	_x86_64_	(8 CPU)

23时41分00秒  CPU    %usr   %nice    %sys %iowait    %irq   %soft  %steal  %guest   %idle
23时41分01秒  all   78.79    0.00    8.21    0.00    0.13    1.52    0.00    0.00   11.36
平均时间:  all   78.79    0.00    8.21    0.00    0.13    1.52    0.00    0.00   11.36

Linux 2.6.32-431.el6.x86_64 (slave1) 	2019年07月25日 	_x86_64_	(8 CPU)

23时41分04秒  CPU    %usr   %nice    %sys %iowait    %irq   %soft  %steal  %guest   %idle
23时41分05秒  all   73.26    0.00    9.25    0.00    0.13    2.79    0.00    0.00   14.58
平均时间:  all   73.26    0.00    9.25    0.00    0.13    2.79    0.00    0.00   14.58

Linux 2.6.32-431.el6.x86_64 (slave1) 	2019年07月25日 	_x86_64_	(8 CPU)

23时41分08秒  CPU    %usr   %nice    %sys %iowait    %irq   %soft  %steal  %guest   %idle
23时41分09秒  all   69.42    0.00   17.29    0.00    0.25   12.53    0.00    0.00    0.50
平均时间:  all   69.42    0.00   17.29    0.00    0.25   12.53    0.00    0.00    0.50

Linux 2.6.32-431.el6.x86_64 (slave1) 	2019年07月25日 	_x86_64_	(8 CPU)

23时41分12秒  CPU    %usr   %nice    %sys %iowait    %irq   %soft  %steal  %guest   %idle
23时41分13秒  all   74.28    0.00   14.48    0.00    0.37   10.86    0.00    0.00    0.00
平均时间:  all   74.28    0.00   14.48    0.00    0.37   10.86    0.00    0.00    0.00

Linux 2.6.32-431.el6.x86_64 (slave1) 	2019年07月25日 	_x86_64_	(8 CPU)

23时41分16秒  CPU    %usr   %nice    %sys %iowait    %irq   %soft  %steal  %guest   %idle
23时41分17秒  all   73.25    0.00   15.88    0.00    0.25   10.50    0.00    0.00    0.12
平均时间:  all   73.25    0.00   15.88    0.00    0.25   10.50    0.00    0.00    0.12

Linux 2.6.32-431.el6.x86_64 (slave1) 	2019年07月25日 	_x86_64_	(8 CPU)

23时41分20秒  CPU    %usr   %nice    %sys %iowait    %irq   %soft  %steal  %guest   %idle
23时41分21秒  all   62.20    0.00   17.95    0.00    0.38   15.80    0.00    0.00    3.67
平均时间:  all   62.20    0.00   17.95    0.00    0.38   15.80    0.00    0.00    3.67

Linux 2.6.32-431.el6.x86_64 (slave1) 	2019年07月25日 	_x86_64_	(8 CPU)

23时41分25秒  CPU    %usr   %nice    %sys %iowait    %irq   %soft  %steal  %guest   %idle
23时41分26秒  all   53.62    0.00   13.82    0.00    0.26   12.40    0.00    0.00   19.90
平均时间:  all   53.62    0.00   13.82    0.00    0.26   12.40    0.00    0.00   19.90

Linux 2.6.32-431.el6.x86_64 (slave1) 	2019年07月25日 	_x86_64_	(8 CPU)

23时41分29秒  CPU    %usr   %nice    %sys %iowait    %irq   %soft  %steal  %guest   %idle
23时41分30秒  all   52.06    0.00   15.17    0.00    0.39    7.20    0.00    0.00   25.19
平均时间:  all   52.06    0.00   15.17    0.00    0.39    7.20    0.00    0.00   25.19

Linux 2.6.32-431.el6.x86_64 (slave1) 	2019年07月25日 	_x86_64_	(8 CPU)

23时41分33秒  CPU    %usr   %nice    %sys %iowait    %irq   %soft  %steal  %guest   %idle
23时41分34秒  all   62.01    0.00    6.10    0.00    0.00    0.25    0.00    0.00   31.64
平均时间:  all   62.01    0.00    6.10    0.00    0.00    0.25    0.00    0.00   31.64

Linux 2.6.32-431.el6.x86_64 (slave1) 	2019年07月25日 	_x86_64_	(8 CPU)

23时41分37秒  CPU    %usr   %nice    %sys %iowait    %irq   %soft  %steal  %guest   %idle
23时41分38秒  all   67.09    0.00   13.09    0.00    0.13    3.56    0.00    0.00   16.14
平均时间:  all   67.09    0.00   13.09    0.00    0.13    3.56    0.00    0.00   16.14

Linux 2.6.32-431.el6.x86_64 (slave1) 	2019年07月25日 	_x86_64_	(8 CPU)

23时41分41秒  CPU    %usr   %nice    %sys %iowait    %irq   %soft  %steal  %guest   %idle
23时41分42秒  all   65.23    0.00   15.23    0.00    0.00    0.89    0.00    0.00   18.65
平均时间:  all   65.23    0.00   15.23    0.00    0.00    0.89    0.00    0.00   18.65

Linux 2.6.32-431.el6.x86_64 (slave1) 	2019年07月25日 	_x86_64_	(8 CPU)

23时41分45秒  CPU    %usr   %nice    %sys %iowait    %irq   %soft  %steal  %guest   %idle
23时41分46秒  all   85.55    0.00    8.67    0.00    0.00    0.13    0.00    0.00    5.65
平均时间:  all   85.55    0.00    8.67    0.00    0.00    0.13    0.00    0.00    5.65

Linux 2.6.32-431.el6.x86_64 (slave1) 	2019年07月25日 	_x86_64_	(8 CPU)

23时41分49秒  CPU    %usr   %nice    %sys %iowait    %irq   %soft  %steal  %guest   %idle
23时41分50秒  all   87.81    0.00    6.91    0.00    0.00    0.25    0.00    0.00    5.03
平均时间:  all   87.81    0.00    6.91    0.00    0.00    0.25    0.00    0.00    5.03

Linux 2.6.32-431.el6.x86_64 (slave1) 	2019年07月25日 	_x86_64_	(8 CPU)

23时41分53秒  CPU    %usr   %nice    %sys %iowait    %irq   %soft  %steal  %guest   %idle
23时41分54秒  all   64.46    0.00   15.54    0.00    0.13    0.89    0.00    0.00   18.98
平均时间:  all   64.46    0.00   15.54    0.00    0.13    0.89    0.00    0.00   18.98

Linux 2.6.32-431.el6.x86_64 (slave1) 	2019年07月25日 	_x86_64_	(8 CPU)

23时41分57秒  CPU    %usr   %nice    %sys %iowait    %irq   %soft  %steal  %guest   %idle
23时41分58秒  all   89.01    0.00   10.11    0.00    0.00    0.12    0.00    0.00    0.75
平均时间:  all   89.01    0.00   10.11    0.00    0.00    0.12    0.00    0.00    0.75

Linux 2.6.32-431.el6.x86_64 (slave1) 	2019年07月25日 	_x86_64_	(8 CPU)

23时42分01秒  CPU    %usr   %nice    %sys %iowait    %irq   %soft  %steal  %guest   %idle
23时42分02秒  all   32.99    0.00    6.62    0.00    0.00    0.00    0.00    0.00   60.38
平均时间:  all   32.99    0.00    6.62    0.00    0.00    0.00    0.00    0.00   60.38

Linux 2.6.32-431.el6.x86_64 (slave1) 	2019年07月25日 	_x86_64_	(8 CPU)

23时42分05秒  CPU    %usr   %nice    %sys %iowait    %irq   %soft  %steal  %guest   %idle
23时42分06秒  all   87.75    0.00   10.50    0.00    0.00    0.00    0.00    0.00    1.75
平均时间:  all   87.75    0.00   10.50    0.00    0.00    0.00    0.00    0.00    1.75

Linux 2.6.32-431.el6.x86_64 (slave1) 	2019年07月25日 	_x86_64_	(8 CPU)

23时42分09秒  CPU    %usr   %nice    %sys %iowait    %irq   %soft  %steal  %guest   %idle
23时42分10秒  all   70.72    0.00   13.81    0.00    0.00    0.00    0.00    0.00   15.46
平均时间:  all   70.72    0.00   13.81    0.00    0.00    0.00    0.00    0.00   15.46

Linux 2.6.32-431.el6.x86_64 (slave1) 	2019年07月25日 	_x86_64_	(8 CPU)

23时42分13秒  CPU    %usr   %nice    %sys %iowait    %irq   %soft  %steal  %guest   %idle
23时42分14秒  all   64.22    0.00   18.96    0.00    0.00    1.01    0.00    0.00   15.80
平均时间:  all   64.22    0.00   18.96    0.00    0.00    1.01    0.00    0.00   15.80

Linux 2.6.32-431.el6.x86_64 (slave1) 	2019年07月25日 	_x86_64_	(8 CPU)

23时42分17秒  CPU    %usr   %nice    %sys %iowait    %irq   %soft  %steal  %guest   %idle
23时42分18秒  all   84.46    0.00   12.66    0.00    0.00    0.00    0.00    0.00    2.88
平均时间:  all   84.46    0.00   12.66    0.00    0.00    0.00    0.00    0.00    2.88

Linux 2.6.32-431.el6.x86_64 (slave1) 	2019年07月25日 	_x86_64_	(8 CPU)

23时42分21秒  CPU    %usr   %nice    %sys %iowait    %irq   %soft  %steal  %guest   %idle
23时42分22秒  all   90.60    0.00    9.02    0.00    0.00    0.00    0.00    0.00    0.38
平均时间:  all   90.60    0.00    9.02    0.00    0.00    0.00    0.00    0.00    0.38

Linux 2.6.32-431.el6.x86_64 (slave1) 	2019年07月25日 	_x86_64_	(8 CPU)

23时42分25秒  CPU    %usr   %nice    %sys %iowait    %irq   %soft  %steal  %guest   %idle
23时42分26秒  all   75.22    0.00   15.97    0.00    0.00    1.01    0.00    0.00    7.80
平均时间:  all   75.22    0.00   15.97    0.00    0.00    1.01    0.00    0.00    7.80

Linux 2.6.32-431.el6.x86_64 (slave1) 	2019年07月25日 	_x86_64_	(8 CPU)

23时42分29秒  CPU    %usr   %nice    %sys %iowait    %irq   %soft  %steal  %guest   %idle
23时42分30秒  all   93.13    0.00    6.37    0.00    0.00    0.12    0.00    0.00    0.37
平均时间:  all   93.13    0.00    6.37    0.00    0.00    0.12    0.00    0.00    0.37

Linux 2.6.32-431.el6.x86_64 (slave1) 	2019年07月25日 	_x86_64_	(8 CPU)

23时42分33秒  CPU    %usr   %nice    %sys %iowait    %irq   %soft  %steal  %guest   %idle
23时42分34秒  all   22.31    0.00    4.23    0.00    0.00    0.00    0.00    0.00   73.46
平均时间:  all   22.31    0.00    4.23    0.00    0.00    0.00    0.00    0.00   73.46

Linux 2.6.32-431.el6.x86_64 (slave1) 	2019年07月25日 	_x86_64_	(8 CPU)

23时42分37秒  CPU    %usr   %nice    %sys %iowait    %irq   %soft  %steal  %guest   %idle
23时42分38秒  all   85.68    0.00    8.54    0.00    0.00    0.13    0.00    0.00    5.65
平均时间:  all   85.68    0.00    8.54    0.00    0.00    0.13    0.00    0.00    5.65

Linux 2.6.32-431.el6.x86_64 (slave1) 	2019年07月25日 	_x86_64_	(8 CPU)

23时42分41秒  CPU    %usr   %nice    %sys %iowait    %irq   %soft  %steal  %guest   %idle
23时42分42秒  all   52.55    0.00   10.71    0.00    0.00    0.13    0.00    0.00   36.61
平均时间:  all   52.55    0.00   10.71    0.00    0.00    0.13    0.00    0.00   36.61

Linux 2.6.32-431.el6.x86_64 (slave1) 	2019年07月25日 	_x86_64_	(8 CPU)

23时42分45秒  CPU    %usr   %nice    %sys %iowait    %irq   %soft  %steal  %guest   %idle
23时42分46秒  all   22.49    0.00   12.72    0.00    0.13    1.54    0.00    0.00   63.11
平均时间:  all   22.49    0.00   12.72    0.00    0.13    1.54    0.00    0.00   63.11

Linux 2.6.32-431.el6.x86_64 (slave1) 	2019年07月25日 	_x86_64_	(8 CPU)

23时42分49秒  CPU    %usr   %nice    %sys %iowait    %irq   %soft  %steal  %guest   %idle
23时42分50秒  all   80.53    0.00   14.57    0.00    0.00    0.63    0.00    0.00    4.27
平均时间:  all   80.53    0.00   14.57    0.00    0.00    0.63    0.00    0.00    4.27

Linux 2.6.32-431.el6.x86_64 (slave1) 	2019年07月25日 	_x86_64_	(8 CPU)

23时42分53秒  CPU    %usr   %nice    %sys %iowait    %irq   %soft  %steal  %guest   %idle
23时42分54秒  all   19.24    0.00    3.18    0.00    0.00    0.00    0.00    0.00   77.58
平均时间:  all   19.24    0.00    3.18    0.00    0.00    0.00    0.00    0.00   77.58

Linux 2.6.32-431.el6.x86_64 (slave1) 	2019年07月25日 	_x86_64_	(8 CPU)

23时42分57秒  CPU    %usr   %nice    %sys %iowait    %irq   %soft  %steal  %guest   %idle
23时42分58秒  all   84.98    0.00   13.27    0.00    0.13    1.25    0.00    0.00    0.38
平均时间:  all   84.98    0.00   13.27    0.00    0.13    1.25    0.00    0.00    0.38

Linux 2.6.32-431.el6.x86_64 (slave1) 	2019年07月25日 	_x86_64_	(8 CPU)

23时43分01秒  CPU    %usr   %nice    %sys %iowait    %irq   %soft  %steal  %guest   %idle
23时43分02秒  all   79.06    0.00   11.04    0.00    0.00    0.00    0.00    0.00    9.90
平均时间:  all   79.06    0.00   11.04    0.00    0.00    0.00    0.00    0.00    9.90

Linux 2.6.32-431.el6.x86_64 (slave1) 	2019年07月25日 	_x86_64_	(8 CPU)

23时43分05秒  CPU    %usr   %nice    %sys %iowait    %irq   %soft  %steal  %guest   %idle
23时43分06秒  all   79.25    0.00   15.62    0.00    0.12    1.12    0.00    0.00    3.88
平均时间:  all   79.25    0.00   15.62    0.00    0.12    1.12    0.00    0.00    3.88

Linux 2.6.32-431.el6.x86_64 (slave1) 	2019年07月25日 	_x86_64_	(8 CPU)

23时43分09秒  CPU    %usr   %nice    %sys %iowait    %irq   %soft  %steal  %guest   %idle
23时43分10秒  all   77.96    0.00   14.61    0.00    0.13    0.25    0.00    0.00    7.05
平均时间:  all   77.96    0.00   14.61    0.00    0.13    0.25    0.00    0.00    7.05

Linux 2.6.32-431.el6.x86_64 (slave1) 	2019年07月25日 	_x86_64_	(8 CPU)

23时43分13秒  CPU    %usr   %nice    %sys %iowait    %irq   %soft  %steal  %guest   %idle
23时43分14秒  all   86.84    0.00   10.65    0.00    0.00    0.13    0.00    0.00    2.38
平均时间:  all   86.84    0.00   10.65    0.00    0.00    0.13    0.00    0.00    2.38

Linux 2.6.32-431.el6.x86_64 (slave1) 	2019年07月25日 	_x86_64_	(8 CPU)

23时43分17秒  CPU    %usr   %nice    %sys %iowait    %irq   %soft  %steal  %guest   %idle
23时43分18秒  all   81.06    0.00   12.37    0.00    0.13    0.38    0.00    0.00    6.06
平均时间:  all   81.06    0.00   12.37    0.00    0.13    0.38    0.00    0.00    6.06

Linux 2.6.32-431.el6.x86_64 (slave1) 	2019年07月25日 	_x86_64_	(8 CPU)

23时43分21秒  CPU    %usr   %nice    %sys %iowait    %irq   %soft  %steal  %guest   %idle
23时43分22秒  all   88.33    0.00    7.65    0.00    0.00    0.63    0.00    0.00    3.39
平均时间:  all   88.33    0.00    7.65    0.00    0.00    0.63    0.00    0.00    3.39

Linux 2.6.32-431.el6.x86_64 (slave1) 	2019年07月25日 	_x86_64_	(8 CPU)

23时43分25秒  CPU    %usr   %nice    %sys %iowait    %irq   %soft  %steal  %guest   %idle
23时43分26秒  all   94.51    0.00    5.24    0.00    0.00    0.12    0.00    0.00    0.12
平均时间:  all   94.51    0.00    5.24    0.00    0.00    0.12    0.00    0.00    0.12

Linux 2.6.32-431.el6.x86_64 (slave1) 	2019年07月25日 	_x86_64_	(8 CPU)

23时43分29秒  CPU    %usr   %nice    %sys %iowait    %irq   %soft  %steal  %guest   %idle
23时43分30秒  all   91.10    0.00    7.52    0.00    0.13    0.88    0.00    0.00    0.38
平均时间:  all   91.10    0.00    7.52    0.00    0.13    0.88    0.00    0.00    0.38

Linux 2.6.32-431.el6.x86_64 (slave1) 	2019年07月25日 	_x86_64_	(8 CPU)

23时43分34秒  CPU    %usr   %nice    %sys %iowait    %irq   %soft  %steal  %guest   %idle
23时43分35秒  all   92.86    0.00    6.27    0.00    0.25    0.63    0.00    0.00    0.00
平均时间:  all   92.86    0.00    6.27    0.00    0.25    0.63    0.00    0.00    0.00

Linux 2.6.32-431.el6.x86_64 (slave1) 	2019年07月25日 	_x86_64_	(8 CPU)

23时43分38秒  CPU    %usr   %nice    %sys %iowait    %irq   %soft  %steal  %guest   %idle
23时43分39秒  all   87.42    0.00   10.94    0.00    0.13    1.38    0.00    0.00    0.13
平均时间:  all   87.42    0.00   10.94    0.00    0.13    1.38    0.00    0.00    0.13

Linux 2.6.32-431.el6.x86_64 (slave1) 	2019年07月25日 	_x86_64_	(8 CPU)

23时43分42秒  CPU    %usr   %nice    %sys %iowait    %irq   %soft  %steal  %guest   %idle
23时43分43秒  all   93.12    0.00    5.88    0.00    0.13    0.88    0.00    0.00    0.00
平均时间:  all   93.12    0.00    5.88    0.00    0.13    0.88    0.00    0.00    0.00

Linux 2.6.32-431.el6.x86_64 (slave1) 	2019年07月25日 	_x86_64_	(8 CPU)

23时43分46秒  CPU    %usr   %nice    %sys %iowait    %irq   %soft  %steal  %guest   %idle
23时43分47秒  all   90.23    0.00    7.89    0.00    0.13    1.75    0.00    0.00    0.00
平均时间:  all   90.23    0.00    7.89    0.00    0.13    1.75    0.00    0.00    0.00

Linux 2.6.32-431.el6.x86_64 (slave1) 	2019年07月25日 	_x86_64_	(8 CPU)

23时43分50秒  CPU    %usr   %nice    %sys %iowait    %irq   %soft  %steal  %guest   %idle
23时43分51秒  all   55.91    0.00    7.12    0.00    0.13    1.91    0.00    0.00   34.94
平均时间:  all   55.91    0.00    7.12    0.00    0.13    1.91    0.00    0.00   34.94

Linux 2.6.32-431.el6.x86_64 (slave1) 	2019年07月25日 	_x86_64_	(8 CPU)

23时43分54秒  CPU    %usr   %nice    %sys %iowait    %irq   %soft  %steal  %guest   %idle
23时43分55秒  all   90.35    0.00    6.14    0.00    0.00    1.25    0.00    0.00    2.26
平均时间:  all   90.35    0.00    6.14    0.00    0.00    1.25    0.00    0.00    2.26

Linux 2.6.32-431.el6.x86_64 (slave1) 	2019年07月25日 	_x86_64_	(8 CPU)

23时43分58秒  CPU    %usr   %nice    %sys %iowait    %irq   %soft  %steal  %guest   %idle
23时43分59秒  all   88.89    0.00    8.49    0.00    0.12    2.37    0.00    0.00    0.12
平均时间:  all   88.89    0.00    8.49    0.00    0.12    2.37    0.00    0.00    0.12

Linux 2.6.32-431.el6.x86_64 (slave1) 	2019年07月25日 	_x86_64_	(8 CPU)

23时44分02秒  CPU    %usr   %nice    %sys %iowait    %irq   %soft  %steal  %guest   %idle
23时44分03秒  all   67.39    0.00    9.01    0.00    0.00    0.76    0.00    0.00   22.84
平均时间:  all   67.39    0.00    9.01    0.00    0.00    0.76    0.00    0.00   22.84

Linux 2.6.32-431.el6.x86_64 (slave1) 	2019年07月25日 	_x86_64_	(8 CPU)

23时44分06秒  CPU    %usr   %nice    %sys %iowait    %irq   %soft  %steal  %guest   %idle
23时44分07秒  all   40.79    0.00    9.97    0.00    0.00    0.38    0.00    0.00   48.85
平均时间:  all   40.79    0.00    9.97    0.00    0.00    0.38    0.00    0.00   48.85

Linux 2.6.32-431.el6.x86_64 (slave1) 	2019年07月25日 	_x86_64_	(8 CPU)

23时44分10秒  CPU    %usr   %nice    %sys %iowait    %irq   %soft  %steal  %guest   %idle
23时44分11秒  all   87.15    0.00    8.31    0.00    0.00    0.00    0.00    0.00    4.53
平均时间:  all   87.15    0.00    8.31    0.00    0.00    0.00    0.00    0.00    4.53

Linux 2.6.32-431.el6.x86_64 (slave1) 	2019年07月25日 	_x86_64_	(8 CPU)

23时44分14秒  CPU    %usr   %nice    %sys %iowait    %irq   %soft  %steal  %guest   %idle
23时44分15秒  all   94.00    0.00    5.50    0.00    0.00    0.50    0.00    0.00    0.00
平均时间:  all   94.00    0.00    5.50    0.00    0.00    0.50    0.00    0.00    0.00

Linux 2.6.32-431.el6.x86_64 (slave1) 	2019年07月25日 	_x86_64_	(8 CPU)

23时44分18秒  CPU    %usr   %nice    %sys %iowait    %irq   %soft  %steal  %guest   %idle
23时44分19秒  all   87.62    0.00   10.25    0.00    0.12    0.88    0.00    0.00    1.12
平均时间:  all   87.62    0.00   10.25    0.00    0.12    0.88    0.00    0.00    1.12

Linux 2.6.32-431.el6.x86_64 (slave1) 	2019年07月25日 	_x86_64_	(8 CPU)

23时44分22秒  CPU    %usr   %nice    %sys %iowait    %irq   %soft  %steal  %guest   %idle
23时44分23秒  all   56.63    0.00   12.88    0.00    0.00    0.89    0.00    0.00   29.59
平均时间:  all   56.63    0.00   12.88    0.00    0.00    0.89    0.00    0.00   29.59

Linux 2.6.32-431.el6.x86_64 (slave1) 	2019年07月25日 	_x86_64_	(8 CPU)

23时44分26秒  CPU    %usr   %nice    %sys %iowait    %irq   %soft  %steal  %guest   %idle
23时44分27秒  all   34.90    0.00    3.69    0.00    0.00    0.00    0.00    0.00   61.40
平均时间:  all   34.90    0.00    3.69    0.00    0.00    0.00    0.00    0.00   61.40

Linux 2.6.32-431.el6.x86_64 (slave1) 	2019年07月25日 	_x86_64_	(8 CPU)

23时44分30秒  CPU    %usr   %nice    %sys %iowait    %irq   %soft  %steal  %guest   %idle
23时44分31秒  all   54.73    0.00    6.65    0.00    0.00    0.51    0.00    0.00   38.11
平均时间:  all   54.73    0.00    6.65    0.00    0.00    0.51    0.00    0.00   38.11

Linux 2.6.32-431.el6.x86_64 (slave1) 	2019年07月25日 	_x86_64_	(8 CPU)

23时44分34秒  CPU    %usr   %nice    %sys %iowait    %irq   %soft  %steal  %guest   %idle
23时44分35秒  all   53.31    0.00    4.07    0.00    0.00    0.00    0.00    0.00   42.62
平均时间:  all   53.31    0.00    4.07    0.00    0.00    0.00    0.00    0.00   42.62

Linux 2.6.32-431.el6.x86_64 (slave1) 	2019年07月25日 	_x86_64_	(8 CPU)

23时44分38秒  CPU    %usr   %nice    %sys %iowait    %irq   %soft  %steal  %guest   %idle
23时44分39秒  all   52.93    0.00    5.87    0.00    0.00    0.00    0.00    0.00   41.20
平均时间:  all   52.93    0.00    5.87    0.00    0.00    0.00    0.00    0.00   41.20

Linux 2.6.32-431.el6.x86_64 (slave1) 	2019年07月25日 	_x86_64_	(8 CPU)

23时44分42秒  CPU    %usr   %nice    %sys %iowait    %irq   %soft  %steal  %guest   %idle
23时44分43秒  all   49.68    0.00    4.07    0.00    0.00    0.13    0.00    0.00   46.12
平均时间:  all   49.68    0.00    4.07    0.00    0.00    0.13    0.00    0.00   46.12

Linux 2.6.32-431.el6.x86_64 (slave1) 	2019年07月25日 	_x86_64_	(8 CPU)

23时44分46秒  CPU    %usr   %nice    %sys %iowait    %irq   %soft  %steal  %guest   %idle
23时44分47秒  all   33.84    0.00    3.18    0.00    0.00    1.27    0.00    0.00   61.70
平均时间:  all   33.84    0.00    3.18    0.00    0.00    1.27    0.00    0.00   61.70

Linux 2.6.32-431.el6.x86_64 (slave1) 	2019年07月25日 	_x86_64_	(8 CPU)

23时44分50秒  CPU    %usr   %nice    %sys %iowait    %irq   %soft  %steal  %guest   %idle
23时44分51秒  all   47.46    0.00    4.45    0.00    0.13    1.15    0.00    0.00   46.82
平均时间:  all   47.46    0.00    4.45    0.00    0.13    1.15    0.00    0.00   46.82

Linux 2.6.32-431.el6.x86_64 (slave1) 	2019年07月25日 	_x86_64_	(8 CPU)

23时44分54秒  CPU    %usr   %nice    %sys %iowait    %irq   %soft  %steal  %guest   %idle
23时44分55秒  all   35.24    0.00    2.04    0.00    0.00    0.51    0.00    0.00   62.21
平均时间:  all   35.24    0.00    2.04    0.00    0.00    0.51    0.00    0.00   62.21

Linux 2.6.32-431.el6.x86_64 (slave1) 	2019年07月25日 	_x86_64_	(8 CPU)

23时44分58秒  CPU    %usr   %nice    %sys %iowait    %irq   %soft  %steal  %guest   %idle
23时44分59秒  all   35.75    0.00    3.56    0.00    0.13    0.89    0.00    0.00   59.67
平均时间:  all   35.75    0.00    3.56    0.00    0.13    0.89    0.00    0.00   59.67

Linux 2.6.32-431.el6.x86_64 (slave1) 	2019年07月25日 	_x86_64_	(8 CPU)

23时45分02秒  CPU    %usr   %nice    %sys %iowait    %irq   %soft  %steal  %guest   %idle
23时45分03秒  all   32.10    0.00    5.61    0.00    0.13    0.13    0.00    0.00   62.04
平均时间:  all   32.10    0.00    5.61    0.00    0.13    0.13    0.00    0.00   62.04

Linux 2.6.32-431.el6.x86_64 (slave1) 	2019年07月25日 	_x86_64_	(8 CPU)

23时45分06秒  CPU    %usr   %nice    %sys %iowait    %irq   %soft  %steal  %guest   %idle
23时45分07秒  all   45.69    0.00    5.96    0.00    0.00    0.13    0.00    0.00   48.22
平均时间:  all   45.69    0.00    5.96    0.00    0.00    0.13    0.00    0.00   48.22

Linux 2.6.32-431.el6.x86_64 (slave1) 	2019年07月25日 	_x86_64_	(8 CPU)

23时45分10秒  CPU    %usr   %nice    %sys %iowait    %irq   %soft  %steal  %guest   %idle
23时45分11秒  all   74.78    0.00   10.97    0.00    0.13    1.51    0.00    0.00   12.61
平均时间:  all   74.78    0.00   10.97    0.00    0.13    1.51    0.00    0.00   12.61

Linux 2.6.32-431.el6.x86_64 (slave1) 	2019年07月25日 	_x86_64_	(8 CPU)

23时45分14秒  CPU    %usr   %nice    %sys %iowait    %irq   %soft  %steal  %guest   %idle
23时45分15秒  all   87.09    0.00    9.02    0.00    0.00    0.63    0.00    0.00    3.26
平均时间:  all   87.09    0.00    9.02    0.00    0.00    0.63    0.00    0.00    3.26

Linux 2.6.32-431.el6.x86_64 (slave1) 	2019年07月25日 	_x86_64_	(8 CPU)

23时45分18秒  CPU    %usr   %nice    %sys %iowait    %irq   %soft  %steal  %guest   %idle
23时45分19秒  all   92.75    0.00    6.75    0.00    0.00    0.12    0.00    0.00    0.38
平均时间:  all   92.75    0.00    6.75    0.00    0.00    0.12    0.00    0.00    0.38

Linux 2.6.32-431.el6.x86_64 (slave1) 	2019年07月25日 	_x86_64_	(8 CPU)

23时45分22秒  CPU    %usr   %nice    %sys %iowait    %irq   %soft  %steal  %guest   %idle
23时45分23秒  all   93.88    0.00    5.88    0.00    0.00    0.25    0.00    0.00    0.00
平均时间:  all   93.88    0.00    5.88    0.00    0.00    0.25    0.00    0.00    0.00

Linux 2.6.32-431.el6.x86_64 (slave1) 	2019年07月25日 	_x86_64_	(8 CPU)

23时45分26秒  CPU    %usr   %nice    %sys %iowait    %irq   %soft  %steal  %guest   %idle
23时45分27秒  all   86.43    0.00    7.66    0.00    0.00    0.38    0.00    0.00    5.53
平均时间:  all   86.43    0.00    7.66    0.00    0.00    0.38    0.00    0.00    5.53

Linux 2.6.32-431.el6.x86_64 (slave1) 	2019年07月25日 	_x86_64_	(8 CPU)

23时45分30秒  CPU    %usr   %nice    %sys %iowait    %irq   %soft  %steal  %guest   %idle
23时45分31秒  all   56.18    0.00    5.35    0.00    0.13    0.25    0.00    0.00   38.09
平均时间:  all   56.18    0.00    5.35    0.00    0.13    0.25    0.00    0.00   38.09

Linux 2.6.32-431.el6.x86_64 (slave1) 	2019年07月25日 	_x86_64_	(8 CPU)

23时45分34秒  CPU    %usr   %nice    %sys %iowait    %irq   %soft  %steal  %guest   %idle
23时45分35秒  all   37.45    0.00    4.50    0.00    0.00    0.13    0.00    0.00   57.92
平均时间:  all   37.45    0.00    4.50    0.00    0.00    0.13    0.00    0.00   57.92

Linux 2.6.32-431.el6.x86_64 (slave1) 	2019年07月25日 	_x86_64_	(8 CPU)

23时45分38秒  CPU    %usr   %nice    %sys %iowait    %irq   %soft  %steal  %guest   %idle
23时45分39秒  all   50.45    0.00    6.31    0.00    0.13    0.13    0.00    0.00   42.99
平均时间:  all   50.45    0.00    6.31    0.00    0.13    0.13    0.00    0.00   42.99

Linux 2.6.32-431.el6.x86_64 (slave1) 	2019年07月25日 	_x86_64_	(8 CPU)

23时45分42秒  CPU    %usr   %nice    %sys %iowait    %irq   %soft  %steal  %guest   %idle
23时45分43秒  all   54.37    0.00    4.50    0.00    0.00    0.13    0.00    0.00   41.00
平均时间:  all   54.37    0.00    4.50    0.00    0.00    0.13    0.00    0.00   41.00

Linux 2.6.32-431.el6.x86_64 (slave1) 	2019年07月25日 	_x86_64_	(8 CPU)

23时45分46秒  CPU    %usr   %nice    %sys %iowait    %irq   %soft  %steal  %guest   %idle
23时45分47秒  all   35.00    0.00    3.97    0.00    0.13    1.92    0.00    0.00   58.97
平均时间:  all   35.00    0.00    3.97    0.00    0.13    1.92    0.00    0.00   58.97

Linux 2.6.32-431.el6.x86_64 (slave1) 	2019年07月25日 	_x86_64_	(8 CPU)

23时45分50秒  CPU    %usr   %nice    %sys %iowait    %irq   %soft  %steal  %guest   %idle
23时45分51秒  all   21.78    0.00    6.19    0.00    0.13    0.13    0.00    0.00   71.78
平均时间:  all   21.78    0.00    6.19    0.00    0.13    0.13    0.00    0.00   71.78

Linux 2.6.32-431.el6.x86_64 (slave1) 	2019年07月25日 	_x86_64_	(8 CPU)

23时45分54秒  CPU    %usr   %nice    %sys %iowait    %irq   %soft  %steal  %guest   %idle
23时45分55秒  all   16.20    0.00    4.37    0.00    0.00    0.13    0.00    0.00   79.31
平均时间:  all   16.20    0.00    4.37    0.00    0.00    0.13    0.00    0.00   79.31

Linux 2.6.32-431.el6.x86_64 (slave1) 	2019年07月25日 	_x86_64_	(8 CPU)

23时45分58秒  CPU    %usr   %nice    %sys %iowait    %irq   %soft  %steal  %guest   %idle
23时45分59秒  all    5.99    0.00    1.66    0.00    0.00    0.00    0.00    0.00   92.35
平均时间:  all    5.99    0.00    1.66    0.00    0.00    0.00    0.00    0.00   92.35

Linux 2.6.32-431.el6.x86_64 (slave1) 	2019年07月25日 	_x86_64_	(8 CPU)

23时46分02秒  CPU    %usr   %nice    %sys %iowait    %irq   %soft  %steal  %guest   %idle
23时46分03秒  all    0.50    0.00    0.13    0.00    0.00    0.00    0.00    0.00   99.37
平均时间:  all    0.50    0.00    0.13    0.00    0.00    0.00    0.00    0.00   99.37

Linux 2.6.32-431.el6.x86_64 (slave1) 	2019年07月25日 	_x86_64_	(8 CPU)

23时46分06秒  CPU    %usr   %nice    %sys %iowait    %irq   %soft  %steal  %guest   %idle
23时46分07秒  all    0.38    0.00    0.13    0.00    0.00    0.00    0.00    0.00   99.50
平均时间:  all    0.38    0.00    0.13    0.00    0.00    0.00    0.00    0.00   99.50

Linux 2.6.32-431.el6.x86_64 (slave1) 	2019年07月25日 	_x86_64_	(8 CPU)

23时46分10秒  CPU    %usr   %nice    %sys %iowait    %irq   %soft  %steal  %guest   %idle
23时46分11秒  all    1.13    0.00    0.25    0.00    0.00    0.00    0.00    0.00   98.62
平均时间:  all    1.13    0.00    0.25    0.00    0.00    0.00    0.00    0.00   98.62

Linux 2.6.32-431.el6.x86_64 (slave1) 	2019年07月25日 	_x86_64_	(8 CPU)

23时46分14秒  CPU    %usr   %nice    %sys %iowait    %irq   %soft  %steal  %guest   %idle
23时46分15秒  all    1.51    0.00    0.13    0.00    0.00    0.00    0.00    0.00   98.36
平均时间:  all    1.51    0.00    0.13    0.00    0.00    0.00    0.00    0.00   98.36

Linux 2.6.32-431.el6.x86_64 (slave1) 	2019年07月25日 	_x86_64_	(8 CPU)

23时46分18秒  CPU    %usr   %nice    %sys %iowait    %irq   %soft  %steal  %guest   %idle
23时46分19秒  all    0.88    0.00    0.00    0.00    0.00    0.00    0.00    0.00   99.12
平均时间:  all    0.88    0.00    0.00    0.00    0.00    0.00    0.00    0.00   99.12

Linux 2.6.32-431.el6.x86_64 (slave1) 	2019年07月25日 	_x86_64_	(8 CPU)

23时46分22秒  CPU    %usr   %nice    %sys %iowait    %irq   %soft  %steal  %guest   %idle
23时46分23秒  all    5.60    0.00    1.91    0.00    0.13    0.25    0.00    0.00   92.11
平均时间:  all    5.60    0.00    1.91    0.00    0.13    0.25    0.00    0.00   92.11

Linux 2.6.32-431.el6.x86_64 (slave1) 	2019年07月25日 	_x86_64_	(8 CPU)

23时46分26秒  CPU    %usr   %nice    %sys %iowait    %irq   %soft  %steal  %guest   %idle
23时46分27秒  all    5.45    0.00    3.50    0.00    0.13    0.65    0.00    0.00   90.27
平均时间:  all    5.45    0.00    3.50    0.00    0.13    0.65    0.00    0.00   90.27

Linux 2.6.32-431.el6.x86_64 (slave1) 	2019年07月25日 	_x86_64_	(8 CPU)

23时46分30秒  CPU    %usr   %nice    %sys %iowait    %irq   %soft  %steal  %guest   %idle
23时46分31秒  all    0.38    0.00    0.38    0.00    0.00    0.00    0.00    0.00   99.25
平均时间:  all    0.38    0.00    0.38    0.00    0.00    0.00    0.00    0.00   99.25

Linux 2.6.32-431.el6.x86_64 (slave1) 	2019年07月25日 	_x86_64_	(8 CPU)

23时46分34秒  CPU    %usr   %nice    %sys %iowait    %irq   %soft  %steal  %guest   %idle
23时46分35秒  all    0.13    0.00    0.00    0.00    0.00    0.00    0.00    0.00   99.87
平均时间:  all    0.13    0.00    0.00    0.00    0.00    0.00    0.00    0.00   99.87

Linux 2.6.32-431.el6.x86_64 (slave1) 	2019年07月25日 	_x86_64_	(8 CPU)

23时46分38秒  CPU    %usr   %nice    %sys %iowait    %irq   %soft  %steal  %guest   %idle
23时46分39秒  all    0.00    0.00    0.13    0.00    0.00    0.00    0.00    0.00   99.87
平均时间:  all    0.00    0.00    0.13    0.00    0.00    0.00    0.00    0.00   99.87

Linux 2.6.32-431.el6.x86_64 (slave1) 	2019年07月25日 	_x86_64_	(8 CPU)

23时46分42秒  CPU    %usr   %nice    %sys %iowait    %irq   %soft  %steal  %guest   %idle
23时46分43秒  all    0.13    0.00    0.00    0.00    0.00    0.00    0.00    0.00   99.87
平均时间:  all    0.13    0.00    0.00    0.00    0.00    0.00    0.00    0.00   99.87

