
Linux 2.6.32-431.el6.x86_64 (slave2) 	2019年07月25日 	_x86_64_	(8 CPU)

23时30分40秒  CPU    %usr   %nice    %sys %iowait    %irq   %soft  %steal  %guest   %idle
23时30分41秒  all    0.00    0.00    0.00    0.00    0.00    0.00    0.00    0.00  100.00
平均时间:  all    0.00    0.00    0.00    0.00    0.00    0.00    0.00    0.00  100.00

Linux 2.6.32-431.el6.x86_64 (slave2) 	2019年07月25日 	_x86_64_	(8 CPU)

23时30分44秒  CPU    %usr   %nice    %sys %iowait    %irq   %soft  %steal  %guest   %idle
23时30分45秒  all    0.00    0.00    0.00    0.00    0.00    0.00    0.00    0.00  100.00
平均时间:  all    0.00    0.00    0.00    0.00    0.00    0.00    0.00    0.00  100.00

Linux 2.6.32-431.el6.x86_64 (slave2) 	2019年07月25日 	_x86_64_	(8 CPU)

23时30分48秒  CPU    %usr   %nice    %sys %iowait    %irq   %soft  %steal  %guest   %idle
23时30分49秒  all    0.00    0.00    0.00    0.00    0.00    0.00    0.00    0.00  100.00
平均时间:  all    0.00    0.00    0.00    0.00    0.00    0.00    0.00    0.00  100.00

Linux 2.6.32-431.el6.x86_64 (slave2) 	2019年07月25日 	_x86_64_	(8 CPU)

23时30分52秒  CPU    %usr   %nice    %sys %iowait    %irq   %soft  %steal  %guest   %idle
23时30分53秒  all    0.00    0.00    0.00    0.00    0.00    0.00    0.00    0.00  100.00
平均时间:  all    0.00    0.00    0.00    0.00    0.00    0.00    0.00    0.00  100.00

Linux 2.6.32-431.el6.x86_64 (slave2) 	2019年07月25日 	_x86_64_	(8 CPU)

23时30分56秒  CPU    %usr   %nice    %sys %iowait    %irq   %soft  %steal  %guest   %idle
23时30分57秒  all    0.13    0.00    0.38    0.00    0.00    0.00    0.00    0.00   99.50
平均时间:  all    0.13    0.00    0.38    0.00    0.00    0.00    0.00    0.00   99.50

Linux 2.6.32-431.el6.x86_64 (slave2) 	2019年07月25日 	_x86_64_	(8 CPU)

23时31分00秒  CPU    %usr   %nice    %sys %iowait    %irq   %soft  %steal  %guest   %idle
23时31分01秒  all    2.97    0.00    9.32    0.00    0.41   16.89    0.00    0.00   70.41
平均时间:  all    2.97    0.00    9.32    0.00    0.41   16.89    0.00    0.00   70.41

Linux 2.6.32-431.el6.x86_64 (slave2) 	2019年07月25日 	_x86_64_	(8 CPU)

23时31分04秒  CPU    %usr   %nice    %sys %iowait    %irq   %soft  %steal  %guest   %idle
23时31分05秒  all    0.68    0.00    7.46    0.00    0.95   19.00    0.00    0.00   71.91
平均时间:  all    0.68    0.00    7.46    0.00    0.95   19.00    0.00    0.00   71.91

Linux 2.6.32-431.el6.x86_64 (slave2) 	2019年07月25日 	_x86_64_	(8 CPU)

23时31分08秒  CPU    %usr   %nice    %sys %iowait    %irq   %soft  %steal  %guest   %idle
23时31分09秒  all    0.67    0.00    6.14    0.00    0.93   20.16    0.00    0.00   72.10
平均时间:  all    0.67    0.00    6.14    0.00    0.93   20.16    0.00    0.00   72.10

Linux 2.6.32-431.el6.x86_64 (slave2) 	2019年07月25日 	_x86_64_	(8 CPU)

23时31分12秒  CPU    %usr   %nice    %sys %iowait    %irq   %soft  %steal  %guest   %idle
23时31分13秒  all    5.65    0.00   10.23    0.00    0.67   19.92    0.00    0.00   63.53
平均时间:  all    5.65    0.00   10.23    0.00    0.67   19.92    0.00    0.00   63.53

Linux 2.6.32-431.el6.x86_64 (slave2) 	2019年07月25日 	_x86_64_	(8 CPU)

23时31分16秒  CPU    %usr   %nice    %sys %iowait    %irq   %soft  %steal  %guest   %idle
23时31分17秒  all   27.31    0.00   12.85    0.00    0.54   19.28    0.00    0.00   40.03
平均时间:  all   27.31    0.00   12.85    0.00    0.54   19.28    0.00    0.00   40.03

Linux 2.6.32-431.el6.x86_64 (slave2) 	2019年07月25日 	_x86_64_	(8 CPU)

23时31分20秒  CPU    %usr   %nice    %sys %iowait    %irq   %soft  %steal  %guest   %idle
23时31分21秒  all   30.90    0.00   14.85    0.00    0.40   16.58    0.00    0.00   37.27
平均时间:  all   30.90    0.00   14.85    0.00    0.40   16.58    0.00    0.00   37.27

Linux 2.6.32-431.el6.x86_64 (slave2) 	2019年07月25日 	_x86_64_	(8 CPU)

23时31分24秒  CPU    %usr   %nice    %sys %iowait    %irq   %soft  %steal  %guest   %idle
23时31分25秒  all   44.92    0.00   30.73    0.00    0.26   12.76    0.00    0.00   11.33
平均时间:  all   44.92    0.00   30.73    0.00    0.26   12.76    0.00    0.00   11.33

Linux 2.6.32-431.el6.x86_64 (slave2) 	2019年07月25日 	_x86_64_	(8 CPU)

23时31分28秒  CPU    %usr   %nice    %sys %iowait    %irq   %soft  %steal  %guest   %idle
23时31分29秒  all   83.69    0.00   14.05    0.00    0.00    0.13    0.00    0.00    2.13
平均时间:  all   83.69    0.00   14.05    0.00    0.00    0.13    0.00    0.00    2.13

Linux 2.6.32-431.el6.x86_64 (slave2) 	2019年07月25日 	_x86_64_	(8 CPU)

23时31分32秒  CPU    %usr   %nice    %sys %iowait    %irq   %soft  %steal  %guest   %idle
23时31分33秒  all   88.72    0.00   10.28    0.00    0.00    0.00    0.00    0.00    1.00
平均时间:  all   88.72    0.00   10.28    0.00    0.00    0.00    0.00    0.00    1.00

Linux 2.6.32-431.el6.x86_64 (slave2) 	2019年07月25日 	_x86_64_	(8 CPU)

23时31分36秒  CPU    %usr   %nice    %sys %iowait    %irq   %soft  %steal  %guest   %idle
23时31分37秒  all   81.59    0.00   11.10    0.00    0.13    0.00    0.00    0.00    7.19
平均时间:  all   81.59    0.00   11.10    0.00    0.13    0.00    0.00    0.00    7.19

Linux 2.6.32-431.el6.x86_64 (slave2) 	2019年07月25日 	_x86_64_	(8 CPU)

23时31分40秒  CPU    %usr   %nice    %sys %iowait    %irq   %soft  %steal  %guest   %idle
23时31分41秒  all   90.48    0.00    9.27    0.00    0.00    0.00    0.00    0.00    0.25
平均时间:  all   90.48    0.00    9.27    0.00    0.00    0.00    0.00    0.00    0.25

Linux 2.6.32-431.el6.x86_64 (slave2) 	2019年07月25日 	_x86_64_	(8 CPU)

23时31分45秒  CPU    %usr   %nice    %sys %iowait    %irq   %soft  %steal  %guest   %idle
23时31分46秒  all   67.47    0.00   13.60    0.00    0.00    0.76    0.00    0.00   18.17
平均时间:  all   67.47    0.00   13.60    0.00    0.00    0.76    0.00    0.00   18.17

Linux 2.6.32-431.el6.x86_64 (slave2) 	2019年07月25日 	_x86_64_	(8 CPU)

23时31分49秒  CPU    %usr   %nice    %sys %iowait    %irq   %soft  %steal  %guest   %idle
23时31分50秒  all   35.90    0.00    6.67    0.00    0.00    0.13    0.00    0.00   57.31
平均时间:  all   35.90    0.00    6.67    0.00    0.00    0.13    0.00    0.00   57.31

Linux 2.6.32-431.el6.x86_64 (slave2) 	2019年07月25日 	_x86_64_	(8 CPU)

23时31分53秒  CPU    %usr   %nice    %sys %iowait    %irq   %soft  %steal  %guest   %idle
23时31分54秒  all   53.90    0.00    6.51    0.00    0.00    0.00    0.00    0.00   39.59
平均时间:  all   53.90    0.00    6.51    0.00    0.00    0.00    0.00    0.00   39.59

Linux 2.6.32-431.el6.x86_64 (slave2) 	2019年07月25日 	_x86_64_	(8 CPU)

23时31分57秒  CPU    %usr   %nice    %sys %iowait    %irq   %soft  %steal  %guest   %idle
23时31分58秒  all   71.37    0.00    8.78    0.00    0.00    0.64    0.00    0.00   19.21
平均时间:  all   71.37    0.00    8.78    0.00    0.00    0.64    0.00    0.00   19.21

Linux 2.6.32-431.el6.x86_64 (slave2) 	2019年07月25日 	_x86_64_	(8 CPU)

23时32分01秒  CPU    %usr   %nice    %sys %iowait    %irq   %soft  %steal  %guest   %idle
23时32分02秒  all   30.74    0.00    3.95    0.00    0.00    0.00    0.00    0.00   65.31
平均时间:  all   30.74    0.00    3.95    0.00    0.00    0.00    0.00    0.00   65.31

Linux 2.6.32-431.el6.x86_64 (slave2) 	2019年07月25日 	_x86_64_	(8 CPU)

23时32分05秒  CPU    %usr   %nice    %sys %iowait    %irq   %soft  %steal  %guest   %idle
23时32分06秒  all   89.85    0.00    8.40    0.00    0.00    0.00    0.00    0.00    1.75
平均时间:  all   89.85    0.00    8.40    0.00    0.00    0.00    0.00    0.00    1.75

Linux 2.6.32-431.el6.x86_64 (slave2) 	2019年07月25日 	_x86_64_	(8 CPU)

23时32分09秒  CPU    %usr   %nice    %sys %iowait    %irq   %soft  %steal  %guest   %idle
23时32分10秒  all   72.82    0.00   11.00    0.00    0.00    0.00    0.00    0.00   16.18
平均时间:  all   72.82    0.00   11.00    0.00    0.00    0.00    0.00    0.00   16.18

Linux 2.6.32-431.el6.x86_64 (slave2) 	2019年07月25日 	_x86_64_	(8 CPU)

23时32分13秒  CPU    %usr   %nice    %sys %iowait    %irq   %soft  %steal  %guest   %idle
23时32分14秒  all   78.38    0.00   10.37    0.00    0.13    0.51    0.00    0.00   10.62
平均时间:  all   78.38    0.00   10.37    0.00    0.13    0.51    0.00    0.00   10.62

Linux 2.6.32-431.el6.x86_64 (slave2) 	2019年07月25日 	_x86_64_	(8 CPU)

23时32分17秒  CPU    %usr   %nice    %sys %iowait    %irq   %soft  %steal  %guest   %idle
23时32分18秒  all   77.78    0.00   10.86    0.00    0.13    0.26    0.00    0.00   10.98
平均时间:  all   77.78    0.00   10.86    0.00    0.13    0.26    0.00    0.00   10.98

Linux 2.6.32-431.el6.x86_64 (slave2) 	2019年07月25日 	_x86_64_	(8 CPU)

23时32分21秒  CPU    %usr   %nice    %sys %iowait    %irq   %soft  %steal  %guest   %idle
23时32分22秒  all   74.46    0.00    5.72    0.00    0.13    0.38    0.00    0.00   19.31
平均时间:  all   74.46    0.00    5.72    0.00    0.13    0.38    0.00    0.00   19.31

Linux 2.6.32-431.el6.x86_64 (slave2) 	2019年07月25日 	_x86_64_	(8 CPU)

23时32分25秒  CPU    %usr   %nice    %sys %iowait    %irq   %soft  %steal  %guest   %idle
23时32分26秒  all   25.88    0.00    1.64    0.00    0.00    1.39    0.00    0.00   71.09
平均时间:  all   25.88    0.00    1.64    0.00    0.00    1.39    0.00    0.00   71.09

Linux 2.6.32-431.el6.x86_64 (slave2) 	2019年07月25日 	_x86_64_	(8 CPU)

23时32分29秒  CPU    %usr   %nice    %sys %iowait    %irq   %soft  %steal  %guest   %idle
23时32分30秒  all   21.77    0.00    2.78    0.00    0.00    1.39    0.00    0.00   74.05
平均时间:  all   21.77    0.00    2.78    0.00    0.00    1.39    0.00    0.00   74.05

Linux 2.6.32-431.el6.x86_64 (slave2) 	2019年07月25日 	_x86_64_	(8 CPU)

23时32分33秒  CPU    %usr   %nice    %sys %iowait    %irq   %soft  %steal  %guest   %idle
23时32分34秒  all   23.39    0.00    6.85    0.00    0.00    8.14    0.00    0.00   61.63
平均时间:  all   23.39    0.00    6.85    0.00    0.00    8.14    0.00    0.00   61.63

Linux 2.6.32-431.el6.x86_64 (slave2) 	2019年07月25日 	_x86_64_	(8 CPU)

23时32分37秒  CPU    %usr   %nice    %sys %iowait    %irq   %soft  %steal  %guest   %idle
23时32分38秒  all   90.11    0.00    9.14    0.00    0.00    0.00    0.00    0.00    0.75
平均时间:  all   90.11    0.00    9.14    0.00    0.00    0.00    0.00    0.00    0.75

Linux 2.6.32-431.el6.x86_64 (slave2) 	2019年07月25日 	_x86_64_	(8 CPU)

23时32分41秒  CPU    %usr   %nice    %sys %iowait    %irq   %soft  %steal  %guest   %idle
23时32分42秒  all   47.87    0.00   12.39    0.00    0.00    6.84    0.00    0.00   32.90
平均时间:  all   47.87    0.00   12.39    0.00    0.00    6.84    0.00    0.00   32.90

Linux 2.6.32-431.el6.x86_64 (slave2) 	2019年07月25日 	_x86_64_	(8 CPU)

23时32分45秒  CPU    %usr   %nice    %sys %iowait    %irq   %soft  %steal  %guest   %idle
23时32分46秒  all   86.75    0.00   12.62    0.00    0.00    0.25    0.00    0.00    0.38
平均时间:  all   86.75    0.00   12.62    0.00    0.00    0.25    0.00    0.00    0.38

Linux 2.6.32-431.el6.x86_64 (slave2) 	2019年07月25日 	_x86_64_	(8 CPU)

23时32分49秒  CPU    %usr   %nice    %sys %iowait    %irq   %soft  %steal  %guest   %idle
23时32分50秒  all   70.94    0.00    9.77    0.00    0.00    0.00    0.00    0.00   19.29
平均时间:  all   70.94    0.00    9.77    0.00    0.00    0.00    0.00    0.00   19.29

Linux 2.6.32-431.el6.x86_64 (slave2) 	2019年07月25日 	_x86_64_	(8 CPU)

23时32分53秒  CPU    %usr   %nice    %sys %iowait    %irq   %soft  %steal  %guest   %idle
23时32分54秒  all   93.38    0.00    6.25    0.00    0.00    0.12    0.00    0.00    0.25
平均时间:  all   93.38    0.00    6.25    0.00    0.00    0.12    0.00    0.00    0.25

Linux 2.6.32-431.el6.x86_64 (slave2) 	2019年07月25日 	_x86_64_	(8 CPU)

23时32分57秒  CPU    %usr   %nice    %sys %iowait    %irq   %soft  %steal  %guest   %idle
23时32分58秒  all   73.35    0.00    9.90    0.00    0.00    0.76    0.00    0.00   15.99
平均时间:  all   73.35    0.00    9.90    0.00    0.00    0.76    0.00    0.00   15.99

Linux 2.6.32-431.el6.x86_64 (slave2) 	2019年07月25日 	_x86_64_	(8 CPU)

23时33分01秒  CPU    %usr   %nice    %sys %iowait    %irq   %soft  %steal  %guest   %idle
23时33分02秒  all   87.59    0.00    8.52    0.00    0.25    3.51    0.00    0.00    0.13
平均时间:  all   87.59    0.00    8.52    0.00    0.25    3.51    0.00    0.00    0.13

Linux 2.6.32-431.el6.x86_64 (slave2) 	2019年07月25日 	_x86_64_	(8 CPU)

23时33分05秒  CPU    %usr   %nice    %sys %iowait    %irq   %soft  %steal  %guest   %idle
23时33分06秒  all   70.64    0.00   15.18    0.00    0.50   13.68    0.00    0.00    0.00
平均时间:  all   70.64    0.00   15.18    0.00    0.50   13.68    0.00    0.00    0.00

Linux 2.6.32-431.el6.x86_64 (slave2) 	2019年07月25日 	_x86_64_	(8 CPU)

23时33分09秒  CPU    %usr   %nice    %sys %iowait    %irq   %soft  %steal  %guest   %idle
23时33分10秒  all   53.34    0.00   25.35    0.00    0.63   19.55    0.00    0.00    1.13
平均时间:  all   53.34    0.00   25.35    0.00    0.63   19.55    0.00    0.00    1.13

Linux 2.6.32-431.el6.x86_64 (slave2) 	2019年07月25日 	_x86_64_	(8 CPU)

23时33分13秒  CPU    %usr   %nice    %sys %iowait    %irq   %soft  %steal  %guest   %idle
23时33分14秒  all   63.11    0.00   20.83    0.00    0.25   15.81    0.00    0.00    0.00
平均时间:  all   63.11    0.00   20.83    0.00    0.25   15.81    0.00    0.00    0.00

Linux 2.6.32-431.el6.x86_64 (slave2) 	2019年07月25日 	_x86_64_	(8 CPU)

23时33分18秒  CPU    %usr   %nice    %sys %iowait    %irq   %soft  %steal  %guest   %idle
23时33分19秒  all   70.98    0.00   17.21    0.00    0.13   11.56    0.00    0.00    0.13
平均时间:  all   70.98    0.00   17.21    0.00    0.13   11.56    0.00    0.00    0.13

Linux 2.6.32-431.el6.x86_64 (slave2) 	2019年07月25日 	_x86_64_	(8 CPU)

23时33分22秒  CPU    %usr   %nice    %sys %iowait    %irq   %soft  %steal  %guest   %idle
23时33分23秒  all   72.01    0.00   17.65    0.00    0.25   10.09    0.00    0.00    0.00
平均时间:  all   72.01    0.00   17.65    0.00    0.25   10.09    0.00    0.00    0.00

Linux 2.6.32-431.el6.x86_64 (slave2) 	2019年07月25日 	_x86_64_	(8 CPU)

23时33分26秒  CPU    %usr   %nice    %sys %iowait    %irq   %soft  %steal  %guest   %idle
23时33分27秒  all   85.36    0.00   11.51    0.00    0.13    3.00    0.00    0.00    0.00
平均时间:  all   85.36    0.00   11.51    0.00    0.13    3.00    0.00    0.00    0.00

Linux 2.6.32-431.el6.x86_64 (slave2) 	2019年07月25日 	_x86_64_	(8 CPU)

23时33分30秒  CPU    %usr   %nice    %sys %iowait    %irq   %soft  %steal  %guest   %idle
23时33分31秒  all   82.49    0.00   13.10    0.00    0.00    4.41    0.00    0.00    0.00
平均时间:  all   82.49    0.00   13.10    0.00    0.00    4.41    0.00    0.00    0.00

Linux 2.6.32-431.el6.x86_64 (slave2) 	2019年07月25日 	_x86_64_	(8 CPU)

23时33分34秒  CPU    %usr   %nice    %sys %iowait    %irq   %soft  %steal  %guest   %idle
23时33分35秒  all   93.12    0.00    5.38    0.00    0.00    1.38    0.00    0.00    0.12
平均时间:  all   93.12    0.00    5.38    0.00    0.00    1.38    0.00    0.00    0.12

Linux 2.6.32-431.el6.x86_64 (slave2) 	2019年07月25日 	_x86_64_	(8 CPU)

23时33分38秒  CPU    %usr   %nice    %sys %iowait    %irq   %soft  %steal  %guest   %idle
23时33分39秒  all   24.21    0.00    3.75    0.00    0.00    1.15    0.00    0.00   70.89
平均时间:  all   24.21    0.00    3.75    0.00    0.00    1.15    0.00    0.00   70.89

Linux 2.6.32-431.el6.x86_64 (slave2) 	2019年07月25日 	_x86_64_	(8 CPU)

23时33分42秒  CPU    %usr   %nice    %sys %iowait    %irq   %soft  %steal  %guest   %idle
23时33分43秒  all   69.54    0.00   10.93    0.00    0.00    1.16    0.00    0.00   18.38
平均时间:  all   69.54    0.00   10.93    0.00    0.00    1.16    0.00    0.00   18.38

Linux 2.6.32-431.el6.x86_64 (slave2) 	2019年07月25日 	_x86_64_	(8 CPU)

23时33分46秒  CPU    %usr   %nice    %sys %iowait    %irq   %soft  %steal  %guest   %idle
23时33分47秒  all   86.09    0.00    7.59    0.00    0.00    0.38    0.00    0.00    5.94
平均时间:  all   86.09    0.00    7.59    0.00    0.00    0.38    0.00    0.00    5.94

Linux 2.6.32-431.el6.x86_64 (slave2) 	2019年07月25日 	_x86_64_	(8 CPU)

23时33分50秒  CPU    %usr   %nice    %sys %iowait    %irq   %soft  %steal  %guest   %idle
23时33分51秒  all   88.12    0.00   10.38    0.00    0.00    0.75    0.00    0.00    0.75
平均时间:  all   88.12    0.00   10.38    0.00    0.00    0.75    0.00    0.00    0.75

Linux 2.6.32-431.el6.x86_64 (slave2) 	2019年07月25日 	_x86_64_	(8 CPU)

23时33分54秒  CPU    %usr   %nice    %sys %iowait    %irq   %soft  %steal  %guest   %idle
23时33分55秒  all   69.12    0.00   14.99    0.00    0.00    0.76    0.00    0.00   15.12
平均时间:  all   69.12    0.00   14.99    0.00    0.00    0.76    0.00    0.00   15.12

Linux 2.6.32-431.el6.x86_64 (slave2) 	2019年07月25日 	_x86_64_	(8 CPU)

23时33分58秒  CPU    %usr   %nice    %sys %iowait    %irq   %soft  %steal  %guest   %idle
23时33分59秒  all   80.53    0.00   15.70    0.00    0.13    0.88    0.00    0.00    2.76
平均时间:  all   80.53    0.00   15.70    0.00    0.13    0.88    0.00    0.00    2.76

Linux 2.6.32-431.el6.x86_64 (slave2) 	2019年07月25日 	_x86_64_	(8 CPU)

23时34分02秒  CPU    %usr   %nice    %sys %iowait    %irq   %soft  %steal  %guest   %idle
23时34分03秒  all   86.31    0.00    9.67    0.00    0.00    0.00    0.00    0.00    4.02
平均时间:  all   86.31    0.00    9.67    0.00    0.00    0.00    0.00    0.00    4.02

Linux 2.6.32-431.el6.x86_64 (slave2) 	2019年07月25日 	_x86_64_	(8 CPU)

23时34分06秒  CPU    %usr   %nice    %sys %iowait    %irq   %soft  %steal  %guest   %idle
23时34分07秒  all   92.63    0.00    6.74    0.00    0.00    0.62    0.00    0.00    0.00
平均时间:  all   92.63    0.00    6.74    0.00    0.00    0.62    0.00    0.00    0.00

Linux 2.6.32-431.el6.x86_64 (slave2) 	2019年07月25日 	_x86_64_	(8 CPU)

23时34分10秒  CPU    %usr   %nice    %sys %iowait    %irq   %soft  %steal  %guest   %idle
23时34分11秒  all   88.32    0.00   10.81    0.00    0.00    0.37    0.00    0.00    0.50
平均时间:  all   88.32    0.00   10.81    0.00    0.00    0.37    0.00    0.00    0.50

Linux 2.6.32-431.el6.x86_64 (slave2) 	2019年07月25日 	_x86_64_	(8 CPU)

23时34分14秒  CPU    %usr   %nice    %sys %iowait    %irq   %soft  %steal  %guest   %idle
23时34分15秒  all   89.47    0.00    7.39    0.00    0.00    0.13    0.00    0.00    3.01
平均时间:  all   89.47    0.00    7.39    0.00    0.00    0.13    0.00    0.00    3.01

Linux 2.6.32-431.el6.x86_64 (slave2) 	2019年07月25日 	_x86_64_	(8 CPU)

23时34分18秒  CPU    %usr   %nice    %sys %iowait    %irq   %soft  %steal  %guest   %idle
23时34分19秒  all   48.41    0.00    4.83    0.00    0.13    0.13    0.00    0.00   46.51
平均时间:  all   48.41    0.00    4.83    0.00    0.13    0.13    0.00    0.00   46.51

Linux 2.6.32-431.el6.x86_64 (slave2) 	2019年07月25日 	_x86_64_	(8 CPU)

23时34分23秒  CPU    %usr   %nice    %sys %iowait    %irq   %soft  %steal  %guest   %idle
23时34分24秒  all   83.19    0.00    7.33    0.00    0.00    0.00    0.00    0.00    9.48
平均时间:  all   83.19    0.00    7.33    0.00    0.00    0.00    0.00    0.00    9.48

Linux 2.6.32-431.el6.x86_64 (slave2) 	2019年07月25日 	_x86_64_	(8 CPU)

23时34分27秒  CPU    %usr   %nice    %sys %iowait    %irq   %soft  %steal  %guest   %idle
23时34分28秒  all   40.49    0.00    4.60    0.00    0.00    0.64    0.00    0.00   54.28
平均时间:  all   40.49    0.00    4.60    0.00    0.00    0.64    0.00    0.00   54.28

Linux 2.6.32-431.el6.x86_64 (slave2) 	2019年07月25日 	_x86_64_	(8 CPU)

23时34分31秒  CPU    %usr   %nice    %sys %iowait    %irq   %soft  %steal  %guest   %idle
23时34分32秒  all   50.38    0.00    7.56    0.00    0.00    0.13    0.00    0.00   41.92
平均时间:  all   50.38    0.00    7.56    0.00    0.00    0.13    0.00    0.00   41.92

Linux 2.6.32-431.el6.x86_64 (slave2) 	2019年07月25日 	_x86_64_	(8 CPU)

23时34分35秒  CPU    %usr   %nice    %sys %iowait    %irq   %soft  %steal  %guest   %idle
23时34分36秒  all   61.33    0.00    8.45    0.00    0.00    0.26    0.00    0.00   29.96
平均时间:  all   61.33    0.00    8.45    0.00    0.00    0.26    0.00    0.00   29.96

Linux 2.6.32-431.el6.x86_64 (slave2) 	2019年07月25日 	_x86_64_	(8 CPU)

23时34分39秒  CPU    %usr   %nice    %sys %iowait    %irq   %soft  %steal  %guest   %idle
23时34分40秒  all   83.61    0.00    9.21    0.00    0.00    0.13    0.00    0.00    7.06
平均时间:  all   83.61    0.00    9.21    0.00    0.00    0.13    0.00    0.00    7.06

Linux 2.6.32-431.el6.x86_64 (slave2) 	2019年07月25日 	_x86_64_	(8 CPU)

23时34分43秒  CPU    %usr   %nice    %sys %iowait    %irq   %soft  %steal  %guest   %idle
23时34分44秒  all   49.49    0.00   12.60    0.00    0.00    1.78    0.00    0.00   36.13
平均时间:  all   49.49    0.00   12.60    0.00    0.00    1.78    0.00    0.00   36.13

Linux 2.6.32-431.el6.x86_64 (slave2) 	2019年07月25日 	_x86_64_	(8 CPU)

23时34分47秒  CPU    %usr   %nice    %sys %iowait    %irq   %soft  %steal  %guest   %idle
23时34分48秒  all   53.97    0.00   18.72    0.00    0.00    2.82    0.00    0.00   24.49
平均时间:  all   53.97    0.00   18.72    0.00    0.00    2.82    0.00    0.00   24.49

Linux 2.6.32-431.el6.x86_64 (slave2) 	2019年07月25日 	_x86_64_	(8 CPU)

23时34分51秒  CPU    %usr   %nice    %sys %iowait    %irq   %soft  %steal  %guest   %idle
23时34分52秒  all   87.09    0.00    8.65    0.00    0.00    0.25    0.00    0.00    4.01
平均时间:  all   87.09    0.00    8.65    0.00    0.00    0.25    0.00    0.00    4.01

Linux 2.6.32-431.el6.x86_64 (slave2) 	2019年07月25日 	_x86_64_	(8 CPU)

23时34分55秒  CPU    %usr   %nice    %sys %iowait    %irq   %soft  %steal  %guest   %idle
23时34分56秒  all   86.09    0.00    9.52    0.00    0.00    0.25    0.00    0.00    4.14
平均时间:  all   86.09    0.00    9.52    0.00    0.00    0.25    0.00    0.00    4.14

Linux 2.6.32-431.el6.x86_64 (slave2) 	2019年07月25日 	_x86_64_	(8 CPU)

23时34分59秒  CPU    %usr   %nice    %sys %iowait    %irq   %soft  %steal  %guest   %idle
23时35分00秒  all   88.27    0.00    7.19    0.00    0.00    0.38    0.00    0.00    4.16
平均时间:  all   88.27    0.00    7.19    0.00    0.00    0.38    0.00    0.00    4.16

Linux 2.6.32-431.el6.x86_64 (slave2) 	2019年07月25日 	_x86_64_	(8 CPU)

23时35分03秒  CPU    %usr   %nice    %sys %iowait    %irq   %soft  %steal  %guest   %idle
23时35分04秒  all   43.86    0.00   11.75    0.00    0.13    5.74    0.00    0.00   38.51
平均时间:  all   43.86    0.00   11.75    0.00    0.13    5.74    0.00    0.00   38.51

Linux 2.6.32-431.el6.x86_64 (slave2) 	2019年07月25日 	_x86_64_	(8 CPU)

23时35分07秒  CPU    %usr   %nice    %sys %iowait    %irq   %soft  %steal  %guest   %idle
23时35分08秒  all   46.28    0.00   16.56    0.00    0.39   19.04    0.00    0.00   17.73
平均时间:  all   46.28    0.00   16.56    0.00    0.39   19.04    0.00    0.00   17.73

Linux 2.6.32-431.el6.x86_64 (slave2) 	2019年07月25日 	_x86_64_	(8 CPU)

23时35分11秒  CPU    %usr   %nice    %sys %iowait    %irq   %soft  %steal  %guest   %idle
23时35分12秒  all   54.20    0.00   18.32    0.00    0.38   18.70    0.00    0.00    8.40
平均时间:  all   54.20    0.00   18.32    0.00    0.38   18.70    0.00    0.00    8.40

Linux 2.6.32-431.el6.x86_64 (slave2) 	2019年07月25日 	_x86_64_	(8 CPU)

23时35分15秒  CPU    %usr   %nice    %sys %iowait    %irq   %soft  %steal  %guest   %idle
23时35分16秒  all   64.33    0.00   17.65    0.00    0.75   16.27    0.00    0.00    1.00
平均时间:  all   64.33    0.00   17.65    0.00    0.75   16.27    0.00    0.00    1.00

Linux 2.6.32-431.el6.x86_64 (slave2) 	2019年07月25日 	_x86_64_	(8 CPU)

23时35分19秒  CPU    %usr   %nice    %sys %iowait    %irq   %soft  %steal  %guest   %idle
23时35分20秒  all   32.50    0.00   16.25    0.00    0.79   20.08    0.00    0.00   30.38
平均时间:  all   32.50    0.00   16.25    0.00    0.79   20.08    0.00    0.00   30.38

Linux 2.6.32-431.el6.x86_64 (slave2) 	2019年07月25日 	_x86_64_	(8 CPU)

23时35分23秒  CPU    %usr   %nice    %sys %iowait    %irq   %soft  %steal  %guest   %idle
23时35分24秒  all   65.91    0.00   17.49    0.00    0.25   12.55    0.00    0.00    3.80
平均时间:  all   65.91    0.00   17.49    0.00    0.25   12.55    0.00    0.00    3.80

Linux 2.6.32-431.el6.x86_64 (slave2) 	2019年07月25日 	_x86_64_	(8 CPU)

23时35分27秒  CPU    %usr   %nice    %sys %iowait    %irq   %soft  %steal  %guest   %idle
23时35分28秒  all   49.49    0.00    9.00    0.00    0.13    4.50    0.00    0.00   36.89
平均时间:  all   49.49    0.00    9.00    0.00    0.13    4.50    0.00    0.00   36.89

Linux 2.6.32-431.el6.x86_64 (slave2) 	2019年07月25日 	_x86_64_	(8 CPU)

23时35分31秒  CPU    %usr   %nice    %sys %iowait    %irq   %soft  %steal  %guest   %idle
23时35分32秒  all   31.71    0.00    2.81    0.00    0.00    1.66    0.00    0.00   63.81
平均时间:  all   31.71    0.00    2.81    0.00    0.00    1.66    0.00    0.00   63.81

Linux 2.6.32-431.el6.x86_64 (slave2) 	2019年07月25日 	_x86_64_	(8 CPU)

23时35分35秒  CPU    %usr   %nice    %sys %iowait    %irq   %soft  %steal  %guest   %idle
23时35分36秒  all   48.09    0.00    3.94    0.00    0.00    2.16    0.00    0.00   45.80
平均时间:  all   48.09    0.00    3.94    0.00    0.00    2.16    0.00    0.00   45.80

Linux 2.6.32-431.el6.x86_64 (slave2) 	2019年07月25日 	_x86_64_	(8 CPU)

23时35分39秒  CPU    %usr   %nice    %sys %iowait    %irq   %soft  %steal  %guest   %idle
23时35分40秒  all   72.45    0.00    5.74    0.00    0.00    1.02    0.00    0.00   20.79
平均时间:  all   72.45    0.00    5.74    0.00    0.00    1.02    0.00    0.00   20.79

Linux 2.6.32-431.el6.x86_64 (slave2) 	2019年07月25日 	_x86_64_	(8 CPU)

23时35分43秒  CPU    %usr   %nice    %sys %iowait    %irq   %soft  %steal  %guest   %idle
23时35分44秒  all   43.60    0.00    4.79    0.00    0.00    1.81    0.00    0.00   49.81
平均时间:  all   43.60    0.00    4.79    0.00    0.00    1.81    0.00    0.00   49.81

Linux 2.6.32-431.el6.x86_64 (slave2) 	2019年07月25日 	_x86_64_	(8 CPU)

23时35分47秒  CPU    %usr   %nice    %sys %iowait    %irq   %soft  %steal  %guest   %idle
23时35分48秒  all   57.05    0.00    8.01    0.00    0.00    0.64    0.00    0.00   34.31
平均时间:  all   57.05    0.00    8.01    0.00    0.00    0.64    0.00    0.00   34.31

Linux 2.6.32-431.el6.x86_64 (slave2) 	2019年07月25日 	_x86_64_	(8 CPU)

23时35分51秒  CPU    %usr   %nice    %sys %iowait    %irq   %soft  %steal  %guest   %idle
23时35分52秒  all   82.56    0.00    8.53    0.00    0.00    0.25    0.00    0.00    8.66
平均时间:  all   82.56    0.00    8.53    0.00    0.00    0.25    0.00    0.00    8.66

Linux 2.6.32-431.el6.x86_64 (slave2) 	2019年07月25日 	_x86_64_	(8 CPU)

23时35分55秒  CPU    %usr   %nice    %sys %iowait    %irq   %soft  %steal  %guest   %idle
23时35分56秒  all   91.95    0.00    6.67    0.00    0.00    0.25    0.00    0.00    1.13
平均时间:  all   91.95    0.00    6.67    0.00    0.00    0.25    0.00    0.00    1.13

Linux 2.6.32-431.el6.x86_64 (slave2) 	2019年07月25日 	_x86_64_	(8 CPU)

23时35分59秒  CPU    %usr   %nice    %sys %iowait    %irq   %soft  %steal  %guest   %idle
23时36分00秒  all   67.68    0.00    5.70    0.00    0.00    0.00    0.00    0.00   26.62
平均时间:  all   67.68    0.00    5.70    0.00    0.00    0.00    0.00    0.00   26.62

Linux 2.6.32-431.el6.x86_64 (slave2) 	2019年07月25日 	_x86_64_	(8 CPU)

23时36分03秒  CPU    %usr   %nice    %sys %iowait    %irq   %soft  %steal  %guest   %idle
23时36分04秒  all   39.54    0.00    4.49    0.00    0.00    0.64    0.00    0.00   55.33
平均时间:  all   39.54    0.00    4.49    0.00    0.00    0.64    0.00    0.00   55.33

Linux 2.6.32-431.el6.x86_64 (slave2) 	2019年07月25日 	_x86_64_	(8 CPU)

23时36分07秒  CPU    %usr   %nice    %sys %iowait    %irq   %soft  %steal  %guest   %idle
23时36分08秒  all   10.12    0.00    4.99    0.00    0.13    0.51    0.00    0.00   84.25
平均时间:  all   10.12    0.00    4.99    0.00    0.13    0.51    0.00    0.00   84.25

Linux 2.6.32-431.el6.x86_64 (slave2) 	2019年07月25日 	_x86_64_	(8 CPU)

23时36分11秒  CPU    %usr   %nice    %sys %iowait    %irq   %soft  %steal  %guest   %idle
23时36分12秒  all   53.57    0.00    9.31    0.00    0.00    0.26    0.00    0.00   36.86
平均时间:  all   53.57    0.00    9.31    0.00    0.00    0.26    0.00    0.00   36.86

Linux 2.6.32-431.el6.x86_64 (slave2) 	2019年07月25日 	_x86_64_	(8 CPU)

23时36分15秒  CPU    %usr   %nice    %sys %iowait    %irq   %soft  %steal  %guest   %idle
23时36分16秒  all   42.08    0.00    8.87    0.00    0.00    0.38    0.00    0.00   48.67
平均时间:  all   42.08    0.00    8.87    0.00    0.00    0.38    0.00    0.00   48.67

Linux 2.6.32-431.el6.x86_64 (slave2) 	2019年07月25日 	_x86_64_	(8 CPU)

23时36分19秒  CPU    %usr   %nice    %sys %iowait    %irq   %soft  %steal  %guest   %idle
23时36分20秒  all   52.94    0.00    6.65    0.00    0.00    0.13    0.00    0.00   40.28
平均时间:  all   52.94    0.00    6.65    0.00    0.00    0.13    0.00    0.00   40.28

Linux 2.6.32-431.el6.x86_64 (slave2) 	2019年07月25日 	_x86_64_	(8 CPU)

23时36分23秒  CPU    %usr   %nice    %sys %iowait    %irq   %soft  %steal  %guest   %idle
23时36分24秒  all   87.09    0.00    9.90    0.00    0.00    0.13    0.00    0.00    2.88
平均时间:  all   87.09    0.00    9.90    0.00    0.00    0.13    0.00    0.00    2.88

Linux 2.6.32-431.el6.x86_64 (slave2) 	2019年07月25日 	_x86_64_	(8 CPU)

23时36分27秒  CPU    %usr   %nice    %sys %iowait    %irq   %soft  %steal  %guest   %idle
23时36分28秒  all   92.12    0.00    7.62    0.00    0.00    0.12    0.00    0.00    0.12
平均时间:  all   92.12    0.00    7.62    0.00    0.00    0.12    0.00    0.00    0.12

Linux 2.6.32-431.el6.x86_64 (slave2) 	2019年07月25日 	_x86_64_	(8 CPU)

23时36分31秒  CPU    %usr   %nice    %sys %iowait    %irq   %soft  %steal  %guest   %idle
23时36分32秒  all   55.65    0.00    3.81    0.00    0.00    0.00    0.00    0.00   40.53
平均时间:  all   55.65    0.00    3.81    0.00    0.00    0.00    0.00    0.00   40.53

Linux 2.6.32-431.el6.x86_64 (slave2) 	2019年07月25日 	_x86_64_	(8 CPU)

23时36分35秒  CPU    %usr   %nice    %sys %iowait    %irq   %soft  %steal  %guest   %idle
23时36分36秒  all   89.06    0.00    7.80    0.00    0.00    1.01    0.00    0.00    2.14
平均时间:  all   89.06    0.00    7.80    0.00    0.00    1.01    0.00    0.00    2.14

Linux 2.6.32-431.el6.x86_64 (slave2) 	2019年07月25日 	_x86_64_	(8 CPU)

23时36分39秒  CPU    %usr   %nice    %sys %iowait    %irq   %soft  %steal  %guest   %idle
23时36分40秒  all   52.73    0.00    7.62    0.00    0.00    0.00    0.00    0.00   39.64
平均时间:  all   52.73    0.00    7.62    0.00    0.00    0.00    0.00    0.00   39.64

Linux 2.6.32-431.el6.x86_64 (slave2) 	2019年07月25日 	_x86_64_	(8 CPU)

23时36分43秒  CPU    %usr   %nice    %sys %iowait    %irq   %soft  %steal  %guest   %idle
23时36分44秒  all   17.89    0.00    3.05    0.00    0.00    0.00    0.00    0.00   79.06
平均时间:  all   17.89    0.00    3.05    0.00    0.00    0.00    0.00    0.00   79.06

Linux 2.6.32-431.el6.x86_64 (slave2) 	2019年07月25日 	_x86_64_	(8 CPU)

23时36分47秒  CPU    %usr   %nice    %sys %iowait    %irq   %soft  %steal  %guest   %idle
23时36分48秒  all    1.91    0.00    0.51    0.00    0.00    0.00    0.00    0.00   97.58
平均时间:  all    1.91    0.00    0.51    0.00    0.00    0.00    0.00    0.00   97.58

Linux 2.6.32-431.el6.x86_64 (slave2) 	2019年07月25日 	_x86_64_	(8 CPU)

23时36分51秒  CPU    %usr   %nice    %sys %iowait    %irq   %soft  %steal  %guest   %idle
23时36分52秒  all   75.89    0.00    5.71    0.00    0.00    0.13    0.00    0.00   18.27
平均时间:  all   75.89    0.00    5.71    0.00    0.00    0.13    0.00    0.00   18.27

Linux 2.6.32-431.el6.x86_64 (slave2) 	2019年07月25日 	_x86_64_	(8 CPU)

23时36分55秒  CPU    %usr   %nice    %sys %iowait    %irq   %soft  %steal  %guest   %idle
23时36分56秒  all   67.93    0.00   12.42    0.00    0.00    1.52    0.00    0.00   18.12
平均时间:  all   67.93    0.00   12.42    0.00    0.00    1.52    0.00    0.00   18.12

Linux 2.6.32-431.el6.x86_64 (slave2) 	2019年07月25日 	_x86_64_	(8 CPU)

23时36分59秒  CPU    %usr   %nice    %sys %iowait    %irq   %soft  %steal  %guest   %idle
23时37分00秒  all   51.80    0.00   19.79    0.00    0.26    2.57    0.00    0.00   25.58
平均时间:  all   51.80    0.00   19.79    0.00    0.26    2.57    0.00    0.00   25.58

Linux 2.6.32-431.el6.x86_64 (slave2) 	2019年07月25日 	_x86_64_	(8 CPU)

23时37分03秒  CPU    %usr   %nice    %sys %iowait    %irq   %soft  %steal  %guest   %idle
23时37分04秒  all   58.76    0.00   25.47    0.00    0.38   13.62    0.00    0.00    1.77
平均时间:  all   58.76    0.00   25.47    0.00    0.38   13.62    0.00    0.00    1.77

Linux 2.6.32-431.el6.x86_64 (slave2) 	2019年07月25日 	_x86_64_	(8 CPU)

23时37分07秒  CPU    %usr   %nice    %sys %iowait    %irq   %soft  %steal  %guest   %idle
23时37分08秒  all   62.50    0.00   20.62    0.00    0.12   16.75    0.00    0.00    0.00
平均时间:  all   62.50    0.00   20.62    0.00    0.12   16.75    0.00    0.00    0.00

Linux 2.6.32-431.el6.x86_64 (slave2) 	2019年07月25日 	_x86_64_	(8 CPU)

23时37分11秒  CPU    %usr   %nice    %sys %iowait    %irq   %soft  %steal  %guest   %idle
23时37分12秒  all   57.16    0.00   23.70    0.00    0.13   17.87    0.00    0.00    1.14
平均时间:  all   57.16    0.00   23.70    0.00    0.13   17.87    0.00    0.00    1.14

Linux 2.6.32-431.el6.x86_64 (slave2) 	2019年07月25日 	_x86_64_	(8 CPU)

23时37分15秒  CPU    %usr   %nice    %sys %iowait    %irq   %soft  %steal  %guest   %idle
23时37分16秒  all   64.24    0.00   22.46    0.00    0.50   12.80    0.00    0.00    0.00
平均时间:  all   64.24    0.00   22.46    0.00    0.50   12.80    0.00    0.00    0.00

Linux 2.6.32-431.el6.x86_64 (slave2) 	2019年07月25日 	_x86_64_	(8 CPU)

23时37分20秒  CPU    %usr   %nice    %sys %iowait    %irq   %soft  %steal  %guest   %idle
23时37分21秒  all   61.09    0.00   20.66    0.00    0.38    9.89    0.00    0.00    7.98
平均时间:  all   61.09    0.00   20.66    0.00    0.38    9.89    0.00    0.00    7.98

Linux 2.6.32-431.el6.x86_64 (slave2) 	2019年07月25日 	_x86_64_	(8 CPU)

23时37分24秒  CPU    %usr   %nice    %sys %iowait    %irq   %soft  %steal  %guest   %idle
23时37分25秒  all   81.78    0.00   13.07    0.00    0.13    2.64    0.00    0.00    2.39
平均时间:  all   81.78    0.00   13.07    0.00    0.13    2.64    0.00    0.00    2.39

Linux 2.6.32-431.el6.x86_64 (slave2) 	2019年07月25日 	_x86_64_	(8 CPU)

23时37分28秒  CPU    %usr   %nice    %sys %iowait    %irq   %soft  %steal  %guest   %idle
23时37分29秒  all   77.27    0.00    5.81    0.00    0.00    0.76    0.00    0.00   16.16
平均时间:  all   77.27    0.00    5.81    0.00    0.00    0.76    0.00    0.00   16.16

Linux 2.6.32-431.el6.x86_64 (slave2) 	2019年07月25日 	_x86_64_	(8 CPU)

23时37分32秒  CPU    %usr   %nice    %sys %iowait    %irq   %soft  %steal  %guest   %idle
23时37分33秒  all   55.69    0.00   12.76    0.00    0.00    0.52    0.00    0.00   31.03
平均时间:  all   55.69    0.00   12.76    0.00    0.00    0.52    0.00    0.00   31.03

Linux 2.6.32-431.el6.x86_64 (slave2) 	2019年07月25日 	_x86_64_	(8 CPU)

23时37分36秒  CPU    %usr   %nice    %sys %iowait    %irq   %soft  %steal  %guest   %idle
23时37分37秒  all   86.79    0.00    7.55    0.00    0.00    1.01    0.00    0.00    4.65
平均时间:  all   86.79    0.00    7.55    0.00    0.00    1.01    0.00    0.00    4.65

Linux 2.6.32-431.el6.x86_64 (slave2) 	2019年07月25日 	_x86_64_	(8 CPU)

23时37分41秒  CPU    %usr   %nice    %sys %iowait    %irq   %soft  %steal  %guest   %idle
23时37分42秒  all   71.16    0.00    4.32    0.00    0.00    1.27    0.00    0.00   23.25
平均时间:  all   71.16    0.00    4.32    0.00    0.00    1.27    0.00    0.00   23.25

Linux 2.6.32-431.el6.x86_64 (slave2) 	2019年07月25日 	_x86_64_	(8 CPU)

23时37分45秒  CPU    %usr   %nice    %sys %iowait    %irq   %soft  %steal  %guest   %idle
23时37分46秒  all   60.56    0.00    2.28    0.00    0.00    1.26    0.00    0.00   35.90
平均时间:  all   60.56    0.00    2.28    0.00    0.00    1.26    0.00    0.00   35.90

Linux 2.6.32-431.el6.x86_64 (slave2) 	2019年07月25日 	_x86_64_	(8 CPU)

23时37分49秒  CPU    %usr   %nice    %sys %iowait    %irq   %soft  %steal  %guest   %idle
23时37分50秒  all   58.86    0.00    2.03    0.00    0.00    0.89    0.00    0.00   38.23
平均时间:  all   58.86    0.00    2.03    0.00    0.00    0.89    0.00    0.00   38.23

Linux 2.6.32-431.el6.x86_64 (slave2) 	2019年07月25日 	_x86_64_	(8 CPU)

23时37分53秒  CPU    %usr   %nice    %sys %iowait    %irq   %soft  %steal  %guest   %idle
23时37分54秒  all   84.03    0.00    8.43    0.00    0.00    1.89    0.00    0.00    5.66
平均时间:  all   84.03    0.00    8.43    0.00    0.00    1.89    0.00    0.00    5.66

Linux 2.6.32-431.el6.x86_64 (slave2) 	2019年07月25日 	_x86_64_	(8 CPU)

23时37分57秒  CPU    %usr   %nice    %sys %iowait    %irq   %soft  %steal  %guest   %idle
23时37分58秒  all   78.61    0.00    6.84    0.00    0.13    1.14    0.00    0.00   13.29
平均时间:  all   78.61    0.00    6.84    0.00    0.13    1.14    0.00    0.00   13.29

Linux 2.6.32-431.el6.x86_64 (slave2) 	2019年07月25日 	_x86_64_	(8 CPU)

23时38分01秒  CPU    %usr   %nice    %sys %iowait    %irq   %soft  %steal  %guest   %idle
23时38分02秒  all   68.61    0.00   11.94    0.00    0.13    0.25    0.00    0.00   19.06
平均时间:  all   68.61    0.00   11.94    0.00    0.13    0.25    0.00    0.00   19.06

Linux 2.6.32-431.el6.x86_64 (slave2) 	2019年07月25日 	_x86_64_	(8 CPU)

23时38分05秒  CPU    %usr   %nice    %sys %iowait    %irq   %soft  %steal  %guest   %idle
23时38分06秒  all   80.58    0.00   10.47    0.00    0.00    1.01    0.00    0.00    7.94
平均时间:  all   80.58    0.00   10.47    0.00    0.00    1.01    0.00    0.00    7.94

Linux 2.6.32-431.el6.x86_64 (slave2) 	2019年07月25日 	_x86_64_	(8 CPU)

23时38分09秒  CPU    %usr   %nice    %sys %iowait    %irq   %soft  %steal  %guest   %idle
23时38分10秒  all   91.48    0.00    8.02    0.00    0.00    0.25    0.00    0.00    0.25
平均时间:  all   91.48    0.00    8.02    0.00    0.00    0.25    0.00    0.00    0.25

Linux 2.6.32-431.el6.x86_64 (slave2) 	2019年07月25日 	_x86_64_	(8 CPU)

23时38分13秒  CPU    %usr   %nice    %sys %iowait    %irq   %soft  %steal  %guest   %idle
23时38分14秒  all   92.62    0.00    7.25    0.00    0.00    0.12    0.00    0.00    0.00
平均时间:  all   92.62    0.00    7.25    0.00    0.00    0.12    0.00    0.00    0.00

Linux 2.6.32-431.el6.x86_64 (slave2) 	2019年07月25日 	_x86_64_	(8 CPU)

23时38分17秒  CPU    %usr   %nice    %sys %iowait    %irq   %soft  %steal  %guest   %idle
23时38分18秒  all   84.89    0.00    7.05    0.00    0.00    0.13    0.00    0.00    7.93
平均时间:  all   84.89    0.00    7.05    0.00    0.00    0.13    0.00    0.00    7.93

Linux 2.6.32-431.el6.x86_64 (slave2) 	2019年07月25日 	_x86_64_	(8 CPU)

23时38分21秒  CPU    %usr   %nice    %sys %iowait    %irq   %soft  %steal  %guest   %idle
23时38分22秒  all   91.73    0.00    4.76    0.00    0.00    0.25    0.00    0.00    3.26
平均时间:  all   91.73    0.00    4.76    0.00    0.00    0.25    0.00    0.00    3.26

Linux 2.6.32-431.el6.x86_64 (slave2) 	2019年07月25日 	_x86_64_	(8 CPU)

23时38分25秒  CPU    %usr   %nice    %sys %iowait    %irq   %soft  %steal  %guest   %idle
23时38分26秒  all   39.72    0.00    3.08    0.00    0.00    0.51    0.00    0.00   56.68
平均时间:  all   39.72    0.00    3.08    0.00    0.00    0.51    0.00    0.00   56.68

Linux 2.6.32-431.el6.x86_64 (slave2) 	2019年07月25日 	_x86_64_	(8 CPU)

23时38分29秒  CPU    %usr   %nice    %sys %iowait    %irq   %soft  %steal  %guest   %idle
23时38分30秒  all   44.90    0.00    4.46    0.00    0.13    1.15    0.00    0.00   49.36
平均时间:  all   44.90    0.00    4.46    0.00    0.13    1.15    0.00    0.00   49.36

Linux 2.6.32-431.el6.x86_64 (slave2) 	2019年07月25日 	_x86_64_	(8 CPU)

23时38分33秒  CPU    %usr   %nice    %sys %iowait    %irq   %soft  %steal  %guest   %idle
23时38分34秒  all   40.44    0.00    4.49    0.00    0.00    0.64    0.00    0.00   54.43
平均时间:  all   40.44    0.00    4.49    0.00    0.00    0.64    0.00    0.00   54.43

Linux 2.6.32-431.el6.x86_64 (slave2) 	2019年07月25日 	_x86_64_	(8 CPU)

23时38分37秒  CPU    %usr   %nice    %sys %iowait    %irq   %soft  %steal  %guest   %idle
23时38分38秒  all   59.28    0.00    5.38    0.00    0.00    0.77    0.00    0.00   34.57
平均时间:  all   59.28    0.00    5.38    0.00    0.00    0.77    0.00    0.00   34.57

Linux 2.6.32-431.el6.x86_64 (slave2) 	2019年07月25日 	_x86_64_	(8 CPU)

23时38分41秒  CPU    %usr   %nice    %sys %iowait    %irq   %soft  %steal  %guest   %idle
23时38分42秒  all   77.50    0.00    7.46    0.00    0.00    0.25    0.00    0.00   14.79
平均时间:  all   77.50    0.00    7.46    0.00    0.00    0.25    0.00    0.00   14.79

Linux 2.6.32-431.el6.x86_64 (slave2) 	2019年07月25日 	_x86_64_	(8 CPU)

23时38分45秒  CPU    %usr   %nice    %sys %iowait    %irq   %soft  %steal  %guest   %idle
23时38分46秒  all   40.51    0.00    7.18    0.00    0.00    0.38    0.00    0.00   51.92
平均时间:  all   40.51    0.00    7.18    0.00    0.00    0.38    0.00    0.00   51.92

Linux 2.6.32-431.el6.x86_64 (slave2) 	2019年07月25日 	_x86_64_	(8 CPU)

23时38分49秒  CPU    %usr   %nice    %sys %iowait    %irq   %soft  %steal  %guest   %idle
23时38分50秒  all   47.37    0.00   15.02    0.00    0.00    1.93    0.00    0.00   35.69
平均时间:  all   47.37    0.00   15.02    0.00    0.00    1.93    0.00    0.00   35.69

Linux 2.6.32-431.el6.x86_64 (slave2) 	2019年07月25日 	_x86_64_	(8 CPU)

23时38分53秒  CPU    %usr   %nice    %sys %iowait    %irq   %soft  %steal  %guest   %idle
23时38分54秒  all   70.83    0.00    8.46    0.00    0.00    0.13    0.00    0.00   20.58
平均时间:  all   70.83    0.00    8.46    0.00    0.00    0.13    0.00    0.00   20.58

Linux 2.6.32-431.el6.x86_64 (slave2) 	2019年07月25日 	_x86_64_	(8 CPU)

23时38分57秒  CPU    %usr   %nice    %sys %iowait    %irq   %soft  %steal  %guest   %idle
23时38分58秒  all   59.92    0.00    7.76    0.00    0.00    0.89    0.00    0.00   31.42
平均时间:  all   59.92    0.00    7.76    0.00    0.00    0.89    0.00    0.00   31.42

Linux 2.6.32-431.el6.x86_64 (slave2) 	2019年07月25日 	_x86_64_	(8 CPU)

23时39分01秒  CPU    %usr   %nice    %sys %iowait    %irq   %soft  %steal  %guest   %idle
23时39分02秒  all   56.85    0.00   23.05    0.00    0.13    3.97    0.00    0.00   16.01
平均时间:  all   56.85    0.00   23.05    0.00    0.13    3.97    0.00    0.00   16.01

Linux 2.6.32-431.el6.x86_64 (slave2) 	2019年07月25日 	_x86_64_	(8 CPU)

23时39分05秒  CPU    %usr   %nice    %sys %iowait    %irq   %soft  %steal  %guest   %idle
23时39分06秒  all   70.86    0.00   16.94    0.00    0.25   11.96    0.00    0.00    0.00
平均时间:  all   70.86    0.00   16.94    0.00    0.25   11.96    0.00    0.00    0.00

Linux 2.6.32-431.el6.x86_64 (slave2) 	2019年07月25日 	_x86_64_	(8 CPU)

23时39分09秒  CPU    %usr   %nice    %sys %iowait    %irq   %soft  %steal  %guest   %idle
23时39分10秒  all   67.92    0.00   20.05    0.00    0.13   11.90    0.00    0.00    0.00
平均时间:  all   67.92    0.00   20.05    0.00    0.13   11.90    0.00    0.00    0.00

Linux 2.6.32-431.el6.x86_64 (slave2) 	2019年07月25日 	_x86_64_	(8 CPU)

23时39分13秒  CPU    %usr   %nice    %sys %iowait    %irq   %soft  %steal  %guest   %idle
23时39分14秒  all   61.62    0.00   23.38    0.00    0.25   14.75    0.00    0.00    0.00
平均时间:  all   61.62    0.00   23.38    0.00    0.25   14.75    0.00    0.00    0.00

Linux 2.6.32-431.el6.x86_64 (slave2) 	2019年07月25日 	_x86_64_	(8 CPU)

23时39分17秒  CPU    %usr   %nice    %sys %iowait    %irq   %soft  %steal  %guest   %idle
23时39分18秒  all   78.88    0.00   16.12    0.00    0.12    4.88    0.00    0.00    0.00
平均时间:  all   78.88    0.00   16.12    0.00    0.12    4.88    0.00    0.00    0.00

Linux 2.6.32-431.el6.x86_64 (slave2) 	2019年07月25日 	_x86_64_	(8 CPU)

23时39分21秒  CPU    %usr   %nice    %sys %iowait    %irq   %soft  %steal  %guest   %idle
23时39分22秒  all   73.97    0.00   16.77    0.00    0.25    9.01    0.00    0.00    0.00
平均时间:  all   73.97    0.00   16.77    0.00    0.25    9.01    0.00    0.00    0.00

Linux 2.6.32-431.el6.x86_64 (slave2) 	2019年07月25日 	_x86_64_	(8 CPU)

23时39分25秒  CPU    %usr   %nice    %sys %iowait    %irq   %soft  %steal  %guest   %idle
23时39分26秒  all   81.23    0.00   13.39    0.00    0.25    5.01    0.00    0.00    0.13
平均时间:  all   81.23    0.00   13.39    0.00    0.25    5.01    0.00    0.00    0.13

Linux 2.6.32-431.el6.x86_64 (slave2) 	2019年07月25日 	_x86_64_	(8 CPU)

23时39分30秒  CPU    %usr   %nice    %sys %iowait    %irq   %soft  %steal  %guest   %idle
23时39分31秒  all   67.51    0.00    5.08    0.00    0.00    0.00    0.00    0.00   27.41
平均时间:  all   67.51    0.00    5.08    0.00    0.00    0.00    0.00    0.00   27.41

Linux 2.6.32-431.el6.x86_64 (slave2) 	2019年07月25日 	_x86_64_	(8 CPU)

23时39分34秒  CPU    %usr   %nice    %sys %iowait    %irq   %soft  %steal  %guest   %idle
23时39分35秒  all   35.53    0.00    3.43    0.00    0.00    0.13    0.00    0.00   60.91
平均时间:  all   35.53    0.00    3.43    0.00    0.00    0.13    0.00    0.00   60.91

Linux 2.6.32-431.el6.x86_64 (slave2) 	2019年07月25日 	_x86_64_	(8 CPU)

23时39分38秒  CPU    %usr   %nice    %sys %iowait    %irq   %soft  %steal  %guest   %idle
23时39分39秒  all    8.92    0.00    2.80    0.00    0.00    0.00    0.00    0.00   88.28
平均时间:  all    8.92    0.00    2.80    0.00    0.00    0.00    0.00    0.00   88.28

Linux 2.6.32-431.el6.x86_64 (slave2) 	2019年07月25日 	_x86_64_	(8 CPU)

23时39分42秒  CPU    %usr   %nice    %sys %iowait    %irq   %soft  %steal  %guest   %idle
23时39分43秒  all    3.30    0.00    1.39    0.00    0.00    0.25    0.00    0.00   95.06
平均时间:  all    3.30    0.00    1.39    0.00    0.00    0.25    0.00    0.00   95.06

Linux 2.6.32-431.el6.x86_64 (slave2) 	2019年07月25日 	_x86_64_	(8 CPU)

23时39分46秒  CPU    %usr   %nice    %sys %iowait    %irq   %soft  %steal  %guest   %idle
23时39分47秒  all   36.70    0.00    3.45    0.00    0.00    0.13    0.00    0.00   59.72
平均时间:  all   36.70    0.00    3.45    0.00    0.00    0.13    0.00    0.00   59.72

Linux 2.6.32-431.el6.x86_64 (slave2) 	2019年07月25日 	_x86_64_	(8 CPU)

23时39分50秒  CPU    %usr   %nice    %sys %iowait    %irq   %soft  %steal  %guest   %idle
23时39分51秒  all   41.18    0.00    6.39    0.00    0.00    0.13    0.00    0.00   52.30
平均时间:  all   41.18    0.00    6.39    0.00    0.00    0.13    0.00    0.00   52.30

Linux 2.6.32-431.el6.x86_64 (slave2) 	2019年07月25日 	_x86_64_	(8 CPU)

23时39分54秒  CPU    %usr   %nice    %sys %iowait    %irq   %soft  %steal  %guest   %idle
23时39分55秒  all   34.19    0.00    6.71    0.13    0.00    0.00    0.00    0.00   58.97
平均时间:  all   34.19    0.00    6.71    0.13    0.00    0.00    0.00    0.00   58.97

Linux 2.6.32-431.el6.x86_64 (slave2) 	2019年07月25日 	_x86_64_	(8 CPU)

23时39分58秒  CPU    %usr   %nice    %sys %iowait    %irq   %soft  %steal  %guest   %idle
23时39分59秒  all   29.13    0.00    5.34    0.00    0.00    0.00    0.00    0.00   65.52
平均时间:  all   29.13    0.00    5.34    0.00    0.00    0.00    0.00    0.00   65.52

Linux 2.6.32-431.el6.x86_64 (slave2) 	2019年07月25日 	_x86_64_	(8 CPU)

23时40分02秒  CPU    %usr   %nice    %sys %iowait    %irq   %soft  %steal  %guest   %idle
23时40分03秒  all   47.07    0.00    2.81    0.00    0.13    0.26    0.00    0.00   49.74
平均时间:  all   47.07    0.00    2.81    0.00    0.13    0.26    0.00    0.00   49.74

Linux 2.6.32-431.el6.x86_64 (slave2) 	2019年07月25日 	_x86_64_	(8 CPU)

23时40分06秒  CPU    %usr   %nice    %sys %iowait    %irq   %soft  %steal  %guest   %idle
23时40分07秒  all   45.22    0.00    3.06    0.00    0.00    0.25    0.00    0.00   51.46
平均时间:  all   45.22    0.00    3.06    0.00    0.00    0.25    0.00    0.00   51.46

Linux 2.6.32-431.el6.x86_64 (slave2) 	2019年07月25日 	_x86_64_	(8 CPU)

23时40分10秒  CPU    %usr   %nice    %sys %iowait    %irq   %soft  %steal  %guest   %idle
23时40分11秒  all   26.65    0.00    0.76    0.00    0.00    0.13    0.00    0.00   72.46
平均时间:  all   26.65    0.00    0.76    0.00    0.00    0.13    0.00    0.00   72.46

Linux 2.6.32-431.el6.x86_64 (slave2) 	2019年07月25日 	_x86_64_	(8 CPU)

23时40分14秒  CPU    %usr   %nice    %sys %iowait    %irq   %soft  %steal  %guest   %idle
23时40分15秒  all   17.29    0.00    1.54    0.00    0.00    0.77    0.00    0.00   80.41
平均时间:  all   17.29    0.00    1.54    0.00    0.00    0.77    0.00    0.00   80.41

Linux 2.6.32-431.el6.x86_64 (slave2) 	2019年07月25日 	_x86_64_	(8 CPU)

23时40分18秒  CPU    %usr   %nice    %sys %iowait    %irq   %soft  %steal  %guest   %idle
23时40分19秒  all   20.82    0.00    2.81    0.00    0.00    0.38    0.00    0.00   75.99
平均时间:  all   20.82    0.00    2.81    0.00    0.00    0.38    0.00    0.00   75.99

Linux 2.6.32-431.el6.x86_64 (slave2) 	2019年07月25日 	_x86_64_	(8 CPU)

23时40分22秒  CPU    %usr   %nice    %sys %iowait    %irq   %soft  %steal  %guest   %idle
23时40分23秒  all   18.04    0.00    1.52    0.00    0.00    0.25    0.00    0.00   80.18
平均时间:  all   18.04    0.00    1.52    0.00    0.00    0.25    0.00    0.00   80.18

Linux 2.6.32-431.el6.x86_64 (slave2) 	2019年07月25日 	_x86_64_	(8 CPU)

23时40分26秒  CPU    %usr   %nice    %sys %iowait    %irq   %soft  %steal  %guest   %idle
23时40分27秒  all   18.54    0.00    1.28    0.00    0.00    0.77    0.00    0.00   79.41
平均时间:  all   18.54    0.00    1.28    0.00    0.00    0.77    0.00    0.00   79.41

Linux 2.6.32-431.el6.x86_64 (slave2) 	2019年07月25日 	_x86_64_	(8 CPU)

23时40分30秒  CPU    %usr   %nice    %sys %iowait    %irq   %soft  %steal  %guest   %idle
23时40分31秒  all    5.30    0.00    2.33    0.00    0.13    0.26    0.00    0.00   91.99
平均时间:  all    5.30    0.00    2.33    0.00    0.13    0.26    0.00    0.00   91.99

Linux 2.6.32-431.el6.x86_64 (slave2) 	2019年07月25日 	_x86_64_	(8 CPU)

23时40分34秒  CPU    %usr   %nice    %sys %iowait    %irq   %soft  %steal  %guest   %idle
23时40分35秒  all   11.49    0.00    3.32    0.00    0.00    0.13    0.00    0.00   85.06
平均时间:  all   11.49    0.00    3.32    0.00    0.00    0.13    0.00    0.00   85.06

Linux 2.6.32-431.el6.x86_64 (slave2) 	2019年07月25日 	_x86_64_	(8 CPU)

23时40分38秒  CPU    %usr   %nice    %sys %iowait    %irq   %soft  %steal  %guest   %idle
23时40分39秒  all   66.96    0.00    5.19    0.00    0.00    0.00    0.00    0.00   27.85
平均时间:  all   66.96    0.00    5.19    0.00    0.00    0.00    0.00    0.00   27.85

Linux 2.6.32-431.el6.x86_64 (slave2) 	2019年07月25日 	_x86_64_	(8 CPU)

23时40分42秒  CPU    %usr   %nice    %sys %iowait    %irq   %soft  %steal  %guest   %idle
23时40分43秒  all   43.65    0.00    6.55    0.00    0.00    0.90    0.00    0.00   48.91
平均时间:  all   43.65    0.00    6.55    0.00    0.00    0.90    0.00    0.00   48.91

Linux 2.6.32-431.el6.x86_64 (slave2) 	2019年07月25日 	_x86_64_	(8 CPU)

23时40分46秒  CPU    %usr   %nice    %sys %iowait    %irq   %soft  %steal  %guest   %idle
23时40分47秒  all   28.94    0.00    2.61    0.00    0.00    0.78    0.00    0.00   67.67
平均时间:  all   28.94    0.00    2.61    0.00    0.00    0.78    0.00    0.00   67.67

Linux 2.6.32-431.el6.x86_64 (slave2) 	2019年07月25日 	_x86_64_	(8 CPU)

23时40分50秒  CPU    %usr   %nice    %sys %iowait    %irq   %soft  %steal  %guest   %idle
23时40分51秒  all   73.76    0.00    5.83    0.00    0.00    0.25    0.00    0.00   20.15
平均时间:  all   73.76    0.00    5.83    0.00    0.00    0.25    0.00    0.00   20.15

Linux 2.6.32-431.el6.x86_64 (slave2) 	2019年07月25日 	_x86_64_	(8 CPU)

23时40分54秒  CPU    %usr   %nice    %sys %iowait    %irq   %soft  %steal  %guest   %idle
23时40分55秒  all   92.39    0.00    6.61    0.00    0.00    0.12    0.00    0.00    0.87
平均时间:  all   92.39    0.00    6.61    0.00    0.00    0.12    0.00    0.00    0.87

Linux 2.6.32-431.el6.x86_64 (slave2) 	2019年07月25日 	_x86_64_	(8 CPU)

23时40分58秒  CPU    %usr   %nice    %sys %iowait    %irq   %soft  %steal  %guest   %idle
23时40分59秒  all   71.07    0.00    8.25    0.00    0.00    0.63    0.00    0.00   20.05
平均时间:  all   71.07    0.00    8.25    0.00    0.00    0.63    0.00    0.00   20.05

Linux 2.6.32-431.el6.x86_64 (slave2) 	2019年07月25日 	_x86_64_	(8 CPU)

23时41分02秒  CPU    %usr   %nice    %sys %iowait    %irq   %soft  %steal  %guest   %idle
23时41分03秒  all   61.04    0.00   17.14    0.00    0.26   11.82    0.00    0.00    9.74
平均时间:  all   61.04    0.00   17.14    0.00    0.26   11.82    0.00    0.00    9.74

Linux 2.6.32-431.el6.x86_64 (slave2) 	2019年07月25日 	_x86_64_	(8 CPU)

23时41分06秒  CPU    %usr   %nice    %sys %iowait    %irq   %soft  %steal  %guest   %idle
23时41分07秒  all   46.04    0.00   15.84    0.00    0.27   17.05    0.00    0.00   20.81
平均时间:  all   46.04    0.00   15.84    0.00    0.27   17.05    0.00    0.00   20.81

Linux 2.6.32-431.el6.x86_64 (slave2) 	2019年07月25日 	_x86_64_	(8 CPU)

23时41分10秒  CPU    %usr   %nice    %sys %iowait    %irq   %soft  %steal  %guest   %idle
23时41分11秒  all   50.07    0.00   21.90    0.00    0.95   16.05    0.00    0.00   11.02
平均时间:  all   50.07    0.00   21.90    0.00    0.95   16.05    0.00    0.00   11.02

Linux 2.6.32-431.el6.x86_64 (slave2) 	2019年07月25日 	_x86_64_	(8 CPU)

23时41分14秒  CPU    %usr   %nice    %sys %iowait    %irq   %soft  %steal  %guest   %idle
23时41分15秒  all   61.76    0.00   19.37    0.00    0.63   15.97    0.00    0.00    2.26
平均时间:  all   61.76    0.00   19.37    0.00    0.63   15.97    0.00    0.00    2.26

Linux 2.6.32-431.el6.x86_64 (slave2) 	2019年07月25日 	_x86_64_	(8 CPU)

23时41分18秒  CPU    %usr   %nice    %sys %iowait    %irq   %soft  %steal  %guest   %idle
23时41分19秒  all   38.96    0.00   15.13    0.00    0.40   17.00    0.00    0.00   28.51
平均时间:  all   38.96    0.00   15.13    0.00    0.40   17.00    0.00    0.00   28.51

Linux 2.6.32-431.el6.x86_64 (slave2) 	2019年07月25日 	_x86_64_	(8 CPU)

23时41分22秒  CPU    %usr   %nice    %sys %iowait    %irq   %soft  %steal  %guest   %idle
23时41分23秒  all   38.82    0.00   16.33    0.00    0.27   15.80    0.00    0.00   28.78
平均时间:  all   38.82    0.00   16.33    0.00    0.27   15.80    0.00    0.00   28.78

Linux 2.6.32-431.el6.x86_64 (slave2) 	2019年07月25日 	_x86_64_	(8 CPU)

23时41分26秒  CPU    %usr   %nice    %sys %iowait    %irq   %soft  %steal  %guest   %idle
23时41分27秒  all   69.35    0.00   21.07    0.00    0.26    8.30    0.00    0.00    1.02
平均时间:  all   69.35    0.00   21.07    0.00    0.26    8.30    0.00    0.00    1.02

Linux 2.6.32-431.el6.x86_64 (slave2) 	2019年07月25日 	_x86_64_	(8 CPU)

23时41分30秒  CPU    %usr   %nice    %sys %iowait    %irq   %soft  %steal  %guest   %idle
23时41分31秒  all   66.29    0.00   21.38    0.00    0.25   11.95    0.00    0.00    0.13
平均时间:  all   66.29    0.00   21.38    0.00    0.25   11.95    0.00    0.00    0.13

Linux 2.6.32-431.el6.x86_64 (slave2) 	2019年07月25日 	_x86_64_	(8 CPU)

23时41分35秒  CPU    %usr   %nice    %sys %iowait    %irq   %soft  %steal  %guest   %idle
23时41分36秒  all   92.47    0.00    6.52    0.00    0.00    0.50    0.00    0.00    0.50
平均时间:  all   92.47    0.00    6.52    0.00    0.00    0.50    0.00    0.00    0.50

Linux 2.6.32-431.el6.x86_64 (slave2) 	2019年07月25日 	_x86_64_	(8 CPU)

23时41分39秒  CPU    %usr   %nice    %sys %iowait    %irq   %soft  %steal  %guest   %idle
23时41分40秒  all   89.74    0.00    8.70    0.00    0.00    1.56    0.00    0.00    0.00
平均时间:  all   89.74    0.00    8.70    0.00    0.00    1.56    0.00    0.00    0.00

Linux 2.6.32-431.el6.x86_64 (slave2) 	2019年07月25日 	_x86_64_	(8 CPU)

23时41分43秒  CPU    %usr   %nice    %sys %iowait    %irq   %soft  %steal  %guest   %idle
23时41分44秒  all   81.77    0.00    7.48    0.00    0.00    0.95    0.00    0.00    9.80
平均时间:  all   81.77    0.00    7.48    0.00    0.00    0.95    0.00    0.00    9.80

Linux 2.6.32-431.el6.x86_64 (slave2) 	2019年07月25日 	_x86_64_	(8 CPU)

23时41分47秒  CPU    %usr   %nice    %sys %iowait    %irq   %soft  %steal  %guest   %idle
23时41分48秒  all   27.25    0.00    4.63    0.00    0.00    1.16    0.00    0.00   66.97
平均时间:  all   27.25    0.00    4.63    0.00    0.00    1.16    0.00    0.00   66.97

Linux 2.6.32-431.el6.x86_64 (slave2) 	2019年07月25日 	_x86_64_	(8 CPU)

23时41分51秒  CPU    %usr   %nice    %sys %iowait    %irq   %soft  %steal  %guest   %idle
23时41分52秒  all   96.03    0.00    3.85    0.00    0.00    0.13    0.00    0.00    0.00
平均时间:  all   96.03    0.00    3.85    0.00    0.00    0.13    0.00    0.00    0.00

Linux 2.6.32-431.el6.x86_64 (slave2) 	2019年07月25日 	_x86_64_	(8 CPU)

23时41分55秒  CPU    %usr   %nice    %sys %iowait    %irq   %soft  %steal  %guest   %idle
23时41分56秒  all   68.68    0.00    8.99    0.00    0.00    0.64    0.00    0.00   21.69
平均时间:  all   68.68    0.00    8.99    0.00    0.00    0.64    0.00    0.00   21.69

Linux 2.6.32-431.el6.x86_64 (slave2) 	2019年07月25日 	_x86_64_	(8 CPU)

23时41分59秒  CPU    %usr   %nice    %sys %iowait    %irq   %soft  %steal  %guest   %idle
23时42分00秒  all   37.92    0.00   17.61    0.13    0.00    4.88    0.00    0.00   39.46
平均时间:  all   37.92    0.00   17.61    0.13    0.00    4.88    0.00    0.00   39.46

Linux 2.6.32-431.el6.x86_64 (slave2) 	2019年07月25日 	_x86_64_	(8 CPU)

23时42分03秒  CPU    %usr   %nice    %sys %iowait    %irq   %soft  %steal  %guest   %idle
23时42分04秒  all   82.29    0.00   11.81    0.00    0.00    0.13    0.00    0.00    5.78
平均时间:  all   82.29    0.00   11.81    0.00    0.00    0.13    0.00    0.00    5.78

Linux 2.6.32-431.el6.x86_64 (slave2) 	2019年07月25日 	_x86_64_	(8 CPU)

23时42分07秒  CPU    %usr   %nice    %sys %iowait    %irq   %soft  %steal  %guest   %idle
23时42分08秒  all   67.39    0.00    9.64    0.00    0.00    0.76    0.00    0.00   22.21
平均时间:  all   67.39    0.00    9.64    0.00    0.00    0.76    0.00    0.00   22.21

Linux 2.6.32-431.el6.x86_64 (slave2) 	2019年07月25日 	_x86_64_	(8 CPU)

23时42分11秒  CPU    %usr   %nice    %sys %iowait    %irq   %soft  %steal  %guest   %idle
23时42分12秒  all   84.36    0.00   10.97    0.00    0.00    0.00    0.00    0.00    4.67
平均时间:  all   84.36    0.00   10.97    0.00    0.00    0.00    0.00    0.00    4.67

Linux 2.6.32-431.el6.x86_64 (slave2) 	2019年07月25日 	_x86_64_	(8 CPU)

23时42分15秒  CPU    %usr   %nice    %sys %iowait    %irq   %soft  %steal  %guest   %idle
23时42分16秒  all   44.23    0.00   12.82    0.00    0.13    5.00    0.00    0.00   37.82
平均时间:  all   44.23    0.00   12.82    0.00    0.13    5.00    0.00    0.00   37.82

Linux 2.6.32-431.el6.x86_64 (slave2) 	2019年07月25日 	_x86_64_	(8 CPU)

23时42分19秒  CPU    %usr   %nice    %sys %iowait    %irq   %soft  %steal  %guest   %idle
23时42分20秒  all   86.84    0.00   11.15    0.00    0.00    0.50    0.00    0.00    1.50
平均时间:  all   86.84    0.00   11.15    0.00    0.00    0.50    0.00    0.00    1.50

Linux 2.6.32-431.el6.x86_64 (slave2) 	2019年07月25日 	_x86_64_	(8 CPU)

23时42分23秒  CPU    %usr   %nice    %sys %iowait    %irq   %soft  %steal  %guest   %idle
23时42分24秒  all   52.78    0.00    7.97    0.00    0.00    0.13    0.00    0.00   39.11
平均时间:  all   52.78    0.00    7.97    0.00    0.00    0.13    0.00    0.00   39.11

Linux 2.6.32-431.el6.x86_64 (slave2) 	2019年07月25日 	_x86_64_	(8 CPU)

23时42分27秒  CPU    %usr   %nice    %sys %iowait    %irq   %soft  %steal  %guest   %idle
23时42分28秒  all   74.31    0.00   13.98    0.00    0.00    1.13    0.00    0.00   10.58
平均时间:  all   74.31    0.00   13.98    0.00    0.00    1.13    0.00    0.00   10.58

Linux 2.6.32-431.el6.x86_64 (slave2) 	2019年07月25日 	_x86_64_	(8 CPU)

23时42分31秒  CPU    %usr   %nice    %sys %iowait    %irq   %soft  %steal  %guest   %idle
23时42分32秒  all   89.11    0.00    9.64    0.00    0.00    0.00    0.00    0.00    1.25
平均时间:  all   89.11    0.00    9.64    0.00    0.00    0.00    0.00    0.00    1.25

Linux 2.6.32-431.el6.x86_64 (slave2) 	2019年07月25日 	_x86_64_	(8 CPU)

23时42分35秒  CPU    %usr   %nice    %sys %iowait    %irq   %soft  %steal  %guest   %idle
23时42分36秒  all   27.40    0.00    8.19    0.00    0.00    3.33    0.00    0.00   61.08
平均时间:  all   27.40    0.00    8.19    0.00    0.00    3.33    0.00    0.00   61.08

Linux 2.6.32-431.el6.x86_64 (slave2) 	2019年07月25日 	_x86_64_	(8 CPU)

23时42分39秒  CPU    %usr   %nice    %sys %iowait    %irq   %soft  %steal  %guest   %idle
23时42分40秒  all   25.96    0.00    6.01    0.00    0.00    0.13    0.00    0.00   67.90
平均时间:  all   25.96    0.00    6.01    0.00    0.00    0.13    0.00    0.00   67.90

Linux 2.6.32-431.el6.x86_64 (slave2) 	2019年07月25日 	_x86_64_	(8 CPU)

23时42分43秒  CPU    %usr   %nice    %sys %iowait    %irq   %soft  %steal  %guest   %idle
23时42分44秒  all   79.34    0.00    9.13    0.00    0.00    0.13    0.00    0.00   11.41
平均时间:  all   79.34    0.00    9.13    0.00    0.00    0.13    0.00    0.00   11.41

Linux 2.6.32-431.el6.x86_64 (slave2) 	2019年07月25日 	_x86_64_	(8 CPU)

23时42分47秒  CPU    %usr   %nice    %sys %iowait    %irq   %soft  %steal  %guest   %idle
23时42分48秒  all   20.39    0.00   13.99    0.00    0.00   12.16    0.00    0.00   53.46
平均时间:  all   20.39    0.00   13.99    0.00    0.00   12.16    0.00    0.00   53.46

Linux 2.6.32-431.el6.x86_64 (slave2) 	2019年07月25日 	_x86_64_	(8 CPU)

23时42分51秒  CPU    %usr   %nice    %sys %iowait    %irq   %soft  %steal  %guest   %idle
23时42分52秒  all   80.43    0.00   14.18    0.00    0.00    0.75    0.00    0.00    4.64
平均时间:  all   80.43    0.00   14.18    0.00    0.00    0.75    0.00    0.00    4.64

Linux 2.6.32-431.el6.x86_64 (slave2) 	2019年07月25日 	_x86_64_	(8 CPU)

23时42分55秒  CPU    %usr   %nice    %sys %iowait    %irq   %soft  %steal  %guest   %idle
23时42分56秒  all   69.20    0.00   12.29    0.00    0.00    0.13    0.00    0.00   18.38
平均时间:  all   69.20    0.00   12.29    0.00    0.00    0.13    0.00    0.00   18.38

Linux 2.6.32-431.el6.x86_64 (slave2) 	2019年07月25日 	_x86_64_	(8 CPU)

23时42分59秒  CPU    %usr   %nice    %sys %iowait    %irq   %soft  %steal  %guest   %idle
23时43分00秒  all   87.22    0.00    7.77    0.00    0.00    0.13    0.00    0.00    4.89
平均时间:  all   87.22    0.00    7.77    0.00    0.00    0.13    0.00    0.00    4.89

Linux 2.6.32-431.el6.x86_64 (slave2) 	2019年07月25日 	_x86_64_	(8 CPU)

23时43分03秒  CPU    %usr   %nice    %sys %iowait    %irq   %soft  %steal  %guest   %idle
23时43分04秒  all   84.48    0.00   12.39    0.00    0.00    0.00    0.00    0.00    3.13
平均时间:  all   84.48    0.00   12.39    0.00    0.00    0.00    0.00    0.00    3.13

Linux 2.6.32-431.el6.x86_64 (slave2) 	2019年07月25日 	_x86_64_	(8 CPU)

23时43分07秒  CPU    %usr   %nice    %sys %iowait    %irq   %soft  %steal  %guest   %idle
23时43分08秒  all   47.98    0.00    8.84    0.00    0.00    0.13    0.00    0.00   43.04
平均时间:  all   47.98    0.00    8.84    0.00    0.00    0.13    0.00    0.00   43.04

Linux 2.6.32-431.el6.x86_64 (slave2) 	2019年07月25日 	_x86_64_	(8 CPU)

23时43分11秒  CPU    %usr   %nice    %sys %iowait    %irq   %soft  %steal  %guest   %idle
23时43分12秒  all   79.07    0.00   15.64    0.00    0.00    0.63    0.00    0.00    4.67
平均时间:  all   79.07    0.00   15.64    0.00    0.00    0.63    0.00    0.00    4.67

Linux 2.6.32-431.el6.x86_64 (slave2) 	2019年07月25日 	_x86_64_	(8 CPU)

23时43分15秒  CPU    %usr   %nice    %sys %iowait    %irq   %soft  %steal  %guest   %idle
23时43分16秒  all   56.94    0.00    5.10    0.00    0.00    0.25    0.00    0.00   37.71
平均时间:  all   56.94    0.00    5.10    0.00    0.00    0.25    0.00    0.00   37.71

Linux 2.6.32-431.el6.x86_64 (slave2) 	2019年07月25日 	_x86_64_	(8 CPU)

23时43分19秒  CPU    %usr   %nice    %sys %iowait    %irq   %soft  %steal  %guest   %idle
23时43分20秒  all   90.46    0.00    8.03    0.00    0.00    0.25    0.00    0.00    1.25
平均时间:  all   90.46    0.00    8.03    0.00    0.00    0.25    0.00    0.00    1.25

Linux 2.6.32-431.el6.x86_64 (slave2) 	2019年07月25日 	_x86_64_	(8 CPU)

23时43分23秒  CPU    %usr   %nice    %sys %iowait    %irq   %soft  %steal  %guest   %idle
23时43分24秒  all   82.55    0.00    6.57    0.00    0.00    0.51    0.00    0.00   10.37
平均时间:  all   82.55    0.00    6.57    0.00    0.00    0.51    0.00    0.00   10.37

Linux 2.6.32-431.el6.x86_64 (slave2) 	2019年07月25日 	_x86_64_	(8 CPU)

23时43分27秒  CPU    %usr   %nice    %sys %iowait    %irq   %soft  %steal  %guest   %idle
23时43分28秒  all   71.84    0.00    6.57    0.00    0.00    0.88    0.00    0.00   20.71
平均时间:  all   71.84    0.00    6.57    0.00    0.00    0.88    0.00    0.00   20.71

Linux 2.6.32-431.el6.x86_64 (slave2) 	2019年07月25日 	_x86_64_	(8 CPU)

23时43分31秒  CPU    %usr   %nice    %sys %iowait    %irq   %soft  %steal  %guest   %idle
23时43分32秒  all   77.23    0.00    5.41    0.00    0.00    0.25    0.00    0.00   17.11
平均时间:  all   77.23    0.00    5.41    0.00    0.00    0.25    0.00    0.00   17.11

Linux 2.6.32-431.el6.x86_64 (slave2) 	2019年07月25日 	_x86_64_	(8 CPU)

23时43分35秒  CPU    %usr   %nice    %sys %iowait    %irq   %soft  %steal  %guest   %idle
23时43分36秒  all   69.67    0.00    4.82    0.00    0.00    0.89    0.00    0.00   24.62
平均时间:  all   69.67    0.00    4.82    0.00    0.00    0.89    0.00    0.00   24.62

Linux 2.6.32-431.el6.x86_64 (slave2) 	2019年07月25日 	_x86_64_	(8 CPU)

23时43分39秒  CPU    %usr   %nice    %sys %iowait    %irq   %soft  %steal  %guest   %idle
23时43分40秒  all   72.44    0.00    4.68    0.00    0.00    0.76    0.00    0.00   22.12
平均时间:  all   72.44    0.00    4.68    0.00    0.00    0.76    0.00    0.00   22.12

Linux 2.6.32-431.el6.x86_64 (slave2) 	2019年07月25日 	_x86_64_	(8 CPU)

23时43分43秒  CPU    %usr   %nice    %sys %iowait    %irq   %soft  %steal  %guest   %idle
23时43分44秒  all   68.25    0.00    9.35    0.00    0.00    2.82    0.00    0.00   19.59
平均时间:  all   68.25    0.00    9.35    0.00    0.00    2.82    0.00    0.00   19.59

Linux 2.6.32-431.el6.x86_64 (slave2) 	2019年07月25日 	_x86_64_	(8 CPU)

23时43分47秒  CPU    %usr   %nice    %sys %iowait    %irq   %soft  %steal  %guest   %idle
23时43分48秒  all   55.75    0.00    4.99    0.00    0.00    1.66    0.00    0.00   37.60
平均时间:  all   55.75    0.00    4.99    0.00    0.00    1.66    0.00    0.00   37.60

Linux 2.6.32-431.el6.x86_64 (slave2) 	2019年07月25日 	_x86_64_	(8 CPU)

23时43分51秒  CPU    %usr   %nice    %sys %iowait    %irq   %soft  %steal  %guest   %idle
23时43分52秒  all   30.00    0.00    1.77    0.00    0.00    1.39    0.00    0.00   66.84
平均时间:  all   30.00    0.00    1.77    0.00    0.00    1.39    0.00    0.00   66.84

Linux 2.6.32-431.el6.x86_64 (slave2) 	2019年07月25日 	_x86_64_	(8 CPU)

23时43分55秒  CPU    %usr   %nice    %sys %iowait    %irq   %soft  %steal  %guest   %idle
23时43分56秒  all   83.48    0.00    5.67    0.00    0.00    0.63    0.00    0.00   10.21
平均时间:  all   83.48    0.00    5.67    0.00    0.00    0.63    0.00    0.00   10.21

Linux 2.6.32-431.el6.x86_64 (slave2) 	2019年07月25日 	_x86_64_	(8 CPU)

23时43分59秒  CPU    %usr   %nice    %sys %iowait    %irq   %soft  %steal  %guest   %idle
23时44分00秒  all   27.76    0.00    4.67    0.00    0.00    1.56    0.00    0.00   66.02
平均时间:  all   27.76    0.00    4.67    0.00    0.00    1.56    0.00    0.00   66.02

Linux 2.6.32-431.el6.x86_64 (slave2) 	2019年07月25日 	_x86_64_	(8 CPU)

23时44分03秒  CPU    %usr   %nice    %sys %iowait    %irq   %soft  %steal  %guest   %idle
23时44分04秒  all   55.95    0.00   13.32    0.00    0.00    0.13    0.00    0.00   30.60
平均时间:  all   55.95    0.00   13.32    0.00    0.00    0.13    0.00    0.00   30.60

Linux 2.6.32-431.el6.x86_64 (slave2) 	2019年07月25日 	_x86_64_	(8 CPU)

23时44分07秒  CPU    %usr   %nice    %sys %iowait    %irq   %soft  %steal  %guest   %idle
23时44分08秒  all   87.20    0.00   10.79    0.00    0.00    0.00    0.00    0.00    2.01
平均时间:  all   87.20    0.00   10.79    0.00    0.00    0.00    0.00    0.00    2.01

Linux 2.6.32-431.el6.x86_64 (slave2) 	2019年07月25日 	_x86_64_	(8 CPU)

23时44分11秒  CPU    %usr   %nice    %sys %iowait    %irq   %soft  %steal  %guest   %idle
23时44分12秒  all   87.50    0.00    6.00    0.00    0.00    0.12    0.00    0.00    6.38
平均时间:  all   87.50    0.00    6.00    0.00    0.00    0.12    0.00    0.00    6.38

Linux 2.6.32-431.el6.x86_64 (slave2) 	2019年07月25日 	_x86_64_	(8 CPU)

23时44分15秒  CPU    %usr   %nice    %sys %iowait    %irq   %soft  %steal  %guest   %idle
23时44分16秒  all   83.40    0.00   12.58    0.00    0.13    0.88    0.00    0.00    3.02
平均时间:  all   83.40    0.00   12.58    0.00    0.13    0.88    0.00    0.00    3.02

Linux 2.6.32-431.el6.x86_64 (slave2) 	2019年07月25日 	_x86_64_	(8 CPU)

23时44分19秒  CPU    %usr   %nice    %sys %iowait    %irq   %soft  %steal  %guest   %idle
23时44分20秒  all    1.14    0.00    3.56    0.00    0.00    0.00    0.00    0.00   95.30
平均时间:  all    1.14    0.00    3.56    0.00    0.00    0.00    0.00    0.00   95.30

Linux 2.6.32-431.el6.x86_64 (slave2) 	2019年07月25日 	_x86_64_	(8 CPU)

23时44分23秒  CPU    %usr   %nice    %sys %iowait    %irq   %soft  %steal  %guest   %idle
23时44分24秒  all   86.54    0.00    8.18    0.00    0.00    0.25    0.00    0.00    5.03
平均时间:  all   86.54    0.00    8.18    0.00    0.00    0.25    0.00    0.00    5.03

Linux 2.6.32-431.el6.x86_64 (slave2) 	2019年07月25日 	_x86_64_	(8 CPU)

23时44分28秒  CPU    %usr   %nice    %sys %iowait    %irq   %soft  %steal  %guest   %idle
23时44分29秒  all   66.58    0.00    6.89    0.00    0.00    1.02    0.00    0.00   25.51
平均时间:  all   66.58    0.00    6.89    0.00    0.00    1.02    0.00    0.00   25.51

Linux 2.6.32-431.el6.x86_64 (slave2) 	2019年07月25日 	_x86_64_	(8 CPU)

23时44分32秒  CPU    %usr   %nice    %sys %iowait    %irq   %soft  %steal  %guest   %idle
23时44分33秒  all   91.56    0.00    7.56    0.00    0.00    0.76    0.00    0.00    0.13
平均时间:  all   91.56    0.00    7.56    0.00    0.00    0.76    0.00    0.00    0.13

Linux 2.6.32-431.el6.x86_64 (slave2) 	2019年07月25日 	_x86_64_	(8 CPU)

23时44分36秒  CPU    %usr   %nice    %sys %iowait    %irq   %soft  %steal  %guest   %idle
23时44分37秒  all   94.88    0.00    5.12    0.00    0.00    0.00    0.00    0.00    0.00
平均时间:  all   94.88    0.00    5.12    0.00    0.00    0.00    0.00    0.00    0.00

Linux 2.6.32-431.el6.x86_64 (slave2) 	2019年07月25日 	_x86_64_	(8 CPU)

23时44分40秒  CPU    %usr   %nice    %sys %iowait    %irq   %soft  %steal  %guest   %idle
23时44分41秒  all   78.26    0.00   12.79    0.00    0.13    5.88    0.00    0.00    2.94
平均时间:  all   78.26    0.00   12.79    0.00    0.13    5.88    0.00    0.00    2.94

Linux 2.6.32-431.el6.x86_64 (slave2) 	2019年07月25日 	_x86_64_	(8 CPU)

23时44分44秒  CPU    %usr   %nice    %sys %iowait    %irq   %soft  %steal  %guest   %idle
23时44分45秒  all   77.97    0.00    6.71    0.00    0.00    1.27    0.00    0.00   14.05
平均时间:  all   77.97    0.00    6.71    0.00    0.00    1.27    0.00    0.00   14.05

Linux 2.6.32-431.el6.x86_64 (slave2) 	2019年07月25日 	_x86_64_	(8 CPU)

23时44分48秒  CPU    %usr   %nice    %sys %iowait    %irq   %soft  %steal  %guest   %idle
23时44分49秒  all   69.26    0.00    4.67    0.00    0.00    1.17    0.00    0.00   24.90
平均时间:  all   69.26    0.00    4.67    0.00    0.00    1.17    0.00    0.00   24.90

Linux 2.6.32-431.el6.x86_64 (slave2) 	2019年07月25日 	_x86_64_	(8 CPU)

23时44分52秒  CPU    %usr   %nice    %sys %iowait    %irq   %soft  %steal  %guest   %idle
23时44分53秒  all   86.29    0.00    6.54    0.13    0.00    0.88    0.00    0.00    6.16
平均时间:  all   86.29    0.00    6.54    0.13    0.00    0.88    0.00    0.00    6.16

Linux 2.6.32-431.el6.x86_64 (slave2) 	2019年07月25日 	_x86_64_	(8 CPU)

23时44分56秒  CPU    %usr   %nice    %sys %iowait    %irq   %soft  %steal  %guest   %idle
23时44分57秒  all   94.87    0.00    4.88    0.00    0.00    0.25    0.00    0.00    0.00
平均时间:  all   94.87    0.00    4.88    0.00    0.00    0.25    0.00    0.00    0.00

Linux 2.6.32-431.el6.x86_64 (slave2) 	2019年07月25日 	_x86_64_	(8 CPU)

23时45分00秒  CPU    %usr   %nice    %sys %iowait    %irq   %soft  %steal  %guest   %idle
23时45分01秒  all   74.90    0.00   11.08    0.00    0.00    1.66    0.00    0.00   12.36
平均时间:  all   74.90    0.00   11.08    0.00    0.00    1.66    0.00    0.00   12.36

Linux 2.6.32-431.el6.x86_64 (slave2) 	2019年07月25日 	_x86_64_	(8 CPU)

23时45分04秒  CPU    %usr   %nice    %sys %iowait    %irq   %soft  %steal  %guest   %idle
23时45分05秒  all   26.44    0.00    7.28    0.00    0.00    1.28    0.00    0.00   65.01
平均时间:  all   26.44    0.00    7.28    0.00    0.00    1.28    0.00    0.00   65.01

Linux 2.6.32-431.el6.x86_64 (slave2) 	2019年07月25日 	_x86_64_	(8 CPU)

23时45分08秒  CPU    %usr   %nice    %sys %iowait    %irq   %soft  %steal  %guest   %idle
23时45分09秒  all   75.54    0.00   11.53    0.00    0.00    0.13    0.00    0.00   12.80
平均时间:  all   75.54    0.00   11.53    0.00    0.00    0.13    0.00    0.00   12.80

Linux 2.6.32-431.el6.x86_64 (slave2) 	2019年07月25日 	_x86_64_	(8 CPU)

23时45分12秒  CPU    %usr   %nice    %sys %iowait    %irq   %soft  %steal  %guest   %idle
23时45分13秒  all   79.52    0.00   14.16    0.00    0.13    1.26    0.00    0.00    4.93
平均时间:  all   79.52    0.00   14.16    0.00    0.13    1.26    0.00    0.00    4.93

Linux 2.6.32-431.el6.x86_64 (slave2) 	2019年07月25日 	_x86_64_	(8 CPU)

23时45分16秒  CPU    %usr   %nice    %sys %iowait    %irq   %soft  %steal  %guest   %idle
23时45分17秒  all   83.44    0.00   13.43    0.00    0.00    0.13    0.00    0.00    3.01
平均时间:  all   83.44    0.00   13.43    0.00    0.00    0.13    0.00    0.00    3.01

Linux 2.6.32-431.el6.x86_64 (slave2) 	2019年07月25日 	_x86_64_	(8 CPU)

23时45分20秒  CPU    %usr   %nice    %sys %iowait    %irq   %soft  %steal  %guest   %idle
23时45分21秒  all   68.95    0.00    4.82    0.00    0.00    0.00    0.00    0.00   26.24
平均时间:  all   68.95    0.00    4.82    0.00    0.00    0.00    0.00    0.00   26.24

Linux 2.6.32-431.el6.x86_64 (slave2) 	2019年07月25日 	_x86_64_	(8 CPU)

23时45分24秒  CPU    %usr   %nice    %sys %iowait    %irq   %soft  %steal  %guest   %idle
23时45分25秒  all   36.86    0.00    4.21    0.00    0.13    0.00    0.00    0.00   58.80
平均时间:  all   36.86    0.00    4.21    0.00    0.13    0.00    0.00    0.00   58.80

Linux 2.6.32-431.el6.x86_64 (slave2) 	2019年07月25日 	_x86_64_	(8 CPU)

23时45分28秒  CPU    %usr   %nice    %sys %iowait    %irq   %soft  %steal  %guest   %idle
23时45分29秒  all   43.73    0.00    8.57    0.00    0.00    2.17    0.00    0.00   45.52
平均时间:  all   43.73    0.00    8.57    0.00    0.00    2.17    0.00    0.00   45.52

Linux 2.6.32-431.el6.x86_64 (slave2) 	2019年07月25日 	_x86_64_	(8 CPU)

23时45分32秒  CPU    %usr   %nice    %sys %iowait    %irq   %soft  %steal  %guest   %idle
23时45分33秒  all   86.09    0.00   11.03    0.00    0.13    0.00    0.00    0.00    2.76
平均时间:  all   86.09    0.00   11.03    0.00    0.13    0.00    0.00    0.00    2.76

Linux 2.6.32-431.el6.x86_64 (slave2) 	2019年07月25日 	_x86_64_	(8 CPU)

23时45分36秒  CPU    %usr   %nice    %sys %iowait    %irq   %soft  %steal  %guest   %idle
23时45分37秒  all   76.71    0.00    8.48    0.00    0.00    0.00    0.00    0.00   14.81
平均时间:  all   76.71    0.00    8.48    0.00    0.00    0.00    0.00    0.00   14.81

Linux 2.6.32-431.el6.x86_64 (slave2) 	2019年07月25日 	_x86_64_	(8 CPU)

23时45分40秒  CPU    %usr   %nice    %sys %iowait    %irq   %soft  %steal  %guest   %idle
23时45分41秒  all   84.01    0.00   11.08    0.00    0.00    0.25    0.00    0.00    4.66
平均时间:  all   84.01    0.00   11.08    0.00    0.00    0.25    0.00    0.00    4.66

Linux 2.6.32-431.el6.x86_64 (slave2) 	2019年07月25日 	_x86_64_	(8 CPU)

23时45分44秒  CPU    %usr   %nice    %sys %iowait    %irq   %soft  %steal  %guest   %idle
23时45分45秒  all   84.65    0.00   10.69    0.00    0.00    0.50    0.00    0.00    4.15
平均时间:  all   84.65    0.00   10.69    0.00    0.00    0.50    0.00    0.00    4.15

Linux 2.6.32-431.el6.x86_64 (slave2) 	2019年07月25日 	_x86_64_	(8 CPU)

23时45分48秒  CPU    %usr   %nice    %sys %iowait    %irq   %soft  %steal  %guest   %idle
23时45分49秒  all   85.46    0.00    7.77    0.00    0.00    0.63    0.00    0.00    6.14
平均时间:  all   85.46    0.00    7.77    0.00    0.00    0.63    0.00    0.00    6.14

Linux 2.6.32-431.el6.x86_64 (slave2) 	2019年07月25日 	_x86_64_	(8 CPU)

23时45分52秒  CPU    %usr   %nice    %sys %iowait    %irq   %soft  %steal  %guest   %idle
23时45分53秒  all   91.74    0.00    5.26    0.00    0.00    0.38    0.00    0.00    2.63
平均时间:  all   91.74    0.00    5.26    0.00    0.00    0.38    0.00    0.00    2.63

Linux 2.6.32-431.el6.x86_64 (slave2) 	2019年07月25日 	_x86_64_	(8 CPU)

23时45分56秒  CPU    %usr   %nice    %sys %iowait    %irq   %soft  %steal  %guest   %idle
23时45分57秒  all   86.16    0.00    7.04    0.00    0.00    0.38    0.00    0.00    6.42
平均时间:  all   86.16    0.00    7.04    0.00    0.00    0.38    0.00    0.00    6.42

Linux 2.6.32-431.el6.x86_64 (slave2) 	2019年07月25日 	_x86_64_	(8 CPU)

23时46分00秒  CPU    %usr   %nice    %sys %iowait    %irq   %soft  %steal  %guest   %idle
23时46分01秒  all   56.01    0.00    6.39    0.00    0.00    5.50    0.00    0.00   32.10
平均时间:  all   56.01    0.00    6.39    0.00    0.00    5.50    0.00    0.00   32.10

Linux 2.6.32-431.el6.x86_64 (slave2) 	2019年07月25日 	_x86_64_	(8 CPU)

23时46分04秒  CPU    %usr   %nice    %sys %iowait    %irq   %soft  %steal  %guest   %idle
23时46分05秒  all   59.82    0.00    3.27    0.00    0.00    1.26    0.00    0.00   35.64
平均时间:  all   59.82    0.00    3.27    0.00    0.00    1.26    0.00    0.00   35.64

Linux 2.6.32-431.el6.x86_64 (slave2) 	2019年07月25日 	_x86_64_	(8 CPU)

23时46分08秒  CPU    %usr   %nice    %sys %iowait    %irq   %soft  %steal  %guest   %idle
23时46分09秒  all   62.20    0.00    3.07    0.00    0.00    1.02    0.00    0.00   33.72
平均时间:  all   62.20    0.00    3.07    0.00    0.00    1.02    0.00    0.00   33.72

Linux 2.6.32-431.el6.x86_64 (slave2) 	2019年07月25日 	_x86_64_	(8 CPU)

23时46分12秒  CPU    %usr   %nice    %sys %iowait    %irq   %soft  %steal  %guest   %idle
23时46分13秒  all   59.50    0.00    6.04    0.00    0.00    1.01    0.00    0.00   33.46
平均时间:  all   59.50    0.00    6.04    0.00    0.00    1.01    0.00    0.00   33.46

Linux 2.6.32-431.el6.x86_64 (slave2) 	2019年07月25日 	_x86_64_	(8 CPU)

23时46分16秒  CPU    %usr   %nice    %sys %iowait    %irq   %soft  %steal  %guest   %idle
23时46分17秒  all   59.32    0.00    1.64    0.00    0.00    1.76    0.00    0.00   37.28
平均时间:  all   59.32    0.00    1.64    0.00    0.00    1.76    0.00    0.00   37.28

Linux 2.6.32-431.el6.x86_64 (slave2) 	2019年07月25日 	_x86_64_	(8 CPU)

23时46分20秒  CPU    %usr   %nice    %sys %iowait    %irq   %soft  %steal  %guest   %idle
23时46分21秒  all   95.61    0.00    3.01    0.00    0.00    0.25    0.00    0.00    1.13
平均时间:  all   95.61    0.00    3.01    0.00    0.00    0.25    0.00    0.00    1.13

Linux 2.6.32-431.el6.x86_64 (slave2) 	2019年07月25日 	_x86_64_	(8 CPU)

23时46分24秒  CPU    %usr   %nice    %sys %iowait    %irq   %soft  %steal  %guest   %idle
23时46分25秒  all   80.86    0.00    9.76    0.00    0.13    1.27    0.00    0.00    7.98
平均时间:  all   80.86    0.00    9.76    0.00    0.13    1.27    0.00    0.00    7.98

Linux 2.6.32-431.el6.x86_64 (slave2) 	2019年07月25日 	_x86_64_	(8 CPU)

23时46分28秒  CPU    %usr   %nice    %sys %iowait    %irq   %soft  %steal  %guest   %idle
23时46分29秒  all    5.20    0.00    5.08    0.00    0.00    0.13    0.00    0.00   89.59
平均时间:  all    5.20    0.00    5.08    0.00    0.00    0.13    0.00    0.00   89.59

Linux 2.6.32-431.el6.x86_64 (slave2) 	2019年07月25日 	_x86_64_	(8 CPU)

23时46分32秒  CPU    %usr   %nice    %sys %iowait    %irq   %soft  %steal  %guest   %idle
23时46分33秒  all    0.38    0.00    0.25    0.00    0.00    0.00    0.00    0.00   99.37
平均时间:  all    0.38    0.00    0.25    0.00    0.00    0.00    0.00    0.00   99.37

Linux 2.6.32-431.el6.x86_64 (slave2) 	2019年07月25日 	_x86_64_	(8 CPU)

23时46分36秒  CPU    %usr   %nice    %sys %iowait    %irq   %soft  %steal  %guest   %idle
23时46分37秒  all    0.00    0.00    0.00    0.00    0.00    0.00    0.00    0.00  100.00
平均时间:  all    0.00    0.00    0.00    0.00    0.00    0.00    0.00    0.00  100.00

Linux 2.6.32-431.el6.x86_64 (slave2) 	2019年07月25日 	_x86_64_	(8 CPU)

23时46分40秒  CPU    %usr   %nice    %sys %iowait    %irq   %soft  %steal  %guest   %idle
23时46分41秒  all    0.13    0.00    0.00    0.00    0.00    0.00    0.00    0.00   99.87
平均时间:  all    0.13    0.00    0.00    0.00    0.00    0.00    0.00    0.00   99.87

Linux 2.6.32-431.el6.x86_64 (slave2) 	2019年07月25日 	_x86_64_	(8 CPU)
