
2019年 07月 25日 星期四 23:30:41 CST
             total       used       free     shared    buffers     cached
Mem:         15945       9361       6583          0         89       7292
-/+ buffers/cache:       1980      13965
Swap:         8039          0       8039

2019年 07月 25日 星期四 23:30:45 CST
             total       used       free     shared    buffers     cached
Mem:         15945       9362       6583          0         89       7292
-/+ buffers/cache:       1980      13965
Swap:         8039          0       8039

2019年 07月 25日 星期四 23:30:49 CST
             total       used       free     shared    buffers     cached
Mem:         15945       9362       6582          0         89       7292
-/+ buffers/cache:       1980      13964
Swap:         8039          0       8039

2019年 07月 25日 星期四 23:30:53 CST
             total       used       free     shared    buffers     cached
Mem:         15945       9362       6582          0         89       7292
-/+ buffers/cache:       1980      13964
Swap:         8039          0       8039

2019年 07月 25日 星期四 23:30:57 CST
             total       used       free     shared    buffers     cached
Mem:         15945       9362       6582          0         89       7292
-/+ buffers/cache:       1980      13964
Swap:         8039          0       8039

2019年 07月 25日 星期四 23:31:01 CST
             total       used       free     shared    buffers     cached
Mem:         15945       9475       6470          0         89       7403
-/+ buffers/cache:       1981      13964
Swap:         8039          0       8039

2019年 07月 25日 星期四 23:31:05 CST
             total       used       free     shared    buffers     cached
Mem:         15945       9827       6118          0         89       7681
-/+ buffers/cache:       2055      13889
Swap:         8039          0       8039

2019年 07月 25日 星期四 23:31:09 CST
             total       used       free     shared    buffers     cached
Mem:         15945      10474       5470          0         89       7979
-/+ buffers/cache:       2405      13540
Swap:         8039          0       8039

2019年 07月 25日 星期四 23:31:13 CST
             total       used       free     shared    buffers     cached
Mem:         15945      11116       4829          0         89       8234
-/+ buffers/cache:       2792      13153
Swap:         8039          0       8039

2019年 07月 25日 星期四 23:31:17 CST
             total       used       free     shared    buffers     cached
Mem:         15945      11698       4247          0         89       8479
-/+ buffers/cache:       3129      12816
Swap:         8039          0       8039

2019年 07月 25日 星期四 23:31:21 CST
             total       used       free     shared    buffers     cached
Mem:         15945      12273       3672          0         89       8724
-/+ buffers/cache:       3458      12486
Swap:         8039          0       8039

2019年 07月 25日 星期四 23:31:25 CST
             total       used       free     shared    buffers     cached
Mem:         15945      12874       3070          0         89       9061
-/+ buffers/cache:       3723      12222
Swap:         8039          0       8039

2019年 07月 25日 星期四 23:31:29 CST
             total       used       free     shared    buffers     cached
Mem:         15945      13383       2561          0         89       9209
-/+ buffers/cache:       4084      11861
Swap:         8039          0       8039

2019年 07月 25日 星期四 23:31:33 CST
             total       used       free     shared    buffers     cached
Mem:         15945      13904       2041          0         89       9211
-/+ buffers/cache:       4603      11342
Swap:         8039          0       8039

2019年 07月 25日 星期四 23:31:37 CST
             total       used       free     shared    buffers     cached
Mem:         15945      14331       1614          0         89       9213
-/+ buffers/cache:       5028      10916
Swap:         8039          0       8039

2019年 07月 25日 星期四 23:31:41 CST
             total       used       free     shared    buffers     cached
Mem:         15945      14641       1304          0         89       9214
-/+ buffers/cache:       5337      10608
Swap:         8039          0       8039

2019年 07月 25日 星期四 23:31:45 CST
             total       used       free     shared    buffers     cached
Mem:         15945      14220       1724          0         89       9214
-/+ buffers/cache:       4916      11028
Swap:         8039          0       8039

2019年 07月 25日 星期四 23:31:49 CST
             total       used       free     shared    buffers     cached
Mem:         15945      13982       1962          0         89       9213
-/+ buffers/cache:       4679      11266
Swap:         8039          0       8039

2019年 07月 25日 星期四 23:31:53 CST
             total       used       free     shared    buffers     cached
Mem:         15945      14639       1305          0         89       9341
-/+ buffers/cache:       5207      10737
Swap:         8039          0       8039

2019年 07月 25日 星期四 23:31:57 CST
             total       used       free     shared    buffers     cached
Mem:         15945      14291       1654          0         89       9342
-/+ buffers/cache:       4858      11086
Swap:         8039          0       8039

2019年 07月 25日 星期四 23:32:01 CST
             total       used       free     shared    buffers     cached
Mem:         15945      14343       1601          0         89       8988
-/+ buffers/cache:       5265      10680
Swap:         8039          0       8039

2019年 07月 25日 星期四 23:32:05 CST
             total       used       free     shared    buffers     cached
Mem:         15945      14726       1219          0         89       8988
-/+ buffers/cache:       5647      10297
Swap:         8039          0       8039

2019年 07月 25日 星期四 23:32:09 CST
             total       used       free     shared    buffers     cached
Mem:         15945      14505       1440          0         89       8990
-/+ buffers/cache:       5425      10520
Swap:         8039          0       8039

2019年 07月 25日 星期四 23:32:13 CST
             total       used       free     shared    buffers     cached
Mem:         15945      13665       2280          0         89       8784
-/+ buffers/cache:       4790      11155
Swap:         8039          0       8039

2019年 07月 25日 星期四 23:32:17 CST
             total       used       free     shared    buffers     cached
Mem:         15945      13993       1952          0         89       8785
-/+ buffers/cache:       5117      10827
Swap:         8039          0       8039

2019年 07月 25日 星期四 23:32:21 CST
             total       used       free     shared    buffers     cached
Mem:         15945      12805       3139          0         89       8898
-/+ buffers/cache:       3816      12128
Swap:         8039          0       8039

2019年 07月 25日 星期四 23:32:25 CST
             total       used       free     shared    buffers     cached
Mem:         15945      13549       2396          0         89       9328
-/+ buffers/cache:       4131      11814
Swap:         8039          0       8039

2019年 07月 25日 星期四 23:32:29 CST
             total       used       free     shared    buffers     cached
Mem:         15945      13815       2129          0         89       9151
-/+ buffers/cache:       4574      11371
Swap:         8039          0       8039

2019年 07月 25日 星期四 23:32:33 CST
             total       used       free     shared    buffers     cached
Mem:         15945      14249       1696          0         89       9152
-/+ buffers/cache:       5007      10938
Swap:         8039          0       8039

2019年 07月 25日 星期四 23:32:37 CST
             total       used       free     shared    buffers     cached
Mem:         15945      14160       1784          0         89       9152
-/+ buffers/cache:       4917      11027
Swap:         8039          0       8039

2019年 07月 25日 星期四 23:32:41 CST
             total       used       free     shared    buffers     cached
Mem:         15945      14688       1257          0         89       9166
-/+ buffers/cache:       5431      10514
Swap:         8039          0       8039

2019年 07月 25日 星期四 23:32:45 CST
             total       used       free     shared    buffers     cached
Mem:         15945      13698       2246          0         89       9157
-/+ buffers/cache:       4451      11493
Swap:         8039          0       8039

2019年 07月 25日 星期四 23:32:49 CST
             total       used       free     shared    buffers     cached
Mem:         15945      14054       1891          0         89       8974
-/+ buffers/cache:       4990      10955
Swap:         8039          0       8039

2019年 07月 25日 星期四 23:32:53 CST
             total       used       free     shared    buffers     cached
Mem:         15945      13187       2757          0         89       8973
-/+ buffers/cache:       4124      11820
Swap:         8039          0       8039

2019年 07月 25日 星期四 23:32:57 CST
             total       used       free     shared    buffers     cached
Mem:         15945      13585       2360          0         89       8813
-/+ buffers/cache:       4681      11263
Swap:         8039          0       8039

2019年 07月 25日 星期四 23:33:01 CST
             total       used       free     shared    buffers     cached
Mem:         15945      13918       2027          0         89       8810
-/+ buffers/cache:       5018      10927
Swap:         8039          0       8039

2019年 07月 25日 星期四 23:33:05 CST
             total       used       free     shared    buffers     cached
Mem:         15945      14238       1706          0         89       9019
-/+ buffers/cache:       5129      10816
Swap:         8039          0       8039

2019年 07月 25日 星期四 23:33:09 CST
             total       used       free     shared    buffers     cached
Mem:         15945      14771       1173          0         89       9382
-/+ buffers/cache:       5299      10646
Swap:         8039          0       8039

2019年 07月 25日 星期四 23:33:13 CST
             total       used       free     shared    buffers     cached
Mem:         15945      15361        583          0         89       9659
-/+ buffers/cache:       5612      10332
Swap:         8039          0       8039

2019年 07月 25日 星期四 23:33:17 CST
             total       used       free     shared    buffers     cached
Mem:         15945      15791        153          0         89       9874
-/+ buffers/cache:       5827      10117
Swap:         8039          0       8039

2019年 07月 25日 星期四 23:33:22 CST
             total       used       free     shared    buffers     cached
Mem:         15945      15775        169          0         89       9703
-/+ buffers/cache:       5982       9962
Swap:         8039          0       8039

2019年 07月 25日 星期四 23:33:26 CST
             total       used       free     shared    buffers     cached
Mem:         15945      15769        176          0         89       9490
-/+ buffers/cache:       6188       9756
Swap:         8039          0       8039

2019年 07月 25日 星期四 23:33:30 CST
             total       used       free     shared    buffers     cached
Mem:         15945      15763        182          0         89       9391
-/+ buffers/cache:       6282       9663
Swap:         8039          0       8039

2019年 07月 25日 星期四 23:33:34 CST
             total       used       free     shared    buffers     cached
Mem:         15945      15771        174          0         89       9176
-/+ buffers/cache:       6504       9441
Swap:         8039          0       8039

2019年 07月 25日 星期四 23:33:38 CST
             total       used       free     shared    buffers     cached
Mem:         15945      15791        153          0         89       9178
-/+ buffers/cache:       6524       9421
Swap:         8039          0       8039

2019年 07月 25日 星期四 23:33:42 CST
             total       used       free     shared    buffers     cached
Mem:         15945      14238       1706          0         89       9156
-/+ buffers/cache:       4992      10953
Swap:         8039          0       8039

2019年 07月 25日 星期四 23:33:46 CST
             total       used       free     shared    buffers     cached
Mem:         15945      14538       1407          0         89       9169
-/+ buffers/cache:       5278      10666
Swap:         8039          0       8039

2019年 07月 25日 星期四 23:33:50 CST
             total       used       free     shared    buffers     cached
Mem:         15945      15056        888          0         89       9030
-/+ buffers/cache:       5935      10009
Swap:         8039          0       8039

2019年 07月 25日 星期四 23:33:54 CST
             total       used       free     shared    buffers     cached
Mem:         15945      15782        162          0         89       9050
-/+ buffers/cache:       6642       9303
Swap:         8039          0       8039

2019年 07月 25日 星期四 23:33:58 CST
             total       used       free     shared    buffers     cached
Mem:         15945      14258       1687          0         89       9057
-/+ buffers/cache:       5111      10834
Swap:         8039          0       8039

2019年 07月 25日 星期四 23:34:02 CST
             total       used       free     shared    buffers     cached
Mem:         15945      13054       2891          0         89       9075
-/+ buffers/cache:       3888      12056
Swap:         8039          0       8039

2019年 07月 25日 星期四 23:34:06 CST
             total       used       free     shared    buffers     cached
Mem:         15945      13451       2493          0         89       9033
-/+ buffers/cache:       4328      11617
Swap:         8039          0       8039

2019年 07月 25日 星期四 23:34:10 CST
             total       used       free     shared    buffers     cached
Mem:         15945      13188       2757          0         89       9033
-/+ buffers/cache:       4065      11880
Swap:         8039          0       8039

2019年 07月 25日 星期四 23:34:14 CST
             total       used       free     shared    buffers     cached
Mem:         15945      13471       2474          0         89       9034
-/+ buffers/cache:       4347      11598
Swap:         8039          0       8039

2019年 07月 25日 星期四 23:34:18 CST
             total       used       free     shared    buffers     cached
Mem:         15945      14049       1895          0         89       9035
-/+ buffers/cache:       4924      11020
Swap:         8039          0       8039

2019年 07月 25日 星期四 23:34:22 CST
             total       used       free     shared    buffers     cached
Mem:         15945      14633       1312          0         89       9036
-/+ buffers/cache:       5506      10438
Swap:         8039          0       8039

2019年 07月 25日 星期四 23:34:26 CST
             total       used       free     shared    buffers     cached
Mem:         15945      14566       1379          0         89       9056
-/+ buffers/cache:       5419      10525
Swap:         8039          0       8039

2019年 07月 25日 星期四 23:34:30 CST
             total       used       free     shared    buffers     cached
Mem:         15945      13874       2071          0         89       9038
-/+ buffers/cache:       4745      11199
Swap:         8039          0       8039

2019年 07月 25日 星期四 23:34:34 CST
             total       used       free     shared    buffers     cached
Mem:         15945      12519       3425          0         89       8830
-/+ buffers/cache:       3599      12346
Swap:         8039          0       8039

2019年 07月 25日 星期四 23:34:38 CST
             total       used       free     shared    buffers     cached
Mem:         15945      12220       3725          0         89       9015
-/+ buffers/cache:       3114      12830
Swap:         8039          0       8039

2019年 07月 25日 星期四 23:34:42 CST
             total       used       free     shared    buffers     cached
Mem:         15945      12993       2951          0         89       9163
-/+ buffers/cache:       3740      12204
Swap:         8039          0       8039

2019年 07月 25日 星期四 23:34:46 CST
             total       used       free     shared    buffers     cached
Mem:         15945      13778       2167          0         89       8963
-/+ buffers/cache:       4724      11220
Swap:         8039          0       8039

2019年 07月 25日 星期四 23:34:50 CST
             total       used       free     shared    buffers     cached
Mem:         15945      14740       1205          0         89       8964
-/+ buffers/cache:       5685      10260
Swap:         8039          0       8039

2019年 07月 25日 星期四 23:34:54 CST
             total       used       free     shared    buffers     cached
Mem:         15945      12888       3057          0         89       8961
-/+ buffers/cache:       3836      12108
Swap:         8039          0       8039

2019年 07月 25日 星期四 23:34:58 CST
             total       used       free     shared    buffers     cached
Mem:         15945      11940       4004          0         89       8783
-/+ buffers/cache:       3067      12878
Swap:         8039          0       8039

2019年 07月 25日 星期四 23:35:02 CST
             total       used       free     shared    buffers     cached
Mem:         15945      12277       3667          0         89       8844
-/+ buffers/cache:       3343      12601
Swap:         8039          0       8039

2019年 07月 25日 星期四 23:35:06 CST
             total       used       free     shared    buffers     cached
Mem:         15945      13141       2803          0         89       9215
-/+ buffers/cache:       3836      12109
Swap:         8039          0       8039

2019年 07月 25日 星期四 23:35:10 CST
             total       used       free     shared    buffers     cached
Mem:         15945      13963       1981          0         89       9471
-/+ buffers/cache:       4401      11543
Swap:         8039          0       8039

2019年 07月 25日 星期四 23:35:14 CST
             total       used       free     shared    buffers     cached
Mem:         15945      14525       1419          0         89       9733
-/+ buffers/cache:       4702      11242
Swap:         8039          0       8039

2019年 07月 25日 星期四 23:35:18 CST
             total       used       free     shared    buffers     cached
Mem:         15945      15533        411          0         89      10087
-/+ buffers/cache:       5356      10589
Swap:         8039          0       8039

2019年 07月 25日 星期四 23:35:22 CST
             total       used       free     shared    buffers     cached
Mem:         15945      15783        161          0         89       9689
-/+ buffers/cache:       6004       9940
Swap:         8039          0       8039

2019年 07月 25日 星期四 23:35:26 CST
             total       used       free     shared    buffers     cached
Mem:         15945      15772        172          0         89       9549
-/+ buffers/cache:       6133       9812
Swap:         8039          0       8039

2019年 07月 25日 星期四 23:35:31 CST
             total       used       free     shared    buffers     cached
Mem:         15945      15783        162          0         89       8908
-/+ buffers/cache:       6784       9160
Swap:         8039          0       8039

2019年 07月 25日 星期四 23:35:35 CST
             total       used       free     shared    buffers     cached
Mem:         15945      15782        162          0         89       8681
-/+ buffers/cache:       7011       8934
Swap:         8039          0       8039

2019年 07月 25日 星期四 23:35:39 CST
             total       used       free     shared    buffers     cached
Mem:         15945      15776        168          0         89       8527
-/+ buffers/cache:       7159       8785
Swap:         8039          0       8039

2019年 07月 25日 星期四 23:35:43 CST
             total       used       free     shared    buffers     cached
Mem:         15945      15781        164          0         89       8417
-/+ buffers/cache:       7274       8671
Swap:         8039          0       8039

2019年 07月 25日 星期四 23:35:47 CST
             total       used       free     shared    buffers     cached
Mem:         15945      14315       1630          0         89       8302
-/+ buffers/cache:       5922      10022
Swap:         8039          0       8039

2019年 07月 25日 星期四 23:35:51 CST
             total       used       free     shared    buffers     cached
Mem:         15945      14265       1680          0         89       8148
-/+ buffers/cache:       6027       9918
Swap:         8039          0       8039

2019年 07月 25日 星期四 23:35:55 CST
             total       used       free     shared    buffers     cached
Mem:         15945      14373       1571          0         89       8161
-/+ buffers/cache:       6122       9822
Swap:         8039          0       8039

2019年 07月 25日 星期四 23:35:59 CST
             total       used       free     shared    buffers     cached
Mem:         15945      14461       1483          0         89       8176
-/+ buffers/cache:       6196       9749
Swap:         8039          0       8039

2019年 07月 25日 星期四 23:36:03 CST
             total       used       free     shared    buffers     cached
Mem:         15945      14747       1197          0         89       8243
-/+ buffers/cache:       6414       9530
Swap:         8039          0       8039

2019年 07月 25日 星期四 23:36:07 CST
             total       used       free     shared    buffers     cached
Mem:         15945      15116        828          0         89       8314
-/+ buffers/cache:       6712       9232
Swap:         8039          0       8039

2019年 07月 25日 星期四 23:36:11 CST
             total       used       free     shared    buffers     cached
Mem:         15945      13341       2604          0         89       8234
-/+ buffers/cache:       5016      10928
Swap:         8039          0       8039

2019年 07月 25日 星期四 23:36:15 CST
             total       used       free     shared    buffers     cached
Mem:         15945      11531       4414          0         89       8498
-/+ buffers/cache:       2942      13002
Swap:         8039          0       8039

2019年 07月 25日 星期四 23:36:19 CST
             total       used       free     shared    buffers     cached
Mem:         15945      11827       4117          0         89       8885
-/+ buffers/cache:       2852      13093
Swap:         8039          0       8039

2019年 07月 25日 星期四 23:36:23 CST
             total       used       free     shared    buffers     cached
Mem:         15945      12459       3486          0         89       8985
-/+ buffers/cache:       3383      12561
Swap:         8039          0       8039

2019年 07月 25日 星期四 23:36:27 CST
             total       used       free     shared    buffers     cached
Mem:         15945      12994       2951          0         89       8985
-/+ buffers/cache:       3918      12026
Swap:         8039          0       8039

2019年 07月 25日 星期四 23:36:31 CST
             total       used       free     shared    buffers     cached
Mem:         15945      13396       2549          0         89       8986
-/+ buffers/cache:       4320      11625
Swap:         8039          0       8039

2019年 07月 25日 星期四 23:36:35 CST
             total       used       free     shared    buffers     cached
Mem:         15945      13373       2572          0         89       8986
-/+ buffers/cache:       4297      11648
Swap:         8039          0       8039

2019年 07月 25日 星期四 23:36:39 CST
             total       used       free     shared    buffers     cached
Mem:         15945      13533       2411          0         89       8967
-/+ buffers/cache:       4476      11469
Swap:         8039          0       8039

2019年 07月 25日 星期四 23:36:43 CST
             total       used       free     shared    buffers     cached
Mem:         15945      13607       2338          0         89       8967
-/+ buffers/cache:       4549      11395
Swap:         8039          0       8039

2019年 07月 25日 星期四 23:36:47 CST
             total       used       free     shared    buffers     cached
Mem:         15945      13963       1981          0         89       8967
-/+ buffers/cache:       4906      11039
Swap:         8039          0       8039

2019年 07月 25日 星期四 23:36:51 CST
             total       used       free     shared    buffers     cached
Mem:         15945      14283       1662          0         89       8970
-/+ buffers/cache:       5222      10722
Swap:         8039          0       8039

2019年 07月 25日 星期四 23:36:55 CST
             total       used       free     shared    buffers     cached
Mem:         15945      12832       3113          0         89       8968
-/+ buffers/cache:       3773      12171
Swap:         8039          0       8039

2019年 07月 25日 星期四 23:36:59 CST
             total       used       free     shared    buffers     cached
Mem:         15945      12690       3255          0         89       8604
-/+ buffers/cache:       3996      11949
Swap:         8039          0       8039

2019年 07月 25日 星期四 23:37:03 CST
             total       used       free     shared    buffers     cached
Mem:         15945      13177       2768          0         89       8779
-/+ buffers/cache:       4307      11637
Swap:         8039          0       8039

2019年 07月 25日 星期四 23:37:07 CST
             total       used       free     shared    buffers     cached
Mem:         15945      13790       2154          0         89       8837
-/+ buffers/cache:       4863      11082
Swap:         8039          0       8039

2019年 07月 25日 星期四 23:37:11 CST
             total       used       free     shared    buffers     cached
Mem:         15945      14794       1151          0         89       9089
-/+ buffers/cache:       5614      10330
Swap:         8039          0       8039

2019年 07月 25日 星期四 23:37:15 CST
             total       used       free     shared    buffers     cached
Mem:         15945      15299        646          0         89       9352
-/+ buffers/cache:       5857      10088
Swap:         8039          0       8039

2019年 07月 25日 星期四 23:37:19 CST
             total       used       free     shared    buffers     cached
Mem:         15945      15776        168          0         89       9388
-/+ buffers/cache:       6298       9646
Swap:         8039          0       8039

2019年 07月 25日 星期四 23:37:23 CST
             total       used       free     shared    buffers     cached
Mem:         15945      14074       1870          0         89       9455
-/+ buffers/cache:       4529      11415
Swap:         8039          0       8039

2019年 07月 25日 星期四 23:37:27 CST
             total       used       free     shared    buffers     cached
Mem:         15945      14431       1514          0         89       9399
-/+ buffers/cache:       4941      11003
Swap:         8039          0       8039

2019年 07月 25日 星期四 23:37:31 CST
             total       used       free     shared    buffers     cached
Mem:         15945      15617        328          0         89       9453
-/+ buffers/cache:       6074       9871
Swap:         8039          0       8039

2019年 07月 25日 星期四 23:37:36 CST
             total       used       free     shared    buffers     cached
Mem:         15945      15783        161          0         89       8971
-/+ buffers/cache:       6722       9222
Swap:         8039          0       8039

2019年 07月 25日 星期四 23:37:40 CST
             total       used       free     shared    buffers     cached
Mem:         15945      15777        167          0         89       8847
-/+ buffers/cache:       6840       9104
Swap:         8039          0       8039

2019年 07月 25日 星期四 23:37:44 CST
             total       used       free     shared    buffers     cached
Mem:         15945      15792        153          0         89       8802
-/+ buffers/cache:       6900       9045
Swap:         8039          0       8039

2019年 07月 25日 星期四 23:37:48 CST
             total       used       free     shared    buffers     cached
Mem:         15945      15788        157          0         89       8702
-/+ buffers/cache:       6996       8949
Swap:         8039          0       8039

2019年 07月 25日 星期四 23:37:52 CST
             total       used       free     shared    buffers     cached
Mem:         15945      15791        153          0         89       8610
-/+ buffers/cache:       7091       8854
Swap:         8039          0       8039

2019年 07月 25日 星期四 23:37:56 CST
             total       used       free     shared    buffers     cached
Mem:         15945      15765        179          0         89       8498
-/+ buffers/cache:       7177       8767
Swap:         8039          0       8039

2019年 07月 25日 星期四 23:38:00 CST
             total       used       free     shared    buffers     cached
Mem:         15945      14454       1491          0         89       8431
-/+ buffers/cache:       5933      10012
Swap:         8039          0       8039

2019年 07月 25日 星期四 23:38:04 CST
             total       used       free     shared    buffers     cached
Mem:         15945      13671       2274          0         89       8369
-/+ buffers/cache:       5212      10732
Swap:         8039          0       8039

2019年 07月 25日 星期四 23:38:08 CST
             total       used       free     shared    buffers     cached
Mem:         15945      14460       1484          0         89       8512
-/+ buffers/cache:       5859      10086
Swap:         8039          0       8039

2019年 07月 25日 星期四 23:38:12 CST
             total       used       free     shared    buffers     cached
Mem:         15945      12447       3498          0         89       8374
-/+ buffers/cache:       3984      11961
Swap:         8039          0       8039

2019年 07月 25日 星期四 23:38:16 CST
             total       used       free     shared    buffers     cached
Mem:         15945      13269       2676          0         89       8745
-/+ buffers/cache:       4434      11511
Swap:         8039          0       8039

2019年 07月 25日 星期四 23:38:20 CST
             total       used       free     shared    buffers     cached
Mem:         15945      13730       2214          0         89       8801
-/+ buffers/cache:       4839      11105
Swap:         8039          0       8039

2019年 07月 25日 星期四 23:38:24 CST
             total       used       free     shared    buffers     cached
Mem:         15945      14262       1682          0         89       8852
-/+ buffers/cache:       5321      10623
Swap:         8039          0       8039

2019年 07月 25日 星期四 23:38:28 CST
             total       used       free     shared    buffers     cached
Mem:         15945      14749       1195          0         89       8889
-/+ buffers/cache:       5771      10174
Swap:         8039          0       8039

2019年 07月 25日 星期四 23:38:32 CST
             total       used       free     shared    buffers     cached
Mem:         15945      15135        809          0         89       8940
-/+ buffers/cache:       6105       9840
Swap:         8039          0       8039

2019年 07月 25日 星期四 23:38:36 CST
             total       used       free     shared    buffers     cached
Mem:         15945      14701       1244          0         89       9002
-/+ buffers/cache:       5609      10335
Swap:         8039          0       8039

2019年 07月 25日 星期四 23:38:40 CST
             total       used       free     shared    buffers     cached
Mem:         15945      15023        922          0         89       9063
-/+ buffers/cache:       5870      10074
Swap:         8039          0       8039

2019年 07月 25日 星期四 23:38:44 CST
             total       used       free     shared    buffers     cached
Mem:         15945      15288        657          0         89       9117
-/+ buffers/cache:       6081       9863
Swap:         8039          0       8039

2019年 07月 25日 星期四 23:38:48 CST
             total       used       free     shared    buffers     cached
Mem:         15945      14905       1040          0         89       9170
-/+ buffers/cache:       5645      10300
Swap:         8039          0       8039

2019年 07月 25日 星期四 23:38:52 CST
             total       used       free     shared    buffers     cached
Mem:         15945      13974       1970          0         89       9188
-/+ buffers/cache:       4697      11248
Swap:         8039          0       8039

2019年 07月 25日 星期四 23:38:56 CST
             total       used       free     shared    buffers     cached
Mem:         15945      14387       1557          0         89       9397
-/+ buffers/cache:       4900      11044
Swap:         8039          0       8039

2019年 07月 25日 星期四 23:39:00 CST
             total       used       free     shared    buffers     cached
Mem:         15945      13961       1983          0         89       9508
-/+ buffers/cache:       4363      11581
Swap:         8039          0       8039

2019年 07月 25日 星期四 23:39:04 CST
             total       used       free     shared    buffers     cached
Mem:         15945      13725       2220          0         89       9598
-/+ buffers/cache:       4038      11907
Swap:         8039          0       8039

2019年 07月 25日 星期四 23:39:08 CST
             total       used       free     shared    buffers     cached
Mem:         15945      14013       1931          0         89       9685
-/+ buffers/cache:       4238      11706
Swap:         8039          0       8039

2019年 07月 25日 星期四 23:39:12 CST
             total       used       free     shared    buffers     cached
Mem:         15945      14531       1414          0         89       9948
-/+ buffers/cache:       4493      11452
Swap:         8039          0       8039

2019年 07月 25日 星期四 23:39:16 CST
             total       used       free     shared    buffers     cached
Mem:         15945      12980       2965          0         89       9824
-/+ buffers/cache:       3066      12879
Swap:         8039          0       8039

2019年 07月 25日 星期四 23:39:20 CST
             total       used       free     shared    buffers     cached
Mem:         15945      13681       2264          0         89      10097
-/+ buffers/cache:       3495      12450
Swap:         8039          0       8039

2019年 07月 25日 星期四 23:39:24 CST
             total       used       free     shared    buffers     cached
Mem:         15945      14426       1519          0         89      10366
-/+ buffers/cache:       3969      11975
Swap:         8039          0       8039

2019年 07月 25日 星期四 23:39:29 CST
             total       used       free     shared    buffers     cached
Mem:         15945      15340        605          0         89      10588
-/+ buffers/cache:       4662      11282
Swap:         8039          0       8039

2019年 07月 25日 星期四 23:39:33 CST
             total       used       free     shared    buffers     cached
Mem:         15945      15772        172          0         89      10589
-/+ buffers/cache:       5093      10852
Swap:         8039          0       8039

2019年 07月 25日 星期四 23:39:37 CST
             total       used       free     shared    buffers     cached
Mem:         15945      15779        165          0         89       9859
-/+ buffers/cache:       5830      10114
Swap:         8039          0       8039

2019年 07月 25日 星期四 23:39:41 CST
             total       used       free     shared    buffers     cached
Mem:         15945      13473       2472          0         89       9800
-/+ buffers/cache:       3583      12361
Swap:         8039          0       8039

2019年 07月 25日 星期四 23:39:45 CST
             total       used       free     shared    buffers     cached
Mem:         15945      14480       1464          0         89       9802
-/+ buffers/cache:       4589      11356
Swap:         8039          0       8039

2019年 07月 25日 星期四 23:39:49 CST
             total       used       free     shared    buffers     cached
Mem:         15945      15316        629          0         89       9803
-/+ buffers/cache:       5423      10521
Swap:         8039          0       8039

2019年 07月 25日 星期四 23:39:53 CST
             total       used       free     shared    buffers     cached
Mem:         15945      13936       2009          0         89       9630
-/+ buffers/cache:       4217      11728
Swap:         8039          0       8039

2019年 07月 25日 星期四 23:39:57 CST
             total       used       free     shared    buffers     cached
Mem:         15945      14608       1336          0         89      10017
-/+ buffers/cache:       4502      11443
Swap:         8039          0       8039

2019年 07月 25日 星期四 23:40:01 CST
             total       used       free     shared    buffers     cached
Mem:         15945      15178        767          0         89      10029
-/+ buffers/cache:       5059      10886
Swap:         8039          0       8039

2019年 07月 25日 星期四 23:40:05 CST
             total       used       free     shared    buffers     cached
Mem:         15945      15782        163          0         89       9921
-/+ buffers/cache:       5771      10174
Swap:         8039          0       8039

2019年 07月 25日 星期四 23:40:09 CST
             total       used       free     shared    buffers     cached
Mem:         15945      15770        174          0         89       9392
-/+ buffers/cache:       6288       9656
Swap:         8039          0       8039

2019年 07月 25日 星期四 23:40:13 CST
             total       used       free     shared    buffers     cached
Mem:         15945      15794        151          0         89       9214
-/+ buffers/cache:       6490       9454
Swap:         8039          0       8039

2019年 07月 25日 星期四 23:40:17 CST
             total       used       free     shared    buffers     cached
Mem:         15945      15780        164          0         89       9061
-/+ buffers/cache:       6629       9315
Swap:         8039          0       8039

2019年 07月 25日 星期四 23:40:21 CST
             total       used       free     shared    buffers     cached
Mem:         15945      15791        154          0         89       8986
-/+ buffers/cache:       6715       9229
Swap:         8039          0       8039

2019年 07月 25日 星期四 23:40:25 CST
             total       used       free     shared    buffers     cached
Mem:         15945      15781        164          0         89       8837
-/+ buffers/cache:       6854       9090
Swap:         8039          0       8039

2019年 07月 25日 星期四 23:40:29 CST
             total       used       free     shared    buffers     cached
Mem:         15945      15781        164          0         89       8703
-/+ buffers/cache:       6988       8956
Swap:         8039          0       8039

2019年 07月 25日 星期四 23:40:33 CST
             total       used       free     shared    buffers     cached
Mem:         15945      13569       2375          0         89       8688
-/+ buffers/cache:       4792      11153
Swap:         8039          0       8039

2019年 07月 25日 星期四 23:40:37 CST
             total       used       free     shared    buffers     cached
Mem:         15945      13875       2070          0         89       8596
-/+ buffers/cache:       5189      10755
Swap:         8039          0       8039

2019年 07月 25日 星期四 23:40:41 CST
             total       used       free     shared    buffers     cached
Mem:         15945      14409       1536          0         89       8606
-/+ buffers/cache:       5713      10232
Swap:         8039          0       8039

2019年 07月 25日 星期四 23:40:45 CST
             total       used       free     shared    buffers     cached
Mem:         15945      14152       1792          0         89       8623
-/+ buffers/cache:       5439      10505
Swap:         8039          0       8039

2019年 07月 25日 星期四 23:40:49 CST
             total       used       free     shared    buffers     cached
Mem:         15945      13860       2084          0         89       8503
-/+ buffers/cache:       5267      10677
Swap:         8039          0       8039

2019年 07月 25日 星期四 23:40:53 CST
             total       used       free     shared    buffers     cached
Mem:         15945      14240       1704          0         89       8507
-/+ buffers/cache:       5643      10302
Swap:         8039          0       8039

2019年 07月 25日 星期四 23:40:57 CST
             total       used       free     shared    buffers     cached
Mem:         15945      14518       1426          0         89       8508
-/+ buffers/cache:       5921      10024
Swap:         8039          0       8039

2019年 07月 25日 星期四 23:41:01 CST
             total       used       free     shared    buffers     cached
Mem:         15945      14935       1009          0         89       8517
-/+ buffers/cache:       6328       9616
Swap:         8039          0       8039

2019年 07月 25日 星期四 23:41:05 CST
             total       used       free     shared    buffers     cached
Mem:         15945      15399        545          0         89       8639
-/+ buffers/cache:       6670       9275
Swap:         8039          0       8039

2019年 07月 25日 星期四 23:41:09 CST
             total       used       free     shared    buffers     cached
Mem:         15945      15181        763          0         89       8832
-/+ buffers/cache:       6260       9685
Swap:         8039          0       8039

2019年 07月 25日 星期四 23:41:13 CST
             total       used       free     shared    buffers     cached
Mem:         15945      15510        435          0         89       9030
-/+ buffers/cache:       6390       9554
Swap:         8039          0       8039

2019年 07月 25日 星期四 23:41:17 CST
             total       used       free     shared    buffers     cached
Mem:         15945      15765        180          0         89       9151
-/+ buffers/cache:       6524       9421
Swap:         8039          0       8039

2019年 07月 25日 星期四 23:41:21 CST
             total       used       free     shared    buffers     cached
Mem:         15945      15785        160          0         89       8939
-/+ buffers/cache:       6757       9188
Swap:         8039          0       8039

2019年 07月 25日 星期四 23:41:26 CST
             total       used       free     shared    buffers     cached
Mem:         15945      14608       1337          0         89       9049
-/+ buffers/cache:       5469      10475
Swap:         8039          0       8039

2019年 07月 25日 星期四 23:41:30 CST
             total       used       free     shared    buffers     cached
Mem:         15945      14456       1488          0         89       9303
-/+ buffers/cache:       5063      10881
Swap:         8039          0       8039

2019年 07月 25日 星期四 23:41:34 CST
             total       used       free     shared    buffers     cached
Mem:         15945      14685       1259          0         89       9413
-/+ buffers/cache:       5182      10762
Swap:         8039          0       8039

2019年 07月 25日 星期四 23:41:38 CST
             total       used       free     shared    buffers     cached
Mem:         15945      14837       1108          0         89       9413
-/+ buffers/cache:       5334      10611
Swap:         8039          0       8039

2019年 07月 25日 星期四 23:41:42 CST
             total       used       free     shared    buffers     cached
Mem:         15945      13862       2083          0         89       9497
-/+ buffers/cache:       4274      11670
Swap:         8039          0       8039

2019年 07月 25日 星期四 23:41:46 CST
             total       used       free     shared    buffers     cached
Mem:         15945      14578       1367          0         89       9783
-/+ buffers/cache:       4704      11240
Swap:         8039          0       8039

2019年 07月 25日 星期四 23:41:50 CST
             total       used       free     shared    buffers     cached
Mem:         15945      14449       1495          0         89       9784
-/+ buffers/cache:       4575      11369
Swap:         8039          0       8039

2019年 07月 25日 星期四 23:41:54 CST
             total       used       free     shared    buffers     cached
Mem:         15945      12720       3224          0         89       9793
-/+ buffers/cache:       2838      13107
Swap:         8039          0       8039

2019年 07月 25日 星期四 23:41:58 CST
             total       used       free     shared    buffers     cached
Mem:         15945      13328       2617          0         89       9829
-/+ buffers/cache:       3409      12535
Swap:         8039          0       8039

2019年 07月 25日 星期四 23:42:02 CST
             total       used       free     shared    buffers     cached
Mem:         15945      13141       2804          0         89       9108
-/+ buffers/cache:       3943      12001
Swap:         8039          0       8039

2019年 07月 25日 星期四 23:42:06 CST
             total       used       free     shared    buffers     cached
Mem:         15945      14099       1846          0         89       8962
-/+ buffers/cache:       5047      10898
Swap:         8039          0       8039

2019年 07月 25日 星期四 23:42:10 CST
             total       used       free     shared    buffers     cached
Mem:         15945      13313       2632          0         89       8965
-/+ buffers/cache:       4258      11686
Swap:         8039          0       8039

2019年 07月 25日 星期四 23:42:14 CST
             total       used       free     shared    buffers     cached
Mem:         15945      12703       3241          0         89       9519
-/+ buffers/cache:       3094      12850
Swap:         8039          0       8039

2019年 07月 25日 星期四 23:42:18 CST
             total       used       free     shared    buffers     cached
Mem:         15945      12989       2956          0         89       9811
-/+ buffers/cache:       3087      12857
Swap:         8039          0       8039

2019年 07月 25日 星期四 23:42:22 CST
             total       used       free     shared    buffers     cached
Mem:         15945      13376       2568          0         89       9627
-/+ buffers/cache:       3660      12285
Swap:         8039          0       8039

2019年 07月 25日 星期四 23:42:26 CST
             total       used       free     shared    buffers     cached
Mem:         15945      13255       2690          0         89       9626
-/+ buffers/cache:       3539      12405
Swap:         8039          0       8039

2019年 07月 25日 星期四 23:42:30 CST
             total       used       free     shared    buffers     cached
Mem:         15945      13878       2067          0         89       9627
-/+ buffers/cache:       4161      11783
Swap:         8039          0       8039

2019年 07月 25日 星期四 23:42:34 CST
             total       used       free     shared    buffers     cached
Mem:         15945      14162       1783          0         89       9629
-/+ buffers/cache:       4443      11501
Swap:         8039          0       8039

2019年 07月 25日 星期四 23:42:38 CST
             total       used       free     shared    buffers     cached
Mem:         15945      15135        809          0         89       9629
-/+ buffers/cache:       5416      10528
Swap:         8039          0       8039

2019年 07月 25日 星期四 23:42:42 CST
             total       used       free     shared    buffers     cached
Mem:         15945      14464       1481          0         89       9630
-/+ buffers/cache:       4743      11201
Swap:         8039          0       8039

2019年 07月 25日 星期四 23:42:46 CST
             total       used       free     shared    buffers     cached
Mem:         15945      13744       2200          0         89       9052
-/+ buffers/cache:       4603      11342
Swap:         8039          0       8039

2019年 07月 25日 星期四 23:42:50 CST
             total       used       free     shared    buffers     cached
Mem:         15945      12978       2966          0         89       8865
-/+ buffers/cache:       4023      11921
Swap:         8039          0       8039

2019年 07月 25日 星期四 23:42:54 CST
             total       used       free     shared    buffers     cached
Mem:         15945      13276       2669          0         89       8866
-/+ buffers/cache:       4320      11625
Swap:         8039          0       8039

2019年 07月 25日 星期四 23:42:58 CST
             total       used       free     shared    buffers     cached
Mem:         15945      14555       1390          0         89       8868
-/+ buffers/cache:       5597      10348
Swap:         8039          0       8039

2019年 07月 25日 星期四 23:43:02 CST
             total       used       free     shared    buffers     cached
Mem:         15945      15003        941          0         89       8871
-/+ buffers/cache:       6042       9902
Swap:         8039          0       8039

2019年 07月 25日 星期四 23:43:06 CST
             total       used       free     shared    buffers     cached
Mem:         15945      14052       1892          0         89       8834
-/+ buffers/cache:       5128      10816
Swap:         8039          0       8039

2019年 07月 25日 星期四 23:43:10 CST
             total       used       free     shared    buffers     cached
Mem:         15945      11986       3958          0         89       8744
-/+ buffers/cache:       3153      12792
Swap:         8039          0       8039

2019年 07月 25日 星期四 23:43:14 CST
             total       used       free     shared    buffers     cached
Mem:         15945      13031       2913          0         89       8940
-/+ buffers/cache:       4001      11943
Swap:         8039          0       8039

2019年 07月 25日 星期四 23:43:18 CST
             total       used       free     shared    buffers     cached
Mem:         15945      13786       2159          0         89       8798
-/+ buffers/cache:       4897      11047
Swap:         8039          0       8039

2019年 07月 25日 星期四 23:43:22 CST
             total       used       free     shared    buffers     cached
Mem:         15945      14328       1616          0         89       8837
-/+ buffers/cache:       5401      10544
Swap:         8039          0       8039

2019年 07月 25日 星期四 23:43:26 CST
             total       used       free     shared    buffers     cached
Mem:         15945      14960        985          0         89       9059
-/+ buffers/cache:       5810      10134
Swap:         8039          0       8039

2019年 07月 25日 星期四 23:43:30 CST
             total       used       free     shared    buffers     cached
Mem:         15945      15376        568          0         89       9083
-/+ buffers/cache:       6203       9742
Swap:         8039          0       8039

2019年 07月 25日 星期四 23:43:35 CST
             total       used       free     shared    buffers     cached
Mem:         15945      15773        172          0         89       9029
-/+ buffers/cache:       6653       9291
Swap:         8039          0       8039

2019年 07月 25日 星期四 23:43:39 CST
             total       used       free     shared    buffers     cached
Mem:         15945      15778        166          0         89       8768
-/+ buffers/cache:       6920       9024
Swap:         8039          0       8039

2019年 07月 25日 星期四 23:43:43 CST
             total       used       free     shared    buffers     cached
Mem:         15945      15785        160          0         89       8377
-/+ buffers/cache:       7318       8627
Swap:         8039          0       8039

2019年 07月 25日 星期四 23:43:47 CST
             total       used       free     shared    buffers     cached
Mem:         15945      15784        161          0         89       8234
-/+ buffers/cache:       7460       8485
Swap:         8039          0       8039

2019年 07月 25日 星期四 23:43:51 CST
             total       used       free     shared    buffers     cached
Mem:         15945      14370       1574          0         89       8225
-/+ buffers/cache:       6055       9889
Swap:         8039          0       8039

2019年 07月 25日 星期四 23:43:55 CST
             total       used       free     shared    buffers     cached
Mem:         15945      14726       1218          0         89       8444
-/+ buffers/cache:       6192       9752
Swap:         8039          0       8039

2019年 07月 25日 星期四 23:43:59 CST
             total       used       free     shared    buffers     cached
Mem:         15945      14727       1217          0         89       8298
-/+ buffers/cache:       6339       9605
Swap:         8039          0       8039

2019年 07月 25日 星期四 23:44:03 CST
             total       used       free     shared    buffers     cached
Mem:         15945      12079       3866          0         89       8308
-/+ buffers/cache:       3681      12264
Swap:         8039          0       8039

2019年 07月 25日 星期四 23:44:07 CST
             total       used       free     shared    buffers     cached
Mem:         15945      11931       4013          0         89       7986
-/+ buffers/cache:       3856      12089
Swap:         8039          0       8039

2019年 07月 25日 星期四 23:44:11 CST
             total       used       free     shared    buffers     cached
Mem:         15945      12447       3498          0         89       8026
-/+ buffers/cache:       4331      11614
Swap:         8039          0       8039

2019年 07月 25日 星期四 23:44:15 CST
             total       used       free     shared    buffers     cached
Mem:         15945      12852       3092          0         89       8034
-/+ buffers/cache:       4728      11217
Swap:         8039          0       8039

2019年 07月 25日 星期四 23:44:19 CST
             total       used       free     shared    buffers     cached
Mem:         15945      13470       2475          0         89       8089
-/+ buffers/cache:       5291      10654
Swap:         8039          0       8039

2019年 07月 25日 星期四 23:44:23 CST
             total       used       free     shared    buffers     cached
Mem:         15945      12545       3399          0         89       8181
-/+ buffers/cache:       4275      11670
Swap:         8039          0       8039

2019年 07月 25日 星期四 23:44:27 CST
             total       used       free     shared    buffers     cached
Mem:         15945      12951       2993          0         89       8092
-/+ buffers/cache:       4769      11176
Swap:         8039          0       8039

2019年 07月 25日 星期四 23:44:31 CST
             total       used       free     shared    buffers     cached
Mem:         15945      13523       2422          0         89       8093
-/+ buffers/cache:       5340      10605
Swap:         8039          0       8039

2019年 07月 25日 星期四 23:44:35 CST
             total       used       free     shared    buffers     cached
Mem:         15945      13791       2154          0         89       8094
-/+ buffers/cache:       5606      10338
Swap:         8039          0       8039

2019年 07月 25日 星期四 23:44:39 CST
             total       used       free     shared    buffers     cached
Mem:         15945      13960       1984          0         89       8095
-/+ buffers/cache:       5775      10170
Swap:         8039          0       8039

2019年 07月 25日 星期四 23:44:43 CST
             total       used       free     shared    buffers     cached
Mem:         15945      14130       1815          0         89       8095
-/+ buffers/cache:       5944      10000
Swap:         8039          0       8039

2019年 07月 25日 星期四 23:44:47 CST
             total       used       free     shared    buffers     cached
Mem:         15945      14177       1768          0         89       8097
-/+ buffers/cache:       5990       9955
Swap:         8039          0       8039

2019年 07月 25日 星期四 23:44:51 CST
             total       used       free     shared    buffers     cached
Mem:         15945      14264       1680          0         89       8102
-/+ buffers/cache:       6072       9872
Swap:         8039          0       8039

2019年 07月 25日 星期四 23:44:55 CST
             total       used       free     shared    buffers     cached
Mem:         15945      14352       1593          0         89       8104
-/+ buffers/cache:       6158       9787
Swap:         8039          0       8039

2019年 07月 25日 星期四 23:44:59 CST
             total       used       free     shared    buffers     cached
Mem:         15945      14395       1550          0         89       8115
-/+ buffers/cache:       6190       9754
Swap:         8039          0       8039

2019年 07月 25日 星期四 23:45:03 CST
             total       used       free     shared    buffers     cached
Mem:         15945      13731       2214          0         89       8156
-/+ buffers/cache:       5485      10460
Swap:         8039          0       8039

2019年 07月 25日 星期四 23:45:07 CST
             total       used       free     shared    buffers     cached
Mem:         15945      13133       2812          0         89       7951
-/+ buffers/cache:       5091      10853
Swap:         8039          0       8039

2019年 07月 25日 星期四 23:45:11 CST
             total       used       free     shared    buffers     cached
Mem:         15945      13080       2864          0         89       8006
-/+ buffers/cache:       4985      10960
Swap:         8039          0       8039

2019年 07月 25日 星期四 23:45:15 CST
             total       used       free     shared    buffers     cached
Mem:         15945      13671       2273          0         89       8337
-/+ buffers/cache:       5244      10701
Swap:         8039          0       8039

2019年 07月 25日 星期四 23:45:19 CST
             total       used       free     shared    buffers     cached
Mem:         15945      13021       2924          0         89       8150
-/+ buffers/cache:       4781      11164
Swap:         8039          0       8039

2019年 07月 25日 星期四 23:45:23 CST
             total       used       free     shared    buffers     cached
Mem:         15945      13250       2694          0         89       8150
-/+ buffers/cache:       5010      10934
Swap:         8039          0       8039

2019年 07月 25日 星期四 23:45:27 CST
             total       used       free     shared    buffers     cached
Mem:         15945      13468       2477          0         89       8151
-/+ buffers/cache:       5227      10717
Swap:         8039          0       8039

2019年 07月 25日 星期四 23:45:31 CST
             total       used       free     shared    buffers     cached
Mem:         15945      13858       2087          0         89       8151
-/+ buffers/cache:       5616      10328
Swap:         8039          0       8039

2019年 07月 25日 星期四 23:45:35 CST
             total       used       free     shared    buffers     cached
Mem:         15945      13963       1982          0         89       8152
-/+ buffers/cache:       5721      10224
Swap:         8039          0       8039

2019年 07月 25日 星期四 23:45:39 CST
             total       used       free     shared    buffers     cached
Mem:         15945      14155       1789          0         89       8153
-/+ buffers/cache:       5912      10033
Swap:         8039          0       8039

2019年 07月 25日 星期四 23:45:43 CST
             total       used       free     shared    buffers     cached
Mem:         15945      14426       1519          0         89       8155
-/+ buffers/cache:       6181       9764
Swap:         8039          0       8039

2019年 07月 25日 星期四 23:45:47 CST
             total       used       free     shared    buffers     cached
Mem:         15945      14464       1480          0         89       8155
-/+ buffers/cache:       6219       9726
Swap:         8039          0       8039

2019年 07月 25日 星期四 23:45:51 CST
             total       used       free     shared    buffers     cached
Mem:         15945      13836       2108          0         89       8156
-/+ buffers/cache:       5590      10354
Swap:         8039          0       8039

2019年 07月 25日 星期四 23:45:55 CST
             total       used       free     shared    buffers     cached
Mem:         15945      12911       3034          0         89       8154
-/+ buffers/cache:       4667      11278
Swap:         8039          0       8039

2019年 07月 25日 星期四 23:45:59 CST
             total       used       free     shared    buffers     cached
Mem:         15945      12070       3875          0         89       8153
-/+ buffers/cache:       3827      12117
Swap:         8039          0       8039

2019年 07月 25日 星期四 23:46:03 CST
             total       used       free     shared    buffers     cached
Mem:         15945      11434       4511          0         89       8152
-/+ buffers/cache:       3192      12753
Swap:         8039          0       8039

2019年 07月 25日 星期四 23:46:07 CST
             total       used       free     shared    buffers     cached
Mem:         15945      11356       4588          0         89       8075
-/+ buffers/cache:       3191      12753
Swap:         8039          0       8039

2019年 07月 25日 星期四 23:46:11 CST
             total       used       free     shared    buffers     cached
Mem:         15945      11356       4588          0         89       8075
-/+ buffers/cache:       3191      12753
Swap:         8039          0       8039

2019年 07月 25日 星期四 23:46:15 CST
             total       used       free     shared    buffers     cached
Mem:         15945      11356       4589          0         89       8075
-/+ buffers/cache:       3191      12754
Swap:         8039          0       8039

2019年 07月 25日 星期四 23:46:19 CST
             total       used       free     shared    buffers     cached
Mem:         15945      11356       4589          0         89       8075
-/+ buffers/cache:       3190      12754
Swap:         8039          0       8039

2019年 07月 25日 星期四 23:46:23 CST
             total       used       free     shared    buffers     cached
Mem:         15945      11369       4576          0         89       8087
-/+ buffers/cache:       3192      12752
Swap:         8039          0       8039

2019年 07月 25日 星期四 23:46:27 CST
             total       used       free     shared    buffers     cached
Mem:         15945      11428       4516          0         89       8145
-/+ buffers/cache:       3193      12751
Swap:         8039          0       8039

2019年 07月 25日 星期四 23:46:31 CST
             total       used       free     shared    buffers     cached
Mem:         15945      10254       5691          0         89       8166
-/+ buffers/cache:       1998      13947
Swap:         8039          0       8039

2019年 07月 25日 星期四 23:46:35 CST
             total       used       free     shared    buffers     cached
Mem:         15945       9882       6063          0         89       7796
-/+ buffers/cache:       1995      13950
Swap:         8039          0       8039

2019年 07月 25日 星期四 23:46:39 CST
             total       used       free     shared    buffers     cached
Mem:         15945       9881       6063          0         89       7796
-/+ buffers/cache:       1994      13950
Swap:         8039          0       8039

2019年 07月 25日 星期四 23:46:43 CST
             total       used       free     shared    buffers     cached
Mem:         15945       9879       6065          0         89       7796
-/+ buffers/cache:       1993      13952
Swap:         8039          0       8039

