
2019年 07月 25日 星期四 23:30:41 CST
             total       used       free     shared    buffers     cached
Mem:         15945       9528       6417          0        106       7460
-/+ buffers/cache:       1960      13984
Swap:         8039          0       8039

2019年 07月 25日 星期四 23:30:45 CST
             total       used       free     shared    buffers     cached
Mem:         15945       9528       6417          0        106       7460
-/+ buffers/cache:       1960      13984
Swap:         8039          0       8039

2019年 07月 25日 星期四 23:30:49 CST
             total       used       free     shared    buffers     cached
Mem:         15945       9528       6417          0        106       7460
-/+ buffers/cache:       1960      13984
Swap:         8039          0       8039

2019年 07月 25日 星期四 23:30:53 CST
             total       used       free     shared    buffers     cached
Mem:         15945       9528       6417          0        106       7460
-/+ buffers/cache:       1960      13984
Swap:         8039          0       8039

2019年 07月 25日 星期四 23:30:57 CST
             total       used       free     shared    buffers     cached
Mem:         15945       9532       6413          0        106       7464
-/+ buffers/cache:       1961      13984
Swap:         8039          0       8039

2019年 07月 25日 星期四 23:31:01 CST
             total       used       free     shared    buffers     cached
Mem:         15945       9703       6241          0        106       7635
-/+ buffers/cache:       1961      13983
Swap:         8039          0       8039

2019年 07月 25日 星期四 23:31:05 CST
             total       used       free     shared    buffers     cached
Mem:         15945       9946       5999          0        106       7878
-/+ buffers/cache:       1961      13984
Swap:         8039          0       8039

2019年 07月 25日 星期四 23:31:09 CST
             total       used       free     shared    buffers     cached
Mem:         15945      10170       5775          0        106       8100
-/+ buffers/cache:       1963      13981
Swap:         8039          0       8039

2019年 07月 25日 星期四 23:31:13 CST
             total       used       free     shared    buffers     cached
Mem:         15945      10408       5537          0        106       8339
-/+ buffers/cache:       1962      13982
Swap:         8039          0       8039

2019年 07月 25日 星期四 23:31:17 CST
             total       used       free     shared    buffers     cached
Mem:         15945      10788       5156          0        106       8599
-/+ buffers/cache:       2082      13863
Swap:         8039          0       8039

2019年 07月 25日 星期四 23:31:21 CST
             total       used       free     shared    buffers     cached
Mem:         15945      11143       4802          0        106       8848
-/+ buffers/cache:       2188      13757
Swap:         8039          0       8039

2019年 07月 25日 星期四 23:31:25 CST
             total       used       free     shared    buffers     cached
Mem:         15945      11802       4143          0        106       9388
-/+ buffers/cache:       2307      13637
Swap:         8039          0       8039

2019年 07月 25日 星期四 23:31:29 CST
             total       used       free     shared    buffers     cached
Mem:         15945      12538       3407          0        106       9689
-/+ buffers/cache:       2741      13203
Swap:         8039          0       8039

2019年 07月 25日 星期四 23:31:33 CST
             total       used       free     shared    buffers     cached
Mem:         15945      13222       2723          0        106       9709
-/+ buffers/cache:       3405      12539
Swap:         8039          0       8039

2019年 07月 25日 星期四 23:31:37 CST
             total       used       free     shared    buffers     cached
Mem:         15945      13960       1984          0        106       9709
-/+ buffers/cache:       4144      11801
Swap:         8039          0       8039

2019年 07月 25日 星期四 23:31:41 CST
             total       used       free     shared    buffers     cached
Mem:         15945      14888       1057          0        106       9712
-/+ buffers/cache:       5068      10876
Swap:         8039          0       8039

2019年 07月 25日 星期四 23:31:46 CST
             total       used       free     shared    buffers     cached
Mem:         15945      13865       2080          0        106       9711
-/+ buffers/cache:       4046      11898
Swap:         8039          0       8039

2019年 07月 25日 星期四 23:31:50 CST
             total       used       free     shared    buffers     cached
Mem:         15945      13916       2029          0        106       9877
-/+ buffers/cache:       3931      12013
Swap:         8039          0       8039

2019年 07月 25日 星期四 23:31:54 CST
             total       used       free     shared    buffers     cached
Mem:         15945      14576       1369          0        106       9877
-/+ buffers/cache:       4591      11354
Swap:         8039          0       8039

2019年 07月 25日 星期四 23:31:58 CST
             total       used       free     shared    buffers     cached
Mem:         15945      14819       1126          0        106       9879
-/+ buffers/cache:       4833      11112
Swap:         8039          0       8039

2019年 07月 25日 星期四 23:32:02 CST
             total       used       free     shared    buffers     cached
Mem:         15945      14557       1388          0        106       9384
-/+ buffers/cache:       5066      10879
Swap:         8039          0       8039

2019年 07月 25日 星期四 23:32:06 CST
             total       used       free     shared    buffers     cached
Mem:         15945      15235        709          0        106       9386
-/+ buffers/cache:       5742      10203
Swap:         8039          0       8039

2019年 07月 25日 星期四 23:32:10 CST
             total       used       free     shared    buffers     cached
Mem:         15945      14685       1260          0        106       9386
-/+ buffers/cache:       5191      10754
Swap:         8039          0       8039

2019年 07月 25日 星期四 23:32:14 CST
             total       used       free     shared    buffers     cached
Mem:         15945      15165        780          0        106       9415
-/+ buffers/cache:       5643      10302
Swap:         8039          0       8039

2019年 07月 25日 星期四 23:32:18 CST
             total       used       free     shared    buffers     cached
Mem:         15945      15499        446          0        106       9273
-/+ buffers/cache:       6119       9826
Swap:         8039          0       8039

2019年 07月 25日 星期四 23:32:22 CST
             total       used       free     shared    buffers     cached
Mem:         15945      14370       1575          0        106       9283
-/+ buffers/cache:       4979      10966
Swap:         8039          0       8039

2019年 07月 25日 星期四 23:32:26 CST
             total       used       free     shared    buffers     cached
Mem:         15945      13098       2847          0        106       9077
-/+ buffers/cache:       3913      12031
Swap:         8039          0       8039

2019年 07月 25日 星期四 23:32:30 CST
             total       used       free     shared    buffers     cached
Mem:         15945      12936       3008          0        106       8896
-/+ buffers/cache:       3933      12012
Swap:         8039          0       8039

2019年 07月 25日 星期四 23:32:34 CST
             total       used       free     shared    buffers     cached
Mem:         15945      12460       3485          0        106       9026
-/+ buffers/cache:       3327      12618
Swap:         8039          0       8039

2019年 07月 25日 星期四 23:32:38 CST
             total       used       free     shared    buffers     cached
Mem:         15945      13183       2762          0        106       9248
-/+ buffers/cache:       3827      12117
Swap:         8039          0       8039

2019年 07月 25日 星期四 23:32:42 CST
             total       used       free     shared    buffers     cached
Mem:         15945      13925       2020          0        107       9462
-/+ buffers/cache:       4356      11589
Swap:         8039          0       8039

2019年 07月 25日 星期四 23:32:46 CST
             total       used       free     shared    buffers     cached
Mem:         15945      13192       2752          0        107       9315
-/+ buffers/cache:       3770      12175
Swap:         8039          0       8039

2019年 07月 25日 星期四 23:32:50 CST
             total       used       free     shared    buffers     cached
Mem:         15945      14150       1795          0        107       9469
-/+ buffers/cache:       4573      11371
Swap:         8039          0       8039

2019年 07月 25日 星期四 23:32:54 CST
             total       used       free     shared    buffers     cached
Mem:         15945      13672       2273          0        107       9282
-/+ buffers/cache:       4282      11662
Swap:         8039          0       8039

2019年 07月 25日 星期四 23:32:58 CST
             total       used       free     shared    buffers     cached
Mem:         15945      14219       1726          0        107       9293
-/+ buffers/cache:       4819      11126
Swap:         8039          0       8039

2019年 07月 25日 星期四 23:33:02 CST
             total       used       free     shared    buffers     cached
Mem:         15945      14991        954          0        107       9379
-/+ buffers/cache:       5504      10440
Swap:         8039          0       8039

2019年 07月 25日 星期四 23:33:06 CST
             total       used       free     shared    buffers     cached
Mem:         15945      15436        509          0        107       9658
-/+ buffers/cache:       5671      10274
Swap:         8039          0       8039

2019年 07月 25日 星期四 23:33:10 CST
             total       used       free     shared    buffers     cached
Mem:         15945      15784        161          0        107       9906
-/+ buffers/cache:       5770      10174
Swap:         8039          0       8039

2019年 07月 25日 星期四 23:33:15 CST
             total       used       free     shared    buffers     cached
Mem:         15945      15771        173          0        107       9700
-/+ buffers/cache:       5964       9981
Swap:         8039          0       8039

2019年 07月 25日 星期四 23:33:19 CST
             total       used       free     shared    buffers     cached
Mem:         15945      15766        178          0        106       9522
-/+ buffers/cache:       6137       9808
Swap:         8039          0       8039

2019年 07月 25日 星期四 23:33:23 CST
             total       used       free     shared    buffers     cached
Mem:         15945      15771        174          0        106       9397
-/+ buffers/cache:       6266       9678
Swap:         8039          0       8039

2019年 07月 25日 星期四 23:33:27 CST
             total       used       free     shared    buffers     cached
Mem:         15945      15769        176          0        106       9185
-/+ buffers/cache:       6476       9468
Swap:         8039          0       8039

2019年 07月 25日 星期四 23:33:31 CST
             total       used       free     shared    buffers     cached
Mem:         15945      15770        175          0        106       9021
-/+ buffers/cache:       6642       9303
Swap:         8039          0       8039

2019年 07月 25日 星期四 23:33:35 CST
             total       used       free     shared    buffers     cached
Mem:         15945      15770        174          0        106       8830
-/+ buffers/cache:       6833       9112
Swap:         8039          0       8039

2019年 07月 25日 星期四 23:33:39 CST
             total       used       free     shared    buffers     cached
Mem:         15945      15775        170          0        106       8790
-/+ buffers/cache:       6878       9067
Swap:         8039          0       8039

2019年 07月 25日 星期四 23:33:43 CST
             total       used       free     shared    buffers     cached
Mem:         15945      14373       1572          0        106       8722
-/+ buffers/cache:       5543      10401
Swap:         8039          0       8039

2019年 07月 25日 星期四 23:33:47 CST
             total       used       free     shared    buffers     cached
Mem:         15945      14867       1078          0        106       8828
-/+ buffers/cache:       5931      10013
Swap:         8039          0       8039

2019年 07月 25日 星期四 23:33:51 CST
             total       used       free     shared    buffers     cached
Mem:         15945      15348        597          0        106       8866
-/+ buffers/cache:       6374       9571
Swap:         8039          0       8039

2019年 07月 25日 星期四 23:33:55 CST
             total       used       free     shared    buffers     cached
Mem:         15945      13011       2934          0        106       8877
-/+ buffers/cache:       4026      11919
Swap:         8039          0       8039

2019年 07月 25日 星期四 23:33:59 CST
             total       used       free     shared    buffers     cached
Mem:         15945      13400       2545          0        106       8830
-/+ buffers/cache:       4462      11482
Swap:         8039          0       8039

2019年 07月 25日 星期四 23:34:03 CST
             total       used       free     shared    buffers     cached
Mem:         15945      13255       2689          0        106       8736
-/+ buffers/cache:       4412      11533
Swap:         8039          0       8039

2019年 07月 25日 星期四 23:34:07 CST
             total       used       free     shared    buffers     cached
Mem:         15945      13218       2727          0        106       8758
-/+ buffers/cache:       4353      11592
Swap:         8039          0       8039

2019年 07月 25日 星期四 23:34:11 CST
             total       used       free     shared    buffers     cached
Mem:         15945      13844       2101          0        106       9087
-/+ buffers/cache:       4650      11295
Swap:         8039          0       8039

2019年 07月 25日 星期四 23:34:15 CST
             total       used       free     shared    buffers     cached
Mem:         15945      14233       1712          0        106       9088
-/+ buffers/cache:       5038      10907
Swap:         8039          0       8039

2019年 07月 25日 星期四 23:34:19 CST
             total       used       free     shared    buffers     cached
Mem:         15945      14516       1428          0        106       9089
-/+ buffers/cache:       5320      10625
Swap:         8039          0       8039

2019年 07月 25日 星期四 23:34:24 CST
             total       used       free     shared    buffers     cached
Mem:         15945      14363       1582          0        106       9089
-/+ buffers/cache:       5167      10778
Swap:         8039          0       8039

2019年 07月 25日 星期四 23:34:28 CST
             total       used       free     shared    buffers     cached
Mem:         15945      14652       1293          0        106       9070
-/+ buffers/cache:       5474      10471
Swap:         8039          0       8039

2019年 07月 25日 星期四 23:34:32 CST
             total       used       free     shared    buffers     cached
Mem:         15945      14840       1105          0        106       9052
-/+ buffers/cache:       5680      10265
Swap:         8039          0       8039

2019年 07月 25日 星期四 23:34:36 CST
             total       used       free     shared    buffers     cached
Mem:         15945      15183        762          0        106       9055
-/+ buffers/cache:       6021       9924
Swap:         8039          0       8039

2019年 07月 25日 星期四 23:34:40 CST
             total       used       free     shared    buffers     cached
Mem:         15945      14129       1816          0        106       8870
-/+ buffers/cache:       5152      10793
Swap:         8039          0       8039

2019年 07月 25日 星期四 23:34:44 CST
             total       used       free     shared    buffers     cached
Mem:         15945      12195       3750          0        106       8827
-/+ buffers/cache:       3260      12684
Swap:         8039          0       8039

2019年 07月 25日 星期四 23:34:48 CST
             total       used       free     shared    buffers     cached
Mem:         15945      13214       2730          0        106       9351
-/+ buffers/cache:       3756      12188
Swap:         8039          0       8039

2019年 07月 25日 星期四 23:34:52 CST
             total       used       free     shared    buffers     cached
Mem:         15945      13906       2038          0        106       9181
-/+ buffers/cache:       4618      11326
Swap:         8039          0       8039

2019年 07月 25日 星期四 23:34:56 CST
             total       used       free     shared    buffers     cached
Mem:         15945      14286       1658          0        106       9183
-/+ buffers/cache:       4996      10949
Swap:         8039          0       8039

2019年 07月 25日 星期四 23:35:00 CST
             total       used       free     shared    buffers     cached
Mem:         15945      12998       2947          0        106       8826
-/+ buffers/cache:       4064      11880
Swap:         8039          0       8039

2019年 07月 25日 星期四 23:35:04 CST
             total       used       free     shared    buffers     cached
Mem:         15945      13286       2658          0        106       8932
-/+ buffers/cache:       4247      11697
Swap:         8039          0       8039

2019年 07月 25日 星期四 23:35:08 CST
             total       used       free     shared    buffers     cached
Mem:         15945      13762       2183          0        106       9147
-/+ buffers/cache:       4507      11437
Swap:         8039          0       8039

2019年 07月 25日 星期四 23:35:12 CST
             total       used       free     shared    buffers     cached
Mem:         15945      14468       1476          0        106       9382
-/+ buffers/cache:       4979      10966
Swap:         8039          0       8039

2019年 07月 25日 星期四 23:35:16 CST
             total       used       free     shared    buffers     cached
Mem:         15945      15298        646          0        106       9640
-/+ buffers/cache:       5551      10394
Swap:         8039          0       8039

2019年 07月 25日 星期四 23:35:20 CST
             total       used       free     shared    buffers     cached
Mem:         15945      15781        164          0        106       9902
-/+ buffers/cache:       5771      10173
Swap:         8039          0       8039

2019年 07月 25日 星期四 23:35:24 CST
             total       used       free     shared    buffers     cached
Mem:         15945      15622        322          0        106       9307
-/+ buffers/cache:       6208       9737
Swap:         8039          0       8039

2019年 07月 25日 星期四 23:35:28 CST
             total       used       free     shared    buffers     cached
Mem:         15945      15767        177          0        106       9149
-/+ buffers/cache:       6511       9434
Swap:         8039          0       8039

2019年 07月 25日 星期四 23:35:32 CST
             total       used       free     shared    buffers     cached
Mem:         15945      15782        163          0        106       9127
-/+ buffers/cache:       6548       9397
Swap:         8039          0       8039

2019年 07月 25日 星期四 23:35:36 CST
             total       used       free     shared    buffers     cached
Mem:         15945      15776        169          0        106       9070
-/+ buffers/cache:       6599       9346
Swap:         8039          0       8039

2019年 07月 25日 星期四 23:35:40 CST
             total       used       free     shared    buffers     cached
Mem:         15945      15780        164          0        106       8972
-/+ buffers/cache:       6701       9243
Swap:         8039          0       8039

2019年 07月 25日 星期四 23:35:44 CST
             total       used       free     shared    buffers     cached
Mem:         15945      15769        176          0        106       8842
-/+ buffers/cache:       6819       9125
Swap:         8039          0       8039

2019年 07月 25日 星期四 23:35:48 CST
             total       used       free     shared    buffers     cached
Mem:         15945      14447       1497          0        106       8905
-/+ buffers/cache:       5435      10510
Swap:         8039          0       8039

2019年 07月 25日 星期四 23:35:52 CST
             total       used       free     shared    buffers     cached
Mem:         15945      14696       1249          0        106       8754
-/+ buffers/cache:       5834      10110
Swap:         8039          0       8039

2019年 07月 25日 星期四 23:35:56 CST
             total       used       free     shared    buffers     cached
Mem:         15945      15127        818          0        106       8812
-/+ buffers/cache:       6207       9737
Swap:         8039          0       8039

2019年 07月 25日 星期四 23:36:00 CST
             total       used       free     shared    buffers     cached
Mem:         15945      15429        515          0        106       8855
-/+ buffers/cache:       6467       9478
Swap:         8039          0       8039

2019年 07月 25日 星期四 23:36:04 CST
             total       used       free     shared    buffers     cached
Mem:         15945      15552        392          0        106       8911
-/+ buffers/cache:       6534       9411
Swap:         8039          0       8039

2019年 07月 25日 星期四 23:36:08 CST
             total       used       free     shared    buffers     cached
Mem:         15945      12800       3145          0        106       8925
-/+ buffers/cache:       3768      12177
Swap:         8039          0       8039

2019年 07月 25日 星期四 23:36:12 CST
             total       used       free     shared    buffers     cached
Mem:         15945      12517       3428          0        106       8957
-/+ buffers/cache:       3453      12492
Swap:         8039          0       8039

2019年 07月 25日 星期四 23:36:16 CST
             total       used       free     shared    buffers     cached
Mem:         15945      11488       4456          0        106       8565
-/+ buffers/cache:       2816      13129
Swap:         8039          0       8039

2019年 07月 25日 星期四 23:36:20 CST
             total       used       free     shared    buffers     cached
Mem:         15945      10975       4969          0        106       8584
-/+ buffers/cache:       2284      13660
Swap:         8039          0       8039

2019年 07月 25日 星期四 23:36:24 CST
             total       used       free     shared    buffers     cached
Mem:         15945      11788       4157          0        106       8808
-/+ buffers/cache:       2872      13073
Swap:         8039          0       8039

2019年 07月 25日 星期四 23:36:28 CST
             total       used       free     shared    buffers     cached
Mem:         15945      12534       3411          0        106       8771
-/+ buffers/cache:       3656      12289
Swap:         8039          0       8039

2019年 07月 25日 星期四 23:36:32 CST
             total       used       free     shared    buffers     cached
Mem:         15945      13077       2867          0        106       8771
-/+ buffers/cache:       4199      11746
Swap:         8039          0       8039

2019年 07月 25日 星期四 23:36:36 CST
             total       used       free     shared    buffers     cached
Mem:         15945      12905       3040          0        106       8771
-/+ buffers/cache:       4026      11919
Swap:         8039          0       8039

2019年 07月 25日 星期四 23:36:40 CST
             total       used       free     shared    buffers     cached
Mem:         15945      13557       2387          0        106       9123
-/+ buffers/cache:       4327      11617
Swap:         8039          0       8039

2019年 07月 25日 星期四 23:36:44 CST
             total       used       free     shared    buffers     cached
Mem:         15945      13655       2290          0        106       9123
-/+ buffers/cache:       4425      11520
Swap:         8039          0       8039

2019年 07月 25日 星期四 23:36:48 CST
             total       used       free     shared    buffers     cached
Mem:         15945      14031       1914          0        106       9123
-/+ buffers/cache:       4801      11144
Swap:         8039          0       8039

2019年 07月 25日 星期四 23:36:52 CST
             total       used       free     shared    buffers     cached
Mem:         15945      14519       1425          0        106       9125
-/+ buffers/cache:       5287      10657
Swap:         8039          0       8039

2019年 07月 25日 星期四 23:36:56 CST
             total       used       free     shared    buffers     cached
Mem:         15945      13787       2158          0        106       8987
-/+ buffers/cache:       4692      11252
Swap:         8039          0       8039

2019年 07月 25日 星期四 23:37:00 CST
             total       used       free     shared    buffers     cached
Mem:         15945      12308       3637          0        106       8974
-/+ buffers/cache:       3227      12718
Swap:         8039          0       8039

2019年 07月 25日 星期四 23:37:04 CST
             total       used       free     shared    buffers     cached
Mem:         15945      12891       3053          0        106       9384
-/+ buffers/cache:       3399      12545
Swap:         8039          0       8039

2019年 07月 25日 星期四 23:37:08 CST
             total       used       free     shared    buffers     cached
Mem:         15945      13530       2414          0        106       9628
-/+ buffers/cache:       3795      12149
Swap:         8039          0       8039

2019年 07月 25日 星期四 23:37:12 CST
             total       used       free     shared    buffers     cached
Mem:         15945      14262       1683          0        106       9884
-/+ buffers/cache:       4271      11674
Swap:         8039          0       8039

2019年 07月 25日 星期四 23:37:16 CST
             total       used       free     shared    buffers     cached
Mem:         15945      15210        734          0        106      10166
-/+ buffers/cache:       4937      11008
Swap:         8039          0       8039

2019年 07月 25日 星期四 23:37:21 CST
             total       used       free     shared    buffers     cached
Mem:         15945      15795        149          0        106      10017
-/+ buffers/cache:       5671      10273
Swap:         8039          0       8039

2019年 07月 25日 星期四 23:37:25 CST
             total       used       free     shared    buffers     cached
Mem:         15945      15517        427          0        106       9922
-/+ buffers/cache:       5488      10457
Swap:         8039          0       8039

2019年 07月 25日 星期四 23:37:29 CST
             total       used       free     shared    buffers     cached
Mem:         15945      15765        179          0        106       9926
-/+ buffers/cache:       5732      10212
Swap:         8039          0       8039

2019年 07月 25日 星期四 23:37:33 CST
             total       used       free     shared    buffers     cached
Mem:         15945      15774        171          0        106       9681
-/+ buffers/cache:       5986       9958
Swap:         8039          0       8039

2019年 07月 25日 星期四 23:37:38 CST
             total       used       free     shared    buffers     cached
Mem:         15945      15781        164          0        106       9427
-/+ buffers/cache:       6247       9698
Swap:         8039          0       8039

2019年 07月 25日 星期四 23:37:42 CST
             total       used       free     shared    buffers     cached
Mem:         15945      15769        175          0        106       9295
-/+ buffers/cache:       6368       9577
Swap:         8039          0       8039

2019年 07月 25日 星期四 23:37:46 CST
             total       used       free     shared    buffers     cached
Mem:         15945      15789        155          0        106       9254
-/+ buffers/cache:       6429       9515
Swap:         8039          0       8039

2019年 07月 25日 星期四 23:37:50 CST
             total       used       free     shared    buffers     cached
Mem:         15945      15787        157          0        106       9194
-/+ buffers/cache:       6486       9458
Swap:         8039          0       8039

2019年 07月 25日 星期四 23:37:54 CST
             total       used       free     shared    buffers     cached
Mem:         15945      15782        162          0        106       9106
-/+ buffers/cache:       6570       9375
Swap:         8039          0       8039

2019年 07月 25日 星期四 23:37:58 CST
             total       used       free     shared    buffers     cached
Mem:         15945      14363       1581          0        106       9051
-/+ buffers/cache:       5206      10739
Swap:         8039          0       8039

2019年 07月 25日 星期四 23:38:02 CST
             total       used       free     shared    buffers     cached
Mem:         15945      12976       2968          0        106       8868
-/+ buffers/cache:       4002      11943
Swap:         8039          0       8039

2019年 07月 25日 星期四 23:38:06 CST
             total       used       free     shared    buffers     cached
Mem:         15945      13744       2200          0        106       8918
-/+ buffers/cache:       4719      11226
Swap:         8039          0       8039

2019年 07月 25日 星期四 23:38:10 CST
             total       used       free     shared    buffers     cached
Mem:         15945      13560       2385          0        106       8763
-/+ buffers/cache:       4690      11255
Swap:         8039          0       8039

2019年 07月 25日 星期四 23:38:14 CST
             total       used       free     shared    buffers     cached
Mem:         15945      13857       2088          0        106       8614
-/+ buffers/cache:       5136      10809
Swap:         8039          0       8039

2019年 07月 25日 星期四 23:38:18 CST
             total       used       free     shared    buffers     cached
Mem:         15945      14159       1785          0        106       8658
-/+ buffers/cache:       5394      10550
Swap:         8039          0       8039

2019年 07月 25日 星期四 23:38:22 CST
             total       used       free     shared    buffers     cached
Mem:         15945      14548       1397          0        106       8675
-/+ buffers/cache:       5766      10178
Swap:         8039          0       8039

2019年 07月 25日 星期四 23:38:26 CST
             total       used       free     shared    buffers     cached
Mem:         15945      14753       1192          0        106       8679
-/+ buffers/cache:       5966       9978
Swap:         8039          0       8039

2019年 07月 25日 星期四 23:38:30 CST
             total       used       free     shared    buffers     cached
Mem:         15945      14952        992          0        106       8689
-/+ buffers/cache:       6156       9788
Swap:         8039          0       8039

2019年 07月 25日 星期四 23:38:34 CST
             total       used       free     shared    buffers     cached
Mem:         15945      14478       1466          0        106       8700
-/+ buffers/cache:       5671      10273
Swap:         8039          0       8039

2019年 07月 25日 星期四 23:38:38 CST
             total       used       free     shared    buffers     cached
Mem:         15945      14696       1249          0        106       8740
-/+ buffers/cache:       5849      10095
Swap:         8039          0       8039

2019年 07月 25日 星期四 23:38:42 CST
             total       used       free     shared    buffers     cached
Mem:         15945      15078        866          0        106       8764
-/+ buffers/cache:       6207       9738
Swap:         8039          0       8039

2019年 07月 25日 星期四 23:38:46 CST
             total       used       free     shared    buffers     cached
Mem:         15945      13967       1977          0        106       8767
-/+ buffers/cache:       5093      10851
Swap:         8039          0       8039

2019年 07月 25日 星期四 23:38:50 CST
             total       used       free     shared    buffers     cached
Mem:         15945      13177       2768          0        106       9088
-/+ buffers/cache:       3981      11963
Swap:         8039          0       8039

2019年 07月 25日 星期四 23:38:54 CST
             total       used       free     shared    buffers     cached
Mem:         15945      13319       2625          0        106       9082
-/+ buffers/cache:       4131      11814
Swap:         8039          0       8039

2019年 07月 25日 星期四 23:38:58 CST
             total       used       free     shared    buffers     cached
Mem:         15945      13852       2093          0        106       9080
-/+ buffers/cache:       4665      11279
Swap:         8039          0       8039

2019年 07月 25日 星期四 23:39:02 CST
             total       used       free     shared    buffers     cached
Mem:         15945      13812       2133          0        106       9496
-/+ buffers/cache:       4209      11735
Swap:         8039          0       8039

2019年 07月 25日 星期四 23:39:06 CST
             total       used       free     shared    buffers     cached
Mem:         15945      13169       2775          0        106       9707
-/+ buffers/cache:       3355      12590
Swap:         8039          0       8039

2019年 07月 25日 星期四 23:39:10 CST
             total       used       free     shared    buffers     cached
Mem:         15945      13900       2045          0        106      10154
-/+ buffers/cache:       3638      12306
Swap:         8039          0       8039

2019年 07月 25日 星期四 23:39:14 CST
             total       used       free     shared    buffers     cached
Mem:         15945      13396       2549          0        106      10429
-/+ buffers/cache:       2860      13085
Swap:         8039          0       8039

2019年 07月 25日 星期四 23:39:18 CST
             total       used       free     shared    buffers     cached
Mem:         15945      14250       1695          0        106      10827
-/+ buffers/cache:       3316      12628
Swap:         8039          0       8039

2019年 07月 25日 星期四 23:39:22 CST
             total       used       free     shared    buffers     cached
Mem:         15945      14470       1474          0        106      10790
-/+ buffers/cache:       3573      12372
Swap:         8039          0       8039

2019年 07月 25日 星期四 23:39:26 CST
             total       used       free     shared    buffers     cached
Mem:         15945      15116        828          0        106      11063
-/+ buffers/cache:       3946      11999
Swap:         8039          0       8039

2019年 07月 25日 星期四 23:39:31 CST
             total       used       free     shared    buffers     cached
Mem:         15945      15575        370          0        106      11117
-/+ buffers/cache:       4351      11594
Swap:         8039          0       8039

2019年 07月 25日 星期四 23:39:35 CST
             total       used       free     shared    buffers     cached
Mem:         15945      15781        163          0        106      10917
-/+ buffers/cache:       4757      11188
Swap:         8039          0       8039

2019年 07月 25日 星期四 23:39:39 CST
             total       used       free     shared    buffers     cached
Mem:         15945      15778        167          0        106      10906
-/+ buffers/cache:       4765      11179
Swap:         8039          0       8039

2019年 07月 25日 星期四 23:39:43 CST
             total       used       free     shared    buffers     cached
Mem:         15945      15778        166          0        106      10906
-/+ buffers/cache:       4765      11180
Swap:         8039          0       8039

2019年 07月 25日 星期四 23:39:47 CST
             total       used       free     shared    buffers     cached
Mem:         15945      15782        163          0        106      10510
-/+ buffers/cache:       5165      10780
Swap:         8039          0       8039

2019年 07月 25日 星期四 23:39:51 CST
             total       used       free     shared    buffers     cached
Mem:         15945      15776        169          0        106      10350
-/+ buffers/cache:       5319      10625
Swap:         8039          0       8039

2019年 07月 25日 星期四 23:39:55 CST
             total       used       free     shared    buffers     cached
Mem:         15945      15410        535          0        106      10353
-/+ buffers/cache:       4950      10994
Swap:         8039          0       8039

2019年 07月 25日 星期四 23:39:59 CST
             total       used       free     shared    buffers     cached
Mem:         15945      15577        368          0        106      10168
-/+ buffers/cache:       5302      10642
Swap:         8039          0       8039

2019年 07月 25日 星期四 23:40:03 CST
             total       used       free     shared    buffers     cached
Mem:         15945      15795        150          0        106      10007
-/+ buffers/cache:       5681      10264
Swap:         8039          0       8039

2019年 07月 25日 星期四 23:40:07 CST
             total       used       free     shared    buffers     cached
Mem:         15945      15783        161          0        106       9782
-/+ buffers/cache:       5894      10051
Swap:         8039          0       8039

2019年 07月 25日 星期四 23:40:11 CST
             total       used       free     shared    buffers     cached
Mem:         15945      15791        153          0        106       9747
-/+ buffers/cache:       5938      10007
Swap:         8039          0       8039

2019年 07月 25日 星期四 23:40:15 CST
             total       used       free     shared    buffers     cached
Mem:         15945      15781        164          0        106       9716
-/+ buffers/cache:       5958       9987
Swap:         8039          0       8039

2019年 07月 25日 星期四 23:40:19 CST
             total       used       free     shared    buffers     cached
Mem:         15945      15791        154          0        106       9710
-/+ buffers/cache:       5974       9971
Swap:         8039          0       8039

2019年 07月 25日 星期四 23:40:23 CST
             total       used       free     shared    buffers     cached
Mem:         15945      15795        149          0        106       9690
-/+ buffers/cache:       5998       9946
Swap:         8039          0       8039

2019年 07月 25日 星期四 23:40:27 CST
             total       used       free     shared    buffers     cached
Mem:         15945      15781        164          0        106       9658
-/+ buffers/cache:       6016       9929
Swap:         8039          0       8039

2019年 07月 25日 星期四 23:40:31 CST
             total       used       free     shared    buffers     cached
Mem:         15945      15790        154          0        106       9661
-/+ buffers/cache:       6022       9922
Swap:         8039          0       8039

2019年 07月 25日 星期四 23:40:35 CST
             total       used       free     shared    buffers     cached
Mem:         15945      15069        875          0        106       9644
-/+ buffers/cache:       5319      10626
Swap:         8039          0       8039

2019年 07月 25日 星期四 23:40:39 CST
             total       used       free     shared    buffers     cached
Mem:         15945      15208        737          0        106       9483
-/+ buffers/cache:       5618      10327
Swap:         8039          0       8039

2019年 07月 25日 星期四 23:40:43 CST
             total       used       free     shared    buffers     cached
Mem:         15945      15663        282          0        106       9512
-/+ buffers/cache:       6044       9901
Swap:         8039          0       8039

2019年 07月 25日 星期四 23:40:47 CST
             total       used       free     shared    buffers     cached
Mem:         15945      14275       1670          0        106       9328
-/+ buffers/cache:       4840      11105
Swap:         8039          0       8039

2019年 07月 25日 星期四 23:40:51 CST
             total       used       free     shared    buffers     cached
Mem:         15945      14577       1367          0        106       9359
-/+ buffers/cache:       5111      10833
Swap:         8039          0       8039

2019年 07月 25日 星期四 23:40:55 CST
             total       used       free     shared    buffers     cached
Mem:         15945      15069        876          0        106       9393
-/+ buffers/cache:       5569      10376
Swap:         8039          0       8039

2019年 07月 25日 星期四 23:40:59 CST
             total       used       free     shared    buffers     cached
Mem:         15945      15698        246          0        106       9440
-/+ buffers/cache:       6151       9793
Swap:         8039          0       8039

2019年 07月 25日 星期四 23:41:03 CST
             total       used       free     shared    buffers     cached
Mem:         15945      15781        164          0        106       9349
-/+ buffers/cache:       6325       9620
Swap:         8039          0       8039

2019年 07月 25日 星期四 23:41:07 CST
             total       used       free     shared    buffers     cached
Mem:         15945      15330        615          0        106       9286
-/+ buffers/cache:       5937      10008
Swap:         8039          0       8039

2019年 07月 25日 星期四 23:41:11 CST
             total       used       free     shared    buffers     cached
Mem:         15945      15676        269          0        106       9545
-/+ buffers/cache:       6024       9921
Swap:         8039          0       8039

2019年 07月 25日 星期四 23:41:15 CST
             total       used       free     shared    buffers     cached
Mem:         15945      15789        156          0        106       9581
-/+ buffers/cache:       6101       9844
Swap:         8039          0       8039

2019年 07月 25日 星期四 23:41:19 CST
             total       used       free     shared    buffers     cached
Mem:         15945      15763        182          0        106       9496
-/+ buffers/cache:       6160       9785
Swap:         8039          0       8039

2019年 07月 25日 星期四 23:41:23 CST
             total       used       free     shared    buffers     cached
Mem:         15945      14649       1296          0        106       9663
-/+ buffers/cache:       4879      11065
Swap:         8039          0       8039

2019年 07月 25日 星期四 23:41:27 CST
             total       used       free     shared    buffers     cached
Mem:         15945      14998        947          0        106      10016
-/+ buffers/cache:       4875      11069
Swap:         8039          0       8039

2019年 07月 25日 星期四 23:41:31 CST
             total       used       free     shared    buffers     cached
Mem:         15945      15287        657          0        106      10150
-/+ buffers/cache:       5030      10914
Swap:         8039          0       8039

2019年 07月 25日 星期四 23:41:36 CST
             total       used       free     shared    buffers     cached
Mem:         15945      15669        276          0        106      10214
-/+ buffers/cache:       5348      10597
Swap:         8039          0       8039

2019年 07月 25日 星期四 23:41:40 CST
             total       used       free     shared    buffers     cached
Mem:         15945      15780        165          0        106      10082
-/+ buffers/cache:       5591      10353
Swap:         8039          0       8039

2019年 07月 25日 星期四 23:41:44 CST
             total       used       free     shared    buffers     cached
Mem:         15945      15776        168          0        106       9774
-/+ buffers/cache:       5895      10050
Swap:         8039          0       8039

2019年 07月 25日 星期四 23:41:48 CST
             total       used       free     shared    buffers     cached
Mem:         15945      15583        362          0        106       9690
-/+ buffers/cache:       5786      10158
Swap:         8039          0       8039

2019年 07月 25日 星期四 23:41:52 CST
             total       used       free     shared    buffers     cached
Mem:         15945      15367        577          0        106       9689
-/+ buffers/cache:       5572      10372
Swap:         8039          0       8039

2019年 07月 25日 星期四 23:41:56 CST
             total       used       free     shared    buffers     cached
Mem:         15945      15734        211          0        106       9686
-/+ buffers/cache:       5941      10004
Swap:         8039          0       8039

2019年 07月 25日 星期四 23:42:00 CST
             total       used       free     shared    buffers     cached
Mem:         15945      12305       3640          0        106       9146
-/+ buffers/cache:       3052      12893
Swap:         8039          0       8039

2019年 07月 25日 星期四 23:42:04 CST
             total       used       free     shared    buffers     cached
Mem:         15945      13261       2684          0        106       9440
-/+ buffers/cache:       3713      12231
Swap:         8039          0       8039

2019年 07月 25日 星期四 23:42:08 CST
             total       used       free     shared    buffers     cached
Mem:         15945      13549       2396          0        106       9462
-/+ buffers/cache:       3979      11965
Swap:         8039          0       8039

2019年 07月 25日 星期四 23:42:12 CST
             total       used       free     shared    buffers     cached
Mem:         15945      12911       3034          0        106       9606
-/+ buffers/cache:       3198      12747
Swap:         8039          0       8039

2019年 07月 25日 星期四 23:42:16 CST
             total       used       free     shared    buffers     cached
Mem:         15945      13338       2606          0        106       9807
-/+ buffers/cache:       3424      12521
Swap:         8039          0       8039

2019年 07月 25日 星期四 23:42:20 CST
             total       used       free     shared    buffers     cached
Mem:         15945      13410       2535          0        106       9919
-/+ buffers/cache:       3384      12561
Swap:         8039          0       8039

2019年 07月 25日 星期四 23:42:24 CST
             total       used       free     shared    buffers     cached
Mem:         15945      13235       2709          0        106       9919
-/+ buffers/cache:       3210      12735
Swap:         8039          0       8039

2019年 07月 25日 星期四 23:42:28 CST
             total       used       free     shared    buffers     cached
Mem:         15945      13655       2289          0        106       9919
-/+ buffers/cache:       3629      12316
Swap:         8039          0       8039

2019年 07月 25日 星期四 23:42:32 CST
             total       used       free     shared    buffers     cached
Mem:         15945      14353       1592          0        106       9921
-/+ buffers/cache:       4325      11619
Swap:         8039          0       8039

2019年 07月 25日 星期四 23:42:36 CST
             total       used       free     shared    buffers     cached
Mem:         15945      14756       1188          0        106       9921
-/+ buffers/cache:       4728      11216
Swap:         8039          0       8039

2019年 07月 25日 星期四 23:42:40 CST
             total       used       free     shared    buffers     cached
Mem:         15945      14640       1304          0        106       9922
-/+ buffers/cache:       4612      11333
Swap:         8039          0       8039

2019年 07月 25日 星期四 23:42:44 CST
             total       used       free     shared    buffers     cached
Mem:         15945      14954        990          0        106       9564
-/+ buffers/cache:       5283      10662
Swap:         8039          0       8039

2019年 07月 25日 星期四 23:42:48 CST
             total       used       free     shared    buffers     cached
Mem:         15945      13144       2801          0        106       9891
-/+ buffers/cache:       3146      12798
Swap:         8039          0       8039

2019年 07月 25日 星期四 23:42:52 CST
             total       used       free     shared    buffers     cached
Mem:         15945      13520       2424          0        106       9561
-/+ buffers/cache:       3852      12092
Swap:         8039          0       8039

2019年 07月 25日 星期四 23:42:56 CST
             total       used       free     shared    buffers     cached
Mem:         15945      13992       1952          0        106       9562
-/+ buffers/cache:       4323      11621
Swap:         8039          0       8039

2019年 07月 25日 星期四 23:43:00 CST
             total       used       free     shared    buffers     cached
Mem:         15945      14792       1153          0        106       9563
-/+ buffers/cache:       5122      10823
Swap:         8039          0       8039

2019年 07月 25日 星期四 23:43:04 CST
             total       used       free     shared    buffers     cached
Mem:         15945      14917       1027          0        106       9568
-/+ buffers/cache:       5243      10702
Swap:         8039          0       8039

2019年 07月 25日 星期四 23:43:08 CST
             total       used       free     shared    buffers     cached
Mem:         15945      15194        750          0        106       9383
-/+ buffers/cache:       5704      10241
Swap:         8039          0       8039

2019年 07月 25日 星期四 23:43:12 CST
             total       used       free     shared    buffers     cached
Mem:         15945      13506       2439          0        106       9565
-/+ buffers/cache:       3834      12111
Swap:         8039          0       8039

2019年 07月 25日 星期四 23:43:16 CST
             total       used       free     shared    buffers     cached
Mem:         15945      13783       2161          0        106       9196
-/+ buffers/cache:       4480      11464
Swap:         8039          0       8039

2019年 07月 25日 星期四 23:43:20 CST
             total       used       free     shared    buffers     cached
Mem:         15945      14634       1311          0        106       9209
-/+ buffers/cache:       5318      10626
Swap:         8039          0       8039

2019年 07月 25日 星期四 23:43:24 CST
             total       used       free     shared    buffers     cached
Mem:         15945      15205        740          0        106       9222
-/+ buffers/cache:       5876      10069
Swap:         8039          0       8039

2019年 07月 25日 星期四 23:43:28 CST
             total       used       free     shared    buffers     cached
Mem:         15945      15647        297          0        106       9240
-/+ buffers/cache:       6300       9645
Swap:         8039          0       8039

2019年 07月 25日 星期四 23:43:32 CST
             total       used       free     shared    buffers     cached
Mem:         15945      15794        151          0        106       9123
-/+ buffers/cache:       6563       9381
Swap:         8039          0       8039

2019年 07月 25日 星期四 23:43:36 CST
             total       used       free     shared    buffers     cached
Mem:         15945      15781        164          0        106       8891
-/+ buffers/cache:       6783       9162
Swap:         8039          0       8039

2019年 07月 25日 星期四 23:43:40 CST
             total       used       free     shared    buffers     cached
Mem:         15945      15796        148          0        106       8598
-/+ buffers/cache:       7091       8853
Swap:         8039          0       8039

2019年 07月 25日 星期四 23:43:44 CST
             total       used       free     shared    buffers     cached
Mem:         15945      15773        171          0        106       8448
-/+ buffers/cache:       7219       8726
Swap:         8039          0       8039

2019年 07月 25日 星期四 23:43:48 CST
             total       used       free     shared    buffers     cached
Mem:         15945      15782        163          0        106       8372
-/+ buffers/cache:       7303       8642
Swap:         8039          0       8039

2019年 07月 25日 星期四 23:43:52 CST
             total       used       free     shared    buffers     cached
Mem:         15945      14258       1686          0        106       8215
-/+ buffers/cache:       5936      10009
Swap:         8039          0       8039

2019年 07月 25日 星期四 23:43:56 CST
             total       used       free     shared    buffers     cached
Mem:         15945      14429       1516          0        106       8224
-/+ buffers/cache:       6097       9847
Swap:         8039          0       8039

2019年 07月 25日 星期四 23:44:00 CST
             total       used       free     shared    buffers     cached
Mem:         15945      14538       1406          0        106       8303
-/+ buffers/cache:       6128       9816
Swap:         8039          0       8039

2019年 07月 25日 星期四 23:44:04 CST
             total       used       free     shared    buffers     cached
Mem:         15945      11763       4181          0        106       8202
-/+ buffers/cache:       3455      12490
Swap:         8039          0       8039

2019年 07月 25日 星期四 23:44:08 CST
             total       used       free     shared    buffers     cached
Mem:         15945      12537       3407          0        106       8391
-/+ buffers/cache:       4039      11905
Swap:         8039          0       8039

2019年 07月 25日 星期四 23:44:12 CST
             total       used       free     shared    buffers     cached
Mem:         15945      13104       2841          0        106       8391
-/+ buffers/cache:       4605      11339
Swap:         8039          0       8039

2019年 07月 25日 星期四 23:44:16 CST
             total       used       free     shared    buffers     cached
Mem:         15945      13721       2224          0        106       8414
-/+ buffers/cache:       5200      10745
Swap:         8039          0       8039

2019年 07月 25日 星期四 23:44:20 CST
             total       used       free     shared    buffers     cached
Mem:         15945      12625       3320          0        106       8422
-/+ buffers/cache:       4095      11849
Swap:         8039          0       8039

2019年 07月 25日 星期四 23:44:25 CST
             total       used       free     shared    buffers     cached
Mem:         15945      13280       2665          0        106       8249
-/+ buffers/cache:       4924      11021
Swap:         8039          0       8039

2019年 07月 25日 星期四 23:44:29 CST
             total       used       free     shared    buffers     cached
Mem:         15945      13991       1954          0        106       8323
-/+ buffers/cache:       5561      10384
Swap:         8039          0       8039

2019年 07月 25日 星期四 23:44:33 CST
             total       used       free     shared    buffers     cached
Mem:         15945      14588       1357          0        106       8425
-/+ buffers/cache:       6056       9889
Swap:         8039          0       8039

2019年 07月 25日 星期四 23:44:37 CST
             total       used       free     shared    buffers     cached
Mem:         15945      14868       1076          0        106       8465
-/+ buffers/cache:       6297       9648
Swap:         8039          0       8039

2019年 07月 25日 星期四 23:44:41 CST
             total       used       free     shared    buffers     cached
Mem:         15945      15332        612          0        106       8471
-/+ buffers/cache:       6754       9190
Swap:         8039          0       8039

2019年 07月 25日 星期四 23:44:45 CST
             total       used       free     shared    buffers     cached
Mem:         15945      15560        385          0        106       8472
-/+ buffers/cache:       6981       8963
Swap:         8039          0       8039

2019年 07月 25日 星期四 23:44:49 CST
             total       used       free     shared    buffers     cached
Mem:         15945      15691        254          0        106       8483
-/+ buffers/cache:       7100       8844
Swap:         8039          0       8039

2019年 07月 25日 星期四 23:44:53 CST
             total       used       free     shared    buffers     cached
Mem:         15945      15778        167          0        106       8411
-/+ buffers/cache:       7259       8685
Swap:         8039          0       8039

2019年 07月 25日 星期四 23:44:57 CST
             total       used       free     shared    buffers     cached
Mem:         15945      15782        163          0        106       8270
-/+ buffers/cache:       7405       8540
Swap:         8039          0       8039

2019年 07月 25日 星期四 23:45:01 CST
             total       used       free     shared    buffers     cached
Mem:         15945      15777        167          0        106       8152
-/+ buffers/cache:       7519       8426
Swap:         8039          0       8039

2019年 07月 25日 星期四 23:45:05 CST
             total       used       free     shared    buffers     cached
Mem:         15945      12789       3156          0        106       7971
-/+ buffers/cache:       4711      11234
Swap:         8039          0       8039

2019年 07月 25日 星期四 23:45:09 CST
             total       used       free     shared    buffers     cached
Mem:         15945      12725       3219          0        106       8013
-/+ buffers/cache:       4605      11339
Swap:         8039          0       8039

2019年 07月 25日 星期四 23:45:13 CST
             total       used       free     shared    buffers     cached
Mem:         15945      13299       2645          0        106       8034
-/+ buffers/cache:       5159      10786
Swap:         8039          0       8039

2019年 07月 25日 星期四 23:45:17 CST
             total       used       free     shared    buffers     cached
Mem:         15945      11625       4320          0        106       8002
-/+ buffers/cache:       3516      12429
Swap:         8039          0       8039

2019年 07月 25日 星期四 23:45:21 CST
             total       used       free     shared    buffers     cached
Mem:         15945      11906       4038          0        106       8002
-/+ buffers/cache:       3797      12147
Swap:         8039          0       8039

2019年 07月 25日 星期四 23:45:25 CST
             total       used       free     shared    buffers     cached
Mem:         15945      11778       4166          0        106       7817
-/+ buffers/cache:       3854      12090
Swap:         8039          0       8039

2019年 07月 25日 星期四 23:45:29 CST
             total       used       free     shared    buffers     cached
Mem:         15945      11861       4083          0        106       7899
-/+ buffers/cache:       3856      12089
Swap:         8039          0       8039

2019年 07月 25日 星期四 23:45:33 CST
             total       used       free     shared    buffers     cached
Mem:         15945      12587       3358          0        106       8249
-/+ buffers/cache:       4231      11713
Swap:         8039          0       8039

2019年 07月 25日 星期四 23:45:37 CST
             total       used       free     shared    buffers     cached
Mem:         15945      13196       2748          0        106       8249
-/+ buffers/cache:       4840      11105
Swap:         8039          0       8039

2019年 07月 25日 星期四 23:45:41 CST
             total       used       free     shared    buffers     cached
Mem:         15945      13787       2157          0        106       8252
-/+ buffers/cache:       5429      10516
Swap:         8039          0       8039

2019年 07月 25日 星期四 23:45:45 CST
             total       used       free     shared    buffers     cached
Mem:         15945      14347       1597          0        106       8270
-/+ buffers/cache:       5970       9975
Swap:         8039          0       8039

2019年 07月 25日 星期四 23:45:49 CST
             total       used       free     shared    buffers     cached
Mem:         15945      14710       1235          0        106       8281
-/+ buffers/cache:       6321       9623
Swap:         8039          0       8039

2019年 07月 25日 星期四 23:45:53 CST
             total       used       free     shared    buffers     cached
Mem:         15945      14806       1138          0        106       8298
-/+ buffers/cache:       6401       9543
Swap:         8039          0       8039

2019年 07月 25日 星期四 23:45:57 CST
             total       used       free     shared    buffers     cached
Mem:         15945      13684       2261          0        106       8356
-/+ buffers/cache:       5221      10724
Swap:         8039          0       8039

2019年 07月 25日 星期四 23:46:01 CST
             total       used       free     shared    buffers     cached
Mem:         15945      13102       2843          0        106       8332
-/+ buffers/cache:       4663      11282
Swap:         8039          0       8039

2019年 07月 25日 星期四 23:46:05 CST
             total       used       free     shared    buffers     cached
Mem:         15945      13143       2802          0        106       8321
-/+ buffers/cache:       4715      11229
Swap:         8039          0       8039

2019年 07月 25日 星期四 23:46:09 CST
             total       used       free     shared    buffers     cached
Mem:         15945      13240       2705          0        106       8328
-/+ buffers/cache:       4805      11140
Swap:         8039          0       8039

2019年 07月 25日 星期四 23:46:13 CST
             total       used       free     shared    buffers     cached
Mem:         15945      13324       2621          0        106       8337
-/+ buffers/cache:       4880      11064
Swap:         8039          0       8039

2019年 07月 25日 星期四 23:46:17 CST
             total       used       free     shared    buffers     cached
Mem:         15945      13397       2548          0        106       8349
-/+ buffers/cache:       4941      11003
Swap:         8039          0       8039

2019年 07月 25日 星期四 23:46:21 CST
             total       used       free     shared    buffers     cached
Mem:         15945      13539       2406          0        106       8356
-/+ buffers/cache:       5076      10869
Swap:         8039          0       8039

2019年 07月 25日 星期四 23:46:25 CST
             total       used       free     shared    buffers     cached
Mem:         15945      13736       2209          0        106       8411
-/+ buffers/cache:       5218      10727
Swap:         8039          0       8039

2019年 07月 25日 星期四 23:46:29 CST
             total       used       free     shared    buffers     cached
Mem:         15945      10871       5073          0        106       8393
-/+ buffers/cache:       2371      13573
Swap:         8039          0       8039

2019年 07月 25日 星期四 23:46:33 CST
             total       used       free     shared    buffers     cached
Mem:         15945      10112       5833          0        106       8021
-/+ buffers/cache:       1984      13960
Swap:         8039          0       8039

2019年 07月 25日 星期四 23:46:37 CST
             total       used       free     shared    buffers     cached
Mem:         15945      10112       5833          0        106       8021
-/+ buffers/cache:       1984      13960
Swap:         8039          0       8039

2019年 07月 25日 星期四 23:46:41 CST
             total       used       free     shared    buffers     cached
Mem:         15945      10111       5834          0        106       8021
-/+ buffers/cache:       1983      13961
Swap:         8039          0       8039

