
Linux 2.6.32-431.el6.x86_64 (slave1) 	2019年07月27日 	_x86_64_	(8 CPU)

02时06分03秒  CPU    %usr   %nice    %sys %iowait    %irq   %soft  %steal  %guest   %idle
02时06分04秒  all    0.00    0.00    0.13    0.00    0.00    0.00    0.00    0.00   99.87
平均时间:  all    0.00    0.00    0.13    0.00    0.00    0.00    0.00    0.00   99.87

Linux 2.6.32-431.el6.x86_64 (slave1) 	2019年07月27日 	_x86_64_	(8 CPU)

02时06分07秒  CPU    %usr   %nice    %sys %iowait    %irq   %soft  %steal  %guest   %idle
02时06分08秒  all    0.38    0.00    0.00    0.00    0.00    0.00    0.00    0.00   99.62
平均时间:  all    0.38    0.00    0.00    0.00    0.00    0.00    0.00    0.00   99.62

Linux 2.6.32-431.el6.x86_64 (slave1) 	2019年07月27日 	_x86_64_	(8 CPU)

02时06分11秒  CPU    %usr   %nice    %sys %iowait    %irq   %soft  %steal  %guest   %idle
02时06分12秒  all    0.00    0.00    0.13    0.00    0.00    0.00    0.00    0.00   99.87
平均时间:  all    0.00    0.00    0.13    0.00    0.00    0.00    0.00    0.00   99.87

Linux 2.6.32-431.el6.x86_64 (slave1) 	2019年07月27日 	_x86_64_	(8 CPU)

02时06分15秒  CPU    %usr   %nice    %sys %iowait    %irq   %soft  %steal  %guest   %idle
02时06分16秒  all    0.00    0.00    0.00    0.00    0.00    0.00    0.00    0.00  100.00
平均时间:  all    0.00    0.00    0.00    0.00    0.00    0.00    0.00    0.00  100.00

Linux 2.6.32-431.el6.x86_64 (slave1) 	2019年07月27日 	_x86_64_	(8 CPU)

02时06分19秒  CPU    %usr   %nice    %sys %iowait    %irq   %soft  %steal  %guest   %idle
02时06分20秒  all    0.00    0.00    0.00    0.00    0.00    0.00    0.00    0.00  100.00
平均时间:  all    0.00    0.00    0.00    0.00    0.00    0.00    0.00    0.00  100.00

Linux 2.6.32-431.el6.x86_64 (slave1) 	2019年07月27日 	_x86_64_	(8 CPU)

02时06分23秒  CPU    %usr   %nice    %sys %iowait    %irq   %soft  %steal  %guest   %idle
02时06分24秒  all    0.52    0.00    6.22    0.00    0.39    3.50    0.00    0.00   89.38
平均时间:  all    0.52    0.00    6.22    0.00    0.39    3.50    0.00    0.00   89.38

Linux 2.6.32-431.el6.x86_64 (slave1) 	2019年07月27日 	_x86_64_	(8 CPU)

02时06分27秒  CPU    %usr   %nice    %sys %iowait    %irq   %soft  %steal  %guest   %idle
02时06分28秒  all    3.42    0.00   10.38    0.00    0.82   21.04    0.00    0.00   64.34
平均时间:  all    3.42    0.00   10.38    0.00    0.82   21.04    0.00    0.00   64.34

Linux 2.6.32-431.el6.x86_64 (slave1) 	2019年07月27日 	_x86_64_	(8 CPU)

02时06分31秒  CPU    %usr   %nice    %sys %iowait    %irq   %soft  %steal  %guest   %idle
02时06分32秒  all   66.79    0.00   20.61    0.00    0.25    5.47    0.00    0.00    6.87
平均时间:  all   66.79    0.00   20.61    0.00    0.25    5.47    0.00    0.00    6.87

Linux 2.6.32-431.el6.x86_64 (slave1) 	2019年07月27日 	_x86_64_	(8 CPU)

02时06分35秒  CPU    %usr   %nice    %sys %iowait    %irq   %soft  %steal  %guest   %idle
02时06分36秒  all   74.34    0.00   18.77    0.00    0.25    6.26    0.00    0.00    0.38
平均时间:  all   74.34    0.00   18.77    0.00    0.25    6.26    0.00    0.00    0.38

Linux 2.6.32-431.el6.x86_64 (slave1) 	2019年07月27日 	_x86_64_	(8 CPU)

02时06分39秒  CPU    %usr   %nice    %sys %iowait    %irq   %soft  %steal  %guest   %idle
02时06分40秒  all   82.27    0.00   11.99    0.00    0.25    5.49    0.00    0.00    0.00
平均时间:  all   82.27    0.00   11.99    0.00    0.25    5.49    0.00    0.00    0.00

Linux 2.6.32-431.el6.x86_64 (slave1) 	2019年07月27日 	_x86_64_	(8 CPU)

02时06分43秒  CPU    %usr   %nice    %sys %iowait    %irq   %soft  %steal  %guest   %idle
02时06分44秒  all   93.62    0.00    6.25    0.00    0.00    0.00    0.00    0.00    0.12
平均时间:  all   93.62    0.00    6.25    0.00    0.00    0.00    0.00    0.00    0.12

Linux 2.6.32-431.el6.x86_64 (slave1) 	2019年07月27日 	_x86_64_	(8 CPU)

02时06分47秒  CPU    %usr   %nice    %sys %iowait    %irq   %soft  %steal  %guest   %idle
02时06分48秒  all   92.76    0.00    6.49    0.00    0.00    0.12    0.00    0.00    0.62
平均时间:  all   92.76    0.00    6.49    0.00    0.00    0.12    0.00    0.00    0.62

Linux 2.6.32-431.el6.x86_64 (slave1) 	2019年07月27日 	_x86_64_	(8 CPU)

02时06分51秒  CPU    %usr   %nice    %sys %iowait    %irq   %soft  %steal  %guest   %idle
02时06分52秒  all   76.56    0.00    5.22    0.00    0.00    0.00    0.00    0.00   18.22
平均时间:  all   76.56    0.00    5.22    0.00    0.00    0.00    0.00    0.00   18.22

Linux 2.6.32-431.el6.x86_64 (slave1) 	2019年07月27日 	_x86_64_	(8 CPU)

02时06分55秒  CPU    %usr   %nice    %sys %iowait    %irq   %soft  %steal  %guest   %idle
02时06分56秒  all   50.83    0.00    5.49    0.00    0.00    0.13    0.00    0.00   43.55
平均时间:  all   50.83    0.00    5.49    0.00    0.00    0.13    0.00    0.00   43.55

Linux 2.6.32-431.el6.x86_64 (slave1) 	2019年07月27日 	_x86_64_	(8 CPU)

02时06分59秒  CPU    %usr   %nice    %sys %iowait    %irq   %soft  %steal  %guest   %idle
02时07分00秒  all   17.41    0.00    4.83    0.00    0.13    3.81    0.00    0.00   73.82
平均时间:  all   17.41    0.00    4.83    0.00    0.13    3.81    0.00    0.00   73.82

Linux 2.6.32-431.el6.x86_64 (slave1) 	2019年07月27日 	_x86_64_	(8 CPU)

02时07分03秒  CPU    %usr   %nice    %sys %iowait    %irq   %soft  %steal  %guest   %idle
02时07分04秒  all    3.18    0.00    1.14    0.00    0.00    0.00    0.00    0.00   95.68
平均时间:  all    3.18    0.00    1.14    0.00    0.00    0.00    0.00    0.00   95.68

Linux 2.6.32-431.el6.x86_64 (slave1) 	2019年07月27日 	_x86_64_	(8 CPU)

02时07分07秒  CPU    %usr   %nice    %sys %iowait    %irq   %soft  %steal  %guest   %idle
02时07分08秒  all   26.43    0.00    3.56    0.00    0.00    0.00    0.00    0.00   70.01
平均时间:  all   26.43    0.00    3.56    0.00    0.00    0.00    0.00    0.00   70.01

Linux 2.6.32-431.el6.x86_64 (slave1) 	2019年07月27日 	_x86_64_	(8 CPU)

02时07分11秒  CPU    %usr   %nice    %sys %iowait    %irq   %soft  %steal  %guest   %idle
02时07分12秒  all   23.91    0.00    6.27    0.00    0.00    0.64    0.00    0.00   69.18
平均时间:  all   23.91    0.00    6.27    0.00    0.00    0.64    0.00    0.00   69.18

Linux 2.6.32-431.el6.x86_64 (slave1) 	2019年07月27日 	_x86_64_	(8 CPU)

02时07分15秒  CPU    %usr   %nice    %sys %iowait    %irq   %soft  %steal  %guest   %idle
02时07分16秒  all   17.31    0.00    6.54    0.00    0.00    0.13    0.00    0.00   76.03
平均时间:  all   17.31    0.00    6.54    0.00    0.00    0.13    0.00    0.00   76.03

Linux 2.6.32-431.el6.x86_64 (slave1) 	2019年07月27日 	_x86_64_	(8 CPU)

02时07分19秒  CPU    %usr   %nice    %sys %iowait    %irq   %soft  %steal  %guest   %idle
02时07分20秒  all   67.93    0.00    8.37    0.00    0.00    0.00    0.00    0.00   23.70
平均时间:  all   67.93    0.00    8.37    0.00    0.00    0.00    0.00    0.00   23.70

Linux 2.6.32-431.el6.x86_64 (slave1) 	2019年07月27日 	_x86_64_	(8 CPU)

02时07分23秒  CPU    %usr   %nice    %sys %iowait    %irq   %soft  %steal  %guest   %idle
02时07分24秒  all   62.99    0.00    9.25    0.00    0.00    0.13    0.00    0.00   27.63
平均时间:  all   62.99    0.00    9.25    0.00    0.00    0.13    0.00    0.00   27.63

Linux 2.6.32-431.el6.x86_64 (slave1) 	2019年07月27日 	_x86_64_	(8 CPU)

02时07分27秒  CPU    %usr   %nice    %sys %iowait    %irq   %soft  %steal  %guest   %idle
02时07分28秒  all   86.32    0.00    8.16    0.00    0.00    0.13    0.00    0.00    5.40
平均时间:  all   86.32    0.00    8.16    0.00    0.00    0.13    0.00    0.00    5.40

Linux 2.6.32-431.el6.x86_64 (slave1) 	2019年07月27日 	_x86_64_	(8 CPU)

02时07分31秒  CPU    %usr   %nice    %sys %iowait    %irq   %soft  %steal  %guest   %idle
02时07分32秒  all   74.90    0.00    9.04    0.00    0.00    0.25    0.00    0.00   15.80
平均时间:  all   74.90    0.00    9.04    0.00    0.00    0.25    0.00    0.00   15.80

Linux 2.6.32-431.el6.x86_64 (slave1) 	2019年07月27日 	_x86_64_	(8 CPU)

02时07分35秒  CPU    %usr   %nice    %sys %iowait    %irq   %soft  %steal  %guest   %idle
02时07分36秒  all   37.97    0.00    4.63    0.13    0.00    0.51    0.00    0.00   56.76
平均时间:  all   37.97    0.00    4.63    0.13    0.00    0.51    0.00    0.00   56.76

Linux 2.6.32-431.el6.x86_64 (slave1) 	2019年07月27日 	_x86_64_	(8 CPU)

02时07分39秒  CPU    %usr   %nice    %sys %iowait    %irq   %soft  %steal  %guest   %idle
02时07分40秒  all   71.46    0.00    8.59    0.00    0.00    0.13    0.00    0.00   19.82
平均时间:  all   71.46    0.00    8.59    0.00    0.00    0.13    0.00    0.00   19.82

Linux 2.6.32-431.el6.x86_64 (slave1) 	2019年07月27日 	_x86_64_	(8 CPU)

02时07分43秒  CPU    %usr   %nice    %sys %iowait    %irq   %soft  %steal  %guest   %idle
02时07分44秒  all   93.39    0.00    6.48    0.00    0.00    0.12    0.00    0.00    0.00
平均时间:  all   93.39    0.00    6.48    0.00    0.00    0.12    0.00    0.00    0.00

Linux 2.6.32-431.el6.x86_64 (slave1) 	2019年07月27日 	_x86_64_	(8 CPU)

02时07分47秒  CPU    %usr   %nice    %sys %iowait    %irq   %soft  %steal  %guest   %idle
02时07分48秒  all   91.61    0.00    6.88    0.00    0.00    0.13    0.00    0.00    1.38
平均时间:  all   91.61    0.00    6.88    0.00    0.00    0.13    0.00    0.00    1.38

Linux 2.6.32-431.el6.x86_64 (slave1) 	2019年07月27日 	_x86_64_	(8 CPU)

02时07分51秒  CPU    %usr   %nice    %sys %iowait    %irq   %soft  %steal  %guest   %idle
02时07分52秒  all   72.14    0.00   11.20    0.00    0.00    0.25    0.00    0.00   16.41
平均时间:  all   72.14    0.00   11.20    0.00    0.00    0.25    0.00    0.00   16.41

Linux 2.6.32-431.el6.x86_64 (slave1) 	2019年07月27日 	_x86_64_	(8 CPU)

02时07分55秒  CPU    %usr   %nice    %sys %iowait    %irq   %soft  %steal  %guest   %idle
02时07分56秒  all   90.24    0.00    9.26    0.00    0.00    0.38    0.00    0.00    0.13
平均时间:  all   90.24    0.00    9.26    0.00    0.00    0.38    0.00    0.00    0.13

Linux 2.6.32-431.el6.x86_64 (slave1) 	2019年07月27日 	_x86_64_	(8 CPU)

02时07分59秒  CPU    %usr   %nice    %sys %iowait    %irq   %soft  %steal  %guest   %idle
02时08分00秒  all   90.38    0.00    9.00    0.00    0.00    0.62    0.00    0.00    0.00
平均时间:  all   90.38    0.00    9.00    0.00    0.00    0.62    0.00    0.00    0.00

Linux 2.6.32-431.el6.x86_64 (slave1) 	2019年07月27日 	_x86_64_	(8 CPU)

02时08分04秒  CPU    %usr   %nice    %sys %iowait    %irq   %soft  %steal  %guest   %idle
02时08分05秒  all   93.63    0.00    6.12    0.00    0.12    0.12    0.00    0.00    0.00
平均时间:  all   93.63    0.00    6.12    0.00    0.12    0.12    0.00    0.00    0.00

Linux 2.6.32-431.el6.x86_64 (slave1) 	2019年07月27日 	_x86_64_	(8 CPU)

02时08分08秒  CPU    %usr   %nice    %sys %iowait    %irq   %soft  %steal  %guest   %idle
02时08分09秒  all   86.83    0.00    9.28    0.00    0.00    0.25    0.00    0.00    3.64
平均时间:  all   86.83    0.00    9.28    0.00    0.00    0.25    0.00    0.00    3.64

Linux 2.6.32-431.el6.x86_64 (slave1) 	2019年07月27日 	_x86_64_	(8 CPU)

02时08分12秒  CPU    %usr   %nice    %sys %iowait    %irq   %soft  %steal  %guest   %idle
02时08分13秒  all   74.49    0.00   12.44    0.00    0.00    0.38    0.00    0.00   12.69
平均时间:  all   74.49    0.00   12.44    0.00    0.00    0.38    0.00    0.00   12.69

Linux 2.6.32-431.el6.x86_64 (slave1) 	2019年07月27日 	_x86_64_	(8 CPU)

02时08分16秒  CPU    %usr   %nice    %sys %iowait    %irq   %soft  %steal  %guest   %idle
02时08分17秒  all   70.19    0.00    9.17    0.00    0.00    0.38    0.00    0.00   20.25
平均时间:  all   70.19    0.00    9.17    0.00    0.00    0.38    0.00    0.00   20.25

Linux 2.6.32-431.el6.x86_64 (slave1) 	2019年07月27日 	_x86_64_	(8 CPU)

02时08分20秒  CPU    %usr   %nice    %sys %iowait    %irq   %soft  %steal  %guest   %idle
02时08分21秒  all   36.36    0.00    4.35    0.00    0.00    0.38    0.00    0.00   58.90
平均时间:  all   36.36    0.00    4.35    0.00    0.00    0.38    0.00    0.00   58.90

Linux 2.6.32-431.el6.x86_64 (slave1) 	2019年07月27日 	_x86_64_	(8 CPU)

02时08分24秒  CPU    %usr   %nice    %sys %iowait    %irq   %soft  %steal  %guest   %idle
02时08分25秒  all   38.50    0.00   14.34    0.00    0.13    2.97    0.00    0.00   44.06
平均时间:  all   38.50    0.00   14.34    0.00    0.13    2.97    0.00    0.00   44.06

Linux 2.6.32-431.el6.x86_64 (slave1) 	2019年07月27日 	_x86_64_	(8 CPU)

02时08分28秒  CPU    %usr   %nice    %sys %iowait    %irq   %soft  %steal  %guest   %idle
02时08分29秒  all   52.31    0.00   15.30    0.00    0.13   15.81    0.00    0.00   16.45
平均时间:  all   52.31    0.00   15.30    0.00    0.13   15.81    0.00    0.00   16.45

Linux 2.6.32-431.el6.x86_64 (slave1) 	2019年07月27日 	_x86_64_	(8 CPU)

02时08分32秒  CPU    %usr   %nice    %sys %iowait    %irq   %soft  %steal  %guest   %idle
02时08分33秒  all   58.63    0.00   14.56    0.00    0.39   15.72    0.00    0.00   10.70
平均时间:  all   58.63    0.00   14.56    0.00    0.39   15.72    0.00    0.00   10.70

Linux 2.6.32-431.el6.x86_64 (slave1) 	2019年07月27日 	_x86_64_	(8 CPU)

02时08分36秒  CPU    %usr   %nice    %sys %iowait    %irq   %soft  %steal  %guest   %idle
02时08分37秒  all   63.25    0.00   13.70    0.00    0.26    8.58    0.00    0.00   14.21
平均时间:  all   63.25    0.00   13.70    0.00    0.26    8.58    0.00    0.00   14.21

Linux 2.6.32-431.el6.x86_64 (slave1) 	2019年07月27日 	_x86_64_	(8 CPU)

02时08分40秒  CPU    %usr   %nice    %sys %iowait    %irq   %soft  %steal  %guest   %idle
02时08分41秒  all   62.55    0.00   21.19    0.00    0.25   12.99    0.00    0.00    3.03
平均时间:  all   62.55    0.00   21.19    0.00    0.25   12.99    0.00    0.00    3.03

Linux 2.6.32-431.el6.x86_64 (slave1) 	2019年07月27日 	_x86_64_	(8 CPU)

02时08分44秒  CPU    %usr   %nice    %sys %iowait    %irq   %soft  %steal  %guest   %idle
02时08分45秒  all   11.29    0.00    0.50    0.00    0.00    0.00    0.00    0.00   88.21
平均时间:  all   11.29    0.00    0.50    0.00    0.00    0.00    0.00    0.00   88.21

Linux 2.6.32-431.el6.x86_64 (slave1) 	2019年07月27日 	_x86_64_	(8 CPU)

02时08分48秒  CPU    %usr   %nice    %sys %iowait    %irq   %soft  %steal  %guest   %idle
02时08分49秒  all   93.01    0.00    6.62    0.00    0.00    0.12    0.00    0.00    0.25
平均时间:  all   93.01    0.00    6.62    0.00    0.00    0.12    0.00    0.00    0.25

Linux 2.6.32-431.el6.x86_64 (slave1) 	2019年07月27日 	_x86_64_	(8 CPU)

02时08分52秒  CPU    %usr   %nice    %sys %iowait    %irq   %soft  %steal  %guest   %idle
02时08分53秒  all   69.46    0.00    8.62    0.00    0.00    0.00    0.00    0.00   21.93
平均时间:  all   69.46    0.00    8.62    0.00    0.00    0.00    0.00    0.00   21.93

Linux 2.6.32-431.el6.x86_64 (slave1) 	2019年07月27日 	_x86_64_	(8 CPU)

02时08分56秒  CPU    %usr   %nice    %sys %iowait    %irq   %soft  %steal  %guest   %idle
02时08分57秒  all   82.52    0.00   11.45    0.00    0.00    0.75    0.00    0.00    5.28
平均时间:  all   82.52    0.00   11.45    0.00    0.00    0.75    0.00    0.00    5.28

Linux 2.6.32-431.el6.x86_64 (slave1) 	2019年07月27日 	_x86_64_	(8 CPU)

02时09分00秒  CPU    %usr   %nice    %sys %iowait    %irq   %soft  %steal  %guest   %idle
02时09分01秒  all   79.90    0.00   11.81    0.00    0.00    0.25    0.00    0.00    8.04
平均时间:  all   79.90    0.00   11.81    0.00    0.00    0.25    0.00    0.00    8.04

Linux 2.6.32-431.el6.x86_64 (slave1) 	2019年07月27日 	_x86_64_	(8 CPU)

02时09分04秒  CPU    %usr   %nice    %sys %iowait    %irq   %soft  %steal  %guest   %idle
02时09分05秒  all   87.86    0.00   11.14    0.00    0.00    0.00    0.00    0.00    1.00
平均时间:  all   87.86    0.00   11.14    0.00    0.00    0.00    0.00    0.00    1.00

Linux 2.6.32-431.el6.x86_64 (slave1) 	2019年07月27日 	_x86_64_	(8 CPU)

02时09分08秒  CPU    %usr   %nice    %sys %iowait    %irq   %soft  %steal  %guest   %idle
02时09分09秒  all   57.53    0.00    8.16    0.00    0.00    0.77    0.00    0.00   33.55
平均时间:  all   57.53    0.00    8.16    0.00    0.00    0.77    0.00    0.00   33.55

Linux 2.6.32-431.el6.x86_64 (slave1) 	2019年07月27日 	_x86_64_	(8 CPU)

02时09分12秒  CPU    %usr   %nice    %sys %iowait    %irq   %soft  %steal  %guest   %idle
02时09分13秒  all   64.29    0.00    8.13    0.00    0.00    0.00    0.00    0.00   27.57
平均时间:  all   64.29    0.00    8.13    0.00    0.00    0.00    0.00    0.00   27.57

Linux 2.6.32-431.el6.x86_64 (slave1) 	2019年07月27日 	_x86_64_	(8 CPU)

02时09分16秒  CPU    %usr   %nice    %sys %iowait    %irq   %soft  %steal  %guest   %idle
02时09分17秒  all   92.37    0.00    6.51    0.00    0.00    0.00    0.00    0.00    1.13
平均时间:  all   92.37    0.00    6.51    0.00    0.00    0.00    0.00    0.00    1.13

Linux 2.6.32-431.el6.x86_64 (slave1) 	2019年07月27日 	_x86_64_	(8 CPU)

02时09分20秒  CPU    %usr   %nice    %sys %iowait    %irq   %soft  %steal  %guest   %idle
02时09分21秒  all   86.62    0.00    8.38    0.00    0.00    0.25    0.00    0.00    4.75
平均时间:  all   86.62    0.00    8.38    0.00    0.00    0.25    0.00    0.00    4.75

Linux 2.6.32-431.el6.x86_64 (slave1) 	2019年07月27日 	_x86_64_	(8 CPU)

02时09分24秒  CPU    %usr   %nice    %sys %iowait    %irq   %soft  %steal  %guest   %idle
02时09分25秒  all   91.25    0.00    8.25    0.00    0.00    0.38    0.00    0.00    0.12
平均时间:  all   91.25    0.00    8.25    0.00    0.00    0.38    0.00    0.00    0.12

Linux 2.6.32-431.el6.x86_64 (slave1) 	2019年07月27日 	_x86_64_	(8 CPU)

02时09分28秒  CPU    %usr   %nice    %sys %iowait    %irq   %soft  %steal  %guest   %idle
02时09分29秒  all   89.86    0.00    6.88    0.00    0.00    0.25    0.00    0.00    3.00
平均时间:  all   89.86    0.00    6.88    0.00    0.00    0.25    0.00    0.00    3.00

Linux 2.6.32-431.el6.x86_64 (slave1) 	2019年07月27日 	_x86_64_	(8 CPU)

02时09分32秒  CPU    %usr   %nice    %sys %iowait    %irq   %soft  %steal  %guest   %idle
02时09分33秒  all   75.41    0.00    8.32    0.00    0.00    0.00    0.00    0.00   16.27
平均时间:  all   75.41    0.00    8.32    0.00    0.00    0.00    0.00    0.00   16.27

Linux 2.6.32-431.el6.x86_64 (slave1) 	2019年07月27日 	_x86_64_	(8 CPU)

02时09分36秒  CPU    %usr   %nice    %sys %iowait    %irq   %soft  %steal  %guest   %idle
02时09分37秒  all   82.94    0.00   12.17    0.00    0.00    0.13    0.00    0.00    4.77
平均时间:  all   82.94    0.00   12.17    0.00    0.00    0.13    0.00    0.00    4.77

Linux 2.6.32-431.el6.x86_64 (slave1) 	2019年07月27日 	_x86_64_	(8 CPU)

02时09分40秒  CPU    %usr   %nice    %sys %iowait    %irq   %soft  %steal  %guest   %idle
02时09分41秒  all    3.95    0.00    7.39    0.00    0.00    0.13    0.00    0.00   88.54
平均时间:  all    3.95    0.00    7.39    0.00    0.00    0.13    0.00    0.00   88.54

Linux 2.6.32-431.el6.x86_64 (slave1) 	2019年07月27日 	_x86_64_	(8 CPU)

02时09分44秒  CPU    %usr   %nice    %sys %iowait    %irq   %soft  %steal  %guest   %idle
02时09分45秒  all   77.00    0.00   21.38    0.00    0.00    1.00    0.00    0.00    0.62
平均时间:  all   77.00    0.00   21.38    0.00    0.00    1.00    0.00    0.00    0.62

Linux 2.6.32-431.el6.x86_64 (slave1) 	2019年07月27日 	_x86_64_	(8 CPU)

02时09分48秒  CPU    %usr   %nice    %sys %iowait    %irq   %soft  %steal  %guest   %idle
02时09分49秒  all   88.74    0.00    8.89    0.00    0.00    0.00    0.00    0.00    2.38
平均时间:  all   88.74    0.00    8.89    0.00    0.00    0.00    0.00    0.00    2.38

Linux 2.6.32-431.el6.x86_64 (slave1) 	2019年07月27日 	_x86_64_	(8 CPU)

02时09分52秒  CPU    %usr   %nice    %sys %iowait    %irq   %soft  %steal  %guest   %idle
02时09分53秒  all   89.10    0.00    7.52    0.00    0.00    0.00    0.00    0.00    3.38
平均时间:  all   89.10    0.00    7.52    0.00    0.00    0.00    0.00    0.00    3.38

Linux 2.6.32-431.el6.x86_64 (slave1) 	2019年07月27日 	_x86_64_	(8 CPU)

02时09分56秒  CPU    %usr   %nice    %sys %iowait    %irq   %soft  %steal  %guest   %idle
02时09分57秒  all   92.49    0.00    7.13    0.00    0.00    0.13    0.00    0.00    0.25
平均时间:  all   92.49    0.00    7.13    0.00    0.00    0.13    0.00    0.00    0.25

Linux 2.6.32-431.el6.x86_64 (slave1) 	2019年07月27日 	_x86_64_	(8 CPU)

02时10分00秒  CPU    %usr   %nice    %sys %iowait    %irq   %soft  %steal  %guest   %idle
02时10分01秒  all   62.93    0.00   13.50    0.13    0.13    2.80    0.00    0.00   20.51
平均时间:  all   62.93    0.00   13.50    0.13    0.13    2.80    0.00    0.00   20.51

Linux 2.6.32-431.el6.x86_64 (slave1) 	2019年07月27日 	_x86_64_	(8 CPU)

02时10分04秒  CPU    %usr   %nice    %sys %iowait    %irq   %soft  %steal  %guest   %idle
02时10分05秒  all   49.23    0.00    5.36    0.00    0.00    0.00    0.00    0.00   45.41
平均时间:  all   49.23    0.00    5.36    0.00    0.00    0.00    0.00    0.00   45.41

Linux 2.6.32-431.el6.x86_64 (slave1) 	2019年07月27日 	_x86_64_	(8 CPU)

02时10分08秒  CPU    %usr   %nice    %sys %iowait    %irq   %soft  %steal  %guest   %idle
02时10分09秒  all   54.62    0.00   12.05    0.00    0.00    0.00    0.00    0.00   33.33
平均时间:  all   54.62    0.00   12.05    0.00    0.00    0.00    0.00    0.00   33.33

Linux 2.6.32-431.el6.x86_64 (slave1) 	2019年07月27日 	_x86_64_	(8 CPU)

02时10分12秒  CPU    %usr   %nice    %sys %iowait    %irq   %soft  %steal  %guest   %idle
02时10分13秒  all   44.02    0.00    6.11    0.00    0.00    0.13    0.00    0.00   49.75
平均时间:  all   44.02    0.00    6.11    0.00    0.00    0.13    0.00    0.00   49.75

Linux 2.6.32-431.el6.x86_64 (slave1) 	2019年07月27日 	_x86_64_	(8 CPU)

02时10分16秒  CPU    %usr   %nice    %sys %iowait    %irq   %soft  %steal  %guest   %idle
02时10分17秒  all   57.65    0.00    4.08    0.13    0.00    0.38    0.00    0.00   37.76
平均时间:  all   57.65    0.00    4.08    0.13    0.00    0.38    0.00    0.00   37.76

Linux 2.6.32-431.el6.x86_64 (slave1) 	2019年07月27日 	_x86_64_	(8 CPU)

02时10分20秒  CPU    %usr   %nice    %sys %iowait    %irq   %soft  %steal  %guest   %idle
02时10分21秒  all   52.55    0.00    9.31    0.77    0.00    3.19    0.00    0.00   34.18
平均时间:  all   52.55    0.00    9.31    0.77    0.00    3.19    0.00    0.00   34.18

Linux 2.6.32-431.el6.x86_64 (slave1) 	2019年07月27日 	_x86_64_	(8 CPU)

02时10分24秒  CPU    %usr   %nice    %sys %iowait    %irq   %soft  %steal  %guest   %idle
02时10分25秒  all   83.04    0.00    7.97    0.00    0.25    1.65    0.00    0.00    7.09
平均时间:  all   83.04    0.00    7.97    0.00    0.25    1.65    0.00    0.00    7.09

Linux 2.6.32-431.el6.x86_64 (slave1) 	2019年07月27日 	_x86_64_	(8 CPU)

02时10分28秒  CPU    %usr   %nice    %sys %iowait    %irq   %soft  %steal  %guest   %idle
02时10分29秒  all   39.22    0.00   20.89    0.00    0.27   14.42    0.00    0.00   25.20
平均时间:  all   39.22    0.00   20.89    0.00    0.27   14.42    0.00    0.00   25.20

Linux 2.6.32-431.el6.x86_64 (slave1) 	2019年07月27日 	_x86_64_	(8 CPU)

02时10分32秒  CPU    %usr   %nice    %sys %iowait    %irq   %soft  %steal  %guest   %idle
02时10分33秒  all   64.30    0.00   19.87    0.00    0.38   14.56    0.00    0.00    0.89
平均时间:  all   64.30    0.00   19.87    0.00    0.38   14.56    0.00    0.00    0.89

Linux 2.6.32-431.el6.x86_64 (slave1) 	2019年07月27日 	_x86_64_	(8 CPU)

02时10分37秒  CPU    %usr   %nice    %sys %iowait    %irq   %soft  %steal  %guest   %idle
02时10分38秒  all   62.23    0.00   21.67    0.00    0.51   12.80    0.00    0.00    2.79
平均时间:  all   62.23    0.00   21.67    0.00    0.51   12.80    0.00    0.00    2.79

Linux 2.6.32-431.el6.x86_64 (slave1) 	2019年07月27日 	_x86_64_	(8 CPU)

02时10分41秒  CPU    %usr   %nice    %sys %iowait    %irq   %soft  %steal  %guest   %idle
02时10分42秒  all   63.99    0.00   23.16    0.00    0.38   11.70    0.00    0.00    0.76
平均时间:  all   63.99    0.00   23.16    0.00    0.38   11.70    0.00    0.00    0.76

Linux 2.6.32-431.el6.x86_64 (slave1) 	2019年07月27日 	_x86_64_	(8 CPU)

02时10分45秒  CPU    %usr   %nice    %sys %iowait    %irq   %soft  %steal  %guest   %idle
02时10分46秒  all   58.79    0.00   17.18    0.00    0.39   10.72    0.00    0.00   12.92
平均时间:  all   58.79    0.00   17.18    0.00    0.39   10.72    0.00    0.00   12.92

Linux 2.6.32-431.el6.x86_64 (slave1) 	2019年07月27日 	_x86_64_	(8 CPU)

02时10分49秒  CPU    %usr   %nice    %sys %iowait    %irq   %soft  %steal  %guest   %idle
02时10分50秒  all   67.35    0.00   18.11    0.96    0.14    8.92    0.00    0.00    4.53
平均时间:  all   67.35    0.00   18.11    0.96    0.14    8.92    0.00    0.00    4.53

Linux 2.6.32-431.el6.x86_64 (slave1) 	2019年07月27日 	_x86_64_	(8 CPU)

02时10分53秒  CPU    %usr   %nice    %sys %iowait    %irq   %soft  %steal  %guest   %idle
02时10分55秒  all   59.75    0.00   12.37    8.81    0.00    0.63    0.00    0.00   18.45
平均时间:  all   59.75    0.00   12.37    8.81    0.00    0.63    0.00    0.00   18.45

Linux 2.6.32-431.el6.x86_64 (slave1) 	2019年07月27日 	_x86_64_	(8 CPU)

02时10分58秒  CPU    %usr   %nice    %sys %iowait    %irq   %soft  %steal  %guest   %idle
02时10分59秒  all   54.53    0.00   11.04    0.00    0.26    5.39    0.00    0.00   28.78
平均时间:  all   54.53    0.00   11.04    0.00    0.26    5.39    0.00    0.00   28.78

Linux 2.6.32-431.el6.x86_64 (slave1) 	2019年07月27日 	_x86_64_	(8 CPU)

02时11分02秒  CPU    %usr   %nice    %sys %iowait    %irq   %soft  %steal  %guest   %idle
02时11分03秒  all   79.34    0.00   10.77    0.00    0.00    4.56    0.00    0.00    5.32
平均时间:  all   79.34    0.00   10.77    0.00    0.00    4.56    0.00    0.00    5.32

Linux 2.6.32-431.el6.x86_64 (slave1) 	2019年07月27日 	_x86_64_	(8 CPU)

02时11分06秒  CPU    %usr   %nice    %sys %iowait    %irq   %soft  %steal  %guest   %idle
02时11分07秒  all   54.21    0.00    3.19    0.00    0.00    2.04    0.00    0.00   40.56
平均时间:  all   54.21    0.00    3.19    0.00    0.00    2.04    0.00    0.00   40.56

Linux 2.6.32-431.el6.x86_64 (slave1) 	2019年07月27日 	_x86_64_	(8 CPU)

02时11分10秒  CPU    %usr   %nice    %sys %iowait    %irq   %soft  %steal  %guest   %idle
02时11分11秒  all   65.43    0.00    5.89    0.00    0.38    2.05    0.00    0.00   26.25
平均时间:  all   65.43    0.00    5.89    0.00    0.38    2.05    0.00    0.00   26.25

Linux 2.6.32-431.el6.x86_64 (slave1) 	2019年07月27日 	_x86_64_	(8 CPU)

02时11分14秒  CPU    %usr   %nice    %sys %iowait    %irq   %soft  %steal  %guest   %idle
02时11分15秒  all   66.71    0.00    4.61    0.00    0.26    1.15    0.00    0.00   27.27
平均时间:  all   66.71    0.00    4.61    0.00    0.26    1.15    0.00    0.00   27.27

Linux 2.6.32-431.el6.x86_64 (slave1) 	2019年07月27日 	_x86_64_	(8 CPU)

02时11分18秒  CPU    %usr   %nice    %sys %iowait    %irq   %soft  %steal  %guest   %idle
02时11分19秒  all   68.89    0.00    7.81    0.00    0.13    1.41    0.00    0.00   21.77
平均时间:  all   68.89    0.00    7.81    0.00    0.13    1.41    0.00    0.00   21.77

Linux 2.6.32-431.el6.x86_64 (slave1) 	2019年07月27日 	_x86_64_	(8 CPU)

02时11分22秒  CPU    %usr   %nice    %sys %iowait    %irq   %soft  %steal  %guest   %idle
02时11分23秒  all   72.97    0.00    7.36    0.00    0.13    1.65    0.00    0.00   17.89
平均时间:  all   72.97    0.00    7.36    0.00    0.13    1.65    0.00    0.00   17.89

Linux 2.6.32-431.el6.x86_64 (slave1) 	2019年07月27日 	_x86_64_	(8 CPU)

02时11分26秒  CPU    %usr   %nice    %sys %iowait    %irq   %soft  %steal  %guest   %idle
02时11分27秒  all   30.09    0.00    3.84    0.00    0.00    1.41    0.00    0.00   64.66
平均时间:  all   30.09    0.00    3.84    0.00    0.00    1.41    0.00    0.00   64.66

Linux 2.6.32-431.el6.x86_64 (slave1) 	2019年07月27日 	_x86_64_	(8 CPU)

02时11分30秒  CPU    %usr   %nice    %sys %iowait    %irq   %soft  %steal  %guest   %idle
02时11分31秒  all   50.19    0.00    9.63    0.00    0.00    0.51    0.00    0.00   39.67
平均时间:  all   50.19    0.00    9.63    0.00    0.00    0.51    0.00    0.00   39.67

Linux 2.6.32-431.el6.x86_64 (slave1) 	2019年07月27日 	_x86_64_	(8 CPU)

02时11分34秒  CPU    %usr   %nice    %sys %iowait    %irq   %soft  %steal  %guest   %idle
02时11分35秒  all   66.88    0.00   12.69    0.00    0.13    1.90    0.00    0.00   18.40
平均时间:  all   66.88    0.00   12.69    0.00    0.13    1.90    0.00    0.00   18.40

Linux 2.6.32-431.el6.x86_64 (slave1) 	2019年07月27日 	_x86_64_	(8 CPU)

02时11分38秒  CPU    %usr   %nice    %sys %iowait    %irq   %soft  %steal  %guest   %idle
02时11分39秒  all   79.77    0.00   14.57    0.00    0.00    0.63    0.00    0.00    5.03
平均时间:  all   79.77    0.00   14.57    0.00    0.00    0.63    0.00    0.00    5.03

Linux 2.6.32-431.el6.x86_64 (slave1) 	2019年07月27日 	_x86_64_	(8 CPU)

02时11分42秒  CPU    %usr   %nice    %sys %iowait    %irq   %soft  %steal  %guest   %idle
02时11分43秒  all   83.60    0.00   12.14    0.00    0.13    0.38    0.00    0.00    3.75
平均时间:  all   83.60    0.00   12.14    0.00    0.13    0.38    0.00    0.00    3.75

Linux 2.6.32-431.el6.x86_64 (slave1) 	2019年07月27日 	_x86_64_	(8 CPU)

02时11分46秒  CPU    %usr   %nice    %sys %iowait    %irq   %soft  %steal  %guest   %idle
02时11分47秒  all   76.83    0.00   11.08    0.00    0.13    0.13    0.00    0.00   11.84
平均时间:  all   76.83    0.00   11.08    0.00    0.13    0.13    0.00    0.00   11.84

Linux 2.6.32-431.el6.x86_64 (slave1) 	2019年07月27日 	_x86_64_	(8 CPU)

02时11分50秒  CPU    %usr   %nice    %sys %iowait    %irq   %soft  %steal  %guest   %idle
02时11分51秒  all   94.13    0.00    5.87    0.00    0.00    0.00    0.00    0.00    0.00
平均时间:  all   94.13    0.00    5.87    0.00    0.00    0.00    0.00    0.00    0.00

Linux 2.6.32-431.el6.x86_64 (slave1) 	2019年07月27日 	_x86_64_	(8 CPU)

02时11分54秒  CPU    %usr   %nice    %sys %iowait    %irq   %soft  %steal  %guest   %idle
02时11分55秒  all   78.06    0.00   11.35    0.00    0.00    0.25    0.00    0.00   10.34
平均时间:  all   78.06    0.00   11.35    0.00    0.00    0.25    0.00    0.00   10.34

Linux 2.6.32-431.el6.x86_64 (slave1) 	2019年07月27日 	_x86_64_	(8 CPU)

02时11分58秒  CPU    %usr   %nice    %sys %iowait    %irq   %soft  %steal  %guest   %idle
02时11分59秒  all   93.09    0.00    6.16    0.00    0.00    0.38    0.00    0.00    0.38
平均时间:  all   93.09    0.00    6.16    0.00    0.00    0.38    0.00    0.00    0.38

Linux 2.6.32-431.el6.x86_64 (slave1) 	2019年07月27日 	_x86_64_	(8 CPU)

02时12分02秒  CPU    %usr   %nice    %sys %iowait    %irq   %soft  %steal  %guest   %idle
02时12分03秒  all   88.07    0.00    7.91    0.00    0.13    0.25    0.00    0.00    3.64
平均时间:  all   88.07    0.00    7.91    0.00    0.13    0.25    0.00    0.00    3.64

Linux 2.6.32-431.el6.x86_64 (slave1) 	2019年07月27日 	_x86_64_	(8 CPU)

02时12分06秒  CPU    %usr   %nice    %sys %iowait    %irq   %soft  %steal  %guest   %idle
02时12分07秒  all   83.40    0.00    5.32    0.00    0.13    0.38    0.00    0.00   10.77
平均时间:  all   83.40    0.00    5.32    0.00    0.13    0.38    0.00    0.00   10.77

Linux 2.6.32-431.el6.x86_64 (slave1) 	2019年07月27日 	_x86_64_	(8 CPU)

02时12分10秒  CPU    %usr   %nice    %sys %iowait    %irq   %soft  %steal  %guest   %idle
02时12分11秒  all   86.73    0.00   10.89    0.00    0.00    0.63    0.00    0.00    1.75
平均时间:  all   86.73    0.00   10.89    0.00    0.00    0.63    0.00    0.00    1.75

Linux 2.6.32-431.el6.x86_64 (slave1) 	2019年07月27日 	_x86_64_	(8 CPU)

02时12分14秒  CPU    %usr   %nice    %sys %iowait    %irq   %soft  %steal  %guest   %idle
02时12分15秒  all   80.96    0.00    6.94    0.00    0.13    0.63    0.00    0.00   11.35
平均时间:  all   80.96    0.00    6.94    0.00    0.13    0.63    0.00    0.00   11.35

Linux 2.6.32-431.el6.x86_64 (slave1) 	2019年07月27日 	_x86_64_	(8 CPU)

02时12分18秒  CPU    %usr   %nice    %sys %iowait    %irq   %soft  %steal  %guest   %idle
02时12分19秒  all   91.22    0.00    5.90    0.00    0.00    0.13    0.00    0.00    2.76
平均时间:  all   91.22    0.00    5.90    0.00    0.00    0.13    0.00    0.00    2.76

Linux 2.6.32-431.el6.x86_64 (slave1) 	2019年07月27日 	_x86_64_	(8 CPU)

02时12分22秒  CPU    %usr   %nice    %sys %iowait    %irq   %soft  %steal  %guest   %idle
02时12分23秒  all   81.86    0.00   12.34    0.00    0.00    0.25    0.00    0.00    5.54
平均时间:  all   81.86    0.00   12.34    0.00    0.00    0.25    0.00    0.00    5.54

Linux 2.6.32-431.el6.x86_64 (slave1) 	2019年07月27日 	_x86_64_	(8 CPU)

02时12分26秒  CPU    %usr   %nice    %sys %iowait    %irq   %soft  %steal  %guest   %idle
02时12分27秒  all   73.26    0.00   12.80    0.00    0.25    5.45    0.00    0.00    8.24
平均时间:  all   73.26    0.00   12.80    0.00    0.25    5.45    0.00    0.00    8.24

Linux 2.6.32-431.el6.x86_64 (slave1) 	2019年07月27日 	_x86_64_	(8 CPU)

02时12分30秒  CPU    %usr   %nice    %sys %iowait    %irq   %soft  %steal  %guest   %idle
02时12分31秒  all   54.67    0.00   21.64    0.00    0.26   10.37    0.00    0.00   13.06
平均时间:  all   54.67    0.00   21.64    0.00    0.26   10.37    0.00    0.00   13.06

Linux 2.6.32-431.el6.x86_64 (slave1) 	2019年07月27日 	_x86_64_	(8 CPU)

02时12分34秒  CPU    %usr   %nice    %sys %iowait    %irq   %soft  %steal  %guest   %idle
02时12分35秒  all   65.62    0.00   19.52    0.00    0.25   12.22    0.00    0.00    2.39
平均时间:  all   65.62    0.00   19.52    0.00    0.25   12.22    0.00    0.00    2.39

Linux 2.6.32-431.el6.x86_64 (slave1) 	2019年07月27日 	_x86_64_	(8 CPU)

02时12分38秒  CPU    %usr   %nice    %sys %iowait    %irq   %soft  %steal  %guest   %idle
02时12分39秒  all   77.33    0.00   16.19    0.00    0.37    6.10    0.00    0.00    0.00
平均时间:  all   77.33    0.00   16.19    0.00    0.37    6.10    0.00    0.00    0.00

Linux 2.6.32-431.el6.x86_64 (slave1) 	2019年07月27日 	_x86_64_	(8 CPU)

02时12分42秒  CPU    %usr   %nice    %sys %iowait    %irq   %soft  %steal  %guest   %idle
02时12分43秒  all   79.50    0.00   14.50    0.00    0.25    5.75    0.00    0.00    0.00
平均时间:  all   79.50    0.00   14.50    0.00    0.25    5.75    0.00    0.00    0.00

Linux 2.6.32-431.el6.x86_64 (slave1) 	2019年07月27日 	_x86_64_	(8 CPU)

02时12分47秒  CPU    %usr   %nice    %sys %iowait    %irq   %soft  %steal  %guest   %idle
02时12分48秒  all   94.62    0.00    5.38    0.00    0.00    0.00    0.00    0.00    0.00
平均时间:  all   94.62    0.00    5.38    0.00    0.00    0.00    0.00    0.00    0.00

Linux 2.6.32-431.el6.x86_64 (slave1) 	2019年07月27日 	_x86_64_	(8 CPU)

02时12分51秒  CPU    %usr   %nice    %sys %iowait    %irq   %soft  %steal  %guest   %idle
02时12分52秒  all   91.98    0.00    7.52    0.00    0.00    0.50    0.00    0.00    0.00
平均时间:  all   91.98    0.00    7.52    0.00    0.00    0.50    0.00    0.00    0.00

Linux 2.6.32-431.el6.x86_64 (slave1) 	2019年07月27日 	_x86_64_	(8 CPU)

02时12分55秒  CPU    %usr   %nice    %sys %iowait    %irq   %soft  %steal  %guest   %idle
02时12分56秒  all   73.71    0.00   11.45    0.00    0.00    0.88    0.00    0.00   13.96
平均时间:  all   73.71    0.00   11.45    0.00    0.00    0.88    0.00    0.00   13.96

Linux 2.6.32-431.el6.x86_64 (slave1) 	2019年07月27日 	_x86_64_	(8 CPU)

02时12分59秒  CPU    %usr   %nice    %sys %iowait    %irq   %soft  %steal  %guest   %idle
02时13分00秒  all   50.06    0.00    6.23    0.00    0.00    0.13    0.00    0.00   43.58
平均时间:  all   50.06    0.00    6.23    0.00    0.00    0.13    0.00    0.00   43.58

Linux 2.6.32-431.el6.x86_64 (slave1) 	2019年07月27日 	_x86_64_	(8 CPU)

02时13分03秒  CPU    %usr   %nice    %sys %iowait    %irq   %soft  %steal  %guest   %idle
02时13分04秒  all   28.81    0.00    2.54    0.00    0.00    0.00    0.00    0.00   68.65
平均时间:  all   28.81    0.00    2.54    0.00    0.00    0.00    0.00    0.00   68.65

Linux 2.6.32-431.el6.x86_64 (slave1) 	2019年07月27日 	_x86_64_	(8 CPU)

02时13分07秒  CPU    %usr   %nice    %sys %iowait    %irq   %soft  %steal  %guest   %idle
02时13分08秒  all   47.19    0.00    4.08    0.00    0.00    0.00    0.00    0.00   48.72
平均时间:  all   47.19    0.00    4.08    0.00    0.00    0.00    0.00    0.00   48.72

Linux 2.6.32-431.el6.x86_64 (slave1) 	2019年07月27日 	_x86_64_	(8 CPU)

02时13分11秒  CPU    %usr   %nice    %sys %iowait    %irq   %soft  %steal  %guest   %idle
02时13分12秒  all   11.80    0.00    1.40    0.00    0.13    0.00    0.00    0.00   86.68
平均时间:  all   11.80    0.00    1.40    0.00    0.13    0.00    0.00    0.00   86.68

Linux 2.6.32-431.el6.x86_64 (slave1) 	2019年07月27日 	_x86_64_	(8 CPU)

02时13分15秒  CPU    %usr   %nice    %sys %iowait    %irq   %soft  %steal  %guest   %idle
02时13分16秒  all   57.12    0.00    7.25    0.00    0.00    0.00    0.00    0.00   35.62
平均时间:  all   57.12    0.00    7.25    0.00    0.00    0.00    0.00    0.00   35.62

Linux 2.6.32-431.el6.x86_64 (slave1) 	2019年07月27日 	_x86_64_	(8 CPU)

02时13分19秒  CPU    %usr   %nice    %sys %iowait    %irq   %soft  %steal  %guest   %idle
02时13分20秒  all   79.06    0.00    8.63    0.00    0.00    0.00    0.00    0.00   12.31
平均时间:  all   79.06    0.00    8.63    0.00    0.00    0.00    0.00    0.00   12.31

Linux 2.6.32-431.el6.x86_64 (slave1) 	2019年07月27日 	_x86_64_	(8 CPU)

02时13分23秒  CPU    %usr   %nice    %sys %iowait    %irq   %soft  %steal  %guest   %idle
02时13分24秒  all   92.98    0.00    5.14    0.00    0.00    0.00    0.00    0.00    1.88
平均时间:  all   92.98    0.00    5.14    0.00    0.00    0.00    0.00    0.00    1.88

Linux 2.6.32-431.el6.x86_64 (slave1) 	2019年07月27日 	_x86_64_	(8 CPU)

02时13分27秒  CPU    %usr   %nice    %sys %iowait    %irq   %soft  %steal  %guest   %idle
02时13分28秒  all   90.62    0.00    7.75    0.00    0.00    0.12    0.00    0.00    1.50
平均时间:  all   90.62    0.00    7.75    0.00    0.00    0.12    0.00    0.00    1.50

Linux 2.6.32-431.el6.x86_64 (slave1) 	2019年07月27日 	_x86_64_	(8 CPU)

02时13分31秒  CPU    %usr   %nice    %sys %iowait    %irq   %soft  %steal  %guest   %idle
02时13分32秒  all   43.86    0.00    7.29    0.00    0.00    0.13    0.00    0.00   48.72
平均时间:  all   43.86    0.00    7.29    0.00    0.00    0.13    0.00    0.00   48.72

Linux 2.6.32-431.el6.x86_64 (slave1) 	2019年07月27日 	_x86_64_	(8 CPU)

02时13分35秒  CPU    %usr   %nice    %sys %iowait    %irq   %soft  %steal  %guest   %idle
02时13分36秒  all   77.03    0.00    9.26    0.00    0.00    0.13    0.00    0.00   13.58
平均时间:  all   77.03    0.00    9.26    0.00    0.00    0.13    0.00    0.00   13.58

Linux 2.6.32-431.el6.x86_64 (slave1) 	2019年07月27日 	_x86_64_	(8 CPU)

02时13分39秒  CPU    %usr   %nice    %sys %iowait    %irq   %soft  %steal  %guest   %idle
02时13分40秒  all   42.29    0.00    8.87    0.00    0.00    0.77    0.00    0.00   48.07
平均时间:  all   42.29    0.00    8.87    0.00    0.00    0.77    0.00    0.00   48.07

Linux 2.6.32-431.el6.x86_64 (slave1) 	2019年07月27日 	_x86_64_	(8 CPU)

02时13分43秒  CPU    %usr   %nice    %sys %iowait    %irq   %soft  %steal  %guest   %idle
02时13分44秒  all   53.39    0.00    5.63    0.00    0.00    0.00    0.00    0.00   40.97
平均时间:  all   53.39    0.00    5.63    0.00    0.00    0.00    0.00    0.00   40.97

Linux 2.6.32-431.el6.x86_64 (slave1) 	2019年07月27日 	_x86_64_	(8 CPU)

02时13分47秒  CPU    %usr   %nice    %sys %iowait    %irq   %soft  %steal  %guest   %idle
02时13分48秒  all   76.84    0.00    7.47    0.00    0.13    0.13    0.00    0.00   15.44
平均时间:  all   76.84    0.00    7.47    0.00    0.13    0.13    0.00    0.00   15.44

Linux 2.6.32-431.el6.x86_64 (slave1) 	2019年07月27日 	_x86_64_	(8 CPU)

02时13分51秒  CPU    %usr   %nice    %sys %iowait    %irq   %soft  %steal  %guest   %idle
02时13分52秒  all   56.11    0.00    4.20    0.00    0.00    0.13    0.00    0.00   39.57
平均时间:  all   56.11    0.00    4.20    0.00    0.00    0.13    0.00    0.00   39.57

Linux 2.6.32-431.el6.x86_64 (slave1) 	2019年07月27日 	_x86_64_	(8 CPU)

02时13分55秒  CPU    %usr   %nice    %sys %iowait    %irq   %soft  %steal  %guest   %idle
02时13分56秒  all   37.84    0.00    4.63    0.00    0.00    0.26    0.00    0.00   57.27
平均时间:  all   37.84    0.00    4.63    0.00    0.00    0.26    0.00    0.00   57.27

Linux 2.6.32-431.el6.x86_64 (slave1) 	2019年07月27日 	_x86_64_	(8 CPU)

02时13分59秒  CPU    %usr   %nice    %sys %iowait    %irq   %soft  %steal  %guest   %idle
02时14分00秒  all   70.76    0.00   16.08    0.00    0.00    1.01    0.00    0.00   12.15
平均时间:  all   70.76    0.00   16.08    0.00    0.00    1.01    0.00    0.00   12.15

Linux 2.6.32-431.el6.x86_64 (slave1) 	2019年07月27日 	_x86_64_	(8 CPU)

02时14分03秒  CPU    %usr   %nice    %sys %iowait    %irq   %soft  %steal  %guest   %idle
02时14分04秒  all   45.79    0.00   11.99    0.00    0.00    0.00    0.00    0.00   42.22
平均时间:  all   45.79    0.00   11.99    0.00    0.00    0.00    0.00    0.00   42.22

Linux 2.6.32-431.el6.x86_64 (slave1) 	2019年07月27日 	_x86_64_	(8 CPU)

02时14分07秒  CPU    %usr   %nice    %sys %iowait    %irq   %soft  %steal  %guest   %idle
02时14分08秒  all   59.36    0.00   10.06    0.00    0.00    0.13    0.00    0.00   30.45
平均时间:  all   59.36    0.00   10.06    0.00    0.00    0.13    0.00    0.00   30.45

Linux 2.6.32-431.el6.x86_64 (slave1) 	2019年07月27日 	_x86_64_	(8 CPU)

02时14分11秒  CPU    %usr   %nice    %sys %iowait    %irq   %soft  %steal  %guest   %idle
02时14分12秒  all   31.30    0.00    3.56    0.00    0.00    0.00    0.00    0.00   65.14
平均时间:  all   31.30    0.00    3.56    0.00    0.00    0.00    0.00    0.00   65.14

Linux 2.6.32-431.el6.x86_64 (slave1) 	2019年07月27日 	_x86_64_	(8 CPU)

02时14分15秒  CPU    %usr   %nice    %sys %iowait    %irq   %soft  %steal  %guest   %idle
02时14分16秒  all   70.16    0.00    7.33    0.00    0.00    0.25    0.00    0.00   22.25
平均时间:  all   70.16    0.00    7.33    0.00    0.00    0.25    0.00    0.00   22.25

Linux 2.6.32-431.el6.x86_64 (slave1) 	2019年07月27日 	_x86_64_	(8 CPU)

02时14分19秒  CPU    %usr   %nice    %sys %iowait    %irq   %soft  %steal  %guest   %idle
02时14分20秒  all   20.51    0.00    8.08    0.00    0.00    3.33    0.00    0.00   68.08
平均时间:  all   20.51    0.00    8.08    0.00    0.00    3.33    0.00    0.00   68.08

Linux 2.6.32-431.el6.x86_64 (slave1) 	2019年07月27日 	_x86_64_	(8 CPU)

02时14分23秒  CPU    %usr   %nice    %sys %iowait    %irq   %soft  %steal  %guest   %idle
02时14分24秒  all   70.00    0.00   19.24    0.00    0.00    1.65    0.00    0.00    9.11
平均时间:  all   70.00    0.00   19.24    0.00    0.00    1.65    0.00    0.00    9.11

Linux 2.6.32-431.el6.x86_64 (slave1) 	2019年07月27日 	_x86_64_	(8 CPU)

02时14分27秒  CPU    %usr   %nice    %sys %iowait    %irq   %soft  %steal  %guest   %idle
02时14分28秒  all   66.33    0.00   23.28    0.00    0.25   10.01    0.00    0.00    0.13
平均时间:  all   66.33    0.00   23.28    0.00    0.25   10.01    0.00    0.00    0.13

Linux 2.6.32-431.el6.x86_64 (slave1) 	2019年07月27日 	_x86_64_	(8 CPU)

02时14分31秒  CPU    %usr   %nice    %sys %iowait    %irq   %soft  %steal  %guest   %idle
02时14分32秒  all   74.12    0.00   16.00    0.00    0.50    9.38    0.00    0.00    0.00
平均时间:  all   74.12    0.00   16.00    0.00    0.50    9.38    0.00    0.00    0.00

Linux 2.6.32-431.el6.x86_64 (slave1) 	2019年07月27日 	_x86_64_	(8 CPU)

02时14分35秒  CPU    %usr   %nice    %sys %iowait    %irq   %soft  %steal  %guest   %idle
02时14分36秒  all   73.61    0.00   17.10    0.00    0.37    8.92    0.00    0.00    0.00
平均时间:  all   73.61    0.00   17.10    0.00    0.37    8.92    0.00    0.00    0.00

Linux 2.6.32-431.el6.x86_64 (slave1) 	2019年07月27日 	_x86_64_	(8 CPU)

02时14分39秒  CPU    %usr   %nice    %sys %iowait    %irq   %soft  %steal  %guest   %idle
02时14分40秒  all   79.07    0.00   14.29    0.00    0.38    6.27    0.00    0.00    0.00
平均时间:  all   79.07    0.00   14.29    0.00    0.38    6.27    0.00    0.00    0.00

Linux 2.6.32-431.el6.x86_64 (slave1) 	2019年07月27日 	_x86_64_	(8 CPU)

02时14分43秒  CPU    %usr   %nice    %sys %iowait    %irq   %soft  %steal  %guest   %idle
02时14分44秒  all   76.10    0.00   16.90    0.00    0.50    6.51    0.00    0.00    0.00
平均时间:  all   76.10    0.00   16.90    0.00    0.50    6.51    0.00    0.00    0.00

Linux 2.6.32-431.el6.x86_64 (slave1) 	2019年07月27日 	_x86_64_	(8 CPU)

02时14分47秒  CPU    %usr   %nice    %sys %iowait    %irq   %soft  %steal  %guest   %idle
02时14分48秒  all   91.65    0.00    7.86    0.00    0.12    0.25    0.00    0.00    0.12
平均时间:  all   91.65    0.00    7.86    0.00    0.12    0.25    0.00    0.00    0.12

Linux 2.6.32-431.el6.x86_64 (slave1) 	2019年07月27日 	_x86_64_	(8 CPU)

02时14分52秒  CPU    %usr   %nice    %sys %iowait    %irq   %soft  %steal  %guest   %idle
02时14分53秒  all   50.32    0.00    6.79    0.00    0.00    0.13    0.00    0.00   42.77
平均时间:  all   50.32    0.00    6.79    0.00    0.00    0.13    0.00    0.00   42.77

Linux 2.6.32-431.el6.x86_64 (slave1) 	2019年07月27日 	_x86_64_	(8 CPU)

02时14分56秒  CPU    %usr   %nice    %sys %iowait    %irq   %soft  %steal  %guest   %idle
02时14分57秒  all   21.05    0.00    2.81    0.00    0.00    0.51    0.00    0.00   75.64
平均时间:  all   21.05    0.00    2.81    0.00    0.00    0.51    0.00    0.00   75.64

Linux 2.6.32-431.el6.x86_64 (slave1) 	2019年07月27日 	_x86_64_	(8 CPU)

02时15分00秒  CPU    %usr   %nice    %sys %iowait    %irq   %soft  %steal  %guest   %idle
02时15分01秒  all    3.21    0.00    1.54    0.00    0.00    0.00    0.00    0.00   95.25
平均时间:  all    3.21    0.00    1.54    0.00    0.00    0.00    0.00    0.00   95.25

Linux 2.6.32-431.el6.x86_64 (slave1) 	2019年07月27日 	_x86_64_	(8 CPU)

02时15分04秒  CPU    %usr   %nice    %sys %iowait    %irq   %soft  %steal  %guest   %idle
02时15分05秒  all   23.27    0.00    5.12    0.00    0.00    0.26    0.00    0.00   71.36
平均时间:  all   23.27    0.00    5.12    0.00    0.00    0.26    0.00    0.00   71.36

Linux 2.6.32-431.el6.x86_64 (slave1) 	2019年07月27日 	_x86_64_	(8 CPU)

02时15分08秒  CPU    %usr   %nice    %sys %iowait    %irq   %soft  %steal  %guest   %idle
02时15分09秒  all   42.69    0.00    5.72    0.00    0.00    0.13    0.00    0.00   51.46
平均时间:  all   42.69    0.00    5.72    0.00    0.00    0.13    0.00    0.00   51.46

Linux 2.6.32-431.el6.x86_64 (slave1) 	2019年07月27日 	_x86_64_	(8 CPU)

02时15分12秒  CPU    %usr   %nice    %sys %iowait    %irq   %soft  %steal  %guest   %idle
02时15分13秒  all   60.66    0.00   13.15    0.00    0.00    0.00    0.00    0.00   26.18
平均时间:  all   60.66    0.00   13.15    0.00    0.00    0.00    0.00    0.00   26.18

Linux 2.6.32-431.el6.x86_64 (slave1) 	2019年07月27日 	_x86_64_	(8 CPU)

02时15分16秒  CPU    %usr   %nice    %sys %iowait    %irq   %soft  %steal  %guest   %idle
02时15分17秒  all   63.45    0.00    6.35    0.00    0.00    0.63    0.00    0.00   29.57
平均时间:  all   63.45    0.00    6.35    0.00    0.00    0.63    0.00    0.00   29.57

Linux 2.6.32-431.el6.x86_64 (slave1) 	2019年07月27日 	_x86_64_	(8 CPU)

02时15分20秒  CPU    %usr   %nice    %sys %iowait    %irq   %soft  %steal  %guest   %idle
02时15分21秒  all   72.66    0.00    4.94    0.00    0.00    0.38    0.00    0.00   22.03
平均时间:  all   72.66    0.00    4.94    0.00    0.00    0.38    0.00    0.00   22.03

Linux 2.6.32-431.el6.x86_64 (slave1) 	2019年07月27日 	_x86_64_	(8 CPU)

02时15分24秒  CPU    %usr   %nice    %sys %iowait    %irq   %soft  %steal  %guest   %idle
02时15分25秒  all   79.31    0.00    5.08    0.00    0.13    0.63    0.00    0.00   14.85
平均时间:  all   79.31    0.00    5.08    0.00    0.13    0.63    0.00    0.00   14.85

Linux 2.6.32-431.el6.x86_64 (slave1) 	2019年07月27日 	_x86_64_	(8 CPU)

02时15分28秒  CPU    %usr   %nice    %sys %iowait    %irq   %soft  %steal  %guest   %idle
02时15分29秒  all   54.14    0.00    6.62    0.00    0.13    0.89    0.00    0.00   38.22
平均时间:  all   54.14    0.00    6.62    0.00    0.13    0.89    0.00    0.00   38.22

Linux 2.6.32-431.el6.x86_64 (slave1) 	2019年07月27日 	_x86_64_	(8 CPU)

02时15分32秒  CPU    %usr   %nice    %sys %iowait    %irq   %soft  %steal  %guest   %idle
02时15分33秒  all   66.58    0.00    7.12    0.00    0.13    0.76    0.00    0.00   25.41
平均时间:  all   66.58    0.00    7.12    0.00    0.13    0.76    0.00    0.00   25.41

Linux 2.6.32-431.el6.x86_64 (slave1) 	2019年07月27日 	_x86_64_	(8 CPU)

02时15分36秒  CPU    %usr   %nice    %sys %iowait    %irq   %soft  %steal  %guest   %idle
02时15分37秒  all   65.48    0.00    4.59    0.00    0.13    0.64    0.00    0.00   29.17
平均时间:  all   65.48    0.00    4.59    0.00    0.13    0.64    0.00    0.00   29.17

Linux 2.6.32-431.el6.x86_64 (slave1) 	2019年07月27日 	_x86_64_	(8 CPU)

02时15分40秒  CPU    %usr   %nice    %sys %iowait    %irq   %soft  %steal  %guest   %idle
02时15分41秒  all   85.93    0.00    8.97    0.00    0.12    0.62    0.00    0.00    4.36
平均时间:  all   85.93    0.00    8.97    0.00    0.12    0.62    0.00    0.00    4.36

Linux 2.6.32-431.el6.x86_64 (slave1) 	2019年07月27日 	_x86_64_	(8 CPU)

02时15分44秒  CPU    %usr   %nice    %sys %iowait    %irq   %soft  %steal  %guest   %idle
02时15分45秒  all   78.40    0.00   11.44    0.00    0.13    0.64    0.00    0.00    9.40
平均时间:  all   78.40    0.00   11.44    0.00    0.13    0.64    0.00    0.00    9.40

Linux 2.6.32-431.el6.x86_64 (slave1) 	2019年07月27日 	_x86_64_	(8 CPU)

02时15分48秒  CPU    %usr   %nice    %sys %iowait    %irq   %soft  %steal  %guest   %idle
02时15分49秒  all   54.67    0.00    6.40    0.00    0.13    0.64    0.00    0.00   38.16
平均时间:  all   54.67    0.00    6.40    0.00    0.13    0.64    0.00    0.00   38.16

Linux 2.6.32-431.el6.x86_64 (slave1) 	2019年07月27日 	_x86_64_	(8 CPU)

02时15分52秒  CPU    %usr   %nice    %sys %iowait    %irq   %soft  %steal  %guest   %idle
02时15分53秒  all   75.66    0.00   12.36    0.00    0.00    1.01    0.00    0.00   10.97
平均时间:  all   75.66    0.00   12.36    0.00    0.00    1.01    0.00    0.00   10.97

Linux 2.6.32-431.el6.x86_64 (slave1) 	2019年07月27日 	_x86_64_	(8 CPU)

02时15分56秒  CPU    %usr   %nice    %sys %iowait    %irq   %soft  %steal  %guest   %idle
02时15分57秒  all   84.61    0.00   12.39    0.00    0.13    0.75    0.00    0.00    2.13
平均时间:  all   84.61    0.00   12.39    0.00    0.13    0.75    0.00    0.00    2.13

Linux 2.6.32-431.el6.x86_64 (slave1) 	2019年07月27日 	_x86_64_	(8 CPU)

02时16分00秒  CPU    %usr   %nice    %sys %iowait    %irq   %soft  %steal  %guest   %idle
02时16分01秒  all   69.05    0.00   15.73    0.00    0.00    0.13    0.00    0.00   15.09
平均时间:  all   69.05    0.00   15.73    0.00    0.00    0.13    0.00    0.00   15.09

Linux 2.6.32-431.el6.x86_64 (slave1) 	2019年07月27日 	_x86_64_	(8 CPU)

02时16分04秒  CPU    %usr   %nice    %sys %iowait    %irq   %soft  %steal  %guest   %idle
02时16分05秒  all   87.16    0.00   11.97    0.00    0.00    0.12    0.00    0.00    0.75
平均时间:  all   87.16    0.00   11.97    0.00    0.00    0.12    0.00    0.00    0.75

Linux 2.6.32-431.el6.x86_64 (slave1) 	2019年07月27日 	_x86_64_	(8 CPU)

02时16分08秒  CPU    %usr   %nice    %sys %iowait    %irq   %soft  %steal  %guest   %idle
02时16分09秒  all   56.16    0.00   13.60    0.00    0.00    0.64    0.00    0.00   29.61
平均时间:  all   56.16    0.00   13.60    0.00    0.00    0.64    0.00    0.00   29.61

Linux 2.6.32-431.el6.x86_64 (slave1) 	2019年07月27日 	_x86_64_	(8 CPU)

02时16分12秒  CPU    %usr   %nice    %sys %iowait    %irq   %soft  %steal  %guest   %idle
02时16分13秒  all   87.45    0.00   12.05    0.00    0.00    0.00    0.00    0.00    0.50
平均时间:  all   87.45    0.00   12.05    0.00    0.00    0.00    0.00    0.00    0.50

Linux 2.6.32-431.el6.x86_64 (slave1) 	2019年07月27日 	_x86_64_	(8 CPU)

02时16分16秒  CPU    %usr   %nice    %sys %iowait    %irq   %soft  %steal  %guest   %idle
02时16分17秒  all   15.49    0.00    3.97    0.00    0.00    1.02    0.00    0.00   79.51
平均时间:  all   15.49    0.00    3.97    0.00    0.00    1.02    0.00    0.00   79.51

Linux 2.6.32-431.el6.x86_64 (slave1) 	2019年07月27日 	_x86_64_	(8 CPU)

02时16分20秒  CPU    %usr   %nice    %sys %iowait    %irq   %soft  %steal  %guest   %idle
02时16分21秒  all   91.88    0.00    8.00    0.00    0.00    0.12    0.00    0.00    0.00
平均时间:  all   91.88    0.00    8.00    0.00    0.00    0.12    0.00    0.00    0.00

Linux 2.6.32-431.el6.x86_64 (slave1) 	2019年07月27日 	_x86_64_	(8 CPU)

02时16分24秒  CPU    %usr   %nice    %sys %iowait    %irq   %soft  %steal  %guest   %idle
02时16分25秒  all   27.93    0.00    9.18    0.00    0.00    0.13    0.00    0.00   62.76
平均时间:  all   27.93    0.00    9.18    0.00    0.00    0.13    0.00    0.00   62.76

Linux 2.6.32-431.el6.x86_64 (slave1) 	2019年07月27日 	_x86_64_	(8 CPU)

02时16分28秒  CPU    %usr   %nice    %sys %iowait    %irq   %soft  %steal  %guest   %idle
02时16分29秒  all   83.56    0.00   13.43    0.00    0.00    0.88    0.00    0.00    2.13
平均时间:  all   83.56    0.00   13.43    0.00    0.00    0.88    0.00    0.00    2.13

Linux 2.6.32-431.el6.x86_64 (slave1) 	2019年07月27日 	_x86_64_	(8 CPU)

02时16分32秒  CPU    %usr   %nice    %sys %iowait    %irq   %soft  %steal  %guest   %idle
02时16分33秒  all   65.57    0.00   12.71    0.00    0.00    0.64    0.00    0.00   21.09
平均时间:  all   65.57    0.00   12.71    0.00    0.00    0.64    0.00    0.00   21.09

Linux 2.6.32-431.el6.x86_64 (slave1) 	2019年07月27日 	_x86_64_	(8 CPU)

02时16分36秒  CPU    %usr   %nice    %sys %iowait    %irq   %soft  %steal  %guest   %idle
02时16分37秒  all   83.83    0.00   14.66    0.00    0.00    1.25    0.00    0.00    0.25
平均时间:  all   83.83    0.00   14.66    0.00    0.00    1.25    0.00    0.00    0.25

Linux 2.6.32-431.el6.x86_64 (slave1) 	2019年07月27日 	_x86_64_	(8 CPU)

02时16分40秒  CPU    %usr   %nice    %sys %iowait    %irq   %soft  %steal  %guest   %idle
02时16分41秒  all   88.99    0.00   10.39    0.00    0.00    0.63    0.00    0.00    0.00
平均时间:  all   88.99    0.00   10.39    0.00    0.00    0.63    0.00    0.00    0.00

Linux 2.6.32-431.el6.x86_64 (slave1) 	2019年07月27日 	_x86_64_	(8 CPU)

02时16分44秒  CPU    %usr   %nice    %sys %iowait    %irq   %soft  %steal  %guest   %idle
02时16分45秒  all   91.81    0.00    6.55    0.00    0.13    0.50    0.00    0.00    1.01
平均时间:  all   91.81    0.00    6.55    0.00    0.13    0.50    0.00    0.00    1.01

Linux 2.6.32-431.el6.x86_64 (slave1) 	2019年07月27日 	_x86_64_	(8 CPU)

02时16分48秒  CPU    %usr   %nice    %sys %iowait    %irq   %soft  %steal  %guest   %idle
02时16分49秒  all   94.12    0.00    5.50    0.00    0.00    0.00    0.00    0.00    0.38
平均时间:  all   94.12    0.00    5.50    0.00    0.00    0.00    0.00    0.00    0.38

Linux 2.6.32-431.el6.x86_64 (slave1) 	2019年07月27日 	_x86_64_	(8 CPU)

02时16分52秒  CPU    %usr   %nice    %sys %iowait    %irq   %soft  %steal  %guest   %idle
02时16分53秒  all   33.08    0.00    4.85    0.00    0.00    0.00    0.00    0.00   62.07
平均时间:  all   33.08    0.00    4.85    0.00    0.00    0.00    0.00    0.00   62.07

Linux 2.6.32-431.el6.x86_64 (slave1) 	2019年07月27日 	_x86_64_	(8 CPU)

02时16分56秒  CPU    %usr   %nice    %sys %iowait    %irq   %soft  %steal  %guest   %idle
02时16分57秒  all   25.64    0.00    4.51    0.00    0.13    1.42    0.00    0.00   68.30
平均时间:  all   25.64    0.00    4.51    0.00    0.13    1.42    0.00    0.00   68.30

Linux 2.6.32-431.el6.x86_64 (slave1) 	2019年07月27日 	_x86_64_	(8 CPU)

02时17分00秒  CPU    %usr   %nice    %sys %iowait    %irq   %soft  %steal  %guest   %idle
02时17分01秒  all    7.01    0.00    2.80    0.00    0.00    0.13    0.00    0.00   90.06
平均时间:  all    7.01    0.00    2.80    0.00    0.00    0.13    0.00    0.00   90.06

Linux 2.6.32-431.el6.x86_64 (slave1) 	2019年07月27日 	_x86_64_	(8 CPU)

02时17分04秒  CPU    %usr   %nice    %sys %iowait    %irq   %soft  %steal  %guest   %idle
02时17分05秒  all   40.76    0.00    5.35    0.00    0.00    0.00    0.00    0.00   53.89
平均时间:  all   40.76    0.00    5.35    0.00    0.00    0.00    0.00    0.00   53.89

Linux 2.6.32-431.el6.x86_64 (slave1) 	2019年07月27日 	_x86_64_	(8 CPU)

02时17分08秒  CPU    %usr   %nice    %sys %iowait    %irq   %soft  %steal  %guest   %idle
02时17分09秒  all   45.08    0.00    6.64    0.00    0.00    0.00    0.00    0.00   48.28
平均时间:  all   45.08    0.00    6.64    0.00    0.00    0.00    0.00    0.00   48.28

Linux 2.6.32-431.el6.x86_64 (slave1) 	2019年07月27日 	_x86_64_	(8 CPU)

02时17分12秒  CPU    %usr   %nice    %sys %iowait    %irq   %soft  %steal  %guest   %idle
02时17分13秒  all   83.44    0.00    7.78    0.00    0.00    1.25    0.00    0.00    7.53
平均时间:  all   83.44    0.00    7.78    0.00    0.00    1.25    0.00    0.00    7.53

Linux 2.6.32-431.el6.x86_64 (slave1) 	2019年07月27日 	_x86_64_	(8 CPU)

02时17分16秒  CPU    %usr   %nice    %sys %iowait    %irq   %soft  %steal  %guest   %idle
02时17分17秒  all   57.25    0.00    5.47    0.00    0.13    0.25    0.00    0.00   36.90
平均时间:  all   57.25    0.00    5.47    0.00    0.13    0.25    0.00    0.00   36.90

Linux 2.6.32-431.el6.x86_64 (slave1) 	2019年07月27日 	_x86_64_	(8 CPU)

02时17分20秒  CPU    %usr   %nice    %sys %iowait    %irq   %soft  %steal  %guest   %idle
02时17分21秒  all   82.49    0.00    7.56    0.00    0.00    0.25    0.00    0.00    9.70
平均时间:  all   82.49    0.00    7.56    0.00    0.00    0.25    0.00    0.00    9.70

Linux 2.6.32-431.el6.x86_64 (slave1) 	2019年07月27日 	_x86_64_	(8 CPU)

02时17分24秒  CPU    %usr   %nice    %sys %iowait    %irq   %soft  %steal  %guest   %idle
02时17分25秒  all   40.65    0.00    6.71    0.00    0.13    0.52    0.00    0.00   52.00
平均时间:  all   40.65    0.00    6.71    0.00    0.13    0.52    0.00    0.00   52.00

Linux 2.6.32-431.el6.x86_64 (slave1) 	2019年07月27日 	_x86_64_	(8 CPU)

02时17分28秒  CPU    %usr   %nice    %sys %iowait    %irq   %soft  %steal  %guest   %idle
02时17分29秒  all   41.72    0.00    6.55    0.00    0.00    0.39    0.00    0.00   51.35
平均时间:  all   41.72    0.00    6.55    0.00    0.00    0.39    0.00    0.00   51.35

Linux 2.6.32-431.el6.x86_64 (slave1) 	2019年07月27日 	_x86_64_	(8 CPU)

02时17分33秒  CPU    %usr   %nice    %sys %iowait    %irq   %soft  %steal  %guest   %idle
02时17分34秒  all   45.38    0.00    9.23    0.00    0.13    0.51    0.00    0.00   44.74
平均时间:  all   45.38    0.00    9.23    0.00    0.13    0.51    0.00    0.00   44.74

Linux 2.6.32-431.el6.x86_64 (slave1) 	2019年07月27日 	_x86_64_	(8 CPU)

02时17分37秒  CPU    %usr   %nice    %sys %iowait    %irq   %soft  %steal  %guest   %idle
02时17分38秒  all   74.78    0.00    7.35    0.00    0.00    0.38    0.00    0.00   17.49
平均时间:  all   74.78    0.00    7.35    0.00    0.00    0.38    0.00    0.00   17.49

Linux 2.6.32-431.el6.x86_64 (slave1) 	2019年07月27日 	_x86_64_	(8 CPU)

02时17分41秒  CPU    %usr   %nice    %sys %iowait    %irq   %soft  %steal  %guest   %idle
02时17分42秒  all   60.38    0.00    6.24    0.00    0.13    1.02    0.00    0.00   32.23
平均时间:  all   60.38    0.00    6.24    0.00    0.13    1.02    0.00    0.00   32.23

Linux 2.6.32-431.el6.x86_64 (slave1) 	2019年07月27日 	_x86_64_	(8 CPU)

02时17分45秒  CPU    %usr   %nice    %sys %iowait    %irq   %soft  %steal  %guest   %idle
02时17分46秒  all   29.86    0.00    1.91    0.00    0.00    1.27    0.00    0.00   66.96
平均时间:  all   29.86    0.00    1.91    0.00    0.00    1.27    0.00    0.00   66.96

Linux 2.6.32-431.el6.x86_64 (slave1) 	2019年07月27日 	_x86_64_	(8 CPU)

02时17分49秒  CPU    %usr   %nice    %sys %iowait    %irq   %soft  %steal  %guest   %idle
02时17分50秒  all   55.46    0.00    4.06    0.00    0.00    0.51    0.00    0.00   39.97
平均时间:  all   55.46    0.00    4.06    0.00    0.00    0.51    0.00    0.00   39.97

Linux 2.6.32-431.el6.x86_64 (slave1) 	2019年07月27日 	_x86_64_	(8 CPU)

02时17分53秒  CPU    %usr   %nice    %sys %iowait    %irq   %soft  %steal  %guest   %idle
02时17分54秒  all   67.01    0.00    5.61    0.00    0.00    0.38    0.00    0.00   27.01
平均时间:  all   67.01    0.00    5.61    0.00    0.00    0.38    0.00    0.00   27.01

Linux 2.6.32-431.el6.x86_64 (slave1) 	2019年07月27日 	_x86_64_	(8 CPU)

02时17分57秒  CPU    %usr   %nice    %sys %iowait    %irq   %soft  %steal  %guest   %idle
02时17分58秒  all   85.55    0.00    7.35    0.00    0.00    0.38    0.00    0.00    6.72
平均时间:  all   85.55    0.00    7.35    0.00    0.00    0.38    0.00    0.00    6.72

Linux 2.6.32-431.el6.x86_64 (slave1) 	2019年07月27日 	_x86_64_	(8 CPU)

02时18分01秒  CPU    %usr   %nice    %sys %iowait    %irq   %soft  %steal  %guest   %idle
02时18分02秒  all   71.68    0.00    9.44    0.00    0.13    1.02    0.00    0.00   17.73
平均时间:  all   71.68    0.00    9.44    0.00    0.13    1.02    0.00    0.00   17.73

Linux 2.6.32-431.el6.x86_64 (slave1) 	2019年07月27日 	_x86_64_	(8 CPU)

02时18分05秒  CPU    %usr   %nice    %sys %iowait    %irq   %soft  %steal  %guest   %idle
02时18分06秒  all   33.08    0.00    5.38    0.00    0.00    0.38    0.00    0.00   61.15
平均时间:  all   33.08    0.00    5.38    0.00    0.00    0.38    0.00    0.00   61.15

Linux 2.6.32-431.el6.x86_64 (slave1) 	2019年07月27日 	_x86_64_	(8 CPU)

02时18分09秒  CPU    %usr   %nice    %sys %iowait    %irq   %soft  %steal  %guest   %idle
02时18分10秒  all   78.33    0.00    6.21    0.00    0.00    0.25    0.00    0.00   15.21
平均时间:  all   78.33    0.00    6.21    0.00    0.00    0.25    0.00    0.00   15.21

Linux 2.6.32-431.el6.x86_64 (slave1) 	2019年07月27日 	_x86_64_	(8 CPU)

02时18分13秒  CPU    %usr   %nice    %sys %iowait    %irq   %soft  %steal  %guest   %idle
02时18分14秒  all   30.84    0.00    3.43    0.00    0.13    0.89    0.00    0.00   64.72
平均时间:  all   30.84    0.00    3.43    0.00    0.13    0.89    0.00    0.00   64.72

Linux 2.6.32-431.el6.x86_64 (slave1) 	2019年07月27日 	_x86_64_	(8 CPU)

02时18分17秒  CPU    %usr   %nice    %sys %iowait    %irq   %soft  %steal  %guest   %idle
02时18分18秒  all   26.84    0.00    2.66    0.00    0.00    0.76    0.00    0.00   69.75
平均时间:  all   26.84    0.00    2.66    0.00    0.00    0.76    0.00    0.00   69.75

Linux 2.6.32-431.el6.x86_64 (slave1) 	2019年07月27日 	_x86_64_	(8 CPU)

02时18分21秒  CPU    %usr   %nice    %sys %iowait    %irq   %soft  %steal  %guest   %idle
02时18分22秒  all   23.48    0.00    1.52    0.00    0.00    1.14    0.00    0.00   73.86
平均时间:  all   23.48    0.00    1.52    0.00    0.00    1.14    0.00    0.00   73.86

Linux 2.6.32-431.el6.x86_64 (slave1) 	2019年07月27日 	_x86_64_	(8 CPU)

02时18分25秒  CPU    %usr   %nice    %sys %iowait    %irq   %soft  %steal  %guest   %idle
02时18分26秒  all   28.82    0.00    3.29    0.00    0.00    0.25    0.00    0.00   67.64
平均时间:  all   28.82    0.00    3.29    0.00    0.00    0.25    0.00    0.00   67.64

Linux 2.6.32-431.el6.x86_64 (slave1) 	2019年07月27日 	_x86_64_	(8 CPU)

02时18分29秒  CPU    %usr   %nice    %sys %iowait    %irq   %soft  %steal  %guest   %idle
02时18分30秒  all   23.74    0.00    2.02    0.00    0.00    0.63    0.00    0.00   73.61
平均时间:  all   23.74    0.00    2.02    0.00    0.00    0.63    0.00    0.00   73.61

Linux 2.6.32-431.el6.x86_64 (slave1) 	2019年07月27日 	_x86_64_	(8 CPU)

02时18分33秒  CPU    %usr   %nice    %sys %iowait    %irq   %soft  %steal  %guest   %idle
02时18分34秒  all   23.16    0.00    1.77    0.00    0.00    0.63    0.00    0.00   74.43
平均时间:  all   23.16    0.00    1.77    0.00    0.00    0.63    0.00    0.00   74.43

Linux 2.6.32-431.el6.x86_64 (slave1) 	2019年07月27日 	_x86_64_	(8 CPU)

02时18分37秒  CPU    %usr   %nice    %sys %iowait    %irq   %soft  %steal  %guest   %idle
02时18分38秒  all   21.59    0.00    1.52    0.00    0.00    0.51    0.00    0.00   76.39
平均时间:  all   21.59    0.00    1.52    0.00    0.00    0.51    0.00    0.00   76.39

Linux 2.6.32-431.el6.x86_64 (slave1) 	2019年07月27日 	_x86_64_	(8 CPU)

02时18分41秒  CPU    %usr   %nice    %sys %iowait    %irq   %soft  %steal  %guest   %idle
02时18分42秒  all   31.86    0.00    2.53    0.00    0.00    0.13    0.00    0.00   65.49
平均时间:  all   31.86    0.00    2.53    0.00    0.00    0.13    0.00    0.00   65.49

Linux 2.6.32-431.el6.x86_64 (slave1) 	2019年07月27日 	_x86_64_	(8 CPU)

02时18分45秒  CPU    %usr   %nice    %sys %iowait    %irq   %soft  %steal  %guest   %idle
02时18分46秒  all   15.28    0.00    2.44    0.00    0.13    0.77    0.00    0.00   81.39
平均时间:  all   15.28    0.00    2.44    0.00    0.13    0.77    0.00    0.00   81.39

Linux 2.6.32-431.el6.x86_64 (slave1) 	2019年07月27日 	_x86_64_	(8 CPU)

02时18分49秒  CPU    %usr   %nice    %sys %iowait    %irq   %soft  %steal  %guest   %idle
02时18分50秒  all   19.08    0.00    3.07    0.00    0.00    0.51    0.00    0.00   77.34
平均时间:  all   19.08    0.00    3.07    0.00    0.00    0.51    0.00    0.00   77.34

Linux 2.6.32-431.el6.x86_64 (slave1) 	2019年07月27日 	_x86_64_	(8 CPU)

02时18分53秒  CPU    %usr   %nice    %sys %iowait    %irq   %soft  %steal  %guest   %idle
02时18分54秒  all    0.63    0.00    1.51    0.00    0.00    0.13    0.00    0.00   97.74
平均时间:  all    0.63    0.00    1.51    0.00    0.00    0.13    0.00    0.00   97.74

Linux 2.6.32-431.el6.x86_64 (slave1) 	2019年07月27日 	_x86_64_	(8 CPU)

02时18分57秒  CPU    %usr   %nice    %sys %iowait    %irq   %soft  %steal  %guest   %idle
02时18分58秒  all    0.13    0.00    0.00    0.00    0.00    0.00    0.00    0.00   99.87
平均时间:  all    0.13    0.00    0.00    0.00    0.00    0.00    0.00    0.00   99.87

Linux 2.6.32-431.el6.x86_64 (slave1) 	2019年07月27日 	_x86_64_	(8 CPU)

02时19分01秒  CPU    %usr   %nice    %sys %iowait    %irq   %soft  %steal  %guest   %idle
02时19分02秒  all    0.00    0.00    0.13    0.00    0.00    0.00    0.00    0.00   99.87
平均时间:  all    0.00    0.00    0.13    0.00    0.00    0.00    0.00    0.00   99.87

Linux 2.6.32-431.el6.x86_64 (slave1) 	2019年07月27日 	_x86_64_	(8 CPU)

02时19分05秒  CPU    %usr   %nice    %sys %iowait    %irq   %soft  %steal  %guest   %idle
02时19分06秒  all    0.00    0.00    0.00    0.00    0.00    0.00    0.00    0.00  100.00
平均时间:  all    0.00    0.00    0.00    0.00    0.00    0.00    0.00    0.00  100.00

