
Linux 2.6.32-431.el6.x86_64 (slave2) 	2019年07月27日 	_x86_64_	(8 CPU)

02时06分03秒  CPU    %usr   %nice    %sys %iowait    %irq   %soft  %steal  %guest   %idle
02时06分04秒  all    0.00    0.00    0.00    0.00    0.00    0.00    0.00    0.00  100.00
平均时间:  all    0.00    0.00    0.00    0.00    0.00    0.00    0.00    0.00  100.00

Linux 2.6.32-431.el6.x86_64 (slave2) 	2019年07月27日 	_x86_64_	(8 CPU)

02时06分07秒  CPU    %usr   %nice    %sys %iowait    %irq   %soft  %steal  %guest   %idle
02时06分08秒  all    0.12    0.00    0.12    0.00    0.00    0.00    0.00    0.00   99.75
平均时间:  all    0.12    0.00    0.12    0.00    0.00    0.00    0.00    0.00   99.75

Linux 2.6.32-431.el6.x86_64 (slave2) 	2019年07月27日 	_x86_64_	(8 CPU)

02时06分11秒  CPU    %usr   %nice    %sys %iowait    %irq   %soft  %steal  %guest   %idle
02时06分12秒  all    0.00    0.00    0.00    0.00    0.00    0.00    0.00    0.00  100.00
平均时间:  all    0.00    0.00    0.00    0.00    0.00    0.00    0.00    0.00  100.00

Linux 2.6.32-431.el6.x86_64 (slave2) 	2019年07月27日 	_x86_64_	(8 CPU)

02时06分15秒  CPU    %usr   %nice    %sys %iowait    %irq   %soft  %steal  %guest   %idle
02时06分16秒  all    2.38    0.00    1.00    0.00    0.00    0.00    0.00    0.00   96.61
平均时间:  all    2.38    0.00    1.00    0.00    0.00    0.00    0.00    0.00   96.61

Linux 2.6.32-431.el6.x86_64 (slave2) 	2019年07月27日 	_x86_64_	(8 CPU)

02时06分19秒  CPU    %usr   %nice    %sys %iowait    %irq   %soft  %steal  %guest   %idle
02时06分20秒  all    0.13    0.00    1.26    0.00    0.00    0.50    0.00    0.00   98.11
平均时间:  all    0.13    0.00    1.26    0.00    0.00    0.50    0.00    0.00   98.11

Linux 2.6.32-431.el6.x86_64 (slave2) 	2019年07月27日 	_x86_64_	(8 CPU)

02时06分23秒  CPU    %usr   %nice    %sys %iowait    %irq   %soft  %steal  %guest   %idle
02时06分24秒  all    0.52    0.00    4.90    0.00    0.39    2.96    0.00    0.00   91.24
平均时间:  all    0.52    0.00    4.90    0.00    0.39    2.96    0.00    0.00   91.24

Linux 2.6.32-431.el6.x86_64 (slave2) 	2019年07月27日 	_x86_64_	(8 CPU)

02时06分27秒  CPU    %usr   %nice    %sys %iowait    %irq   %soft  %steal  %guest   %idle
02时06分28秒  all    1.03    0.00    8.01    0.00    0.78   17.70    0.00    0.00   72.48
平均时间:  all    1.03    0.00    8.01    0.00    0.78   17.70    0.00    0.00   72.48

Linux 2.6.32-431.el6.x86_64 (slave2) 	2019年07月27日 	_x86_64_	(8 CPU)

02时06分31秒  CPU    %usr   %nice    %sys %iowait    %irq   %soft  %steal  %guest   %idle
02时06分32秒  all    3.02    0.00    9.20    0.00    0.39   20.37    0.00    0.00   67.02
平均时间:  all    3.02    0.00    9.20    0.00    0.39   20.37    0.00    0.00   67.02

Linux 2.6.32-431.el6.x86_64 (slave2) 	2019年07月27日 	_x86_64_	(8 CPU)

02时06分35秒  CPU    %usr   %nice    %sys %iowait    %irq   %soft  %steal  %guest   %idle
02时06分36秒  all   31.37    0.00   12.94    0.00    0.39   16.86    0.00    0.00   38.43
平均时间:  all   31.37    0.00   12.94    0.00    0.39   16.86    0.00    0.00   38.43

Linux 2.6.32-431.el6.x86_64 (slave2) 	2019年07月27日 	_x86_64_	(8 CPU)

02时06分39秒  CPU    %usr   %nice    %sys %iowait    %irq   %soft  %steal  %guest   %idle
02时06分40秒  all   53.21    0.00   23.01    0.00    0.13   14.91    0.00    0.00    8.74
平均时间:  all   53.21    0.00   23.01    0.00    0.13   14.91    0.00    0.00    8.74

Linux 2.6.32-431.el6.x86_64 (slave2) 	2019年07月27日 	_x86_64_	(8 CPU)

02时06分43秒  CPU    %usr   %nice    %sys %iowait    %irq   %soft  %steal  %guest   %idle
02时06分44秒  all   78.66    0.00   15.40    0.00    0.00    1.26    0.00    0.00    4.67
平均时间:  all   78.66    0.00   15.40    0.00    0.00    1.26    0.00    0.00    4.67

Linux 2.6.32-431.el6.x86_64 (slave2) 	2019年07月27日 	_x86_64_	(8 CPU)

02时06分47秒  CPU    %usr   %nice    %sys %iowait    %irq   %soft  %steal  %guest   %idle
02时06分48秒  all   86.14    0.00   11.99    0.00    0.00    1.25    0.00    0.00    0.62
平均时间:  all   86.14    0.00   11.99    0.00    0.00    1.25    0.00    0.00    0.62

Linux 2.6.32-431.el6.x86_64 (slave2) 	2019年07月27日 	_x86_64_	(8 CPU)

02时06分51秒  CPU    %usr   %nice    %sys %iowait    %irq   %soft  %steal  %guest   %idle
02时06分52秒  all   91.86    0.00    6.88    0.00    0.00    0.00    0.00    0.00    1.25
平均时间:  all   91.86    0.00    6.88    0.00    0.00    0.00    0.00    0.00    1.25

Linux 2.6.32-431.el6.x86_64 (slave2) 	2019年07月27日 	_x86_64_	(8 CPU)

02时06分55秒  CPU    %usr   %nice    %sys %iowait    %irq   %soft  %steal  %guest   %idle
02时06分56秒  all   71.32    0.00   10.79    0.00    0.00    0.00    0.00    0.00   17.89
平均时间:  all   71.32    0.00   10.79    0.00    0.00    0.00    0.00    0.00   17.89

Linux 2.6.32-431.el6.x86_64 (slave2) 	2019年07月27日 	_x86_64_	(8 CPU)

02时06分59秒  CPU    %usr   %nice    %sys %iowait    %irq   %soft  %steal  %guest   %idle
02时07分00秒  all   28.61    0.00    4.21    0.00    0.00    0.00    0.00    0.00   67.18
平均时间:  all   28.61    0.00    4.21    0.00    0.00    0.00    0.00    0.00   67.18

Linux 2.6.32-431.el6.x86_64 (slave2) 	2019年07月27日 	_x86_64_	(8 CPU)

02时07分03秒  CPU    %usr   %nice    %sys %iowait    %irq   %soft  %steal  %guest   %idle
02时07分04秒  all    0.51    0.00    0.13    0.00    0.00    0.00    0.00    0.00   99.37
平均时间:  all    0.51    0.00    0.13    0.00    0.00    0.00    0.00    0.00   99.37

Linux 2.6.32-431.el6.x86_64 (slave2) 	2019年07月27日 	_x86_64_	(8 CPU)

02时07分07秒  CPU    %usr   %nice    %sys %iowait    %irq   %soft  %steal  %guest   %idle
02时07分08秒  all   13.31    0.00    1.52    0.00    0.00    0.00    0.00    0.00   85.17
平均时间:  all   13.31    0.00    1.52    0.00    0.00    0.00    0.00    0.00   85.17

Linux 2.6.32-431.el6.x86_64 (slave2) 	2019年07月27日 	_x86_64_	(8 CPU)

02时07分11秒  CPU    %usr   %nice    %sys %iowait    %irq   %soft  %steal  %guest   %idle
02时07分12秒  all   42.88    0.00    6.23    0.00    0.00    0.00    0.00    0.00   50.89
平均时间:  all   42.88    0.00    6.23    0.00    0.00    0.00    0.00    0.00   50.89

Linux 2.6.32-431.el6.x86_64 (slave2) 	2019年07月27日 	_x86_64_	(8 CPU)

02时07分15秒  CPU    %usr   %nice    %sys %iowait    %irq   %soft  %steal  %guest   %idle
02时07分16秒  all    5.20    0.00    2.53    0.00    0.00    0.13    0.00    0.00   92.14
平均时间:  all    5.20    0.00    2.53    0.00    0.00    0.13    0.00    0.00   92.14

Linux 2.6.32-431.el6.x86_64 (slave2) 	2019年07月27日 	_x86_64_	(8 CPU)

02时07分19秒  CPU    %usr   %nice    %sys %iowait    %irq   %soft  %steal  %guest   %idle
02时07分20秒  all   79.60    0.00    8.82    0.00    0.00    0.00    0.00    0.00   11.59
平均时间:  all   79.60    0.00    8.82    0.00    0.00    0.00    0.00    0.00   11.59

Linux 2.6.32-431.el6.x86_64 (slave2) 	2019年07月27日 	_x86_64_	(8 CPU)

02时07分23秒  CPU    %usr   %nice    %sys %iowait    %irq   %soft  %steal  %guest   %idle
02时07分24秒  all   68.99    0.00   10.38    0.00    0.00    0.00    0.00    0.00   20.63
平均时间:  all   68.99    0.00   10.38    0.00    0.00    0.00    0.00    0.00   20.63

Linux 2.6.32-431.el6.x86_64 (slave2) 	2019年07月27日 	_x86_64_	(8 CPU)

02时07分27秒  CPU    %usr   %nice    %sys %iowait    %irq   %soft  %steal  %guest   %idle
02时07分28秒  all   88.86    0.00    9.89    0.00    0.00    0.00    0.00    0.00    1.25
平均时间:  all   88.86    0.00    9.89    0.00    0.00    0.00    0.00    0.00    1.25

Linux 2.6.32-431.el6.x86_64 (slave2) 	2019年07月27日 	_x86_64_	(8 CPU)

02时07分31秒  CPU    %usr   %nice    %sys %iowait    %irq   %soft  %steal  %guest   %idle
02时07分32秒  all   73.92    0.00   10.81    0.00    0.00    0.00    0.00    0.00   15.27
平均时间:  all   73.92    0.00   10.81    0.00    0.00    0.00    0.00    0.00   15.27

Linux 2.6.32-431.el6.x86_64 (slave2) 	2019年07月27日 	_x86_64_	(8 CPU)

02时07分35秒  CPU    %usr   %nice    %sys %iowait    %irq   %soft  %steal  %guest   %idle
02时07分36秒  all   38.50    0.00    4.19    0.00    0.13    0.00    0.00    0.00   57.18
平均时间:  all   38.50    0.00    4.19    0.00    0.13    0.00    0.00    0.00   57.18

Linux 2.6.32-431.el6.x86_64 (slave2) 	2019年07月27日 	_x86_64_	(8 CPU)

02时07分39秒  CPU    %usr   %nice    %sys %iowait    %irq   %soft  %steal  %guest   %idle
02时07分40秒  all   86.02    0.00    8.94    0.00    0.00    0.13    0.00    0.00    4.91
平均时间:  all   86.02    0.00    8.94    0.00    0.00    0.13    0.00    0.00    4.91

Linux 2.6.32-431.el6.x86_64 (slave2) 	2019年07月27日 	_x86_64_	(8 CPU)

02时07分43秒  CPU    %usr   %nice    %sys %iowait    %irq   %soft  %steal  %guest   %idle
02时07分44秒  all   90.99    0.00    5.13    0.00    0.00    0.00    0.00    0.00    3.88
平均时间:  all   90.99    0.00    5.13    0.00    0.00    0.00    0.00    0.00    3.88

Linux 2.6.32-431.el6.x86_64 (slave2) 	2019年07月27日 	_x86_64_	(8 CPU)

02时07分47秒  CPU    %usr   %nice    %sys %iowait    %irq   %soft  %steal  %guest   %idle
02时07分48秒  all   53.26    0.00    6.13    0.00    0.00    0.51    0.00    0.00   40.10
平均时间:  all   53.26    0.00    6.13    0.00    0.00    0.51    0.00    0.00   40.10

Linux 2.6.32-431.el6.x86_64 (slave2) 	2019年07月27日 	_x86_64_	(8 CPU)

02时07分51秒  CPU    %usr   %nice    %sys %iowait    %irq   %soft  %steal  %guest   %idle
02时07分52秒  all   63.20    0.00    7.36    0.13    0.00    0.13    0.00    0.00   29.19
平均时间:  all   63.20    0.00    7.36    0.13    0.00    0.13    0.00    0.00   29.19

Linux 2.6.32-431.el6.x86_64 (slave2) 	2019年07月27日 	_x86_64_	(8 CPU)

02时07分55秒  CPU    %usr   %nice    %sys %iowait    %irq   %soft  %steal  %guest   %idle
02时07分56秒  all   49.17    0.00    6.88    0.00    0.00    0.00    0.00    0.00   43.95
平均时间:  all   49.17    0.00    6.88    0.00    0.00    0.00    0.00    0.00   43.95

Linux 2.6.32-431.el6.x86_64 (slave2) 	2019年07月27日 	_x86_64_	(8 CPU)

02时07分59秒  CPU    %usr   %nice    %sys %iowait    %irq   %soft  %steal  %guest   %idle
02时08分00秒  all   48.60    0.00    5.08    0.00    0.13    0.00    0.00    0.00   46.19
平均时间:  all   48.60    0.00    5.08    0.00    0.13    0.00    0.00    0.00   46.19

Linux 2.6.32-431.el6.x86_64 (slave2) 	2019年07月27日 	_x86_64_	(8 CPU)

02时08分04秒  CPU    %usr   %nice    %sys %iowait    %irq   %soft  %steal  %guest   %idle
02时08分05秒  all   56.83    0.00    7.66    0.00    0.00    0.00    0.00    0.00   35.50
平均时间:  all   56.83    0.00    7.66    0.00    0.00    0.00    0.00    0.00   35.50

Linux 2.6.32-431.el6.x86_64 (slave2) 	2019年07月27日 	_x86_64_	(8 CPU)

02时08分08秒  CPU    %usr   %nice    %sys %iowait    %irq   %soft  %steal  %guest   %idle
02时08分09秒  all   75.82    0.00   10.25    0.00    0.00    0.13    0.00    0.00   13.80
平均时间:  all   75.82    0.00   10.25    0.00    0.00    0.13    0.00    0.00   13.80

Linux 2.6.32-431.el6.x86_64 (slave2) 	2019年07月27日 	_x86_64_	(8 CPU)

02时08分12秒  CPU    %usr   %nice    %sys %iowait    %irq   %soft  %steal  %guest   %idle
02时08分13秒  all   53.38    0.00    9.30    0.00    0.00    0.51    0.00    0.00   36.82
平均时间:  all   53.38    0.00    9.30    0.00    0.00    0.51    0.00    0.00   36.82

Linux 2.6.32-431.el6.x86_64 (slave2) 	2019年07月27日 	_x86_64_	(8 CPU)

02时08分16秒  CPU    %usr   %nice    %sys %iowait    %irq   %soft  %steal  %guest   %idle
02时08分17秒  all   56.94    0.00    7.26    0.00    0.00    0.13    0.00    0.00   35.67
平均时间:  all   56.94    0.00    7.26    0.00    0.00    0.13    0.00    0.00   35.67

Linux 2.6.32-431.el6.x86_64 (slave2) 	2019年07月27日 	_x86_64_	(8 CPU)

02时08分20秒  CPU    %usr   %nice    %sys %iowait    %irq   %soft  %steal  %guest   %idle
02时08分21秒  all   60.99    0.00    9.53    0.00    0.00    0.38    0.00    0.00   29.10
平均时间:  all   60.99    0.00    9.53    0.00    0.00    0.38    0.00    0.00   29.10

Linux 2.6.32-431.el6.x86_64 (slave2) 	2019年07月27日 	_x86_64_	(8 CPU)

02时08分24秒  CPU    %usr   %nice    %sys %iowait    %irq   %soft  %steal  %guest   %idle
02时08分25秒  all   69.17    0.00   11.08    0.00    0.13    2.42    0.00    0.00   17.20
平均时间:  all   69.17    0.00   11.08    0.00    0.13    2.42    0.00    0.00   17.20

Linux 2.6.32-431.el6.x86_64 (slave2) 	2019年07月27日 	_x86_64_	(8 CPU)

02时08分28秒  CPU    %usr   %nice    %sys %iowait    %irq   %soft  %steal  %guest   %idle
02时08分29秒  all   67.22    0.00   19.26    0.00    0.13    7.14    0.00    0.00    6.25
平均时间:  all   67.22    0.00   19.26    0.00    0.13    7.14    0.00    0.00    6.25

Linux 2.6.32-431.el6.x86_64 (slave2) 	2019年07月27日 	_x86_64_	(8 CPU)

02时08分32秒  CPU    %usr   %nice    %sys %iowait    %irq   %soft  %steal  %guest   %idle
02时08分33秒  all   61.54    0.00   20.64    0.00    0.13   12.05    0.00    0.00    5.64
平均时间:  all   61.54    0.00   20.64    0.00    0.13   12.05    0.00    0.00    5.64

Linux 2.6.32-431.el6.x86_64 (slave2) 	2019年07月27日 	_x86_64_	(8 CPU)

02时08分36秒  CPU    %usr   %nice    %sys %iowait    %irq   %soft  %steal  %guest   %idle
02时08分37秒  all   71.36    0.00   18.47    0.00    0.25    9.80    0.00    0.00    0.13
平均时间:  all   71.36    0.00   18.47    0.00    0.25    9.80    0.00    0.00    0.13

Linux 2.6.32-431.el6.x86_64 (slave2) 	2019年07月27日 	_x86_64_	(8 CPU)

02时08分40秒  CPU    %usr   %nice    %sys %iowait    %irq   %soft  %steal  %guest   %idle
02时08分41秒  all   82.08    0.00   12.16    0.00    0.13    5.51    0.00    0.00    0.13
平均时间:  all   82.08    0.00   12.16    0.00    0.13    5.51    0.00    0.00    0.13

Linux 2.6.32-431.el6.x86_64 (slave2) 	2019年07月27日 	_x86_64_	(8 CPU)

02时08分44秒  CPU    %usr   %nice    %sys %iowait    %irq   %soft  %steal  %guest   %idle
02时08分45秒  all   92.62    0.00    7.13    0.00    0.00    0.13    0.00    0.00    0.13
平均时间:  all   92.62    0.00    7.13    0.00    0.00    0.13    0.00    0.00    0.13

Linux 2.6.32-431.el6.x86_64 (slave2) 	2019年07月27日 	_x86_64_	(8 CPU)

02时08分48秒  CPU    %usr   %nice    %sys %iowait    %irq   %soft  %steal  %guest   %idle
02时08分49秒  all   92.85    0.00    6.27    0.00    0.00    0.13    0.00    0.00    0.75
平均时间:  all   92.85    0.00    6.27    0.00    0.00    0.13    0.00    0.00    0.75

Linux 2.6.32-431.el6.x86_64 (slave2) 	2019年07月27日 	_x86_64_	(8 CPU)

02时08分52秒  CPU    %usr   %nice    %sys %iowait    %irq   %soft  %steal  %guest   %idle
02时08分53秒  all   14.34    0.00    1.14    0.00    0.00    1.40    0.00    0.00   83.12
平均时间:  all   14.34    0.00    1.14    0.00    0.00    1.40    0.00    0.00   83.12

Linux 2.6.32-431.el6.x86_64 (slave2) 	2019年07月27日 	_x86_64_	(8 CPU)

02时08分56秒  CPU    %usr   %nice    %sys %iowait    %irq   %soft  %steal  %guest   %idle
02时08分57秒  all   20.97    0.00    1.40    0.00    0.00    0.76    0.00    0.00   76.87
平均时间:  all   20.97    0.00    1.40    0.00    0.00    0.76    0.00    0.00   76.87

Linux 2.6.32-431.el6.x86_64 (slave2) 	2019年07月27日 	_x86_64_	(8 CPU)

02时09分00秒  CPU    %usr   %nice    %sys %iowait    %irq   %soft  %steal  %guest   %idle
02时09分01秒  all   41.02    0.00    2.55    0.00    0.00    0.38    0.00    0.00   56.05
平均时间:  all   41.02    0.00    2.55    0.00    0.00    0.38    0.00    0.00   56.05

Linux 2.6.32-431.el6.x86_64 (slave2) 	2019年07月27日 	_x86_64_	(8 CPU)

02时09分04秒  CPU    %usr   %nice    %sys %iowait    %irq   %soft  %steal  %guest   %idle
02时09分05秒  all   25.93    0.00    5.11    0.00    0.00    3.83    0.00    0.00   65.13
平均时间:  all   25.93    0.00    5.11    0.00    0.00    3.83    0.00    0.00   65.13

Linux 2.6.32-431.el6.x86_64 (slave2) 	2019年07月27日 	_x86_64_	(8 CPU)

02时09分08秒  CPU    %usr   %nice    %sys %iowait    %irq   %soft  %steal  %guest   %idle
02时09分09秒  all   43.02    0.00    5.63    0.13    0.00    0.26    0.00    0.00   50.96
平均时间:  all   43.02    0.00    5.63    0.13    0.00    0.26    0.00    0.00   50.96

Linux 2.6.32-431.el6.x86_64 (slave2) 	2019年07月27日 	_x86_64_	(8 CPU)

02时09分12秒  CPU    %usr   %nice    %sys %iowait    %irq   %soft  %steal  %guest   %idle
02时09分13秒  all   55.83    0.00    6.91    0.00    0.13    0.51    0.00    0.00   36.62
平均时间:  all   55.83    0.00    6.91    0.00    0.13    0.51    0.00    0.00   36.62

Linux 2.6.32-431.el6.x86_64 (slave2) 	2019年07月27日 	_x86_64_	(8 CPU)

02时09分16秒  CPU    %usr   %nice    %sys %iowait    %irq   %soft  %steal  %guest   %idle
02时09分17秒  all   68.96    0.00    6.36    0.00    0.00    0.00    0.00    0.00   24.68
平均时间:  all   68.96    0.00    6.36    0.00    0.00    0.00    0.00    0.00   24.68

Linux 2.6.32-431.el6.x86_64 (slave2) 	2019年07月27日 	_x86_64_	(8 CPU)

02时09分20秒  CPU    %usr   %nice    %sys %iowait    %irq   %soft  %steal  %guest   %idle
02时09分21秒  all   81.19    0.00   10.86    0.00    0.00    0.13    0.00    0.00    7.83
平均时间:  all   81.19    0.00   10.86    0.00    0.00    0.13    0.00    0.00    7.83

Linux 2.6.32-431.el6.x86_64 (slave2) 	2019年07月27日 	_x86_64_	(8 CPU)

02时09分24秒  CPU    %usr   %nice    %sys %iowait    %irq   %soft  %steal  %guest   %idle
02时09分25秒  all   82.77    0.00   10.57    0.00    0.13    0.25    0.00    0.00    6.29
平均时间:  all   82.77    0.00   10.57    0.00    0.13    0.25    0.00    0.00    6.29

Linux 2.6.32-431.el6.x86_64 (slave2) 	2019年07月27日 	_x86_64_	(8 CPU)

02时09分28秒  CPU    %usr   %nice    %sys %iowait    %irq   %soft  %steal  %guest   %idle
02时09分29秒  all   72.65    0.00   11.70    0.00    0.13    0.64    0.00    0.00   14.89
平均时间:  all   72.65    0.00   11.70    0.00    0.13    0.64    0.00    0.00   14.89

Linux 2.6.32-431.el6.x86_64 (slave2) 	2019年07月27日 	_x86_64_	(8 CPU)

02时09分32秒  CPU    %usr   %nice    %sys %iowait    %irq   %soft  %steal  %guest   %idle
02时09分33秒  all   80.03    0.00   13.65    0.00    0.00    0.13    0.00    0.00    6.19
平均时间:  all   80.03    0.00   13.65    0.00    0.00    0.13    0.00    0.00    6.19

Linux 2.6.32-431.el6.x86_64 (slave2) 	2019年07月27日 	_x86_64_	(8 CPU)

02时09分36秒  CPU    %usr   %nice    %sys %iowait    %irq   %soft  %steal  %guest   %idle
02时09分37秒  all   53.49    0.00    9.17    0.00    0.00    0.26    0.00    0.00   37.08
平均时间:  all   53.49    0.00    9.17    0.00    0.00    0.26    0.00    0.00   37.08

Linux 2.6.32-431.el6.x86_64 (slave2) 	2019年07月27日 	_x86_64_	(8 CPU)

02时09分40秒  CPU    %usr   %nice    %sys %iowait    %irq   %soft  %steal  %guest   %idle
02时09分41秒  all   84.65    0.00   11.45    0.00    0.00    0.25    0.00    0.00    3.65
平均时间:  all   84.65    0.00   11.45    0.00    0.00    0.25    0.00    0.00    3.65

Linux 2.6.32-431.el6.x86_64 (slave2) 	2019年07月27日 	_x86_64_	(8 CPU)

02时09分44秒  CPU    %usr   %nice    %sys %iowait    %irq   %soft  %steal  %guest   %idle
02时09分45秒  all   84.20    0.00    6.45    0.00    0.00    0.25    0.00    0.00    9.10
平均时间:  all   84.20    0.00    6.45    0.00    0.00    0.25    0.00    0.00    9.10

Linux 2.6.32-431.el6.x86_64 (slave2) 	2019年07月27日 	_x86_64_	(8 CPU)

02时09分48秒  CPU    %usr   %nice    %sys %iowait    %irq   %soft  %steal  %guest   %idle
02时09分49秒  all   82.24    0.00   12.59    0.00    0.00    0.25    0.00    0.00    4.91
平均时间:  all   82.24    0.00   12.59    0.00    0.00    0.25    0.00    0.00    4.91

Linux 2.6.32-431.el6.x86_64 (slave2) 	2019年07月27日 	_x86_64_	(8 CPU)

02时09分52秒  CPU    %usr   %nice    %sys %iowait    %irq   %soft  %steal  %guest   %idle
02时09分53秒  all   73.67    0.00   13.16    0.00    0.00    0.00    0.00    0.00   13.16
平均时间:  all   73.67    0.00   13.16    0.00    0.00    0.00    0.00    0.00   13.16

Linux 2.6.32-431.el6.x86_64 (slave2) 	2019年07月27日 	_x86_64_	(8 CPU)

02时09分56秒  CPU    %usr   %nice    %sys %iowait    %irq   %soft  %steal  %guest   %idle
02时09分57秒  all   49.68    0.00    4.84    0.00    0.00    0.25    0.00    0.00   45.22
平均时间:  all   49.68    0.00    4.84    0.00    0.00    0.25    0.00    0.00   45.22

Linux 2.6.32-431.el6.x86_64 (slave2) 	2019年07月27日 	_x86_64_	(8 CPU)

02时10分00秒  CPU    %usr   %nice    %sys %iowait    %irq   %soft  %steal  %guest   %idle
02时10分01秒  all   88.57    0.00   10.18    0.00    0.00    0.13    0.00    0.00    1.13
平均时间:  all   88.57    0.00   10.18    0.00    0.00    0.13    0.00    0.00    1.13

Linux 2.6.32-431.el6.x86_64 (slave2) 	2019年07月27日 	_x86_64_	(8 CPU)

02时10分04秒  CPU    %usr   %nice    %sys %iowait    %irq   %soft  %steal  %guest   %idle
02时10分05秒  all   38.11    0.00    7.49    0.00    0.00    0.13    0.00    0.00   54.26
平均时间:  all   38.11    0.00    7.49    0.00    0.00    0.13    0.00    0.00   54.26

Linux 2.6.32-431.el6.x86_64 (slave2) 	2019年07月27日 	_x86_64_	(8 CPU)

02时10分08秒  CPU    %usr   %nice    %sys %iowait    %irq   %soft  %steal  %guest   %idle
02时10分09秒  all   65.90    0.00   17.56    0.00    0.00    1.40    0.00    0.00   15.14
平均时间:  all   65.90    0.00   17.56    0.00    0.00    1.40    0.00    0.00   15.14

Linux 2.6.32-431.el6.x86_64 (slave2) 	2019年07月27日 	_x86_64_	(8 CPU)

02时10分12秒  CPU    %usr   %nice    %sys %iowait    %irq   %soft  %steal  %guest   %idle
02时10分13秒  all   67.18    0.00    9.16    0.00    0.00    0.00    0.00    0.00   23.66
平均时间:  all   67.18    0.00    9.16    0.00    0.00    0.00    0.00    0.00   23.66

Linux 2.6.32-431.el6.x86_64 (slave2) 	2019年07月27日 	_x86_64_	(8 CPU)

02时10分16秒  CPU    %usr   %nice    %sys %iowait    %irq   %soft  %steal  %guest   %idle
02时10分17秒  all   83.02    0.00    6.97    0.00    0.00    0.38    0.00    0.00    9.63
平均时间:  all   83.02    0.00    6.97    0.00    0.00    0.38    0.00    0.00    9.63

Linux 2.6.32-431.el6.x86_64 (slave2) 	2019年07月27日 	_x86_64_	(8 CPU)

02时10分20秒  CPU    %usr   %nice    %sys %iowait    %irq   %soft  %steal  %guest   %idle
02时10分21秒  all   74.14    0.00    7.13    0.00    0.00    2.04    0.00    0.00   16.69
平均时间:  all   74.14    0.00    7.13    0.00    0.00    2.04    0.00    0.00   16.69

Linux 2.6.32-431.el6.x86_64 (slave2) 	2019年07月27日 	_x86_64_	(8 CPU)

02时10分24秒  CPU    %usr   %nice    %sys %iowait    %irq   %soft  %steal  %guest   %idle
02时10分25秒  all   64.07    0.00    9.86    0.00    0.13    2.72    0.00    0.00   23.22
平均时间:  all   64.07    0.00    9.86    0.00    0.13    2.72    0.00    0.00   23.22

Linux 2.6.32-431.el6.x86_64 (slave2) 	2019年07月27日 	_x86_64_	(8 CPU)

02时10分28秒  CPU    %usr   %nice    %sys %iowait    %irq   %soft  %steal  %guest   %idle
02时10分29秒  all   73.61    0.00   14.27    0.00    0.13   10.10    0.00    0.00    1.89
平均时间:  all   73.61    0.00   14.27    0.00    0.13   10.10    0.00    0.00    1.89

Linux 2.6.32-431.el6.x86_64 (slave2) 	2019年07月27日 	_x86_64_	(8 CPU)

02时10分32秒  CPU    %usr   %nice    %sys %iowait    %irq   %soft  %steal  %guest   %idle
02时10分33秒  all   59.07    0.00   22.13    0.00    0.40   12.13    0.00    0.00    6.27
平均时间:  all   59.07    0.00   22.13    0.00    0.40   12.13    0.00    0.00    6.27

Linux 2.6.32-431.el6.x86_64 (slave2) 	2019年07月27日 	_x86_64_	(8 CPU)

02时10分36秒  CPU    %usr   %nice    %sys %iowait    %irq   %soft  %steal  %guest   %idle
02时10分37秒  all   63.23    0.00   17.86    0.00    0.13   15.12    0.00    0.00    3.65
平均时间:  all   63.23    0.00   17.86    0.00    0.13   15.12    0.00    0.00    3.65

Linux 2.6.32-431.el6.x86_64 (slave2) 	2019年07月27日 	_x86_64_	(8 CPU)

02时10分41秒  CPU    %usr   %nice    %sys %iowait    %irq   %soft  %steal  %guest   %idle
02时10分42秒  all   59.24    0.00   22.42    0.00    0.13   16.56    0.00    0.00    1.66
平均时间:  all   59.24    0.00   22.42    0.00    0.13   16.56    0.00    0.00    1.66

Linux 2.6.32-431.el6.x86_64 (slave2) 	2019年07月27日 	_x86_64_	(8 CPU)

02时10分45秒  CPU    %usr   %nice    %sys %iowait    %irq   %soft  %steal  %guest   %idle
02时10分46秒  all   59.11    0.00   19.40    0.00    0.26   16.25    0.00    0.00    4.98
平均时间:  all   59.11    0.00   19.40    0.00    0.26   16.25    0.00    0.00    4.98

Linux 2.6.32-431.el6.x86_64 (slave2) 	2019年07月27日 	_x86_64_	(8 CPU)

02时10分49秒  CPU    %usr   %nice    %sys %iowait    %irq   %soft  %steal  %guest   %idle
02时10分50秒  all   75.83    0.00    9.80    0.00    0.13    5.09    0.00    0.00    9.16
平均时间:  all   75.83    0.00    9.80    0.00    0.13    5.09    0.00    0.00    9.16

Linux 2.6.32-431.el6.x86_64 (slave2) 	2019年07月27日 	_x86_64_	(8 CPU)

02时10分53秒  CPU    %usr   %nice    %sys %iowait    %irq   %soft  %steal  %guest   %idle
02时10分54秒  all   14.68    0.00    1.27    0.00    0.00    1.39    0.00    0.00   82.66
平均时间:  all   14.68    0.00    1.27    0.00    0.00    1.39    0.00    0.00   82.66

Linux 2.6.32-431.el6.x86_64 (slave2) 	2019年07月27日 	_x86_64_	(8 CPU)

02时10分57秒  CPU    %usr   %nice    %sys %iowait    %irq   %soft  %steal  %guest   %idle
02时10分58秒  all   85.48    0.00   10.76    0.00    0.13    3.63    0.00    0.00    0.00
平均时间:  all   85.48    0.00   10.76    0.00    0.13    3.63    0.00    0.00    0.00

Linux 2.6.32-431.el6.x86_64 (slave2) 	2019年07月27日 	_x86_64_	(8 CPU)

02时11分01秒  CPU    %usr   %nice    %sys %iowait    %irq   %soft  %steal  %guest   %idle
02时11分02秒  all   71.59    0.00    6.24    0.00    0.00    1.15    0.00    0.00   21.02
平均时间:  all   71.59    0.00    6.24    0.00    0.00    1.15    0.00    0.00   21.02

Linux 2.6.32-431.el6.x86_64 (slave2) 	2019年07月27日 	_x86_64_	(8 CPU)

02时11分05秒  CPU    %usr   %nice    %sys %iowait    %irq   %soft  %steal  %guest   %idle
02时11分06秒  all   64.45    0.00    8.18    0.00    0.00    0.38    0.00    0.00   26.98
平均时间:  all   64.45    0.00    8.18    0.00    0.00    0.38    0.00    0.00   26.98

Linux 2.6.32-431.el6.x86_64 (slave2) 	2019年07月27日 	_x86_64_	(8 CPU)

02时11分09秒  CPU    %usr   %nice    %sys %iowait    %irq   %soft  %steal  %guest   %idle
02时11分10秒  all   89.97    0.00    7.89    0.00    0.00    0.13    0.00    0.00    2.01
平均时间:  all   89.97    0.00    7.89    0.00    0.00    0.13    0.00    0.00    2.01

Linux 2.6.32-431.el6.x86_64 (slave2) 	2019年07月27日 	_x86_64_	(8 CPU)

02时11分13秒  CPU    %usr   %nice    %sys %iowait    %irq   %soft  %steal  %guest   %idle
02时11分14秒  all   83.42    0.00    9.55    0.00    0.00    0.13    0.00    0.00    6.91
平均时间:  all   83.42    0.00    9.55    0.00    0.00    0.13    0.00    0.00    6.91

Linux 2.6.32-431.el6.x86_64 (slave2) 	2019年07月27日 	_x86_64_	(8 CPU)

02时11分17秒  CPU    %usr   %nice    %sys %iowait    %irq   %soft  %steal  %guest   %idle
02时11分18秒  all   66.58    0.00   12.33    0.13    0.13    0.25    0.00    0.00   20.58
平均时间:  all   66.58    0.00   12.33    0.13    0.13    0.25    0.00    0.00   20.58

Linux 2.6.32-431.el6.x86_64 (slave2) 	2019年07月27日 	_x86_64_	(8 CPU)

02时11分21秒  CPU    %usr   %nice    %sys %iowait    %irq   %soft  %steal  %guest   %idle
02时11分22秒  all   62.61    0.00   11.91    0.00    0.13    1.66    0.00    0.00   23.69
平均时间:  all   62.61    0.00   11.91    0.00    0.13    1.66    0.00    0.00   23.69

Linux 2.6.32-431.el6.x86_64 (slave2) 	2019年07月27日 	_x86_64_	(8 CPU)

02时11分25秒  CPU    %usr   %nice    %sys %iowait    %irq   %soft  %steal  %guest   %idle
02时11分26秒  all   74.52    0.00   11.41    0.00    0.00    0.25    0.00    0.00   13.81
平均时间:  all   74.52    0.00   11.41    0.00    0.00    0.25    0.00    0.00   13.81

Linux 2.6.32-431.el6.x86_64 (slave2) 	2019年07月27日 	_x86_64_	(8 CPU)

02时11分29秒  CPU    %usr   %nice    %sys %iowait    %irq   %soft  %steal  %guest   %idle
02时11分30秒  all   86.70    0.00   10.04    0.00    0.00    0.00    0.00    0.00    3.26
平均时间:  all   86.70    0.00   10.04    0.00    0.00    0.00    0.00    0.00    3.26

Linux 2.6.32-431.el6.x86_64 (slave2) 	2019年07月27日 	_x86_64_	(8 CPU)

02时11分33秒  CPU    %usr   %nice    %sys %iowait    %irq   %soft  %steal  %guest   %idle
02时11分34秒  all   80.38    0.00    9.24    0.00    0.00    1.01    0.00    0.00    9.37
平均时间:  all   80.38    0.00    9.24    0.00    0.00    1.01    0.00    0.00    9.37

Linux 2.6.32-431.el6.x86_64 (slave2) 	2019年07月27日 	_x86_64_	(8 CPU)

02时11分37秒  CPU    %usr   %nice    %sys %iowait    %irq   %soft  %steal  %guest   %idle
02时11分38秒  all   82.28    0.00   11.65    0.00    0.00    0.76    0.00    0.00    5.32
平均时间:  all   82.28    0.00   11.65    0.00    0.00    0.76    0.00    0.00    5.32

Linux 2.6.32-431.el6.x86_64 (slave2) 	2019年07月27日 	_x86_64_	(8 CPU)

02时11分41秒  CPU    %usr   %nice    %sys %iowait    %irq   %soft  %steal  %guest   %idle
02时11分42秒  all   29.24    0.00    8.02    0.00    0.00    0.26    0.00    0.00   62.48
平均时间:  all   29.24    0.00    8.02    0.00    0.00    0.26    0.00    0.00   62.48

Linux 2.6.32-431.el6.x86_64 (slave2) 	2019年07月27日 	_x86_64_	(8 CPU)

02时11分45秒  CPU    %usr   %nice    %sys %iowait    %irq   %soft  %steal  %guest   %idle
02时11分46秒  all   64.29    0.00   11.86    0.00    0.13    0.13    0.00    0.00   23.60
平均时间:  all   64.29    0.00   11.86    0.00    0.13    0.13    0.00    0.00   23.60

Linux 2.6.32-431.el6.x86_64 (slave2) 	2019年07月27日 	_x86_64_	(8 CPU)

02时11分49秒  CPU    %usr   %nice    %sys %iowait    %irq   %soft  %steal  %guest   %idle
02时11分50秒  all   49.68    0.00    5.49    0.00    0.00    0.00    0.00    0.00   44.83
平均时间:  all   49.68    0.00    5.49    0.00    0.00    0.00    0.00    0.00   44.83

Linux 2.6.32-431.el6.x86_64 (slave2) 	2019年07月27日 	_x86_64_	(8 CPU)

02时11分53秒  CPU    %usr   %nice    %sys %iowait    %irq   %soft  %steal  %guest   %idle
02时11分54秒  all   66.75    0.00   12.32    0.00    0.00    0.13    0.00    0.00   20.80
平均时间:  all   66.75    0.00   12.32    0.00    0.00    0.13    0.00    0.00   20.80

Linux 2.6.32-431.el6.x86_64 (slave2) 	2019年07月27日 	_x86_64_	(8 CPU)

02时11分57秒  CPU    %usr   %nice    %sys %iowait    %irq   %soft  %steal  %guest   %idle
02时11分58秒  all   39.07    0.00    3.86    0.00    0.00    0.64    0.00    0.00   56.43
平均时间:  all   39.07    0.00    3.86    0.00    0.00    0.64    0.00    0.00   56.43

Linux 2.6.32-431.el6.x86_64 (slave2) 	2019年07月27日 	_x86_64_	(8 CPU)

02时12分01秒  CPU    %usr   %nice    %sys %iowait    %irq   %soft  %steal  %guest   %idle
02时12分02秒  all   78.78    0.00   11.05    0.00    0.00    0.25    0.00    0.00    9.91
平均时间:  all   78.78    0.00   11.05    0.00    0.00    0.25    0.00    0.00    9.91

Linux 2.6.32-431.el6.x86_64 (slave2) 	2019年07月27日 	_x86_64_	(8 CPU)

02时12分05秒  CPU    %usr   %nice    %sys %iowait    %irq   %soft  %steal  %guest   %idle
02时12分06秒  all   92.75    0.00    7.00    0.00    0.00    0.12    0.00    0.00    0.12
平均时间:  all   92.75    0.00    7.00    0.00    0.00    0.12    0.00    0.00    0.12

Linux 2.6.32-431.el6.x86_64 (slave2) 	2019年07月27日 	_x86_64_	(8 CPU)

02时12分09秒  CPU    %usr   %nice    %sys %iowait    %irq   %soft  %steal  %guest   %idle
02时12分10秒  all   87.84    0.00   10.15    0.00    0.00    0.38    0.00    0.00    1.63
平均时间:  all   87.84    0.00   10.15    0.00    0.00    0.38    0.00    0.00    1.63

Linux 2.6.32-431.el6.x86_64 (slave2) 	2019年07月27日 	_x86_64_	(8 CPU)

02时12分13秒  CPU    %usr   %nice    %sys %iowait    %irq   %soft  %steal  %guest   %idle
02时12分14秒  all   91.75    0.00    7.00    0.00    0.12    0.25    0.00    0.00    0.88
平均时间:  all   91.75    0.00    7.00    0.00    0.12    0.25    0.00    0.00    0.88

Linux 2.6.32-431.el6.x86_64 (slave2) 	2019年07月27日 	_x86_64_	(8 CPU)

02时12分17秒  CPU    %usr   %nice    %sys %iowait    %irq   %soft  %steal  %guest   %idle
02时12分18秒  all   72.07    0.00   11.48    0.00    0.00    0.26    0.00    0.00   16.20
平均时间:  all   72.07    0.00   11.48    0.00    0.00    0.26    0.00    0.00   16.20

Linux 2.6.32-431.el6.x86_64 (slave2) 	2019年07月27日 	_x86_64_	(8 CPU)

02时12分21秒  CPU    %usr   %nice    %sys %iowait    %irq   %soft  %steal  %guest   %idle
02时12分22秒  all   62.16    0.00    9.14    0.00    0.00    0.51    0.00    0.00   28.19
平均时间:  all   62.16    0.00    9.14    0.00    0.00    0.51    0.00    0.00   28.19

Linux 2.6.32-431.el6.x86_64 (slave2) 	2019年07月27日 	_x86_64_	(8 CPU)

02时12分25秒  CPU    %usr   %nice    %sys %iowait    %irq   %soft  %steal  %guest   %idle
02时12分26秒  all   67.73    0.00   19.44    0.00    0.13    4.57    0.00    0.00    8.13
平均时间:  all   67.73    0.00   19.44    0.00    0.13    4.57    0.00    0.00    8.13

Linux 2.6.32-431.el6.x86_64 (slave2) 	2019年07月27日 	_x86_64_	(8 CPU)

02时12分29秒  CPU    %usr   %nice    %sys %iowait    %irq   %soft  %steal  %guest   %idle
02时12分30秒  all   64.76    0.00   18.83    0.00    0.38   10.31    0.00    0.00    5.73
平均时间:  all   64.76    0.00   18.83    0.00    0.38   10.31    0.00    0.00    5.73

Linux 2.6.32-431.el6.x86_64 (slave2) 	2019年07月27日 	_x86_64_	(8 CPU)

02时12分33秒  CPU    %usr   %nice    %sys %iowait    %irq   %soft  %steal  %guest   %idle
02时12分34秒  all   53.08    0.00   17.82    0.00    0.13   16.15    0.00    0.00   12.82
平均时间:  all   53.08    0.00   17.82    0.00    0.13   16.15    0.00    0.00   12.82

Linux 2.6.32-431.el6.x86_64 (slave2) 	2019年07月27日 	_x86_64_	(8 CPU)

02时12分37秒  CPU    %usr   %nice    %sys %iowait    %irq   %soft  %steal  %guest   %idle
02时12分38秒  all   53.55    0.00   19.74    0.00    0.39   18.45    0.00    0.00    7.87
平均时间:  all   53.55    0.00   19.74    0.00    0.39   18.45    0.00    0.00    7.87

Linux 2.6.32-431.el6.x86_64 (slave2) 	2019年07月27日 	_x86_64_	(8 CPU)

02时12分41秒  CPU    %usr   %nice    %sys %iowait    %irq   %soft  %steal  %guest   %idle
02时12分42秒  all   39.21    0.00   14.21    0.13    0.39    6.05    0.00    0.00   40.00
平均时间:  all   39.21    0.00   14.21    0.13    0.39    6.05    0.00    0.00   40.00

Linux 2.6.32-431.el6.x86_64 (slave2) 	2019年07月27日 	_x86_64_	(8 CPU)

02时12分45秒  CPU    %usr   %nice    %sys %iowait    %irq   %soft  %steal  %guest   %idle
02时12分46秒  all   69.77    0.00   11.10    0.00    0.13    2.04    0.00    0.00   16.96
平均时间:  all   69.77    0.00   11.10    0.00    0.13    2.04    0.00    0.00   16.96

Linux 2.6.32-431.el6.x86_64 (slave2) 	2019年07月27日 	_x86_64_	(8 CPU)

02时12分49秒  CPU    %usr   %nice    %sys %iowait    %irq   %soft  %steal  %guest   %idle
02时12分50秒  all   67.57    0.00    9.14    0.00    0.00    0.77    0.00    0.00   22.52
平均时间:  all   67.57    0.00    9.14    0.00    0.00    0.77    0.00    0.00   22.52

Linux 2.6.32-431.el6.x86_64 (slave2) 	2019年07月27日 	_x86_64_	(8 CPU)

02时12分53秒  CPU    %usr   %nice    %sys %iowait    %irq   %soft  %steal  %guest   %idle
02时12分54秒  all   28.46    0.00    8.21    0.00    0.00    0.00    0.00    0.00   63.33
平均时间:  all   28.46    0.00    8.21    0.00    0.00    0.00    0.00    0.00   63.33

Linux 2.6.32-431.el6.x86_64 (slave2) 	2019年07月27日 	_x86_64_	(8 CPU)

02时12分58秒  CPU    %usr   %nice    %sys %iowait    %irq   %soft  %steal  %guest   %idle
02时12分59秒  all   83.12    0.00   14.12    0.00    0.00    2.38    0.00    0.00    0.38
平均时间:  all   83.12    0.00   14.12    0.00    0.00    2.38    0.00    0.00    0.38

Linux 2.6.32-431.el6.x86_64 (slave2) 	2019年07月27日 	_x86_64_	(8 CPU)

02时13分02秒  CPU    %usr   %nice    %sys %iowait    %irq   %soft  %steal  %guest   %idle
02时13分03秒  all   91.70    0.00    7.30    0.00    0.00    0.38    0.00    0.00    0.63
平均时间:  all   91.70    0.00    7.30    0.00    0.00    0.38    0.00    0.00    0.63

Linux 2.6.32-431.el6.x86_64 (slave2) 	2019年07月27日 	_x86_64_	(8 CPU)

02时13分06秒  CPU    %usr   %nice    %sys %iowait    %irq   %soft  %steal  %guest   %idle
02时13分07秒  all   86.56    0.00    9.92    0.00    0.13    0.25    0.00    0.00    3.14
平均时间:  all   86.56    0.00    9.92    0.00    0.13    0.25    0.00    0.00    3.14

Linux 2.6.32-431.el6.x86_64 (slave2) 	2019年07月27日 	_x86_64_	(8 CPU)

02时13分10秒  CPU    %usr   %nice    %sys %iowait    %irq   %soft  %steal  %guest   %idle
02时13分11秒  all   54.11    0.00    7.97    0.00    0.13    0.77    0.00    0.00   37.02
平均时间:  all   54.11    0.00    7.97    0.00    0.13    0.77    0.00    0.00   37.02

Linux 2.6.32-431.el6.x86_64 (slave2) 	2019年07月27日 	_x86_64_	(8 CPU)

02时13分14秒  CPU    %usr   %nice    %sys %iowait    %irq   %soft  %steal  %guest   %idle
02时13分15秒  all   63.16    0.00    7.45    0.00    0.00    0.64    0.00    0.00   28.75
平均时间:  all   63.16    0.00    7.45    0.00    0.00    0.64    0.00    0.00   28.75

Linux 2.6.32-431.el6.x86_64 (slave2) 	2019年07月27日 	_x86_64_	(8 CPU)

02时13分18秒  CPU    %usr   %nice    %sys %iowait    %irq   %soft  %steal  %guest   %idle
02时13分19秒  all   67.43    0.00    5.62    0.00    0.00    0.38    0.00    0.00   26.56
平均时间:  all   67.43    0.00    5.62    0.00    0.00    0.38    0.00    0.00   26.56

Linux 2.6.32-431.el6.x86_64 (slave2) 	2019年07月27日 	_x86_64_	(8 CPU)

02时13分22秒  CPU    %usr   %nice    %sys %iowait    %irq   %soft  %steal  %guest   %idle
02时13分23秒  all   89.49    0.00    9.39    0.00    0.00    0.13    0.00    0.00    1.00
平均时间:  all   89.49    0.00    9.39    0.00    0.00    0.13    0.00    0.00    1.00

Linux 2.6.32-431.el6.x86_64 (slave2) 	2019年07月27日 	_x86_64_	(8 CPU)

02时13分26秒  CPU    %usr   %nice    %sys %iowait    %irq   %soft  %steal  %guest   %idle
02时13分27秒  all   91.49    0.00    8.26    0.00    0.00    0.25    0.00    0.00    0.00
平均时间:  all   91.49    0.00    8.26    0.00    0.00    0.25    0.00    0.00    0.00

Linux 2.6.32-431.el6.x86_64 (slave2) 	2019年07月27日 	_x86_64_	(8 CPU)

02时13分30秒  CPU    %usr   %nice    %sys %iowait    %irq   %soft  %steal  %guest   %idle
02时13分31秒  all   82.41    0.00    9.62    0.00    0.00    0.38    0.00    0.00    7.59
平均时间:  all   82.41    0.00    9.62    0.00    0.00    0.38    0.00    0.00    7.59

Linux 2.6.32-431.el6.x86_64 (slave2) 	2019年07月27日 	_x86_64_	(8 CPU)

02时13分34秒  CPU    %usr   %nice    %sys %iowait    %irq   %soft  %steal  %guest   %idle
02时13分35秒  all   81.92    0.00    9.99    0.00    0.00    0.76    0.00    0.00    7.33
平均时间:  all   81.92    0.00    9.99    0.00    0.00    0.76    0.00    0.00    7.33

Linux 2.6.32-431.el6.x86_64 (slave2) 	2019年07月27日 	_x86_64_	(8 CPU)

02时13分38秒  CPU    %usr   %nice    %sys %iowait    %irq   %soft  %steal  %guest   %idle
02时13分39秒  all   88.65    0.00    8.20    0.00    0.00    0.50    0.00    0.00    2.65
平均时间:  all   88.65    0.00    8.20    0.00    0.00    0.50    0.00    0.00    2.65

Linux 2.6.32-431.el6.x86_64 (slave2) 	2019年07月27日 	_x86_64_	(8 CPU)

02时13分42秒  CPU    %usr   %nice    %sys %iowait    %irq   %soft  %steal  %guest   %idle
02时13分43秒  all   71.37    0.00   11.07    0.00    0.00    2.04    0.00    0.00   15.52
平均时间:  all   71.37    0.00   11.07    0.00    0.00    2.04    0.00    0.00   15.52

Linux 2.6.32-431.el6.x86_64 (slave2) 	2019年07月27日 	_x86_64_	(8 CPU)

02时13分46秒  CPU    %usr   %nice    %sys %iowait    %irq   %soft  %steal  %guest   %idle
02时13分47秒  all   84.30    0.00   11.06    0.00    0.00    0.38    0.00    0.00    4.27
平均时间:  all   84.30    0.00   11.06    0.00    0.00    0.38    0.00    0.00    4.27

Linux 2.6.32-431.el6.x86_64 (slave2) 	2019年07月27日 	_x86_64_	(8 CPU)

02时13分50秒  CPU    %usr   %nice    %sys %iowait    %irq   %soft  %steal  %guest   %idle
02时13分51秒  all   89.91    0.00    7.82    0.00    0.00    0.38    0.00    0.00    1.89
平均时间:  all   89.91    0.00    7.82    0.00    0.00    0.38    0.00    0.00    1.89

Linux 2.6.32-431.el6.x86_64 (slave2) 	2019年07月27日 	_x86_64_	(8 CPU)

02时13分54秒  CPU    %usr   %nice    %sys %iowait    %irq   %soft  %steal  %guest   %idle
02时13分55秒  all   90.95    0.00    7.29    0.00    0.00    0.38    0.00    0.00    1.38
平均时间:  all   90.95    0.00    7.29    0.00    0.00    0.38    0.00    0.00    1.38

Linux 2.6.32-431.el6.x86_64 (slave2) 	2019年07月27日 	_x86_64_	(8 CPU)

02时13分58秒  CPU    %usr   %nice    %sys %iowait    %irq   %soft  %steal  %guest   %idle
02时13分59秒  all   77.31    0.00    7.98    0.00    0.00    0.51    0.00    0.00   14.20
平均时间:  all   77.31    0.00    7.98    0.00    0.00    0.51    0.00    0.00   14.20

Linux 2.6.32-431.el6.x86_64 (slave2) 	2019年07月27日 	_x86_64_	(8 CPU)

02时14分02秒  CPU    %usr   %nice    %sys %iowait    %irq   %soft  %steal  %guest   %idle
02时14分03秒  all   82.17    0.00    8.72    0.00    0.00    0.63    0.00    0.00    8.47
平均时间:  all   82.17    0.00    8.72    0.00    0.00    0.63    0.00    0.00    8.47

Linux 2.6.32-431.el6.x86_64 (slave2) 	2019年07月27日 	_x86_64_	(8 CPU)

02时14分06秒  CPU    %usr   %nice    %sys %iowait    %irq   %soft  %steal  %guest   %idle
02时14分07秒  all   66.50    0.00    3.27    0.00    0.00    0.25    0.00    0.00   29.97
平均时间:  all   66.50    0.00    3.27    0.00    0.00    0.25    0.00    0.00   29.97

Linux 2.6.32-431.el6.x86_64 (slave2) 	2019年07月27日 	_x86_64_	(8 CPU)

02时14分10秒  CPU    %usr   %nice    %sys %iowait    %irq   %soft  %steal  %guest   %idle
02时14分11秒  all   61.96    0.00    7.38    0.00    0.13    0.76    0.00    0.00   29.77
平均时间:  all   61.96    0.00    7.38    0.00    0.13    0.76    0.00    0.00   29.77

Linux 2.6.32-431.el6.x86_64 (slave2) 	2019年07月27日 	_x86_64_	(8 CPU)

02时14分14秒  CPU    %usr   %nice    %sys %iowait    %irq   %soft  %steal  %guest   %idle
02时14分15秒  all   74.40    0.00    9.28    0.00    0.00    0.75    0.00    0.00   15.56
平均时间:  all   74.40    0.00    9.28    0.00    0.00    0.75    0.00    0.00   15.56

Linux 2.6.32-431.el6.x86_64 (slave2) 	2019年07月27日 	_x86_64_	(8 CPU)

02时14分18秒  CPU    %usr   %nice    %sys %iowait    %irq   %soft  %steal  %guest   %idle
02时14分19秒  all   84.26    0.00    9.07    0.00    0.00    0.88    0.00    0.00    5.79
平均时间:  all   84.26    0.00    9.07    0.00    0.00    0.88    0.00    0.00    5.79

Linux 2.6.32-431.el6.x86_64 (slave2) 	2019年07月27日 	_x86_64_	(8 CPU)

02时14分22秒  CPU    %usr   %nice    %sys %iowait    %irq   %soft  %steal  %guest   %idle
02时14分23秒  all   61.69    0.00    5.87    0.00    0.13    1.02    0.00    0.00   31.29
平均时间:  all   61.69    0.00    5.87    0.00    0.13    1.02    0.00    0.00   31.29

Linux 2.6.32-431.el6.x86_64 (slave2) 	2019年07月27日 	_x86_64_	(8 CPU)

02时14分26秒  CPU    %usr   %nice    %sys %iowait    %irq   %soft  %steal  %guest   %idle
02时14分27秒  all   71.02    0.00   15.06    0.00    0.13   13.80    0.00    0.00    0.00
平均时间:  all   71.02    0.00   15.06    0.00    0.13   13.80    0.00    0.00    0.00

Linux 2.6.32-431.el6.x86_64 (slave2) 	2019年07月27日 	_x86_64_	(8 CPU)

02时14分30秒  CPU    %usr   %nice    %sys %iowait    %irq   %soft  %steal  %guest   %idle
02时14分31秒  all   61.54    0.00   16.02    0.00    0.38   18.66    0.00    0.00    3.40
平均时间:  all   61.54    0.00   16.02    0.00    0.38   18.66    0.00    0.00    3.40

Linux 2.6.32-431.el6.x86_64 (slave2) 	2019年07月27日 	_x86_64_	(8 CPU)

02时14分34秒  CPU    %usr   %nice    %sys %iowait    %irq   %soft  %steal  %guest   %idle
02时14分35秒  all   62.22    0.00   18.89    0.00    0.38   16.25    0.00    0.00    2.27
平均时间:  all   62.22    0.00   18.89    0.00    0.38   16.25    0.00    0.00    2.27

Linux 2.6.32-431.el6.x86_64 (slave2) 	2019年07月27日 	_x86_64_	(8 CPU)

02时14分38秒  CPU    %usr   %nice    %sys %iowait    %irq   %soft  %steal  %guest   %idle
02时14分39秒  all   69.84    0.00   17.27    0.00    0.25   12.64    0.00    0.00    0.00
平均时间:  all   69.84    0.00   17.27    0.00    0.25   12.64    0.00    0.00    0.00

Linux 2.6.32-431.el6.x86_64 (slave2) 	2019年07月27日 	_x86_64_	(8 CPU)

02时14分43秒  CPU    %usr   %nice    %sys %iowait    %irq   %soft  %steal  %guest   %idle
02时14分44秒  all   74.94    0.00   16.25    0.00    0.25    7.43    0.00    0.00    1.13
平均时间:  all   74.94    0.00   16.25    0.00    0.25    7.43    0.00    0.00    1.13

Linux 2.6.32-431.el6.x86_64 (slave2) 	2019年07月27日 	_x86_64_	(8 CPU)

02时14分47秒  CPU    %usr   %nice    %sys %iowait    %irq   %soft  %steal  %guest   %idle
02时14分48秒  all   59.44    0.00    6.46    0.00    0.13    0.63    0.00    0.00   33.33
平均时间:  all   59.44    0.00    6.46    0.00    0.13    0.63    0.00    0.00   33.33

Linux 2.6.32-431.el6.x86_64 (slave2) 	2019年07月27日 	_x86_64_	(8 CPU)

02时14分51秒  CPU    %usr   %nice    %sys %iowait    %irq   %soft  %steal  %guest   %idle
02时14分52秒  all   81.03    0.00   10.05    0.00    0.00    0.50    0.00    0.00    8.42
平均时间:  all   81.03    0.00   10.05    0.00    0.00    0.50    0.00    0.00    8.42

Linux 2.6.32-431.el6.x86_64 (slave2) 	2019年07月27日 	_x86_64_	(8 CPU)

02时14分55秒  CPU    %usr   %nice    %sys %iowait    %irq   %soft  %steal  %guest   %idle
02时14分56秒  all   93.50    0.00    6.00    0.00    0.00    0.50    0.00    0.00    0.00
平均时间:  all   93.50    0.00    6.00    0.00    0.00    0.50    0.00    0.00    0.00

Linux 2.6.32-431.el6.x86_64 (slave2) 	2019年07月27日 	_x86_64_	(8 CPU)

02时14分59秒  CPU    %usr   %nice    %sys %iowait    %irq   %soft  %steal  %guest   %idle
02时15分00秒  all   88.08    0.00    7.28    0.00    0.00    0.38    0.00    0.00    4.27
平均时间:  all   88.08    0.00    7.28    0.00    0.00    0.38    0.00    0.00    4.27

Linux 2.6.32-431.el6.x86_64 (slave2) 	2019年07月27日 	_x86_64_	(8 CPU)

02时15分03秒  CPU    %usr   %nice    %sys %iowait    %irq   %soft  %steal  %guest   %idle
02时15分04秒  all   49.37    0.00   12.38    0.42    0.00    3.62    0.00    0.00   34.21
平均时间:  all   49.37    0.00   12.38    0.42    0.00    3.62    0.00    0.00   34.21

Linux 2.6.32-431.el6.x86_64 (slave2) 	2019年07月27日 	_x86_64_	(8 CPU)

02时15分07秒  CPU    %usr   %nice    %sys %iowait    %irq   %soft  %steal  %guest   %idle
02时15分08秒  all   83.25    0.00    8.94    0.00    0.00    0.25    0.00    0.00    7.56
平均时间:  all   83.25    0.00    8.94    0.00    0.00    0.25    0.00    0.00    7.56

Linux 2.6.32-431.el6.x86_64 (slave2) 	2019年07月27日 	_x86_64_	(8 CPU)

02时15分11秒  CPU    %usr   %nice    %sys %iowait    %irq   %soft  %steal  %guest   %idle
02时15分12秒  all   71.05    0.00   13.40    0.00    0.00    0.38    0.00    0.00   15.17
平均时间:  all   71.05    0.00   13.40    0.00    0.00    0.38    0.00    0.00   15.17

Linux 2.6.32-431.el6.x86_64 (slave2) 	2019年07月27日 	_x86_64_	(8 CPU)

02时15分15秒  CPU    %usr   %nice    %sys %iowait    %irq   %soft  %steal  %guest   %idle
02时15分16秒  all   87.22    0.00   10.40    0.00    0.00    0.00    0.00    0.00    2.38
平均时间:  all   87.22    0.00   10.40    0.00    0.00    0.00    0.00    0.00    2.38

Linux 2.6.32-431.el6.x86_64 (slave2) 	2019年07月27日 	_x86_64_	(8 CPU)

02时15分19秒  CPU    %usr   %nice    %sys %iowait    %irq   %soft  %steal  %guest   %idle
02时15分20秒  all   92.87    0.00    6.88    0.00    0.00    0.13    0.00    0.00    0.13
平均时间:  all   92.87    0.00    6.88    0.00    0.00    0.13    0.00    0.00    0.13

Linux 2.6.32-431.el6.x86_64 (slave2) 	2019年07月27日 	_x86_64_	(8 CPU)

02时15分23秒  CPU    %usr   %nice    %sys %iowait    %irq   %soft  %steal  %guest   %idle
02时15分24秒  all   95.26    0.00    4.61    0.00    0.00    0.12    0.00    0.00    0.00
平均时间:  all   95.26    0.00    4.61    0.00    0.00    0.12    0.00    0.00    0.00

Linux 2.6.32-431.el6.x86_64 (slave2) 	2019年07月27日 	_x86_64_	(8 CPU)

02时15分27秒  CPU    %usr   %nice    %sys %iowait    %irq   %soft  %steal  %guest   %idle
02时15分28秒  all   96.13    0.00    3.37    0.00    0.00    0.12    0.00    0.00    0.37
平均时间:  all   96.13    0.00    3.37    0.00    0.00    0.12    0.00    0.00    0.37

Linux 2.6.32-431.el6.x86_64 (slave2) 	2019年07月27日 	_x86_64_	(8 CPU)

02时15分31秒  CPU    %usr   %nice    %sys %iowait    %irq   %soft  %steal  %guest   %idle
02时15分32秒  all   34.90    0.00    5.73    0.00    0.00    0.38    0.00    0.00   58.98
平均时间:  all   34.90    0.00    5.73    0.00    0.00    0.38    0.00    0.00   58.98

Linux 2.6.32-431.el6.x86_64 (slave2) 	2019年07月27日 	_x86_64_	(8 CPU)

02时15分35秒  CPU    %usr   %nice    %sys %iowait    %irq   %soft  %steal  %guest   %idle
02时15分36秒  all   78.21    0.00   15.49    0.00    0.00    0.63    0.00    0.00    5.67
平均时间:  all   78.21    0.00   15.49    0.00    0.00    0.63    0.00    0.00    5.67

Linux 2.6.32-431.el6.x86_64 (slave2) 	2019年07月27日 	_x86_64_	(8 CPU)

02时15分39秒  CPU    %usr   %nice    %sys %iowait    %irq   %soft  %steal  %guest   %idle
02时15分40秒  all   90.29    0.00    8.22    0.00    0.12    0.25    0.00    0.00    1.12
平均时间:  all   90.29    0.00    8.22    0.00    0.12    0.25    0.00    0.00    1.12

Linux 2.6.32-431.el6.x86_64 (slave2) 	2019年07月27日 	_x86_64_	(8 CPU)

02时15分43秒  CPU    %usr   %nice    %sys %iowait    %irq   %soft  %steal  %guest   %idle
02时15分44秒  all   92.88    0.00    6.74    0.00    0.00    0.00    0.00    0.00    0.37
平均时间:  all   92.88    0.00    6.74    0.00    0.00    0.00    0.00    0.00    0.37

Linux 2.6.32-431.el6.x86_64 (slave2) 	2019年07月27日 	_x86_64_	(8 CPU)

02时15分47秒  CPU    %usr   %nice    %sys %iowait    %irq   %soft  %steal  %guest   %idle
02时15分48秒  all   92.62    0.00    7.13    0.00    0.00    0.00    0.00    0.00    0.25
平均时间:  all   92.62    0.00    7.13    0.00    0.00    0.00    0.00    0.00    0.25

Linux 2.6.32-431.el6.x86_64 (slave2) 	2019年07月27日 	_x86_64_	(8 CPU)

02时15分51秒  CPU    %usr   %nice    %sys %iowait    %irq   %soft  %steal  %guest   %idle
02时15分52秒  all   57.76    0.00    6.36    0.00    0.00    0.25    0.00    0.00   35.62
平均时间:  all   57.76    0.00    6.36    0.00    0.00    0.25    0.00    0.00   35.62

Linux 2.6.32-431.el6.x86_64 (slave2) 	2019年07月27日 	_x86_64_	(8 CPU)

02时15分55秒  CPU    %usr   %nice    %sys %iowait    %irq   %soft  %steal  %guest   %idle
02时15分56秒  all   26.80    0.00    4.77    0.00    0.13    0.39    0.00    0.00   67.91
平均时间:  all   26.80    0.00    4.77    0.00    0.13    0.39    0.00    0.00   67.91

Linux 2.6.32-431.el6.x86_64 (slave2) 	2019年07月27日 	_x86_64_	(8 CPU)

02时15分59秒  CPU    %usr   %nice    %sys %iowait    %irq   %soft  %steal  %guest   %idle
02时16分00秒  all   29.32    0.00    4.23    0.00    0.13    0.13    0.00    0.00   66.20
平均时间:  all   29.32    0.00    4.23    0.00    0.13    0.13    0.00    0.00   66.20

Linux 2.6.32-431.el6.x86_64 (slave2) 	2019年07月27日 	_x86_64_	(8 CPU)

02时16分03秒  CPU    %usr   %nice    %sys %iowait    %irq   %soft  %steal  %guest   %idle
02时16分04秒  all   61.35    0.00    7.65    0.00    0.00    0.00    0.00    0.00   30.99
平均时间:  all   61.35    0.00    7.65    0.00    0.00    0.00    0.00    0.00   30.99

Linux 2.6.32-431.el6.x86_64 (slave2) 	2019年07月27日 	_x86_64_	(8 CPU)

02时16分07秒  CPU    %usr   %nice    %sys %iowait    %irq   %soft  %steal  %guest   %idle
02时16分08秒  all   78.35    0.00   10.89    0.00    0.00    0.13    0.00    0.00   10.63
平均时间:  all   78.35    0.00   10.89    0.00    0.00    0.13    0.00    0.00   10.63

Linux 2.6.32-431.el6.x86_64 (slave2) 	2019年07月27日 	_x86_64_	(8 CPU)

02时16分11秒  CPU    %usr   %nice    %sys %iowait    %irq   %soft  %steal  %guest   %idle
02时16分12秒  all   34.61    0.00    6.11    0.00    0.00    0.13    0.00    0.00   59.16
平均时间:  all   34.61    0.00    6.11    0.00    0.00    0.13    0.00    0.00   59.16

Linux 2.6.32-431.el6.x86_64 (slave2) 	2019年07月27日 	_x86_64_	(8 CPU)

02时16分15秒  CPU    %usr   %nice    %sys %iowait    %irq   %soft  %steal  %guest   %idle
02时16分16秒  all   77.34    0.00   11.39    0.00    0.00    0.13    0.00    0.00   11.14
平均时间:  all   77.34    0.00   11.39    0.00    0.00    0.13    0.00    0.00   11.14

Linux 2.6.32-431.el6.x86_64 (slave2) 	2019年07月27日 	_x86_64_	(8 CPU)

02时16分19秒  CPU    %usr   %nice    %sys %iowait    %irq   %soft  %steal  %guest   %idle
02时16分20秒  all   95.25    0.00    4.75    0.00    0.00    0.00    0.00    0.00    0.00
平均时间:  all   95.25    0.00    4.75    0.00    0.00    0.00    0.00    0.00    0.00

Linux 2.6.32-431.el6.x86_64 (slave2) 	2019年07月27日 	_x86_64_	(8 CPU)

02时16分23秒  CPU    %usr   %nice    %sys %iowait    %irq   %soft  %steal  %guest   %idle
02时16分24秒  all   85.41    0.00   10.31    0.00    0.00    0.25    0.00    0.00    4.03
平均时间:  all   85.41    0.00   10.31    0.00    0.00    0.25    0.00    0.00    4.03

Linux 2.6.32-431.el6.x86_64 (slave2) 	2019年07月27日 	_x86_64_	(8 CPU)

02时16分27秒  CPU    %usr   %nice    %sys %iowait    %irq   %soft  %steal  %guest   %idle
02时16分28秒  all   84.74    0.00    7.69    0.00    0.00    0.38    0.00    0.00    7.19
平均时间:  all   84.74    0.00    7.69    0.00    0.00    0.38    0.00    0.00    7.19

Linux 2.6.32-431.el6.x86_64 (slave2) 	2019年07月27日 	_x86_64_	(8 CPU)

02时16分31秒  CPU    %usr   %nice    %sys %iowait    %irq   %soft  %steal  %guest   %idle
02时16分32秒  all   39.59    0.00   10.41    0.00    0.00    1.67    0.00    0.00   48.33
平均时间:  all   39.59    0.00   10.41    0.00    0.00    1.67    0.00    0.00   48.33

Linux 2.6.32-431.el6.x86_64 (slave2) 	2019年07月27日 	_x86_64_	(8 CPU)

02时16分36秒  CPU    %usr   %nice    %sys %iowait    %irq   %soft  %steal  %guest   %idle
02时16分37秒  all   70.28    0.00    3.15    0.00    0.00    0.25    0.00    0.00   26.32
平均时间:  all   70.28    0.00    3.15    0.00    0.00    0.25    0.00    0.00   26.32

Linux 2.6.32-431.el6.x86_64 (slave2) 	2019年07月27日 	_x86_64_	(8 CPU)

02时16分40秒  CPU    %usr   %nice    %sys %iowait    %irq   %soft  %steal  %guest   %idle
02时16分41秒  all   83.96    0.00   13.16    0.00    0.00    1.38    0.00    0.00    1.50
平均时间:  all   83.96    0.00   13.16    0.00    0.00    1.38    0.00    0.00    1.50

Linux 2.6.32-431.el6.x86_64 (slave2) 	2019年07月27日 	_x86_64_	(8 CPU)

02时16分44秒  CPU    %usr   %nice    %sys %iowait    %irq   %soft  %steal  %guest   %idle
02时16分45秒  all   89.22    0.00    7.27    0.00    0.00    0.25    0.00    0.00    3.26
平均时间:  all   89.22    0.00    7.27    0.00    0.00    0.25    0.00    0.00    3.26

Linux 2.6.32-431.el6.x86_64 (slave2) 	2019年07月27日 	_x86_64_	(8 CPU)

02时16分48秒  CPU    %usr   %nice    %sys %iowait    %irq   %soft  %steal  %guest   %idle
02时16分49秒  all   83.21    0.00    8.08    0.00    0.00    0.38    0.00    0.00    8.33
平均时间:  all   83.21    0.00    8.08    0.00    0.00    0.38    0.00    0.00    8.33

Linux 2.6.32-431.el6.x86_64 (slave2) 	2019年07月27日 	_x86_64_	(8 CPU)

02时16分52秒  CPU    %usr   %nice    %sys %iowait    %irq   %soft  %steal  %guest   %idle
02时16分53秒  all   54.90    0.00    5.48    0.00    0.00    0.25    0.00    0.00   39.36
平均时间:  all   54.90    0.00    5.48    0.00    0.00    0.25    0.00    0.00   39.36

Linux 2.6.32-431.el6.x86_64 (slave2) 	2019年07月27日 	_x86_64_	(8 CPU)

02时16分56秒  CPU    %usr   %nice    %sys %iowait    %irq   %soft  %steal  %guest   %idle
02时16分57秒  all   78.48    0.00   10.89    0.00    0.00    2.28    0.00    0.00    8.35
平均时间:  all   78.48    0.00   10.89    0.00    0.00    2.28    0.00    0.00    8.35

Linux 2.6.32-431.el6.x86_64 (slave2) 	2019年07月27日 	_x86_64_	(8 CPU)

02时17分00秒  CPU    %usr   %nice    %sys %iowait    %irq   %soft  %steal  %guest   %idle
02时17分01秒  all    7.72    0.00    5.41    0.00    0.00    4.76    0.00    0.00   82.11
平均时间:  all    7.72    0.00    5.41    0.00    0.00    4.76    0.00    0.00   82.11

Linux 2.6.32-431.el6.x86_64 (slave2) 	2019年07月27日 	_x86_64_	(8 CPU)

02时17分04秒  CPU    %usr   %nice    %sys %iowait    %irq   %soft  %steal  %guest   %idle
02时17分05秒  all   83.67    0.00   12.69    0.00    0.00    0.25    0.00    0.00    3.39
平均时间:  all   83.67    0.00   12.69    0.00    0.00    0.25    0.00    0.00    3.39

Linux 2.6.32-431.el6.x86_64 (slave2) 	2019年07月27日 	_x86_64_	(8 CPU)

02时17分08秒  CPU    %usr   %nice    %sys %iowait    %irq   %soft  %steal  %guest   %idle
02时17分09秒  all   52.23    0.00    8.54    0.00    0.00    0.00    0.00    0.00   39.24
平均时间:  all   52.23    0.00    8.54    0.00    0.00    0.00    0.00    0.00   39.24

Linux 2.6.32-431.el6.x86_64 (slave2) 	2019年07月27日 	_x86_64_	(8 CPU)

02时17分12秒  CPU    %usr   %nice    %sys %iowait    %irq   %soft  %steal  %guest   %idle
02时17分13秒  all   91.75    0.00    6.88    0.00    0.12    1.25    0.00    0.00    0.00
平均时间:  all   91.75    0.00    6.88    0.00    0.12    1.25    0.00    0.00    0.00

Linux 2.6.32-431.el6.x86_64 (slave2) 	2019年07月27日 	_x86_64_	(8 CPU)

02时17分16秒  CPU    %usr   %nice    %sys %iowait    %irq   %soft  %steal  %guest   %idle
02时17分17秒  all   92.00    0.00    7.25    0.00    0.00    0.00    0.00    0.00    0.75
平均时间:  all   92.00    0.00    7.25    0.00    0.00    0.00    0.00    0.00    0.75

Linux 2.6.32-431.el6.x86_64 (slave2) 	2019年07月27日 	_x86_64_	(8 CPU)

02时17分20秒  CPU    %usr   %nice    %sys %iowait    %irq   %soft  %steal  %guest   %idle
02时17分21秒  all   96.00    0.00    3.75    0.00    0.00    0.25    0.00    0.00    0.00
平均时间:  all   96.00    0.00    3.75    0.00    0.00    0.25    0.00    0.00    0.00

Linux 2.6.32-431.el6.x86_64 (slave2) 	2019年07月27日 	_x86_64_	(8 CPU)

02时17分24秒  CPU    %usr   %nice    %sys %iowait    %irq   %soft  %steal  %guest   %idle
02时17分25秒  all   67.34    0.00    6.48    0.00    0.00    0.38    0.00    0.00   25.79
平均时间:  all   67.34    0.00    6.48    0.00    0.00    0.38    0.00    0.00   25.79

Linux 2.6.32-431.el6.x86_64 (slave2) 	2019年07月27日 	_x86_64_	(8 CPU)

02时17分28秒  CPU    %usr   %nice    %sys %iowait    %irq   %soft  %steal  %guest   %idle
02时17分29秒  all   70.90    0.00   11.44    0.00    0.00    1.78    0.00    0.00   15.88
平均时间:  all   70.90    0.00   11.44    0.00    0.00    1.78    0.00    0.00   15.88

Linux 2.6.32-431.el6.x86_64 (slave2) 	2019年07月27日 	_x86_64_	(8 CPU)

02时17分32秒  CPU    %usr   %nice    %sys %iowait    %irq   %soft  %steal  %guest   %idle
02时17分33秒  all   66.33    0.00   11.94    0.00    0.00    0.64    0.00    0.00   21.09
平均时间:  all   66.33    0.00   11.94    0.00    0.00    0.64    0.00    0.00   21.09

Linux 2.6.32-431.el6.x86_64 (slave2) 	2019年07月27日 	_x86_64_	(8 CPU)

02时17分36秒  CPU    %usr   %nice    %sys %iowait    %irq   %soft  %steal  %guest   %idle
02时17分37秒  all   86.89    0.00    8.45    0.00    0.00    0.50    0.00    0.00    4.16
平均时间:  all   86.89    0.00    8.45    0.00    0.00    0.50    0.00    0.00    4.16

Linux 2.6.32-431.el6.x86_64 (slave2) 	2019年07月27日 	_x86_64_	(8 CPU)

02时17分40秒  CPU    %usr   %nice    %sys %iowait    %irq   %soft  %steal  %guest   %idle
02时17分41秒  all   84.36    0.00   12.23    0.00    0.00    1.01    0.00    0.00    2.40
平均时间:  all   84.36    0.00   12.23    0.00    0.00    1.01    0.00    0.00    2.40

Linux 2.6.32-431.el6.x86_64 (slave2) 	2019年07月27日 	_x86_64_	(8 CPU)

02时17分44秒  CPU    %usr   %nice    %sys %iowait    %irq   %soft  %steal  %guest   %idle
02时17分45秒  all   83.90    0.00   12.58    0.00    0.00    0.50    0.00    0.00    3.02
平均时间:  all   83.90    0.00   12.58    0.00    0.00    0.50    0.00    0.00    3.02

Linux 2.6.32-431.el6.x86_64 (slave2) 	2019年07月27日 	_x86_64_	(8 CPU)

02时17分48秒  CPU    %usr   %nice    %sys %iowait    %irq   %soft  %steal  %guest   %idle
02时17分49秒  all   90.23    0.00    5.89    0.00    0.00    0.13    0.00    0.00    3.76
平均时间:  all   90.23    0.00    5.89    0.00    0.00    0.13    0.00    0.00    3.76

Linux 2.6.32-431.el6.x86_64 (slave2) 	2019年07月27日 	_x86_64_	(8 CPU)

02时17分52秒  CPU    %usr   %nice    %sys %iowait    %irq   %soft  %steal  %guest   %idle
02时17分53秒  all   71.00    0.00    3.78    0.00    0.00    0.38    0.00    0.00   24.84
平均时间:  all   71.00    0.00    3.78    0.00    0.00    0.38    0.00    0.00   24.84

Linux 2.6.32-431.el6.x86_64 (slave2) 	2019年07月27日 	_x86_64_	(8 CPU)

02时17分56秒  CPU    %usr   %nice    %sys %iowait    %irq   %soft  %steal  %guest   %idle
02时17分57秒  all   93.11    0.00    4.89    0.00    0.00    0.13    0.00    0.00    1.88
平均时间:  all   93.11    0.00    4.89    0.00    0.00    0.13    0.00    0.00    1.88

Linux 2.6.32-431.el6.x86_64 (slave2) 	2019年07月27日 	_x86_64_	(8 CPU)

02时18分00秒  CPU    %usr   %nice    %sys %iowait    %irq   %soft  %steal  %guest   %idle
02时18分01秒  all   58.00    0.00    6.79    0.00    0.13    0.64    0.00    0.00   34.44
平均时间:  all   58.00    0.00    6.79    0.00    0.13    0.64    0.00    0.00   34.44

Linux 2.6.32-431.el6.x86_64 (slave2) 	2019年07月27日 	_x86_64_	(8 CPU)

02时18分04秒  CPU    %usr   %nice    %sys %iowait    %irq   %soft  %steal  %guest   %idle
02时18分05秒  all   53.38    0.00    6.64    0.00    0.00    0.26    0.00    0.00   39.72
平均时间:  all   53.38    0.00    6.64    0.00    0.00    0.26    0.00    0.00   39.72

Linux 2.6.32-431.el6.x86_64 (slave2) 	2019年07月27日 	_x86_64_	(8 CPU)

02时18分08秒  CPU    %usr   %nice    %sys %iowait    %irq   %soft  %steal  %guest   %idle
02时18分09秒  all   78.11    0.00    7.42    0.00    0.00    0.25    0.00    0.00   14.21
平均时间:  all   78.11    0.00    7.42    0.00    0.00    0.25    0.00    0.00   14.21

Linux 2.6.32-431.el6.x86_64 (slave2) 	2019年07月27日 	_x86_64_	(8 CPU)

02时18分12秒  CPU    %usr   %nice    %sys %iowait    %irq   %soft  %steal  %guest   %idle
02时18分13秒  all   22.41    0.00    1.39    0.00    0.00    0.63    0.00    0.00   75.57
平均时间:  all   22.41    0.00    1.39    0.00    0.00    0.63    0.00    0.00   75.57

Linux 2.6.32-431.el6.x86_64 (slave2) 	2019年07月27日 	_x86_64_	(8 CPU)

02时18分16秒  CPU    %usr   %nice    %sys %iowait    %irq   %soft  %steal  %guest   %idle
02时18分17秒  all   22.21    0.00    3.68    0.00    0.00    0.76    0.00    0.00   73.35
平均时间:  all   22.21    0.00    3.68    0.00    0.00    0.76    0.00    0.00   73.35

Linux 2.6.32-431.el6.x86_64 (slave2) 	2019年07月27日 	_x86_64_	(8 CPU)

02时18分20秒  CPU    %usr   %nice    %sys %iowait    %irq   %soft  %steal  %guest   %idle
02时18分21秒  all   17.88    0.00    1.48    0.00    0.00    0.49    0.00    0.00   80.15
平均时间:  all   17.88    0.00    1.48    0.00    0.00    0.49    0.00    0.00   80.15

Linux 2.6.32-431.el6.x86_64 (slave2) 	2019年07月27日 	_x86_64_	(8 CPU)

02时18分24秒  CPU    %usr   %nice    %sys %iowait    %irq   %soft  %steal  %guest   %idle
02时18分25秒  all   19.57    0.00    1.39    0.00    0.00    0.25    0.00    0.00   78.79
平均时间:  all   19.57    0.00    1.39    0.00    0.00    0.25    0.00    0.00   78.79

Linux 2.6.32-431.el6.x86_64 (slave2) 	2019年07月27日 	_x86_64_	(8 CPU)

02时18分28秒  CPU    %usr   %nice    %sys %iowait    %irq   %soft  %steal  %guest   %idle
02时18分29秒  all   17.15    0.00    1.13    0.00    0.00    0.38    0.00    0.00   81.34
平均时间:  all   17.15    0.00    1.13    0.00    0.00    0.38    0.00    0.00   81.34

Linux 2.6.32-431.el6.x86_64 (slave2) 	2019年07月27日 	_x86_64_	(8 CPU)

02时18分32秒  CPU    %usr   %nice    %sys %iowait    %irq   %soft  %steal  %guest   %idle
02时18分33秒  all   20.33    0.00    1.77    0.00    0.00    0.25    0.00    0.00   77.65
平均时间:  all   20.33    0.00    1.77    0.00    0.00    0.25    0.00    0.00   77.65

Linux 2.6.32-431.el6.x86_64 (slave2) 	2019年07月27日 	_x86_64_	(8 CPU)

02时18分36秒  CPU    %usr   %nice    %sys %iowait    %irq   %soft  %steal  %guest   %idle
02时18分37秒  all   19.11    0.00    2.29    0.00    0.00    0.89    0.00    0.00   77.71
平均时间:  all   19.11    0.00    2.29    0.00    0.00    0.89    0.00    0.00   77.71

Linux 2.6.32-431.el6.x86_64 (slave2) 	2019年07月27日 	_x86_64_	(8 CPU)

02时18分40秒  CPU    %usr   %nice    %sys %iowait    %irq   %soft  %steal  %guest   %idle
02时18分41秒  all   12.67    0.00    0.38    0.00    0.00    0.13    0.00    0.00   86.83
平均时间:  all   12.67    0.00    0.38    0.00    0.00    0.13    0.00    0.00   86.83

Linux 2.6.32-431.el6.x86_64 (slave2) 	2019年07月27日 	_x86_64_	(8 CPU)

02时18分44秒  CPU    %usr   %nice    %sys %iowait    %irq   %soft  %steal  %guest   %idle
02时18分45秒  all   21.43    0.00    3.19    0.00    0.13    0.38    0.00    0.00   74.87
平均时间:  all   21.43    0.00    3.19    0.00    0.13    0.38    0.00    0.00   74.87

Linux 2.6.32-431.el6.x86_64 (slave2) 	2019年07月27日 	_x86_64_	(8 CPU)

02时18分48秒  CPU    %usr   %nice    %sys %iowait    %irq   %soft  %steal  %guest   %idle
02时18分49秒  all   17.18    0.00    2.54    0.00    0.00    0.64    0.00    0.00   79.64
平均时间:  all   17.18    0.00    2.54    0.00    0.00    0.64    0.00    0.00   79.64

Linux 2.6.32-431.el6.x86_64 (slave2) 	2019年07月27日 	_x86_64_	(8 CPU)

02时18分52秒  CPU    %usr   %nice    %sys %iowait    %irq   %soft  %steal  %guest   %idle
02时18分53秒  all    0.13    0.00    0.00    0.00    0.00    0.00    0.00    0.00   99.87
平均时间:  all    0.13    0.00    0.00    0.00    0.00    0.00    0.00    0.00   99.87

Linux 2.6.32-431.el6.x86_64 (slave2) 	2019年07月27日 	_x86_64_	(8 CPU)

02时18分56秒  CPU    %usr   %nice    %sys %iowait    %irq   %soft  %steal  %guest   %idle
02时18分57秒  all    0.00    0.00    0.13    0.00    0.00    0.00    0.00    0.00   99.87
平均时间:  all    0.00    0.00    0.13    0.00    0.00    0.00    0.00    0.00   99.87

Linux 2.6.32-431.el6.x86_64 (slave2) 	2019年07月27日 	_x86_64_	(8 CPU)

02时19分00秒  CPU    %usr   %nice    %sys %iowait    %irq   %soft  %steal  %guest   %idle
02时19分01秒  all    0.00    0.00    0.13    0.00    0.00    0.00    0.00    0.00   99.87
平均时间:  all    0.00    0.00    0.13    0.00    0.00    0.00    0.00    0.00   99.87

Linux 2.6.32-431.el6.x86_64 (slave2) 	2019年07月27日 	_x86_64_	(8 CPU)

02时19分04秒  CPU    %usr   %nice    %sys %iowait    %irq   %soft  %steal  %guest   %idle
02时19分05秒  all    0.00    0.00    0.13    0.00    0.00    0.00    0.00    0.00   99.87
平均时间:  all    0.00    0.00    0.13    0.00    0.00    0.00    0.00    0.00   99.87

