
2019年 07月 27日 星期六 02:06:04 CST
             total       used       free     shared    buffers     cached
Mem:         15945       9914       6031          0        101       7741
-/+ buffers/cache:       2070      13874
Swap:         8039          0       8039

2019年 07月 27日 星期六 02:06:08 CST
             total       used       free     shared    buffers     cached
Mem:         15945       9914       6031          0        101       7741
-/+ buffers/cache:       2070      13874
Swap:         8039          0       8039

2019年 07月 27日 星期六 02:06:12 CST
             total       used       free     shared    buffers     cached
Mem:         15945       9914       6031          0        101       7741
-/+ buffers/cache:       2070      13874
Swap:         8039          0       8039

2019年 07月 27日 星期六 02:06:16 CST
             total       used       free     shared    buffers     cached
Mem:         15945       9915       6029          0        101       7741
-/+ buffers/cache:       2072      13873
Swap:         8039          0       8039

2019年 07月 27日 星期六 02:06:20 CST
             total       used       free     shared    buffers     cached
Mem:         15945       9915       6029          0        101       7741
-/+ buffers/cache:       2072      13873
Swap:         8039          0       8039

2019年 07月 27日 星期六 02:06:24 CST
             total       used       free     shared    buffers     cached
Mem:         15945      10031       5914          0        101       7857
-/+ buffers/cache:       2071      13873
Swap:         8039          0       8039

2019年 07月 27日 星期六 02:06:28 CST
             total       used       free     shared    buffers     cached
Mem:         15945      10304       5641          0        101       8121
-/+ buffers/cache:       2081      13864
Swap:         8039          0       8039

2019年 07月 27日 星期六 02:06:32 CST
             total       used       free     shared    buffers     cached
Mem:         15945      10944       5000          0        101       8421
-/+ buffers/cache:       2422      13523
Swap:         8039          0       8039

2019年 07月 27日 星期六 02:06:36 CST
             total       used       free     shared    buffers     cached
Mem:         15945      11613       4332          0        101       8704
-/+ buffers/cache:       2807      13138
Swap:         8039          0       8039

2019年 07月 27日 星期六 02:06:40 CST
             total       used       free     shared    buffers     cached
Mem:         15945      12304       3641          0        101       8942
-/+ buffers/cache:       3259      12685
Swap:         8039          0       8039

2019年 07月 27日 星期六 02:06:44 CST
             total       used       free     shared    buffers     cached
Mem:         15945      12757       3188          0        101       9014
-/+ buffers/cache:       3640      12304
Swap:         8039          0       8039

2019年 07月 27日 星期六 02:06:48 CST
             total       used       free     shared    buffers     cached
Mem:         15945      13111       2834          0        101       9015
-/+ buffers/cache:       3994      11951
Swap:         8039          0       8039

2019年 07月 27日 星期六 02:06:52 CST
             total       used       free     shared    buffers     cached
Mem:         15945      13492       2453          0        101       9015
-/+ buffers/cache:       4375      11570
Swap:         8039          0       8039

2019年 07月 27日 星期六 02:06:56 CST
             total       used       free     shared    buffers     cached
Mem:         15945      13821       2124          0        101       9016
-/+ buffers/cache:       4703      11241
Swap:         8039          0       8039

2019年 07月 27日 星期六 02:07:00 CST
             total       used       free     shared    buffers     cached
Mem:         15945      13919       2026          0        101       9017
-/+ buffers/cache:       4800      11145
Swap:         8039          0       8039

2019年 07月 27日 星期六 02:07:04 CST
             total       used       free     shared    buffers     cached
Mem:         15945      13557       2387          0        101       9016
-/+ buffers/cache:       4439      11505
Swap:         8039          0       8039

2019年 07月 27日 星期六 02:07:08 CST
             total       used       free     shared    buffers     cached
Mem:         15945      13685       2260          0        101       8997
-/+ buffers/cache:       4586      11359
Swap:         8039          0       8039

2019年 07月 27日 星期六 02:07:12 CST
             total       used       free     shared    buffers     cached
Mem:         15945      13887       2058          0        101       8997
-/+ buffers/cache:       4788      11157
Swap:         8039          0       8039

2019年 07月 27日 星期六 02:07:16 CST
             total       used       free     shared    buffers     cached
Mem:         15945      13390       2555          0        101       8998
-/+ buffers/cache:       4289      11655
Swap:         8039          0       8039

2019年 07月 27日 星期六 02:07:20 CST
             total       used       free     shared    buffers     cached
Mem:         15945      13438       2507          0        101       8999
-/+ buffers/cache:       4336      11608
Swap:         8039          0       8039

2019年 07月 27日 星期六 02:07:24 CST
             total       used       free     shared    buffers     cached
Mem:         15945      14040       1905          0        101       8963
-/+ buffers/cache:       4974      10971
Swap:         8039          0       8039

2019年 07月 27日 星期六 02:07:28 CST
             total       used       free     shared    buffers     cached
Mem:         15945      14725       1220          0        101       8966
-/+ buffers/cache:       5656      10288
Swap:         8039          0       8039

2019年 07月 27日 星期六 02:07:32 CST
             total       used       free     shared    buffers     cached
Mem:         15945      14563       1382          0        101       8966
-/+ buffers/cache:       5495      10450
Swap:         8039          0       8039

2019年 07月 27日 星期六 02:07:36 CST
             total       used       free     shared    buffers     cached
Mem:         15945      14815       1130          0        101       8966
-/+ buffers/cache:       5746      10199
Swap:         8039          0       8039

2019年 07月 27日 星期六 02:07:40 CST
             total       used       free     shared    buffers     cached
Mem:         15945      15308        637          0        101       8948
-/+ buffers/cache:       6257       9688
Swap:         8039          0       8039

2019年 07月 27日 星期六 02:07:44 CST
             total       used       free     shared    buffers     cached
Mem:         15945      13670       2275          0        101       8946
-/+ buffers/cache:       4621      11323
Swap:         8039          0       8039

2019年 07月 27日 星期六 02:07:48 CST
             total       used       free     shared    buffers     cached
Mem:         15945      14030       1914          0        101       8927
-/+ buffers/cache:       5001      10944
Swap:         8039          0       8039

2019年 07月 27日 星期六 02:07:52 CST
             total       used       free     shared    buffers     cached
Mem:         15945      14503       1441          0        101       8928
-/+ buffers/cache:       5473      10471
Swap:         8039          0       8039

2019年 07月 27日 星期六 02:07:56 CST
             total       used       free     shared    buffers     cached
Mem:         15945      15339        606          0        101       8929
-/+ buffers/cache:       6307       9638
Swap:         8039          0       8039

2019年 07月 27日 星期六 02:08:01 CST
             total       used       free     shared    buffers     cached
Mem:         15945      14728       1217          0        101       9005
-/+ buffers/cache:       5621      10324
Swap:         8039          0       8039

2019年 07月 27日 星期六 02:08:05 CST
             total       used       free     shared    buffers     cached
Mem:         15945      15029        915          0        101       9096
-/+ buffers/cache:       5831      10113
Swap:         8039          0       8039

2019年 07月 27日 星期六 02:08:09 CST
             total       used       free     shared    buffers     cached
Mem:         15945      15419        525          0        101       9097
-/+ buffers/cache:       6220       9724
Swap:         8039          0       8039

2019年 07月 27日 星期六 02:08:13 CST
             total       used       free     shared    buffers     cached
Mem:         15945      15615        329          0        101       9097
-/+ buffers/cache:       6416       9529
Swap:         8039          0       8039

2019年 07月 27日 星期六 02:08:17 CST
             total       used       free     shared    buffers     cached
Mem:         15945      14751       1194          0        101       9079
-/+ buffers/cache:       5570      10375
Swap:         8039          0       8039

2019年 07月 27日 星期六 02:08:21 CST
             total       used       free     shared    buffers     cached
Mem:         15945      13583       2362          0        101       9077
-/+ buffers/cache:       4403      11541
Swap:         8039          0       8039

2019年 07月 27日 星期六 02:08:25 CST
             total       used       free     shared    buffers     cached
Mem:         15945      12830       3114          0        101       9452
-/+ buffers/cache:       3276      12669
Swap:         8039          0       8039

2019年 07月 27日 星期六 02:08:29 CST
             total       used       free     shared    buffers     cached
Mem:         15945      13076       2869          0        101       9420
-/+ buffers/cache:       3553      12392
Swap:         8039          0       8039

2019年 07月 27日 星期六 02:08:33 CST
             total       used       free     shared    buffers     cached
Mem:         15945      13497       2448          0        101       9681
-/+ buffers/cache:       3713      12232
Swap:         8039          0       8039

2019年 07月 27日 星期六 02:08:37 CST
             total       used       free     shared    buffers     cached
Mem:         15945      13971       1973          0        101       9978
-/+ buffers/cache:       3891      12053
Swap:         8039          0       8039

2019年 07月 27日 星期六 02:08:41 CST
             total       used       free     shared    buffers     cached
Mem:         15945      13331       2614          0        101      10071
-/+ buffers/cache:       3158      12787
Swap:         8039          0       8039

2019年 07月 27日 星期六 02:08:45 CST
             total       used       free     shared    buffers     cached
Mem:         15945      13752       2193          0        101      10154
-/+ buffers/cache:       3495      12449
Swap:         8039          0       8039

2019年 07月 27日 星期六 02:08:49 CST
             total       used       free     shared    buffers     cached
Mem:         15945      14942       1003          0        101      10174
-/+ buffers/cache:       4666      11279
Swap:         8039          0       8039

2019年 07月 27日 星期六 02:08:53 CST
             total       used       free     shared    buffers     cached
Mem:         15945      15758        187          0        101      10180
-/+ buffers/cache:       5475      10469
Swap:         8039          0       8039

2019年 07月 27日 星期六 02:08:57 CST
             total       used       free     shared    buffers     cached
Mem:         15945      15776        169          0        101       9471
-/+ buffers/cache:       6203       9742
Swap:         8039          0       8039

2019年 07月 27日 星期六 02:09:01 CST
             total       used       free     shared    buffers     cached
Mem:         15945      12842       3103          0        101       9505
-/+ buffers/cache:       3234      12710
Swap:         8039          0       8039

2019年 07月 27日 星期六 02:09:05 CST
             total       used       free     shared    buffers     cached
Mem:         15945      13283       2661          0        101       9155
-/+ buffers/cache:       4026      11919
Swap:         8039          0       8039

2019年 07月 27日 星期六 02:09:09 CST
             total       used       free     shared    buffers     cached
Mem:         15945      14167       1778          0        101       9155
-/+ buffers/cache:       4909      11035
Swap:         8039          0       8039

2019年 07月 27日 星期六 02:09:13 CST
             total       used       free     shared    buffers     cached
Mem:         15945      13865       2080          0        101       9155
-/+ buffers/cache:       4607      11337
Swap:         8039          0       8039

2019年 07月 27日 星期六 02:09:17 CST
             total       used       free     shared    buffers     cached
Mem:         15945      14612       1332          0        101       9140
-/+ buffers/cache:       5370      10574
Swap:         8039          0       8039

2019年 07月 27日 星期六 02:09:21 CST
             total       used       free     shared    buffers     cached
Mem:         15945      15065        880          0        101       9154
-/+ buffers/cache:       5808      10137
Swap:         8039          0       8039

2019年 07月 27日 星期六 02:09:25 CST
             total       used       free     shared    buffers     cached
Mem:         15945      15597        348          0        101       9174
-/+ buffers/cache:       6320       9624
Swap:         8039          0       8039

2019年 07月 27日 星期六 02:09:29 CST
             total       used       free     shared    buffers     cached
Mem:         15945      15795        149          0        101       8973
-/+ buffers/cache:       6720       9224
Swap:         8039          0       8039

2019年 07月 27日 星期六 02:09:33 CST
             total       used       free     shared    buffers     cached
Mem:         15945      15777        167          0        101       8807
-/+ buffers/cache:       6869       9076
Swap:         8039          0       8039

2019年 07月 27日 星期六 02:09:37 CST
             total       used       free     shared    buffers     cached
Mem:         15945      14013       1932          0        101       8620
-/+ buffers/cache:       5290      10654
Swap:         8039          0       8039

2019年 07月 27日 星期六 02:09:41 CST
             total       used       free     shared    buffers     cached
Mem:         15945      11581       4364          0        101       8617
-/+ buffers/cache:       2861      13083
Swap:         8039          0       8039

2019年 07月 27日 星期六 02:09:45 CST
             total       used       free     shared    buffers     cached
Mem:         15945      13088       2857          0        101       9058
-/+ buffers/cache:       3928      12017
Swap:         8039          0       8039

2019年 07月 27日 星期六 02:09:49 CST
             total       used       free     shared    buffers     cached
Mem:         15945      12509       3435          0        101       9297
-/+ buffers/cache:       3110      12835
Swap:         8039          0       8039

2019年 07月 27日 星期六 02:09:53 CST
             total       used       free     shared    buffers     cached
Mem:         15945      12998       2947          0        101       9317
-/+ buffers/cache:       3579      12366
Swap:         8039          0       8039

2019年 07月 27日 星期六 02:09:57 CST
             total       used       free     shared    buffers     cached
Mem:         15945      13330       2614          0        101       9299
-/+ buffers/cache:       3929      12015
Swap:         8039          0       8039

2019年 07月 27日 星期六 02:10:01 CST
             total       used       free     shared    buffers     cached
Mem:         15945      13809       2135          0        101       9418
-/+ buffers/cache:       4289      11655
Swap:         8039          0       8039

2019年 07月 27日 星期六 02:10:05 CST
             total       used       free     shared    buffers     cached
Mem:         15945      14295       1650          0        101       9486
-/+ buffers/cache:       4707      11238
Swap:         8039          0       8039

2019年 07月 27日 星期六 02:10:09 CST
             total       used       free     shared    buffers     cached
Mem:         15945      14064       1881          0        101       9466
-/+ buffers/cache:       4495      11450
Swap:         8039          0       8039

2019年 07月 27日 星期六 02:10:13 CST
             total       used       free     shared    buffers     cached
Mem:         15945      14474       1470          0        101       9467
-/+ buffers/cache:       4905      11040
Swap:         8039          0       8039

2019年 07月 27日 星期六 02:10:17 CST
             total       used       free     shared    buffers     cached
Mem:         15945      15102        842          0        101       9478
-/+ buffers/cache:       5522      10423
Swap:         8039          0       8039

2019年 07月 27日 星期六 02:10:21 CST
             total       used       free     shared    buffers     cached
Mem:         15945      15351        594          0        101       9554
-/+ buffers/cache:       5695      10250
Swap:         8039          0       8039

2019年 07月 27日 星期六 02:10:25 CST
             total       used       free     shared    buffers     cached
Mem:         15945      15786        158          0        101       9554
-/+ buffers/cache:       6131       9814
Swap:         8039          0       8039

2019年 07月 27日 星期六 02:10:29 CST
             total       used       free     shared    buffers     cached
Mem:         15945      14202       1743          0        101       9536
-/+ buffers/cache:       4563      11382
Swap:         8039          0       8039

2019年 07月 27日 星期六 02:10:34 CST
             total       used       free     shared    buffers     cached
Mem:         15945      14715       1229          0        101       9799
-/+ buffers/cache:       4814      11131
Swap:         8039          0       8039

2019年 07月 27日 星期六 02:10:38 CST
             total       used       free     shared    buffers     cached
Mem:         15945      15250        695          0        101       9895
-/+ buffers/cache:       5253      10691
Swap:         8039          0       8039

2019年 07月 27日 星期六 02:10:42 CST
             total       used       free     shared    buffers     cached
Mem:         15945      15781        163          0        101       9794
-/+ buffers/cache:       5886      10059
Swap:         8039          0       8039

2019年 07月 27日 星期六 02:10:46 CST
             total       used       free     shared    buffers     cached
Mem:         15945      15781        164          0        101       9162
-/+ buffers/cache:       6517       9428
Swap:         8039          0       8039

2019年 07月 27日 星期六 02:10:50 CST
             total       used       free     shared    buffers     cached
Mem:         15945      15640        305          0        101       8775
-/+ buffers/cache:       6763       9181
Swap:         8039          0       8039

2019年 07月 27日 星期六 02:10:55 CST
             total       used       free     shared    buffers     cached
Mem:         15945      15775        169          0        101       8855
-/+ buffers/cache:       6818       9127
Swap:         8039          0       8039

2019年 07月 27日 星期六 02:10:59 CST
             total       used       free     shared    buffers     cached
Mem:         15945      15778        166          0        101       8803
-/+ buffers/cache:       6873       9071
Swap:         8039          0       8039

2019年 07月 27日 星期六 02:11:03 CST
             total       used       free     shared    buffers     cached
Mem:         15945      15764        181          0        101       8701
-/+ buffers/cache:       6962       8983
Swap:         8039          0       8039

2019年 07月 27日 星期六 02:11:07 CST
             total       used       free     shared    buffers     cached
Mem:         15945      15150        794          0        101       8612
-/+ buffers/cache:       6436       9508
Swap:         8039          0       8039

2019年 07月 27日 星期六 02:11:11 CST
             total       used       free     shared    buffers     cached
Mem:         15945      15424        520          0        101       8769
-/+ buffers/cache:       6554       9391
Swap:         8039          0       8039

2019年 07月 27日 星期六 02:11:15 CST
             total       used       free     shared    buffers     cached
Mem:         15945      15717        227          0        101       8944
-/+ buffers/cache:       6672       9273
Swap:         8039          0       8039

2019年 07月 27日 星期六 02:11:19 CST
             total       used       free     shared    buffers     cached
Mem:         15945      15781        164          0        101       8912
-/+ buffers/cache:       6767       9178
Swap:         8039          0       8039

2019年 07月 27日 星期六 02:11:23 CST
             total       used       free     shared    buffers     cached
Mem:         15945      15788        156          0        101       8811
-/+ buffers/cache:       6876       9069
Swap:         8039          0       8039

2019年 07月 27日 星期六 02:11:27 CST
             total       used       free     shared    buffers     cached
Mem:         15945      13565       2380          0        101       8697
-/+ buffers/cache:       4766      11178
Swap:         8039          0       8039

2019年 07月 27日 星期六 02:11:31 CST
             total       used       free     shared    buffers     cached
Mem:         15945      13976       1969          0        101       8975
-/+ buffers/cache:       4899      11045
Swap:         8039          0       8039

2019年 07月 27日 星期六 02:11:35 CST
             total       used       free     shared    buffers     cached
Mem:         15945      14284       1661          0        101       9027
-/+ buffers/cache:       5155      10790
Swap:         8039          0       8039

2019年 07月 27日 星期六 02:11:39 CST
             total       used       free     shared    buffers     cached
Mem:         15945      14626       1319          0        101       9243
-/+ buffers/cache:       5281      10664
Swap:         8039          0       8039

2019年 07月 27日 星期六 02:11:43 CST
             total       used       free     shared    buffers     cached
Mem:         15945      14299       1645          0        101       9249
-/+ buffers/cache:       4949      10996
Swap:         8039          0       8039

2019年 07月 27日 星期六 02:11:47 CST
             total       used       free     shared    buffers     cached
Mem:         15945      13907       2038          0        101       9095
-/+ buffers/cache:       4710      11234
Swap:         8039          0       8039

2019年 07月 27日 星期六 02:11:51 CST
             total       used       free     shared    buffers     cached
Mem:         15945      14399       1545          0        101       8916
-/+ buffers/cache:       5381      10563
Swap:         8039          0       8039

2019年 07月 27日 星期六 02:11:55 CST
             total       used       free     shared    buffers     cached
Mem:         15945      14438       1506          0        101       8938
-/+ buffers/cache:       5399      10546
Swap:         8039          0       8039

2019年 07月 27日 星期六 02:11:59 CST
             total       used       free     shared    buffers     cached
Mem:         15945      14951        994          0        101       8943
-/+ buffers/cache:       5905      10039
Swap:         8039          0       8039

2019年 07月 27日 星期六 02:12:03 CST
             total       used       free     shared    buffers     cached
Mem:         15945      15332        613          0        101       8882
-/+ buffers/cache:       6348       9596
Swap:         8039          0       8039

2019年 07月 27日 星期六 02:12:07 CST
             total       used       free     shared    buffers     cached
Mem:         15945      15562        383          0        101       8929
-/+ buffers/cache:       6531       9414
Swap:         8039          0       8039

2019年 07月 27日 星期六 02:12:11 CST
             total       used       free     shared    buffers     cached
Mem:         15945      15776        169          0        101       8934
-/+ buffers/cache:       6740       9205
Swap:         8039          0       8039

2019年 07月 27日 星期六 02:12:15 CST
             total       used       free     shared    buffers     cached
Mem:         15945      14575       1370          0        101       8889
-/+ buffers/cache:       5584      10361
Swap:         8039          0       8039

2019年 07月 27日 星期六 02:12:19 CST
             total       used       free     shared    buffers     cached
Mem:         15945      14834       1111          0        101       8871
-/+ buffers/cache:       5861      10083
Swap:         8039          0       8039

2019年 07月 27日 星期六 02:12:23 CST
             total       used       free     shared    buffers     cached
Mem:         15945      14100       1844          0        101       8873
-/+ buffers/cache:       5125      10819
Swap:         8039          0       8039

2019年 07月 27日 星期六 02:12:27 CST
             total       used       free     shared    buffers     cached
Mem:         15945      14691       1253          0        101       8990
-/+ buffers/cache:       5600      10345
Swap:         8039          0       8039

2019年 07月 27日 星期六 02:12:31 CST
             total       used       free     shared    buffers     cached
Mem:         15945      14564       1380          0        101       9305
-/+ buffers/cache:       5157      10788
Swap:         8039          0       8039

2019年 07月 27日 星期六 02:12:35 CST
             total       used       free     shared    buffers     cached
Mem:         15945      13429       2515          0        101       9643
-/+ buffers/cache:       3685      12260
Swap:         8039          0       8039

2019年 07月 27日 星期六 02:12:39 CST
             total       used       free     shared    buffers     cached
Mem:         15945      13369       2576          0        101       9769
-/+ buffers/cache:       3498      12446
Swap:         8039          0       8039

2019年 07月 27日 星期六 02:12:43 CST
             total       used       free     shared    buffers     cached
Mem:         15945      14101       1844          0        101      10061
-/+ buffers/cache:       3938      12007
Swap:         8039          0       8039

2019年 07月 27日 星期六 02:12:48 CST
             total       used       free     shared    buffers     cached
Mem:         15945      14678       1267          0        101      10222
-/+ buffers/cache:       4354      11591
Swap:         8039          0       8039

2019年 07月 27日 星期六 02:12:52 CST
             total       used       free     shared    buffers     cached
Mem:         15945      15096        849          0        101      10251
-/+ buffers/cache:       4743      11202
Swap:         8039          0       8039

2019年 07月 27日 星期六 02:12:56 CST
             total       used       free     shared    buffers     cached
Mem:         15945      14725       1220          0        101      10253
-/+ buffers/cache:       4370      11575
Swap:         8039          0       8039

2019年 07月 27日 星期六 02:13:00 CST
             total       used       free     shared    buffers     cached
Mem:         15945      15112        833          0        101      10254
-/+ buffers/cache:       4756      11189
Swap:         8039          0       8039

2019年 07月 27日 星期六 02:13:04 CST
             total       used       free     shared    buffers     cached
Mem:         15945      15350        594          0        101      10069
-/+ buffers/cache:       5179      10766
Swap:         8039          0       8039

2019年 07月 27日 星期六 02:13:08 CST
             total       used       free     shared    buffers     cached
Mem:         15945      15473        471          0        101      10070
-/+ buffers/cache:       5301      10644
Swap:         8039          0       8039

2019年 07月 27日 星期六 02:13:12 CST
             total       used       free     shared    buffers     cached
Mem:         15945      14654       1291          0        101      10071
-/+ buffers/cache:       4481      11463
Swap:         8039          0       8039

2019年 07月 27日 星期六 02:13:16 CST
             total       used       free     shared    buffers     cached
Mem:         15945      14856       1088          0        101      10071
-/+ buffers/cache:       4683      11261
Swap:         8039          0       8039

2019年 07月 27日 星期六 02:13:20 CST
             total       used       free     shared    buffers     cached
Mem:         15945      14995        949          0        101      10052
-/+ buffers/cache:       4841      11104
Swap:         8039          0       8039

2019年 07月 27日 星期六 02:13:24 CST
             total       used       free     shared    buffers     cached
Mem:         15945      15595        349          0        101      10036
-/+ buffers/cache:       5457      10488
Swap:         8039          0       8039

2019年 07月 27日 星期六 02:13:28 CST
             total       used       free     shared    buffers     cached
Mem:         15945      15779        166          0        101       9888
-/+ buffers/cache:       5789      10155
Swap:         8039          0       8039

2019年 07月 27日 星期六 02:13:32 CST
             total       used       free     shared    buffers     cached
Mem:         15945      15783        161          0        101       9317
-/+ buffers/cache:       6364       9580
Swap:         8039          0       8039

2019年 07月 27日 星期六 02:13:36 CST
             total       used       free     shared    buffers     cached
Mem:         15945      14812       1132          0        101       9273
-/+ buffers/cache:       5437      10507
Swap:         8039          0       8039

2019年 07月 27日 星期六 02:13:40 CST
             total       used       free     shared    buffers     cached
Mem:         15945      13402       2543          0        101       9290
-/+ buffers/cache:       4010      11935
Swap:         8039          0       8039

2019年 07月 27日 星期六 02:13:44 CST
             total       used       free     shared    buffers     cached
Mem:         15945      13103       2841          0        101       9289
-/+ buffers/cache:       3713      12232
Swap:         8039          0       8039

2019年 07月 27日 星期六 02:13:48 CST
             total       used       free     shared    buffers     cached
Mem:         15945      13448       2496          0        101       9251
-/+ buffers/cache:       4095      11849
Swap:         8039          0       8039

2019年 07月 27日 星期六 02:13:52 CST
             total       used       free     shared    buffers     cached
Mem:         15945      13685       2259          0        101       9252
-/+ buffers/cache:       4331      11613
Swap:         8039          0       8039

2019年 07月 27日 星期六 02:13:56 CST
             total       used       free     shared    buffers     cached
Mem:         15945      13796       2148          0        101       9253
-/+ buffers/cache:       4442      11503
Swap:         8039          0       8039

2019年 07月 27日 星期六 02:14:00 CST
             total       used       free     shared    buffers     cached
Mem:         15945      13590       2354          0        101       9529
-/+ buffers/cache:       3960      11985
Swap:         8039          0       8039

2019年 07月 27日 星期六 02:14:04 CST
             total       used       free     shared    buffers     cached
Mem:         15945      12748       3196          0        101       9603
-/+ buffers/cache:       3044      12901
Swap:         8039          0       8039

2019年 07月 27日 星期六 02:14:08 CST
             total       used       free     shared    buffers     cached
Mem:         15945      13176       2769          0        101       9603
-/+ buffers/cache:       3471      12473
Swap:         8039          0       8039

2019年 07月 27日 星期六 02:14:12 CST
             total       used       free     shared    buffers     cached
Mem:         15945      13680       2264          0        101       9609
-/+ buffers/cache:       3970      11975
Swap:         8039          0       8039

2019年 07月 27日 星期六 02:14:16 CST
             total       used       free     shared    buffers     cached
Mem:         15945      14463       1482          0        101       9632
-/+ buffers/cache:       4729      11215
Swap:         8039          0       8039

2019年 07月 27日 星期六 02:14:20 CST
             total       used       free     shared    buffers     cached
Mem:         15945      12911       3034          0        101       9679
-/+ buffers/cache:       3130      12814
Swap:         8039          0       8039

2019年 07月 27日 星期六 02:14:24 CST
             total       used       free     shared    buffers     cached
Mem:         15945      13299       2645          0        101       9874
-/+ buffers/cache:       3323      12621
Swap:         8039          0       8039

2019年 07月 27日 星期六 02:14:28 CST
             total       used       free     shared    buffers     cached
Mem:         15945      14141       1804          0        101      10392
-/+ buffers/cache:       3646      12298
Swap:         8039          0       8039

2019年 07月 27日 星期六 02:14:32 CST
             total       used       free     shared    buffers     cached
Mem:         15945      14597       1348          0        101      10590
-/+ buffers/cache:       3904      12040
Swap:         8039          0       8039

2019年 07月 27日 星期六 02:14:36 CST
             total       used       free     shared    buffers     cached
Mem:         15945      15196        749          0        101      10849
-/+ buffers/cache:       4245      11699
Swap:         8039          0       8039

2019年 07月 27日 星期六 02:14:40 CST
             total       used       free     shared    buffers     cached
Mem:         15945      15294        651          0        101      11133
-/+ buffers/cache:       4058      11886
Swap:         8039          0       8039

2019年 07月 27日 星期六 02:14:44 CST
             total       used       free     shared    buffers     cached
Mem:         15945      15612        332          0        101      11213
-/+ buffers/cache:       4297      11647
Swap:         8039          0       8039

2019年 07月 27日 星期六 02:14:48 CST
             total       used       free     shared    buffers     cached
Mem:         15945      15769        175          0        101      11054
-/+ buffers/cache:       4613      11331
Swap:         8039          0       8039

2019年 07月 27日 星期六 02:14:53 CST
             total       used       free     shared    buffers     cached
Mem:         15945      15781        163          0        101      10599
-/+ buffers/cache:       5081      10864
Swap:         8039          0       8039

2019年 07月 27日 星期六 02:14:57 CST
             total       used       free     shared    buffers     cached
Mem:         15945      15780        165          0        101      10405
-/+ buffers/cache:       5273      10672
Swap:         8039          0       8039

2019年 07月 27日 星期六 02:15:01 CST
             total       used       free     shared    buffers     cached
Mem:         15945      15651        293          0        101      10431
-/+ buffers/cache:       5118      10826
Swap:         8039          0       8039

2019年 07月 27日 星期六 02:15:05 CST
             total       used       free     shared    buffers     cached
Mem:         15945      15089        855          0        101      10430
-/+ buffers/cache:       4557      11387
Swap:         8039          0       8039

2019年 07月 27日 星期六 02:15:09 CST
             total       used       free     shared    buffers     cached
Mem:         15945      15307        638          0        101      10246
-/+ buffers/cache:       4959      10985
Swap:         8039          0       8039

2019年 07月 27日 星期六 02:15:13 CST
             total       used       free     shared    buffers     cached
Mem:         15945      15791        154          0        101      10125
-/+ buffers/cache:       5564      10380
Swap:         8039          0       8039

2019年 07月 27日 星期六 02:15:17 CST
             total       used       free     shared    buffers     cached
Mem:         15945      15792        153          0        100       9687
-/+ buffers/cache:       6003       9941
Swap:         8039          0       8039

2019年 07月 27日 星期六 02:15:21 CST
             total       used       free     shared    buffers     cached
Mem:         15945      15792        153          0        100       9509
-/+ buffers/cache:       6182       9762
Swap:         8039          0       8039

2019年 07月 27日 星期六 02:15:25 CST
             total       used       free     shared    buffers     cached
Mem:         15945      15341        603          0        100       9428
-/+ buffers/cache:       5812      10133
Swap:         8039          0       8039

2019年 07月 27日 星期六 02:15:29 CST
             total       used       free     shared    buffers     cached
Mem:         15945      14911       1033          0        100       9324
-/+ buffers/cache:       5486      10458
Swap:         8039          0       8039

2019年 07月 27日 星期六 02:15:33 CST
             total       used       free     shared    buffers     cached
Mem:         15945      14114       1830          0        100       9223
-/+ buffers/cache:       4790      11155
Swap:         8039          0       8039

2019年 07月 27日 星期六 02:15:37 CST
             total       used       free     shared    buffers     cached
Mem:         15945      14098       1846          0        100       8968
-/+ buffers/cache:       5029      10915
Swap:         8039          0       8039

2019年 07月 27日 星期六 02:15:41 CST
             total       used       free     shared    buffers     cached
Mem:         15945      14478       1467          0        100       9033
-/+ buffers/cache:       5343      10601
Swap:         8039          0       8039

2019年 07月 27日 星期六 02:15:45 CST
             total       used       free     shared    buffers     cached
Mem:         15945      15339        605          0        100       9086
-/+ buffers/cache:       6153       9792
Swap:         8039          0       8039

2019年 07月 27日 星期六 02:15:49 CST
             total       used       free     shared    buffers     cached
Mem:         15945      15776        169          0        100       9019
-/+ buffers/cache:       6656       9288
Swap:         8039          0       8039

2019年 07月 27日 星期六 02:15:53 CST
             total       used       free     shared    buffers     cached
Mem:         15945      13829       2116          0        100       8820
-/+ buffers/cache:       4907      11037
Swap:         8039          0       8039

2019年 07月 27日 星期六 02:15:57 CST
             total       used       free     shared    buffers     cached
Mem:         15945      14530       1415          0        100       9073
-/+ buffers/cache:       5355      10589
Swap:         8039          0       8039

2019年 07月 27日 星期六 02:16:01 CST
             total       used       free     shared    buffers     cached
Mem:         15945      12872       3072          0        100       9062
-/+ buffers/cache:       3709      12235
Swap:         8039          0       8039

2019年 07月 27日 星期六 02:16:05 CST
             total       used       free     shared    buffers     cached
Mem:         15945      13487       2457          0        100       9083
-/+ buffers/cache:       4304      11641
Swap:         8039          0       8039

2019年 07月 27日 星期六 02:16:09 CST
             total       used       free     shared    buffers     cached
Mem:         15945      13446       2498          0        100       8964
-/+ buffers/cache:       4381      11564
Swap:         8039          0       8039

2019年 07月 27日 星期六 02:16:13 CST
             total       used       free     shared    buffers     cached
Mem:         15945      14243       1701          0        100       9058
-/+ buffers/cache:       5084      10861
Swap:         8039          0       8039

2019年 07月 27日 星期六 02:16:17 CST
             total       used       free     shared    buffers     cached
Mem:         15945      12971       2974          0        100       9075
-/+ buffers/cache:       3795      12150
Swap:         8039          0       8039

2019年 07月 27日 星期六 02:16:21 CST
             total       used       free     shared    buffers     cached
Mem:         15945      13822       2123          0        100       8894
-/+ buffers/cache:       4827      11117
Swap:         8039          0       8039

2019年 07月 27日 星期六 02:16:25 CST
             total       used       free     shared    buffers     cached
Mem:         15945      12400       3544          0        100       8891
-/+ buffers/cache:       3409      12536
Swap:         8039          0       8039

2019年 07月 27日 星期六 02:16:29 CST
             total       used       free     shared    buffers     cached
Mem:         15945      13568       2377          0        100       9269
-/+ buffers/cache:       4198      11747
Swap:         8039          0       8039

2019年 07月 27日 星期六 02:16:33 CST
             total       used       free     shared    buffers     cached
Mem:         15945      12316       3629          0        100       9165
-/+ buffers/cache:       3049      12895
Swap:         8039          0       8039

2019年 07月 27日 星期六 02:16:37 CST
             total       used       free     shared    buffers     cached
Mem:         15945      13102       2842          0        100       9593
-/+ buffers/cache:       3408      12537
Swap:         8039          0       8039

2019年 07月 27日 星期六 02:16:41 CST
             total       used       free     shared    buffers     cached
Mem:         15945      13866       2078          0        100       9825
-/+ buffers/cache:       3940      12005
Swap:         8039          0       8039

2019年 07月 27日 星期六 02:16:45 CST
             total       used       free     shared    buffers     cached
Mem:         15945      14379       1565          0        100       9890
-/+ buffers/cache:       4389      11556
Swap:         8039          0       8039

2019年 07月 27日 星期六 02:16:49 CST
             total       used       free     shared    buffers     cached
Mem:         15945      14856       1089          0        100       9927
-/+ buffers/cache:       4827      11117
Swap:         8039          0       8039

2019年 07月 27日 星期六 02:16:53 CST
             total       used       free     shared    buffers     cached
Mem:         15945      15302        643          0        100       9931
-/+ buffers/cache:       5269      10676
Swap:         8039          0       8039

2019年 07月 27日 星期六 02:16:57 CST
             total       used       free     shared    buffers     cached
Mem:         15945      15409        535          0        100       9953
-/+ buffers/cache:       5355      10590
Swap:         8039          0       8039

2019年 07月 27日 星期六 02:17:01 CST
             total       used       free     shared    buffers     cached
Mem:         15945      14153       1792          0        100       9972
-/+ buffers/cache:       4080      11865
Swap:         8039          0       8039

2019年 07月 27日 星期六 02:17:05 CST
             total       used       free     shared    buffers     cached
Mem:         15945      14120       1824          0        100       9616
-/+ buffers/cache:       4403      11541
Swap:         8039          0       8039

2019年 07月 27日 星期六 02:17:09 CST
             total       used       free     shared    buffers     cached
Mem:         15945      14708       1236          0        100       9617
-/+ buffers/cache:       4990      10955
Swap:         8039          0       8039

2019年 07月 27日 星期六 02:17:13 CST
             total       used       free     shared    buffers     cached
Mem:         15945      15312        632          0        100       9620
-/+ buffers/cache:       5591      10353
Swap:         8039          0       8039

2019年 07月 27日 星期六 02:17:17 CST
             total       used       free     shared    buffers     cached
Mem:         15945      15612        333          0        100       9627
-/+ buffers/cache:       5884      10061
Swap:         8039          0       8039

2019年 07月 27日 星期六 02:17:21 CST
             total       used       free     shared    buffers     cached
Mem:         15945      15710        234          0        100       9635
-/+ buffers/cache:       5974       9971
Swap:         8039          0       8039

2019年 07月 27日 星期六 02:17:25 CST
             total       used       free     shared    buffers     cached
Mem:         15945      15772        173          0        100       9502
-/+ buffers/cache:       6169       9776
Swap:         8039          0       8039

2019年 07月 27日 星期六 02:17:30 CST
             total       used       free     shared    buffers     cached
Mem:         15945      15162        783          0        100       9317
-/+ buffers/cache:       5744      10201
Swap:         8039          0       8039

2019年 07月 27日 星期六 02:17:34 CST
             total       used       free     shared    buffers     cached
Mem:         15945      14822       1123          0        100       9320
-/+ buffers/cache:       5401      10544
Swap:         8039          0       8039

2019年 07月 27日 星期六 02:17:38 CST
             total       used       free     shared    buffers     cached
Mem:         15945      15300        645          0        100       9303
-/+ buffers/cache:       5896      10049
Swap:         8039          0       8039

2019年 07月 27日 星期六 02:17:42 CST
             total       used       free     shared    buffers     cached
Mem:         15945      15131        813          0        100       9365
-/+ buffers/cache:       5665      10280
Swap:         8039          0       8039

2019年 07月 27日 星期六 02:17:46 CST
             total       used       free     shared    buffers     cached
Mem:         15945      14352       1592          0        100       9406
-/+ buffers/cache:       4845      11099
Swap:         8039          0       8039

2019年 07月 27日 星期六 02:17:50 CST
             total       used       free     shared    buffers     cached
Mem:         15945      14522       1423          0        100       9397
-/+ buffers/cache:       5023      10921
Swap:         8039          0       8039

2019年 07月 27日 星期六 02:17:54 CST
             total       used       free     shared    buffers     cached
Mem:         15945      14677       1267          0        100       9379
-/+ buffers/cache:       5198      10747
Swap:         8039          0       8039

2019年 07月 27日 星期六 02:17:58 CST
             total       used       free     shared    buffers     cached
Mem:         15945      15145        800          0        100       9635
-/+ buffers/cache:       5409      10536
Swap:         8039          0       8039

2019年 07月 27日 星期六 02:18:02 CST
             total       used       free     shared    buffers     cached
Mem:         15945      15707        237          0        100       9707
-/+ buffers/cache:       5898      10046
Swap:         8039          0       8039

2019年 07月 27日 星期六 02:18:06 CST
             total       used       free     shared    buffers     cached
Mem:         15945      14585       1360          0        100       9583
-/+ buffers/cache:       4901      11044
Swap:         8039          0       8039

2019年 07月 27日 星期六 02:18:10 CST
             total       used       free     shared    buffers     cached
Mem:         15945      14935       1009          0        100       9591
-/+ buffers/cache:       5243      10702
Swap:         8039          0       8039

2019年 07月 27日 星期六 02:18:14 CST
             total       used       free     shared    buffers     cached
Mem:         15945      13851       2094          0        100       9418
-/+ buffers/cache:       4332      11613
Swap:         8039          0       8039

2019年 07月 27日 星期六 02:18:18 CST
             total       used       free     shared    buffers     cached
Mem:         15945      13657       2288          0        100       9195
-/+ buffers/cache:       4360      11584
Swap:         8039          0       8039

2019年 07月 27日 星期六 02:18:22 CST
             total       used       free     shared    buffers     cached
Mem:         15945      13677       2268          0        100       9199
-/+ buffers/cache:       4376      11568
Swap:         8039          0       8039

2019年 07月 27日 星期六 02:18:26 CST
             total       used       free     shared    buffers     cached
Mem:         15945      13705       2240          0        100       9200
-/+ buffers/cache:       4404      11541
Swap:         8039          0       8039

2019年 07月 27日 星期六 02:18:30 CST
             total       used       free     shared    buffers     cached
Mem:         15945      13725       2219          0        100       9204
-/+ buffers/cache:       4420      11525
Swap:         8039          0       8039

2019年 07月 27日 星期六 02:18:34 CST
             total       used       free     shared    buffers     cached
Mem:         15945      13748       2197          0        100       9208
-/+ buffers/cache:       4439      11506
Swap:         8039          0       8039

2019年 07月 27日 星期六 02:18:38 CST
             total       used       free     shared    buffers     cached
Mem:         15945      13769       2176          0        100       9208
-/+ buffers/cache:       4459      11486
Swap:         8039          0       8039

2019年 07月 27日 星期六 02:18:42 CST
             total       used       free     shared    buffers     cached
Mem:         15945      13140       2805          0        100       9211
-/+ buffers/cache:       3827      12118
Swap:         8039          0       8039

2019年 07月 27日 星期六 02:18:46 CST
             total       used       free     shared    buffers     cached
Mem:         15945      13210       2735          0        100       9224
-/+ buffers/cache:       3884      12060
Swap:         8039          0       8039

2019年 07月 27日 星期六 02:18:50 CST
             total       used       free     shared    buffers     cached
Mem:         15945      13262       2683          0        100       9274
-/+ buffers/cache:       3886      12058
Swap:         8039          0       8039

2019年 07月 27日 星期六 02:18:54 CST
             total       used       free     shared    buffers     cached
Mem:         15945      11259       4686          0        100       9074
-/+ buffers/cache:       2084      13861
Swap:         8039          0       8039

2019年 07月 27日 星期六 02:18:58 CST
             total       used       free     shared    buffers     cached
Mem:         15945      11073       4872          0        100       8889
-/+ buffers/cache:       2083      13862
Swap:         8039          0       8039

2019年 07月 27日 星期六 02:19:02 CST
             total       used       free     shared    buffers     cached
Mem:         15945      11072       4873          0        100       8889
-/+ buffers/cache:       2082      13862
Swap:         8039          0       8039

2019年 07月 27日 星期六 02:19:06 CST
             total       used       free     shared    buffers     cached
Mem:         15945      11071       4873          0        100       8889
-/+ buffers/cache:       2081      13863
Swap:         8039          0       8039

