
Linux 2.6.32-431.el6.x86_64 (slave1) 	2019年07月24日 	_x86_64_	(8 CPU)

04时13分05秒  CPU    %usr   %nice    %sys %iowait    %irq   %soft  %steal  %guest   %idle
04时13分06秒  all    0.13    0.00    0.00    0.00    0.00    0.00    0.00    0.00   99.87
平均时间:  all    0.13    0.00    0.00    0.00    0.00    0.00    0.00    0.00   99.87

Linux 2.6.32-431.el6.x86_64 (slave1) 	2019年07月24日 	_x86_64_	(8 CPU)

04时13分09秒  CPU    %usr   %nice    %sys %iowait    %irq   %soft  %steal  %guest   %idle
04时13分10秒  all    0.00    0.00    0.00    0.00    0.00    0.00    0.00    0.00  100.00
平均时间:  all    0.00    0.00    0.00    0.00    0.00    0.00    0.00    0.00  100.00

Linux 2.6.32-431.el6.x86_64 (slave1) 	2019年07月24日 	_x86_64_	(8 CPU)

04时13分13秒  CPU    %usr   %nice    %sys %iowait    %irq   %soft  %steal  %guest   %idle
04时13分14秒  all    0.00    0.00    0.00    0.00    0.00    0.00    0.00    0.00  100.00
平均时间:  all    0.00    0.00    0.00    0.00    0.00    0.00    0.00    0.00  100.00

Linux 2.6.32-431.el6.x86_64 (slave1) 	2019年07月24日 	_x86_64_	(8 CPU)

04时13分17秒  CPU    %usr   %nice    %sys %iowait    %irq   %soft  %steal  %guest   %idle
04时13分18秒  all    0.25    0.00    0.13    0.00    0.00    0.00    0.00    0.00   99.62
平均时间:  all    0.25    0.00    0.13    0.00    0.00    0.00    0.00    0.00   99.62

Linux 2.6.32-431.el6.x86_64 (slave1) 	2019年07月24日 	_x86_64_	(8 CPU)

04时13分21秒  CPU    %usr   %nice    %sys %iowait    %irq   %soft  %steal  %guest   %idle
04时13分22秒  all    0.13    0.00    0.00    0.00    0.00    0.00    0.00    0.00   99.87
平均时间:  all    0.13    0.00    0.00    0.00    0.00    0.00    0.00    0.00   99.87

Linux 2.6.32-431.el6.x86_64 (slave1) 	2019年07月24日 	_x86_64_	(8 CPU)

04时13分25秒  CPU    %usr   %nice    %sys %iowait    %irq   %soft  %steal  %guest   %idle
04时13分26秒  all    0.77    0.00    6.15    0.00    0.38    4.61    0.00    0.00   88.09
平均时间:  all    0.77    0.00    6.15    0.00    0.38    4.61    0.00    0.00   88.09

Linux 2.6.32-431.el6.x86_64 (slave1) 	2019年07月24日 	_x86_64_	(8 CPU)

04时13分29秒  CPU    %usr   %nice    %sys %iowait    %irq   %soft  %steal  %guest   %idle
04时13分30秒  all    1.48    0.00    7.12    0.00    0.67   19.89    0.00    0.00   70.83
平均时间:  all    1.48    0.00    7.12    0.00    0.67   19.89    0.00    0.00   70.83

Linux 2.6.32-431.el6.x86_64 (slave1) 	2019年07月24日 	_x86_64_	(8 CPU)

04时13分33秒  CPU    %usr   %nice    %sys %iowait    %irq   %soft  %steal  %guest   %idle
04时13分34秒  all    1.33    0.00    7.44    0.00    0.66   19.79    0.00    0.00   70.78
平均时间:  all    1.33    0.00    7.44    0.00    0.66   19.79    0.00    0.00   70.78

Linux 2.6.32-431.el6.x86_64 (slave1) 	2019年07月24日 	_x86_64_	(8 CPU)

04时13分37秒  CPU    %usr   %nice    %sys %iowait    %irq   %soft  %steal  %guest   %idle
04时13分38秒  all   37.09    0.00   16.12    0.00    0.52   19.00    0.00    0.00   27.26
平均时间:  all   37.09    0.00   16.12    0.00    0.52   19.00    0.00    0.00   27.26

Linux 2.6.32-431.el6.x86_64 (slave1) 	2019年07月24日 	_x86_64_	(8 CPU)

04时13分41秒  CPU    %usr   %nice    %sys %iowait    %irq   %soft  %steal  %guest   %idle
04时13分42秒  all   48.24    0.00   15.78    0.00    0.13   13.43    0.00    0.00   22.43
平均时间:  all   48.24    0.00   15.78    0.00    0.13   13.43    0.00    0.00   22.43

Linux 2.6.32-431.el6.x86_64 (slave1) 	2019年07月24日 	_x86_64_	(8 CPU)

04时13分45秒  CPU    %usr   %nice    %sys %iowait    %irq   %soft  %steal  %guest   %idle
04时13分46秒  all   67.52    0.00   14.52    0.00    0.25    6.50    0.00    0.00   11.21
平均时间:  all   67.52    0.00   14.52    0.00    0.25    6.50    0.00    0.00   11.21

Linux 2.6.32-431.el6.x86_64 (slave1) 	2019年07月24日 	_x86_64_	(8 CPU)

04时13分49秒  CPU    %usr   %nice    %sys %iowait    %irq   %soft  %steal  %guest   %idle
04时13分50秒  all   73.01    0.00   18.28    0.00    0.00    2.02    0.00    0.00    6.68
平均时间:  all   73.01    0.00   18.28    0.00    0.00    2.02    0.00    0.00    6.68

Linux 2.6.32-431.el6.x86_64 (slave1) 	2019年07月24日 	_x86_64_	(8 CPU)

04时13分53秒  CPU    %usr   %nice    %sys %iowait    %irq   %soft  %steal  %guest   %idle
04时13分54秒  all   87.70    0.00    9.28    0.00    0.00    0.00    0.00    0.00    3.01
平均时间:  all   87.70    0.00    9.28    0.00    0.00    0.00    0.00    0.00    3.01

Linux 2.6.32-431.el6.x86_64 (slave1) 	2019年07月24日 	_x86_64_	(8 CPU)

04时13分57秒  CPU    %usr   %nice    %sys %iowait    %irq   %soft  %steal  %guest   %idle
04时13分58秒  all   71.86    0.00    7.73    0.00    0.00    0.00    0.00    0.00   20.41
平均时间:  all   71.86    0.00    7.73    0.00    0.00    0.00    0.00    0.00   20.41

Linux 2.6.32-431.el6.x86_64 (slave1) 	2019年07月24日 	_x86_64_	(8 CPU)

04时14分01秒  CPU    %usr   %nice    %sys %iowait    %irq   %soft  %steal  %guest   %idle
04时14分02秒  all   52.30    0.00    8.29    0.00    0.00    0.13    0.00    0.00   39.29
平均时间:  all   52.30    0.00    8.29    0.00    0.00    0.13    0.00    0.00   39.29

Linux 2.6.32-431.el6.x86_64 (slave1) 	2019年07月24日 	_x86_64_	(8 CPU)

04时14分05秒  CPU    %usr   %nice    %sys %iowait    %irq   %soft  %steal  %guest   %idle
04时14分06秒  all   62.50    0.00   13.65    0.00    0.00    0.38    0.00    0.00   23.47
平均时间:  all   62.50    0.00   13.65    0.00    0.00    0.38    0.00    0.00   23.47

Linux 2.6.32-431.el6.x86_64 (slave1) 	2019年07月24日 	_x86_64_	(8 CPU)

04时14分09秒  CPU    %usr   %nice    %sys %iowait    %irq   %soft  %steal  %guest   %idle
04时14分10秒  all   67.47    0.00    8.64    0.00    0.00    0.00    0.00    0.00   23.89
平均时间:  all   67.47    0.00    8.64    0.00    0.00    0.00    0.00    0.00   23.89

Linux 2.6.32-431.el6.x86_64 (slave1) 	2019年07月24日 	_x86_64_	(8 CPU)

04时14分13秒  CPU    %usr   %nice    %sys %iowait    %irq   %soft  %steal  %guest   %idle
04时14分14秒  all   89.85    0.00    8.90    0.00    0.00    0.00    0.00    0.00    1.25
平均时间:  all   89.85    0.00    8.90    0.00    0.00    0.00    0.00    0.00    1.25

Linux 2.6.32-431.el6.x86_64 (slave1) 	2019年07月24日 	_x86_64_	(8 CPU)

04时14分17秒  CPU    %usr   %nice    %sys %iowait    %irq   %soft  %steal  %guest   %idle
04时14分18秒  all   71.52    0.00   13.16    0.00    0.00    1.01    0.00    0.00   14.30
平均时间:  all   71.52    0.00   13.16    0.00    0.00    1.01    0.00    0.00   14.30

Linux 2.6.32-431.el6.x86_64 (slave1) 	2019年07月24日 	_x86_64_	(8 CPU)

04时14分21秒  CPU    %usr   %nice    %sys %iowait    %irq   %soft  %steal  %guest   %idle
04时14分22秒  all   51.47    0.00   10.60    0.00    0.00    1.66    0.00    0.00   36.27
平均时间:  all   51.47    0.00   10.60    0.00    0.00    1.66    0.00    0.00   36.27

Linux 2.6.32-431.el6.x86_64 (slave1) 	2019年07月24日 	_x86_64_	(8 CPU)

04时14分25秒  CPU    %usr   %nice    %sys %iowait    %irq   %soft  %steal  %guest   %idle
04时14分26秒  all   74.87    0.00    8.50    0.00    0.00    0.00    0.00    0.00   16.62
平均时间:  all   74.87    0.00    8.50    0.00    0.00    0.00    0.00    0.00   16.62

Linux 2.6.32-431.el6.x86_64 (slave1) 	2019年07月24日 	_x86_64_	(8 CPU)

04时14分29秒  CPU    %usr   %nice    %sys %iowait    %irq   %soft  %steal  %guest   %idle
04时14分30秒  all   55.53    0.00    5.34    0.00    0.00    0.00    0.00    0.00   39.14
平均时间:  all   55.53    0.00    5.34    0.00    0.00    0.00    0.00    0.00   39.14

Linux 2.6.32-431.el6.x86_64 (slave1) 	2019年07月24日 	_x86_64_	(8 CPU)

04时14分33秒  CPU    %usr   %nice    %sys %iowait    %irq   %soft  %steal  %guest   %idle
04时14分34秒  all   95.00    0.00    4.50    0.00    0.00    0.12    0.00    0.00    0.38
平均时间:  all   95.00    0.00    4.50    0.00    0.00    0.12    0.00    0.00    0.38

Linux 2.6.32-431.el6.x86_64 (slave1) 	2019年07月24日 	_x86_64_	(8 CPU)

04时14分37秒  CPU    %usr   %nice    %sys %iowait    %irq   %soft  %steal  %guest   %idle
04时14分38秒  all   78.44    0.00   10.84    0.00    0.00    0.50    0.00    0.00   10.21
平均时间:  all   78.44    0.00   10.84    0.00    0.00    0.50    0.00    0.00   10.21

Linux 2.6.32-431.el6.x86_64 (slave1) 	2019年07月24日 	_x86_64_	(8 CPU)

04时14分41秒  CPU    %usr   %nice    %sys %iowait    %irq   %soft  %steal  %guest   %idle
04时14分42秒  all   77.26    0.00    5.65    0.00    0.00    0.25    0.00    0.00   16.83
平均时间:  all   77.26    0.00    5.65    0.00    0.00    0.25    0.00    0.00   16.83

Linux 2.6.32-431.el6.x86_64 (slave1) 	2019年07月24日 	_x86_64_	(8 CPU)

04时14分45秒  CPU    %usr   %nice    %sys %iowait    %irq   %soft  %steal  %guest   %idle
04时14分46秒  all   76.77    0.00    5.18    0.00    0.00    0.38    0.00    0.00   17.68
平均时间:  all   76.77    0.00    5.18    0.00    0.00    0.38    0.00    0.00   17.68

Linux 2.6.32-431.el6.x86_64 (slave1) 	2019年07月24日 	_x86_64_	(8 CPU)

04时14分49秒  CPU    %usr   %nice    %sys %iowait    %irq   %soft  %steal  %guest   %idle
04时14分50秒  all   66.07    0.00    4.45    0.00    0.00    0.38    0.00    0.00   29.10
平均时间:  all   66.07    0.00    4.45    0.00    0.00    0.38    0.00    0.00   29.10

Linux 2.6.32-431.el6.x86_64 (slave1) 	2019年07月24日 	_x86_64_	(8 CPU)

04时14分53秒  CPU    %usr   %nice    %sys %iowait    %irq   %soft  %steal  %guest   %idle
04时14分54秒  all   76.73    0.00   11.70    0.00    0.13    1.01    0.00    0.00   10.44
平均时间:  all   76.73    0.00   11.70    0.00    0.13    1.01    0.00    0.00   10.44

Linux 2.6.32-431.el6.x86_64 (slave1) 	2019年07月24日 	_x86_64_	(8 CPU)

04时14分57秒  CPU    %usr   %nice    %sys %iowait    %irq   %soft  %steal  %guest   %idle
04时14分58秒  all   58.46    0.00    7.82    0.00    0.26    1.03    0.00    0.00   32.44
平均时间:  all   58.46    0.00    7.82    0.00    0.26    1.03    0.00    0.00   32.44

Linux 2.6.32-431.el6.x86_64 (slave1) 	2019年07月24日 	_x86_64_	(8 CPU)

04时15分01秒  CPU    %usr   %nice    %sys %iowait    %irq   %soft  %steal  %guest   %idle
04时15分02秒  all   62.77    0.00    4.45    0.13    0.00    0.64    0.00    0.00   32.02
平均时间:  all   62.77    0.00    4.45    0.13    0.00    0.64    0.00    0.00   32.02

Linux 2.6.32-431.el6.x86_64 (slave1) 	2019年07月24日 	_x86_64_	(8 CPU)

04时15分05秒  CPU    %usr   %nice    %sys %iowait    %irq   %soft  %steal  %guest   %idle
04时15分06秒  all   28.12    0.00    0.88    0.00    0.00    0.76    0.00    0.00   70.24
平均时间:  all   28.12    0.00    0.88    0.00    0.00    0.76    0.00    0.00   70.24

Linux 2.6.32-431.el6.x86_64 (slave1) 	2019年07月24日 	_x86_64_	(8 CPU)

04时15分09秒  CPU    %usr   %nice    %sys %iowait    %irq   %soft  %steal  %guest   %idle
04时15分10秒  all   72.50    0.00   20.00    0.00    0.25    7.12    0.00    0.00    0.12
平均时间:  all   72.50    0.00   20.00    0.00    0.25    7.12    0.00    0.00    0.12

Linux 2.6.32-431.el6.x86_64 (slave1) 	2019年07月24日 	_x86_64_	(8 CPU)

04时15分13秒  CPU    %usr   %nice    %sys %iowait    %irq   %soft  %steal  %guest   %idle
04时15分14秒  all   65.33    0.00   19.15    0.00    0.38   14.39    0.00    0.00    0.75
平均时间:  all   65.33    0.00   19.15    0.00    0.38   14.39    0.00    0.00    0.75

Linux 2.6.32-431.el6.x86_64 (slave1) 	2019年07月24日 	_x86_64_	(8 CPU)

04时15分17秒  CPU    %usr   %nice    %sys %iowait    %irq   %soft  %steal  %guest   %idle
04时15分18秒  all   65.66    0.00   17.23    0.00    0.38   14.59    0.00    0.00    2.14
平均时间:  all   65.66    0.00   17.23    0.00    0.38   14.59    0.00    0.00    2.14

Linux 2.6.32-431.el6.x86_64 (slave1) 	2019年07月24日 	_x86_64_	(8 CPU)

04时15分21秒  CPU    %usr   %nice    %sys %iowait    %irq   %soft  %steal  %guest   %idle
04时15分22秒  all   59.47    0.00   21.47    0.00    0.25   14.87    0.00    0.00    3.94
平均时间:  all   59.47    0.00   21.47    0.00    0.25   14.87    0.00    0.00    3.94

Linux 2.6.32-431.el6.x86_64 (slave1) 	2019年07月24日 	_x86_64_	(8 CPU)

04时15分25秒  CPU    %usr   %nice    %sys %iowait    %irq   %soft  %steal  %guest   %idle
04时15分26秒  all   83.73    0.00   13.27    0.00    0.13    2.50    0.00    0.00    0.38
平均时间:  all   83.73    0.00   13.27    0.00    0.13    2.50    0.00    0.00    0.38

Linux 2.6.32-431.el6.x86_64 (slave1) 	2019年07月24日 	_x86_64_	(8 CPU)

04时15分29秒  CPU    %usr   %nice    %sys %iowait    %irq   %soft  %steal  %guest   %idle
04时15分30秒  all   89.60    0.00    9.02    0.00    0.00    0.00    0.00    0.00    1.38
平均时间:  all   89.60    0.00    9.02    0.00    0.00    0.00    0.00    0.00    1.38

Linux 2.6.32-431.el6.x86_64 (slave1) 	2019年07月24日 	_x86_64_	(8 CPU)

04时15分33秒  CPU    %usr   %nice    %sys %iowait    %irq   %soft  %steal  %guest   %idle
04时15分34秒  all   87.11    0.00   11.76    0.00    0.00    0.88    0.00    0.00    0.25
平均时间:  all   87.11    0.00   11.76    0.00    0.00    0.88    0.00    0.00    0.25

Linux 2.6.32-431.el6.x86_64 (slave1) 	2019年07月24日 	_x86_64_	(8 CPU)

04时15分38秒  CPU    %usr   %nice    %sys %iowait    %irq   %soft  %steal  %guest   %idle
04时15分39秒  all   77.14    0.00    8.05    0.00    0.13    0.77    0.00    0.00   13.92
平均时间:  all   77.14    0.00    8.05    0.00    0.13    0.77    0.00    0.00   13.92

Linux 2.6.32-431.el6.x86_64 (slave1) 	2019年07月24日 	_x86_64_	(8 CPU)

04时15分42秒  CPU    %usr   %nice    %sys %iowait    %irq   %soft  %steal  %guest   %idle
04时15分43秒  all   69.38    0.00    5.84    0.00    0.13    0.76    0.00    0.00   23.89
平均时间:  all   69.38    0.00    5.84    0.00    0.13    0.76    0.00    0.00   23.89

Linux 2.6.32-431.el6.x86_64 (slave1) 	2019年07月24日 	_x86_64_	(8 CPU)

04时15分46秒  CPU    %usr   %nice    %sys %iowait    %irq   %soft  %steal  %guest   %idle
04时15分47秒  all   53.83    0.00    5.10    0.00    0.26    1.02    0.00    0.00   39.80
平均时间:  all   53.83    0.00    5.10    0.00    0.26    1.02    0.00    0.00   39.80

Linux 2.6.32-431.el6.x86_64 (slave1) 	2019年07月24日 	_x86_64_	(8 CPU)

04时15分50秒  CPU    %usr   %nice    %sys %iowait    %irq   %soft  %steal  %guest   %idle
04时15分51秒  all   67.81    0.00    5.32    0.00    0.13    1.14    0.00    0.00   25.60
平均时间:  all   67.81    0.00    5.32    0.00    0.13    1.14    0.00    0.00   25.60

Linux 2.6.32-431.el6.x86_64 (slave1) 	2019年07月24日 	_x86_64_	(8 CPU)

04时15分54秒  CPU    %usr   %nice    %sys %iowait    %irq   %soft  %steal  %guest   %idle
04时15分55秒  all   80.03    0.00    7.08    0.00    0.13    0.63    0.00    0.00   12.14
平均时间:  all   80.03    0.00    7.08    0.00    0.13    0.63    0.00    0.00   12.14

Linux 2.6.32-431.el6.x86_64 (slave1) 	2019年07月24日 	_x86_64_	(8 CPU)

04时15分58秒  CPU    %usr   %nice    %sys %iowait    %irq   %soft  %steal  %guest   %idle
04时15分59秒  all   36.31    0.00    3.95    0.00    0.00    1.27    0.00    0.00   58.47
平均时间:  all   36.31    0.00    3.95    0.00    0.00    1.27    0.00    0.00   58.47

Linux 2.6.32-431.el6.x86_64 (slave1) 	2019年07月24日 	_x86_64_	(8 CPU)

04时16分02秒  CPU    %usr   %nice    %sys %iowait    %irq   %soft  %steal  %guest   %idle
04时16分03秒  all   66.75    0.00    7.93    0.00    0.13    1.02    0.00    0.00   24.17
平均时间:  all   66.75    0.00    7.93    0.00    0.13    1.02    0.00    0.00   24.17

Linux 2.6.32-431.el6.x86_64 (slave1) 	2019年07月24日 	_x86_64_	(8 CPU)

04时16分06秒  CPU    %usr   %nice    %sys %iowait    %irq   %soft  %steal  %guest   %idle
04时16分07秒  all   67.14    0.00    8.09    0.00    0.13    1.54    0.00    0.00   23.11
平均时间:  all   67.14    0.00    8.09    0.00    0.13    1.54    0.00    0.00   23.11

Linux 2.6.32-431.el6.x86_64 (slave1) 	2019年07月24日 	_x86_64_	(8 CPU)

04时16分10秒  CPU    %usr   %nice    %sys %iowait    %irq   %soft  %steal  %guest   %idle
04时16分11秒  all   48.21    0.00   12.79    0.00    0.00    0.26    0.00    0.00   38.75
平均时间:  all   48.21    0.00   12.79    0.00    0.00    0.26    0.00    0.00   38.75

Linux 2.6.32-431.el6.x86_64 (slave1) 	2019年07月24日 	_x86_64_	(8 CPU)

04时16分14秒  CPU    %usr   %nice    %sys %iowait    %irq   %soft  %steal  %guest   %idle
04时16分15秒  all   45.60    0.00    8.44    0.00    0.00    0.00    0.00    0.00   45.96
平均时间:  all   45.60    0.00    8.44    0.00    0.00    0.00    0.00    0.00   45.96

Linux 2.6.32-431.el6.x86_64 (slave1) 	2019年07月24日 	_x86_64_	(8 CPU)

04时16分18秒  CPU    %usr   %nice    %sys %iowait    %irq   %soft  %steal  %guest   %idle
04时16分19秒  all   86.34    0.00   12.28    0.00    0.13    0.63    0.00    0.00    0.63
平均时间:  all   86.34    0.00   12.28    0.00    0.13    0.63    0.00    0.00    0.63

Linux 2.6.32-431.el6.x86_64 (slave1) 	2019年07月24日 	_x86_64_	(8 CPU)

04时16分22秒  CPU    %usr   %nice    %sys %iowait    %irq   %soft  %steal  %guest   %idle
04时16分23秒  all   87.73    0.00   10.76    0.00    0.00    0.25    0.00    0.00    1.25
平均时间:  all   87.73    0.00   10.76    0.00    0.00    0.25    0.00    0.00    1.25

Linux 2.6.32-431.el6.x86_64 (slave1) 	2019年07月24日 	_x86_64_	(8 CPU)

04时16分26秒  CPU    %usr   %nice    %sys %iowait    %irq   %soft  %steal  %guest   %idle
04时16分27秒  all   88.53    0.00   10.85    0.00    0.00    0.00    0.00    0.00    0.62
平均时间:  all   88.53    0.00   10.85    0.00    0.00    0.00    0.00    0.00    0.62

Linux 2.6.32-431.el6.x86_64 (slave1) 	2019年07月24日 	_x86_64_	(8 CPU)

04时16分30秒  CPU    %usr   %nice    %sys %iowait    %irq   %soft  %steal  %guest   %idle
04时16分31秒  all   85.26    0.00   10.20    0.00    0.00    0.00    0.00    0.00    4.53
平均时间:  all   85.26    0.00   10.20    0.00    0.00    0.00    0.00    0.00    4.53

Linux 2.6.32-431.el6.x86_64 (slave1) 	2019年07月24日 	_x86_64_	(8 CPU)

04时16分34秒  CPU    %usr   %nice    %sys %iowait    %irq   %soft  %steal  %guest   %idle
04时16分35秒  all   51.41    0.00   10.15    0.00    0.00    0.00    0.00    0.00   38.43
平均时间:  all   51.41    0.00   10.15    0.00    0.00    0.00    0.00    0.00   38.43

Linux 2.6.32-431.el6.x86_64 (slave1) 	2019年07月24日 	_x86_64_	(8 CPU)

04时16分38秒  CPU    %usr   %nice    %sys %iowait    %irq   %soft  %steal  %guest   %idle
04时16分39秒  all   88.10    0.00    9.90    0.00    0.00    0.00    0.00    0.00    2.01
平均时间:  all   88.10    0.00    9.90    0.00    0.00    0.00    0.00    0.00    2.01

Linux 2.6.32-431.el6.x86_64 (slave1) 	2019年07月24日 	_x86_64_	(8 CPU)

04时16分42秒  CPU    %usr   %nice    %sys %iowait    %irq   %soft  %steal  %guest   %idle
04时16分43秒  all   20.36    0.00    8.78    0.00    0.00    1.91    0.00    0.00   68.96
平均时间:  all   20.36    0.00    8.78    0.00    0.00    1.91    0.00    0.00   68.96

Linux 2.6.32-431.el6.x86_64 (slave1) 	2019年07月24日 	_x86_64_	(8 CPU)

04时16分46秒  CPU    %usr   %nice    %sys %iowait    %irq   %soft  %steal  %guest   %idle
04时16分47秒  all   79.07    0.00   10.59    0.00    0.13    1.77    0.00    0.00    8.45
平均时间:  all   79.07    0.00   10.59    0.00    0.13    1.77    0.00    0.00    8.45

Linux 2.6.32-431.el6.x86_64 (slave1) 	2019年07月24日 	_x86_64_	(8 CPU)

04时16分50秒  CPU    %usr   %nice    %sys %iowait    %irq   %soft  %steal  %guest   %idle
04时16分51秒  all   18.68    0.00    3.81    0.00    0.00    0.13    0.00    0.00   77.38
平均时间:  all   18.68    0.00    3.81    0.00    0.00    0.13    0.00    0.00   77.38

Linux 2.6.32-431.el6.x86_64 (slave1) 	2019年07月24日 	_x86_64_	(8 CPU)

04时16分54秒  CPU    %usr   %nice    %sys %iowait    %irq   %soft  %steal  %guest   %idle
04时16分55秒  all   59.82    0.00   14.70    0.00    0.00    0.51    0.00    0.00   24.97
平均时间:  all   59.82    0.00   14.70    0.00    0.00    0.51    0.00    0.00   24.97

Linux 2.6.32-431.el6.x86_64 (slave1) 	2019年07月24日 	_x86_64_	(8 CPU)

04时16分58秒  CPU    %usr   %nice    %sys %iowait    %irq   %soft  %steal  %guest   %idle
04时16分59秒  all   83.86    0.00    9.58    0.00    0.00    0.00    0.00    0.00    6.56
平均时间:  all   83.86    0.00    9.58    0.00    0.00    0.00    0.00    0.00    6.56

Linux 2.6.32-431.el6.x86_64 (slave1) 	2019年07月24日 	_x86_64_	(8 CPU)

04时17分03秒  CPU    %usr   %nice    %sys %iowait    %irq   %soft  %steal  %guest   %idle
04时17分04秒  all   83.21    0.00   13.53    0.00    0.13    0.38    0.00    0.00    2.76
平均时间:  all   83.21    0.00   13.53    0.00    0.13    0.38    0.00    0.00    2.76

Linux 2.6.32-431.el6.x86_64 (slave1) 	2019年07月24日 	_x86_64_	(8 CPU)

04时17分07秒  CPU    %usr   %nice    %sys %iowait    %irq   %soft  %steal  %guest   %idle
04时17分08秒  all   85.57    0.00   11.42    0.00    0.00    0.00    0.00    0.00    3.01
平均时间:  all   85.57    0.00   11.42    0.00    0.00    0.00    0.00    0.00    3.01

Linux 2.6.32-431.el6.x86_64 (slave1) 	2019年07月24日 	_x86_64_	(8 CPU)

04时17分11秒  CPU    %usr   %nice    %sys %iowait    %irq   %soft  %steal  %guest   %idle
04时17分12秒  all   88.79    0.00    7.30    0.00    0.00    0.25    0.00    0.00    3.65
平均时间:  all   88.79    0.00    7.30    0.00    0.00    0.25    0.00    0.00    3.65

Linux 2.6.32-431.el6.x86_64 (slave1) 	2019年07月24日 	_x86_64_	(8 CPU)

04时17分15秒  CPU    %usr   %nice    %sys %iowait    %irq   %soft  %steal  %guest   %idle
04时17分16秒  all   82.04    0.00   10.80    0.00    0.00    0.50    0.00    0.00    6.66
平均时间:  all   82.04    0.00   10.80    0.00    0.00    0.50    0.00    0.00    6.66

Linux 2.6.32-431.el6.x86_64 (slave1) 	2019年07月24日 	_x86_64_	(8 CPU)

04时17分19秒  CPU    %usr   %nice    %sys %iowait    %irq   %soft  %steal  %guest   %idle
04时17分20秒  all   94.38    0.00    5.38    0.00    0.00    0.25    0.00    0.00    0.00
平均时间:  all   94.38    0.00    5.38    0.00    0.00    0.25    0.00    0.00    0.00

Linux 2.6.32-431.el6.x86_64 (slave1) 	2019年07月24日 	_x86_64_	(8 CPU)

04时17分23秒  CPU    %usr   %nice    %sys %iowait    %irq   %soft  %steal  %guest   %idle
04时17分24秒  all   91.39    0.00    6.37    0.00    0.12    2.12    0.00    0.00    0.00
平均时间:  all   91.39    0.00    6.37    0.00    0.12    2.12    0.00    0.00    0.00

Linux 2.6.32-431.el6.x86_64 (slave1) 	2019年07月24日 	_x86_64_	(8 CPU)

04时17分27秒  CPU    %usr   %nice    %sys %iowait    %irq   %soft  %steal  %guest   %idle
04时17分28秒  all   88.62    0.00    8.09    0.00    0.13    1.26    0.00    0.00    1.90
平均时间:  all   88.62    0.00    8.09    0.00    0.13    1.26    0.00    0.00    1.90

Linux 2.6.32-431.el6.x86_64 (slave1) 	2019年07月24日 	_x86_64_	(8 CPU)

04时17分31秒  CPU    %usr   %nice    %sys %iowait    %irq   %soft  %steal  %guest   %idle
04时17分32秒  all   85.53    0.00    5.03    0.00    0.13    0.63    0.00    0.00    8.68
平均时间:  all   85.53    0.00    5.03    0.00    0.13    0.63    0.00    0.00    8.68

Linux 2.6.32-431.el6.x86_64 (slave1) 	2019年07月24日 	_x86_64_	(8 CPU)

04时17分35秒  CPU    %usr   %nice    %sys %iowait    %irq   %soft  %steal  %guest   %idle
04时17分36秒  all   55.98    0.00    5.34    0.00    0.13    0.76    0.00    0.00   37.79
平均时间:  all   55.98    0.00    5.34    0.00    0.13    0.76    0.00    0.00   37.79

Linux 2.6.32-431.el6.x86_64 (slave1) 	2019年07月24日 	_x86_64_	(8 CPU)

04时17分39秒  CPU    %usr   %nice    %sys %iowait    %irq   %soft  %steal  %guest   %idle
04时17分40秒  all   50.51    0.00    4.94    0.00    0.00    0.76    0.00    0.00   43.80
平均时间:  all   50.51    0.00    4.94    0.00    0.00    0.76    0.00    0.00   43.80

Linux 2.6.32-431.el6.x86_64 (slave1) 	2019年07月24日 	_x86_64_	(8 CPU)

04时17分43秒  CPU    %usr   %nice    %sys %iowait    %irq   %soft  %steal  %guest   %idle
04时17分44秒  all   93.75    0.00    3.62    0.00    0.00    0.38    0.00    0.00    2.25
平均时间:  all   93.75    0.00    3.62    0.00    0.00    0.38    0.00    0.00    2.25

Linux 2.6.32-431.el6.x86_64 (slave1) 	2019年07月24日 	_x86_64_	(8 CPU)

04时17分47秒  CPU    %usr   %nice    %sys %iowait    %irq   %soft  %steal  %guest   %idle
04时17分48秒  all    2.02    0.00    0.63    0.00    0.00    0.00    0.00    0.00   97.36
平均时间:  all    2.02    0.00    0.63    0.00    0.00    0.00    0.00    0.00   97.36

Linux 2.6.32-431.el6.x86_64 (slave1) 	2019年07月24日 	_x86_64_	(8 CPU)

04时17分51秒  CPU    %usr   %nice    %sys %iowait    %irq   %soft  %steal  %guest   %idle
04时17分52秒  all    0.50    0.00    0.13    0.00    0.00    0.00    0.00    0.00   99.37
平均时间:  all    0.50    0.00    0.13    0.00    0.00    0.00    0.00    0.00   99.37

Linux 2.6.32-431.el6.x86_64 (slave1) 	2019年07月24日 	_x86_64_	(8 CPU)

04时17分55秒  CPU    %usr   %nice    %sys %iowait    %irq   %soft  %steal  %guest   %idle
04时17分56秒  all    0.38    0.00    0.13    0.00    0.00    0.00    0.00    0.00   99.50
平均时间:  all    0.38    0.00    0.13    0.00    0.00    0.00    0.00    0.00   99.50

Linux 2.6.32-431.el6.x86_64 (slave1) 	2019年07月24日 	_x86_64_	(8 CPU)

04时17分59秒  CPU    %usr   %nice    %sys %iowait    %irq   %soft  %steal  %guest   %idle
04时18分00秒  all   63.16    0.00   10.14    0.00    0.13    2.95    0.00    0.00   23.62
平均时间:  all   63.16    0.00   10.14    0.00    0.13    2.95    0.00    0.00   23.62

Linux 2.6.32-431.el6.x86_64 (slave1) 	2019年07月24日 	_x86_64_	(8 CPU)

04时18分03秒  CPU    %usr   %nice    %sys %iowait    %irq   %soft  %steal  %guest   %idle
04时18分04秒  all    9.66    0.00   11.62    0.00    0.00    1.17    0.00    0.00   77.55
平均时间:  all    9.66    0.00   11.62    0.00    0.00    1.17    0.00    0.00   77.55

Linux 2.6.32-431.el6.x86_64 (slave1) 	2019年07月24日 	_x86_64_	(8 CPU)

04时18分07秒  CPU    %usr   %nice    %sys %iowait    %irq   %soft  %steal  %guest   %idle
04时18分08秒  all    0.00    0.00    0.13    0.00    0.00    0.00    0.00    0.00   99.87
平均时间:  all    0.00    0.00    0.13    0.00    0.00    0.00    0.00    0.00   99.87

Linux 2.6.32-431.el6.x86_64 (slave1) 	2019年07月24日 	_x86_64_	(8 CPU)

04时18分11秒  CPU    %usr   %nice    %sys %iowait    %irq   %soft  %steal  %guest   %idle
04时18分12秒  all    4.15    0.00    1.38    0.00    0.00    0.00    0.00    0.00   94.47
平均时间:  all    4.15    0.00    1.38    0.00    0.00    0.00    0.00    0.00   94.47

Linux 2.6.32-431.el6.x86_64 (slave1) 	2019年07月24日 	_x86_64_	(8 CPU)

04时18分15秒  CPU    %usr   %nice    %sys %iowait    %irq   %soft  %steal  %guest   %idle
04时18分16秒  all    0.50    0.00    0.13    0.00    0.00    0.00    0.00    0.00   99.37
平均时间:  all    0.50    0.00    0.13    0.00    0.00    0.00    0.00    0.00   99.37

Linux 2.6.32-431.el6.x86_64 (slave1) 	2019年07月24日 	_x86_64_	(8 CPU)

04时18分19秒  CPU    %usr   %nice    %sys %iowait    %irq   %soft  %steal  %guest   %idle
04时18分20秒  all    0.13    0.00    0.00    0.00    0.00    0.00    0.00    0.00   99.87
平均时间:  all    0.13    0.00    0.00    0.00    0.00    0.00    0.00    0.00   99.87

Linux 2.6.32-431.el6.x86_64 (slave1) 	2019年07月24日 	_x86_64_	(8 CPU)

04时18分23秒  CPU    %usr   %nice    %sys %iowait    %irq   %soft  %steal  %guest   %idle
04时18分24秒  all    0.38    0.00    0.13    0.00    0.00    0.00    0.00    0.00   99.50
平均时间:  all    0.38    0.00    0.13    0.00    0.00    0.00    0.00    0.00   99.50

Linux 2.6.32-431.el6.x86_64 (slave1) 	2019年07月24日 	_x86_64_	(8 CPU)

04时18分27秒  CPU    %usr   %nice    %sys %iowait    %irq   %soft  %steal  %guest   %idle
04时18分28秒  all    0.38    0.00    0.25    0.00    0.00    0.00    0.00    0.00   99.37
平均时间:  all    0.38    0.00    0.25    0.00    0.00    0.00    0.00    0.00   99.37

Linux 2.6.32-431.el6.x86_64 (slave1) 	2019年07月24日 	_x86_64_	(8 CPU)

04时18分31秒  CPU    %usr   %nice    %sys %iowait    %irq   %soft  %steal  %guest   %idle
04时18分32秒  all    0.63    0.00    0.13    0.00    0.00    0.00    0.00    0.00   99.25
平均时间:  all    0.63    0.00    0.13    0.00    0.00    0.00    0.00    0.00   99.25

Linux 2.6.32-431.el6.x86_64 (slave1) 	2019年07月24日 	_x86_64_	(8 CPU)

04时18分35秒  CPU    %usr   %nice    %sys %iowait    %irq   %soft  %steal  %guest   %idle
04时18分36秒  all    0.25    0.00    0.00    0.00    0.00    0.00    0.00    0.00   99.75
平均时间:  all    0.25    0.00    0.00    0.00    0.00    0.00    0.00    0.00   99.75

Linux 2.6.32-431.el6.x86_64 (slave1) 	2019年07月24日 	_x86_64_	(8 CPU)

04时18分39秒  CPU    %usr   %nice    %sys %iowait    %irq   %soft  %steal  %guest   %idle
04时18分40秒  all    0.50    0.00    0.38    0.00    0.00    0.00    0.00    0.00   99.12
平均时间:  all    0.50    0.00    0.38    0.00    0.00    0.00    0.00    0.00   99.12

Linux 2.6.32-431.el6.x86_64 (slave1) 	2019年07月24日 	_x86_64_	(8 CPU)

04时18分44秒  CPU    %usr   %nice    %sys %iowait    %irq   %soft  %steal  %guest   %idle
04时18分45秒  all    0.13    0.00    0.13    0.00    0.00    0.00    0.00    0.00   99.75
平均时间:  all    0.13    0.00    0.13    0.00    0.00    0.00    0.00    0.00   99.75

Linux 2.6.32-431.el6.x86_64 (slave1) 	2019年07月24日 	_x86_64_	(8 CPU)

04时18分48秒  CPU    %usr   %nice    %sys %iowait    %irq   %soft  %steal  %guest   %idle
04时18分49秒  all    0.50    0.00    0.25    0.00    0.00    0.00    0.00    0.00   99.25
平均时间:  all    0.50    0.00    0.25    0.00    0.00    0.00    0.00    0.00   99.25

Linux 2.6.32-431.el6.x86_64 (slave1) 	2019年07月24日 	_x86_64_	(8 CPU)

04时18分52秒  CPU    %usr   %nice    %sys %iowait    %irq   %soft  %steal  %guest   %idle
04时18分53秒  all    0.50    0.00    0.13    0.00    0.00    0.00    0.00    0.00   99.37
平均时间:  all    0.50    0.00    0.13    0.00    0.00    0.00    0.00    0.00   99.37

Linux 2.6.32-431.el6.x86_64 (slave1) 	2019年07月24日 	_x86_64_	(8 CPU)

04时18分56秒  CPU    %usr   %nice    %sys %iowait    %irq   %soft  %steal  %guest   %idle
04时18分57秒  all    0.13    0.00    0.00    0.00    0.00    0.00    0.00    0.00   99.87
平均时间:  all    0.13    0.00    0.00    0.00    0.00    0.00    0.00    0.00   99.87

Linux 2.6.32-431.el6.x86_64 (slave1) 	2019年07月24日 	_x86_64_	(8 CPU)

04时19分00秒  CPU    %usr   %nice    %sys %iowait    %irq   %soft  %steal  %guest   %idle
04时19分01秒  all    0.63    0.00    0.75    0.00    0.00    0.00    0.00    0.00   98.62
平均时间:  all    0.63    0.00    0.75    0.00    0.00    0.00    0.00    0.00   98.62

Linux 2.6.32-431.el6.x86_64 (slave1) 	2019年07月24日 	_x86_64_	(8 CPU)

04时19分04秒  CPU    %usr   %nice    %sys %iowait    %irq   %soft  %steal  %guest   %idle
04时19分05秒  all    2.76    0.00    0.88    0.00    0.00    0.00    0.00    0.00   96.36
平均时间:  all    2.76    0.00    0.88    0.00    0.00    0.00    0.00    0.00   96.36

Linux 2.6.32-431.el6.x86_64 (slave1) 	2019年07月24日 	_x86_64_	(8 CPU)

04时19分08秒  CPU    %usr   %nice    %sys %iowait    %irq   %soft  %steal  %guest   %idle
04时19分09秒  all    0.13    0.00    0.13    0.00    0.00    0.00    0.00    0.00   99.75
平均时间:  all    0.13    0.00    0.13    0.00    0.00    0.00    0.00    0.00   99.75

Linux 2.6.32-431.el6.x86_64 (slave1) 	2019年07月24日 	_x86_64_	(8 CPU)

04时19分12秒  CPU    %usr   %nice    %sys %iowait    %irq   %soft  %steal  %guest   %idle
04时19分13秒  all    0.25    0.00    0.13    0.00    0.00    0.00    0.00    0.00   99.62
平均时间:  all    0.25    0.00    0.13    0.00    0.00    0.00    0.00    0.00   99.62

Linux 2.6.32-431.el6.x86_64 (slave1) 	2019年07月24日 	_x86_64_	(8 CPU)

04时19分16秒  CPU    %usr   %nice    %sys %iowait    %irq   %soft  %steal  %guest   %idle
04时19分17秒  all    1.00    0.00    0.13    0.00    0.00    0.00    0.00    0.00   98.87
平均时间:  all    1.00    0.00    0.13    0.00    0.00    0.00    0.00    0.00   98.87

Linux 2.6.32-431.el6.x86_64 (slave1) 	2019年07月24日 	_x86_64_	(8 CPU)

04时19分20秒  CPU    %usr   %nice    %sys %iowait    %irq   %soft  %steal  %guest   %idle
04时19分21秒  all    0.00    0.00    0.13    0.00    0.00    0.00    0.00    0.00   99.87
平均时间:  all    0.00    0.00    0.13    0.00    0.00    0.00    0.00    0.00   99.87

Linux 2.6.32-431.el6.x86_64 (slave1) 	2019年07月24日 	_x86_64_	(8 CPU)

04时19分24秒  CPU    %usr   %nice    %sys %iowait    %irq   %soft  %steal  %guest   %idle
04时19分25秒  all   11.19    0.00    0.50    0.00    0.00    0.00    0.00    0.00   88.30
平均时间:  all   11.19    0.00    0.50    0.00    0.00    0.00    0.00    0.00   88.30

Linux 2.6.32-431.el6.x86_64 (slave1) 	2019年07月24日 	_x86_64_	(8 CPU)

04时19分28秒  CPU    %usr   %nice    %sys %iowait    %irq   %soft  %steal  %guest   %idle
04时19分29秒  all    0.76    0.00    1.01    0.00    0.00    0.00    0.00    0.00   98.23
平均时间:  all    0.76    0.00    1.01    0.00    0.00    0.00    0.00    0.00   98.23

Linux 2.6.32-431.el6.x86_64 (slave1) 	2019年07月24日 	_x86_64_	(8 CPU)

04时19分32秒  CPU    %usr   %nice    %sys %iowait    %irq   %soft  %steal  %guest   %idle
04时19分33秒  all    0.51    0.00    0.76    0.00    0.00    0.13    0.00    0.00   98.61
平均时间:  all    0.51    0.00    0.76    0.00    0.00    0.13    0.00    0.00   98.61

Linux 2.6.32-431.el6.x86_64 (slave1) 	2019年07月24日 	_x86_64_	(8 CPU)

04时19分36秒  CPU    %usr   %nice    %sys %iowait    %irq   %soft  %steal  %guest   %idle
04时19分37秒  all    0.13    0.00    0.00    0.00    0.00    0.00    0.00    0.00   99.87
平均时间:  all    0.13    0.00    0.00    0.00    0.00    0.00    0.00    0.00   99.87

Linux 2.6.32-431.el6.x86_64 (slave1) 	2019年07月24日 	_x86_64_	(8 CPU)

04时19分40秒  CPU    %usr   %nice    %sys %iowait    %irq   %soft  %steal  %guest   %idle
04时19分41秒  all    0.00    0.00    0.00    0.00    0.00    0.00    0.00    0.00  100.00
平均时间:  all    0.00    0.00    0.00    0.00    0.00    0.00    0.00    0.00  100.00

Linux 2.6.32-431.el6.x86_64 (slave1) 	2019年07月24日 	_x86_64_	(8 CPU)
