
Linux 2.6.32-431.el6.x86_64 (slave2) 	2019年07月24日 	_x86_64_	(8 CPU)

04时13分05秒  CPU    %usr   %nice    %sys %iowait    %irq   %soft  %steal  %guest   %idle
04时13分06秒  all    1.26    0.00    0.63    0.00    0.00    0.00    0.00    0.00   98.12
平均时间:  all    1.26    0.00    0.63    0.00    0.00    0.00    0.00    0.00   98.12

Linux 2.6.32-431.el6.x86_64 (slave2) 	2019年07月24日 	_x86_64_	(8 CPU)

04时13分09秒  CPU    %usr   %nice    %sys %iowait    %irq   %soft  %steal  %guest   %idle
04时13分10秒  all    0.00    0.00    0.00    0.00    0.00    0.00    0.00    0.00  100.00
平均时间:  all    0.00    0.00    0.00    0.00    0.00    0.00    0.00    0.00  100.00

Linux 2.6.32-431.el6.x86_64 (slave2) 	2019年07月24日 	_x86_64_	(8 CPU)

04时13分13秒  CPU    %usr   %nice    %sys %iowait    %irq   %soft  %steal  %guest   %idle
04时13分14秒  all    0.00    0.00    0.00    0.00    0.00    0.00    0.00    0.00  100.00
平均时间:  all    0.00    0.00    0.00    0.00    0.00    0.00    0.00    0.00  100.00

Linux 2.6.32-431.el6.x86_64 (slave2) 	2019年07月24日 	_x86_64_	(8 CPU)

04时13分17秒  CPU    %usr   %nice    %sys %iowait    %irq   %soft  %steal  %guest   %idle
04时13分18秒  all    0.38    0.00    0.13    0.00    0.00    0.00    0.00    0.00   99.50
平均时间:  all    0.38    0.00    0.13    0.00    0.00    0.00    0.00    0.00   99.50

Linux 2.6.32-431.el6.x86_64 (slave2) 	2019年07月24日 	_x86_64_	(8 CPU)

04时13分21秒  CPU    %usr   %nice    %sys %iowait    %irq   %soft  %steal  %guest   %idle
04时13分22秒  all    0.13    0.00    0.88    0.00    0.00    0.13    0.00    0.00   98.87
平均时间:  all    0.13    0.00    0.88    0.00    0.00    0.13    0.00    0.00   98.87

Linux 2.6.32-431.el6.x86_64 (slave2) 	2019年07月24日 	_x86_64_	(8 CPU)

04时13分25秒  CPU    %usr   %nice    %sys %iowait    %irq   %soft  %steal  %guest   %idle
04时13分26秒  all    0.92    0.00    9.06    0.00    0.52    8.66    0.00    0.00   80.84
平均时间:  all    0.92    0.00    9.06    0.00    0.52    8.66    0.00    0.00   80.84

Linux 2.6.32-431.el6.x86_64 (slave2) 	2019年07月24日 	_x86_64_	(8 CPU)

04时13分29秒  CPU    %usr   %nice    %sys %iowait    %irq   %soft  %steal  %guest   %idle
04时13分30秒  all   24.12    0.00   11.80    0.00    0.65   13.36    0.00    0.00   50.06
平均时间:  all   24.12    0.00   11.80    0.00    0.65   13.36    0.00    0.00   50.06

Linux 2.6.32-431.el6.x86_64 (slave2) 	2019年07月24日 	_x86_64_	(8 CPU)

04时13分33秒  CPU    %usr   %nice    %sys %iowait    %irq   %soft  %steal  %guest   %idle
04时13分34秒  all   63.61    0.00   21.08    0.00    0.50   13.93    0.00    0.00    0.88
平均时间:  all   63.61    0.00   21.08    0.00    0.50   13.93    0.00    0.00    0.88

Linux 2.6.32-431.el6.x86_64 (slave2) 	2019年07月24日 	_x86_64_	(8 CPU)

04时13分37秒  CPU    %usr   %nice    %sys %iowait    %irq   %soft  %steal  %guest   %idle
04时13分38秒  all   72.75    0.00   17.88    0.00    0.38    9.00    0.00    0.00    0.00
平均时间:  all   72.75    0.00   17.88    0.00    0.38    9.00    0.00    0.00    0.00

Linux 2.6.32-431.el6.x86_64 (slave2) 	2019年07月24日 	_x86_64_	(8 CPU)

04时13分41秒  CPU    %usr   %nice    %sys %iowait    %irq   %soft  %steal  %guest   %idle
04时13分42秒  all   71.34    0.00   15.39    0.00    0.25   13.02    0.00    0.00    0.00
平均时间:  all   71.34    0.00   15.39    0.00    0.25   13.02    0.00    0.00    0.00

Linux 2.6.32-431.el6.x86_64 (slave2) 	2019年07月24日 	_x86_64_	(8 CPU)

04时13分46秒  CPU    %usr   %nice    %sys %iowait    %irq   %soft  %steal  %guest   %idle
04时13分47秒  all   64.70    0.00   22.49    0.00    0.25   12.44    0.00    0.00    0.13
平均时间:  all   64.70    0.00   22.49    0.00    0.25   12.44    0.00    0.00    0.13

Linux 2.6.32-431.el6.x86_64 (slave2) 	2019年07月24日 	_x86_64_	(8 CPU)

04时13分50秒  CPU    %usr   %nice    %sys %iowait    %irq   %soft  %steal  %guest   %idle
04时13分51秒  all   87.75    0.00    9.38    0.00    0.00    2.88    0.00    0.00    0.00
平均时间:  all   87.75    0.00    9.38    0.00    0.00    2.88    0.00    0.00    0.00

Linux 2.6.32-431.el6.x86_64 (slave2) 	2019年07月24日 	_x86_64_	(8 CPU)

04时13分54秒  CPU    %usr   %nice    %sys %iowait    %irq   %soft  %steal  %guest   %idle
04时13分55秒  all   88.05    0.00    9.43    0.00    0.00    0.00    0.00    0.00    2.52
平均时间:  all   88.05    0.00    9.43    0.00    0.00    0.00    0.00    0.00    2.52

Linux 2.6.32-431.el6.x86_64 (slave2) 	2019年07月24日 	_x86_64_	(8 CPU)

04时13分58秒  CPU    %usr   %nice    %sys %iowait    %irq   %soft  %steal  %guest   %idle
04时13分59秒  all   57.91    0.00    6.89    0.00    0.13    0.00    0.00    0.00   35.08
平均时间:  all   57.91    0.00    6.89    0.00    0.13    0.00    0.00    0.00   35.08

Linux 2.6.32-431.el6.x86_64 (slave2) 	2019年07月24日 	_x86_64_	(8 CPU)

04时14分02秒  CPU    %usr   %nice    %sys %iowait    %irq   %soft  %steal  %guest   %idle
04时14分03秒  all   53.79    0.00   11.17    0.00    0.00    0.13    0.00    0.00   34.92
平均时间:  all   53.79    0.00   11.17    0.00    0.00    0.13    0.00    0.00   34.92

Linux 2.6.32-431.el6.x86_64 (slave2) 	2019年07月24日 	_x86_64_	(8 CPU)

04时14分06秒  CPU    %usr   %nice    %sys %iowait    %irq   %soft  %steal  %guest   %idle
04时14分07秒  all   25.10    0.00    4.33    0.00    0.00    0.00    0.00    0.00   70.57
平均时间:  all   25.10    0.00    4.33    0.00    0.00    0.00    0.00    0.00   70.57

Linux 2.6.32-431.el6.x86_64 (slave2) 	2019年07月24日 	_x86_64_	(8 CPU)

04时14分10秒  CPU    %usr   %nice    %sys %iowait    %irq   %soft  %steal  %guest   %idle
04时14分11秒  all   62.26    0.00    7.62    0.00    0.00    0.00    0.00    0.00   30.11
平均时间:  all   62.26    0.00    7.62    0.00    0.00    0.00    0.00    0.00   30.11

Linux 2.6.32-431.el6.x86_64 (slave2) 	2019年07月24日 	_x86_64_	(8 CPU)

04时14分14秒  CPU    %usr   %nice    %sys %iowait    %irq   %soft  %steal  %guest   %idle
04时14分15秒  all   39.46    0.00   13.54    0.00    0.00    0.51    0.00    0.00   46.49
平均时间:  all   39.46    0.00   13.54    0.00    0.00    0.51    0.00    0.00   46.49

Linux 2.6.32-431.el6.x86_64 (slave2) 	2019年07月24日 	_x86_64_	(8 CPU)

04时14分18秒  CPU    %usr   %nice    %sys %iowait    %irq   %soft  %steal  %guest   %idle
04时14分19秒  all   86.20    0.00   10.54    0.00    0.00    0.00    0.00    0.00    3.26
平均时间:  all   86.20    0.00   10.54    0.00    0.00    0.00    0.00    0.00    3.26

Linux 2.6.32-431.el6.x86_64 (slave2) 	2019年07月24日 	_x86_64_	(8 CPU)

04时14分22秒  CPU    %usr   %nice    %sys %iowait    %irq   %soft  %steal  %guest   %idle
04时14分23秒  all   79.35    0.00    6.93    0.00    0.00    0.00    0.00    0.00   13.73
平均时间:  all   79.35    0.00    6.93    0.00    0.00    0.00    0.00    0.00   13.73

Linux 2.6.32-431.el6.x86_64 (slave2) 	2019年07月24日 	_x86_64_	(8 CPU)

04时14分26秒  CPU    %usr   %nice    %sys %iowait    %irq   %soft  %steal  %guest   %idle
04时14分27秒  all   76.81    0.00    7.73    0.00    0.00    0.00    0.00    0.00   15.46
平均时间:  all   76.81    0.00    7.73    0.00    0.00    0.00    0.00    0.00   15.46

Linux 2.6.32-431.el6.x86_64 (slave2) 	2019年07月24日 	_x86_64_	(8 CPU)

04时14分30秒  CPU    %usr   %nice    %sys %iowait    %irq   %soft  %steal  %guest   %idle
04时14分31秒  all   65.31    0.00    9.53    0.00    0.00    0.00    0.00    0.00   25.16
平均时间:  all   65.31    0.00    9.53    0.00    0.00    0.00    0.00    0.00   25.16

Linux 2.6.32-431.el6.x86_64 (slave2) 	2019年07月24日 	_x86_64_	(8 CPU)

04时14分34秒  CPU    %usr   %nice    %sys %iowait    %irq   %soft  %steal  %guest   %idle
04时14分35秒  all   91.73    0.00    5.51    0.00    0.00    0.13    0.00    0.00    2.63
平均时间:  all   91.73    0.00    5.51    0.00    0.00    0.13    0.00    0.00    2.63

Linux 2.6.32-431.el6.x86_64 (slave2) 	2019年07月24日 	_x86_64_	(8 CPU)

04时14分38秒  CPU    %usr   %nice    %sys %iowait    %irq   %soft  %steal  %guest   %idle
04时14分39秒  all   25.71    0.00    7.27    0.00    0.00    6.10    0.00    0.00   60.91
平均时间:  all   25.71    0.00    7.27    0.00    0.00    6.10    0.00    0.00   60.91

Linux 2.6.32-431.el6.x86_64 (slave2) 	2019年07月24日 	_x86_64_	(8 CPU)

04时14分42秒  CPU    %usr   %nice    %sys %iowait    %irq   %soft  %steal  %guest   %idle
04时14分43秒  all   63.49    0.00    6.36    0.00    0.00    0.00    0.00    0.00   30.15
平均时间:  all   63.49    0.00    6.36    0.00    0.00    0.00    0.00    0.00   30.15

Linux 2.6.32-431.el6.x86_64 (slave2) 	2019年07月24日 	_x86_64_	(8 CPU)

04时14分46秒  CPU    %usr   %nice    %sys %iowait    %irq   %soft  %steal  %guest   %idle
04时14分47秒  all   53.50    0.00    7.77    0.00    0.00    0.00    0.00    0.00   38.73
平均时间:  all   53.50    0.00    7.77    0.00    0.00    0.00    0.00    0.00   38.73

Linux 2.6.32-431.el6.x86_64 (slave2) 	2019年07月24日 	_x86_64_	(8 CPU)

04时14分50秒  CPU    %usr   %nice    %sys %iowait    %irq   %soft  %steal  %guest   %idle
04时14分51秒  all   52.50    0.00    6.16    0.00    0.00    0.13    0.00    0.00   41.21
平均时间:  all   52.50    0.00    6.16    0.00    0.00    0.13    0.00    0.00   41.21

Linux 2.6.32-431.el6.x86_64 (slave2) 	2019年07月24日 	_x86_64_	(8 CPU)

04时14分54秒  CPU    %usr   %nice    %sys %iowait    %irq   %soft  %steal  %guest   %idle
04时14分55秒  all   49.68    0.00    9.60    0.00    0.00    1.92    0.00    0.00   38.80
平均时间:  all   49.68    0.00    9.60    0.00    0.00    1.92    0.00    0.00   38.80

Linux 2.6.32-431.el6.x86_64 (slave2) 	2019年07月24日 	_x86_64_	(8 CPU)

04时14分58秒  CPU    %usr   %nice    %sys %iowait    %irq   %soft  %steal  %guest   %idle
04时14分59秒  all   55.85    0.00    7.00    0.00    0.13    0.13    0.00    0.00   36.90
平均时间:  all   55.85    0.00    7.00    0.00    0.13    0.13    0.00    0.00   36.90

Linux 2.6.32-431.el6.x86_64 (slave2) 	2019年07月24日 	_x86_64_	(8 CPU)

04时15分02秒  CPU    %usr   %nice    %sys %iowait    %irq   %soft  %steal  %guest   %idle
04时15分03秒  all   71.74    5.58   13.31    0.38    0.00    0.38    0.00    0.00    8.62
平均时间:  all   71.74    5.58   13.31    0.38    0.00    0.38    0.00    0.00    8.62

Linux 2.6.32-431.el6.x86_64 (slave2) 	2019年07月24日 	_x86_64_	(8 CPU)

04时15分06秒  CPU    %usr   %nice    %sys %iowait    %irq   %soft  %steal  %guest   %idle
04时15分07秒  all   55.67    0.38   18.47    1.91    0.00    1.53    0.00    0.00   22.04
平均时间:  all   55.67    0.38   18.47    1.91    0.00    1.53    0.00    0.00   22.04

Linux 2.6.32-431.el6.x86_64 (slave2) 	2019年07月24日 	_x86_64_	(8 CPU)

04时15分10秒  CPU    %usr   %nice    %sys %iowait    %irq   %soft  %steal  %guest   %idle
04时15分11秒  all   68.68    0.00   18.82    0.00    0.13   12.24    0.00    0.00    0.13
平均时间:  all   68.68    0.00   18.82    0.00    0.13   12.24    0.00    0.00    0.13

Linux 2.6.32-431.el6.x86_64 (slave2) 	2019年07月24日 	_x86_64_	(8 CPU)

04时15分14秒  CPU    %usr   %nice    %sys %iowait    %irq   %soft  %steal  %guest   %idle
04时15分15秒  all   62.92    0.00   22.63    0.00    0.26    8.06    0.00    0.00    6.14
平均时间:  all   62.92    0.00   22.63    0.00    0.26    8.06    0.00    0.00    6.14

Linux 2.6.32-431.el6.x86_64 (slave2) 	2019年07月24日 	_x86_64_	(8 CPU)

04时15分18秒  CPU    %usr   %nice    %sys %iowait    %irq   %soft  %steal  %guest   %idle
04时15分19秒  all   38.77    0.00   15.40    0.00    0.52    6.53    0.00    0.00   38.77
平均时间:  all   38.77    0.00   15.40    0.00    0.52    6.53    0.00    0.00   38.77

Linux 2.6.32-431.el6.x86_64 (slave2) 	2019年07月24日 	_x86_64_	(8 CPU)

04时15分22秒  CPU    %usr   %nice    %sys %iowait    %irq   %soft  %steal  %guest   %idle
04时15分23秒  all   33.11    0.00   17.62    0.00    0.40    8.87    0.00    0.00   40.00
平均时间:  all   33.11    0.00   17.62    0.00    0.40    8.87    0.00    0.00   40.00

Linux 2.6.32-431.el6.x86_64 (slave2) 	2019年07月24日 	_x86_64_	(8 CPU)

04时15分26秒  CPU    %usr   %nice    %sys %iowait    %irq   %soft  %steal  %guest   %idle
04时15分27秒  all   83.94    0.00   10.16    0.00    0.00    2.76    0.00    0.00    3.14
平均时间:  all   83.94    0.00   10.16    0.00    0.00    2.76    0.00    0.00    3.14

Linux 2.6.32-431.el6.x86_64 (slave2) 	2019年07月24日 	_x86_64_	(8 CPU)

04时15分30秒  CPU    %usr   %nice    %sys %iowait    %irq   %soft  %steal  %guest   %idle
04时15分31秒  all   76.52    0.00   11.93    0.00    0.00    4.70    0.00    0.00    6.85
平均时间:  all   76.52    0.00   11.93    0.00    0.00    4.70    0.00    0.00    6.85

Linux 2.6.32-431.el6.x86_64 (slave2) 	2019年07月24日 	_x86_64_	(8 CPU)

04时15分34秒  CPU    %usr   %nice    %sys %iowait    %irq   %soft  %steal  %guest   %idle
04时15分35秒  all   83.16    0.00    7.02    0.00    0.00    1.40    0.00    0.00    8.42
平均时间:  all   83.16    0.00    7.02    0.00    0.00    1.40    0.00    0.00    8.42

Linux 2.6.32-431.el6.x86_64 (slave2) 	2019年07月24日 	_x86_64_	(8 CPU)

04时15分38秒  CPU    %usr   %nice    %sys %iowait    %irq   %soft  %steal  %guest   %idle
04时15分39秒  all   90.59    0.00    7.40    0.00    0.13    0.50    0.00    0.00    1.38
平均时间:  all   90.59    0.00    7.40    0.00    0.13    0.50    0.00    0.00    1.38

Linux 2.6.32-431.el6.x86_64 (slave2) 	2019年07月24日 	_x86_64_	(8 CPU)

04时15分42秒  CPU    %usr   %nice    %sys %iowait    %irq   %soft  %steal  %guest   %idle
04时15分43秒  all   93.07    0.00    5.29    0.00    0.00    0.88    0.00    0.00    0.76
平均时间:  all   93.07    0.00    5.29    0.00    0.00    0.88    0.00    0.00    0.76

Linux 2.6.32-431.el6.x86_64 (slave2) 	2019年07月24日 	_x86_64_	(8 CPU)

04时15分46秒  CPU    %usr   %nice    %sys %iowait    %irq   %soft  %steal  %guest   %idle
04时15分47秒  all   68.87    0.00    7.62    0.00    0.00    1.78    0.00    0.00   21.73
平均时间:  all   68.87    0.00    7.62    0.00    0.00    1.78    0.00    0.00   21.73

Linux 2.6.32-431.el6.x86_64 (slave2) 	2019年07月24日 	_x86_64_	(8 CPU)

04时15分50秒  CPU    %usr   %nice    %sys %iowait    %irq   %soft  %steal  %guest   %idle
04时15分51秒  all   90.73    0.00    4.01    0.00    0.00    0.25    0.00    0.00    5.01
平均时间:  all   90.73    0.00    4.01    0.00    0.00    0.25    0.00    0.00    5.01

Linux 2.6.32-431.el6.x86_64 (slave2) 	2019年07月24日 	_x86_64_	(8 CPU)

04时15分54秒  CPU    %usr   %nice    %sys %iowait    %irq   %soft  %steal  %guest   %idle
04时15分55秒  all   53.60    0.00    2.78    0.00    0.00    1.14    0.00    0.00   42.48
平均时间:  all   53.60    0.00    2.78    0.00    0.00    1.14    0.00    0.00   42.48

Linux 2.6.32-431.el6.x86_64 (slave2) 	2019年07月24日 	_x86_64_	(8 CPU)

04时15分58秒  CPU    %usr   %nice    %sys %iowait    %irq   %soft  %steal  %guest   %idle
04时15分59秒  all   29.35    0.00    2.92    0.00    0.00    0.89    0.00    0.00   66.84
平均时间:  all   29.35    0.00    2.92    0.00    0.00    0.89    0.00    0.00   66.84

Linux 2.6.32-431.el6.x86_64 (slave2) 	2019年07月24日 	_x86_64_	(8 CPU)

04时16分02秒  CPU    %usr   %nice    %sys %iowait    %irq   %soft  %steal  %guest   %idle
04时16分03秒  all   93.76    0.00    5.62    0.00    0.00    0.62    0.00    0.00    0.00
平均时间:  all   93.76    0.00    5.62    0.00    0.00    0.62    0.00    0.00    0.00

Linux 2.6.32-431.el6.x86_64 (slave2) 	2019年07月24日 	_x86_64_	(8 CPU)

04时16分07秒  CPU    %usr   %nice    %sys %iowait    %irq   %soft  %steal  %guest   %idle
04时16分08秒  all   66.49    0.00   13.27    1.93    0.00    1.55    0.00    0.00   16.75
平均时间:  all   66.49    0.00   13.27    1.93    0.00    1.55    0.00    0.00   16.75

Linux 2.6.32-431.el6.x86_64 (slave2) 	2019年07月24日 	_x86_64_	(8 CPU)

04时16分11秒  CPU    %usr   %nice    %sys %iowait    %irq   %soft  %steal  %guest   %idle
04时16分12秒  all   40.46    0.00    5.53    0.00    0.00    0.19    0.00    0.00   53.82
平均时间:  all   40.46    0.00    5.53    0.00    0.00    0.19    0.00    0.00   53.82

Linux 2.6.32-431.el6.x86_64 (slave2) 	2019年07月24日 	_x86_64_	(8 CPU)

04时16分16秒  CPU    %usr   %nice    %sys %iowait    %irq   %soft  %steal  %guest   %idle
04时16分17秒  all   50.89    0.00   17.98    0.13    0.00    2.68    0.00    0.00   28.32
平均时间:  all   50.89    0.00   17.98    0.13    0.00    2.68    0.00    0.00   28.32

Linux 2.6.32-431.el6.x86_64 (slave2) 	2019年07月24日 	_x86_64_	(8 CPU)

04时16分20秒  CPU    %usr   %nice    %sys %iowait    %irq   %soft  %steal  %guest   %idle
04时16分21秒  all   91.00    0.00    8.75    0.00    0.00    0.00    0.00    0.00    0.25
平均时间:  all   91.00    0.00    8.75    0.00    0.00    0.00    0.00    0.00    0.25

Linux 2.6.32-431.el6.x86_64 (slave2) 	2019年07月24日 	_x86_64_	(8 CPU)

04时16分24秒  CPU    %usr   %nice    %sys %iowait    %irq   %soft  %steal  %guest   %idle
04时16分25秒  all   89.99    0.00    9.51    0.00    0.00    0.25    0.00    0.00    0.25
平均时间:  all   89.99    0.00    9.51    0.00    0.00    0.25    0.00    0.00    0.25

Linux 2.6.32-431.el6.x86_64 (slave2) 	2019年07月24日 	_x86_64_	(8 CPU)

04时16分28秒  CPU    %usr   %nice    %sys %iowait    %irq   %soft  %steal  %guest   %idle
04时16分29秒  all   93.38    0.00    6.25    0.00    0.00    0.00    0.00    0.00    0.38
平均时间:  all   93.38    0.00    6.25    0.00    0.00    0.00    0.00    0.00    0.38

Linux 2.6.32-431.el6.x86_64 (slave2) 	2019年07月24日 	_x86_64_	(8 CPU)

04时16分32秒  CPU    %usr   %nice    %sys %iowait    %irq   %soft  %steal  %guest   %idle
04时16分33秒  all   78.00    0.00    8.85    0.00    0.00    0.13    0.00    0.00   13.02
平均时间:  all   78.00    0.00    8.85    0.00    0.00    0.13    0.00    0.00   13.02

Linux 2.6.32-431.el6.x86_64 (slave2) 	2019年07月24日 	_x86_64_	(8 CPU)

04时16分36秒  CPU    %usr   %nice    %sys %iowait    %irq   %soft  %steal  %guest   %idle
04时16分37秒  all   24.84    0.00    3.57    0.00    0.00    0.76    0.00    0.00   70.83
平均时间:  all   24.84    0.00    3.57    0.00    0.00    0.76    0.00    0.00   70.83

Linux 2.6.32-431.el6.x86_64 (slave2) 	2019年07月24日 	_x86_64_	(8 CPU)

04时16分40秒  CPU    %usr   %nice    %sys %iowait    %irq   %soft  %steal  %guest   %idle
04时16分41秒  all   26.44    0.00    3.58    0.00    0.00    0.00    0.00    0.00   69.99
平均时间:  all   26.44    0.00    3.58    0.00    0.00    0.00    0.00    0.00   69.99

Linux 2.6.32-431.el6.x86_64 (slave2) 	2019年07月24日 	_x86_64_	(8 CPU)

04时16分44秒  CPU    %usr   %nice    %sys %iowait    %irq   %soft  %steal  %guest   %idle
04时16分45秒  all   41.38    0.00    4.60    0.00    0.00    0.00    0.00    0.00   54.02
平均时间:  all   41.38    0.00    4.60    0.00    0.00    0.00    0.00    0.00   54.02

Linux 2.6.32-431.el6.x86_64 (slave2) 	2019年07月24日 	_x86_64_	(8 CPU)

04时16分48秒  CPU    %usr   %nice    %sys %iowait    %irq   %soft  %steal  %guest   %idle
04时16分49秒  all   56.63    0.00    9.40    0.00    0.00    0.13    0.00    0.00   33.85
平均时间:  all   56.63    0.00    9.40    0.00    0.00    0.13    0.00    0.00   33.85

Linux 2.6.32-431.el6.x86_64 (slave2) 	2019年07月24日 	_x86_64_	(8 CPU)

04时16分52秒  CPU    %usr   %nice    %sys %iowait    %irq   %soft  %steal  %guest   %idle
04时16分53秒  all   60.05    0.00   11.14    0.00    0.13    0.64    0.00    0.00   28.04
平均时间:  all   60.05    0.00   11.14    0.00    0.13    0.64    0.00    0.00   28.04

Linux 2.6.32-431.el6.x86_64 (slave2) 	2019年07月24日 	_x86_64_	(8 CPU)

04时16分56秒  CPU    %usr   %nice    %sys %iowait    %irq   %soft  %steal  %guest   %idle
04时16分57秒  all   50.70    0.00    9.73    0.00    0.00    0.13    0.00    0.00   39.44
平均时间:  all   50.70    0.00    9.73    0.00    0.00    0.13    0.00    0.00   39.44

Linux 2.6.32-431.el6.x86_64 (slave2) 	2019年07月24日 	_x86_64_	(8 CPU)

04时17分00秒  CPU    %usr   %nice    %sys %iowait    %irq   %soft  %steal  %guest   %idle
04时17分03秒  all   11.83    0.00    1.59    0.00    0.00    0.00    0.00    0.00   86.57
平均时间:  all   11.83    0.00    1.59    0.00    0.00    0.00    0.00    0.00   86.57

Linux 2.6.32-431.el6.x86_64 (slave2) 	2019年07月24日 	_x86_64_	(8 CPU)

04时17分06秒  CPU    %usr   %nice    %sys %iowait    %irq   %soft  %steal  %guest   %idle
04时17分07秒  all   84.32    0.00   12.05    0.00    0.13    0.38    0.00    0.00    3.14
平均时间:  all   84.32    0.00   12.05    0.00    0.13    0.38    0.00    0.00    3.14

Linux 2.6.32-431.el6.x86_64 (slave2) 	2019年07月24日 	_x86_64_	(8 CPU)

04时17分10秒  CPU    %usr   %nice    %sys %iowait    %irq   %soft  %steal  %guest   %idle
04时17分11秒  all   63.36    0.00    4.71    0.00    0.00    0.25    0.00    0.00   31.68
平均时间:  all   63.36    0.00    4.71    0.00    0.00    0.25    0.00    0.00   31.68

Linux 2.6.32-431.el6.x86_64 (slave2) 	2019年07月24日 	_x86_64_	(8 CPU)

04时17分14秒  CPU    %usr   %nice    %sys %iowait    %irq   %soft  %steal  %guest   %idle
04时17分15秒  all   71.66    0.00    9.15    0.00    0.00    0.64    0.00    0.00   18.55
平均时间:  all   71.66    0.00    9.15    0.00    0.00    0.64    0.00    0.00   18.55

Linux 2.6.32-431.el6.x86_64 (slave2) 	2019年07月24日 	_x86_64_	(8 CPU)

04时17分18秒  CPU    %usr   %nice    %sys %iowait    %irq   %soft  %steal  %guest   %idle
04时17分19秒  all   91.23    0.00    6.64    0.00    0.00    0.00    0.00    0.00    2.13
平均时间:  all   91.23    0.00    6.64    0.00    0.00    0.00    0.00    0.00    2.13

Linux 2.6.32-431.el6.x86_64 (slave2) 	2019年07月24日 	_x86_64_	(8 CPU)

04时17分22秒  CPU    %usr   %nice    %sys %iowait    %irq   %soft  %steal  %guest   %idle
04时17分23秒  all   88.05    0.00    5.79    0.00    0.00    0.38    0.00    0.00    5.79
平均时间:  all   88.05    0.00    5.79    0.00    0.00    0.38    0.00    0.00    5.79

Linux 2.6.32-431.el6.x86_64 (slave2) 	2019年07月24日 	_x86_64_	(8 CPU)

04时17分26秒  CPU    %usr   %nice    %sys %iowait    %irq   %soft  %steal  %guest   %idle
04时17分27秒  all   68.10    0.00    6.08    0.00    0.00    0.51    0.00    0.00   25.32
平均时间:  all   68.10    0.00    6.08    0.00    0.00    0.51    0.00    0.00   25.32

Linux 2.6.32-431.el6.x86_64 (slave2) 	2019年07月24日 	_x86_64_	(8 CPU)

04时17分30秒  CPU    %usr   %nice    %sys %iowait    %irq   %soft  %steal  %guest   %idle
04时17分31秒  all   52.23    0.00    5.11    0.00    0.00    0.64    0.00    0.00   42.02
平均时间:  all   52.23    0.00    5.11    0.00    0.00    0.64    0.00    0.00   42.02

Linux 2.6.32-431.el6.x86_64 (slave2) 	2019年07月24日 	_x86_64_	(8 CPU)

04时17分34秒  CPU    %usr   %nice    %sys %iowait    %irq   %soft  %steal  %guest   %idle
04时17分35秒  all   61.66    0.00    4.97    0.00    0.00    0.64    0.00    0.00   32.74
平均时间:  all   61.66    0.00    4.97    0.00    0.00    0.64    0.00    0.00   32.74

Linux 2.6.32-431.el6.x86_64 (slave2) 	2019年07月24日 	_x86_64_	(8 CPU)

04时17分38秒  CPU    %usr   %nice    %sys %iowait    %irq   %soft  %steal  %guest   %idle
04时17分39秒  all   27.12    0.00    4.76    0.00    0.13    0.39    0.00    0.00   67.61
平均时间:  all   27.12    0.00    4.76    0.00    0.13    0.39    0.00    0.00   67.61

Linux 2.6.32-431.el6.x86_64 (slave2) 	2019年07月24日 	_x86_64_	(8 CPU)

04时17分42秒  CPU    %usr   %nice    %sys %iowait    %irq   %soft  %steal  %guest   %idle
04时17分43秒  all   71.46    0.00   11.62    0.00    0.13    0.88    0.00    0.00   15.91
平均时间:  all   71.46    0.00   11.62    0.00    0.13    0.88    0.00    0.00   15.91

Linux 2.6.32-431.el6.x86_64 (slave2) 	2019年07月24日 	_x86_64_	(8 CPU)

04时17分47秒  CPU    %usr   %nice    %sys %iowait    %irq   %soft  %steal  %guest   %idle
04时17分57秒  all   18.60    0.00   61.40   20.00    0.00    0.00    0.00    0.00    0.00
平均时间:  all   18.60    0.00   61.40   20.00    0.00    0.00    0.00    0.00    0.00

Linux 2.6.32-431.el6.x86_64 (slave2) 	2019年07月24日 	_x86_64_	(8 CPU)

04时18分09秒  CPU    %usr   %nice    %sys %iowait    %irq   %soft  %steal  %guest   %idle
04时18分10秒  all   78.99    0.00    8.73    0.00    0.00    0.25    0.00    0.00   12.03
平均时间:  all   78.99    0.00    8.73    0.00    0.00    0.25    0.00    0.00   12.03

Linux 2.6.32-431.el6.x86_64 (slave2) 	2019年07月24日 	_x86_64_	(8 CPU)

04时18分13秒  CPU    %usr   %nice    %sys %iowait    %irq   %soft  %steal  %guest   %idle
04时18分14秒  all   49.36    0.00    5.88    0.13    0.00    0.13    0.00    0.00   44.50
平均时间:  all   49.36    0.00    5.88    0.13    0.00    0.13    0.00    0.00   44.50

Linux 2.6.32-431.el6.x86_64 (slave2) 	2019年07月24日 	_x86_64_	(8 CPU)

04时18分17秒  CPU    %usr   %nice    %sys %iowait    %irq   %soft  %steal  %guest   %idle
04时18分18秒  all   53.70    0.00    4.08    0.00    0.00    0.26    0.00    0.00   41.96
平均时间:  all   53.70    0.00    4.08    0.00    0.00    0.26    0.00    0.00   41.96

Linux 2.6.32-431.el6.x86_64 (slave2) 	2019年07月24日 	_x86_64_	(8 CPU)

04时18分21秒  CPU    %usr   %nice    %sys %iowait    %irq   %soft  %steal  %guest   %idle
04时18分22秒  all   30.95    0.00    2.94    0.00    0.00    0.51    0.00    0.00   65.60
平均时间:  all   30.95    0.00    2.94    0.00    0.00    0.51    0.00    0.00   65.60

Linux 2.6.32-431.el6.x86_64 (slave2) 	2019年07月24日 	_x86_64_	(8 CPU)

04时18分25秒  CPU    %usr   %nice    %sys %iowait    %irq   %soft  %steal  %guest   %idle
04时18分26秒  all   43.78    0.00    2.54    0.00    0.00    0.76    0.00    0.00   52.92
平均时间:  all   43.78    0.00    2.54    0.00    0.00    0.76    0.00    0.00   52.92

Linux 2.6.32-431.el6.x86_64 (slave2) 	2019年07月24日 	_x86_64_	(8 CPU)

04时18分29秒  CPU    %usr   %nice    %sys %iowait    %irq   %soft  %steal  %guest   %idle
04时18分30秒  all   30.65    0.00    2.68    0.00    0.00    0.77    0.00    0.00   65.90
平均时间:  all   30.65    0.00    2.68    0.00    0.00    0.77    0.00    0.00   65.90

Linux 2.6.32-431.el6.x86_64 (slave2) 	2019年07月24日 	_x86_64_	(8 CPU)

04时18分33秒  CPU    %usr   %nice    %sys %iowait    %irq   %soft  %steal  %guest   %idle
04时18分34秒  all   27.59    0.00    2.43    0.00    0.00    1.28    0.00    0.00   68.71
平均时间:  all   27.59    0.00    2.43    0.00    0.00    1.28    0.00    0.00   68.71

Linux 2.6.32-431.el6.x86_64 (slave2) 	2019年07月24日 	_x86_64_	(8 CPU)

04时18分37秒  CPU    %usr   %nice    %sys %iowait    %irq   %soft  %steal  %guest   %idle
04时18分38秒  all   27.81    0.00    2.93    0.00    0.00    1.28    0.00    0.00   67.98
平均时间:  all   27.81    0.00    2.93    0.00    0.00    1.28    0.00    0.00   67.98

Linux 2.6.32-431.el6.x86_64 (slave2) 	2019年07月24日 	_x86_64_	(8 CPU)

04时18分41秒  CPU    %usr   %nice    %sys %iowait    %irq   %soft  %steal  %guest   %idle
04时18分42秒  all   14.58    0.00    1.01    0.00    0.00    1.39    0.00    0.00   83.02
平均时间:  all   14.58    0.00    1.01    0.00    0.00    1.39    0.00    0.00   83.02

Linux 2.6.32-431.el6.x86_64 (slave2) 	2019年07月24日 	_x86_64_	(8 CPU)

04时18分45秒  CPU    %usr   %nice    %sys %iowait    %irq   %soft  %steal  %guest   %idle
04时18分46秒  all   12.83    0.00    1.02    0.00    0.00    1.27    0.00    0.00   84.88
平均时间:  all   12.83    0.00    1.02    0.00    0.00    1.27    0.00    0.00   84.88

Linux 2.6.32-431.el6.x86_64 (slave2) 	2019年07月24日 	_x86_64_	(8 CPU)

04时18分49秒  CPU    %usr   %nice    %sys %iowait    %irq   %soft  %steal  %guest   %idle
04时18分50秒  all   13.98    0.00    0.89    0.00    0.00    1.40    0.00    0.00   83.74
平均时间:  all   13.98    0.00    0.89    0.00    0.00    1.40    0.00    0.00   83.74

Linux 2.6.32-431.el6.x86_64 (slave2) 	2019年07月24日 	_x86_64_	(8 CPU)

04时18分53秒  CPU    %usr   %nice    %sys %iowait    %irq   %soft  %steal  %guest   %idle
04时18分54秒  all   12.91    0.00    1.01    0.00    0.00    1.52    0.00    0.00   84.56
平均时间:  all   12.91    0.00    1.01    0.00    0.00    1.52    0.00    0.00   84.56

Linux 2.6.32-431.el6.x86_64 (slave2) 	2019年07月24日 	_x86_64_	(8 CPU)

04时18分57秒  CPU    %usr   %nice    %sys %iowait    %irq   %soft  %steal  %guest   %idle
04时18分58秒  all   14.18    0.00    0.76    0.00    0.00    1.27    0.00    0.00   83.80
平均时间:  all   14.18    0.00    0.76    0.00    0.00    1.27    0.00    0.00   83.80

Linux 2.6.32-431.el6.x86_64 (slave2) 	2019年07月24日 	_x86_64_	(8 CPU)

04时19分01秒  CPU    %usr   %nice    %sys %iowait    %irq   %soft  %steal  %guest   %idle
04时19分02秒  all   13.69    0.00    1.14    0.00    0.00    1.39    0.00    0.00   83.78
平均时间:  all   13.69    0.00    1.14    0.00    0.00    1.39    0.00    0.00   83.78

Linux 2.6.32-431.el6.x86_64 (slave2) 	2019年07月24日 	_x86_64_	(8 CPU)

04时19分05秒  CPU    %usr   %nice    %sys %iowait    %irq   %soft  %steal  %guest   %idle
04时19分06秒  all   13.38    0.00    1.78    0.00    0.00    1.91    0.00    0.00   82.93
平均时间:  all   13.38    0.00    1.78    0.00    0.00    1.91    0.00    0.00   82.93

Linux 2.6.32-431.el6.x86_64 (slave2) 	2019年07月24日 	_x86_64_	(8 CPU)

04时19分09秒  CPU    %usr   %nice    %sys %iowait    %irq   %soft  %steal  %guest   %idle
04时19分10秒  all   13.16    0.00    1.14    0.00    0.00    1.52    0.00    0.00   84.18
平均时间:  all   13.16    0.00    1.14    0.00    0.00    1.52    0.00    0.00   84.18

Linux 2.6.32-431.el6.x86_64 (slave2) 	2019年07月24日 	_x86_64_	(8 CPU)

04时19分13秒  CPU    %usr   %nice    %sys %iowait    %irq   %soft  %steal  %guest   %idle
04时19分14秒  all   14.63    0.00    0.63    0.00    0.00    1.39    0.00    0.00   83.35
平均时间:  all   14.63    0.00    0.63    0.00    0.00    1.39    0.00    0.00   83.35

Linux 2.6.32-431.el6.x86_64 (slave2) 	2019年07月24日 	_x86_64_	(8 CPU)

04时19分17秒  CPU    %usr   %nice    %sys %iowait    %irq   %soft  %steal  %guest   %idle
04时19分18秒  all   12.72    0.00    0.50    0.00    0.00    1.51    0.00    0.00   85.26
平均时间:  all   12.72    0.00    0.50    0.00    0.00    1.51    0.00    0.00   85.26

Linux 2.6.32-431.el6.x86_64 (slave2) 	2019年07月24日 	_x86_64_	(8 CPU)

04时19分21秒  CPU    %usr   %nice    %sys %iowait    %irq   %soft  %steal  %guest   %idle
04时19分22秒  all   14.00    0.00    0.50    0.00    0.00    1.39    0.00    0.00   84.11
平均时间:  all   14.00    0.00    0.50    0.00    0.00    1.39    0.00    0.00   84.11

Linux 2.6.32-431.el6.x86_64 (slave2) 	2019年07月24日 	_x86_64_	(8 CPU)

04时19分25秒  CPU    %usr   %nice    %sys %iowait    %irq   %soft  %steal  %guest   %idle
04时19分26秒  all   42.25    0.00    3.71    0.00    0.00    0.38    0.00    0.00   53.65
平均时间:  all   42.25    0.00    3.71    0.00    0.00    0.38    0.00    0.00   53.65

Linux 2.6.32-431.el6.x86_64 (slave2) 	2019年07月24日 	_x86_64_	(8 CPU)

04时19分29秒  CPU    %usr   %nice    %sys %iowait    %irq   %soft  %steal  %guest   %idle
04时19分30秒  all   18.17    0.00    2.03    0.00    0.00    0.51    0.00    0.00   79.29
平均时间:  all   18.17    0.00    2.03    0.00    0.00    0.51    0.00    0.00   79.29

Linux 2.6.32-431.el6.x86_64 (slave2) 	2019年07月24日 	_x86_64_	(8 CPU)

04时19分33秒  CPU    %usr   %nice    %sys %iowait    %irq   %soft  %steal  %guest   %idle
04时19分34秒  all    5.45    0.00    2.79    0.00    0.00    0.25    0.00    0.00   91.51
平均时间:  all    5.45    0.00    2.79    0.00    0.00    0.25    0.00    0.00   91.51

Linux 2.6.32-431.el6.x86_64 (slave2) 	2019年07月24日 	_x86_64_	(8 CPU)

04时19分37秒  CPU    %usr   %nice    %sys %iowait    %irq   %soft  %steal  %guest   %idle
04时19分38秒  all    0.00    0.00    0.00    0.00    0.00    0.00    0.00    0.00  100.00
平均时间:  all    0.00    0.00    0.00    0.00    0.00    0.00    0.00    0.00  100.00

Linux 2.6.32-431.el6.x86_64 (slave2) 	2019年07月24日 	_x86_64_	(8 CPU)

04时19分41秒  CPU    %usr   %nice    %sys %iowait    %irq   %soft  %steal  %guest   %idle
04时19分42秒  all    0.00    0.00    1.00    0.00    0.00    0.00    0.00    0.00   99.00
平均时间:  all    0.00    0.00    1.00    0.00    0.00    0.00    0.00    0.00   99.00

