
2019年 07月 24日 星期三 04:13:06 CST
             total       used       free     shared    buffers     cached
Mem:         15945      10763       5181          0         27       8848
-/+ buffers/cache:       1886      14058
Swap:         8039          0       8039

2019年 07月 24日 星期三 04:13:10 CST
             total       used       free     shared    buffers     cached
Mem:         15945      10763       5181          0         27       8848
-/+ buffers/cache:       1886      14058
Swap:         8039          0       8039

2019年 07月 24日 星期三 04:13:14 CST
             total       used       free     shared    buffers     cached
Mem:         15945      10763       5181          0         27       8848
-/+ buffers/cache:       1886      14058
Swap:         8039          0       8039

2019年 07月 24日 星期三 04:13:18 CST
             total       used       free     shared    buffers     cached
Mem:         15945      10763       5181          0         27       8848
-/+ buffers/cache:       1886      14058
Swap:         8039          0       8039

2019年 07月 24日 星期三 04:13:22 CST
             total       used       free     shared    buffers     cached
Mem:         15945      10763       5182          0         27       8848
-/+ buffers/cache:       1886      14058
Swap:         8039          0       8039

2019年 07月 24日 星期三 04:13:26 CST
             total       used       free     shared    buffers     cached
Mem:         15945      10875       5070          0         27       8959
-/+ buffers/cache:       1887      14057
Swap:         8039          0       8039

2019年 07月 24日 星期三 04:13:30 CST
             total       used       free     shared    buffers     cached
Mem:         15945      11135       4809          0         28       9219
-/+ buffers/cache:       1888      14056
Swap:         8039          0       8039

2019年 07月 24日 星期三 04:13:34 CST
             total       used       free     shared    buffers     cached
Mem:         15945      11369       4575          0         28       9454
-/+ buffers/cache:       1887      14058
Swap:         8039          0       8039

2019年 07月 24日 星期三 04:13:38 CST
             total       used       free     shared    buffers     cached
Mem:         15945      11828       4117          0         28       9750
-/+ buffers/cache:       2050      13895
Swap:         8039          0       8039

2019年 07月 24日 星期三 04:13:42 CST
             total       used       free     shared    buffers     cached
Mem:         15945      12283       3662          0         28       9999
-/+ buffers/cache:       2255      13689
Swap:         8039          0       8039

2019年 07月 24日 星期三 04:13:46 CST
             total       used       free     shared    buffers     cached
Mem:         15945      12931       3014          0         28      10408
-/+ buffers/cache:       2495      13450
Swap:         8039          0       8039

2019年 07月 24日 星期三 04:13:50 CST
             total       used       free     shared    buffers     cached
Mem:         15945      13467       2477          0         28      10541
-/+ buffers/cache:       2897      13047
Swap:         8039          0       8039

2019年 07月 24日 星期三 04:13:54 CST
             total       used       free     shared    buffers     cached
Mem:         15945      14234       1711          0         28      10561
-/+ buffers/cache:       3643      12301
Swap:         8039          0       8039

2019年 07月 24日 星期三 04:13:58 CST
             total       used       free     shared    buffers     cached
Mem:         15945      14947        998          0         28      10562
-/+ buffers/cache:       4356      11588
Swap:         8039          0       8039

2019年 07月 24日 星期三 04:14:02 CST
             total       used       free     shared    buffers     cached
Mem:         15945      14864       1080          0         28      10564
-/+ buffers/cache:       4272      11672
Swap:         8039          0       8039

2019年 07月 24日 星期三 04:14:06 CST
             total       used       free     shared    buffers     cached
Mem:         15945      13662       2282          0         28      10601
-/+ buffers/cache:       3033      12912
Swap:         8039          0       8039

2019年 07月 24日 星期三 04:14:10 CST
             total       used       free     shared    buffers     cached
Mem:         15945      14401       1543          0         28      10601
-/+ buffers/cache:       3771      12173
Swap:         8039          0       8039

2019年 07月 24日 星期三 04:14:14 CST
             total       used       free     shared    buffers     cached
Mem:         15945      15466        479          0         28      10565
-/+ buffers/cache:       4873      11072
Swap:         8039          0       8039

2019年 07月 24日 星期三 04:14:18 CST
             total       used       free     shared    buffers     cached
Mem:         15945      15421        524          0         28      10753
-/+ buffers/cache:       4639      11305
Swap:         8039          0       8039

2019年 07月 24日 星期三 04:14:22 CST
             total       used       free     shared    buffers     cached
Mem:         15945      14609       1336          0         28      10820
-/+ buffers/cache:       3761      12184
Swap:         8039          0       8039

2019年 07月 24日 星期三 04:14:26 CST
             total       used       free     shared    buffers     cached
Mem:         15945      15409        536          0         28      10896
-/+ buffers/cache:       4483      11461
Swap:         8039          0       8039

2019年 07月 24日 星期三 04:14:30 CST
             total       used       free     shared    buffers     cached
Mem:         15945      15604        340          0         28      10878
-/+ buffers/cache:       4697      11247
Swap:         8039          0       8039

2019年 07月 24日 星期三 04:14:34 CST
             total       used       free     shared    buffers     cached
Mem:         15945      15796        149          0         28      10506
-/+ buffers/cache:       5261      10683
Swap:         8039          0       8039

2019年 07月 24日 星期三 04:14:38 CST
             total       used       free     shared    buffers     cached
Mem:         15945      15135        810          0         27      10272
-/+ buffers/cache:       4834      11111
Swap:         8039          0       8039

2019年 07月 24日 星期三 04:14:42 CST
             total       used       free     shared    buffers     cached
Mem:         15945      15443        502          0         27      10287
-/+ buffers/cache:       5127      10817
Swap:         8039          0       8039

2019年 07月 24日 星期三 04:14:46 CST
             total       used       free     shared    buffers     cached
Mem:         15945      15778        166          0         27      10110
-/+ buffers/cache:       5640      10305
Swap:         8039          0       8039

2019年 07月 24日 星期三 04:14:50 CST
             total       used       free     shared    buffers     cached
Mem:         15945      15783        162          0         27       9913
-/+ buffers/cache:       5842      10103
Swap:         8039          0       8039

2019年 07月 24日 星期三 04:14:54 CST
             total       used       free     shared    buffers     cached
Mem:         15945      15777        168          0         27       9420
-/+ buffers/cache:       6328       9616
Swap:         8039          0       8039

2019年 07月 24日 星期三 04:14:58 CST
             total       used       free     shared    buffers     cached
Mem:         15945      13194       2750          0         27       9047
-/+ buffers/cache:       4119      11826
Swap:         8039          0       8039

2019年 07月 24日 星期三 04:15:02 CST
             total       used       free     shared    buffers     cached
Mem:         15945      12629       3316          0         27       8911
-/+ buffers/cache:       3689      12255
Swap:         8039          0       8039

2019年 07月 24日 星期三 04:15:06 CST
             total       used       free     shared    buffers     cached
Mem:         15945      12742       3203          0         27       8916
-/+ buffers/cache:       3798      12147
Swap:         8039          0       8039

2019年 07月 24日 星期三 04:15:10 CST
             total       used       free     shared    buffers     cached
Mem:         15945      13271       2673          0         27       9376
-/+ buffers/cache:       3867      12077
Swap:         8039          0       8039

2019年 07月 24日 星期三 04:15:14 CST
             total       used       free     shared    buffers     cached
Mem:         15945      14050       1894          0         27       9677
-/+ buffers/cache:       4345      11600
Swap:         8039          0       8039

2019年 07月 24日 星期三 04:15:18 CST
             total       used       free     shared    buffers     cached
Mem:         15945      14944       1001          0         27       9969
-/+ buffers/cache:       4946      10998
Swap:         8039          0       8039

2019年 07月 24日 星期三 04:15:22 CST
             total       used       free     shared    buffers     cached
Mem:         15945      14133       1812          0         27      10245
-/+ buffers/cache:       3859      12085
Swap:         8039          0       8039

2019年 07月 24日 星期三 04:15:26 CST
             total       used       free     shared    buffers     cached
Mem:         15945      14907       1038          0         27      10482
-/+ buffers/cache:       4396      11548
Swap:         8039          0       8039

2019年 07月 24日 星期三 04:15:30 CST
             total       used       free     shared    buffers     cached
Mem:         15945      15242        703          0         27      10300
-/+ buffers/cache:       4913      11031
Swap:         8039          0       8039

2019年 07月 24日 星期三 04:15:35 CST
             total       used       free     shared    buffers     cached
Mem:         15945      15769        176          0         27      10300
-/+ buffers/cache:       5440      10505
Swap:         8039          0       8039

2019年 07月 24日 星期三 04:15:39 CST
             total       used       free     shared    buffers     cached
Mem:         15945      15763        181          0         27       9949
-/+ buffers/cache:       5786      10158
Swap:         8039          0       8039

2019年 07月 24日 星期三 04:15:43 CST
             total       used       free     shared    buffers     cached
Mem:         15945      15784        160          0         27       9832
-/+ buffers/cache:       5925      10020
Swap:         8039          0       8039

2019年 07月 24日 星期三 04:15:47 CST
             total       used       free     shared    buffers     cached
Mem:         15945      15390        555          0         27       9778
-/+ buffers/cache:       5583      10361
Swap:         8039          0       8039

2019年 07月 24日 星期三 04:15:51 CST
             total       used       free     shared    buffers     cached
Mem:         15945      15716        229          0         27       9862
-/+ buffers/cache:       5825      10119
Swap:         8039          0       8039

2019年 07月 24日 星期三 04:15:55 CST
             total       used       free     shared    buffers     cached
Mem:         15945      15779        166          0         27       9557
-/+ buffers/cache:       6193       9751
Swap:         8039          0       8039

2019年 07月 24日 星期三 04:15:59 CST
             total       used       free     shared    buffers     cached
Mem:         15945      14322       1622          0         27       9208
-/+ buffers/cache:       5087      10857
Swap:         8039          0       8039

2019年 07月 24日 星期三 04:16:03 CST
             total       used       free     shared    buffers     cached
Mem:         15945      14529       1416          0         27       9236
-/+ buffers/cache:       5266      10679
Swap:         8039          0       8039

2019年 07月 24日 星期三 04:16:07 CST
             total       used       free     shared    buffers     cached
Mem:         15945      14998        946          0         27       9314
-/+ buffers/cache:       5656      10288
Swap:         8039          0       8039

2019年 07月 24日 星期三 04:16:11 CST
             total       used       free     shared    buffers     cached
Mem:         15945      12897       3048          0         27       9391
-/+ buffers/cache:       3478      12466
Swap:         8039          0       8039

2019年 07月 24日 星期三 04:16:15 CST
             total       used       free     shared    buffers     cached
Mem:         15945      12912       3032          0         27       9211
-/+ buffers/cache:       3674      12271
Swap:         8039          0       8039

2019年 07月 24日 星期三 04:16:19 CST
             total       used       free     shared    buffers     cached
Mem:         15945      13200       2745          0         27       9254
-/+ buffers/cache:       3918      12027
Swap:         8039          0       8039

2019年 07月 24日 星期三 04:16:23 CST
             total       used       free     shared    buffers     cached
Mem:         15945      12083       3862          0         27       9254
-/+ buffers/cache:       2801      13144
Swap:         8039          0       8039

2019年 07月 24日 星期三 04:16:27 CST
             total       used       free     shared    buffers     cached
Mem:         15945      12694       3250          0         27       9234
-/+ buffers/cache:       3433      12512
Swap:         8039          0       8039

2019年 07月 24日 星期三 04:16:31 CST
             total       used       free     shared    buffers     cached
Mem:         15945      13386       2559          0         27       9253
-/+ buffers/cache:       4105      11840
Swap:         8039          0       8039

2019年 07月 24日 星期三 04:16:35 CST
             total       used       free     shared    buffers     cached
Mem:         15945      12984       2961          0         27       9253
-/+ buffers/cache:       3702      12242
Swap:         8039          0       8039

2019年 07月 24日 星期三 04:16:39 CST
             total       used       free     shared    buffers     cached
Mem:         15945      13853       2091          0         27       9256
-/+ buffers/cache:       4569      11375
Swap:         8039          0       8039

2019年 07月 24日 星期三 04:16:43 CST
             total       used       free     shared    buffers     cached
Mem:         15945      13037       2907          0         27       9317
-/+ buffers/cache:       3692      12252
Swap:         8039          0       8039

2019年 07月 24日 星期三 04:16:47 CST
             total       used       free     shared    buffers     cached
Mem:         15945      13833       2111          0         27       9399
-/+ buffers/cache:       4407      11538
Swap:         8039          0       8039

2019年 07月 24日 星期三 04:16:51 CST
             total       used       free     shared    buffers     cached
Mem:         15945      12811       3133          0         27       9400
-/+ buffers/cache:       3383      12562
Swap:         8039          0       8039

2019年 07月 24日 星期三 04:16:55 CST
             total       used       free     shared    buffers     cached
Mem:         15945      13123       2821          0         27       9563
-/+ buffers/cache:       3532      12412
Swap:         8039          0       8039

2019年 07月 24日 星期三 04:16:59 CST
             total       used       free     shared    buffers     cached
Mem:         15945      14009       1935          0         27       9566
-/+ buffers/cache:       4415      11529
Swap:         8039          0       8039

2019年 07月 24日 星期三 04:17:04 CST
             total       used       free     shared    buffers     cached
Mem:         15945      14376       1568          0         27       9567
-/+ buffers/cache:       4781      11163
Swap:         8039          0       8039

2019年 07月 24日 星期三 04:17:08 CST
             total       used       free     shared    buffers     cached
Mem:         15945      14191       1754          0         27       9588
-/+ buffers/cache:       4574      11370
Swap:         8039          0       8039

2019年 07月 24日 星期三 04:17:12 CST
             total       used       free     shared    buffers     cached
Mem:         15945      14746       1198          0         27       9405
-/+ buffers/cache:       5314      10631
Swap:         8039          0       8039

2019年 07月 24日 星期三 04:17:16 CST
             total       used       free     shared    buffers     cached
Mem:         15945      14794       1150          0         27       8921
-/+ buffers/cache:       5845      10099
Swap:         8039          0       8039

2019年 07月 24日 星期三 04:17:20 CST
             total       used       free     shared    buffers     cached
Mem:         15945      15336        609          0         27       8927
-/+ buffers/cache:       6381       9564
Swap:         8039          0       8039

2019年 07月 24日 星期三 04:17:24 CST
             total       used       free     shared    buffers     cached
Mem:         15945      15678        267          0         27       8940
-/+ buffers/cache:       6710       9234
Swap:         8039          0       8039

2019年 07月 24日 星期三 04:17:28 CST
             total       used       free     shared    buffers     cached
Mem:         15945      15782        163          0         27       8822
-/+ buffers/cache:       6931       9013
Swap:         8039          0       8039

2019年 07月 24日 星期三 04:17:32 CST
             total       used       free     shared    buffers     cached
Mem:         15945      15785        160          0         27       8685
-/+ buffers/cache:       7071       8873
Swap:         8039          0       8039

2019年 07月 24日 星期三 04:17:36 CST
             total       used       free     shared    buffers     cached
Mem:         15945      15790        155          0         27       8633
-/+ buffers/cache:       7129       8816
Swap:         8039          0       8039

2019年 07月 24日 星期三 04:17:40 CST
             total       used       free     shared    buffers     cached
Mem:         15945      15084        860          0         27       8590
-/+ buffers/cache:       6466       9478
Swap:         8039          0       8039

2019年 07月 24日 星期三 04:17:44 CST
             total       used       free     shared    buffers     cached
Mem:         15945      15183        762          0         27       8584
-/+ buffers/cache:       6571       9374
Swap:         8039          0       8039

2019年 07月 24日 星期三 04:17:48 CST
             total       used       free     shared    buffers     cached
Mem:         15945      15186        758          0         27       8584
-/+ buffers/cache:       6574       9370
Swap:         8039          0       8039

2019年 07月 24日 星期三 04:17:52 CST
             total       used       free     shared    buffers     cached
Mem:         15945      15186        758          0         27       8584
-/+ buffers/cache:       6574       9370
Swap:         8039          0       8039

2019年 07月 24日 星期三 04:17:56 CST
             total       used       free     shared    buffers     cached
Mem:         15945      15186        759          0         27       8584
-/+ buffers/cache:       6574       9371
Swap:         8039          0       8039

2019年 07月 24日 星期三 04:18:00 CST
             total       used       free     shared    buffers     cached
Mem:         15945      15235        709          0         27       8615
-/+ buffers/cache:       6593       9352
Swap:         8039          0       8039

2019年 07月 24日 星期三 04:18:04 CST
             total       used       free     shared    buffers     cached
Mem:         15945      11018       4926          0         27       8622
-/+ buffers/cache:       2369      13576
Swap:         8039          0       8039

2019年 07月 24日 星期三 04:18:08 CST
             total       used       free     shared    buffers     cached
Mem:         15945      10811       5134          0         27       8418
-/+ buffers/cache:       2365      13579
Swap:         8039          0       8039

2019年 07月 24日 星期三 04:18:12 CST
             total       used       free     shared    buffers     cached
Mem:         15945      10639       5305          0         27       8233
-/+ buffers/cache:       2379      13566
Swap:         8039          0       8039

2019年 07月 24日 星期三 04:18:16 CST
             total       used       free     shared    buffers     cached
Mem:         15945      10674       5270          0         27       8233
-/+ buffers/cache:       2413      13531
Swap:         8039          0       8039

2019年 07月 24日 星期三 04:18:20 CST
             total       used       free     shared    buffers     cached
Mem:         15945      10674       5271          0         27       8233
-/+ buffers/cache:       2413      13532
Swap:         8039          0       8039

2019年 07月 24日 星期三 04:18:24 CST
             total       used       free     shared    buffers     cached
Mem:         15945      10674       5271          0         27       8233
-/+ buffers/cache:       2412      13532
Swap:         8039          0       8039

2019年 07月 24日 星期三 04:18:28 CST
             total       used       free     shared    buffers     cached
Mem:         15945      10674       5271          0         27       8233
-/+ buffers/cache:       2413      13532
Swap:         8039          0       8039

2019年 07月 24日 星期三 04:18:32 CST
             total       used       free     shared    buffers     cached
Mem:         15945      10674       5271          0         27       8233
-/+ buffers/cache:       2412      13532
Swap:         8039          0       8039

2019年 07月 24日 星期三 04:18:36 CST
             total       used       free     shared    buffers     cached
Mem:         15945      10674       5271          0         27       8234
-/+ buffers/cache:       2412      13533
Swap:         8039          0       8039

2019年 07月 24日 星期三 04:18:41 CST
             total       used       free     shared    buffers     cached
Mem:         15945      10674       5271          0         27       8234
-/+ buffers/cache:       2412      13533
Swap:         8039          0       8039

2019年 07月 24日 星期三 04:18:45 CST
             total       used       free     shared    buffers     cached
Mem:         15945      10674       5270          0         27       8234
-/+ buffers/cache:       2412      13533
Swap:         8039          0       8039

2019年 07月 24日 星期三 04:18:49 CST
             total       used       free     shared    buffers     cached
Mem:         15945      10655       5289          0         27       8215
-/+ buffers/cache:       2412      13532
Swap:         8039          0       8039

2019年 07月 24日 星期三 04:18:53 CST
             total       used       free     shared    buffers     cached
Mem:         15945      10655       5289          0         27       8215
-/+ buffers/cache:       2412      13532
Swap:         8039          0       8039

2019年 07月 24日 星期三 04:18:57 CST
             total       used       free     shared    buffers     cached
Mem:         15945      10655       5289          0         27       8215
-/+ buffers/cache:       2412      13533
Swap:         8039          0       8039

2019年 07月 24日 星期三 04:19:01 CST
             total       used       free     shared    buffers     cached
Mem:         15945      10657       5288          0         27       8215
-/+ buffers/cache:       2413      13531
Swap:         8039          0       8039

2019年 07月 24日 星期三 04:19:05 CST
             total       used       free     shared    buffers     cached
Mem:         15945      10653       5291          0         27       8215
-/+ buffers/cache:       2410      13535
Swap:         8039          0       8039

2019年 07月 24日 星期三 04:19:09 CST
             total       used       free     shared    buffers     cached
Mem:         15945      10654       5291          0         27       8215
-/+ buffers/cache:       2410      13534
Swap:         8039          0       8039

2019年 07月 24日 星期三 04:19:13 CST
             total       used       free     shared    buffers     cached
Mem:         15945      10654       5291          0         27       8215
-/+ buffers/cache:       2411      13534
Swap:         8039          0       8039

2019年 07月 24日 星期三 04:19:17 CST
             total       used       free     shared    buffers     cached
Mem:         15945      10654       5291          0         27       8215
-/+ buffers/cache:       2410      13534
Swap:         8039          0       8039

2019年 07月 24日 星期三 04:19:21 CST
             total       used       free     shared    buffers     cached
Mem:         15945      10653       5291          0         27       8215
-/+ buffers/cache:       2410      13534
Swap:         8039          0       8039

2019年 07月 24日 星期三 04:19:25 CST
             total       used       free     shared    buffers     cached
Mem:         15945      10653       5291          0         27       8215
-/+ buffers/cache:       2410      13534
Swap:         8039          0       8039

2019年 07月 24日 星期三 04:19:29 CST
             total       used       free     shared    buffers     cached
Mem:         15945      10673       5272          0         27       8234
-/+ buffers/cache:       2410      13534
Swap:         8039          0       8039

2019年 07月 24日 星期三 04:19:33 CST
             total       used       free     shared    buffers     cached
Mem:         15945      10698       5247          0         27       8260
-/+ buffers/cache:       2410      13534
Swap:         8039          0       8039

2019年 07月 24日 星期三 04:19:37 CST
             total       used       free     shared    buffers     cached
Mem:         15945      10175       5769          0         27       8265
-/+ buffers/cache:       1882      14062
Swap:         8039          0       8039

2019年 07月 24日 星期三 04:19:41 CST
             total       used       free     shared    buffers     cached
Mem:         15945       9987       5957          0         27       8080
-/+ buffers/cache:       1879      14065
Swap:         8039          0       8039

