
2019年 07月 24日 星期三 04:13:06 CST
             total       used       free     shared    buffers     cached
Mem:         15945      10245       5699          0         29       8332
-/+ buffers/cache:       1884      14061
Swap:         8039          0       8039

2019年 07月 24日 星期三 04:13:10 CST
             total       used       free     shared    buffers     cached
Mem:         15945      10245       5699          0         29       8332
-/+ buffers/cache:       1884      14061
Swap:         8039          0       8039

2019年 07月 24日 星期三 04:13:14 CST
             total       used       free     shared    buffers     cached
Mem:         15945      10245       5699          0         29       8332
-/+ buffers/cache:       1884      14061
Swap:         8039          0       8039

2019年 07月 24日 星期三 04:13:18 CST
             total       used       free     shared    buffers     cached
Mem:         15945      10245       5699          0         29       8332
-/+ buffers/cache:       1884      14061
Swap:         8039          0       8039

2019年 07月 24日 星期三 04:13:22 CST
             total       used       free     shared    buffers     cached
Mem:         15945      10252       5692          0         29       8338
-/+ buffers/cache:       1884      14061
Swap:         8039          0       8039

2019年 07月 24日 星期三 04:13:26 CST
             total       used       free     shared    buffers     cached
Mem:         15945      10411       5533          0         29       8488
-/+ buffers/cache:       1893      14052
Swap:         8039          0       8039

2019年 07月 24日 星期三 04:13:30 CST
             total       used       free     shared    buffers     cached
Mem:         15945      10766       5178          0         29       8764
-/+ buffers/cache:       1972      13972
Swap:         8039          0       8039

2019年 07月 24日 星期三 04:13:34 CST
             total       used       free     shared    buffers     cached
Mem:         15945      11434       4511          0         29       9081
-/+ buffers/cache:       2323      13622
Swap:         8039          0       8039

2019年 07月 24日 星期三 04:13:38 CST
             total       used       free     shared    buffers     cached
Mem:         15945      12110       3834          0         29       9362
-/+ buffers/cache:       2718      13227
Swap:         8039          0       8039

2019年 07月 24日 星期三 04:13:42 CST
             total       used       free     shared    buffers     cached
Mem:         15945      12711       3233          0         29       9612
-/+ buffers/cache:       3069      12875
Swap:         8039          0       8039

2019年 07月 24日 星期三 04:13:47 CST
             total       used       free     shared    buffers     cached
Mem:         15945      13306       2639          0         29       9921
-/+ buffers/cache:       3354      12590
Swap:         8039          0       8039

2019年 07月 24日 星期三 04:13:51 CST
             total       used       free     shared    buffers     cached
Mem:         15945      13844       2100          0         29      10083
-/+ buffers/cache:       3731      12213
Swap:         8039          0       8039

2019年 07月 24日 星期三 04:13:55 CST
             total       used       free     shared    buffers     cached
Mem:         15945      14389       1556          0         29      10083
-/+ buffers/cache:       4276      11669
Swap:         8039          0       8039

2019年 07月 24日 星期三 04:13:59 CST
             total       used       free     shared    buffers     cached
Mem:         15945      15084        861          0         29      10085
-/+ buffers/cache:       4968      10977
Swap:         8039          0       8039

2019年 07月 24日 星期三 04:14:03 CST
             total       used       free     shared    buffers     cached
Mem:         15945      14263       1682          0         29      10085
-/+ buffers/cache:       4148      11797
Swap:         8039          0       8039

2019年 07月 24日 星期三 04:14:07 CST
             total       used       free     shared    buffers     cached
Mem:         15945      14104       1840          0         29      10046
-/+ buffers/cache:       4028      11916
Swap:         8039          0       8039

2019年 07月 24日 星期三 04:14:11 CST
             total       used       free     shared    buffers     cached
Mem:         15945      14779       1166          0         29      10046
-/+ buffers/cache:       4702      11242
Swap:         8039          0       8039

2019年 07月 24日 星期三 04:14:15 CST
             total       used       free     shared    buffers     cached
Mem:         15945      13434       2511          0         29      10097
-/+ buffers/cache:       3307      12638
Swap:         8039          0       8039

2019年 07月 24日 星期三 04:14:19 CST
             total       used       free     shared    buffers     cached
Mem:         15945      14419       1525          0         30      10381
-/+ buffers/cache:       4008      11936
Swap:         8039          0       8039

2019年 07月 24日 星期三 04:14:23 CST
             total       used       free     shared    buffers     cached
Mem:         15945      14294       1650          0         30      10360
-/+ buffers/cache:       3903      12041
Swap:         8039          0       8039

2019年 07月 24日 星期三 04:14:27 CST
             total       used       free     shared    buffers     cached
Mem:         15945      14991        954          0         30      10361
-/+ buffers/cache:       4600      11345
Swap:         8039          0       8039

2019年 07月 24日 星期三 04:14:31 CST
             total       used       free     shared    buffers     cached
Mem:         15945      15543        401          0         30      10364
-/+ buffers/cache:       5148      10796
Swap:         8039          0       8039

2019年 07月 24日 星期三 04:14:35 CST
             total       used       free     shared    buffers     cached
Mem:         15945      15775        170          0         30      10031
-/+ buffers/cache:       5713      10231
Swap:         8039          0       8039

2019年 07月 24日 星期三 04:14:39 CST
             total       used       free     shared    buffers     cached
Mem:         15945      14063       1882          0         30       9849
-/+ buffers/cache:       4184      11761
Swap:         8039          0       8039

2019年 07月 24日 星期三 04:14:43 CST
             total       used       free     shared    buffers     cached
Mem:         15945      14496       1449          0         30       9869
-/+ buffers/cache:       4597      11348
Swap:         8039          0       8039

2019年 07月 24日 星期三 04:14:47 CST
             total       used       free     shared    buffers     cached
Mem:         15945      14893       1051          0         30       9871
-/+ buffers/cache:       4992      10953
Swap:         8039          0       8039

2019年 07月 24日 星期三 04:14:51 CST
             total       used       free     shared    buffers     cached
Mem:         15945      15018        927          0         30       9871
-/+ buffers/cache:       5116      10829
Swap:         8039          0       8039

2019年 07月 24日 星期三 04:14:55 CST
             total       used       free     shared    buffers     cached
Mem:         15945      14084       1860          0         30       9791
-/+ buffers/cache:       4263      11682
Swap:         8039          0       8039

2019年 07月 24日 星期三 04:14:59 CST
             total       used       free     shared    buffers     cached
Mem:         15945      13448       2497          0         30      10054
-/+ buffers/cache:       3363      12582
Swap:         8039          0       8039

2019年 07月 24日 星期三 04:15:03 CST
             total       used       free     shared    buffers     cached
Mem:         15945      13043       2902          0         36      10055
-/+ buffers/cache:       2951      12994
Swap:         8039          0       8039

2019年 07月 24日 星期三 04:15:07 CST
             total       used       free     shared    buffers     cached
Mem:         15945      13373       2571          0         89      10045
-/+ buffers/cache:       3239      12706
Swap:         8039          0       8039

2019年 07月 24日 星期三 04:15:11 CST
             total       used       free     shared    buffers     cached
Mem:         15945      14017       1928          0         89      10210
-/+ buffers/cache:       3717      12227
Swap:         8039          0       8039

2019年 07月 24日 星期三 04:15:15 CST
             total       used       free     shared    buffers     cached
Mem:         15945      15037        908          0         89      10474
-/+ buffers/cache:       4474      11471
Swap:         8039          0       8039

2019年 07月 24日 星期三 04:15:19 CST
             total       used       free     shared    buffers     cached
Mem:         15945      15779        166          0         88      10630
-/+ buffers/cache:       5059      10886
Swap:         8039          0       8039

2019年 07月 24日 星期三 04:15:23 CST
             total       used       free     shared    buffers     cached
Mem:         15945      15372        573          0         88      10548
-/+ buffers/cache:       4735      11210
Swap:         8039          0       8039

2019年 07月 24日 星期三 04:15:27 CST
             total       used       free     shared    buffers     cached
Mem:         15945      15764        181          0         88       9903
-/+ buffers/cache:       5772      10173
Swap:         8039          0       8039

2019年 07月 24日 星期三 04:15:31 CST
             total       used       free     shared    buffers     cached
Mem:         15945      15780        164          0         88       9579
-/+ buffers/cache:       6112       9832
Swap:         8039          0       8039

2019年 07月 24日 星期三 04:15:35 CST
             total       used       free     shared    buffers     cached
Mem:         15945      15765        180          0         88       9411
-/+ buffers/cache:       6265       9680
Swap:         8039          0       8039

2019年 07月 24日 星期三 04:15:39 CST
             total       used       free     shared    buffers     cached
Mem:         15945      15782        163          0         88       9115
-/+ buffers/cache:       6578       9366
Swap:         8039          0       8039

2019年 07月 24日 星期三 04:15:43 CST
             total       used       free     shared    buffers     cached
Mem:         15945      15768        176          0         88       8920
-/+ buffers/cache:       6760       9185
Swap:         8039          0       8039

2019年 07月 24日 星期三 04:15:47 CST
             total       used       free     shared    buffers     cached
Mem:         15945      15327        618          0         88       8798
-/+ buffers/cache:       6441       9504
Swap:         8039          0       8039

2019年 07月 24日 星期三 04:15:51 CST
             total       used       free     shared    buffers     cached
Mem:         15945      15680        264          0         88       8886
-/+ buffers/cache:       6706       9239
Swap:         8039          0       8039

2019年 07月 24日 星期三 04:15:55 CST
             total       used       free     shared    buffers     cached
Mem:         15945      15768        176          0         88       8662
-/+ buffers/cache:       7018       8927
Swap:         8039          0       8039

2019年 07月 24日 星期三 04:15:59 CST
             total       used       free     shared    buffers     cached
Mem:         15945      15234        710          0         88       8468
-/+ buffers/cache:       6678       9267
Swap:         8039          0       8039

2019年 07月 24日 星期三 04:16:03 CST
             total       used       free     shared    buffers     cached
Mem:         15945      15468        476          0         88       8497
-/+ buffers/cache:       6882       9062
Swap:         8039          0       8039

2019年 07月 24日 星期三 04:16:08 CST
             total       used       free     shared    buffers     cached
Mem:         15945      15668        277          0         88       8528
-/+ buffers/cache:       7051       8894
Swap:         8039          0       8039

2019年 07月 24日 星期三 04:16:12 CST
             total       used       free     shared    buffers     cached
Mem:         15945      11374       4570          0         88       8522
-/+ buffers/cache:       2764      13181
Swap:         8039          0       8039

2019年 07月 24日 星期三 04:16:17 CST
             total       used       free     shared    buffers     cached
Mem:         15945      11883       4062          0         88       8737
-/+ buffers/cache:       3057      12888
Swap:         8039          0       8039

2019年 07月 24日 星期三 04:16:21 CST
             total       used       free     shared    buffers     cached
Mem:         15945      12243       3702          0         88       8786
-/+ buffers/cache:       3368      12577
Swap:         8039          0       8039

2019年 07月 24日 星期三 04:16:25 CST
             total       used       free     shared    buffers     cached
Mem:         15945      12248       3696          0         88       8622
-/+ buffers/cache:       3537      12407
Swap:         8039          0       8039

2019年 07月 24日 星期三 04:16:29 CST
             total       used       free     shared    buffers     cached
Mem:         15945      12704       3241          0         88       8622
-/+ buffers/cache:       3992      11952
Swap:         8039          0       8039

2019年 07月 24日 星期三 04:16:33 CST
             total       used       free     shared    buffers     cached
Mem:         15945      13126       2819          0         88       8624
-/+ buffers/cache:       4413      11532
Swap:         8039          0       8039

2019年 07月 24日 星期三 04:16:37 CST
             total       used       free     shared    buffers     cached
Mem:         15945      13077       2868          0         88       8604
-/+ buffers/cache:       4384      11561
Swap:         8039          0       8039

2019年 07月 24日 星期三 04:16:41 CST
             total       used       free     shared    buffers     cached
Mem:         15945      12984       2961          0         88       8792
-/+ buffers/cache:       4103      11842
Swap:         8039          0       8039

2019年 07月 24日 星期三 04:16:45 CST
             total       used       free     shared    buffers     cached
Mem:         15945      13400       2544          0         88       8773
-/+ buffers/cache:       4538      11406
Swap:         8039          0       8039

2019年 07月 24日 星期三 04:16:49 CST
             total       used       free     shared    buffers     cached
Mem:         15945      13367       2578          0         88       8774
-/+ buffers/cache:       4504      11441
Swap:         8039          0       8039

2019年 07月 24日 星期三 04:16:53 CST
             total       used       free     shared    buffers     cached
Mem:         15945      13675       2270          0         88       8774
-/+ buffers/cache:       4812      11133
Swap:         8039          0       8039

2019年 07月 24日 星期三 04:16:57 CST
             total       used       free     shared    buffers     cached
Mem:         15945      13450       2494          0         88       8775
-/+ buffers/cache:       4586      11358
Swap:         8039          0       8039

2019年 07月 24日 星期三 04:17:03 CST
             total       used       free     shared    buffers     cached
Mem:         15945      13813       2131          0         88       8571
-/+ buffers/cache:       5153      10792
Swap:         8039          0       8039

2019年 07月 24日 星期三 04:17:07 CST
             total       used       free     shared    buffers     cached
Mem:         15945      13403       2541          0         88       8590
-/+ buffers/cache:       4724      11220
Swap:         8039          0       8039

2019年 07月 24日 星期三 04:17:11 CST
             total       used       free     shared    buffers     cached
Mem:         15945      14078       1867          0         88       8591
-/+ buffers/cache:       5397      10547
Swap:         8039          0       8039

2019年 07月 24日 星期三 04:17:15 CST
             total       used       free     shared    buffers     cached
Mem:         15945      14299       1646          0         88       8406
-/+ buffers/cache:       5803      10141
Swap:         8039          0       8039

2019年 07月 24日 星期三 04:17:19 CST
             total       used       free     shared    buffers     cached
Mem:         15945      14487       1457          0         88       7988
-/+ buffers/cache:       6410       9534
Swap:         8039          0       8039

2019年 07月 24日 星期三 04:17:23 CST
             total       used       free     shared    buffers     cached
Mem:         15945      14655       1290          0         88       7992
-/+ buffers/cache:       6574       9371
Swap:         8039          0       8039

2019年 07月 24日 星期三 04:17:27 CST
             total       used       free     shared    buffers     cached
Mem:         15945      14770       1175          0         88       7992
-/+ buffers/cache:       6689       9256
Swap:         8039          0       8039

2019年 07月 24日 星期三 04:17:31 CST
             total       used       free     shared    buffers     cached
Mem:         15945      14923       1021          0         88       8000
-/+ buffers/cache:       6834       9111
Swap:         8039          0       8039

2019年 07月 24日 星期三 04:17:35 CST
             total       used       free     shared    buffers     cached
Mem:         15945      14961        983          0         88       8001
-/+ buffers/cache:       6871       9073
Swap:         8039          0       8039

2019年 07月 24日 星期三 04:17:39 CST
             total       used       free     shared    buffers     cached
Mem:         15945      15006        939          0         88       8009
-/+ buffers/cache:       6908       9037
Swap:         8039          0       8039

2019年 07月 24日 星期三 04:17:43 CST
             total       used       free     shared    buffers     cached
Mem:         15945      13880       2064          0         88       8034
-/+ buffers/cache:       5757      10188
Swap:         8039          0       8039

2019年 07月 24日 星期三 04:18:06 CST
             total       used       free     shared    buffers     cached
Mem:         15945      11100       4844          0         88       8241
-/+ buffers/cache:       2770      13174
Swap:         8039          0       8039

2019年 07月 24日 星期三 04:18:10 CST
             total       used       free     shared    buffers     cached
Mem:         15945      10930       5015          0         88       7847
-/+ buffers/cache:       2993      12951
Swap:         8039          0       8039

2019年 07月 24日 星期三 04:18:14 CST
             total       used       free     shared    buffers     cached
Mem:         15945      11301       4644          0         88       7848
-/+ buffers/cache:       3364      12580
Swap:         8039          0       8039

2019年 07月 24日 星期三 04:18:18 CST
             total       used       free     shared    buffers     cached
Mem:         15945      11583       4361          0         88       7855
-/+ buffers/cache:       3640      12305
Swap:         8039          0       8039

2019年 07月 24日 星期三 04:18:22 CST
             total       used       free     shared    buffers     cached
Mem:         15945      11710       4234          0         88       7921
-/+ buffers/cache:       3700      12244
Swap:         8039          0       8039

2019年 07月 24日 星期三 04:18:26 CST
             total       used       free     shared    buffers     cached
Mem:         15945      11777       4168          0         88       7972
-/+ buffers/cache:       3716      12229
Swap:         8039          0       8039

2019年 07月 24日 星期三 04:18:30 CST
             total       used       free     shared    buffers     cached
Mem:         15945      11884       4061          0         88       8031
-/+ buffers/cache:       3763      12182
Swap:         8039          0       8039

2019年 07月 24日 星期三 04:18:34 CST
             total       used       free     shared    buffers     cached
Mem:         15945      11984       3960          0         88       8098
-/+ buffers/cache:       3797      12148
Swap:         8039          0       8039

2019年 07月 24日 星期三 04:18:38 CST
             total       used       free     shared    buffers     cached
Mem:         15945      12056       3889          0         88       8152
-/+ buffers/cache:       3814      12130
Swap:         8039          0       8039

2019年 07月 24日 星期三 04:18:42 CST
             total       used       free     shared    buffers     cached
Mem:         15945      10953       4992          0         88       8201
-/+ buffers/cache:       2663      13282
Swap:         8039          0       8039

2019年 07月 24日 星期三 04:18:46 CST
             total       used       free     shared    buffers     cached
Mem:         15945      11024       4921          0         88       8259
-/+ buffers/cache:       2675      13269
Swap:         8039          0       8039

2019年 07月 24日 星期三 04:18:50 CST
             total       used       free     shared    buffers     cached
Mem:         15945      11119       4826          0         88       8329
-/+ buffers/cache:       2700      13244
Swap:         8039          0       8039

2019年 07月 24日 星期三 04:18:54 CST
             total       used       free     shared    buffers     cached
Mem:         15945      11186       4758          0         88       8385
-/+ buffers/cache:       2712      13233
Swap:         8039          0       8039

2019年 07月 24日 星期三 04:18:58 CST
             total       used       free     shared    buffers     cached
Mem:         15945      11276       4669          0         88       8453
-/+ buffers/cache:       2733      13212
Swap:         8039          0       8039

2019年 07月 24日 星期三 04:19:02 CST
             total       used       free     shared    buffers     cached
Mem:         15945      11345       4600          0         88       8510
-/+ buffers/cache:       2745      13200
Swap:         8039          0       8039

2019年 07月 24日 星期三 04:19:06 CST
             total       used       free     shared    buffers     cached
Mem:         15945      11427       4518          0         88       8578
-/+ buffers/cache:       2760      13185
Swap:         8039          0       8039

2019年 07月 24日 星期三 04:19:10 CST
             total       used       free     shared    buffers     cached
Mem:         15945      11507       4438          0         88       8636
-/+ buffers/cache:       2781      13164
Swap:         8039          0       8039

2019年 07月 24日 星期三 04:19:14 CST
             total       used       free     shared    buffers     cached
Mem:         15945      11562       4383          0         88       8670
-/+ buffers/cache:       2802      13142
Swap:         8039          0       8039

2019年 07月 24日 星期三 04:19:18 CST
             total       used       free     shared    buffers     cached
Mem:         15945      11579       4365          0         88       8674
-/+ buffers/cache:       2815      13129
Swap:         8039          0       8039

2019年 07月 24日 星期三 04:19:22 CST
             total       used       free     shared    buffers     cached
Mem:         15945      11597       4347          0         88       8674
-/+ buffers/cache:       2833      13111
Swap:         8039          0       8039

2019年 07月 24日 星期三 04:19:26 CST
             total       used       free     shared    buffers     cached
Mem:         15945      11647       4297          0         88       8684
-/+ buffers/cache:       2874      13071
Swap:         8039          0       8039

2019年 07月 24日 星期三 04:19:30 CST
             total       used       free     shared    buffers     cached
Mem:         15945      11673       4272          0         88       8708
-/+ buffers/cache:       2876      13069
Swap:         8039          0       8039

2019年 07月 24日 星期三 04:19:34 CST
             total       used       free     shared    buffers     cached
Mem:         15945      11608       4337          0         88       8698
-/+ buffers/cache:       2820      13124
Swap:         8039          0       8039

2019年 07月 24日 星期三 04:19:38 CST
             total       used       free     shared    buffers     cached
Mem:         15945      10727       5218          0         88       8697
-/+ buffers/cache:       1941      14004
Swap:         8039          0       8039

2019年 07月 24日 星期三 04:19:42 CST
             total       used       free     shared    buffers     cached
Mem:         15945      10539       5406          0         88       8512
-/+ buffers/cache:       1938      14007
Swap:         8039          0       8039

