
Linux 2.6.32-431.el6.x86_64 (slave1) 	2019年07月26日 	_x86_64_	(8 CPU)

22时26分28秒  CPU    %usr   %nice    %sys %iowait    %irq   %soft  %steal  %guest   %idle
22时26分29秒  all    0.00    0.00    0.00    0.00    0.00    0.00    0.00    0.00  100.00
平均时间:  all    0.00    0.00    0.00    0.00    0.00    0.00    0.00    0.00  100.00

Linux 2.6.32-431.el6.x86_64 (slave1) 	2019年07月26日 	_x86_64_	(8 CPU)

22时26分32秒  CPU    %usr   %nice    %sys %iowait    %irq   %soft  %steal  %guest   %idle
22时26分33秒  all    0.00    0.00    0.00    0.00    0.00    0.00    0.00    0.00  100.00
平均时间:  all    0.00    0.00    0.00    0.00    0.00    0.00    0.00    0.00  100.00

Linux 2.6.32-431.el6.x86_64 (slave1) 	2019年07月26日 	_x86_64_	(8 CPU)

22时26分36秒  CPU    %usr   %nice    %sys %iowait    %irq   %soft  %steal  %guest   %idle
22时26分37秒  all    0.00    0.00    0.13    0.00    0.00    0.00    0.00    0.00   99.87
平均时间:  all    0.00    0.00    0.13    0.00    0.00    0.00    0.00    0.00   99.87

Linux 2.6.32-431.el6.x86_64 (slave1) 	2019年07月26日 	_x86_64_	(8 CPU)

22时26分40秒  CPU    %usr   %nice    %sys %iowait    %irq   %soft  %steal  %guest   %idle
22时26分41秒  all    0.00    0.00    0.00    0.00    0.00    0.00    0.00    0.00  100.00
平均时间:  all    0.00    0.00    0.00    0.00    0.00    0.00    0.00    0.00  100.00

Linux 2.6.32-431.el6.x86_64 (slave1) 	2019年07月26日 	_x86_64_	(8 CPU)

22时26分44秒  CPU    %usr   %nice    %sys %iowait    %irq   %soft  %steal  %guest   %idle
22时26分45秒  all    0.00    0.00    0.00    0.00    0.00    0.00    0.00    0.00  100.00
平均时间:  all    0.00    0.00    0.00    0.00    0.00    0.00    0.00    0.00  100.00

Linux 2.6.32-431.el6.x86_64 (slave1) 	2019年07月26日 	_x86_64_	(8 CPU)

22时26分48秒  CPU    %usr   %nice    %sys %iowait    %irq   %soft  %steal  %guest   %idle
22时26分49秒  all    0.93    0.00    7.34    0.00    0.40   18.16    0.00    0.00   73.16
平均时间:  all    0.93    0.00    7.34    0.00    0.40   18.16    0.00    0.00   73.16

Linux 2.6.32-431.el6.x86_64 (slave1) 	2019年07月26日 	_x86_64_	(8 CPU)

22时26分52秒  CPU    %usr   %nice    %sys %iowait    %irq   %soft  %steal  %guest   %idle
22时26分53秒  all   20.68    0.00   11.89    0.00    0.41   20.00    0.00    0.00   47.03
平均时间:  all   20.68    0.00   11.89    0.00    0.41   20.00    0.00    0.00   47.03

Linux 2.6.32-431.el6.x86_64 (slave1) 	2019年07月26日 	_x86_64_	(8 CPU)

22时26分56秒  CPU    %usr   %nice    %sys %iowait    %irq   %soft  %steal  %guest   %idle
22时26分57秒  all   21.72    0.00   10.99    0.00    0.40   18.77    0.00    0.00   48.12
平均时间:  all   21.72    0.00   10.99    0.00    0.40   18.77    0.00    0.00   48.12

Linux 2.6.32-431.el6.x86_64 (slave1) 	2019年07月26日 	_x86_64_	(8 CPU)

22时27分00秒  CPU    %usr   %nice    %sys %iowait    %irq   %soft  %steal  %guest   %idle
22时27分01秒  all   32.85    0.00   11.44    0.00    0.27   17.82    0.00    0.00   37.63
平均时间:  all   32.85    0.00   11.44    0.00    0.27   17.82    0.00    0.00   37.63

Linux 2.6.32-431.el6.x86_64 (slave1) 	2019年07月26日 	_x86_64_	(8 CPU)

22时27分04秒  CPU    %usr   %nice    %sys %iowait    %irq   %soft  %steal  %guest   %idle
22时27分05秒  all    1.47    0.00    9.21    0.00    0.40    9.75    0.00    0.00   79.17
平均时间:  all    1.47    0.00    9.21    0.00    0.40    9.75    0.00    0.00   79.17

Linux 2.6.32-431.el6.x86_64 (slave1) 	2019年07月26日 	_x86_64_	(8 CPU)

22时27分08秒  CPU    %usr   %nice    %sys %iowait    %irq   %soft  %steal  %guest   %idle
22时27分09秒  all    6.86    0.00   15.48    0.00    0.40   15.34    0.00    0.00   61.91
平均时间:  all    6.86    0.00   15.48    0.00    0.40   15.34    0.00    0.00   61.91

Linux 2.6.32-431.el6.x86_64 (slave1) 	2019年07月26日 	_x86_64_	(8 CPU)

22时27分12秒  CPU    %usr   %nice    %sys %iowait    %irq   %soft  %steal  %guest   %idle
22时27分13秒  all   48.66    0.00   26.89    0.00    0.90   10.50    0.00    0.00   13.06
平均时间:  all   48.66    0.00   26.89    0.00    0.90   10.50    0.00    0.00   13.06

Linux 2.6.32-431.el6.x86_64 (slave1) 	2019年07月26日 	_x86_64_	(8 CPU)

22时27分16秒  CPU    %usr   %nice    %sys %iowait    %irq   %soft  %steal  %guest   %idle
22时27分17秒  all   83.25    0.00   15.50    0.00    0.00    0.62    0.00    0.00    0.62
平均时间:  all   83.25    0.00   15.50    0.00    0.00    0.62    0.00    0.00    0.62

Linux 2.6.32-431.el6.x86_64 (slave1) 	2019年07月26日 	_x86_64_	(8 CPU)

22时27分20秒  CPU    %usr   %nice    %sys %iowait    %irq   %soft  %steal  %guest   %idle
22时27分21秒  all   90.62    0.00    9.12    0.00    0.00    0.00    0.00    0.00    0.25
平均时间:  all   90.62    0.00    9.12    0.00    0.00    0.00    0.00    0.00    0.25

Linux 2.6.32-431.el6.x86_64 (slave1) 	2019年07月26日 	_x86_64_	(8 CPU)

22时27分24秒  CPU    %usr   %nice    %sys %iowait    %irq   %soft  %steal  %guest   %idle
22时27分25秒  all   92.12    0.00    6.75    0.00    0.00    0.00    0.00    0.00    1.12
平均时间:  all   92.12    0.00    6.75    0.00    0.00    0.00    0.00    0.00    1.12

Linux 2.6.32-431.el6.x86_64 (slave1) 	2019年07月26日 	_x86_64_	(8 CPU)

22时27分28秒  CPU    %usr   %nice    %sys %iowait    %irq   %soft  %steal  %guest   %idle
22时27分29秒  all   90.54    0.00    7.72    0.00    0.00    0.00    0.00    0.00    1.74
平均时间:  all   90.54    0.00    7.72    0.00    0.00    0.00    0.00    0.00    1.74

Linux 2.6.32-431.el6.x86_64 (slave1) 	2019年07月26日 	_x86_64_	(8 CPU)

22时27分32秒  CPU    %usr   %nice    %sys %iowait    %irq   %soft  %steal  %guest   %idle
22时27分33秒  all   52.38    0.00    7.85    0.00    0.00    1.16    0.00    0.00   38.61
平均时间:  all   52.38    0.00    7.85    0.00    0.00    1.16    0.00    0.00   38.61

Linux 2.6.32-431.el6.x86_64 (slave1) 	2019年07月26日 	_x86_64_	(8 CPU)

22时27分36秒  CPU    %usr   %nice    %sys %iowait    %irq   %soft  %steal  %guest   %idle
22时27分37秒  all   22.07    0.00    4.46    0.00    0.00    0.00    0.00    0.00   73.47
平均时间:  all   22.07    0.00    4.46    0.00    0.00    0.00    0.00    0.00   73.47

Linux 2.6.32-431.el6.x86_64 (slave1) 	2019年07月26日 	_x86_64_	(8 CPU)

22时27分40秒  CPU    %usr   %nice    %sys %iowait    %irq   %soft  %steal  %guest   %idle
22时27分41秒  all   44.65    0.00    8.13    0.00    0.00    0.13    0.00    0.00   47.10
平均时间:  all   44.65    0.00    8.13    0.00    0.00    0.13    0.00    0.00   47.10

Linux 2.6.32-431.el6.x86_64 (slave1) 	2019年07月26日 	_x86_64_	(8 CPU)

22时27分44秒  CPU    %usr   %nice    %sys %iowait    %irq   %soft  %steal  %guest   %idle
22时27分45秒  all   39.50    0.00    8.59    2.25    0.66    4.23    0.00    0.00   44.78
平均时间:  all   39.50    0.00    8.59    2.25    0.66    4.23    0.00    0.00   44.78

Linux 2.6.32-431.el6.x86_64 (slave1) 	2019年07月26日 	_x86_64_	(8 CPU)

22时27分48秒  CPU    %usr   %nice    %sys %iowait    %irq   %soft  %steal  %guest   %idle
22时27分49秒  all   18.75    0.00    2.17    0.00    0.13    0.00    0.00    0.00   78.95
平均时间:  all   18.75    0.00    2.17    0.00    0.13    0.00    0.00    0.00   78.95

Linux 2.6.32-431.el6.x86_64 (slave1) 	2019年07月26日 	_x86_64_	(8 CPU)

22时27分52秒  CPU    %usr   %nice    %sys %iowait    %irq   %soft  %steal  %guest   %idle
22时27分53秒  all   26.95    0.00    3.32    0.00    0.00    0.00    0.00    0.00   69.73
平均时间:  all   26.95    0.00    3.32    0.00    0.00    0.00    0.00    0.00   69.73

Linux 2.6.32-431.el6.x86_64 (slave1) 	2019年07月26日 	_x86_64_	(8 CPU)

22时27分56秒  CPU    %usr   %nice    %sys %iowait    %irq   %soft  %steal  %guest   %idle
22时27分57秒  all   64.62    0.00    7.54    0.00    0.00    0.00    0.00    0.00   27.84
平均时间:  all   64.62    0.00    7.54    0.00    0.00    0.00    0.00    0.00   27.84

Linux 2.6.32-431.el6.x86_64 (slave1) 	2019年07月26日 	_x86_64_	(8 CPU)

22时28分00秒  CPU    %usr   %nice    %sys %iowait    %irq   %soft  %steal  %guest   %idle
22时28分01秒  all   80.91    0.00    9.48    0.00    0.00    0.13    0.00    0.00    9.48
平均时间:  all   80.91    0.00    9.48    0.00    0.00    0.13    0.00    0.00    9.48

Linux 2.6.32-431.el6.x86_64 (slave1) 	2019年07月26日 	_x86_64_	(8 CPU)

22时28分04秒  CPU    %usr   %nice    %sys %iowait    %irq   %soft  %steal  %guest   %idle
22时28分05秒  all   23.72    0.00    4.49    0.00    0.00    0.00    0.00    0.00   71.79
平均时间:  all   23.72    0.00    4.49    0.00    0.00    0.00    0.00    0.00   71.79

Linux 2.6.32-431.el6.x86_64 (slave1) 	2019年07月26日 	_x86_64_	(8 CPU)

22时28分08秒  CPU    %usr   %nice    %sys %iowait    %irq   %soft  %steal  %guest   %idle
22时28分09秒  all   52.50    0.00    5.51    0.00    0.00    0.00    0.00    0.00   42.00
平均时间:  all   52.50    0.00    5.51    0.00    0.00    0.00    0.00    0.00   42.00

Linux 2.6.32-431.el6.x86_64 (slave1) 	2019年07月26日 	_x86_64_	(8 CPU)

22时28分12秒  CPU    %usr   %nice    %sys %iowait    %irq   %soft  %steal  %guest   %idle
22时28分13秒  all   61.78    0.00    7.52    0.00    0.00    0.00    0.00    0.00   30.70
平均时间:  all   61.78    0.00    7.52    0.00    0.00    0.00    0.00    0.00   30.70

Linux 2.6.32-431.el6.x86_64 (slave1) 	2019年07月26日 	_x86_64_	(8 CPU)

22时28分16秒  CPU    %usr   %nice    %sys %iowait    %irq   %soft  %steal  %guest   %idle
22时28分17秒  all   43.71    0.00    5.84    0.00    0.00    0.13    0.00    0.00   50.32
平均时间:  all   43.71    0.00    5.84    0.00    0.00    0.13    0.00    0.00   50.32

Linux 2.6.32-431.el6.x86_64 (slave1) 	2019年07月26日 	_x86_64_	(8 CPU)

22时28分20秒  CPU    %usr   %nice    %sys %iowait    %irq   %soft  %steal  %guest   %idle
22时28分21秒  all   32.52    0.00    2.82    0.00    0.00    0.51    0.00    0.00   64.15
平均时间:  all   32.52    0.00    2.82    0.00    0.00    0.51    0.00    0.00   64.15

Linux 2.6.32-431.el6.x86_64 (slave1) 	2019年07月26日 	_x86_64_	(8 CPU)

22时28分24秒  CPU    %usr   %nice    %sys %iowait    %irq   %soft  %steal  %guest   %idle
22时28分25秒  all   28.72    0.00    2.44    0.00    0.00    0.90    0.00    0.00   67.95
平均时间:  all   28.72    0.00    2.44    0.00    0.00    0.90    0.00    0.00   67.95

Linux 2.6.32-431.el6.x86_64 (slave1) 	2019年07月26日 	_x86_64_	(8 CPU)

22时28分28秒  CPU    %usr   %nice    %sys %iowait    %irq   %soft  %steal  %guest   %idle
22时28分29秒  all   32.51    0.00    5.83    0.00    0.13    2.07    0.00    0.00   59.46
平均时间:  all   32.51    0.00    5.83    0.00    0.13    2.07    0.00    0.00   59.46

Linux 2.6.32-431.el6.x86_64 (slave1) 	2019年07月26日 	_x86_64_	(8 CPU)

22时28分32秒  CPU    %usr   %nice    %sys %iowait    %irq   %soft  %steal  %guest   %idle
22时28分33秒  all   42.20    0.00   17.06    0.00    0.26   17.06    0.00    0.00   23.41
平均时间:  all   42.20    0.00   17.06    0.00    0.26   17.06    0.00    0.00   23.41

Linux 2.6.32-431.el6.x86_64 (slave1) 	2019年07月26日 	_x86_64_	(8 CPU)

22时28分36秒  CPU    %usr   %nice    %sys %iowait    %irq   %soft  %steal  %guest   %idle
22时28分37秒  all   56.51    0.00   21.74    0.00    0.25   18.20    0.00    0.00    3.29
平均时间:  all   56.51    0.00   21.74    0.00    0.25   18.20    0.00    0.00    3.29

Linux 2.6.32-431.el6.x86_64 (slave1) 	2019年07月26日 	_x86_64_	(8 CPU)

22时28分40秒  CPU    %usr   %nice    %sys %iowait    %irq   %soft  %steal  %guest   %idle
22时28分41秒  all   51.13    0.00   16.78    0.00    0.13   11.19    0.00    0.00   20.77
平均时间:  all   51.13    0.00   16.78    0.00    0.13   11.19    0.00    0.00   20.77

Linux 2.6.32-431.el6.x86_64 (slave1) 	2019年07月26日 	_x86_64_	(8 CPU)

22时28分44秒  CPU    %usr   %nice    %sys %iowait    %irq   %soft  %steal  %guest   %idle
22时28分45秒  all   46.34    0.00   16.45    0.00    0.39   17.62    0.00    0.00   19.19
平均时间:  all   46.34    0.00   16.45    0.00    0.39   17.62    0.00    0.00   19.19

Linux 2.6.32-431.el6.x86_64 (slave1) 	2019年07月26日 	_x86_64_	(8 CPU)

22时28分48秒  CPU    %usr   %nice    %sys %iowait    %irq   %soft  %steal  %guest   %idle
22时28分49秒  all   43.73    0.00   13.97    0.00    0.52   12.01    0.00    0.00   29.77
平均时间:  all   43.73    0.00   13.97    0.00    0.52   12.01    0.00    0.00   29.77

Linux 2.6.32-431.el6.x86_64 (slave1) 	2019年07月26日 	_x86_64_	(8 CPU)

22时28分52秒  CPU    %usr   %nice    %sys %iowait    %irq   %soft  %steal  %guest   %idle
22时28分53秒  all   48.67    0.00   15.43    0.00    0.40   14.36    0.00    0.00   21.14
平均时间:  all   48.67    0.00   15.43    0.00    0.40   14.36    0.00    0.00   21.14

Linux 2.6.32-431.el6.x86_64 (slave1) 	2019年07月26日 	_x86_64_	(8 CPU)

22时28分56秒  CPU    %usr   %nice    %sys %iowait    %irq   %soft  %steal  %guest   %idle
22时28分57秒  all   34.61    0.00    3.19    0.00    0.13    1.28    0.00    0.00   60.79
平均时间:  all   34.61    0.00    3.19    0.00    0.13    1.28    0.00    0.00   60.79

Linux 2.6.32-431.el6.x86_64 (slave1) 	2019年07月26日 	_x86_64_	(8 CPU)

22时29分00秒  CPU    %usr   %nice    %sys %iowait    %irq   %soft  %steal  %guest   %idle
22时29分01秒  all   38.64    0.00   10.53    0.00    0.26    6.29    0.00    0.00   44.29
平均时间:  all   38.64    0.00   10.53    0.00    0.26    6.29    0.00    0.00   44.29

Linux 2.6.32-431.el6.x86_64 (slave1) 	2019年07月26日 	_x86_64_	(8 CPU)

22时29分04秒  CPU    %usr   %nice    %sys %iowait    %irq   %soft  %steal  %guest   %idle
22时29分05秒  all   28.64    0.00    1.52    0.00    0.13    0.89    0.00    0.00   68.82
平均时间:  all   28.64    0.00    1.52    0.00    0.13    0.89    0.00    0.00   68.82

Linux 2.6.32-431.el6.x86_64 (slave1) 	2019年07月26日 	_x86_64_	(8 CPU)

22时29分08秒  CPU    %usr   %nice    %sys %iowait    %irq   %soft  %steal  %guest   %idle
22时29分09秒  all   33.55    0.00    2.67    0.00    0.13    1.65    0.00    0.00   62.01
平均时间:  all   33.55    0.00    2.67    0.00    0.13    1.65    0.00    0.00   62.01

Linux 2.6.32-431.el6.x86_64 (slave1) 	2019年07月26日 	_x86_64_	(8 CPU)

22时29分12秒  CPU    %usr   %nice    %sys %iowait    %irq   %soft  %steal  %guest   %idle
22时29分13秒  all   78.91    0.00    7.83    0.00    0.00    0.76    0.00    0.00   12.50
平均时间:  all   78.91    0.00    7.83    0.00    0.00    0.76    0.00    0.00   12.50

Linux 2.6.32-431.el6.x86_64 (slave1) 	2019年07月26日 	_x86_64_	(8 CPU)

22时29分16秒  CPU    %usr   %nice    %sys %iowait    %irq   %soft  %steal  %guest   %idle
22时29分17秒  all   61.41    0.00    4.04    0.00    0.00    0.88    0.00    0.00   33.67
平均时间:  all   61.41    0.00    4.04    0.00    0.00    0.88    0.00    0.00   33.67

Linux 2.6.32-431.el6.x86_64 (slave1) 	2019年07月26日 	_x86_64_	(8 CPU)

22时29分20秒  CPU    %usr   %nice    %sys %iowait    %irq   %soft  %steal  %guest   %idle
22时29分21秒  all   62.60    0.00    9.29    0.13    0.00    0.51    0.00    0.00   27.48
平均时间:  all   62.60    0.00    9.29    0.13    0.00    0.51    0.00    0.00   27.48

Linux 2.6.32-431.el6.x86_64 (slave1) 	2019年07月26日 	_x86_64_	(8 CPU)

22时29分24秒  CPU    %usr   %nice    %sys %iowait    %irq   %soft  %steal  %guest   %idle
22时29分25秒  all   76.14    0.00    5.43    0.00    0.00    0.51    0.00    0.00   17.93
平均时间:  all   76.14    0.00    5.43    0.00    0.00    0.51    0.00    0.00   17.93

Linux 2.6.32-431.el6.x86_64 (slave1) 	2019年07月26日 	_x86_64_	(8 CPU)

22时29分28秒  CPU    %usr   %nice    %sys %iowait    %irq   %soft  %steal  %guest   %idle
22时29分29秒  all   33.76    0.00    8.51    0.00    0.00    0.13    0.00    0.00   57.60
平均时间:  all   33.76    0.00    8.51    0.00    0.00    0.13    0.00    0.00   57.60

Linux 2.6.32-431.el6.x86_64 (slave1) 	2019年07月26日 	_x86_64_	(8 CPU)

22时29分32秒  CPU    %usr   %nice    %sys %iowait    %irq   %soft  %steal  %guest   %idle
22时29分33秒  all   24.26    0.00    9.24    0.00    0.00    4.11    0.00    0.00   62.39
平均时间:  all   24.26    0.00    9.24    0.00    0.00    4.11    0.00    0.00   62.39

Linux 2.6.32-431.el6.x86_64 (slave1) 	2019年07月26日 	_x86_64_	(8 CPU)

22时29分36秒  CPU    %usr   %nice    %sys %iowait    %irq   %soft  %steal  %guest   %idle
22时29分37秒  all   64.68    0.00   11.69    0.00    0.00    0.00    0.00    0.00   23.63
平均时间:  all   64.68    0.00   11.69    0.00    0.00    0.00    0.00    0.00   23.63

Linux 2.6.32-431.el6.x86_64 (slave1) 	2019年07月26日 	_x86_64_	(8 CPU)

22时29分40秒  CPU    %usr   %nice    %sys %iowait    %irq   %soft  %steal  %guest   %idle
22时29分41秒  all   83.40    0.00    6.67    0.00    0.00    0.25    0.00    0.00    9.69
平均时间:  all   83.40    0.00    6.67    0.00    0.00    0.25    0.00    0.00    9.69

Linux 2.6.32-431.el6.x86_64 (slave1) 	2019年07月26日 	_x86_64_	(8 CPU)

22时29分44秒  CPU    %usr   %nice    %sys %iowait    %irq   %soft  %steal  %guest   %idle
22时29分45秒  all   89.72    0.00    8.52    0.00    0.00    0.25    0.00    0.00    1.50
平均时间:  all   89.72    0.00    8.52    0.00    0.00    0.25    0.00    0.00    1.50

Linux 2.6.32-431.el6.x86_64 (slave1) 	2019年07月26日 	_x86_64_	(8 CPU)

22时29分48秒  CPU    %usr   %nice    %sys %iowait    %irq   %soft  %steal  %guest   %idle
22时29分49秒  all   35.26    0.00    5.66    0.00    0.00    0.64    0.00    0.00   58.43
平均时间:  all   35.26    0.00    5.66    0.00    0.00    0.64    0.00    0.00   58.43

Linux 2.6.32-431.el6.x86_64 (slave1) 	2019年07月26日 	_x86_64_	(8 CPU)

22时29分52秒  CPU    %usr   %nice    %sys %iowait    %irq   %soft  %steal  %guest   %idle
22时29分53秒  all   88.30    0.00    6.42    0.00    0.00    0.25    0.00    0.00    5.03
平均时间:  all   88.30    0.00    6.42    0.00    0.00    0.25    0.00    0.00    5.03

Linux 2.6.32-431.el6.x86_64 (slave1) 	2019年07月26日 	_x86_64_	(8 CPU)

22时29分56秒  CPU    %usr   %nice    %sys %iowait    %irq   %soft  %steal  %guest   %idle
22时29分57秒  all   30.95    0.00    2.69    0.00    0.00    0.00    0.00    0.00   66.37
平均时间:  all   30.95    0.00    2.69    0.00    0.00    0.00    0.00    0.00   66.37

Linux 2.6.32-431.el6.x86_64 (slave1) 	2019年07月26日 	_x86_64_	(8 CPU)

22时30分00秒  CPU    %usr   %nice    %sys %iowait    %irq   %soft  %steal  %guest   %idle
22时30分01秒  all   23.27    0.00    4.09    0.00    0.00    0.00    0.00    0.00   72.63
平均时间:  all   23.27    0.00    4.09    0.00    0.00    0.00    0.00    0.00   72.63

Linux 2.6.32-431.el6.x86_64 (slave1) 	2019年07月26日 	_x86_64_	(8 CPU)

22时30分04秒  CPU    %usr   %nice    %sys %iowait    %irq   %soft  %steal  %guest   %idle
22时30分05秒  all    9.32    0.00    3.07    0.00    0.00    0.13    0.00    0.00   87.48
平均时间:  all    9.32    0.00    3.07    0.00    0.00    0.13    0.00    0.00   87.48

Linux 2.6.32-431.el6.x86_64 (slave1) 	2019年07月26日 	_x86_64_	(8 CPU)

22时30分09秒  CPU    %usr   %nice    %sys %iowait    %irq   %soft  %steal  %guest   %idle
22时30分10秒  all   33.33    0.00   12.12    0.00    0.66    6.85    0.00    0.00   47.04
平均时间:  all   33.33    0.00   12.12    0.00    0.66    6.85    0.00    0.00   47.04

Linux 2.6.32-431.el6.x86_64 (slave1) 	2019年07月26日 	_x86_64_	(8 CPU)

22时30分13秒  CPU    %usr   %nice    %sys %iowait    %irq   %soft  %steal  %guest   %idle
22时30分14秒  all   52.88    0.00   18.18    0.00    0.26   17.03    0.00    0.00   11.65
平均时间:  all   52.88    0.00   18.18    0.00    0.26   17.03    0.00    0.00   11.65

Linux 2.6.32-431.el6.x86_64 (slave1) 	2019年07月26日 	_x86_64_	(8 CPU)

22时30分17秒  CPU    %usr   %nice    %sys %iowait    %irq   %soft  %steal  %guest   %idle
22时30分18秒  all   55.31    0.00   18.57    0.00    0.77   17.93    0.00    0.00    7.43
平均时间:  all   55.31    0.00   18.57    0.00    0.77   17.93    0.00    0.00    7.43

Linux 2.6.32-431.el6.x86_64 (slave1) 	2019年07月26日 	_x86_64_	(8 CPU)

22时30分21秒  CPU    %usr   %nice    %sys %iowait    %irq   %soft  %steal  %guest   %idle
22时30分22秒  all   45.43    0.00   15.27    0.00    0.39   15.40    0.00    0.00   23.50
平均时间:  all   45.43    0.00   15.27    0.00    0.39   15.40    0.00    0.00   23.50

Linux 2.6.32-431.el6.x86_64 (slave1) 	2019年07月26日 	_x86_64_	(8 CPU)

22时30分25秒  CPU    %usr   %nice    %sys %iowait    %irq   %soft  %steal  %guest   %idle
22时30分26秒  all   23.02    0.00   12.83    0.00    0.40   14.15    0.00    0.00   49.60
平均时间:  all   23.02    0.00   12.83    0.00    0.40   14.15    0.00    0.00   49.60

Linux 2.6.32-431.el6.x86_64 (slave1) 	2019年07月26日 	_x86_64_	(8 CPU)

22时30分29秒  CPU    %usr   %nice    %sys %iowait    %irq   %soft  %steal  %guest   %idle
22时30分30秒  all   61.74    0.00   19.07    0.00    0.38   15.91    0.00    0.00    2.90
平均时间:  all   61.74    0.00   19.07    0.00    0.38   15.91    0.00    0.00    2.90

Linux 2.6.32-431.el6.x86_64 (slave1) 	2019年07月26日 	_x86_64_	(8 CPU)

22时30分33秒  CPU    %usr   %nice    %sys %iowait    %irq   %soft  %steal  %guest   %idle
22时30分34秒  all   55.02    0.00   21.47    0.00    1.14   16.26    0.00    0.00    6.10
平均时间:  all   55.02    0.00   21.47    0.00    1.14   16.26    0.00    0.00    6.10

Linux 2.6.32-431.el6.x86_64 (slave1) 	2019年07月26日 	_x86_64_	(8 CPU)

22时30分37秒  CPU    %usr   %nice    %sys %iowait    %irq   %soft  %steal  %guest   %idle
22时30分38秒  all   56.54    0.00   26.05    0.00    2.16   10.80    0.00    0.00    4.45
平均时间:  all   56.54    0.00   26.05    0.00    2.16   10.80    0.00    0.00    4.45

Linux 2.6.32-431.el6.x86_64 (slave1) 	2019年07月26日 	_x86_64_	(8 CPU)

22时30分41秒  CPU    %usr   %nice    %sys %iowait    %irq   %soft  %steal  %guest   %idle
22时30分42秒  all   87.19    0.00   10.30    0.00    0.00    0.13    0.00    0.00    2.39
平均时间:  all   87.19    0.00   10.30    0.00    0.00    0.13    0.00    0.00    2.39

Linux 2.6.32-431.el6.x86_64 (slave1) 	2019年07月26日 	_x86_64_	(8 CPU)

22时30分45秒  CPU    %usr   %nice    %sys %iowait    %irq   %soft  %steal  %guest   %idle
22时30分46秒  all   79.01    0.00   10.94    0.00    0.00    0.00    0.00    0.00   10.05
平均时间:  all   79.01    0.00   10.94    0.00    0.00    0.00    0.00    0.00   10.05

Linux 2.6.32-431.el6.x86_64 (slave1) 	2019年07月26日 	_x86_64_	(8 CPU)

22时30分49秒  CPU    %usr   %nice    %sys %iowait    %irq   %soft  %steal  %guest   %idle
22时30分50秒  all   75.76    0.00    8.63    0.00    0.00    0.00    0.00    0.00   15.61
平均时间:  all   75.76    0.00    8.63    0.00    0.00    0.00    0.00    0.00   15.61

Linux 2.6.32-431.el6.x86_64 (slave1) 	2019年07月26日 	_x86_64_	(8 CPU)

22时30分53秒  CPU    %usr   %nice    %sys %iowait    %irq   %soft  %steal  %guest   %idle
22时30分54秒  all   88.58    0.00    7.53    0.00    0.00    0.13    0.00    0.00    3.76
平均时间:  all   88.58    0.00    7.53    0.00    0.00    0.13    0.00    0.00    3.76

Linux 2.6.32-431.el6.x86_64 (slave1) 	2019年07月26日 	_x86_64_	(8 CPU)

22时30分57秒  CPU    %usr   %nice    %sys %iowait    %irq   %soft  %steal  %guest   %idle
22时30分58秒  all   83.85    0.00   14.77    0.00    0.00    0.75    0.00    0.00    0.63
平均时间:  all   83.85    0.00   14.77    0.00    0.00    0.75    0.00    0.00    0.63

Linux 2.6.32-431.el6.x86_64 (slave1) 	2019年07月26日 	_x86_64_	(8 CPU)

22时31分01秒  CPU    %usr   %nice    %sys %iowait    %irq   %soft  %steal  %guest   %idle
22时31分02秒  all   93.76    0.00    6.12    0.00    0.00    0.00    0.00    0.00    0.12
平均时间:  all   93.76    0.00    6.12    0.00    0.00    0.00    0.00    0.00    0.12

Linux 2.6.32-431.el6.x86_64 (slave1) 	2019年07月26日 	_x86_64_	(8 CPU)

22时31分05秒  CPU    %usr   %nice    %sys %iowait    %irq   %soft  %steal  %guest   %idle
22时31分06秒  all   91.10    0.00    7.52    0.00    0.00    0.00    0.00    0.00    1.38
平均时间:  all   91.10    0.00    7.52    0.00    0.00    0.00    0.00    0.00    1.38

Linux 2.6.32-431.el6.x86_64 (slave1) 	2019年07月26日 	_x86_64_	(8 CPU)

22时31分09秒  CPU    %usr   %nice    %sys %iowait    %irq   %soft  %steal  %guest   %idle
22时31分10秒  all   88.44    0.00    7.91    0.00    0.13    0.38    0.00    0.00    3.14
平均时间:  all   88.44    0.00    7.91    0.00    0.13    0.38    0.00    0.00    3.14

Linux 2.6.32-431.el6.x86_64 (slave1) 	2019年07月26日 	_x86_64_	(8 CPU)

22时31分13秒  CPU    %usr   %nice    %sys %iowait    %irq   %soft  %steal  %guest   %idle
22时31分14秒  all   87.66    0.00    8.82    0.00    0.00    0.13    0.00    0.00    3.40
平均时间:  all   87.66    0.00    8.82    0.00    0.00    0.13    0.00    0.00    3.40

Linux 2.6.32-431.el6.x86_64 (slave1) 	2019年07月26日 	_x86_64_	(8 CPU)

22时31分17秒  CPU    %usr   %nice    %sys %iowait    %irq   %soft  %steal  %guest   %idle
22时31分18秒  all   58.74    0.00   13.11    0.00    0.00    2.44    0.00    0.00   25.71
平均时间:  all   58.74    0.00   13.11    0.00    0.00    2.44    0.00    0.00   25.71

Linux 2.6.32-431.el6.x86_64 (slave1) 	2019年07月26日 	_x86_64_	(8 CPU)

22时31分21秒  CPU    %usr   %nice    %sys %iowait    %irq   %soft  %steal  %guest   %idle
22时31分22秒  all   60.64    0.00    5.73    0.00    0.00    0.38    0.00    0.00   33.25
平均时间:  all   60.64    0.00    5.73    0.00    0.00    0.38    0.00    0.00   33.25

Linux 2.6.32-431.el6.x86_64 (slave1) 	2019年07月26日 	_x86_64_	(8 CPU)

22时31分25秒  CPU    %usr   %nice    %sys %iowait    %irq   %soft  %steal  %guest   %idle
22时31分26秒  all   78.30    0.00    9.77    0.00    0.00    0.13    0.00    0.00   11.80
平均时间:  all   78.30    0.00    9.77    0.00    0.00    0.13    0.00    0.00   11.80

Linux 2.6.32-431.el6.x86_64 (slave1) 	2019年07月26日 	_x86_64_	(8 CPU)

22时31分29秒  CPU    %usr   %nice    %sys %iowait    %irq   %soft  %steal  %guest   %idle
22时31分30秒  all   47.88    0.00   12.87    0.00    0.77    5.15    0.00    0.00   33.33
平均时间:  all   47.88    0.00   12.87    0.00    0.77    5.15    0.00    0.00   33.33

Linux 2.6.32-431.el6.x86_64 (slave1) 	2019年07月26日 	_x86_64_	(8 CPU)

22时31分33秒  CPU    %usr   %nice    %sys %iowait    %irq   %soft  %steal  %guest   %idle
22时31分34秒  all   73.44    0.00    7.92    0.00    0.13    0.13    0.00    0.00   18.39
平均时间:  all   73.44    0.00    7.92    0.00    0.13    0.13    0.00    0.00   18.39

Linux 2.6.32-431.el6.x86_64 (slave1) 	2019年07月26日 	_x86_64_	(8 CPU)

22时31分37秒  CPU    %usr   %nice    %sys %iowait    %irq   %soft  %steal  %guest   %idle
22时31分38秒  all   29.18    0.00   15.95    0.00    0.00    7.26    0.00    0.00   47.60
平均时间:  all   29.18    0.00   15.95    0.00    0.00    7.26    0.00    0.00   47.60

Linux 2.6.32-431.el6.x86_64 (slave1) 	2019年07月26日 	_x86_64_	(8 CPU)

22时31分41秒  CPU    %usr   %nice    %sys %iowait    %irq   %soft  %steal  %guest   %idle
22时31分42秒  all   88.15    0.00    9.35    0.00    0.00    0.00    0.00    0.00    2.49
平均时间:  all   88.15    0.00    9.35    0.00    0.00    0.00    0.00    0.00    2.49

Linux 2.6.32-431.el6.x86_64 (slave1) 	2019年07月26日 	_x86_64_	(8 CPU)

22时31分45秒  CPU    %usr   %nice    %sys %iowait    %irq   %soft  %steal  %guest   %idle
22时31分46秒  all   91.59    0.00    7.40    0.00    0.00    0.00    0.00    0.00    1.00
平均时间:  all   91.59    0.00    7.40    0.00    0.00    0.00    0.00    0.00    1.00

Linux 2.6.32-431.el6.x86_64 (slave1) 	2019年07月26日 	_x86_64_	(8 CPU)

22时31分49秒  CPU    %usr   %nice    %sys %iowait    %irq   %soft  %steal  %guest   %idle
22时31分50秒  all   85.93    0.00   11.93    0.00    0.13    1.01    0.00    0.00    1.01
平均时间:  all   85.93    0.00   11.93    0.00    0.13    1.01    0.00    0.00    1.01

Linux 2.6.32-431.el6.x86_64 (slave1) 	2019年07月26日 	_x86_64_	(8 CPU)

22时31分53秒  CPU    %usr   %nice    %sys %iowait    %irq   %soft  %steal  %guest   %idle
22时31分54秒  all   89.24    0.00    9.39    0.00    0.00    0.13    0.00    0.00    1.25
平均时间:  all   89.24    0.00    9.39    0.00    0.00    0.13    0.00    0.00    1.25

Linux 2.6.32-431.el6.x86_64 (slave1) 	2019年07月26日 	_x86_64_	(8 CPU)

22时31分57秒  CPU    %usr   %nice    %sys %iowait    %irq   %soft  %steal  %guest   %idle
22时31分58秒  all   38.04    0.00    4.83    0.00    0.00    0.00    0.00    0.00   57.12
平均时间:  all   38.04    0.00    4.83    0.00    0.00    0.00    0.00    0.00   57.12

Linux 2.6.32-431.el6.x86_64 (slave1) 	2019年07月26日 	_x86_64_	(8 CPU)

22时32分01秒  CPU    %usr   %nice    %sys %iowait    %irq   %soft  %steal  %guest   %idle
22时32分02秒  all   39.90    0.00    6.14    0.00    0.00    0.00    0.00    0.00   53.96
平均时间:  all   39.90    0.00    6.14    0.00    0.00    0.00    0.00    0.00   53.96

Linux 2.6.32-431.el6.x86_64 (slave1) 	2019年07月26日 	_x86_64_	(8 CPU)

22时32分05秒  CPU    %usr   %nice    %sys %iowait    %irq   %soft  %steal  %guest   %idle
22时32分06秒  all   22.14    0.00    4.07    0.00    0.00    1.53    0.00    0.00   72.26
平均时间:  all   22.14    0.00    4.07    0.00    0.00    1.53    0.00    0.00   72.26

Linux 2.6.32-431.el6.x86_64 (slave1) 	2019年07月26日 	_x86_64_	(8 CPU)

22时32分09秒  CPU    %usr   %nice    %sys %iowait    %irq   %soft  %steal  %guest   %idle
22时32分10秒  all   34.23    0.00    3.21    0.00    0.00    0.00    0.00    0.00   62.56
平均时间:  all   34.23    0.00    3.21    0.00    0.00    0.00    0.00    0.00   62.56

Linux 2.6.32-431.el6.x86_64 (slave1) 	2019年07月26日 	_x86_64_	(8 CPU)

22时32分13秒  CPU    %usr   %nice    %sys %iowait    %irq   %soft  %steal  %guest   %idle
22时32分14秒  all    7.23    0.00    6.97    0.00    0.00    0.26    0.00    0.00   85.55
平均时间:  all    7.23    0.00    6.97    0.00    0.00    0.26    0.00    0.00   85.55

Linux 2.6.32-431.el6.x86_64 (slave1) 	2019年07月26日 	_x86_64_	(8 CPU)

22时32分17秒  CPU    %usr   %nice    %sys %iowait    %irq   %soft  %steal  %guest   %idle
22时32分18秒  all   34.44    0.00    6.12    0.00    0.00    0.00    0.00    0.00   59.44
平均时间:  all   34.44    0.00    6.12    0.00    0.00    0.00    0.00    0.00   59.44

Linux 2.6.32-431.el6.x86_64 (slave1) 	2019年07月26日 	_x86_64_	(8 CPU)

22时32分21秒  CPU    %usr   %nice    %sys %iowait    %irq   %soft  %steal  %guest   %idle
22时32分22秒  all   53.38    0.00   10.60    0.00    0.00    0.00    0.00    0.00   36.02
平均时间:  all   53.38    0.00   10.60    0.00    0.00    0.00    0.00    0.00   36.02

Linux 2.6.32-431.el6.x86_64 (slave1) 	2019年07月26日 	_x86_64_	(8 CPU)

22时32分26秒  CPU    %usr   %nice    %sys %iowait    %irq   %soft  %steal  %guest   %idle
22时32分27秒  all   84.63    0.00   11.71    0.00    0.00    0.25    0.00    0.00    3.40
平均时间:  all   84.63    0.00   11.71    0.00    0.00    0.25    0.00    0.00    3.40

Linux 2.6.32-431.el6.x86_64 (slave1) 	2019年07月26日 	_x86_64_	(8 CPU)

22时32分30秒  CPU    %usr   %nice    %sys %iowait    %irq   %soft  %steal  %guest   %idle
22时32分31秒  all   44.95    0.00    1.39    0.00    0.00    0.00    0.00    0.00   53.66
平均时间:  all   44.95    0.00    1.39    0.00    0.00    0.00    0.00    0.00   53.66

Linux 2.6.32-431.el6.x86_64 (slave1) 	2019年07月26日 	_x86_64_	(8 CPU)

22时32分34秒  CPU    %usr   %nice    %sys %iowait    %irq   %soft  %steal  %guest   %idle
22时32分35秒  all   85.79    0.00   10.69    0.00    0.00    0.25    0.00    0.00    3.27
平均时间:  all   85.79    0.00   10.69    0.00    0.00    0.25    0.00    0.00    3.27

Linux 2.6.32-431.el6.x86_64 (slave1) 	2019年07月26日 	_x86_64_	(8 CPU)

22时32分38秒  CPU    %usr   %nice    %sys %iowait    %irq   %soft  %steal  %guest   %idle
22时32分39秒  all   79.36    0.00    8.41    0.00    0.00    0.13    0.00    0.00   12.10
平均时间:  all   79.36    0.00    8.41    0.00    0.00    0.13    0.00    0.00   12.10

Linux 2.6.32-431.el6.x86_64 (slave1) 	2019年07月26日 	_x86_64_	(8 CPU)

22时32分42秒  CPU    %usr   %nice    %sys %iowait    %irq   %soft  %steal  %guest   %idle
22时32分43秒  all   93.12    0.00    6.50    0.00    0.00    0.25    0.00    0.00    0.12
平均时间:  all   93.12    0.00    6.50    0.00    0.00    0.25    0.00    0.00    0.12

Linux 2.6.32-431.el6.x86_64 (slave1) 	2019年07月26日 	_x86_64_	(8 CPU)

22时32分46秒  CPU    %usr   %nice    %sys %iowait    %irq   %soft  %steal  %guest   %idle
22时32分47秒  all   89.31    0.00    5.41    0.00    0.13    0.38    0.00    0.00    4.78
平均时间:  all   89.31    0.00    5.41    0.00    0.13    0.38    0.00    0.00    4.78

Linux 2.6.32-431.el6.x86_64 (slave1) 	2019年07月26日 	_x86_64_	(8 CPU)

22时32分50秒  CPU    %usr   %nice    %sys %iowait    %irq   %soft  %steal  %guest   %idle
22时32分51秒  all   74.18    0.00    5.06    0.00    0.00    0.38    0.00    0.00   20.38
平均时间:  all   74.18    0.00    5.06    0.00    0.00    0.38    0.00    0.00   20.38

Linux 2.6.32-431.el6.x86_64 (slave1) 	2019年07月26日 	_x86_64_	(8 CPU)

22时32分54秒  CPU    %usr   %nice    %sys %iowait    %irq   %soft  %steal  %guest   %idle
22时32分55秒  all   59.07    0.00    5.41    0.00    0.00    0.90    0.00    0.00   34.62
平均时间:  all   59.07    0.00    5.41    0.00    0.00    0.90    0.00    0.00   34.62

Linux 2.6.32-431.el6.x86_64 (slave1) 	2019年07月26日 	_x86_64_	(8 CPU)

22时32分58秒  CPU    %usr   %nice    %sys %iowait    %irq   %soft  %steal  %guest   %idle
22时32分59秒  all   14.36    0.00    3.43    0.00    0.00    0.51    0.00    0.00   81.70
平均时间:  all   14.36    0.00    3.43    0.00    0.00    0.51    0.00    0.00   81.70

Linux 2.6.32-431.el6.x86_64 (slave1) 	2019年07月26日 	_x86_64_	(8 CPU)

22时33分02秒  CPU    %usr   %nice    %sys %iowait    %irq   %soft  %steal  %guest   %idle
22时33分03秒  all   89.24    0.00    8.64    0.00    0.13    0.50    0.00    0.00    1.50
平均时间:  all   89.24    0.00    8.64    0.00    0.13    0.50    0.00    0.00    1.50

Linux 2.6.32-431.el6.x86_64 (slave1) 	2019年07月26日 	_x86_64_	(8 CPU)

22时33分06秒  CPU    %usr   %nice    %sys %iowait    %irq   %soft  %steal  %guest   %idle
22时33分07秒  all   61.28    0.00    9.62    0.00    0.13    0.64    0.00    0.00   28.33
平均时间:  all   61.28    0.00    9.62    0.00    0.13    0.64    0.00    0.00   28.33

Linux 2.6.32-431.el6.x86_64 (slave1) 	2019年07月26日 	_x86_64_	(8 CPU)

22时33分10秒  CPU    %usr   %nice    %sys %iowait    %irq   %soft  %steal  %guest   %idle
22时33分11秒  all   84.14    0.00   13.48    0.00    0.00    1.00    0.00    0.00    1.37
平均时间:  all   84.14    0.00   13.48    0.00    0.00    1.00    0.00    0.00    1.37

Linux 2.6.32-431.el6.x86_64 (slave1) 	2019年07月26日 	_x86_64_	(8 CPU)

22时33分14秒  CPU    %usr   %nice    %sys %iowait    %irq   %soft  %steal  %guest   %idle
22时33分15秒  all   88.24    0.00    8.51    0.00    0.00    0.13    0.00    0.00    3.13
平均时间:  all   88.24    0.00    8.51    0.00    0.00    0.13    0.00    0.00    3.13

Linux 2.6.32-431.el6.x86_64 (slave1) 	2019年07月26日 	_x86_64_	(8 CPU)

22时33分18秒  CPU    %usr   %nice    %sys %iowait    %irq   %soft  %steal  %guest   %idle
22时33分19秒  all   50.57    0.00    4.59    0.00    0.00    0.38    0.00    0.00   44.46
平均时间:  all   50.57    0.00    4.59    0.00    0.00    0.38    0.00    0.00   44.46

Linux 2.6.32-431.el6.x86_64 (slave1) 	2019年07月26日 	_x86_64_	(8 CPU)

22时33分22秒  CPU    %usr   %nice    %sys %iowait    %irq   %soft  %steal  %guest   %idle
22时33分23秒  all   85.37    0.00    8.20    0.00    0.13    0.25    0.00    0.00    6.05
平均时间:  all   85.37    0.00    8.20    0.00    0.13    0.25    0.00    0.00    6.05

Linux 2.6.32-431.el6.x86_64 (slave1) 	2019年07月26日 	_x86_64_	(8 CPU)

22时33分26秒  CPU    %usr   %nice    %sys %iowait    %irq   %soft  %steal  %guest   %idle
22时33分27秒  all   84.03    0.00    6.29    0.00    0.00    0.25    0.00    0.00    9.43
平均时间:  all   84.03    0.00    6.29    0.00    0.00    0.25    0.00    0.00    9.43

Linux 2.6.32-431.el6.x86_64 (slave1) 	2019年07月26日 	_x86_64_	(8 CPU)

22时33分30秒  CPU    %usr   %nice    %sys %iowait    %irq   %soft  %steal  %guest   %idle
22时33分31秒  all   72.68    0.00    4.83    0.00    0.00    0.89    0.00    0.00   21.60
平均时间:  all   72.68    0.00    4.83    0.00    0.00    0.89    0.00    0.00   21.60

Linux 2.6.32-431.el6.x86_64 (slave1) 	2019年07月26日 	_x86_64_	(8 CPU)

22时33分34秒  CPU    %usr   %nice    %sys %iowait    %irq   %soft  %steal  %guest   %idle
22时33分35秒  all   79.60    0.00    5.79    0.00    0.13    2.52    0.00    0.00   11.96
平均时间:  all   79.60    0.00    5.79    0.00    0.13    2.52    0.00    0.00   11.96

Linux 2.6.32-431.el6.x86_64 (slave1) 	2019年07月26日 	_x86_64_	(8 CPU)

22时33分38秒  CPU    %usr   %nice    %sys %iowait    %irq   %soft  %steal  %guest   %idle
22时33分39秒  all   72.19    0.00    5.82    0.00    0.00    0.76    0.00    0.00   21.24
平均时间:  all   72.19    0.00    5.82    0.00    0.00    0.76    0.00    0.00   21.24

Linux 2.6.32-431.el6.x86_64 (slave1) 	2019年07月26日 	_x86_64_	(8 CPU)

22时33分42秒  CPU    %usr   %nice    %sys %iowait    %irq   %soft  %steal  %guest   %idle
22时33分43秒  all   74.27    0.00    5.04    0.00    0.13    0.63    0.00    0.00   19.92
平均时间:  all   74.27    0.00    5.04    0.00    0.13    0.63    0.00    0.00   19.92

Linux 2.6.32-431.el6.x86_64 (slave1) 	2019年07月26日 	_x86_64_	(8 CPU)

22时33分46秒  CPU    %usr   %nice    %sys %iowait    %irq   %soft  %steal  %guest   %idle
22时33分47秒  all   67.30    0.00    4.18    0.00    0.00    0.38    0.00    0.00   28.14
平均时间:  all   67.30    0.00    4.18    0.00    0.00    0.38    0.00    0.00   28.14

Linux 2.6.32-431.el6.x86_64 (slave1) 	2019年07月26日 	_x86_64_	(8 CPU)

22时33分50秒  CPU    %usr   %nice    %sys %iowait    %irq   %soft  %steal  %guest   %idle
22时33分51秒  all   62.98    0.00    7.76    0.00    0.00    0.00    0.00    0.00   29.26
平均时间:  all   62.98    0.00    7.76    0.00    0.00    0.00    0.00    0.00   29.26

Linux 2.6.32-431.el6.x86_64 (slave1) 	2019年07月26日 	_x86_64_	(8 CPU)

22时33分54秒  CPU    %usr   %nice    %sys %iowait    %irq   %soft  %steal  %guest   %idle
22时33分55秒  all   78.94    0.00    8.07    0.00    0.00    0.25    0.00    0.00   12.74
平均时间:  all   78.94    0.00    8.07    0.00    0.00    0.25    0.00    0.00   12.74

Linux 2.6.32-431.el6.x86_64 (slave1) 	2019年07月26日 	_x86_64_	(8 CPU)

22时33分58秒  CPU    %usr   %nice    %sys %iowait    %irq   %soft  %steal  %guest   %idle
22时33分59秒  all   84.59    0.00    8.27    0.00    0.00    0.88    0.00    0.00    6.27
平均时间:  all   84.59    0.00    8.27    0.00    0.00    0.88    0.00    0.00    6.27

Linux 2.6.32-431.el6.x86_64 (slave1) 	2019年07月26日 	_x86_64_	(8 CPU)

22时34分02秒  CPU    %usr   %nice    %sys %iowait    %irq   %soft  %steal  %guest   %idle
22时34分03秒  all   67.82    0.00    5.49    0.00    0.00    1.66    0.00    0.00   25.03
平均时间:  all   67.82    0.00    5.49    0.00    0.00    1.66    0.00    0.00   25.03

Linux 2.6.32-431.el6.x86_64 (slave1) 	2019年07月26日 	_x86_64_	(8 CPU)

22时34分06秒  CPU    %usr   %nice    %sys %iowait    %irq   %soft  %steal  %guest   %idle
22时34分07秒  all   62.97    0.00    3.78    0.00    0.00    0.50    0.00    0.00   32.75
平均时间:  all   62.97    0.00    3.78    0.00    0.00    0.50    0.00    0.00   32.75

Linux 2.6.32-431.el6.x86_64 (slave1) 	2019年07月26日 	_x86_64_	(8 CPU)

22时34分10秒  CPU    %usr   %nice    %sys %iowait    %irq   %soft  %steal  %guest   %idle
22时34分11秒  all   44.57    0.00    2.40    0.00    0.00    1.89    0.00    0.00   51.14
平均时间:  all   44.57    0.00    2.40    0.00    0.00    1.89    0.00    0.00   51.14

Linux 2.6.32-431.el6.x86_64 (slave1) 	2019年07月26日 	_x86_64_	(8 CPU)

22时34分14秒  CPU    %usr   %nice    %sys %iowait    %irq   %soft  %steal  %guest   %idle
22时34分15秒  all   70.91    0.00    3.02    0.00    0.00    0.38    0.00    0.00   25.69
平均时间:  all   70.91    0.00    3.02    0.00    0.00    0.38    0.00    0.00   25.69

Linux 2.6.32-431.el6.x86_64 (slave1) 	2019年07月26日 	_x86_64_	(8 CPU)

22时34分18秒  CPU    %usr   %nice    %sys %iowait    %irq   %soft  %steal  %guest   %idle
22时34分19秒  all   49.30    0.00    4.35    0.00    0.00    0.77    0.00    0.00   45.58
平均时间:  all   49.30    0.00    4.35    0.00    0.00    0.77    0.00    0.00   45.58

Linux 2.6.32-431.el6.x86_64 (slave1) 	2019年07月26日 	_x86_64_	(8 CPU)

22时34分22秒  CPU    %usr   %nice    %sys %iowait    %irq   %soft  %steal  %guest   %idle
22时34分23秒  all   14.72    0.00    0.50    0.00    0.00    0.00    0.00    0.00   84.78
平均时间:  all   14.72    0.00    0.50    0.00    0.00    0.00    0.00    0.00   84.78

Linux 2.6.32-431.el6.x86_64 (slave1) 	2019年07月26日 	_x86_64_	(8 CPU)

22时34分26秒  CPU    %usr   %nice    %sys %iowait    %irq   %soft  %steal  %guest   %idle
22时34分27秒  all   18.31    0.00    0.63    0.00    0.00    0.51    0.00    0.00   80.56
平均时间:  all   18.31    0.00    0.63    0.00    0.00    0.51    0.00    0.00   80.56

Linux 2.6.32-431.el6.x86_64 (slave1) 	2019年07月26日 	_x86_64_	(8 CPU)

22时34分30秒  CPU    %usr   %nice    %sys %iowait    %irq   %soft  %steal  %guest   %idle
22时34分31秒  all   23.25    0.00    1.40    0.00    0.00    0.51    0.00    0.00   74.84
平均时间:  all   23.25    0.00    1.40    0.00    0.00    0.51    0.00    0.00   74.84

Linux 2.6.32-431.el6.x86_64 (slave1) 	2019年07月26日 	_x86_64_	(8 CPU)

22时34分34秒  CPU    %usr   %nice    %sys %iowait    %irq   %soft  %steal  %guest   %idle
22时34分35秒  all   23.83    0.00    3.76    0.00    0.00    0.91    0.00    0.00   71.50
平均时间:  all   23.83    0.00    3.76    0.00    0.00    0.91    0.00    0.00   71.50

Linux 2.6.32-431.el6.x86_64 (slave1) 	2019年07月26日 	_x86_64_	(8 CPU)

22时34分38秒  CPU    %usr   %nice    %sys %iowait    %irq   %soft  %steal  %guest   %idle
22时34分39秒  all    0.63    0.00    0.38    0.00    0.00    0.00    0.00    0.00   99.00
平均时间:  all    0.63    0.00    0.38    0.00    0.00    0.00    0.00    0.00   99.00

Linux 2.6.32-431.el6.x86_64 (slave1) 	2019年07月26日 	_x86_64_	(8 CPU)

22时34分42秒  CPU    %usr   %nice    %sys %iowait    %irq   %soft  %steal  %guest   %idle
22时34分43秒  all    2.27    0.00    2.02    0.00    0.00    0.00    0.00    0.00   95.72
平均时间:  all    2.27    0.00    2.02    0.00    0.00    0.00    0.00    0.00   95.72

Linux 2.6.32-431.el6.x86_64 (slave1) 	2019年07月26日 	_x86_64_	(8 CPU)

22时34分46秒  CPU    %usr   %nice    %sys %iowait    %irq   %soft  %steal  %guest   %idle
22时34分47秒  all    0.25    0.00    0.00    0.00    0.00    0.00    0.00    0.00   99.75
平均时间:  all    0.25    0.00    0.00    0.00    0.00    0.00    0.00    0.00   99.75

Linux 2.6.32-431.el6.x86_64 (slave1) 	2019年07月26日 	_x86_64_	(8 CPU)

22时34分50秒  CPU    %usr   %nice    %sys %iowait    %irq   %soft  %steal  %guest   %idle
22时34分51秒  all    0.38    0.00    0.75    0.00    0.00    0.63    0.00    0.00   98.24
平均时间:  all    0.38    0.00    0.75    0.00    0.00    0.63    0.00    0.00   98.24

Linux 2.6.32-431.el6.x86_64 (slave1) 	2019年07月26日 	_x86_64_	(8 CPU)

22时34分54秒  CPU    %usr   %nice    %sys %iowait    %irq   %soft  %steal  %guest   %idle
22时34分55秒  all    0.13    0.00    0.13    0.00    0.00    0.00    0.00    0.00   99.75
平均时间:  all    0.13    0.00    0.13    0.00    0.00    0.00    0.00    0.00   99.75

Linux 2.6.32-431.el6.x86_64 (slave1) 	2019年07月26日 	_x86_64_	(8 CPU)

22时34分58秒  CPU    %usr   %nice    %sys %iowait    %irq   %soft  %steal  %guest   %idle
22时34分59秒  all    0.13    0.00    0.00    0.00    0.00    0.00    0.00    0.00   99.87
平均时间:  all    0.13    0.00    0.00    0.00    0.00    0.00    0.00    0.00   99.87

Linux 2.6.32-431.el6.x86_64 (slave1) 	2019年07月26日 	_x86_64_	(8 CPU)

22时35分02秒  CPU    %usr   %nice    %sys %iowait    %irq   %soft  %steal  %guest   %idle
22时35分03秒  all    0.51    0.00    0.88    0.00    0.00    0.13    0.00    0.00   98.48
平均时间:  all    0.51    0.00    0.88    0.00    0.00    0.13    0.00    0.00   98.48

Linux 2.6.32-431.el6.x86_64 (slave1) 	2019年07月26日 	_x86_64_	(8 CPU)

22时35分06秒  CPU    %usr   %nice    %sys %iowait    %irq   %soft  %steal  %guest   %idle
22时35分07秒  all    0.63    0.00    1.01    0.00    0.13    0.13    0.00    0.00   98.11
平均时间:  all    0.63    0.00    1.01    0.00    0.13    0.13    0.00    0.00   98.11

Linux 2.6.32-431.el6.x86_64 (slave1) 	2019年07月26日 	_x86_64_	(8 CPU)

22时35分10秒  CPU    %usr   %nice    %sys %iowait    %irq   %soft  %steal  %guest   %idle
22时35分11秒  all    0.38    0.00    0.38    0.00    0.00    0.00    0.00    0.00   99.25
平均时间:  all    0.38    0.00    0.38    0.00    0.00    0.00    0.00    0.00   99.25

Linux 2.6.32-431.el6.x86_64 (slave1) 	2019年07月26日 	_x86_64_	(8 CPU)

22时35分14秒  CPU    %usr   %nice    %sys %iowait    %irq   %soft  %steal  %guest   %idle
22时35分15秒  all    0.00    0.00    0.75    0.00    0.00    0.00    0.00    0.00   99.25
平均时间:  all    0.00    0.00    0.75    0.00    0.00    0.00    0.00    0.00   99.25

Linux 2.6.32-431.el6.x86_64 (slave1) 	2019年07月26日 	_x86_64_	(8 CPU)
