
Linux 2.6.32-431.el6.x86_64 (slave2) 	2019年07月26日 	_x86_64_	(8 CPU)

22时26分28秒  CPU    %usr   %nice    %sys %iowait    %irq   %soft  %steal  %guest   %idle
22时26分29秒  all    0.00    0.00    0.00    0.00    0.00    0.00    0.00    0.00  100.00
平均时间:  all    0.00    0.00    0.00    0.00    0.00    0.00    0.00    0.00  100.00

Linux 2.6.32-431.el6.x86_64 (slave2) 	2019年07月26日 	_x86_64_	(8 CPU)

22时26分32秒  CPU    %usr   %nice    %sys %iowait    %irq   %soft  %steal  %guest   %idle
22时26分33秒  all    0.00    0.00    0.00    0.00    0.00    0.00    0.00    0.00  100.00
平均时间:  all    0.00    0.00    0.00    0.00    0.00    0.00    0.00    0.00  100.00

Linux 2.6.32-431.el6.x86_64 (slave2) 	2019年07月26日 	_x86_64_	(8 CPU)

22时26分36秒  CPU    %usr   %nice    %sys %iowait    %irq   %soft  %steal  %guest   %idle
22时26分37秒  all    0.00    0.00    0.00    0.00    0.00    0.00    0.00    0.00  100.00
平均时间:  all    0.00    0.00    0.00    0.00    0.00    0.00    0.00    0.00  100.00

Linux 2.6.32-431.el6.x86_64 (slave2) 	2019年07月26日 	_x86_64_	(8 CPU)

22时26分40秒  CPU    %usr   %nice    %sys %iowait    %irq   %soft  %steal  %guest   %idle
22时26分41秒  all    0.00    0.00    0.13    0.00    0.00    0.00    0.00    0.00   99.87
平均时间:  all    0.00    0.00    0.13    0.00    0.00    0.00    0.00    0.00   99.87

Linux 2.6.32-431.el6.x86_64 (slave2) 	2019年07月26日 	_x86_64_	(8 CPU)

22时26分44秒  CPU    %usr   %nice    %sys %iowait    %irq   %soft  %steal  %guest   %idle
22时26分45秒  all    1.76    0.00    0.63    0.00    0.00    0.00    0.00    0.00   97.61
平均时间:  all    1.76    0.00    0.63    0.00    0.00    0.00    0.00    0.00   97.61

Linux 2.6.32-431.el6.x86_64 (slave2) 	2019年07月26日 	_x86_64_	(8 CPU)

22时26分48秒  CPU    %usr   %nice    %sys %iowait    %irq   %soft  %steal  %guest   %idle
22时26分49秒  all    0.79    0.00    8.60    0.00    0.40    9.52    0.00    0.00   80.69
平均时间:  all    0.79    0.00    8.60    0.00    0.40    9.52    0.00    0.00   80.69

Linux 2.6.32-431.el6.x86_64 (slave2) 	2019年07月26日 	_x86_64_	(8 CPU)

22时26分52秒  CPU    %usr   %nice    %sys %iowait    %irq   %soft  %steal  %guest   %idle
22时26分53秒  all   32.58    0.00   19.76    0.00    0.40   10.95    0.00    0.00   36.32
平均时间:  all   32.58    0.00   19.76    0.00    0.40   10.95    0.00    0.00   36.32

Linux 2.6.32-431.el6.x86_64 (slave2) 	2019年07月26日 	_x86_64_	(8 CPU)

22时26分56秒  CPU    %usr   %nice    %sys %iowait    %irq   %soft  %steal  %guest   %idle
22时26分57秒  all   73.31    0.00   18.80    0.00    0.38    7.14    0.00    0.00    0.38
平均时间:  all   73.31    0.00   18.80    0.00    0.38    7.14    0.00    0.00    0.38

Linux 2.6.32-431.el6.x86_64 (slave2) 	2019年07月26日 	_x86_64_	(8 CPU)

22时27分00秒  CPU    %usr   %nice    %sys %iowait    %irq   %soft  %steal  %guest   %idle
22时27分01秒  all   71.59    0.00   17.90    0.00    0.25   10.26    0.00    0.00    0.00
平均时间:  all   71.59    0.00   17.90    0.00    0.25   10.26    0.00    0.00    0.00

Linux 2.6.32-431.el6.x86_64 (slave2) 	2019年07月26日 	_x86_64_	(8 CPU)

22时27分04秒  CPU    %usr   %nice    %sys %iowait    %irq   %soft  %steal  %guest   %idle
22时27分05秒  all   70.55    0.00   18.05    0.00    0.25   11.15    0.00    0.00    0.00
平均时间:  all   70.55    0.00   18.05    0.00    0.25   11.15    0.00    0.00    0.00

Linux 2.6.32-431.el6.x86_64 (slave2) 	2019年07月26日 	_x86_64_	(8 CPU)

22时27分08秒  CPU    %usr   %nice    %sys %iowait    %irq   %soft  %steal  %guest   %idle
22时27分09秒  all   76.17    0.00   14.83    0.00    0.25    8.75    0.00    0.00    0.00
平均时间:  all   76.17    0.00   14.83    0.00    0.25    8.75    0.00    0.00    0.00

Linux 2.6.32-431.el6.x86_64 (slave2) 	2019年07月26日 	_x86_64_	(8 CPU)

22时27分12秒  CPU    %usr   %nice    %sys %iowait    %irq   %soft  %steal  %guest   %idle
22时27分13秒  all   90.25    0.00    8.62    0.00    0.12    1.00    0.00    0.00    0.00
平均时间:  all   90.25    0.00    8.62    0.00    0.12    1.00    0.00    0.00    0.00

Linux 2.6.32-431.el6.x86_64 (slave2) 	2019年07月26日 	_x86_64_	(8 CPU)

22时27分16秒  CPU    %usr   %nice    %sys %iowait    %irq   %soft  %steal  %guest   %idle
22时27分17秒  all   86.07    0.00   10.04    0.00    0.00    2.89    0.00    0.00    1.00
平均时间:  all   86.07    0.00   10.04    0.00    0.00    2.89    0.00    0.00    1.00

Linux 2.6.32-431.el6.x86_64 (slave2) 	2019年07月26日 	_x86_64_	(8 CPU)

22时27分20秒  CPU    %usr   %nice    %sys %iowait    %irq   %soft  %steal  %guest   %idle
22时27分21秒  all   75.38    0.00    6.94    0.00    0.00    0.13    0.00    0.00   17.55
平均时间:  all   75.38    0.00    6.94    0.00    0.00    0.13    0.00    0.00   17.55

Linux 2.6.32-431.el6.x86_64 (slave2) 	2019年07月26日 	_x86_64_	(8 CPU)

22时27分24秒  CPU    %usr   %nice    %sys %iowait    %irq   %soft  %steal  %guest   %idle
22时27分25秒  all   30.99    0.00    5.25    0.00    0.00    0.13    0.00    0.00   63.64
平均时间:  all   30.99    0.00    5.25    0.00    0.00    0.13    0.00    0.00   63.64

Linux 2.6.32-431.el6.x86_64 (slave2) 	2019年07月26日 	_x86_64_	(8 CPU)

22时27分28秒  CPU    %usr   %nice    %sys %iowait    %irq   %soft  %steal  %guest   %idle
22时27分29秒  all   17.80    0.00    5.51    0.00    0.00    0.00    0.00    0.00   76.70
平均时间:  all   17.80    0.00    5.51    0.00    0.00    0.00    0.00    0.00   76.70

Linux 2.6.32-431.el6.x86_64 (slave2) 	2019年07月26日 	_x86_64_	(8 CPU)

22时27分32秒  CPU    %usr   %nice    %sys %iowait    %irq   %soft  %steal  %guest   %idle
22时27分33秒  all   51.09    0.00    7.19    0.00    0.00    0.00    0.00    0.00   41.72
平均时间:  all   51.09    0.00    7.19    0.00    0.00    0.00    0.00    0.00   41.72

Linux 2.6.32-431.el6.x86_64 (slave2) 	2019年07月26日 	_x86_64_	(8 CPU)

22时27分36秒  CPU    %usr   %nice    %sys %iowait    %irq   %soft  %steal  %guest   %idle
22时27分37秒  all   25.96    0.00    5.37    0.00    0.00    0.00    0.00    0.00   68.67
平均时间:  all   25.96    0.00    5.37    0.00    0.00    0.00    0.00    0.00   68.67

Linux 2.6.32-431.el6.x86_64 (slave2) 	2019年07月26日 	_x86_64_	(8 CPU)

22时27分40秒  CPU    %usr   %nice    %sys %iowait    %irq   %soft  %steal  %guest   %idle
22时27分41秒  all   78.10    0.00    7.97    0.00    0.00    0.00    0.00    0.00   13.92
平均时间:  all   78.10    0.00    7.97    0.00    0.00    0.00    0.00    0.00   13.92

Linux 2.6.32-431.el6.x86_64 (slave2) 	2019年07月26日 	_x86_64_	(8 CPU)

22时27分44秒  CPU    %usr   %nice    %sys %iowait    %irq   %soft  %steal  %guest   %idle
22时27分45秒  all   83.90    0.00    8.30    0.00    0.13    0.13    0.00    0.00    7.55
平均时间:  all   83.90    0.00    8.30    0.00    0.13    0.13    0.00    0.00    7.55

Linux 2.6.32-431.el6.x86_64 (slave2) 	2019年07月26日 	_x86_64_	(8 CPU)

22时27分49秒  CPU    %usr   %nice    %sys %iowait    %irq   %soft  %steal  %guest   %idle
22时27分50秒  all   79.14    0.00   11.25    0.00    0.00    0.13    0.00    0.00    9.48
平均时间:  all   79.14    0.00   11.25    0.00    0.00    0.13    0.00    0.00    9.48

Linux 2.6.32-431.el6.x86_64 (slave2) 	2019年07月26日 	_x86_64_	(8 CPU)

22时27分53秒  CPU    %usr   %nice    %sys %iowait    %irq   %soft  %steal  %guest   %idle
22时27分54秒  all   66.62    0.00   11.64    0.00    0.13    0.26    0.00    0.00   21.36
平均时间:  all   66.62    0.00   11.64    0.00    0.13    0.26    0.00    0.00   21.36

Linux 2.6.32-431.el6.x86_64 (slave2) 	2019年07月26日 	_x86_64_	(8 CPU)

22时27分57秒  CPU    %usr   %nice    %sys %iowait    %irq   %soft  %steal  %guest   %idle
22时27分58秒  all   24.04    0.00    4.37    0.00    0.00    0.26    0.00    0.00   71.34
平均时间:  all   24.04    0.00    4.37    0.00    0.00    0.26    0.00    0.00   71.34

Linux 2.6.32-431.el6.x86_64 (slave2) 	2019年07月26日 	_x86_64_	(8 CPU)

22时28分01秒  CPU    %usr   %nice    %sys %iowait    %irq   %soft  %steal  %guest   %idle
22时28分02秒  all   75.19    0.00   15.39    0.00    0.00    0.13    0.00    0.00    9.29
平均时间:  all   75.19    0.00   15.39    0.00    0.00    0.13    0.00    0.00    9.29

Linux 2.6.32-431.el6.x86_64 (slave2) 	2019年07月26日 	_x86_64_	(8 CPU)

22时28分05秒  CPU    %usr   %nice    %sys %iowait    %irq   %soft  %steal  %guest   %idle
22时28分06秒  all   85.43    0.00   12.56    0.00    0.00    0.25    0.00    0.00    1.76
平均时间:  all   85.43    0.00   12.56    0.00    0.00    0.25    0.00    0.00    1.76

Linux 2.6.32-431.el6.x86_64 (slave2) 	2019年07月26日 	_x86_64_	(8 CPU)

22时28分09秒  CPU    %usr   %nice    %sys %iowait    %irq   %soft  %steal  %guest   %idle
22时28分10秒  all   95.51    0.00    4.37    0.00    0.00    0.12    0.00    0.00    0.00
平均时间:  all   95.51    0.00    4.37    0.00    0.00    0.12    0.00    0.00    0.00

Linux 2.6.32-431.el6.x86_64 (slave2) 	2019年07月26日 	_x86_64_	(8 CPU)

22时28分13秒  CPU    %usr   %nice    %sys %iowait    %irq   %soft  %steal  %guest   %idle
22时28分14秒  all   94.87    0.00    5.13    0.00    0.00    0.00    0.00    0.00    0.00
平均时间:  all   94.87    0.00    5.13    0.00    0.00    0.00    0.00    0.00    0.00

Linux 2.6.32-431.el6.x86_64 (slave2) 	2019年07月26日 	_x86_64_	(8 CPU)

22时28分17秒  CPU    %usr   %nice    %sys %iowait    %irq   %soft  %steal  %guest   %idle
22时28分18秒  all   91.86    0.00    8.14    0.00    0.00    0.00    0.00    0.00    0.00
平均时间:  all   91.86    0.00    8.14    0.00    0.00    0.00    0.00    0.00    0.00

Linux 2.6.32-431.el6.x86_64 (slave2) 	2019年07月26日 	_x86_64_	(8 CPU)

22时28分21秒  CPU    %usr   %nice    %sys %iowait    %irq   %soft  %steal  %guest   %idle
22时28分22秒  all   90.61    0.00    8.51    0.00    0.00    0.25    0.00    0.00    0.63
平均时间:  all   90.61    0.00    8.51    0.00    0.00    0.25    0.00    0.00    0.63

Linux 2.6.32-431.el6.x86_64 (slave2) 	2019年07月26日 	_x86_64_	(8 CPU)

22时28分25秒  CPU    %usr   %nice    %sys %iowait    %irq   %soft  %steal  %guest   %idle
22时28分26秒  all   93.38    0.00    6.38    0.00    0.00    0.25    0.00    0.00    0.00
平均时间:  all   93.38    0.00    6.38    0.00    0.00    0.25    0.00    0.00    0.00

Linux 2.6.32-431.el6.x86_64 (slave2) 	2019年07月26日 	_x86_64_	(8 CPU)

22时28分29秒  CPU    %usr   %nice    %sys %iowait    %irq   %soft  %steal  %guest   %idle
22时28分30秒  all   54.73    0.00   18.68    0.00    0.26    7.91    0.00    0.00   18.42
平均时间:  all   54.73    0.00   18.68    0.00    0.26    7.91    0.00    0.00   18.42

Linux 2.6.32-431.el6.x86_64 (slave2) 	2019年07月26日 	_x86_64_	(8 CPU)

22时28分33秒  CPU    %usr   %nice    %sys %iowait    %irq   %soft  %steal  %guest   %idle
22时28分34秒  all   48.61    0.00   34.56    0.00    0.13   13.04    0.00    0.00    3.67
平均时间:  all   48.61    0.00   34.56    0.00    0.13   13.04    0.00    0.00    3.67

Linux 2.6.32-431.el6.x86_64 (slave2) 	2019年07月26日 	_x86_64_	(8 CPU)

22时28分37秒  CPU    %usr   %nice    %sys %iowait    %irq   %soft  %steal  %guest   %idle
22时28分38秒  all   70.12    0.00   16.38    0.00    0.25   13.25    0.00    0.00    0.00
平均时间:  all   70.12    0.00   16.38    0.00    0.25   13.25    0.00    0.00    0.00

Linux 2.6.32-431.el6.x86_64 (slave2) 	2019年07月26日 	_x86_64_	(8 CPU)

22时28分41秒  CPU    %usr   %nice    %sys %iowait    %irq   %soft  %steal  %guest   %idle
22时28分42秒  all   59.67    0.00   22.61    0.00    0.13   16.33    0.00    0.00    1.26
平均时间:  all   59.67    0.00   22.61    0.00    0.13   16.33    0.00    0.00    1.26

Linux 2.6.32-431.el6.x86_64 (slave2) 	2019年07月26日 	_x86_64_	(8 CPU)

22时28分45秒  CPU    %usr   %nice    %sys %iowait    %irq   %soft  %steal  %guest   %idle
22时28分46秒  all   67.79    0.00   22.68    0.00    0.13    9.40    0.00    0.00    0.00
平均时间:  all   67.79    0.00   22.68    0.00    0.13    9.40    0.00    0.00    0.00

Linux 2.6.32-431.el6.x86_64 (slave2) 	2019年07月26日 	_x86_64_	(8 CPU)

22时28分49秒  CPU    %usr   %nice    %sys %iowait    %irq   %soft  %steal  %guest   %idle
22时28分50秒  all   75.16    0.00   15.06    0.00    0.38    9.41    0.00    0.00    0.00
平均时间:  all   75.16    0.00   15.06    0.00    0.38    9.41    0.00    0.00    0.00

Linux 2.6.32-431.el6.x86_64 (slave2) 	2019年07月26日 	_x86_64_	(8 CPU)

22时28分53秒  CPU    %usr   %nice    %sys %iowait    %irq   %soft  %steal  %guest   %idle
22时28分54秒  all   79.60    0.00   15.27    0.00    0.25    4.76    0.00    0.00    0.13
平均时间:  all   79.60    0.00   15.27    0.00    0.25    4.76    0.00    0.00    0.13

Linux 2.6.32-431.el6.x86_64 (slave2) 	2019年07月26日 	_x86_64_	(8 CPU)

22时28分57秒  CPU    %usr   %nice    %sys %iowait    %irq   %soft  %steal  %guest   %idle
22时28分58秒  all   92.74    0.00    7.01    0.00    0.00    0.25    0.00    0.00    0.00
平均时间:  all   92.74    0.00    7.01    0.00    0.00    0.25    0.00    0.00    0.00

Linux 2.6.32-431.el6.x86_64 (slave2) 	2019年07月26日 	_x86_64_	(8 CPU)

22时29分02秒  CPU    %usr   %nice    %sys %iowait    %irq   %soft  %steal  %guest   %idle
22时29分03秒  all   91.07    0.00    7.80    0.00    0.00    0.75    0.00    0.00    0.38
平均时间:  all   91.07    0.00    7.80    0.00    0.00    0.75    0.00    0.00    0.38

Linux 2.6.32-431.el6.x86_64 (slave2) 	2019年07月26日 	_x86_64_	(8 CPU)

22时29分06秒  CPU    %usr   %nice    %sys %iowait    %irq   %soft  %steal  %guest   %idle
22时29分07秒  all   89.95    0.00    8.54    0.00    0.00    1.13    0.00    0.00    0.38
平均时间:  all   89.95    0.00    8.54    0.00    0.00    1.13    0.00    0.00    0.38

Linux 2.6.32-431.el6.x86_64 (slave2) 	2019年07月26日 	_x86_64_	(8 CPU)

22时29分10秒  CPU    %usr   %nice    %sys %iowait    %irq   %soft  %steal  %guest   %idle
22时29分11秒  all   95.74    0.00    3.38    0.00    0.00    0.25    0.00    0.00    0.63
平均时间:  all   95.74    0.00    3.38    0.00    0.00    0.25    0.00    0.00    0.63

Linux 2.6.32-431.el6.x86_64 (slave2) 	2019年07月26日 	_x86_64_	(8 CPU)

22时29分14秒  CPU    %usr   %nice    %sys %iowait    %irq   %soft  %steal  %guest   %idle
22时29分15秒  all   79.22    0.00    6.68    0.00    0.00    0.76    0.00    0.00   13.35
平均时间:  all   79.22    0.00    6.68    0.00    0.00    0.76    0.00    0.00   13.35

Linux 2.6.32-431.el6.x86_64 (slave2) 	2019年07月26日 	_x86_64_	(8 CPU)

22时29分18秒  CPU    %usr   %nice    %sys %iowait    %irq   %soft  %steal  %guest   %idle
22时29分19秒  all   69.71    0.00    9.38    0.00    0.00    3.55    0.00    0.00   17.36
平均时间:  all   69.71    0.00    9.38    0.00    0.00    3.55    0.00    0.00   17.36

Linux 2.6.32-431.el6.x86_64 (slave2) 	2019年07月26日 	_x86_64_	(8 CPU)

22时29分22秒  CPU    %usr   %nice    %sys %iowait    %irq   %soft  %steal  %guest   %idle
22时29分23秒  all   54.02    0.00    4.73    0.00    0.00    2.17    0.00    0.00   39.08
平均时间:  all   54.02    0.00    4.73    0.00    0.00    2.17    0.00    0.00   39.08

Linux 2.6.32-431.el6.x86_64 (slave2) 	2019年07月26日 	_x86_64_	(8 CPU)

22时29分26秒  CPU    %usr   %nice    %sys %iowait    %irq   %soft  %steal  %guest   %idle
22时29分27秒  all   71.57    0.00    5.33    0.00    0.00    1.40    0.00    0.00   21.70
平均时间:  all   71.57    0.00    5.33    0.00    0.00    1.40    0.00    0.00   21.70

Linux 2.6.32-431.el6.x86_64 (slave2) 	2019年07月26日 	_x86_64_	(8 CPU)

22时29分30秒  CPU    %usr   %nice    %sys %iowait    %irq   %soft  %steal  %guest   %idle
22时29分31秒  all   83.21    0.00   10.86    0.00    0.13    1.64    0.00    0.00    4.17
平均时间:  all   83.21    0.00   10.86    0.00    0.13    1.64    0.00    0.00    4.17

Linux 2.6.32-431.el6.x86_64 (slave2) 	2019年07月26日 	_x86_64_	(8 CPU)

22时29分34秒  CPU    %usr   %nice    %sys %iowait    %irq   %soft  %steal  %guest   %idle
22时29分35秒  all   82.07    0.00    8.59    0.00    0.00    1.52    0.00    0.00    7.83
平均时间:  all   82.07    0.00    8.59    0.00    0.00    1.52    0.00    0.00    7.83

Linux 2.6.32-431.el6.x86_64 (slave2) 	2019年07月26日 	_x86_64_	(8 CPU)

22时29分38秒  CPU    %usr   %nice    %sys %iowait    %irq   %soft  %steal  %guest   %idle
22时29分39秒  all   86.83    0.00   11.29    0.00    0.00    0.75    0.00    0.00    1.13
平均时间:  all   86.83    0.00   11.29    0.00    0.00    0.75    0.00    0.00    1.13

Linux 2.6.32-431.el6.x86_64 (slave2) 	2019年07月26日 	_x86_64_	(8 CPU)

22时29分42秒  CPU    %usr   %nice    %sys %iowait    %irq   %soft  %steal  %guest   %idle
22时29分43秒  all   87.09    0.00   11.78    0.00    0.13    1.00    0.00    0.00    0.00
平均时间:  all   87.09    0.00   11.78    0.00    0.13    1.00    0.00    0.00    0.00

Linux 2.6.32-431.el6.x86_64 (slave2) 	2019年07月26日 	_x86_64_	(8 CPU)

22时29分46秒  CPU    %usr   %nice    %sys %iowait    %irq   %soft  %steal  %guest   %idle
22时29分47秒  all   88.61    0.00    9.89    0.00    0.13    1.25    0.00    0.00    0.13
平均时间:  all   88.61    0.00    9.89    0.00    0.13    1.25    0.00    0.00    0.13

Linux 2.6.32-431.el6.x86_64 (slave2) 	2019年07月26日 	_x86_64_	(8 CPU)

22时29分50秒  CPU    %usr   %nice    %sys %iowait    %irq   %soft  %steal  %guest   %idle
22时29分51秒  all   87.75    0.00    5.75    0.00    0.00    0.50    0.00    0.00    6.00
平均时间:  all   87.75    0.00    5.75    0.00    0.00    0.50    0.00    0.00    6.00

Linux 2.6.32-431.el6.x86_64 (slave2) 	2019年07月26日 	_x86_64_	(8 CPU)

22时29分54秒  CPU    %usr   %nice    %sys %iowait    %irq   %soft  %steal  %guest   %idle
22时29分55秒  all   91.23    0.00    8.02    0.00    0.00    0.63    0.00    0.00    0.13
平均时间:  all   91.23    0.00    8.02    0.00    0.00    0.63    0.00    0.00    0.13

Linux 2.6.32-431.el6.x86_64 (slave2) 	2019年07月26日 	_x86_64_	(8 CPU)

22时29分58秒  CPU    %usr   %nice    %sys %iowait    %irq   %soft  %steal  %guest   %idle
22时29分59秒  all   69.12    0.00    8.01    0.00    0.00    0.13    0.00    0.00   22.74
平均时间:  all   69.12    0.00    8.01    0.00    0.00    0.13    0.00    0.00   22.74

Linux 2.6.32-431.el6.x86_64 (slave2) 	2019年07月26日 	_x86_64_	(8 CPU)

22时30分02秒  CPU    %usr   %nice    %sys %iowait    %irq   %soft  %steal  %guest   %idle
22时30分03秒  all   40.00    0.00    4.49    0.00    0.00    0.38    0.00    0.00   55.13
平均时间:  all   40.00    0.00    4.49    0.00    0.00    0.38    0.00    0.00   55.13

Linux 2.6.32-431.el6.x86_64 (slave2) 	2019年07月26日 	_x86_64_	(8 CPU)

22时30分06秒  CPU    %usr   %nice    %sys %iowait    %irq   %soft  %steal  %guest   %idle
22时30分07秒  all   51.73    0.00   13.19    0.00    0.00    1.54    0.00    0.00   33.55
平均时间:  all   51.73    0.00   13.19    0.00    0.00    1.54    0.00    0.00   33.55

Linux 2.6.32-431.el6.x86_64 (slave2) 	2019年07月26日 	_x86_64_	(8 CPU)

22时30分10秒  CPU    %usr   %nice    %sys %iowait    %irq   %soft  %steal  %guest   %idle
22时30分11秒  all   59.82    0.00   21.95    0.00    0.26   15.02    0.00    0.00    2.95
平均时间:  all   59.82    0.00   21.95    0.00    0.26   15.02    0.00    0.00    2.95

Linux 2.6.32-431.el6.x86_64 (slave2) 	2019年07月26日 	_x86_64_	(8 CPU)

22时30分14秒  CPU    %usr   %nice    %sys %iowait    %irq   %soft  %steal  %guest   %idle
22时30分15秒  all   68.17    0.00   19.05    0.00    0.38   12.03    0.00    0.00    0.38
平均时间:  all   68.17    0.00   19.05    0.00    0.38   12.03    0.00    0.00    0.38

Linux 2.6.32-431.el6.x86_64 (slave2) 	2019年07月26日 	_x86_64_	(8 CPU)

22时30分18秒  CPU    %usr   %nice    %sys %iowait    %irq   %soft  %steal  %guest   %idle
22时30分19秒  all   61.08    0.00   18.69    0.00    0.26   11.78    0.00    0.00    8.19
平均时间:  all   61.08    0.00   18.69    0.00    0.26   11.78    0.00    0.00    8.19

Linux 2.6.32-431.el6.x86_64 (slave2) 	2019年07月26日 	_x86_64_	(8 CPU)

22时30分22秒  CPU    %usr   %nice    %sys %iowait    %irq   %soft  %steal  %guest   %idle
22时30分23秒  all   67.29    0.00   18.67    0.00    0.25   13.78    0.00    0.00    0.00
平均时间:  all   67.29    0.00   18.67    0.00    0.25   13.78    0.00    0.00    0.00

Linux 2.6.32-431.el6.x86_64 (slave2) 	2019年07月26日 	_x86_64_	(8 CPU)

22时30分26秒  CPU    %usr   %nice    %sys %iowait    %irq   %soft  %steal  %guest   %idle
22时30分27秒  all   71.62    0.00   14.37    0.00    0.25   13.63    0.00    0.00    0.12
平均时间:  all   71.62    0.00   14.37    0.00    0.25   13.63    0.00    0.00    0.12

Linux 2.6.32-431.el6.x86_64 (slave2) 	2019年07月26日 	_x86_64_	(8 CPU)

22时30分30秒  CPU    %usr   %nice    %sys %iowait    %irq   %soft  %steal  %guest   %idle
22时30分31秒  all   19.17    0.00   17.71    0.00    0.13   13.85    0.00    0.00   49.13
平均时间:  all   19.17    0.00   17.71    0.00    0.13   13.85    0.00    0.00   49.13

Linux 2.6.32-431.el6.x86_64 (slave2) 	2019年07月26日 	_x86_64_	(8 CPU)

22时30分34秒  CPU    %usr   %nice    %sys %iowait    %irq   %soft  %steal  %guest   %idle
22时30分35秒  all   65.08    0.00   20.78    0.00    0.25   13.27    0.00    0.00    0.63
平均时间:  all   65.08    0.00   20.78    0.00    0.25   13.27    0.00    0.00    0.63

Linux 2.6.32-431.el6.x86_64 (slave2) 	2019年07月26日 	_x86_64_	(8 CPU)

22时30分39秒  CPU    %usr   %nice    %sys %iowait    %irq   %soft  %steal  %guest   %idle
22时30分40秒  all   77.72    0.00    8.73    0.00    0.00    0.00    0.00    0.00   13.54
平均时间:  all   77.72    0.00    8.73    0.00    0.00    0.00    0.00    0.00   13.54

Linux 2.6.32-431.el6.x86_64 (slave2) 	2019年07月26日 	_x86_64_	(8 CPU)

22时30分43秒  CPU    %usr   %nice    %sys %iowait    %irq   %soft  %steal  %guest   %idle
22时30分44秒  all   86.57    0.00    7.65    0.00    0.00    0.00    0.00    0.00    5.77
平均时间:  all   86.57    0.00    7.65    0.00    0.00    0.00    0.00    0.00    5.77

Linux 2.6.32-431.el6.x86_64 (slave2) 	2019年07月26日 	_x86_64_	(8 CPU)

22时30分47秒  CPU    %usr   %nice    %sys %iowait    %irq   %soft  %steal  %guest   %idle
22时30分48秒  all   75.81    0.00   15.04    0.13    0.13    0.25    0.00    0.00    8.65
平均时间:  all   75.81    0.00   15.04    0.13    0.13    0.25    0.00    0.00    8.65

Linux 2.6.32-431.el6.x86_64 (slave2) 	2019年07月26日 	_x86_64_	(8 CPU)

22时30分51秒  CPU    %usr   %nice    %sys %iowait    %irq   %soft  %steal  %guest   %idle
22时30分52秒  all   66.67    0.00   14.58    0.00    0.00    0.89    0.00    0.00   17.87
平均时间:  all   66.67    0.00   14.58    0.00    0.00    0.89    0.00    0.00   17.87

Linux 2.6.32-431.el6.x86_64 (slave2) 	2019年07月26日 	_x86_64_	(8 CPU)

22时30分55秒  CPU    %usr   %nice    %sys %iowait    %irq   %soft  %steal  %guest   %idle
22时30分56秒  all   86.45    0.00    9.03    0.00    0.00    0.13    0.00    0.00    4.39
平均时间:  all   86.45    0.00    9.03    0.00    0.00    0.13    0.00    0.00    4.39

Linux 2.6.32-431.el6.x86_64 (slave2) 	2019年07月26日 	_x86_64_	(8 CPU)

22时30分59秒  CPU    %usr   %nice    %sys %iowait    %irq   %soft  %steal  %guest   %idle
22时31分00秒  all   85.30    0.00    8.67    0.00    0.13    0.00    0.00    0.00    5.90
平均时间:  all   85.30    0.00    8.67    0.00    0.13    0.00    0.00    0.00    5.90

Linux 2.6.32-431.el6.x86_64 (slave2) 	2019年07月26日 	_x86_64_	(8 CPU)

22时31分03秒  CPU    %usr   %nice    %sys %iowait    %irq   %soft  %steal  %guest   %idle
22时31分04秒  all   94.11    0.00    5.89    0.00    0.00    0.00    0.00    0.00    0.00
平均时间:  all   94.11    0.00    5.89    0.00    0.00    0.00    0.00    0.00    0.00

Linux 2.6.32-431.el6.x86_64 (slave2) 	2019年07月26日 	_x86_64_	(8 CPU)

22时31分07秒  CPU    %usr   %nice    %sys %iowait    %irq   %soft  %steal  %guest   %idle
22时31分08秒  all   57.41    0.00    8.87    0.00    0.13    0.13    0.00    0.00   33.46
平均时间:  all   57.41    0.00    8.87    0.00    0.13    0.13    0.00    0.00   33.46

Linux 2.6.32-431.el6.x86_64 (slave2) 	2019年07月26日 	_x86_64_	(8 CPU)

22时31分11秒  CPU    %usr   %nice    %sys %iowait    %irq   %soft  %steal  %guest   %idle
22时31分12秒  all   40.54    0.00    5.63    0.00    0.00    0.13    0.00    0.00   53.71
平均时间:  all   40.54    0.00    5.63    0.00    0.00    0.13    0.00    0.00   53.71

Linux 2.6.32-431.el6.x86_64 (slave2) 	2019年07月26日 	_x86_64_	(8 CPU)

22时31分15秒  CPU    %usr   %nice    %sys %iowait    %irq   %soft  %steal  %guest   %idle
22时31分16秒  all   15.05    0.00    6.63    0.00    0.00    0.00    0.00    0.00   78.32
平均时间:  all   15.05    0.00    6.63    0.00    0.00    0.00    0.00    0.00   78.32

Linux 2.6.32-431.el6.x86_64 (slave2) 	2019年07月26日 	_x86_64_	(8 CPU)

22时31分19秒  CPU    %usr   %nice    %sys %iowait    %irq   %soft  %steal  %guest   %idle
22时31分20秒  all   75.25    0.00    9.47    0.00    0.00    0.25    0.00    0.00   15.03
平均时间:  all   75.25    0.00    9.47    0.00    0.00    0.25    0.00    0.00   15.03

Linux 2.6.32-431.el6.x86_64 (slave2) 	2019年07月26日 	_x86_64_	(8 CPU)

22时31分23秒  CPU    %usr   %nice    %sys %iowait    %irq   %soft  %steal  %guest   %idle
22时31分24秒  all   83.54    0.00   13.19    0.00    0.00    0.00    0.00    0.00    3.27
平均时间:  all   83.54    0.00   13.19    0.00    0.00    0.00    0.00    0.00    3.27

Linux 2.6.32-431.el6.x86_64 (slave2) 	2019年07月26日 	_x86_64_	(8 CPU)

22时31分27秒  CPU    %usr   %nice    %sys %iowait    %irq   %soft  %steal  %guest   %idle
22时31分28秒  all   89.75    0.00    8.00    0.00    0.00    0.38    0.00    0.00    1.88
平均时间:  all   89.75    0.00    8.00    0.00    0.00    0.38    0.00    0.00    1.88

Linux 2.6.32-431.el6.x86_64 (slave2) 	2019年07月26日 	_x86_64_	(8 CPU)

22时31分31秒  CPU    %usr   %nice    %sys %iowait    %irq   %soft  %steal  %guest   %idle
22时31分32秒  all   23.13    0.00    4.57    0.00    0.00    0.00    0.00    0.00   72.30
平均时间:  all   23.13    0.00    4.57    0.00    0.00    0.00    0.00    0.00   72.30

Linux 2.6.32-431.el6.x86_64 (slave2) 	2019年07月26日 	_x86_64_	(8 CPU)

22时31分35秒  CPU    %usr   %nice    %sys %iowait    %irq   %soft  %steal  %guest   %idle
22时31分36秒  all    8.37    0.00    1.90    0.00    0.00    0.13    0.00    0.00   89.61
平均时间:  all    8.37    0.00    1.90    0.00    0.00    0.13    0.00    0.00   89.61

Linux 2.6.32-431.el6.x86_64 (slave2) 	2019年07月26日 	_x86_64_	(8 CPU)

22时31分39秒  CPU    %usr   %nice    %sys %iowait    %irq   %soft  %steal  %guest   %idle
22时31分40秒  all   31.55    0.00    6.23    0.00    0.00    1.40    0.00    0.00   60.81
平均时间:  all   31.55    0.00    6.23    0.00    0.00    1.40    0.00    0.00   60.81

Linux 2.6.32-431.el6.x86_64 (slave2) 	2019年07月26日 	_x86_64_	(8 CPU)

22时31分43秒  CPU    %usr   %nice    %sys %iowait    %irq   %soft  %steal  %guest   %idle
22时31分44秒  all   68.72    0.00   17.34    0.00    0.00    1.13    0.00    0.00   12.81
平均时间:  all   68.72    0.00   17.34    0.00    0.00    1.13    0.00    0.00   12.81

Linux 2.6.32-431.el6.x86_64 (slave2) 	2019年07月26日 	_x86_64_	(8 CPU)

22时31分47秒  CPU    %usr   %nice    %sys %iowait    %irq   %soft  %steal  %guest   %idle
22时31分48秒  all   91.00    0.00    8.00    0.00    0.00    0.38    0.00    0.00    0.62
平均时间:  all   91.00    0.00    8.00    0.00    0.00    0.38    0.00    0.00    0.62

Linux 2.6.32-431.el6.x86_64 (slave2) 	2019年07月26日 	_x86_64_	(8 CPU)

22时31分51秒  CPU    %usr   %nice    %sys %iowait    %irq   %soft  %steal  %guest   %idle
22时31分52秒  all   94.13    0.00    5.62    0.00    0.00    0.12    0.00    0.00    0.12
平均时间:  all   94.13    0.00    5.62    0.00    0.00    0.12    0.00    0.00    0.12

Linux 2.6.32-431.el6.x86_64 (slave2) 	2019年07月26日 	_x86_64_	(8 CPU)

22时31分55秒  CPU    %usr   %nice    %sys %iowait    %irq   %soft  %steal  %guest   %idle
22时31分56秒  all   72.96    0.00   15.09    0.00    0.00    0.75    0.00    0.00   11.19
平均时间:  all   72.96    0.00   15.09    0.00    0.00    0.75    0.00    0.00   11.19

Linux 2.6.32-431.el6.x86_64 (slave2) 	2019年07月26日 	_x86_64_	(8 CPU)

22时31分59秒  CPU    %usr   %nice    %sys %iowait    %irq   %soft  %steal  %guest   %idle
22时32分00秒  all   85.96    0.00   11.90    0.00    0.00    0.13    0.00    0.00    2.01
平均时间:  all   85.96    0.00   11.90    0.00    0.00    0.13    0.00    0.00    2.01

Linux 2.6.32-431.el6.x86_64 (slave2) 	2019年07月26日 	_x86_64_	(8 CPU)

22时32分03秒  CPU    %usr   %nice    %sys %iowait    %irq   %soft  %steal  %guest   %idle
22时32分04秒  all   54.94    0.00    8.47    0.00    0.00    0.00    0.00    0.00   36.59
平均时间:  all   54.94    0.00    8.47    0.00    0.00    0.00    0.00    0.00   36.59

Linux 2.6.32-431.el6.x86_64 (slave2) 	2019年07月26日 	_x86_64_	(8 CPU)

22时32分07秒  CPU    %usr   %nice    %sys %iowait    %irq   %soft  %steal  %guest   %idle
22时32分08秒  all   34.40    0.00    5.88    0.00    0.00    0.00    0.00    0.00   59.72
平均时间:  all   34.40    0.00    5.88    0.00    0.00    0.00    0.00    0.00   59.72

Linux 2.6.32-431.el6.x86_64 (slave2) 	2019年07月26日 	_x86_64_	(8 CPU)

22时32分11秒  CPU    %usr   %nice    %sys %iowait    %irq   %soft  %steal  %guest   %idle
22时32分12秒  all    6.20    0.00    1.14    0.00    0.00    0.13    0.00    0.00   92.53
平均时间:  all    6.20    0.00    1.14    0.00    0.00    0.13    0.00    0.00   92.53

Linux 2.6.32-431.el6.x86_64 (slave2) 	2019年07月26日 	_x86_64_	(8 CPU)

22时32分15秒  CPU    %usr   %nice    %sys %iowait    %irq   %soft  %steal  %guest   %idle
22时32分16秒  all   12.68    0.00    9.83    0.00    0.00    5.95    0.00    0.00   71.54
平均时间:  all   12.68    0.00    9.83    0.00    0.00    5.95    0.00    0.00   71.54

Linux 2.6.32-431.el6.x86_64 (slave2) 	2019年07月26日 	_x86_64_	(8 CPU)

22时32分19秒  CPU    %usr   %nice    %sys %iowait    %irq   %soft  %steal  %guest   %idle
22时32分20秒  all   41.68    0.00    8.01    0.00    0.00    3.30    0.00    0.00   47.01
平均时间:  all   41.68    0.00    8.01    0.00    0.00    3.30    0.00    0.00   47.01

Linux 2.6.32-431.el6.x86_64 (slave2) 	2019年07月26日 	_x86_64_	(8 CPU)

22时32分23秒  CPU    %usr   %nice    %sys %iowait    %irq   %soft  %steal  %guest   %idle
22时32分24秒  all   73.20    0.00    8.09    0.00    0.00    0.13    0.00    0.00   18.58
平均时间:  all   73.20    0.00    8.09    0.00    0.00    0.13    0.00    0.00   18.58

Linux 2.6.32-431.el6.x86_64 (slave2) 	2019年07月26日 	_x86_64_	(8 CPU)

22时32分27秒  CPU    %usr   %nice    %sys %iowait    %irq   %soft  %steal  %guest   %idle
22时32分28秒  all   51.02    0.00    5.10    0.00    0.00    0.13    0.00    0.00   43.75
平均时间:  all   51.02    0.00    5.10    0.00    0.00    0.13    0.00    0.00   43.75

Linux 2.6.32-431.el6.x86_64 (slave2) 	2019年07月26日 	_x86_64_	(8 CPU)

22时32分31秒  CPU    %usr   %nice    %sys %iowait    %irq   %soft  %steal  %guest   %idle
22时32分32秒  all   89.08    0.00    6.15    0.00    0.00    0.13    0.00    0.00    4.64
平均时间:  all   89.08    0.00    6.15    0.00    0.00    0.13    0.00    0.00    4.64

Linux 2.6.32-431.el6.x86_64 (slave2) 	2019年07月26日 	_x86_64_	(8 CPU)

22时32分35秒  CPU    %usr   %nice    %sys %iowait    %irq   %soft  %steal  %guest   %idle
22时32分36秒  all   61.94    0.00    6.77    0.00    0.00    0.64    0.00    0.00   30.65
平均时间:  all   61.94    0.00    6.77    0.00    0.00    0.64    0.00    0.00   30.65

Linux 2.6.32-431.el6.x86_64 (slave2) 	2019年07月26日 	_x86_64_	(8 CPU)

22时32分39秒  CPU    %usr   %nice    %sys %iowait    %irq   %soft  %steal  %guest   %idle
22时32分40秒  all   63.26    0.00    2.65    0.00    0.00    0.63    0.00    0.00   33.46
平均时间:  all   63.26    0.00    2.65    0.00    0.00    0.63    0.00    0.00   33.46

Linux 2.6.32-431.el6.x86_64 (slave2) 	2019年07月26日 	_x86_64_	(8 CPU)

22时32分43秒  CPU    %usr   %nice    %sys %iowait    %irq   %soft  %steal  %guest   %idle
22时32分44秒  all   31.97    0.00    2.81    0.00    0.00    1.66    0.00    0.00   63.55
平均时间:  all   31.97    0.00    2.81    0.00    0.00    1.66    0.00    0.00   63.55

Linux 2.6.32-431.el6.x86_64 (slave2) 	2019年07月26日 	_x86_64_	(8 CPU)

22时32分47秒  CPU    %usr   %nice    %sys %iowait    %irq   %soft  %steal  %guest   %idle
22时32分48秒  all   33.25    0.00    1.53    0.00    0.00    1.27    0.00    0.00   63.95
平均时间:  all   33.25    0.00    1.53    0.00    0.00    1.27    0.00    0.00   63.95

Linux 2.6.32-431.el6.x86_64 (slave2) 	2019年07月26日 	_x86_64_	(8 CPU)

22时32分51秒  CPU    %usr   %nice    %sys %iowait    %irq   %soft  %steal  %guest   %idle
22时32分52秒  all   47.83    0.00    2.17    0.00    0.00    0.89    0.00    0.00   49.11
平均时间:  all   47.83    0.00    2.17    0.00    0.00    0.89    0.00    0.00   49.11

Linux 2.6.32-431.el6.x86_64 (slave2) 	2019年07月26日 	_x86_64_	(8 CPU)

22时32分55秒  CPU    %usr   %nice    %sys %iowait    %irq   %soft  %steal  %guest   %idle
22时32分56秒  all   30.98    0.00    2.31    0.00    0.00    1.41    0.00    0.00   65.30
平均时间:  all   30.98    0.00    2.31    0.00    0.00    1.41    0.00    0.00   65.30

Linux 2.6.32-431.el6.x86_64 (slave2) 	2019年07月26日 	_x86_64_	(8 CPU)

22时32分59秒  CPU    %usr   %nice    %sys %iowait    %irq   %soft  %steal  %guest   %idle
22时33分00秒  all   45.19    0.00    2.15    0.00    0.00    0.13    0.00    0.00   52.53
平均时间:  all   45.19    0.00    2.15    0.00    0.00    0.13    0.00    0.00   52.53

Linux 2.6.32-431.el6.x86_64 (slave2) 	2019年07月26日 	_x86_64_	(8 CPU)

22时33分03秒  CPU    %usr   %nice    %sys %iowait    %irq   %soft  %steal  %guest   %idle
22时33分04秒  all   60.43    0.00    6.36    0.00    0.13    0.89    0.00    0.00   32.19
平均时间:  all   60.43    0.00    6.36    0.00    0.13    0.89    0.00    0.00   32.19

Linux 2.6.32-431.el6.x86_64 (slave2) 	2019年07月26日 	_x86_64_	(8 CPU)

22时33分07秒  CPU    %usr   %nice    %sys %iowait    %irq   %soft  %steal  %guest   %idle
22时33分08秒  all   73.54    0.00    6.74    0.00    0.00    0.13    0.00    0.00   19.59
平均时间:  all   73.54    0.00    6.74    0.00    0.00    0.13    0.00    0.00   19.59

Linux 2.6.32-431.el6.x86_64 (slave2) 	2019年07月26日 	_x86_64_	(8 CPU)

22时33分11秒  CPU    %usr   %nice    %sys %iowait    %irq   %soft  %steal  %guest   %idle
22时33分12秒  all   82.79    0.00    8.67    0.00    0.13    0.13    0.00    0.00    8.29
平均时间:  all   82.79    0.00    8.67    0.00    0.13    0.13    0.00    0.00    8.29

Linux 2.6.32-431.el6.x86_64 (slave2) 	2019年07月26日 	_x86_64_	(8 CPU)

22时33分15秒  CPU    %usr   %nice    %sys %iowait    %irq   %soft  %steal  %guest   %idle
22时33分16秒  all   86.83    0.00   10.41    0.00    0.13    0.13    0.00    0.00    2.51
平均时间:  all   86.83    0.00   10.41    0.00    0.13    0.13    0.00    0.00    2.51

Linux 2.6.32-431.el6.x86_64 (slave2) 	2019年07月26日 	_x86_64_	(8 CPU)

22时33分19秒  CPU    %usr   %nice    %sys %iowait    %irq   %soft  %steal  %guest   %idle
22时33分20秒  all   75.54    0.00    5.96    0.00    0.13    0.25    0.00    0.00   18.12
平均时间:  all   75.54    0.00    5.96    0.00    0.13    0.25    0.00    0.00   18.12

Linux 2.6.32-431.el6.x86_64 (slave2) 	2019年07月26日 	_x86_64_	(8 CPU)

22时33分23秒  CPU    %usr   %nice    %sys %iowait    %irq   %soft  %steal  %guest   %idle
22时33分24秒  all   52.75    0.00    7.41    0.00    0.00    0.77    0.00    0.00   39.08
平均时间:  all   52.75    0.00    7.41    0.00    0.00    0.77    0.00    0.00   39.08

Linux 2.6.32-431.el6.x86_64 (slave2) 	2019年07月26日 	_x86_64_	(8 CPU)

22时33分27秒  CPU    %usr   %nice    %sys %iowait    %irq   %soft  %steal  %guest   %idle
22时33分28秒  all   60.13    0.00    5.99    0.00    0.00    0.76    0.00    0.00   33.12
平均时间:  all   60.13    0.00    5.99    0.00    0.00    0.76    0.00    0.00   33.12

Linux 2.6.32-431.el6.x86_64 (slave2) 	2019年07月26日 	_x86_64_	(8 CPU)

22时33分31秒  CPU    %usr   %nice    %sys %iowait    %irq   %soft  %steal  %guest   %idle
22时33分32秒  all   59.72    0.00    5.75    0.00    0.13    0.51    0.00    0.00   33.89
平均时间:  all   59.72    0.00    5.75    0.00    0.13    0.51    0.00    0.00   33.89

Linux 2.6.32-431.el6.x86_64 (slave2) 	2019年07月26日 	_x86_64_	(8 CPU)

22时33分36秒  CPU    %usr   %nice    %sys %iowait    %irq   %soft  %steal  %guest   %idle
22时33分37秒  all   45.10    0.00    5.28    0.00    0.00    1.42    0.00    0.00   48.20
平均时间:  all   45.10    0.00    5.28    0.00    0.00    1.42    0.00    0.00   48.20

Linux 2.6.32-431.el6.x86_64 (slave2) 	2019年07月26日 	_x86_64_	(8 CPU)

22时33分40秒  CPU    %usr   %nice    %sys %iowait    %irq   %soft  %steal  %guest   %idle
22时33分41秒  all   45.84    0.00    4.61    0.00    0.13    0.38    0.00    0.00   49.04
平均时间:  all   45.84    0.00    4.61    0.00    0.13    0.38    0.00    0.00   49.04

Linux 2.6.32-431.el6.x86_64 (slave2) 	2019年07月26日 	_x86_64_	(8 CPU)

22时33分44秒  CPU    %usr   %nice    %sys %iowait    %irq   %soft  %steal  %guest   %idle
22时33分45秒  all   44.79    0.00    5.79    0.00    0.00    0.90    0.00    0.00   48.52
平均时间:  all   44.79    0.00    5.79    0.00    0.00    0.90    0.00    0.00   48.52

Linux 2.6.32-431.el6.x86_64 (slave2) 	2019年07月26日 	_x86_64_	(8 CPU)

22时33分48秒  CPU    %usr   %nice    %sys %iowait    %irq   %soft  %steal  %guest   %idle
22时33分49秒  all   34.43    0.00    4.70    0.00    0.00    0.38    0.00    0.00   60.48
平均时间:  all   34.43    0.00    4.70    0.00    0.00    0.38    0.00    0.00   60.48

Linux 2.6.32-431.el6.x86_64 (slave2) 	2019年07月26日 	_x86_64_	(8 CPU)

22时33分52秒  CPU    %usr   %nice    %sys %iowait    %irq   %soft  %steal  %guest   %idle
22时33分53秒  all   55.03    0.00    9.94    0.00    0.00    2.55    0.00    0.00   32.48
平均时间:  all   55.03    0.00    9.94    0.00    0.00    2.55    0.00    0.00   32.48

Linux 2.6.32-431.el6.x86_64 (slave2) 	2019年07月26日 	_x86_64_	(8 CPU)

22时33分56秒  CPU    %usr   %nice    %sys %iowait    %irq   %soft  %steal  %guest   %idle
22时33分57秒  all   90.83    0.00    5.65    0.00    0.00    0.25    0.00    0.00    3.27
平均时间:  all   90.83    0.00    5.65    0.00    0.00    0.25    0.00    0.00    3.27

Linux 2.6.32-431.el6.x86_64 (slave2) 	2019年07月26日 	_x86_64_	(8 CPU)

22时34分00秒  CPU    %usr   %nice    %sys %iowait    %irq   %soft  %steal  %guest   %idle
22时34分01秒  all   87.25    0.00    7.83    0.13    0.00    1.14    0.00    0.00    3.66
平均时间:  all   87.25    0.00    7.83    0.13    0.00    1.14    0.00    0.00    3.66

Linux 2.6.32-431.el6.x86_64 (slave2) 	2019年07月26日 	_x86_64_	(8 CPU)

22时34分04秒  CPU    %usr   %nice    %sys %iowait    %irq   %soft  %steal  %guest   %idle
22时34分05秒  all   46.66    0.00    5.78    0.00    0.00    1.29    0.00    0.00   46.27
平均时间:  all   46.66    0.00    5.78    0.00    0.00    1.29    0.00    0.00   46.27

Linux 2.6.32-431.el6.x86_64 (slave2) 	2019年07月26日 	_x86_64_	(8 CPU)

22时34分08秒  CPU    %usr   %nice    %sys %iowait    %irq   %soft  %steal  %guest   %idle
22时34分09秒  all   47.29    0.00    1.51    0.00    0.00    0.76    0.00    0.00   50.44
平均时间:  all   47.29    0.00    1.51    0.00    0.00    0.76    0.00    0.00   50.44

Linux 2.6.32-431.el6.x86_64 (slave2) 	2019年07月26日 	_x86_64_	(8 CPU)

22时34分12秒  CPU    %usr   %nice    %sys %iowait    %irq   %soft  %steal  %guest   %idle
22时34分13秒  all   30.60    0.00    1.26    0.00    0.00    0.76    0.00    0.00   67.38
平均时间:  all   30.60    0.00    1.26    0.00    0.00    0.76    0.00    0.00   67.38

Linux 2.6.32-431.el6.x86_64 (slave2) 	2019年07月26日 	_x86_64_	(8 CPU)

22时34分16秒  CPU    %usr   %nice    %sys %iowait    %irq   %soft  %steal  %guest   %idle
22时34分17秒  all   44.30    0.00    4.18    0.00    0.13    0.51    0.00    0.00   50.89
平均时间:  all   44.30    0.00    4.18    0.00    0.13    0.51    0.00    0.00   50.89

Linux 2.6.32-431.el6.x86_64 (slave2) 	2019年07月26日 	_x86_64_	(8 CPU)

22时34分20秒  CPU    %usr   %nice    %sys %iowait    %irq   %soft  %steal  %guest   %idle
22时34分21秒  all   30.08    0.00    3.17    0.00    0.00    1.02    0.00    0.00   65.74
平均时间:  all   30.08    0.00    3.17    0.00    0.00    1.02    0.00    0.00   65.74

Linux 2.6.32-431.el6.x86_64 (slave2) 	2019年07月26日 	_x86_64_	(8 CPU)

22时34分24秒  CPU    %usr   %nice    %sys %iowait    %irq   %soft  %steal  %guest   %idle
22时34分25秒  all   29.47    0.00    1.89    0.00    0.00    0.38    0.00    0.00   68.26
平均时间:  all   29.47    0.00    1.89    0.00    0.00    0.38    0.00    0.00   68.26

Linux 2.6.32-431.el6.x86_64 (slave2) 	2019年07月26日 	_x86_64_	(8 CPU)

22时34分28秒  CPU    %usr   %nice    %sys %iowait    %irq   %soft  %steal  %guest   %idle
22时34分29秒  all   26.42    0.00    0.51    0.00    0.00    2.40    0.00    0.00   70.67
平均时间:  all   26.42    0.00    0.51    0.00    0.00    2.40    0.00    0.00   70.67

Linux 2.6.32-431.el6.x86_64 (slave2) 	2019年07月26日 	_x86_64_	(8 CPU)

22时34分32秒  CPU    %usr   %nice    %sys %iowait    %irq   %soft  %steal  %guest   %idle
22时34分33秒  all   41.52    0.00    4.63    0.13    0.00    0.51    0.00    0.00   53.21
平均时间:  all   41.52    0.00    4.63    0.13    0.00    0.51    0.00    0.00   53.21

Linux 2.6.32-431.el6.x86_64 (slave2) 	2019年07月26日 	_x86_64_	(8 CPU)

22时34分36秒  CPU    %usr   %nice    %sys %iowait    %irq   %soft  %steal  %guest   %idle
22时34分37秒  all   15.01    0.00    2.90    0.00    0.00    0.88    0.00    0.00   81.21
平均时间:  all   15.01    0.00    2.90    0.00    0.00    0.88    0.00    0.00   81.21

Linux 2.6.32-431.el6.x86_64 (slave2) 	2019年07月26日 	_x86_64_	(8 CPU)

22时34分40秒  CPU    %usr   %nice    %sys %iowait    %irq   %soft  %steal  %guest   %idle
22时34分41秒  all   12.59    0.00    0.25    0.00    0.00    1.39    0.00    0.00   85.77
平均时间:  all   12.59    0.00    0.25    0.00    0.00    1.39    0.00    0.00   85.77

Linux 2.6.32-431.el6.x86_64 (slave2) 	2019年07月26日 	_x86_64_	(8 CPU)

22时34分44秒  CPU    %usr   %nice    %sys %iowait    %irq   %soft  %steal  %guest   %idle
22时34分45秒  all   12.91    0.00    0.38    0.00    0.00    0.25    0.00    0.00   86.47
平均时间:  all   12.91    0.00    0.38    0.00    0.00    0.25    0.00    0.00   86.47

Linux 2.6.32-431.el6.x86_64 (slave2) 	2019年07月26日 	_x86_64_	(8 CPU)

22时34分48秒  CPU    %usr   %nice    %sys %iowait    %irq   %soft  %steal  %guest   %idle
22时34分49秒  all   13.13    0.00    0.25    0.00    0.00    1.39    0.00    0.00   85.23
平均时间:  all   13.13    0.00    0.25    0.00    0.00    1.39    0.00    0.00   85.23

Linux 2.6.32-431.el6.x86_64 (slave2) 	2019年07月26日 	_x86_64_	(8 CPU)

22时34分52秒  CPU    %usr   %nice    %sys %iowait    %irq   %soft  %steal  %guest   %idle
22时34分53秒  all   15.91    0.00    0.63    0.00    0.00    0.13    0.00    0.00   83.33
平均时间:  all   15.91    0.00    0.63    0.00    0.00    0.13    0.00    0.00   83.33

Linux 2.6.32-431.el6.x86_64 (slave2) 	2019年07月26日 	_x86_64_	(8 CPU)

22时34分56秒  CPU    %usr   %nice    %sys %iowait    %irq   %soft  %steal  %guest   %idle
22时34分57秒  all   14.84    0.00    0.50    0.00    0.00    1.01    0.00    0.00   83.65
平均时间:  all   14.84    0.00    0.50    0.00    0.00    1.01    0.00    0.00   83.65

Linux 2.6.32-431.el6.x86_64 (slave2) 	2019年07月26日 	_x86_64_	(8 CPU)

22时35分00秒  CPU    %usr   %nice    %sys %iowait    %irq   %soft  %steal  %guest   %idle
22时35分01秒  all   50.63    0.00    0.88    0.00    0.00    0.00    0.00    0.00   48.50
平均时间:  all   50.63    0.00    0.88    0.00    0.00    0.00    0.00    0.00   48.50

Linux 2.6.32-431.el6.x86_64 (slave2) 	2019年07月26日 	_x86_64_	(8 CPU)

22时35分04秒  CPU    %usr   %nice    %sys %iowait    %irq   %soft  %steal  %guest   %idle
22时35分05秒  all   18.35    0.00    2.03    0.00    0.00    0.51    0.00    0.00   79.11
平均时间:  all   18.35    0.00    2.03    0.00    0.00    0.51    0.00    0.00   79.11

Linux 2.6.32-431.el6.x86_64 (slave2) 	2019年07月26日 	_x86_64_	(8 CPU)

22时35分08秒  CPU    %usr   %nice    %sys %iowait    %irq   %soft  %steal  %guest   %idle
22时35分09秒  all    5.60    0.00    2.80    0.00    0.00    0.13    0.00    0.00   91.48
平均时间:  all    5.60    0.00    2.80    0.00    0.00    0.13    0.00    0.00   91.48

Linux 2.6.32-431.el6.x86_64 (slave2) 	2019年07月26日 	_x86_64_	(8 CPU)

22时35分12秒  CPU    %usr   %nice    %sys %iowait    %irq   %soft  %steal  %guest   %idle
22时35分13秒  all    0.00    0.00    1.00    0.00    0.00    0.13    0.00    0.00   98.87
平均时间:  all    0.00    0.00    1.00    0.00    0.00    0.13    0.00    0.00   98.87

Linux 2.6.32-431.el6.x86_64 (slave2) 	2019年07月26日 	_x86_64_	(8 CPU)

22时35分16秒  CPU    %usr   %nice    %sys %iowait    %irq   %soft  %steal  %guest   %idle
22时35分17秒  all    1.25    0.00    0.25    0.00    0.00    0.00    0.00    0.00   98.49
平均时间:  all    1.25    0.00    0.25    0.00    0.00    0.00    0.00    0.00   98.49

