
2019年 07月 26日 星期五 22:26:29 CST
             total       used       free     shared    buffers     cached
Mem:         15945       9723       6222          0         99       7618
-/+ buffers/cache:       2004      13940
Swap:         8039          0       8039

2019年 07月 26日 星期五 22:26:33 CST
             total       used       free     shared    buffers     cached
Mem:         15945       9723       6222          0         99       7618
-/+ buffers/cache:       2004      13940
Swap:         8039          0       8039

2019年 07月 26日 星期五 22:26:37 CST
             total       used       free     shared    buffers     cached
Mem:         15945       9723       6222          0         99       7618
-/+ buffers/cache:       2004      13940
Swap:         8039          0       8039

2019年 07月 26日 星期五 22:26:41 CST
             total       used       free     shared    buffers     cached
Mem:         15945       9723       6222          0         99       7618
-/+ buffers/cache:       2004      13940
Swap:         8039          0       8039

2019年 07月 26日 星期五 22:26:45 CST
             total       used       free     shared    buffers     cached
Mem:         15945       9723       6222          0         99       7618
-/+ buffers/cache:       2004      13940
Swap:         8039          0       8039

2019年 07月 26日 星期五 22:26:49 CST
             total       used       free     shared    buffers     cached
Mem:         15945       9872       6073          0         99       7765
-/+ buffers/cache:       2006      13939
Swap:         8039          0       8039

2019年 07月 26日 星期五 22:26:53 CST
             total       used       free     shared    buffers     cached
Mem:         15945      10195       5750          0         99       8028
-/+ buffers/cache:       2066      13878
Swap:         8039          0       8039

2019年 07月 26日 星期五 22:26:57 CST
             total       used       free     shared    buffers     cached
Mem:         15945      10531       5413          0        100       8265
-/+ buffers/cache:       2165      13779
Swap:         8039          0       8039

2019年 07月 26日 星期五 22:27:01 CST
             total       used       free     shared    buffers     cached
Mem:         15945      10913       5031          0        100       8502
-/+ buffers/cache:       2311      13634
Swap:         8039          0       8039

2019年 07月 26日 星期五 22:27:05 CST
             total       used       free     shared    buffers     cached
Mem:         15945      11208       4737          0        100       8745
-/+ buffers/cache:       2363      13582
Swap:         8039          0       8039

2019年 07月 26日 星期五 22:27:09 CST
             total       used       free     shared    buffers     cached
Mem:         15945      11643       4302          0        100       9177
-/+ buffers/cache:       2365      13579
Swap:         8039          0       8039

2019年 07月 26日 星期五 22:27:13 CST
             total       used       free     shared    buffers     cached
Mem:         15945      12083       3862          0        100       9495
-/+ buffers/cache:       2488      13457
Swap:         8039          0       8039

2019年 07月 26日 星期五 22:27:17 CST
             total       used       free     shared    buffers     cached
Mem:         15945      13234       2711          0        100      10207
-/+ buffers/cache:       2927      13018
Swap:         8039          0       8039

2019年 07月 26日 星期五 22:27:21 CST
             total       used       free     shared    buffers     cached
Mem:         15945      13925       2019          0        100      10218
-/+ buffers/cache:       3607      12337
Swap:         8039          0       8039

2019年 07月 26日 星期五 22:27:25 CST
             total       used       free     shared    buffers     cached
Mem:         15945      14564       1381          0        100      10219
-/+ buffers/cache:       4244      11700
Swap:         8039          0       8039

2019年 07月 26日 星期五 22:27:29 CST
             total       used       free     shared    buffers     cached
Mem:         15945      14555       1390          0        100      10219
-/+ buffers/cache:       4235      11709
Swap:         8039          0       8039

2019年 07月 26日 星期五 22:27:33 CST
             total       used       free     shared    buffers     cached
Mem:         15945      14527       1418          0        100      10238
-/+ buffers/cache:       4188      11757
Swap:         8039          0       8039

2019年 07月 26日 星期五 22:27:37 CST
             total       used       free     shared    buffers     cached
Mem:         15945      14772       1172          0        100      10219
-/+ buffers/cache:       4453      11492
Swap:         8039          0       8039

2019年 07月 26日 星期五 22:27:41 CST
             total       used       free     shared    buffers     cached
Mem:         15945      15226        718          0        100      10220
-/+ buffers/cache:       4906      11039
Swap:         8039          0       8039

2019年 07月 26日 星期五 22:27:45 CST
             total       used       free     shared    buffers     cached
Mem:         15945      15347        598          0        100      10220
-/+ buffers/cache:       5026      10918
Swap:         8039          0       8039

2019年 07月 26日 星期五 22:27:49 CST
             total       used       free     shared    buffers     cached
Mem:         15945      15370        574          0        100      10201
-/+ buffers/cache:       5069      10876
Swap:         8039          0       8039

2019年 07月 26日 星期五 22:27:53 CST
             total       used       free     shared    buffers     cached
Mem:         15945      15097        848          0        100      10202
-/+ buffers/cache:       4794      11150
Swap:         8039          0       8039

2019年 07月 26日 星期五 22:27:57 CST
             total       used       free     shared    buffers     cached
Mem:         15945      15303        641          0        100      10223
-/+ buffers/cache:       4980      10965
Swap:         8039          0       8039

2019年 07月 26日 星期五 22:28:01 CST
             total       used       free     shared    buffers     cached
Mem:         15945      15757        188          0        100      10207
-/+ buffers/cache:       5449      10496
Swap:         8039          0       8039

2019年 07月 26日 星期五 22:28:05 CST
             total       used       free     shared    buffers     cached
Mem:         15945      14882       1063          0        100      10227
-/+ buffers/cache:       4554      11390
Swap:         8039          0       8039

2019年 07月 26日 星期五 22:28:09 CST
             total       used       free     shared    buffers     cached
Mem:         15945      15242        702          0        100      10227
-/+ buffers/cache:       4915      11030
Swap:         8039          0       8039

2019年 07月 26日 星期五 22:28:13 CST
             total       used       free     shared    buffers     cached
Mem:         15945      15565        380          0        100      10190
-/+ buffers/cache:       5274      10670
Swap:         8039          0       8039

2019年 07月 26日 星期五 22:28:17 CST
             total       used       free     shared    buffers     cached
Mem:         15945      15796        148          0        100      10008
-/+ buffers/cache:       5688      10257
Swap:         8039          0       8039

2019年 07月 26日 星期五 22:28:21 CST
             total       used       free     shared    buffers     cached
Mem:         15945      15794        151          0        100       9906
-/+ buffers/cache:       5787      10157
Swap:         8039          0       8039

2019年 07月 26日 星期五 22:28:25 CST
             total       used       free     shared    buffers     cached
Mem:         15945      15790        155          0        100       9837
-/+ buffers/cache:       5852      10092
Swap:         8039          0       8039

2019年 07月 26日 星期五 22:28:29 CST
             total       used       free     shared    buffers     cached
Mem:         15945      15785        159          0        100       9796
-/+ buffers/cache:       5889      10055
Swap:         8039          0       8039

2019年 07月 26日 星期五 22:28:33 CST
             total       used       free     shared    buffers     cached
Mem:         15945      15479        466          0        100       9980
-/+ buffers/cache:       5397      10547
Swap:         8039          0       8039

2019年 07月 26日 星期五 22:28:37 CST
             total       used       free     shared    buffers     cached
Mem:         15945      15725        220          0        100      10064
-/+ buffers/cache:       5560      10385
Swap:         8039          0       8039

2019年 07月 26日 星期五 22:28:41 CST
             total       used       free     shared    buffers     cached
Mem:         15945      15780        165          0         99       9801
-/+ buffers/cache:       5879      10066
Swap:         8039          0       8039

2019年 07月 26日 星期五 22:28:45 CST
             total       used       free     shared    buffers     cached
Mem:         15945      15375        569          0         99       9562
-/+ buffers/cache:       5714      10231
Swap:         8039          0       8039

2019年 07月 26日 星期五 22:28:49 CST
             total       used       free     shared    buffers     cached
Mem:         15945      15598        346          0         99       9857
-/+ buffers/cache:       5640      10304
Swap:         8039          0       8039

2019年 07月 26日 星期五 22:28:53 CST
             total       used       free     shared    buffers     cached
Mem:         15945      15765        180          0         99       9902
-/+ buffers/cache:       5762      10183
Swap:         8039          0       8039

2019年 07月 26日 星期五 22:28:57 CST
             total       used       free     shared    buffers     cached
Mem:         15945      15765        179          0         99       9833
-/+ buffers/cache:       5832      10113
Swap:         8039          0       8039

2019年 07月 26日 星期五 22:29:01 CST
             total       used       free     shared    buffers     cached
Mem:         15945      15789        155          0         99       9804
-/+ buffers/cache:       5885      10060
Swap:         8039          0       8039

2019年 07月 26日 星期五 22:29:05 CST
             total       used       free     shared    buffers     cached
Mem:         15945      15432        512          0         99       9853
-/+ buffers/cache:       5479      10465
Swap:         8039          0       8039

2019年 07月 26日 星期五 22:29:09 CST
             total       used       free     shared    buffers     cached
Mem:         15945      15367        578          0         99       9739
-/+ buffers/cache:       5528      10417
Swap:         8039          0       8039

2019年 07月 26日 星期五 22:29:13 CST
             total       used       free     shared    buffers     cached
Mem:         15945      15782        162          0         99       9856
-/+ buffers/cache:       5826      10118
Swap:         8039          0       8039

2019年 07月 26日 星期五 22:29:17 CST
             total       used       free     shared    buffers     cached
Mem:         15945      15768        177          0         99       9296
-/+ buffers/cache:       6372       9572
Swap:         8039          0       8039

2019年 07月 26日 星期五 22:29:21 CST
             total       used       free     shared    buffers     cached
Mem:         15945      14714       1231          0         99       8940
-/+ buffers/cache:       5674      10270
Swap:         8039          0       8039

2019年 07月 26日 星期五 22:29:25 CST
             total       used       free     shared    buffers     cached
Mem:         15945      15128        817          0         99       8985
-/+ buffers/cache:       6043       9902
Swap:         8039          0       8039

2019年 07月 26日 星期五 22:29:29 CST
             total       used       free     shared    buffers     cached
Mem:         15945      14898       1047          0         99       8940
-/+ buffers/cache:       5858      10087
Swap:         8039          0       8039

2019年 07月 26日 星期五 22:29:33 CST
             total       used       free     shared    buffers     cached
Mem:         15945      13633       2312          0         99       9056
-/+ buffers/cache:       4477      11468
Swap:         8039          0       8039

2019年 07月 26日 星期五 22:29:37 CST
             total       used       free     shared    buffers     cached
Mem:         15945      12778       3167          0         99       9314
-/+ buffers/cache:       3364      12581
Swap:         8039          0       8039

2019年 07月 26日 星期五 22:29:41 CST
             total       used       free     shared    buffers     cached
Mem:         15945      13001       2943          0         99       9149
-/+ buffers/cache:       3753      12192
Swap:         8039          0       8039

2019年 07月 26日 星期五 22:29:45 CST
             total       used       free     shared    buffers     cached
Mem:         15945      13600       2344          0         99       9188
-/+ buffers/cache:       4312      11632
Swap:         8039          0       8039

2019年 07月 26日 星期五 22:29:49 CST
             total       used       free     shared    buffers     cached
Mem:         15945      13939       2006          0         99       9216
-/+ buffers/cache:       4623      11322
Swap:         8039          0       8039

2019年 07月 26日 星期五 22:29:53 CST
             total       used       free     shared    buffers     cached
Mem:         15945      13763       2181          0         99       9216
-/+ buffers/cache:       4448      11497
Swap:         8039          0       8039

2019年 07月 26日 星期五 22:29:57 CST
             total       used       free     shared    buffers     cached
Mem:         15945      13881       2064          0         99       9050
-/+ buffers/cache:       4730      11214
Swap:         8039          0       8039

2019年 07月 26日 星期五 22:30:01 CST
             total       used       free     shared    buffers     cached
Mem:         15945      14001       1943          0         99       9051
-/+ buffers/cache:       4851      11094
Swap:         8039          0       8039

2019年 07月 26日 星期五 22:30:06 CST
             total       used       free     shared    buffers     cached
Mem:         15945      13724       2221          0         99       9051
-/+ buffers/cache:       4573      11372
Swap:         8039          0       8039

2019年 07月 26日 星期五 22:30:10 CST
             total       used       free     shared    buffers     cached
Mem:         15945      13916       2028          0         99       9097
-/+ buffers/cache:       4720      11225
Swap:         8039          0       8039

2019年 07月 26日 星期五 22:30:14 CST
             total       used       free     shared    buffers     cached
Mem:         15945      14530       1414          0         99       9298
-/+ buffers/cache:       5132      10812
Swap:         8039          0       8039

2019年 07月 26日 星期五 22:30:18 CST
             total       used       free     shared    buffers     cached
Mem:         15945      15380        564          0         99       9563
-/+ buffers/cache:       5717      10227
Swap:         8039          0       8039

2019年 07月 26日 星期五 22:30:22 CST
             total       used       free     shared    buffers     cached
Mem:         15945      15770        175          0         99       9670
-/+ buffers/cache:       5999       9945
Swap:         8039          0       8039

2019年 07月 26日 星期五 22:30:26 CST
             total       used       free     shared    buffers     cached
Mem:         15945      14239       1705          0         99       9814
-/+ buffers/cache:       4325      11619
Swap:         8039          0       8039

2019年 07月 26日 星期五 22:30:30 CST
             total       used       free     shared    buffers     cached
Mem:         15945      14859       1085          0         99      10069
-/+ buffers/cache:       4690      11254
Swap:         8039          0       8039

2019年 07月 26日 星期五 22:30:34 CST
             total       used       free     shared    buffers     cached
Mem:         15945      14953        991          0         99      10133
-/+ buffers/cache:       4721      11224
Swap:         8039          0       8039

2019年 07月 26日 星期五 22:30:38 CST
             total       used       free     shared    buffers     cached
Mem:         15945      15357        588          0         99      10484
-/+ buffers/cache:       4772      11173
Swap:         8039          0       8039

2019年 07月 26日 星期五 22:30:42 CST
             total       used       free     shared    buffers     cached
Mem:         15945      15755        189          0         99      10220
-/+ buffers/cache:       5435      10510
Swap:         8039          0       8039

2019年 07月 26日 星期五 22:30:46 CST
             total       used       free     shared    buffers     cached
Mem:         15945      13230       2715          0         99       9425
-/+ buffers/cache:       3704      12240
Swap:         8039          0       8039

2019年 07月 26日 星期五 22:30:50 CST
             total       used       free     shared    buffers     cached
Mem:         15945      14056       1888          0         99       9427
-/+ buffers/cache:       4529      11416
Swap:         8039          0       8039

2019年 07月 26日 星期五 22:30:54 CST
             total       used       free     shared    buffers     cached
Mem:         15945      14882       1063          0         99       9429
-/+ buffers/cache:       5352      10592
Swap:         8039          0       8039

2019年 07月 26日 星期五 22:30:58 CST
             total       used       free     shared    buffers     cached
Mem:         15945      14634       1310          0         99       9252
-/+ buffers/cache:       5282      10662
Swap:         8039          0       8039

2019年 07月 26日 星期五 22:31:02 CST
             total       used       free     shared    buffers     cached
Mem:         15945      15170        775          0         99       9430
-/+ buffers/cache:       5640      10305
Swap:         8039          0       8039

2019年 07月 26日 星期五 22:31:06 CST
             total       used       free     shared    buffers     cached
Mem:         15945      15416        529          0         99       9430
-/+ buffers/cache:       5885      10059
Swap:         8039          0       8039

2019年 07月 26日 星期五 22:31:10 CST
             total       used       free     shared    buffers     cached
Mem:         15945      15557        388          0         99       9431
-/+ buffers/cache:       6025       9919
Swap:         8039          0       8039

2019年 07月 26日 星期五 22:31:14 CST
             total       used       free     shared    buffers     cached
Mem:         15945      15793        152          0         99       9432
-/+ buffers/cache:       6261       9684
Swap:         8039          0       8039

2019年 07月 26日 星期五 22:31:18 CST
             total       used       free     shared    buffers     cached
Mem:         15945      14607       1338          0         99       9318
-/+ buffers/cache:       5189      10756
Swap:         8039          0       8039

2019年 07月 26日 星期五 22:31:22 CST
             total       used       free     shared    buffers     cached
Mem:         15945      14933       1012          0         99       9404
-/+ buffers/cache:       5429      10516
Swap:         8039          0       8039

2019年 07月 26日 星期五 22:31:26 CST
             total       used       free     shared    buffers     cached
Mem:         15945      15447        497          0         99       9404
-/+ buffers/cache:       5943      10002
Swap:         8039          0       8039

2019年 07月 26日 星期五 22:31:30 CST
             total       used       free     shared    buffers     cached
Mem:         15945      15690        255          0         99       9407
-/+ buffers/cache:       6183       9762
Swap:         8039          0       8039

2019年 07月 26日 星期五 22:31:34 CST
             total       used       free     shared    buffers     cached
Mem:         15945      15791        154          0         99       9202
-/+ buffers/cache:       6489       9456
Swap:         8039          0       8039

2019年 07月 26日 星期五 22:31:38 CST
             total       used       free     shared    buffers     cached
Mem:         15945      13414       2531          0         99       9521
-/+ buffers/cache:       3793      12152
Swap:         8039          0       8039

2019年 07月 26日 星期五 22:31:42 CST
             total       used       free     shared    buffers     cached
Mem:         15945      12498       3446          0         99       9313
-/+ buffers/cache:       3086      12859
Swap:         8039          0       8039

2019年 07月 26日 星期五 22:31:46 CST
             total       used       free     shared    buffers     cached
Mem:         15945      12744       3201          0         99       9110
-/+ buffers/cache:       3534      12410
Swap:         8039          0       8039

2019年 07月 26日 星期五 22:31:50 CST
             total       used       free     shared    buffers     cached
Mem:         15945      13487       2458          0         99       9481
-/+ buffers/cache:       3906      12039
Swap:         8039          0       8039

2019年 07月 26日 星期五 22:31:54 CST
             total       used       free     shared    buffers     cached
Mem:         15945      13345       2599          0         99       9480
-/+ buffers/cache:       3765      12179
Swap:         8039          0       8039

2019年 07月 26日 星期五 22:31:58 CST
             total       used       free     shared    buffers     cached
Mem:         15945      13727       2218          0         99       9296
-/+ buffers/cache:       4331      11614
Swap:         8039          0       8039

2019年 07月 26日 星期五 22:32:02 CST
             total       used       free     shared    buffers     cached
Mem:         15945      13551       2394          0         99       8805
-/+ buffers/cache:       4646      11299
Swap:         8039          0       8039

2019年 07月 26日 星期五 22:32:06 CST
             total       used       free     shared    buffers     cached
Mem:         15945      13972       1973          0         99       8805
-/+ buffers/cache:       5067      10878
Swap:         8039          0       8039

2019年 07月 26日 星期五 22:32:10 CST
             total       used       free     shared    buffers     cached
Mem:         15945      14277       1667          0         99       8807
-/+ buffers/cache:       5370      10574
Swap:         8039          0       8039

2019年 07月 26日 星期五 22:32:14 CST
             total       used       free     shared    buffers     cached
Mem:         15945      13072       2873          0         99       8805
-/+ buffers/cache:       4167      11777
Swap:         8039          0       8039

2019年 07月 26日 星期五 22:32:18 CST
             total       used       free     shared    buffers     cached
Mem:         15945      13321       2623          0         99       8805
-/+ buffers/cache:       4416      11528
Swap:         8039          0       8039

2019年 07月 26日 星期五 22:32:22 CST
             total       used       free     shared    buffers     cached
Mem:         15945      13866       2078          0         99       8623
-/+ buffers/cache:       5143      10801
Swap:         8039          0       8039

2019年 07月 26日 星期五 22:32:27 CST
             total       used       free     shared    buffers     cached
Mem:         15945      14545       1400          0         99       8625
-/+ buffers/cache:       5819      10125
Swap:         8039          0       8039

2019年 07月 26日 星期五 22:32:31 CST
             total       used       free     shared    buffers     cached
Mem:         15945      13073       2872          0         99       8623
-/+ buffers/cache:       4350      11595
Swap:         8039          0       8039

2019年 07月 26日 星期五 22:32:35 CST
             total       used       free     shared    buffers     cached
Mem:         15945      13491       2453          0         99       8473
-/+ buffers/cache:       4918      11027
Swap:         8039          0       8039

2019年 07月 26日 星期五 22:32:39 CST
             total       used       free     shared    buffers     cached
Mem:         15945      14279       1665          0         99       8473
-/+ buffers/cache:       5706      10239
Swap:         8039          0       8039

2019年 07月 26日 星期五 22:32:43 CST
             total       used       free     shared    buffers     cached
Mem:         15945      14947        998          0         99       8505
-/+ buffers/cache:       6341       9603
Swap:         8039          0       8039

2019年 07月 26日 星期五 22:32:47 CST
             total       used       free     shared    buffers     cached
Mem:         15945      15524        420          0         99       8558
-/+ buffers/cache:       6866       9079
Swap:         8039          0       8039

2019年 07月 26日 星期五 22:32:51 CST
             total       used       free     shared    buffers     cached
Mem:         15945      15678        267          0         99       8604
-/+ buffers/cache:       6973       8972
Swap:         8039          0       8039

2019年 07月 26日 星期五 22:32:55 CST
             total       used       free     shared    buffers     cached
Mem:         15945      15779        165          0         99       8653
-/+ buffers/cache:       7026       8918
Swap:         8039          0       8039

2019年 07月 26日 星期五 22:32:59 CST
             total       used       free     shared    buffers     cached
Mem:         15945      13038       2906          0         99       8630
-/+ buffers/cache:       4308      11636
Swap:         8039          0       8039

2019年 07月 26日 星期五 22:33:03 CST
             total       used       free     shared    buffers     cached
Mem:         15945      13787       2158          0         99       8878
-/+ buffers/cache:       4809      11136
Swap:         8039          0       8039

2019年 07月 26日 星期五 22:33:07 CST
             total       used       free     shared    buffers     cached
Mem:         15945      14622       1323          0         99       8904
-/+ buffers/cache:       5618      10327
Swap:         8039          0       8039

2019年 07月 26日 星期五 22:33:11 CST
             total       used       free     shared    buffers     cached
Mem:         15945      13996       1949          0         99       9015
-/+ buffers/cache:       4880      11064
Swap:         8039          0       8039

2019年 07月 26日 星期五 22:33:15 CST
             total       used       free     shared    buffers     cached
Mem:         15945      14747       1198          0         99       9263
-/+ buffers/cache:       5383      10561
Swap:         8039          0       8039

2019年 07月 26日 星期五 22:33:19 CST
             total       used       free     shared    buffers     cached
Mem:         15945      14858       1087          0         99       9078
-/+ buffers/cache:       5679      10265
Swap:         8039          0       8039

2019年 07月 26日 星期五 22:33:23 CST
             total       used       free     shared    buffers     cached
Mem:         15945      15219        726          0         99       9096
-/+ buffers/cache:       6023       9922
Swap:         8039          0       8039

2019年 07月 26日 星期五 22:33:27 CST
             total       used       free     shared    buffers     cached
Mem:         15945      15739        206          0         99       9105
-/+ buffers/cache:       6534       9411
Swap:         8039          0       8039

2019年 07月 26日 星期五 22:33:31 CST
             total       used       free     shared    buffers     cached
Mem:         15945      15786        159          0         99       8973
-/+ buffers/cache:       6713       9232
Swap:         8039          0       8039

2019年 07月 26日 星期五 22:33:35 CST
             total       used       free     shared    buffers     cached
Mem:         15945      15795        150          0         99       8899
-/+ buffers/cache:       6795       9150
Swap:         8039          0       8039

2019年 07月 26日 星期五 22:33:39 CST
             total       used       free     shared    buffers     cached
Mem:         15945      15795        149          0         99       8841
-/+ buffers/cache:       6854       9091
Swap:         8039          0       8039

2019年 07月 26日 星期五 22:33:43 CST
             total       used       free     shared    buffers     cached
Mem:         15945      15781        163          0         99       8760
-/+ buffers/cache:       6921       9024
Swap:         8039          0       8039

2019年 07月 26日 星期五 22:33:47 CST
             total       used       free     shared    buffers     cached
Mem:         15945      15780        165          0         99       8690
-/+ buffers/cache:       6990       8955
Swap:         8039          0       8039

2019年 07月 26日 星期五 22:33:51 CST
             total       used       free     shared    buffers     cached
Mem:         15945      14030       1915          0         99       8695
-/+ buffers/cache:       5234      10711
Swap:         8039          0       8039

2019年 07月 26日 星期五 22:33:55 CST
             total       used       free     shared    buffers     cached
Mem:         15945      14740       1205          0         99       8699
-/+ buffers/cache:       5940      10004
Swap:         8039          0       8039

2019年 07月 26日 星期五 22:33:59 CST
             total       used       free     shared    buffers     cached
Mem:         15945      15294        651          0         99       8658
-/+ buffers/cache:       6535       9409
Swap:         8039          0       8039

2019年 07月 26日 星期五 22:34:03 CST
             total       used       free     shared    buffers     cached
Mem:         15945      15490        454          0         99       8720
-/+ buffers/cache:       6670       9275
Swap:         8039          0       8039

2019年 07月 26日 星期五 22:34:07 CST
             total       used       free     shared    buffers     cached
Mem:         15945      13768       2177          0         99       8532
-/+ buffers/cache:       5136      10809
Swap:         8039          0       8039

2019年 07月 26日 星期五 22:34:11 CST
             total       used       free     shared    buffers     cached
Mem:         15945      13851       2094          0         99       8537
-/+ buffers/cache:       5213      10731
Swap:         8039          0       8039

2019年 07月 26日 星期五 22:34:15 CST
             total       used       free     shared    buffers     cached
Mem:         15945      13756       2189          0         99       8360
-/+ buffers/cache:       5296      10649
Swap:         8039          0       8039

2019年 07月 26日 星期五 22:34:19 CST
             total       used       free     shared    buffers     cached
Mem:         15945      13871       2073          0         99       8398
-/+ buffers/cache:       5373      10572
Swap:         8039          0       8039

2019年 07月 26日 星期五 22:34:23 CST
             total       used       free     shared    buffers     cached
Mem:         15945      12261       3683          0         99       8381
-/+ buffers/cache:       3780      12165
Swap:         8039          0       8039

2019年 07月 26日 星期五 22:34:27 CST
             total       used       free     shared    buffers     cached
Mem:         15945      12275       3670          0         99       8381
-/+ buffers/cache:       3793      12151
Swap:         8039          0       8039

2019年 07月 26日 星期五 22:34:31 CST
             total       used       free     shared    buffers     cached
Mem:         15945      12117       3827          0         99       8200
-/+ buffers/cache:       3817      12128
Swap:         8039          0       8039

2019年 07月 26日 星期五 22:34:35 CST
             total       used       free     shared    buffers     cached
Mem:         15945      12208       3736          0         99       8240
-/+ buffers/cache:       3868      12076
Swap:         8039          0       8039

2019年 07月 26日 星期五 22:34:39 CST
             total       used       free     shared    buffers     cached
Mem:         15945      10801       5143          0         99       8229
-/+ buffers/cache:       2472      13473
Swap:         8039          0       8039

2019年 07月 26日 星期五 22:34:43 CST
             total       used       free     shared    buffers     cached
Mem:         15945      10612       5332          0         99       8044
-/+ buffers/cache:       2468      13477
Swap:         8039          0       8039

2019年 07月 26日 星期五 22:34:47 CST
             total       used       free     shared    buffers     cached
Mem:         15945      10612       5333          0         99       8044
-/+ buffers/cache:       2467      13477
Swap:         8039          0       8039

2019年 07月 26日 星期五 22:34:51 CST
             total       used       free     shared    buffers     cached
Mem:         15945      10611       5333          0         99       8044
-/+ buffers/cache:       2467      13478
Swap:         8039          0       8039

2019年 07月 26日 星期五 22:34:55 CST
             total       used       free     shared    buffers     cached
Mem:         15945      10611       5334          0         99       8044
-/+ buffers/cache:       2466      13478
Swap:         8039          0       8039

2019年 07月 26日 星期五 22:34:59 CST
             total       used       free     shared    buffers     cached
Mem:         15945      10611       5334          0         99       8044
-/+ buffers/cache:       2466      13478
Swap:         8039          0       8039

2019年 07月 26日 星期五 22:35:03 CST
             total       used       free     shared    buffers     cached
Mem:         15945      10624       5321          0         99       8056
-/+ buffers/cache:       2467      13478
Swap:         8039          0       8039

2019年 07月 26日 星期五 22:35:07 CST
             total       used       free     shared    buffers     cached
Mem:         15945      10649       5296          0         99       8082
-/+ buffers/cache:       2467      13478
Swap:         8039          0       8039

2019年 07月 26日 星期五 22:35:11 CST
             total       used       free     shared    buffers     cached
Mem:         15945      10226       5719          0         99       8094
-/+ buffers/cache:       2032      13913
Swap:         8039          0       8039

2019年 07月 26日 星期五 22:35:15 CST
             total       used       free     shared    buffers     cached
Mem:         15945      10104       5841          0         99       7974
-/+ buffers/cache:       2029      13915
Swap:         8039          0       8039

