
2019年 07月 26日 星期五 22:26:29 CST
             total       used       free     shared    buffers     cached
Mem:         15945       9904       6040          0        120       7780
-/+ buffers/cache:       2003      13941
Swap:         8039          0       8039

2019年 07月 26日 星期五 22:26:33 CST
             total       used       free     shared    buffers     cached
Mem:         15945       9904       6040          0        120       7780
-/+ buffers/cache:       2003      13941
Swap:         8039          0       8039

2019年 07月 26日 星期五 22:26:37 CST
             total       used       free     shared    buffers     cached
Mem:         15945       9905       6040          0        120       7780
-/+ buffers/cache:       2004      13941
Swap:         8039          0       8039

2019年 07月 26日 星期五 22:26:41 CST
             total       used       free     shared    buffers     cached
Mem:         15945       9905       6040          0        120       7780
-/+ buffers/cache:       2004      13941
Swap:         8039          0       8039

2019年 07月 26日 星期五 22:26:45 CST
             total       used       free     shared    buffers     cached
Mem:         15945       9905       6039          0        120       7780
-/+ buffers/cache:       2004      13940
Swap:         8039          0       8039

2019年 07月 26日 星期五 22:26:49 CST
             total       used       free     shared    buffers     cached
Mem:         15945      10117       5828          0        120       7990
-/+ buffers/cache:       2006      13939
Swap:         8039          0       8039

2019年 07月 26日 星期五 22:26:53 CST
             total       used       free     shared    buffers     cached
Mem:         15945      10488       5457          0        120       8270
-/+ buffers/cache:       2097      13848
Swap:         8039          0       8039

2019年 07月 26日 星期五 22:26:57 CST
             total       used       free     shared    buffers     cached
Mem:         15945      11193       4752          0        120       8583
-/+ buffers/cache:       2488      13456
Swap:         8039          0       8039

2019年 07月 26日 星期五 22:27:01 CST
             total       used       free     shared    buffers     cached
Mem:         15945      11862       4082          0        120       8846
-/+ buffers/cache:       2895      13049
Swap:         8039          0       8039

2019年 07月 26日 星期五 22:27:05 CST
             total       used       free     shared    buffers     cached
Mem:         15945      12476       3469          0        120       9114
-/+ buffers/cache:       3240      12705
Swap:         8039          0       8039

2019年 07月 26日 星期五 22:27:09 CST
             total       used       free     shared    buffers     cached
Mem:         15945      12955       2989          0        120       9339
-/+ buffers/cache:       3494      12450
Swap:         8039          0       8039

2019年 07月 26日 星期五 22:27:13 CST
             total       used       free     shared    buffers     cached
Mem:         15945      13324       2621          0        120       9384
-/+ buffers/cache:       3818      12126
Swap:         8039          0       8039

2019年 07月 26日 星期五 22:27:17 CST
             total       used       free     shared    buffers     cached
Mem:         15945      13648       2297          0        120       9385
-/+ buffers/cache:       4142      11803
Swap:         8039          0       8039

2019年 07月 26日 星期五 22:27:21 CST
             total       used       free     shared    buffers     cached
Mem:         15945      14214       1731          0        120       9385
-/+ buffers/cache:       4707      11237
Swap:         8039          0       8039

2019年 07月 26日 星期五 22:27:25 CST
             total       used       free     shared    buffers     cached
Mem:         15945      14477       1468          0        120       9387
-/+ buffers/cache:       4968      10976
Swap:         8039          0       8039

2019年 07月 26日 星期五 22:27:29 CST
             total       used       free     shared    buffers     cached
Mem:         15945      13628       2316          0        120       9386
-/+ buffers/cache:       4121      11824
Swap:         8039          0       8039

2019年 07月 26日 星期五 22:27:33 CST
             total       used       free     shared    buffers     cached
Mem:         15945      14175       1770          0        120       9386
-/+ buffers/cache:       4668      11277
Swap:         8039          0       8039

2019年 07月 26日 星期五 22:27:37 CST
             total       used       free     shared    buffers     cached
Mem:         15945      14664       1281          0        120       9349
-/+ buffers/cache:       5193      10752
Swap:         8039          0       8039

2019年 07月 26日 星期五 22:27:41 CST
             total       used       free     shared    buffers     cached
Mem:         15945      14041       1903          0        120       9350
-/+ buffers/cache:       4570      11374
Swap:         8039          0       8039

2019年 07月 26日 星期五 22:27:45 CST
             total       used       free     shared    buffers     cached
Mem:         15945      14412       1533          0        120       9331
-/+ buffers/cache:       4959      10985
Swap:         8039          0       8039

2019年 07月 26日 星期五 22:27:50 CST
             total       used       free     shared    buffers     cached
Mem:         15945      15217        728          0        120       9334
-/+ buffers/cache:       5762      10183
Swap:         8039          0       8039

2019年 07月 26日 星期五 22:27:54 CST
             total       used       free     shared    buffers     cached
Mem:         15945      14057       1888          0        121       9334
-/+ buffers/cache:       4601      11343
Swap:         8039          0       8039

2019年 07月 26日 星期五 22:27:58 CST
             total       used       free     shared    buffers     cached
Mem:         15945      14407       1538          0        121       9315
-/+ buffers/cache:       4970      10975
Swap:         8039          0       8039

2019年 07月 26日 星期五 22:28:02 CST
             total       used       free     shared    buffers     cached
Mem:         15945      13638       2307          0        121       9313
-/+ buffers/cache:       4203      11742
Swap:         8039          0       8039

2019年 07月 26日 星期五 22:28:06 CST
             total       used       free     shared    buffers     cached
Mem:         15945      14295       1650          0        121       9501
-/+ buffers/cache:       4672      11272
Swap:         8039          0       8039

2019年 07月 26日 星期五 22:28:10 CST
             total       used       free     shared    buffers     cached
Mem:         15945      14759       1186          0        121       9463
-/+ buffers/cache:       5175      10770
Swap:         8039          0       8039

2019年 07月 26日 星期五 22:28:14 CST
             total       used       free     shared    buffers     cached
Mem:         15945      15243        701          0        121       9463
-/+ buffers/cache:       5659      10286
Swap:         8039          0       8039

2019年 07月 26日 星期五 22:28:18 CST
             total       used       free     shared    buffers     cached
Mem:         15945      15779        166          0        121       9434
-/+ buffers/cache:       6224       9721
Swap:         8039          0       8039

2019年 07月 26日 星期五 22:28:22 CST
             total       used       free     shared    buffers     cached
Mem:         15945      15776        169          0        120       8987
-/+ buffers/cache:       6668       9277
Swap:         8039          0       8039

2019年 07月 26日 星期五 22:28:26 CST
             total       used       free     shared    buffers     cached
Mem:         15945      15781        163          0        120       8642
-/+ buffers/cache:       7019       8926
Swap:         8039          0       8039

2019年 07月 26日 星期五 22:28:30 CST
             total       used       free     shared    buffers     cached
Mem:         15945      14660       1285          0        120       8526
-/+ buffers/cache:       6013       9932
Swap:         8039          0       8039

2019年 07月 26日 星期五 22:28:34 CST
             total       used       free     shared    buffers     cached
Mem:         15945      13016       2929          0        120       9495
-/+ buffers/cache:       3399      12545
Swap:         8039          0       8039

2019年 07月 26日 星期五 22:28:38 CST
             total       used       free     shared    buffers     cached
Mem:         15945      13711       2234          0        120       9711
-/+ buffers/cache:       3879      12065
Swap:         8039          0       8039

2019年 07月 26日 星期五 22:28:42 CST
             total       used       free     shared    buffers     cached
Mem:         15945      14539       1405          0        120       9949
-/+ buffers/cache:       4469      11475
Swap:         8039          0       8039

2019年 07月 26日 星期五 22:28:46 CST
             total       used       free     shared    buffers     cached
Mem:         15945      14181       1764          0        120      10195
-/+ buffers/cache:       3864      12081
Swap:         8039          0       8039

2019年 07月 26日 星期五 22:28:50 CST
             total       used       free     shared    buffers     cached
Mem:         15945      15151        794          0        120      10501
-/+ buffers/cache:       4529      11416
Swap:         8039          0       8039

2019年 07月 26日 星期五 22:28:54 CST
             total       used       free     shared    buffers     cached
Mem:         15945      15792        153          0        120      10261
-/+ buffers/cache:       5410      10535
Swap:         8039          0       8039

2019年 07月 26日 星期五 22:28:58 CST
             total       used       free     shared    buffers     cached
Mem:         15945      15789        156          0        120       9885
-/+ buffers/cache:       5783      10162
Swap:         8039          0       8039

2019年 07月 26日 星期五 22:29:03 CST
             total       used       free     shared    buffers     cached
Mem:         15945      15334        610          0        120       9694
-/+ buffers/cache:       5519      10426
Swap:         8039          0       8039

2019年 07月 26日 星期五 22:29:07 CST
             total       used       free     shared    buffers     cached
Mem:         15945      15533        411          0        120       9637
-/+ buffers/cache:       5775      10169
Swap:         8039          0       8039

2019年 07月 26日 星期五 22:29:11 CST
             total       used       free     shared    buffers     cached
Mem:         15945      15793        152          0        120       9632
-/+ buffers/cache:       6040       9904
Swap:         8039          0       8039

2019年 07月 26日 星期五 22:29:15 CST
             total       used       free     shared    buffers     cached
Mem:         15945      15782        163          0        120       9347
-/+ buffers/cache:       6314       9631
Swap:         8039          0       8039

2019年 07月 26日 星期五 22:29:19 CST
             total       used       free     shared    buffers     cached
Mem:         15945      15779        165          0        120       9044
-/+ buffers/cache:       6615       9330
Swap:         8039          0       8039

2019年 07月 26日 星期五 22:29:23 CST
             total       used       free     shared    buffers     cached
Mem:         15945      15020        924          0        120       9062
-/+ buffers/cache:       5837      10107
Swap:         8039          0       8039

2019年 07月 26日 星期五 22:29:27 CST
             total       used       free     shared    buffers     cached
Mem:         15945      15381        564          0        120       9204
-/+ buffers/cache:       6056       9889
Swap:         8039          0       8039

2019年 07月 26日 星期五 22:29:31 CST
             total       used       free     shared    buffers     cached
Mem:         15945      14973        972          0        120       9337
-/+ buffers/cache:       5515      10430
Swap:         8039          0       8039

2019年 07月 26日 星期五 22:29:35 CST
             total       used       free     shared    buffers     cached
Mem:         15945      14871       1073          0        120       9505
-/+ buffers/cache:       5245      10699
Swap:         8039          0       8039

2019年 07月 26日 星期五 22:29:39 CST
             total       used       free     shared    buffers     cached
Mem:         15945      14617       1328          0        120       9734
-/+ buffers/cache:       4762      11183
Swap:         8039          0       8039

2019年 07月 26日 星期五 22:29:43 CST
             total       used       free     shared    buffers     cached
Mem:         15945      14966        978          0        120       9784
-/+ buffers/cache:       5062      10883
Swap:         8039          0       8039

2019年 07月 26日 星期五 22:29:47 CST
             total       used       free     shared    buffers     cached
Mem:         15945      15424        521          0        120       9862
-/+ buffers/cache:       5441      10504
Swap:         8039          0       8039

2019年 07月 26日 星期五 22:29:51 CST
             total       used       free     shared    buffers     cached
Mem:         15945      14142       1803          0        120       9883
-/+ buffers/cache:       4138      11806
Swap:         8039          0       8039

2019年 07月 26日 星期五 22:29:55 CST
             total       used       free     shared    buffers     cached
Mem:         15945      14557       1388          0        120       9941
-/+ buffers/cache:       4495      11450
Swap:         8039          0       8039

2019年 07月 26日 星期五 22:29:59 CST
             total       used       free     shared    buffers     cached
Mem:         15945      15098        847          0        120       9815
-/+ buffers/cache:       5162      10782
Swap:         8039          0       8039

2019年 07月 26日 星期五 22:30:03 CST
             total       used       free     shared    buffers     cached
Mem:         15945      15537        408          0        120       9893
-/+ buffers/cache:       5523      10421
Swap:         8039          0       8039

2019年 07月 26日 星期五 22:30:07 CST
             total       used       free     shared    buffers     cached
Mem:         15945      14559       1386          0        120      10154
-/+ buffers/cache:       4284      11661
Swap:         8039          0       8039

2019年 07月 26日 星期五 22:30:11 CST
             total       used       free     shared    buffers     cached
Mem:         15945      15210        735          0        120      10354
-/+ buffers/cache:       4735      11210
Swap:         8039          0       8039

2019年 07月 26日 星期五 22:30:15 CST
             total       used       free     shared    buffers     cached
Mem:         15945      15778        166          0        120      10411
-/+ buffers/cache:       5246      10698
Swap:         8039          0       8039

2019年 07月 26日 星期五 22:30:19 CST
             total       used       free     shared    buffers     cached
Mem:         15945      15781        163          0        120      10151
-/+ buffers/cache:       5509      10435
Swap:         8039          0       8039

2019年 07月 26日 星期五 22:30:23 CST
             total       used       free     shared    buffers     cached
Mem:         15945      15780        165          0        120       9616
-/+ buffers/cache:       6043       9901
Swap:         8039          0       8039

2019年 07月 26日 星期五 22:30:27 CST
             total       used       free     shared    buffers     cached
Mem:         15945      15632        313          0        120       9374
-/+ buffers/cache:       6137       9807
Swap:         8039          0       8039

2019年 07月 26日 星期五 22:30:31 CST
             total       used       free     shared    buffers     cached
Mem:         15945      13519       2425          0        120       9366
-/+ buffers/cache:       4033      11912
Swap:         8039          0       8039

2019年 07月 26日 星期五 22:30:36 CST
             total       used       free     shared    buffers     cached
Mem:         15945      13901       2043          0        120       9426
-/+ buffers/cache:       4354      11591
Swap:         8039          0       8039

2019年 07月 26日 星期五 22:30:40 CST
             total       used       free     shared    buffers     cached
Mem:         15945      13638       2306          0        120       9289
-/+ buffers/cache:       4228      11716
Swap:         8039          0       8039

2019年 07月 26日 星期五 22:30:44 CST
             total       used       free     shared    buffers     cached
Mem:         15945      14812       1133          0        120       9292
-/+ buffers/cache:       5399      10546
Swap:         8039          0       8039

2019年 07月 26日 星期五 22:30:48 CST
             total       used       free     shared    buffers     cached
Mem:         15945      13365       2579          0        120       9290
-/+ buffers/cache:       3954      11990
Swap:         8039          0       8039

2019年 07月 26日 星期五 22:30:52 CST
             total       used       free     shared    buffers     cached
Mem:         15945      13366       2579          0        120       8869
-/+ buffers/cache:       4377      11568
Swap:         8039          0       8039

2019年 07月 26日 星期五 22:30:56 CST
             total       used       free     shared    buffers     cached
Mem:         15945      12394       3551          0        120       9141
-/+ buffers/cache:       3132      12813
Swap:         8039          0       8039

2019年 07月 26日 星期五 22:31:00 CST
             total       used       free     shared    buffers     cached
Mem:         15945      12861       3083          0        120       9142
-/+ buffers/cache:       3598      12346
Swap:         8039          0       8039

2019年 07月 26日 星期五 22:31:04 CST
             total       used       free     shared    buffers     cached
Mem:         15945      13296       2649          0        120       8958
-/+ buffers/cache:       4217      11728
Swap:         8039          0       8039

2019年 07月 26日 星期五 22:31:08 CST
             total       used       free     shared    buffers     cached
Mem:         15945      13781       2164          0        120       8958
-/+ buffers/cache:       4701      11243
Swap:         8039          0       8039

2019年 07月 26日 星期五 22:31:12 CST
             total       used       free     shared    buffers     cached
Mem:         15945      14524       1421          0        120       8962
-/+ buffers/cache:       5440      10504
Swap:         8039          0       8039

2019年 07月 26日 星期五 22:31:16 CST
             total       used       free     shared    buffers     cached
Mem:         15945      12129       3815          0        120       8958
-/+ buffers/cache:       3051      12894
Swap:         8039          0       8039

2019年 07月 26日 星期五 22:31:20 CST
             total       used       free     shared    buffers     cached
Mem:         15945      12903       3041          0        120       9144
-/+ buffers/cache:       3638      12306
Swap:         8039          0       8039

2019年 07月 26日 星期五 22:31:24 CST
             total       used       free     shared    buffers     cached
Mem:         15945      13590       2354          0        120       9106
-/+ buffers/cache:       4364      11581
Swap:         8039          0       8039

2019年 07月 26日 星期五 22:31:28 CST
             total       used       free     shared    buffers     cached
Mem:         15945      14561       1383          0        120       9108
-/+ buffers/cache:       5332      10612
Swap:         8039          0       8039

2019年 07月 26日 星期五 22:31:32 CST
             total       used       free     shared    buffers     cached
Mem:         15945      13114       2831          0        120       9109
-/+ buffers/cache:       3884      12060
Swap:         8039          0       8039

2019年 07月 26日 星期五 22:31:36 CST
             total       used       free     shared    buffers     cached
Mem:         15945      12179       3766          0        120       9107
-/+ buffers/cache:       2950      12994
Swap:         8039          0       8039

2019年 07月 26日 星期五 22:31:40 CST
             total       used       free     shared    buffers     cached
Mem:         15945      11919       4025          0        120       9108
-/+ buffers/cache:       2690      13254
Swap:         8039          0       8039

2019年 07月 26日 星期五 22:31:44 CST
             total       used       free     shared    buffers     cached
Mem:         15945      12023       3921          0        120       8806
-/+ buffers/cache:       3096      12848
Swap:         8039          0       8039

2019年 07月 26日 星期五 22:31:48 CST
             total       used       free     shared    buffers     cached
Mem:         15945      13161       2783          0        120       9111
-/+ buffers/cache:       3929      12016
Swap:         8039          0       8039

2019年 07月 26日 星期五 22:31:52 CST
             total       used       free     shared    buffers     cached
Mem:         15945      13593       2352          0        120       9112
-/+ buffers/cache:       4360      11585
Swap:         8039          0       8039

2019年 07月 26日 星期五 22:31:56 CST
             total       used       free     shared    buffers     cached
Mem:         15945      12965       2980          0        120       9291
-/+ buffers/cache:       3552      12392
Swap:         8039          0       8039

2019年 07月 26日 星期五 22:32:00 CST
             total       used       free     shared    buffers     cached
Mem:         15945      13178       2766          0        120       8882
-/+ buffers/cache:       4176      11769
Swap:         8039          0       8039

2019年 07月 26日 星期五 22:32:04 CST
             total       used       free     shared    buffers     cached
Mem:         15945      13570       2374          0        120       8697
-/+ buffers/cache:       4752      11193
Swap:         8039          0       8039

2019年 07月 26日 星期五 22:32:08 CST
             total       used       free     shared    buffers     cached
Mem:         15945      13722       2223          0        120       8699
-/+ buffers/cache:       4902      11043
Swap:         8039          0       8039

2019年 07月 26日 星期五 22:32:12 CST
             total       used       free     shared    buffers     cached
Mem:         15945      14007       1938          0        120       8699
-/+ buffers/cache:       5187      10758
Swap:         8039          0       8039

2019年 07月 26日 星期五 22:32:16 CST
             total       used       free     shared    buffers     cached
Mem:         15945      13103       2842          0        120       8896
-/+ buffers/cache:       4086      11859
Swap:         8039          0       8039

2019年 07月 26日 星期五 22:32:20 CST
             total       used       free     shared    buffers     cached
Mem:         15945      13303       2641          0        120       8883
-/+ buffers/cache:       4299      11645
Swap:         8039          0       8039

2019年 07月 26日 星期五 22:32:24 CST
             total       used       free     shared    buffers     cached
Mem:         15945      13538       2406          0        120       8884
-/+ buffers/cache:       4533      11412
Swap:         8039          0       8039

2019年 07月 26日 星期五 22:32:28 CST
             total       used       free     shared    buffers     cached
Mem:         15945      13563       2382          0        120       8887
-/+ buffers/cache:       4555      11390
Swap:         8039          0       8039

2019年 07月 26日 星期五 22:32:32 CST
             total       used       free     shared    buffers     cached
Mem:         15945      13822       2122          0        120       8707
-/+ buffers/cache:       4994      10950
Swap:         8039          0       8039

2019年 07月 26日 星期五 22:32:36 CST
             total       used       free     shared    buffers     cached
Mem:         15945      14283       1662          0        120       8758
-/+ buffers/cache:       5404      10540
Swap:         8039          0       8039

2019年 07月 26日 星期五 22:32:40 CST
             total       used       free     shared    buffers     cached
Mem:         15945      14578       1366          0        120       8820
-/+ buffers/cache:       5637      10307
Swap:         8039          0       8039

2019年 07月 26日 星期五 22:32:44 CST
             total       used       free     shared    buffers     cached
Mem:         15945      14689       1255          0        120       8862
-/+ buffers/cache:       5706      10238
Swap:         8039          0       8039

2019年 07月 26日 星期五 22:32:48 CST
             total       used       free     shared    buffers     cached
Mem:         15945      14788       1157          0        120       8924
-/+ buffers/cache:       5743      10202
Swap:         8039          0       8039

2019年 07月 26日 星期五 22:32:52 CST
             total       used       free     shared    buffers     cached
Mem:         15945      14905       1040          0        120       9006
-/+ buffers/cache:       5777      10168
Swap:         8039          0       8039

2019年 07月 26日 星期五 22:32:56 CST
             total       used       free     shared    buffers     cached
Mem:         15945      15066        879          0        120       9131
-/+ buffers/cache:       5814      10131
Swap:         8039          0       8039

2019年 07月 26日 星期五 22:33:00 CST
             total       used       free     shared    buffers     cached
Mem:         15945      15200        744          0        120       9195
-/+ buffers/cache:       5884      10060
Swap:         8039          0       8039

2019年 07月 26日 星期五 22:33:04 CST
             total       used       free     shared    buffers     cached
Mem:         15945      15330        615          0        120       9213
-/+ buffers/cache:       5996       9949
Swap:         8039          0       8039

2019年 07月 26日 星期五 22:33:08 CST
             total       used       free     shared    buffers     cached
Mem:         15945      14087       1857          0        120       9220
-/+ buffers/cache:       4747      11198
Swap:         8039          0       8039

2019年 07月 26日 星期五 22:33:12 CST
             total       used       free     shared    buffers     cached
Mem:         15945      14203       1742          0        120       9035
-/+ buffers/cache:       5046      10898
Swap:         8039          0       8039

2019年 07月 26日 星期五 22:33:16 CST
             total       used       free     shared    buffers     cached
Mem:         15945      14668       1276          0        120       9035
-/+ buffers/cache:       5512      10433
Swap:         8039          0       8039

2019年 07月 26日 星期五 22:33:20 CST
             total       used       free     shared    buffers     cached
Mem:         15945      15140        805          0        120       9038
-/+ buffers/cache:       5981       9964
Swap:         8039          0       8039

2019年 07月 26日 星期五 22:33:24 CST
             total       used       free     shared    buffers     cached
Mem:         15945      15566        378          0        120       9047
-/+ buffers/cache:       6398       9547
Swap:         8039          0       8039

2019年 07月 26日 星期五 22:33:28 CST
             total       used       free     shared    buffers     cached
Mem:         15945      15723        222          0        120       9051
-/+ buffers/cache:       6551       9394
Swap:         8039          0       8039

2019年 07月 26日 星期五 22:33:32 CST
             total       used       free     shared    buffers     cached
Mem:         15945      15770        175          0        120       9031
-/+ buffers/cache:       6617       9327
Swap:         8039          0       8039

2019年 07月 26日 星期五 22:33:37 CST
             total       used       free     shared    buffers     cached
Mem:         15945      15779        165          0        120       8940
-/+ buffers/cache:       6718       9226
Swap:         8039          0       8039

2019年 07月 26日 星期五 22:33:41 CST
             total       used       free     shared    buffers     cached
Mem:         15945      15785        160          0        120       8915
-/+ buffers/cache:       6749       9196
Swap:         8039          0       8039

2019年 07月 26日 星期五 22:33:45 CST
             total       used       free     shared    buffers     cached
Mem:         15945      15784        161          0        120       8864
-/+ buffers/cache:       6799       9146
Swap:         8039          0       8039

2019年 07月 26日 星期五 22:33:49 CST
             total       used       free     shared    buffers     cached
Mem:         15945      14644       1301          0        120       8843
-/+ buffers/cache:       5680      10264
Swap:         8039          0       8039

2019年 07月 26日 星期五 22:33:53 CST
             total       used       free     shared    buffers     cached
Mem:         15945      14511       1434          0        120       9191
-/+ buffers/cache:       5198      10746
Swap:         8039          0       8039

2019年 07月 26日 星期五 22:33:57 CST
             total       used       free     shared    buffers     cached
Mem:         15945      15105        840          0        120       9190
-/+ buffers/cache:       5794      10151
Swap:         8039          0       8039

2019年 07月 26日 星期五 22:34:01 CST
             total       used       free     shared    buffers     cached
Mem:         15945      15760        185          0        120       9228
-/+ buffers/cache:       6411       9534
Swap:         8039          0       8039

2019年 07月 26日 星期五 22:34:05 CST
             total       used       free     shared    buffers     cached
Mem:         15945      14466       1479          0        120       9180
-/+ buffers/cache:       5164      10780
Swap:         8039          0       8039

2019年 07月 26日 星期五 22:34:09 CST
             total       used       free     shared    buffers     cached
Mem:         15945      13118       2826          0        120       9177
-/+ buffers/cache:       3821      12124
Swap:         8039          0       8039

2019年 07月 26日 星期五 22:34:13 CST
             total       used       free     shared    buffers     cached
Mem:         15945      12838       3107          0        120       8841
-/+ buffers/cache:       3875      12069
Swap:         8039          0       8039

2019年 07月 26日 星期五 22:34:17 CST
             total       used       free     shared    buffers     cached
Mem:         15945      12921       3023          0        120       8857
-/+ buffers/cache:       3943      12001
Swap:         8039          0       8039

2019年 07月 26日 星期五 22:34:21 CST
             total       used       free     shared    buffers     cached
Mem:         15945      12418       3527          0        120       8895
-/+ buffers/cache:       3402      12543
Swap:         8039          0       8039

2019年 07月 26日 星期五 22:34:25 CST
             total       used       free     shared    buffers     cached
Mem:         15945      12272       3672          0        120       8718
-/+ buffers/cache:       3433      12511
Swap:         8039          0       8039

2019年 07月 26日 星期五 22:34:29 CST
             total       used       free     shared    buffers     cached
Mem:         15945      12322       3623          0        120       8718
-/+ buffers/cache:       3482      12462
Swap:         8039          0       8039

2019年 07月 26日 星期五 22:34:33 CST
             total       used       free     shared    buffers     cached
Mem:         15945      12427       3518          0        120       8741
-/+ buffers/cache:       3565      12380
Swap:         8039          0       8039

2019年 07月 26日 星期五 22:34:37 CST
             total       used       free     shared    buffers     cached
Mem:         15945      11664       4280          0        120       8756
-/+ buffers/cache:       2787      13157
Swap:         8039          0       8039

2019年 07月 26日 星期五 22:34:41 CST
             total       used       free     shared    buffers     cached
Mem:         15945      11498       4447          0        120       8575
-/+ buffers/cache:       2802      13143
Swap:         8039          0       8039

2019年 07月 26日 星期五 22:34:45 CST
             total       used       free     shared    buffers     cached
Mem:         15945      11523       4421          0        120       8579
-/+ buffers/cache:       2823      13122
Swap:         8039          0       8039

2019年 07月 26日 星期五 22:34:49 CST
             total       used       free     shared    buffers     cached
Mem:         15945      11542       4403          0        120       8579
-/+ buffers/cache:       2842      13103
Swap:         8039          0       8039

2019年 07月 26日 星期五 22:34:53 CST
             total       used       free     shared    buffers     cached
Mem:         15945      11564       4380          0        120       8583
-/+ buffers/cache:       2860      13085
Swap:         8039          0       8039

2019年 07月 26日 星期五 22:34:57 CST
             total       used       free     shared    buffers     cached
Mem:         15945      11584       4361          0        120       8583
-/+ buffers/cache:       2879      13065
Swap:         8039          0       8039

2019年 07月 26日 星期五 22:35:01 CST
             total       used       free     shared    buffers     cached
Mem:         15945      11648       4297          0        120       8608
-/+ buffers/cache:       2919      13025
Swap:         8039          0       8039

2019年 07月 26日 星期五 22:35:05 CST
             total       used       free     shared    buffers     cached
Mem:         15945      11694       4251          0        120       8633
-/+ buffers/cache:       2940      13005
Swap:         8039          0       8039

2019年 07月 26日 星期五 22:35:09 CST
             total       used       free     shared    buffers     cached
Mem:         15945      11671       4273          0        120       8626
-/+ buffers/cache:       2924      13021
Swap:         8039          0       8039

2019年 07月 26日 星期五 22:35:13 CST
             total       used       free     shared    buffers     cached
Mem:         15945      10578       5367          0        120       8451
-/+ buffers/cache:       2006      13939
Swap:         8039          0       8039

2019年 07月 26日 星期五 22:35:17 CST
             total       used       free     shared    buffers     cached
Mem:         15945      10576       5369          0        120       8451
-/+ buffers/cache:       2004      13940
Swap:         8039          0       8039

