
Linux 2.6.32-431.el6.x86_64 (slave1) 	2019年07月26日 	_x86_64_	(8 CPU)

23时11分31秒  CPU    %usr   %nice    %sys %iowait    %irq   %soft  %steal  %guest   %idle
23时11分32秒  all    0.00    0.00    3.39    0.00    0.00    0.00    0.00    0.00   96.61
平均时间:  all    0.00    0.00    3.39    0.00    0.00    0.00    0.00    0.00   96.61

Linux 2.6.32-431.el6.x86_64 (slave1) 	2019年07月26日 	_x86_64_	(8 CPU)

23时11分35秒  CPU    %usr   %nice    %sys %iowait    %irq   %soft  %steal  %guest   %idle
23时11分36秒  all    0.00    0.00    0.00    0.00    0.00    0.00    0.00    0.00  100.00
平均时间:  all    0.00    0.00    0.00    0.00    0.00    0.00    0.00    0.00  100.00

Linux 2.6.32-431.el6.x86_64 (slave1) 	2019年07月26日 	_x86_64_	(8 CPU)

23时11分39秒  CPU    %usr   %nice    %sys %iowait    %irq   %soft  %steal  %guest   %idle
23时11分40秒  all    0.00    0.00    0.00    0.00    0.00    0.00    0.00    0.00  100.00
平均时间:  all    0.00    0.00    0.00    0.00    0.00    0.00    0.00    0.00  100.00

Linux 2.6.32-431.el6.x86_64 (slave1) 	2019年07月26日 	_x86_64_	(8 CPU)

23时11分43秒  CPU    %usr   %nice    %sys %iowait    %irq   %soft  %steal  %guest   %idle
23时11分44秒  all    1.51    0.00    0.88    0.00    0.00    0.00    0.00    0.00   97.62
平均时间:  all    1.51    0.00    0.88    0.00    0.00    0.00    0.00    0.00   97.62

Linux 2.6.32-431.el6.x86_64 (slave1) 	2019年07月26日 	_x86_64_	(8 CPU)

23时11分47秒  CPU    %usr   %nice    %sys %iowait    %irq   %soft  %steal  %guest   %idle
23时11分48秒  all    0.00    0.00    0.00    0.00    0.00    0.00    0.00    0.00  100.00
平均时间:  all    0.00    0.00    0.00    0.00    0.00    0.00    0.00    0.00  100.00

Linux 2.6.32-431.el6.x86_64 (slave1) 	2019年07月26日 	_x86_64_	(8 CPU)

23时11分51秒  CPU    %usr   %nice    %sys %iowait    %irq   %soft  %steal  %guest   %idle
23时11分52秒  all    0.66    0.00    6.49    0.00    0.40   19.34    0.00    0.00   73.11
平均时间:  all    0.66    0.00    6.49    0.00    0.40   19.34    0.00    0.00   73.11

Linux 2.6.32-431.el6.x86_64 (slave1) 	2019年07月26日 	_x86_64_	(8 CPU)

23时11分55秒  CPU    %usr   %nice    %sys %iowait    %irq   %soft  %steal  %guest   %idle
23时11分56秒  all   17.39    0.00   16.85    0.00    0.68   20.52    0.00    0.00   44.57
平均时间:  all   17.39    0.00   16.85    0.00    0.68   20.52    0.00    0.00   44.57

Linux 2.6.32-431.el6.x86_64 (slave1) 	2019年07月26日 	_x86_64_	(8 CPU)

23时11分59秒  CPU    %usr   %nice    %sys %iowait    %irq   %soft  %steal  %guest   %idle
23时12分00秒  all   60.78    0.00   21.05    0.00    0.38   17.67    0.00    0.00    0.13
平均时间:  all   60.78    0.00   21.05    0.00    0.38   17.67    0.00    0.00    0.13

Linux 2.6.32-431.el6.x86_64 (slave1) 	2019年07月26日 	_x86_64_	(8 CPU)

23时12分03秒  CPU    %usr   %nice    %sys %iowait    %irq   %soft  %steal  %guest   %idle
23时12分04秒  all   66.00    0.00   20.00    0.00    0.38   13.50    0.00    0.00    0.12
平均时间:  all   66.00    0.00   20.00    0.00    0.38   13.50    0.00    0.00    0.12

Linux 2.6.32-431.el6.x86_64 (slave1) 	2019年07月26日 	_x86_64_	(8 CPU)

23时12分07秒  CPU    %usr   %nice    %sys %iowait    %irq   %soft  %steal  %guest   %idle
23时12分08秒  all   68.59    0.00   17.71    0.00    0.25   13.44    0.00    0.00    0.00
平均时间:  all   68.59    0.00   17.71    0.00    0.25   13.44    0.00    0.00    0.00

Linux 2.6.32-431.el6.x86_64 (slave1) 	2019年07月26日 	_x86_64_	(8 CPU)

23时12分11秒  CPU    %usr   %nice    %sys %iowait    %irq   %soft  %steal  %guest   %idle
23时12分12秒  all   75.38    0.00   17.21    0.00    0.25    7.16    0.00    0.00    0.00
平均时间:  all   75.38    0.00   17.21    0.00    0.25    7.16    0.00    0.00    0.00

Linux 2.6.32-431.el6.x86_64 (slave1) 	2019年07月26日 	_x86_64_	(8 CPU)

23时12分15秒  CPU    %usr   %nice    %sys %iowait    %irq   %soft  %steal  %guest   %idle
23时12分16秒  all   94.51    0.00    5.49    0.00    0.00    0.00    0.00    0.00    0.00
平均时间:  all   94.51    0.00    5.49    0.00    0.00    0.00    0.00    0.00    0.00

Linux 2.6.32-431.el6.x86_64 (slave1) 	2019年07月26日 	_x86_64_	(8 CPU)

23时12分19秒  CPU    %usr   %nice    %sys %iowait    %irq   %soft  %steal  %guest   %idle
23时12分20秒  all   91.64    0.00    7.49    0.00    0.00    0.87    0.00    0.00    0.00
平均时间:  all   91.64    0.00    7.49    0.00    0.00    0.87    0.00    0.00    0.00

Linux 2.6.32-431.el6.x86_64 (slave1) 	2019年07月26日 	_x86_64_	(8 CPU)

23时12分24秒  CPU    %usr   %nice    %sys %iowait    %irq   %soft  %steal  %guest   %idle
23时12分25秒  all   88.89    0.00    9.74    0.00    0.00    1.37    0.00    0.00    0.00
平均时间:  all   88.89    0.00    9.74    0.00    0.00    1.37    0.00    0.00    0.00

Linux 2.6.32-431.el6.x86_64 (slave1) 	2019年07月26日 	_x86_64_	(8 CPU)

23时12分28秒  CPU    %usr   %nice    %sys %iowait    %irq   %soft  %steal  %guest   %idle
23时12分29秒  all   27.60    0.00    4.36    0.00    0.00    0.00    0.00    0.00   68.04
平均时间:  all   27.60    0.00    4.36    0.00    0.00    0.00    0.00    0.00   68.04

Linux 2.6.32-431.el6.x86_64 (slave1) 	2019年07月26日 	_x86_64_	(8 CPU)

23时12分32秒  CPU    %usr   %nice    %sys %iowait    %irq   %soft  %steal  %guest   %idle
23时12分33秒  all   23.55    0.00    3.09    0.00    0.00    0.00    0.00    0.00   73.36
平均时间:  all   23.55    0.00    3.09    0.00    0.00    0.00    0.00    0.00   73.36

Linux 2.6.32-431.el6.x86_64 (slave1) 	2019年07月26日 	_x86_64_	(8 CPU)

23时12分36秒  CPU    %usr   %nice    %sys %iowait    %irq   %soft  %steal  %guest   %idle
23时12分37秒  all   25.49    0.00    5.17    0.00    0.00    0.00    0.00    0.00   69.34
平均时间:  all   25.49    0.00    5.17    0.00    0.00    0.00    0.00    0.00   69.34

Linux 2.6.32-431.el6.x86_64 (slave1) 	2019年07月26日 	_x86_64_	(8 CPU)

23时12分40秒  CPU    %usr   %nice    %sys %iowait    %irq   %soft  %steal  %guest   %idle
23时12分41秒  all   41.24    0.00    8.38    0.00    0.00    0.13    0.00    0.00   50.26
平均时间:  all   41.24    0.00    8.38    0.00    0.00    0.13    0.00    0.00   50.26

Linux 2.6.32-431.el6.x86_64 (slave1) 	2019年07月26日 	_x86_64_	(8 CPU)

23时12分44秒  CPU    %usr   %nice    %sys %iowait    %irq   %soft  %steal  %guest   %idle
23时12分45秒  all   63.47    0.00   10.47    0.00    0.00    0.00    0.00    0.00   26.05
平均时间:  all   63.47    0.00   10.47    0.00    0.00    0.00    0.00    0.00   26.05

Linux 2.6.32-431.el6.x86_64 (slave1) 	2019年07月26日 	_x86_64_	(8 CPU)

23时12分48秒  CPU    %usr   %nice    %sys %iowait    %irq   %soft  %steal  %guest   %idle
23时12分49秒  all   83.79    0.00   10.30    0.00    0.00    0.00    0.00    0.00    5.90
平均时间:  all   83.79    0.00   10.30    0.00    0.00    0.00    0.00    0.00    5.90

Linux 2.6.32-431.el6.x86_64 (slave1) 	2019年07月26日 	_x86_64_	(8 CPU)

23时12分52秒  CPU    %usr   %nice    %sys %iowait    %irq   %soft  %steal  %guest   %idle
23时12分53秒  all   92.62    0.00    6.62    0.00    0.38    0.12    0.00    0.00    0.25
平均时间:  all   92.62    0.00    6.62    0.00    0.38    0.12    0.00    0.00    0.25

Linux 2.6.32-431.el6.x86_64 (slave1) 	2019年07月26日 	_x86_64_	(8 CPU)

23时12分56秒  CPU    %usr   %nice    %sys %iowait    %irq   %soft  %steal  %guest   %idle
23时12分57秒  all   89.74    0.00    8.01    0.00    0.00    0.50    0.00    0.00    1.75
平均时间:  all   89.74    0.00    8.01    0.00    0.00    0.50    0.00    0.00    1.75

Linux 2.6.32-431.el6.x86_64 (slave1) 	2019年07月26日 	_x86_64_	(8 CPU)

23时13分00秒  CPU    %usr   %nice    %sys %iowait    %irq   %soft  %steal  %guest   %idle
23时13分01秒  all   92.88    0.00    6.74    0.00    0.12    0.25    0.00    0.00    0.00
平均时间:  all   92.88    0.00    6.74    0.00    0.12    0.25    0.00    0.00    0.00

Linux 2.6.32-431.el6.x86_64 (slave1) 	2019年07月26日 	_x86_64_	(8 CPU)

23时13分04秒  CPU    %usr   %nice    %sys %iowait    %irq   %soft  %steal  %guest   %idle
23时13分05秒  all   91.24    0.00    8.26    0.00    0.00    0.50    0.00    0.00    0.00
平均时间:  all   91.24    0.00    8.26    0.00    0.00    0.50    0.00    0.00    0.00

Linux 2.6.32-431.el6.x86_64 (slave1) 	2019年07月26日 	_x86_64_	(8 CPU)

23时13分08秒  CPU    %usr   %nice    %sys %iowait    %irq   %soft  %steal  %guest   %idle
23时13分09秒  all   89.61    0.00    7.38    0.00    0.00    0.13    0.00    0.00    2.88
平均时间:  all   89.61    0.00    7.38    0.00    0.00    0.13    0.00    0.00    2.88

Linux 2.6.32-431.el6.x86_64 (slave1) 	2019年07月26日 	_x86_64_	(8 CPU)

23时13分12秒  CPU    %usr   %nice    %sys %iowait    %irq   %soft  %steal  %guest   %idle
23时13分13秒  all   92.61    0.00    7.02    0.00    0.00    0.13    0.00    0.00    0.25
平均时间:  all   92.61    0.00    7.02    0.00    0.00    0.13    0.00    0.00    0.25

Linux 2.6.32-431.el6.x86_64 (slave1) 	2019年07月26日 	_x86_64_	(8 CPU)

23时13分16秒  CPU    %usr   %nice    %sys %iowait    %irq   %soft  %steal  %guest   %idle
23时13分17秒  all   86.22    0.00    9.52    0.00    0.00    0.13    0.00    0.00    4.14
平均时间:  all   86.22    0.00    9.52    0.00    0.00    0.13    0.00    0.00    4.14

Linux 2.6.32-431.el6.x86_64 (slave1) 	2019年07月26日 	_x86_64_	(8 CPU)

23时13分20秒  CPU    %usr   %nice    %sys %iowait    %irq   %soft  %steal  %guest   %idle
23时13分21秒  all   72.28    0.00   12.91    0.00    0.25    0.51    0.00    0.00   14.05
平均时间:  all   72.28    0.00   12.91    0.00    0.25    0.51    0.00    0.00   14.05

Linux 2.6.32-431.el6.x86_64 (slave1) 	2019年07月26日 	_x86_64_	(8 CPU)

23时13分24秒  CPU    %usr   %nice    %sys %iowait    %irq   %soft  %steal  %guest   %idle
23时13分25秒  all   80.63    0.00    9.43    0.00    0.13    0.25    0.00    0.00    9.56
平均时间:  all   80.63    0.00    9.43    0.00    0.13    0.25    0.00    0.00    9.56

Linux 2.6.32-431.el6.x86_64 (slave1) 	2019年07月26日 	_x86_64_	(8 CPU)

23时13分28秒  CPU    %usr   %nice    %sys %iowait    %irq   %soft  %steal  %guest   %idle
23时13分29秒  all   89.34    0.00    5.40    0.00    0.00    0.00    0.00    0.00    5.27
平均时间:  all   89.34    0.00    5.40    0.00    0.00    0.00    0.00    0.00    5.27

Linux 2.6.32-431.el6.x86_64 (slave1) 	2019年07月26日 	_x86_64_	(8 CPU)

23时13分32秒  CPU    %usr   %nice    %sys %iowait    %irq   %soft  %steal  %guest   %idle
23时13分33秒  all   79.45    0.00   14.12    0.00    0.13    2.02    0.00    0.00    4.29
平均时间:  all   79.45    0.00   14.12    0.00    0.13    2.02    0.00    0.00    4.29

Linux 2.6.32-431.el6.x86_64 (slave1) 	2019年07月26日 	_x86_64_	(8 CPU)

23时13分36秒  CPU    %usr   %nice    %sys %iowait    %irq   %soft  %steal  %guest   %idle
23时13分37秒  all   70.57    0.00   16.21    0.00    0.25   12.47    0.00    0.00    0.50
平均时间:  all   70.57    0.00   16.21    0.00    0.25   12.47    0.00    0.00    0.50

Linux 2.6.32-431.el6.x86_64 (slave1) 	2019年07月26日 	_x86_64_	(8 CPU)

23时13分40秒  CPU    %usr   %nice    %sys %iowait    %irq   %soft  %steal  %guest   %idle
23时13分41秒  all   66.42    0.00   18.48    0.00    0.25   14.73    0.00    0.00    0.12
平均时间:  all   66.42    0.00   18.48    0.00    0.25   14.73    0.00    0.00    0.12

Linux 2.6.32-431.el6.x86_64 (slave1) 	2019年07月26日 	_x86_64_	(8 CPU)

23时13分44秒  CPU    %usr   %nice    %sys %iowait    %irq   %soft  %steal  %guest   %idle
23时13分45秒  all   70.84    0.00   15.27    0.00    0.25   12.77    0.00    0.00    0.88
平均时间:  all   70.84    0.00   15.27    0.00    0.25   12.77    0.00    0.00    0.88

Linux 2.6.32-431.el6.x86_64 (slave1) 	2019年07月26日 	_x86_64_	(8 CPU)

23时13分48秒  CPU    %usr   %nice    %sys %iowait    %irq   %soft  %steal  %guest   %idle
23时13分49秒  all   67.76    0.00   18.96    0.00    0.38   12.77    0.00    0.00    0.13
平均时间:  all   67.76    0.00   18.96    0.00    0.38   12.77    0.00    0.00    0.13

Linux 2.6.32-431.el6.x86_64 (slave1) 	2019年07月26日 	_x86_64_	(8 CPU)

23时13分52秒  CPU    %usr   %nice    %sys %iowait    %irq   %soft  %steal  %guest   %idle
23时13分53秒  all   62.14    0.00   21.51    0.00    0.38   15.97    0.00    0.00    0.00
平均时间:  all   62.14    0.00   21.51    0.00    0.38   15.97    0.00    0.00    0.00

Linux 2.6.32-431.el6.x86_64 (slave1) 	2019年07月26日 	_x86_64_	(8 CPU)

23时13分56秒  CPU    %usr   %nice    %sys %iowait    %irq   %soft  %steal  %guest   %idle
23时13分57秒  all   67.94    0.00   15.65    0.00    0.38   16.03    0.00    0.00    0.00
平均时间:  all   67.94    0.00   15.65    0.00    0.38   16.03    0.00    0.00    0.00

Linux 2.6.32-431.el6.x86_64 (slave1) 	2019年07月26日 	_x86_64_	(8 CPU)

23时14分01秒  CPU    %usr   %nice    %sys %iowait    %irq   %soft  %steal  %guest   %idle
23时14分02秒  all   84.79    0.00   12.97    0.00    0.37    1.75    0.00    0.00    0.12
平均时间:  all   84.79    0.00   12.97    0.00    0.37    1.75    0.00    0.00    0.12

Linux 2.6.32-431.el6.x86_64 (slave1) 	2019年07月26日 	_x86_64_	(8 CPU)

23时14分05秒  CPU    %usr   %nice    %sys %iowait    %irq   %soft  %steal  %guest   %idle
23时14分06秒  all   89.97    0.00    8.27    0.00    0.00    0.63    0.00    0.00    1.13
平均时间:  all   89.97    0.00    8.27    0.00    0.00    0.63    0.00    0.00    1.13

Linux 2.6.32-431.el6.x86_64 (slave1) 	2019年07月26日 	_x86_64_	(8 CPU)

23时14分09秒  CPU    %usr   %nice    %sys %iowait    %irq   %soft  %steal  %guest   %idle
23时14分10秒  all   88.81    0.00    7.17    0.00    0.13    0.50    0.00    0.00    3.40
平均时间:  all   88.81    0.00    7.17    0.00    0.13    0.50    0.00    0.00    3.40

Linux 2.6.32-431.el6.x86_64 (slave1) 	2019年07月26日 	_x86_64_	(8 CPU)

23时14分13秒  CPU    %usr   %nice    %sys %iowait    %irq   %soft  %steal  %guest   %idle
23时14分14秒  all   85.98    0.00   10.10    0.00    0.25    1.39    0.00    0.00    2.27
平均时间:  all   85.98    0.00   10.10    0.00    0.25    1.39    0.00    0.00    2.27

Linux 2.6.32-431.el6.x86_64 (slave1) 	2019年07月26日 	_x86_64_	(8 CPU)

23时14分17秒  CPU    %usr   %nice    %sys %iowait    %irq   %soft  %steal  %guest   %idle
23时14分18秒  all   84.49    0.00    9.96    0.00    0.13    1.51    0.00    0.00    3.91
平均时间:  all   84.49    0.00    9.96    0.00    0.13    1.51    0.00    0.00    3.91

Linux 2.6.32-431.el6.x86_64 (slave1) 	2019年07月26日 	_x86_64_	(8 CPU)

23时14分21秒  CPU    %usr   %nice    %sys %iowait    %irq   %soft  %steal  %guest   %idle
23时14分22秒  all   89.18    0.00    8.05    0.00    0.00    0.63    0.00    0.00    2.14
平均时间:  all   89.18    0.00    8.05    0.00    0.00    0.63    0.00    0.00    2.14

Linux 2.6.32-431.el6.x86_64 (slave1) 	2019年07月26日 	_x86_64_	(8 CPU)

23时14分25秒  CPU    %usr   %nice    %sys %iowait    %irq   %soft  %steal  %guest   %idle
23时14分26秒  all   84.30    0.00    9.05    0.00    0.13    0.50    0.00    0.00    6.03
平均时间:  all   84.30    0.00    9.05    0.00    0.13    0.50    0.00    0.00    6.03

Linux 2.6.32-431.el6.x86_64 (slave1) 	2019年07月26日 	_x86_64_	(8 CPU)

23时14分29秒  CPU    %usr   %nice    %sys %iowait    %irq   %soft  %steal  %guest   %idle
23时14分30秒  all   95.88    0.00    3.62    0.00    0.00    0.50    0.00    0.00    0.00
平均时间:  all   95.88    0.00    3.62    0.00    0.00    0.50    0.00    0.00    0.00

Linux 2.6.32-431.el6.x86_64 (slave1) 	2019年07月26日 	_x86_64_	(8 CPU)

23时14分33秒  CPU    %usr   %nice    %sys %iowait    %irq   %soft  %steal  %guest   %idle
23时14分34秒  all   93.14    0.00    6.11    0.00    0.12    0.62    0.00    0.00    0.00
平均时间:  all   93.14    0.00    6.11    0.00    0.12    0.62    0.00    0.00    0.00

Linux 2.6.32-431.el6.x86_64 (slave1) 	2019年07月26日 	_x86_64_	(8 CPU)

23时14分37秒  CPU    %usr   %nice    %sys %iowait    %irq   %soft  %steal  %guest   %idle
23时14分38秒  all   87.45    0.00    9.28    0.00    0.13    1.13    0.00    0.00    2.01
平均时间:  all   87.45    0.00    9.28    0.00    0.13    1.13    0.00    0.00    2.01

Linux 2.6.32-431.el6.x86_64 (slave1) 	2019年07月26日 	_x86_64_	(8 CPU)

23时14分41秒  CPU    %usr   %nice    %sys %iowait    %irq   %soft  %steal  %guest   %idle
23时14分42秒  all   77.55    0.00    9.08    0.00    0.00    0.25    0.00    0.00   13.11
平均时间:  all   77.55    0.00    9.08    0.00    0.00    0.25    0.00    0.00   13.11

Linux 2.6.32-431.el6.x86_64 (slave1) 	2019年07月26日 	_x86_64_	(8 CPU)

23时14分45秒  CPU    %usr   %nice    %sys %iowait    %irq   %soft  %steal  %guest   %idle
23时14分46秒  all   91.64    0.00    6.87    0.00    0.00    0.37    0.00    0.00    1.12
平均时间:  all   91.64    0.00    6.87    0.00    0.00    0.37    0.00    0.00    1.12

Linux 2.6.32-431.el6.x86_64 (slave1) 	2019年07月26日 	_x86_64_	(8 CPU)

23时14分49秒  CPU    %usr   %nice    %sys %iowait    %irq   %soft  %steal  %guest   %idle
23时14分50秒  all   85.57    0.00   10.92    0.00    0.00    0.50    0.00    0.00    3.01
平均时间:  all   85.57    0.00   10.92    0.00    0.00    0.50    0.00    0.00    3.01

Linux 2.6.32-431.el6.x86_64 (slave1) 	2019年07月26日 	_x86_64_	(8 CPU)

23时14分53秒  CPU    %usr   %nice    %sys %iowait    %irq   %soft  %steal  %guest   %idle
23时14分54秒  all   75.86    0.00    9.91    0.00    0.00    0.13    0.00    0.00   14.10
平均时间:  all   75.86    0.00    9.91    0.00    0.00    0.13    0.00    0.00   14.10

Linux 2.6.32-431.el6.x86_64 (slave1) 	2019年07月26日 	_x86_64_	(8 CPU)

23时14分57秒  CPU    %usr   %nice    %sys %iowait    %irq   %soft  %steal  %guest   %idle
23时14分58秒  all   75.44    0.00   13.10    0.00    0.00    1.13    0.00    0.00   10.33
平均时间:  all   75.44    0.00   13.10    0.00    0.00    1.13    0.00    0.00   10.33

Linux 2.6.32-431.el6.x86_64 (slave1) 	2019年07月26日 	_x86_64_	(8 CPU)

23时15分01秒  CPU    %usr   %nice    %sys %iowait    %irq   %soft  %steal  %guest   %idle
23时15分02秒  all   90.38    0.00    7.38    0.00    0.00    0.12    0.00    0.00    2.12
平均时间:  all   90.38    0.00    7.38    0.00    0.00    0.12    0.00    0.00    2.12

Linux 2.6.32-431.el6.x86_64 (slave1) 	2019年07月26日 	_x86_64_	(8 CPU)

23时15分05秒  CPU    %usr   %nice    %sys %iowait    %irq   %soft  %steal  %guest   %idle
23时15分06秒  all   78.05    0.00    8.25    0.00    0.00    0.13    0.00    0.00   13.58
平均时间:  all   78.05    0.00    8.25    0.00    0.00    0.13    0.00    0.00   13.58

Linux 2.6.32-431.el6.x86_64 (slave1) 	2019年07月26日 	_x86_64_	(8 CPU)

23时15分09秒  CPU    %usr   %nice    %sys %iowait    %irq   %soft  %steal  %guest   %idle
23时15分10秒  all   89.24    0.00    9.26    0.00    0.00    0.13    0.00    0.00    1.38
平均时间:  all   89.24    0.00    9.26    0.00    0.00    0.13    0.00    0.00    1.38

Linux 2.6.32-431.el6.x86_64 (slave1) 	2019年07月26日 	_x86_64_	(8 CPU)

23时15分13秒  CPU    %usr   %nice    %sys %iowait    %irq   %soft  %steal  %guest   %idle
23时15分14秒  all   80.53    0.00   12.94    0.00    0.13    2.51    0.00    0.00    3.89
平均时间:  all   80.53    0.00   12.94    0.00    0.13    2.51    0.00    0.00    3.89

Linux 2.6.32-431.el6.x86_64 (slave1) 	2019年07月26日 	_x86_64_	(8 CPU)

23时15分17秒  CPU    %usr   %nice    %sys %iowait    %irq   %soft  %steal  %guest   %idle
23时15分18秒  all   52.13    0.00   22.77    0.00    0.13    8.67    0.00    0.00   16.30
平均时间:  all   52.13    0.00   22.77    0.00    0.13    8.67    0.00    0.00   16.30

Linux 2.6.32-431.el6.x86_64 (slave1) 	2019年07月26日 	_x86_64_	(8 CPU)

23时15分21秒  CPU    %usr   %nice    %sys %iowait    %irq   %soft  %steal  %guest   %idle
23时15分22秒  all   48.10    0.00   18.82    0.00    0.52   18.30    0.00    0.00   14.25
平均时间:  all   48.10    0.00   18.82    0.00    0.52   18.30    0.00    0.00   14.25

Linux 2.6.32-431.el6.x86_64 (slave1) 	2019年07月26日 	_x86_64_	(8 CPU)

23时15分25秒  CPU    %usr   %nice    %sys %iowait    %irq   %soft  %steal  %guest   %idle
23时15分26秒  all   54.38    0.00   23.13    0.00    0.76   20.08    0.00    0.00    1.65
平均时间:  all   54.38    0.00   23.13    0.00    0.76   20.08    0.00    0.00    1.65

Linux 2.6.32-431.el6.x86_64 (slave1) 	2019年07月26日 	_x86_64_	(8 CPU)

23时15分29秒  CPU    %usr   %nice    %sys %iowait    %irq   %soft  %steal  %guest   %idle
23时15分30秒  all   57.18    0.00   22.67    0.00    0.38   17.25    0.00    0.00    2.52
平均时间:  all   57.18    0.00   22.67    0.00    0.38   17.25    0.00    0.00    2.52

Linux 2.6.32-431.el6.x86_64 (slave1) 	2019年07月26日 	_x86_64_	(8 CPU)

23时15分33秒  CPU    %usr   %nice    %sys %iowait    %irq   %soft  %steal  %guest   %idle
23时15分34秒  all   70.23    0.00   16.96    0.00    0.38   12.44    0.00    0.00    0.00
平均时间:  all   70.23    0.00   16.96    0.00    0.38   12.44    0.00    0.00    0.00

Linux 2.6.32-431.el6.x86_64 (slave1) 	2019年07月26日 	_x86_64_	(8 CPU)

23时15分37秒  CPU    %usr   %nice    %sys %iowait    %irq   %soft  %steal  %guest   %idle
23时15分38秒  all   67.04    0.00   23.56    0.00    0.38    7.77    0.00    0.00    1.25
平均时间:  all   67.04    0.00   23.56    0.00    0.38    7.77    0.00    0.00    1.25

Linux 2.6.32-431.el6.x86_64 (slave1) 	2019年07月26日 	_x86_64_	(8 CPU)

23时15分42秒  CPU    %usr   %nice    %sys %iowait    %irq   %soft  %steal  %guest   %idle
23时15分43秒  all   71.06    0.00    9.48    0.00    0.13    3.07    0.00    0.00   16.26
平均时间:  all   71.06    0.00    9.48    0.00    0.13    3.07    0.00    0.00   16.26

Linux 2.6.32-431.el6.x86_64 (slave1) 	2019年07月26日 	_x86_64_	(8 CPU)

23时15分46秒  CPU    %usr   %nice    %sys %iowait    %irq   %soft  %steal  %guest   %idle
23时15分47秒  all   58.37    0.00    7.79    0.00    0.13    0.89    0.00    0.00   32.82
平均时间:  all   58.37    0.00    7.79    0.00    0.13    0.89    0.00    0.00   32.82

Linux 2.6.32-431.el6.x86_64 (slave1) 	2019年07月26日 	_x86_64_	(8 CPU)

23时15分50秒  CPU    %usr   %nice    %sys %iowait    %irq   %soft  %steal  %guest   %idle
23时15分51秒  all   76.57    0.00    5.67    0.00    0.13    0.00    0.00    0.00   17.63
平均时间:  all   76.57    0.00    5.67    0.00    0.13    0.00    0.00    0.00   17.63

Linux 2.6.32-431.el6.x86_64 (slave1) 	2019年07月26日 	_x86_64_	(8 CPU)

23时15分54秒  CPU    %usr   %nice    %sys %iowait    %irq   %soft  %steal  %guest   %idle
23时15分55秒  all   73.73    0.00   14.85    0.00    0.25    1.14    0.00    0.00   10.03
平均时间:  all   73.73    0.00   14.85    0.00    0.25    1.14    0.00    0.00   10.03

Linux 2.6.32-431.el6.x86_64 (slave1) 	2019年07月26日 	_x86_64_	(8 CPU)

23时15分58秒  CPU    %usr   %nice    %sys %iowait    %irq   %soft  %steal  %guest   %idle
23时15分59秒  all   82.43    0.00   10.04    0.00    0.00    0.25    0.00    0.00    7.28
平均时间:  all   82.43    0.00   10.04    0.00    0.00    0.25    0.00    0.00    7.28

Linux 2.6.32-431.el6.x86_64 (slave1) 	2019年07月26日 	_x86_64_	(8 CPU)

23时16分02秒  CPU    %usr   %nice    %sys %iowait    %irq   %soft  %steal  %guest   %idle
23时16分03秒  all   78.91    0.00    7.50    0.00    0.13    0.51    0.00    0.00   12.96
平均时间:  all   78.91    0.00    7.50    0.00    0.13    0.51    0.00    0.00   12.96

Linux 2.6.32-431.el6.x86_64 (slave1) 	2019年07月26日 	_x86_64_	(8 CPU)

23时16分06秒  CPU    %usr   %nice    %sys %iowait    %irq   %soft  %steal  %guest   %idle
23时16分07秒  all   54.72    0.00    7.65    0.00    0.00    3.19    0.00    0.00   34.44
平均时间:  all   54.72    0.00    7.65    0.00    0.00    3.19    0.00    0.00   34.44

Linux 2.6.32-431.el6.x86_64 (slave1) 	2019年07月26日 	_x86_64_	(8 CPU)

23时16分10秒  CPU    %usr   %nice    %sys %iowait    %irq   %soft  %steal  %guest   %idle
23时16分11秒  all   71.63    0.00    9.50    0.00    0.13    0.77    0.00    0.00   17.97
平均时间:  all   71.63    0.00    9.50    0.00    0.13    0.77    0.00    0.00   17.97

Linux 2.6.32-431.el6.x86_64 (slave1) 	2019年07月26日 	_x86_64_	(8 CPU)

23时16分14秒  CPU    %usr   %nice    %sys %iowait    %irq   %soft  %steal  %guest   %idle
23时16分15秒  all   61.53    0.00    7.52    0.13    0.13    1.27    0.00    0.00   29.43
平均时间:  all   61.53    0.00    7.52    0.13    0.13    1.27    0.00    0.00   29.43

Linux 2.6.32-431.el6.x86_64 (slave1) 	2019年07月26日 	_x86_64_	(8 CPU)

23时16分18秒  CPU    %usr   %nice    %sys %iowait    %irq   %soft  %steal  %guest   %idle
23时16分19秒  all   68.29    0.00    8.82    0.00    0.13    0.38    0.00    0.00   22.38
平均时间:  all   68.29    0.00    8.82    0.00    0.13    0.38    0.00    0.00   22.38

Linux 2.6.32-431.el6.x86_64 (slave1) 	2019年07月26日 	_x86_64_	(8 CPU)

23时16分22秒  CPU    %usr   %nice    %sys %iowait    %irq   %soft  %steal  %guest   %idle
23时16分23秒  all   55.58    0.00    3.72    0.79    0.11    0.79    0.00    0.00   39.01
平均时间:  all   55.58    0.00    3.72    0.79    0.11    0.79    0.00    0.00   39.01

Linux 2.6.32-431.el6.x86_64 (slave1) 	2019年07月26日 	_x86_64_	(8 CPU)

23时16分26秒  CPU    %usr   %nice    %sys %iowait    %irq   %soft  %steal  %guest   %idle
23时16分27秒  all   87.30    0.00    8.81    0.00    0.13    2.77    0.00    0.00    1.01
平均时间:  all   87.30    0.00    8.81    0.00    0.13    2.77    0.00    0.00    1.01

Linux 2.6.32-431.el6.x86_64 (slave1) 	2019年07月26日 	_x86_64_	(8 CPU)

23时16分30秒  CPU    %usr   %nice    %sys %iowait    %irq   %soft  %steal  %guest   %idle
23时16分31秒  all   80.20    0.00    6.05    0.00    0.00    0.76    0.00    0.00   12.99
平均时间:  all   80.20    0.00    6.05    0.00    0.00    0.76    0.00    0.00   12.99

Linux 2.6.32-431.el6.x86_64 (slave1) 	2019年07月26日 	_x86_64_	(8 CPU)

23时16分34秒  CPU    %usr   %nice    %sys %iowait    %irq   %soft  %steal  %guest   %idle
23时16分35秒  all   62.24    0.00    8.16    0.00    0.13    0.77    0.00    0.00   28.70
平均时间:  all   62.24    0.00    8.16    0.00    0.13    0.77    0.00    0.00   28.70

Linux 2.6.32-431.el6.x86_64 (slave1) 	2019年07月26日 	_x86_64_	(8 CPU)

23时16分38秒  CPU    %usr   %nice    %sys %iowait    %irq   %soft  %steal  %guest   %idle
23时16分39秒  all   72.08    0.00    9.26    0.00    0.00    0.13    0.00    0.00   18.53
平均时间:  all   72.08    0.00    9.26    0.00    0.00    0.13    0.00    0.00   18.53

Linux 2.6.32-431.el6.x86_64 (slave1) 	2019年07月26日 	_x86_64_	(8 CPU)

23时16分42秒  CPU    %usr   %nice    %sys %iowait    %irq   %soft  %steal  %guest   %idle
23时16分43秒  all   88.57    0.00    8.79    0.00    0.25    0.50    0.00    0.00    1.88
平均时间:  all   88.57    0.00    8.79    0.00    0.25    0.50    0.00    0.00    1.88

Linux 2.6.32-431.el6.x86_64 (slave1) 	2019年07月26日 	_x86_64_	(8 CPU)

23时16分46秒  CPU    %usr   %nice    %sys %iowait    %irq   %soft  %steal  %guest   %idle
23时16分47秒  all   93.22    0.00    5.65    0.00    0.00    0.38    0.00    0.00    0.75
平均时间:  all   93.22    0.00    5.65    0.00    0.00    0.38    0.00    0.00    0.75

Linux 2.6.32-431.el6.x86_64 (slave1) 	2019年07月26日 	_x86_64_	(8 CPU)

23时16分50秒  CPU    %usr   %nice    %sys %iowait    %irq   %soft  %steal  %guest   %idle
23时16分51秒  all   91.74    0.00    6.63    0.00    0.00    0.13    0.00    0.00    1.50
平均时间:  all   91.74    0.00    6.63    0.00    0.00    0.13    0.00    0.00    1.50

Linux 2.6.32-431.el6.x86_64 (slave1) 	2019年07月26日 	_x86_64_	(8 CPU)

23时16分54秒  CPU    %usr   %nice    %sys %iowait    %irq   %soft  %steal  %guest   %idle
23时16分55秒  all   78.38    0.00    8.72    0.00    0.00    1.01    0.00    0.00   11.88
平均时间:  all   78.38    0.00    8.72    0.00    0.00    1.01    0.00    0.00   11.88

Linux 2.6.32-431.el6.x86_64 (slave1) 	2019年07月26日 	_x86_64_	(8 CPU)

23时16分58秒  CPU    %usr   %nice    %sys %iowait    %irq   %soft  %steal  %guest   %idle
23时16分59秒  all   76.61    0.00   10.11    0.00    0.25    1.26    0.00    0.00   11.76
平均时间:  all   76.61    0.00   10.11    0.00    0.25    1.26    0.00    0.00   11.76

Linux 2.6.32-431.el6.x86_64 (slave1) 	2019年07月26日 	_x86_64_	(8 CPU)

23时17分02秒  CPU    %usr   %nice    %sys %iowait    %irq   %soft  %steal  %guest   %idle
23时17分03秒  all   43.59    0.00   14.74    0.00    0.00    2.44    0.00    0.00   39.23
平均时间:  all   43.59    0.00   14.74    0.00    0.00    2.44    0.00    0.00   39.23

Linux 2.6.32-431.el6.x86_64 (slave1) 	2019年07月26日 	_x86_64_	(8 CPU)

23时17分06秒  CPU    %usr   %nice    %sys %iowait    %irq   %soft  %steal  %guest   %idle
23时17分07秒  all   85.70    0.00   11.04    0.00    0.00    0.00    0.00    0.00    3.26
平均时间:  all   85.70    0.00   11.04    0.00    0.00    0.00    0.00    0.00    3.26

Linux 2.6.32-431.el6.x86_64 (slave1) 	2019年07月26日 	_x86_64_	(8 CPU)

23时17分10秒  CPU    %usr   %nice    %sys %iowait    %irq   %soft  %steal  %guest   %idle
23时17分11秒  all   76.61    0.00    8.85    0.00    0.00    0.13    0.00    0.00   14.41
平均时间:  all   76.61    0.00    8.85    0.00    0.00    0.13    0.00    0.00   14.41

Linux 2.6.32-431.el6.x86_64 (slave1) 	2019年07月26日 	_x86_64_	(8 CPU)

23时17分14秒  CPU    %usr   %nice    %sys %iowait    %irq   %soft  %steal  %guest   %idle
23时17分15秒  all   92.38    0.00    7.49    0.00    0.00    0.00    0.00    0.00    0.12
平均时间:  all   92.38    0.00    7.49    0.00    0.00    0.00    0.00    0.00    0.12

Linux 2.6.32-431.el6.x86_64 (slave1) 	2019年07月26日 	_x86_64_	(8 CPU)

23时17分18秒  CPU    %usr   %nice    %sys %iowait    %irq   %soft  %steal  %guest   %idle
23时17分19秒  all   36.61    0.00    9.31    0.00    0.00    0.00    0.00    0.00   54.08
平均时间:  all   36.61    0.00    9.31    0.00    0.00    0.00    0.00    0.00   54.08

Linux 2.6.32-431.el6.x86_64 (slave1) 	2019年07月26日 	_x86_64_	(8 CPU)

23时17分22秒  CPU    %usr   %nice    %sys %iowait    %irq   %soft  %steal  %guest   %idle
23时17分23秒  all   74.12    0.00   14.65    0.00    0.00    0.88    0.00    0.00   10.35
平均时间:  all   74.12    0.00   14.65    0.00    0.00    0.88    0.00    0.00   10.35

Linux 2.6.32-431.el6.x86_64 (slave1) 	2019年07月26日 	_x86_64_	(8 CPU)

23时17分26秒  CPU    %usr   %nice    %sys %iowait    %irq   %soft  %steal  %guest   %idle
23时17分27秒  all   51.59    0.00   13.63    0.00    0.00    0.51    0.00    0.00   34.27
平均时间:  all   51.59    0.00   13.63    0.00    0.00    0.51    0.00    0.00   34.27

Linux 2.6.32-431.el6.x86_64 (slave1) 	2019年07月26日 	_x86_64_	(8 CPU)

23时17分30秒  CPU    %usr   %nice    %sys %iowait    %irq   %soft  %steal  %guest   %idle
23时17分31秒  all   72.75    0.00   13.31    0.00    0.00    0.13    0.00    0.00   13.81
平均时间:  all   72.75    0.00   13.31    0.00    0.00    0.13    0.00    0.00   13.81

Linux 2.6.32-431.el6.x86_64 (slave1) 	2019年07月26日 	_x86_64_	(8 CPU)

23时17分34秒  CPU    %usr   %nice    %sys %iowait    %irq   %soft  %steal  %guest   %idle
23时17分35秒  all   26.43    0.00    4.45    0.00    0.00    0.00    0.00    0.00   69.12
平均时间:  all   26.43    0.00    4.45    0.00    0.00    0.00    0.00    0.00   69.12

Linux 2.6.32-431.el6.x86_64 (slave1) 	2019年07月26日 	_x86_64_	(8 CPU)

23时17分39秒  CPU    %usr   %nice    %sys %iowait    %irq   %soft  %steal  %guest   %idle
23时17分40秒  all   89.47    0.00    5.39    0.00    0.00    0.13    0.00    0.00    5.01
平均时间:  all   89.47    0.00    5.39    0.00    0.00    0.13    0.00    0.00    5.01

Linux 2.6.32-431.el6.x86_64 (slave1) 	2019年07月26日 	_x86_64_	(8 CPU)

23时17分43秒  CPU    %usr   %nice    %sys %iowait    %irq   %soft  %steal  %guest   %idle
23时17分44秒  all   89.69    0.00    5.41    0.00    0.13    0.13    0.00    0.00    4.65
平均时间:  all   89.69    0.00    5.41    0.00    0.13    0.13    0.00    0.00    4.65

Linux 2.6.32-431.el6.x86_64 (slave1) 	2019年07月26日 	_x86_64_	(8 CPU)

23时17分47秒  CPU    %usr   %nice    %sys %iowait    %irq   %soft  %steal  %guest   %idle
23时17分48秒  all   87.75    0.00   10.88    0.00    0.00    0.62    0.00    0.00    0.75
平均时间:  all   87.75    0.00   10.88    0.00    0.00    0.62    0.00    0.00    0.75

Linux 2.6.32-431.el6.x86_64 (slave1) 	2019年07月26日 	_x86_64_	(8 CPU)

23时17分51秒  CPU    %usr   %nice    %sys %iowait    %irq   %soft  %steal  %guest   %idle
23时17分52秒  all   85.68    0.00   11.18    0.00    0.00    1.13    0.00    0.00    2.01
平均时间:  all   85.68    0.00   11.18    0.00    0.00    1.13    0.00    0.00    2.01

Linux 2.6.32-431.el6.x86_64 (slave1) 	2019年07月26日 	_x86_64_	(8 CPU)

23时17分55秒  CPU    %usr   %nice    %sys %iowait    %irq   %soft  %steal  %guest   %idle
23时17分56秒  all   90.73    0.00    7.02    0.00    0.00    0.75    0.00    0.00    1.50
平均时间:  all   90.73    0.00    7.02    0.00    0.00    0.75    0.00    0.00    1.50

Linux 2.6.32-431.el6.x86_64 (slave1) 	2019年07月26日 	_x86_64_	(8 CPU)

23时17分59秒  CPU    %usr   %nice    %sys %iowait    %irq   %soft  %steal  %guest   %idle
23时18分00秒  all   93.86    0.00    5.26    0.00    0.13    0.63    0.00    0.00    0.13
平均时间:  all   93.86    0.00    5.26    0.00    0.13    0.63    0.00    0.00    0.13

Linux 2.6.32-431.el6.x86_64 (slave1) 	2019年07月26日 	_x86_64_	(8 CPU)

23时18分03秒  CPU    %usr   %nice    %sys %iowait    %irq   %soft  %steal  %guest   %idle
23时18分04秒  all   55.22    0.00    3.69    0.00    0.25    2.16    0.00    0.00   38.68
平均时间:  all   55.22    0.00    3.69    0.00    0.25    2.16    0.00    0.00   38.68

Linux 2.6.32-431.el6.x86_64 (slave1) 	2019年07月26日 	_x86_64_	(8 CPU)

23时18分07秒  CPU    %usr   %nice    %sys %iowait    %irq   %soft  %steal  %guest   %idle
23时18分08秒  all   60.98    0.00    4.17    0.00    0.13    1.64    0.00    0.00   33.08
平均时间:  all   60.98    0.00    4.17    0.00    0.13    1.64    0.00    0.00   33.08

Linux 2.6.32-431.el6.x86_64 (slave1) 	2019年07月26日 	_x86_64_	(8 CPU)

23时18分11秒  CPU    %usr   %nice    %sys %iowait    %irq   %soft  %steal  %guest   %idle
23时18分12秒  all   47.52    0.00    4.08    0.00    0.00    1.91    0.00    0.00   46.50
平均时间:  all   47.52    0.00    4.08    0.00    0.00    1.91    0.00    0.00   46.50

Linux 2.6.32-431.el6.x86_64 (slave1) 	2019年07月26日 	_x86_64_	(8 CPU)

23时18分15秒  CPU    %usr   %nice    %sys %iowait    %irq   %soft  %steal  %guest   %idle
23时18分16秒  all   90.66    0.00    6.44    0.00    0.25    1.26    0.00    0.00    1.39
平均时间:  all   90.66    0.00    6.44    0.00    0.25    1.26    0.00    0.00    1.39

Linux 2.6.32-431.el6.x86_64 (slave1) 	2019年07月26日 	_x86_64_	(8 CPU)

23时18分19秒  CPU    %usr   %nice    %sys %iowait    %irq   %soft  %steal  %guest   %idle
23时18分20秒  all   83.65    0.00   10.49    0.00    0.12    5.74    0.00    0.00    0.00
平均时间:  all   83.65    0.00   10.49    0.00    0.12    5.74    0.00    0.00    0.00

Linux 2.6.32-431.el6.x86_64 (slave1) 	2019年07月26日 	_x86_64_	(8 CPU)

23时18分23秒  CPU    %usr   %nice    %sys %iowait    %irq   %soft  %steal  %guest   %idle
23时18分24秒  all   43.86    0.00   11.64    0.00    0.00    0.51    0.00    0.00   43.99
平均时间:  all   43.86    0.00   11.64    0.00    0.00    0.51    0.00    0.00   43.99

Linux 2.6.32-431.el6.x86_64 (slave1) 	2019年07月26日 	_x86_64_	(8 CPU)

23时18分27秒  CPU    %usr   %nice    %sys %iowait    %irq   %soft  %steal  %guest   %idle
23时18分28秒  all   46.99    0.00    5.63    0.00    0.00    1.54    0.00    0.00   45.84
平均时间:  all   46.99    0.00    5.63    0.00    0.00    1.54    0.00    0.00   45.84

Linux 2.6.32-431.el6.x86_64 (slave1) 	2019年07月26日 	_x86_64_	(8 CPU)

23时18分31秒  CPU    %usr   %nice    %sys %iowait    %irq   %soft  %steal  %guest   %idle
23时18分32秒  all   34.96    0.00    4.35    0.00    0.00    0.00    0.00    0.00   60.69
平均时间:  all   34.96    0.00    4.35    0.00    0.00    0.00    0.00    0.00   60.69

Linux 2.6.32-431.el6.x86_64 (slave1) 	2019年07月26日 	_x86_64_	(8 CPU)

23时18分35秒  CPU    %usr   %nice    %sys %iowait    %irq   %soft  %steal  %guest   %idle
23时18分36秒  all    2.89    0.00    1.01    0.00    0.00    0.00    0.00    0.00   96.10
平均时间:  all    2.89    0.00    1.01    0.00    0.00    0.00    0.00    0.00   96.10

Linux 2.6.32-431.el6.x86_64 (slave1) 	2019年07月26日 	_x86_64_	(8 CPU)

23时18分39秒  CPU    %usr   %nice    %sys %iowait    %irq   %soft  %steal  %guest   %idle
23时18分40秒  all    0.00    0.00    0.13    0.00    0.00    0.00    0.00    0.00   99.87
平均时间:  all    0.00    0.00    0.13    0.00    0.00    0.00    0.00    0.00   99.87

Linux 2.6.32-431.el6.x86_64 (slave1) 	2019年07月26日 	_x86_64_	(8 CPU)

23时18分43秒  CPU    %usr   %nice    %sys %iowait    %irq   %soft  %steal  %guest   %idle
23时18分44秒  all    0.50    0.00    0.25    0.00    0.00    0.00    0.00    0.00   99.25
平均时间:  all    0.50    0.00    0.25    0.00    0.00    0.00    0.00    0.00   99.25

Linux 2.6.32-431.el6.x86_64 (slave1) 	2019年07月26日 	_x86_64_	(8 CPU)

23时18分47秒  CPU    %usr   %nice    %sys %iowait    %irq   %soft  %steal  %guest   %idle
23时18分48秒  all    0.13    0.00    0.13    0.00    0.00    0.00    0.00    0.00   99.75
平均时间:  all    0.13    0.00    0.13    0.00    0.00    0.00    0.00    0.00   99.75

Linux 2.6.32-431.el6.x86_64 (slave1) 	2019年07月26日 	_x86_64_	(8 CPU)

23时18分51秒  CPU    %usr   %nice    %sys %iowait    %irq   %soft  %steal  %guest   %idle
23时18分52秒  all    0.00    0.00    0.00    0.00    0.00    0.00    0.00    0.00  100.00
平均时间:  all    0.00    0.00    0.00    0.00    0.00    0.00    0.00    0.00  100.00

Linux 2.6.32-431.el6.x86_64 (slave1) 	2019年07月26日 	_x86_64_	(8 CPU)

23时18分55秒  CPU    %usr   %nice    %sys %iowait    %irq   %soft  %steal  %guest   %idle
23时18分56秒  all    0.00    0.00    2.14    0.00    0.00    2.64    0.00    0.00   95.22
平均时间:  all    0.00    0.00    2.14    0.00    0.00    2.64    0.00    0.00   95.22

Linux 2.6.32-431.el6.x86_64 (slave1) 	2019年07月26日 	_x86_64_	(8 CPU)

23时18分59秒  CPU    %usr   %nice    %sys %iowait    %irq   %soft  %steal  %guest   %idle
23时19分00秒  all    0.13    0.00    0.00    0.00    0.00    0.00    0.00    0.00   99.87
平均时间:  all    0.13    0.00    0.00    0.00    0.00    0.00    0.00    0.00   99.87

