
2019年 07月 26日 星期五 23:11:32 CST
             total       used       free     shared    buffers     cached
Mem:         15945       9692       6252          0        121       7563
-/+ buffers/cache:       2008      13937
Swap:         8039          0       8039

2019年 07月 26日 星期五 23:11:36 CST
             total       used       free     shared    buffers     cached
Mem:         15945       9692       6253          0        121       7563
-/+ buffers/cache:       2007      13937
Swap:         8039          0       8039

2019年 07月 26日 星期五 23:11:40 CST
             total       used       free     shared    buffers     cached
Mem:         15945       9692       6253          0        121       7563
-/+ buffers/cache:       2007      13937
Swap:         8039          0       8039

2019年 07月 26日 星期五 23:11:44 CST
             total       used       free     shared    buffers     cached
Mem:         15945       9692       6253          0        121       7563
-/+ buffers/cache:       2007      13937
Swap:         8039          0       8039

2019年 07月 26日 星期五 23:11:48 CST
             total       used       free     shared    buffers     cached
Mem:         15945       9692       6253          0        121       7563
-/+ buffers/cache:       2007      13937
Swap:         8039          0       8039

2019年 07月 26日 星期五 23:11:52 CST
             total       used       free     shared    buffers     cached
Mem:         15945       9859       6086          0        121       7730
-/+ buffers/cache:       2007      13938
Swap:         8039          0       8039

2019年 07月 26日 星期五 23:11:56 CST
             total       used       free     shared    buffers     cached
Mem:         15945      10096       5848          0        121       7966
-/+ buffers/cache:       2008      13936
Swap:         8039          0       8039

2019年 07月 26日 星期五 23:12:00 CST
             total       used       free     shared    buffers     cached
Mem:         15945       9885       6060          0        121       7756
-/+ buffers/cache:       2007      13938
Swap:         8039          0       8039

2019年 07月 26日 星期五 23:12:04 CST
             total       used       free     shared    buffers     cached
Mem:         15945      10156       5788          0        121       8026
-/+ buffers/cache:       2009      13936
Swap:         8039          0       8039

2019年 07月 26日 星期五 23:12:08 CST
             total       used       free     shared    buffers     cached
Mem:         15945      10412       5532          0        121       8283
-/+ buffers/cache:       2008      13937
Swap:         8039          0       8039

2019年 07月 26日 星期五 23:12:12 CST
             total       used       free     shared    buffers     cached
Mem:         15945      10633       5312          0        121       8505
-/+ buffers/cache:       2006      13938
Swap:         8039          0       8039

2019年 07月 26日 星期五 23:12:16 CST
             total       used       free     shared    buffers     cached
Mem:         15945      10666       5278          0        121       8538
-/+ buffers/cache:       2007      13938
Swap:         8039          0       8039

2019年 07月 26日 星期五 23:12:20 CST
             total       used       free     shared    buffers     cached
Mem:         15945      10705       5240          0        121       8557
-/+ buffers/cache:       2025      13919
Swap:         8039          0       8039

2019年 07月 26日 星期五 23:12:24 CST
             total       used       free     shared    buffers     cached
Mem:         15945      11376       4569          0        121       8598
-/+ buffers/cache:       2656      13288
Swap:         8039          0       8039

2019年 07月 26日 星期五 23:12:29 CST
             total       used       free     shared    buffers     cached
Mem:         15945      12462       3483          0        121       8637
-/+ buffers/cache:       3703      12241
Swap:         8039          0       8039

2019年 07月 26日 星期五 23:12:33 CST
             total       used       free     shared    buffers     cached
Mem:         15945      13581       2363          0        121       8639
-/+ buffers/cache:       4821      11124
Swap:         8039          0       8039

2019年 07月 26日 星期五 23:12:37 CST
             total       used       free     shared    buffers     cached
Mem:         15945      12926       3018          0        121       8639
-/+ buffers/cache:       4165      11779
Swap:         8039          0       8039

2019年 07月 26日 星期五 23:12:41 CST
             total       used       free     shared    buffers     cached
Mem:         15945      13332       2612          0        121       8984
-/+ buffers/cache:       4226      11718
Swap:         8039          0       8039

2019年 07月 26日 星期五 23:12:45 CST
             total       used       free     shared    buffers     cached
Mem:         15945      13643       2302          0        121       9178
-/+ buffers/cache:       4342      11602
Swap:         8039          0       8039

2019年 07月 26日 星期五 23:12:49 CST
             total       used       free     shared    buffers     cached
Mem:         15945      14305       1639          0        121       9196
-/+ buffers/cache:       4987      10957
Swap:         8039          0       8039

2019年 07月 26日 星期五 23:12:53 CST
             total       used       free     shared    buffers     cached
Mem:         15945      14858       1086          0        121       9179
-/+ buffers/cache:       5557      10387
Swap:         8039          0       8039

2019年 07月 26日 星期五 23:12:57 CST
             total       used       free     shared    buffers     cached
Mem:         15945      14274       1671          0        121       9344
-/+ buffers/cache:       4808      11136
Swap:         8039          0       8039

2019年 07月 26日 星期五 23:13:01 CST
             total       used       free     shared    buffers     cached
Mem:         15945      13445       2499          0        121       9342
-/+ buffers/cache:       3982      11963
Swap:         8039          0       8039

2019年 07月 26日 星期五 23:13:05 CST
             total       used       free     shared    buffers     cached
Mem:         15945      14029       1916          0        121       9325
-/+ buffers/cache:       4582      11363
Swap:         8039          0       8039

2019年 07月 26日 星期五 23:13:09 CST
             total       used       free     shared    buffers     cached
Mem:         15945      14467       1478          0        121       9325
-/+ buffers/cache:       5019      10925
Swap:         8039          0       8039

2019年 07月 26日 星期五 23:13:13 CST
             total       used       free     shared    buffers     cached
Mem:         15945      14999        946          0        121       9327
-/+ buffers/cache:       5550      10394
Swap:         8039          0       8039

2019年 07月 26日 星期五 23:13:17 CST
             total       used       free     shared    buffers     cached
Mem:         15945      14934       1010          0        121       9329
-/+ buffers/cache:       5483      10461
Swap:         8039          0       8039

2019年 07月 26日 星期五 23:13:21 CST
             total       used       free     shared    buffers     cached
Mem:         15945      14806       1139          0        121       9536
-/+ buffers/cache:       5148      10797
Swap:         8039          0       8039

2019年 07月 26日 星期五 23:13:25 CST
             total       used       free     shared    buffers     cached
Mem:         15945      15291        654          0        121       9590
-/+ buffers/cache:       5579      10365
Swap:         8039          0       8039

2019年 07月 26日 星期五 23:13:29 CST
             total       used       free     shared    buffers     cached
Mem:         15945      15655        290          0        121       9624
-/+ buffers/cache:       5909      10036
Swap:         8039          0       8039

2019年 07月 26日 星期五 23:13:33 CST
             total       used       free     shared    buffers     cached
Mem:         15945      15789        156          0        121       9485
-/+ buffers/cache:       6182       9763
Swap:         8039          0       8039

2019年 07月 26日 星期五 23:13:37 CST
             total       used       free     shared    buffers     cached
Mem:         15945      15772        173          0        121       9390
-/+ buffers/cache:       6260       9685
Swap:         8039          0       8039

2019年 07月 26日 星期五 23:13:41 CST
             total       used       free     shared    buffers     cached
Mem:         15945      15767        178          0        120       9100
-/+ buffers/cache:       6546       9399
Swap:         8039          0       8039

2019年 07月 26日 星期五 23:13:45 CST
             total       used       free     shared    buffers     cached
Mem:         15945      15770        175          0        120       9027
-/+ buffers/cache:       6621       9323
Swap:         8039          0       8039

2019年 07月 26日 星期五 23:13:49 CST
             total       used       free     shared    buffers     cached
Mem:         15945      15767        177          0        120       8976
-/+ buffers/cache:       6671       9274
Swap:         8039          0       8039

2019年 07月 26日 星期五 23:13:53 CST
             total       used       free     shared    buffers     cached
Mem:         15945      15655        289          0        120       8809
-/+ buffers/cache:       6725       9219
Swap:         8039          0       8039

2019年 07月 26日 星期五 23:13:57 CST
             total       used       free     shared    buffers     cached
Mem:         15945      15768        177          0        120       8874
-/+ buffers/cache:       6773       9172
Swap:         8039          0       8039

2019年 07月 26日 星期五 23:14:01 CST
             total       used       free     shared    buffers     cached
Mem:         15945      15767        177          0        120       8795
-/+ buffers/cache:       6851       9093
Swap:         8039          0       8039

2019年 07月 26日 星期五 23:14:05 CST
             total       used       free     shared    buffers     cached
Mem:         15945      15782        163          0        120       8652
-/+ buffers/cache:       7009       8935
Swap:         8039          0       8039

2019年 07月 26日 星期五 23:14:09 CST
             total       used       free     shared    buffers     cached
Mem:         15945      15786        159          0        120       8604
-/+ buffers/cache:       7062       8883
Swap:         8039          0       8039

2019年 07月 26日 星期五 23:14:13 CST
             total       used       free     shared    buffers     cached
Mem:         15945      15783        161          0        120       8554
-/+ buffers/cache:       7108       8836
Swap:         8039          0       8039

2019年 07月 26日 星期五 23:14:17 CST
             total       used       free     shared    buffers     cached
Mem:         15945      15224        721          0        120       8472
-/+ buffers/cache:       6631       9313
Swap:         8039          0       8039

2019年 07月 26日 星期五 23:14:21 CST
             total       used       free     shared    buffers     cached
Mem:         15945      14362       1582          0        120       8582
-/+ buffers/cache:       5659      10285
Swap:         8039          0       8039

2019年 07月 26日 星期五 23:14:26 CST
             total       used       free     shared    buffers     cached
Mem:         15945      14450       1494          0        120       8321
-/+ buffers/cache:       6008       9936
Swap:         8039          0       8039

2019年 07月 26日 星期五 23:14:30 CST
             total       used       free     shared    buffers     cached
Mem:         15945      14940       1005          0        120       8429
-/+ buffers/cache:       6390       9555
Swap:         8039          0       8039

2019年 07月 26日 星期五 23:14:34 CST
             total       used       free     shared    buffers     cached
Mem:         15945      15212        733          0        120       8501
-/+ buffers/cache:       6590       9355
Swap:         8039          0       8039

2019年 07月 26日 星期五 23:14:38 CST
             total       used       free     shared    buffers     cached
Mem:         15945      15353        592          0        120       8568
-/+ buffers/cache:       6663       9281
Swap:         8039          0       8039

2019年 07月 26日 星期五 23:14:42 CST
             total       used       free     shared    buffers     cached
Mem:         15945      13575       2370          0        120       8624
-/+ buffers/cache:       4830      11114
Swap:         8039          0       8039

2019年 07月 26日 星期五 23:14:46 CST
             total       used       free     shared    buffers     cached
Mem:         15945      13698       2246          0        120       8273
-/+ buffers/cache:       5304      10640
Swap:         8039          0       8039

2019年 07月 26日 星期五 23:14:50 CST
             total       used       free     shared    buffers     cached
Mem:         15945      13041       2903          0        120       8414
-/+ buffers/cache:       4507      11438
Swap:         8039          0       8039

2019年 07月 26日 星期五 23:14:54 CST
             total       used       free     shared    buffers     cached
Mem:         15945      12689       3256          0        120       8246
-/+ buffers/cache:       4321      11623
Swap:         8039          0       8039

2019年 07月 26日 星期五 23:14:58 CST
             total       used       free     shared    buffers     cached
Mem:         15945      13092       2852          0        120       8228
-/+ buffers/cache:       4743      11201
Swap:         8039          0       8039

2019年 07月 26日 星期五 23:15:02 CST
             total       used       free     shared    buffers     cached
Mem:         15945      13655       2289          0        120       8213
-/+ buffers/cache:       5321      10623
Swap:         8039          0       8039

2019年 07月 26日 星期五 23:15:06 CST
             total       used       free     shared    buffers     cached
Mem:         15945      12197       3747          0        120       8220
-/+ buffers/cache:       3857      12088
Swap:         8039          0       8039

2019年 07月 26日 星期五 23:15:10 CST
             total       used       free     shared    buffers     cached
Mem:         15945      11937       4008          0        120       8411
-/+ buffers/cache:       3405      12540
Swap:         8039          0       8039

2019年 07月 26日 星期五 23:15:14 CST
             total       used       free     shared    buffers     cached
Mem:         15945      12891       3054          0        120       8761
-/+ buffers/cache:       4009      11936
Swap:         8039          0       8039

2019年 07月 26日 星期五 23:15:18 CST
             total       used       free     shared    buffers     cached
Mem:         15945      13748       2197          0        120       9036
-/+ buffers/cache:       4590      11354
Swap:         8039          0       8039

2019年 07月 26日 星期五 23:15:22 CST
             total       used       free     shared    buffers     cached
Mem:         15945      14260       1685          0        120       9266
-/+ buffers/cache:       4873      11071
Swap:         8039          0       8039

2019年 07月 26日 星期五 23:15:26 CST
             total       used       free     shared    buffers     cached
Mem:         15945      15410        535          0        120       9529
-/+ buffers/cache:       5760      10184
Swap:         8039          0       8039

2019年 07月 26日 星期五 23:15:30 CST
             total       used       free     shared    buffers     cached
Mem:         15945      15775        169          0        120       9667
-/+ buffers/cache:       5987       9957
Swap:         8039          0       8039

2019年 07月 26日 星期五 23:15:34 CST
             total       used       free     shared    buffers     cached
Mem:         15945      13542       2403          0        120       9688
-/+ buffers/cache:       3733      12211
Swap:         8039          0       8039

2019年 07月 26日 星期五 23:15:38 CST
             total       used       free     shared    buffers     cached
Mem:         15945      14458       1487          0        120      10272
-/+ buffers/cache:       4065      11879
Swap:         8039          0       8039

2019年 07月 26日 星期五 23:15:42 CST
             total       used       free     shared    buffers     cached
Mem:         15945      15313        632          0        120      10469
-/+ buffers/cache:       4723      11222
Swap:         8039          0       8039

2019年 07月 26日 星期五 23:15:46 CST
             total       used       free     shared    buffers     cached
Mem:         15945      15777        168          0        120      10453
-/+ buffers/cache:       5203      10742
Swap:         8039          0       8039

2019年 07月 26日 星期五 23:15:50 CST
             total       used       free     shared    buffers     cached
Mem:         15945      15780        165          0        120       9851
-/+ buffers/cache:       5808      10137
Swap:         8039          0       8039

2019年 07月 26日 星期五 23:15:54 CST
             total       used       free     shared    buffers     cached
Mem:         15945      14756       1188          0        120       9863
-/+ buffers/cache:       4773      11172
Swap:         8039          0       8039

2019年 07月 26日 星期五 23:15:58 CST
             total       used       free     shared    buffers     cached
Mem:         15945      14111       1833          0        120       9731
-/+ buffers/cache:       4260      11685
Swap:         8039          0       8039

2019年 07月 26日 星期五 23:16:02 CST
             total       used       free     shared    buffers     cached
Mem:         15945      14599       1345          0        120       9598
-/+ buffers/cache:       4881      11064
Swap:         8039          0       8039

2019年 07月 26日 星期五 23:16:06 CST
             total       used       free     shared    buffers     cached
Mem:         15945      15339        606          0        120       9641
-/+ buffers/cache:       5577      10368
Swap:         8039          0       8039

2019年 07月 26日 星期五 23:16:10 CST
             total       used       free     shared    buffers     cached
Mem:         15945      15777        167          0        120       9707
-/+ buffers/cache:       5950       9995
Swap:         8039          0       8039

2019年 07月 26日 星期五 23:16:14 CST
             total       used       free     shared    buffers     cached
Mem:         15945      15024        921          0        120       9786
-/+ buffers/cache:       5117      10827
Swap:         8039          0       8039

2019年 07月 26日 星期五 23:16:19 CST
             total       used       free     shared    buffers     cached
Mem:         15945      15187        757          0        120       9601
-/+ buffers/cache:       5466      10479
Swap:         8039          0       8039

2019年 07月 26日 星期五 23:16:23 CST
             total       used       free     shared    buffers     cached
Mem:         15945      15472        472          0        120       9606
-/+ buffers/cache:       5745      10200
Swap:         8039          0       8039

2019年 07月 26日 星期五 23:16:27 CST
             total       used       free     shared    buffers     cached
Mem:         15945      15790        155          0        120       9624
-/+ buffers/cache:       6045       9899
Swap:         8039          0       8039

2019年 07月 26日 星期五 23:16:31 CST
             total       used       free     shared    buffers     cached
Mem:         15945      14761       1183          0        120       9559
-/+ buffers/cache:       5081      10864
Swap:         8039          0       8039

2019年 07月 26日 星期五 23:16:35 CST
             total       used       free     shared    buffers     cached
Mem:         15945      14296       1649          0        120       9567
-/+ buffers/cache:       4608      11336
Swap:         8039          0       8039

2019年 07月 26日 星期五 23:16:39 CST
             total       used       free     shared    buffers     cached
Mem:         15945      14671       1274          0        120       9198
-/+ buffers/cache:       5352      10593
Swap:         8039          0       8039

2019年 07月 26日 星期五 23:16:43 CST
             total       used       free     shared    buffers     cached
Mem:         15945      15358        587          0        120       9206
-/+ buffers/cache:       6031       9913
Swap:         8039          0       8039

2019年 07月 26日 星期五 23:16:47 CST
             total       used       free     shared    buffers     cached
Mem:         15945      15739        206          0        120       9206
-/+ buffers/cache:       6412       9532
Swap:         8039          0       8039

2019年 07月 26日 星期五 23:16:51 CST
             total       used       free     shared    buffers     cached
Mem:         15945      15766        179          0        120       9065
-/+ buffers/cache:       6580       9365
Swap:         8039          0       8039

2019年 07月 26日 星期五 23:16:55 CST
             total       used       free     shared    buffers     cached
Mem:         15945      15785        160          0        120       8981
-/+ buffers/cache:       6683       9261
Swap:         8039          0       8039

2019年 07月 26日 星期五 23:16:59 CST
             total       used       free     shared    buffers     cached
Mem:         15945      15781        163          0        120       8923
-/+ buffers/cache:       6737       9207
Swap:         8039          0       8039

2019年 07月 26日 星期五 23:17:03 CST
             total       used       free     shared    buffers     cached
Mem:         15945      13762       2183          0        120       8922
-/+ buffers/cache:       4719      11226
Swap:         8039          0       8039

2019年 07月 26日 星期五 23:17:07 CST
             total       used       free     shared    buffers     cached
Mem:         15945      13778       2167          0        120       8825
-/+ buffers/cache:       4832      11112
Swap:         8039          0       8039

2019年 07月 26日 星期五 23:17:11 CST
             total       used       free     shared    buffers     cached
Mem:         15945      14154       1790          0        120       8828
-/+ buffers/cache:       5205      10739
Swap:         8039          0       8039

2019年 07月 26日 星期五 23:17:15 CST
             total       used       free     shared    buffers     cached
Mem:         15945      14650       1295          0        120       8849
-/+ buffers/cache:       5680      10265
Swap:         8039          0       8039

2019年 07月 26日 星期五 23:17:19 CST
             total       used       free     shared    buffers     cached
Mem:         15945      14305       1639          0        120       8849
-/+ buffers/cache:       5336      10609
Swap:         8039          0       8039

2019年 07月 26日 星期五 23:17:23 CST
             total       used       free     shared    buffers     cached
Mem:         15945      14627       1317          0        120       8849
-/+ buffers/cache:       5657      10287
Swap:         8039          0       8039

2019年 07月 26日 星期五 23:17:27 CST
             total       used       free     shared    buffers     cached
Mem:         15945      13708       2237          0        120       8974
-/+ buffers/cache:       4613      11332
Swap:         8039          0       8039

2019年 07月 26日 星期五 23:17:31 CST
             total       used       free     shared    buffers     cached
Mem:         15945      13233       2712          0        120       9557
-/+ buffers/cache:       3555      12390
Swap:         8039          0       8039

2019年 07月 26日 星期五 23:17:35 CST
             total       used       free     shared    buffers     cached
Mem:         15945      14051       1893          0        120       9511
-/+ buffers/cache:       4419      11526
Swap:         8039          0       8039

2019年 07月 26日 星期五 23:17:39 CST
             total       used       free     shared    buffers     cached
Mem:         15945      14653       1291          0        120       9520
-/+ buffers/cache:       5013      10932
Swap:         8039          0       8039

2019年 07月 26日 星期五 23:17:43 CST
             total       used       free     shared    buffers     cached
Mem:         15945      15262        682          0        120       9570
-/+ buffers/cache:       5571      10374
Swap:         8039          0       8039

2019年 07月 26日 星期五 23:17:47 CST
             total       used       free     shared    buffers     cached
Mem:         15945      15719        225          0        120       9586
-/+ buffers/cache:       6012       9932
Swap:         8039          0       8039

2019年 07月 26日 星期五 23:17:51 CST
             total       used       free     shared    buffers     cached
Mem:         15945      15654        291          0        120       9439
-/+ buffers/cache:       6094       9851
Swap:         8039          0       8039

2019年 07月 26日 星期五 23:17:55 CST
             total       used       free     shared    buffers     cached
Mem:         15945      15788        156          0        120       9491
-/+ buffers/cache:       6177       9768
Swap:         8039          0       8039

2019年 07月 26日 星期五 23:18:00 CST
             total       used       free     shared    buffers     cached
Mem:         15945      15765        179          0        120       9342
-/+ buffers/cache:       6302       9643
Swap:         8039          0       8039

2019年 07月 26日 星期五 23:18:04 CST
             total       used       free     shared    buffers     cached
Mem:         15945      15783        161          0        120       9302
-/+ buffers/cache:       6361       9584
Swap:         8039          0       8039

2019年 07月 26日 星期五 23:18:08 CST
             total       used       free     shared    buffers     cached
Mem:         15945      15769        175          0        120       9227
-/+ buffers/cache:       6422       9523
Swap:         8039          0       8039

2019年 07月 26日 星期五 23:18:12 CST
             total       used       free     shared    buffers     cached
Mem:         15945      15795        150          0        120       9111
-/+ buffers/cache:       6564       9381
Swap:         8039          0       8039

2019年 07月 26日 星期五 23:18:16 CST
             total       used       free     shared    buffers     cached
Mem:         15945      15773        172          0        120       8869
-/+ buffers/cache:       6783       9162
Swap:         8039          0       8039

2019年 07月 26日 星期五 23:18:20 CST
             total       used       free     shared    buffers     cached
Mem:         15945      15465        480          0        120       8978
-/+ buffers/cache:       6366       9578
Swap:         8039          0       8039

2019年 07月 26日 星期五 23:18:24 CST
             total       used       free     shared    buffers     cached
Mem:         15945      13090       2854          0        120       9016
-/+ buffers/cache:       3954      11991
Swap:         8039          0       8039

2019年 07月 26日 星期五 23:18:28 CST
             total       used       free     shared    buffers     cached
Mem:         15945      13579       2365          0        120       9111
-/+ buffers/cache:       4348      11597
Swap:         8039          0       8039

2019年 07月 26日 星期五 23:18:32 CST
             total       used       free     shared    buffers     cached
Mem:         15945      11890       4054          0        120       8487
-/+ buffers/cache:       3283      12661
Swap:         8039          0       8039

2019年 07月 26日 星期五 23:18:36 CST
             total       used       free     shared    buffers     cached
Mem:         15945      11612       4332          0        120       8178
-/+ buffers/cache:       3314      12631
Swap:         8039          0       8039

2019年 07月 26日 星期五 23:18:40 CST
             total       used       free     shared    buffers     cached
Mem:         15945      11318       4627          0        120       8179
-/+ buffers/cache:       3018      12926
Swap:         8039          0       8039

2019年 07月 26日 星期五 23:18:44 CST
             total       used       free     shared    buffers     cached
Mem:         15945      10317       5628          0        120       8177
-/+ buffers/cache:       2019      13925
Swap:         8039          0       8039

2019年 07月 26日 星期五 23:18:48 CST
             total       used       free     shared    buffers     cached
Mem:         15945       9940       6005          0        120       7806
-/+ buffers/cache:       2012      13932
Swap:         8039          0       8039

2019年 07月 26日 星期五 23:18:52 CST
             total       used       free     shared    buffers     cached
Mem:         15945       9940       6005          0        120       7806
-/+ buffers/cache:       2012      13932
Swap:         8039          0       8039

2019年 07月 26日 星期五 23:18:56 CST
             total       used       free     shared    buffers     cached
Mem:         15945       9940       6005          0        120       7806
-/+ buffers/cache:       2012      13932
Swap:         8039          0       8039

2019年 07月 26日 星期五 23:19:00 CST
             total       used       free     shared    buffers     cached
Mem:         15945       9939       6006          0        120       7806
-/+ buffers/cache:       2011      13933
Swap:         8039          0       8039

