
2019年 07月 26日 星期五 23:11:32 CST
             total       used       free     shared    buffers     cached
Mem:         15945      10543       5401          0        100       8413
-/+ buffers/cache:       2030      13915
Swap:         8039          0       8039

2019年 07月 26日 星期五 23:11:36 CST
             total       used       free     shared    buffers     cached
Mem:         15945      10543       5401          0        100       8412
-/+ buffers/cache:       2030      13915
Swap:         8039          0       8039

2019年 07月 26日 星期五 23:11:40 CST
             total       used       free     shared    buffers     cached
Mem:         15945      10543       5401          0        100       8412
-/+ buffers/cache:       2030      13915
Swap:         8039          0       8039

2019年 07月 26日 星期五 23:11:44 CST
             total       used       free     shared    buffers     cached
Mem:         15945      10543       5402          0        100       8412
-/+ buffers/cache:       2029      13915
Swap:         8039          0       8039

2019年 07月 26日 星期五 23:11:48 CST
             total       used       free     shared    buffers     cached
Mem:         15945      10542       5402          0        100       8412
-/+ buffers/cache:       2029      13915
Swap:         8039          0       8039

2019年 07月 26日 星期五 23:11:52 CST
             total       used       free     shared    buffers     cached
Mem:         15945      10651       5293          0        100       8520
-/+ buffers/cache:       2030      13914
Swap:         8039          0       8039

2019年 07月 26日 星期五 23:11:56 CST
             total       used       free     shared    buffers     cached
Mem:         15945      10964       4980          0        100       8805
-/+ buffers/cache:       2059      13886
Swap:         8039          0       8039

2019年 07月 26日 星期五 23:12:00 CST
             total       used       free     shared    buffers     cached
Mem:         15945      11729       4216          0        100       9129
-/+ buffers/cache:       2499      13446
Swap:         8039          0       8039

2019年 07月 26日 星期五 23:12:04 CST
             total       used       free     shared    buffers     cached
Mem:         15945      11704       4240          0        100       8775
-/+ buffers/cache:       2829      13116
Swap:         8039          0       8039

2019年 07月 26日 星期五 23:12:08 CST
             total       used       free     shared    buffers     cached
Mem:         15945      12358       3587          0        100       9044
-/+ buffers/cache:       3213      12732
Swap:         8039          0       8039

2019年 07月 26日 星期五 23:12:12 CST
             total       used       free     shared    buffers     cached
Mem:         15945      12959       2986          0        100       9286
-/+ buffers/cache:       3572      12373
Swap:         8039          0       8039

2019年 07月 26日 星期五 23:12:16 CST
             total       used       free     shared    buffers     cached
Mem:         15945      13427       2517          0        100       9346
-/+ buffers/cache:       3980      11964
Swap:         8039          0       8039

2019年 07月 26日 星期五 23:12:21 CST
             total       used       free     shared    buffers     cached
Mem:         15945      13839       2106          0        100       9346
-/+ buffers/cache:       4391      11553
Swap:         8039          0       8039

2019年 07月 26日 星期五 23:12:25 CST
             total       used       free     shared    buffers     cached
Mem:         15945      14209       1736          0        100       9347
-/+ buffers/cache:       4761      11183
Swap:         8039          0       8039

2019年 07月 26日 星期五 23:12:29 CST
             total       used       free     shared    buffers     cached
Mem:         15945      14515       1429          0        100       9347
-/+ buffers/cache:       5067      10877
Swap:         8039          0       8039

2019年 07月 26日 星期五 23:12:33 CST
             total       used       free     shared    buffers     cached
Mem:         15945      14771       1173          0        100       9348
-/+ buffers/cache:       5322      10622
Swap:         8039          0       8039

2019年 07月 26日 星期五 23:12:37 CST
             total       used       free     shared    buffers     cached
Mem:         15945      15091        854          0        100       9350
-/+ buffers/cache:       5640      10305
Swap:         8039          0       8039

2019年 07月 26日 星期五 23:12:41 CST
             total       used       free     shared    buffers     cached
Mem:         15945      14207       1737          0        100       9349
-/+ buffers/cache:       4757      11188
Swap:         8039          0       8039

2019年 07月 26日 星期五 23:12:45 CST
             total       used       free     shared    buffers     cached
Mem:         15945      14314       1630          0        100       9310
-/+ buffers/cache:       4903      11041
Swap:         8039          0       8039

2019年 07月 26日 星期五 23:12:49 CST
             total       used       free     shared    buffers     cached
Mem:         15945      14969        976          0        100       9294
-/+ buffers/cache:       5573      10371
Swap:         8039          0       8039

2019年 07月 26日 星期五 23:12:53 CST
             total       used       free     shared    buffers     cached
Mem:         15945      15489        456          0        100       9296
-/+ buffers/cache:       6091       9853
Swap:         8039          0       8039

2019年 07月 26日 星期五 23:12:57 CST
             total       used       free     shared    buffers     cached
Mem:         15945      15132        812          0        100       9354
-/+ buffers/cache:       5678      10267
Swap:         8039          0       8039

2019年 07月 26日 星期五 23:13:01 CST
             total       used       free     shared    buffers     cached
Mem:         15945      15652        292          0        100       9629
-/+ buffers/cache:       5923      10022
Swap:         8039          0       8039

2019年 07月 26日 星期五 23:13:05 CST
             total       used       free     shared    buffers     cached
Mem:         15945      15314        630          0        100       9724
-/+ buffers/cache:       5489      10456
Swap:         8039          0       8039

2019年 07月 26日 星期五 23:13:09 CST
             total       used       free     shared    buffers     cached
Mem:         15945      15776        169          0        100       9680
-/+ buffers/cache:       5994       9950
Swap:         8039          0       8039

2019年 07月 26日 星期五 23:13:13 CST
             total       used       free     shared    buffers     cached
Mem:         15945      15780        165          0         99       9430
-/+ buffers/cache:       6249       9695
Swap:         8039          0       8039

2019年 07月 26日 星期五 23:13:17 CST
             total       used       free     shared    buffers     cached
Mem:         15945      14427       1517          0         99       9196
-/+ buffers/cache:       5131      10813
Swap:         8039          0       8039

2019年 07月 26日 星期五 23:13:21 CST
             total       used       free     shared    buffers     cached
Mem:         15945      12945       2999          0         99       9419
-/+ buffers/cache:       3426      12519
Swap:         8039          0       8039

2019年 07月 26日 星期五 23:13:25 CST
             total       used       free     shared    buffers     cached
Mem:         15945      13740       2205          0         99       9585
-/+ buffers/cache:       4055      11890
Swap:         8039          0       8039

2019年 07月 26日 星期五 23:13:29 CST
             total       used       free     shared    buffers     cached
Mem:         15945      14554       1390          0         99       9594
-/+ buffers/cache:       4860      11085
Swap:         8039          0       8039

2019年 07月 26日 星期五 23:13:33 CST
             total       used       free     shared    buffers     cached
Mem:         15945      15154        791          0         99       9663
-/+ buffers/cache:       5391      10554
Swap:         8039          0       8039

2019年 07月 26日 星期五 23:13:37 CST
             total       used       free     shared    buffers     cached
Mem:         15945      15779        165          0         99       9707
-/+ buffers/cache:       5972       9972
Swap:         8039          0       8039

2019年 07月 26日 星期五 23:13:41 CST
             total       used       free     shared    buffers     cached
Mem:         15945      15780        165          0         99       9239
-/+ buffers/cache:       6441       9503
Swap:         8039          0       8039

2019年 07月 26日 星期五 23:13:45 CST
             total       used       free     shared    buffers     cached
Mem:         15945      15794        151          0         99       9163
-/+ buffers/cache:       6531       9414
Swap:         8039          0       8039

2019年 07月 26日 星期五 23:13:49 CST
             total       used       free     shared    buffers     cached
Mem:         15945      14310       1635          0         99       9157
-/+ buffers/cache:       5052      10892
Swap:         8039          0       8039

2019年 07月 26日 星期五 23:13:53 CST
             total       used       free     shared    buffers     cached
Mem:         15945      14972        973          0         99       9578
-/+ buffers/cache:       5294      10651
Swap:         8039          0       8039

2019年 07月 26日 星期五 23:13:58 CST
             total       used       free     shared    buffers     cached
Mem:         15945      15427        518          0         99       9820
-/+ buffers/cache:       5506      10438
Swap:         8039          0       8039

2019年 07月 26日 星期五 23:14:02 CST
             total       used       free     shared    buffers     cached
Mem:         15945      15771        174          0         99       9823
-/+ buffers/cache:       5848      10097
Swap:         8039          0       8039

2019年 07月 26日 星期五 23:14:06 CST
             total       used       free     shared    buffers     cached
Mem:         15945      15780        165          0         99       9305
-/+ buffers/cache:       6375       9570
Swap:         8039          0       8039

2019年 07月 26日 星期五 23:14:10 CST
             total       used       free     shared    buffers     cached
Mem:         15945      15780        165          0         99       8968
-/+ buffers/cache:       6712       9233
Swap:         8039          0       8039

2019年 07月 26日 星期五 23:14:14 CST
             total       used       free     shared    buffers     cached
Mem:         15945      14856       1089          0         99       8964
-/+ buffers/cache:       5792      10153
Swap:         8039          0       8039

2019年 07月 26日 星期五 23:14:18 CST
             total       used       free     shared    buffers     cached
Mem:         15945      14546       1399          0         99       8891
-/+ buffers/cache:       5555      10389
Swap:         8039          0       8039

2019年 07月 26日 星期五 23:14:22 CST
             total       used       free     shared    buffers     cached
Mem:         15945      14112       1832          0         99       8762
-/+ buffers/cache:       5251      10694
Swap:         8039          0       8039

2019年 07月 26日 星期五 23:14:26 CST
             total       used       free     shared    buffers     cached
Mem:         15945      14358       1587          0         99       8632
-/+ buffers/cache:       5625      10319
Swap:         8039          0       8039

2019年 07月 26日 星期五 23:14:30 CST
             total       used       free     shared    buffers     cached
Mem:         15945      14882       1063          0         99       8641
-/+ buffers/cache:       6140       9804
Swap:         8039          0       8039

2019年 07月 26日 星期五 23:14:34 CST
             total       used       free     shared    buffers     cached
Mem:         15945      15162        783          0         99       8651
-/+ buffers/cache:       6410       9534
Swap:         8039          0       8039

2019年 07月 26日 星期五 23:14:38 CST
             total       used       free     shared    buffers     cached
Mem:         15945      15523        422          0         99       8698
-/+ buffers/cache:       6724       9220
Swap:         8039          0       8039

2019年 07月 26日 星期五 23:14:42 CST
             total       used       free     shared    buffers     cached
Mem:         15945      13557       2388          0         99       8734
-/+ buffers/cache:       4722      11223
Swap:         8039          0       8039

2019年 07月 26日 星期五 23:14:46 CST
             total       used       free     shared    buffers     cached
Mem:         15945      13924       2020          0         99       8770
-/+ buffers/cache:       5054      10890
Swap:         8039          0       8039

2019年 07月 26日 星期五 23:14:50 CST
             total       used       free     shared    buffers     cached
Mem:         15945      13990       1954          0         99       8227
-/+ buffers/cache:       5663      10282
Swap:         8039          0       8039

2019年 07月 26日 星期五 23:14:54 CST
             total       used       free     shared    buffers     cached
Mem:         15945      13068       2877          0         99       8227
-/+ buffers/cache:       4740      11204
Swap:         8039          0       8039

2019年 07月 26日 星期五 23:14:58 CST
             total       used       free     shared    buffers     cached
Mem:         15945      12801       3144          0         99       8540
-/+ buffers/cache:       4160      11784
Swap:         8039          0       8039

2019年 07月 26日 星期五 23:15:02 CST
             total       used       free     shared    buffers     cached
Mem:         15945      13314       2630          0         99       8559
-/+ buffers/cache:       4655      11290
Swap:         8039          0       8039

2019年 07月 26日 星期五 23:15:06 CST
             total       used       free     shared    buffers     cached
Mem:         15945      13859       2086          0         99       8559
-/+ buffers/cache:       5199      10746
Swap:         8039          0       8039

2019年 07月 26日 星期五 23:15:10 CST
             total       used       free     shared    buffers     cached
Mem:         15945      14360       1584          0         99       8521
-/+ buffers/cache:       5739      10206
Swap:         8039          0       8039

2019年 07月 26日 星期五 23:15:14 CST
             total       used       free     shared    buffers     cached
Mem:         15945      14811       1134          0         99       8607
-/+ buffers/cache:       6104       9841
Swap:         8039          0       8039

2019年 07月 26日 星期五 23:15:18 CST
             total       used       free     shared    buffers     cached
Mem:         15945      13813       2132          0         99       8941
-/+ buffers/cache:       4771      11173
Swap:         8039          0       8039

2019年 07月 26日 星期五 23:15:22 CST
             total       used       free     shared    buffers     cached
Mem:         15945      14334       1610          0         99       9226
-/+ buffers/cache:       5009      10936
Swap:         8039          0       8039

2019年 07月 26日 星期五 23:15:26 CST
             total       used       free     shared    buffers     cached
Mem:         15945      14521       1424          0         99       9483
-/+ buffers/cache:       4937      11007
Swap:         8039          0       8039

2019年 07月 26日 星期五 23:15:30 CST
             total       used       free     shared    buffers     cached
Mem:         15945      14722       1223          0         99       9925
-/+ buffers/cache:       4697      11247
Swap:         8039          0       8039

2019年 07月 26日 星期五 23:15:34 CST
             total       used       free     shared    buffers     cached
Mem:         15945      15215        730          0         99      10158
-/+ buffers/cache:       4957      10988
Swap:         8039          0       8039

2019年 07月 26日 星期五 23:15:39 CST
             total       used       free     shared    buffers     cached
Mem:         15945      15783        162          0         99       9995
-/+ buffers/cache:       5688      10257
Swap:         8039          0       8039

2019年 07月 26日 星期五 23:15:43 CST
             total       used       free     shared    buffers     cached
Mem:         15945      15769        176          0         99       9574
-/+ buffers/cache:       6095       9850
Swap:         8039          0       8039

2019年 07月 26日 星期五 23:15:47 CST
             total       used       free     shared    buffers     cached
Mem:         15945      15776        168          0         99       9431
-/+ buffers/cache:       6245       9700
Swap:         8039          0       8039

2019年 07月 26日 星期五 23:15:51 CST
             total       used       free     shared    buffers     cached
Mem:         15945      15773        171          0         99       9035
-/+ buffers/cache:       6638       9307
Swap:         8039          0       8039

2019年 07月 26日 星期五 23:15:55 CST
             total       used       free     shared    buffers     cached
Mem:         15945      14513       1431          0         99       9265
-/+ buffers/cache:       5148      10797
Swap:         8039          0       8039

2019年 07月 26日 星期五 23:15:59 CST
             total       used       free     shared    buffers     cached
Mem:         15945      14785       1160          0         99       8973
-/+ buffers/cache:       5712      10233
Swap:         8039          0       8039

2019年 07月 26日 星期五 23:16:03 CST
             total       used       free     shared    buffers     cached
Mem:         15945      15438        506          0         99       9056
-/+ buffers/cache:       6282       9663
Swap:         8039          0       8039

2019年 07月 26日 星期五 23:16:07 CST
             total       used       free     shared    buffers     cached
Mem:         15945      15768        176          0         99       9115
-/+ buffers/cache:       6553       9391
Swap:         8039          0       8039

2019年 07月 26日 星期五 23:16:11 CST
             total       used       free     shared    buffers     cached
Mem:         15945      15777        167          0         99       8904
-/+ buffers/cache:       6774       9171
Swap:         8039          0       8039

2019年 07月 26日 星期五 23:16:15 CST
             total       used       free     shared    buffers     cached
Mem:         15945      14509       1435          0         99       8679
-/+ buffers/cache:       5730      10215
Swap:         8039          0       8039

2019年 07月 26日 星期五 23:16:19 CST
             total       used       free     shared    buffers     cached
Mem:         15945      15111        833          0         99       8758
-/+ buffers/cache:       6254       9691
Swap:         8039          0       8039

2019年 07月 26日 星期五 23:16:23 CST
             total       used       free     shared    buffers     cached
Mem:         15945      15671        273          0         99       8821
-/+ buffers/cache:       6750       9194
Swap:         8039          0       8039

2019年 07月 26日 星期五 23:16:27 CST
             total       used       free     shared    buffers     cached
Mem:         15945      15769        176          0         99       8696
-/+ buffers/cache:       6972       8972
Swap:         8039          0       8039

2019年 07月 26日 星期五 23:16:31 CST
             total       used       free     shared    buffers     cached
Mem:         15945      15700        245          0         99       8490
-/+ buffers/cache:       7110       8834
Swap:         8039          0       8039

2019年 07月 26日 星期五 23:16:35 CST
             total       used       free     shared    buffers     cached
Mem:         15945      14118       1827          0         99       8267
-/+ buffers/cache:       5751      10194
Swap:         8039          0       8039

2019年 07月 26日 星期五 23:16:39 CST
             total       used       free     shared    buffers     cached
Mem:         15945      14650       1294          0         99       8313
-/+ buffers/cache:       6237       9708
Swap:         8039          0       8039

2019年 07月 26日 星期五 23:16:43 CST
             total       used       free     shared    buffers     cached
Mem:         15945      15346        598          0         99       8389
-/+ buffers/cache:       6857       9087
Swap:         8039          0       8039

2019年 07月 26日 星期五 23:16:47 CST
             total       used       free     shared    buffers     cached
Mem:         15945      15763        181          0         99       8441
-/+ buffers/cache:       7222       8723
Swap:         8039          0       8039

2019年 07月 26日 星期五 23:16:51 CST
             total       used       free     shared    buffers     cached
Mem:         15945      15794        151          0         99       8279
-/+ buffers/cache:       7414       8530
Swap:         8039          0       8039

2019年 07月 26日 星期五 23:16:55 CST
             total       used       free     shared    buffers     cached
Mem:         15945      15770        174          0         99       8239
-/+ buffers/cache:       7432       8513
Swap:         8039          0       8039

2019年 07月 26日 星期五 23:16:59 CST
             total       used       free     shared    buffers     cached
Mem:         15945      15776        169          0         99       8155
-/+ buffers/cache:       7521       8424
Swap:         8039          0       8039

2019年 07月 26日 星期五 23:17:03 CST
             total       used       free     shared    buffers     cached
Mem:         15945      11834       4111          0         99       8335
-/+ buffers/cache:       3399      12546
Swap:         8039          0       8039

2019年 07月 26日 星期五 23:17:07 CST
             total       used       free     shared    buffers     cached
Mem:         15945      11360       4585          0         99       8521
-/+ buffers/cache:       2739      13206
Swap:         8039          0       8039

2019年 07月 26日 星期五 23:17:11 CST
             total       used       free     shared    buffers     cached
Mem:         15945      11637       4307          0         99       8172
-/+ buffers/cache:       3365      12579
Swap:         8039          0       8039

2019年 07月 26日 星期五 23:17:15 CST
             total       used       free     shared    buffers     cached
Mem:         15945      12378       3567          0         99       8173
-/+ buffers/cache:       4105      11839
Swap:         8039          0       8039

2019年 07月 26日 星期五 23:17:19 CST
             total       used       free     shared    buffers     cached
Mem:         15945      11616       4328          0         99       8172
-/+ buffers/cache:       3344      12601
Swap:         8039          0       8039

2019年 07月 26日 星期五 23:17:23 CST
             total       used       free     shared    buffers     cached
Mem:         15945      12638       3307          0         99       8289
-/+ buffers/cache:       4249      11696
Swap:         8039          0       8039

2019年 07月 26日 星期五 23:17:27 CST
             total       used       free     shared    buffers     cached
Mem:         15945      12070       3874          0         99       8339
-/+ buffers/cache:       3631      12314
Swap:         8039          0       8039

2019年 07月 26日 星期五 23:17:31 CST
             total       used       free     shared    buffers     cached
Mem:         15945      12780       3165          0         99       8507
-/+ buffers/cache:       4173      11772
Swap:         8039          0       8039

2019年 07月 26日 星期五 23:17:35 CST
             total       used       free     shared    buffers     cached
Mem:         15945      13088       2857          0         99       8469
-/+ buffers/cache:       4519      11425
Swap:         8039          0       8039

2019年 07月 26日 星期五 23:17:40 CST
             total       used       free     shared    buffers     cached
Mem:         15945      13978       1967          0         99       8471
-/+ buffers/cache:       5407      10538
Swap:         8039          0       8039

2019年 07月 26日 星期五 23:17:44 CST
             total       used       free     shared    buffers     cached
Mem:         15945      14521       1424          0         99       8477
-/+ buffers/cache:       5943      10001
Swap:         8039          0       8039

2019年 07月 26日 星期五 23:17:48 CST
             total       used       free     shared    buffers     cached
Mem:         15945      13711       2233          0         99       8606
-/+ buffers/cache:       5006      10939
Swap:         8039          0       8039

2019年 07月 26日 星期五 23:17:52 CST
             total       used       free     shared    buffers     cached
Mem:         15945      14571       1374          0         99       9103
-/+ buffers/cache:       5368      10576
Swap:         8039          0       8039

2019年 07月 26日 星期五 23:17:56 CST
             total       used       free     shared    buffers     cached
Mem:         15945      14985        959          0         99       9032
-/+ buffers/cache:       5853      10091
Swap:         8039          0       8039

2019年 07月 26日 星期五 23:18:00 CST
             total       used       free     shared    buffers     cached
Mem:         15945      15498        446          0         99       9118
-/+ buffers/cache:       6280       9665
Swap:         8039          0       8039

2019年 07月 26日 星期五 23:18:04 CST
             total       used       free     shared    buffers     cached
Mem:         15945      15758        187          0         99       9241
-/+ buffers/cache:       6417       9528
Swap:         8039          0       8039

2019年 07月 26日 星期五 23:18:08 CST
             total       used       free     shared    buffers     cached
Mem:         15945      15770        175          0         99       9166
-/+ buffers/cache:       6504       9441
Swap:         8039          0       8039

2019年 07月 26日 星期五 23:18:12 CST
             total       used       free     shared    buffers     cached
Mem:         15945      15776        169          0         99       9107
-/+ buffers/cache:       6569       9376
Swap:         8039          0       8039

2019年 07月 26日 星期五 23:18:16 CST
             total       used       free     shared    buffers     cached
Mem:         15945      15775        169          0         99       8785
-/+ buffers/cache:       6890       9054
Swap:         8039          0       8039

2019年 07月 26日 星期五 23:18:20 CST
             total       used       free     shared    buffers     cached
Mem:         15945      15266        678          0         99       8580
-/+ buffers/cache:       6587       9358
Swap:         8039          0       8039

2019年 07月 26日 星期五 23:18:24 CST
             total       used       free     shared    buffers     cached
Mem:         15945      12061       3884          0         99       8780
-/+ buffers/cache:       3181      12763
Swap:         8039          0       8039

2019年 07月 26日 星期五 23:18:28 CST
             total       used       free     shared    buffers     cached
Mem:         15945      11754       4190          0         99       8093
-/+ buffers/cache:       3561      12383
Swap:         8039          0       8039

2019年 07月 26日 星期五 23:18:32 CST
             total       used       free     shared    buffers     cached
Mem:         15945      11235       4710          0         99       8090
-/+ buffers/cache:       3045      12899
Swap:         8039          0       8039

2019年 07月 26日 星期五 23:18:36 CST
             total       used       free     shared    buffers     cached
Mem:         15945      10673       5271          0         99       8089
-/+ buffers/cache:       2485      13460
Swap:         8039          0       8039

2019年 07月 26日 星期五 23:18:40 CST
             total       used       free     shared    buffers     cached
Mem:         15945       9846       6098          0         99       7719
-/+ buffers/cache:       2027      13917
Swap:         8039          0       8039

2019年 07月 26日 星期五 23:18:44 CST
             total       used       free     shared    buffers     cached
Mem:         15945       9658       6286          0         99       7535
-/+ buffers/cache:       2024      13921
Swap:         8039          0       8039

2019年 07月 26日 星期五 23:18:48 CST
             total       used       free     shared    buffers     cached
Mem:         15945       9657       6288          0         99       7535
-/+ buffers/cache:       2021      13923
Swap:         8039          0       8039

2019年 07月 26日 星期五 23:18:52 CST
             total       used       free     shared    buffers     cached
Mem:         15945       9468       6476          0         99       7351
-/+ buffers/cache:       2017      13927
Swap:         8039          0       8039

2019年 07月 26日 星期五 23:18:56 CST
             total       used       free     shared    buffers     cached
Mem:         15945       9468       6477          0         99       7351
-/+ buffers/cache:       2017      13928
Swap:         8039          0       8039

2019年 07月 26日 星期五 23:19:00 CST
             total       used       free     shared    buffers     cached
Mem:         15945       9467       6477          0         99       7351
-/+ buffers/cache:       2016      13929
Swap:         8039          0       8039

